
2024-05-22 14:17:36,366 - INFO - 	1	2780000000021.0	0	0.00023818016052246094	3.0446250438690186	303	553	2.7204089164733887	3

2024-05-22 14:17:39,159 - INFO - 	2	2780000000021.0	0	0.00046825408935546875	5.837041139602661	306	553	5.17078971862793	6

2024-05-22 14:17:41,904 - INFO - 	3	2780000000021.0	0	0.0008833408355712891	8.58125114440918	309	553	7.594244956970215	9

2024-05-22 14:32:02,984 - INFO - 	4	2780000000015.0	0	0.0013523101806640625	869.6617019176483	312	553	10.09481954574585	12

2024-05-22 14:32:05,777 - INFO - 	5	2780000000015.0	0	0.0017802715301513672	872.4535458087921	315	553	12.567352533340454	15

2024-05-22 14:32:07,889 - INFO - 	6	2780000000015.0	0	0.002204418182373047	874.5655999183655	318	553	14.36121654510498	18

2024-05-22 14:32:10,691 - INFO - 	7	2780000000015.0	0	0.0026144981384277344	877.3671388626099	321	553	16.844961643218994	21

2024-05-22 14:32:13,408 - INFO - 	8	2670000000028.0	0	0.0028352737426757812	880.0835528373718	324	553	19.243261575698853	24

2024-05-22 14:32:16,105 - INFO - 	9	2670000000028.0	0	0.0032472610473632812	882.7809298038483	327	553	21.621578454971313	27

2024-05-22 14:32:18,790 - INFO - 	10	2670000000028.0	0	0.0034770965576171875	885.4654438495636	330	553	23.987594842910767	30

2024-05-22 14:32:21,535 - INFO - 	11	2670000000028.0	0	0.003709077835083008	888.2111797332764	333	553	26.41479802131653	33

2024-05-22 14:32:24,403 - INFO - 	12	2670000000028.0	0	0.004171848297119141	891.0790197849274	336	553	28.963216066360474	36

2024-05-22 14:47:27,414 - INFO - 	13	2670000000028.0	0	0.004696846008300781	1794.0891528129578	339	553	931.6545169353485	39

2024-05-22 14:47:30,220 - INFO - 	14	2670000000028.0	0	0.00519561767578125	1796.8951308727264	342	553	934.1396389007568	42

2024-05-22 14:47:33,018 - INFO - 	15	2650000000035.3345	0	0.005719661712646484	1799.693263053894	345	553	936.618635892868	45

2024-05-22 14:47:35,811 - INFO - 	16	2613333333371.6675	0	0.00620269775390625	1802.485957145691	348	553	939.0916759967804	48

2024-05-22 14:47:38,556 - INFO - 	17	2580000000054.0	0	0.006789684295654297	1805.2311520576477	351	553	941.5182650089264	51

2024-05-22 14:47:41,318 - INFO - 	18	2519000000051.6	0	0.0073435306549072266	1807.99254488945	354	553	943.9615123271942	54

2024-05-22 14:47:43,934 - INFO - 	19	2490000000053.0	0	0.00790262222290039	1810.608482837677	357	553	946.2586476802826	57

2024-05-22 14:47:45,983 - INFO - 	20	2490000000053.0	0	0.008452415466308594	1812.6576347351074	360	553	947.9897592067719	60

2024-05-22 14:47:48,669 - INFO - 	21	2490000000047.5	0	0.00907135009765625	1815.3440458774567	363	553	950.3560283184052	63

2024-05-22 15:02:51,586 - INFO - 	22	2475454545504.1816	0	0.0096893310546875	2718.260924100876	366	553	1852.9531280994415	66

2024-05-22 15:02:54,345 - INFO - 	23	2469285714337.4287	0	0.010277271270751953	2721.0190682411194	369	553	1855.387195110321	69

2024-05-22 15:02:57,086 - INFO - 	24	2410000000058.6216	0	0.010989189147949219	2723.7608222961426	372	553	1857.8094820976257	72

2024-05-22 15:02:59,785 - INFO - 	25	2410000000055.715	0	0.011761188507080078	2726.4590141773224	375	553	1860.1868023872375	75

2024-05-22 15:03:02,737 - INFO - 	26	2410000000055.715	0	0.012302398681640625	2729.4110991954803	378	553	1862.8186264038086	78

2024-05-22 15:03:05,773 - INFO - 	27	2375000000063.168	0	0.013245582580566406	2732.447236061096	381	553	1865.5340912342072	81

2024-05-22 15:03:08,411 - INFO - 	28	2356250000067.1875	0	0.014285802841186523	2735.0845081806183	384	553	1867.8490312099457	84

2024-05-22 15:03:11,064 - INFO - 	29	2301914893685.8784	0	0.015388011932373047	2737.73748922348	387	553	1870.1847681999207	87

2024-05-22 15:03:13,807 - INFO - 	30	2280000000073.668	0	0.016445159912109375	2740.480535030365	390	553	1872.6082849502563	90

2024-05-22 15:03:16,456 - INFO - 	31	2270000000076.5	0	0.017431259155273438	2743.129228115082	393	553	1874.9373948574066	93

2024-05-22 15:18:19,414 - INFO - 	32	2250000000077.572	0	0.018378496170043945	3646.0867352485657	396	553	1877.3032262325287	96

2024-05-22 15:18:21,382 - INFO - 	33	2230000000078.8174	0	0.019408702850341797	3648.0543541908264	399	553	1878.950957775116	99

2024-05-22 15:18:24,115 - INFO - 	34	2219000000081.6	0	0.02035975456237793	3650.786409139633	402	553	1881.3634717464447	102

2024-05-22 15:18:26,976 - INFO - 	35	2194782608779.1313	0	0.021429777145385742	3653.647502183914	405	553	1883.9060547351837	105

2024-05-22 15:18:29,769 - INFO - 	36	2179081632737.8562	0	0.02237081527709961	3656.4401111602783	408	553	1886.3789286613464	108

2024-05-22 15:18:32,388 - INFO - 	37	2160526315880.5266	0	0.02333664894104004	3659.0594141483307	411	553	1888.6806757450104	111

2024-05-22 15:18:34,947 - INFO - 	38	2150934579529.3093	0	0.02438044548034668	3661.618456840515	414	553	1890.9222195148468	114

2024-05-22 15:18:37,594 - INFO - 	39	2119195402396.252	0	0.025681495666503906	3664.265672683716	417	553	1893.250393152237	117

2024-05-22 15:18:40,271 - INFO - 	40	2117175141339.9382	0	0.02675938606262207	3666.941882610321	420	553	1895.6055994033813	120

2024-05-22 15:33:01,284 - INFO - 	41	2096170212867.4675	0	0.0280153751373291	4527.954572916031	423	553	2756.298785686493	123

2024-05-22 15:33:03,961 - INFO - 	42	2088828125099.375	0	0.03151130676269531	4530.631685972214	426	553	2758.6524755954742	126

2024-05-22 15:33:06,663 - INFO - 	43	2087058823629.0728	0	0.03261828422546387	4533.333630800247	429	553	2761.0353603363037	129

2024-05-22 15:33:09,383 - INFO - 	44	2072500000099.116	0	0.033759355545043945	4536.053917884827	432	553	2763.435764312744	132

2024-05-22 15:33:11,412 - INFO - 	45	2055929824663.3877	0	0.03500843048095703	4538.0827515125275	435	553	2765.1452729701996	135

2024-05-22 15:33:14,218 - INFO - 	46	2031468710192.214	0	0.03670454025268555	4540.888349533081	438	553	2767.6315371990204	138

2024-05-22 15:33:16,921 - INFO - 	47	2000833333440.6572	0	0.037897348403930664	4543.591317653656	441	553	2770.016923427582	141

2024-05-22 15:33:19,617 - INFO - 	48	1970444444560.4724	0	0.03922629356384277	4546.287221908569	444	553	2772.3947834968567	144

2024-05-22 15:33:22,385 - INFO - 	49	1955133689953.2783	0	0.040650129318237305	4549.055070877075	447	553	2774.841050386429	147

2024-05-22 15:33:25,071 - INFO - 	50	1924625850458.5854	0	0.04219818115234375	4551.741099834442	450	553	2777.209424495697	150

2024-05-22 15:48:28,144 - INFO - 	51	1917884615501.7002	0	0.044013261795043945	5454.813580751419	453	553	3679.963885307312	153

2024-05-22 15:48:30,726 - INFO - 	52	1890454545578.545	0	0.045931100845336914	5457.395602464676	456	553	3682.2250583171844	156

2024-05-22 15:48:33,386 - INFO - 	53	1861918919049.4946	0	0.04841017723083496	5460.055381536484	459	553	3684.5646612644196	159

2024-05-22 15:48:35,903 - INFO - 	54	1851944444576.2224	0	0.05048036575317383	5462.572499513626	462	553	3686.7629380226135	162

2024-05-22 15:48:37,768 - INFO - 	55	1850428894038.1667	0	0.051940202713012695	5464.437207698822	465	553	3688.308437347412	165

2024-05-22 15:48:40,269 - INFO - 	56	1803478261014.523	0	0.054388999938964844	5466.937889575958	468	553	3690.4885473251343	168

2024-05-22 15:48:42,970 - INFO - 	57	1793878628112.7358	0	0.0557560920715332	5469.639509439468	471	553	3692.8719534873962	171

2024-05-22 15:48:45,654 - INFO - 	58	1785449438347.2368	0	0.05686593055725098	5472.3230674266815	474	553	3695.2375013828278	174

2024-05-22 15:48:48,242 - INFO - 	59	1780000000147.847	0	0.058116912841796875	5474.910666227341	477	553	3697.5070185661316	177

2024-05-22 15:48:50,900 - INFO - 	60	1766279069920.3955	0	0.06058907508850098	5477.568966150284	480	553	3699.84658575058	180

2024-05-22 16:03:54,102 - INFO - 	61	1757411764858.2292	0	0.06458497047424316	6380.770690917969	483	553	4602.7283437252045	183

2024-05-22 16:03:56,886 - INFO - 	62	1757411764858.2292	0	0.06840705871582031	6383.554045915604	486	553	4605.189152479172	186

2024-05-22 16:03:59,605 - INFO - 	63	1751921182421.0	0	0.0706779956817627	6386.272942781448	489	553	4607.589675664902	189

2024-05-22 16:04:02,484 - INFO - 	64	1751392405216.5315	0	0.07226800918579102	6389.151262044907	492	553	4610.148612976074	192

2024-05-22 16:04:05,475 - INFO - 	65	1749917988129.0063	0	0.07784199714660645	6392.142380952835	495	553	4612.816643714905	195

2024-05-22 16:04:08,477 - INFO - 	66	1749845132900.6477	0	0.07906794548034668	6395.143904924393	498	553	4615.496457338333	198

2024-05-22 16:04:11,569 - INFO - 	67	1749845132900.648	0	0.08029389381408691	6398.235973119736	501	553	4618.270790815353	201

2024-05-22 16:04:14,693 - INFO - 	68	1735097799675.7126	0	0.08760714530944824	6401.359305143356	504	553	4621.069357395172	204

2024-05-22 16:04:52,455 - INFO - 	69	1732968359867.0857	0	0.08985400199890137	6439.121789932251	507	553	4658.512212514877	207

2024-05-22 16:04:54,359 - INFO - 	70	1731018352092.931	0	0.09121918678283691	6441.025717973709	510	553	4660.065061569214	210

2024-05-22 16:04:56,994 - INFO - 	71	1707666666837.3335	0	0.09399747848510742	6443.660687923431	513	553	4662.379918813705	213

2024-05-22 16:19:59,889 - INFO - 	72	1700017867954.4106	0	0.09616851806640625	7346.555363893509	516	553	5564.954843044281	216

2024-05-22 16:20:02,350 - INFO - 	73	1676506506688.4612	0	0.09756755828857422	7349.016189813614	519	553	5567.092109680176	219

2024-05-22 16:20:04,878 - INFO - 	74	1642833935204.9558	0	0.0997617244720459	7351.5439348220825	522	553	5569.299709558487	222

2024-05-22 16:20:07,431 - INFO - 	75	1627306701217.6484	0	0.10448765754699707	7354.09720492363	525	553	5571.530863285065	225

2024-05-22 16:20:10,043 - INFO - 	76	1613498907320.8376	0	0.10622262954711914	7356.70824098587	528	553	5573.823903560638	228

2024-05-22 16:20:12,594 - INFO - 	77	1601112833623.1116	0	0.10870862007141113	7359.2593059539795	531	553	5576.055512428284	231

2024-05-22 16:20:15,212 - INFO - 	78	1575721942441.1497	0	0.11141443252563477	7361.877719163895	534	553	5578.354508161545	234

2024-05-22 16:20:17,790 - INFO - 	79	1571808020319.9387	0	0.11458754539489746	7364.455801010132	537	553	5580.6135103702545	237

2024-05-22 16:20:20,436 - INFO - 	80	1564322554438.4019	0	0.12151885032653809	7367.101225852966	540	553	5582.936128139496	240

2024-05-22 16:20:22,263 - INFO - 	81	1555845161495.2854	0	0.12349200248718262	7368.927743911743	543	553	5584.442605257034	243

2024-05-22 16:20:24,836 - INFO - 	82	1547592566824.504	0	0.12750673294067383	7371.500896930695	546	553	5586.6949508190155	246

2024-05-22 16:34:03,095 - INFO - 	83	1524280476842.9536	0	0.13614559173583984	8189.760123968124	549	553	5589.063854217529	249

2024-05-22 16:34:05,713 - INFO - 	84	1515469535969.0974	0	0.13930535316467285	8192.377401828766	552	553	5591.361130237579	252

2024-05-22 16:34:08,205 - INFO - 	85	1496259466923.8313	0	0.14644312858581543	8194.869330644608	555	553	5593.529024362564	255

2024-05-22 16:34:10,779 - INFO - 	86	1484634225753.53	0	0.15387606620788574	8197.443220615387	558	553	5595.778223276138	258

2024-05-22 16:34:13,318 - INFO - 	87	1470160968721.5967	0	0.15621614456176758	8199.982117414474	561	553	5597.997586965561	261

2024-05-22 16:34:15,871 - INFO - 	88	1453511187840.7605	0	0.1655433177947998	8202.534422159195	564	553	5600.222850322723	264

2024-05-22 16:34:18,235 - INFO - 	89	1452397394434.63	0	0.1679844856262207	8204.898399114609	567	553	5602.267077207565	267

2024-05-22 16:34:19,942 - INFO - 	90	1440168944695.1602	0	0.17050647735595703	8206.605149269104	570	553	5603.654167413712	270

2024-05-22 16:34:22,541 - INFO - 	91	1424322463214.1338	0	0.1790294647216797	8209.204658269882	573	553	5605.928083181381	273

2024-05-22 16:34:24,965 - INFO - 	92	1405373381501.9463	0	0.19214439392089844	8211.628351449966	576	553	5608.021324872971	276

2024-05-22 16:37:06,846 - INFO - 	93	1391261121226.1987	0	0.1958305835723877	8373.508959531784	579	553	5769.582026720047	279

2024-05-22 16:37:09,423 - INFO - 	94	1382912685153.6465	0	0.20161151885986328	8376.085681438446	582	553	5771.7968537807465	282

2024-05-22 16:37:11,848 - INFO - 	95	1380341463661.604	0	0.2043745517730713	8378.510941505432	585	553	5773.879192113876	285

2024-05-22 16:37:14,284 - INFO - 	96	1377431694241.5396	0	0.2074434757232666	8380.946870565414	588	553	5775.973472118378	288

2024-05-22 16:37:16,724 - INFO - 	97	1365248227197.9617	0	0.21568965911865234	8383.386031627655	591	553	5778.061583280563	291

2024-05-22 16:37:19,273 - INFO - 	98	1354562036950.4963	0	0.22506070137023926	8385.935678720474	594	553	5780.271806240082	294

2024-05-22 16:37:21,073 - INFO - 	99	1341419205806.4883	0	0.22979259490966797	8387.735152959824	597	553	5781.736468076706	297

2024-05-22 16:37:23,649 - INFO - 	100	1333433701910.4385	0	0.24147653579711914	8390.310627222061	600	553	5783.975635766983	300

2024-05-22 16:37:26,126 - INFO - 	101	1325784488116.8433	0	0.251117467880249	8392.78797507286	603	553	5786.117453575134	303

2024-05-22 16:37:28,581 - INFO - 	102	1312583056733.8452	0	0.2543306350708008	8395.243079185486	606	553	5788.249150753021	306

2024-05-22 16:37:31,012 - INFO - 	103	1307834775084.5427	0	0.26714158058166504	8397.674105167389	609	553	5790.336580991745	309

2024-05-22 16:37:33,818 - INFO - 	104	1291545311270.7363	0	0.2720613479614258	8400.479058980942	612	553	5792.800488948822	312

2024-05-22 16:37:36,441 - INFO - 	105	1286156034105.905	0	0.2840104103088379	8403.101110219955	615	553	5795.034007310867	315

2024-05-22 16:37:38,942 - INFO - 	106	1264450341979.4028	0	0.289839506149292	8405.60123705864	618	553	5797.152505159378	318

2024-05-22 16:37:40,700 - INFO - 	107	1262442281371.8752	0	0.30132222175598145	8407.359507322311	621	553	5798.574882030487	321

2024-05-22 16:37:43,087 - INFO - 	108	1252256622216.8694	0	0.30469226837158203	8409.74634027481	624	553	5800.629492282867	324

2024-05-22 16:37:45,446 - INFO - 	109	1232293326267.173	0	0.31165623664855957	8412.10518026352	627	553	5802.6495361328125	327

2024-05-22 16:37:47,983 - INFO - 	110	1221533451710.928	0	0.32431912422180176	8414.641455173492	630	553	5804.849543094635	330

2024-05-22 16:37:50,527 - INFO - 	111	1207302212636.4438	0	0.3297090530395508	8417.185004234314	633	553	5807.062419891357	333

2024-05-22 16:37:53,065 - INFO - 	112	1198172920316.0405	0	0.334212064743042	8419.723636388779	636	553	5809.2537317276	336

2024-05-22 16:37:55,532 - INFO - 	113	1194937230841.1282	0	0.3365962505340576	8422.189791440964	639	553	5811.392127990723	339

2024-05-22 16:37:57,852 - INFO - 	114	1189664062955.4226	0	0.34082531929016113	8424.509311437607	642	553	5813.382891178131	342

2024-05-22 16:37:59,536 - INFO - 	115	1185676164662.2483	0	0.3595123291015625	8426.19345831871	645	553	5814.725082159042	345

2024-05-22 16:38:01,883 - INFO - 	116	1182210722863.8967	0	0.3760652542114258	8428.539994239807	648	553	5816.7380928993225	348

2024-05-22 16:38:04,358 - INFO - 	117	1163851418850.8042	0	0.38154125213623047	8431.014751195908	651	553	5818.890775680542	351

2024-05-22 16:38:06,744 - INFO - 	118	1160157430921.3225	0	0.38744306564331055	8433.400134563446	654	553	5820.954034566879	354

2024-05-22 16:38:09,143 - INFO - 	119	1148994413260.0522	0	0.3947930335998535	8435.799582481384	657	553	5823.0305161476135	357

2024-05-22 16:38:11,459 - INFO - 	120	1140041708261.9976	0	0.40223121643066406	8438.114723443985	660	553	5825.022691488266	360

2024-05-22 16:38:13,888 - INFO - 	121	1135503826326.9915	0	0.4061131477355957	8440.54347729683	663	553	5827.131029367447	363

2024-05-22 16:38:16,225 - INFO - 	122	1125945417624.9463	0	0.4245591163635254	8442.880285263062	666	553	5829.132016658783	366

2024-05-22 16:38:17,857 - INFO - 	123	1115044919434.9653	0	0.44045019149780273	8444.512282133102	669	553	5830.430342197418	369

2024-05-22 16:38:20,274 - INFO - 	124	1110028788080.7854	0	0.4469902515411377	8446.929028272629	672	553	5832.5235414505005	372

2024-05-22 16:38:22,725 - INFO - 	125	1102891436695.0789	0	0.4640352725982666	8449.379675388336	675	553	5834.6191663742065	375

2024-05-22 16:38:25,250 - INFO - 	126	1099859792611.9924	0	0.4822812080383301	8451.903577566147	678	553	5836.786078929901	378

2024-05-22 16:38:27,766 - INFO - 	127	1092738208787.8801	0	0.4973132610321045	8454.41963338852	681	553	5838.929662942886	381

2024-05-22 16:38:30,200 - INFO - 	128	1078233328793.8063	0	0.5149893760681152	8456.852074623108	684	553	5841.009855747223	384

2024-05-22 16:38:32,593 - INFO - 	129	1066561403203.2439	0	0.5308172702789307	8459.24553847313	687	553	5843.017324924469	387

2024-05-22 16:38:34,992 - INFO - 	130	1053930307169.7352	0	0.5532321929931641	8461.64459824562	690	553	5845.043967008591	390

2024-05-22 16:38:37,431 - INFO - 	131	1044659653178.8745	0	0.5685620307922363	8464.082197189331	693	553	5847.060588121414	393

2024-05-22 16:38:39,148 - INFO - 	132	1044189013535.7466	0	0.5858588218688965	8465.799377202988	696	553	5848.418953180313	396

2024-05-22 16:38:41,523 - INFO - 	133	1042768595364.501	0	0.6033878326416016	8468.174387454987	699	553	5850.450672388077	399

2024-05-22 16:38:43,965 - INFO - 	134	1039975234185.7767	0	0.6269328594207764	8470.61556339264	702	553	5852.544271230698	402

2024-05-22 16:38:46,522 - INFO - 	135	1033138934948.1143	0	0.6484057903289795	8473.173216342926	705	553	5854.73291683197	405

2024-05-22 16:38:49,278 - INFO - 	136	1023524887389.8251	0	0.6713128089904785	8475.928365468979	708	553	5856.816325426102	408

2024-05-22 16:38:51,785 - INFO - 	137	1009475696586.5803	0	0.6786437034606934	8478.434659481049	711	553	5858.99302649498	411

2024-05-22 16:38:54,198 - INFO - 	138	1002071758857.8947	0	0.7002966403961182	8480.84754228592	714	553	5861.065686225891	414

2024-05-22 16:38:56,550 - INFO - 	139	992050643868.2579	0	0.7090134620666504	8483.199223279953	717	553	5863.087929010391	417

2024-05-22 16:38:58,345 - INFO - 	140	982600732700.0752	0	0.728177547454834	8484.993131399155	720	553	5864.528539896011	420

2024-05-22 16:39:00,695 - INFO - 	141	978788332456.8538	0	0.7401754856109619	8487.343121528625	723	553	5866.54728603363	423

2024-05-22 16:39:03,067 - INFO - 	142	962169755366.9894	0	0.7672045230865479	8489.715379476547	726	553	5868.5736310482025	426

2024-05-22 16:39:05,501 - INFO - 	143	960288895714.8907	0	0.7868273258209229	8492.149617433548	729	553	5870.66486120224	429

2024-05-22 16:39:07,917 - INFO - 	144	953432605248.8217	0	0.8265824317932129	8494.564629554749	732	553	5872.720764160156	432

2024-05-22 16:39:10,262 - INFO - 	145	940267544415.9637	0	0.8595626354217529	8496.910076618195	735	553	5874.7166249752045	435

2024-05-22 16:39:12,591 - INFO - 	146	932771942738.5186	0	0.8846335411071777	8499.238694667816	738	553	5876.698548793793	438

2024-05-22 16:39:15,058 - INFO - 	147	917414486731.4329	0	0.9132275581359863	8501.705340623856	741	553	5878.809323787689	441

2024-05-22 16:39:16,663 - INFO - 	148	907491706548.4008	0	0.9438967704772949	8503.309654474258	744	553	5880.057265043259	444

2024-05-22 16:39:18,997 - INFO - 	149	901318683331.8348	0	0.9805536270141602	8505.643191576004	747	553	5882.026210308075	447

2024-05-22 16:39:21,293 - INFO - 	150	896254479389.5597	0	1.0060844421386719	8507.93903374672	750	553	5883.9768052101135	450

2024-05-22 16:39:23,550 - INFO - 	151	877198109637.917	0	1.0328314304351807	8510.196321964264	753	553	5885.887159585953	453

2024-05-22 16:39:25,924 - INFO - 	152	864821269085.893	0	1.0658323764801025	8512.570186853409	756	553	5887.908286809921	456

2024-05-22 16:39:28,303 - INFO - 	153	857923416591.3186	0	1.0947046279907227	8514.948447942734	759	553	5889.9324996471405	459

2024-05-22 16:39:30,593 - INFO - 	154	846314695980.5195	0	1.1298377513885498	8517.23812866211	762	553	5891.850039720535	462

2024-05-22 16:39:32,179 - INFO - 	155	838969050326.8658	0	1.167205810546875	8518.824633598328	765	553	5893.077084779739	465

2024-05-22 16:39:34,449 - INFO - 	156	835367160365.1104	0	1.1932477951049805	8521.094442367554	768	553	5895.002478599548	468

2024-05-22 16:39:36,692 - INFO - 	157	832908969091.2725	0	1.222700834274292	8523.337434530258	771	553	5896.896641492844	471

2024-05-22 16:39:38,838 - INFO - 	158	820610466167.6648	0	1.2348518371582031	8525.482226371765	774	553	5898.7018876075745	474

2024-05-22 16:39:41,111 - INFO - 	159	812755798199.5332	0	1.265906810760498	8527.755943536758	777	553	5900.623738527298	477

2024-05-22 16:39:43,533 - INFO - 	160	808702938894.5623	0	1.3014967441558838	8530.177965641022	780	553	5902.6901478767395	480

2024-05-22 16:39:45,928 - INFO - 	161	798358617294.5796	0	1.3413965702056885	8532.572640657425	783	553	5904.727934598923	483

2024-05-22 16:39:48,373 - INFO - 	162	794040033088.8658	0	1.3863162994384766	8535.016558647156	786	553	5906.758769035339	486

2024-05-22 16:39:49,957 - INFO - 	163	789972309147.5815	0	1.4139604568481445	8536.599656581879	789	553	5907.983953714371	489

2024-05-22 16:39:52,214 - INFO - 	164	782919721196.5781	0	1.4423553943634033	8538.856430768967	792	553	5909.894465923309	492

2024-05-22 16:39:54,711 - INFO - 	165	779667318484.886	0	1.4644324779510498	8541.353205680847	795	553	5912.04550242424	495

2024-05-22 16:39:57,314 - INFO - 	166	776355679852.8851	0	1.478865623474121	8543.956297636032	798	553	5914.251664400101	498

2024-05-22 16:39:59,839 - INFO - 	167	770450771375.5807	0	1.5221185684204102	8546.480881929398	801	553	5916.389486789703	501

2024-05-22 16:40:02,445 - INFO - 	168	751582139995.0797	0	1.5530364513397217	8549.08662390709	804	553	5918.601352930069	504

2024-05-22 16:40:04,989 - INFO - 	169	744031359627.0314	0	1.5963013172149658	8551.630544900894	807	553	5920.76451086998	507

2024-05-22 16:40:06,841 - INFO - 	170	737405027252.9961	0	1.6393911838531494	8553.482445001602	810	553	5922.227195739746	510

2024-05-22 16:40:09,484 - INFO - 	171	732852024669.3395	0	1.6745412349700928	8556.124933958054	813	553	5924.496750831604	513

2024-05-22 16:40:11,938 - INFO - 	172	730014183888.8003	0	1.7064743041992188	8558.57845211029	816	553	5926.564117908478	516

2024-05-22 16:40:14,191 - INFO - 	173	724007777806.9213	0	1.7507164478302002	8560.831351280212	819	553	5928.446625471115	519

2024-05-22 16:40:16,497 - INFO - 	174	718380798235.1792	0	1.7830784320831299	8563.1364133358	822	553	5930.398252725601	522

2024-05-22 16:40:18,804 - INFO - 	175	705054310371.2057	0	1.807011365890503	8565.443488359451	825	553	5932.3554718494415	525

2024-05-22 16:40:21,197 - INFO - 	176	696229778915.6946	0	1.839949369430542	8567.835404396057	828	553	5934.387658119202	528

2024-05-22 16:40:23,633 - INFO - 	177	690631567291.8842	0	1.8777484893798828	8570.271891355515	831	553	5936.462126255035	531

2024-05-22 16:40:25,377 - INFO - 	178	685932128465.7947	0	1.9192755222320557	8572.015359401703	834	553	5937.84001994133	534

2024-05-22 16:40:27,715 - INFO - 	179	678805668922.7788	0	1.951690435409546	8574.35330414772	837	553	5939.803410768509	537

2024-05-22 16:40:30,169 - INFO - 	180	672814406665.1714	0	1.9909234046936035	8576.806677341461	840	553	5941.8588078022	540

2024-05-22 16:40:32,679 - INFO - 	181	669428002822.6902	0	2.045931339263916	8579.316253185272	843	553	5943.988420248032	543

2024-05-22 16:40:34,953 - INFO - 	182	663292680344.3964	0	2.087153196334839	8581.590932130814	846	553	5945.889819383621	546

2024-05-22 16:40:37,348 - INFO - 	183	659568729752.8182	0	2.111445188522339	8583.985282182693	849	553	5947.928436279297	549

2024-05-22 16:40:40,128 - INFO - 	184	649297780258.4648	0	2.1645243167877197	8586.765062332153	852	553	5950.317270517349	552

2024-05-22 16:40:41,959 - INFO - 	185	641573113018.7584	0	2.194565534591675	8588.595356225967	855	553	5951.665706157684	555

2024-05-22 16:40:44,742 - INFO - 	186	633794935998.5497	0	2.2413878440856934	8591.378298282623	858	553	5953.940561056137	558

2024-05-22 16:40:47,341 - INFO - 	187	619330116314.271	0	2.2910475730895996	8593.976380348206	861	553	5956.128921985626	561

2024-05-22 16:40:49,735 - INFO - 	188	618638080376.9366	0	2.3307435512542725	8596.370139360428	864	553	5958.030067443848	564

2024-05-22 16:40:51,937 - INFO - 	189	606486884589.7467	0	2.382228374481201	8598.572238206863	867	553	5959.85659122467	567

2024-05-22 16:40:54,205 - INFO - 	190	605139817465.3672	0	2.4189276695251465	8600.839561223984	870	553	5961.767454147339	570

2024-05-22 16:40:56,457 - INFO - 	191	601842754708.0297	0	2.4754486083984375	8603.091614961624	873	553	5963.642564296722	573

2024-05-22 16:40:58,017 - INFO - 	192	599095571313.9701	0	2.5215237140655518	8604.651843070984	876	553	5964.835555553436	576

2024-05-22 16:41:00,179 - INFO - 	193	595342197597.6172	0	2.5653557777404785	8606.813713788986	879	553	5966.633314609528	579

2024-05-22 16:41:02,502 - INFO - 	194	581603511286.6322	0	2.621511697769165	8609.136754751205	882	553	5968.579751491547	582

2024-05-22 16:41:04,731 - INFO - 	195	572241974812.9562	0	2.6689915657043457	8611.36482167244	885	553	5970.4400424957275	585

2024-05-22 16:41:06,994 - INFO - 	196	568887526264.6365	0	2.7231955528259277	8613.627993822098	888	553	5972.328384876251	588

2024-05-22 16:41:09,293 - INFO - 	197	560491939009.9263	0	2.788306713104248	8615.926990747452	891	553	5974.239886760712	591

2024-05-22 16:41:11,614 - INFO - 	198	557354280521.736	0	2.8399226665496826	8618.247561454773	894	553	5976.18931055069	594

2024-05-22 16:41:13,911 - INFO - 	199	551325884562.914	0	2.8980586528778076	8620.544754505157	897	553	5978.107974767685	597

2024-05-22 16:41:15,550 - INFO - 	200	546570458708.5322	0	2.948638677597046	8622.18375325203	900	553	5979.369058609009	600

2024-05-22 16:41:17,773 - INFO - 	201	541357965822.25964	0	2.9918696880340576	8624.40656042099	903	553	5981.23025560379	603

2024-05-22 16:41:20,135 - INFO - 	202	535045214521.80676	0	3.0443527698516846	8626.767217636108	906	553	5983.157257318497	606

2024-05-22 16:41:22,400 - INFO - 	203	526999919318.64215	0	3.109696626663208	8629.03180885315	909	553	5985.041016101837	609

2024-05-22 16:41:24,641 - INFO - 	204	524935571684.6559	0	3.155764579772949	8631.27322101593	912	553	5986.881186008453	612

2024-05-22 16:41:26,815 - INFO - 	205	521098843282.9852	0	3.1684906482696533	8633.446876049042	915	553	5988.721075534821	615

2024-05-22 16:41:29,115 - INFO - 	206	515474602188.655	0	3.224254608154297	8635.7469997406	918	553	5990.645711898804	618

2024-05-22 16:41:31,459 - INFO - 	207	511685872522.81116	0	3.269082546234131	8638.09005689621	921	553	5992.6239857673645	621

2024-05-22 16:41:33,028 - INFO - 	208	505878219930.9012	0	3.3000552654266357	8639.659040927887	924	553	5993.838239431381	624

2024-05-22 16:41:35,272 - INFO - 	209	502827275148.97046	0	3.336273193359375	8641.903616905212	927	553	5995.72145652771	627

2024-05-22 16:41:37,563 - INFO - 	210	498137906894.71606	0	3.3851990699768066	8644.19315981865	930	553	5997.640538692474	630

2024-05-22 16:41:39,801 - INFO - 	211	494845280774.83856	0	3.4435291290283203	8646.430850744247	933	553	5999.497744560242	633

2024-05-22 16:41:41,957 - INFO - 	212	490604385203.6399	0	3.500985860824585	8648.587357521057	936	553	6001.273889541626	636

2024-05-22 16:41:44,271 - INFO - 	213	488018340080.6037	0	3.5496268272399902	8650.900906324387	939	553	6003.218063831329	639

2024-05-22 16:41:45,733 - INFO - 	214	484607023813.86237	0	3.591463804244995	8652.362545251846	942	553	6004.316197872162	642

2024-05-22 16:41:47,905 - INFO - 	215	476962115587.7412	0	3.630459785461426	8654.534578323364	945	553	6006.127135753632	645

2024-05-22 16:41:50,065 - INFO - 	216	469995211654.12415	0	3.6879777908325195	8656.69486951828	948	553	6007.907469749451	648

2024-05-22 16:41:52,247 - INFO - 	217	465420056087.4022	0	3.7083747386932373	8658.876900434494	951	553	6009.748898983002	651

2024-05-22 16:41:54,470 - INFO - 	218	460772186249.94684	0	3.7608866691589355	8661.09985256195	954	553	6011.598138809204	654

2024-05-22 16:41:56,619 - INFO - 	219	458875550296.7058	0	3.804147481918335	8663.248416662216	957	553	6013.38137793541	657

2024-05-22 16:41:58,855 - INFO - 	220	455762139281.38043	0	3.835265636444092	8665.483742713928	960	553	6015.261571645737	660

2024-05-22 16:42:01,186 - INFO - 	221	439819520557.4587	0	3.8719356060028076	8667.815061569214	963	553	6017.237078428268	663

2024-05-22 16:42:02,726 - INFO - 	222	434250285445.31445	0	3.9235706329345703	8669.354998588562	966	553	6018.4076192379	666

2024-05-22 16:42:04,968 - INFO - 	223	432147499542.0087	0	3.959469795227051	8671.596586942673	969	553	6020.296167135239	669

2024-05-22 16:42:07,238 - INFO - 	224	428994287219.79865	0	4.0073511600494385	8673.864882946014	972	553	6022.184927940369	672

2024-05-22 16:42:09,606 - INFO - 	225	425785618923.9073	0	4.061468124389648	8676.232213973999	975	553	6024.160325050354	675

2024-05-22 16:42:11,978 - INFO - 	226	424527598552.10205	0	4.116426229476929	8678.604485750198	978	553	6026.146352052689	678

2024-05-22 16:42:13,460 - INFO - 	227	416990537917.44116	0	4.169361114501953	8680.085600852966	981	553	6027.255237340927	681

2024-05-22 16:42:15,769 - INFO - 	228	414098394172.8308	0	4.225848913192749	8682.395190954208	984	553	6029.170299768448	684

2024-05-22 16:42:18,047 - INFO - 	229	409128367059.9952	0	4.2837278842926025	8684.672586917877	987	553	6031.070352077484	687

2024-05-22 16:42:20,406 - INFO - 	230	399187743790.55334	0	4.346843004226685	8687.03128695488	990	553	6033.036004781723	690

2024-05-22 16:42:22,977 - INFO - 	231	391660022363.46967	0	4.404887914657593	8689.60247373581	993	553	6035.198945760727	693

2024-05-22 16:42:25,310 - INFO - 	232	388527388864.3389	0	4.4589149951934814	8691.93450975418	996	553	6037.133135795593	696

2024-05-22 16:42:27,728 - INFO - 	233	386357518400.79596	0	4.524548053741455	8694.35252070427	999	553	6039.13156580925	699

2024-05-22 16:42:30,214 - INFO - 	234	380381081130.7607	0	4.574714183807373	8696.838057756424	1002	553	6041.201854705811	702

2024-05-22 16:42:31,877 - INFO - 	235	373833360495.8244	0	4.625444173812866	8698.501408815384	1005	553	6042.44838643074	705

2024-05-22 16:42:34,155 - INFO - 	236	367698288437.0568	0	4.676642179489136	8700.778513669968	1008	553	6044.316513299942	708

2024-05-22 16:42:36,424 - INFO - 	237	363822798598.9248	0	4.736148118972778	8703.047419548035	1011	553	6046.184895277023	711

2024-05-22 16:42:38,680 - INFO - 	238	356201300431.7168	0	4.798976182937622	8705.303842544556	1014	553	6048.025777339935	714

2024-05-22 16:42:40,874 - INFO - 	239	354708924078.2123	0	4.851279258728027	8707.497155427933	1017	553	6049.843698263168	717

2024-05-22 16:42:43,071 - INFO - 	240	350697461693.6652	0	4.9153642654418945	8709.693873405457	1020	553	6051.656330108643	720

2024-05-22 16:42:45,341 - INFO - 	241	347467382023.6248	0	4.980646133422852	8711.963966369629	1023	553	6053.513257741928	723

2024-05-22 16:42:46,895 - INFO - 	242	342975351100.3075	0	5.043380260467529	8713.517174243927	1026	553	6054.656407594681	726

2024-05-22 16:42:49,136 - INFO - 	243	336184365871.07715	0	5.108554363250732	8715.758228063583	1029	553	6056.509347677231	729

2024-05-22 16:42:51,381 - INFO - 	244	333715571225.51733	0	5.157591342926025	8718.002583265305	1032	553	6058.381564855576	732

2024-05-22 16:42:53,593 - INFO - 	245	332295052581.24915	0	5.208147287368774	8720.214425086975	1035	553	6060.218716621399	735

2024-05-22 16:42:55,851 - INFO - 	246	329978555503.12445	0	5.264935493469238	8722.472325086594	1038	553	6062.0977947711945	738

2024-05-22 16:42:58,099 - INFO - 	247	323496875837.56354	0	5.330829381942749	8724.720927000046	1041	553	6063.9570569992065	741

2024-05-22 16:42:59,679 - INFO - 	248	319852743277.9305	0	5.409982204437256	8726.3000061512	1044	553	6065.137508153915	744

2024-05-22 16:43:01,884 - INFO - 	249	318308581954.7466	0	5.473264217376709	8728.50484418869	1047	553	6066.941509485245	747

2024-05-22 16:43:04,110 - INFO - 	250	315826552512.9582	0	5.5425450801849365	8730.731209993362	1050	553	6068.776064157486	750

2024-05-22 16:43:06,285 - INFO - 	251	314464098178.3154	0	5.5939130783081055	8732.905550003052	1053	553	6070.5736348629	753

2024-05-22 16:43:08,497 - INFO - 	252	309879292047.8652	0	5.660815954208374	8735.117885112762	1056	553	6072.394911766052	756

2024-05-22 16:43:10,771 - INFO - 	253	303924073578.80133	0	5.720056056976318	8737.39130115509	1059	553	6074.285166025162	759

2024-05-22 16:43:13,102 - INFO - 	254	300107007870.42017	0	5.785621166229248	8739.722643136978	1062	553	6076.226249933243	762

2024-05-22 16:43:14,681 - INFO - 	255	297413246941.60895	0	5.833729267120361	8741.301471233368	1065	553	6077.434236764908	765

2024-05-22 16:43:16,923 - INFO - 	256	296068584768.0421	0	5.89201807975769	8743.543071269989	1068	553	6079.294044017792	768

2024-05-22 16:43:19,143 - INFO - 	257	292702829989.9074	0	5.958887100219727	8745.762885093689	1071	553	6081.122937440872	771

2024-05-22 16:43:21,407 - INFO - 	258	291595703243.67944	0	6.018593788146973	8748.026447057724	1074	553	6082.982590198517	774

2024-05-22 16:43:23,608 - INFO - 	259	289291627710.9768	0	6.077000617980957	8750.227109193802	1077	553	6084.785658359528	777

2024-05-22 16:43:25,868 - INFO - 	260	283861690972.9112	0	6.150181531906128	8752.4870159626	1080	553	6086.6385662555695	780

2024-05-22 16:43:27,591 - INFO - 	261	280911485059.8057	0	6.199949741363525	8754.209942102432	1083	553	6087.990232467651	783

2024-05-22 16:43:29,915 - INFO - 	262	277540393694.4937	0	6.26085352897644	8756.53361582756	1086	553	6089.92888879776	786

2024-05-22 16:43:32,191 - INFO - 	263	274320516339.68115	0	6.320944547653198	8758.809495925903	1089	553	6091.821977853775	789

2024-05-22 16:43:34,508 - INFO - 	264	270051305685.82312	0	6.398407459259033	8761.126209974289	1092	553	6093.733090400696	792

2024-05-22 16:43:36,731 - INFO - 	265	268008944239.3173	0	6.421112298965454	8763.348963022232	1095	553	6095.606724023819	795

2024-05-22 16:43:39,047 - INFO - 	266	263566899337.66092	0	6.480161428451538	8765.664332151413	1098	553	6097.536592006683	798

2024-05-22 16:43:41,329 - INFO - 	267	262183000240.07083	0	6.547503232955933	8767.946060180664	1101	553	6099.421951055527	801

2024-05-22 16:43:42,791 - INFO - 	268	249912625847.7506	0	6.577740430831909	8769.40822339058	1104	553	6100.527198076248	804

2024-05-22 16:43:45,144 - INFO - 	269	247170283584.1612	0	6.657426357269287	8771.760756254196	1107	553	6102.48024725914	807

2024-05-22 16:43:47,469 - INFO - 	270	242769010766.5102	0	6.708367347717285	8774.085640192032	1110	553	6104.432986497879	810

2024-05-22 16:43:49,679 - INFO - 	271	240927544002.53015	0	6.769102334976196	8776.29564332962	1113	553	6106.2624344825745	813

2024-05-22 16:43:51,894 - INFO - 	272	239216646001.69977	0	6.839855432510376	8778.51042842865	1116	553	6108.087068796158	816

2024-05-22 16:43:54,085 - INFO - 	273	231010192052.60165	0	6.860974311828613	8780.701338291168	1119	553	6109.935205698013	819

2024-05-22 16:43:56,380 - INFO - 	274	229060091971.97363	0	6.911123275756836	8782.99680519104	1122	553	6111.856598854065	822

2024-05-22 16:43:58,005 - INFO - 	275	225150382006.92307	0	6.995006084442139	8784.620854377747	1125	553	6113.0748500823975	825

2024-05-22 16:44:00,363 - INFO - 	276	220954183425.3929	0	7.075852870941162	8786.979212284088	1128	553	6115.027591943741	828

2024-05-22 16:44:02,533 - INFO - 	277	215296045831.66714	0	7.147324085235596	8789.14910531044	1131	553	6116.802835226059	831

2024-05-22 16:44:04,672 - INFO - 	278	206002545464.79694	0	7.180955171585083	8791.28779411316	1134	553	6118.585284233093	834

2024-05-22 16:44:06,927 - INFO - 	279	202405542980.03427	0	7.2622740268707275	8793.54258441925	1137	553	6120.438144207001	837

2024-05-22 16:44:09,014 - INFO - 	280	195182856295.646	0	7.334758996963501	8795.629353284836	1140	553	6122.130301952362	840

2024-05-22 16:44:11,134 - INFO - 	281	192685565933.60062	0	7.405060768127441	8797.74891114235	1143	553	6123.854799985886	843

2024-05-22 16:44:12,745 - INFO - 	282	191163924201.20312	0	7.479246616363525	8799.359622240067	1146	553	6125.038007736206	846

2024-05-22 16:44:14,930 - INFO - 	283	188674444673.2437	0	7.56571364402771	8801.545159339905	1149	553	6126.800172805786	849

2024-05-22 16:44:17,042 - INFO - 	284	184785753314.3392	0	7.642510652542114	8803.655710458755	1152	553	6128.503921747208	852

2024-05-22 16:44:19,127 - INFO - 	285	183370882956.6967	0	7.712519884109497	8805.740656375885	1155	553	6130.18318104744	855

2024-05-22 16:44:21,298 - INFO - 	286	179829671953.52737	0	7.786675453186035	8807.911162376404	1158	553	6131.954681158066	858

2024-05-22 16:44:23,491 - INFO - 	287	176395383694.871	0	7.870792627334595	8810.104195356369	1161	553	6133.742707490921	861

2024-05-22 16:44:24,952 - INFO - 	288	167153285251.92584	0	7.9223456382751465	8811.565860033035	1164	553	6134.831492900848	864

2024-05-22 16:44:27,162 - INFO - 	289	162044370417.45938	0	7.992849826812744	8813.775151014328	1167	553	6136.648181915283	867

2024-05-22 16:44:29,469 - INFO - 	290	158192882331.10034	0	8.059669017791748	8816.08223414421	1170	553	6138.561617851257	870

2024-05-22 16:44:32,007 - INFO - 	291	152681722117.7788	0	8.143229961395264	8818.619822025299	1173	553	6140.665438652039	873

2024-05-22 16:44:34,587 - INFO - 	292	145014903883.08252	0	8.251507997512817	8821.200029850006	1176	553	6142.732172727585	876

2024-05-22 16:44:36,833 - INFO - 	293	142713721834.51593	0	8.345421075820923	8823.445440530777	1179	553	6144.548400402069	879

2024-05-22 16:44:39,021 - INFO - 	294	138139890098.11346	0	8.410820245742798	8825.633182525635	1182	553	6146.337767124176	882

2024-05-22 16:44:40,546 - INFO - 	295	134873853385.43404	0	8.492101192474365	8827.157720804214	1185	553	6147.454973220825	885

2024-05-22 16:44:42,789 - INFO - 	296	133054633906.53767	0	8.574753046035767	8829.400703668594	1188	553	6149.292298316956	888

2024-05-22 16:44:44,952 - INFO - 	297	132729366321.08324	0	8.64319920539856	8831.563764572144	1191	553	6151.032781600952	891

2024-05-22 16:44:47,085 - INFO - 	298	132728818085.43274	0	8.684598207473755	8833.696068525314	1194	553	6152.79005241394	894

2024-05-22 16:44:49,290 - INFO - 	299	126230502515.25562	0	8.768090009689331	8835.901485443115	1197	553	6154.574149608612	897

2024-05-22 16:44:51,519 - INFO - 	300	124907367687.38893	0	8.830454111099243	8838.128939390182	1200	553	6156.38271856308	900

2024-05-22 16:44:53,956 - INFO - 	301	121440307831.74489	0	8.913573980331421	8840.566593408585	1203	553	6158.3740293979645	903

2024-05-22 16:44:55,454 - INFO - 	302	118501234758.22542	0	9.002530813217163	8842.064114570618	1206	553	6159.438631772995	906

2024-05-22 16:44:57,727 - INFO - 	303	117027135851.88097	0	9.077764749526978	8844.33589553833	1209	553	6161.28741145134	909

2024-05-22 16:45:00,026 - INFO - 	304	113743603323.86925	0	9.162514925003052	8846.63451552391	1212	553	6163.142745256424	912

2024-05-22 16:45:02,430 - INFO - 	305	111591004918.50302	0	9.244370937347412	8849.039033651352	1215	553	6165.061570882797	915

2024-05-22 16:45:04,573 - INFO - 	306	109807465801.80717	0	9.296982049942017	8851.181367635727	1218	553	6166.821377754211	918

2024-05-22 16:45:06,725 - INFO - 	307	106890152842.5105	0	9.383194923400879	8853.33340382576	1221	553	6168.563038825989	921

2024-05-22 16:45:08,141 - INFO - 	308	105215578191.43646	0	9.474086046218872	8854.74862575531	1224	553	6169.564683437347	924

2024-05-22 16:45:10,189 - INFO - 	309	103956930249.35046	0	9.538453102111816	8856.797410964966	1227	553	6171.226001501083	927

2024-05-22 16:45:12,368 - INFO - 	310	102878469765.93106	0	9.61952018737793	8858.975446939468	1230	553	6172.9734053611755	930

2024-05-22 16:45:14,503 - INFO - 	311	101762503233.94493	0	9.701590299606323	8861.11068892479	1233	553	6174.700968027115	933

2024-05-22 16:45:16,900 - INFO - 	312	100174528816.17279	0	9.781127452850342	8863.507516145706	1236	553	6176.683623313904	936

2024-05-22 16:45:19,075 - INFO - 	313	97955583408.71712	0	9.856653690338135	8865.682050466537	1239	553	6178.414229154587	939

2024-05-22 16:45:20,505 - INFO - 	314	95599657556.26607	0	9.917746782302856	8867.112194299698	1242	553	6179.459187984467	942

2024-05-22 16:45:22,627 - INFO - 	315	94151529208.97456	0	10.005867719650269	8869.23360323906	1245	553	6181.146373033524	945

2024-05-22 16:45:24,773 - INFO - 	316	92960111143.21413	0	10.088788747787476	8871.378993272781	1248	553	6182.877388715744	948

2024-05-22 16:45:26,844 - INFO - 	317	90616367263.03345	0	10.163699626922607	8873.45017504692	1251	553	6184.5451056957245	951

2024-05-22 16:45:29,027 - INFO - 	318	88973474290.07709	0	10.249865531921387	8875.632618188858	1254	553	6186.31560587883	954

2024-05-22 16:45:31,243 - INFO - 	319	86364629556.89716	0	10.339492321014404	8877.84802031517	1257	553	6188.11824297905	957

2024-05-22 16:45:33,658 - INFO - 	320	84085488300.09656	0	10.43453598022461	8880.262735128403	1260	553	6190.100062847137	960

2024-05-22 16:45:35,244 - INFO - 	321	81540257415.57361	0	10.510186910629272	8881.84862112999	1263	553	6191.284017086029	963

2024-05-22 16:45:37,666 - INFO - 	322	78694699068.12987	0	10.596945762634277	8884.270668029785	1266	553	6193.290907382965	966

2024-05-22 16:45:39,907 - INFO - 	323	77620806554.35837	0	10.706527471542358	8886.51128578186	1269	553	6195.095642089844	969

2024-05-22 16:45:42,091 - INFO - 	324	75689151366.6626	0	10.794366359710693	8888.695843935013	1272	553	6196.867472887039	972

2024-05-22 16:45:44,359 - INFO - 	325	74516519857.68271	0	10.879415273666382	8890.963412046432	1275	553	6198.726100921631	975

2024-05-22 16:45:46,590 - INFO - 	326	73030265202.85959	0	10.959043502807617	8893.194127321243	1278	553	6200.5506801605225	978

2024-05-22 16:45:48,840 - INFO - 	327	71559801262.90276	0	11.058101654052734	8895.444464445114	1281	553	6202.376505613327	981

2024-05-22 16:45:50,315 - INFO - 	328	70369036273.67375	0	11.15174674987793	8896.919269323349	1284	553	6203.434086561203	984

2024-05-22 16:45:52,592 - INFO - 	329	69062967002.75426	0	11.235635042190552	8899.196169137955	1287	553	6205.295422077179	987

2024-05-22 16:45:54,762 - INFO - 	330	68244386722.518974	0	11.314992904663086	8901.365121126175	1290	553	6207.058572053909	990

2024-05-22 16:45:57,165 - INFO - 	331	66838183911.60028	0	11.401410818099976	8903.768015146255	1293	553	6209.017245054245	993

2024-05-22 16:45:59,311 - INFO - 	332	65902883266.120605	0	11.489614486694336	8905.912816047668	1296	553	6210.736631631851	996

2024-05-22 16:46:01,492 - INFO - 	333	64707210767.70756	0	11.518745422363281	8908.093256235123	1299	553	6212.552822828293	999

2024-05-22 16:46:03,601 - INFO - 	334	62035958972.09468	0	11.604286193847656	8910.20226764679	1302	553	6214.241301774979	1002

2024-05-22 16:46:05,134 - INFO - 	335	60588482401.77503	0	11.693660020828247	8911.735675573349	1305	553	6215.348988771439	1005

2024-05-22 16:46:07,456 - INFO - 	336	59350308520.778275	0	11.792935848236084	8914.05686378479	1308	553	6217.235015630722	1008

2024-05-22 16:46:09,634 - INFO - 	337	55670980478.76498	0	11.883296012878418	8916.23455786705	1311	553	6218.9986798763275	1011

2024-05-22 16:46:11,996 - INFO - 	338	48774054725.05012	0	12.029850721359253	8918.597008228302	1314	553	6220.876754522324	1014

2024-05-22 16:46:14,402 - INFO - 	339	47614192049.9517	0	12.116840839385986	8921.00217628479	1317	553	6222.872139215469	1017

2024-05-22 16:46:16,739 - INFO - 	340	45799755264.26345	0	12.206949710845947	8923.33945608139	1320	553	6224.79451751709	1020

2024-05-22 16:46:18,245 - INFO - 	341	42916254056.88587	0	12.318026781082153	8924.844694137573	1323	553	6225.855666399002	1023

2024-05-22 16:46:20,500 - INFO - 	342	40899840838.43478	0	12.446048736572266	8927.099466085434	1326	553	6227.656546592712	1026

2024-05-22 16:46:22,768 - INFO - 	343	39621643177.591255	0	12.534612655639648	8929.36717414856	1329	553	6229.507644414902	1029

2024-05-22 16:46:25,018 - INFO - 	344	36645474958.2962	0	12.635698556900024	8931.617008209229	1332	553	6231.316039800644	1032

2024-05-22 16:46:27,100 - INFO - 	345	28133100795.635086	0	12.710607528686523	8933.698999404907	1335	553	6233.003667831421	1035

2024-05-22 16:46:29,382 - INFO - 	346	26773280080.94735	0	12.808722734451294	8935.981000185013	1338	553	6234.868880987167	1038

2024-05-22 16:46:31,651 - INFO - 	347	25150778339.620808	0	12.88663363456726	8938.2485704422	1341	553	6236.730771064758	1041

2024-05-22 16:46:33,252 - INFO - 	348	23228890102.933777	0	12.983102560043335	8939.849543571472	1344	553	6237.915521860123	1044

2024-05-22 16:46:35,497 - INFO - 	349	22338842516.694115	0	13.073913812637329	8942.095143556595	1347	553	6239.746716976166	1047

2024-05-22 16:46:37,702 - INFO - 	350	21628063609.973537	0	13.152130842208862	8944.299384355545	1350	553	6241.555782079697	1050

2024-05-22 16:46:39,860 - INFO - 	351	20000001095.43418	0	13.186920881271362	8946.456903457642	1353	553	6243.361751317978	1053

2024-05-22 16:46:42,415 - INFO - 	352	6079588192.418323	0	13.207891702651978	8949.011134624481	1356	553	6245.572040081024	1056

2024-05-22 16:46:44,651 - INFO - 	353	4080220426.695268	0	13.299400568008423	8951.247264623642	1359	553	6247.399482488632	1059

2024-05-22 16:46:46,102 - INFO - 	354	3009547160.1809125	0	13.33369779586792	8952.69853234291	1362	553	6248.500895738602	1062

2024-05-22 16:46:48,343 - INFO - 	355	2241295915.1897087	0	13.443747997283936	8954.93889260292	1365	553	6250.315380096436	1065

2024-05-22 16:46:50,579 - INFO - 	356	408620633.82411546	0	13.532938957214355	8957.174482345581	1368	553	6252.136736869812	1068

2024-05-22 16:46:52,667 - INFO - 	357	1119.7676251377452	0	13.565269947052002	8959.26314330101	1371	553	6253.872047662735	1071

2024-05-22 16:46:55,182 - INFO - 	358	1099.7275749756739	0	13.588799953460693	8961.777750492096	1374	553	6256.0436363220215	1074

2024-05-22 16:46:57,760 - INFO - 	359	1099.2765648981788	0	13.601083993911743	8964.35526227951	1377	553	6258.290039777756	1077

2024-05-22 16:47:00,390 - INFO - 	360	1085.9322229308002	0	13.625030994415283	8966.985927343369	1380	553	6260.5751786231995	1080

2024-05-22 16:47:03,013 - INFO - 	361	1060.7261255880048	0	13.657301902770996	8969.60799908638	1383	553	6262.841437339783	1083

2024-05-22 16:47:04,883 - INFO - 	362	1054.3242481875047	0	13.683215141296387	8971.4786901474	1386	553	6264.362926483154	1086

2024-05-22 16:47:07,460 - INFO - 	363	1047.0498316232745	0	13.702810049057007	8974.054614305496	1389	553	6266.599197626114	1089

2024-05-22 16:47:10,358 - INFO - 	364	1038.6960067557413	0	13.726125001907349	8976.951650381088	1392	553	6269.1286444664	1092

2024-05-22 16:47:13,125 - INFO - 	365	1034.0166440857301	0	13.746510982513428	8979.717715263367	1395	553	6271.421957492828	1095

2024-05-22 16:47:15,753 - INFO - 	366	1027.8321269437783	0	13.766483068466187	8982.34549832344	1398	553	6273.685002088547	1098

2024-05-22 16:47:18,356 - INFO - 	367	1026.0568995298654	0	13.786470174789429	8984.947936296463	1401	553	6275.947663068771	1101

2024-05-22 16:47:20,917 - INFO - 	368	1019.108386928248	0	13.810230255126953	8987.508549451828	1404	553	6278.1669664382935	1104

2024-05-22 16:47:22,784 - INFO - 	369	1012.2089478383803	0	13.84113597869873	8989.375702619553	1407	553	6279.6794464588165	1107

2024-05-22 16:47:25,367 - INFO - 	370	1006.691743755958	0	13.857403993606567	8991.958604812622	1410	553	6281.928325653076	1110

2024-05-22 16:47:27,855 - INFO - 	371	1003.3389488116698	0	13.886082172393799	8994.44663476944	1413	553	6284.063906908035	1113

2024-05-22 16:47:30,379 - INFO - 	372	993.9857910482273	0	13.909666299819946	8996.969986915588	1416	553	6286.247627735138	1116

2024-05-22 16:47:33,039 - INFO - 	373	987.5010711786197	0	13.929761409759521	8999.629997730255	1419	553	6288.565314054489	1119

2024-05-22 16:47:35,628 - INFO - 	374	981.4411300221635	0	13.953129529953003	9002.21875166893	1422	553	6290.808816194534	1122

2024-05-22 16:47:38,283 - INFO - 	375	975.852841115637	0	13.976590394973755	9004.873282909393	1425	553	6293.119380474091	1125

2024-05-22 16:47:41,212 - INFO - 	376	973.7833566837332	0	13.994483470916748	9007.802685022354	1428	553	6295.674018621445	1128

2024-05-22 16:47:43,071 - INFO - 	377	969.2518343423574	0	14.012795448303223	9009.661123275757	1431	553	6297.189071655273	1131

2024-05-22 16:47:45,686 - INFO - 	378	968.5960638255445	0	14.030150413513184	9012.27598118782	1434	553	6299.4675369262695	1134

2024-05-22 16:47:48,444 - INFO - 	379	962.7671681430759	0	14.058607339859009	9015.033136367798	1437	553	6301.745151519775	1137

2024-05-22 16:47:51,068 - INFO - 	380	956.7175987368456	0	14.084012269973755	9017.657209157944	1440	553	6303.987755775452	1140

2024-05-22 16:47:53,654 - INFO - 	381	953.7717992362442	0	14.102843523025513	9020.24310016632	1443	553	6306.231465339661	1143

2024-05-22 16:47:56,278 - INFO - 	382	949.2938014298169	0	14.135592460632324	9022.866436958313	1446	553	6308.497171163559	1146

2024-05-22 16:47:59,095 - INFO - 	383	946.1599837770507	0	14.164182662963867	9025.683723211288	1449	553	6310.932443857193	1149

2024-05-22 16:48:01,727 - INFO - 	384	941.4104993351933	0	14.193662643432617	9028.31523013115	1452	553	6313.133239507675	1152

2024-05-22 16:48:04,307 - INFO - 	385	937.7893964616748	0	14.20967435836792	9030.895182132721	1455	553	6315.336751461029	1155

2024-05-22 16:48:06,144 - INFO - 	386	935.1512394277671	0	14.236436367034912	9032.731703042984	1458	553	6316.827939987183	1158

2024-05-22 16:48:08,638 - INFO - 	387	928.6864767756563	0	14.262705326080322	9035.2259619236	1461	553	6318.9724287986755	1161

2024-05-22 16:48:11,269 - INFO - 	388	921.5903168527142	0	14.295371055603027	9037.85646724701	1464	553	6321.240566968918	1164

2024-05-22 16:48:13,833 - INFO - 	389	914.3875498817416	0	14.318135261535645	9040.4206533432	1467	553	6323.447682380676	1167

2024-05-22 16:48:16,323 - INFO - 	390	910.247720872874	0	14.344821214675903	9042.909443378448	1470	553	6325.592468261719	1170

2024-05-22 16:48:18,856 - INFO - 	391	906.7021183525554	0	14.3733229637146	9045.442435503006	1473	553	6327.779359579086	1173

2024-05-22 16:48:21,601 - INFO - 	392	902.1044343374311	0	14.394284725189209	9048.187901496887	1476	553	6330.1518034935	1176

2024-05-22 16:48:24,288 - INFO - 	393	898.4369200093355	0	14.41849684715271	9050.87355875969	1479	553	6332.437809228897	1179

2024-05-22 16:48:26,175 - INFO - 	394	894.5021005069274	0	14.440634965896606	9052.760803699493	1482	553	6333.9750282764435	1182

2024-05-22 16:48:28,782 - INFO - 	395	892.2631898769871	0	14.466665983200073	9055.367794513702	1485	553	6336.234549999237	1185

2024-05-22 16:48:31,396 - INFO - 	396	888.8963695854285	0	14.497058153152466	9057.981720685959	1488	553	6338.498694181442	1188

2024-05-22 16:48:33,938 - INFO - 	397	886.4340337186268	0	14.521828174591064	9060.522641658783	1491	553	6340.692974328995	1191

2024-05-22 16:48:36,488 - INFO - 	398	885.571417822907	0	14.54514217376709	9063.073001623154	1494	553	6342.900664329529	1194

2024-05-22 16:48:39,106 - INFO - 	399	884.3623820290419	0	14.5665123462677	9065.690089702606	1497	553	6345.170602321625	1197

2024-05-22 16:48:41,790 - INFO - 	400	883.4548586493877	0	14.58789849281311	9068.373317956924	1500	553	6347.51660823822	1200

2024-05-22 16:48:44,397 - INFO - 	401	882.7291978235338	0	14.61190938949585	9070.98076915741	1503	553	6349.770573139191	1203

2024-05-22 16:48:47,037 - INFO - 	402	881.3767971020973	0	14.633185386657715	9073.620343208313	1506	553	6352.071770191193	1206

2024-05-22 16:48:49,644 - INFO - 	403	878.7876533069542	0	14.658255338668823	9076.226681947708	1509	553	6354.324744224548	1209

2024-05-22 16:48:51,508 - INFO - 	404	877.3119501921905	0	14.685859203338623	9078.090889692307	1512	553	6355.838217973709	1212

2024-05-22 16:48:54,074 - INFO - 	405	875.6043715716606	0	14.711981296539307	9080.656414747238	1515	553	6358.059780359268	1215

2024-05-22 16:48:56,750 - INFO - 	406	874.5010147175637	0	14.738017559051514	9083.332736968994	1518	553	6360.382026672363	1218

2024-05-22 16:48:59,402 - INFO - 	407	873.3856725908504	0	14.755855798721313	9085.983940124512	1521	553	6362.695674657822	1221

2024-05-22 16:49:01,943 - INFO - 	408	872.1957763707459	0	14.776643753051758	9088.524812221527	1524	553	6364.889804601669	1224

2024-05-22 16:49:04,465 - INFO - 	409	871.0727794306529	0	14.796482801437378	9091.046476125717	1527	553	6367.076216459274	1227

2024-05-22 16:49:07,071 - INFO - 	410	870.1052837142568	0	14.820744752883911	9093.652458190918	1530	553	6369.33571100235	1230

2024-05-22 16:49:09,742 - INFO - 	411	868.9190546671534	0	14.841211795806885	9096.322810411453	1533	553	6371.667788267136	1233

2024-05-22 16:49:12,307 - INFO - 	412	867.772345896409	0	14.859991788864136	9098.886477470398	1536	553	6373.894108057022	1236

2024-05-22 16:49:14,137 - INFO - 	413	866.6201014245404	0	14.88196873664856	9100.716013431549	1539	553	6375.385024309158	1239

2024-05-22 16:49:16,653 - INFO - 	414	865.6710239002936	0	14.906502723693848	9103.231190443039	1542	553	6377.550677061081	1242

2024-05-22 16:49:19,293 - INFO - 	415	865.3996498449585	0	14.92000150680542	9105.871857643127	1545	553	6379.838230371475	1245

2024-05-22 16:49:21,927 - INFO - 	416	864.8640009655039	0	14.9421067237854	9108.505432367325	1548	553	6382.124615430832	1248

2024-05-22 16:49:24,533 - INFO - 	417	863.5502978792467	0	14.960699558258057	9111.110512256622	1551	553	6384.39634847641	1251

2024-05-22 16:49:27,623 - INFO - 	418	862.4231070644336	0	14.984370708465576	9114.200348377228	1554	553	6387.117294788361	1254

2024-05-22 16:49:30,669 - INFO - 	419	861.8119424312899	0	15.001678466796875	9117.246551275253	1557	553	6389.810440063477	1257

2024-05-22 16:49:33,700 - INFO - 	420	860.3512013706022	0	15.023646354675293	9120.277485132217	1560	553	6392.456941127777	1260

2024-05-22 16:49:36,500 - INFO - 	421	859.2243474010007	0	15.047991514205933	9123.076874256134	1563	553	6394.896375417709	1263

2024-05-22 16:49:39,185 - INFO - 	422	858.4317710559653	0	15.076240301132202	9125.7617623806	1566	553	6397.189202308655	1266

2024-05-22 16:49:41,252 - INFO - 	423	858.3154077346738	0	15.086456537246704	9127.828216314316	1569	553	6398.860441684723	1269

2024-05-22 16:49:43,964 - INFO - 	424	858.0732317030942	0	15.109925746917725	9130.539867401123	1572	553	6401.1824498176575	1272

2024-05-22 16:49:46,583 - INFO - 	425	857.1272131574511	0	15.133849859237671	9133.158655405045	1575	553	6403.454487085342	1275

2024-05-22 16:49:49,376 - INFO - 	426	856.0193328805733	0	15.151958703994751	9135.951044559479	1578	553	6405.86804151535	1278

2024-05-22 16:49:52,031 - INFO - 	427	855.2811753915948	0	15.17427372932434	9138.606686353683	1581	553	6408.146043300629	1281

2024-05-22 16:49:54,747 - INFO - 	428	854.5760517614486	0	15.192159652709961	9141.321503400803	1584	553	6410.512952566147	1284

2024-05-22 16:49:57,417 - INFO - 	429	852.9039398988789	0	15.208015441894531	9143.991309404373	1587	553	6412.836376428604	1287

2024-05-22 16:50:00,053 - INFO - 	430	851.9697209069008	0	15.228322744369507	9146.62784910202	1590	553	6415.1322910785675	1290

2024-05-22 16:50:02,707 - INFO - 	431	851.1042711474062	0	15.249171018600464	9149.281468153	1593	553	6417.439097166061	1293

2024-05-22 16:50:05,488 - INFO - 	432	850.1822756618952	0	15.276029109954834	9152.062198162079	1596	553	6419.873815774918	1296

2024-05-22 16:50:07,417 - INFO - 	433	849.5583241330298	0	15.299800157546997	9153.991514205933	1599	553	6421.457135677338	1299

2024-05-22 16:50:10,006 - INFO - 	434	848.8803005843562	0	15.315889358520508	9156.57947230339	1602	553	6423.69450879097	1302

2024-05-22 16:50:12,627 - INFO - 	435	847.9976380380277	0	15.335065364837646	9159.200734376907	1605	553	6425.970184326172	1305

2024-05-22 16:50:15,278 - INFO - 	436	847.2291953688857	0	15.355197429656982	9161.851429462433	1608	553	6428.276778459549	1308

2024-05-22 16:50:17,950 - INFO - 	437	846.8061415091407	0	15.37538766860962	9164.52279162407	1611	553	6430.6084134578705	1311

2024-05-22 16:50:20,515 - INFO - 	438	846.5711778066114	0	15.393167972564697	9167.08655166626	1614	553	6432.83593082428	1314

2024-05-22 16:50:23,197 - INFO - 	439	846.1415666092977	0	15.412466049194336	9169.768981456757	1617	553	6435.184009075165	1317

2024-05-22 16:50:25,894 - INFO - 	440	845.6766299480083	0	15.4321870803833	9172.4651324749	1620	553	6437.533341884613	1320

2024-05-22 16:50:28,594 - INFO - 	441	845.1261350089723	0	15.453842163085938	9175.165514469147	1623	553	6439.88796210289	1323

2024-05-22 16:50:30,553 - INFO - 	442	844.8638979642164	0	15.471830129623413	9177.124120473862	1626	553	6441.495632410049	1326

2024-05-22 16:50:33,205 - INFO - 	443	844.3114203335522	0	15.498675107955933	9179.775584459305	1629	553	6443.791854143143	1329

2024-05-22 16:50:36,005 - INFO - 	444	844.100449323391	0	15.51726508140564	9182.575657606125	1632	553	6446.248920679092	1332

2024-05-22 16:50:38,714 - INFO - 	445	843.7248967243029	0	15.534006357192993	9185.284583330154	1635	553	6448.589134693146	1335

2024-05-22 16:50:41,436 - INFO - 	446	843.5036065337719	0	15.551781177520752	9188.00666642189	1638	553	6450.949114322662	1338

2024-05-22 16:50:44,153 - INFO - 	447	843.2925817932203	0	15.570252418518066	9190.723149061203	1641	553	6453.312711238861	1341

2024-05-22 16:50:46,844 - INFO - 	448	842.8943444144146	0	15.595928430557251	9193.413353919983	1644	553	6455.645675420761	1344

2024-05-22 16:50:49,540 - INFO - 	449	842.4888733332172	0	15.614080429077148	9196.109160900116	1647	553	6458.001044988632	1347

2024-05-22 16:50:52,205 - INFO - 	450	842.1672703446064	0	15.641479253768921	9198.773663520813	1650	553	6460.317140579224	1350

2024-05-22 16:50:54,979 - INFO - 	451	841.9961378987526	0	15.664204120635986	9201.546815633774	1653	553	6462.735547304153	1353

2024-05-22 16:50:57,754 - INFO - 	452	841.8714743387657	0	15.680867195129395	9204.32143855095	1656	553	6465.133019447327	1356

2024-05-22 16:51:00,625 - INFO - 	453	841.5442707496144	0	15.705567121505737	9207.192022562027	1659	553	6467.620337724686	1359

2024-05-22 16:51:03,361 - INFO - 	454	841.544270749614	0	15.711144924163818	9209.92822766304	1662	553	6470.017687320709	1362

2024-05-22 16:51:05,502 - INFO - 	455	841.0030789376805	0	15.736173629760742	9212.068477630615	1665	553	6471.794932603836	1365

2024-05-22 16:51:08,616 - INFO - 	456	840.7391925826814	0	15.758503675460815	9215.18237876892	1668	553	6474.423320531845	1368

2024-05-22 16:51:11,468 - INFO - 	457	840.2393770335666	0	15.779135704040527	9218.033858776093	1671	553	6476.881076574326	1371

2024-05-22 16:51:14,206 - INFO - 	458	840.0491029396336	0	15.799158573150635	9220.771576881409	1674	553	6479.2328016757965	1374

2024-05-22 16:51:16,852 - INFO - 	459	839.8139195058321	0	15.818625688552856	9223.41715168953	1677	553	6481.522850751877	1377

2024-05-22 16:51:19,511 - INFO - 	460	839.7091561385039	0	15.841205835342407	9226.075870752335	1680	553	6483.824925661087	1380

2024-05-22 16:51:22,114 - INFO - 	461	839.4698063048622	0	15.867887020111084	9228.679116487503	1683	553	6486.073459386826	1383

2024-05-22 16:51:24,701 - INFO - 	462	839.1943780304154	0	15.901976108551025	9231.265283346176	1686	553	6488.304043531418	1386

2024-05-22 16:51:27,335 - INFO - 	463	839.0000000000001	0	15.929668188095093	9233.899272441864	1689	553	6490.58721280098	1389

2024-05-22 16:51:49,045 - INFO - 	464	836.1245543078494	19.795550107955933	15.970303058624268	9255.608938455582	1692	553	6492.139280557632	1390

2024-05-22 16:51:51,679 - INFO - 	465	835.248128865176	19.795550107955933	15.997104167938232	9258.242102622986	1695	553	6494.410563707352	1393

2024-05-22 16:51:54,370 - INFO - 	466	833.9881504857431	19.795550107955933	16.025572299957275	9260.93238568306	1698	553	6496.7528755664825	1396

2024-05-22 16:51:56,994 - INFO - 	467	833.5156692878162	19.795550107955933	16.04657244682312	9263.556188821793	1701	553	6499.021991491318	1399

2024-05-22 16:51:59,709 - INFO - 	468	833.0780102895276	19.795550107955933	16.07013440132141	9266.270629167557	1704	553	6501.39114522934	1402

2024-05-22 16:52:02,364 - INFO - 	469	832.6001961151903	19.795550107955933	16.104076385498047	9268.92539525032	1707	553	6503.685746192932	1405

2024-05-22 16:52:04,742 - INFO - 	470	832.043215848793	19.795550107955933	16.140366315841675	9271.302942276001	1710	553	6505.702543497086	1408

2024-05-22 16:52:07,854 - INFO - 	471	831.9995290304914	19.795550107955933	16.15204358100891	9274.413318395615	1713	553	6508.186057806015	1411

2024-05-22 16:52:10,610 - INFO - 	472	831.7525755922013	19.795550107955933	16.176764488220215	9277.169454574585	1716	553	6510.564982652664	1414

2024-05-22 16:52:13,352 - INFO - 	473	831.500135855955	19.795550107955933	16.199740648269653	9279.911231517792	1719	553	6512.9567041397095	1417

2024-05-22 16:52:15,997 - INFO - 	474	831.3073198976517	19.795550107955933	16.222941637039185	9282.556258678436	1722	553	6515.252653598785	1420

2024-05-22 16:52:19,073 - INFO - 	475	831.1805300492485	19.795550107955933	16.24148178100586	9285.632429599762	1725	553	6517.969481468201	1423

2024-05-22 16:52:22,415 - INFO - 	476	831.066716278847	19.795550107955933	16.254198789596558	9288.973152637482	1728	553	6520.740722179413	1426

2024-05-22 16:52:25,517 - INFO - 	477	831.0000000000001	19.795550107955933	16.279515743255615	9292.075237512589	1731	553	6523.255037307739	1429

2024-05-22 16:52:50,941 - INFO - 	478	831.0000000000003	40.82826018333435	16.305439710617065	9317.498289346695	1734	553	6527.265124082565	1430

2024-05-22 16:53:29,969 - INFO - 	479	829.6572775367488	77.69102215766907	16.336805820465088	9356.525364160538	1737	553	6528.847728729248	1430

2024-05-22 16:53:32,863 - INFO - 	480	828.7351736202924	77.69102215766907	16.357366800308228	9359.418293952942	1740	553	6531.288035869598	1433

2024-05-22 16:53:35,564 - INFO - 	481	828.559845513827	77.69102215766907	16.371634006500244	9362.119122982025	1743	553	6533.643681049347	1436

2024-05-22 16:53:38,252 - INFO - 	482	827.8143349987154	77.69102215766907	16.397572994232178	9364.807121753693	1746	553	6535.968691110611	1439

2024-05-22 16:53:40,949 - INFO - 	483	827.6440693458229	77.69102215766907	16.418287992477417	9367.50358080864	1749	553	6538.321540355682	1442

2024-05-22 16:53:43,568 - INFO - 	484	826.9396523806985	77.69102215766907	16.44452404975891	9370.121740579605	1752	553	6540.591221570969	1445

2024-05-22 16:53:45,543 - INFO - 	485	826.46858938288	77.69102215766907	16.465522050857544	9372.096892356873	1755	553	6542.2217309474945	1448

2024-05-22 16:53:48,170 - INFO - 	486	825.9952703305565	77.69102215766907	16.49490714073181	9374.723521232605	1758	553	6544.494285821915	1451

2024-05-22 16:53:50,816 - INFO - 	487	825.9346794795838	77.69102215766907	16.511178970336914	9377.369712352753	1761	553	6546.78880572319	1454

2024-05-22 16:53:53,514 - INFO - 	488	825.5215484610669	77.69102215766907	16.53002095222473	9380.066843271255	1764	553	6549.1301918029785	1457

2024-05-22 16:53:56,161 - INFO - 	489	825.262186228823	77.69102215766907	16.54715919494629	9382.71314406395	1767	553	6551.420399427414	1460

2024-05-22 16:53:58,870 - INFO - 	490	825.0615622284184	77.69102215766907	16.567877292633057	9385.422526836395	1770	553	6553.783912420273	1463

2024-05-22 16:54:01,469 - INFO - 	491	824.7998909027216	77.69102215766907	16.590302228927612	9388.021050691605	1773	553	6556.038397073746	1466

2024-05-22 16:54:04,244 - INFO - 	492	824.7017298281421	77.69102215766907	16.606951236724854	9390.795709848404	1776	553	6558.454955339432	1469

2024-05-22 16:54:07,077 - INFO - 	493	824.5123277607175	77.69102215766907	16.619959354400635	9393.628116607666	1779	553	6560.941702365875	1472

2024-05-22 16:54:09,156 - INFO - 	494	824.2241920927848	77.69102215766907	16.654693365097046	9395.707256555557	1782	553	6562.642415523529	1475

2024-05-22 16:54:12,100 - INFO - 	495	824.0417422214997	77.69102215766907	16.673490285873413	9398.650705337524	1785	553	6565.225888490677	1478

2024-05-22 16:54:15,220 - INFO - 	496	823.7188156552381	77.69102215766907	16.705888986587524	9401.770161151886	1788	553	6567.946836471558	1481

2024-05-22 16:54:18,169 - INFO - 	497	823.3062044563345	77.69102215766907	16.7320659160614	9404.719071388245	1791	553	6570.483254671097	1484

2024-05-22 16:54:20,917 - INFO - 	498	822.9999999999993	77.69102215766907	16.754310846328735	9407.466791391373	1794	553	6572.876418590546	1487

2024-05-22 16:54:23,701 - INFO - 	499	823.0000000000003	77.69102215766907	16.784294843673706	9410.250641345978	1797	553	6575.2638256549835	1490

2024-05-22 16:55:05,312 - INFO - 	500	823.0000000000001	115.4369330406189	16.80588388442993	9451.861909389496	1800	553	6578.768944740295	1490

2024-05-22 16:55:24,976 - INFO - 	501	822.6248419461527	132.88339018821716	16.84355401992798	9471.523868322372	1803	553	6580.576952695847	1492

2024-05-22 16:55:27,941 - INFO - 	502	822.1955776375875	132.88339018821716	16.861940383911133	9474.48797750473	1806	553	6583.155862569809	1495

2024-05-22 16:55:30,885 - INFO - 	503	821.7828322413849	132.88339018821716	16.88753342628479	9477.43195939064	1809	553	6585.635290622711	1498

2024-05-22 16:55:33,622 - INFO - 	504	821.6285388948089	132.88339018821716	16.90581750869751	9480.168281316757	1812	553	6587.979051828384	1501

2024-05-22 16:55:36,437 - INFO - 	505	821.3631166903737	132.88339018821716	16.931572675704956	9482.983582019806	1815	553	6590.4037981033325	1504

2024-05-22 16:55:39,089 - INFO - 	506	821.1829558223343	132.88339018821716	16.96301293373108	9485.635451316833	1818	553	6592.672219276428	1507

2024-05-22 16:55:41,870 - INFO - 	507	821.0745397570959	132.88339018821716	16.979094743728638	9488.415631532669	1821	553	6595.111812353134	1510

2024-05-22 16:55:44,627 - INFO - 	508	820.9999999999998	132.88339018821716	17.005034685134888	9491.172558546066	1824	553	6597.499586343765	1513

2024-05-22 16:56:29,619 - INFO - 	509	821.0000000000003	173.87404131889343	17.03672742843628	9536.163618564606	1827	553	6601.135280370712	1513

2024-05-22 16:57:15,422 - INFO - 	510	820.9999999999998	216.33788919448853	17.055655479431152	9581.966357707977	1830	553	6603.884199857712	1513

2024-05-22 16:57:58,350 - INFO - 	511	820.9999999999998	257.1891484260559	17.079062461853027	9624.892623662949	1831	553	6605.573702096939	1513

2024-05-22 16:58:23,867 - INFO - 	512	821.0000000000007	279.7862181663513	17.121479511260986	9650.409046649933	1834	553	6608.089819908142	1514

2024-05-22 16:59:04,747 - INFO - 	513	821.0000000000002	317.8747751712799	17.145021438598633	9691.28818655014	1835	553	6610.507810115814	1514

2024-05-22 16:59:50,694 - INFO - 	514	820.9999999999999	360.4177260398865	17.154112339019775	9737.233689546585	1836	553	6613.447081327438	1514

2024-05-22 17:00:38,326 - INFO - 	515	820.5151216659291	404.7883505821228	17.18209743499756	9784.864263534546	1837	553	6616.053251981735	1514

2024-05-22 17:00:41,454 - INFO - 	516	820.3059617063255	404.7883505821228	17.205178260803223	9787.990630626678	1840	553	6618.508715867996	1517

2024-05-22 17:00:44,165 - INFO - 	517	820.1506975928417	404.7883505821228	17.227067470550537	9790.70163154602	1843	553	6620.861630678177	1520

2024-05-22 17:00:47,254 - INFO - 	518	819.9811336170158	404.7883505821228	17.25491428375244	9793.7906665802	1846	553	6623.437460422516	1523

2024-05-22 17:00:49,973 - INFO - 	519	819.8501608629252	404.7883505821228	17.289648294448853	9796.509847640991	1849	553	6625.760152578354	1526

2024-05-22 17:00:52,620 - INFO - 	520	819.7591979644396	404.7883505821228	17.325647115707397	9799.156758785248	1852	553	6628.043721199036	1529

2024-05-22 17:00:55,290 - INFO - 	521	819.7085013541742	404.7883505821228	17.344091176986694	9801.826056957245	1855	553	6630.358594179153	1532

2024-05-22 17:00:57,971 - INFO - 	522	819.5970788898428	404.7883505821228	17.367915153503418	9804.506947278976	1858	553	6632.682880163193	1535

2024-05-22 17:01:00,730 - INFO - 	523	819.5032367742391	404.7883505821228	17.395273208618164	9807.265832424164	1861	553	6635.069172620773	1538

2024-05-22 17:01:02,642 - INFO - 	524	819.4403823244846	404.7883505821228	17.41643214225769	9809.177425384521	1864	553	6636.630866527557	1541

2024-05-22 17:01:05,278 - INFO - 	525	819.4035160331767	404.7883505821228	17.436138153076172	9811.81302022934	1867	553	6638.9222683906555	1544

2024-05-22 17:01:07,912 - INFO - 	526	819.3472854974927	404.7883505821228	17.46069598197937	9814.447350263596	1870	553	6641.211003303528	1547

2024-05-22 17:01:10,735 - INFO - 	527	819.2729766044121	404.7883505821228	17.475844144821167	9817.26960515976	1873	553	6643.658781290054	1550

2024-05-22 17:01:13,735 - INFO - 	528	819.1967684981962	404.7883505821228	17.495612144470215	9820.269906044006	1876	553	6646.264854431152	1553

2024-05-22 17:01:16,405 - INFO - 	529	819.111870946519	404.7883505821228	17.523629426956177	9822.938663959503	1879	553	6648.5637283325195	1556

2024-05-22 17:01:19,028 - INFO - 	530	819.0846070752561	404.7883505821228	17.541571378707886	9825.560914993286	1882	553	6650.797518253326	1559

2024-05-22 17:01:21,912 - INFO - 	531	819.0156428955186	404.7883505821228	17.574658632278442	9828.445171117783	1885	553	6653.264839172363	1562

2024-05-22 17:01:24,835 - INFO - 	532	819.0000000000006	404.7883505821228	17.59602975845337	9831.367611169815	1888	553	6655.757311820984	1565

2024-05-22 17:01:48,921 - INFO - 	533	818.9999999999999	426.7860703468323	17.621293783187866	9855.453205108643	1891	553	6657.4443480968475	1566

2024-05-22 17:02:35,792 - INFO - 	534	818.9999999999997	470.36923694610596	17.642406940460205	9902.323451280594	1892	553	6660.143688440323	1566

2024-05-22 17:03:19,008 - INFO - 	535	818.9999999999993	509.8276779651642	17.66342782974243	9945.537972450256	1893	553	6663.441015720367	1566

2024-05-22 17:03:58,537 - INFO - 	536	819.0000000000005	547.2737197875977	17.678311586380005	9985.06539440155	1896	553	6665.1362047195435	1566

2024-05-22 17:34:39,735 - INFO - 	537	819.0000000000005	2386.4531524181366	17.687145709991455	11826.26263833046	1897	553	6666.79395866394	1566

2024-05-22 17:50:20,936 - INFO - 
ya no tiene columnas con costo reducido negative
2024-05-22 17:50:20,946 - INFO - Set parameter OutputFlag to value 1
2024-05-22 17:50:20,947 - INFO - Set parameter LogFile to value "logs_new/salida_modelo_caminos_300_123.log"
2024-05-22 17:50:20,948 - INFO - Set parameter TimeLimit to value 7200
2024-05-22 17:50:20,948 - INFO - Gurobi Optimizer version 11.0.1 build v11.0.1rc0 (mac64[arm] - Darwin 23.4.0 23E224)
2024-05-22 17:50:20,949 - INFO - 
2024-05-22 17:50:20,949 - INFO - CPU model: Apple M2
2024-05-22 17:50:20,949 - INFO - Thread count: 8 physical cores, 8 logical processors, using up to 8 threads
2024-05-22 17:50:20,950 - INFO - 
2024-05-22 17:50:20,950 - INFO - Optimize a model with 553 rows, 1897 columns and 11014 nonzeros
2024-05-22 17:50:20,950 - INFO - Coefficient statistics:
2024-05-22 17:50:20,951 - INFO -   Matrix range     [1e+00, 1e+00]
2024-05-22 17:50:20,951 - INFO -   Objective range  [2e+00, 1e+10]
2024-05-22 17:50:20,951 - INFO -   Bounds range     [0e+00, 0e+00]
2024-05-22 17:50:20,952 - INFO -   RHS range        [1e+00, 2e+02]
2024-05-22 17:50:20,952 - INFO - Warning: Model contains large objective coefficients
2024-05-22 17:50:20,952 - INFO -          Consider reformulating model or setting NumericFocus parameter
2024-05-22 17:50:20,953 - INFO -          to avoid numerical issues.
2024-05-22 17:50:20,953 - INFO - 
2024-05-22 17:50:20,954 - INFO - Solved in 0 iterations and 0.00 seconds (0.00 work units)
2024-05-22 17:50:20,954 - INFO - Optimal objective  8.190000000e+02
2024-05-22 17:50:20,957 - INFO - Gurobi Optimizer version 11.0.1 build v11.0.1rc0 (mac64[arm] - Darwin 23.4.0 23E224)
2024-05-22 17:50:20,958 - INFO - 
2024-05-22 17:50:20,958 - INFO - CPU model: Apple M2
2024-05-22 17:50:20,959 - INFO - Thread count: 8 physical cores, 8 logical processors, using up to 8 threads
2024-05-22 17:50:20,959 - INFO - 
2024-05-22 17:50:20,959 - INFO - Optimize a model with 553 rows, 1897 columns and 11014 nonzeros
2024-05-22 17:50:20,960 - INFO - Model fingerprint: 0xaa2424bf
2024-05-22 17:50:20,961 - INFO - Variable types: 0 continuous, 1897 integer (1897 binary)
2024-05-22 17:50:20,961 - INFO - Coefficient statistics:
2024-05-22 17:50:20,962 - INFO -   Matrix range     [1e+00, 1e+00]
2024-05-22 17:50:20,962 - INFO -   Objective range  [2e+00, 1e+10]
2024-05-22 17:50:20,962 - INFO -   Bounds range     [0e+00, 0e+00]
2024-05-22 17:50:20,963 - INFO -   RHS range        [1e+00, 2e+02]
2024-05-22 17:50:20,963 - INFO - Warning: Model contains large objective coefficients
2024-05-22 17:50:20,964 - INFO -          Consider reformulating model or setting NumericFocus parameter
2024-05-22 17:50:20,964 - INFO -          to avoid numerical issues.
2024-05-22 17:50:20,966 - INFO - Found heuristic solution: objective 3.000000e+12
2024-05-22 17:50:21,014 - INFO - Presolve removed 250 rows and 0 columns
2024-05-22 17:50:21,016 - INFO - Presolve time: 0.04s
2024-05-22 17:50:21,020 - INFO - Presolved: 303 rows, 1897 columns, 10620 nonzeros
2024-05-22 17:50:21,040 - INFO - Variable types: 0 continuous, 1897 integer (1897 binary)
2024-05-22 17:50:21,052 - INFO - Found heuristic solution: objective 2.980000e+12
2024-05-22 17:50:21,238 - INFO - 
2024-05-22 17:50:21,238 - INFO - Root relaxation: objective 8.190000e+02, 1899 iterations, 0.18 seconds (0.23 work units)
2024-05-22 17:50:21,312 - INFO - 
2024-05-22 17:50:21,312 - INFO -     Nodes    |    Current Node    |     Objective Bounds      |     Work
2024-05-22 17:50:21,313 - INFO -  Expl Unexpl |  Obj  Depth IntInf | Incumbent    BestBd   Gap | It/Node Time
2024-05-22 17:50:21,314 - INFO - 
2024-05-22 17:50:21,314 - INFO -      0     0  819.00000    0  275 2.9800e+12  819.00000   100%     -    0s
2024-05-22 17:50:21,316 - INFO - H    0     0                    9.500000e+11  819.00000   100%     -    0s
2024-05-22 17:50:21,318 - INFO - H    0     0                    7.400000e+11  819.00000   100%     -    0s
2024-05-22 17:50:21,321 - INFO - H    0     0                    7.200000e+11  819.00000   100%     -    0s
2024-05-22 17:50:21,329 - INFO - H    0     0                    4.800000e+11  819.00000   100%     -    0s
2024-05-22 17:50:21,505 - INFO - H    0     0                    4.700000e+11  819.00000   100%     -    0s
2024-05-22 17:50:21,505 - INFO - H    0     0                    4.500000e+11  819.00000   100%     -    0s
2024-05-22 17:50:21,701 - INFO -      0     0  819.02040    0  285 4.5000e+11  819.02040   100%     -    0s
2024-05-22 17:50:22,064 - INFO -      0     0  819.78628    0  288 4.5000e+11  819.78628   100%     -    1s
2024-05-22 17:50:22,076 - INFO - H    0     0                    4.300000e+11  819.78628   100%     -    1s
2024-05-22 17:50:22,080 - INFO -      0     0  819.78628    0  291 4.3000e+11  819.78628   100%     -    1s
2024-05-22 17:50:22,250 - INFO -      0     0  819.78628    0  303 4.3000e+11  819.78628   100%     -    1s
2024-05-22 17:50:22,279 - INFO -      0     0  819.78628    0  303 4.3000e+11  819.78628   100%     -    1s
2024-05-22 17:50:22,514 - INFO - H    0     0                    4.200000e+11  819.78628   100%     -    1s
2024-05-22 17:50:22,543 - INFO - H    0     0                    3.800000e+11  819.78628   100%     -    1s
2024-05-22 17:50:22,586 - INFO -      0     2  819.78628    0  303 3.8000e+11  819.78628   100%     -    1s
2024-05-22 17:50:22,845 - INFO - H   31    40                    3.300000e+11  820.42636   100%   180    1s
2024-05-22 17:50:23,365 - INFO - H   72    80                    3.100000e+11  821.09753   100%   166    2s
2024-05-22 18:05:25,927 - INFO -    107   116  840.60426   10  287 3.1000e+11  821.50474   100%   171  904s
2024-05-22 18:05:25,931 - INFO - H  111   116                    2.600000e+11  821.50474   100%   169  904s
2024-05-22 18:05:25,984 - INFO -    115   129  842.75834   11  283 2.6000e+11  821.50474   100%   173  905s
2024-05-22 18:05:31,169 - INFO -    737   779 5.4067e+10   66  252 2.6000e+11  821.50474   100%   189  910s
2024-05-22 18:05:33,840 - INFO - H 1040  1046                    2.400000e+11  821.50474   100%   166  912s
2024-05-22 18:05:33,841 - INFO - H 1048  1046                    2.300000e+11  821.50474   100%   165  912s
2024-05-22 18:05:36,029 - INFO -   1618  1723 4.0709e+10   53  276 2.3000e+11  821.50474   100%   152  915s
2024-05-22 18:05:42,391 - INFO -   2577  2441 1.0011e+11   82  302 2.3000e+11  822.06350   100%   131  921s
2024-05-22 18:05:46,025 - INFO -   2810  2610 1.1691e+10   34  272 2.3000e+11  822.06350   100%   136  925s
2024-05-22 18:05:48,727 - INFO - H 2982  2594                    2.000000e+11  822.06350   100%   143  927s
2024-05-22 18:05:51,041 - INFO -   3178  2746 6.9677e+10   56  253 2.0000e+11  822.06350   100%   150  930s
2024-05-22 18:20:51,405 - INFO -   3205  2769 7.7922e+10   57  256 2.0000e+11  822.06350   100%   150 1830s
2024-05-22 18:20:56,324 - INFO -   3737  3075  827.69892   19  286 2.0000e+11  822.06350   100%   152 1835s
2024-05-22 18:21:02,203 - INFO -   4241  3302 2.3817e+10   60  262 2.0000e+11  822.06350   100%   151 1841s
2024-05-22 18:21:02,205 - INFO - H 4246  3172                    1.900000e+11  822.06350   100%   151 1841s
2024-05-22 18:21:06,073 - INFO -   4440  3343 1.1755e+11   77  252 1.9000e+11  822.06350   100%   150 1845s
2024-05-22 18:21:11,757 - INFO -   5284  3828  871.42483   31  280 1.9000e+11  824.41001   100%   150 1850s
2024-05-22 18:36:16,959 - INFO -   6856  4746 6.8489e+09   38  275 1.9000e+11  824.73948   100%   142 2755s
2024-05-22 18:36:22,538 - INFO -   7559  4993  863.80658   38  282 1.9000e+11  825.05999   100%   140 2761s
2024-05-22 18:36:26,377 - INFO -   9096  6239  846.36043   22  274 1.9000e+11  825.99128   100%   134 2765s
2024-05-22 18:36:31,126 - INFO -  11016  7980 6.6982e+10   90  277 1.9000e+11  825.99128   100%   129 2770s
2024-05-22 18:36:36,947 - INFO -  12833  9962 8.7542e+10   67  253 1.9000e+11  827.22013   100%   125 2775s
2024-05-22 18:51:44,170 - INFO -  13733 10232  896.17409   28  274 1.9000e+11  827.25855   100%   123 3683s
2024-05-22 18:51:47,520 - INFO -  14043 10247 1.5424e+10   42  270 1.9000e+11  827.25855   100%   123 3686s
2024-05-22 18:51:51,576 - INFO -  14261 10774  829.89254   24  278 1.9000e+11  827.27290   100%   122 3690s
2024-05-22 18:51:56,312 - INFO -  16211 12686  853.60145   29  282 1.9000e+11  827.81831   100%   119 3695s
2024-05-22 18:52:03,426 - INFO -  17528 13332  833.34102   24  280 1.9000e+11  828.03350   100%   118 3702s
2024-05-22 19:05:02,625 - INFO -  18620 14491 8.6367e+10   66  253 1.9000e+11  828.03350   100%   118 4481s
2024-05-22 19:05:06,896 - INFO -  18902 15174 7.3032e+10   70  257 1.9000e+11  828.17229   100%   117 4485s
2024-05-22 19:05:11,394 - INFO -  20760 17068 1.5193e+11  105  257 1.9000e+11  828.42682   100%   116 4490s
2024-05-22 19:05:19,152 - INFO -  22896 18147  879.98090   33  268 1.9000e+11  828.69789   100%   114 4498s
2024-05-22 19:05:22,425 - INFO -  23658 19794 1.0121e+11   92  246 1.9000e+11  828.88286   100%   114 4501s
2024-05-22 19:05:27,237 - INFO -  26835 21960 1.2656e+11   89  261 1.9000e+11  829.19716   100%   112 4506s
2024-05-22 19:20:29,335 - INFO -  27267 22614  875.24517   24  277 1.9000e+11  829.19716   100%   112 5408s
2024-05-22 19:20:31,246 - INFO -  27991 23303 1.8843e+11   68  241 1.9000e+11  829.39004   100%   112 5410s
2024-05-22 19:36:03,084 - INFO -  29695 24128 1.4361e+11  120  303 1.9000e+11  829.39004   100%   111 6342s
2024-05-22 19:36:07,091 - INFO -  29704 24134 4.2842e+10   51  306 1.9000e+11  829.39004   100%   111 6346s
2024-05-22 19:36:11,006 - INFO -  29710 24138 7.1685e+10   70  312 1.9000e+11  829.39004   100%   111 6350s
2024-05-22 19:36:16,446 - INFO -  29719 24144 1.0957e+11  114  317 1.9000e+11  829.39004   100%   111 6355s
2024-05-22 19:51:18,856 - INFO - 
2024-05-22 19:51:18,857 - INFO - Cutting planes:
2024-05-22 19:51:18,857 - INFO -   Gomory: 12
2024-05-22 19:51:18,857 - INFO -   Clique: 23
2024-05-22 19:51:18,858 - INFO -   Flow cover: 4
2024-05-22 19:51:18,859 - INFO -   Zero half: 5
2024-05-22 19:51:18,860 - INFO - 
2024-05-22 19:51:18,861 - INFO - Explored 29722 nodes (3314959 simplex iterations) in 7257.90 seconds (205.47 work units)
2024-05-22 19:51:18,861 - INFO - Thread count was 8 (of 8 available processors)
2024-05-22 19:51:18,862 - INFO - 
2024-05-22 19:51:18,863 - INFO - Solution count 10: 1.9e+11 2e+11 2.3e+11 ... 4.3e+11
2024-05-22 19:51:18,863 - INFO - 
2024-05-22 19:51:18,864 - INFO - Time limit reached
2024-05-22 19:51:18,865 - INFO - Best objective 1.900000009610e+11, best bound 8.293900441943e+02, gap 100.0000%