2024-05-24 19:10:17,200 - INFO - 	1	2720000000007.0	0	0.00015687942504882812	1.4676201343536377	283	533	0.7241437435150146	3

2024-05-24 19:10:18,029 - INFO - 	2	2640000000021.0	0	0.00041365623474121094	2.2949891090393066	286	533	1.372875690460205	6

2024-05-24 19:10:18,811 - INFO - 	3	2640000000021.0	0	0.0006706714630126953	3.076723098754883	289	533	2.025064468383789	9

2024-05-24 19:10:21,333 - INFO - 	4	2580000000026.0	0	0.0009317398071289062	5.598799228668213	292	533	4.417583227157593	12

2024-05-24 19:10:22,116 - INFO - 	5	2580000000026.0	0	0.0011897087097167969	6.38175630569458	295	533	5.071105003356934	15

2024-05-24 19:10:22,893 - INFO - 	6	2460000000037.0	0	0.0013387203216552734	7.158636569976807	298	533	5.718511581420898	18

2024-05-24 19:10:23,660 - INFO - 	7	2460000000037.0	0	0.0015897750854492188	7.926171541213989	301	533	6.356233596801758	21

2024-05-24 19:10:24,414 - INFO - 	8	2460000000037.0	0	0.0018377304077148438	8.67996621131897	304	533	6.980632543563843	24

2024-05-24 19:10:25,775 - INFO - 	9	2455000000039.0	0	0.0021240711212158203	10.040969133377075	307	533	8.212059736251831	27

2024-05-24 19:10:26,552 - INFO - 	10	2455000000039.0	0	0.0024008750915527344	10.817815780639648	310	533	8.859226703643799	30

2024-05-24 19:10:27,342 - INFO - 	11	2400000000044.0	0	0.0026617050170898438	11.607632875442505	313	533	9.519572734832764	33

2024-05-24 19:10:28,131 - INFO - 	12	2340000000057.0	0	0.0029048919677734375	12.396467685699463	316	533	10.178924560546875	36

2024-05-24 19:10:28,920 - INFO - 	13	2330000000067.0	0	0.0031676292419433594	13.185872793197632	319	533	10.8388090133667	39

2024-05-24 19:10:30,310 - INFO - 	14	2280000000067.0	0	0.003459453582763672	14.57581377029419	322	533	12.099101305007935	42

2024-05-24 19:10:31,054 - INFO - 	15	2260000000069.5	0	0.0037283897399902344	15.31918978691101	325	533	12.713021278381348	45

2024-05-24 19:10:31,798 - INFO - 	16	2260000000069.5	0	0.003998517990112305	16.062702655792236	328	533	13.326853036880493	48

2024-05-24 19:10:32,553 - INFO - 	17	2180000000093.0	0	0.004266500473022461	16.81838083267212	331	533	13.953191041946411	51

2024-05-24 19:10:33,301 - INFO - 	18	2180000000093.0	0	0.004555702209472656	17.56596875190735	334	533	14.571278095245361	54

2024-05-24 19:10:34,650 - INFO - 	19	2180000000084.6667	0	0.0050427913665771484	18.915013790130615	337	533	15.790643215179443	57

2024-05-24 19:10:35,409 - INFO - 	20	2180000000084.0	0	0.0053746700286865234	19.67411494255066	340	533	16.420001745224	60

2024-05-24 19:10:36,164 - INFO - 	21	2130000000096.0	0	0.005659580230712891	20.428534746170044	343	533	17.044878482818604	63

2024-05-24 19:10:36,896 - INFO - 	22	2090000000096.0	0	0.005940675735473633	21.161184787750244	346	533	17.648029804229736	66

2024-05-24 19:10:37,647 - INFO - 	23	2083333333429.3328	0	0.0062329769134521484	21.912029027938843	349	533	18.26956295967102	69

2024-05-24 19:10:39,018 - INFO - 	24	2060000000101.75	0	0.006591796875	23.28304696083069	352	533	19.511106729507446	72

2024-05-24 19:10:39,757 - INFO - 	25	2060000000101.75	0	0.0069620609283447266	24.021131992340088	355	533	20.119704008102417	75

2024-05-24 19:10:40,501 - INFO - 	26	2060000000101.75	0	0.007265329360961914	24.765212059020996	358	533	20.734309911727905	78

2024-05-24 19:10:41,251 - INFO - 	27	2060000000101.75	0	0.007712364196777344	25.515097856521606	361	533	21.35446786880493	81

2024-05-24 19:10:42,005 - INFO - 	28	2040000000105.25	0	0.008053302764892578	26.26943874359131	364	533	21.979081630706787	84

2024-05-24 19:10:43,371 - INFO - 	29	2030000000107.4165	0	0.008568525314331055	27.6356041431427	367	533	23.215649604797363	87

2024-05-24 19:10:44,115 - INFO - 	30	2030000000107.1816	0	0.009146690368652344	28.37942624092102	370	533	23.82943344116211	90

2024-05-24 19:10:44,866 - INFO - 	31	2030000000107.0625	0	0.009594917297363281	29.129570245742798	373	533	24.449999570846558	93

2024-05-24 19:10:45,619 - INFO - 	32	2000000000118.0	0	0.009955883026123047	29.882777452468872	376	533	25.07389545440674	96

2024-05-24 19:10:46,374 - INFO - 	33	1990000000116.9995	0	0.010548591613769531	30.637890338897705	379	533	25.699290990829468	99

2024-05-24 19:10:47,710 - INFO - 	34	1965000000122.5	0	0.011109352111816406	31.973634481430054	382	533	26.905511379241943	102

2024-05-24 19:10:48,457 - INFO - 	35	1965000000122.5	0	0.011703729629516602	32.72087359428406	385	533	27.523256540298462	105

2024-05-24 19:10:49,195 - INFO - 	36	1960000000125.5	0	0.012348651885986328	33.45887231826782	388	533	28.13175129890442	108

2024-05-24 19:10:49,937 - INFO - 	37	1960000000125.5	0	0.012514591217041016	34.20071005821228	391	533	28.74454641342163	111

2024-05-24 19:10:50,712 - INFO - 	38	1934285714422.9995	0	0.013143539428710938	34.97574806213379	394	533	29.38734221458435	114

2024-05-24 19:10:52,115 - INFO - 	39	1926666666807.666	0	0.014208555221557617	36.37818002700806	397	533	30.65065908432007	117

2024-05-24 19:10:52,993 - INFO - 	40	1885555555706.5557	0	0.015418529510498047	37.25595808029175	400	533	31.38501763343811	120

2024-05-24 19:10:53,977 - INFO - 	41	1870714285867.286	0	0.016635417938232422	38.24010419845581	403	533	32.21477222442627	123

2024-05-24 19:10:55,055 - INFO - 	42	1862857143013.4287	0	0.018335580825805664	39.31798839569092	406	533	33.122257471084595	126

2024-05-24 19:10:56,152 - INFO - 	43	1837142857312.5715	0	0.019951343536376953	40.41513657569885	409	533	34.03816246986389	129

2024-05-24 19:10:57,956 - INFO - 	44	1800000000178.0	0	0.020777225494384766	42.219430446624756	412	533	35.64515805244446	132

2024-05-24 19:10:59,052 - INFO - 	45	1794166666843.0002	0	0.022376060485839844	43.31508255004883	415	533	36.55964016914368	135

2024-05-24 19:11:00,084 - INFO - 	46	1780952381129.2383	0	0.02348184585571289	44.347142457962036	418	533	37.41051435470581	138

2024-05-24 19:11:01,053 - INFO - 	47	1779729729905.0806	0	0.02408289909362793	45.31565451622009	421	533	38.210246324539185	141

2024-05-24 19:11:01,969 - INFO - 	48	1768709677594.807	0	0.02518606185913086	46.231215476989746	424	533	38.9649760723114	144

2024-05-24 19:11:03,391 - INFO - 	49	1750000000184.375	0	0.026005268096923828	47.65306878089905	427	533	40.233803033828735	147

2024-05-24 19:11:04,183 - INFO - 	50	1730000000189.2104	0	0.026803016662597656	48.4455246925354	430	533	40.8870062828064	150

2024-05-24 19:11:04,976 - INFO - 	51	1725000000196.0	0	0.02732396125793457	49.2381956577301	433	533	41.540905714035034	153

2024-05-24 19:11:05,755 - INFO - 	52	1725000000196.0	0	0.02792501449584961	50.01724290847778	436	533	42.18441677093506	156

2024-05-24 19:11:06,553 - INFO - 	53	1707500000208.0	0	0.028366804122924805	50.814857006073	439	533	42.84654355049133	159

2024-05-24 19:11:07,913 - INFO - 	54	1685000000209.0	0	0.028753995895385742	52.17494797706604	442	533	44.071420431137085	162

2024-05-24 19:11:08,648 - INFO - 	55	1685000000209.0	0	0.028949737548828125	52.91031002998352	445	533	44.67728018760681	165

2024-05-24 19:11:09,382 - INFO - 	56	1685000000209.0	0	0.02913069725036621	53.64404892921448	448	533	45.28160119056702	168

2024-05-24 19:11:10,117 - INFO - 	57	1685000000209.0	0	0.029791593551635742	54.37863898277283	451	533	45.88641929626465	171

2024-05-24 19:11:10,853 - INFO - 	58	1665714285923.2854	0	0.0305325984954834	55.11519002914429	454	533	46.49310517311096	174

2024-05-24 19:11:12,201 - INFO - 	59	1664166666875.0005	0	0.03134655952453613	56.46250510215759	457	533	47.71027064323425	177

2024-05-24 19:11:12,929 - INFO - 	60	1655000000214.1663	0	0.03200483322143555	57.19050312042236	460	533	48.308422565460205	180

2024-05-24 19:11:13,658 - INFO - 	61	1655000000212.4998	0	0.03248167037963867	57.91945743560791	463	533	48.90752458572388	183

2024-05-24 19:11:14,385 - INFO - 	62	1646666666882.8335	0	0.033174753189086914	58.646249294281006	466	533	49.50482439994812	186

2024-05-24 19:11:15,117 - INFO - 	63	1608333333556.3337	0	0.03362846374511719	59.37842321395874	469	533	50.10769009590149	189

2024-05-24 19:11:16,452 - INFO - 	64	1592000000228.2	0	0.03443741798400879	60.713874101638794	472	533	51.31348514556885	192

2024-05-24 19:11:17,177 - INFO - 	65	1556470588476.7046	0	0.035628318786621094	61.43836188316345	475	533	51.90765404701233	195

2024-05-24 19:11:17,895 - INFO - 	66	1556470588476.7046	0	0.03627324104309082	62.155802965164185	478	533	52.495766162872314	198

2024-05-24 19:11:18,604 - INFO - 	67	1556470588476.7046	0	0.03733229637145996	62.86479210853577	481	533	53.07478594779968	201

2024-05-24 19:11:19,321 - INFO - 	68	1547243346252.7712	0	0.03876614570617676	63.581870317459106	484	533	53.66119980812073	204

2024-05-24 19:11:20,641 - INFO - 	69	1544797297543.6084	0	0.04021096229553223	64.90155816078186	487	533	54.85036373138428	207

2024-05-24 19:11:21,349 - INFO - 	70	1517405405659.8083	0	0.04183697700500488	65.61032700538635	490	533	55.42880892753601	210

2024-05-24 19:11:22,098 - INFO - 	71	1497500000260.6072	0	0.04427814483642578	66.35850787162781	493	533	56.04274106025696	213

2024-05-24 19:11:22,873 - INFO - 	72	1469285714550.8572	0	0.04615521430969238	67.13409399986267	496	533	56.67847275733948	216

2024-05-24 19:11:23,671 - INFO - 	73	1457636363906.1633	0	0.04820609092712402	67.93223023414612	499	533	57.332664012908936	219

2024-05-24 19:11:25,092 - INFO - 	74	1410000000289.0	0	0.04907798767089844	69.352530002594	502	533	58.6100697517395	222

2024-05-24 19:11:25,943 - INFO - 	75	1410000000289.0	0	0.05170106887817383	70.20358204841614	505	533	59.31659388542175	225

2024-05-24 19:11:26,793 - INFO - 	76	1395000000289.5	0	0.053785085678100586	71.05327010154724	508	533	60.017863750457764	228

2024-05-24 19:11:27,620 - INFO - 	77	1395000000289.5	0	0.05493879318237305	71.88020420074463	511	533	60.69714975357056	231

2024-05-24 19:11:28,424 - INFO - 	78	1395000000289.5	0	0.055871009826660156	72.6842873096466	514	533	61.35378170013428	234

2024-05-24 19:11:29,835 - INFO - 	79	1395000000289.5	0	0.057684898376464844	74.09546446800232	517	533	62.61699151992798	237

2024-05-24 19:11:30,618 - INFO - 	80	1395000000289.5	0	0.05830693244934082	74.8784716129303	520	533	63.25754475593567	240

2024-05-24 19:11:31,423 - INFO - 	81	1388750000285.875	0	0.059288978576660156	75.68360567092896	523	533	63.919737815856934	243

2024-05-24 19:11:32,208 - INFO - 	82	1372222222517.0007	0	0.06134486198425293	76.46787643432617	526	533	64.56020927429199	246

2024-05-24 19:11:33,006 - INFO - 	83	1360000000295.5	0	0.062374114990234375	77.26629853248596	529	533	65.21561169624329	249

2024-05-24 19:11:34,354 - INFO - 	84	1360000000295.5	0	0.06455230712890625	78.61398148536682	532	533	66.42299103736877	252

2024-05-24 19:11:35,104 - INFO - 	85	1360000000295.5	0	0.06636261940002441	79.3634672164917	535	533	67.03926301002502	255

2024-05-24 19:11:35,854 - INFO - 	86	1341578947678.1313	0	0.06857156753540039	80.11340546607971	538	533	67.65232181549072	258

2024-05-24 19:11:36,612 - INFO - 	87	1329200000318.74	0	0.0702667236328125	80.87154245376587	541	533	68.27340483665466	261

2024-05-24 19:11:37,355 - INFO - 	88	1300000000332.0	0	0.07224559783935547	81.61461353302002	544	533	68.87981796264648	264

2024-05-24 19:11:38,696 - INFO - 	89	1300000000332.0	0	0.07562088966369629	82.95524144172668	547	533	70.08209800720215	267

2024-05-24 19:11:39,405 - INFO - 	90	1285000000334.5	0	0.07704877853393555	83.6646933555603	550	533	70.66106295585632	270

2024-05-24 19:11:40,123 - INFO - 	91	1256666667008.333	0	0.08031797409057617	84.38285040855408	553	533	71.24677562713623	273

2024-05-24 19:11:40,868 - INFO - 	92	1255000000342.3333	0	0.08162307739257812	85.12758016586304	556	533	71.86125159263611	276

2024-05-24 19:11:41,602 - INFO - 	93	1246666667010.9995	0	0.08283734321594238	85.86168313026428	559	533	72.46250367164612	279

2024-05-24 19:11:42,925 - INFO - 	94	1246666667010.9995	0	0.08373022079467773	87.18433213233948	562	533	73.6527829170227	282

2024-05-24 19:11:43,639 - INFO - 	95	1246666667010.9995	0	0.08495426177978516	87.89764595031738	565	533	74.23568296432495	285

2024-05-24 19:11:44,350 - INFO - 	96	1228210526666.1995	0	0.08718705177307129	88.6089551448822	568	533	74.81351685523987	288

2024-05-24 19:11:45,088 - INFO - 	97	1225125000352.175	0	0.09008407592773438	89.34694337844849	571	533	75.4136233329773	291

2024-05-24 19:11:45,838 - INFO - 	98	1217278350875.0103	0	0.0921483039855957	90.09706449508667	574	533	76.02532148361206	294

2024-05-24 19:11:47,163 - INFO - 	99	1201185095051.0688	0	0.09356904029846191	91.42170858383179	577	533	77.21161127090454	297

2024-05-24 19:11:47,860 - INFO - 	100	1182352231978.2344	0	0.10040593147277832	92.11814260482788	580	533	77.77105331420898	300

2024-05-24 19:11:48,607 - INFO - 	101	1162685185568.7866	0	0.10483384132385254	92.86541962623596	583	533	78.37695336341858	303

2024-05-24 19:11:49,352 - INFO - 	102	1133082707163.4958	0	0.10804200172424316	93.6100103855133	586	533	78.98006224632263	306

2024-05-24 19:11:50,093 - INFO - 	103	1124400000397.8801	0	0.11183905601501465	94.35118532180786	589	533	79.57899713516235	309

2024-05-24 19:11:51,418 - INFO - 	104	1109486301771.8315	0	0.11483597755432129	95.67672443389893	592	533	80.7637870311737	312

2024-05-24 19:11:52,149 - INFO - 	105	1102492492899.2402	0	0.11945676803588867	96.40769338607788	595	533	81.35765790939331	315

2024-05-24 19:11:52,905 - INFO - 	106	1089198113614.8866	0	0.12353396415710449	97.16284132003784	598	533	81.97067713737488	318

2024-05-24 19:11:53,636 - INFO - 	107	1079355888506.7374	0	0.12855887413024902	97.8943293094635	601	533	82.55867981910706	321

2024-05-24 19:11:54,374 - INFO - 	108	1070255319565.7319	0	0.1321251392364502	98.63227009773254	604	533	83.15488815307617	324

2024-05-24 19:11:55,682 - INFO - 	109	1066592593012.4406	0	0.13568902015686035	99.93986701965332	607	533	84.32066917419434	327

2024-05-24 19:11:56,369 - INFO - 	110	1062820144309.4336	0	0.1390540599822998	100.62708401679993	610	533	84.87543392181396	330

2024-05-24 19:11:57,084 - INFO - 	111	1041553515547.1271	0	0.1416020393371582	101.3422167301178	613	533	85.45460152626038	333

2024-05-24 19:11:57,822 - INFO - 	112	1007500000445.7628	0	0.14524602890014648	102.07926845550537	616	533	86.05320644378662	336

2024-05-24 19:11:58,572 - INFO - 	113	1000000000446.75	0	0.1471719741821289	102.82919430732727	619	533	86.6663076877594	339

2024-05-24 19:11:59,893 - INFO - 	114	992016807170.6011	0	0.14923882484436035	104.1504533290863	622	533	87.85029864311218	342

2024-05-24 19:12:00,585 - INFO - 	115	989336510714.8816	0	0.1545848846435547	104.84246325492859	625	533	88.40748047828674	345

2024-05-24 19:12:01,274 - INFO - 	116	989302949513.1182	0	0.15814590454101562	105.53128218650818	628	533	88.96350646018982	348

2024-05-24 19:12:01,955 - INFO - 	117	979042612514.5612	0	0.16293096542358398	106.21193337440491	631	533	89.51020431518555	351

2024-05-24 19:12:02,625 - INFO - 	118	977934745923.565	0	0.16757678985595703	106.88185453414917	634	533	90.04646897315979	354

2024-05-24 19:12:03,905 - INFO - 	119	977934745923.5648	0	0.1717545986175537	108.16246247291565	637	533	91.19397306442261	357

2024-05-24 19:12:04,576 - INFO - 	120	949480182397.8579	0	0.1755847930908203	108.83304738998413	640	533	91.7319655418396	360

2024-05-24 19:12:05,242 - INFO - 	121	939646359009.0457	0	0.18091177940368652	109.49915933609009	643	533	92.26342105865479	363

2024-05-24 19:12:05,922 - INFO - 	122	935445829806.7101	0	0.1841888427734375	110.17913627624512	646	533	92.81088209152222	366

2024-05-24 19:12:06,592 - INFO - 	123	931068287025.502	0	0.18815970420837402	110.84870052337646	649	533	93.34714245796204	369

2024-05-24 19:12:07,863 - INFO - 	124	920436847582.9467	0	0.18984055519104004	112.12015962600708	652	533	94.48588132858276	372

2024-05-24 19:12:08,549 - INFO - 	125	910965352666.1786	0	0.19147658348083496	112.80550456047058	655	533	95.04011011123657	375

2024-05-24 19:12:09,254 - INFO - 	126	903152311685.0378	0	0.1987168788909912	113.51034760475159	658	533	95.6063859462738	378

2024-05-24 19:12:09,980 - INFO - 	127	901271341958.859	0	0.20493316650390625	114.23643755912781	661	533	96.19130873680115	381

2024-05-24 19:12:10,714 - INFO - 	128	896987435886.6678	0	0.21050500869750977	114.97005867958069	664	533	96.7816550731659	384

2024-05-24 19:12:12,029 - INFO - 	129	892158439076.9658	0	0.2156531810760498	116.28518176078796	667	533	97.95180153846741	387

2024-05-24 19:12:12,762 - INFO - 	130	891411358173.2317	0	0.2226700782775879	117.01800155639648	670	533	98.54404711723328	390

2024-05-24 19:12:13,510 - INFO - 	131	887506221392.9097	0	0.23007917404174805	117.76578760147095	673	533	99.14634394645691	393

2024-05-24 19:12:14,269 - INFO - 	132	884204941236.4792	0	0.23550105094909668	118.52518248558044	676	533	99.76132202148438	396

2024-05-24 19:12:15,013 - INFO - 	133	879983539059.9708	0	0.2404799461364746	119.2686505317688	679	533	100.35950493812561	399

2024-05-24 19:12:16,297 - INFO - 	134	876545747471.866	0	0.2446141242980957	120.55341339111328	682	533	101.50164699554443	402

2024-05-24 19:12:17,027 - INFO - 	135	873061073003.0828	0	0.2527790069580078	121.28303742408752	685	533	102.0881233215332	405

2024-05-24 19:12:17,736 - INFO - 	136	868078635926.9197	0	0.2565798759460449	121.99151539802551	688	533	102.65481114387512	408

2024-05-24 19:12:18,449 - INFO - 	137	866294004172.7631	0	0.2623281478881836	122.70454359054565	691	533	103.22395610809326	411

2024-05-24 19:12:19,155 - INFO - 	138	854541702058.9124	0	0.26954102516174316	123.41032457351685	694	533	103.78465127944946	414

2024-05-24 19:12:20,451 - INFO - 	139	846697681829.4633	0	0.2721219062805176	124.70679664611816	697	533	104.94028997421265	417

2024-05-24 19:12:21,130 - INFO - 	140	844554709168.1206	0	0.27956366539001465	125.38555479049683	700	533	105.48039197921753	420

2024-05-24 19:12:21,839 - INFO - 	141	840952763755.7572	0	0.2832295894622803	126.09448790550232	703	533	106.05082321166992	423

2024-05-24 19:12:22,528 - INFO - 	142	816834310939.8146	0	0.28877854347229004	126.78352499008179	706	533	106.59875798225403	426

2024-05-24 19:12:23,277 - INFO - 	143	812184356938.4595	0	0.2992415428161621	127.5320508480072	709	533	107.20165205001831	429

2024-05-24 19:12:24,592 - INFO - 	144	807799085957.3334	0	0.30439257621765137	128.84733986854553	712	533	108.37723731994629	432

2024-05-24 19:12:25,254 - INFO - 	145	798821898359.2281	0	0.3149147033691406	129.5089728832245	715	533	108.89903330802917	435

2024-05-24 19:12:25,932 - INFO - 	146	777726916593.9873	0	0.31771183013916016	130.1867959499359	718	533	109.44500851631165	438

2024-05-24 19:12:26,597 - INFO - 	147	763532858165.2649	0	0.3251798152923584	130.8517141342163	721	533	109.97089648246765	441

2024-05-24 19:12:27,297 - INFO - 	148	758412515057.0717	0	0.3342716693878174	131.55163741111755	724	533	110.53036141395569	444

2024-05-24 19:12:28,581 - INFO - 	149	746851228315.5228	0	0.3384697437286377	132.83563327789307	727	533	111.6751503944397	447

2024-05-24 19:12:29,263 - INFO - 	150	733002636335.6022	0	0.3483419418334961	133.51801538467407	730	533	112.21869158744812	450

2024-05-24 19:12:29,926 - INFO - 	151	731290094739.135	0	0.3508908748626709	134.18078351020813	733	533	112.74967622756958	453

2024-05-24 19:12:30,609 - INFO - 	152	726812390921.042	0	0.35938072204589844	134.86326551437378	736	533	113.2940514087677	456

2024-05-24 19:12:31,284 - INFO - 	153	726812390921.042	0	0.36350560188293457	135.53906345367432	739	533	113.83661532402039	459

2024-05-24 19:12:32,569 - INFO - 	154	714019296983.598	0	0.3690185546875	136.82377862930298	742	533	114.98466658592224	462

2024-05-24 19:12:33,272 - INFO - 	155	697709286654.8693	0	0.3764636516571045	137.52633571624756	745	533	115.55060958862305	465

2024-05-24 19:12:33,952 - INFO - 	156	686005150500.2814	0	0.3815126419067383	138.20673155784607	748	533	116.09734845161438	468

2024-05-24 19:12:34,651 - INFO - 	157	663079239226.3224	0	0.388258695602417	138.90561962127686	751	533	116.65806436538696	471

2024-05-24 19:12:35,383 - INFO - 	158	648847103600.1914	0	0.391676664352417	139.6368546485901	754	533	117.25121784210205	474

2024-05-24 19:12:36,695 - INFO - 	159	629785091590.914	0	0.4000885486602783	140.94954776763916	757	533	118.41922736167908	477

2024-05-24 19:12:37,387 - INFO - 	160	616469776990.0161	0	0.4136474132537842	141.6413447856903	760	533	118.96846508979797	480

2024-05-24 19:12:38,089 - INFO - 	161	613169651592.2054	0	0.4194314479827881	142.34284257888794	763	533	119.5293447971344	483

2024-05-24 19:12:38,809 - INFO - 	162	606562500649.0803	0	0.43085646629333496	143.06255960464478	766	533	120.09976291656494	486

2024-05-24 19:12:39,576 - INFO - 	163	601840917780.8076	0	0.44765710830688477	143.82980465888977	769	533	120.7113299369812	489

2024-05-24 19:12:40,929 - INFO - 	164	595818912641.969	0	0.4558579921722412	145.18305778503418	772	533	121.91804194450378	492

2024-05-24 19:12:41,661 - INFO - 	165	592710692375.9727	0	0.47046375274658203	145.91451597213745	775	533	122.50370955467224	495

2024-05-24 19:12:42,407 - INFO - 	166	590578255002.6577	0	0.476118803024292	146.66103792190552	778	533	123.10673379898071	498

2024-05-24 19:12:43,141 - INFO - 	167	588519363876.4719	0	0.4864046573638916	147.3941957950592	781	533	123.68986868858337	501

2024-05-24 19:12:43,849 - INFO - 	168	585054251863.4966	0	0.494917631149292	148.10211086273193	784	533	124.25078105926514	504

2024-05-24 19:12:45,144 - INFO - 	169	578938542264.5216	0	0.5089614391326904	149.39756798744202	787	533	125.39414691925049	507

2024-05-24 19:12:45,816 - INFO - 	170	571046737180.3757	0	0.5226995944976807	150.06960892677307	790	533	125.92242312431335	510

2024-05-24 19:12:46,501 - INFO - 	171	562132937116.7084	0	0.5375816822052002	150.7547197341919	793	533	126.45517611503601	513

2024-05-24 19:12:47,216 - INFO - 	172	557671876064.6116	0	0.551579475402832	151.4693305492401	796	533	127.01813817024231	516

2024-05-24 19:12:47,959 - INFO - 	173	554509923213.7264	0	0.5621435642242432	152.21189785003662	799	533	127.61347723007202	519

2024-05-24 19:12:49,259 - INFO - 	174	545959199869.93365	0	0.5773787498474121	153.512268781662	802	533	128.76285696029663	522

2024-05-24 19:12:49,916 - INFO - 	175	533884846563.97235	0	0.5870437622070312	154.16906452178955	805	533	129.28097534179688	525

2024-05-24 19:12:50,579 - INFO - 	176	523022668264.8288	0	0.5978729724884033	154.8318955898285	808	533	129.8033697605133	528

2024-05-24 19:12:51,293 - INFO - 	177	509263979290.10626	0	0.6121947765350342	155.54584336280823	811	533	130.36830687522888	531

2024-05-24 19:12:52,032 - INFO - 	178	501943465921.047	0	0.6258299350738525	156.28441739082336	814	533	130.95861911773682	534

2024-05-24 19:12:53,346 - INFO - 	179	496971343723.89856	0	0.6365211009979248	157.59908413887024	817	533	132.12760591506958	537

2024-05-24 19:12:54,028 - INFO - 	180	489708989244.2402	0	0.6508352756500244	158.28030920028687	820	533	132.66567277908325	540

2024-05-24 19:12:54,709 - INFO - 	181	485642922151.5956	0	0.6621253490447998	158.96185636520386	823	533	133.20689749717712	543

2024-05-24 19:12:55,427 - INFO - 	182	481930287773.72675	0	0.6672563552856445	159.67938446998596	826	533	133.7852327823639	546

2024-05-24 19:12:56,108 - INFO - 	183	478676702054.59106	0	0.6706044673919678	160.3602135181427	829	533	134.3277781009674	549

2024-05-24 19:12:57,396 - INFO - 	184	472283568937.6793	0	0.6819744110107422	161.64872860908508	832	533	135.46988797187805	552

2024-05-24 19:12:58,072 - INFO - 	185	469167258085.4264	0	0.6964495182037354	162.3239016532898	835	533	136.00125932693481	555

2024-05-24 19:12:58,766 - INFO - 	186	466618838154.4783	0	0.7119114398956299	163.0176568031311	838	533	136.550701379776	558

2024-05-24 19:12:59,466 - INFO - 	187	464017961120.5569	0	0.7215592861175537	163.71783900260925	841	533	137.10949325561523	561

2024-05-24 19:13:00,150 - INFO - 	188	462509043542.83417	0	0.7300713062286377	164.40210103988647	844	533	137.65078043937683	564

2024-05-24 19:13:01,442 - INFO - 	189	456924697654.01917	0	0.7422811985015869	165.69391894340515	847	533	138.79477047920227	567

2024-05-24 19:13:02,085 - INFO - 	190	452785703755.9065	0	0.7516565322875977	166.3367190361023	850	533	139.2992479801178	570

2024-05-24 19:13:02,756 - INFO - 	191	442889912350.4568	0	0.7769064903259277	167.00819396972656	853	533	139.8162326812744	573

2024-05-24 19:13:03,445 - INFO - 	192	439140959281.72687	0	0.7896015644073486	167.6971297264099	856	533	140.35791945457458	576

2024-05-24 19:13:04,152 - INFO - 	193	434960117815.8748	0	0.8051755428314209	168.40310883522034	859	533	140.91149020195007	579

2024-05-24 19:13:05,445 - INFO - 	194	426385405401.72186	0	0.8159778118133545	169.69654369354248	862	533	142.05849862098694	582

2024-05-24 19:13:06,094 - INFO - 	195	421778693100.39825	0	0.8352539539337158	170.34542441368103	865	533	142.55894351005554	585

2024-05-24 19:13:06,737 - INFO - 	196	414897457875.32886	0	0.8473272323608398	170.9885504245758	868	533	143.05865955352783	588

2024-05-24 19:13:07,401 - INFO - 	197	408273930452.84155	0	0.8623430728912354	171.65203428268433	871	533	143.5722532272339	591

2024-05-24 19:13:08,113 - INFO - 	198	402671158277.8382	0	0.8813338279724121	172.36467599868774	874	533	144.1297583580017	594

2024-05-24 19:13:08,825 - INFO - 	199	400713546418.72327	0	0.899674654006958	173.07568407058716	877	533	144.6867082118988	597

2024-05-24 19:13:10,103 - INFO - 	200	394702134080.7845	0	0.9091598987579346	174.35375022888184	880	533	145.81944298744202	600

2024-05-24 19:13:10,790 - INFO - 	201	390305850019.0613	0	0.9225168228149414	175.04097509384155	883	533	146.3641858100891	603

2024-05-24 19:13:11,496 - INFO - 	202	381406344153.35834	0	0.9356117248535156	175.74737215042114	886	533	146.92471027374268	606

2024-05-24 19:13:12,189 - INFO - 	203	375739003764.0221	0	0.941199779510498	176.43933415412903	889	533	147.4752004146576	609

2024-05-24 19:13:12,883 - INFO - 	204	370821278480.2677	0	0.9577815532684326	177.13370513916016	892	533	148.01715898513794	612

2024-05-24 19:13:14,143 - INFO - 	205	364449272158.544	0	0.9769363403320312	178.3933072090149	895	533	149.12150192260742	615

2024-05-24 19:13:14,797 - INFO - 	206	360285521726.0505	0	0.9926803112030029	179.04713821411133	898	533	149.63072180747986	618

2024-05-24 19:13:15,481 - INFO - 	207	359888117803.2354	0	1.0091981887817383	179.7314522266388	901	533	150.1654167175293	621

2024-05-24 19:13:16,174 - INFO - 	208	356240705916.8487	0	1.0218212604522705	180.4245572090149	904	533	150.7092444896698	624

2024-05-24 19:13:16,873 - INFO - 	209	353255079078.0388	0	1.036738395690918	181.12353324890137	907	533	151.2566101551056	627

2024-05-24 19:13:18,146 - INFO - 	210	352726222404.7781	0	1.0460925102233887	182.3960304260254	910	533	152.38338708877563	630

2024-05-24 19:13:18,814 - INFO - 	211	351407196111.051	0	1.061582326889038	183.0642716884613	913	533	152.90663313865662	633

2024-05-24 19:13:19,522 - INFO - 	212	349293157150.31354	0	1.0779602527618408	183.77218890190125	916	533	153.46372842788696	636

2024-05-24 19:13:20,228 - INFO - 	213	348055127925.1346	0	1.0882880687713623	184.47852396965027	919	533	154.02272653579712	639

2024-05-24 19:13:20,911 - INFO - 	214	337725421942.98816	0	1.0997397899627686	185.16119694709778	922	533	154.55757546424866	642

2024-05-24 19:13:22,168 - INFO - 	215	330638834986.5491	0	1.1170575618743896	186.41829419136047	925	533	155.66104769706726	645

2024-05-24 19:13:22,804 - INFO - 	216	322747671250.84576	0	1.127171516418457	187.0543293952942	928	533	156.15808176994324	648

2024-05-24 19:13:23,459 - INFO - 	217	322747671250.8459	0	1.139249324798584	187.70850920677185	931	533	156.66866946220398	651

2024-05-24 19:13:24,134 - INFO - 	218	294828615753.10516	0	1.1531314849853516	188.38396525382996	934	533	157.19341468811035	654

2024-05-24 19:13:24,857 - INFO - 	219	285453084492.3974	0	1.1747024059295654	189.1065971851349	937	533	157.75770688056946	657

2024-05-24 19:13:26,131 - INFO - 	220	280123645165.0777	0	1.1917915344238281	190.3808891773224	940	533	158.8784019947052	660

2024-05-24 19:13:26,773 - INFO - 	221	275506834186.91736	0	1.2100884914398193	191.02211618423462	943	533	159.3720827102661	663

2024-05-24 19:13:27,418 - INFO - 	222	275346833934.3659	0	1.2230710983276367	191.6674783229828	946	533	159.87320828437805	666

2024-05-24 19:13:28,080 - INFO - 	223	268289757231.3021	0	1.2411611080169678	192.32977724075317	949	533	160.38055729866028	669

2024-05-24 19:13:28,763 - INFO - 	224	263790160411.31442	0	1.2635109424591064	193.01227712631226	952	533	160.90536642074585	672

2024-05-24 19:13:30,019 - INFO - 	225	257626480060.92273	0	1.2780568599700928	194.2682020664215	955	533	162.01086926460266	675

2024-05-24 19:13:30,651 - INFO - 	226	245974884744.6134	0	1.2977688312530518	194.90025687217712	958	533	162.4934844970703	678

2024-05-24 19:13:31,311 - INFO - 	227	239327753097.56888	0	1.322126865386963	195.5603575706482	961	533	162.9983286857605	681

2024-05-24 19:13:31,961 - INFO - 	228	239327753097.56888	0	1.3337538242340088	196.2101263999939	964	533	163.50177669525146	684

2024-05-24 19:13:32,623 - INFO - 	229	233687332977.61917	0	1.35319185256958	196.8720633983612	967	533	164.00874304771423	687

2024-05-24 19:13:33,924 - INFO - 	230	232553732300.7788	0	1.3755500316619873	198.17311239242554	970	533	165.15213918685913	690

2024-05-24 19:13:34,563 - INFO - 	231	230169004564.44458	0	1.384390115737915	198.81210732460022	973	533	165.65330934524536	693

2024-05-24 19:13:35,231 - INFO - 	232	220180932102.69455	0	1.4020628929138184	199.48007154464722	976	533	166.17384600639343	696

2024-05-24 19:13:35,915 - INFO - 	233	210210495709.07263	0	1.4230668544769287	200.16400527954102	979	533	166.7018222808838	699

2024-05-24 19:13:36,609 - INFO - 	234	207799859431.76688	0	1.4418649673461914	200.8573100566864	982	533	167.24112558364868	702

2024-05-24 19:13:37,905 - INFO - 	235	202443955838.51462	0	1.4525058269500732	202.1532838344574	985	533	168.39077138900757	705

2024-05-24 19:13:38,560 - INFO - 	236	202443955838.51465	0	1.4694666862487793	202.80839896202087	988	533	168.90054059028625	708

2024-05-24 19:13:39,243 - INFO - 	237	194932979870.37262	0	1.4874787330627441	203.4918510913849	991	533	169.43527173995972	711

2024-05-24 19:13:39,951 - INFO - 	238	186687240034.0732	0	1.5147008895874023	204.19973921775818	994	533	169.98146772384644	714

2024-05-24 19:13:40,641 - INFO - 	239	181482087725.4631	0	1.5368268489837646	204.8893632888794	997	533	170.5130820274353	717

2024-05-24 19:13:41,931 - INFO - 	240	181481733298.27737	0	1.553722858428955	206.17963933944702	1000	533	171.6507682800293	720

2024-05-24 19:13:42,583 - INFO - 	241	178316428522.92395	0	1.5752668380737305	206.83121538162231	1003	533	172.15178298950195	723

2024-05-24 19:13:43,249 - INFO - 	242	177713609288.42633	0	1.6063129901885986	207.49686765670776	1006	533	172.6552495956421	726

2024-05-24 19:13:43,906 - INFO - 	243	177592507962.40994	0	1.6207201480865479	208.1544315814972	1009	533	173.16405367851257	729

2024-05-24 19:13:44,602 - INFO - 	244	174304754873.28232	0	1.6531963348388672	208.84965252876282	1012	533	173.69045972824097	732

2024-05-24 19:13:45,298 - INFO - 	245	164642408928.4659	0	1.6828866004943848	209.5454535484314	1015	533	174.22021794319153	735

2024-05-24 19:13:46,556 - INFO - 	246	161211708641.3481	0	1.7073593139648438	210.80384945869446	1018	533	175.317875623703	738

2024-05-24 19:13:47,213 - INFO - 	247	161211708641.34805	0	1.7228822708129883	211.4604253768921	1021	533	175.830180644989	741

2024-05-24 19:13:47,890 - INFO - 	248	159488360281.86545	0	1.7277405261993408	212.13801050186157	1024	533	176.3685817718506	744

2024-05-24 19:13:48,599 - INFO - 	249	152803338003.67267	0	1.7550945281982422	212.8460865020752	1027	533	176.9123501777649	747

2024-05-24 19:13:49,312 - INFO - 	250	152558495527.05597	0	1.7742552757263184	213.55966067314148	1030	533	177.4708070755005	750

2024-05-24 19:13:50,577 - INFO - 	251	147342929840.4077	0	1.7921380996704102	214.82431769371033	1033	533	178.58149123191833	753

2024-05-24 19:13:51,209 - INFO - 	252	145141154320.65436	0	1.8218019008636475	215.45632767677307	1036	533	179.0550684928894	756

2024-05-24 19:13:51,879 - INFO - 	253	140033892000.32864	0	1.8355650901794434	216.1267237663269	1039	533	179.57701778411865	759

2024-05-24 19:13:52,566 - INFO - 	254	136544559066.48071	0	1.8476309776306152	216.8131058216095	1042	533	180.11509895324707	762

2024-05-24 19:13:53,217 - INFO - 	255	136544559066.48068	0	1.8706810474395752	217.46452593803406	1045	533	180.60734391212463	765

2024-05-24 19:13:54,442 - INFO - 	256	135917328824.77559	0	1.8926339149475098	218.6890320777893	1048	533	181.67381596565247	768

2024-05-24 19:13:55,074 - INFO - 	257	132793383474.00073	0	1.9208199977874756	219.3210997581482	1051	533	182.14861917495728	771

2024-05-24 19:13:55,739 - INFO - 	258	132042176327.24573	0	1.9427978992462158	219.98622679710388	1054	533	182.6572024822235	774

2024-05-24 19:13:56,413 - INFO - 	259	126644074894.09903	0	1.9655508995056152	220.6601767539978	1057	533	183.17251348495483	777

2024-05-24 19:13:57,091 - INFO - 	260	124473329583.29599	0	1.9932687282562256	221.33735179901123	1060	533	183.68645238876343	780

2024-05-24 19:13:58,347 - INFO - 	261	122352424978.67178	0	2.0137767791748047	222.59329199790955	1063	533	184.78640389442444	783

2024-05-24 19:13:58,976 - INFO - 	262	120468277595.24364	0	2.028566598892212	223.22242498397827	1066	533	185.27171206474304	786

2024-05-24 19:13:59,601 - INFO - 	263	116386822078.44142	0	2.047595739364624	223.84741687774658	1069	533	185.74869513511658	789

2024-05-24 19:14:00,231 - INFO - 	264	114762001785.10117	0	2.0607776641845703	224.47711372375488	1072	533	186.23408484458923	792

2024-05-24 19:14:00,905 - INFO - 	265	112796825495.57219	0	2.081634759902954	225.15116167068481	1075	533	186.75268959999084	795

2024-05-24 19:14:02,145 - INFO - 	266	112633435263.68362	0	2.0997886657714844	226.39111351966858	1078	533	187.83993673324585	798

2024-05-24 19:14:02,780 - INFO - 	267	110734992492.98846	0	2.121283531188965	227.02583765983582	1081	533	188.32404088974	801

2024-05-24 19:14:03,412 - INFO - 	268	110500680129.92053	0	2.132126569747925	227.65812253952026	1084	533	188.81676816940308	804

2024-05-24 19:14:04,029 - INFO - 	269	110500680129.92052	0	2.137202501296997	228.27494859695435	1087	533	189.29951786994934	807

2024-05-24 19:14:04,663 - INFO - 	270	104889617305.5682	0	2.1570065021514893	228.9084882736206	1090	533	189.78435492515564	810

2024-05-24 19:14:05,933 - INFO - 	271	102576533622.3892	0	2.1819145679473877	230.1786642074585	1093	533	190.89850115776062	813

2024-05-24 19:14:06,581 - INFO - 	272	102571148899.50807	0	2.195960521697998	230.82642936706543	1096	533	191.4032564163208	816

2024-05-24 19:14:07,244 - INFO - 	273	98470657370.67696	0	2.227212429046631	231.4893515110016	1099	533	191.90570902824402	819

2024-05-24 19:14:07,933 - INFO - 	274	94994614117.7274	0	2.2495174407958984	232.17843961715698	1102	533	192.44353413581848	822

2024-05-24 19:14:08,577 - INFO - 	275	93234284692.67511	0	2.273883581161499	232.82252144813538	1105	533	192.9341881275177	825

2024-05-24 19:14:09,841 - INFO - 	276	89751993868.06967	0	2.3073537349700928	234.08692049980164	1108	533	194.03613114356995	828

2024-05-24 19:14:10,514 - INFO - 	277	87371643187.19154	0	2.3343377113342285	234.75930953025818	1111	533	194.55259799957275	831

2024-05-24 19:14:11,179 - INFO - 	278	83696276657.80667	0	2.363687753677368	235.42391848564148	1114	533	195.0588493347168	834

2024-05-24 19:14:11,849 - INFO - 	279	73523326220.01692	0	2.386082887649536	236.0941286087036	1117	533	195.57541418075562	837

2024-05-24 19:14:12,511 - INFO - 	280	69329773937.15839	0	2.4132239818573	236.7562074661255	1120	533	196.0759732723236	840

2024-05-24 19:14:13,815 - INFO - 	281	68414787066.80467	0	2.4437949657440186	238.0603804588318	1123	533	197.21503448486328	843

2024-05-24 19:14:14,466 - INFO - 	282	64572616758.93583	0	2.473845958709717	238.71076822280884	1126	533	197.7066991329193	846

2024-05-24 19:14:15,134 - INFO - 	283	62443578617.57163	0	2.4995059967041016	239.37942028045654	1129	533	198.2196888923645	849

2024-05-24 19:14:15,827 - INFO - 	284	60673888149.06573	0	2.529477119445801	240.0717453956604	1132	533	198.74756979942322	852

2024-05-24 19:14:16,508 - INFO - 	285	58523173453.4727	0	2.556339979171753	240.75325226783752	1135	533	199.26618671417236	855

2024-05-24 19:14:17,789 - INFO - 	286	55189397697.6688	0	2.582017183303833	242.03340315818787	1138	533	200.38487887382507	858

2024-05-24 19:14:18,434 - INFO - 	287	52680406720.28463	0	2.608659267425537	242.67881894111633	1141	533	200.87490677833557	861

2024-05-24 19:14:19,055 - INFO - 	288	51405680525.4864	0	2.613927125930786	243.29985189437866	1144	533	201.36004066467285	864

2024-05-24 19:14:19,708 - INFO - 	289	50621558601.70244	0	2.6353113651275635	243.95224595069885	1147	533	201.85634541511536	867

2024-05-24 19:14:20,371 - INFO - 	290	47542390939.476036	0	2.660576343536377	244.61536717414856	1150	533	202.35865783691406	870

2024-05-24 19:14:21,114 - INFO - 	291	41211144749.47086	0	2.699944496154785	245.3579249382019	1153	533	202.92642378807068	873

2024-05-24 19:14:22,367 - INFO - 	292	40626430562.99071	0	2.7272825241088867	246.61107325553894	1156	533	204.01674795150757	876

2024-05-24 19:14:22,997 - INFO - 	293	38932319838.980316	0	2.748917579650879	247.24158453941345	1159	533	204.49666166305542	879

2024-05-24 19:14:23,637 - INFO - 	294	35876567479.36552	0	2.780240535736084	247.88093185424805	1162	533	204.97381067276	882

2024-05-24 19:14:24,306 - INFO - 	295	29619250875.818756	0	2.79080867767334	248.55011796951294	1165	533	205.49764156341553	885

2024-05-24 19:14:24,980 - INFO - 	296	25924251033.14084	0	2.8252744674682617	249.2236201763153	1168	533	206.0024344921112	888

2024-05-24 19:14:26,240 - INFO - 	297	24750640204.538956	0	2.850839376449585	250.48357725143433	1171	533	207.10195088386536	891

2024-05-24 19:14:26,827 - INFO - 	298	18587675512.53539	0	2.856168270111084	251.07140612602234	1174	533	207.55539202690125	894

2024-05-24 19:14:27,471 - INFO - 	299	14933999262.418665	0	2.8923532962799072	251.71437811851501	1177	533	208.03311109542847	897

2024-05-24 19:14:28,158 - INFO - 	300	12009776120.645664	0	2.933103561401367	252.40177512168884	1180	533	208.54837489128113	900

2024-05-24 19:14:28,837 - INFO - 	301	12009776120.64566	0	2.965529441833496	253.08091115951538	1183	533	209.063734292984	903

2024-05-24 19:14:30,109 - INFO - 	302	11303159352.090673	0	2.999600410461426	254.35303711891174	1186	533	210.17074632644653	906

2024-05-24 19:14:30,740 - INFO - 	303	10000001345.559381	0	3.0248444080352783	254.9838421344757	1189	533	210.64731168746948	909

2024-05-24 19:14:31,478 - INFO - 	304	10000001323.908916	0	3.0315463542938232	255.7217662334442	1192	533	211.24983382225037	912

2024-05-24 19:14:32,227 - INFO - 	305	10000001323.908916	0	3.032975435256958	256.4701051712036	1195	533	211.86540937423706	915

2024-05-24 19:14:32,987 - INFO - 	306	10000001322.812422	0	3.036282539367676	257.23076033592224	1198	533	212.4915635585785	918

2024-05-24 19:14:34,339 - INFO - 	307	5517631279.184944	0	3.042313575744629	258.58264231681824	1201	533	213.70280647277832	921

2024-05-24 19:14:34,938 - INFO - 	308	2775303600.6445856	0	3.0526134967803955	259.1812653541565	1204	533	214.16244339942932	924

2024-05-24 19:14:35,564 - INFO - 	309	484581425.3786991	0	3.061269521713257	259.80676436424255	1207	533	214.64999508857727	927

2024-05-24 19:14:36,203 - INFO - 	310	1335.9688289492133	0	3.0719077587127686	260.44575810432434	1210	533	215.1471769809723	930

2024-05-24 19:14:36,996 - INFO - 	311	1331.0919663576478	0	3.075161933898926	261.23899507522583	1213	533	215.8022117614746	933

2024-05-24 19:14:38,364 - INFO - 	312	1317.4456314083493	0	3.0815317630767822	262.6071569919586	1216	533	217.0287322998047	936

2024-05-24 19:14:39,100 - INFO - 	313	1300.7214785198307	0	3.089791774749756	263.34268712997437	1219	533	217.62695956230164	939

2024-05-24 19:14:39,869 - INFO - 	314	1287.7729217992496	0	3.096728801727295	264.1117582321167	1222	533	218.25822043418884	942

2024-05-24 19:14:40,672 - INFO - 	315	1275.6980847235511	0	3.102391004562378	264.9147801399231	1225	533	218.9207727909088	945

2024-05-24 19:14:41,473 - INFO - 	316	1264.2396657393726	0	3.1111559867858887	265.7152261734009	1228	533	219.57702708244324	948

2024-05-24 19:14:42,847 - INFO - 	317	1259.1820192729422	0	3.1188008785247803	267.08966612815857	1231	533	220.80845713615417	951

2024-05-24 19:14:43,602 - INFO - 	318	1243.1770582649303	0	3.125464916229248	267.84419202804565	1234	533	221.42722249031067	954

2024-05-24 19:14:44,371 - INFO - 	319	1234.529642570644	0	3.1319420337677	268.61378717422485	1237	533	222.05910921096802	957

2024-05-24 19:14:45,167 - INFO - 	320	1232.6520781445645	0	3.1347100734710693	269.4088771343231	1240	533	222.7169394493103	960

2024-05-24 19:14:45,970 - INFO - 	321	1223.1324388272856	0	3.142721176147461	270.2118511199951	1243	533	223.3765926361084	963

2024-05-24 19:14:47,351 - INFO - 	322	1220.8517086882225	0	3.1495120525360107	271.59290504455566	1246	533	224.6159965991974	966

2024-05-24 19:14:48,096 - INFO - 	323	1216.5192879845843	0	3.1576318740844727	272.3383729457855	1249	533	225.22414541244507	969

2024-05-24 19:14:48,847 - INFO - 	324	1206.8781004302116	0	3.16489577293396	273.0885889530182	1252	533	225.83635759353638	972

2024-05-24 19:14:49,607 - INFO - 	325	1203.1880205288023	0	3.1708006858825684	273.8489053249359	1255	533	226.45939016342163	975

2024-05-24 19:14:50,380 - INFO - 	326	1198.876048792675	0	3.1761505603790283	274.6215822696686	1258	533	227.09186029434204	978

2024-05-24 19:14:51,726 - INFO - 	327	1196.4767057053882	0	3.1809706687927246	275.9680199623108	1261	533	228.29868459701538	981

2024-05-24 19:14:52,477 - INFO - 	328	1189.3152668196176	0	3.1880457401275635	276.7186858654022	1264	533	228.91326236724854	984

2024-05-24 19:14:53,216 - INFO - 	329	1178.4890542775686	0	3.1945459842681885	277.4575068950653	1267	533	229.51671028137207	987

2024-05-24 19:14:53,973 - INFO - 	330	1171.8014326999794	0	3.2022018432617188	278.2150368690491	1270	533	230.1354866027832	990

2024-05-24 19:14:54,755 - INFO - 	331	1167.3554251105625	0	3.20841383934021	278.9969925880432	1273	533	230.77651453018188	993

2024-05-24 19:14:56,112 - INFO - 	332	1164.3726753033648	0	3.213977098464966	280.3535726070404	1276	533	231.992901802063	996

2024-05-24 19:14:56,853 - INFO - 	333	1162.2079290341587	0	3.2207701206207275	281.0947093963623	1279	533	232.59809470176697	999

2024-05-24 19:14:57,615 - INFO - 	334	1158.4195011428417	0	3.228187084197998	281.8564262390137	1282	533	233.2218942642212	1002

2024-05-24 19:14:58,399 - INFO - 	335	1158.3148321249123	0	3.2317121028900146	282.6396985054016	1285	533	233.87025499343872	1005

2024-05-24 19:14:59,201 - INFO - 	336	1155.71434853033	0	3.2384603023529053	283.4420247077942	1288	533	234.53121328353882	1008

2024-05-24 19:15:00,556 - INFO - 	337	1153.913242211541	0	3.242645263671875	284.79748344421387	1291	533	235.7468979358673	1011

2024-05-24 19:15:01,322 - INFO - 	338	1151.7629738412372	0	3.2495291233062744	285.56259536743164	1294	533	236.37628531455994	1014

2024-05-24 19:15:02,127 - INFO - 	339	1150.1011363734094	0	3.254472255706787	286.36759424209595	1297	533	237.042414188385	1017

2024-05-24 19:15:02,921 - INFO - 	340	1148.5676885332682	0	3.2599503993988037	287.16187143325806	1300	533	237.69517016410828	1020

2024-05-24 19:15:03,725 - INFO - 	341	1145.5664031522267	0	3.2665843963623047	287.96528029441833	1303	533	238.35563135147095	1023

2024-05-24 19:15:05,082 - INFO - 	342	1141.1459019111876	0	3.272651433944702	289.3222553730011	1306	533	239.5703501701355	1026

2024-05-24 19:15:05,844 - INFO - 	343	1134.7632606600157	0	3.280402421951294	290.0844054222107	1309	533	240.19534015655518	1029

2024-05-24 19:15:06,653 - INFO - 	344	1130.6929603959304	0	3.288055181503296	290.89342641830444	1312	533	240.8621141910553	1032

2024-05-24 19:15:07,473 - INFO - 	345	1129.5315650156404	0	3.294955015182495	291.71320962905884	1315	533	241.53827905654907	1035

2024-05-24 19:15:08,293 - INFO - 	346	1128.0589795298633	0	3.302173376083374	292.5336856842041	1318	533	242.215012550354	1038

2024-05-24 19:15:09,655 - INFO - 	347	1126.4442009838904	0	3.3078553676605225	293.89496779441833	1321	533	243.43394446372986	1041

2024-05-24 19:15:10,441 - INFO - 	348	1124.2349724444389	0	3.3143863677978516	294.68103289604187	1324	533	244.08462071418762	1044

2024-05-24 19:15:11,257 - INFO - 	349	1121.6399524290096	0	3.320448398590088	295.49745059013367	1327	533	244.76022720336914	1047

2024-05-24 19:15:12,055 - INFO - 	350	1120.0681770656902	0	3.3270156383514404	296.29505681991577	1330	533	245.41543054580688	1050

2024-05-24 19:15:12,852 - INFO - 	351	1119.5684647781752	0	3.330052614212036	297.0916156768799	1333	533	246.0728838443756	1053

2024-05-24 19:15:14,205 - INFO - 	352	1118.9179859070657	0	3.3353607654571533	298.44522166252136	1336	533	247.28542375564575	1056

2024-05-24 19:15:14,960 - INFO - 	353	1115.322437725294	0	3.341456890106201	299.19927740097046	1339	533	247.90475487709045	1059

2024-05-24 19:15:15,759 - INFO - 	354	1113.4094279194433	0	3.3475258350372314	299.9985840320587	1342	533	248.5668170452118	1062

2024-05-24 19:15:16,571 - INFO - 	355	1112.3990050496625	0	3.3547208309173584	300.81042313575745	1345	533	249.23663997650146	1065

2024-05-24 19:15:17,972 - INFO - 	356	1110.0921911969508	0	3.361583709716797	302.2114622592926	1348	533	250.49541854858398	1068

2024-05-24 19:15:18,712 - INFO - 	357	1109.0074641435026	0	3.365879535675049	302.9512975215912	1351	533	251.10204601287842	1071

2024-05-24 19:15:19,486 - INFO - 	358	1106.661110287763	0	3.372804641723633	303.72574758529663	1354	533	251.74056005477905	1074

2024-05-24 19:15:20,279 - INFO - 	359	1106.0838837015592	0	3.3778324127197266	304.51850056648254	1357	533	252.39705610275269	1077

2024-05-24 19:15:21,091 - INFO - 	360	1103.847594578152	0	3.3836324214935303	305.33056449890137	1360	533	253.0688304901123	1080

2024-05-24 19:15:22,492 - INFO - 	361	1102.7670280147715	0	3.3878602981567383	306.7313542366028	1363	533	254.33011746406555	1083

2024-05-24 19:15:23,247 - INFO - 	362	1100.3964559908077	0	3.3942103385925293	307.48591208457947	1366	533	254.9494276046753	1086

2024-05-24 19:15:24,008 - INFO - 	363	1099.9054739797032	0	3.401144504547119	308.2472002506256	1369	533	255.57362937927246	1089

2024-05-24 19:15:24,789 - INFO - 	364	1098.0472679598606	0	3.4068856239318848	309.0281000137329	1372	533	256.2141909599304	1092

2024-05-24 19:15:25,594 - INFO - 	365	1095.7665537044534	0	3.411841630935669	309.8331649303436	1375	533	256.87949538230896	1095

2024-05-24 19:15:26,998 - INFO - 	366	1095.1011582429014	0	3.415381669998169	311.2371668815613	1378	533	258.14445543289185	1098

2024-05-24 19:15:27,779 - INFO - 	367	1094.5705347484952	0	3.419853448867798	312.01808285713196	1381	533	258.7917470932007	1101

2024-05-24 19:15:28,559 - INFO - 	368	1094.5705347484954	0	3.421957492828369	312.79813051223755	1384	533	259.4384081363678	1104

2024-05-24 19:15:29,367 - INFO - 	369	1093.9977847236357	0	3.427492618560791	313.6052436828613	1387	533	260.10516023635864	1107

2024-05-24 19:15:30,179 - INFO - 	370	1093.6886951416097	0	3.433706760406494	314.41708064079285	1390	533	260.77475905418396	1110

2024-05-24 19:15:31,565 - INFO - 	371	1093.6886951416102	0	3.4357798099517822	315.80364179611206	1393	533	262.0237138271332	1113

2024-05-24 19:15:32,311 - INFO - 	372	1093.6718752819547	0	3.437978744506836	316.54931569099426	1396	533	262.63808703422546	1116

2024-05-24 19:15:33,089 - INFO - 	373	1093.6718752819543	0	3.4421606063842773	317.3268446922302	1399	533	263.28182721138	1119

2024-05-24 19:15:33,890 - INFO - 	374	1093.545278595303	0	3.4454567432403564	318.1283748149872	1402	533	263.94558572769165	1122

2024-05-24 19:15:34,688 - INFO - 	375	1092.9919162044382	0	3.452603578567505	318.92571902275085	1405	533	264.6011564731598	1125

2024-05-24 19:15:36,080 - INFO - 	376	1092.4722984226235	0	3.458251714706421	320.3179612159729	1408	533	265.85298132896423	1128

2024-05-24 19:15:36,812 - INFO - 	377	1092.3029950958714	0	3.462601661682129	321.049889087677	1411	533	266.451602935791	1131

2024-05-24 19:15:37,573 - INFO - 	378	1092.0	0	3.467679738998413	321.81052803993225	1414	533	267.07804346084595	1134

2024-05-24 19:15:48,259 - INFO - 	379	1092.0000000000002	9.898970127105713	3.4732484817504883	332.49664068222046	1417	533	267.7281539440155	1134

2024-05-24 19:15:49,107 - INFO - 	380	1092.0	9.898970127105713	3.4791815280914307	333.3448078632355	1420	533	268.43448066711426	1137

2024-05-24 19:16:00,039 - INFO - 
ya no tiene columnas con costo reducido negative
2024-05-24 19:16:00,039 - INFO - Set parameter OutputFlag to value 1
2024-05-24 19:16:00,040 - INFO - Set parameter LogFile to value "logs_new/salida_modelo_caminos_280_567.log"
2024-05-24 19:16:00,040 - INFO - Set parameter TimeLimit to value 7200
2024-05-24 19:16:00,041 - INFO - Gurobi Optimizer version 11.0.1 build v11.0.1rc0 (mac64[arm] - Darwin 23.4.0 23E224)
2024-05-24 19:16:00,041 - INFO - 
2024-05-24 19:16:00,041 - INFO - CPU model: Apple M2
2024-05-24 19:16:00,042 - INFO - Thread count: 8 physical cores, 8 logical processors, using up to 8 threads
2024-05-24 19:16:00,042 - INFO - 
2024-05-24 19:16:00,042 - INFO - Optimize a model with 533 rows, 1420 columns and 5734 nonzeros
2024-05-24 19:16:00,043 - INFO - Coefficient statistics:
2024-05-24 19:16:00,043 - INFO -   Matrix range     [1e+00, 1e+00]
2024-05-24 19:16:00,043 - INFO -   Objective range  [2e+00, 1e+10]
2024-05-24 19:16:00,043 - INFO -   Bounds range     [0e+00, 0e+00]
2024-05-24 19:16:00,044 - INFO -   RHS range        [1e+00, 2e+02]
2024-05-24 19:16:00,044 - INFO - Warning: Model contains large objective coefficients
2024-05-24 19:16:00,044 - INFO -          Consider reformulating model or setting NumericFocus parameter
2024-05-24 19:16:00,044 - INFO -          to avoid numerical issues.
2024-05-24 19:16:00,045 - INFO - 
2024-05-24 19:16:00,045 - INFO - Solved in 0 iterations and 0.00 seconds (0.00 work units)
2024-05-24 19:16:00,045 - INFO - Optimal objective  1.092000000e+03
2024-05-24 19:16:00,047 - INFO - Gurobi Optimizer version 11.0.1 build v11.0.1rc0 (mac64[arm] - Darwin 23.4.0 23E224)
2024-05-24 19:16:00,047 - INFO - 
2024-05-24 19:16:00,047 - INFO - CPU model: Apple M2
2024-05-24 19:16:00,048 - INFO - Thread count: 8 physical cores, 8 logical processors, using up to 8 threads
2024-05-24 19:16:00,048 - INFO - 
2024-05-24 19:16:00,048 - INFO - Optimize a model with 533 rows, 1420 columns and 5734 nonzeros
2024-05-24 19:16:00,049 - INFO - Model fingerprint: 0xf96cc1fb
2024-05-24 19:16:00,049 - INFO - Variable types: 0 continuous, 1420 integer (1420 binary)
2024-05-24 19:16:00,049 - INFO - Coefficient statistics:
2024-05-24 19:16:00,049 - INFO -   Matrix range     [1e+00, 1e+00]
2024-05-24 19:16:00,050 - INFO -   Objective range  [2e+00, 1e+10]
2024-05-24 19:16:00,050 - INFO -   Bounds range     [0e+00, 0e+00]
2024-05-24 19:16:00,050 - INFO -   RHS range        [1e+00, 2e+02]
2024-05-24 19:16:00,050 - INFO - Warning: Model contains large objective coefficients
2024-05-24 19:16:00,051 - INFO -          Consider reformulating model or setting NumericFocus parameter
2024-05-24 19:16:00,051 - INFO -          to avoid numerical issues.
2024-05-24 19:16:00,051 - INFO - Found heuristic solution: objective 2.800000e+12
2024-05-24 19:16:00,062 - INFO - Presolve removed 250 rows and 0 columns
2024-05-24 19:16:00,064 - INFO - Presolve time: 0.01s
2024-05-24 19:16:00,067 - INFO - Presolved: 283 rows, 1420 columns, 5559 nonzeros
2024-05-24 19:16:00,069 - INFO - Variable types: 0 continuous, 1420 integer (1420 binary)
2024-05-24 19:16:00,070 - INFO - Found heuristic solution: objective 2.750000e+12
2024-05-24 19:16:00,113 - INFO - 
2024-05-24 19:16:00,114 - INFO - Root relaxation: objective 1.092000e+03, 1489 iterations, 0.04 seconds (0.07 work units)
2024-05-24 19:16:00,126 - INFO - 
2024-05-24 19:16:00,128 - INFO -     Nodes    |    Current Node    |     Objective Bounds      |     Work
2024-05-24 19:16:00,128 - INFO -  Expl Unexpl |  Obj  Depth IntInf | Incumbent    BestBd   Gap | It/Node Time
2024-05-24 19:16:00,130 - INFO - 
2024-05-24 19:16:00,131 - INFO -      0     0 1092.00000    0  225 2.7500e+12 1092.00000   100%     -    0s
2024-05-24 19:16:00,132 - INFO - H    0     0                    3.600000e+11 1092.00000   100%     -    0s
2024-05-24 19:16:00,134 - INFO - H    0     0                    3.000000e+11 1092.00000   100%     -    0s
2024-05-24 19:16:00,139 - INFO - H    0     0                    1.800000e+11 1092.00000   100%     -    0s
2024-05-24 19:16:00,193 - INFO - H    0     0                    1.600000e+11 1092.00000   100%     -    0s
2024-05-24 19:16:00,229 - INFO - H    0     0                    1.500000e+11 1092.86907   100%     -    0s
2024-05-24 19:16:00,233 - INFO -      0     0 1092.86907    0  248 1.5000e+11 1092.86907   100%     -    0s
2024-05-24 19:16:00,327 - INFO - H    0     0                    1.300000e+11 1092.86907   100%     -    0s
2024-05-24 19:16:00,331 - INFO -      0     0 1093.83653    0  234 1.3000e+11 1093.83653   100%     -    0s
2024-05-24 19:16:00,341 - INFO -      0     0 1093.83653    0  234 1.3000e+11 1093.83653   100%     -    0s
2024-05-24 19:16:00,422 - INFO -      0     2 1093.83954    0  234 1.3000e+11 1093.83954   100%     -    0s
2024-05-24 19:16:00,488 - INFO - H   32    40                    1.000000e+11 1097.17370   100%  94.4    0s
2024-05-24 19:16:00,563 - INFO - H   78    92                    9.000000e+10 1099.68789   100%  81.3    0s
2024-05-24 19:16:00,622 - INFO - H  122   132                    9.000000e+10 1099.83180   100%  85.0    0s
2024-05-24 19:16:00,842 - INFO - H  166   172                    8.000000e+10 1099.83180   100%  79.8    0s
2024-05-24 19:16:00,843 - INFO - H  167   172                    6.000000e+10 1099.83180   100%  80.5    0s
2024-05-24 19:16:01,199 - INFO - H  197   213                    5.999999e+10 1099.83180   100%  75.9    1s
2024-05-24 19:16:01,200 - INFO - H  199   213                    5.999999e+10 1099.83180   100%  75.7    1s
2024-05-24 19:16:01,518 - INFO - H  218   223                    5.000000e+10 1099.83180   100%  74.4    1s
2024-05-24 19:16:02,713 - INFO - H 1010   989                    4.000000e+10 1099.83180   100%  53.5    2s
2024-05-24 19:16:02,714 - INFO - H 1023   989                    4.000000e+10 1099.83180   100%  53.1    2s
2024-05-24 19:16:04,591 - INFO - H 1826  1581                    3.999999e+10 1099.84600   100%  53.0    4s
2024-05-24 19:16:05,088 - INFO -   2158  1796 2.0036e+10   62  174 4.0000e+10 1099.84600   100%  53.1    5s
2024-05-24 19:16:05,895 - INFO - H 2414  1833                    3.999998e+10 1099.84600   100%  52.9    5s
2024-05-24 19:16:10,137 - INFO -   5210  3421 1.3052e+09   35  232 4.0000e+10 1100.62185   100%  57.7   10s
2024-05-24 19:16:12,143 - INFO - H 6694  4417                    3.999998e+10 1101.64376   100%  59.2   12s
2024-05-24 19:16:12,144 - INFO - H 6696  4417                    3.999998e+10 1101.64376   100%  59.2   12s
2024-05-24 19:16:12,145 - INFO - H 6698  4081                    3.000000e+10 1101.64376   100%  59.2   12s
2024-05-24 19:16:15,195 - INFO -   9201  6420 7.3218e+09   85  218 3.0000e+10 1103.47034   100%  59.7   15s
2024-05-24 19:16:15,552 - INFO - H 9561  6639                    3.000000e+10 1104.25691   100%  59.8   15s
2024-05-24 19:16:15,890 - INFO - H 9984  6207                    2.000000e+10 1104.25691   100%  59.8   15s
2024-05-24 19:16:16,239 - INFO - H10349  6534                    2.000000e+10 1105.15737   100%  59.6   16s
2024-05-24 19:16:19,338 - INFO - H11344  7138                    2.000000e+10 1105.25322   100%  59.4   19s
2024-05-24 19:16:20,205 - INFO -  11415  7283 4.1147e+09   43  222 2.0000e+10 1105.25322   100%  59.4   20s
2024-05-24 19:16:21,052 - INFO - H12510  8269                    2.000000e+10 1105.55932   100%  59.0   21s
2024-05-24 19:16:21,053 - INFO - H12651  8269                    1.999999e+10 1105.55932   100%  59.1   21s
2024-05-24 19:16:25,593 - INFO -  15809 11419 1.2289e+10   59  215 2.0000e+10 1107.22540   100%  58.6   25s
2024-05-24 19:16:26,142 - INFO - *16973  9419              97    1.000000e+10 1107.45147   100%  58.5   26s
2024-05-24 19:16:30,098 - INFO -  22160 13456 1144.94494   32  232 1.0000e+10 1109.40136   100%  61.3   30s
2024-05-24 19:16:35,572 - INFO -  27840 17506 1158.21060   32  214 1.0000e+10 1111.12560   100%  63.1   35s
2024-05-24 19:16:42,856 - INFO -  29830 18422 1161.05498   39  234 1.0000e+10 1111.64779   100%  63.3   42s
2024-05-24 19:16:45,289 - INFO -  29846 18433 1.3956e+09   47  278 1.0000e+10 1111.64779   100%  63.3   45s
2024-05-24 19:16:50,060 - INFO -  30767 18867 1118.80472   37  231 1.0000e+10 1111.64779   100%  63.8   50s
2024-05-24 19:16:55,093 - INFO -  32414 19610 9.3833e+08   58  210 1.0000e+10 1111.64779   100%  64.5   55s
2024-05-24 19:17:00,223 - INFO -  36411 21467 3.2589e+09   50  225 1.0000e+10 1111.64779   100%  66.1   60s
2024-05-24 19:17:05,263 - INFO -  40724 23339 1.7941e+09   49  230 1.0000e+10 1111.64779   100%  67.4   65s
2024-05-24 19:17:10,918 - INFO -  44679 24799 1182.77023   43  224 1.0000e+10 1112.54722   100%  68.7   70s
2024-05-24 19:17:15,394 - INFO -  50220 27170 4.1285e+09   64  191 1.0000e+10 1114.00850   100%  70.1   75s
2024-05-24 19:17:20,333 - INFO -  56704 29499 1199.88235   47  174 1.0000e+10 1115.62775   100%  71.0   80s
2024-05-24 19:17:25,458 - INFO -  62533 31708 infeasible   71      1.0000e+10 1116.70159   100%  71.6   85s
2024-05-24 19:17:30,205 - INFO -  70356 34757 1153.30830   41  196 1.0000e+10 1117.98184   100%  72.3   90s
2024-05-24 19:17:35,114 - INFO -  75915 37047 5.7803e+09   79  218 1.0000e+10 1118.64014   100%  72.5   95s
2024-05-24 19:17:42,502 - INFO -  83411 39221 2.5112e+09   51  221 1.0000e+10 1119.48075   100%  72.9  102s
2024-05-24 19:17:45,315 - INFO -  86559 41194 1173.70563   41  209 1.0000e+10 1119.82600   100%  73.1  105s
2024-05-24 19:17:50,180 - INFO -  94256 46324     cutoff   53      1.0000e+10 1120.71115   100%  73.2  110s
2024-05-24 19:17:55,275 - INFO -  102172 51901     cutoff   54      1.0000e+10 1121.40161   100%  73.4  115s
2024-05-24 19:18:00,067 - INFO -  109995 58073 1.2148e+09   44  225 1.0000e+10 1122.05198   100%  73.3  120s
2024-05-24 19:18:05,161 - INFO -  118403 64000 infeasible   82      1.0000e+10 1122.57070   100%  73.5  125s
2024-05-24 19:18:10,429 - INFO -  128975 71062 6.4416e+08   53  216 1.0000e+10 1123.27597   100%  73.6  130s
2024-05-24 19:18:15,371 - INFO -  137866 77785 7.2820e+08   51  221 1.0000e+10 1123.86201   100%  73.6  135s
2024-05-24 19:18:20,258 - INFO -  145005 82491 1152.35637   43  224 1.0000e+10 1124.29880   100%  73.9  140s
2024-05-24 19:18:26,936 - INFO -  154323 88516 1157.56256   48  207 1.0000e+10 1124.82315   100%  73.9  146s
2024-05-24 19:18:30,425 - INFO -  160318 93250 5.6250e+09   64  177 1.0000e+10 1125.18983   100%  73.9  150s
2024-05-24 19:18:35,472 - INFO -  169011 98972 4.2596e+09   72  160 1.0000e+10 1125.67384   100%  74.1  155s
2024-05-24 19:18:40,102 - INFO -  176478 103845 3.7992e+08   52  213 1.0000e+10 1126.05262   100%  74.5  160s
2024-05-24 19:18:45,601 - INFO -  178608 109989 1.4940e+09   49  214 1.0000e+10 1126.14299   100%  74.4  165s
2024-05-24 19:18:50,399 - INFO -  189714 112723 1153.89632   38  207 1.0000e+10 1126.65471   100%  74.7  170s
2024-05-24 19:18:55,382 - INFO -  199233 119079 1152.64381   41  199 1.0000e+10 1127.04468   100%  74.7  175s
2024-05-24 19:19:00,378 - INFO -  207968 125234 1141.47694   45  222 1.0000e+10 1127.39328   100%  74.8  180s
2024-05-24 19:19:01,033 - INFO - *209045 54404              56    1196.0000000 1127.45072  5.73%  74.8  180s
2024-05-24 19:19:01,422 - INFO - H210456 52766                    1192.0000000 1127.51527  5.41%  74.8  181s
2024-05-24 19:19:05,080 - INFO -  219480 55808 1148.40654   42  200 1192.00000 1128.19183  5.35%  74.3  185s
2024-05-24 19:19:10,085 - INFO -  224665 57207 1176.86825   59  209 1192.00000 1128.51458  5.33%  74.0  190s
2024-05-24 19:19:15,456 - INFO -  229962 58550 1139.59368   53  208 1192.00000 1128.51458  5.33%  73.6  195s
2024-05-24 19:19:20,333 - INFO -  242420 60019 1180.72482   62  192 1192.00000 1128.51458  5.33%  72.6  200s
2024-05-24 19:19:25,103 - INFO -  253649 60859 1151.52263   54  204 1192.00000 1128.51458  5.33%  71.7  205s
2024-05-24 19:19:30,250 - INFO -  266667 61354 1150.85460   50  226 1192.00000 1128.51458  5.33%  70.8  210s
2024-05-24 19:19:35,114 - INFO -  280222 61566 1183.94435   50  211 1192.00000 1128.51458  5.33%  69.9  215s
2024-05-24 19:19:40,170 - INFO -  292381 61319 1152.73781   51  218 1192.00000 1128.51458  5.33%  69.1  220s
2024-05-24 19:19:45,317 - INFO -  306150 60688 1152.00747   54  217 1192.00000 1128.97788  5.29%  68.3  225s
2024-05-24 19:19:50,317 - INFO -  319872 59793 1165.73896   49  183 1192.00000 1130.30767  5.18%  67.6  230s
2024-05-24 19:19:55,143 - INFO -  331129 59118 1149.19524   54  219 1192.00000 1131.24440  5.10%  67.0  235s
2024-05-24 19:20:00,195 - INFO -  345148 58185 1148.27662   47  224 1192.00000 1132.44617  5.00%  66.3  240s
2024-05-24 19:20:00,827 - INFO - *347431 49001              60    1170.0000000 1132.61039  3.20%  66.2  240s
2024-05-24 19:20:01,144 - INFO - H347846 43546                    1166.0000000 1132.66315  2.86%  66.2  241s
2024-05-24 19:20:05,288 - INFO -  361296 40417 1138.61656   51  228 1166.00000 1134.04459  2.74%  65.5  245s
2024-05-24 19:20:10,134 - INFO -  376896 36454     cutoff   59      1166.00000 1135.46073  2.62%  64.7  250s
2024-05-24 19:20:15,274 - INFO -  393604 36876 1158.33573   54  196 1166.00000 1136.85666  2.50%  63.8  255s
2024-05-24 19:20:20,052 - INFO -  409541 37477 1143.19477   54  213 1166.00000 1138.13865  2.39%  63.1  260s
2024-05-24 19:20:25,175 - INFO -  426565 37535     cutoff   53      1166.00000 1139.54752  2.27%  62.3  265s
2024-05-24 19:20:30,162 - INFO -  443056 37225     cutoff   51      1166.00000 1140.82661  2.16%  61.6  270s
2024-05-24 19:20:35,285 - INFO -  457650 36636 1156.96802   57  213 1166.00000 1141.92503  2.06%  61.1  275s
2024-05-24 19:20:40,235 - INFO -  472260 35600     cutoff   53      1166.00000 1143.04499  1.97%  60.6  280s
2024-05-24 19:20:45,381 - INFO -  487465 34202 1164.86943   59  187 1166.00000 1144.22685  1.87%  60.2  285s
2024-05-24 19:20:50,358 - INFO -  501535 32453 1158.98867   58  220 1166.00000 1145.39400  1.77%  59.8  290s
2024-05-24 19:20:55,388 - INFO -  516488 30122     cutoff   60      1166.00000 1146.66102  1.66%  59.4  295s
2024-05-24 19:21:00,086 - INFO -  530327 27475 infeasible   58      1166.00000 1147.94698  1.55%  59.0  300s
2024-05-24 19:21:05,084 - INFO -  545085 24040     cutoff   55      1166.00000 1149.46174  1.42%  58.6  305s
2024-05-24 19:21:10,311 - INFO -  559390 19754 1156.08376   55  211 1166.00000 1151.27925  1.26%  58.2  310s
2024-05-24 19:21:15,164 - INFO -  574122 14137     cutoff   57      1166.00000 1153.78649  1.05%  57.8  315s
2024-05-24 19:21:20,221 - INFO -  591797  2885     cutoff   54      1166.00000 1160.98284  0.43%  57.1  320s
2024-05-24 19:21:20,712 - INFO - 
2024-05-24 19:21:20,712 - INFO - Cutting planes:
2024-05-24 19:21:20,713 - INFO -   Gomory: 7
2024-05-24 19:21:20,713 - INFO -   Clique: 3
2024-05-24 19:21:20,714 - INFO -   Zero half: 11
2024-05-24 19:21:20,716 - INFO - 
2024-05-24 19:21:20,716 - INFO - Explored 595977 nodes (33854214 simplex iterations) in 320.67 seconds (610.12 work units)
2024-05-24 19:21:20,717 - INFO - Thread count was 8 (of 8 available processors)
2024-05-24 19:21:20,717 - INFO - 
2024-05-24 19:21:20,718 - INFO - Solution count 10: 1166 1170 1192 ... 2e+10
2024-05-24 19:21:20,718 - INFO - 
2024-05-24 19:21:20,719 - INFO - Optimal solution found (tolerance 1.00e-04)
2024-05-24 19:21:20,719 - INFO - Best objective 1.166000000000e+03, best bound 1.166000000000e+03, gap 0.0000%
2024-05-24 19:25:56,320 - INFO - Set parameter LogFile to value "logs_new/salida_modelo_arcos_300_567.log"
2024-05-24 19:25:56,320 - INFO - Set parameter TimeLimit to value 7200
2024-05-24 19:25:56,828 - INFO - Gurobi Optimizer version 11.0.1 build v11.0.1rc0 (mac64[arm] - Darwin 23.4.0 23E224)
2024-05-24 19:25:56,829 - INFO - 
2024-05-24 19:25:56,829 - INFO - CPU model: Apple M2
2024-05-24 19:25:56,829 - INFO - Thread count: 8 physical cores, 8 logical processors, using up to 8 threads
2024-05-24 19:25:56,830 - INFO - 
2024-05-24 19:25:56,830 - INFO - Optimize a model with 2086594 rows, 1458234 columns and 8724630 nonzeros
2024-05-24 19:25:56,868 - INFO - Model fingerprint: 0x8c79d2ff
2024-05-24 19:25:56,870 - INFO - Variable types: 76053 continuous, 1382181 integer (1382181 binary)
2024-05-24 19:25:56,890 - INFO - Coefficient statistics:
2024-05-24 19:25:56,890 - INFO -   Matrix range     [1e-01, 1e+07]
2024-05-24 19:25:56,890 - INFO -   Objective range  [1e+00, 2e+01]
2024-05-24 19:25:56,890 - INFO -   Bounds range     [1e+00, 1e+02]
2024-05-24 19:25:56,891 - INFO -   RHS range        [1e+00, 1e+07]
2024-05-24 19:26:02,645 - INFO - Presolve removed 1310056 rows and 109125 columns (presolve time = 5s) ...
2024-05-24 19:26:07,685 - INFO - Presolve removed 1490234 rows and 112307 columns (presolve time = 10s) ...
2024-05-24 19:26:12,625 - INFO - Presolve removed 1490234 rows and 112307 columns (presolve time = 15s) ...
2024-05-24 19:26:17,624 - INFO - Presolve removed 1490234 rows and 112307 columns (presolve time = 20s) ...
2024-05-24 19:26:22,628 - INFO - Presolve removed 1490234 rows and 112307 columns (presolve time = 25s) ...
2024-05-24 19:26:27,615 - INFO - Presolve removed 1490234 rows and 112307 columns (presolve time = 30s) ...
2024-05-24 19:26:32,617 - INFO - Presolve removed 1490234 rows and 112307 columns (presolve time = 35s) ...
2024-05-24 19:26:37,618 - INFO - Presolve removed 1490234 rows and 112307 columns (presolve time = 40s) ...
2024-05-24 19:26:42,619 - INFO - Presolve removed 1490234 rows and 112307 columns (presolve time = 45s) ...
2024-05-24 19:26:47,613 - INFO - Presolve removed 1490234 rows and 112307 columns (presolve time = 50s) ...
2024-05-24 19:26:52,619 - INFO - Presolve removed 1490234 rows and 112307 columns (presolve time = 55s) ...
2024-05-24 19:26:57,620 - INFO - Presolve removed 1490234 rows and 112307 columns (presolve time = 60s) ...
2024-05-24 19:27:02,614 - INFO - Presolve removed 1490234 rows and 112307 columns (presolve time = 65s) ...
2024-05-24 19:27:07,612 - INFO - Presolve removed 1490234 rows and 112307 columns (presolve time = 70s) ...
2024-05-24 19:27:12,614 - INFO - Presolve removed 1490234 rows and 112307 columns (presolve time = 75s) ...
2024-05-24 19:27:17,613 - INFO - Presolve removed 1490234 rows and 112307 columns (presolve time = 80s) ...
2024-05-24 19:27:22,613 - INFO - Presolve removed 1490234 rows and 112307 columns (presolve time = 85s) ...
2024-05-24 19:27:27,612 - INFO - Presolve removed 1490234 rows and 112307 columns (presolve time = 90s) ...
2024-05-24 19:27:32,614 - INFO - Presolve removed 1490234 rows and 112307 columns (presolve time = 95s) ...
2024-05-24 19:27:37,612 - INFO - Presolve removed 1490234 rows and 112307 columns (presolve time = 100s) ...
2024-05-24 19:27:42,614 - INFO - Presolve removed 1490234 rows and 112307 columns (presolve time = 105s) ...
2024-05-24 19:27:47,613 - INFO - Presolve removed 1490234 rows and 112307 columns (presolve time = 110s) ...
2024-05-24 19:27:52,561 - INFO - Presolve removed 1729178 rows and 578447 columns
2024-05-24 19:27:52,562 - INFO - Presolve time: 114.95s
2024-05-24 19:27:52,579 - INFO - Presolved: 357416 rows, 879787 columns, 3000416 nonzeros
2024-05-24 19:27:54,246 - INFO - Variable types: 20 continuous, 879767 integer (871985 binary)
2024-05-24 19:28:12,911 - INFO - Deterministic concurrent LP optimizer: primal simplex, dual simplex, and barrier
2024-05-24 19:28:12,911 - INFO - Showing barrier log only...
2024-05-24 19:28:12,912 - INFO - 
2024-05-24 19:28:13,440 - INFO - Root barrier log...
2024-05-24 19:28:13,441 - INFO - 
2024-05-24 19:28:17,937 - INFO - Ordering time: 4.09s
2024-05-24 19:28:18,496 - INFO - 
2024-05-24 19:28:18,496 - INFO - Barrier statistics:
2024-05-24 19:28:18,498 - INFO -  Dense cols : 51
2024-05-24 19:28:18,498 - INFO -  AA' NZ     : 9.757e+06
2024-05-24 19:28:18,499 - INFO -  Factor NZ  : 5.254e+07 (roughly 1.0 GB of memory)
2024-05-24 19:28:18,500 - INFO -  Factor Ops : 1.598e+10 (less than 1 second per iteration)
2024-05-24 19:28:18,501 - INFO -  Threads    : 5
2024-05-24 19:28:19,170 - INFO - 
2024-05-24 19:28:19,170 - INFO -                   Objective                Residual
2024-05-24 19:28:19,171 - INFO - Iter       Primal          Dual         Primal    Dual     Compl     Time
2024-05-24 19:28:19,210 - INFO -    0   6.07415111e+08 -4.82943247e+08  3.41e+06 9.00e+00  8.68e+03   142s
2024-05-24 19:28:19,906 - INFO -    1   4.59765257e+08 -4.68364332e+08  2.59e+06 8.93e+00  6.36e+03   143s
2024-05-24 19:28:20,639 - INFO -    2   2.75468260e+08 -4.45380341e+08  1.55e+06 2.97e+00  3.87e+03   144s
2024-05-24 19:28:21,468 - INFO -    3   2.14259464e+08 -3.99916194e+08  1.21e+06 6.11e-01  2.93e+03   145s
2024-05-24 19:28:22,361 - INFO -    4   3.39398844e+07 -3.42116572e+08  1.90e+05 6.18e-10  5.71e+02   146s
2024-05-24 19:28:23,189 - INFO -    5   1.74577770e+07 -2.10047046e+08  9.64e+04 4.02e-11  2.69e+02   146s
2024-05-24 19:28:23,958 - INFO -    6   1.13134365e+07 -1.47944443e+08  6.19e+04 9.79e-12  1.68e+02   147s
2024-05-24 19:28:24,569 - INFO -    7   8.62321945e+06 -1.27068698e+08  4.68e+04 9.82e-12  1.32e+02   148s
2024-05-24 19:28:25,248 - INFO -    8   7.01077757e+06 -9.56221448e+07  3.78e+04 3.71e-12  1.01e+02   148s
2024-05-24 19:28:26,110 - INFO -    9   6.32406602e+06 -7.42081507e+07  3.40e+04 3.79e-12  8.38e+01   149s
2024-05-24 19:28:27,117 - INFO -   10   4.35625701e+06 -5.04937749e+07  2.32e+04 2.38e-12  5.69e+01   150s
2024-05-24 19:28:28,711 - INFO -   11   3.02925701e+06 -3.21265156e+07  1.59e+04 2.50e-12  3.80e+01   152s
2024-05-24 19:28:31,050 - INFO -   12   1.73162198e+06 -1.93728716e+07  9.01e+03 2.16e-11  2.24e+01   154s
2024-05-24 19:28:33,320 - INFO -   13   1.06208108e+06 -1.35551418e+07  5.49e+03 2.93e-12  1.47e+01   156s
2024-05-24 19:28:35,250 - INFO -   14   6.90562104e+05 -1.02626061e+07  3.56e+03 2.73e-12  1.03e+01   158s
2024-05-24 19:45:08,051 - INFO -   15   4.56001353e+05 -7.37968329e+06  2.35e+03 1.84e-12  7.15e+00  1151s
2024-05-24 19:45:09,525 - INFO -   16   3.12765303e+05 -5.18688741e+06  1.61e+03 3.33e-12  4.99e+00  1153s
2024-05-24 19:45:10,261 - INFO -   17   1.91657997e+05 -3.04166392e+06  9.81e+02 1.20e-12  3.03e+00  1153s
2024-05-24 19:45:11,069 - INFO -   18   9.43581954e+04 -1.38516957e+06  4.77e+02 9.81e-13  1.44e+00  1154s
2024-05-24 19:45:11,882 - INFO -   19   4.16215797e+04 -8.02483764e+05  2.05e+02 4.14e-13  7.18e-01  1155s
2024-05-24 19:45:12,729 - INFO -   20   2.04844127e+04 -4.32789695e+05  9.45e+01 2.17e-13  3.59e-01  1156s
2024-05-24 19:45:13,504 - INFO -   21   1.61466008e+04 -2.95934484e+05  7.13e+01 2.11e-13  2.53e-01  1157s
2024-05-24 19:45:14,190 - INFO -   22   1.37470562e+04 -2.44406898e+05  5.81e+01 1.93e-13  2.06e-01  1157s
2024-05-24 19:45:14,769 - INFO -   23   1.16980235e+04 -2.00677650e+05  4.68e+01 1.75e-13  1.67e-01  1158s
2024-05-24 19:45:15,511 - INFO -   24   9.10119841e+03 -1.80472033e+05  3.23e+01 1.60e-13  1.35e-01  1159s
2024-05-24 19:45:16,247 - INFO -   25   7.12014841e+03 -1.28516778e+05  2.09e+01 1.37e-13  9.26e-02  1159s
2024-05-24 19:45:16,938 - INFO -   26   6.27574267e+03 -8.91246507e+04  1.55e+01 1.30e-13  6.50e-02  1160s
2024-05-24 19:45:17,674 - INFO -   27   5.42869312e+03 -6.25769469e+04  1.01e+01 1.17e-13  4.46e-02  1161s
2024-05-24 19:45:18,420 - INFO -   28   4.62865443e+03 -4.95902391e+04  5.40e+00 1.05e-13  3.22e-02  1162s
2024-05-24 19:45:19,082 - INFO -   29   4.29283295e+03 -3.69513422e+04  4.06e+00 9.59e-14  2.42e-02  1162s
2024-05-24 19:45:19,856 - INFO -   30   3.92547394e+03 -2.60938830e+04  2.78e+00 7.99e-14  1.72e-02  1163s
2024-05-24 19:45:20,615 - INFO -   31   3.77584628e+03 -2.25709224e+04  2.31e+00 7.46e-14  1.48e-02  1164s
2024-05-24 19:45:21,380 - INFO -   32   3.45605823e+03 -1.39705868e+04  1.50e+00 4.97e-14  9.56e-03  1165s
2024-05-24 19:45:22,119 - INFO -   33   3.12160882e+03 -9.50827928e+03  9.02e-01 4.44e-14  6.68e-03  1165s
2024-05-24 19:45:22,762 - INFO -   34   2.95844165e+03 -6.93262217e+03  7.18e-01 3.38e-14  5.16e-03  1166s
2024-05-24 19:45:23,303 - INFO -   35   2.89647343e+03 -5.74296933e+03  6.45e-01 3.73e-14  4.49e-03  1166s
2024-05-24 19:45:23,870 - INFO -   36   2.83602457e+03 -5.11788315e+03  5.79e-01 3.73e-14  4.11e-03  1167s
2024-05-24 19:45:24,523 - INFO -   37   2.63609203e+03 -3.95130001e+03  3.87e-01 3.73e-14  3.35e-03  1168s
2024-05-24 19:45:25,217 - INFO -   38   2.50259213e+03 -3.38836005e+03  3.05e-01 3.20e-14  2.97e-03  1168s
2024-05-24 19:45:25,936 - INFO -   39   2.44993110e+03 -2.72375307e+03  2.80e-01 3.20e-14  2.61e-03  1169s
2024-05-24 19:45:26,591 - INFO -   40   2.43951800e+03 -2.42056954e+03  2.76e-01 3.02e-14  2.45e-03  1170s
2024-05-24 19:45:27,289 - INFO -   41   2.31568879e+03 -1.77270588e+03  2.28e-01 2.66e-14  2.05e-03  1170s
2024-05-24 19:45:27,984 - INFO -   42   2.19346772e+03 -1.34014092e+03  1.85e-01 1.78e-14  1.77e-03  1171s
2024-05-24 19:45:28,729 - INFO -   43   2.08098310e+03 -8.64128667e+02  1.54e-01 2.13e-14  1.47e-03  1172s
2024-05-24 19:45:29,442 - INFO -   44   1.95036849e+03 -4.46317613e+02  1.23e-01 1.60e-14  1.20e-03  1173s
2024-05-24 19:45:30,145 - INFO -   45   1.73338331e+03 -1.97667399e+02  8.44e-02 1.60e-14  9.59e-04  1173s
2024-05-24 19:45:30,765 - INFO -   46   1.70322284e+03  2.77146700e+01  7.96e-02 1.78e-14  8.33e-04  1174s
2024-05-24 19:45:31,487 - INFO -   47   1.56234108e+03  3.25657628e+02  5.77e-02 1.60e-14  6.15e-04  1175s
2024-05-24 19:45:32,221 - INFO -   48   1.43177614e+03  6.39979522e+02  3.94e-02 1.42e-14  3.94e-04  1175s
2024-05-24 19:45:32,911 - INFO -   49   1.35730485e+03  8.79697153e+02  2.95e-02 1.42e-14  2.39e-04  1176s
2024-05-24 19:45:33,613 - INFO -   50   1.32310033e+03  9.12278845e+02  2.50e-02 1.60e-14  2.06e-04  1177s
2024-05-24 19:45:34,241 - INFO -   51   1.27702127e+03  9.70217943e+02  1.87e-02 1.60e-14  1.53e-04  1177s
2024-05-24 19:45:34,858 - INFO -   52   1.16279621e+03  1.04461378e+03  4.30e-03 1.42e-14  5.84e-05  1178s
2024-05-24 19:45:35,405 - INFO -   53   1.14762819e+03  1.10551631e+03  2.53e-03 1.78e-14  2.10e-05  1179s
2024-05-24 19:45:35,996 - INFO -   54   1.14112731e+03  1.12076439e+03  1.77e-03 1.69e-14  1.03e-05  1179s
2024-05-24 19:45:36,621 - INFO -   55   1.13942871e+03  1.12422653e+03  1.58e-03 2.13e-14  7.75e-06  1180s
2024-05-24 19:45:37,209 - INFO -   56   1.12880391e+03  1.12470885e+03  4.00e-04 1.78e-14  2.08e-06  1180s
2024-05-24 19:45:37,810 - INFO -   57   1.12581780e+03  1.12489843e+03  6.20e-05 1.69e-14  4.61e-07  1181s
2024-05-24 19:45:38,413 - INFO -   58   1.12516662e+03  1.12511527e+03  1.58e-06 1.78e-14  2.53e-08  1182s
2024-05-24 19:45:38,977 - INFO -   59   1.12514769e+03  1.12514692e+03  1.04e-08 1.78e-14  3.73e-10  1182s
2024-05-24 19:45:39,562 - INFO -   60   1.12514745e+03  1.12514745e+03  4.06e-10 2.13e-14  3.68e-13  1183s
2024-05-24 19:45:39,574 - INFO - 
2024-05-24 19:45:39,575 - INFO - Barrier solved model in 60 iterations and 1182.74 seconds (430.22 work units)
2024-05-24 19:45:39,576 - INFO - Optimal objective 1.12514745e+03
2024-05-24 19:45:39,577 - INFO - 
2024-05-24 19:45:39,639 - INFO - 
2024-05-24 19:45:39,640 - INFO - Root crossover log...
2024-05-24 19:45:39,641 - INFO - 
2024-05-24 19:45:39,683 - INFO -    21155 DPushes remaining with DInf 0.0000000e+00              1183s
2024-05-24 19:45:39,825 - INFO -        0 DPushes remaining with DInf 0.0000000e+00              1183s
2024-05-24 19:45:39,852 - INFO - 
2024-05-24 19:45:39,860 - INFO -     5593 PPushes remaining with PInf 4.8068607e-05              1183s
2024-05-24 19:45:40,069 - INFO -        0 PPushes remaining with PInf 0.0000000e+00              1183s
2024-05-24 19:45:40,089 - INFO - 
2024-05-24 19:45:40,090 - INFO -   Push phase complete: Pinf 0.0000000e+00, Dinf 2.4486707e-12   1183s
2024-05-24 19:45:40,090 - INFO - 
2024-05-24 19:45:40,141 - INFO - 
2024-05-24 19:45:40,142 - INFO - Root simplex log...
2024-05-24 19:45:40,143 - INFO - 
2024-05-24 19:45:40,143 - INFO - Iteration    Objective       Primal Inf.    Dual Inf.      Time
2024-05-24 19:45:40,144 - INFO -    26645    1.1251475e+03   0.000000e+00   0.000000e+00   1183s
2024-05-24 19:45:43,955 - INFO - Concurrent spin time: 3.80s
2024-05-24 19:45:43,956 - INFO - 
2024-05-24 19:45:43,956 - INFO - Solved with barrier
2024-05-24 19:45:44,145 - INFO -    26645    1.1251475e+03   0.000000e+00   0.000000e+00   1187s
2024-05-24 19:45:44,146 - INFO - 
2024-05-24 19:45:44,147 - INFO - Root relaxation: objective 1.125147e+03, 26645 iterations, 1052.22 seconds (70.12 work units)
2024-05-24 19:45:44,177 - INFO - Total elapsed time = 1187.35s (DegenMoves)
2024-05-24 19:45:50,509 - INFO - Total elapsed time = 1193.68s (DegenMoves)
2024-05-24 19:45:52,786 - INFO - Total elapsed time = 1195.96s (DegenMoves)
2024-05-24 19:45:56,815 - INFO - 
2024-05-24 19:45:56,815 - INFO -     Nodes    |    Current Node    |     Objective Bounds      |     Work
2024-05-24 19:45:56,816 - INFO -  Expl Unexpl |  Obj  Depth IntInf | Incumbent    BestBd   Gap | It/Node Time
2024-05-24 19:45:56,816 - INFO - 
2024-05-24 19:45:56,816 - INFO -      0     0 1125.14745    0  131          - 1125.14745      -     - 1199s
2024-05-24 19:46:07,466 - INFO -      0     0 1133.84211    0  277          - 1133.84211      -     - 1210s
2024-05-24 19:46:16,246 - INFO -      0     0 1135.00000    0  344          - 1135.00000      -     - 1219s
2024-05-24 19:46:23,347 - INFO -      0     0 1135.13777    0  358          - 1135.13777      -     - 1226s
2024-05-24 19:46:30,834 - INFO -      0     0 1137.00000    0  376          - 1137.00000      -     - 1234s
2024-05-24 19:46:35,948 - INFO -      0     0 1137.88372    0  420          - 1137.88372      -     - 1239s
2024-05-24 19:46:42,332 - INFO -      0     0 1139.00000    0  407          - 1139.00000      -     - 1245s
2024-05-24 19:46:48,088 - INFO -      0     0 1139.65455    0  445          - 1139.65455      -     - 1251s
2024-05-24 19:46:51,941 - INFO -      0     0 1141.00000    0  412          - 1141.00000      -     - 1255s
2024-05-24 19:46:57,050 - INFO -      0     0 1141.66667    0  457          - 1141.66667      -     - 1260s
2024-05-24 19:47:02,299 - INFO -      0     0 1145.00000    0  477          - 1145.00000      -     - 1265s
2024-05-24 20:03:07,037 - INFO - H    0     0                    1301.0000000 1145.00000  12.0%     - 2230s
2024-05-24 20:03:09,251 - INFO - H    0     0                    1215.0000000 1145.00000  5.76%     - 2232s
2024-05-24 20:03:27,028 - INFO -      0     0 1146.00000    0  537 1215.00000 1146.00000  5.68%     - 2250s
2024-05-24 20:03:38,500 - INFO -      0     0 1147.00000    0  527 1215.00000 1147.00000  5.60%     - 2261s
2024-05-24 20:03:49,611 - INFO -      0     0 1147.89796    0  590 1215.00000 1147.89796  5.52%     - 2272s
2024-05-24 20:03:57,448 - INFO -      0     0 1149.00000    0  562 1215.00000 1149.00000  5.43%     - 2280s
2024-05-24 20:04:10,296 - INFO -      0     0 1149.00000    0  559 1215.00000 1149.00000  5.43%     - 2293s
2024-05-24 20:04:18,077 - INFO -      0     0 1149.00000    0  572 1215.00000 1149.00000  5.43%     - 2301s
2024-05-24 20:04:26,007 - INFO -      0     0 1149.19923    0  576 1215.00000 1149.19923  5.42%     - 2309s
2024-05-24 20:04:30,170 - INFO -      0     0 1151.00000    0  542 1215.00000 1151.00000  5.27%     - 2313s
2024-05-24 20:04:33,651 - INFO -      0     0 1151.00000    0  483 1215.00000 1151.00000  5.27%     - 2316s
2024-05-24 20:04:39,181 - INFO -      0     0 1151.00000    0  462 1215.00000 1151.00000  5.27%     - 2322s
2024-05-24 20:04:42,851 - INFO -      0     0 1151.00000    0  477 1215.00000 1151.00000  5.27%     - 2326s
2024-05-24 20:23:00,099 - INFO - H    0     0                    1177.0000000 1151.00000  2.21%     - 3423s
2024-05-24 20:23:04,004 - INFO -      0     0 1151.00000    0  470 1177.00000 1151.00000  2.21%     - 3427s
2024-05-24 20:23:07,696 - INFO -      0     0 1151.00000    0  523 1177.00000 1151.00000  2.21%     - 3430s
2024-05-24 20:23:15,123 - INFO -      0     0 1151.00000    0  489 1177.00000 1151.00000  2.21%     - 3438s
2024-05-24 20:23:19,342 - INFO -      0     0 1151.74286    0  463 1177.00000 1151.74286  2.15%     - 3442s
2024-05-24 20:39:10,314 - INFO -      0     0 1153.00000    0  408 1177.00000 1153.00000  2.04%     - 4393s
2024-05-24 20:39:13,507 - INFO -      0     0 1154.00000    0  393 1177.00000 1154.00000  1.95%     - 4396s
2024-05-24 20:39:18,170 - INFO -      0     0 1155.00000    0  364 1177.00000 1155.00000  1.87%     - 4401s
2024-05-24 20:39:19,716 - INFO -      0     0 1155.00000    0  381 1177.00000 1155.00000  1.87%     - 4402s
2024-05-24 20:39:22,448 - INFO -      0     0 1155.00000    0  409 1177.00000 1155.00000  1.87%     - 4405s
2024-05-24 20:39:25,588 - INFO -      0     0 1155.00000    0  441 1177.00000 1155.00000  1.87%     - 4408s
2024-05-24 20:39:28,305 - INFO -      0     0 1155.00000    0  428 1177.00000 1155.00000  1.87%     - 4411s
2024-05-24 20:39:32,887 - INFO -      0     0 1155.00000    0  461 1177.00000 1155.00000  1.87%     - 4416s
2024-05-24 20:39:35,769 - INFO -      0     0 1155.00000    0  449 1177.00000 1155.00000  1.87%     - 4418s
2024-05-24 20:39:37,339 - INFO -      0     0 1155.00000    0  417 1177.00000 1155.00000  1.87%     - 4420s
2024-05-24 20:39:39,992 - INFO -      0     0 1155.00000    0  402 1177.00000 1155.00000  1.87%     - 4423s
2024-05-24 20:39:41,016 - INFO -      0     0 1155.00000    0  373 1177.00000 1155.00000  1.87%     - 4424s
2024-05-24 20:39:43,314 - INFO -      0     0 1155.00000    0  435 1177.00000 1155.00000  1.87%     - 4426s
2024-05-24 20:39:46,947 - INFO -      0     0 1155.00000    0  463 1177.00000 1155.00000  1.87%     - 4430s
2024-05-24 20:39:49,834 - INFO -      0     0 1159.00000    0  481 1177.00000 1159.00000  1.53%     - 4433s
2024-05-24 20:39:51,684 - INFO -      0     0 1159.00000    0  445 1177.00000 1159.00000  1.53%     - 4434s
2024-05-24 20:39:53,247 - INFO -      0     0 1161.00000    0  424 1177.00000 1161.00000  1.36%     - 4436s
2024-05-24 20:55:37,854 - INFO -      0     0 1161.00000    0  490 1177.00000 1161.00000  1.36%     - 5381s
2024-05-24 20:55:39,370 - INFO -      0     0 1161.00000    0  443 1177.00000 1161.00000  1.36%     - 5382s
2024-05-24 20:55:40,552 - INFO -      0     0 1161.48034    0  548 1177.00000 1161.48034  1.32%     - 5383s
2024-05-24 20:55:41,611 - INFO -      0     0 1163.00000    0  506 1177.00000 1163.00000  1.19%     - 5384s
2024-05-24 20:55:42,769 - INFO -      0     0 1163.00000    0  451 1177.00000 1163.00000  1.19%     - 5385s
2024-05-24 20:55:43,543 - INFO -      0     0 1165.00000    0  391 1177.00000 1165.00000  1.02%     - 5386s
2024-05-24 20:55:43,978 - INFO -      0     0 1165.00000    0  345 1177.00000 1165.00000  1.02%     - 5387s
2024-05-24 20:55:44,807 - INFO -      0     0 1165.00000    0  426 1177.00000 1165.00000  1.02%     - 5387s
2024-05-24 20:55:45,529 - INFO -      0     0 1165.00000    0  466 1177.00000 1165.00000  1.02%     - 5388s
2024-05-24 20:55:46,330 - INFO -      0     0 1165.00000    0  500 1177.00000 1165.00000  1.02%     - 5389s
2024-05-24 20:55:47,082 - INFO -      0     0 1165.00000    0  471 1177.00000 1165.00000  1.02%     - 5390s
2024-05-24 20:55:47,861 - INFO -      0     0 1165.00000    0  444 1177.00000 1165.00000  1.02%     - 5391s
2024-05-24 20:55:48,862 - INFO -      0     0 1165.00000    0  440 1177.00000 1165.00000  1.02%     - 5392s
2024-05-24 20:55:49,040 - INFO -      0     0 1165.00000    0  422 1177.00000 1165.00000  1.02%     - 5392s
2024-05-24 20:55:49,625 - INFO -      0     0 1165.00000    0  425 1177.00000 1165.00000  1.02%     - 5392s
2024-05-24 20:55:50,282 - INFO -      0     0 1165.00000    0  419 1177.00000 1165.00000  1.02%     - 5393s
2024-05-24 20:55:50,602 - INFO -      0     0 1165.00000    0  368 1177.00000 1165.00000  1.02%     - 5393s
2024-05-24 20:55:51,467 - INFO -      0     0 1165.00000    0  460 1177.00000 1165.00000  1.02%     - 5394s
2024-05-24 20:55:52,193 - INFO -      0     0 1165.00000    0  435 1177.00000 1165.00000  1.02%     - 5395s
2024-05-24 20:55:53,018 - INFO -      0     0 1165.00000    0  364 1177.00000 1165.00000  1.02%     - 5396s
2024-05-24 20:55:53,899 - INFO -      0     0 1165.00000    0  423 1177.00000 1165.00000  1.02%     - 5397s
2024-05-24 20:55:54,612 - INFO -      0     0 1165.00000    0  390 1177.00000 1165.00000  1.02%     - 5397s
2024-05-24 20:55:55,387 - INFO -      0     0 1165.00000    0  444 1177.00000 1165.00000  1.02%     - 5398s
2024-05-24 20:55:59,018 - INFO -      0     0 1165.00000    0  449 1177.00000 1165.00000  1.02%     - 5402s
2024-05-24 20:56:04,015 - INFO -      0     0 1165.00000    0   93 1177.00000 1165.00000  1.02%     - 5407s
2024-05-24 20:56:04,362 - INFO -      0     0 1165.00000    0  196 1177.00000 1165.00000  1.02%     - 5407s
2024-05-24 20:56:04,739 - INFO -      0     0 1167.00000    0  324 1177.00000 1167.00000  0.85%     - 5407s
2024-05-24 20:56:05,059 - INFO -      0     0 1169.00000    0  337 1177.00000 1169.00000  0.68%     - 5408s
2024-05-24 20:56:05,263 - INFO -      0     0 1169.00000    0  325 1177.00000 1169.00000  0.68%     - 5408s
2024-05-24 20:56:05,438 - INFO -      0     0 1169.00000    0  325 1177.00000 1169.00000  0.68%     - 5408s
2024-05-24 20:56:05,594 - INFO -      0     0 1169.00000    0  283 1177.00000 1169.00000  0.68%     - 5408s
2024-05-24 20:56:05,690 - INFO -      0     0 1169.00000    0  278 1177.00000 1169.00000  0.68%     - 5408s
2024-05-24 20:56:05,734 - INFO -      0     0 1169.00000    0  284 1177.00000 1169.00000  0.68%     - 5408s
2024-05-24 20:56:05,770 - INFO -      0     0 1169.00000    0  275 1177.00000 1169.00000  0.68%     - 5408s
2024-05-24 20:56:05,817 - INFO -      0     0 1169.01278    0  285 1177.00000 1169.01278  0.68%     - 5408s
2024-05-24 20:56:07,062 - INFO -      0     0 1171.00000    0  397 1177.00000 1171.00000  0.51%     - 5410s
2024-05-24 20:56:08,289 - INFO -      0     0 1171.00000    0   44 1177.00000 1171.00000  0.51%     - 5411s
2024-05-24 20:56:08,362 - INFO -      0     0 1171.00000    0   49 1177.00000 1171.00000  0.51%     - 5411s
2024-05-24 20:56:08,408 - INFO -      0     0 1171.00000    0   93 1177.00000 1171.00000  0.51%     - 5411s
2024-05-24 20:56:08,418 - INFO -      0     0 1171.00000    0   81 1177.00000 1171.00000  0.51%     - 5411s
2024-05-24 20:56:08,434 - INFO -      0     0 1171.00000    0  103 1177.00000 1171.00000  0.51%     - 5411s
2024-05-24 20:56:08,441 - INFO -      0     0 1171.00000    0  104 1177.00000 1171.00000  0.51%     - 5411s
2024-05-24 20:56:08,494 - INFO -      0     0 1171.00000    0  137 1177.00000 1171.00000  0.51%     - 5411s
2024-05-24 20:56:08,540 - INFO -      0     0 1171.00000    0  132 1177.00000 1171.00000  0.51%     - 5411s
2024-05-24 20:56:08,573 - INFO -      0     0 1171.00000    0  168 1177.00000 1171.00000  0.51%     - 5411s
2024-05-24 20:56:08,606 - INFO -      0     0 1173.00000    0  106 1177.00000 1173.00000  0.34%     - 5411s
2024-05-24 20:56:08,615 - INFO -      0     0 1173.00000    0   96 1177.00000 1173.00000  0.34%     - 5411s
2024-05-24 20:56:08,785 - INFO -      0     0 1173.00000    0   32 1177.00000 1173.00000  0.34%     - 5411s
2024-05-24 20:56:09,122 - INFO -      0     0 1173.00000    0   19 1177.00000 1173.00000  0.34%     - 5412s
2024-05-24 20:56:09,148 - INFO -      0     0 1173.00000    0   65 1177.00000 1173.00000  0.34%     - 5412s
2024-05-24 20:56:09,159 - INFO -      0     0 1173.00000    0   95 1177.00000 1173.00000  0.34%     - 5412s
2024-05-24 20:56:09,175 - INFO -      0     0 1173.00000    0  105 1177.00000 1173.00000  0.34%     - 5412s
2024-05-24 20:56:09,177 - INFO -      0     0 1173.00000    0   84 1177.00000 1173.00000  0.34%     - 5412s
2024-05-24 20:56:09,180 - INFO -      0     0 1173.00000    0  124 1177.00000 1173.00000  0.34%     - 5412s
2024-05-24 20:56:09,182 - INFO -      0     0 1173.00000    0   29 1177.00000 1173.00000  0.34%     - 5412s
2024-05-24 20:56:09,222 - INFO -      0     0 1173.00000    0   57 1177.00000 1173.00000  0.34%     - 5412s
2024-05-24 20:56:09,225 - INFO -      0     0 1173.00000    0   78 1177.00000 1173.00000  0.34%     - 5412s
2024-05-24 20:56:09,227 - INFO -      0     0 1173.00000    0   77 1177.00000 1173.00000  0.34%     - 5412s
2024-05-24 20:56:09,230 - INFO -      0     0 1173.00000    0  104 1177.00000 1173.00000  0.34%     - 5412s
2024-05-24 20:56:09,233 - INFO -      0     0 1173.00000    0   91 1177.00000 1173.00000  0.34%     - 5412s
2024-05-24 20:56:09,235 - INFO -      0     0 1173.00000    0   88 1177.00000 1173.00000  0.34%     - 5412s
2024-05-24 20:56:09,237 - INFO -      0     0 1173.00000    0    9 1177.00000 1173.00000  0.34%     - 5412s
2024-05-24 20:56:09,253 - INFO -      0     0 1173.00000    0   11 1177.00000 1173.00000  0.34%     - 5412s
2024-05-24 20:56:09,266 - INFO -      0     0 1173.00000    0    4 1177.00000 1173.00000  0.34%     - 5412s
2024-05-24 20:56:09,360 - INFO -      0     0 1173.03773    0   21 1177.00000 1173.03773  0.34%     - 5412s
2024-05-24 20:56:09,364 - INFO -      0     0 1175.00000    0   23 1177.00000 1175.00000  0.17%     - 5412s
2024-05-24 20:56:09,366 - INFO -      0     0 1175.00000    0    8 1177.00000 1175.00000  0.17%     - 5412s
2024-05-24 20:56:09,368 - INFO -      0     0 1175.00000    0    8 1177.00000 1175.00000  0.17%     - 5412s
2024-05-24 20:56:09,370 - INFO -      0     0 infeasible    0      1177.00000 1177.00000  0.00%     - 5412s
2024-05-24 20:56:09,372 - INFO - 
2024-05-24 20:56:09,372 - INFO - Cutting planes:
2024-05-24 20:56:09,373 - INFO -   Learned: 1
2024-05-24 20:56:09,373 - INFO -   Gomory: 3
2024-05-24 20:56:09,373 - INFO -   Cover: 2
2024-05-24 20:56:09,374 - INFO -   MIR: 6
2024-05-24 20:56:09,374 - INFO -   RLT: 4
2024-05-24 20:56:09,514 - INFO - 
2024-05-24 20:56:09,514 - INFO - Explored 1 nodes (351375 simplex iterations) in 5412.68 seconds (1484.82 work units)
2024-05-24 20:56:09,514 - INFO - Thread count was 8 (of 8 available processors)
2024-05-24 20:56:09,515 - INFO - 
2024-05-24 20:56:09,515 - INFO - Solution count 8: 1177 1177 1177 ... 1301
2024-05-24 20:56:09,515 - INFO - 
2024-05-24 20:56:09,516 - INFO - Optimal solution found (tolerance 1.00e-04)
2024-05-24 20:56:09,534 - INFO - Best objective 1.177000000000e+03, best bound 1.177000000000e+03, gap 0.0000%
