
Gurobi 11.0.1 (mac64[arm]) logging started Sun May 26 07:11:24 2024

Set parameter LogFile to value "logs_new/salida_modelo_arcos_380_567.log"
Set parameter TimeLimit to value 7200
Gurobi Optimizer version 11.0.1 build v11.0.1rc0 (mac64[arm] - Darwin 23.4.0 23E224)

CPU model: Apple M2
Thread count: 8 physical cores, 8 logical processors, using up to 8 threads

Optimize a model with 3073649 rows, 2171152 columns and 13103303 nonzeros
Model fingerprint: 0xf0c44c6b
Variable types: 96133 continuous, 2075019 integer (2075019 binary)
Coefficient statistics:
  Matrix range     [1e-01, 2e+07]
  Objective range  [1e+00, 2e+01]
  Bounds range     [1e+00, 1e+02]
  RHS range        [1e+00, 2e+07]
Presolve removed 352047 rows and 92541 columns (presolve time = 5s) ...
Presolve removed 1804750 rows and 124459 columns (presolve time = 10s) ...
Presolve removed 2085810 rows and 135710 columns (presolve time = 15s) ...
Presolve removed 2116908 rows and 138691 columns (presolve time = 20s) ...
Presolve removed 2117880 rows and 138691 columns (presolve time = 25s) ...
Presolve removed 2119360 rows and 140372 columns (presolve time = 30s) ...
Presolve removed 2119360 rows and 140372 columns (presolve time = 35s) ...
Presolve removed 2119360 rows and 140372 columns (presolve time = 40s) ...
Presolve removed 2119360 rows and 140372 columns (presolve time = 45s) ...
Presolve removed 2119360 rows and 140372 columns (presolve time = 50s) ...
Presolve removed 2119360 rows and 140372 columns (presolve time = 55s) ...
Presolve removed 2119360 rows and 140372 columns (presolve time = 60s) ...
Presolve removed 2119360 rows and 140372 columns (presolve time = 65s) ...
Presolve removed 2119360 rows and 140372 columns (presolve time = 70s) ...
Presolve removed 2119360 rows and 140372 columns (presolve time = 75s) ...
Presolve removed 2119360 rows and 140372 columns (presolve time = 80s) ...
Presolve removed 2119360 rows and 140372 columns (presolve time = 85s) ...
Presolve removed 2119360 rows and 140372 columns (presolve time = 90s) ...
Presolve removed 2119360 rows and 140372 columns (presolve time = 95s) ...
Presolve removed 2119360 rows and 140372 columns (presolve time = 100s) ...
Presolve removed 2119360 rows and 140372 columns (presolve time = 105s) ...
Presolve removed 2119360 rows and 140372 columns (presolve time = 110s) ...
Presolve removed 2119360 rows and 140372 columns (presolve time = 115s) ...
Presolve removed 2119360 rows and 140372 columns (presolve time = 120s) ...
Presolve removed 2119360 rows and 140372 columns (presolve time = 125s) ...
Presolve removed 2119360 rows and 140372 columns (presolve time = 130s) ...
Presolve removed 2119360 rows and 140372 columns (presolve time = 135s) ...
Presolve removed 2119360 rows and 140372 columns (presolve time = 140s) ...
Presolve removed 2119360 rows and 140372 columns (presolve time = 145s) ...
Presolve removed 2119360 rows and 140372 columns (presolve time = 150s) ...
Presolve removed 2119360 rows and 140372 columns (presolve time = 155s) ...
Presolve removed 2119360 rows and 140372 columns (presolve time = 160s) ...
Presolve removed 2119360 rows and 140372 columns (presolve time = 165s) ...
Presolve removed 2119360 rows and 140372 columns (presolve time = 170s) ...
Presolve removed 2119360 rows and 140372 columns (presolve time = 175s) ...
Presolve removed 2119360 rows and 140372 columns (presolve time = 180s) ...
Presolve removed 2119360 rows and 140372 columns (presolve time = 185s) ...
Presolve removed 2119360 rows and 140372 columns (presolve time = 190s) ...
Presolve removed 2119360 rows and 140372 columns (presolve time = 195s) ...
Presolve removed 2119360 rows and 140372 columns (presolve time = 200s) ...
Presolve removed 2119360 rows and 140372 columns (presolve time = 205s) ...
Presolve removed 2119360 rows and 140372 columns (presolve time = 213s) ...
Presolve removed 2119360 rows and 140372 columns (presolve time = 215s) ...
Presolve removed 2119360 rows and 140372 columns (presolve time = 220s) ...
Presolve removed 2119360 rows and 140372 columns (presolve time = 225s) ...
Presolve removed 2119360 rows and 140372 columns (presolve time = 230s) ...
Presolve removed 2119360 rows and 140372 columns (presolve time = 235s) ...
Presolve removed 2119360 rows and 140372 columns (presolve time = 240s) ...
Presolve removed 2119360 rows and 140372 columns (presolve time = 245s) ...
Presolve removed 2119360 rows and 140372 columns (presolve time = 250s) ...
Presolve removed 2119360 rows and 140372 columns (presolve time = 255s) ...
Presolve removed 2119360 rows and 140372 columns (presolve time = 260s) ...
Presolve removed 2119360 rows and 140372 columns (presolve time = 265s) ...
Presolve removed 2119360 rows and 140372 columns (presolve time = 270s) ...
Presolve removed 2119360 rows and 140372 columns (presolve time = 275s) ...
Presolve removed 2119360 rows and 140372 columns (presolve time = 280s) ...
Presolve removed 2119360 rows and 140372 columns (presolve time = 285s) ...
Presolve removed 2119360 rows and 140372 columns (presolve time = 290s) ...
Presolve removed 2119360 rows and 140372 columns (presolve time = 295s) ...
Presolve removed 2119360 rows and 140372 columns (presolve time = 300s) ...
Presolve removed 2119360 rows and 140372 columns (presolve time = 305s) ...
Presolve removed 2119360 rows and 140372 columns (presolve time = 310s) ...
Presolve removed 2119360 rows and 140372 columns (presolve time = 315s) ...
Presolve removed 2119360 rows and 140372 columns (presolve time = 320s) ...
Presolve removed 2119360 rows and 140372 columns (presolve time = 325s) ...
Presolve removed 2119360 rows and 140372 columns (presolve time = 330s) ...
Presolve removed 2119360 rows and 140372 columns (presolve time = 335s) ...
Presolve removed 2119360 rows and 140372 columns (presolve time = 340s) ...
Presolve removed 2119360 rows and 140372 columns (presolve time = 345s) ...
Presolve removed 2119360 rows and 140372 columns (presolve time = 350s) ...
Presolve removed 2119360 rows and 140372 columns (presolve time = 355s) ...
Presolve removed 2119360 rows and 140372 columns (presolve time = 360s) ...
Presolve removed 2119360 rows and 140372 columns (presolve time = 365s) ...
Presolve removed 2119360 rows and 140372 columns (presolve time = 370s) ...
Presolve removed 2119360 rows and 140372 columns (presolve time = 375s) ...
Presolve removed 2119360 rows and 140372 columns (presolve time = 380s) ...
Presolve removed 2119360 rows and 140372 columns (presolve time = 385s) ...
Presolve removed 2119360 rows and 140372 columns (presolve time = 390s) ...
Presolve removed 2119360 rows and 140372 columns (presolve time = 395s) ...
Presolve removed 2119360 rows and 140372 columns (presolve time = 400s) ...
Presolve removed 2119360 rows and 140372 columns (presolve time = 405s) ...
Presolve removed 2119360 rows and 140372 columns (presolve time = 410s) ...
Presolve removed 2119360 rows and 140372 columns (presolve time = 415s) ...
Presolve removed 2119360 rows and 140372 columns (presolve time = 420s) ...
Presolve removed 2119360 rows and 140372 columns (presolve time = 425s) ...
Presolve removed 2119360 rows and 140372 columns (presolve time = 430s) ...
Presolve removed 2119360 rows and 140372 columns (presolve time = 435s) ...
Presolve removed 2119360 rows and 140372 columns (presolve time = 440s) ...
Presolve removed 2119360 rows and 140372 columns (presolve time = 445s) ...
Presolve removed 2119360 rows and 140372 columns (presolve time = 450s) ...
Presolve removed 2119360 rows and 140372 columns (presolve time = 455s) ...
Presolve removed 2391034 rows and 805676 columns (presolve time = 460s) ...
Presolve removed 2499771 rows and 820605 columns
Presolve time: 462.18s
Presolved: 573878 rows, 1350547 columns, 4680562 nonzeros
Variable types: 40 continuous, 1350507 integer (1340656 binary)
Deterministic concurrent LP optimizer: primal simplex, dual simplex, and barrier
Showing barrier log only...

Root barrier log...

Elapsed ordering time = 5s
Elapsed ordering time = 10s
Elapsed ordering time = 15s
Elapsed ordering time = 20s
Elapsed ordering time = 25s
Ordering time: 28.54s

Barrier statistics:
 Dense cols : 66
 AA' NZ     : 1.895e+07
 Factor NZ  : 1.134e+08 (roughly 1.7 GB of memory)
 Factor Ops : 5.959e+10 (roughly 1 second per iteration)
 Threads    : 5

                  Objective                Residual
Iter       Primal          Dual         Primal    Dual     Compl     Time
   0   1.04214734e+09 -1.54258327e+09  5.19e+06 9.00e+00  1.71e+04   559s
   1   8.48435222e+08 -1.50581115e+09  4.23e+06 1.51e+01  1.35e+04   562s
   2   5.23512298e+08 -1.46069922e+09  2.61e+06 7.97e+00  8.52e+03   565s
   3   3.74505345e+08 -1.34910245e+09  1.87e+06 1.17e+00  5.86e+03   568s
   4   1.74535172e+08 -1.08860396e+09  8.70e+05 1.54e-01  2.67e+03   572s
   5   5.68547428e+07 -8.26529620e+08  2.81e+05 6.10e-01  9.24e+02   576s
   6   2.22904043e+07 -4.47827197e+08  1.08e+05 7.03e-01  3.49e+02   579s
   7   1.26657145e+07 -2.18768198e+08  6.05e+04 3.62e-01  1.69e+02   582s
   8   9.60874742e+06 -1.34106203e+08  4.54e+04 2.11e-02  1.15e+02   585s
   9   7.53611124e+06 -1.14352218e+08  3.54e+04 1.81e-02  9.25e+01   588s
  10   5.95266463e+06 -9.39647909e+07  2.77e+04 1.52e-02  7.40e+01   590s
  11   4.57996256e+06 -6.95965558e+07  2.12e+04 3.50e-02  5.59e+01   593s
  12   3.33960744e+06 -4.66841498e+07  1.53e+04 4.91e-02  3.97e+01   595s
  13   2.14899609e+06 -3.17143213e+07  9.75e+03 2.67e-02  2.60e+01   599s
  14   1.46274444e+06 -2.24984957e+07  6.61e+03 3.48e-03  1.80e+01   603s
  15   9.26353834e+05 -1.13788380e+07  4.18e+03 1.98e-02  1.06e+01   606s
  16   5.71313887e+05 -6.69202726e+06  2.58e+03 6.65e-03  6.47e+00   609s
  17   3.54821463e+05 -5.07028744e+06  1.60e+03 4.00e-03  4.31e+00   612s
  18   2.52731212e+05 -3.84925739e+06  1.14e+03 1.29e-02  3.15e+00   615s
  19   1.73426790e+05 -2.73625731e+06  7.80e+02 3.99e-03  2.20e+00   618s
  20   1.11757757e+05 -1.54388206e+06  4.98e+02 3.66e-05  1.34e+00   620s
  21   5.52850366e+04 -8.66099664e+05  2.39e+02 5.59e-03  6.76e-01   624s
  22   3.16328485e+04 -5.94108551e+05  1.31e+02 4.12e-03  4.03e-01   627s
  23   2.02485882e+04 -3.81857288e+05  7.74e+01 2.02e-03  2.44e-01   631s
  24   1.43161312e+04 -3.04564233e+05  4.85e+01 1.57e-03  1.72e-01   636s
  25   1.17509244e+04 -2.16492313e+05  3.54e+01 1.05e-03  1.21e-01   641s
  26   1.06178559e+04 -1.40691501e+05  2.94e+01 6.47e-04  8.58e-02   651s
  27   9.26515778e+03 -1.20741560e+05  2.25e+01 5.44e-04  6.92e-02   657s
  28   7.36133553e+03 -9.01351996e+04  1.24e+01 3.91e-04  4.54e-02   662s
  29   7.16171598e+03 -7.17487684e+04  1.15e+01 3.05e-04  3.80e-02   667s
  30   6.26216173e+03 -5.86818648e+04  8.05e+00 2.47e-04  2.92e-02   677s
  31   5.87242601e+03 -4.54584614e+04  6.63e+00 1.86e-04  2.29e-02   687s
  32   5.22351079e+03 -3.19756032e+04  4.44e+00 1.28e-04  1.58e-02   699s
  33   4.55743230e+03 -2.20828932e+04  2.28e+00 8.67e-05  1.02e-02   706s
  34   4.02536146e+03 -1.56042734e+04  8.53e-01 6.20e-05  6.75e-03   713s
  35   3.90504735e+03 -1.49451620e+04  6.87e-01 5.94e-05  6.38e-03   719s
  36   3.79486786e+03 -8.46569745e+03  5.35e-01 3.70e-05  4.10e-03   725s
  37   3.66610346e+03 -7.18536217e+03  4.01e-01 3.26e-05  3.58e-03   730s
  38   3.54061154e+03 -7.01997557e+03  3.14e-01 3.19e-05  3.45e-03   736s
  39   3.43470729e+03 -5.13677285e+03  2.66e-01 2.55e-05  2.78e-03   749s
  40   3.34817533e+03 -4.15233094e+03  2.38e-01 2.22e-05  2.43e-03   766s
  41   3.28658074e+03 -3.08083719e+03  2.22e-01 1.85e-05  2.06e-03   773s
  42   3.14988502e+03 -2.67300773e+03  1.87e-01 1.71e-05  1.88e-03   779s
  43   3.04682119e+03 -2.21789301e+03  1.66e-01 1.54e-05  1.69e-03   785s
  44   2.94222200e+03 -1.67334420e+03  1.44e-01 1.34e-05  1.48e-03   791s
  45   2.84031443e+03 -1.39861356e+03  1.26e-01 1.24e-05  1.36e-03   801s
  46   2.72962029e+03 -8.46207518e+02  1.14e-01 1.02e-05  1.14e-03   815s
  47   2.61704441e+03 -3.89435152e+02  1.00e-01 8.14e-06  9.62e-04   828s
  48   2.48649853e+03 -2.48038059e+02  8.66e-02 7.53e-06  8.74e-04   839s
  49   2.34621062e+03  4.44195527e+01  7.46e-02 6.21e-06  7.35e-04   850s
  50   2.30463982e+03  2.14050590e+02  7.09e-02 5.46e-06  6.68e-04   857s
  51   2.12201951e+03  4.33623548e+02  5.58e-02 4.37e-06  5.39e-04   863s
  52   2.00967199e+03  7.46064339e+02  4.65e-02 2.94e-06  4.04e-04   869s
  53   1.90537042e+03  9.52872964e+02  3.81e-02 2.04e-06  3.05e-04   874s
  54   1.88075600e+03  9.57331357e+02  3.63e-02 2.01e-06  2.96e-04   880s
  55   1.82682966e+03  1.02895550e+03  3.18e-02 1.72e-06  2.55e-04   885s
  56   1.71290918e+03  1.05130226e+03  2.27e-02 1.63e-06  2.11e-04   890s
  57   1.60351131e+03  1.15251243e+03  1.49e-02 1.16e-06  1.44e-04   895s
  58   1.52946881e+03  1.19935306e+03  9.11e-03 9.35e-07  1.05e-04   900s
  59   1.47540026e+03  1.28387084e+03  5.14e-03 5.38e-07  6.09e-05   905s
  60   1.44671836e+03  1.33524321e+03  3.05e-03 2.99e-07  3.54e-05   911s
  61   1.41632655e+03  1.37897946e+03  1.00e-03 9.41e-08  1.19e-05   915s
  62   1.40514313e+03  1.39588204e+03  2.75e-04 1.46e-08  2.95e-06   923s
  63   1.40112165e+03  1.39960644e+03  4.51e-05 2.10e-09  4.82e-07   928s
  64   1.40028698e+03  1.40028080e+03  5.26e-08 1.11e-11  1.95e-09   932s
  65   1.40028515e+03  1.40028515e+03  4.81e-11 3.20e-14  9.30e-15   936s

Barrier solved model in 65 iterations and 935.97 seconds (804.87 work units)
Optimal objective 1.40028515e+03


Root crossover log...

   27426 DPushes remaining with DInf 0.0000000e+00               936s
       0 DPushes remaining with DInf 0.0000000e+00               937s

    6281 PPushes remaining with PInf 0.0000000e+00               937s
       0 PPushes remaining with PInf 0.0000000e+00               938s

  Push phase complete: Pinf 0.0000000e+00, Dinf 6.9257436e-13    939s


Root simplex log...

Iteration    Objective       Primal Inf.    Dual Inf.      Time
   33551    1.4002851e+03   0.000000e+00   0.000000e+00    939s
Concurrent spin time: 9.93s

Solved with dual simplex

Root simplex log...

Iteration    Objective       Primal Inf.    Dual Inf.      Time
   51440    1.4002851e+03   0.000000e+00   0.000000e+00    949s

Root relaxation: objective 1.400285e+03, 51440 iterations, 429.00 seconds (151.71 work units)
Total elapsed time = 949.55s (DegenMoves)
Total elapsed time = 955.73s (DegenMoves)
Total elapsed time = 961.44s (DegenMoves)
Total elapsed time = 965.31s (DegenMoves)

    Nodes    |    Current Node    |     Objective Bounds      |     Work
 Expl Unexpl |  Obj  Depth IntInf | Incumbent    BestBd   Gap | It/Node Time

     0     0 1400.28515    0  125          - 1400.28515      -     -  970s
     0     0 1404.00000    0  472          - 1404.00000      -     - 1002s
     0     0 1406.05797    0  534          - 1406.05797      -     - 1023s
     0     0 1408.08000    0  621          - 1408.08000      -     - 1044s
     0     0 1410.00000    0  722          - 1410.00000      -     - 1077s
     0     0 1412.00000    0  743          - 1412.00000      -     - 1093s
     0     0 1412.00000    0  755          - 1412.00000      -     - 1117s
     0     0 1412.00000    0  796          - 1412.00000      -     - 1135s
     0     0 1414.00000    0  816          - 1414.00000      -     - 1150s
     0     0 1416.00000    0  722          - 1416.00000      -     - 1161s
     0     0 1416.12116    0  684          - 1416.12116      -     - 1183s
     0     0 1417.33333    0  814          - 1417.33333      -     - 1305s
     0     0 1420.00000    0  669          - 1420.00000      -     - 1428s
     0     0 1420.00000    0  711          - 1420.00000      -     - 1469s
     0     0 1420.00000    0  715          - 1420.00000      -     - 1494s
     0     0 1420.00000    0  702          - 1420.00000      -     - 1517s
     0     0 1420.00000    0  702          - 1420.00000      -     - 1535s
     0     0 1420.00000    0  728          - 1420.00000      -     - 1561s
     0     0 1420.66667    0  720          - 1420.66667      -     - 1586s
     0     0 1422.00000    0  761          - 1422.00000      -     - 1618s
     0     0 1422.00000    0  742          - 1422.00000      -     - 1641s
     0     0 1422.00000    0  736          - 1422.00000      -     - 1675s
     0     0 1422.00000    0  743          - 1422.00000      -     - 1734s
     0     0 1422.00000    0  756          - 1422.00000      -     - 1755s
     0     0 1422.00000    0  744          - 1422.00000      -     - 1782s
     0     0 1424.00000    0  806          - 1424.00000      -     - 4506s
     0     0 1424.00000    0  753          - 1424.00000      -     - 4516s

Cutting planes:
  Learned: 267
  Gomory: 9
  Implied bound: 36
  Clique: 1
  MIR: 43
  StrongCG: 21
  RLT: 84
  Relax-and-lift: 189
  BQP: 17

Explored 1 nodes (189050 simplex iterations) in 7231.49 seconds (1731.52 work units)
Thread count was 8 (of 8 available processors)

Solution count 0

Time limit reached
Best objective -, best bound 1.424000000000e+03, gap -
