
Gurobi 11.0.1 (mac64[arm]) logging started Sun May 26 10:00:37 2024

Set parameter LogFile to value "logs_new/salida_modelo_caminos_380_567.log"
Set parameter TimeLimit to value 7200
Gurobi Optimizer version 11.0.1 build v11.0.1rc0 (mac64[arm] - Darwin 23.4.0 23E224)

CPU model: Apple M2
Thread count: 8 physical cores, 8 logical processors, using up to 8 threads

Optimize a model with 633 rows, 2122 columns and 8930 nonzeros
Coefficient statistics:
  Matrix range     [1e+00, 1e+00]
  Objective range  [2e+00, 1e+10]
  Bounds range     [0e+00, 0e+00]
  RHS range        [1e+00, 2e+02]
Warning: Model contains large objective coefficients
         Consider reformulating model or setting NumericFocus parameter
         to avoid numerical issues.

Solved in 0 iterations and 0.00 seconds (0.00 work units)
Optimal objective  1.426000000e+03
Gurobi Optimizer version 11.0.1 build v11.0.1rc0 (mac64[arm] - Darwin 23.4.0 23E224)

CPU model: Apple M2
Thread count: 8 physical cores, 8 logical processors, using up to 8 threads

Optimize a model with 633 rows, 2122 columns and 8930 nonzeros
Model fingerprint: 0x3c06599e
Variable types: 0 continuous, 2122 integer (2122 binary)
Coefficient statistics:
  Matrix range     [1e+00, 1e+00]
  Objective range  [2e+00, 1e+10]
  Bounds range     [0e+00, 0e+00]
  RHS range        [1e+00, 2e+02]
Warning: Model contains large objective coefficients
         Consider reformulating model or setting NumericFocus parameter
         to avoid numerical issues.
Found heuristic solution: objective 3.800000e+12
Presolve removed 250 rows and 0 columns
Presolve time: 0.02s
Presolved: 383 rows, 2122 columns, 8611 nonzeros
Variable types: 0 continuous, 2122 integer (2122 binary)
Found heuristic solution: objective 3.720000e+12

Root relaxation: objective 1.426000e+03, 2337 iterations, 0.15 seconds (0.18 work units)

    Nodes    |    Current Node    |     Objective Bounds      |     Work
 Expl Unexpl |  Obj  Depth IntInf | Incumbent    BestBd   Gap | It/Node Time

     0     0 1426.00000    0  326 3.7200e+12 1426.00000   100%     -    0s
H    0     0                    7.100000e+11 1426.00000   100%     -    0s
H    0     0                    4.800000e+11 1426.00000   100%     -    0s
H    0     0                    3.400000e+11 1426.00000   100%     -    0s
H    0     0                    2.900000e+11 1426.00000   100%     -    0s
H    0     0                    2.700000e+11 1426.00000   100%     -    0s
     0     0 1426.17650    0  339 2.7000e+11 1426.17650   100%     -    0s
     0     0 1426.17661    0  338 2.7000e+11 1426.17661   100%     -    0s
     0     0 1426.37144    0  352 2.7000e+11 1426.37144   100%     -    0s
H    0     0                    2.500000e+11 1426.37144   100%     -    0s
     0     0 1426.49663    0  352 2.5000e+11 1426.49663   100%     -    0s
H    0     0                    2.300000e+11 1426.49663   100%     -    0s
H    0     0                    2.100000e+11 1426.49663   100%     -    0s
     0     0 1426.52799    0  348 2.1000e+11 1426.52799   100%     -    0s
     0     0 1426.52836    0  348 2.1000e+11 1426.52836   100%     -    0s
     0     0 1426.57233    0  358 2.1000e+11 1426.57233   100%     -    0s
H    0     0                    1.800000e+11 1426.57233   100%     -    0s
     0     0 1426.57272    0  357 1.8000e+11 1426.57272   100%     -    0s
     0     0 1426.60323    0  379 1.8000e+11 1426.60323   100%     -    1s
     0     0 1426.60323    0  379 1.8000e+11 1426.60323   100%     -    1s
     0     0 1426.64040    0  365 1.8000e+11 1426.64040   100%     -    1s
     0     0 1426.66889    0  365 1.8000e+11 1426.66889   100%     -    1s
     0     0 1426.66957    0  366 1.8000e+11 1426.66957   100%     -    1s
     0     0 1426.68610    0  383 1.8000e+11 1426.68610   100%     -    1s
     0     0 1426.71522    0  383 1.8000e+11 1426.71522   100%     -    1s
     0     2 1426.71583    0  381 1.8000e+11 1426.71583   100%     -    1s
H   31    40                    1.700000e+11 1427.83587   100%   125    1s
H   35    40                    1.500000e+11 1427.83587   100%   123    1s
H   74    80                    1.500000e+11 1428.36685   100%   118    2s
H   77    80                    1.400000e+11 1428.36685   100%   117    2s
H  118   126                    1.400000e+11 1428.36685   100%   122    3s
H  119   126                    1.200000e+11 1428.36685   100%   122    3s
   228   250 1437.98920   19  331 1.2000e+11 1428.36685   100%   110    5s
H  564   593                    9.000000e+10 1428.36685   100%   102    6s
H 1142  1155                    8.000000e+10 1428.36685   100%  99.2    8s
H 1148  1155                    7.999999e+10 1428.36685   100%  99.0    8s
H 1149  1155                    7.000000e+10 1428.36685   100%  99.0    8s
  1667  1730 5.0257e+10  122  211 7.0000e+10 1428.36685   100%  92.1   10s
H 2256  2060                    7.000000e+10 1428.38425   100%  93.2   13s
  2321  2110 1434.52897   23  335 7.0000e+10 1428.38425   100%  94.1   15s
  3188  2736 2.1762e+10   88  216 7.0000e+10 1428.38425   100%   101   20s
  4171  3327 1655.18062   84  294 7.0000e+10 1428.38425   100%  95.2   25s
  4781  3638 1.2852e+10  128  273 7.0000e+10 1428.38425   100%  94.5   30s
  6089  4538 4.9569e+09   93  270 7.0000e+10 1428.60925   100%  91.9   35s
  7251  5123 6.7412e+10  160  236 7.0000e+10 1429.55421   100%  90.2   40s
  8312  5706 1.0215e+10  124  249 7.0000e+10 1429.63033   100%  87.9   46s
  9331  6888 1433.86944   20  336 7.0000e+10 1429.96167   100%  87.0   50s
 10746  8236 1.8011e+10  128  277 7.0000e+10 1429.96167   100%  86.1   59s
 11138  8656 3.7590e+10  157  287 7.0000e+10 1431.12534   100%  85.6   60s
H12191  9527                    7.000000e+10 1431.29855   100%  85.3   63s
 12596  9574 6.6205e+10  102  251 7.0000e+10 1431.29855   100%  85.3   66s
H12612  9574                    6.999996e+10 1431.29855   100%  85.4   66s
 14905 11991 1521.50610   53  281 7.0000e+10 1431.90017   100%  83.8   72s
H14906 11419                    5.000000e+10 1431.90017   100%  83.8   72s
 16771 13127 3.4710e+10  148  247 5.0000e+10 1432.14600   100%  83.0   75s
 18541 14823 1.4704e+10   98  315 5.0000e+10 1432.48944   100%  82.2   80s
 21624 17902 1449.56256   23  324 5.0000e+10 1433.16608   100%  80.6   85s
 23118 18509 1438.46327   26  344 5.0000e+10 1433.39355   100%  80.2   90s
H23119 18509                    4.999990e+10 1433.39355   100%  80.2   90s
 25339 21148 1484.40182   45  339 5.0000e+10 1433.79648   100%  80.9   96s
H27558 22791                    4.999988e+10 1433.87823   100%  80.3   99s
 28161 23590 4.2729e+10  131  287 5.0000e+10 1433.95670   100%  80.1  100s
 30278 24687 1478.10412   52  383 5.0000e+10 1434.09285   100%  79.8  124s
 30280 24688 1473.79010   36  328 5.0000e+10 1434.09285   100%  79.8  125s
 30289 24694 2.9593e+10  150  344 5.0000e+10 1434.09285   100%  79.8  130s
H30402 23544                    4.999988e+10 1434.09285   100%  80.2  134s
 30471 23598 1528.93420   38  340 5.0000e+10 1434.09285   100%  80.2  135s
 30841 23865 6.7534e+09   67  316 5.0000e+10 1434.09285   100%  80.6  140s
 31344 24083 1445.05664   36  327 5.0000e+10 1434.09285   100%  81.0  145s
 31898 24486 1.7118e+10   92  256 5.0000e+10 1434.09285   100%  81.3  150s
 33003 25080 2.4980e+10   94  275 5.0000e+10 1434.09285   100%  82.5  155s
 33452 25250 1447.79216   37  323 5.0000e+10 1434.09285   100%  82.8  162s
 33829 25587 6.8865e+09   75  294 5.0000e+10 1434.09285   100%  83.2  165s
 34741 26059 1474.47830   52  324 5.0000e+10 1434.09285   100%  84.1  170s
 35377 26353 1444.10425   28  351 5.0000e+10 1434.09285   100%  84.6  176s
 36078 26834 8.5978e+09   81  276 5.0000e+10 1434.09285   100%  85.2  180s
 36360 26898 3.3743e+10  102  265 5.0000e+10 1434.09285   100%  85.4  186s
 37096 27225 4.6414e+10   85  270 5.0000e+10 1434.09285   100%  86.0  191s
 37827 27563 3.2622e+09   72  289 5.0000e+10 1434.09285   100%  86.6  196s
 38726 28410 2.9980e+09   66  308 5.0000e+10 1434.09285   100%  87.4  201s
 39985 28714 1.2669e+10   77  277 5.0000e+10 1434.09285   100%  88.2  210s
 40653 29121 4.2488e+10  115  248 5.0000e+10 1434.09285   100%  88.3  217s
 41498 30180 1.4254e+10   67  304 5.0000e+10 1434.09285   100%  88.4  222s
 42321 30462 1499.23996   57  317 5.0000e+10 1434.09285   100%  89.2  225s
 43778 30719 3.3038e+10  146  285 5.0000e+10 1434.09285   100%  89.5  233s
 43796 31537 4.4886e+10  148  283 5.0000e+10 1434.09285   100%  89.5  235s
 46017 32468 1.4598e+10  107  305 5.0000e+10 1434.54836   100%  89.8  240s
 48096 33311 2.8938e+10  135  291 5.0000e+10 1434.79855   100%  90.9  246s
 49257 34147 1.0563e+10   79  289 5.0000e+10 1435.12824   100%  91.2  250s
 50614 35488 1.1235e+10   80  297 5.0000e+10 1435.35810   100%  91.4  255s
 52516 36346 1.1785e+10  118  278 5.0000e+10 1435.37909   100%  91.5  260s
 54710 37293 1447.79369   39  350 5.0000e+10 1435.64265   100%  91.5  265s
 56711 38822 1.5645e+10  146  287 5.0000e+10 1435.82248   100%  90.8  271s
 59110 40227 1494.63917   53  308 5.0000e+10 1436.06811   100%  90.6  276s
 60273 41340 1501.87828   61  299 5.0000e+10 1436.14246   100%  90.4  280s
 62953 41442 1494.40652   52  328 5.0000e+10 1436.36532   100%  90.1  287s
H63313 40501                    4.999988e+10 1436.36532   100%  90.1  288s
 63489 41225 1616.11964   76  294 5.0000e+10 1436.36532   100%  90.1  291s
 64957 42331 1461.32707   39  340 5.0000e+10 1436.50322   100%  89.6  295s
 67485 44263 1.7992e+10  124  271 5.0000e+10 1436.67317   100%  89.3  301s
 70629 45217 2.6112e+10  152  288 5.0000e+10 1436.74002   100%  88.8  306s
 73180 46909 infeasible  136      5.0000e+10 1437.04770   100%  88.9  310s
 75780 49828 1493.43150   41  325 5.0000e+10 1437.18164   100%  88.2  315s
 80702 51001 1536.54036   54  301 5.0000e+10 1437.46771   100%  86.7  320s
 84025 52709 1.2400e+07   71  310 5.0000e+10 1437.67137   100%  85.8  325s
 85941 52981 1451.44079   42  351 5.0000e+10 1437.75136   100%  85.3  330s
 88336 54400 2.7324e+10  156  298 5.0000e+10 1437.86016   100%  84.7  335s
 90632 57698 4.7498e+09   75  268 5.0000e+10 1438.04468   100%  84.6  342s
 94812 58591 1445.42617   35  347 5.0000e+10 1438.20285   100%  84.0  345s
 98102 60861 1548.42519   66  299 5.0000e+10 1438.37283   100%  84.1  351s
 100397 62870 2.1453e+08   75  298 5.0000e+10 1438.48877   100%  84.2  355s
 104447 66417 1499.98974   57  346 5.0000e+10 1438.65968   100%  83.3  360s
 107777 69512 4.3584e+09   88  268 5.0000e+10 1438.77895   100%  82.6  365s
 112069 73046 2.8468e+10  133  298 5.0000e+10 1438.89892   100%  82.1  370s
 114521 75135 1483.34970   55  319 5.0000e+10 1438.93801   100%  82.0  376s
 116327 76717 9.5264e+09  106  290 5.0000e+10 1439.03007   100%  81.8  380s
 118802 78841 3.3135e+10   63  301 5.0000e+10 1439.09520   100%  81.8  385s
 122353 81667 1.2558e+10  138  301 5.0000e+10 1439.20938   100%  81.6  390s
 125917 85137 1519.67912   61  326 5.0000e+10 1439.28268   100%  81.1  395s
 127716 85975 1558.74178   64  312 5.0000e+10 1439.37591   100%  80.9  400s
 130790 89712 1486.77659   53  338 5.0000e+10 1439.43301   100%  80.5  405s
 134522 91973 4.0642e+10  158  268 5.0000e+10 1439.49650   100%  80.1  410s
 138000 95583 1474.47412   47  317 5.0000e+10 1439.62845   100%  79.7  415s
 141351 98435 1559.64528   63  292 5.0000e+10 1439.74133   100%  79.3  420s
 145848 102862 1468.22468   43  332 5.0000e+10 1439.84149   100%  78.9  425s
 149735 106487 1447.73296   41  326 5.0000e+10 1439.90251   100%  78.6  431s
 153031 109321 1588.42537   77  296 5.0000e+10 1440.00158   100%  78.3  436s
 156612 111747 1499.07975   51  321 5.0000e+10 1440.05796   100%  78.0  441s
 160201 115344 3.9683e+10  166  288 5.0000e+10 1440.21947   100%  77.8  445s
 164065 118895 1453.19853   46  338 5.0000e+10 1440.34793   100%  77.4  450s
 166766 120744 1473.71443   42  333 5.0000e+10 1440.40172   100%  77.2  456s
 169218 123690 1458.89396   46  329 5.0000e+10 1440.45364   100%  77.0  460s
 173741 126554 1476.25621   42  315 5.0000e+10 1440.53335   100%  76.6  466s
 176730 129580 1493.43809   48  321 5.0000e+10 1440.59443   100%  76.3  470s
 179579 131704 1476.05414   45  317 5.0000e+10 1440.67486   100%  76.4  479s
 179810 138634 4.4851e+10  113  282 5.0000e+10 1440.68288   100%  76.4  489s
 187818 138669 3.4930e+10  120  269 5.0000e+10 1440.81258   100%  76.1  491s
 191220 142555 1522.64597   64  323 5.0000e+10 1440.89766   100%  75.9  495s
 196861 147499 2.3218e+09  102  293 5.0000e+10 1441.02187   100%  75.4  500s
 201598 151573 1.4514e+10   77  300 5.0000e+10 1441.10590   100%  74.9  505s
 206166 155821 1.6609e+09   69  291 5.0000e+10 1441.21318   100%  74.5  510s
 209796 158866 1683.66899   62  287 5.0000e+10 1441.28703   100%  74.2  515s
 214772 163496 2.7597e+10  130  263 5.0000e+10 1441.36015   100%  73.8  521s
 215822 163504 8.0720e+08  101  298 5.0000e+10 1441.36015   100%  73.7  530s
 217245 165173 2.0000e+10   62  265 5.0000e+10 1441.38513   100%  73.7  536s
 219819 167709 1468.62301   36  341 5.0000e+10 1441.41348   100%  73.7  540s
 222409 169955 1551.86506   65  301 5.0000e+10 1441.44859   100%  73.6  545s
 227001 173274 1.9047e+10  155  314 5.0000e+10 1441.50297   100%  73.3  550s
 231166 177478 4.8848e+10  155  264 5.0000e+10 1441.56357   100%  73.0  555s
 233427 179834 6.0883e+09  102  288 5.0000e+10 1441.60164   100%  72.9  560s
 236977 182754 1629.20784   76  305 5.0000e+10 1441.67102   100%  72.9  565s
 239634 185398 1452.15896   33  329 5.0000e+10 1441.69099   100%  72.8  571s
 243329 188290 8.4031e+08   63  305 5.0000e+10 1441.76919   100%  72.7  576s
 247063 191718 1.1822e+10  129  299 5.0000e+10 1441.82261   100%  72.5  581s
 249153 193443 1552.12991   50  331 5.0000e+10 1441.84662   100%  72.4  585s
 253535 197143 1475.04750   44  322 5.0000e+10 1441.92215   100%  72.4  590s
 254781 199428 2.0000e+10   74  280 5.0000e+10 1441.95569   100%  72.4  751s
 259354 202626 1624.01820   48  312 5.0000e+10 1442.02304   100%  72.3  755s
 261587 204382 1528.84075   62  315 5.0000e+10 1442.04285   100%  72.2  760s
 265855 207692 1486.31508   51  326 5.0000e+10 1442.09331   100%  72.0  766s
 267894 210071 1466.28796   42  317 5.0000e+10 1442.10266   100%  71.9  771s
 269644 212166 1460.25860   44  333 5.0000e+10 1442.14235   100%  72.0  775s
 272706 213914 1479.97156   42  335 5.0000e+10 1442.17366   100%  71.9  780s
 276218 217438 1534.24241   50  308 5.0000e+10 1442.23968   100%  71.8  785s
 279181 219800 2.1109e+10   64  297 5.0000e+10 1442.26894   100%  71.9  790s
 283495 222874 1608.31633   73  303 5.0000e+10 1442.32712   100%  71.7  796s
 283516 230013 1625.69198   74  291 5.0000e+10 1442.32853   100%  71.7  805s
 293905 233119 2.9078e+10  130  271 5.0000e+10 1442.46050   100%  71.1  810s
 297775 236408 1534.55140   52  289 5.0000e+10 1442.50984   100%  71.0  815s
 302240 239510 3.0000e+10   86  289 5.0000e+10 1442.56564   100%  71.0  820s
 303865 240856 1478.97563   43  321 5.0000e+10 1442.57100   100%  71.1  828s
 304859 242329 2.3009e+10  166  309 5.0000e+10 1442.58457   100%  71.2  831s
 308320 244566 1449.07673   34  355 5.0000e+10 1442.65546   100%  71.0  835s
 310146 246888 1474.38983   47  305 5.0000e+10 1442.67612   100%  70.9  840s
 313932 250144 9.6879e+08   80  320 5.0000e+10 1442.70154   100%  70.9  845s
 317266 253501 3.3066e+10  160  286 5.0000e+10 1442.77297   100%  70.9  851s
 320459 255395 1628.90813   55  276 5.0000e+10 1442.80281   100%  70.8  855s
 322926 258425 2.2568e+10  163  296 5.0000e+10 1442.83985   100%  70.8  860s
 326151 260376 1528.44321   58  321 5.0000e+10 1442.86631   100%  70.7  865s
 329285 264445 4.0988e+10  137  272 5.0000e+10 1442.89636   100%  70.6  870s
 332603 267084 1476.73818   49  340 5.0000e+10 1442.94007   100%  70.5  876s
 335389 269413 3.1159e+10  183  290 5.0000e+10 1442.96934   100%  70.4  880s
 338279 271385 1.0000e+10   48  326 5.0000e+10 1443.00827   100%  70.4  885s
 343336 275480 1461.58961   41  328 5.0000e+10 1443.04309   100%  70.4  890s
 347687 279886 1457.52581   39  347 5.0000e+10 1443.09946   100%  70.3  895s
 348581 280065 2.3754e+10   87  305 5.0000e+10 1443.09946   100%  70.3  900s
 351571 282550 1486.57117   57  337 5.0000e+10 1443.13712   100%  70.2  905s
 355754 287029 1514.81199   57  332 5.0000e+10 1443.18196   100%  70.1  910s
 359391 290133 1.5613e+10   77  258 5.0000e+10 1443.21893   100%  70.0  915s
 364242 294659 1504.72760   61  314 5.0000e+10 1443.28497   100%  69.9  920s
 366559 296248 1556.17959   56  323 5.0000e+10 1443.30792   100%  69.8  926s
 369134 299044 4.0680e+10  181  279 5.0000e+10 1443.32812   100%  69.9  930s
 372094 301551 6.7268e+08   63  275 5.0000e+10 1443.35013   100%  69.8  935s
 376455 304756 1470.23385   41  327 5.0000e+10 1443.39348   100%  69.7  940s
 376648 304949 1477.30811   44  320 5.0000e+10 1443.39348   100%  69.7  946s
 379149 307471 1.2105e+10   64  292 5.0000e+10 1443.42969   100%  69.7  950s
 383078 311286 2.3035e+10  131  299 5.0000e+10 1443.47294   100%  69.6  956s
 386743 314149 1.3097e+10  107  297 5.0000e+10 1443.49996   100%  69.5  961s
 388167 314848 2.4745e+10  106  252 5.0000e+10 1443.51836   100%  69.5  965s
 390562 317573 1447.36194   36  346 5.0000e+10 1443.54299   100%  69.5  970s
 394092 320716 1.9468e+09   83  282 5.0000e+10 1443.56816   100%  69.4  976s
 397325 323546 1497.66179   44  323 5.0000e+10 1443.60014   100%  69.3  980s
 400468 326438 4.4370e+10  164  277 5.0000e+10 1443.61969   100%  69.2  985s
 403565 328728 1451.99590   41  351 5.0000e+10 1443.65811   100%  69.1  995s
 404353 332645 1653.41966   78  277 5.0000e+10 1443.66096   100%  69.1 1003s
 408411 333762 1554.16645   64  311 5.0000e+10 1443.69737   100%  68.9 1005s
 411939 336463 1.1816e+10  152  294 5.0000e+10 1443.73063   100%  68.9 1011s
 415005 339618 1.0107e+10  153  288 5.0000e+10 1443.75467   100%  68.9 1016s
 418736 342818 1.8438e+10  100  289 5.0000e+10 1443.78753   100%  68.7 1020s
 420165 344412 1645.75792   73  305 5.0000e+10 1443.79579   100%  68.7 1025s
 423686 347056 1.2987e+09   71  323 5.0000e+10 1443.83201   100%  68.6 1031s
 425547 348084 1.5641e+09   82  306 5.0000e+10 1443.83258   100%  68.6 1036s
 427874 350935 1523.01253   57  316 5.0000e+10 1443.89630   100%  68.5 1041s
 430758 352742 1491.61501   59  343 5.0000e+10 1443.91046   100%  68.5 1046s
 433237 355928 5.6105e+09  109  302 5.0000e+10 1443.94672   100%  68.4 1052s
 435322 357543 1476.23343   50  324 5.0000e+10 1443.95469   100%  68.4 1055s
 439035 360885 8.8110e+09  132  293 5.0000e+10 1443.98391   100%  68.3 1061s
 442088 362632 1.4013e+10  114  270 5.0000e+10 1443.99522   100%  68.2 1070s
 444401 365618 1481.60261   43  330 5.0000e+10 1444.03147   100%  68.2 1075s
 446243 366949 2.8110e+10  132  253 5.0000e+10 1444.04376   100%  68.2 1080s
 449277 369954 1552.58045   68  309 5.0000e+10 1444.06817   100%  68.2 1085s
 452559 372663 7.9093e+08   82  298 5.0000e+10 1444.09433   100%  68.1 1091s
 455449 375105 1543.36649   66  291 5.0000e+10 1444.12679   100%  68.0 1095s
 459511 378869 1582.63954   74  300 5.0000e+10 1444.15413   100%  67.8 1100s
 462436 381902 1586.08239   82  310 5.0000e+10 1444.17869   100%  67.8 1105s
 465758 384614 1459.99630   45  331 5.0000e+10 1444.21552   100%  67.7 1110s
 469311 387698 1532.95566   50  311 5.0000e+10 1444.23744   100%  67.6 1115s
 473192 391066 3.1116e+09   88  270 5.0000e+10 1444.26582   100%  67.5 1120s
 475051 391850 1.1279e+10  140  296 5.0000e+10 1444.28022   100%  67.5 1128s
 475763 393343 3.3502e+09   70  306 5.0000e+10 1444.29275   100%  67.5 1130s
 479447 395743 1617.96639   60  301 5.0000e+10 1444.30542   100%  67.4 1136s
 481465 398314 2.7290e+10  125  291 5.0000e+10 1444.32463   100%  67.3 1140s
 485309 401718 1511.81294   57  302 5.0000e+10 1444.36171   100%  67.2 1145s
 487728 403760 1577.34989   63  308 5.0000e+10 1444.37156   100%  67.2 1150s
 491241 407175 6.7110e+09  109  284 5.0000e+10 1444.41242   100%  67.2 1156s
 493081 409226 1461.89892   37  337 5.0000e+10 1444.43108   100%  67.2 1160s
 497727 412926 2.1873e+09  100  289 5.0000e+10 1444.46799   100%  67.1 1166s
 501801 416701 2.5527e+10  147  292 5.0000e+10 1444.50388   100%  67.0 1171s
 504994 419446 1.0000e+10   60  323 5.0000e+10 1444.52647   100%  66.9 1176s
 507679 422305 1467.18830   43  348 5.0000e+10 1444.54831   100%  66.9 1181s
 510290 423823 7.5858e+09  107  293 5.0000e+10 1444.55736   100%  66.8 1186s
 511009 424064 1492.78569   48  297 5.0000e+10 1444.56107   100%  66.8 1192s
 512522 426167 1480.04311   48  328 5.0000e+10 1444.57561   100%  66.8 1196s
 514742 427303 1480.22705   55  325 5.0000e+10 1444.58598   100%  66.8 1200s
 517193 430466 2.7415e+10  162  290 5.0000e+10 1444.60458   100%  66.8 1205s
 521202 433733 7.2043e+09  113  300 5.0000e+10 1444.62504   100%  66.7 1212s
 523085 435828 1548.61304   63  324 5.0000e+10 1444.64119   100%  66.7 1216s
 525700 437051 1543.79455   50  326 5.0000e+10 1444.65186   100%  66.7 1220s
 527668 438647 1496.63091   50  293 5.0000e+10 1444.68456   100%  66.7 1226s
 530377 441383 3.3891e+10   85  309 5.0000e+10 1444.70745   100%  66.8 1231s
 532828 442667 4.1851e+10  132  241 5.0000e+10 1444.73811   100%  66.7 1236s
 534738 445204 1590.32490   56  300 5.0000e+10 1444.75122   100%  66.7 1241s
 538406 447667 1465.51780   42  335 5.0000e+10 1444.77657   100%  66.6 1245s
 540187 450196 1524.27718   61  329 5.0000e+10 1444.79432   100%  66.6 1250s
 541222 450204 1500.99334   46  329 5.0000e+10 1444.80412   100%  66.6 1260s
 543679 452455 1591.76992   70  291 5.0000e+10 1444.82316   100%  66.5 1265s
 547976 456916 1488.25030   50  332 5.0000e+10 1444.86663   100%  66.4 1270s
 549472 458225 1.0000e+10   58  303 5.0000e+10 1444.87893   100%  66.5 1275s
 551256 460512 1.6135e+09   88  309 5.0000e+10 1444.89402   100%  66.4 1280s
 553692 461348 1526.19057   60  325 5.0000e+10 1444.91278   100%  66.4 1286s
 554942 463156 1463.06222   41  331 5.0000e+10 1444.92195   100%  66.4 1290s
 559591 467707 1622.85101   73  292 5.0000e+10 1444.96942   100%  66.3 1295s
 564062 471364 1.5591e+10  108  291 5.0000e+10 1444.99128   100%  66.2 1300s
 567235 474695 1.2161e+08   73  291 5.0000e+10 1445.01251   100%  66.2 1306s
 571859 478411 1461.18823   45  330 5.0000e+10 1445.04169   100%  66.2 1311s
 574124 480419 4.6417e+09   89  303 5.0000e+10 1445.04454   100%  66.1 1315s
 578741 483777 1509.88635   53  322 5.0000e+10 1445.08195   100%  66.0 1321s
 580354 485983 1454.35040   37  319 5.0000e+10 1445.10530   100%  66.0 1325s
 583780 488813 1515.30350   54  316 5.0000e+10 1445.12919   100%  66.0 1330s
 587430 491951 3.6263e+10  173  300 5.0000e+10 1445.15771   100%  66.0 1335s
 590447 493967 1567.63570   56  330 5.0000e+10 1445.17596   100%  65.9 1340s
 593296 497556 1479.21953   48  336 5.0000e+10 1445.19738   100%  65.9 1345s
 595540 498770 1464.90254   40  329 5.0000e+10 1445.20756   100%  65.9 1353s
 595925 504471 1465.70720   41  322 5.0000e+10 1445.20930   100%  65.9 1360s
 604524 507343 1.2964e+10  105  284 5.0000e+10 1445.25710   100%  65.7 1366s
 607562 509238 6.5842e+09  120  306 5.0000e+10 1445.27757   100%  65.7 1370s
 610807 513638 1461.18497   38  345 5.0000e+10 1445.29724   100%  65.6 1375s
 614363 516292 1496.89621   45  331 5.0000e+10 1445.31734   100%  65.6 1380s
 616526 518116 1.9529e+10  128  309 5.0000e+10 1445.33148   100%  65.6 1385s
 620470 521420 5.5800e+09   94  306 5.0000e+10 1445.37930   100%  65.5 1390s
 624413 524809 1497.99245   48  303 5.0000e+10 1445.41239   100%  65.5 1395s
 628098 527806 1452.43576   37  342 5.0000e+10 1445.42588   100%  65.4 1400s
 631923 531400 1478.00580   52  327 5.0000e+10 1445.44353   100%  65.4 1405s
 634233 533357 1477.79664   40  328 5.0000e+10 1445.45750   100%  65.4 1410s
 637893 536124 1651.67573   77  311 5.0000e+10 1445.48382   100%  65.4 1418s
 639304 537268 1570.90313   65  285 5.0000e+10 1445.48742   100%  65.3 1420s
 640974 539550 3.4824e+08   60  305 5.0000e+10 1445.50908   100%  65.4 1425s
 643840 542004 1565.90243   63  312 5.0000e+10 1445.52409   100%  65.5 1430s
 647913 545273 1538.92267   50  329 5.0000e+10 1445.54957   100%  65.5 1435s
 651621 548780 1.0000e+10   70  305 5.0000e+10 1445.56740   100%  65.5 1440s
 656512 553028 1492.28477   43  323 5.0000e+10 1445.59784   100%  65.4 1446s
 660458 555953 1504.42734   49  320 5.0000e+10 1445.62183   100%  65.4 1450s
 661144 556333 1451.01704   38  327 5.0000e+10 1445.62183   100%  65.4 1457s
 661766 556345     cutoff  101      5.0000e+10 1445.62183   100%  65.4 1460s
 662695 558049 1582.75869   68  302 5.0000e+10 1445.64055   100%  65.5 1466s
 665031 559949 1.9845e+10  141  265 5.0000e+10 1445.66194   100%  65.5 1470s
 669233 563995 1590.05816   80  309 5.0000e+10 1445.68918   100%  65.4 1476s
 672156 566303 1516.69579   57  304 5.0000e+10 1445.71293   100%  65.4 1480s
 675014 569018 1.8249e+09   84  299 5.0000e+10 1445.72958   100%  65.4 1485s
 679253 572274 1.5555e+10  166  316 5.0000e+10 1445.74970   100%  65.3 1490s
 682380 575646 1492.15198   55  323 5.0000e+10 1445.76426   100%  65.3 1495s
 685708 578029 1502.23422   56  331 5.0000e+10 1445.77610   100%  65.2 1500s
 687815 580121 3.0000e+10   60  277 5.0000e+10 1445.78919   100%  65.2 1505s
 691611 582746 1.2103e+10   96  301 5.0000e+10 1445.80984   100%  65.2 1510s
 693391 585350 1570.97210   70  322 5.0000e+10 1445.81959   100%  65.2 1516s
 695899 587144 1519.68722   63  320 5.0000e+10 1445.83767   100%  65.2 1520s
 699214 590590 1495.62208   51  327 5.0000e+10 1445.85118   100%  65.1 1526s
 703004 592904 1497.98319   50  323 5.0000e+10 1445.87217   100%  65.1 1530s
 706565 596725 2.8799e+10   78  295 5.0000e+10 1445.89783   100%  65.0 1535s
 709267 598801 1472.86047   46  316 5.0000e+10 1445.91286   100%  65.0 1541s
H710841 576497                    4.000000e+10 1445.91499   100%  65.0 1543s
 712082 578576 1521.63692   54  285 4.0000e+10 1445.92527   100%  65.0 1545s
 716753 582245 2.4221e+10  110  293 4.0000e+10 1445.94742   100%  64.9 1554s
H716940 531183                    3.000000e+10 1445.94742   100%  64.9 1554s
H717296 530919                    3.000000e+10 1445.94742   100%  64.9 1554s
H717333 530825                    3.000000e+10 1445.94742   100%  64.9 1554s
 717334 532836 1577.88628   68  315 3.0000e+10 1445.95055   100%  64.9 1557s
 720126 534611 1.8202e+10  117  287 3.0000e+10 1445.97472   100%  64.9 1561s
 721688 535566 1584.98196   68  300 3.0000e+10 1445.98955   100%  64.9 1565s
 724890 538565 1.5600e+09  125  294 3.0000e+10 1446.01191   100%  64.9 1570s
 729521 542459 6.4303e+09  108  292 3.0000e+10 1446.04005   100%  64.8 1575s
 733018 545586 1509.58896   64  321 3.0000e+10 1446.06198   100%  64.8 1580s
 737022 547981 1460.07472   41  341 3.0000e+10 1446.08146   100%  64.8 1589s
 737056 548704 1452.68045   41  343 3.0000e+10 1446.08146   100%  64.8 1590s
 741922 553103 1.1327e+10   80  291 3.0000e+10 1446.10631   100%  64.8 1595s
 746781 556331 1469.23495   45  331 3.0000e+10 1446.13507   100%  64.8 1609s
 746789 556347 1504.79819   43  322 3.0000e+10 1446.13507   100%  64.8 1615s
H746792 555703                    3.000000e+10 1446.13507   100%  64.8 1615s
H749034 558911                    2.999999e+10 1446.15250   100%  64.8 1620s
 751961 561232 1582.10289   79  272 3.0000e+10 1446.18407   100%  64.8 1625s
 755993 564881 1469.09129   44  335 3.0000e+10 1446.20712   100%  64.8 1630s
 759704 567953 1633.77690   78  296 3.0000e+10 1446.22752   100%  64.7 1635s
 764284 572009 1477.54701   53  334 3.0000e+10 1446.26275   100%  64.7 1640s
 766600 573505 1470.49217   42  324 3.0000e+10 1446.27633   100%  64.7 1645s
 768687 575864 1.4135e+09   67  304 3.0000e+10 1446.29279   100%  64.7 1650s
 772604 579153 1475.57297   53  332 3.0000e+10 1446.31724   100%  64.6 1655s
 774455 581184 3.0023e+09   89  295 3.0000e+10 1446.32781   100%  64.7 1660s
 776716 582224 1.6377e+09   63  265 3.0000e+10 1446.34427   100%  64.7 1666s
 778611 584759 2.3729e+10  148  293 3.0000e+10 1446.36069   100%  64.7 1670s
 780728 586535 1.5681e+10  116  288 3.0000e+10 1446.36885   100%  64.7 1675s
 783381 587859 1488.64104   58  323 3.0000e+10 1446.38495   100%  64.6 1683s
 784645 589631 1548.93320   65  320 3.0000e+10 1446.39154   100%  64.6 1686s
 787826 592982 1450.81547   41  332 3.0000e+10 1446.40664   100%  64.6 1690s
 792694 596841 1665.84338   80  298 3.0000e+10 1446.42531   100%  64.5 1696s
 795512 599537 1490.39305   52  330 3.0000e+10 1446.43981   100%  64.5 1700s
 797238 600246 2.5744e+10  131  284 3.0000e+10 1446.45132   100%  64.5 1708s
H797344 600246                    2.999999e+10 1446.45132   100%  64.5 1709s
 797352 600687 6.5494e+09  112  307 3.0000e+10 1446.45132   100%  64.5 1711s
 800088 603557 1.0096e+10  126  304 3.0000e+10 1446.46142   100%  64.5 1716s
 803266 606283 6.9268e+08   79  292 3.0000e+10 1446.47972   100%  64.5 1721s
 805759 608015 1576.42607   68  276 3.0000e+10 1446.49013   100%  64.6 1726s
 807970 609039 1463.27978   42  328 3.0000e+10 1446.50498   100%  64.6 1731s
 810494 612340 1486.44980   50  342 3.0000e+10 1446.52013   100%  64.6 1735s
 814132 615067 1470.86482   51  334 3.0000e+10 1446.53069   100%  64.6 1740s
 818392 618949 1555.24117   66  319 3.0000e+10 1446.56144   100%  64.6 1745s
 821742 621208 1451.05617   36  344 3.0000e+10 1446.57671   100%  64.5 1751s
 824775 624493 8.6734e+08   70  308 3.0000e+10 1446.59647   100%  64.5 1756s
 828411 627940 1523.59833   57  314 3.0000e+10 1446.61602   100%  64.5 1760s
 831596 630069 1540.70612   63  309 3.0000e+10 1446.63390   100%  64.5 1766s
 833937 633521 1522.45388   68  307 3.0000e+10 1446.65117   100%  64.4 1770s
 838932 637412 1.0891e+08   77  297 3.0000e+10 1446.67638   100%  64.4 1776s
 843195 640367 1558.95710   64  299 3.0000e+10 1446.70233   100%  64.4 1784s
 843268 641051 1562.80569   65  309 3.0000e+10 1446.70409   100%  64.4 1786s
 847221 644534 1522.77158   53  334 3.0000e+10 1446.72750   100%  64.4 1790s
 850403 647474 1468.51587   45  348 3.0000e+10 1446.74589   100%  64.4 1795s
 854994 651043 1542.56254   48  312 3.0000e+10 1446.78203   100%  64.3 1801s
 858109 653813 8.4268e+08   81  308 3.0000e+10 1446.79301   100%  64.3 1808s
 858705 653851 8.7436e+08   82  306 3.0000e+10 1446.79301   100%  64.3 1811s
 862085 657465 1522.48527   52  296 3.0000e+10 1446.81314   100%  64.3 1816s
 865377 660193 1470.90083   55  337 3.0000e+10 1446.83117   100%  64.3 1820s
 866907 662270 1.9157e+08   70  279 3.0000e+10 1446.83948   100%  64.3 1825s
 870214 665018 7.7643e+09  104  292 3.0000e+10 1446.85661   100%  64.3 1830s
 873173 666574 1.0000e+10   87  276 3.0000e+10 1446.86911   100%  64.3 1838s
 873195 667293 1.0743e+09   87  273 3.0000e+10 1446.86949   100%  64.3 1840s
 877603 670456 infeasible  132      3.0000e+10 1446.89147   100%  64.3 1856s
 878396 671370 5.0326e+09   91  270 3.0000e+10 1446.89147   100%  64.3 1865s
 878640 678551 5.0833e+09   92  270 3.0000e+10 1446.89261   100%  64.3 1878s
 886648 679399 1.9974e+10  143  303 3.0000e+10 1446.93942   100%  64.2 1880s
 891225 683479 1461.40918   47  315 3.0000e+10 1446.96360   100%  64.2 1886s
 894689 685795 1482.82278   58  342 3.0000e+10 1446.97846   100%  64.2 1893s
 895869 687987 1587.72722   59  298 3.0000e+10 1446.98854   100%  64.2 1896s
 899783 690977 8.2121e+09  105  298 3.0000e+10 1447.00478   100%  64.1 1901s
 902963 694110 1472.66032   50  340 3.0000e+10 1447.01862   100%  64.1 1905s
 905150 694870 1498.40134   55  323 3.0000e+10 1447.03182   100%  64.1 1914s
 905176 695256 1515.67574   56  310 3.0000e+10 1447.03182   100%  64.1 1916s
 907596 697774 1664.24551   74  293 3.0000e+10 1447.04001   100%  64.1 1920s
 911196 700554 2.8475e+10  141  287 3.0000e+10 1447.06008   100%  64.1 1926s
 914503 703790 1.2704e+09   88  313 3.0000e+10 1447.07974   100%  64.1 1930s
 917649 706697 1.8964e+10   95  267 3.0000e+10 1447.09420   100%  64.1 1935s
 922043 709881 1563.68472   57  301 3.0000e+10 1447.11317   100%  64.1 1940s
 924132 711962     cutoff   57      3.0000e+10 1447.11994   100%  64.1 1947s
 927320 714909 1633.73769   62  323 3.0000e+10 1447.13723   100%  64.2 1951s
 931113 718121 1.5318e+10  122  298 3.0000e+10 1447.15323   100%  64.1 1956s
 934733 721071 4.9578e+08   81  290 3.0000e+10 1447.17184   100%  64.1 1961s
 936311 721727 1611.99613   79  302 3.0000e+10 1447.17861   100%  64.2 1966s
 938699 724380 1647.40641   58  328 3.0000e+10 1447.19162   100%  64.1 1971s
 941204 725762 1582.65717   53  302 3.0000e+10 1447.20457   100%  64.2 1984s
 941212 726291 1584.45855   54  301 3.0000e+10 1447.20461   100%  64.2 1989s
 941830 727820 1478.17545   40  318 3.0000e+10 1447.20776   100%  64.2 1991s
 946395 731606 1.7901e+10  158  269 3.0000e+10 1447.22762   100%  64.1 1996s
 949304 733682 4.1748e+08   88  304 3.0000e+10 1447.24744   100%  64.2 2001s
 952674 736506 1475.99506   46  329 3.0000e+10 1447.26084   100%  64.2 2006s
 956254 739528 1571.08682   60  314 3.0000e+10 1447.27769   100%  64.1 2011s
 957049 739548 1487.44778   44  322 3.0000e+10 1447.27769   100%  64.1 2015s
 959809 742874 1452.78950   37  356 3.0000e+10 1447.29582   100%  64.2 2021s
 962071 744797 1476.72408   50  345 3.0000e+10 1447.30288   100%  64.1 2025s
 965267 747649 1469.23521   40  341 3.0000e+10 1447.31405   100%  64.1 2031s
 968829 750964 1463.12893   46  337 3.0000e+10 1447.34136   100%  64.1 2036s
 971382 752005 3.5914e+09   91  293 3.0000e+10 1447.35540   100%  64.1 2042s
 973934 755281 1492.97064   49  321 3.0000e+10 1447.36535   100%  64.1 2046s
 978349 759142 1461.28810   45  322 3.0000e+10 1447.38291   100%  64.1 2051s
 981658 761721 6.9899e+09   88  306 3.0000e+10 1447.39901   100%  64.1 2055s
 985884 765039 1526.37462   64  310 3.0000e+10 1447.42621   100%  64.1 2061s
 986629 765175 1463.47400   36  341 3.0000e+10 1447.42636   100%  64.1 2066s
 989078 768421 1462.32218   41  344 3.0000e+10 1447.43851   100%  64.1 2071s
 992793 771851 1597.97866   78  287 3.0000e+10 1447.44826   100%  64.0 2075s
 996729 774771 1533.59677   51  326 3.0000e+10 1447.46014   100%  64.0 2080s
 999630 777052 1.0000e+10   47  309 3.0000e+10 1447.47681   100%  64.1 2085s
 1003433 780114 1472.63262   53  352 3.0000e+10 1447.49221   100%  64.1 2090s
 1006210 782010 7.1456e+08   77  283 3.0000e+10 1447.50258   100%  64.1 2097s
 1007466 783747 2.8917e+09   62  311 3.0000e+10 1447.51639   100%  64.0 2100s
 1011976 787900 1.3990e+10  126  309 3.0000e+10 1447.54112   100%  64.1 2105s
 1015613 790784 2.2547e+09  122  273 3.0000e+10 1447.56275   100%  64.1 2110s
 1020007 795052 1559.79981   73  284 3.0000e+10 1447.57953   100%  64.1 2115s
 1023652 797052 1.0000e+10   51  312 3.0000e+10 1447.59400   100%  64.0 2124s
 1023700 797432 1.0000e+10   50  311 3.0000e+10 1447.59424   100%  64.0 2129s
 1024244 798626 1511.84029   64  328 3.0000e+10 1447.59675   100%  64.1 2131s
 1025643 799728 3.8138e+09   83  320 3.0000e+10 1447.60476   100%  64.0 2135s
 1027668 801534 1565.93744   57  315 3.0000e+10 1447.61220   100%  64.0 2141s
 1030205 803202 1.0528e+10   72  288 3.0000e+10 1447.62409   100%  64.0 2145s
 1031594 805043 1.8067e+10  139  306 3.0000e+10 1447.63278   100%  64.0 2150s
 1035384 807959 1472.85563   41  336 3.0000e+10 1447.65310   100%  64.0 2155s
 1037572 809636 3.5129e+09   76  322 3.0000e+10 1447.66133   100%  64.0 2162s
 1039455 811748 3.8867e+09  100  318 3.0000e+10 1447.67246   100%  64.0 2166s
 1042987 815144 1.8233e+09   82  285 3.0000e+10 1447.69290   100%  64.0 2171s
 1046690 817899 1502.33499   45  327 3.0000e+10 1447.71291   100%  64.0 2177s
 1047692 818883 1472.33298   55  324 3.0000e+10 1447.71621   100%  64.0 2181s
 1049771 819982 1475.74157   42  339 3.0000e+10 1447.72026   100%  64.0 2193s
 1050016 820802 2.4340e+10  122  302 3.0000e+10 1447.72083   100%  64.0 2196s
 1053452 823206 1548.15895   56  286 3.0000e+10 1447.73856   100%  63.9 2203s
 1053759 824066 1508.35399   56  311 3.0000e+10 1447.73955   100%  63.9 2205s
 1056072 826164 1619.01585   65  306 3.0000e+10 1447.75185   100%  63.9 2210s
 1058030 828454 1499.43700   64  328 3.0000e+10 1447.76143   100%  63.9 2215s
 1062866 832236 3.4165e+09  110  289 3.0000e+10 1447.77948   100%  63.9 2220s
 1065965 834116 1593.20322   54  298 3.0000e+10 1447.78818   100%  63.9 2225s
 1068397 836956 1507.23570   55  321 3.0000e+10 1447.80117   100%  63.9 2230s
 1072763 841181 1517.07179   63  331 3.0000e+10 1447.81624   100%  63.9 2235s
 1077123 845035 1459.66173   43  345 3.0000e+10 1447.82733   100%  63.9 2240s
 1079904 847211 1506.91905   59  331 3.0000e+10 1447.84639   100%  63.8 2245s
 1084703 851048 8.6881e+08  118  320 3.0000e+10 1447.86356   100%  63.8 2250s
 1088787 855395 1.1913e+09  105  293 3.0000e+10 1447.88345   100%  63.8 2256s
 1093520 858169 9.9319e+08   93  321 3.0000e+10 1447.90481   100%  63.8 2270s
 1094675 859631 2.0000e+10   60  296 3.0000e+10 1447.91480   100%  63.8 2275s
 1095548 859636 1.1869e+10   89  264 3.0000e+10 1447.91480   100%  63.8 2282s
 1096719 861445 1463.35165   46  339 3.0000e+10 1447.92799   100%  63.8 2285s
 1101589 865909 1468.22636   43  337 3.0000e+10 1447.94314   100%  63.8 2290s
 1105037 868623 9.3001e+09  103  301 3.0000e+10 1447.95837   100%  63.8 2295s
 1110283 873391 5.0578e+08   77  300 3.0000e+10 1447.98252   100%  63.8 2301s
 1113634 875527 1516.87198   51  315 3.0000e+10 1448.00412   100%  63.7 2306s
 1116181 877440 1494.28460   48  328 3.0000e+10 1448.01893   100%  63.8 2316s
 1117386 879491 1461.83424   46  323 3.0000e+10 1448.02410   100%  63.8 2320s
 1121382 882693 1.3393e+10   79  288 3.0000e+10 1448.04186   100%  63.8 2326s
 1124594 885093 1473.42363   41  351 3.0000e+10 1448.05543   100%  63.7 2331s
 1127580 888140 1459.48348   43  343 3.0000e+10 1448.07029   100%  63.7 2335s
 1131836 891936 1507.90924   50  313 3.0000e+10 1448.08495   100%  63.7 2341s
 1135540 895187 4.8141e+09   94  288 3.0000e+10 1448.09818   100%  63.7 2346s
 1137819 896934 1488.14190   50  343 3.0000e+10 1448.10612   100%  63.7 2350s
 1141101 900010 1496.84988   51  321 3.0000e+10 1448.12015   100%  63.7 2355s
 1144352 902383 1482.58935   49  320 3.0000e+10 1448.13133   100%  63.7 2360s
 1145443 903717 1.7488e+10  107  285 3.0000e+10 1448.13547   100%  63.7 2365s
 1149561 907055 1.4547e+10  160  272 3.0000e+10 1448.15064   100%  63.7 2370s
 1152376 909804 7.3406e+08   87  278 3.0000e+10 1448.16347   100%  63.7 2375s
 1155607 911532 2.2434e+10  106  292 3.0000e+10 1448.17619   100%  63.6 2385s
 1157408 914140 9.4149e+09  114  317 3.0000e+10 1448.18044   100%  63.6 2390s
 1162064 918533 2.0380e+10  124  281 3.0000e+10 1448.20001   100%  63.6 2396s
 1164504 920040 1517.22803   70  322 3.0000e+10 1448.20752   100%  63.6 2400s
 1167790 923003 1484.92058   53  341 3.0000e+10 1448.22675   100%  63.6 2406s
 1170475 925115 1526.53931   60  320 3.0000e+10 1448.23388   100%  63.6 2410s
 1172709 927172 1560.64352   61  325 3.0000e+10 1448.24367   100%  63.6 2415s
 1176111 930308 1.9016e+10  113  291 3.0000e+10 1448.25283   100%  63.6 2421s
 1177350 930671 1516.19768   59  336 3.0000e+10 1448.25875   100%  63.6 2425s
 1177805 934353 1515.64486   59  322 3.0000e+10 1448.26046   100%  63.6 2431s
 1182955 936164 4.1780e+09   88  299 3.0000e+10 1448.27532   100%  63.6 2435s
 1185969 938813 1529.09163   73  311 3.0000e+10 1448.29087   100%  63.6 2441s
 1188736 941163 2.1875e+08   81  294 3.0000e+10 1448.29987   100%  63.6 2446s
 1192320 943954 1464.89030   38  343 3.0000e+10 1448.31349   100%  63.6 2456s
 1195706 947740 1466.93898   38  342 3.0000e+10 1448.32486   100%  63.6 2462s
 1198995 950287 1508.91390   58  323 3.0000e+10 1448.34082   100%  63.5 2466s
 1200438 950911 1496.59515   42  325 3.0000e+10 1448.35019   100%  63.5 2472s
 1202526 953577 1.3065e+10  111  256 3.0000e+10 1448.36032   100%  63.5 2476s
 1205820 956118 5.9495e+08   91  268 3.0000e+10 1448.37289   100%  63.5 2482s
 1207012 957007     cutoff   73      3.0000e+10 1448.37714   100%  63.5 2485s
 1209920 959462 1495.63725   61  331 3.0000e+10 1448.38835   100%  63.5 2491s
 1210839 959470 1460.33955   41  341 3.0000e+10 1448.38964   100%  63.5 2503s
 1210847 959488 1462.38239   42  333 3.0000e+10 1448.38964   100%  63.5 2510s
 1214098 963653 2.1411e+10  169  298 3.0000e+10 1448.40361   100%  63.5 2516s
 1216676 965847 1511.51371   57  303 3.0000e+10 1448.41827   100%  63.5 2520s
 1219074 967676 1676.08482   67  305 3.0000e+10 1448.43133   100%  63.5 2526s
 1221432 969692 1.4563e+10   93  283 3.0000e+10 1448.43760   100%  63.5 2531s
 1224392 971848 1463.05465   47  338 3.0000e+10 1448.44799   100%  63.5 2535s
 1227080 974616 1547.46557   70  318 3.0000e+10 1448.45671   100%  63.5 2541s
 1230626 977855 1507.04200   53  322 3.0000e+10 1448.46585   100%  63.5 2547s
 1232759 979368 1.1818e+10  116  271 3.0000e+10 1448.47219   100%  63.5 2551s
 1235004 981512 2.4599e+10  134  321 3.0000e+10 1448.48005   100%  63.5 2556s
 1238958 983994 1455.47205   41  341 3.0000e+10 1448.49410   100%  63.5 2563s
 1239459 985157 1619.40899   57  273 3.0000e+10 1448.49840   100%  63.5 2565s
 1240379 986030 1533.73998   56  327 3.0000e+10 1448.50006   100%  63.5 3467s
 1242614 987980 1543.33285   63  316 3.0000e+10 1448.50940   100%  63.5 3471s
 1245871 990411 4.7458e+08   65  292 3.0000e+10 1448.52364   100%  63.6 3475s
 1248403 992544 1577.21409   81  289 3.0000e+10 1448.53436   100%  63.6 4378s
 1249599 993306 1472.95997   50  321 3.0000e+10 1448.53764   100%  63.6 4380s
 1254692 997485 1497.41043   51  322 3.0000e+10 1448.55379   100%  63.6 4385s
 1255374 998775 1478.91146   50  346 3.0000e+10 1448.55643   100%  63.6 5287s
 1258430 1000188 1.1457e+10  146  285 3.0000e+10 1448.56720   100%  63.6 6194s
 1258498 1000822 2.5299e+10  171  288 3.0000e+10 1448.56758   100%  63.6 6195s
 1264009 1005870 1.8535e+10  176  302 3.0000e+10 1448.59114   100%  63.6 6201s
 1267427 1008889 1535.11940   53  318 3.0000e+10 1448.60938   100%  63.6 7104s
 1268502 1010496 1616.04601   59  297 3.0000e+10 1448.61342   100%  63.6 7106s
 1273170 1013897 1610.33789   69  297 3.0000e+10 1448.63177   100%  63.5 7110s
 1274269 1013956 1509.17842   62  332 3.0000e+10 1448.63484   100%  63.5 8012s

Cutting planes:
  Gomory: 1
  Clique: 7
  MIR: 1
  Flow cover: 2
  Zero half: 4

Explored 1274340 nodes (80957187 simplex iterations) in 8012.06 seconds (2263.42 work units)
Thread count was 8 (of 8 available processors)

Solution count 10: 3e+10 3e+10 3e+10 ... 7e+10

Time limit reached
Best objective 3.000000163000e+10, best bound 1.448634835722e+03, gap 100.0000%
