
Gurobi 11.0.1 (mac64[arm]) logging started Sat May 25 00:36:26 2024

Set parameter LogFile to value "logs_new/salida_modelo_arcos_320_567.log"
Set parameter TimeLimit to value 7200
Gurobi Optimizer version 11.0.1 build v11.0.1rc0 (mac64[arm] - Darwin 23.4.0 23E224)

CPU model: Apple M2
Thread count: 8 physical cores, 8 logical processors, using up to 8 threads

Optimize a model with 2323299 rows, 1628836 columns and 9771126 nonzeros
Model fingerprint: 0x066cb0c9
Variable types: 81073 continuous, 1547763 integer (1547763 binary)
Coefficient statistics:
  Matrix range     [1e-01, 2e+07]
  Objective range  [1e+00, 2e+01]
  Bounds range     [1e+00, 1e+02]
  RHS range        [1e+00, 2e+07]
Presolve removed 1368818 rows and 103394 columns (presolve time = 5s) ...
Presolve removed 1640625 rows and 114180 columns (presolve time = 10s) ...
Presolve removed 1641833 rows and 115548 columns (presolve time = 15s) ...
Presolve removed 1641833 rows and 115548 columns (presolve time = 20s) ...
Presolve removed 1641833 rows and 115548 columns (presolve time = 25s) ...
Presolve removed 1641833 rows and 115548 columns (presolve time = 30s) ...
Presolve removed 1641833 rows and 115548 columns (presolve time = 35s) ...
Presolve removed 1641833 rows and 115548 columns (presolve time = 40s) ...
Presolve removed 1641833 rows and 115548 columns (presolve time = 45s) ...
Presolve removed 1641833 rows and 115548 columns (presolve time = 50s) ...
Presolve removed 1641833 rows and 115548 columns (presolve time = 55s) ...
Presolve removed 1641833 rows and 115548 columns (presolve time = 60s) ...
Presolve removed 1641833 rows and 115548 columns (presolve time = 65s) ...
Presolve removed 1641833 rows and 115548 columns (presolve time = 70s) ...
Presolve removed 1641833 rows and 115548 columns (presolve time = 75s) ...
Presolve removed 1641833 rows and 115548 columns (presolve time = 80s) ...
Presolve removed 1641833 rows and 115548 columns (presolve time = 85s) ...
Presolve removed 1641833 rows and 115548 columns (presolve time = 90s) ...
Presolve removed 1641833 rows and 115548 columns (presolve time = 95s) ...
Presolve removed 1641833 rows and 115548 columns (presolve time = 100s) ...
Presolve removed 1641833 rows and 115548 columns (presolve time = 105s) ...
Presolve removed 1641833 rows and 115548 columns (presolve time = 110s) ...
Presolve removed 1641833 rows and 115548 columns (presolve time = 115s) ...
Presolve removed 1641833 rows and 115548 columns (presolve time = 120s) ...
Presolve removed 1641833 rows and 115548 columns (presolve time = 125s) ...
Presolve removed 1641833 rows and 115548 columns (presolve time = 130s) ...
Presolve removed 1641833 rows and 115548 columns (presolve time = 1035s) ...
Presolve removed 1641833 rows and 115548 columns (presolve time = 1035s) ...
Presolve removed 1641833 rows and 115548 columns (presolve time = 1040s) ...
Presolve removed 1918807 rows and 631708 columns
Presolve time: 1044.58s
Presolved: 404492 rows, 997128 columns, 3404351 nonzeros
Variable types: 33 continuous, 997095 integer (988437 binary)
Deterministic concurrent LP optimizer: primal simplex, dual simplex, and barrier
Showing barrier log only...

Root barrier log...

Ordering time: 4.37s

Barrier statistics:
 Dense cols : 59
 AA' NZ     : 1.198e+07
 Factor NZ  : 6.731e+07 (roughly 1.0 GB of memory)
 Factor Ops : 2.382e+10 (less than 1 second per iteration)
 Threads    : 5

                  Objective                Residual
Iter       Primal          Dual         Primal    Dual     Compl     Time
   0   7.86486896e+08 -9.79326778e+08  4.29e+06 9.00e+00  1.54e+04  1077s
   1   6.09463314e+08 -9.47983260e+08  3.33e+06 1.31e+01  1.15e+04  1078s
   2   3.97015048e+08 -9.14067746e+08  2.17e+06 7.00e+00  7.62e+03  1079s
   3   2.49377652e+08 -8.44788896e+08  1.36e+06 2.04e+00  4.75e+03  1080s
   4   1.45207758e+08 -7.10400232e+08  7.93e+05 5.89e-10  2.67e+03  2082s
   5   4.04070089e+07 -4.64100560e+08  2.18e+05 3.67e-10  7.49e+02  2083s
   6   2.19552562e+07 -2.84281714e+08  1.17e+05 6.41e-10  3.65e+02  2084s
   7   1.28132294e+07 -1.65950240e+08  6.75e+04 5.86e-10  1.91e+02  2085s
   8   8.38754521e+06 -1.07946713e+08  4.36e+04 2.68e-10  1.19e+02  2086s
   9   5.99330772e+06 -6.91146591e+07  3.08e+04 3.52e-10  7.92e+01  2087s
  10   4.14722928e+06 -5.83055575e+07  2.10e+04 5.31e-10  5.89e+01  2088s
  11   3.33637283e+06 -4.63695806e+07  1.68e+04 2.93e-10  4.73e+01  2089s
  12   2.26887357e+06 -3.11135891e+07  1.14e+04 3.63e-10  3.22e+01  2090s
  13   1.36392257e+06 -2.55693398e+07  6.76e+03 4.77e-10  2.23e+01  2091s
  14   8.44603892e+05 -1.45202717e+07  4.17e+03 6.81e-11  1.33e+01  2093s
  15   5.62154922e+05 -9.68310866e+06  2.78e+03 9.10e-11  9.01e+00  2094s
  16   3.44764585e+05 -6.73507279e+06  1.70e+03 1.03e-10  5.89e+00  2095s
  17   2.32604376e+05 -4.33108189e+06  1.15e+03 6.57e-11  3.90e+00  2096s
  18   1.60902427e+05 -3.44669296e+06  7.90e+02 4.09e-11  2.90e+00  2096s
  19   9.28097091e+04 -1.78326309e+06  4.50e+02 3.68e-11  1.58e+00  2097s
  20   3.91408373e+04 -8.90872928e+05  1.83e+02 1.65e-11  7.10e-01  2099s
  21   2.26480568e+04 -6.29979515e+05  9.99e+01 1.10e-11  4.45e-01  2100s
  22   1.84609686e+04 -4.72016608e+05  7.84e+01 7.85e-12  3.37e-01  2100s
  23   1.38308047e+04 -3.63275494e+05  5.45e+01 5.88e-12  2.48e-01  2101s
  24   1.04766473e+04 -2.65959283e+05  3.62e+01 4.19e-12  1.74e-01  2102s
  25   9.13943578e+03 -2.14736650e+05  2.86e+01 3.38e-12  1.38e-01  2104s
  26   7.98802703e+03 -1.53268874e+05  2.19e+01 2.24e-12  1.00e-01  2105s
  27   6.99571042e+03 -1.20177818e+05  1.59e+01 1.72e-12  7.62e-02  2106s
  28   6.28136465e+03 -9.01411768e+04  1.14e+01 1.25e-12  5.62e-02  2107s
  29   5.48341330e+03 -6.63447705e+04  7.29e+00 8.87e-13  3.97e-02  2108s
  30   5.07476202e+03 -5.22899394e+04  5.52e+00 6.97e-13  3.10e-02  2109s
  31   4.81260853e+03 -3.62423087e+04  4.60e+00 4.63e-13  2.24e-02  2110s
  32   4.36854516e+03 -2.57057571e+04  3.32e+00 3.09e-13  1.60e-02  2111s
  33   4.06123220e+03 -1.67733913e+04  2.46e+00 2.12e-13  1.09e-02  2112s
  34   3.73153173e+03 -1.37915038e+04  1.69e+00 1.74e-13  8.73e-03  2113s
  35   3.45260706e+03 -9.81144145e+03  1.16e+00 1.63e-13  6.39e-03  2114s
  36   3.22714742e+03 -8.28390613e+03  8.21e-01 1.52e-13  5.38e-03  2116s
  37   3.05127190e+03 -5.99438836e+03  6.13e-01 1.55e-13  4.16e-03  2117s
  38   2.92172334e+03 -4.77068770e+03  4.93e-01 1.34e-13  3.50e-03  2118s
  39   2.86288659e+03 -4.48059892e+03  4.49e-01 1.21e-13  3.32e-03  2119s
  40   2.69305052e+03 -3.32927389e+03  3.32e-01 1.06e-13  2.69e-03  2120s
  41   2.62194198e+03 -2.49777973e+03  3.03e-01 9.24e-14  2.28e-03  2121s
  42   2.55136527e+03 -2.06016667e+03  2.78e-01 7.55e-14  2.05e-03  2122s
  43   2.43587688e+03 -1.53322885e+03  2.32e-01 1.16e-13  1.76e-03  2123s
  44   2.32928849e+03 -1.14805950e+03  1.97e-01 1.29e-13  1.54e-03  2124s
  45   2.20365091e+03 -8.16439908e+02  1.59e-01 7.46e-14  1.33e-03  2126s
  46   2.09716716e+03 -4.76334846e+02  1.32e-01 7.19e-14  1.13e-03  2127s
  47   2.06766994e+03 -2.82291788e+02  1.25e-01 8.17e-14  1.03e-03  2128s
  48   1.85658785e+03  2.97772522e+01  8.91e-02 7.82e-14  7.99e-04  3139s
  49   1.64426207e+03  5.71272173e+02  6.00e-02 5.50e-14  4.71e-04  3140s
  50   1.55280264e+03  8.02020656e+02  4.76e-02 6.04e-14  3.31e-04  3141s
  51   1.45492158e+03  1.02247254e+03  3.45e-02 6.22e-14  1.92e-04  3142s
  52   1.42192661e+03  1.05080053e+03  3.04e-02 6.38e-14  1.65e-04  3143s
  53   1.28914563e+03  1.08285856e+03  1.27e-02 5.68e-14  9.07e-05  3144s
  54   1.21094507e+03  1.17469966e+03  3.12e-03 6.13e-14  1.61e-05  3145s
  55   1.18318598e+03  1.18279850e+03  2.92e-05 5.08e-14  1.72e-07  3146s
  56   1.18288372e+03  1.18288372e+03  1.12e-09 4.97e-14  5.56e-13  3147s

Barrier solved model in 56 iterations and 3146.78 seconds (510.24 work units)
Optimal objective 1.18288372e+03


Root crossover log...

   23379 DPushes remaining with DInf 0.0000000e+00              3147s
       0 DPushes remaining with DInf 0.0000000e+00              3147s

    4974 PPushes remaining with PInf 0.0000000e+00              3147s
       0 PPushes remaining with PInf 0.0000000e+00              3147s

  Push phase complete: Pinf 0.0000000e+00, Dinf 1.0825842e-12   3147s


Root simplex log...

Iteration    Objective       Primal Inf.    Dual Inf.      Time
   28229    1.1828837e+03   0.000000e+00   0.000000e+00   3147s
Concurrent spin time: 5.02s

Solved with barrier
   28230    1.1828837e+03   0.000000e+00   0.000000e+00   3153s
Extra simplex iterations after uncrush: 1

Root relaxation: objective 1.182884e+03, 28230 iterations, 2084.31 seconds (86.75 work units)
Total elapsed time = 3152.85s (DegenMoves)
Total elapsed time = 3155.70s (DegenMoves)

    Nodes    |    Current Node    |     Objective Bounds      |     Work
 Expl Unexpl |  Obj  Depth IntInf | Incumbent    BestBd   Gap | It/Node Time

     0     0 1182.88372    0  118          - 1182.88372      -     - 3160s
     0     0 1184.00000    0  400          - 1184.00000      -     - 3170s
     0     0 1186.00000    0  448          - 1186.00000      -     - 3175s
     0     0 1186.00000    0  458          - 1186.00000      -     - 3180s
     0     0 1188.00000    0  481          - 1188.00000      -     - 3184s
     0     0 1190.00000    0  534          - 1190.00000      -     - 3189s
     0     0 1190.00000    0  523          - 1190.00000      -     - 3195s
     0     0 1190.00000    0  516          - 1190.00000      -     - 3200s
     0     0 1192.78049    0  558          - 1192.78049      -     - 3206s
     0     0 1196.00000    0  530          - 1196.00000      -     - 3214s
     0     0 1196.00000    0  542          - 1196.00000      -     - 3218s
H    0     0                    3518.0000000 1196.00000  66.0%     - 3241s
     0     0 1196.91525    0  500 3518.00000 1196.91525  66.0%     - 3248s
     0     0 1198.00000    0  468 3518.00000 1198.00000  65.9%     - 3252s
     0     0 1198.00000    0  467 3518.00000 1198.00000  65.9%     - 3257s
     0     0 1198.00000    0  518 3518.00000 1198.00000  65.9%     - 3264s
     0     0 1198.00000    0  471 3518.00000 1198.00000  65.9%     - 3268s
     0     0 1198.00000    0  422 3518.00000 1198.00000  65.9%     - 3273s
     0     0 1198.72464    0  426 3518.00000 1198.72464  65.9%     - 3277s
     0     0 1200.00000    0  450 3518.00000 1200.00000  65.9%     - 3281s
     0     0 1200.00000    0  462 3518.00000 1200.00000  65.9%     - 4194s
     0     0 1204.00000    0  426 3518.00000 1204.00000  65.8%     - 4198s
     0     0 1204.00000    0  404 3518.00000 1204.00000  65.8%     - 4203s
H    0     0                    3426.0000000 1204.00000  64.9%     - 4206s
H    0     0                    1304.0000000 1204.00000  7.67%     - 4211s
H    0     0                    1222.0000000 1204.00000  1.47%     - 5218s
     0     0 1204.00000    0  332 1222.00000 1204.00000  1.47%     - 5218s
     0     0 1204.00000    0  493 1222.00000 1204.00000  1.47%     - 5220s
     0     0 1204.00000    0  429 1222.00000 1204.00000  1.47%     - 5222s
     0     0 1204.00000    0  409 1222.00000 1204.00000  1.47%     - 5223s
     0     0 1204.00000    0  373 1222.00000 1204.00000  1.47%     - 5224s
     0     0 1204.00000    0  365 1222.00000 1204.00000  1.47%     - 5225s
     0     0 1204.00000    0  374 1222.00000 1204.00000  1.47%     - 5227s
     0     0 1204.00000    0  335 1222.00000 1204.00000  1.47%     - 5228s
     0     0 1206.00000    0  410 1222.00000 1206.00000  1.31%     - 5230s
     0     0 1206.00000    0  455 1222.00000 1206.00000  1.31%     - 5231s
     0     0 1206.00000    0  424 1222.00000 1206.00000  1.31%     - 5232s
     0     0 1206.00000    0  378 1222.00000 1206.00000  1.31%     - 6201s
     0     0 1206.00000    0  482 1222.00000 1206.00000  1.31%     - 6202s
     0     0 1206.00000    0  492 1222.00000 1206.00000  1.31%     - 6203s
     0     0 1210.00000    0  493 1222.00000 1210.00000  0.98%     - 6204s
     0     0 1211.00000    0  416 1222.00000 1211.00000  0.90%     - 6205s
     0     0 1212.00000    0  418 1222.00000 1212.00000  0.82%     - 6205s
     0     0 1212.00000    0  390 1222.00000 1212.00000  0.82%     - 6206s
     0     0 1212.00000    0  392 1222.00000 1212.00000  0.82%     - 6206s
     0     0 1212.00000    0  395 1222.00000 1212.00000  0.82%     - 6207s
     0     0 1212.00000    0  379 1222.00000 1212.00000  0.82%     - 6207s
     0     0 1212.00000    0  354 1222.00000 1212.00000  0.82%     - 6208s
     0     0 1212.00000    0  346 1222.00000 1212.00000  0.82%     - 6208s
     0     0 1212.00000    0  357 1222.00000 1212.00000  0.82%     - 6208s
     0     0 1212.00000    0  421 1222.00000 1212.00000  0.82%     - 6209s
     0     0 1214.00000    0  516 1222.00000 1214.00000  0.65%     - 6210s
     0     0 1214.00000    0  445 1222.00000 1214.00000  0.65%     - 6210s
     0     0 1214.00000    0  410 1222.00000 1214.00000  0.65%     - 6211s
     0     0 1214.00000    0  413 1222.00000 1214.00000  0.65%     - 6211s
     0     0 1214.00000    0  392 1222.00000 1214.00000  0.65%     - 6212s
     0     0 1214.17654    0  384 1222.00000 1214.17654  0.64%     - 6212s
     0     0 1216.00000    0  416 1222.00000 1216.00000  0.49%     - 6212s
     0     0 1216.00000    0  301 1222.00000 1216.00000  0.49%     - 6212s
     0     0 1216.00000    0  303 1222.00000 1216.00000  0.49%     - 6213s
     0     0 1216.00000    0  301 1222.00000 1216.00000  0.49%     - 6213s
     0     0 1216.00000    0  305 1222.00000 1216.00000  0.49%     - 6213s
     0     0 1216.00000    0  294 1222.00000 1216.00000  0.49%     - 6213s
     0     0 1216.00000    0  297 1222.00000 1216.00000  0.49%     - 6213s
     0     0 1216.00000    0  293 1222.00000 1216.00000  0.49%     - 6214s
     0     0 1216.00000    0  281 1222.00000 1216.00000  0.49%     - 6214s
     0     0 1218.00000    0  292 1222.00000 1218.00000  0.33%     - 6214s
     0     0 1218.00000    0  283 1222.00000 1218.00000  0.33%     - 6214s
     0     0 1218.00000    0  288 1222.00000 1218.00000  0.33%     - 6214s
     0     0 1218.00000    0  219 1222.00000 1218.00000  0.33%     - 6216s

Explored 1 nodes (206256 simplex iterations) in 6217.36 seconds (1211.18 work units)
Thread count was 8 (of 8 available processors)

Solution count 4: 1222 1304 3426 3518 

Optimal solution found (tolerance 1.00e-04)
Best objective 1.222000000000e+03, best bound 1.222000000000e+03, gap 0.0000%
