
Gurobi 11.0.1 (mac64[arm]) logging started Sat May 25 10:03:45 2024

Set parameter LogFile to value "logs_new/salida_modelo_caminos_340_567.log"
Set parameter TimeLimit to value 7200
Gurobi Optimizer version 11.0.1 build v11.0.1rc0 (mac64[arm] - Darwin 23.4.0 23E224)

CPU model: Apple M2
Thread count: 8 physical cores, 8 logical processors, using up to 8 threads

Optimize a model with 593 rows, 1825 columns and 7582 nonzeros
Coefficient statistics:
  Matrix range     [1e+00, 1e+00]
  Objective range  [2e+00, 1e+10]
  Bounds range     [0e+00, 0e+00]
  RHS range        [1e+00, 2e+02]
Warning: Model contains large objective coefficients
         Consider reformulating model or setting NumericFocus parameter
         to avoid numerical issues.

Solved in 0 iterations and 0.00 seconds (0.00 work units)
Optimal objective  1.300000000e+03
Gurobi Optimizer version 11.0.1 build v11.0.1rc0 (mac64[arm] - Darwin 23.4.0 23E224)

CPU model: Apple M2
Thread count: 8 physical cores, 8 logical processors, using up to 8 threads

Optimize a model with 593 rows, 1825 columns and 7582 nonzeros
Model fingerprint: 0x339196da
Variable types: 0 continuous, 1825 integer (1825 binary)
Coefficient statistics:
  Matrix range     [1e+00, 1e+00]
  Objective range  [2e+00, 1e+10]
  Bounds range     [0e+00, 0e+00]
  RHS range        [1e+00, 2e+02]
Warning: Model contains large objective coefficients
         Consider reformulating model or setting NumericFocus parameter
         to avoid numerical issues.
Found heuristic solution: objective 3.400000e+12
Presolve removed 250 rows and 0 columns
Presolve time: 0.01s
Presolved: 343 rows, 1825 columns, 7339 nonzeros
Variable types: 0 continuous, 1825 integer (1825 binary)
Found heuristic solution: objective 3.290000e+12

Root relaxation: objective 1.300000e+03, 2058 iterations, 0.08 seconds (0.14 work units)

    Nodes    |    Current Node    |     Objective Bounds      |     Work
 Expl Unexpl |  Obj  Depth IntInf | Incumbent    BestBd   Gap | It/Node Time

     0     0 1300.00000    0  288 3.2900e+12 1300.00000   100%     -    0s
H    0     0                    6.700000e+11 1300.00000   100%     -    0s
H    0     0                    5.300000e+11 1300.00000   100%     -    0s
H    0     0                    4.500000e+11 1300.00000   100%     -    0s
H    0     0                    2.800000e+11 1300.00000   100%     -    0s
H    0     0                    2.500000e+11 1300.00000   100%     -    0s
     0     0 1300.63801    0  301 2.5000e+11 1300.63801   100%     -    0s
H    0     0                    1.700000e+11 1301.14206   100%     -    0s
H    0     0                    1.400000e+11 1301.14206   100%     -    0s
     0     0 1301.14206    0  314 1.4000e+11 1301.14206   100%     -    0s
H    0     0                    1.300000e+11 1301.14206   100%     -    0s
     0     0 1301.27816    0  327 1.3000e+11 1301.27816   100%     -    0s
     0     0 1301.30754    0  328 1.3000e+11 1301.30754   100%     -    0s
     0     0 1301.31036    0  329 1.3000e+11 1301.31036   100%     -    0s
     0     0 1301.31078    0  329 1.3000e+11 1301.31078   100%     -    0s
     0     0 1301.32115    0  324 1.3000e+11 1301.32115   100%     -    0s
     0     0 1301.34068    0  324 1.3000e+11 1301.34068   100%     -    0s
     0     2 1301.34471    0  324 1.3000e+11 1301.34471   100%     -    0s
H   33    40                    1.200000e+11 1303.61690   100%   128    0s
H   71    77                    1.100000e+11 1303.61690   100%   121    0s
H   72    77                    1.000000e+11 1303.61690   100%   121    0s
H  107   115                    9.000000e+10 1303.61690   100%   126    0s
H  113   115                    8.000000e+10 1303.61690   100%   125    1s
H  150   158                    8.000000e+10 1303.61690   100%   118    1s
H  151   158                    7.000000e+10 1303.61690   100%   118    1s
H  152   158                    7.000000e+10 1303.61690   100%   118    1s
H  207   213                    7.000000e+10 1303.61690   100%   114    2s
H 1629  1490                    5.000000e+10 1303.98630   100%  91.2    3s
H 1694  1467                    5.000000e+10 1304.00000   100%  93.3    4s
H 1695  1396                    4.000000e+10 1304.00000   100%  93.3    4s
  1742  1428 1310.25647   22  292 4.0000e+10 1304.00000   100%  94.2    5s
H 1768  1379                    4.000000e+10 1304.00000   100%  94.7    5s
H 1812  1339                    3.999999e+10 1304.00000   100%  95.2    5s
H 1929  1358                    3.999999e+10 1304.00000   100%  96.2    7s
H 2008  1357                    3.999999e+10 1304.00000   100%  97.2    7s
H 2014  1300                    3.999998e+10 1304.00000   100%  97.2    7s
H 3104  1907                    3.999998e+10 1304.00000   100%  92.8    9s
  3632  2285 1.2350e+10   98  245 4.0000e+10 1304.00000   100%  89.6   10s
H 4368  2572                    3.999998e+10 1304.00000   100%  86.1   11s
  6849  4883 1320.42636   24  299 4.0000e+10 1305.52436   100%  82.6   15s
  9024  6882 3.9001e+08   69  259 4.0000e+10 1306.32770   100%  81.2   20s
 12325  9801 1412.08452   34  223 4.0000e+10 1307.21770   100%  79.3   25s
 16263 12823 2.4664e+10   84  234 4.0000e+10 1307.76434   100%  76.9   30s
 18420 14705 1.2228e+10   81  262 4.0000e+10 1308.22997   100%  76.6   35s
 21492 18229 4.5957e+09   91  229 4.0000e+10 1309.05022   100%  76.0   40s
 26124 22137 1323.85810   28  289 4.0000e+10 1309.52126   100%  73.4   45s
 29254 23866 1444.46136   61  324 4.0000e+10 1309.90884   100%  72.9 1008s
 29264 23873 1.7694e+10  136  329 4.0000e+10 1309.90884   100%  72.8 1010s
 29283 23885 1325.18850   26  339 4.0000e+10 1309.90884   100%  72.8 1015s
 29564 24096 1333.02320   44  298 4.0000e+10 1309.90884   100%  73.1 1020s
 30460 24626 3.0030e+10  100  227 4.0000e+10 1309.90884   100%  73.9 1025s
 32812 25820 1320.89714   31  295 4.0000e+10 1309.90884   100%  75.9 1030s
 34884 27055 1.0443e+10   98  264 4.0000e+10 1309.90884   100%  77.5 1035s
 35849 27403 9.7594e+09   73  258 4.0000e+10 1309.90884   100%  78.3 1040s
 37279 28593 3.1271e+10  114  227 4.0000e+10 1309.90884   100%  79.0 1045s
 40222 30225 3.6658e+09   70  261 4.0000e+10 1309.90884   100%  79.4 2111s
 42441 31722 3.5945e+10  103  242 4.0000e+10 1310.30941   100%  79.4 2115s
 49108 35233 1.1182e+10  111  262 4.0000e+10 1311.68994   100%  80.3 2120s
 54724 38604 1.5097e+10  133  248 4.0000e+10 1312.20684   100%  80.1 2125s
 62696 42679 2.4233e+10  102  244 4.0000e+10 1313.16064   100%  80.6 2130s
 68820 46111 2.5056e+10  101  227 4.0000e+10 1313.66228   100%  80.5 2135s
 72914 47912 2.9161e+10  111  278 4.0000e+10 1313.85615   100%  80.4 2140s
 78055 50859 5.1467e+08   59  258 4.0000e+10 1314.25841   100%  80.3 2145s
 85651 54825 1381.43551   49  259 4.0000e+10 1314.59633   100%  80.4 2150s
 95101 59800 1346.12989   44  279 4.0000e+10 1315.22900   100%  79.8 2155s
 97089 60254 1349.63665   40  272 4.0000e+10 1315.34423   100%  80.2 3142s
 103132 64758 3.0201e+09   89  262 4.0000e+10 1315.67644   100%  79.7 3145s
 104755 72382 2.8343e+10  128  235 4.0000e+10 1315.70549   100%  79.9 3154s
 112743 72388     cutoff  121      4.0000e+10 1316.03233   100%  80.1 3156s
 119699 79979 1.4060e+10  136  257 4.0000e+10 1316.31609   100%  79.7 3160s
 131849 89020 1338.47339   42  278 4.0000e+10 1316.72585   100%  78.5 3165s
 142590 98927 3.1362e+09  107  265 4.0000e+10 1317.10915   100%  77.7 3170s
 151842 106080 1330.60963   39  288 4.0000e+10 1317.33648   100%  76.7 3175s
 159025 112457 1334.20400   38  283 4.0000e+10 1317.52184   100%  76.3 3182s
H159231 105995                    3.000000e+10 1317.52184   100%  76.3 3182s
 163747 110681 1319.98363   33  303 3.0000e+10 1317.64120   100%  76.3 3185s
 164729 111930 1.7176e+10   94  237 3.0000e+10 1317.66410   100%  76.2 3581s
 170007 115264 4.6282e+09   64  281 3.0000e+10 1317.82288   100%  75.9 3586s
 176943 121700 1489.37795   57  237 3.0000e+10 1318.02089   100%  76.1 3590s
 178760 122517 5.1431e+09   82  252 3.0000e+10 1318.04840   100%  76.0 3596s
H178802 122522                    2.999999e+10 1318.04840   100%  76.0 3597s
 181926 125892 8.4417e+08   65  277 3.0000e+10 1318.17664   100%  75.8 3600s
 192889 135378 1416.61182   53  262 3.0000e+10 1318.43144   100%  75.5 3605s
 197365 138471 1462.91072   65  266 3.0000e+10 1318.53930   100%  75.2 3611s
 204226 145222 1343.04622   40  299 3.0000e+10 1318.75339   100%  75.3 3615s
 212516 152007 7.7831e+08   84  223 3.0000e+10 1318.91837   100%  75.0 3620s
 223055 161284 2.6506e+10   95  256 3.0000e+10 1319.12916   100%  74.7 3625s
 229287 166489     cutoff  101      3.0000e+10 1319.27678   100%  74.5 3630s
 239323 175468 1424.84037   55  251 3.0000e+10 1319.43236   100%  74.1 3635s
 243685 178851 9.1116e+09   97  242 3.0000e+10 1319.50872   100%  74.0 3640s
 249056 183532 1.3015e+10   77  245 3.0000e+10 1319.64517   100%  74.2 3645s
 259819 192306 9.0245e+08   78  267 3.0000e+10 1319.83671   100%  74.0 3650s
 262752 194715 1.9946e+09   71  260 3.0000e+10 1319.89612   100%  74.2 3655s
 273682 204000 7.1900e+09  100  241 3.0000e+10 1320.08884   100%  73.9 3660s
 275035 205053 1356.88444   43  286 3.0000e+10 1320.13353   100%  73.9 3665s
 284721 214254 5.1844e+09   72  260 3.0000e+10 1320.29544   100%  73.8 3670s
 292495 219672 1344.20539   48  269 3.0000e+10 1320.45579   100%  73.5 3675s
 300736 227591 1360.83377   49  283 3.0000e+10 1320.60449   100%  73.4 3680s
 311178 236320 2.1861e+10  122  248 3.0000e+10 1320.76356   100%  73.1 3685s
 315243 240223 3.1385e+09   65  268 3.0000e+10 1320.83682   100%  73.3 3690s
 325636 248750 1.0171e+09   86  262 3.0000e+10 1320.97139   100%  73.2 3695s
 334815 255933 infeasible  128      3.0000e+10 1321.07722   100%  73.2 3700s
 341480 261929 1351.30611   48  271 3.0000e+10 1321.16447   100%  73.0 3705s
 351401 269616 1401.05768   49  273 3.0000e+10 1321.29369   100%  73.0 3710s
 359097 276470 1.4179e+10  102  272 3.0000e+10 1321.39874   100%  72.9 3715s
 361232 277600 1.2760e+09   67  236 3.0000e+10 1321.43297   100%  72.8 4688s
 361500 277634 1.3621e+09   68  233 3.0000e+10 1321.43297   100%  72.8 4690s
 372404 288423 1417.94012   53  257 3.0000e+10 1321.57280   100%  72.7 4695s
 383104 297003 1498.48687   66  267 3.0000e+10 1321.71170   100%  72.7 4700s
 392144 304623 1401.39862   55  280 3.0000e+10 1321.82657   100%  72.5 4705s
 401645 312471 1.4221e+10   72  260 3.0000e+10 1321.94037   100%  72.4 4710s
 410005 318666 2.0311e+10   81  274 3.0000e+10 1322.02848   100%  72.5 4718s
 413967 323022 1.5682e+09   68  262 3.0000e+10 1322.09387   100%  72.4 4720s
 420377 328220 1.1044e+09   89  253 3.0000e+10 1322.15865   100%  72.3 4725s
 430859 337352 1.0000e+10   88  260 3.0000e+10 1322.29508   100%  72.2 4730s
 441086 346218 1379.53381   51  270 3.0000e+10 1322.39532   100%  71.9 4735s
 449232 352321 8.4776e+09  113  254 3.0000e+10 1322.46379   100%  71.8 4741s
 454980 358146 1448.86882   59  252 3.0000e+10 1322.52350   100%  71.7 4745s
 465205 366948 1352.09724   48  304 3.0000e+10 1322.62053   100%  71.5 4750s
 467955 369127 2.0784e+10  123  274 3.0000e+10 1322.65253   100%  71.5 5305s
 474298 374252 1342.28553   46  285 3.0000e+10 1322.73170   100%  71.4 5310s
 477087 375937 1.1992e+10  111  249 3.0000e+10 1322.75273   100%  71.6 5315s
 481286 380031 infeasible   82      3.0000e+10 1322.79919   100%  71.6 5320s
 492505 389439 1.0105e+10  114  250 3.0000e+10 1322.90451   100%  71.5 5325s
 504739 400096 1359.98613   44  285 3.0000e+10 1323.02019   100%  71.4 5330s
 512674 407002 3.3970e+09   85  260 3.0000e+10 1323.09743   100%  71.3 5335s
 523140 414865 1381.17193   48  246 3.0000e+10 1323.18993   100%  71.2 5340s
 523269 421727 1387.03340   49  238 3.0000e+10 1323.19078   100%  71.2 5346s
*528304 380551             121    2.000000e+10 1323.19665   100%  71.2 5346s
H531280 378470                    2.000000e+10 1323.25105   100%  71.1 5348s
 534405 382280 1.6182e+10   95  289 2.0000e+10 1323.29580   100%  71.2 5350s
 544894 389916 5.8810e+09  150  273 2.0000e+10 1323.38949   100%  71.0 5355s
 549414 394574 1.4220e+10  157  270 2.0000e+10 1323.43412   100%  70.9 5360s
 557604 401256 1345.89967   48  276 2.0000e+10 1323.50195   100%  70.8 5365s
 567690 409854 8.4317e+09   83  262 2.0000e+10 1323.60419   100%  70.7 5370s
 571420 413045 7.5173e+09   81  271 2.0000e+10 1323.63358   100%  70.7 5375s
 581657 421574 1.1406e+10  148  284 2.0000e+10 1323.72357   100%  70.7 5380s
 590499 429131 2.8149e+09   86  230 2.0000e+10 1323.79285   100%  70.5 5385s
 594774 431647 1352.57056   42  261 2.0000e+10 1323.81921   100%  70.5 5392s
 594782 431686 1360.43342   43  250 2.0000e+10 1323.81921   100%  70.5 5395s
 602788 439170 1.8253e+10  145  249 2.0000e+10 1323.88474   100%  70.4 5400s
 609439 444043 3.9464e+09   79  283 2.0000e+10 1323.94849   100%  70.4 5405s
 616167 450878 1355.79425   44  282 2.0000e+10 1324.00022   100%  70.4 5410s
 627541 460238 infeasible  147      2.0000e+10 1324.08706   100%  70.2 5415s
 635599 466014 2.6504e+09   85  276 2.0000e+10 1324.14783   100%  70.2 5420s
 643653 473410 2.7125e+09   83  257 2.0000e+10 1324.21149   100%  70.2 5425s
 648769 477450 1349.77526   41  280 2.0000e+10 1324.25890   100%  70.1 6363s
 651173 479624 5.4294e+07   61  260 2.0000e+10 1324.28091   100%  70.2 6365s
 658979 486210 1467.50850   73  227 2.0000e+10 1324.33993   100%  70.1 6370s
 671466 496867 2.9906e+09   70  254 2.0000e+10 1324.46025   100%  70.0 6375s
 681559 505236 7.9167e+08   66  280 2.0000e+10 1324.55285   100%  69.9 6380s
 690701 512005 infeasible  112      2.0000e+10 1324.61472   100%  69.8 6386s
 698554 519020 1365.24176   50  286 2.0000e+10 1324.70242   100%  69.8 6390s
 711425 529675 1420.70428   63  256 2.0000e+10 1324.80332   100%  69.7 6395s
 723076 539749 1.4246e+10  115  248 2.0000e+10 1324.89413   100%  69.6 6400s
 729788 544981 1413.11680   67  249 2.0000e+10 1324.94195   100%  69.5 6405s
 740487 554038 1342.08381   47  280 2.0000e+10 1325.02190   100%  69.3 6410s
 747164 558745 1341.22485   41  283 2.0000e+10 1325.06970   100%  69.2 7241s
H747167 558668                    1.999999e+10 1325.06970   100%  69.2 7241s

Cutting planes:
  Gomory: 20
  Clique: 11
  Flow cover: 1
  Zero half: 6

Explored 747172 nodes (51726727 simplex iterations) in 7241.22 seconds (1360.54 work units)
Thread count was 8 (of 8 available processors)

Solution count 10: 2e+10 2e+10 3e+10 ... 5e+10

Time limit reached
Best objective 2.000000145300e+10, best bound 1.325069702432e+03, gap 100.0000%
