
Gurobi 11.0.1 (mac64[arm]) logging started Fri May 24 18:21:07 2024

Set parameter LogFile to value "logs_new/salida_modelo_arcos_280_567.log"
Set parameter TimeLimit to value 7200
Gurobi Optimizer version 11.0.1 build v11.0.1rc0 (mac64[arm] - Darwin 23.4.0 23E224)

CPU model: Apple M2
Thread count: 8 physical cores, 8 logical processors, using up to 8 threads

Optimize a model with 1828524 rows, 1271690 columns and 7577041 nonzeros
Model fingerprint: 0x32355d29
Variable types: 71033 continuous, 1200657 integer (1200657 binary)
Coefficient statistics:
  Matrix range     [1e-01, 1e+07]
  Objective range  [1e+00, 2e+01]
  Bounds range     [1e+00, 1e+02]
  RHS range        [1e+00, 1e+07]
Presolve removed 1302495 rows and 103491 columns (presolve time = 5s) ...
Presolve removed 1340770 rows and 106816 columns (presolve time = 10s) ...
Presolve removed 1340770 rows and 106816 columns (presolve time = 954s) ...
Presolve removed 1374852 rows and 225016 columns (presolve time = 955s) ...
Presolve removed 1403036 rows and 227429 columns
Presolve time: 958.64s
Presolved: 425488 rows, 1044261 columns, 3627177 nonzeros
Variable types: 1 continuous, 1044260 integer (1034329 binary)
Deterministic concurrent LP optimizer: primal simplex, dual simplex, and barrier
Showing barrier log only...

Root barrier log...

Ordering time: 3.95s

Barrier statistics:
 Dense cols : 96
 AA' NZ     : 1.362e+07
 Factor NZ  : 7.524e+07 (roughly 1.2 GB of memory)
 Factor Ops : 2.089e+10 (less than 1 second per iteration)
 Threads    : 5

                  Objective                Residual
Iter       Primal          Dual         Primal    Dual     Compl     Time
   0   1.91324225e+09 -2.21856109e+09  2.30e+07 9.00e+00  7.28e+04  1011s
   1   1.49992810e+09 -2.22848850e+09  1.80e+07 2.16e+01  5.82e+04  1012s
   2   9.83683098e+08 -2.23365926e+09  1.19e+07 6.57e+00  3.79e+04  1014s
   3   7.51083341e+08 -2.17537143e+09  9.05e+06 6.83e-01  2.81e+04  1015s
   4   3.17975575e+08 -2.04080837e+09  3.83e+06 7.07e-10  1.20e+04  1016s
   5   1.49082589e+08 -1.80255611e+09  1.79e+06 1.37e-09  5.65e+03  1017s
   6   6.84924375e+07 -1.47976206e+09  8.21e+05 1.36e-09  2.64e+03  1018s
   7   3.44865534e+07 -1.13839407e+09  4.10e+05 6.55e-10  1.35e+03  1019s
   8   2.72753238e+07 -8.60811272e+08  3.23e+05 9.17e-10  9.69e+02  1020s
   9   2.39590511e+07 -6.88383250e+08  2.84e+05 5.25e-10  7.85e+02  1021s
  10   1.63329653e+07 -4.27643929e+08  1.93e+05 7.53e-10  4.99e+02  1022s
  11   6.97496388e+06 -1.10187539e+08  8.24e+04 1.14e-09  1.81e+02  1023s
  12   4.49822207e+06 -4.93054015e+07  5.29e+04 1.93e-09  1.06e+02  1024s
  13   3.17040767e+06 -3.33416278e+07  3.71e+04 2.44e-09  7.36e+01  1026s
  14   1.85188981e+06 -2.31297396e+07  2.16e+04 1.99e-09  4.39e+01  1027s
  15   1.21781422e+06 -1.68453790e+07  1.41e+04 1.06e-09  2.93e+01  1028s
  16   7.50188519e+05 -1.00282108e+07  8.69e+03 4.57e-10  1.77e+01  1029s
  17   4.80486910e+05 -6.50560324e+06  5.56e+03 3.05e-10  1.12e+01  1030s
  18   3.02123383e+05 -4.69079328e+06  3.49e+03 1.64e-10  7.20e+00  1031s
  19   2.21250417e+05 -3.16992479e+06  2.56e+03 9.42e-11  5.08e+00  1032s
  20   1.59164574e+05 -2.59397680e+06  1.84e+03 7.67e-11  3.75e+00  1033s
  21   1.31728707e+05 -2.45116145e+06  1.52e+03 7.20e-11  3.22e+00  1034s
  22   1.13177226e+05 -2.02713776e+06  1.30e+03 1.80e-10  2.70e+00  1036s
  23   6.47177023e+04 -1.48636255e+06  7.34e+02 2.23e-10  1.65e+00  1037s
  24   4.66015694e+04 -1.27924132e+06  5.21e+02 1.91e-10  1.25e+00  1038s
  25   3.46204281e+04 -8.69858936e+05  3.80e+02 1.28e-10  8.62e-01  1040s
  26   2.14412290e+04 -5.86473101e+05  2.24e+02 6.65e-11  5.20e-01  1041s
  27   1.46340164e+04 -4.65528658e+05  1.44e+02 4.33e-11  3.61e-01  1042s
  28   1.19150948e+04 -3.17878179e+05  1.13e+02 2.93e-11  2.53e-01  1044s
  29   1.14233398e+04 -2.91660167e+05  1.07e+02 2.70e-11  2.36e-01  1045s
  30   1.06143420e+04 -2.78657760e+05  9.75e+01 2.58e-11  2.20e-01  1046s
  31   9.80705186e+03 -2.20962487e+05  8.80e+01 2.09e-11  1.87e-01  1047s
  32   8.73009240e+03 -1.78957630e+05  7.49e+01 1.76e-11  1.57e-01  1049s
  33   8.27695929e+03 -1.47375180e+05  6.88e+01 1.45e-11  1.38e-01  1050s
  34   7.98397143e+03 -1.17779575e+05  6.40e+01 1.10e-11  1.16e-01  1052s
  35   7.42778661e+03 -9.87287688e+04  5.57e+01 8.74e-12  9.63e-02  1053s
  36   6.94726444e+03 -7.79062776e+04  4.77e+01 6.24e-12  7.65e-02  1055s
  37   5.67319292e+03 -4.45752735e+04  2.53e+01 2.50e-12  3.91e-02  1056s
  38   4.84301625e+03 -3.11975761e+04  1.39e+01 1.44e-12  2.30e-02  1057s
  39   4.41882353e+03 -2.21329174e+04  9.15e+00 9.37e-13  1.49e-02  1059s
  40   4.38857951e+03 -1.86249768e+04  8.87e+00 7.88e-13  1.29e-02  1060s
  41   4.08716264e+03 -1.50342771e+04  6.27e+00 6.08e-13  9.89e-03  1061s
  42   3.98112012e+03 -1.24616491e+04  5.51e+00 5.09e-13  8.30e-03  2036s
  43   3.70664538e+03 -8.05935660e+03  3.77e+00 3.56e-13  5.56e-03  2037s
  44   3.43102188e+03 -6.14750178e+03  2.52e+00 3.65e-13  4.32e-03  2038s
  45   3.21084510e+03 -3.50574250e+03  1.82e+00 2.62e-13  2.95e-03  2040s
  46   2.98594373e+03 -2.52774934e+03  1.23e+00 2.69e-13  2.36e-03  2041s
  47   2.87398814e+03 -1.54169643e+03  1.05e+00 2.41e-13  1.88e-03  2042s
  48   2.78428027e+03 -1.04479943e+03  9.08e-01 2.20e-13  1.62e-03  2044s
  49   2.63959911e+03 -6.87446563e+02  7.21e-01 2.10e-13  1.40e-03  2045s
  50   2.55028217e+03 -3.62391017e+02  6.37e-01 2.00e-13  1.22e-03  2046s
  51   2.41176043e+03 -1.60563562e+02  5.28e-01 1.90e-13  1.07e-03  2048s
  52   2.30125954e+03  6.61624319e+01  4.60e-01 1.56e-13  9.29e-04  2049s
  53   2.17095615e+03  2.76821254e+02  3.94e-01 1.36e-13  7.85e-04  2050s
  54   2.11241080e+03  3.96883373e+02  3.66e-01 1.42e-13  7.11e-04  2052s
  55   2.03014443e+03  5.03884819e+02  3.29e-01 1.67e-13  6.32e-04  2053s
  56   1.97694839e+03  6.18001767e+02  3.08e-01 1.65e-13  5.63e-04  2054s
  57   1.94282226e+03  6.95420883e+02  2.96e-01 1.73e-13  5.17e-04  2056s
  58   1.81036190e+03  7.40772744e+02  2.48e-01 1.78e-13  4.43e-04  2057s
  59   1.74404665e+03  7.85846969e+02  2.25e-01 1.60e-13  3.97e-04  2059s
  60   1.55841717e+03  8.85469003e+02  1.63e-01 1.29e-13  2.79e-04  2060s
  61   1.37982938e+03  9.69088729e+02  1.04e-01 1.16e-13  1.70e-04  2061s
  62   1.15931567e+03  1.00289125e+03  3.11e-02 1.11e-13  6.45e-05  2063s
  63   1.07871180e+03  1.03283501e+03  7.10e-03 8.89e-14  1.88e-05  2064s
  64   1.05334938e+03  1.05120982e+03  2.09e-04 1.01e-13  8.72e-07  2065s
  65   1.05200014e+03  1.05199992e+03  1.83e-08 1.03e-13  9.07e-11  2066s
  66   1.05200000e+03  1.05200000e+03  1.07e-12 1.03e-13  1.92e-15  2067s

Barrier solved model in 66 iterations and 2067.02 seconds (293.14 work units)
Optimal objective 1.05200000e+03


Root crossover log...

   28568 DPushes remaining with DInf 0.0000000e+00              2067s
       0 DPushes remaining with DInf 0.0000000e+00              2067s

    5043 PPushes remaining with PInf 0.0000000e+00              2067s
       0 PPushes remaining with PInf 0.0000000e+00              2068s

  Push phase complete: Pinf 0.0000000e+00, Dinf 1.9453883e-13   2068s


Root simplex log...

Iteration    Objective       Primal Inf.    Dual Inf.      Time
   33575    1.0520000e+03   0.000000e+00   0.000000e+00   2068s
Concurrent spin time: 3.22s

Solved with barrier
   33575    1.0520000e+03   0.000000e+00   0.000000e+00   2071s

Root relaxation: objective 1.052000e+03, 33575 iterations, 1067.95 seconds (105.08 work units)
Total elapsed time = 2076.94s (DegenMoves)

    Nodes    |    Current Node    |     Objective Bounds      |     Work
 Expl Unexpl |  Obj  Depth IntInf | Incumbent    BestBd   Gap | It/Node Time

     0     0 1052.00000    0   94          - 1052.00000      -     - 2079s
     0     0 1052.00000    0  404          - 1052.00000      -     - 2086s
     0     0 1052.00000    0  423          - 1052.00000      -     - 2124s
     0     0 1088.00000    0   28          - 1088.00000      -     - 2934s
H    0     0                    1148.0000000 1088.00000  5.23%     - 2936s
H    0     0                    1130.0000000 1088.00000  3.72%     - 2937s
     0     0 1088.00000    0  117 1130.00000 1088.00000  3.72%     - 2938s
H    0     0                    1092.0000000 1088.00000  0.37%     - 2946s
     0     0 1088.00000    0   43 1092.00000 1088.00000  0.37%     - 2946s
     0     0 1088.00000    0  148 1092.00000 1088.00000  0.37%     - 2947s
     0     0     cutoff    0      1092.00000 1092.00000  0.00%     - 2947s

Explored 1 nodes (156579 simplex iterations) in 2947.57 seconds (798.77 work units)
Thread count was 8 (of 8 available processors)

Solution count 3: 1092 1130 1148 

Optimal solution found (tolerance 1.00e-04)
Best objective 1.092000000000e+03, best bound 1.092000000000e+03, gap 0.0000%
