
Gurobi 11.0.1 (mac64[arm]) logging started Fri May 24 19:16:00 2024

Set parameter LogFile to value "logs_new/salida_modelo_caminos_280_567.log"
Set parameter TimeLimit to value 7200
Gurobi Optimizer version 11.0.1 build v11.0.1rc0 (mac64[arm] - Darwin 23.4.0 23E224)

CPU model: Apple M2
Thread count: 8 physical cores, 8 logical processors, using up to 8 threads

Optimize a model with 533 rows, 1420 columns and 5734 nonzeros
Coefficient statistics:
  Matrix range     [1e+00, 1e+00]
  Objective range  [2e+00, 1e+10]
  Bounds range     [0e+00, 0e+00]
  RHS range        [1e+00, 2e+02]
Warning: Model contains large objective coefficients
         Consider reformulating model or setting NumericFocus parameter
         to avoid numerical issues.

Solved in 0 iterations and 0.00 seconds (0.00 work units)
Optimal objective  1.092000000e+03
Gurobi Optimizer version 11.0.1 build v11.0.1rc0 (mac64[arm] - Darwin 23.4.0 23E224)

CPU model: Apple M2
Thread count: 8 physical cores, 8 logical processors, using up to 8 threads

Optimize a model with 533 rows, 1420 columns and 5734 nonzeros
Model fingerprint: 0xf96cc1fb
Variable types: 0 continuous, 1420 integer (1420 binary)
Coefficient statistics:
  Matrix range     [1e+00, 1e+00]
  Objective range  [2e+00, 1e+10]
  Bounds range     [0e+00, 0e+00]
  RHS range        [1e+00, 2e+02]
Warning: Model contains large objective coefficients
         Consider reformulating model or setting NumericFocus parameter
         to avoid numerical issues.
Found heuristic solution: objective 2.800000e+12
Presolve removed 250 rows and 0 columns
Presolve time: 0.01s
Presolved: 283 rows, 1420 columns, 5559 nonzeros
Variable types: 0 continuous, 1420 integer (1420 binary)
Found heuristic solution: objective 2.750000e+12

Root relaxation: objective 1.092000e+03, 1489 iterations, 0.04 seconds (0.07 work units)

    Nodes    |    Current Node    |     Objective Bounds      |     Work
 Expl Unexpl |  Obj  Depth IntInf | Incumbent    BestBd   Gap | It/Node Time

     0     0 1092.00000    0  225 2.7500e+12 1092.00000   100%     -    0s
H    0     0                    3.600000e+11 1092.00000   100%     -    0s
H    0     0                    3.000000e+11 1092.00000   100%     -    0s
H    0     0                    1.800000e+11 1092.00000   100%     -    0s
H    0     0                    1.600000e+11 1092.00000   100%     -    0s
H    0     0                    1.500000e+11 1092.86907   100%     -    0s
     0     0 1092.86907    0  248 1.5000e+11 1092.86907   100%     -    0s
H    0     0                    1.300000e+11 1092.86907   100%     -    0s
     0     0 1093.83653    0  234 1.3000e+11 1093.83653   100%     -    0s
     0     0 1093.83653    0  234 1.3000e+11 1093.83653   100%     -    0s
     0     2 1093.83954    0  234 1.3000e+11 1093.83954   100%     -    0s
H   32    40                    1.000000e+11 1097.17370   100%  94.4    0s
H   78    92                    9.000000e+10 1099.68789   100%  81.3    0s
H  122   132                    9.000000e+10 1099.83180   100%  85.0    0s
H  166   172                    8.000000e+10 1099.83180   100%  79.8    0s
H  167   172                    6.000000e+10 1099.83180   100%  80.5    0s
H  197   213                    5.999999e+10 1099.83180   100%  75.9    1s
H  199   213                    5.999999e+10 1099.83180   100%  75.7    1s
H  218   223                    5.000000e+10 1099.83180   100%  74.4    1s
H 1010   989                    4.000000e+10 1099.83180   100%  53.5    2s
H 1023   989                    4.000000e+10 1099.83180   100%  53.1    2s
H 1826  1581                    3.999999e+10 1099.84600   100%  53.0    4s
  2158  1796 2.0036e+10   62  174 4.0000e+10 1099.84600   100%  53.1    5s
H 2414  1833                    3.999998e+10 1099.84600   100%  52.9    5s
  5210  3421 1.3052e+09   35  232 4.0000e+10 1100.62185   100%  57.7   10s
H 6694  4417                    3.999998e+10 1101.64376   100%  59.2   12s
H 6696  4417                    3.999998e+10 1101.64376   100%  59.2   12s
H 6698  4081                    3.000000e+10 1101.64376   100%  59.2   12s
  9201  6420 7.3218e+09   85  218 3.0000e+10 1103.47034   100%  59.7   15s
H 9561  6639                    3.000000e+10 1104.25691   100%  59.8   15s
H 9984  6207                    2.000000e+10 1104.25691   100%  59.8   15s
H10349  6534                    2.000000e+10 1105.15737   100%  59.6   16s
H11344  7138                    2.000000e+10 1105.25322   100%  59.4   19s
 11415  7283 4.1147e+09   43  222 2.0000e+10 1105.25322   100%  59.4   20s
H12510  8269                    2.000000e+10 1105.55932   100%  59.0   21s
H12651  8269                    1.999999e+10 1105.55932   100%  59.1   21s
 15809 11419 1.2289e+10   59  215 2.0000e+10 1107.22540   100%  58.6   25s
*16973  9419              97    1.000000e+10 1107.45147   100%  58.5   26s
 22160 13456 1144.94494   32  232 1.0000e+10 1109.40136   100%  61.3   30s
 27840 17506 1158.21060   32  214 1.0000e+10 1111.12560   100%  63.1   35s
 29830 18422 1161.05498   39  234 1.0000e+10 1111.64779   100%  63.3   42s
 29846 18433 1.3956e+09   47  278 1.0000e+10 1111.64779   100%  63.3   45s
 30767 18867 1118.80472   37  231 1.0000e+10 1111.64779   100%  63.8   50s
 32414 19610 9.3833e+08   58  210 1.0000e+10 1111.64779   100%  64.5   55s
 36411 21467 3.2589e+09   50  225 1.0000e+10 1111.64779   100%  66.1   60s
 40724 23339 1.7941e+09   49  230 1.0000e+10 1111.64779   100%  67.4   65s
 44679 24799 1182.77023   43  224 1.0000e+10 1112.54722   100%  68.7   70s
 50220 27170 4.1285e+09   64  191 1.0000e+10 1114.00850   100%  70.1   75s
 56704 29499 1199.88235   47  174 1.0000e+10 1115.62775   100%  71.0   80s
 62533 31708 infeasible   71      1.0000e+10 1116.70159   100%  71.6   85s
 70356 34757 1153.30830   41  196 1.0000e+10 1117.98184   100%  72.3   90s
 75915 37047 5.7803e+09   79  218 1.0000e+10 1118.64014   100%  72.5   95s
 83411 39221 2.5112e+09   51  221 1.0000e+10 1119.48075   100%  72.9  102s
 86559 41194 1173.70563   41  209 1.0000e+10 1119.82600   100%  73.1  105s
 94256 46324     cutoff   53      1.0000e+10 1120.71115   100%  73.2  110s
 102172 51901     cutoff   54      1.0000e+10 1121.40161   100%  73.4  115s
 109995 58073 1.2148e+09   44  225 1.0000e+10 1122.05198   100%  73.3  120s
 118403 64000 infeasible   82      1.0000e+10 1122.57070   100%  73.5  125s
 128975 71062 6.4416e+08   53  216 1.0000e+10 1123.27597   100%  73.6  130s
 137866 77785 7.2820e+08   51  221 1.0000e+10 1123.86201   100%  73.6  135s
 145005 82491 1152.35637   43  224 1.0000e+10 1124.29880   100%  73.9  140s
 154323 88516 1157.56256   48  207 1.0000e+10 1124.82315   100%  73.9  146s
 160318 93250 5.6250e+09   64  177 1.0000e+10 1125.18983   100%  73.9  150s
 169011 98972 4.2596e+09   72  160 1.0000e+10 1125.67384   100%  74.1  155s
 176478 103845 3.7992e+08   52  213 1.0000e+10 1126.05262   100%  74.5  160s
 178608 109989 1.4940e+09   49  214 1.0000e+10 1126.14299   100%  74.4  165s
 189714 112723 1153.89632   38  207 1.0000e+10 1126.65471   100%  74.7  170s
 199233 119079 1152.64381   41  199 1.0000e+10 1127.04468   100%  74.7  175s
 207968 125234 1141.47694   45  222 1.0000e+10 1127.39328   100%  74.8  180s
*209045 54404              56    1196.0000000 1127.45072  5.73%  74.8  180s
H210456 52766                    1192.0000000 1127.51527  5.41%  74.8  181s
 219480 55808 1148.40654   42  200 1192.00000 1128.19183  5.35%  74.3  185s
 224665 57207 1176.86825   59  209 1192.00000 1128.51458  5.33%  74.0  190s
 229962 58550 1139.59368   53  208 1192.00000 1128.51458  5.33%  73.6  195s
 242420 60019 1180.72482   62  192 1192.00000 1128.51458  5.33%  72.6  200s
 253649 60859 1151.52263   54  204 1192.00000 1128.51458  5.33%  71.7  205s
 266667 61354 1150.85460   50  226 1192.00000 1128.51458  5.33%  70.8  210s
 280222 61566 1183.94435   50  211 1192.00000 1128.51458  5.33%  69.9  215s
 292381 61319 1152.73781   51  218 1192.00000 1128.51458  5.33%  69.1  220s
 306150 60688 1152.00747   54  217 1192.00000 1128.97788  5.29%  68.3  225s
 319872 59793 1165.73896   49  183 1192.00000 1130.30767  5.18%  67.6  230s
 331129 59118 1149.19524   54  219 1192.00000 1131.24440  5.10%  67.0  235s
 345148 58185 1148.27662   47  224 1192.00000 1132.44617  5.00%  66.3  240s
*347431 49001              60    1170.0000000 1132.61039  3.20%  66.2  240s
H347846 43546                    1166.0000000 1132.66315  2.86%  66.2  241s
 361296 40417 1138.61656   51  228 1166.00000 1134.04459  2.74%  65.5  245s
 376896 36454     cutoff   59      1166.00000 1135.46073  2.62%  64.7  250s
 393604 36876 1158.33573   54  196 1166.00000 1136.85666  2.50%  63.8  255s
 409541 37477 1143.19477   54  213 1166.00000 1138.13865  2.39%  63.1  260s
 426565 37535     cutoff   53      1166.00000 1139.54752  2.27%  62.3  265s
 443056 37225     cutoff   51      1166.00000 1140.82661  2.16%  61.6  270s
 457650 36636 1156.96802   57  213 1166.00000 1141.92503  2.06%  61.1  275s
 472260 35600     cutoff   53      1166.00000 1143.04499  1.97%  60.6  280s
 487465 34202 1164.86943   59  187 1166.00000 1144.22685  1.87%  60.2  285s
 501535 32453 1158.98867   58  220 1166.00000 1145.39400  1.77%  59.8  290s
 516488 30122     cutoff   60      1166.00000 1146.66102  1.66%  59.4  295s
 530327 27475 infeasible   58      1166.00000 1147.94698  1.55%  59.0  300s
 545085 24040     cutoff   55      1166.00000 1149.46174  1.42%  58.6  305s
 559390 19754 1156.08376   55  211 1166.00000 1151.27925  1.26%  58.2  310s
 574122 14137     cutoff   57      1166.00000 1153.78649  1.05%  57.8  315s
 591797  2885     cutoff   54      1166.00000 1160.98284  0.43%  57.1  320s

Cutting planes:
  Gomory: 7
  Clique: 3
  Zero half: 11

Explored 595977 nodes (33854214 simplex iterations) in 320.67 seconds (610.12 work units)
Thread count was 8 (of 8 available processors)

Solution count 10: 1166 1170 1192 ... 2e+10

Optimal solution found (tolerance 1.00e-04)
Best objective 1.166000000000e+03, best bound 1.166000000000e+03, gap 0.0000%
