
Gurobi 11.0.1 (mac64[arm]) logging started Fri May 24 05:43:17 2024

Set parameter LogFile to value "logs_new/salida_modelo_arcos_300_123.log"
Set parameter TimeLimit to value 7200
Gurobi Optimizer version 11.0.1 build v11.0.1rc0 (mac64[arm] - Darwin 23.4.0 23E224)

CPU model: Apple M2
Thread count: 8 physical cores, 8 logical processors, using up to 8 threads

Optimize a model with 2816075 rows, 2012370 columns and 12212941 nonzeros
Model fingerprint: 0x83ce3303
Variable types: 76053 continuous, 1936317 integer (1936317 binary)
Coefficient statistics:
  Matrix range     [1e-01, 2e+07]
  Objective range  [1e+00, 2e+01]
  Bounds range     [1e+00, 1e+02]
  RHS range        [1e+00, 2e+07]
Presolve removed 243882 rows and 79683 columns (presolve time = 5s) ...
Presolve removed 1369489 rows and 98322 columns (presolve time = 10s) ...
Presolve removed 1661652 rows and 116074 columns (presolve time = 15s) ...
Presolve removed 1833545 rows and 117405 columns (presolve time = 20s) ...
Presolve removed 1836117 rows and 118566 columns (presolve time = 25s) ...
Presolve removed 1836785 rows and 119525 columns (presolve time = 30s) ...
Presolve removed 1836785 rows and 119525 columns (presolve time = 35s) ...
Presolve removed 1836785 rows and 119525 columns (presolve time = 40s) ...
Presolve removed 1836785 rows and 119525 columns (presolve time = 45s) ...
Presolve removed 1836785 rows and 119525 columns (presolve time = 50s) ...
Presolve removed 1836785 rows and 119525 columns (presolve time = 55s) ...
Presolve removed 1836785 rows and 119525 columns (presolve time = 60s) ...
Presolve removed 1836785 rows and 119525 columns (presolve time = 66s) ...
Presolve removed 1836785 rows and 119525 columns (presolve time = 70s) ...
Presolve removed 1836785 rows and 119525 columns (presolve time = 75s) ...
Presolve removed 1836785 rows and 119525 columns (presolve time = 80s) ...
Presolve removed 1836785 rows and 119525 columns (presolve time = 85s) ...
Presolve removed 1836785 rows and 119525 columns (presolve time = 90s) ...
Presolve removed 1836785 rows and 119525 columns (presolve time = 95s) ...
Presolve removed 1836785 rows and 119525 columns (presolve time = 100s) ...
Presolve removed 1836785 rows and 119525 columns (presolve time = 105s) ...
Presolve removed 1836785 rows and 119525 columns (presolve time = 110s) ...
Presolve removed 1836785 rows and 119525 columns (presolve time = 115s) ...
Presolve removed 1836785 rows and 119525 columns (presolve time = 120s) ...
Presolve removed 1836785 rows and 119525 columns (presolve time = 125s) ...
Presolve removed 1836785 rows and 119525 columns (presolve time = 130s) ...
Presolve removed 1836785 rows and 119525 columns (presolve time = 135s) ...
Presolve removed 1836785 rows and 119525 columns (presolve time = 140s) ...
Presolve removed 1836785 rows and 119525 columns (presolve time = 145s) ...
Presolve removed 1836785 rows and 119525 columns (presolve time = 150s) ...
Presolve removed 1836785 rows and 119525 columns (presolve time = 155s) ...
Presolve removed 1836785 rows and 119525 columns (presolve time = 160s) ...
Presolve removed 1836785 rows and 119525 columns (presolve time = 165s) ...
Presolve removed 1836785 rows and 119525 columns (presolve time = 170s) ...
Presolve removed 1836785 rows and 119525 columns (presolve time = 175s) ...
Presolve removed 1836785 rows and 119525 columns (presolve time = 180s) ...
Presolve removed 1836785 rows and 119525 columns (presolve time = 185s) ...
Presolve removed 1836785 rows and 119525 columns (presolve time = 190s) ...
Presolve removed 1836785 rows and 119525 columns (presolve time = 195s) ...
Presolve removed 1836785 rows and 119525 columns (presolve time = 200s) ...
Presolve removed 1836785 rows and 119525 columns (presolve time = 205s) ...
Presolve removed 1836785 rows and 119525 columns (presolve time = 210s) ...
Presolve removed 1836785 rows and 119525 columns (presolve time = 215s) ...
Presolve removed 1836785 rows and 119525 columns (presolve time = 220s) ...
Presolve removed 1836785 rows and 119525 columns (presolve time = 225s) ...
Presolve removed 1836785 rows and 119525 columns (presolve time = 230s) ...
Presolve removed 1836785 rows and 119525 columns (presolve time = 235s) ...
Presolve removed 1836785 rows and 119525 columns (presolve time = 240s) ...
Presolve removed 1836785 rows and 119525 columns (presolve time = 245s) ...
Presolve removed 1836785 rows and 119525 columns (presolve time = 250s) ...
Presolve removed 1836785 rows and 119525 columns (presolve time = 255s) ...
Presolve removed 1836785 rows and 119525 columns (presolve time = 260s) ...
Presolve removed 1836785 rows and 119525 columns (presolve time = 265s) ...
Presolve removed 1836785 rows and 119525 columns (presolve time = 270s) ...
Presolve removed 1836785 rows and 119525 columns (presolve time = 275s) ...
Presolve removed 1836785 rows and 119525 columns (presolve time = 280s) ...
Presolve removed 1836785 rows and 119525 columns (presolve time = 285s) ...
Presolve removed 1836785 rows and 119525 columns (presolve time = 290s) ...
Presolve removed 1836785 rows and 119525 columns (presolve time = 295s) ...
Presolve removed 1836785 rows and 119525 columns (presolve time = 300s) ...
Presolve removed 1836785 rows and 119525 columns (presolve time = 305s) ...
Presolve removed 1836785 rows and 119525 columns (presolve time = 310s) ...
Presolve removed 1836785 rows and 119525 columns (presolve time = 315s) ...
Presolve removed 1836785 rows and 119525 columns (presolve time = 320s) ...
Presolve removed 1836785 rows and 119525 columns (presolve time = 325s) ...
Presolve removed 1836785 rows and 119525 columns (presolve time = 330s) ...
Presolve removed 1836785 rows and 119525 columns (presolve time = 335s) ...
Presolve removed 1836785 rows and 119525 columns (presolve time = 340s) ...
Presolve removed 1836785 rows and 119525 columns (presolve time = 345s) ...
Presolve removed 1836785 rows and 119525 columns (presolve time = 350s) ...
Presolve removed 1836785 rows and 119525 columns (presolve time = 355s) ...
Presolve removed 1836785 rows and 119525 columns (presolve time = 360s) ...
Presolve removed 1836785 rows and 119525 columns (presolve time = 365s) ...
Presolve removed 1836785 rows and 119525 columns (presolve time = 370s) ...
Presolve removed 1836785 rows and 119525 columns (presolve time = 375s) ...
Presolve removed 1836785 rows and 119525 columns (presolve time = 380s) ...
Presolve removed 1836785 rows and 119525 columns (presolve time = 385s) ...
Presolve removed 1836785 rows and 119525 columns (presolve time = 390s) ...
Presolve removed 1836785 rows and 119525 columns (presolve time = 395s) ...
Presolve removed 1836785 rows and 744724 columns (presolve time = 401s) ...
Presolve removed 2267040 rows and 760993 columns (presolve time = 405s) ...
Presolve removed 2267038 rows and 760991 columns
Presolve time: 405.04s
Presolved: 549037 rows, 1251379 columns, 4366431 nonzeros
Variable types: 0 continuous, 1251379 integer (1242467 binary)
Deterministic concurrent LP optimizer: primal simplex, dual simplex, and barrier
Showing barrier log only...

Root barrier log...

Elapsed ordering time = 5s
Elapsed ordering time = 10s
Ordering time: 14.09s

Barrier statistics:
 Dense cols : 148
 AA' NZ     : 1.508e+07
 Factor NZ  : 8.505e+07 (roughly 1.4 GB of memory)
 Factor Ops : 2.569e+10 (roughly 1 second per iteration)
 Threads    : 5

                  Objective                Residual
Iter       Primal          Dual         Primal    Dual     Compl     Time
   0   9.12021986e+08 -6.01693741e+08  3.99e+06 3.00e+00  1.03e+04   481s
   1   6.87060286e+08 -5.95155802e+08  3.01e+06 1.10e+01  7.53e+03   484s
   2   5.06896582e+08 -5.87010830e+08  2.23e+06 5.34e+00  5.52e+03   489s
   3   2.94893128e+08 -5.73822870e+08  1.29e+06 1.52e+00  3.28e+03   495s
   4   1.14180086e+08 -5.16456540e+08  5.00e+05 7.60e-10  1.32e+03   501s
   5   5.74671302e+07 -4.00974714e+08  2.50e+05 1.95e-09  6.35e+02   504s
   6   2.53904558e+07 -2.38088040e+08  1.09e+05 2.74e-09  2.55e+02   510s
   7   1.12425867e+07 -1.28940662e+08  4.76e+04 3.56e-09  1.11e+02   514s
   8   6.85535238e+06 -6.89373182e+07  2.88e+04 1.36e-09  6.11e+01   519s
   9   4.69061594e+06 -4.35771969e+07  1.96e+04 5.13e-10  4.01e+01   525s
  10   3.33063543e+06 -3.24236414e+07  1.38e+04 4.71e-10  2.90e+01   530s
  11   2.64045908e+06 -2.61647253e+07  1.10e+04 6.40e-10  2.32e+01   534s
  12   2.08899828e+06 -2.11755239e+07  8.66e+03 3.42e-10  1.85e+01   536s
  13   1.52559402e+06 -1.58368400e+07  6.31e+03 1.25e-10  1.37e+01   541s
  14   1.26663877e+06 -1.29221421e+07  5.23e+03 4.63e-11  1.12e+01   548s
  15   8.94323253e+05 -7.82185336e+06  3.69e+03 7.92e-11  7.55e+00   553s
  16   5.45787846e+05 -4.42452419e+06  2.25e+03 4.22e-11  4.53e+00   558s
  17   2.59473705e+05 -3.12770614e+06  1.06e+03 2.59e-11  2.50e+00   564s
  18   1.95220393e+05 -1.92707006e+06  7.96e+02 7.84e-12  1.73e+00   567s
  19   9.24491186e+04 -1.17990027e+06  3.70e+02 9.78e-12  8.97e-01   571s
  20   6.72787910e+04 -7.32540089e+05  2.66e+02 3.69e-12  6.03e-01   578s
  21   5.14333002e+04 -5.14254106e+05  2.01e+02 3.24e-12  4.38e-01   584s
  22   3.94854942e+04 -4.02114279e+05  1.51e+02 2.56e-12  3.33e-01   588s
  23   3.13893411e+04 -3.02425922e+05  1.18e+02 5.74e-12  2.52e-01   591s
  24   2.13521447e+04 -2.24812033e+05  7.62e+01 5.97e-13  1.70e-01   593s
  25   1.68127194e+04 -1.81131664e+05  5.72e+01 7.82e-13  1.30e-01   596s
  26   1.26537336e+04 -1.43122736e+05  3.97e+01 8.92e-12  9.48e-02   600s
  27   1.06652915e+04 -1.09227537e+05  3.11e+01 1.93e-12  7.24e-02   603s
  28   7.97897985e+03 -8.53017325e+04  1.96e+01 3.77e-13  5.10e-02   607s
  29   6.67206294e+03 -6.35442192e+04  1.37e+01 3.98e-12  3.70e-02   611s
  30   6.01388721e+03 -4.65302038e+04  1.08e+01 7.84e-12  2.79e-02   615s
  31   5.59228389e+03 -3.87177127e+04  8.88e+00 1.40e-11  2.32e-02   619s
  32   5.27317687e+03 -3.04277154e+04  7.94e+00 9.66e-12  1.94e-02   622s
  33   4.41733711e+03 -2.38512186e+04  5.17e+00 1.08e-11  1.42e-02   625s
  34   4.05945326e+03 -1.82750910e+04  4.13e+00 3.35e-12  1.11e-02   629s
  35   3.69197422e+03 -1.59978058e+04  3.06e+00 5.68e-13  9.17e-03   632s
  36   3.34296141e+03 -1.15008028e+04  2.10e+00 3.00e-13  6.59e-03   636s
  37   3.19331783e+03 -8.64802567e+03  1.70e+00 2.60e-13  5.14e-03   639s
  38   2.98234222e+03 -6.16720209e+03  1.22e+00 2.05e-13  3.79e-03   642s
  39   2.76591846e+03 -4.49587122e+03  8.74e-01 2.52e-13  2.89e-03   645s
  40   2.57232350e+03 -3.54134096e+03  6.73e-01 2.42e-13  2.37e-03   649s
  41   2.44282905e+03 -2.82462079e+03  5.84e-01 2.31e-13  2.02e-03   653s
  42   2.33861642e+03 -2.21984659e+03  5.22e-01 2.16e-13  1.73e-03   656s
  43   2.25077047e+03 -1.81726119e+03  4.73e-01 2.09e-13  1.54e-03   660s
  44   2.13355300e+03 -1.30933162e+03  4.18e-01 2.21e-13  1.29e-03   672s
  45   1.97844439e+03 -9.80998578e+02  3.44e-01 2.16e-13  1.10e-03   677s
  46   1.95958444e+03 -6.91531142e+02  3.36e-01 2.78e-13  9.86e-04   682s
  47   1.81091363e+03 -5.60457508e+02  2.76e-01 3.04e-13  8.72e-04   687s
  48   1.74760676e+03 -4.82679354e+02  2.54e-01 3.21e-13  8.17e-04   696s
  49   1.62113325e+03 -2.37398654e+02  2.08e-01 3.72e-13  6.76e-04   702s
  50   1.54997882e+03 -1.86706242e+02  1.85e-01 3.74e-13  6.29e-04   705s
  51   1.42143227e+03 -5.50676223e+01  1.49e-01 3.79e-13  5.31e-04   711s
  52   1.39590217e+03  1.20104566e+02  1.42e-01 3.59e-13  4.61e-04   716s
  53   1.27498356e+03  1.58564472e+02  1.11e-01 3.50e-13  4.00e-04   729s
  54   1.22930816e+03  2.93668330e+02  9.91e-02 3.06e-13  3.36e-04   735s
  55   1.10714667e+03  3.88195124e+02  7.00e-02 2.62e-13  2.56e-04   742s
  56   1.03393203e+03  4.38175921e+02  5.28e-02 2.34e-13  2.11e-04   751s
  57   1.00008096e+03  5.61376145e+02  4.49e-02 2.19e-13  1.56e-04   756s
  58   9.27049238e+02  6.15276678e+02  2.81e-02 1.56e-13  1.10e-04   760s
  59   9.09623123e+02  6.40575433e+02  2.44e-02 1.53e-13  9.52e-05   764s
  60   8.87354735e+02  6.68502822e+02  1.94e-02 1.63e-13  7.73e-05   767s
  61   8.60440854e+02  7.15925001e+02  1.36e-02 1.30e-13  5.12e-05   777s
  62   8.03352273e+02  7.74440842e+02  1.63e-03 1.14e-13  9.99e-06   782s
  63   7.93414116e+02  7.92513595e+02  1.87e-05 1.14e-13  3.04e-07   788s
  64   7.93000431e+02  7.92999509e+02  1.72e-11 1.07e-13  3.06e-10   791s
  65   7.93000000e+02  7.92999999e+02  1.02e-12 1.10e-13  3.06e-13   795s

Barrier solved model in 65 iterations and 795.06 seconds (742.43 work units)
Optimal objective 7.93000000e+02


Root crossover log...

   24414 DPushes remaining with DInf 0.0000000e+00               796s
       0 DPushes remaining with DInf 0.0000000e+00               796s

   12415 PPushes remaining with PInf 0.0000000e+00               797s
       0 PPushes remaining with PInf 0.0000000e+00               799s

  Push phase complete: Pinf 0.0000000e+00, Dinf 1.4934581e-12    799s


Root simplex log...

Iteration    Objective       Primal Inf.    Dual Inf.      Time
   36727    7.9300000e+02   0.000000e+00   0.000000e+00    799s
Concurrent spin time: 2.31s

Solved with dual simplex

Root simplex log...

Iteration    Objective       Primal Inf.    Dual Inf.      Time
   30804    7.9300000e+02   0.000000e+00   0.000000e+00    802s

Root relaxation: objective 7.930000e+02, 30804 iterations, 344.51 seconds (129.18 work units)
Total elapsed time = 801.92s (DegenMoves)
Total elapsed time = 813.59s (DegenMoves)
Total elapsed time = 824.79s (DegenMoves)
Total elapsed time = 828.96s (DegenMoves)
Total elapsed time = 830.67s (DegenMoves)

    Nodes    |    Current Node    |     Objective Bounds      |     Work
 Expl Unexpl |  Obj  Depth IntInf | Incumbent    BestBd   Gap | It/Node Time

     0     0  793.00000    0   86          -  793.00000      -     -  833s
     0     0  793.00000    0  635          -  793.00000      -     -  894s
     0     0  795.00000    0  676          -  795.00000      -     -  956s
     0     0  797.00000    0  748          -  797.00000      -     -  998s
     0     0  801.00000    0  721          -  801.00000      -     - 1043s
     0     0  801.03734    0  718          -  801.03734      -     - 1077s
     0     0  803.00000    0  708          -  803.00000      -     - 1116s
     0     0  807.00000    0  824          -  807.00000      -     - 1177s
     0     0  807.00000    0  813          -  807.00000      -     - 1230s
     0     0  809.00000    0  751          -  809.00000      -     - 1287s
     0     0  811.00000    0  796          -  811.00000      -     - 1342s
H    0     0                    2213.0000000  811.00000  63.4%     - 2401s
     0     0  811.00000    0  817 2213.00000  811.00000  63.4%     - 3043s
     0     0  811.00000    0  789 2213.00000  811.00000  63.4%     - 3091s
     0     0  811.00000    0  765 2213.00000  811.00000  63.4%     - 3117s
     0     0  813.00000    0  728 2213.00000  813.00000  63.3%     - 3138s
     0     0  813.00000    0  734 2213.00000  813.00000  63.3%     - 3169s
     0     0  815.00000    0  737 2213.00000  815.00000  63.2%     - 3209s
     0     0  815.00000    0  673 2213.00000  815.00000  63.2%     - 3236s
     0     0  815.00000    0  693 2213.00000  815.00000  63.2%     - 3268s
     0     0  815.00000    0  728 2213.00000  815.00000  63.2%     - 3298s
     0     0  815.00000    0  686 2213.00000  815.00000  63.2%     - 3340s
     0     0  815.00000    0  701 2213.00000  815.00000  63.2%     - 3370s
H    0     0                    2207.0000000  815.00000  63.1%     - 3377s
H    0     0                     819.0000000  815.00000  0.49%     - 3481s
     0     0  815.00000    0  526  819.00000  815.00000  0.49%     - 3484s
     0     0  817.00000    0  554  819.00000  817.00000  0.24%     - 3485s
     0     0  817.00000    0  452  819.00000  817.00000  0.24%     - 3487s
     0     0  817.00000    0  390  819.00000  817.00000  0.24%     - 3489s
     0     0  817.00000    0  378  819.00000  817.00000  0.24%     - 3490s
     0     0  817.00000    0  412  819.00000  817.00000  0.24%     - 3492s
     0     0  817.00000    0  369  819.00000  817.00000  0.24%     - 3493s
     0     0  817.00000    0  289  819.00000  817.00000  0.24%     - 3494s
     0     0 infeasible    0       819.00000  819.00000  0.00%     - 3494s

Cutting planes:
  Learned: 272
  Cover: 1
  Implied bound: 40
  Clique: 1
  MIR: 34
  StrongCG: 23
  RLT: 41
  Relax-and-lift: 91
  BQP: 3
  PSD: 4

Explored 1 nodes (220789 simplex iterations) in 3495.05 seconds (2853.30 work units)
Thread count was 8 (of 8 available processors)

Solution count 3: 819 2207 2213 

Optimal solution found (tolerance 1.00e-04)
Best objective 8.190000000000e+02, best bound 8.190000000000e+02, gap 0.0000%
