
Gurobi 11.0.1 (mac64[arm]) logging started Wed May 22 07:56:04 2024

Set parameter LogFile to value "logs_new/salida_modelo_caminos_280_123.log"
Set parameter TimeLimit to value 7200
Gurobi Optimizer version 11.0.1 build v11.0.1rc0 (mac64[arm] - Darwin 23.4.0 23E224)

CPU model: Apple M2
Thread count: 8 physical cores, 8 logical processors, using up to 8 threads

Optimize a model with 533 rows, 1857 columns and 10336 nonzeros
Coefficient statistics:
  Matrix range     [1e+00, 1e+00]
  Objective range  [2e+00, 1e+10]
  Bounds range     [0e+00, 0e+00]
  RHS range        [1e+00, 2e+02]
Warning: Model contains large objective coefficients
         Consider reformulating model or setting NumericFocus parameter
         to avoid numerical issues.

Solved in 0 iterations and 0.00 seconds (0.00 work units)
Optimal objective  7.990000000e+02
Gurobi Optimizer version 11.0.1 build v11.0.1rc0 (mac64[arm] - Darwin 23.4.0 23E224)

CPU model: Apple M2
Thread count: 8 physical cores, 8 logical processors, using up to 8 threads

Optimize a model with 533 rows, 1857 columns and 10336 nonzeros
Model fingerprint: 0x2f2e6755
Variable types: 0 continuous, 1857 integer (1857 binary)
Coefficient statistics:
  Matrix range     [1e+00, 1e+00]
  Objective range  [2e+00, 1e+10]
  Bounds range     [0e+00, 0e+00]
  RHS range        [1e+00, 2e+02]
Warning: Model contains large objective coefficients
         Consider reformulating model or setting NumericFocus parameter
         to avoid numerical issues.
Found heuristic solution: objective 2.800000e+12
Presolve removed 250 rows and 0 columns
Presolve time: 0.03s
Presolved: 283 rows, 1857 columns, 9940 nonzeros
Variable types: 0 continuous, 1857 integer (1857 binary)
Found heuristic solution: objective 2.780000e+12

Root relaxation: objective 7.990000e+02, 1749 iterations, 0.17 seconds (0.20 work units)

    Nodes    |    Current Node    |     Objective Bounds      |     Work
 Expl Unexpl |  Obj  Depth IntInf | Incumbent    BestBd   Gap | It/Node Time

     0     0  799.00000    0  240 2.7800e+12  799.00000   100%     -    0s
H    0     0                    9.100000e+11  799.00000   100%     -    0s
H    0     0                    5.600000e+11  799.00000   100%     -    0s
H    0     0                    4.300000e+11  799.00000   100%     -    0s
H    0     0                    3.900000e+11  799.00000   100%     -    0s
     0     0  799.00000    0  265 3.9000e+11  799.00000   100%     -    0s
H    0     0                    3.800000e+11  799.00000   100%     -    0s
H    0     0                    3.000000e+11  799.00000   100%     -    1s
     0     0  799.00000    0  255 3.0000e+11  799.00000   100%     -    1s
H    0     0                    2.600000e+11  799.00000   100%     -    1s
H    0     0                    2.400000e+11  799.00000   100%     -    1s
     0     0  799.00000    0  255 2.4000e+11  799.00000   100%     -    1s
     0     0  799.00000    0  257 2.4000e+11  799.00000   100%     -    1s
H    0     0                    2.200000e+11  799.00000   100%     -    1s
     0     0  799.00000    0  256 2.2000e+11  799.00000   100%     -    1s
     0     0  799.00000    0  245 2.2000e+11  799.00000   100%     -    1s
     0     0  799.00000    0  258 2.2000e+11  799.00000   100%     -    1s
     0     0  799.00000    0  249 2.2000e+11  799.00000   100%     -    1s
     0     0  799.00000    0  256 2.2000e+11  799.00000   100%     -    1s
     0     0  799.00000    0  247 2.2000e+11  799.00000   100%     -    2s
     0     0  799.00000    0  247 2.2000e+11  799.00000   100%     -    2s
     0     2  799.00000    0  247 2.2000e+11  799.00000   100%     -    2s
H   31    40                    2.100000e+11  799.00169   100%   225    2s
H   36    40                    2.100000e+11  799.00169   100%   206    2s
H   65    74                    1.900000e+11  799.02626   100%   178    3s
H   68    74                    1.900000e+11  799.02626   100%   175    3s
H   99   107                    1.800000e+11  799.02626   100%   168    4s
H  102   107                    1.700000e+11  799.02626   100%   167    4s
   106   115  802.94655   10  268 1.7000e+11  799.02626   100%   165    6s
   893   914 1.3544e+10   74  249 1.7000e+11  799.02626   100%   142   10s
  2090  1987  799.17774   12  254 1.7000e+11  799.17774   100%   127   15s
  2266  2111 3.7714e+09   27  240 1.7000e+11  799.17774   100%   129   20s
  2990  2559  833.54429   20  256 1.7000e+11  799.17774   100%   139   25s
  3538  2891 1.6665e+10   48  236 1.7000e+11  799.17774   100%   139   30s
  4436  3422  845.27112   33  250 1.7000e+11  799.22474   100%   143   35s
  5143  3705  810.21246   24  261 1.7000e+11  799.22801   100%   141   40s
  6070  4208 6.8067e+10   85  236 1.7000e+11  799.22801   100%   138   49s
  6286  4534  800.15504   15  268 1.7000e+11  800.10302   100%   138   50s
  8607  6025  849.71015   26  255 1.7000e+11  800.74103   100%   134   55s
 10524  7880 3.1586e+10   66  237 1.7000e+11  800.97339   100%   134   60s
 11672  9152  852.35370   26  251 1.7000e+11  801.38769   100%   132   68s
 12929  9568  836.88286   30  257 1.7000e+11  801.70970   100%   130   73s
 13509 10485 1.7588e+10   65  240 1.7000e+11  801.93119   100%   130   76s
 14051 10616  811.24546   21  265 1.7000e+11  801.93119   100%   129   82s
 14943 12545  836.35598   27  274 1.7000e+11  802.23380   100%   128   86s
 18086 14492  896.95226   26  239 1.7000e+11  802.59231   100%   126   90s
 20762 16839 1.1275e+11   89  239 1.7000e+11  802.99631   100%   123   95s
 22819 18315 2.0534e+10   58  234 1.7000e+11  803.07110   100%   124  100s
 25478 20916  811.82450   18  264 1.7000e+11  803.31080   100%   121  110s
 26061 20961 4.2050e+09   41  254 1.7000e+11  803.31080   100%   120  116s
 27516 23091 5.2320e+10   68  242 1.7000e+11  803.40995   100%   120  120s
 29783 25189 1.0624e+11   96  223 1.7000e+11  803.50903   100%   119  146s
 32200 26659 1.0698e+11  104  241 1.7000e+11  803.67732   100%   118  150s
 34507 28422 1.5176e+09   48  240 1.7000e+11  803.96793   100%   118  156s
 36683 30767 1.3041e+11  101  232 1.7000e+11  804.08798   100%   118  161s
 37381 30822 1.0384e+10   49  255 1.7000e+11  804.08798   100%   118  165s
 39969 34016  809.48529   20  273 1.7000e+11  804.25603   100%   117  170s
 42705 36086 1.4415e+11  105  212 1.7000e+11  804.48748   100%   117  175s
 45226 38935 1.0889e+09   39  251 1.7000e+11  804.70921   100%   117  182s
 46751 38991 infeasible   79      1.7000e+11  804.86873   100%   117  187s
 47578 39894 1.5329e+10   49  246 1.7000e+11  804.86873   100%   117  191s
H47878 39257                    1.600000e+11  804.86873   100%   117  191s
 49684 41535 7.0276e+10   70  238 1.6000e+11  804.99936   100%   117  196s
 51581 43369  851.11200   35  265 1.6000e+11  805.06251   100%   117  200s
 55464 45984  868.87715   29  250 1.6000e+11  805.15930   100%   117  209s
 55472 46474 8.3371e+09   30  255 1.6000e+11  805.20003   100%   117  210s
 58141 49052 9.0767e+10   75  235 1.6000e+11  805.33655   100%   117  215s
 60535 50397 4.7645e+10   68  252 1.6000e+11  805.47723   100%   117  221s
H60536 49071                    1.500000e+11  805.47723   100%   117  221s
 61737 50865 1.5510e+10   47  246 1.5000e+11  805.54433   100%   117  226s
 64263 52897     cutoff   99      1.5000e+11  805.63770   100%   117  230s
 65689 53640 2.0359e+10   50  250 1.5000e+11  805.68585   100%   117  235s
 67210 55658  855.71401   32  259 1.5000e+11  805.76206   100%   117  241s
 69099 57459 5.9002e+10   71  244 1.5000e+11  805.88830   100%   117  245s
 72960 60670 1.2664e+10   57  249 1.5000e+11  805.99711   100%   117  251s
 74944 62535 1.0950e+11   82  212 1.5000e+11  806.08270   100%   117  255s
 75975 62543 7.4988e+10   61  223 1.5000e+11  806.14098   100%   117  264s
 75983 63151 7.3456e+10   59  221 1.5000e+11  806.14390   100%   117  265s
 80263 66611  820.28209   26  252 1.5000e+11  806.31349   100%   117  271s
 81507 67954 1.0576e+09   32  248 1.5000e+11  806.37935   100%   117  275s
 84628 70834  881.13131   28  242 1.5000e+11  806.49103   100%   117  281s
 86914 72720  845.17976   37  260 1.5000e+11  806.54108   100%   117  286s
 88569 74616  828.09357   31  257 1.5000e+11  806.63520   100%   117  291s
 89850 75192 1.0091e+10   44  252 1.5000e+11  806.63520   100%   117  296s
 92120 76842 6.3880e+10   65  229 1.5000e+11  806.73617   100%   117  301s
 93247 78442 3.4693e+10   49  235 1.5000e+11  806.75413   100%   117  305s
 96438 80866 1.0288e+11   78  238 1.5000e+11  806.89448   100%   117  310s
 97093 80874 1.1527e+10   44  248 1.5000e+11  806.95711   100%   117  317s
 98725 82760  862.59230   37  256 1.5000e+11  806.98990   100%   117  321s
H98837 82760                    1.500000e+11  806.98990   100%   117  321s
 99860 84034  839.56996   30  258 1.5000e+11  806.99790   100%   117  325s
H99861 84034                    1.500000e+11  806.99790   100%   117  325s
 102269 86366 6.5947e+10   70  243 1.5000e+11  807.05609   100%   117  330s
 105025 88069 1.1262e+10   38  265 1.5000e+11  807.10978   100%   117  336s
 106365 89729  822.07540   29  273 1.5000e+11  807.20164   100%   117  340s
 108008 91460 8.9614e+09   46  242 1.5000e+11  807.25777   100%   117  353s
 109056 92039  837.63418   23  260 1.5000e+11  807.30553   100%   117  355s
 112090 95142 7.9203e+10   89  233 1.5000e+11  807.38356   100%   117  362s
 114071 96670  863.24292   24  248 1.5000e+11  807.41518   100%   117  366s
 115958 98177 2.7163e+10   62  240 1.5000e+11  807.45574   100%   117  371s
 117910 99153 1.3518e+11  115  226 1.5000e+11  807.49332   100%   117  378s
 117941 106240  825.12301   24  263 1.5000e+11  807.49485   100%   117  399s
 125949 106285 4.3238e+10   48  235 1.5000e+11  807.69133   100%   118  405s
 128220 109114  811.84594   24  263 1.5000e+11  807.79109   100%   118  411s
 130052 110803 2.3314e+10   53  254 1.5000e+11  807.84497   100%   118  415s
 132898 113501 1.3187e+10   32  252 1.5000e+11  807.92987   100%   118  420s
 136569 115573 7.6729e+10   33  210 1.5000e+11  807.97510   100%   118  432s
 136577 115581 5.5326e+10   32  211 1.5000e+11  807.97510   100%   118  436s
 137574 117079  901.15203   30  257 1.5000e+11  808.06125   100%   118  440s
 140007 119143 9.8646e+10   63  209 1.5000e+11  808.17839   100%   118  445s
 142733 121713 1.1829e+10   40  234 1.5000e+11  808.23566   100%   118  450s
 145072 123679  821.95765   25  258 1.5000e+11  808.26735   100%   118  455s
 147351 126008  866.22965   42  251 1.5000e+11  808.33565   100%   118  460s
 150281 127944 1.2004e+10   37  254 1.5000e+11  808.40658   100%   118  465s
 150799 127961 1.1077e+11   64  230 1.5000e+11  808.40658   100%   118  472s
 151488 129324 7.3015e+09   47  259 1.5000e+11  808.44299   100%   118  475s
 153137 130792 8.4245e+09   36  235 1.5000e+11  808.46344   100%   118  480s
 155628 133032 4.6608e+10   75  246 1.5000e+11  808.51345   100%   118  486s
 157278 134215 1.2857e+11  102  235 1.5000e+11  808.53062   100%   118  490s
 157950 135093 1.9247e+10   46  251 1.5000e+11  808.55704   100%   118  496s
 160333 136815 3.4791e+10   49  251 1.5000e+11  808.64401   100%   118  501s
 162676 138518 9.9116e+10  100  217 1.5000e+11  808.67820   100%   118  508s
 162792 145464 1.1261e+11  101  207 1.5000e+11  808.69195   100%   118  527s
 170800 145499 8.6443e+10   66  228 1.5000e+11  808.84609   100%   119 1448s
 170835 146110 7.4126e+10   66  223 1.5000e+11  808.84699   100%   119 1450s
 173253 148509 3.6004e+10   38  240 1.5000e+11  808.93399   100%   119 1456s
 175316 150068 6.6283e+09   30  248 1.5000e+11  808.97538   100%   119 1460s
 176080 150872 7.4571e+10   58  241 1.5000e+11  808.97818   100%   119 2361s
 177851 151662 1.3162e+11   81  236 1.5000e+11  809.01442   100%   119 2368s
 177916 158651 1.0786e+11   85  243 1.5000e+11  809.02125   100%   119 2691s
 185924 158719  900.77858   36  231 1.5000e+11  809.13130   100%   119 2706s
 189722 162724 2.6867e+10   44  247 1.5000e+11  809.16877   100%   119 2710s
 195047 166685 1.0970e+11   94  211 1.5000e+11  809.24788   100%   119 2717s
 196199 168641 4.3093e+10   55  236 1.5000e+11  809.24788   100%   119 2720s
 203171 174320 1.2423e+11   97  220 1.5000e+11  809.34602   100%   119 2725s
 206554 176564 2.1700e+10   51  243 1.5000e+11  809.37152   100%   119 2730s
 210854 181035 4.8956e+10   77  239 1.5000e+11  809.44842   100%   119 2735s
 212732 182364 1.0576e+11   65  220 1.5000e+11  809.46322   100%   119 2740s
 217937 187383 8.0106e+10   81  241 1.5000e+11  809.55146   100%   119 3645s
 224429 192849 4.4686e+10   77  245 1.5000e+11  809.62123   100%   119 3650s
 228767 196616  821.14757   22  265 1.5000e+11  809.67578   100%   119 3655s
 231728 198420  848.90090   35  267 1.5000e+11  809.75171   100%   119 3661s
 234192 201320 3.2504e+10   61  241 1.5000e+11  809.77698   100%   119 3665s
 238867 204607 1.0739e+10   38  231 1.5000e+11  809.87590   100%   120 3671s
 241961 208194 2.2371e+10   46  227 1.5000e+11  809.91837   100%   120 3675s
 247338 212679 6.6350e+10   75  232 1.5000e+11  809.99730   100%   120 3680s
 252143 216252 1.2410e+10   49  234 1.5000e+11  810.04854   100%   120 3688s
 252215 223275 1.6395e+10   46  232 1.5000e+11  810.05487   100%   120 3697s
 263418 226546 2.0569e+10   44  246 1.5000e+11  810.21613   100%   120 3700s
 266126 228323  826.28205   25  265 1.5000e+11  810.24079   100%   120 3706s
 268160 230341 6.1283e+10   75  244 1.5000e+11  810.27428   100%   120 3710s
 272687 234708 9.2114e+10   93  235 1.5000e+11  810.32697   100%   120 3715s
 278337 238935 4.7827e+10   52  241 1.5000e+11  810.41465   100%   120 3723s
 279156 239619 1.2348e+11   78  231 1.5000e+11  810.41465   100%   120 3725s
 285608 246019 5.2096e+10   82  233 1.5000e+11  810.48956   100%   120 3730s
 290400 250108 5.4638e+10   70  245 1.5000e+11  810.54183   100%   120 3735s
 296303 255421 1.6667e+09   32  263 1.5000e+11  810.60047   100%   120 3740s
 297439 255429  832.09150   29  257 1.5000e+11  810.62490   100%   120 3746s
 299964 258544 4.3001e+10   46  236 1.5000e+11  810.66904   100%   120 3750s
 303857 261044 2.6467e+10   58  250 1.5000e+11  810.70000   100%   120 3758s
 304445 262278  834.46523   26  263 1.5000e+11  810.70142   100%   120 3760s
 310786 268144  831.04566   30  267 1.5000e+11  810.76665   100%   120 3765s
 312715 269336 4.0003e+10   46  250 1.5000e+11  810.78145   100%   120 3770s
 318011 274177  853.77914   33  256 1.5000e+11  810.83906   100%   120 3775s
 323248 278112 2.4321e+10   48  229 1.5000e+11  810.89113   100%   120 3780s
 328078 283116 1.3697e+11   95  217 1.5000e+11  810.91964   100%   120 3785s
 332346 286843 1.2677e+10   36  249 1.5000e+11  810.98411   100%   120 3790s
 337492 291344  842.56360   31  262 1.5000e+11  811.03499   100%   120 3795s
 344082 296318 2.4916e+10   48  256 1.5000e+11  811.09973   100%   120 3801s
 348153 300660 1.1141e+11   64  227 1.5000e+11  811.13895   100%   120 3805s
 353754 304697 3.9755e+10   67  253 1.5000e+11  811.16801   100%   120 3811s
 357526 308468 1.2423e+10   53  257 1.5000e+11  811.23853   100%   120 3815s
 361148 311946 1.1887e+10   54  257 1.5000e+11  811.26937   100%   120 3820s
 366582 316308 1.0510e+11   82  219 1.5000e+11  811.33081   100%   120 3825s
 371465 320440 1.1674e+11   95  243 1.5000e+11  811.35495   100%   121 3832s
 372028 323702 1.8577e+10   33  244 1.5000e+11  811.36475   100%   121 3836s
 379747 328000 1.2155e+10   37  246 1.5000e+11  811.45556   100%   121 3840s
 386204 333695  823.40430   24  272 1.5000e+11  811.51919   100%   121 3845s
 389270 335462 6.8800e+09   39  245 1.5000e+11  811.54718   100%   121 3851s
 390581 337400 2.1250e+09   28  251 1.5000e+11  811.56834   100%   121 3855s
 396560 342636 8.9544e+09   35  241 1.5000e+11  811.62424   100%   121 3860s
 401238 348471 1.0560e+11   42  224 1.5000e+11  811.66929   100%   121 3866s
 406717 350642 1.5179e+10   37  243 1.5000e+11  811.70513   100%   121 3870s
 411520 355431 7.9609e+10   75  225 1.5000e+11  811.75629   100%   121 3875s
 414045 356917  836.81262   27  257 1.5000e+11  811.77703   100%   121 3880s
 419038 361961  823.20366   27  266 1.5000e+11  811.83583   100%   121 3885s
 424308 366358 2.4820e+10   37  228 1.5000e+11  811.87976   100%   121 3890s
 429293 370129 1.1472e+11   90  224 1.5000e+11  811.90644   100%   121 3898s
 430621 372114 4.7162e+10   40  238 1.5000e+11  811.93836   100%   121 3900s
 436217 376134  898.74957   35  265 1.5000e+11  811.99217   100%   121 3905s
 441948 381916  839.63054   34  267 1.5000e+11  812.05026   100%   121 3910s
 445420 385033 9.0598e+10   72  234 1.5000e+11  812.07798   100%   121 3915s
 452876 391046 1.0291e+11   61  222 1.5000e+11  812.14644   100%   121 3924s
 453277 391750 1.5782e+10   44  242 1.5000e+11  812.14692   100%   121 3925s
 457536 395561 1.2154e+11   94  238 1.5000e+11  812.16976   100%   121 3930s
 464061 401323 3.2888e+10   46  245 1.5000e+11  812.20975   100%   121 3935s
 468739 404584 2.7065e+09   33  258 1.5000e+11  812.25123   100%   121 3943s
 469902 406307 2.7997e+10   71  251 1.5000e+11  812.25290   100%   121 3945s
 474474 410219  818.24518   23  267 1.5000e+11  812.28061   100%   121 3950s
 481065 415910 1.3515e+11   80  198 1.5000e+11  812.33789   100%   121 3955s
 488099 421951 1.1019e+10   44  236 1.5000e+11  812.39573   100%   121 3960s
 494322 427249  829.27807   28  257 1.5000e+11  812.44545   100%   121 3965s
 495180 427369 1.5786e+10   40  240 1.5000e+11  812.44545   100%   121 3970s
 500778 432748 3.8177e+08   28  246 1.5000e+11  812.49442   100%   121 3975s
 506901 437397 3.4680e+10   37  230 1.5000e+11  812.53629   100%   121 3981s
 509636 439726 5.3365e+10   63  243 1.5000e+11  812.54865   100%   121 3985s
 514133 443698 1.8990e+09   35  243 1.5000e+11  812.60079   100%   121 3993s
 515942 445866 7.2335e+10   64  234 1.5000e+11  812.62249   100%   121 3995s
 522543 451874 3.1626e+10   49  248 1.5000e+11  812.66972   100%   121 4000s
 529390 457611 4.8918e+10   77  244 1.5000e+11  812.71174   100%   121 4005s
 530169 458259  826.39317   33  265 1.5000e+11  812.71387   100%   121 4010s
 536014 463464 1.2812e+11   95  233 1.5000e+11  812.73983   100%   121 4015s
 540058 467085  834.66877   22  255 1.5000e+11  812.77132   100%   121 4020s
 545180 470691 2.3080e+10   52  229 1.5000e+11  812.80381   100%   121 4029s
 545188 471260 2.5762e+10   53  231 1.5000e+11  812.80381   100%   121 4030s
 551626 477264 8.2040e+10   69  215 1.5000e+11  812.86399   100%   121 4035s
 556694 481622 7.7034e+10   68  228 1.5000e+11  812.89782   100%   121 4040s
 562673 486789 2.2070e+10   65  249 1.5000e+11  812.93525   100%   122 4045s
 568674 491820 1.2838e+11   88  194 1.5000e+11  812.97819   100%   122 4050s
 571254 493319 5.7949e+10   64  234 1.5000e+11  813.00454   100%   122 4055s
 576762 498753 1.3986e+11  104  208 1.5000e+11  813.03852   100%   122 4060s
 582241 502877 infeasible   65      1.5000e+11  813.07773   100%   122 4067s
 585382 506525 2.4896e+10   49  227 1.5000e+11  813.09069   100%   122 4070s
 591496 510995 4.6709e+10   74  234 1.5000e+11  813.12246   100%   121 4075s
 595994 515595 1.6577e+10   59  245 1.5000e+11  813.14093   100%   122 4080s
 599451 517891 4.4005e+10   57  241 1.5000e+11  813.16542   100%   122 4086s
 602922 521652  839.17480   31  244 1.5000e+11  813.19110   100%   122 4090s
 607320 525645 1.0037e+10   50  261 1.5000e+11  813.21897   100%   122 4095s
 614226 530683 5.0578e+09   41  252 1.5000e+11  813.25523   100%   121 4103s
 616606 533521 3.0488e+10   36  225 1.5000e+11  813.26649   100%   121 4105s
 623491 539839 1.6529e+10   50  258 1.5000e+11  813.29656   100%   121 4110s
 629772 545078 1.3878e+11  105  232 1.5000e+11  813.32367   100%   121 4115s
 632409 546518 1.1873e+11   96  208 1.5000e+11  813.34004   100%   121 4120s
 638274 552768 4.7221e+09   38  254 1.5000e+11  813.37895   100%   121 4125s
 642139 555873  837.80926   29  257 1.5000e+11  813.39689   100%   122 4130s
 645703 558986 4.7025e+10   61  223 1.5000e+11  813.41007   100%   122 5051s
 650261 562063 2.0855e+09   36  240 1.5000e+11  813.43515   100%   122 5056s
 652829 564613 1.2697e+11   93  227 1.5000e+11  813.45509   100%   122 5060s
 658131 569625  862.95774   36  257 1.5000e+11  813.50151   100%   122 5065s
 659127 570678 8.2936e+09   40  252 1.5000e+11  813.50680   100%   122 5070s
 666351 575987 3.0900e+10   44  235 1.5000e+11  813.56183   100%   122 5076s
 671190 580936 1.1745e+10   42  248 1.5000e+11  813.58587   100%   122 5080s
 674431 583835 2.6107e+09   37  257 1.5000e+11  813.60408   100%   122 5085s
 678866 587827 3.5831e+10   53  245 1.5000e+11  813.63224   100%   122 5090s
 683592 591813 3.3535e+09   43  263 1.5000e+11  813.64714   100%   122 5095s
 684500 592333 1.3954e+11  113  233 1.5000e+11  813.65441   100%   122 5101s
 688347 596066  820.96548   25  268 1.5000e+11  813.66231   100%   122 5105s
 694045 601148 1.5795e+10   44  233 1.5000e+11  813.70025   100%   122 5110s
 699476 604840 1.9310e+10   49  247 1.5000e+11  813.73770   100%   122 5118s
 700978 607017 8.4345e+09   43  240 1.5000e+11  813.74826   100%   122 5120s
 706568 611868 1.2150e+11   98  208 1.5000e+11  813.77682   100%   122 5125s
 709396 613505 1.2686e+11   88  227 1.5000e+11  813.78436   100%   122 5130s
 712961 617054 1.2638e+11   78  218 1.5000e+11  813.80647   100%   122 5135s
 718670 621984  855.09728   19  258 1.5000e+11  813.83898   100%   122 5140s
 721557 624298 1.2185e+11   54  230 1.5000e+11  813.85619   100%   122 5145s
 723468 625286 1.4470e+11   51  213 1.5000e+11  813.86608   100%   122 5150s
 727109 629420  821.74652   22  252 1.5000e+11  813.88576   100%   122 5155s
 729570 631233  865.83339   28  245 1.5000e+11  813.89793   100%   122 5338s
 730401 631241 1.8605e+09   41  256 1.5000e+11  813.90337   100%   122 5341s
 733994 635116 7.0635e+10   78  235 1.5000e+11  813.92582   100%   122 5345s
 739232 639707 1.4542e+10   45  253 1.5000e+11  813.94853   100%   122 5350s
 742587 641846 4.0549e+10   48  238 1.5000e+11  813.95724   100%   122 5355s
 748099 647298  850.94756   31  254 1.5000e+11  813.98535   100%   122 5360s
 754010 651849 1.4125e+11  105  226 1.5000e+11  814.01282   100%   122 5369s
 754018 651865     cutoff  107      1.5000e+11  814.01282   100%   122 5371s
 757381 655575 1.4051e+10   62  263 1.5000e+11  814.03776   100%   122 5375s
 764682 661621 5.8037e+10   61  242 1.5000e+11  814.08737   100%   122 5380s
 770531 667084 1.0453e+10   49  244 1.5000e+11  814.11924   100%   122 5385s
 774638 669817  838.23599   24  269 1.5000e+11  814.13989   100%   122 5390s
 777062 672875 1.1563e+11  105  227 1.5000e+11  814.15074   100%   122 5395s
 783694 678488 6.3632e+09   29  241 1.5000e+11  814.18073   100%   122 5400s
 787469 681863 1.2833e+11   92  205 1.5000e+11  814.19458   100%   122 5405s
 791440 685034 8.3538e+10   42  207 1.5000e+11  814.22221   100%   122 5410s
 792922 685676  829.00629   34  277 1.5000e+11  814.23052   100%   122 5417s
 795332 688697 1.8664e+10   45  239 1.5000e+11  814.25051   100%   122 5420s
 801137 693706  878.34778   40  258 1.5000e+11  814.28349   100%   122 5425s
 807769 699554 5.5422e+09   43  245 1.5000e+11  814.32200   100%   122 5430s
 811895 703190 4.8266e+10   52  238 1.5000e+11  814.33463   100%   122 5435s
 816297 706935  872.36692   33  252 1.5000e+11  814.36549   100%   122 5440s
 821095 710364 3.3173e+10   46  233 1.5000e+11  814.37927   100%   122 5447s
 823290 713271 3.3286e+10   75  223 1.5000e+11  814.40663   100%   122 5450s
 828214 716490 2.5000e+10   46  251 1.5000e+11  814.43439   100%   122 5455s
 832092 720881 7.3373e+09   35  255 1.5000e+11  814.45104   100%   122 5460s
 835623 722956 3.4267e+09   39  248 1.5000e+11  814.45933   100%   122 5466s
 838171 726162 1.9022e+09   37  252 1.5000e+11  814.46945   100%   122 5470s
 844793 731907 8.8036e+10   85  233 1.5000e+11  814.49219   100%   122 5475s
 851127 737385 1.0454e+11  118  239 1.5000e+11  814.51946   100%   122 5480s
 854901 740693 6.8467e+10   58  243 1.5000e+11  814.53698   100%   122 5485s
 858630 744026  929.64045   49  241 1.5000e+11  814.55260   100%   122 5490s
 865197 749507 4.5750e+10   67  230 1.5000e+11  814.58438   100%   122 5495s
 869189 753087 1.4487e+10   52  257 1.5000e+11  814.60105   100%   122 5500s
 874819 757174 5.2504e+09   37  259 1.5000e+11  814.62368   100%   122 5505s
 877570 759534 8.6338e+10   97  243 1.5000e+11  814.62914   100%   122 5513s
 878213 761125 3.3335e+10   48  249 1.5000e+11  814.63530   100%   122 5515s
 884565 766404 8.0743e+08   42  250 1.5000e+11  814.66866   100%   122 5520s
 887406 767925  839.97092   27  263 1.5000e+11  814.67713   100%   122 5526s
 889269 770399 3.0000e+10   47  235 1.5000e+11  814.68427   100%   122 5531s
 891243 771891 1.4795e+11   94  210 1.5000e+11  814.69216   100%   122 6435s
 894306 774461 1.1455e+10   41  243 1.5000e+11  814.70789   100%   122 6441s
 896811 776193  853.79723   34  255 1.5000e+11  814.71892   100%   122 6454s
 896819 776823  869.98732   37  257 1.5000e+11  814.71892   100%   122 6455s
 900422 780070 1.3852e+11   83  226 1.5000e+11  814.73318   100%   122 7361s

Cutting planes:
  Clique: 16
  Flow cover: 1

Explored 901201 nodes (109995628 simplex iterations) in 7361.11 seconds (2932.82 work units)
Thread count was 8 (of 8 available processors)

Solution count 10: 1.5e+11 1.5e+11 1.6e+11 ... 2.2e+11

Time limit reached
Best objective 1.500000008180e+11, best bound 8.147331755134e+02, gap 100.0000%
