
Gurobi 11.0.1 (mac64[arm]) logging started Mon May 27 08:31:24 2024

Set parameter LogFile to value "logs_new/salida_modelo_caminos_380_123.log"
Set parameter TimeLimit to value 7200
Gurobi Optimizer version 11.0.1 build v11.0.1rc0 (mac64[arm] - Darwin 23.4.0 23E224)

CPU model: Apple M2
Thread count: 8 physical cores, 8 logical processors, using up to 8 threads

Optimize a model with 633 rows, 2453 columns and 15129 nonzeros
Coefficient statistics:
  Matrix range     [1e+00, 1e+00]
  Objective range  [2e+00, 1e+10]
  Bounds range     [0e+00, 0e+00]
  RHS range        [1e+00, 2e+02]
Warning: Model contains large objective coefficients
         Consider reformulating model or setting NumericFocus parameter
         to avoid numerical issues.

Solved in 0 iterations and 0.00 seconds (0.00 work units)
Optimal objective  1.010000000e+03
Gurobi Optimizer version 11.0.1 build v11.0.1rc0 (mac64[arm] - Darwin 23.4.0 23E224)

CPU model: Apple M2
Thread count: 8 physical cores, 8 logical processors, using up to 8 threads

Optimize a model with 633 rows, 2453 columns and 15129 nonzeros
Model fingerprint: 0xfc14ccbf
Variable types: 0 continuous, 2453 integer (2453 binary)
Coefficient statistics:
  Matrix range     [1e+00, 1e+00]
  Objective range  [2e+00, 1e+10]
  Bounds range     [0e+00, 0e+00]
  RHS range        [1e+00, 2e+02]
Warning: Model contains large objective coefficients
         Consider reformulating model or setting NumericFocus parameter
         to avoid numerical issues.
Found heuristic solution: objective 3.800000e+12
Presolve removed 250 rows and 0 columns
Presolve time: 0.04s
Presolved: 383 rows, 2453 columns, 14730 nonzeros
Variable types: 0 continuous, 2453 integer (2453 binary)

Root relaxation: objective 1.010000e+03, 3039 iterations, 0.25 seconds (0.61 work units)

    Nodes    |    Current Node    |     Objective Bounds      |     Work
 Expl Unexpl |  Obj  Depth IntInf | Incumbent    BestBd   Gap | It/Node Time

     0     0 1010.00000    0  369 3.8000e+12 1010.00000   100%     -    0s
H    0     0                    1.490000e+12 1010.00000   100%     -    0s
H    0     0                    9.100000e+11 1010.00000   100%     -    0s
H    0     0                    7.900000e+11 1010.00000   100%     -    0s
H    0     0                    7.300000e+11 1010.00000   100%     -    0s
     0     0 1010.14776    0  373 7.3000e+11 1010.14776   100%     -    0s
     0     0 1010.20182    0  382 7.3000e+11 1010.20182   100%     -    1s
     0     0 1010.20182    0  382 7.3000e+11 1010.20182   100%     -    1s
     0     0 1010.20182    0  383 7.3000e+11 1010.20182   100%     -    1s
     0     0 1010.87950    0  386 7.3000e+11 1010.87950   100%     -    1s
     0     0 1010.87950    0  386 7.3000e+11 1010.87950   100%     -    1s
H    0     0                    6.700000e+11 1010.87950   100%     -    1s
     0     0 1010.87950    0  395 6.7000e+11 1010.87950   100%     -    1s
H    0     0                    6.200000e+11 1010.87950   100%     -    1s
H    0     0                    5.600000e+11 1010.87950   100%     -    1s
     0     0 1010.87950    0  397 5.6000e+11 1010.87950   100%     -    1s
     0     0 1010.87950    0  395 5.6000e+11 1010.87950   100%     -    1s
     0     0 1010.87950    0  397 5.6000e+11 1010.87950   100%     -    1s
     0     0 1010.87950    0  403 5.6000e+11 1010.87950   100%     -    1s
     0     0 1010.87950    0  404 5.6000e+11 1010.87950   100%     -    1s
     0     0 1010.87950    0  401 5.6000e+11 1010.87950   100%     -    1s
     0     0 1010.87950    0  401 5.6000e+11 1010.87950   100%     -    1s
H    0     0                    5.400000e+11 1010.87950   100%     -    2s
     0     2 1010.87950    0  401 5.4000e+11 1010.87950   100%     -    2s
H   38    40                    5.300000e+11 1012.10876   100%   229    2s
H   71    80                    4.900000e+11 1013.14554   100%   244    3s
H   73    80                    4.800000e+11 1013.14554   100%   242    3s
   108   117 1019.46774   10  368 4.8000e+11 1013.59897   100%   241    5s
   769   778 1.1717e+10   48  352 4.8000e+11 1013.59897   100%   244   10s
H  770   778                    4.700000e+11 1013.59897   100%   244   10s
H  771   778                    4.600000e+11 1013.59897   100%   244   10s
H  774   778                    4.500000e+11 1013.59897   100%   244   10s
H  776   778                    4.400000e+11 1013.59897   100%   245   10s
  1259  1338 1.1598e+11   87  316 4.4000e+11 1013.59897   100%   284   15s
H 1924  2019                    4.400000e+11 1013.59897   100%   256   17s
  2057  2194 2.3608e+10   38  343 4.4000e+11 1013.59897   100%   249  918s
  2709  2657 9.4003e+10   90  333 4.4000e+11 1013.59897   100%   235  922s
H 2741  2657                    4.400000e+11 1013.59897   100%   235  922s
  2747  2661 1.9874e+11  110  366 4.4000e+11 1013.59897   100%   234  925s
H 2780  2556                    4.400000e+11 1013.59897   100%   237  925s
H 2821  2456                    4.400000e+11 1013.59897   100%   237  926s
H 2850  2358                    4.399998e+11 1013.59897   100%   237  929s
  2858  2364 1026.49737   25  361 4.4000e+11 1013.59897   100%   237  932s
  3031  2490 1055.13055   35  359 4.4000e+11 1013.59897   100%   238  935s
  3333  2694 6.1234e+09   52  349 4.4000e+11 1013.59897   100%   240  940s
  3355  2703 1.4808e+10   54  343 4.4000e+11 1013.59897   100%   240 1376s
  3473  2794 2.9154e+10   62  337 4.4000e+11 1013.59897   100%   245 1380s
  3745  2995 8.4365e+10   82  331 4.4000e+11 1013.59897   100%   253 1385s
  3983  3168 1.6792e+11  101  317 4.4000e+11 1013.59897   100%   256 1390s
H 4061  3048                    4.300000e+11 1013.59897   100%   256 1392s
  4210  3220 2.0312e+11  123  318 4.3000e+11 1013.59897   100%   259 1396s
  4530  3385 1031.84110   26  372 4.3000e+11 1013.59897   100%   256 1400s
  4895  3604 5.5473e+09   52  357 4.3000e+11 1013.59897   100%   251 1405s
H 5004  3472                    4.200000e+11 1013.59897   100%   250 1409s
H 5015  3365                    4.100000e+11 1013.59897   100%   250 1409s
  5020  3386 2.3605e+10   56  352 4.1000e+11 1013.59897   100%   250 1413s
  5178  3621 5.0746e+10   69  349 4.1000e+11 1013.59897   100%   249 1416s
  5519  3907 1.0071e+11   91  345 4.1000e+11 1013.59897   100%   246 1420s
H 6131  4044                    4.100000e+11 1013.59897   100%   239 1424s
  6219  4479 2.0193e+11  131  338 4.1000e+11 1013.59897   100%   238 1427s
  6691  4775 3.9145e+11  160  334 4.1000e+11 1013.62158   100%   233 1430s
  7360  5157 1060.86714   33  367 4.1000e+11 1013.81595   100%   226 1435s
  7894  4986 1.9039e+10   47  357 4.1000e+11 1013.81595   100%   222 1440s
  8547  5805 7.7697e+10   92  348 4.1000e+11 1013.81595   100%   220 1447s
  8895  6435 1.3145e+11  115  328 4.1000e+11 1014.53494   100%   217 1450s
H 9637  6481                    4.100000e+11 1014.53494   100%   213 1454s
  9642  6774 1014.88834   22  368 4.1000e+11 1014.88834   100%   213 1457s
 10003  7127 1049.57727   33  360 4.1000e+11 1014.88834   100%   211 1460s
 11000  7975 1.4146e+11   66  338 4.1000e+11 1014.88834   100%   208 1465s
 11685  9009 1024.41753   24  364 4.1000e+11 1015.30912   100%   207 1472s
 12435  9452 1134.18002   50  358 4.1000e+11 1015.30912   100%   205 1475s
 13019 10046 2.8284e+10   67  357 4.1000e+11 1015.30912   100%   203 1483s
 13622 10450 6.0487e+10   94  355 4.1000e+11 1015.30912   100%   202 1487s
 14028 11239 1.0757e+11  112  351 4.1000e+11 1015.30912   100%   202 1491s
 14899 11947 2.2862e+11  152  338 4.1000e+11 1015.43784   100%   200 1497s
 15681 12511 1065.04726   40  361 4.1000e+11 1015.43784   100%   199 1502s
 16289 13319 2.1899e+10   70  355 4.1000e+11 1015.43784   100%   198 1506s
 17175 13326 9.6962e+10  107  346 4.1000e+11 1015.43784   100%   197 1515s
H17181 13326                    4.100000e+11 1015.43784   100%   197 1515s
 17477 13780 1.3683e+11  124  347 4.1000e+11 1015.43784   100%   197 1524s
 17706 14758 1.5619e+11  129  343 4.1000e+11 1015.43784   100%   197 1528s
 18692 15166 2.8691e+11  181  333 4.1000e+11 1015.50448   100%   196 1532s
 19222 15688 1031.51535   34  366 4.1000e+11 1015.50711   100%   194 1539s
 19846 16497 1.8650e+10   59  346 4.1000e+11 1015.91516   100%   194 1544s
 20759 17403 1033.60014   29  367 4.1000e+11 1016.87849   100%   193 1550s
 21721 18025 1.9277e+10   54  353 4.1000e+11 1017.27616   100%   193 1555s
 22483 18044 1061.47093   38  358 4.1000e+11 1017.50716   100%   192 1566s
 22502 18440 1063.10938   38  357 4.1000e+11 1017.50716   100%   192 1571s
 22898 19282 1193.71623   53  352 4.1000e+11 1017.50716   100%   192 1576s
 23822 19989     cutoff  130      4.1000e+11 1017.59033   100%   192 1581s
 24668 20607 6.7702e+09   44  351 4.1000e+11 1017.76059   100%   191 1586s
 25329 21798 1.1247e+11   84  331 4.1000e+11 1017.76325   100%   191 1591s
 26588 22643 1061.80049   36  369 4.1000e+11 1017.79924   100%   189 1597s
H26650 22578                    4.000000e+11 1017.79924   100%   190 1597s
H27534 23027                    3.700000e+11 1017.79924   100%   189 1605s
H28479 22809                    3.600000e+11 1017.79924   100%   189 1605s
 28480 23005 2.0325e+11  149  340 3.6000e+11 1017.79924   100%   189 2521s
 28760 23194 2.9621e+11  157  329 3.6000e+11 1017.98988   100%   189 2527s
H28810 22966                    3.500000e+11 1017.98988   100%   188 2527s
 29005 23661 1068.49039   35  367 3.5000e+11 1017.98988   100%   188 2531s
 29786 23662 3.3546e+11  168  401 3.5000e+11 1017.98988   100%   188 3463s
 29788 23663 1.6433e+11  115  366 3.5000e+11 1017.98988   100%   188 3767s
 29794 23667 1.0000e+10   47  389 3.5000e+11 1017.98988   100%   188 3771s
 29798 23670 1.1769e+11   96  381 3.5000e+11 1017.98988   100%   188 3775s
 29800 23671 2.1170e+11  149  377 3.5000e+11 1017.98988   100%   188 3780s
 29804 23677 1017.98988   31  375 3.5000e+11 1017.98988   100%   188 3785s
 29907 23752 1053.45112   41  363 3.5000e+11 1017.98988   100%   188 3795s
 29959 23791 1083.91402   45  360 3.5000e+11 1017.98988   100%   188 3800s
 30172 23940 3.7011e+10   60  346 3.5000e+11 1017.98988   100%   189 3805s
 30406 24114 6.8515e+10   75  346 3.5000e+11 1017.98988   100%   191 3810s
 30754 24331 1.7037e+11   93  333 3.5000e+11 1017.98988   100%   191 3815s
H30816 23168                    3.500000e+11 1017.98988   100%   191 3816s
 30962 23288 2.5472e+11  111  314 3.5000e+11 1017.98988   100%   192 3820s
 31037 23306 2.6809e+11  115  326 3.5000e+11 1017.98988   100%   192 3825s
H31079 22167                    3.500000e+11 1017.98988   100%   192 3825s
 31306 22333 3.4631e+11  139  310 3.5000e+11 1017.98988   100%   192 3830s
 31584 22517 1091.59913   52  349 3.5000e+11 1017.98988   100%   192 3835s
 31935 22782 2.5985e+10   66  340 3.5000e+11 1017.98988   100%   192 3841s
 32039 22832 2.7976e+10   68  341 3.5000e+11 1017.98988   100%   192 3846s
 32124 22828 3.7407e+10   72  333 3.5000e+11 1017.98988   100%   192 3852s
 32278 23023 5.1645e+10   74  331 3.5000e+11 1017.98988   100%   192 3855s
 32713 23292 7.1875e+10   85  331 3.5000e+11 1017.98988   100%   192 3861s
 33011 23447 1.0484e+11   93  324 3.5000e+11 1017.98988   100%   193 3866s
 33359 23624 1.6788e+11  105  324 3.5000e+11 1017.98988   100%   193 3871s
 33767 23913 1.9433e+11  116  313 3.5000e+11 1017.98988   100%   193 3876s
 33949 23883 2.0708e+11  121  309 3.5000e+11 1017.98988   100%   193 3880s
 34245 24214 2.5111e+11  128  305 3.5000e+11 1017.98988   100%   193 3885s
 34778 24555 1030.14437   44  372 3.5000e+11 1017.98988   100%   193 3893s
 35065 24528 1083.59511   55  367 3.5000e+11 1017.98988   100%   193 3902s
 35506 24724 1.0960e+09   67  368 3.5000e+11 1017.98988   100%   192 3911s
 36137 25497 4.2748e+10   81  354 3.5000e+11 1017.98988   100%   191 3917s
 36653 25749 1.0683e+11  121  358 3.5000e+11 1017.98988   100%   191 3920s
 37840 26922 1037.38464   44  357 3.5000e+11 1017.98988   100%   191 3927s
 38767 27121 3.2419e+10   68  346 3.5000e+11 1017.98988   100%   190 3931s
 40239 27982 2.9295e+11  131  322 3.5000e+11 1017.98988   100%   189 3952s
 40831 27849 8.3236e+09   57  356 3.5000e+11 1017.98988   100%   188 3957s
 40896 28734 5.4988e+09   57  350 3.5000e+11 1017.98988   100%   188 3962s
 41921 28467 9.7937e+10   89  339 3.5000e+11 1017.98988   100%   187 3971s
H41950 27388                    3.500000e+11 1017.98988   100%   187 3971s
 42680 28590 3.2234e+11  135  316 3.5000e+11 1017.98988   100%   187 3978s
 43592 29238 8.5746e+10   77  357 3.5000e+11 1017.98988   100%   187 3982s
 44600 29768 1057.92895   47  353 3.5000e+11 1017.98988   100%   186 3989s
 45652 29683 4.5831e+10   67  342 3.5000e+11 1017.98988   100%   185 3994s
 45961 30755 9.9357e+10   79  327 3.5000e+11 1017.98988   100%   185 3999s
 47219 31137 1112.45112   50  360 3.5000e+11 1017.98988   100%   184 4003s
 48150 31877 1043.72465   46  367 3.5000e+11 1017.98988   100%   184 4007s
 49229 32379 9.3965e+10   81  341 3.5000e+11 1018.41546   100%   183 4011s
 50247 32119 1028.88939   45  357 3.5000e+11 1018.57329   100%   182 4017s
 50342 32623 1040.74394   46  360 3.5000e+11 1018.57329   100%   182 4022s
 50940 33321 4.4484e+10   64  325 3.5000e+11 1018.78745   100%   182 4027s
 51963 33861 5.5493e+10   63  340 3.5000e+11 1019.18206   100%   182 4032s
 52878 34688 1.8601e+10   53  347 3.5000e+11 1019.18206   100%   181 4037s
 54150 34997 1.5988e+11   91  315 3.5000e+11 1019.29245   100%   180 4042s
 54933 35471 1089.14208   46  357 3.5000e+11 1019.29245   100%   180 4049s
 55694 35225 5.2241e+10   73  344 3.5000e+11 1019.29245   100%   180 4075s
 55702 35238 6.0541e+10   74  342 3.5000e+11 1019.29245   100%   180 4087s
 55718 35580 4.2730e+10   76  344 3.5000e+11 1019.29245   100%   180 4094s
 56091 35870 7.5405e+10   85  340 3.5000e+11 1019.29245   100%   180 4099s
 56642 36304 1.8244e+11  116  328 3.5000e+11 1019.68720   100%   179 4104s
 57300 37061 1038.74014   45  367 3.5000e+11 1019.68720   100%   179 4109s
 58364 37095 4.6996e+10   78  348 3.5000e+11 1019.68720   100%   179 4116s
 58803 37821 1.1153e+11   94  337 3.5000e+11 1019.75673   100%   179 4121s
 59747 38208 7.5473e+09   47  332 3.5000e+11 1019.75673   100%   178 4134s
 60555 39799 3.4989e+11   94  268 3.5000e+11 1019.88201   100%   178 4144s
 62633 39955 1086.85289   57  354 3.5000e+11 1020.48378   100%   177 4149s
 63538 40422 9.9384e+10   99  340 3.5000e+11 1020.48378   100%   177 4155s
 64385 41113 1.9972e+11  131  341 3.5000e+11 1020.62166   100%   177 4161s
 65473 41867 3.8648e+09   63  356 3.5000e+11 1020.69755   100%   176 4166s
 66715 41908 1065.24205   43  363 3.5000e+11 1020.82785   100%   176 4170s
 67178 42152 2.9560e+10   58  351 3.5000e+11 1020.93156   100%   176 4175s
 67696 41987 1033.11133   40  373 3.5000e+11 1020.93935   100%   176 4194s
 67704 42462 1040.92078   41  364 3.5000e+11 1020.93935   100%   176 4198s
 68195 43542 3.5559e+10   72  353 3.5000e+11 1020.93935   100%   176 4203s
 69558 43864 2.6788e+11  134  331 3.5000e+11 1021.02012   100%   175 4208s
 70402 44351 8.2958e+09   57  358 3.5000e+11 1021.02012   100%   175 4213s
 71253 44883 8.9024e+10   79  344 3.5000e+11 1021.02012   100%   175 4217s
 72133 45356     cutoff  132      3.5000e+11 1021.20537   100%   174 4223s
 72968 45698 2.5039e+10   65  350 3.5000e+11 1021.26611   100%   174 4229s
 73666 46347 1.6503e+11   91  303 3.5000e+11 1021.27470   100%   174 4234s
 74632 47440 7.8042e+09   62  356 3.5000e+11 1021.27470   100%   174 4244s
 76138 47613 2.9950e+11  126  308 3.5000e+11 1021.56713   100%   173 4249s
 76896 48099 1078.76837   51  353 3.5000e+11 1021.76935   100%   173 4255s
 77714 48282 1068.38194   48  360 3.5000e+11 1021.79949   100%   173 4260s
 78204 48974 6.7832e+09   67  364 3.5000e+11 1021.79949   100%   173 4266s
 79132 48672 1.7482e+11   96  334 3.5000e+11 1021.79949   100%   173 4274s
 79140 49024 1.6895e+11   96  339 3.5000e+11 1021.79949   100%   173 4281s
 79522 49757 2.1177e+11  106  332 3.5000e+11 1021.88251   100%   173 4287s
 80494 50054 1079.07093   47  360 3.5000e+11 1021.88251   100%   172 4292s
 81182 50478 4.4768e+10   68  350 3.5000e+11 1021.88251   100%   172 4298s
 81917 51249 1.9369e+11   93  319 3.5000e+11 1021.99236   100%   172 4304s
 83063 51680 1125.70009   56  346 3.5000e+11 1022.10718   100%   172 4310s
 83946 52312 1.1191e+11   95  323 3.5000e+11 1022.10718   100%   172 4315s
 85043 52396 1040.54952   44  365 3.5000e+11 1022.10718   100%   171 4321s
 85521 52550 6.0727e+07   56  362 3.5000e+11 1022.10718   100%   171 4330s
H85530 51532                    3.500000e+11 1022.10718   100%   171 4330s
 85834 52402 1121.72823   58  360 3.5000e+11 1022.10718   100%   171 4336s
 86838 52076 3.2497e+10   76  356 3.5000e+11 1022.10718   100%   171 4351s
 86846 52675 4.3292e+10   72  355 3.5000e+11 1022.10718   100%   171 4357s
 87554 53255 6.3424e+10   82  344 3.5000e+11 1022.10718   100%   171 4362s
 88420 54277 1.3544e+11   98  333 3.5000e+11 1022.10718   100%   171 4367s
 89583 55213 2.7633e+11  140  328 3.5000e+11 1022.70104   100%   171 4376s
 90649 56497 4.1401e+10   69  338 3.5000e+11 1022.80034   100%   171 4382s
 92080 56972 1056.51515   45  367 3.5000e+11 1022.90638   100%   170 4387s
 92613 57650 4.0052e+10   63  351 3.5000e+11 1022.92428   100%   170 4392s
 93349 57659 1114.73796   52  355 3.5000e+11 1022.96828   100%   170 4401s
 93358 58531 1130.29023   53  354 3.5000e+11 1022.96828   100%   170 4405s
 94276 58966 1.2928e+11   87  338 3.5000e+11 1022.96828   100%   170 4411s
 94740 59578 2.3206e+11  106  327 3.5000e+11 1022.97497   100%   170 4415s
 95505 60479 1112.26428   55  367 3.5000e+11 1023.09419   100%   170 4420s
 96426 61407 1.6429e+11   86  334 3.5000e+11 1023.12480   100%   170 4426s
 97482 62097 1.9463e+10   61  351 3.5000e+11 1023.13386   100%   170 4431s
 98202 63021 1.6899e+11   95  338 3.5000e+11 1023.14287   100%   170 4437s
 99203 63622 1.8398e+10   55  344 3.5000e+11 1023.14287   100%   169 4443s
 99868 64298 2.9721e+10   61  339 3.5000e+11 1023.14287   100%   169 4448s
 100629 65162 1.6045e+11   99  321 3.5000e+11 1023.21861   100%   169 4454s
 101627 66020 1.0456e+10   58  354 3.5000e+11 1023.23919   100%   169 4459s
 102521 66042 1.4038e+11   95  324 3.5000e+11 1023.23919   100%   169 4467s
 102543 66382 1.4425e+11   97  328 3.5000e+11 1023.23919   100%   169 4473s
 102931 66953 3.0473e+11  136  305 3.5000e+11 1023.28516   100%   169 4479s
 103587 67836 3.2971e+10   56  348 3.5000e+11 1023.28516   100%   169 4484s
 104528 69122 2.2910e+11  110  314 3.5000e+11 1023.40352   100%   169 4492s
 106043 69515     cutoff   97      3.5000e+11 1023.60348   100%   168 4497s
 106460 70231 4.8018e+10   58  333 3.5000e+11 1023.60514   100%   168 4502s
 107250 71112 1078.69696   45  352 3.5000e+11 1023.60514   100%   168 4507s
 108231 71665 1.5422e+11   73  310 3.5000e+11 1023.67726   100%   168 4512s
 108920 71673 1130.94878   63  344 3.5000e+11 1023.75762   100%   168 4524s
 108928 72208 1.3043e+08   64  342 3.5000e+11 1023.78594   100%   168 4529s
 109485 73080 1061.33346   49  368 3.5000e+11 1023.78594   100%   168 4534s
 110468 73906 6.1456e+10   83  346 3.5000e+11 1023.89248   100%   168 4539s
 111419 74043 1053.10460   39  363 3.5000e+11 1023.91047   100%   168 4545s
 111566 74688 1184.68869   54  356 3.5000e+11 1023.91047   100%   168 4551s
 112237 75468 1.7120e+11   91  338 3.5000e+11 1023.91047   100%   168 4556s
 113057 76301 3.1238e+11  144  307 3.5000e+11 1023.97313   100%   168 4562s
 114038 77264 2.8791e+10   73  349 3.5000e+11 1023.97313   100%   168 4567s
 115063 78189 2.1231e+11  115  326 3.5000e+11 1024.06032   100%   168 4572s
 116097 78685 2.2094e+10   60  358 3.5000e+11 1024.06032   100%   167 4578s
 116593 78714 1.1099e+11   80  331 3.5000e+11 1024.06032   100%   167 4584s
 116622 79550 1.0915e+11   79  327 3.5000e+11 1024.08090   100%   167 4590s
 117598 80106 4.3498e+09   60  353 3.5000e+11 1024.19391   100%   167 4595s
 118158 80452 7.7032e+10   77  341 3.5000e+11 1024.19391   100%   167 4602s
 118520 81408 9.4360e+10   81  337 3.5000e+11 1024.20312   100%   167 4607s
 119622 82210 1079.41250   55  364 3.5000e+11 1024.28809   100%   167 4616s
 120440 83597 6.9432e+10   80  348 3.5000e+11 1024.28840   100%   167 4624s
 122000 84534 1071.44955   50  351 3.5000e+11 1024.38880   100%   167 4629s
 123030 84595 7.2377e+10   81  344 3.5000e+11 1024.38880   100%   167 4640s
 123108 85457 1.1436e+11   83  334 3.5000e+11 1024.38880   100%   167 4646s
 124054 86085 3.3894e+11  155  313 3.5000e+11 1024.49732   100%   166 4651s
 124745 86721 1129.84172   50  355 3.5000e+11 1024.49732   100%   166 4656s
 125489 87450 5.8863e+10   68  346 3.5000e+11 1024.53816   100%   166 4660s
 126859 89101 1.7966e+11  105  308 3.5000e+11 1024.60109   100%   166 4668s
 128030 89578 1.6939e+10   70  335 3.5000e+11 1024.60109   100%   166 4672s
 128607 90161 1.1172e+11  100  321 3.5000e+11 1024.60109   100%   166 4676s
 129260 90804 1047.92755   49  374 3.5000e+11 1024.67231   100%   166 4680s
 129959 91765 3.7920e+10   72  342 3.5000e+11 1024.67231   100%   166 4685s
 131692 92448 1046.47460   49  358 3.5000e+11 1024.68250   100%   166 4696s
 131724 92900 1050.03688   50  359 3.5000e+11 1024.68250   100%   166 4703s
 132206 93688 1051.34479   51  359 3.5000e+11 1024.71176   100%   166 4707s
 133083 94288 1036.09530   41  367 3.5000e+11 1024.73897   100%   166 4712s
 133748 95028 3.5627e+10   60  340 3.5000e+11 1024.80704   100%   166 4716s
 134586 96466 1127.60040   63  357 3.5000e+11 1024.80704   100%   166 4722s
 136173 96947 2.5023e+11  118  303 3.5000e+11 1024.92994   100%   165 4725s
 137429 98460 7.6298e+10   69  333 3.5000e+11 1024.96265   100%   165 4733s
 138323 98778 1111.43220   51  352 3.5000e+11 1024.96265   100%   165 4738s
 138641 99295 1126.46001   52  354 3.5000e+11 1024.96265   100%   165 4743s
 139192 99303 8.7424e+10   72  337 3.5000e+11 1024.96265   100%   165 4751s
 139200 100256 6.7665e+10   73  340 3.5000e+11 1024.96265   100%   165 4756s
 140262 100997 3.4545e+11  128  288 3.5000e+11 1025.04460   100%   165 4762s
 141080 101656 1142.11017   57  344 3.5000e+11 1025.06980   100%   165 4768s
 141861 102276 1056.87464   48  369 3.5000e+11 1025.07214   100%   165 4773s
 142508 103019 7.7343e+10   79  353 3.5000e+11 1025.07214   100%   165 4778s
 143253 103834 1.6506e+11  110  350 3.5000e+11 1025.10679   100%   165 4786s
 144207 104164 1039.07013   45  369 3.5000e+11 1025.13055   100%   165 4792s
 144553 105218 6.3057e+09   62  360 3.5000e+11 1025.13055   100%   165 4797s
 145704 105904 9.6612e+10   90  354 3.5000e+11 1025.13055   100%   165 4802s
 146462 106773 2.8264e+11  139  329 3.5000e+11 1025.24406   100%   165 4807s
 147383 107532 1.1400e+11   68  308 3.5000e+11 1025.32210   100%   165 4811s
 148279 107552 1083.89197   61  361 3.5000e+11 1025.32210   100%   164 4819s
 148299 108174 1086.31920   62  362 3.5000e+11 1025.32210   100%   164 4825s
 150031 110383 2.4512e+11  129  317 3.5000e+11 1025.39872   100%   164 4837s
 151440 110748 9.5136e+10   86  342 3.5000e+11 1025.51372   100%   164 4841s
 151824 111541 1.6111e+11  100  321 3.5000e+11 1025.52116   100%   164 4846s
 152678 112308 1124.56922   54  365 3.5000e+11 1025.52116   100%   164 4850s
 153548 112810 8.3958e+10   88  354 3.5000e+11 1025.52116   100%   164 4855s
 154050 113382 1.9323e+11  107  341 3.5000e+11 1025.55777   100%   164 4862s
H154545 109568                    3.300000e+11 1025.55777   100%   164 4862s
 154667 110420 1030.71835   39  367 3.3000e+11 1025.55777   100%   164 4866s
 155634 110989 4.9113e+10   67  359 3.3000e+11 1025.55777   100%   164 4871s
 156273 111619 1.3965e+11   91  337 3.3000e+11 1025.65168   100%   164 4877s
 156919 111660 1049.27689   41  372 3.3000e+11 1025.65168   100%   164 4890s
 158037 113391 1.7293e+10   63  362 3.3000e+11 1025.65168   100%   164 4898s
 158890 114135 1.2271e+11   97  353 3.3000e+11 1025.65168   100%   164 4903s
 159723 114621 2.5886e+11  131  323 3.3000e+11 1025.77965   100%   164 4907s
 160326 115159 1104.94095   46  356 3.3000e+11 1025.80829   100%   164 4912s
 160896 116114 8.9361e+10   67  339 3.3000e+11 1025.82513   100%   164 4916s
 161921 117057 1092.06834   47  351 3.3000e+11 1025.85241   100%   164 4920s
 164011 118264 3.3652e+09   61  360 3.3000e+11 1025.98637   100%   163 4928s
 164300 118996 1.9789e+10   67  361 3.3000e+11 1025.98637   100%   163 4932s
 165062 119912 1.5398e+11   95  343 3.3000e+11 1025.99323   100%   164 4937s
 166063 120680 3.3636e+10   59  333 3.3000e+11 1026.00624   100%   163 4941s
 166962 120757 4.6683e+10   61  344 3.3000e+11 1026.06552   100%   163 4947s
 167039 121428 4.7158e+10   61  345 3.3000e+11 1026.08224   100%   163 4952s
 167838 122776 4.7103e+09   56  361 3.3000e+11 1026.08283   100%   164 4957s
 169297 122949 2.8316e+11  120  305 3.3000e+11 1026.19092   100%   163 4964s
 169492 123522 1106.02722   53  362 3.3000e+11 1026.19092   100%   163 4968s
 170082 124587 2.5303e+10   65  354 3.3000e+11 1026.19092   100%   163 4973s
 171284 125298 5.4985e+10   79  351 3.3000e+11 1026.19092   100%   163 4977s
 172014 126385 2.0625e+11  123  317 3.3000e+11 1026.22342   100%   163 4981s
 173301 126393 3.3586e+09   65  363 3.3000e+11 1026.27225   100%   163 4989s
 173309 126796 1.3191e+10   66  363 3.3000e+11 1026.27225   100%   163 4993s
 173712 127888 6.5600e+10   88  351 3.3000e+11 1026.27225   100%   163 4997s
 174844 128574 2.0712e+11  128  332 3.3000e+11 1026.27990   100%   163 5001s
 175660 129393 1100.36302   51  365 3.3000e+11 1026.30662   100%   163 5005s
 177237 130237 4.8860e+10   66  337 3.3000e+11 1026.35219   100%   163 5012s
 177571 131191 1.1338e+11   84  335 3.3000e+11 1026.35760   100%   163 5016s
 178568 131986 1043.12446   51  365 3.3000e+11 1026.36675   100%   163 5022s
 179480 132672 1037.17733   44  372 3.3000e+11 1026.38921   100%   163 5027s
 180261 133550 7.5736e+10   84  336 3.3000e+11 1026.40023   100%   163 5035s
 181191 134689 6.2366e+09   55  352 3.3000e+11 1026.49230   100%   163 5041s
 182450 134922 1.2430e+11   89  325 3.3000e+11 1026.49230   100%   163 5046s
 182683 134941 1.4271e+11   90  319 3.3000e+11 1026.49230   100%   163 5053s
 182702 135672 1.7156e+11   94  318 3.3000e+11 1026.53454   100%   163 5059s
 183488 136601 1046.74570   44  370 3.3000e+11 1026.53454   100%   163 5064s
 184526 137453 8.7789e+10   79  341 3.3000e+11 1026.55514   100%   163 5069s
 185470 138175 1039.92970   41  366 3.3000e+11 1026.55514   100%   163 5073s
 186251 138966 7.0152e+10   73  355 3.3000e+11 1026.60267   100%   163 5078s
 187129 139731 1037.41467   45  364 3.3000e+11 1026.60267   100%   163 5083s
 187968 140124 4.0671e+10   77  363 3.3000e+11 1026.60267   100%   163 5094s
 188361 140745 1.2364e+11   98  352 3.3000e+11 1026.60267   100%   163 5098s
 189095 140753 2.2394e+11  127  324 3.3000e+11 1026.60267   100%   163 5108s
 189103 141216 2.2249e+11  127  324 3.3000e+11 1026.69492   100%   163 5113s
 189584 142346 1146.95939   56  349 3.3000e+11 1026.69492   100%   163 5119s
 190801 143251 6.9736e+10   76  336 3.3000e+11 1026.69492   100%   163 5124s
 191798 143888 2.6903e+11  125  276 3.3000e+11 1026.70775   100%   163 5129s
 192560 144711 2.5694e+10   70  330 3.3000e+11 1026.71968   100%   163 5134s
 193459 145747 1051.04424   43  368 3.3000e+11 1026.71968   100%   163 5138s
 194559 146363 8.0321e+10   81  335 3.3000e+11 1026.71968   100%   162 5143s
 195271 147733 2.1939e+11  111  316 3.3000e+11 1026.75284   100%   162 5150s
 197258 148856 1.4424e+10   60  343 3.3000e+11 1026.75284   100%   162 5158s
 198054 149588 2.0009e+11   93  305 3.3000e+11 1026.87619   100%   162 5162s
 198810 150404 1109.31977   62  366 3.3000e+11 1026.87619   100%   162 5166s
 199720 150806 5.7097e+10   83  350 3.3000e+11 1026.87619   100%   162 5173s
 200163 151374 1.5643e+11  106  338 3.3000e+11 1026.87619   100%   162 5179s
 200760 152234 2.8799e+11  147  317 3.3000e+11 1026.90358   100%   162 5183s
 201702 152886 2.0758e+10   69  363 3.3000e+11 1026.91175   100%   162 5188s
 202378 153502 6.8045e+10   81  347 3.3000e+11 1026.91175   100%   162 5192s
 203087 154350 1.8243e+11  105  328 3.3000e+11 1026.93151   100%   162 5197s
 204025 154382 1076.16115   55  355 3.3000e+11 1026.93151   100%   162 5209s
H204056 154382                    3.300000e+11 1026.93151   100%   162 5209s
 204057 154891 1084.35684   56  353 3.3000e+11 1026.93151   100%   162 5213s
 204620 155615 5.8519e+10   84  327 3.3000e+11 1026.97622   100%   162 5217s
 205430 156252 1034.25308   41  366 3.3000e+11 1026.97622   100%   162 5223s
H205746 156252                    3.300000e+11 1026.97622   100%   162 5223s
 206119 157058 2.5019e+10   60  356 3.3000e+11 1026.97622   100%   162 5228s
 207015 157729 1.5938e+11   93  324 3.3000e+11 1027.02367   100%   162 5232s
 207841 157784 4.9215e+08   56  359 3.3000e+11 1027.04982   100%   162 5241s
 207896 158381 3.6320e+09   57  358 3.3000e+11 1027.04982   100%   162 5245s
 208532 159445 8.8964e+10   85  351 3.3000e+11 1027.05557   100%   162 5250s
 209733 159744 1058.35857   45  365 3.3000e+11 1027.07687   100%   162 5259s
 210038 163040 2.3272e+10   58  348 3.3000e+11 1027.12492   100%   162 5282s
 213653 164190 1048.09653   42  369 3.3000e+11 1027.22204   100%   162 5287s
 214912 165069 9.1998e+10   80  343 3.3000e+11 1027.24454   100%   162 5293s
 215893 166001 1081.39562   55  365 3.3000e+11 1027.24454   100%   162 5297s
 216918 166923 1.2297e+11  103  340 3.3000e+11 1027.28406   100%   162 5311s
 217931 167494 1030.45224   42  364 3.3000e+11 1027.28406   100%   161 5316s
 218568 168379 5.8942e+09   59  343 3.3000e+11 1027.31665   100%   161 5321s
 219615 169197 2.8071e+10   77  359 3.3000e+11 1027.31665   100%   161 5326s
 220517 169708 1.1915e+11  103  353 3.3000e+11 1027.31665   100%   161 5331s
 221076 170072 2.7587e+11  143  311 3.3000e+11 1027.34907   100%   161 5337s
 221458 171193 4.3490e+09   58  352 3.3000e+11 1027.34907   100%   161 5342s
 222731 172103 2.0955e+11  112  321 3.3000e+11 1027.39804   100%   161 5347s
 223679 172746 2.4536e+10   69  362 3.3000e+11 1027.39804   100%   161 5352s
 224493 173744 1.2703e+11   92  324 3.3000e+11 1027.43238   100%   161 5359s
 225631 174271 3.8943e+10   59  350 3.3000e+11 1027.44446   100%   161 5363s
 226170 174321 1.2518e+11   79  335 3.3000e+11 1027.44446   100%   161 5371s
 226220 175446 1.2635e+11   80  333 3.3000e+11 1027.44983   100%   161 5376s
 227471 176033 1157.11925   53  347 3.3000e+11 1027.50642   100%   161 5381s
 228143 176310 1.6680e+10   56  360 3.3000e+11 1027.50876   100%   161 5387s
 228468 177322 1125.26375   57  361 3.3000e+11 1027.50876   100%   161 5392s
 229524 178278 1.1786e+11   94  340 3.3000e+11 1027.52620   100%   161 5396s
 230608 179222 1.2544e+10   55  353 3.3000e+11 1027.57835   100%   161 5401s
 231572 179859 1.7845e+11  102  320 3.3000e+11 1027.57877   100%   161 5406s
 232310 180703 1.5192e+10   54  346 3.3000e+11 1027.59020   100%   161 5410s
 233199 180834 1.8894e+11   91  315 3.3000e+11 1027.59020   100%   161 5418s
 233352 181426     cutoff  115      3.3000e+11 1027.60074   100%   161 5423s
 234063 182347 1.0000e+10   60  364 3.3000e+11 1027.60074   100%   161 5428s
 235033 182637 1.6680e+11   97  343 3.3000e+11 1027.60074   100%   161 5438s
 235385 183200 1.9137e+11  103  334 3.3000e+11 1027.64657   100%   161 5442s
 236037 184149 1113.06325   52  354 3.3000e+11 1027.64657   100%   161 5447s
 237034 184936 1.6585e+11  100  337 3.3000e+11 1027.67303   100%   161 5452s
 237945 185494 1121.61218   54  363 3.3000e+11 1027.67303   100%   161 5457s
 238526 186326 3.5641e+10   62  356 3.3000e+11 1027.67303   100%   161 5462s
 239404 186457 8.2974e+10   81  345 3.3000e+11 1027.67303   100%   161 5471s
 239535 193297 8.5113e+10   82  351 3.3000e+11 1027.71479   100%   161 5518s
 247025 193321 7.9857e+10   77  348 3.3000e+11 1027.80808   100%   161 5530s
 247061 194341 6.5634e+10   77  349 3.3000e+11 1027.80909   100%   161 5535s
 248196 195212 1032.74692   43  371 3.3000e+11 1027.80909   100%   161 5540s
 249156 196154 8.7579e+10   73  330 3.3000e+11 1027.83523   100%   161 5545s
 250175 197003 1106.86420   48  361 3.3000e+11 1027.83523   100%   161 5550s
 251126 198001 1.5835e+11   79  317 3.3000e+11 1027.88397   100%   161 5555s
 252210 198648 1.1170e+10   64  352 3.3000e+11 1027.91745   100%   161 5560s
 253932 199515 1058.76202   47  358 3.3000e+11 1027.95186   100%   161 5578s
 253940 206551 1063.66358   48  360 3.3000e+11 1028.00404   100%   161 5628s
 261948 206800 1.5627e+11  102  341 3.3000e+11 1028.10445   100%   161 5634s
 262268 207793 2.2359e+11  112  339 3.3000e+11 1028.10447   100%   161 5639s
 263380 209000 2.3226e+10   73  359 3.3000e+11 1028.14452   100%   161 5645s
 264669 209785 2.0510e+11  127  334 3.3000e+11 1028.14962   100%   161 5651s
 265580 210748 3.0072e+10   64  352 3.3000e+11 1028.16365   100%   161 5656s
 266595 210756 2.1107e+11  113  335 3.3000e+11 1028.16365   100%   161 5668s
 266603 211345 2.1189e+11  113  325 3.3000e+11 1028.17459   100%   161 5673s
 267301 212261 1.0651e+09   55  362 3.3000e+11 1028.18894   100%   161 5678s
 268239 213010 1.2562e+11   96  340 3.3000e+11 1028.20474   100%   161 5683s
 269100 213179 1032.41663   49  369 3.3000e+11 1028.20474   100%   161 5697s
 269303 220098 1036.22386   50  366 3.3000e+11 1028.23757   100%   161 5746s
 276852 220162 8.4972e+10   82  331 3.3000e+11 1028.40018   100%   160 5753s
 276936 221140 6.9285e+10   83  341 3.3000e+11 1028.40018   100%   160 5758s
 277979 221883 2.4626e+11  127  309 3.3000e+11 1028.41785   100%   160 5763s
 278848 222863 8.8004e+09   64  353 3.3000e+11 1028.44811   100%   160 5767s
 279875 223732 1030.19104   49  369 3.3000e+11 1028.44811   100%   160 5773s
 280854 224642 1.2754e+11   78  333 3.3000e+11 1028.46448   100%   160 5778s
 281852 225316 1041.74199   45  366 3.3000e+11 1028.46448   100%   160 5783s
 282637 225324 1.9724e+10   66  347 3.3000e+11 1028.46448   100%   160 5795s
 283318 226678 1.7972e+11   97  320 3.3000e+11 1028.53964   100%   160 5804s
 284175 227990 1.5214e+10   67  358 3.3000e+11 1028.53964   100%   160 5810s
 286037 229216 2.3418e+10   56  337 3.3000e+11 1028.56660   100%   160 5818s
 286955 229778 1.7495e+11   90  330 3.3000e+11 1028.59075   100%   160 5822s
 287660 230429 1052.40505   46  364 3.3000e+11 1028.60174   100%   160 5827s
 288376 231007 5.8006e+10   61  335 3.3000e+11 1028.61591   100%   160 5831s
 289025 231737 4.8841e+10   63  349 3.3000e+11 1028.61591   100%   160 5835s
 290787 233183 1033.96195   45  373 3.3000e+11 1028.67991   100%   160 5842s
 291481 233956 7.4525e+10   72  351 3.3000e+11 1028.67991   100%   160 5846s
 292288 234391 2.7996e+11  132  328 3.3000e+11 1028.67991   100%   160 5852s
 292746 235006 2.8999e+11  131  329 3.3000e+11 1028.69995   100%   160 5856s
 293488 235710 2.6234e+10   61  339 3.3000e+11 1028.69995   100%   160 5860s
 294997 237153 3.9019e+09   53  356 3.3000e+11 1028.70113   100%   160 5869s
 295871 237161 9.9350e+10   79  331 3.3000e+11 1028.70113   100%   160 5879s
 295879 237762 1.0157e+11   79  332 3.3000e+11 1028.74720   100%   160 5883s
 296514 238621 1032.51230   42  365 3.3000e+11 1028.74720   100%   160 5888s
 297515 239088 8.8428e+10   77  335 3.3000e+11 1028.74720   100%   160 5893s
 298004 239753 8.9727e+10   84  340 3.3000e+11 1028.74720   100%   160 5898s
 298739 240763 2.8036e+11  119  316 3.3000e+11 1028.78196   100%   160 5903s
 299821 241514 1.3098e+11   85  313 3.3000e+11 1028.80411   100%   160 5909s
 300682 242331 1044.67087   44  369 3.3000e+11 1028.80411   100%   160 5913s
 301562 243106 6.8972e+10   76  345 3.3000e+11 1028.80411   100%   160 5918s
 302420 243690 1.7750e+11  104  313 3.3000e+11 1028.82392   100%   160 5922s
 303082 244469 7.9162e+09   58  363 3.3000e+11 1028.82392   100%   160 5928s
 303906 245373 8.3634e+10   85  355 3.3000e+11 1028.82392   100%   160 5933s
 304921 245391 2.7870e+11  135  315 3.3000e+11 1028.82392   100%   160 5948s
 304939 245953 2.8924e+11  136  312 3.3000e+11 1028.83984   100%   160 5953s
 305594 246669 7.9569e+09   55  353 3.3000e+11 1028.87827   100%   160 5957s
 306458 247263 1056.05659   50  363 3.3000e+11 1028.88357   100%   160 5962s
 307054 248153 2.1751e+10   68  348 3.3000e+11 1028.88357   100%   160 5967s
 308060 248664 1.5694e+11  103  323 3.3000e+11 1028.89124   100%   160 5971s
 308633 249033 1066.74983   51  363 3.3000e+11 1028.89124   100%   160 5979s
 309012 249960 2.6069e+10   71  354 3.3000e+11 1028.89124   100%   160 5983s
 310071 250476 2.4581e+11  118  314 3.3000e+11 1028.90725   100%   160 5988s
 310649 251471 7.0151e+10   61  351 3.3000e+11 1028.92754   100%   160 5992s
 311747 251720 5.8487e+10   66  333 3.3000e+11 1028.93809   100%   160 6003s
 312048 252224 1.5359e+11   77  320 3.3000e+11 1028.94125   100%   160 6006s
 312578 253289 1106.49094   54  362 3.3000e+11 1028.94125   100%   160 6011s
 313745 254419 1.2992e+11   93  335 3.3000e+11 1028.97614   100%   160 6016s
 314995 254904 9.9339e+09   53  348 3.3000e+11 1028.98902   100%   160 6020s
 316435 256419 6.1091e+08   56  352 3.3000e+11 1028.99798   100%   160 6028s
 317166 256787 6.8073e+10   77  340 3.3000e+11 1028.99798   100%   160 6034s
 317620 257565 1.7766e+11   90  324 3.3000e+11 1029.02489   100%   160 6037s
 318436 258255 5.3085e+09   61  356 3.3000e+11 1029.02489   100%   160 6041s
 319146 259217 8.9644e+10   86  328 3.3000e+11 1029.07242   100%   160 6945s
 321227 260137 1037.26877   46  373 3.3000e+11 1029.08649   100%   160 6957s
 321260 260708 1044.19359   47  372 3.3000e+11 1029.08649   100%   160 6961s
 322909 261942 2.2754e+11  127  337 3.3000e+11 1029.08649   100%   160 7190s
 323217 262418 2.3616e+11  140  327 3.3000e+11 1029.12713   100%   160 7195s
 324681 263562 1.9565e+11  105  316 3.3000e+11 1029.14278   100%   160 7200s

Cutting planes:
  Gomory: 1
  Clique: 11

Explored 325011 nodes (51969719 simplex iterations) in 7200.02 seconds (2911.08 work units)
Thread count was 8 (of 8 available processors)

Solution count 10: 3.3e+11 3.3e+11 3.5e+11 ... 4.2e+11

Time limit reached
Best objective 3.300000010710e+11, best bound 1.029142781217e+03, gap 100.0000%
