
Gurobi 11.0.1 (mac64[arm]) logging started Mon May 27 13:58:26 2024

Set parameter LogFile to value "logs_new/salida_modelo_arcos_400_123.log"
Set parameter TimeLimit to value 7200
Gurobi Optimizer version 11.0.1 build v11.0.1rc0 (mac64[arm] - Darwin 23.4.0 23E224)

CPU model: Apple M2
Thread count: 8 physical cores, 8 logical processors, using up to 8 threads

Optimize a model with 4778403 rows, 3451655 columns and 21152680 nonzeros
Model fingerprint: 0xe470b8a1
Variable types: 101153 continuous, 3350502 integer (3350502 binary)
Coefficient statistics:
  Matrix range     [1e-01, 3e+07]
  Objective range  [1e+00, 2e+01]
  Bounds range     [1e+00, 1e+02]
  RHS range        [1e+00, 3e+07]
Presolve removed 325122 rows and 106300 columns (presolve time = 6s) ...
Presolve removed 325122 rows and 106300 columns (presolve time = 10s) ...
Presolve removed 398220 rows and 130991 columns (presolve time = 15s) ...
Presolve removed 1866048 rows and 131080 columns (presolve time = 20s) ...
Presolve removed 1866419 rows and 152766 columns (presolve time = 25s) ...
Presolve removed 2702853 rows and 154984 columns (presolve time = 30s) ...
Presolve removed 3039421 rows and 155359 columns (presolve time = 35s) ...
Presolve removed 3064159 rows and 156503 columns (presolve time = 40s) ...
Presolve removed 3068493 rows and 157783 columns (presolve time = 45s) ...
Presolve removed 3068493 rows and 157783 columns (presolve time = 50s) ...
Presolve removed 3069152 rows and 159118 columns (presolve time = 55s) ...
Presolve removed 3069152 rows and 159118 columns (presolve time = 60s) ...
Presolve removed 3069152 rows and 159118 columns (presolve time = 67s) ...
Presolve removed 3069152 rows and 159118 columns (presolve time = 72s) ...
Presolve removed 3069152 rows and 159118 columns (presolve time = 77s) ...
Presolve removed 3069152 rows and 159118 columns (presolve time = 80s) ...
Presolve removed 3069152 rows and 159118 columns (presolve time = 86s) ...
Presolve removed 3069152 rows and 159118 columns (presolve time = 90s) ...
Presolve removed 3069152 rows and 159118 columns (presolve time = 97s) ...
Presolve removed 3069152 rows and 159118 columns (presolve time = 100s) ...
Presolve removed 3069152 rows and 159118 columns (presolve time = 107s) ...
Presolve removed 3069152 rows and 159118 columns (presolve time = 110s) ...
Presolve removed 3069152 rows and 159118 columns (presolve time = 116s) ...
Presolve removed 3069152 rows and 159118 columns (presolve time = 120s) ...
Presolve removed 3069152 rows and 159118 columns (presolve time = 126s) ...
Presolve removed 3069152 rows and 159118 columns (presolve time = 132s) ...
Presolve removed 3069152 rows and 159118 columns (presolve time = 135s) ...
Presolve removed 3069152 rows and 159118 columns (presolve time = 141s) ...
Presolve removed 3069152 rows and 159118 columns (presolve time = 146s) ...
Presolve removed 3069152 rows and 159118 columns (presolve time = 152s) ...
Presolve removed 3069152 rows and 159118 columns (presolve time = 155s) ...
Presolve removed 3069152 rows and 159118 columns (presolve time = 160s) ...
Presolve removed 3069152 rows and 159118 columns (presolve time = 165s) ...
Presolve removed 3069152 rows and 159118 columns (presolve time = 170s) ...
Presolve removed 3069152 rows and 159118 columns (presolve time = 176s) ...
Presolve removed 3069152 rows and 159118 columns (presolve time = 180s) ...
Presolve removed 3069152 rows and 159118 columns (presolve time = 185s) ...
Presolve removed 3069152 rows and 159118 columns (presolve time = 1091s) ...
Presolve removed 3069152 rows and 159118 columns (presolve time = 1095s) ...
Presolve removed 3069152 rows and 159118 columns (presolve time = 1100s) ...
Presolve removed 3069152 rows and 159118 columns (presolve time = 1105s) ...
Presolve removed 3069152 rows and 159118 columns (presolve time = 2789s) ...
Presolve removed 3069152 rows and 256809 columns (presolve time = 2791s) ...
Presolve removed 3098965 rows and 257366 columns (presolve time = 2795s) ...
Presolve removed 3248619 rows and 258823 columns (presolve time = 2800s) ...
Presolve removed 3301640 rows and 259374 columns (presolve time = 2805s) ...
Presolve removed 3301640 rows and 259374 columns (presolve time = 2810s) ...
Presolve removed 3302249 rows and 260313 columns (presolve time = 2815s) ...
Presolve removed 3302247 rows and 260311 columns
Presolve time: 2815.41s
Presolved: 1476156 rows, 3191344 columns, 11450652 nonzeros
Variable types: 161 continuous, 3191183 integer (3174821 binary)
Deterministic concurrent LP optimizer: primal simplex, dual simplex, and barrier
Showing barrier log only...

Root barrier log...

Elapsed ordering time = 7s
Elapsed ordering time = 10s
Elapsed ordering time = 15s
Elapsed ordering time = 20s
Elapsed ordering time = 25s
Elapsed ordering time = 30s
Elapsed ordering time = 35s
Elapsed ordering time = 40s
Elapsed ordering time = 45s
Elapsed ordering time = 50s
Elapsed ordering time = 55s
Elapsed ordering time = 60s
Elapsed ordering time = 65s
Elapsed ordering time = 970s
Elapsed ordering time = 970s
Elapsed ordering time = 975s
Elapsed ordering time = 980s
Elapsed ordering time = 985s
Elapsed ordering time = 990s
Elapsed ordering time = 1895s
Elapsed ordering time = 1900s
Elapsed ordering time = 1905s
Elapsed ordering time = 1910s
Elapsed ordering time = 1915s
Elapsed ordering time = 1920s
Elapsed ordering time = 2821s
Ordering time: 2827.43s

Barrier statistics:
 Dense cols : 244
 AA' NZ     : 7.100e+07
 Factor NZ  : 4.396e+08 (roughly 5.0 GB of memory)
 Factor Ops : 2.303e+11 (roughly 4 seconds per iteration)
 Threads    : 5

                  Objective                Residual
Iter       Primal          Dual         Primal    Dual     Compl     Time
   0   7.90050921e+09 -4.20721923e+09  9.48e+07 3.00e+00  1.14e+05  6804s
   1   6.62883381e+09 -4.25109969e+09  7.96e+07 1.30e+01  9.51e+04  7724s

Barrier performed 1 iterations in 7723.84 seconds (631.70 work units)
Time limit reached



Root relaxation: time limit, 0 iterations, 4695.06 seconds (69.45 work units)

Explored 1 nodes (0 simplex iterations) in 7724.58 seconds (588.09 work units)
Thread count was 8 (of 8 available processors)

Solution count 0

Time limit reached
Best objective -, best bound 4.660000000000e+02, gap -
