
Gurobi 11.0.1 (mac64[arm]) logging started Sat May 25 03:20:51 2024

Set parameter LogFile to value "logs_new/salida_modelo_caminos_320_567.log"
Set parameter TimeLimit to value 7200
Gurobi Optimizer version 11.0.1 build v11.0.1rc0 (mac64[arm] - Darwin 23.4.0 23E224)

CPU model: Apple M2
Thread count: 8 physical cores, 8 logical processors, using up to 8 threads

Optimize a model with 573 rows, 1690 columns and 6936 nonzeros
Coefficient statistics:
  Matrix range     [1e+00, 1e+00]
  Objective range  [2e+00, 1e+10]
  Bounds range     [0e+00, 0e+00]
  RHS range        [1e+00, 2e+02]
Warning: Model contains large objective coefficients
         Consider reformulating model or setting NumericFocus parameter
         to avoid numerical issues.

Solved in 0 iterations and 0.00 seconds (0.00 work units)
Optimal objective  1.222000000e+03
Gurobi Optimizer version 11.0.1 build v11.0.1rc0 (mac64[arm] - Darwin 23.4.0 23E224)

CPU model: Apple M2
Thread count: 8 physical cores, 8 logical processors, using up to 8 threads

Optimize a model with 573 rows, 1690 columns and 6936 nonzeros
Model fingerprint: 0x87add69a
Variable types: 0 continuous, 1690 integer (1690 binary)
Coefficient statistics:
  Matrix range     [1e+00, 1e+00]
  Objective range  [2e+00, 1e+10]
  Bounds range     [0e+00, 0e+00]
  RHS range        [1e+00, 2e+02]
Warning: Model contains large objective coefficients
         Consider reformulating model or setting NumericFocus parameter
         to avoid numerical issues.
Found heuristic solution: objective 3.200000e+12
Presolve removed 250 rows and 0 columns
Presolve time: 0.01s
Presolved: 323 rows, 1690 columns, 6738 nonzeros
Variable types: 0 continuous, 1690 integer (1690 binary)
Found heuristic solution: objective 3.130000e+12

Root relaxation: objective 1.222000e+03, 1690 iterations, 0.06 seconds (0.09 work units)

    Nodes    |    Current Node    |     Objective Bounds      |     Work
 Expl Unexpl |  Obj  Depth IntInf | Incumbent    BestBd   Gap | It/Node Time

     0     0 1222.00000    0  282 3.1300e+12 1222.00000   100%     -    0s
H    0     0                    4.800000e+11 1222.00000   100%     -    0s
H    0     0                    4.200000e+11 1222.00000   100%     -    0s
H    0     0                    2.300000e+11 1222.00000   100%     -    0s
     0     0 1223.65901    0  290 2.3000e+11 1223.65901   100%     -    0s
     0     0 1224.17491    0  287 2.3000e+11 1224.17491   100%     -    0s
     0     0 1224.17529    0  289 2.3000e+11 1224.17529   100%     -    0s
     0     0 1224.26871    0  306 2.3000e+11 1224.26871   100%     -    0s
     0     0 1224.26956    0  303 2.3000e+11 1224.26956   100%     -    0s
     0     0 1224.30783    0  312 2.3000e+11 1224.30783   100%     -    0s
     0     0 1224.31904    0  314 2.3000e+11 1224.31904   100%     -    0s
     0     0 1224.32082    0  314 2.3000e+11 1224.32082   100%     -    0s
     0     0 1224.34707    0  308 2.3000e+11 1224.34707   100%     -    0s
     0     0 1224.34875    0  312 2.3000e+11 1224.34875   100%     -    0s
     0     0 1224.36288    0  316 2.3000e+11 1224.36288   100%     -    0s
     0     0 1224.36653    0  316 2.3000e+11 1224.36653   100%     -    0s
H    0     0                    1.800000e+11 1224.36739   100%     -    0s
H    0     0                    1.600000e+11 1224.36873   100%     -    0s
     0     2 1224.36873    0  316 1.6000e+11 1224.36873   100%     -    0s
H   31    40                    1.500000e+11 1226.49900   100%   104    0s
H   71    79                    1.400000e+11 1227.10221   100%  97.1    0s
H  104   113                    1.300000e+11 1227.81131   100%  98.8    0s
H  109   113                    1.200000e+11 1227.81131   100%   102    0s
H  308   318                    1.100000e+11 1227.81131   100%  95.6    1s
H  310   318                    1.000000e+11 1227.81131   100%  95.4    1s
H  313   318                    9.000000e+10 1227.81131   100%  95.3    1s
H 1583  1559                    9.000000e+10 1227.81131   100%  70.6    3s
H 1584  1559                    9.000000e+10 1227.81131   100%  70.5    3s
H 1592  1529                    6.000000e+10 1227.81131   100%  70.4    3s
  2285  2153 1.0000e+10   77  299 6.0000e+10 1227.84674   100%  70.2    5s
H 2469  2175                    6.000000e+10 1227.86250   100%  72.6    7s
H 3222  2477                    5.000000e+10 1227.86250   100%  75.6    9s
H 3228  2290                    4.000000e+10 1227.86250   100%  75.6    9s
  3231  2318 1239.29774   21  282 4.0000e+10 1227.86250   100%  75.6   10s
H 3283  2246                    4.000000e+10 1227.86250   100%  75.5   10s
  6136  3926 1.4947e+10   76  246 4.0000e+10 1229.28073   100%  80.3   15s
  8818  5816 2.2695e+10   85  218 4.0000e+10 1231.33300   100%  78.2   20s
 11752  8425 4.4477e+09   47  241 4.0000e+10 1232.75531   100%  79.4   25s
H14865 10056                    3.000000e+10 1233.73767   100%  76.0   27s
 16471 12234 1268.46655   37  254 3.0000e+10 1234.39685   100%  74.8  933s
 19025 14288 1269.33219   32  266 3.0000e+10 1234.88507   100%  73.5  935s
H22816 16648                    2.999999e+10 1235.58040   100%  73.5  938s
 23741 17978 1362.31925   32  254 3.0000e+10 1235.86143   100%  73.1  941s
 29352 22105 1.7689e+10  100  316 3.0000e+10 1236.89451   100%  72.3  953s
 29358 22109 1.2148e+09   36  310 3.0000e+10 1236.89451   100%  72.3  955s
 29372 22118 2.2994e+10   67  332 3.0000e+10 1236.89451   100%  72.3  960s
 29383 22126 1307.11558   32  337 3.0000e+10 1236.89451   100%  72.3  965s
 29393 22132 1.0000e+10   61  342 3.0000e+10 1236.89451   100%  72.2  970s
 29402 22138 1289.76455   35  339 3.0000e+10 1236.89451   100%  72.2  975s
 29404 22140 1.2824e+10   84  339 3.0000e+10 1236.89451   100%  72.2 1893s
 29409 22143 1321.94639   41  340 3.0000e+10 1236.89451   100%  72.2 1895s
H29414 21039                    2.999998e+10 1236.89451   100%  72.4 1897s
H29554 20086                    2.999998e+10 1236.89451   100%  72.5 1899s
H29601 19118                    2.999998e+10 1236.89451   100%  72.6 1900s
 30796 19739 1.3195e+10   69  237 3.0000e+10 1236.89451   100%  73.6 1906s
H30818 18781                    2.999998e+10 1236.89451   100%  73.7 1906s
 32478 19650 2.9103e+10  102  221 3.0000e+10 1236.89451   100%  75.0 1910s
 34805 20981 1306.05560   41  288 3.0000e+10 1236.89451   100%  76.6 1916s
H34919 20040                    2.999998e+10 1236.89451   100%  76.6 1916s
 36468 21147 3.4415e+09   46  248 3.0000e+10 1236.89451   100%  77.6 1920s
 38600 21878 1.8289e+10   89  224 3.0000e+10 1236.89451   100%  78.7 1927s
H38606 21018                    2.999998e+10 1236.89451   100%  78.7 1927s
 39401 21938 2.7144e+10   82  205 3.0000e+10 1236.89451   100%  79.2 1930s
 42260 23490 2.4126e+10   93  240 3.0000e+10 1236.89451   100%  80.4 1935s
 44465 25047 1260.84427   33  268 3.0000e+10 1237.10060   100%  81.0 2945s
 49281 27179 1246.94478   35  289 3.0000e+10 1238.17281   100%  81.9 2950s
 51613 27693 1253.47334   32  292 3.0000e+10 1238.46354   100%  82.0 2955s
 55119 29817 1321.41387   54  256 3.0000e+10 1239.10798   100%  82.9 2960s
 60285 32647 1260.50106   31  295 3.0000e+10 1239.99534   100%  83.7 2965s
H63832 32844                    2.999998e+10 1240.29657   100%  83.6 2969s
 63839 33896 1253.26638   37  287 3.0000e+10 1240.30025   100%  83.6 2970s
 70022 36340 1249.33667   34  290 3.0000e+10 1241.13790   100%  84.1 2975s
 75277 39708 2.5550e+09   61  248 3.0000e+10 1241.57829   100%  84.6 2980s
 81949 45006 1281.13576   48  258 3.0000e+10 1242.16896   100%  84.7 2985s
 86720 48272 1333.27814   53  258 3.0000e+10 1242.58186   100%  84.7 3902s
 88705 49862 1.1517e+10  113  244 3.0000e+10 1242.76263   100%  84.8 3905s
 94280 55165 1.0055e+10   42  249 3.0000e+10 1243.22341   100%  85.1 3910s
 104202 64413 3.6001e+09   79  258 3.0000e+10 1243.81387   100%  85.0 3915s
 112058 70104 2.6628e+09   95  248 3.0000e+10 1244.30484   100%  84.8 3920s
 120888 77201 5.9426e+09   88  243 3.0000e+10 1244.80372   100%  84.2 3925s
 124429 80067 1.4765e+10   68  249 3.0000e+10 1244.95452   100%  83.9 3931s
 132112 87399 1302.83964   42  254 3.0000e+10 1245.27639   100%  83.5 3935s
 143918 96760 1382.53556   52  244 3.0000e+10 1245.82401   100%  82.8 3940s
 152338 103734 1336.17071   52  253 3.0000e+10 1246.21640   100%  82.2 3945s
 155525 106069 8.7686e+09   92  270 3.0000e+10 1246.40289   100%  82.1 4947s
 157805 108718 1.1314e+10   96  265 3.0000e+10 1246.45173   100%  81.9 4950s
 168871 117704 1.3111e+10   84  213 3.0000e+10 1246.79331   100%  80.6 4955s
 179815 126651 1285.88066   38  278 3.0000e+10 1247.15616   100%  79.5 4960s
 189467 134755 5.9538e+09   69  241 3.0000e+10 1247.54670   100%  78.2 4965s
 195199 139614 1.2145e+10   53  239 3.0000e+10 1247.70741   100%  77.5 4970s
 209787 151673 7.2629e+07   55  268 3.0000e+10 1248.11160   100%  76.2 4976s
 220622 161323 1294.65164   43  265 3.0000e+10 1248.39678   100%  75.3 4980s
 221683 168207 6.2067e+08   51  257 3.0000e+10 1248.41704   100%  75.3 4985s
 235923 174732 1261.16280   40  270 3.0000e+10 1248.78520   100%  74.3 4990s
 241804 178205 2.0068e+09   62  257 3.0000e+10 1248.94169   100%  73.9 5796s
 250266 186249 1398.58985   55  281 3.0000e+10 1249.12795   100%  73.3 5800s
 259090 193000 1373.47891   53  253 3.0000e+10 1249.34197   100%  72.6 5805s
 271972 204218 1293.54834   44  273 3.0000e+10 1249.64208   100%  71.7 5810s
 283776 214784 2.7005e+10  112  225 3.0000e+10 1249.85307   100%  71.0 5815s
 290428 219666 2.0409e+10  115  261 3.0000e+10 1249.99694   100%  70.7 5820s
 302134 229780 1.3680e+09   45  262 3.0000e+10 1250.25301   100%  70.3 5825s
 314263 239438 3.6857e+09   48  258 3.0000e+10 1250.52253   100%  69.8 5830s
 322241 246519 1411.93412   53  269 3.0000e+10 1250.65173   100%  69.6 5835s
 332037 254396 1328.80933   56  250 3.0000e+10 1250.82739   100%  69.1 5841s
 332523 254822 1312.64173   57  264 3.0000e+10 1250.83334   100%  69.1 6850s
 340772 262276 1339.15336   41  250 3.0000e+10 1251.00433   100%  68.9 6855s
 354155 272401 1265.11775   39  277 3.0000e+10 1251.25761   100%  68.5 6860s
 365986 282586 1.0000e+10   50  276 3.0000e+10 1251.45782   100%  68.1 6865s
 373007 289711 1312.10936   47  266 3.0000e+10 1251.56227   100%  67.8 6870s
 385067 298698 1.4556e+09   63  245 3.0000e+10 1251.80349   100%  67.2 6875s
 390333 302899 1330.12415   55  247 3.0000e+10 1251.87502   100%  67.1 6880s
 399647 311431 1349.15992   45  272 3.0000e+10 1252.02011   100%  66.8 6885s
 410366 320369 2.5152e+10   96  242 3.0000e+10 1252.19913   100%  66.5 6890s
 419008 327926 1275.87885   43  277 3.0000e+10 1252.34741   100%  66.4 6895s
 429438 336740 1273.87638   39  267 3.0000e+10 1252.50449   100%  66.1 6900s
 439681 345102 2.0244e+10  120  231 3.0000e+10 1252.63169   100%  65.8 6905s
 451070 354993 1.5803e+10   97  237 3.0000e+10 1252.80534   100%  65.5 6910s
 459278 361338 1.2454e+10   81  233 3.0000e+10 1252.91763   100%  65.3 6915s
 469192 370200 1271.83105   35  277 3.0000e+10 1253.03103   100%  65.0 6920s
 480171 379118 1.7230e+10  101  242 3.0000e+10 1253.17306   100%  64.8 6925s
 489065 386565 1339.57114   50  248 3.0000e+10 1253.27962   100%  64.5 6930s
 497490 393070 5.8678e+09   53  267 3.0000e+10 1253.37995   100%  64.3 6935s
 506176 401227 4.9122e+09   81  253 3.0000e+10 1253.47172   100%  64.1 6940s
 517358 410515 1392.94535   44  220 3.0000e+10 1253.60305   100%  63.8 6945s
 528573 419912 1284.27131   50  276 3.0000e+10 1253.75801   100%  63.5 6950s
 539361 428249 2.4734e+10  106  250 3.0000e+10 1253.90621   100%  63.2 6955s
 546092 434415 1290.27752   49  256 3.0000e+10 1253.98299   100%  63.1 6960s
 558497 444941 1285.85868   43  262 3.0000e+10 1254.12470   100%  63.0 6965s
 566121 450295 1398.46347   55  266 3.0000e+10 1254.20913   100%  62.8 6970s
 575577 459038 5.0091e+09   78  260 3.0000e+10 1254.31367   100%  62.6 6975s
 582589 470850 1317.42252   47  251 3.0000e+10 1254.38790   100%  62.5 6981s
 598062 477453 1370.41735   55  266 3.0000e+10 1254.57246   100%  62.2 6985s
 600962 480526 2.4717e+10  144  237 3.0000e+10 1254.59762   100%  62.2 6990s
 614465 491311     cutoff   68      3.0000e+10 1254.76541   100%  61.9 6995s
 625001 500211 1366.35418   51  259 3.0000e+10 1254.87459   100%  61.7 7000s
 626024 500477 7.6761e+09   63  235 3.0000e+10 1254.88039   100%  61.7 7989s

Cutting planes:
  Gomory: 13
  Cover: 1
  Clique: 12
  Flow cover: 1
  Zero half: 21

Explored 626296 nodes (38633860 simplex iterations) in 7989.05 seconds (1079.18 work units)
Thread count was 8 (of 8 available processors)

Solution count 10: 3e+10 3e+10 4e+10 ... 9e+10

Time limit reached
Best objective 3.000000136300e+10, best bound 1.254880393843e+03, gap 100.0000%
