
Gurobi 11.0.1 (mac64[arm]) logging started Sat May 25 06:33:25 2024

Set parameter LogFile to value "logs_new/salida_modelo_arcos_340_567.log"
Set parameter TimeLimit to value 7200
Gurobi Optimizer version 11.0.1 build v11.0.1rc0 (mac64[arm] - Darwin 23.4.0 23E224)

CPU model: Apple M2
Thread count: 8 physical cores, 8 logical processors, using up to 8 threads

Optimize a model with 2532857 rows, 1779188 columns and 10689240 nonzeros
Model fingerprint: 0x845da5e6
Variable types: 86093 continuous, 1693095 integer (1693095 binary)
Coefficient statistics:
  Matrix range     [1e-01, 2e+07]
  Objective range  [1e+00, 2e+01]
  Bounds range     [1e+00, 1e+02]
  RHS range        [1e+00, 2e+07]
Presolve removed 1467365 rows and 115633 columns (presolve time = 5s) ...
Presolve removed 1830329 rows and 132045 columns (presolve time = 10s) ...
Presolve removed 1832431 rows and 133835 columns (presolve time = 15s) ...
Presolve removed 1832431 rows and 133835 columns (presolve time = 20s) ...
Presolve removed 1832431 rows and 133835 columns (presolve time = 25s) ...
Presolve removed 1832431 rows and 133835 columns (presolve time = 30s) ...
Presolve removed 1832431 rows and 133835 columns (presolve time = 861s) ...
Presolve removed 1832431 rows and 133835 columns (presolve time = 865s) ...
Presolve removed 1832431 rows and 133835 columns (presolve time = 870s) ...
Presolve removed 1832431 rows and 133835 columns (presolve time = 875s) ...
Presolve removed 1832431 rows and 133835 columns (presolve time = 880s) ...
Presolve removed 1832431 rows and 133835 columns (presolve time = 885s) ...
Presolve removed 1832431 rows and 133835 columns (presolve time = 890s) ...
Presolve removed 1832431 rows and 133835 columns (presolve time = 895s) ...
Presolve removed 1832431 rows and 133835 columns (presolve time = 900s) ...
Presolve removed 1832431 rows and 133835 columns (presolve time = 905s) ...
Presolve removed 1832431 rows and 133835 columns (presolve time = 910s) ...
Presolve removed 1832431 rows and 133835 columns (presolve time = 915s) ...
Presolve removed 1832431 rows and 133835 columns (presolve time = 920s) ...
Presolve removed 1832431 rows and 133835 columns (presolve time = 925s) ...
Presolve removed 1832431 rows and 133835 columns (presolve time = 930s) ...
Presolve removed 1832431 rows and 133835 columns (presolve time = 935s) ...
Presolve removed 1832431 rows and 133835 columns (presolve time = 940s) ...
Presolve removed 1832431 rows and 133835 columns (presolve time = 945s) ...
Presolve removed 1832431 rows and 133835 columns (presolve time = 950s) ...
Presolve removed 1832431 rows and 133835 columns (presolve time = 955s) ...
Presolve removed 1832431 rows and 133835 columns (presolve time = 960s) ...
Presolve removed 1832431 rows and 133835 columns (presolve time = 965s) ...
Presolve removed 1832431 rows and 133835 columns (presolve time = 970s) ...
Presolve removed 1832431 rows and 133835 columns (presolve time = 975s) ...
Presolve removed 1832431 rows and 133835 columns (presolve time = 980s) ...
Presolve removed 2039473 rows and 672663 columns
Presolve time: 984.05s
Presolved: 493384 rows, 1106525 columns, 3899156 nonzeros
Variable types: 0 continuous, 1106525 integer (1098280 binary)
Deterministic concurrent LP optimizer: primal simplex, dual simplex, and barrier
Showing barrier log only...

Root barrier log...

Elapsed ordering time = 5s
Ordering time: 6.62s

Barrier statistics:
 Dense cols : 54
 AA' NZ     : 1.401e+07
 Factor NZ  : 8.046e+07 (roughly 1.3 GB of memory)
 Factor Ops : 3.150e+10 (less than 1 second per iteration)
 Threads    : 5

                  Objective                Residual
Iter       Primal          Dual         Primal    Dual     Compl     Time
   0   4.30186661e+08 -5.82163998e+08  2.20e+06 9.00e+00  6.60e+03  1017s
   1   3.49217703e+08 -5.70083683e+08  1.79e+06 1.70e+01  5.27e+03  1018s
   2   2.71028136e+08 -5.58770457e+08  1.39e+06 1.12e+01  4.10e+03  1020s
   3   1.69456219e+08 -5.24804984e+08  8.73e+05 3.21e+00  2.56e+03  1021s
   4   1.11808053e+08 -4.31129909e+08  5.76e+05 6.94e-10  1.57e+03  1022s
   5   3.36332871e+07 -3.52020426e+08  1.72e+05 2.54e-10  5.15e+02  1024s
   6   1.84919398e+07 -2.06547379e+08  9.35e+04 1.80e-09  2.51e+02  1025s
   7   1.04019269e+07 -1.10298807e+08  5.18e+04 1.30e-09  1.26e+02  1026s
   8   7.32926117e+06 -7.45156209e+07  3.61e+04 2.07e-09  8.46e+01  1028s
   9   5.29343272e+06 -5.10034703e+07  2.58e+04 6.80e-10  5.88e+01  1029s
  10   4.08173150e+06 -4.21226365e+07  1.97e+04 5.47e-10  4.64e+01  1030s
  11   3.25644668e+06 -3.21605025e+07  1.56e+04 1.06e-10  3.65e+01  1031s
  12   2.28960500e+06 -2.26665847e+07  1.09e+04 9.42e-11  2.57e+01  1032s
  13   1.32129737e+06 -1.58317269e+07  6.23e+03 1.55e-10  1.59e+01  1034s
  14   8.71129528e+05 -9.47657980e+06  4.09e+03 1.35e-10  1.01e+01  1035s
  15   5.86092751e+05 -7.62384891e+06  2.75e+03 5.39e-11  7.31e+00  1037s
  16   3.86110800e+05 -4.60475150e+06  1.81e+03 4.24e-11  4.70e+00  1038s
  17   1.96803622e+05 -2.31982097e+06  9.14e+02 6.52e-11  2.40e+00  1039s
  18   1.32502679e+05 -1.30015700e+06  6.11e+02 1.79e-11  1.51e+00  1040s
  19   7.95444285e+04 -7.34646803e+05  3.62e+02 9.53e-12  8.77e-01  1042s
  20   3.78853629e+04 -4.63184056e+05  1.66e+02 3.75e-12  4.48e-01  1043s
  21   2.65341232e+04 -3.58842063e+05  1.12e+02 2.43e-12  3.17e-01  1044s
  22   2.36136595e+04 -2.54597967e+05  9.82e+01 1.79e-12  2.51e-01  1045s
  23   2.07465912e+04 -2.28136525e+05  8.42e+01 1.64e-12  2.17e-01  1046s
  24   1.67196545e+04 -1.76860647e+05  6.47e+01 1.14e-12  1.65e-01  1048s
  25   1.44072724e+04 -1.47240021e+05  5.31e+01 9.74e-13  1.35e-01  1562s
  26   1.15610357e+04 -9.62196495e+04  3.85e+01 9.65e-13  9.11e-02  1563s
  27   9.98973335e+03 -6.37266528e+04  3.04e+01 6.08e-13  6.42e-02  1565s
  28   7.65638386e+03 -4.71574759e+04  1.80e+01 9.37e-13  4.07e-02  1566s
  29   6.39658656e+03 -3.65155521e+04  1.16e+01 1.11e-12  2.86e-02  1567s
  30   5.92068049e+03 -2.76202304e+04  9.48e+00 9.98e-13  2.21e-02  1568s
  31   5.27593572e+03 -1.99983254e+04  6.77e+00 8.52e-13  1.58e-02  1570s
  32   4.72834040e+03 -1.33533389e+04  4.83e+00 9.02e-13  1.08e-02  1571s
  33   4.32987561e+03 -1.15829394e+04  3.63e+00 8.01e-13  8.91e-03  1572s
  34   3.93537737e+03 -8.57255511e+03  2.53e+00 6.74e-13  6.58e-03  1573s
  35   3.66916187e+03 -5.02542082e+03  1.87e+00 3.70e-13  4.41e-03  1575s
  36   3.39559728e+03 -3.48358589e+03  1.34e+00 2.76e-13  3.32e-03  1576s
  37   3.27444441e+03 -3.00609605e+03  1.14e+00 2.45e-13  2.96e-03  1577s
  38   3.07382132e+03 -2.19499814e+03  8.13e-01 1.81e-13  2.37e-03  1579s
  39   2.92732262e+03 -1.37709725e+03  6.66e-01 1.44e-13  1.91e-03  1580s
  40   2.78008650e+03 -8.63580827e+02  5.28e-01 1.20e-13  1.58e-03  1581s
  41   2.75552312e+03 -6.80915302e+02  5.10e-01 1.19e-13  1.49e-03  1583s
  42   2.66427617e+03 -5.67565946e+02  4.43e-01 1.18e-13  1.39e-03  1584s
  43   2.56185450e+03 -1.92789596e+02  3.89e-01 1.22e-13  1.17e-03  1585s
  44   2.48263599e+03  1.46294198e+01  3.49e-01 1.29e-13  1.05e-03  1586s
  45   2.39833275e+03  1.45562897e+02  3.08e-01 1.31e-13  9.48e-04  1588s
  46   2.29632367e+03  3.08019264e+02  2.64e-01 1.35e-13  8.32e-04  1589s
  47   2.21987916e+03  4.10665368e+02  2.37e-01 1.37e-13  7.55e-04  1590s
  48   2.11786245e+03  5.67872248e+02  2.05e-01 1.36e-13  6.45e-04  1592s
  49   1.97072313e+03  6.96148915e+02  1.63e-01 1.35e-13  5.28e-04  1593s
  50   1.91452996e+03  7.73176190e+02  1.46e-01 1.31e-13  4.72e-04  1594s
  51   1.80253836e+03  9.09258568e+02  1.18e-01 1.15e-13  3.70e-04  1595s
  52   1.71961926e+03  9.47624097e+02  9.85e-02 1.06e-13  3.19e-04  1597s
  53   1.63759439e+03  1.02799191e+03  8.06e-02 8.52e-14  2.52e-04  1598s
  54   1.58012159e+03  1.12138447e+03  6.81e-02 6.75e-14  1.91e-04  1599s
  55   1.41366128e+03  1.14912872e+03  3.16e-02 6.93e-14  1.09e-04  1601s
  56   1.35717997e+03  1.22050458e+03  2.00e-02 5.85e-14  5.69e-05  1602s
  57   1.29728113e+03  1.24744931e+03  7.88e-03 5.95e-14  2.08e-05  1603s
  58   1.26470076e+03  1.24876907e+03  1.44e-03 7.01e-14  6.45e-06  1604s
  59   1.25695720e+03  1.25603069e+03  2.95e-05 6.04e-14  3.65e-07  1605s
  60   1.25665640e+03  1.25664854e+03  5.05e-08 5.86e-14  3.06e-09  1606s
  61   1.25665517e+03  1.25665517e+03  6.28e-11 1.09e-13  1.30e-13  1607s

Barrier solved model in 61 iterations and 1607.33 seconds (576.33 work units)
Optimal objective 1.25665517e+03


Root crossover log...

   23088 DPushes remaining with DInf 0.0000000e+00              1607s
       0 DPushes remaining with DInf 0.0000000e+00              1608s

    5957 PPushes remaining with PInf 0.0000000e+00              1608s
       0 PPushes remaining with PInf 0.0000000e+00              1608s

  Push phase complete: Pinf 0.0000000e+00, Dinf 5.7252987e-13   1608s


Root simplex log...

Iteration    Objective       Primal Inf.    Dual Inf.      Time
   29007    1.2566552e+03   0.000000e+00   0.000000e+00   1608s
Concurrent spin time: 7.05s

Solved with dual simplex

Root simplex log...

Iteration    Objective       Primal Inf.    Dual Inf.      Time
   47399    1.2566552e+03   0.000000e+00   0.000000e+00   1615s

Root relaxation: objective 1.256655e+03, 47399 iterations, 608.83 seconds (119.81 work units)
Total elapsed time = 1615.38s (DegenMoves)
Total elapsed time = 1621.07s (DegenMoves)

    Nodes    |    Current Node    |     Objective Bounds      |     Work
 Expl Unexpl |  Obj  Depth IntInf | Incumbent    BestBd   Gap | It/Node Time

     0     0 1256.65517    0  112          - 1256.65517      -     - 1623s
     0     0 1259.58333    0  563          - 1259.58333      -     - 1642s
     0     0 1264.00000    0  625          - 1264.00000      -     - 1648s
     0     0 1266.00000    0  624          - 1266.00000      -     - 1654s
     0     0 1268.00000    0  636          - 1268.00000      -     - 1662s
     0     0 1270.00000    0  717          - 1270.00000      -     - 1671s
     0     0 1272.00000    0  737          - 1272.00000      -     - 1680s
     0     0 1272.00000    0  717          - 1272.00000      -     - 2644s
     0     0 1272.12331    0  702          - 1272.12331      -     - 2651s
     0     0 1278.00000    0  722          - 1278.00000      -     - 2659s
     0     0 1278.00000    0  744          - 1278.00000      -     - 2667s
H    0     0                    3718.0000000 1278.00000  65.6%     - 3685s
     0     0 1278.00000    0  741 3718.00000 1278.00000  65.6%     - 3697s
     0     0 1278.00000    0  708 3718.00000 1278.00000  65.6%     - 3704s
     0     0 1280.00000    0  724 3718.00000 1280.00000  65.6%     - 4620s
     0     0 1280.00000    0  679 3718.00000 1280.00000  65.6%     - 4627s
     0     0 1280.00000    0  628 3718.00000 1280.00000  65.6%     - 4635s
     0     0 1280.00000    0  616 3718.00000 1280.00000  65.6%     - 4642s
     0     0 1280.00000    0  633 3718.00000 1280.00000  65.6%     - 4647s
     0     0 1282.00000    0  634 3718.00000 1282.00000  65.5%     - 4656s
     0     0 1282.00000    0  631 3718.00000 1282.00000  65.5%     - 4662s
     0     0 1284.00000    0  646 3718.00000 1284.00000  65.5%     - 4669s
     0     0 1284.00000    0  646 3718.00000 1284.00000  65.5%     - 4674s
H    0     0                    3648.0000000 1284.00000  64.8%     - 4682s
H    0     0                    1300.0000000 1284.00000  1.23%     - 4775s
     0     0 1284.00000    0  685 1300.00000 1284.00000  1.23%     - 4778s
     0     0 1286.00000    0  650 1300.00000 1286.00000  1.08%     - 5221s
     0     0 1288.00000    0  685 1300.00000 1288.00000  0.92%     - 5224s
     0     0 1288.00000    0  656 1300.00000 1288.00000  0.92%     - 5225s
     0     0 1288.00000    0  659 1300.00000 1288.00000  0.92%     - 5226s
     0     0 1288.00000    0  705 1300.00000 1288.00000  0.92%     - 5228s
     0     0 1290.00000    0  718 1300.00000 1290.00000  0.77%     - 5230s
     0     0 1290.00000    0  693 1300.00000 1290.00000  0.77%     - 5231s
     0     0 1290.00000    0  641 1300.00000 1290.00000  0.77%     - 5232s
     0     0 1290.00000    0  611 1300.00000 1290.00000  0.77%     - 5233s
     0     0 1292.00000    0  550 1300.00000 1292.00000  0.62%     - 5234s
     0     0 1292.00000    0  528 1300.00000 1292.00000  0.62%     - 5235s
     0     0 1292.00000    0  532 1300.00000 1292.00000  0.62%     - 5235s
     0     0 1292.00000    0  535 1300.00000 1292.00000  0.62%     - 5239s
     0     0 1292.00000    0   36 1300.00000 1292.00000  0.62%     - 5244s
     0     0 1292.00000    0  195 1300.00000 1292.00000  0.62%     - 5244s
     0     0 1292.00000    0  189 1300.00000 1292.00000  0.62%     - 5244s
     0     0 1292.00000    0  186 1300.00000 1292.00000  0.62%     - 5244s
     0     0 1292.00000    0  186 1300.00000 1292.00000  0.62%     - 5244s
     0     0 1292.00000    0  189 1300.00000 1292.00000  0.62%     - 5244s
     0     0 1292.00000    0  189 1300.00000 1292.00000  0.62%     - 5244s
     0     0 1292.00000    0  188 1300.00000 1292.00000  0.62%     - 5244s
     0     0 1292.00000    0  185 1300.00000 1292.00000  0.62%     - 5244s
     0     0 1292.00000    0  184 1300.00000 1292.00000  0.62%     - 5244s
     0     0 1292.00000    0  215 1300.00000 1292.00000  0.62%     - 5245s
     0     0 1292.00000    0  270 1300.00000 1292.00000  0.62%     - 5246s
     0     0 1292.00000    0  257 1300.00000 1292.00000  0.62%     - 5246s
     0     0 1292.00000    0  254 1300.00000 1292.00000  0.62%     - 5246s
     0     0 1292.00000    0  215 1300.00000 1292.00000  0.62%     - 5246s
     0     0 1292.00000    0   26 1300.00000 1292.00000  0.62%     - 5248s
     0     0 1292.00000    0   71 1300.00000 1292.00000  0.62%     - 5248s
     0     0 1292.00000    0   71 1300.00000 1292.00000  0.62%     - 5248s
     0     0 1292.00000    0   89 1300.00000 1292.00000  0.62%     - 5248s
     0     0 1292.00000    0   22 1300.00000 1292.00000  0.62%     - 5249s
     0     0 1292.00000    0   34 1300.00000 1292.00000  0.62%     - 5249s
     0     0 1292.00681    0  102 1300.00000 1292.00681  0.61%     - 5250s
     0     0 1292.06563    0  102 1300.00000 1292.06563  0.61%     - 5250s
     0     0 1292.06563    0  139 1300.00000 1292.06563  0.61%     - 5250s
     0     0 1293.33333    0   62 1300.00000 1293.33333  0.51%     - 5251s
     0     0 1293.33333    0  163 1300.00000 1293.33333  0.51%     - 5251s
     0     0 1293.33333    0  159 1300.00000 1293.33333  0.51%     - 5251s
     0     0 1293.33333    0  164 1300.00000 1293.33333  0.51%     - 5251s
     0     0 1293.33333    0  223 1300.00000 1293.33333  0.51%     - 5252s
     0     0 1293.33333    0   60 1300.00000 1293.33333  0.51%     - 5253s
     0     0 1293.33333    0   62 1300.00000 1293.33333  0.51%     - 5253s
     0     0 1293.33333    0   36 1300.00000 1293.33333  0.51%     - 5253s
     0     0 1293.33333    0  295 1300.00000 1293.33333  0.51%     - 5254s
     0     0 1293.33333    0  286 1300.00000 1293.33333  0.51%     - 5254s
     0     0 1293.33333    0  345 1300.00000 1293.33333  0.51%     - 5255s
     0     0 1293.33333    0  337 1300.00000 1293.33333  0.51%     - 5255s
     0     0 1293.33333    0  378 1300.00000 1293.33333  0.51%     - 5255s
     0     0 1293.33333    0  384 1300.00000 1293.33333  0.51%     - 5255s
     0     0 1293.33333    0   68 1300.00000 1293.33333  0.51%     - 5256s
     0     0 1293.33333    0   99 1300.00000 1293.33333  0.51%     - 5256s
     0     0 1293.33333    0  123 1300.00000 1293.33333  0.51%     - 5256s
     0     0 1293.33333    0   95 1300.00000 1293.33333  0.51%     - 5256s
     0     0 1293.33333    0   95 1300.00000 1293.33333  0.51%     - 5256s
     0     0 1293.33333    0   95 1300.00000 1293.33333  0.51%     - 5256s
     0     0 1293.33333    0  147 1300.00000 1293.33333  0.51%     - 5257s
     0     0 1293.50000    0  177 1300.00000 1293.50000  0.50%     - 5257s
     0     0 1293.50000    0  152 1300.00000 1293.50000  0.50%     - 5257s
     0     0 1294.00000    0   21 1300.00000 1294.00000  0.46%     - 5257s
     0     0 1294.01331    0   65 1300.00000 1294.01331  0.46%     - 5257s
     0     0 1294.01331    0   78 1300.00000 1294.01331  0.46%     - 5258s
     0     0 1294.01585    0   76 1300.00000 1294.01585  0.46%     - 5258s
     0     0 1294.01761    0   77 1300.00000 1294.01761  0.46%     - 5258s
     0     0 1294.03309    0  103 1300.00000 1294.03309  0.46%     - 5258s
     0     0 1294.06250    0   84 1300.00000 1294.06250  0.46%     - 5258s
     0     0 1294.52941    0   40 1300.00000 1294.52941  0.42%     - 5258s
     0     0 1294.52941    0   37 1300.00000 1294.52941  0.42%     - 5258s
     0     0 1294.60000    0   64 1300.00000 1294.60000  0.42%     - 5258s
     0     0 1295.00000    0   86 1300.00000 1295.00000  0.38%     - 5259s
     0     0 1295.00000    0   70 1300.00000 1295.00000  0.38%     - 5259s
     0     0 1295.00000    0   54 1300.00000 1295.00000  0.38%     - 5259s
     0     0 1295.00000    0   68 1300.00000 1295.00000  0.38%     - 5259s
     0     0 1295.00000    0   75 1300.00000 1295.00000  0.38%     - 5259s
     0     0 1295.00000    0   94 1300.00000 1295.00000  0.38%     - 5259s
     0     0 1295.00000    0   53 1300.00000 1295.00000  0.38%     - 5259s
     0     0 1295.00000    0   68 1300.00000 1295.00000  0.38%     - 5259s
     0     0 1295.00000    0   53 1300.00000 1295.00000  0.38%     - 5260s
     0     0 1295.50000    0   53 1300.00000 1295.50000  0.35%     - 5260s
     0     2 1295.50000    0   53 1300.00000 1295.50000  0.35%     - 5260s

Cutting planes:
  Learned: 9
  Gomory: 2
  Cover: 4
  Implied bound: 20
  Clique: 17
  MIR: 23
  StrongCG: 4
  RLT: 23
  Relax-and-lift: 4
  BQP: 1

Explored 58 nodes (418144 simplex iterations) in 5262.14 seconds (1585.90 work units)
Thread count was 8 (of 8 available processors)

Solution count 6: 1300 1300 1300 ... 3718

Optimal solution found (tolerance 1.00e-04)
Best objective 1.300000000000e+03, best bound 1.300000000000e+03, gap 0.0000%
