
Gurobi 11.0.1 (mac64[arm]) logging started Fri May 24 19:25:56 2024

Set parameter LogFile to value "logs_new/salida_modelo_arcos_300_567.log"
Set parameter TimeLimit to value 7200
Gurobi Optimizer version 11.0.1 build v11.0.1rc0 (mac64[arm] - Darwin 23.4.0 23E224)

CPU model: Apple M2
Thread count: 8 physical cores, 8 logical processors, using up to 8 threads

Optimize a model with 2086594 rows, 1458234 columns and 8724630 nonzeros
Model fingerprint: 0x8c79d2ff
Variable types: 76053 continuous, 1382181 integer (1382181 binary)
Coefficient statistics:
  Matrix range     [1e-01, 1e+07]
  Objective range  [1e+00, 2e+01]
  Bounds range     [1e+00, 1e+02]
  RHS range        [1e+00, 1e+07]
Presolve removed 1310056 rows and 109125 columns (presolve time = 5s) ...
Presolve removed 1490234 rows and 112307 columns (presolve time = 10s) ...
Presolve removed 1490234 rows and 112307 columns (presolve time = 15s) ...
Presolve removed 1490234 rows and 112307 columns (presolve time = 20s) ...
Presolve removed 1490234 rows and 112307 columns (presolve time = 25s) ...
Presolve removed 1490234 rows and 112307 columns (presolve time = 30s) ...
Presolve removed 1490234 rows and 112307 columns (presolve time = 35s) ...
Presolve removed 1490234 rows and 112307 columns (presolve time = 40s) ...
Presolve removed 1490234 rows and 112307 columns (presolve time = 45s) ...
Presolve removed 1490234 rows and 112307 columns (presolve time = 50s) ...
Presolve removed 1490234 rows and 112307 columns (presolve time = 55s) ...
Presolve removed 1490234 rows and 112307 columns (presolve time = 60s) ...
Presolve removed 1490234 rows and 112307 columns (presolve time = 65s) ...
Presolve removed 1490234 rows and 112307 columns (presolve time = 70s) ...
Presolve removed 1490234 rows and 112307 columns (presolve time = 75s) ...
Presolve removed 1490234 rows and 112307 columns (presolve time = 80s) ...
Presolve removed 1490234 rows and 112307 columns (presolve time = 85s) ...
Presolve removed 1490234 rows and 112307 columns (presolve time = 90s) ...
Presolve removed 1490234 rows and 112307 columns (presolve time = 95s) ...
Presolve removed 1490234 rows and 112307 columns (presolve time = 100s) ...
Presolve removed 1490234 rows and 112307 columns (presolve time = 105s) ...
Presolve removed 1490234 rows and 112307 columns (presolve time = 110s) ...
Presolve removed 1729178 rows and 578447 columns
Presolve time: 114.95s
Presolved: 357416 rows, 879787 columns, 3000416 nonzeros
Variable types: 20 continuous, 879767 integer (871985 binary)
Deterministic concurrent LP optimizer: primal simplex, dual simplex, and barrier
Showing barrier log only...

Root barrier log...

Ordering time: 4.09s

Barrier statistics:
 Dense cols : 51
 AA' NZ     : 9.757e+06
 Factor NZ  : 5.254e+07 (roughly 1.0 GB of memory)
 Factor Ops : 1.598e+10 (less than 1 second per iteration)
 Threads    : 5

                  Objective                Residual
Iter       Primal          Dual         Primal    Dual     Compl     Time
   0   6.07415111e+08 -4.82943247e+08  3.41e+06 9.00e+00  8.68e+03   142s
   1   4.59765257e+08 -4.68364332e+08  2.59e+06 8.93e+00  6.36e+03   143s
   2   2.75468260e+08 -4.45380341e+08  1.55e+06 2.97e+00  3.87e+03   144s
   3   2.14259464e+08 -3.99916194e+08  1.21e+06 6.11e-01  2.93e+03   145s
   4   3.39398844e+07 -3.42116572e+08  1.90e+05 6.18e-10  5.71e+02   146s
   5   1.74577770e+07 -2.10047046e+08  9.64e+04 4.02e-11  2.69e+02   146s
   6   1.13134365e+07 -1.47944443e+08  6.19e+04 9.79e-12  1.68e+02   147s
   7   8.62321945e+06 -1.27068698e+08  4.68e+04 9.82e-12  1.32e+02   148s
   8   7.01077757e+06 -9.56221448e+07  3.78e+04 3.71e-12  1.01e+02   148s
   9   6.32406602e+06 -7.42081507e+07  3.40e+04 3.79e-12  8.38e+01   149s
  10   4.35625701e+06 -5.04937749e+07  2.32e+04 2.38e-12  5.69e+01   150s
  11   3.02925701e+06 -3.21265156e+07  1.59e+04 2.50e-12  3.80e+01   152s
  12   1.73162198e+06 -1.93728716e+07  9.01e+03 2.16e-11  2.24e+01   154s
  13   1.06208108e+06 -1.35551418e+07  5.49e+03 2.93e-12  1.47e+01   156s
  14   6.90562104e+05 -1.02626061e+07  3.56e+03 2.73e-12  1.03e+01   158s
  15   4.56001353e+05 -7.37968329e+06  2.35e+03 1.84e-12  7.15e+00  1151s
  16   3.12765303e+05 -5.18688741e+06  1.61e+03 3.33e-12  4.99e+00  1153s
  17   1.91657997e+05 -3.04166392e+06  9.81e+02 1.20e-12  3.03e+00  1153s
  18   9.43581954e+04 -1.38516957e+06  4.77e+02 9.81e-13  1.44e+00  1154s
  19   4.16215797e+04 -8.02483764e+05  2.05e+02 4.14e-13  7.18e-01  1155s
  20   2.04844127e+04 -4.32789695e+05  9.45e+01 2.17e-13  3.59e-01  1156s
  21   1.61466008e+04 -2.95934484e+05  7.13e+01 2.11e-13  2.53e-01  1157s
  22   1.37470562e+04 -2.44406898e+05  5.81e+01 1.93e-13  2.06e-01  1157s
  23   1.16980235e+04 -2.00677650e+05  4.68e+01 1.75e-13  1.67e-01  1158s
  24   9.10119841e+03 -1.80472033e+05  3.23e+01 1.60e-13  1.35e-01  1159s
  25   7.12014841e+03 -1.28516778e+05  2.09e+01 1.37e-13  9.26e-02  1159s
  26   6.27574267e+03 -8.91246507e+04  1.55e+01 1.30e-13  6.50e-02  1160s
  27   5.42869312e+03 -6.25769469e+04  1.01e+01 1.17e-13  4.46e-02  1161s
  28   4.62865443e+03 -4.95902391e+04  5.40e+00 1.05e-13  3.22e-02  1162s
  29   4.29283295e+03 -3.69513422e+04  4.06e+00 9.59e-14  2.42e-02  1162s
  30   3.92547394e+03 -2.60938830e+04  2.78e+00 7.99e-14  1.72e-02  1163s
  31   3.77584628e+03 -2.25709224e+04  2.31e+00 7.46e-14  1.48e-02  1164s
  32   3.45605823e+03 -1.39705868e+04  1.50e+00 4.97e-14  9.56e-03  1165s
  33   3.12160882e+03 -9.50827928e+03  9.02e-01 4.44e-14  6.68e-03  1165s
  34   2.95844165e+03 -6.93262217e+03  7.18e-01 3.38e-14  5.16e-03  1166s
  35   2.89647343e+03 -5.74296933e+03  6.45e-01 3.73e-14  4.49e-03  1166s
  36   2.83602457e+03 -5.11788315e+03  5.79e-01 3.73e-14  4.11e-03  1167s
  37   2.63609203e+03 -3.95130001e+03  3.87e-01 3.73e-14  3.35e-03  1168s
  38   2.50259213e+03 -3.38836005e+03  3.05e-01 3.20e-14  2.97e-03  1168s
  39   2.44993110e+03 -2.72375307e+03  2.80e-01 3.20e-14  2.61e-03  1169s
  40   2.43951800e+03 -2.42056954e+03  2.76e-01 3.02e-14  2.45e-03  1170s
  41   2.31568879e+03 -1.77270588e+03  2.28e-01 2.66e-14  2.05e-03  1170s
  42   2.19346772e+03 -1.34014092e+03  1.85e-01 1.78e-14  1.77e-03  1171s
  43   2.08098310e+03 -8.64128667e+02  1.54e-01 2.13e-14  1.47e-03  1172s
  44   1.95036849e+03 -4.46317613e+02  1.23e-01 1.60e-14  1.20e-03  1173s
  45   1.73338331e+03 -1.97667399e+02  8.44e-02 1.60e-14  9.59e-04  1173s
  46   1.70322284e+03  2.77146700e+01  7.96e-02 1.78e-14  8.33e-04  1174s
  47   1.56234108e+03  3.25657628e+02  5.77e-02 1.60e-14  6.15e-04  1175s
  48   1.43177614e+03  6.39979522e+02  3.94e-02 1.42e-14  3.94e-04  1175s
  49   1.35730485e+03  8.79697153e+02  2.95e-02 1.42e-14  2.39e-04  1176s
  50   1.32310033e+03  9.12278845e+02  2.50e-02 1.60e-14  2.06e-04  1177s
  51   1.27702127e+03  9.70217943e+02  1.87e-02 1.60e-14  1.53e-04  1177s
  52   1.16279621e+03  1.04461378e+03  4.30e-03 1.42e-14  5.84e-05  1178s
  53   1.14762819e+03  1.10551631e+03  2.53e-03 1.78e-14  2.10e-05  1179s
  54   1.14112731e+03  1.12076439e+03  1.77e-03 1.69e-14  1.03e-05  1179s
  55   1.13942871e+03  1.12422653e+03  1.58e-03 2.13e-14  7.75e-06  1180s
  56   1.12880391e+03  1.12470885e+03  4.00e-04 1.78e-14  2.08e-06  1180s
  57   1.12581780e+03  1.12489843e+03  6.20e-05 1.69e-14  4.61e-07  1181s
  58   1.12516662e+03  1.12511527e+03  1.58e-06 1.78e-14  2.53e-08  1182s
  59   1.12514769e+03  1.12514692e+03  1.04e-08 1.78e-14  3.73e-10  1182s
  60   1.12514745e+03  1.12514745e+03  4.06e-10 2.13e-14  3.68e-13  1183s

Barrier solved model in 60 iterations and 1182.74 seconds (430.22 work units)
Optimal objective 1.12514745e+03


Root crossover log...

   21155 DPushes remaining with DInf 0.0000000e+00              1183s
       0 DPushes remaining with DInf 0.0000000e+00              1183s

    5593 PPushes remaining with PInf 4.8068607e-05              1183s
       0 PPushes remaining with PInf 0.0000000e+00              1183s

  Push phase complete: Pinf 0.0000000e+00, Dinf 2.4486707e-12   1183s


Root simplex log...

Iteration    Objective       Primal Inf.    Dual Inf.      Time
   26645    1.1251475e+03   0.000000e+00   0.000000e+00   1183s
Concurrent spin time: 3.80s

Solved with barrier
   26645    1.1251475e+03   0.000000e+00   0.000000e+00   1187s

Root relaxation: objective 1.125147e+03, 26645 iterations, 1052.22 seconds (70.12 work units)
Total elapsed time = 1187.35s (DegenMoves)
Total elapsed time = 1193.68s (DegenMoves)
Total elapsed time = 1195.96s (DegenMoves)

    Nodes    |    Current Node    |     Objective Bounds      |     Work
 Expl Unexpl |  Obj  Depth IntInf | Incumbent    BestBd   Gap | It/Node Time

     0     0 1125.14745    0  131          - 1125.14745      -     - 1199s
     0     0 1133.84211    0  277          - 1133.84211      -     - 1210s
     0     0 1135.00000    0  344          - 1135.00000      -     - 1219s
     0     0 1135.13777    0  358          - 1135.13777      -     - 1226s
     0     0 1137.00000    0  376          - 1137.00000      -     - 1234s
     0     0 1137.88372    0  420          - 1137.88372      -     - 1239s
     0     0 1139.00000    0  407          - 1139.00000      -     - 1245s
     0     0 1139.65455    0  445          - 1139.65455      -     - 1251s
     0     0 1141.00000    0  412          - 1141.00000      -     - 1255s
     0     0 1141.66667    0  457          - 1141.66667      -     - 1260s
     0     0 1145.00000    0  477          - 1145.00000      -     - 1265s
H    0     0                    1301.0000000 1145.00000  12.0%     - 2230s
H    0     0                    1215.0000000 1145.00000  5.76%     - 2232s
     0     0 1146.00000    0  537 1215.00000 1146.00000  5.68%     - 2250s
     0     0 1147.00000    0  527 1215.00000 1147.00000  5.60%     - 2261s
     0     0 1147.89796    0  590 1215.00000 1147.89796  5.52%     - 2272s
     0     0 1149.00000    0  562 1215.00000 1149.00000  5.43%     - 2280s
     0     0 1149.00000    0  559 1215.00000 1149.00000  5.43%     - 2293s
     0     0 1149.00000    0  572 1215.00000 1149.00000  5.43%     - 2301s
     0     0 1149.19923    0  576 1215.00000 1149.19923  5.42%     - 2309s
     0     0 1151.00000    0  542 1215.00000 1151.00000  5.27%     - 2313s
     0     0 1151.00000    0  483 1215.00000 1151.00000  5.27%     - 2316s
     0     0 1151.00000    0  462 1215.00000 1151.00000  5.27%     - 2322s
     0     0 1151.00000    0  477 1215.00000 1151.00000  5.27%     - 2326s
H    0     0                    1177.0000000 1151.00000  2.21%     - 3423s
     0     0 1151.00000    0  470 1177.00000 1151.00000  2.21%     - 3427s
     0     0 1151.00000    0  523 1177.00000 1151.00000  2.21%     - 3430s
     0     0 1151.00000    0  489 1177.00000 1151.00000  2.21%     - 3438s
     0     0 1151.74286    0  463 1177.00000 1151.74286  2.15%     - 3442s
     0     0 1153.00000    0  408 1177.00000 1153.00000  2.04%     - 4393s
     0     0 1154.00000    0  393 1177.00000 1154.00000  1.95%     - 4396s
     0     0 1155.00000    0  364 1177.00000 1155.00000  1.87%     - 4401s
     0     0 1155.00000    0  381 1177.00000 1155.00000  1.87%     - 4402s
     0     0 1155.00000    0  409 1177.00000 1155.00000  1.87%     - 4405s
     0     0 1155.00000    0  441 1177.00000 1155.00000  1.87%     - 4408s
     0     0 1155.00000    0  428 1177.00000 1155.00000  1.87%     - 4411s
     0     0 1155.00000    0  461 1177.00000 1155.00000  1.87%     - 4416s
     0     0 1155.00000    0  449 1177.00000 1155.00000  1.87%     - 4418s
     0     0 1155.00000    0  417 1177.00000 1155.00000  1.87%     - 4420s
     0     0 1155.00000    0  402 1177.00000 1155.00000  1.87%     - 4423s
     0     0 1155.00000    0  373 1177.00000 1155.00000  1.87%     - 4424s
     0     0 1155.00000    0  435 1177.00000 1155.00000  1.87%     - 4426s
     0     0 1155.00000    0  463 1177.00000 1155.00000  1.87%     - 4430s
     0     0 1159.00000    0  481 1177.00000 1159.00000  1.53%     - 4433s
     0     0 1159.00000    0  445 1177.00000 1159.00000  1.53%     - 4434s
     0     0 1161.00000    0  424 1177.00000 1161.00000  1.36%     - 4436s
     0     0 1161.00000    0  490 1177.00000 1161.00000  1.36%     - 5381s
     0     0 1161.00000    0  443 1177.00000 1161.00000  1.36%     - 5382s
     0     0 1161.48034    0  548 1177.00000 1161.48034  1.32%     - 5383s
     0     0 1163.00000    0  506 1177.00000 1163.00000  1.19%     - 5384s
     0     0 1163.00000    0  451 1177.00000 1163.00000  1.19%     - 5385s
     0     0 1165.00000    0  391 1177.00000 1165.00000  1.02%     - 5386s
     0     0 1165.00000    0  345 1177.00000 1165.00000  1.02%     - 5387s
     0     0 1165.00000    0  426 1177.00000 1165.00000  1.02%     - 5387s
     0     0 1165.00000    0  466 1177.00000 1165.00000  1.02%     - 5388s
     0     0 1165.00000    0  500 1177.00000 1165.00000  1.02%     - 5389s
     0     0 1165.00000    0  471 1177.00000 1165.00000  1.02%     - 5390s
     0     0 1165.00000    0  444 1177.00000 1165.00000  1.02%     - 5391s
     0     0 1165.00000    0  440 1177.00000 1165.00000  1.02%     - 5392s
     0     0 1165.00000    0  422 1177.00000 1165.00000  1.02%     - 5392s
     0     0 1165.00000    0  425 1177.00000 1165.00000  1.02%     - 5392s
     0     0 1165.00000    0  419 1177.00000 1165.00000  1.02%     - 5393s
     0     0 1165.00000    0  368 1177.00000 1165.00000  1.02%     - 5393s
     0     0 1165.00000    0  460 1177.00000 1165.00000  1.02%     - 5394s
     0     0 1165.00000    0  435 1177.00000 1165.00000  1.02%     - 5395s
     0     0 1165.00000    0  364 1177.00000 1165.00000  1.02%     - 5396s
     0     0 1165.00000    0  423 1177.00000 1165.00000  1.02%     - 5397s
     0     0 1165.00000    0  390 1177.00000 1165.00000  1.02%     - 5397s
     0     0 1165.00000    0  444 1177.00000 1165.00000  1.02%     - 5398s
     0     0 1165.00000    0  449 1177.00000 1165.00000  1.02%     - 5402s
     0     0 1165.00000    0   93 1177.00000 1165.00000  1.02%     - 5407s
     0     0 1165.00000    0  196 1177.00000 1165.00000  1.02%     - 5407s
     0     0 1167.00000    0  324 1177.00000 1167.00000  0.85%     - 5407s
     0     0 1169.00000    0  337 1177.00000 1169.00000  0.68%     - 5408s
     0     0 1169.00000    0  325 1177.00000 1169.00000  0.68%     - 5408s
     0     0 1169.00000    0  325 1177.00000 1169.00000  0.68%     - 5408s
     0     0 1169.00000    0  283 1177.00000 1169.00000  0.68%     - 5408s
     0     0 1169.00000    0  278 1177.00000 1169.00000  0.68%     - 5408s
     0     0 1169.00000    0  284 1177.00000 1169.00000  0.68%     - 5408s
     0     0 1169.00000    0  275 1177.00000 1169.00000  0.68%     - 5408s
     0     0 1169.01278    0  285 1177.00000 1169.01278  0.68%     - 5408s
     0     0 1171.00000    0  397 1177.00000 1171.00000  0.51%     - 5410s
     0     0 1171.00000    0   44 1177.00000 1171.00000  0.51%     - 5411s
     0     0 1171.00000    0   49 1177.00000 1171.00000  0.51%     - 5411s
     0     0 1171.00000    0   93 1177.00000 1171.00000  0.51%     - 5411s
     0     0 1171.00000    0   81 1177.00000 1171.00000  0.51%     - 5411s
     0     0 1171.00000    0  103 1177.00000 1171.00000  0.51%     - 5411s
     0     0 1171.00000    0  104 1177.00000 1171.00000  0.51%     - 5411s
     0     0 1171.00000    0  137 1177.00000 1171.00000  0.51%     - 5411s
     0     0 1171.00000    0  132 1177.00000 1171.00000  0.51%     - 5411s
     0     0 1171.00000    0  168 1177.00000 1171.00000  0.51%     - 5411s
     0     0 1173.00000    0  106 1177.00000 1173.00000  0.34%     - 5411s
     0     0 1173.00000    0   96 1177.00000 1173.00000  0.34%     - 5411s
     0     0 1173.00000    0   32 1177.00000 1173.00000  0.34%     - 5411s
     0     0 1173.00000    0   19 1177.00000 1173.00000  0.34%     - 5412s
     0     0 1173.00000    0   65 1177.00000 1173.00000  0.34%     - 5412s
     0     0 1173.00000    0   95 1177.00000 1173.00000  0.34%     - 5412s
     0     0 1173.00000    0  105 1177.00000 1173.00000  0.34%     - 5412s
     0     0 1173.00000    0   84 1177.00000 1173.00000  0.34%     - 5412s
     0     0 1173.00000    0  124 1177.00000 1173.00000  0.34%     - 5412s
     0     0 1173.00000    0   29 1177.00000 1173.00000  0.34%     - 5412s
     0     0 1173.00000    0   57 1177.00000 1173.00000  0.34%     - 5412s
     0     0 1173.00000    0   78 1177.00000 1173.00000  0.34%     - 5412s
     0     0 1173.00000    0   77 1177.00000 1173.00000  0.34%     - 5412s
     0     0 1173.00000    0  104 1177.00000 1173.00000  0.34%     - 5412s
     0     0 1173.00000    0   91 1177.00000 1173.00000  0.34%     - 5412s
     0     0 1173.00000    0   88 1177.00000 1173.00000  0.34%     - 5412s
     0     0 1173.00000    0    9 1177.00000 1173.00000  0.34%     - 5412s
     0     0 1173.00000    0   11 1177.00000 1173.00000  0.34%     - 5412s
     0     0 1173.00000    0    4 1177.00000 1173.00000  0.34%     - 5412s
     0     0 1173.03773    0   21 1177.00000 1173.03773  0.34%     - 5412s
     0     0 1175.00000    0   23 1177.00000 1175.00000  0.17%     - 5412s
     0     0 1175.00000    0    8 1177.00000 1175.00000  0.17%     - 5412s
     0     0 1175.00000    0    8 1177.00000 1175.00000  0.17%     - 5412s
     0     0 infeasible    0      1177.00000 1177.00000  0.00%     - 5412s

Cutting planes:
  Learned: 1
  Gomory: 3
  Cover: 2
  MIR: 6
  RLT: 4

Explored 1 nodes (351375 simplex iterations) in 5412.68 seconds (1484.82 work units)
Thread count was 8 (of 8 available processors)

Solution count 8: 1177 1177 1177 ... 1301

Optimal solution found (tolerance 1.00e-04)
Best objective 1.177000000000e+03, best bound 1.177000000000e+03, gap 0.0000%
