
Gurobi 11.0.1 (mac64[arm]) logging started Thu May 23 23:00:51 2024

Set parameter LogFile to value "logs_new/salida_modelo_arcos_280_123.log"
Set parameter TimeLimit to value 7200
Gurobi Optimizer version 11.0.1 build v11.0.1rc0 (mac64[arm] - Darwin 23.4.0 23E224)

CPU model: Apple M2
Thread count: 8 physical cores, 8 logical processors, using up to 8 threads

Optimize a model with 2483615 rows, 1769597 columns and 10710429 nonzeros
Model fingerprint: 0x6e8ae402
Variable types: 71033 continuous, 1698564 integer (1698564 binary)
Coefficient statistics:
  Matrix range     [1e-01, 2e+07]
  Objective range  [1e+00, 2e+01]
  Bounds range     [1e+00, 1e+02]
  RHS range        [1e+00, 2e+07]
Presolve removed 211293 rows and 58413 columns (presolve time = 901s) ...
Presolve removed 229559 rows and 76679 columns (presolve time = 905s) ...
Presolve removed 1164060 rows and 93131 columns (presolve time = 1808s) ...
Presolve removed 1164328 rows and 110404 columns (presolve time = 1810s) ...
Presolve removed 1585456 rows and 111435 columns (presolve time = 1815s) ...
Presolve removed 1586889 rows and 111973 columns (presolve time = 1820s) ...
Presolve removed 1587981 rows and 113205 columns (presolve time = 1825s) ...
Presolve removed 1587981 rows and 113205 columns (presolve time = 2729s) ...
Presolve removed 1587981 rows and 113205 columns (presolve time = 2730s) ...
Presolve removed 1587981 rows and 113205 columns (presolve time = 2735s) ...
Presolve removed 1587981 rows and 113205 columns (presolve time = 2740s) ...
Presolve removed 1587981 rows and 113205 columns (presolve time = 2745s) ...
Presolve removed 1587981 rows and 113205 columns (presolve time = 2750s) ...
Presolve removed 1587981 rows and 113205 columns (presolve time = 3655s) ...
Presolve removed 1587981 rows and 113205 columns (presolve time = 3655s) ...
Presolve removed 1587981 rows and 113205 columns (presolve time = 3660s) ...
Presolve removed 1587981 rows and 113205 columns (presolve time = 3665s) ...
Presolve removed 1587981 rows and 113205 columns (presolve time = 3670s) ...
Presolve removed 1587981 rows and 113205 columns (presolve time = 3675s) ...
Presolve removed 1587981 rows and 113205 columns (presolve time = 3680s) ...
Presolve removed 1587981 rows and 113205 columns (presolve time = 4580s) ...
Presolve removed 1587981 rows and 113205 columns (presolve time = 4585s) ...
Presolve removed 1587981 rows and 113205 columns (presolve time = 4590s) ...
Presolve removed 1587981 rows and 113205 columns (presolve time = 4595s) ...
Presolve removed 1587981 rows and 113205 columns (presolve time = 4600s) ...
Presolve removed 1587981 rows and 113205 columns (presolve time = 4605s) ...
Presolve removed 1587981 rows and 113205 columns (presolve time = 5468s) ...
Presolve removed 1587981 rows and 113205 columns (presolve time = 5470s) ...
Presolve removed 1587981 rows and 113205 columns (presolve time = 5475s) ...
Presolve removed 1587981 rows and 113205 columns (presolve time = 5480s) ...
Presolve removed 1587981 rows and 113205 columns (presolve time = 5485s) ...
Presolve removed 1587981 rows and 113205 columns (presolve time = 5490s) ...
Presolve removed 1587981 rows and 113205 columns (presolve time = 6394s) ...
Presolve removed 1587981 rows and 113205 columns (presolve time = 6395s) ...
Presolve removed 1587981 rows and 113205 columns (presolve time = 6400s) ...
Presolve removed 1587981 rows and 113205 columns (presolve time = 6405s) ...
Presolve removed 1587981 rows and 113205 columns (presolve time = 6410s) ...
Presolve removed 1587981 rows and 113205 columns (presolve time = 6415s) ...
Presolve removed 1587981 rows and 113205 columns (presolve time = 7253s) ...
Presolve removed 1587979 rows and 113203 columns
Presolve time: 7253.81s

Explored 0 nodes (0 simplex iterations) in 7255.47 seconds (113.07 work units)
Thread count was 1 (of 8 available processors)

Solution count 0

Time limit reached
Best objective -, best bound -, gap -
