
Gurobi 11.0.1 (mac64[arm]) logging started Wed May 22 21:56:29 2024

Set parameter LogFile to value "logs_new/salida_modelo_caminos_320_123.log"
Set parameter TimeLimit to value 7200
Gurobi Optimizer version 11.0.1 build v11.0.1rc0 (mac64[arm] - Darwin 23.4.0 23E224)

CPU model: Apple M2
Thread count: 8 physical cores, 8 logical processors, using up to 8 threads

Optimize a model with 573 rows, 2154 columns and 12827 nonzeros
Coefficient statistics:
  Matrix range     [1e+00, 1e+00]
  Objective range  [2e+00, 1e+10]
  Bounds range     [0e+00, 0e+00]
  RHS range        [1e+00, 2e+02]
Warning: Model contains large objective coefficients
         Consider reformulating model or setting NumericFocus parameter
         to avoid numerical issues.

Solved in 0 iterations and 0.00 seconds (0.00 work units)
Optimal objective  8.410000000e+02
Gurobi Optimizer version 11.0.1 build v11.0.1rc0 (mac64[arm] - Darwin 23.4.0 23E224)

CPU model: Apple M2
Thread count: 8 physical cores, 8 logical processors, using up to 8 threads

Optimize a model with 573 rows, 2154 columns and 12827 nonzeros
Model fingerprint: 0xffcba146
Variable types: 0 continuous, 2154 integer (2154 binary)
Coefficient statistics:
  Matrix range     [1e+00, 1e+00]
  Objective range  [2e+00, 1e+10]
  Bounds range     [0e+00, 0e+00]
  RHS range        [1e+00, 2e+02]
Warning: Model contains large objective coefficients
         Consider reformulating model or setting NumericFocus parameter
         to avoid numerical issues.
Found heuristic solution: objective 3.200000e+12
Presolve removed 250 rows and 0 columns
Presolve time: 0.04s
Presolved: 323 rows, 2154 columns, 12418 nonzeros
Variable types: 0 continuous, 2154 integer (2154 binary)
Found heuristic solution: objective 3.180000e+12

Root relaxation: objective 8.410000e+02, 2479 iterations, 0.26 seconds (0.39 work units)

    Nodes    |    Current Node    |     Objective Bounds      |     Work
 Expl Unexpl |  Obj  Depth IntInf | Incumbent    BestBd   Gap | It/Node Time

     0     0  841.00000    0  283 3.1800e+12  841.00000   100%     -    0s
H    0     0                    1.110000e+12  841.00000   100%     -    0s
H    0     0                    7.800000e+11  841.00000   100%     -    0s
H    0     0                    5.600000e+11  841.00000   100%     -    0s
H    0     0                    5.500000e+11  841.00000   100%     -    0s
H    0     0                    5.200000e+11  841.00000   100%     -    0s
H    0     0                    5.000000e+11  841.00000   100%     -    0s
H    0     0                    4.800000e+11  841.00000   100%     -    0s
     0     0  841.02393    0  303 4.8000e+11  841.02393   100%     -    0s
     0     0  841.02737    0  307 4.8000e+11  841.02737   100%     -    0s
     0     0  841.06487    0  315 4.8000e+11  841.06487   100%     -    1s
     0     0  841.06487    0  315 4.8000e+11  841.06487   100%     -    1s
     0     0  841.06487    0  315 4.8000e+11  841.06487   100%     -    1s
H    0     0                    4.200000e+11  841.07980   100%     -    1s
     0     0  841.07980    0  316 4.2000e+11  841.07980   100%     -    1s
H    0     0                    4.000000e+11  841.07980   100%     -    1s
     0     0  841.08107    0  317 4.0000e+11  841.08107   100%     -    1s
     0     0  841.09003    0  319 4.0000e+11  841.09003   100%     -    1s
     0     0  841.09520    0  319 4.0000e+11  841.09520   100%     -    1s
H    0     2                    3.900000e+11  841.09525   100%     -    1s
     0     2  841.09525    0  319 3.9000e+11  841.09525   100%     -    1s
H   31    40                    3.600000e+11  841.76288   100%   188    2s
H   71    73                    3.400000e+11  841.85689   100%   184    2s
H  103   112                    3.300000e+11  841.85689   100%   188    3s
H  104   112                    3.200000e+11  841.85689   100%   188    3s
   249   268  863.23153   19  293 3.2000e+11  841.85689   100%   183    5s
H  543   551                    3.100000e+11  841.85689   100%   182    9s
   601   623 2.0939e+09   43  301 3.1000e+11  841.85689   100%   187   10s
  1210  1257 5.2031e+10   74  288 3.1000e+11  841.85689   100%   181   15s
  2088  2042  914.74338   32  283 3.1000e+11  842.22683   100%   172   21s
H 2548  2307                    3.000000e+11  842.22683   100%   166   23s
H 2585  2222                    2.900000e+11  842.22683   100%   168   24s
  2614  2245  844.49532   22  303 2.9000e+11  842.22683   100%   168   25s
H 2627  2138                    2.800000e+11  842.22683   100%   168   25s
H 2655  2058                    2.700000e+11  842.22683   100%   168   27s
  2724  2114  856.57552   29  282 2.7000e+11  842.22683   100%   169   30s
  3104  2373 7.5418e+09   53  278 2.7000e+11  842.22683   100%   175   35s
  3355  2532 3.3042e+10   73  271 2.7000e+11  842.22683   100%   183   40s
  3697  2743 1.0119e+11  100  267 2.7000e+11  842.22683   100%   190   46s
  3705  2748 1.0724e+11  100  265 2.7000e+11  842.22683   100%   190   57s
H 3715  2653                    2.600000e+11  842.22683   100%   190   58s
  3919  2844 1.6196e+11  118  256 2.6000e+11  842.22683   100%   193   60s
  4387  3048  872.36511   33  295 2.6000e+11  842.22683   100%   193   65s
  4809  3253 1.5025e+10   56  277 2.6000e+11  842.22683   100%   192   70s
  5344  3676 7.1454e+10   70  275 2.6000e+11  842.22683   100%   194   75s
  6280  4370 1.2676e+11   96  261 2.6000e+11  842.22683   100%   189   80s
  7064  4714  856.33844   29  305 2.6000e+11  843.00000   100%   187   85s
  8037  5631 8.3126e+10  104  290 2.6000e+11  843.00000   100%   183  989s
  8608  6051 2.0180e+11  130  269 2.6000e+11  843.08163   100%   181  992s
  9278  6645  872.77811   38  299 2.6000e+11  843.08633   100%   179  996s
 10213  7291 1.0651e+11  100  248 2.6000e+11  843.63622   100%   176 1000s
 11882  8532 5.8276e+10   93  286 2.6000e+11  843.63622   100%   171 1009s
 11891  8934 5.8840e+10   94  287 2.6000e+11  843.63622   100%   171 1011s
 12574 10027 1.2556e+11  124  282 2.6000e+11  843.76627   100%   171 1864s
 13531 10727  880.74708   35  303 2.6000e+11  843.76627   100%   169 1866s
 14371 11051 9.4221e+10  119  292 2.6000e+11  843.98172   100%   167 1870s
 15565 12681 9.1812e+10   93  284 2.6000e+11  844.07225   100%   166 1877s
 17304 13330 6.7997e+10   47  261 2.6000e+11  844.19900   100%   164 1881s
 17726 14389  864.49657   30  294 2.6000e+11  844.47176   100%   164 1885s
 18458 14956 1.1490e+11   66  265 2.6000e+11  844.47176   100%   163 1983s
 19149 15403 1.0944e+11   68  268 2.6000e+11  844.49025   100%   162 1986s
 19667 15427  850.08010   28  305 2.6000e+11  844.52335   100%   162 1996s
 19691 15435  852.20158   30  305 2.6000e+11  844.52335   100%   162 2007s
H19696 15435                    2.600000e+11  844.52335   100%   162 2007s
 20340 16331 8.9711e+08   56  294 2.6000e+11  844.52335   100%   161 2010s
 21176 17419 8.7896e+10  116  279 2.6000e+11  844.82127   100%   161 2015s
 22868 18976 6.7597e+09   49  284 2.6000e+11  844.82127   100%   159 2021s
 24731 20926  945.87170   50  305 2.6000e+11  844.94120   100%   158 2026s
 27189 22430 1.1749e+11  133  291 2.6000e+11  844.94120   100%   156 2032s
H27353 22430                    2.600000e+11  844.94120   100%   155 2032s
 28038 23832 1.2656e+10   41  291 2.6000e+11  845.19166   100%   156 2036s
 29366 24138 5.4911e+10   74  319 2.6000e+11  845.19166   100%   155 2062s
H29370 22933                    2.600000e+11  845.19166   100%   155 2064s
 29372 22934 2.4761e+11  132  329 2.6000e+11  845.19166   100%   155 2065s
 29379 22939 1.7236e+11  126  335 2.6000e+11  845.19166   100%   155 2070s
H29384 21795                    2.600000e+11  845.19166   100%   155 2084s
H29384 20705                    2.600000e+11  845.19166   100%   155 2084s
 29388 20713  845.19166   32  305 2.6000e+11  845.19166   100%   155 2085s
H29460 19725                    2.600000e+11  845.19166   100%   155 2087s
 29490 19749  849.02727   40  301 2.6000e+11  845.19166   100%   155 2095s
 29957 20096 9.1384e+10   72  245 2.6000e+11  845.19166   100%   156 2100s
 30466 20350  856.68361   40  302 2.6000e+11  845.19166   100%   155 2106s
 30711 20482  931.48777   54  299 2.6000e+11  845.19166   100%   155 2110s
 30926 20651 1.5526e+10   72  287 2.6000e+11  845.19166   100%   155 2115s
 31279 20910 7.8494e+10   89  290 2.6000e+11  845.19166   100%   156 2120s
 31870 21219 2.5407e+11  121  255 2.6000e+11  845.19166   100%   155 2125s
 32172 21320  932.43893   48  285 2.6000e+11  845.19166   100%   156 2132s
 32309 21566 1.2974e+10   59  278 2.6000e+11  845.19166   100%   156 2135s
 32845 21971 1.0967e+11   96  251 2.6000e+11  845.19166   100%   155 2140s
 33688 22346  893.82199   50  296 2.6000e+11  845.19166   100%   154 2145s
H34347 21386                    2.300000e+11  845.19166   100%   154 2149s
 34348 21675 3.0676e+10   71  277 2.3000e+11  845.19166   100%   154 2153s
 34720 22044 1.1391e+11   98  253 2.3000e+11  845.19166   100%   153 2155s
H36287 21692                    2.300000e+11  845.19166   100%   152 2158s
 36496 22196  859.76113   50  306 2.3000e+11  845.19166   100%   152 2160s
 37297 22337 7.1978e+10   81  268 2.3000e+11  845.19166   100%   151 2172s
H37432 20794                    2.000000e+11  845.19166   100%   151 2172s
H37568 20064                    2.000000e+11  845.19166   100%   151 2176s
 38397 21110 1.5435e+11   86  245 2.0000e+11  845.19166   100%   150 2180s
H39275 20022                    2.000000e+11  845.19166   100%   150 2186s
 39870 21239  856.70314   40  307 2.0000e+11  845.19166   100%   149 2190s
 40869 21283 7.4294e+10   77  263 2.0000e+11  845.19166   100%   149 2197s
 41994 22524 3.0701e+10   65  288 2.0000e+11  845.19166   100%   148 2200s
 43908 24191 1.4577e+11   91  263 2.0000e+11  845.19166   100%   147 2207s
H45688 22982                    2.000000e+11  845.19166   100%   146 2212s
 46455 23717 5.1193e+10   72  279 2.0000e+11  845.19166   100%   146 2216s
 47484 24613 6.6856e+10   71  264 2.0000e+11  845.19166   100%   145 2220s
 48393 24318 3.4930e+10   57  288 2.0000e+11  845.19166   100%   145 2226s
H48399 23593                    2.000000e+11  845.19166   100%   145 2226s
 48992 24966 1.3217e+11   90  272 2.0000e+11  845.19166   100%   145 2231s
 50686 25908  878.90618   54  309 2.0000e+11  845.19166   100%   144 2236s
 52601 26161     cutoff   80      2.0000e+11  845.19166   100%   143 2241s
 54005 27351  902.46170   47  295 2.0000e+11  845.19166   100%   143 2246s
 55958 27761 6.2371e+10  102  291 2.0000e+11  845.19166   100%   142 2256s
 56565 28946 1.4011e+11  129  279 2.0000e+11  845.19166   100%   142 2260s
 57555 28624 7.8962e+10   71  279 2.0000e+11  845.19166   100%   142 2267s
 58294 29307 6.6309e+08   55  304 2.0000e+11  845.19166   100%   141 2271s
 58632 30935 2.0443e+10   66  291 2.0000e+11  845.23072   100%   141 2276s
 61339 31124 1.6743e+11  111  246 2.0000e+11  845.34298   100%   140 2280s
 61758 30993 1.9896e+10   59  292 2.0000e+11  845.34298   100%   140 2303s
H61759 30304                    2.000000e+11  845.34298   100%   140 2303s
 61766 30527 2.1329e+10   60  289 2.0000e+11  845.34298   100%   140 2305s
H61825 29855                    1.999999e+11  845.34298   100%   140 2305s
 62726 30206  879.62627   49  294 2.0000e+11  845.50530   100%   140 2312s
 62734 30729  884.38498   50  292 2.0000e+11  845.53436   100%   140 2315s
 63671 31568 1.4938e+10   66  301 2.0000e+11  845.61973   100%   140 2321s
 65489 32930 4.0195e+10   77  276 2.0000e+11  845.79642   100%   140 2326s
 67443 33351 7.0009e+10   93  277 2.0000e+11  845.80604   100%   139 2333s
 67625 33975 1.9658e+11  138  255 2.0000e+11  845.81816   100%   139 2335s
 69446 35835  851.67004   43  301 2.0000e+11  845.92218   100%   139 2340s
 71083 36483 1.6850e+11  131  258 2.0000e+11  846.00721   100%   138 2347s
 72223 37844 8.8462e+10   87  266 2.0000e+11  846.04846   100%   138 2351s
 73368 39537 4.9535e+10   69  285 2.0000e+11  846.24388   100%   138 2358s
 74681 40411     cutoff  106      2.0000e+11  846.29371   100%   138 2361s
 76299 41844 4.2620e+10   72  280 2.0000e+11  846.35867   100%   138 2366s
 77385 41870  926.85842   50  293 2.0000e+11  846.35867   100%   138 2374s
 77430 42008  937.15837   50  288 2.0000e+11  846.35867   100%   138 2376s
 78169 43366 6.7453e+09   52  288 2.0000e+11  846.44353   100%   138 2381s
 79978 44662 2.1023e+09   55  285 2.0000e+11  846.57486   100%   138 2387s
 80648 45689  908.77114   57  298 2.0000e+11  846.65525   100%   138 2390s
 82593 47041  852.58444   40  302 2.0000e+11  846.71023   100%   138 2397s
 83349 47628 4.7771e+10   80  272 2.0000e+11  846.75104   100%   138 2400s
 84721 48311 4.4218e+10   83  276 2.0000e+11  846.75104   100%   138 2411s
H84723 48311                    1.999999e+11  846.75104   100%   138 2411s
 84796 48505 4.7087e+10   83  269 2.0000e+11  846.75104   100%   138 2416s
 84990 49259 8.7567e+10  105  253 2.0000e+11  846.80414   100%   138 2420s
 85853 49579  979.08591   66  293 2.0000e+11  846.80414   100%   137 2426s
 87449 51168  893.85027   48  300 2.0000e+11  846.95598   100%   137 2432s
 88039 52410  856.66234   44  307 2.0000e+11  846.97983   100%   137 2436s
 90205 53701  866.78951   53  287 2.0000e+11  847.10290   100%   137 2441s
 90857 54555  859.61522   46  305 2.0000e+11  847.10290   100%   137 2445s
 92666 55270  932.94780   61  293 2.0000e+11  847.12692   100%   137 2460s
 94009 57463 1.3664e+11  109  255 2.0000e+11  847.20654   100%   137 2467s
 96131 59082 1.3470e+11  113  269 2.0000e+11  847.24209   100%   137 2472s
 97834 60462 4.5632e+10   57  284 2.0000e+11  847.32651   100%   137 2476s
 99164 61798 1.0199e+11  103  270 2.0000e+11  847.42694   100%   137 2481s
 100956 63465 2.1739e+10   63  290 2.0000e+11  847.58416   100%   136 2486s
 102850 65329 7.9324e+10   88  271 2.0000e+11  847.63976   100%   136 2492s
 104079 65379 2.4225e+10   65  289 2.0000e+11  847.64377   100%   136 2503s
 104147 66262 4.3077e+10   73  285 2.0000e+11  847.67015   100%   136 2505s
 106328 68340  855.67255   46  304 2.0000e+11  847.68332   100%   136 2511s
 108031 68923 1.1507e+11  108  285 2.0000e+11  847.68332   100%   136 2520s
 109097 70409 6.4731e+09   58  295 2.0000e+11  847.80057   100%   136 2525s
 110534 72097 4.2840e+10   75  291 2.0000e+11  847.86358   100%   135 2530s
 112175 73271 1.0296e+11   84  260 2.0000e+11  847.88853   100%   135 2535s
 113767 74872  860.28996   45  307 2.0000e+11  847.92222   100%   135 2540s
 115691 76387 3.0578e+10   66  277 2.0000e+11  847.96305   100%   135 2545s
 117215 77347  873.89906   43  292 2.0000e+11  848.05689   100%   135 2553s
 117519 78374 1.5558e+10   57  277 2.0000e+11  848.05691   100%   135 2557s
 118667 79159 3.4575e+10   60  282 2.0000e+11  848.07401   100%   135 2560s
 120612 80802  850.75458   44  306 2.0000e+11  848.10143   100%   135 2566s
 122281 82496 3.0582e+09   59  282 2.0000e+11  848.16903   100%   135 2570s
 123879 83876 2.2218e+10   59  298 2.0000e+11  848.16903   100%   135 2575s
 124847 83884 1.3018e+11  102  275 2.0000e+11  848.16903   100%   135 2586s
 124855 84367 1.3474e+11  103  275 2.0000e+11  848.19213   100%   135 2590s
 126593 85931  851.58961   42  303 2.0000e+11  848.19213   100%   134 2596s
 127100 86695 2.8250e+10   63  288 2.0000e+11  848.19213   100%   134 2600s
 128530 88072 2.7655e+10   70  280 2.0000e+11  848.25342   100%   134 2607s
 130322 89617  857.63809   47  303 2.0000e+11  848.27479   100%   134 2611s
 131261 89648 2.5856e+10   87  293 2.0000e+11  848.27479   100%   134 2618s
 131292 90195 6.8612e+10   92  291 2.0000e+11  848.27479   100%   134 2620s
 132858 91933 9.8045e+09   60  294 2.0000e+11  848.35323   100%   134 2626s
 135103 93927 5.7031e+10   77  273 2.0000e+11  848.39987   100%   134 2632s
 137075 95309 1.3936e+11   88  267 2.0000e+11  848.45842   100%   134 2636s
 137650 95799 5.6452e+09   57  301 2.0000e+11  848.45880   100%   134 2641s
 138855 97547 7.3093e+10   81  283 2.0000e+11  848.45961   100%   134 2646s
 141124 99359 9.2097e+10  104  288 2.0000e+11  848.53355   100%   134 2651s
 142684 100711 1.3103e+11   96  252 2.0000e+11  848.54736   100%   133 2656s
 144513 102211 7.8231e+09   57  273 2.0000e+11  848.61604   100%   133 2660s
 146111 103464 3.1510e+09   59  301 2.0000e+11  848.64241   100%   133 2665s
 147609 104338 5.2242e+10   72  283 2.0000e+11  848.69367   100%   133 2675s
 147671 111457 7.2620e+10   71  280 2.0000e+11  848.70159   100%   133 2708s
 155679 112562 8.1913e+10   96  278 2.0000e+11  848.87510   100%   133 2711s
 156880 112651 5.0473e+10   88  282 2.0000e+11  848.87757   100%   133 2716s
 156988 113760 5.7161e+10   89  280 2.0000e+11  848.89000   100%   133 2720s
 159676 116107  906.83554   54  307 2.0000e+11  848.93785   100%   133 2726s
 161963 118164 3.6578e+10   75  294 2.0000e+11  848.97739   100%   133 2732s
 163186 119398 1.6022e+10   60  300 2.0000e+11  849.00421   100%   133 2736s
 165275 120662 2.8597e+10   74  287 2.0000e+11  849.00943   100%   133 2741s
 166546 122222 9.0998e+10  106  281 2.0000e+11  849.01496   100%   133 2745s
 168530 122941 9.1039e+10   95  284 2.0000e+11  849.04925   100%   132 2753s
 168550 123435 1.0543e+11   96  285 2.0000e+11  849.09778   100%   132 2755s
 170979 125742 1.6474e+10   63  295 2.0000e+11  849.14310   100%   132 2761s
 172463 126925 4.3911e+09   69  297 2.0000e+11  849.20292   100%   132 2766s
 174076 128460 9.8880e+09   60  290 2.0000e+11  849.25902   100%   132 2770s
 176585 130712  870.80262   41  298 2.0000e+11  849.29974   100%   132 2777s
 177322 131360  850.82204   42  298 2.0000e+11  849.32226   100%   132 2780s
 178073 131846  903.25259   48  305 2.0000e+11  849.33085   100%   132 2789s
 178570 135138 3.8585e+10   65  297 2.0000e+11  849.35460   100%   132 2803s
 182267 135398 1.6850e+11   94  263 2.0000e+11  849.41078   100%   132 2809s
 182539 136207 7.0406e+10   87  273 2.0000e+11  849.41436   100%   132 2813s
 183386 137588 1.3732e+10   66  289 2.0000e+11  849.41814   100%   132 2817s
 184917 138531 9.9711e+08   64  288 2.0000e+11  849.41814   100%   132 2821s
 187389 140241 7.1559e+08   49  294 2.0000e+11  849.43514   100%   132 2832s
 187955 140803 1.9398e+11   80  222 2.0000e+11  849.46178   100%   132 2835s
 189807 142815 7.5443e+10   80  271 2.0000e+11  849.49793   100%   132 2841s
 191910 144449 1.7954e+11  110  261 2.0000e+11  849.52452   100%   132 2847s
 192649 145748 6.3738e+10   70  281 2.0000e+11  849.54139   100%   132 2851s
 194836 147190  860.06706   43  300 2.0000e+11  849.56104   100%   132 2855s
 196102 148356  874.12601   48  305 2.0000e+11  849.57297   100%   132 2860s
 197872 149078     cutoff  135      2.0000e+11  849.60350   100%   132 2874s
 197882 149121  855.29781   46  300 2.0000e+11  849.60350   100%   132 2878s
 197925 149281  861.01060   47  302 2.0000e+11  849.60350   100%   132 2882s
 199058 150899 1.1546e+11  115  276 2.0000e+11  849.60844   100%   132 2886s
 200876 152423 1.9657e+11  117  242 2.0000e+11  849.62147   100%   132 2891s
 202452 153714 8.4613e+10   73  260 2.0000e+11  849.67383   100%   132 2896s
 204241 155222 1.4333e+11  108  271 2.0000e+11  849.70316   100%   132 2900s
 205374 156209 1.1570e+11   90  262 2.0000e+11  849.70348   100%   132 2906s
 207108 158313 1.8280e+11  111  261 2.0000e+11  849.75454   100%   132 2912s
 208402 158743 1.7978e+11  100  260 2.0000e+11  849.76780   100%   132 2916s
 209862 160344 1.7085e+11  110  260 2.0000e+11  849.76921   100%   132 2921s
 211657 161154 1.1811e+10   54  280 2.0000e+11  849.81424   100%   132 2935s
 213257 163117 1.1074e+11   99  268 2.0000e+11  849.83526   100%   131 2942s
 213848 163125 5.3659e+09   55  291 2.0000e+11  849.84983   100%   132 2951s
 214579 164703 8.2499e+10   83  279 2.0000e+11  849.85725   100%   131 2955s
 216470 166532 4.4187e+10   64  275 2.0000e+11  849.89798   100%   131 2960s
 218261 167919 7.6689e+10   77  271 2.0000e+11  849.92079   100%   131 2966s
 220161 169656  867.49129   54  308 2.0000e+11  849.95619   100%   131 2970s
 221815 171509  883.94100   48  315 2.0000e+11  849.96161   100%   131 2977s
 224085 172761 3.1336e+10   62  285 2.0000e+11  849.99613   100%   131 2982s
 225465 173560 3.5196e+10   56  281 2.0000e+11  850.00327   100%   131 2988s
 225475 174095 2.8083e+10   57  287 2.0000e+11  850.00581   100%   131 2990s
 226914 175389 3.6889e+10   89  288 2.0000e+11  850.00581   100%   131 2996s
 228459 176981 1.0022e+11   85  260 2.0000e+11  850.05235   100%   131 3001s
 230001 178443 8.7967e+10   97  287 2.0000e+11  850.06413   100%   131 3006s
 230987 179109 4.6976e+10   51  279 2.0000e+11  850.07465   100%   131 3010s
 232633 180446 1.8105e+11  123  258 2.0000e+11  850.09969   100%   131 3019s
 233292 181086 2.2093e+10   54  283 2.0000e+11  850.12412   100%   131 3021s
 234034 181152 1.9585e+11   75  236 2.0000e+11  850.13335   100%   131 3027s
 234134 181694 9.4542e+10   70  253 2.0000e+11  850.13649   100%   131 3030s
 235888 183209  875.28729   51  295 2.0000e+11  850.13829   100%   131 3035s
 237923 185243 1.0916e+10   58  286 2.0000e+11  850.15931   100%   131 3040s
 240354 187315 1.3880e+09   53  290 2.0000e+11  850.19728   100%   131 3046s
 241640 188479  922.54651   70  304 2.0000e+11  850.21616   100%   131 3050s
 243833 190602 1.4440e+10   69  299 2.0000e+11  850.24737   100%   131 3056s
 244786 190610 1.2636e+11  104  286 2.0000e+11  850.24737   100%   131 3063s
 244794 191085 1.3431e+11  104  281 2.0000e+11  850.26082   100%   131 3065s
 245754 192013 6.8886e+09   64  297 2.0000e+11  850.28270   100%   131 3072s
 247306 193698 1.2292e+10   62  278 2.0000e+11  850.30253   100%   131 3076s
 248855 194846 6.2625e+10   73  272 2.0000e+11  850.32343   100%   131 3081s
 250426 196442 8.9397e+10   74  263 2.0000e+11  850.37703   100%   131 3086s
 251440 197229 2.3663e+10   69  292 2.0000e+11  850.38528   100%   131 3090s
 253599 198420 9.5868e+10   99  268 2.0000e+11  850.38899   100%   131 3104s
 253655 198428 1.0901e+11  100  273 2.0000e+11  850.38899   100%   131 3112s
 253663 199073 1.0012e+11  100  270 2.0000e+11  850.39614   100%   131 3115s
 255598 200706  871.47217   54  301 2.0000e+11  850.42885   100%   131 3121s
 257042 202162 6.3900e+10   79  277 2.0000e+11  850.45328   100%   131 3126s
 259119 203998  857.31575   50  307 2.0000e+11  850.49212   100%   131 3131s
 260878 205565 1.0624e+11  109  282 2.0000e+11  850.53797   100%   131 3137s
 261769 206420 1.5784e+10   62  284 2.0000e+11  850.54072   100%   131 3140s
 263391 207801 1.3820e+11  103  278 2.0000e+11  850.56363   100%   131 3145s
 265195 209004 7.7748e+10   89  280 2.0000e+11  850.59575   100%   131 3150s
 266518 210973 1.7831e+10   69  309 2.0000e+11  850.61259   100%   131 3157s
 267948 211502  899.82789   55  304 2.0000e+11  850.61442   100%   131 3160s
 270091 213349 3.5898e+10   64  292 2.0000e+11  850.66209   100%   131 3167s
 270620 213357 1.7645e+11   97  267 2.0000e+11  850.66209   100%   131 3173s
 270628 214164 1.4935e+11   97  269 2.0000e+11  850.66416   100%   131 3175s
 272251 215546 1.4261e+11   55  256 2.0000e+11  850.69282   100%   131 3180s
 275096 217601  888.22448   52  298 2.0000e+11  850.71453   100%   130 3187s
 276514 219122 1.7782e+09   58  294 2.0000e+11  850.73696   100%   131 3191s
 278248 220555 1.0878e+11   76  253 2.0000e+11  850.73900   100%   131 3196s
 279862 222106 2.3929e+10   78  295 2.0000e+11  850.75795   100%   130 3201s
 281439 223068 5.2685e+10   76  282 2.0000e+11  850.77535   100%   130 3210s
 281791 223955 7.8473e+10   79  274 2.0000e+11  850.77881   100%   130 3221s
 282787 227148 9.2632e+10   86  275 2.0000e+11  850.78206   100%   130 3230s
 287215 228892 1.4460e+11  109  271 2.0000e+11  850.82123   100%   130 3236s
 289343 230574 1.5871e+11   98  251 2.0000e+11  850.86280   100%   130 3242s
 290222 231578 3.1410e+10   72  284 2.0000e+11  850.87132   100%   130 3245s
 292218 233456 1.8690e+10   59  287 2.0000e+11  850.89232   100%   130 3251s
 294679 234932 7.6597e+09   59  290 2.0000e+11  850.92439   100%   130 3258s
 295008 235604 1.3377e+11   82  259 2.0000e+11  850.92825   100%   130 3267s
 295770 236200 1.2346e+09   60  302 2.0000e+11  850.92825   100%   130 3270s
 297657 237907 3.0555e+10   77  293 2.0000e+11  850.95901   100%   130 3276s
 298291 238037 8.7283e+10   91  275 2.0000e+11  850.95901   100%   130 3286s
 299392 239877 1.6341e+11  113  283 2.0000e+11  850.95915   100%   130 3291s
 301484 241478 1.9650e+11  112  220 2.0000e+11  850.97000   100%   130 3297s
 302474 242226  881.35621   48  304 2.0000e+11  850.97000   100%   130 3300s
 304193 243707 6.9428e+10   82  277 2.0000e+11  850.97000   100%   130 3305s
 304989 244054 1.1573e+11  101  272 2.0000e+11  851.00671   100%   130 3311s
 306265 245764 1.9554e+10   85  280 2.0000e+11  851.01169   100%   130 3316s
 308204 247312  855.97017   46  305 2.0000e+11  851.01892   100%   130 3322s
 310003 248959 1.9097e+11  122  242 2.0000e+11  851.05194   100%   130 3326s
 310999 249836 1.4678e+10   65  290 2.0000e+11  851.05194   100%   130 3330s
 312845 251689 4.8890e+10   73  292 2.0000e+11  851.07384   100%   130 3336s
 314781 252794 7.8355e+08   61  293 2.0000e+11  851.09980   100%   130 3340s
 315261 252804 3.3601e+10   77  277 2.0000e+11  851.09980   100%   130 3345s
 316604 254771 1.4898e+11  115  242 2.0000e+11  851.11716   100%   130 3350s
 318223 256278 1.3655e+11  121  273 2.0000e+11  851.13584   100%   130 3355s
 321030 258398  866.55947   50  312 2.0000e+11  851.15803   100%   130 3362s
 322409 259915     cutoff  123      2.0000e+11  851.17617   100%   130 3368s
 323335 260051 1.5062e+10   74  291 2.0000e+11  851.19007   100%   130 3373s
 323495 260058 1.8876e+10   78  295 2.0000e+11  851.19007   100%   130 3378s
 323504 260650 2.2556e+10   78  294 2.0000e+11  851.19007   100%   130 3380s
 325172 262400 3.3603e+10   68  287 2.0000e+11  851.22934   100%   130 3385s
 326952 264323 4.9497e+10   84  295 2.0000e+11  851.23895   100%   130 3393s
 328253 265275 7.8206e+09   54  291 2.0000e+11  851.25508   100%   130 3396s
 329987 266472 1.6780e+10   54  288 2.0000e+11  851.25967   100%   130 3401s
 331582 268202 2.4941e+10   61  288 2.0000e+11  851.29919   100%   130 3406s
 333151 268862 1.3946e+10   72  283 2.0000e+11  851.30190   100%   130 3414s
 333306 269670 3.6908e+10   81  289 2.0000e+11  851.30294   100%   130 3417s
 334201 270583  857.65523   45  309 2.0000e+11  851.30355   100%   130 3421s
 335184 270766 7.0652e+10   93  281 2.0000e+11  851.30355   100%   130 3430s
 337254 273023 1.2338e+11  103  264 2.0000e+11  851.32821   100%   130 3437s
 338766 274414 1.7199e+11   69  255 2.0000e+11  851.36287   100%   130 3442s
 339579 275358 1.0963e+11   93  270 2.0000e+11  851.36653   100%   130 3445s
 340696 275366 1.8332e+11   75  235 2.0000e+11  851.39586   100%   130 3457s
 340704 282490 1.8510e+11   76  236 2.0000e+11  851.40522   100%   130 3488s
 348712 283408 3.3052e+10   54  288 2.0000e+11  851.47051   100%   130 3491s
 351016 285570 5.0735e+09   51  290 2.0000e+11  851.49876   100%   130 3496s
 353137 287353 5.8306e+10   73  284 2.0000e+11  851.50969   100%   130 3501s
 355085 289152 2.5753e+10   73  287 2.0000e+11  851.53303   100%   130 3506s
 356219 289349  865.19510   55  304 2.0000e+11  851.53407   100%   130 3512s
 356470 292267  866.26286   56  302 2.0000e+11  851.54700   100%   130 3528s
 359720 293575 1.5056e+11  110  270 2.0000e+11  851.56892   100%   130 3532s
 361242 294863 1.3230e+10   73  288 2.0000e+11  851.60759   100%   130 3536s
 362675 295721  909.78421   50  291 2.0000e+11  851.64242   100%   130 3540s
 365071 297995 5.5857e+09   64  293 2.0000e+11  851.66546   100%   130 3546s
 367365 299871 3.8585e+10   74  303 2.0000e+11  851.68252   100%   130 3552s
 369123 301320 8.5602e+10   90  277 2.0000e+11  851.69469   100%   130 4457s
 370177 302325 2.3187e+10   81  305 2.0000e+11  851.71152   100%   130 4461s
 372029 304295 3.0130e+10   75  290 2.0000e+11  851.73988   100%   130 4468s
 373516 304303  993.24524   69  297 2.0000e+11  851.73988   100%   130 4481s
 373524 304878 3.2926e+09   69  304 2.0000e+11  851.73988   100%   130 5383s
 374190 305605 6.5711e+10   89  288 2.0000e+11  851.75243   100%   130 5386s
 376034 307411 6.3916e+10   83  264 2.0000e+11  851.77217   100%   130 5391s
 378188 309282  891.17828   53  297 2.0000e+11  851.80932   100%   130 5396s
 379856 310709  884.24378   47  290 2.0000e+11  851.81593   100%   130 5400s
 382493 313020 1.5956e+11  105  241 2.0000e+11  851.84589   100%   130 5406s
 383317 313943 3.0770e+10   75  290 2.0000e+11  851.85350   100%   130 6309s
 384355 314458  863.76996   48  298 2.0000e+11  851.85812   100%   130 6311s
 386005 316571 7.8136e+10   72  269 2.0000e+11  851.86703   100%   130 6316s
 387930 317100 1.3212e+11   86  239 2.0000e+11  851.87991   100%   130 6326s
 389602 319540 2.5658e+10   57  304 2.0000e+11  851.89850   100%   130 6332s
 390664 320297 1.8960e+11   98  255 2.0000e+11  851.90286   100%   130 7233s

Cutting planes:
  Gomory: 11
  Clique: 12
  Flow cover: 2
  Zero half: 14

Explored 391513 nodes (50767965 simplex iterations) in 7233.90 seconds (2284.76 work units)
Thread count was 8 (of 8 available processors)

Solution count 10: 2e+11 2e+11 2.3e+11 ... 2.9e+11

Time limit reached
Best objective 2.000000008970e+11, best bound 8.519128231170e+02, gap 100.0000%
