
Gurobi 11.0.1 (mac64[arm]) logging started Fri May 24 21:11:51 2024

Set parameter LogFile to value "logs_new/salida_modelo_caminos_300_567.log"
Set parameter TimeLimit to value 7200
Gurobi Optimizer version 11.0.1 build v11.0.1rc0 (mac64[arm] - Darwin 23.4.0 23E224)

CPU model: Apple M2
Thread count: 8 physical cores, 8 logical processors, using up to 8 threads

Optimize a model with 553 rows, 1565 columns and 6398 nonzeros
Coefficient statistics:
  Matrix range     [1e+00, 1e+00]
  Objective range  [2e+00, 1e+10]
  Bounds range     [0e+00, 0e+00]
  RHS range        [1e+00, 2e+02]
Warning: Model contains large objective coefficients
         Consider reformulating model or setting NumericFocus parameter
         to avoid numerical issues.

Solved in 0 iterations and 0.00 seconds (0.00 work units)
Optimal objective  1.177000000e+03
Gurobi Optimizer version 11.0.1 build v11.0.1rc0 (mac64[arm] - Darwin 23.4.0 23E224)

CPU model: Apple M2
Thread count: 8 physical cores, 8 logical processors, using up to 8 threads

Optimize a model with 553 rows, 1565 columns and 6398 nonzeros
Model fingerprint: 0x26e7695a
Variable types: 0 continuous, 1565 integer (1565 binary)
Coefficient statistics:
  Matrix range     [1e+00, 1e+00]
  Objective range  [2e+00, 1e+10]
  Bounds range     [0e+00, 0e+00]
  RHS range        [1e+00, 2e+02]
Warning: Model contains large objective coefficients
         Consider reformulating model or setting NumericFocus parameter
         to avoid numerical issues.
Found heuristic solution: objective 3.000000e+12
Presolve removed 250 rows and 0 columns
Presolve time: 0.01s
Presolved: 303 rows, 1565 columns, 6189 nonzeros
Variable types: 0 continuous, 1565 integer (1565 binary)
Found heuristic solution: objective 2.930000e+12

Root relaxation: objective 1.177000e+03, 1564 iterations, 0.04 seconds (0.08 work units)

    Nodes    |    Current Node    |     Objective Bounds      |     Work
 Expl Unexpl |  Obj  Depth IntInf | Incumbent    BestBd   Gap | It/Node Time

     0     0 1177.00000    0  246 2.9300e+12 1177.00000   100%     -    0s
H    0     0                    3.300000e+11 1177.00000   100%     -    0s
H    0     0                    3.000000e+11 1177.00000   100%     -    0s
H    0     0                    2.200000e+11 1177.00000   100%     -    0s
H    0     0                    2.100000e+11 1177.00000   100%     -    0s
H    0     0                    2.000000e+11 1177.00000   100%     -    0s
     0     0 1178.10219    0  264 2.0000e+11 1178.10219   100%     -    0s
H    0     0                    1.900000e+11 1178.10219   100%     -    0s
H    0     0                    1.800000e+11 1178.45991   100%     -    0s
     0     0 1178.45991    0  275 1.8000e+11 1178.45991   100%     -    0s
H    0     0                    1.700000e+11 1178.45991   100%     -    0s
     0     0 1178.58994    0  281 1.7000e+11 1178.58994   100%     -    0s
H    0     0                    1.600000e+11 1178.58994   100%     -    0s
     0     0 1178.66776    0  289 1.6000e+11 1178.66776   100%     -    0s
     0     0 1178.67411    0  298 1.6000e+11 1178.67411   100%     -    0s
     0     0 1178.67464    0  296 1.6000e+11 1178.67464   100%     -    0s
     0     0 1179.03163    0  287 1.6000e+11 1179.03163   100%     -    0s
     0     0 1179.03202    0  291 1.6000e+11 1179.03202   100%     -    0s
     0     0 1179.15687    0  282 1.6000e+11 1179.15687   100%     -    0s
H    0     0                    1.400000e+11 1179.15687   100%     -    0s
     0     0 1179.16484    0  281 1.4000e+11 1179.16484   100%     -    0s
     0     0 1179.22235    0  290 1.4000e+11 1179.22235   100%     -    0s
     0     0 1179.23078    0  291 1.4000e+11 1179.23078   100%     -    0s
     0     0 1179.24914    0  290 1.4000e+11 1179.24914   100%     -    0s
     0     0 1179.24961    0  291 1.4000e+11 1179.24961   100%     -    0s
     0     0 1179.26679    0  293 1.4000e+11 1179.26679   100%     -    0s
     0     0 1179.33451    0  293 1.4000e+11 1179.33451   100%     -    0s
     0     2 1179.33708    0  293 1.4000e+11 1179.33708   100%     -    0s
H   33    40                    1.400000e+11 1181.51639   100%   102    0s
H   38    40                    1.300000e+11 1181.51639   100%  97.5    0s
H   68    80                    1.300000e+11 1181.51639   100%   101    0s
H   70    80                    1.200000e+11 1181.51639   100%  98.6    0s
H  114   122                    1.000000e+11 1181.51639   100%  94.2    0s
H  156   164                    9.000000e+10 1181.51639   100%  95.7    1s
H  162   164                    9.000000e+10 1181.51639   100%  97.0    1s
H  755   765                    8.000000e+10 1181.51639   100%  79.5    2s
H  763   765                    8.000000e+10 1181.51639   100%  79.7    2s
H 2039  1960                    7.000000e+10 1181.57002   100%  66.9    3s
  2065  1970 1.4148e+10   46  295 7.0000e+10 1181.57002   100%  66.5    5s
H 2136  1922                    6.000000e+10 1182.58026   100%  68.7    5s
H 2252  1910                    6.000000e+10 1182.58026   100%  69.4    6s
H 2256  1820                    5.000000e+10 1182.58026   100%  69.4    6s
  4170  2881 4.2038e+09   42  248 5.0000e+10 1184.07840   100%  71.7   10s
  6512  4276 1.5034e+10   42  242 5.0000e+10 1186.45083   100%  75.3   15s
H 7687  4453                    4.000000e+10 1187.44394   100%  76.5   18s
  8526  5389 2.6547e+10   73  238 4.0000e+10 1188.53591   100%  76.4   20s
 12020  8521 1.9575e+10   88  223 4.0000e+10 1189.84285   100%  75.6   25s
 14982 11233 1.0936e+10   89  246 4.0000e+10 1190.59027   100%  75.5   30s
 17988 13778 1.4792e+10  105  248 4.0000e+10 1191.51695   100%  77.6   35s
 20378 16059 1206.23339   26  261 4.0000e+10 1192.14505   100%  77.9   40s
H21263 16341                    4.000000e+10 1192.45256   100%  77.7   43s
 21614 16723 3.0469e+09   51  226 4.0000e+10 1192.48887   100%  77.7   45s
H21794 16723                    3.999999e+10 1192.48887   100%  77.7   45s
 24795 19795     cutoff  106      4.0000e+10 1193.07014   100%  77.0   50s
 28000 22711 2.4625e+10  110  227 4.0000e+10 1193.61516   100%  77.3   55s
 29626 23275 1.0000e+10   56  293 4.0000e+10 1193.78039   100%  77.2   67s
 29638 23283 3.4530e+10   75  303 4.0000e+10 1193.78039   100%  77.2   70s
H29643 22121                    3.000000e+10 1193.78039   100%  77.2   73s
H29645 21016                    3.000000e+10 1193.78039   100%  77.2   74s
H29646 19965                    3.000000e+10 1193.78039   100%  77.2   74s
 29648 19967 1276.09148   40  307 3.0000e+10 1193.78039   100%  77.2   75s
H29649 18968                    2.000000e+10 1193.78039   100%  77.2   76s
 29658 18974 1210.85119   27  310 2.0000e+10 1193.78039   100%  77.1   80s
 29668 18981 1.7100e+10   71  326 2.0000e+10 1193.78039   100%  77.1   85s
 29679 18988 1223.90157   31  332 2.0000e+10 1193.78039   100%  77.1   90s
 29690 18996 2.0000e+10   95  325 2.0000e+10 1193.78039   100%  77.1   95s
 29693 18998 2.0000e+10   97  328 2.0000e+10 1193.78039   100%  77.1 1077s
 29699 19002 1288.58872   37  324 2.0000e+10 1193.78039   100%  77.0 1080s
 29711 19010 1224.58514   28  321 2.0000e+10 1193.78039   100%  77.0 1085s
 29724 19018 2.0000e+10   47  328 2.0000e+10 1193.78039   100%  77.0 1090s
 29736 19026 1213.55501   31  328 2.0000e+10 1193.78039   100%  76.9 1095s
 29890 19138 1243.24253   42  263 2.0000e+10 1193.78039   100%  77.3 1100s
 31420 19972 3.3963e+09   77  243 2.0000e+10 1193.78039   100%  77.8 1105s
 33986 21252 1240.13221   45  252 2.0000e+10 1193.78039   100%  78.6 1110s
 36700 22756 1.0034e+09   69  233 2.0000e+10 1193.78039   100%  79.4 1115s
 38230 23126 7.1518e+09   67  216 2.0000e+10 1193.78039   100%  79.9 1120s
 40272 24337 1.2252e+09   72  241 2.0000e+10 1193.78039   100%  80.5 2084s
 41325 24695 4.8607e+09   72  241 2.0000e+10 1193.78039   100%  80.4 2085s
 42940 25288 5.1851e+09   73  240 2.0000e+10 1193.78055   100%  80.7 2090s
 46521 27440 1199.07916   42  241 2.0000e+10 1194.52686   100%  80.5 2095s
 51429 30129 1.4240e+10   66  247 2.0000e+10 1195.54221   100%  80.7 2100s
 55456 32654 3.7198e+09   52  219 2.0000e+10 1196.25983   100%  80.1 2105s
H56029 31455                    2.000000e+10 1196.36811   100%  80.2 2105s
H58595 31735                    2.000000e+10 1196.94085   100%  79.9 2107s
 63734 34307 1257.82596   55  247 2.0000e+10 1197.48705   100%  78.9 2110s
 70108 37989 1243.64236   49  251 2.0000e+10 1198.23664   100%  78.3 2115s
 79107 41805 infeasible   90      2.0000e+10 1199.06234   100%  76.5 2120s
 87872 48731 2.0906e+09   87  223 2.0000e+10 1199.78672   100%  75.7 2125s
 90045 49849 2.2917e+09   79  241 2.0000e+10 1199.86049   100%  75.4 3139s
 90053 50927 2.5494e+09   80  237 2.0000e+10 1199.92110   100%  75.4 3140s
 100418 59098 1212.93823   41  272 2.0000e+10 1200.64488   100%  74.1 3145s
*109556 54367              84    1.000000e+10 1201.24386   100%  73.4 3148s
 112252 56701 1270.82406   56  247 1.0000e+10 1201.53658   100%  73.3 3150s
 121750 64063 2.5107e+08   63  236 1.0000e+10 1202.18075   100%  73.4 3155s
 128855 69584 1286.22332   51  245 1.0000e+10 1202.63891   100%  73.4 3160s
 138207 76337 1.0000e+10   59  220 1.0000e+10 1203.14803   100%  73.5 3165s
 143373 81096 1.0522e+09   57  237 1.0000e+10 1203.38530   100%  73.2 3170s
 154661 89961 infeasible  105      1.0000e+10 1203.87353   100%  72.8 3175s
 164458 97816 6.1828e+09   84  212 1.0000e+10 1204.39354   100%  72.5 3180s
 170338 102795 2.1571e+09   59  246 1.0000e+10 1204.63307   100%  72.5 3258s
 173178 104961 3.7609e+09   73  218 1.0000e+10 1204.74603   100%  72.4 3260s
 178205 109300 1221.13419   44  254 1.0000e+10 1204.97396   100%  72.4 3265s
 188214 116220 5.9892e+08   51  231 1.0000e+10 1205.38233   100%  72.3 3270s
 199007 124717 8.8138e+09   70  233 1.0000e+10 1205.79686   100%  72.1 3275s
*203631 127383             108    1.000000e+10 1206.03075   100%  72.1 3277s
H205044 47645                    1333.0000000 1206.08721  9.52%  72.1 3278s
 207958 48884 1226.36760   43  280 1333.00000 1206.35541  9.50%  72.1 3280s
 207975 48895 1245.31110   59  330 1333.00000 1206.35541  9.50%  72.1 3285s
 207988 48904 1278.77388   46  325 1333.00000 1206.35541  9.50%  72.1 3290s
 208004 48914 1224.35690   43  334 1333.00000 1206.35541  9.50%  72.1 3295s
 208017 48923 1228.49262   43  335 1333.00000 1206.35541  9.50%  72.1 3300s
 208027 48930 1221.24847   47  328 1333.00000 1206.35541  9.50%  72.1 4212s
 208143 49016 1206.35541   49  242 1333.00000 1206.35541  9.50%  72.2 4215s
 211175 50159 1322.36986   65  214 1333.00000 1206.35541  9.50%  72.2 4220s
 221532 53422 1220.24691   51  264 1333.00000 1206.35541  9.50%  72.4 4225s
 233794 55831 1290.63254   60  239 1333.00000 1206.35541  9.50%  72.5 4230s
 245339 58253 1245.41716   62  262 1333.00000 1206.35541  9.50%  72.7 4235s
 258120 60879 1279.79035   66  217 1333.00000 1206.35541  9.50%  72.8 4240s
 270752 63161     cutoff   66      1333.00000 1207.70679  9.40%  72.9 4245s
 282108 64825 1318.00189   62  236 1333.00000 1208.70298  9.32%  73.0 4250s
 291748 66369 1226.72806   59  247 1333.00000 1209.71398  9.25%  73.1 4255s
 298016 67307 1222.43634   54  253 1333.00000 1210.23039  9.21%  73.1 4260s
 307785 68655 infeasible   73      1333.00000 1210.95379  9.16%  73.2 4265s
 318200 70293 1278.95806   68  256 1333.00000 1211.66571  9.10%  73.2 4270s
 328740 71487     cutoff   75      1333.00000 1212.41430  9.05%  73.3 4275s
 339513 72925 1276.81302   83  247 1333.00000 1213.07614  9.00%  73.3 4280s
 351109 74328 1248.90119   62  255 1333.00000 1213.76047  8.95%  73.4 4285s
 361800 77965 1241.80997   55  244 1333.00000 1214.37834  8.90%  73.5 4290s
 372304 82654 1244.52390   54  242 1333.00000 1214.96471  8.85%  73.5 4295s
 380346 86241     cutoff   75      1333.00000 1215.33705  8.83%  73.6 4300s
 391395 91002 1249.26791   63  230 1333.00000 1215.88102  8.79%  73.6 4305s
 401749 95393 1250.61234   58  268 1333.00000 1216.30587  8.75%  73.7 4310s
 412065 99855     cutoff   62      1333.00000 1216.76240  8.72%  73.8 4315s
 421925 104202 1231.45615   59  278 1333.00000 1217.16459  8.69%  73.8 4320s
 433630 109228 1244.59795   70  245 1333.00000 1217.60875  8.66%  73.8 4325s
 441121 112468 1240.25563   59  245 1333.00000 1217.90984  8.63%  73.9 4330s
 451492 116658 1272.98446   65  235 1333.00000 1218.30148  8.60%  73.9 4335s
 462097 121240 1250.88951   60  247 1333.00000 1218.68351  8.58%  73.9 4340s
 472783 125579 1245.44263   55  233 1333.00000 1219.00982  8.55%  73.9 4345s
 482455 129210     cutoff   66      1333.00000 1219.30677  8.53%  73.9 4350s
 493729 133692 1226.43799   55  266 1333.00000 1219.65030  8.50%  73.9 4355s
 502088 137244 1236.49518   62  265 1333.00000 1219.93970  8.48%  73.9 4360s
 513091 141753 1292.45309   65  242 1333.00000 1220.26906  8.46%  73.9 4365s
 522000 145205 1262.47004   61  251 1333.00000 1220.53187  8.44%  73.9 5347s
 527034 147136 1237.22578   65  251 1333.00000 1220.69098  8.43%  73.9 5350s
 538940 151935 1285.00330   75  235 1333.00000 1221.01756  8.40%  73.9 5355s
 552010 157215 1255.51614   65  259 1333.00000 1221.36383  8.37%  73.9 5360s
 563510 161384 1246.00896   61  229 1333.00000 1221.66348  8.35%  73.9 5365s
 576019 166424 1275.34020   60  232 1333.00000 1221.98434  8.33%  73.9 5370s
 588831 171194     cutoff   71      1333.00000 1222.29018  8.31%  73.9 5375s
 601402 176081 1322.45180   64  241 1333.00000 1222.58404  8.28%  73.8 5380s
 612376 180290 1235.95230   60  258 1333.00000 1222.84775  8.26%  73.8 5385s
 619737 182913 1281.75820   62  225 1333.00000 1222.98481  8.25%  73.8 5390s
 625111 184966 1256.92732   64  253 1333.00000 1223.11604  8.24%  73.8 6311s
 631851 187712 1311.46432   61  251 1333.00000 1223.27544  8.23%  73.8 6315s
 644659 192571 1244.54544   61  254 1333.00000 1223.56645  8.21%  73.8 6320s
 657342 197349 1248.07480   67  244 1333.00000 1223.84978  8.19%  73.8 6325s
 671098 202383 1257.32861   65  230 1333.00000 1224.15654  8.17%  73.8 6330s
 684427 207011 1238.48498   59  256 1333.00000 1224.43844  8.14%  73.7 6335s
 696698 211514 1251.98136   62  234 1333.00000 1224.67746  8.13%  73.8 6340s
 708657 215963 1256.06604   60  241 1333.00000 1224.90563  8.11%  73.8 6345s
 719830 220011 1260.67826   53  243 1333.00000 1225.12732  8.09%  73.8 6350s
 730476 224043 1251.29009   63  252 1333.00000 1225.32780  8.08%  73.8 6355s
 740530 227543 1251.94694   59  220 1333.00000 1225.50903  8.06%  73.7 6360s
 751261 231397 1275.18787   59  242 1333.00000 1225.70452  8.05%  73.7 6365s
 761308 235297 1277.92657   70  236 1333.00000 1225.88840  8.04%  73.7 6370s
 772909 239531 1297.51183   60  231 1333.00000 1226.10242  8.02%  73.7 6375s
 782261 242809     cutoff   62      1333.00000 1226.27052  8.01%  73.7 6380s
 793877 247326 1313.49629   76  230 1333.00000 1226.45392  7.99%  73.7 6385s
 803660 250764 1294.44842   60  230 1333.00000 1226.61465  7.98%  73.7 6390s
 813762 254214 1284.10083   65  237 1333.00000 1226.80547  7.97%  73.7 6395s
 823962 257900 1243.26765   65  261 1333.00000 1226.97724  7.95%  73.7 6400s
 834561 261493 1255.85664   60  239 1333.00000 1227.15584  7.94%  73.7 6405s
 843820 264392     cutoff   64      1333.00000 1227.30706  7.93%  73.7 6410s
 854196 268006 1303.32078   63  240 1333.00000 1227.49120  7.92%  73.8 6415s
 864124 271400 1304.26728   66  226 1333.00000 1227.64422  7.90%  73.8 6420s
 875166 275347     cutoff   67      1333.00000 1227.80809  7.89%  73.8 6425s
 883835 278354 1238.92950   62  246 1333.00000 1227.94692  7.88%  73.8 6430s
 893725 281740 1293.01996   70  230 1333.00000 1228.10719  7.87%  73.8 6435s
 904267 285240 1298.60129   68  235 1333.00000 1228.27509  7.86%  73.8 6440s
 912564 288027 1270.40811   64  240 1333.00000 1228.39154  7.85%  73.8 6445s
 922926 291486 1241.18109   59  254 1333.00000 1228.56392  7.83%  73.9 6450s
 924217 294084 1281.67524   68  240 1333.00000 1228.59108  7.83%  73.9 6455s
 937078 296095 1257.57522   64  259 1333.00000 1228.77276  7.82%  73.9 6919s
 939823 296896 1316.22991   57  246 1333.00000 1228.80781  7.82%  73.9 6920s
 951626 300795 1315.21048   63  256 1333.00000 1228.99903  7.80%  73.9 6925s
 963906 304731 1244.50647   57  254 1333.00000 1229.18091  7.79%  73.9 6930s
 975940 308912 1284.49417   67  254 1333.00000 1229.35476  7.78%  73.9 6935s
 987820 312913 1234.76234   69  252 1333.00000 1229.52168  7.76%  74.0 6940s
 999404 316941 1246.20125   65  256 1333.00000 1229.69205  7.75%  74.0 6945s
 1011647 320527     cutoff   60      1333.00000 1229.86058  7.74%  74.0 6950s
 1021061 323553 1277.74166   71  245 1333.00000 1229.98697  7.73%  74.0 6955s
 1030581 326574     cutoff   63      1333.00000 1230.12182  7.72%  74.0 6960s
 1040204 329423 1322.14453   70  219 1333.00000 1230.25629  7.71%  74.0 6965s
 1049458 332224 1245.50506   63  238 1333.00000 1230.37296  7.70%  74.0 6970s
 1057320 334843 1320.14944   69  216 1333.00000 1230.46501  7.69%  74.1 6975s
 1066763 337730 1261.41998   66  245 1333.00000 1230.59160  7.68%  74.1 6980s
 1077591 341119 1254.15108   67  245 1333.00000 1230.72795  7.67%  74.1 6985s
 1088342 344551 1256.96479   57  258 1333.00000 1230.85254  7.66%  74.1 6990s
 1099121 347959 1291.13658   72  251 1333.00000 1230.97568  7.65%  74.0 6995s
 1107753 350737     cutoff   64      1333.00000 1231.08297  7.65%  74.0 7000s
 1117661 354121 1289.38202   76  230 1333.00000 1231.20699  7.64%  74.0 7005s
 1128721 357474 1258.17471   65  238 1333.00000 1231.34106  7.63%  74.0 7010s
*1135714 348766              65    1309.0000000 1231.42365  5.93%  74.0 7013s
 1138730 349789 1307.49178   64  253 1309.00000 1231.46439  5.92%  74.0 7015s
 1151033 353270 1251.36862   65  221 1309.00000 1231.62331  5.91%  73.9 7020s
 1161914 356140 1238.15023   60  252 1309.00000 1231.76091  5.90%  73.9 7025s
*1164243 161193              61    1257.0000000 1231.78906  2.01%  73.8 7026s
 1173472 160295 1252.89572   57  247 1257.00000 1232.08581  1.98%  73.7 7030s
 1187293 159474 1241.95349   63  252 1257.00000 1232.52582  1.95%  73.5 7035s
 1200276 158702 1254.33940   64  233 1257.00000 1232.90603  1.92%  73.4 7040s
 1212680 157833 1244.93052   61  255 1257.00000 1233.28301  1.89%  73.2 7045s
 1226149 156817 1247.40549   67  225 1257.00000 1233.66673  1.86%  73.0 7050s
 1239372 155761 1242.14452   65  253 1257.00000 1234.06098  1.82%  72.8 7055s
 1248102 155027     cutoff   67      1257.00000 1234.30563  1.81%  72.7 7060s
 1261485 153693 1240.85945   57  233 1257.00000 1234.69680  1.77%  72.5 7065s
 1272880 152569 1247.08986   64  248 1257.00000 1235.03779  1.75%  72.4 7070s
 1286737 151096 1246.16735   59  224 1257.00000 1235.43851  1.72%  72.2 7075s
 1300172 149487 1243.97802   57  248 1257.00000 1235.82915  1.68%  72.0 7080s
 1314957 147669     cutoff   62      1257.00000 1236.25895  1.65%  71.8 7085s
 1323417 146457     cutoff   55      1257.00000 1236.50737  1.63%  71.7 7090s
 1336812 144516     cutoff   61      1257.00000 1236.90383  1.60%  71.6 7095s
 1350190 142349     cutoff   65      1257.00000 1237.30806  1.57%  71.4 7100s
 1364833 139824 1250.39734   65  259 1257.00000 1237.74954  1.53%  71.2 7105s
 1378250 137409     cutoff   67      1257.00000 1238.14787  1.50%  71.0 7110s
 1389140 135199 1250.60792   59  223 1257.00000 1238.48474  1.47%  70.9 7115s
 1402734 132488 1252.82558   60  256 1257.00000 1238.92181  1.44%  70.7 7120s
 1415978 129562 1254.92033   74  239 1257.00000 1239.34321  1.40%  70.6 7125s
 1430715 126152 1250.58285   63  240 1257.00000 1239.83451  1.37%  70.4 7130s
 1444470 122765     cutoff   58      1257.00000 1240.28337  1.33%  70.2 7135s
 1458146 119188 1251.76585   74  260 1257.00000 1240.75744  1.29%  70.0 7140s
 1472108 115236     cutoff   60      1257.00000 1241.25178  1.25%  69.8 7145s
 1485274 111300     cutoff   61      1257.00000 1241.73559  1.21%  69.7 7150s
 1500151 106485     cutoff   66      1257.00000 1242.31040  1.17%  69.5 7155s
 1513607 101958     cutoff   62      1257.00000 1242.83023  1.13%  69.3 7160s
 1528685 96425     cutoff   59      1257.00000 1243.45772  1.08%  69.1 7165s
 1543107 90473 1255.02290   65  253 1257.00000 1244.12108  1.02%  68.9 7170s
 1553625 86045 1253.07741   69  245 1257.00000 1244.61890  0.98%  68.7 7175s
 1570019 78597     cutoff   57      1257.00000 1245.47581  0.92%  68.5 7180s
 1583976 71638     cutoff   66      1257.00000 1246.26499  0.85%  68.3 7185s
 1599095 63326 1253.65761   66  249 1257.00000 1247.25375  0.78%  68.0 7190s
 1617538 51644     cutoff   64      1257.00000 1248.67907  0.66%  67.6 7195s
 1637748 38487     cutoff   59      1257.00000 1250.51134  0.52%  67.2 7200s

Cutting planes:
  Gomory: 8
  Clique: 10
  Flow cover: 1
  Zero half: 40

Explored 1638079 nodes (110062761 simplex iterations) in 7200.01 seconds (1920.71 work units)
Thread count was 8 (of 8 available processors)

Solution count 10: 1257 1309 1333 ... 3e+10

Time limit reached
Best objective 1.257000000000e+03, best bound 1.251000000000e+03, gap 0.4773%
