
Gurobi 11.0.1 (mac64[arm]) logging started Thu May 23 08:18:29 2024

Set parameter LogFile to value "logs_new/salida_modelo_caminos_340_123.log"
Set parameter TimeLimit to value 7200
Gurobi Optimizer version 11.0.1 build v11.0.1rc0 (mac64[arm] - Darwin 23.4.0 23E224)

CPU model: Apple M2
Thread count: 8 physical cores, 8 logical processors, using up to 8 threads

Optimize a model with 593 rows, 2269 columns and 13868 nonzeros
Coefficient statistics:
  Matrix range     [1e+00, 1e+00]
  Objective range  [2e+00, 1e+10]
  Bounds range     [0e+00, 0e+00]
  RHS range        [1e+00, 2e+02]
Warning: Model contains large objective coefficients
         Consider reformulating model or setting NumericFocus parameter
         to avoid numerical issues.

Solved in 0 iterations and 0.00 seconds (0.00 work units)
Optimal objective  8.800000000e+02
Gurobi Optimizer version 11.0.1 build v11.0.1rc0 (mac64[arm] - Darwin 23.4.0 23E224)

CPU model: Apple M2
Thread count: 8 physical cores, 8 logical processors, using up to 8 threads

Optimize a model with 593 rows, 2269 columns and 13868 nonzeros
Model fingerprint: 0x8babcd96
Variable types: 0 continuous, 2269 integer (2269 binary)
Coefficient statistics:
  Matrix range     [1e+00, 1e+00]
  Objective range  [2e+00, 1e+10]
  Bounds range     [0e+00, 0e+00]
  RHS range        [1e+00, 2e+02]
Warning: Model contains large objective coefficients
         Consider reformulating model or setting NumericFocus parameter
         to avoid numerical issues.
Found heuristic solution: objective 3.400000e+12
Presolve removed 250 rows and 0 columns
Presolve time: 0.04s
Presolved: 343 rows, 2269 columns, 13431 nonzeros
Variable types: 0 continuous, 2269 integer (2269 binary)
Found heuristic solution: objective 3.390000e+12

Root relaxation: objective 8.800000e+02, 2568 iterations, 0.28 seconds (0.44 work units)

    Nodes    |    Current Node    |     Objective Bounds      |     Work
 Expl Unexpl |  Obj  Depth IntInf | Incumbent    BestBd   Gap | It/Node Time

     0     0  880.00000    0  314 3.3900e+12  880.00000   100%     -    0s
H    0     0                    1.510000e+12  880.00000   100%     -    0s
H    0     0                    9.200000e+11  880.00000   100%     -    0s
H    0     0                    7.700000e+11  880.00000   100%     -    0s
H    0     0                    6.800000e+11  880.00000   100%     -    0s
H    0     0                    6.700000e+11  880.00000   100%     -    0s
     0     0  880.60910    0  333 6.7000e+11  880.60910   100%     -    0s
H    0     0                    6.500000e+11  880.60910   100%     -    0s
H    0     0                    6.300000e+11  880.60910   100%     -    0s
     0     0  880.70977    0  340 6.3000e+11  880.70977   100%     -    1s
     0     0  880.72299    0  340 6.3000e+11  880.72299   100%     -    1s
     0     0  880.72587    0  342 6.3000e+11  880.72587   100%     -    1s
H    0     0                    5.500000e+11  880.72587   100%     -    1s
     0     0  880.78457    0  344 5.5000e+11  880.78457   100%     -    1s
H    0     0                    4.800000e+11  880.78457   100%     -    1s
     0     0  880.78501    0  346 4.8000e+11  880.78501   100%     -    1s
     0     0  880.90649    0  339 4.8000e+11  880.90649   100%     -    1s
     0     0  880.91854    0  341 4.8000e+11  880.91854   100%     -    1s
     0     0  880.91896    0  343 4.8000e+11  880.91896   100%     -    1s
     0     0  880.95936    0  344 4.8000e+11  880.95936   100%     -    1s
     0     0  880.95977    0  345 4.8000e+11  880.95977   100%     -    1s
     0     0  880.99908    0  346 4.8000e+11  880.99908   100%     -    1s
H    0     0                    4.300000e+11  880.99908   100%     -    1s
     0     0  880.99955    0  347 4.3000e+11  880.99955   100%     -    1s
     0     0  881.00607    0  345 4.3000e+11  881.00607   100%     -    2s
     0     0  881.01613    0  345 4.3000e+11  881.01613   100%     -    2s
     0     2  881.02517    0  345 4.3000e+11  881.02517   100%     -    3s
H   34    40                    4.200000e+11  882.26230   100%   197    3s
   119   128  884.96873   10  329 4.2000e+11  882.26230   100%   192    5s
H  131   136                    4.100000e+11  882.26230   100%   191    6s
H  132   136                    4.000000e+11  882.26230   100%   190    6s
   674   683 2.2980e+09   44  303 4.0000e+11  882.26230   100%   214   13s
H  677   683                    3.700000e+11  882.26230   100%   214   13s
   682   695 6.4061e+09   45  301 3.7000e+11  882.26230   100%   215   15s
   740   757 1.7769e+10   49  296 3.7000e+11  882.26230   100%   222   21s
H  741   757                    3.500000e+11  882.26230   100%   221   21s
   980  1028 3.9570e+10   67  292 3.5000e+11  882.26230   100%   240   25s
  1630  1697 1.2109e+11  104  276 3.5000e+11  882.26230   100%   220   30s
  1831  1813 1.7315e+11  116  269 3.5000e+11  882.26230   100%   220   36s
  2783  2643  932.90689   28  345 3.5000e+11  882.75627   100%   203   40s
  2795  2651 2.3993e+11  120  346 3.5000e+11  882.75627   100%   202   46s
  2901  2731  886.15501   22  332 3.5000e+11  882.76142   100%   203   57s
H 2906  2596                    3.400000e+11  882.76142   100%   203   57s
  3043  2705  903.05820   33  329 3.4000e+11  882.76142   100%   203   60s
  3331  2900 9.9132e+09   59  309 3.4000e+11  882.76142   100%   208   65s
  3647  3119 5.7000e+10   76  296 3.4000e+11  882.76142   100%   212   70s
  3948  3311 1.0544e+11   94  288 3.4000e+11  882.76142   100%   210   75s
  4289  3398 1.7004e+11  114  285 3.4000e+11  882.76142   100%   206   82s
  4444  3604 1.9926e+11  125  283 3.4000e+11  882.76142   100%   205   85s
  4850  3883 2.8866e+11  147  276 3.4000e+11  882.83625   100%   203   90s
  5155  4121  934.74252   31  304 3.4000e+11  882.84149   100%   201   95s
  5952  4562 7.9582e+09   46  306 3.4000e+11  882.84149   100%   193  101s
  6701  5252 3.0140e+10   61  301 3.4000e+11  882.84149   100%   188  106s
  7487  5420 6.5668e+10   79  299 3.4000e+11  882.84149   100%   182  110s
H 8149  5758                    3.400000e+11  882.84149   100%   178  114s
  8358  6080 1.1339e+11   95  292 3.4000e+11  882.84149   100%   177  115s
  9212  6246 1.5363e+11  112  288 3.4000e+11  882.84149   100%   173  129s
H 9217  6124                    3.400000e+11  882.84149   100%   173  129s
H 9221  6009                    3.400000e+11  882.84149   100%   173  129s
H 9225  5993                    3.399999e+11  882.84149   100%   173  129s
H 9240  5915                    3.100000e+11  882.84149   100%   173  135s
H 9260  5812                    2.900000e+11  882.84149   100%   173  135s
  9948  6565  894.72816   22  325 2.9000e+11  883.48956   100%   172  140s
 10370  6939 6.9268e+09   49  317 2.9000e+11  883.48956   100%   171  146s
 11347  8049 6.6794e+10   78  298 2.9000e+11  883.48956   100%   167  150s
 11734  8549 8.3331e+10   83  296 2.9000e+11  883.48956   100%   167  155s
 12908  9396 1.8265e+11  101  274 2.9000e+11  883.48956   100%   165  162s
 13300  9995 2.3681e+11  106  270 2.9000e+11  884.13789   100%   165  165s
 14820 12056 1.0337e+11   82  287 2.9000e+11  884.21352   100%   161  174s
 16194 12351 3.6249e+10   50  299 2.9000e+11  884.21903   100%   158  176s
 16901 13304 1.5525e+11   87  299 2.9000e+11  884.54396   100%   157  181s
 18368 14322 5.2820e+10   46  281 2.9000e+11  884.77872   100%   153  185s
 19381 15285 2.0753e+10   42  297 2.9000e+11  884.79886   100%   152  198s
 19830 15793  893.59977   26  332 2.9000e+11  884.79886   100%   152  201s
 20366 16829 4.1510e+10   66  306 2.9000e+11  884.97637   100%   151  205s
 21609 17045 5.5375e+09   35  312 2.9000e+11  885.17455   100%   148  219s
 21825 17057 3.2814e+10   48  305 2.9000e+11  885.17455   100%   149  225s
 21837 17065 3.4608e+10   50  307 2.9000e+11  885.17455   100%   149  234s
 21845 17763 3.6758e+10   50  303 2.9000e+11  885.17455   100%   148  237s
 22543 18643 1.2209e+11   87  297 2.9000e+11  885.17455   100%   148  240s
 23913 20310 8.6281e+09   42  310 2.9000e+11  885.32916   100%   146  247s
 25355 20820     cutoff  102      2.9000e+11  885.34128   100%   144  250s
 26880 21708 6.4168e+10   73  292 2.9000e+11  885.43281   100%   143  260s
 27434 22922 1.4682e+11  100  279 2.9000e+11  885.46247   100%   143  266s
 29415 24013 1.1269e+11   60  345 2.9000e+11  885.47339   100%   142  295s
 29421 24017 1.8140e+11  100  349 2.9000e+11  885.47339   100%   142  300s
 29425 24020 1.4876e+11   75  357 2.9000e+11  885.47339   100%   142  305s
 29429 24022 1.2241e+11   83  356 2.9000e+11  885.47339   100%   142  310s
 29432 24024 1.8801e+11  132  364 2.9000e+11  885.47339   100%   142  315s
 29435 24026 9.5000e+10  101  367 2.9000e+11  885.47339   100%   142  320s
 29438 24028  916.67051   31  338 2.9000e+11  885.47339   100%   142  325s
 29441 24030 3.6735e+10   66  345 2.9000e+11  885.47339   100%   142  330s
 29444 24032 1.9685e+11  102  357 2.9000e+11  885.47339   100%   142  335s
 29446 24034 1.0000e+10   54  365 2.9000e+11  885.47339   100%   142  340s
 29449 24036 8.2269e+09   37  366 2.9000e+11  885.47339   100%   142  346s
 29451 24037 5.3468e+10   76  367 2.9000e+11  885.47339   100%   142  352s
 29453 24038 2.1704e+11  104  365 2.9000e+11  885.47339   100%   142  355s
 29455 24040 1.2862e+11   94  368 2.9000e+11  885.47339   100%   142  360s
 29488 24071  885.48930   25  334 2.9000e+11  885.47339   100%   142  365s
 29528 24097  890.59468   27  338 2.9000e+11  885.47339   100%   142  375s
H29533 22893                    2.900000e+11  885.47339   100%   142  375s
 29803 23088 9.0373e+09   46  310 2.9000e+11  885.47339   100%   143  380s
 29970 23207 7.0038e+10   55  295 2.9000e+11  885.47339   100%   144  385s
 30158 23344 1.0607e+11   66  294 2.9000e+11  885.47339   100%   145  391s
 30404 23523 1.6564e+11   83  272 2.9000e+11  885.47339   100%   146  395s
 30780 23622  890.85375   30  322 2.9000e+11  885.47339   100%   147  404s
 30788 23659  892.70841   31  323 2.9000e+11  885.47339   100%   147  405s
 30875 23685  909.77658   38  315 2.9000e+11  885.47339   100%   147  415s
 31151 23936 2.0240e+09   52  308 2.9000e+11  885.47339   100%   148  421s
 31410 24153 1.5766e+10   63  312 2.9000e+11  885.47339   100%   149  425s
 31811 24417 5.8823e+10   71  299 2.9000e+11  885.47339   100%   149  430s
 32243 24575 8.6935e+10   81  293 2.9000e+11  885.47339   100%   150  435s
 32638 24772 1.7065e+11   98  283 2.9000e+11  885.47339   100%   151  444s
H32641 23628                    2.899998e+11  885.47339   100%   151  444s
 32708 23786 1.8532e+11   98  285 2.9000e+11  885.47339   100%   151  446s
 33056 24046  888.17918   30  334 2.9000e+11  885.47339   100%   151  452s
 33585 24377 3.9338e+09   51  314 2.9000e+11  885.47339   100%   152  457s
 34210 24745 4.3259e+10   68  301 2.9000e+11  885.47339   100%   152  461s
 35213 24991  901.21709   36  336 2.9000e+11  885.47339   100%   152  470s
 35589 25742 1.5954e+10   56  322 2.9000e+11  885.47339   100%   153  475s
 36739 26538 2.1064e+11  114  290 2.9000e+11  885.47339   100%   154  481s
 38167 27254 6.8170e+10   71  297 2.9000e+11  885.47339   100%   154  487s
 38797 27539 2.1253e+11   99  274 2.9000e+11  885.47339   100%   155  490s
 39957 28192 3.9899e+10   68  299 2.9000e+11  885.47339   100%   155  496s
 40538 28841 1.5849e+11  109  280 2.9000e+11  885.47339   100%   156  500s
 42666 29995 1.0476e+11   88  299 2.9000e+11  885.47339   100%   156  506s
 43580 30160  910.19012   35  316 2.9000e+11  885.47339   100%   156  510s
 44100 30012 1.8556e+11   64  277 2.9000e+11  885.47339   100%   157  519s
 44127 32688 1.5753e+11   63  283 2.9000e+11  885.47339   100%   157  555s
 47063 32024 6.5973e+10   60  284 2.9000e+11  885.52190   100%   158  567s
 47500 32036 1.8594e+11   97  262 2.9000e+11  885.54915   100%   158  584s
 47680 34183 4.3976e+10   56  302 2.9000e+11  885.68378   100%   158  595s
 50065 34052 2.8569e+11  137  236 2.9000e+11  885.81023   100%   159  603s
 50870 34474 1.0925e+11   63  286 2.9000e+11  885.82416   100%   159  611s
 51625 35230     cutoff   81      2.9000e+11  885.86641   100%   159  619s
 52730 36756 2.2418e+11  104  270 2.9000e+11  885.95037   100%   160  627s
 54865 37834 1.3005e+10   57  308 2.9000e+11  886.16231   100%   160  633s
 56848 37976 3.6799e+10   55  304 2.9000e+11  886.26987   100%   161  639s
 57674 37909 2.2477e+11   98  248 2.9000e+11  886.26987   100%   161  647s
 57936 38822 2.2704e+11  106  254 2.9000e+11  886.32964   100%   161  652s
 59047 40417 1.7707e+11   72  279 2.9000e+11  886.33730   100%   161  659s
 61267 40236 1.2299e+10   56  306 2.9000e+11  886.54206   100%   161  662s
 62615 41203 1.3279e+11   93  288 2.9000e+11  886.60327   100%   162  667s
 63430 41236  978.95123   44  324 2.9000e+11  886.60327   100%   162  671s
 63748 41886 1.3788e+09   48  318 2.9000e+11  886.60327   100%   162  675s
 65516 43073  946.69381   46  323 2.9000e+11  886.61795   100%   162  681s
 67246 43439  945.76556   43  311 2.9000e+11  886.68569   100%   162  689s
 67627 43902 3.7275e+10   61  301 2.9000e+11  886.68569   100%   162  693s
 68262 44712 1.4978e+11   91  284 2.9000e+11  886.75844   100%   162  696s
 69398 45255 6.3736e+09   51  306 2.9000e+11  886.75844   100%   162  700s
 70374 45004 1.7120e+11  105  268 2.9000e+11  886.75844   100%   162  708s
 70448 45554 1.9335e+11  105  269 2.9000e+11  886.79109   100%   162  711s
 71722 45708 2.7106e+10   55  309 2.9000e+11  886.79109   100%   162  721s
 72874 46938 2.6037e+11  107  268 2.9000e+11  886.87257   100%   162  727s
 73547 48036 4.2923e+10   57  310 2.9000e+11  886.93767   100%   162  735s
 76094 48861 2.0708e+11  103  250 2.9000e+11  887.01257   100%   163  741s
 76824 49607 4.8637e+09   45  309 2.9000e+11  887.01257   100%   163  745s
 78486 50198 4.6965e+09   42  310 2.9000e+11  887.02320   100%   163  752s
 79155 50883 1.1785e+11   69  288 2.9000e+11  887.04223   100%   163  755s
 80745 51545 1.1651e+11   81  287 2.9000e+11  887.17106   100%   163  761s
 81510 51877 5.2564e+09   50  317 2.9000e+11  887.17106   100%   164  765s
 83181 52270 1.6898e+11   76  278 2.9000e+11  887.17106   100%   164  776s
 83535 53188 2.0958e+11   90  272 2.9000e+11  887.21050   100%   164  783s
 84419 53528  942.43689   42  321 2.9000e+11  887.34338   100%   164  786s
 85897 54205  897.41969   35  317 2.9000e+11  887.37605   100%   164  792s
 86445 54976 7.7966e+10   58  288 2.9000e+11  887.38522   100%   164  795s
 87797 55668 2.5657e+10   59  311 2.9000e+11  887.44081   100%   164  803s
 88821 56517  890.04428   37  329 2.9000e+11  887.46491   100%   164  809s
 90133 57111 5.9892e+10   82  308 2.9000e+11  887.46491   100%   165  814s
 91240 57546 1.7284e+11  119  297 2.9000e+11  887.48952   100%   165  817s
 92177 58039 7.3424e+09   52  313 2.9000e+11  887.52499   100%   165  820s
 94066 58965  893.70092   36  323 2.9000e+11  887.54304   100%   164  825s
 95757 59706 2.2440e+11  127  275 2.9000e+11  887.54304   100%   164  837s
 95765 60236 2.1945e+11  126  278 2.9000e+11  887.59672   100%   164  840s
 96359 60418 3.8362e+10   56  304 2.9000e+11  887.59672   100%   164  848s
 97134 61543  904.68176   41  338 2.9000e+11  887.62028   100%   164  852s
 97782 62480 4.9230e+10   63  318 2.9000e+11  887.62028   100%   165  855s
 99591 63801  993.39348   49  324 2.9000e+11  887.66138   100%   165  861s
 101158 65424 1.7926e+11  116  265 2.9000e+11  887.72654   100%   165  867s
 102055 65957 7.1472e+09   47  319 2.9000e+11  887.72654   100%   165  870s
 103588 67937 2.1681e+11  119  285 2.9000e+11  887.76687   100%   165  878s
 104830 68746 9.9626e+10   71  302 2.9000e+11  887.85024   100%   165  882s
 105719 69472  913.44257   37  324 2.9000e+11  887.85024   100%   165  885s
 106507 70106 3.7597e+10   60  310 2.9000e+11  887.85024   100%   165  892s
 107207 70772 2.4669e+11  122  269 2.9000e+11  887.87509   100%   166  895s
 107891 70780 1.7586e+10   62  311 2.9000e+11  887.87509   100%   166  903s
 107899 72099 2.5395e+10   63  308 2.9000e+11  887.87509   100%   166  906s
 109331 72991 2.1523e+11  113  278 2.9000e+11  887.89589   100%   166  910s
 111073 74562 1.4479e+11   81  289 2.9000e+11  887.94172   100%   166  916s
 112069 75430 9.3264e+08   45  317 2.9000e+11  887.95788   100%   166  920s
 113852 76938  978.77754   44  311 2.9000e+11  888.02170   100%   166  926s
 115493 78428  938.87223   47  319 2.9000e+11  888.04650   100%   166  932s
 116321 79325 1.8174e+11   98  288 2.9000e+11  888.04878   100%   166  935s
 117358 79341 2.2357e+10   54  309 2.9000e+11  888.12523   100%   166  943s
 117374 79804 3.5457e+10   54  309 2.9000e+11  888.12523   100%   166  946s
 119027 81445  922.12554   48  325 2.9000e+11  888.12703   100%   166  954s
 119702 83059 1.7578e+10   57  313 2.9000e+11  888.17170   100%   166  960s
 122246 84581  917.74410   44  327 2.9000e+11  888.24016   100%   166  967s
 123136 85579 8.4038e+10   73  302 2.9000e+11  888.24016   100%   166  970s
 124223 85584     cutoff  113      2.9000e+11  888.24016   100%   166  977s
 124234 86251     cutoff  112      2.9000e+11  888.28374   100%   166  980s
 125849 87567 2.0274e+11   94  267 2.9000e+11  888.32183   100%   166  987s
 126521 88466 1.9594e+10   49  293 2.9000e+11  888.35600   100%   166  990s
 128397 89929 6.3327e+10   83  299 2.9000e+11  888.39606   100%   167  996s
 129085 90749 1.8793e+11  125  280 2.9000e+11  888.39949   100%   167 1000s
 131077 92282 4.8651e+10   78  312 2.9000e+11  888.42479   100%   167 1006s
 132389 93731 4.1500e+10   62  308 2.9000e+11  888.42479   100%   167 1013s
 133343 94455 2.3807e+11  112  271 2.9000e+11  888.46113   100%   167 1016s
 134159 94525 6.3278e+10   67  314 2.9000e+11  888.46113   100%   167 1024s
 134241 101827 7.1513e+10   66  308 2.9000e+11  888.49915   100%   167 1062s
 142249 101928 2.5887e+11  109  260 2.9000e+11  888.62443   100%   167 1068s
 142374 102986 8.9741e+10   69  291 2.9000e+11  888.62443   100%   167 1072s
 143592 104008  915.83498   43  331 2.9000e+11  888.65779   100%   167 1077s
 144726 104937 1.7691e+11   91  285 2.9000e+11  888.66713   100%   167 1081s
 145759 106063 4.3360e+10   56  298 2.9000e+11  888.69710   100%   167 1085s
 148082 107900 1.6532e+11   85  277 2.9000e+11  888.74115   100%   167 1093s
 149045 109105 1.8914e+10   60  313 2.9000e+11  888.74529   100%   167 1098s
 150362 109113  928.19060   43  314 2.9000e+11  888.74979   100%   167 1111s
 150370 109412  942.57975   44  310 2.9000e+11  888.74979   100%   167 1116s
 150692 110027 3.4781e+10   59  300 2.9000e+11  888.74979   100%   167 1121s
 151363 110916 2.6432e+11  117  261 2.9000e+11  888.75719   100%   167 1125s
 153525 112617 3.7569e+10   64  304 2.9000e+11  888.81439   100%   167 1133s
 154281 113295  943.10303   39  317 2.9000e+11  888.81556   100%   168 1136s
 155065 114372  904.71989   41  321 2.9000e+11  888.83173   100%   168 1140s
 156745 115640  893.09299   39  340 2.9000e+11  888.87963   100%   168 1147s
 157683 115741  891.76112   38  334 2.9000e+11  888.90510   100%   168 1152s
 157794 116649  962.70846   54  322 2.9000e+11  888.90510   100%   168 1155s
 159683 117982  910.12691   37  322 2.9000e+11  888.90575   100%   168 1162s
 160210 118884 4.5230e+10   58  299 2.9000e+11  888.91940   100%   168 1165s
 162086 120593 8.3080e+10   74  285 2.9000e+11  888.95521   100%   168 1171s
 163049 121251  908.29093   37  332 2.9000e+11  888.96172   100%   168 1175s
 165253 123147 9.2472e+09   45  310 2.9000e+11  889.01168   100%   168 1182s
 165826 124077 3.9964e+10   53  306 2.9000e+11  889.01168   100%   168 1185s
 167375 125124 2.0427e+11   90  266 2.9000e+11  889.01634   100%   168 1190s
 169022 126774 1.0206e+11   76  289 2.9000e+11  889.02398   100%   168 1200s
 169723 126782  916.87422   38  326 2.9000e+11  889.02398   100%   168 1209s
 169731 127344  925.83688   39  323 2.9000e+11  889.02398   100%   168 1212s
 170355 128005 6.1856e+10   63  299 2.9000e+11  889.02398   100%   168 1216s
 172155 129871 7.2605e+10   66  286 2.9000e+11  889.07263   100%   168 1223s
 173178 130593 6.1007e+09   44  314 2.9000e+11  889.07263   100%   168 1226s
 174762 132091  975.37544   48  307 2.9000e+11  889.10570   100%   168 1232s
 175577 132993 8.2511e+10   76  292 2.9000e+11  889.11146   100%   168 1235s
 177215 134201 2.8264e+11   70  254 2.9000e+11  889.14309   100%   168 1241s
 178936 136096  895.63378   35  335 2.9000e+11  889.15419   100%   168 1249s
 180106 136384 8.1060e+10   68  307 2.9000e+11  889.19925   100%   168 1255s
 181213 138188 9.3157e+10   72  274 2.9000e+11  889.20892   100%   169 1262s
 182362 139134  917.45275   42  315 2.9000e+11  889.22207   100%   169 1266s
 184314 140577 3.8371e+09   48  314 2.9000e+11  889.22794   100%   169 1272s
 184998 140585 1.0339e+11   75  294 2.9000e+11  889.22794   100%   169 1288s
 185006 141224 9.3598e+10   75  297 2.9000e+11  889.22794   100%   169 1290s
 185733 141245 2.3581e+11  119  280 2.9000e+11  889.22794   100%   169 1300s
 186378 142751 9.6499e+10   52  276 2.9000e+11  889.28480   100%   169 1307s
 187439 143758 7.0518e+10   58  300 2.9000e+11  889.31615   100%   169 1310s
 189303 145070 9.1320e+10   78  283 2.9000e+11  889.34388   100%   169 1318s
 189994 145999  919.75070   41  328 2.9000e+11  889.34768   100%   169 1321s
 191910 147800 2.6164e+11  133  281 2.9000e+11  889.37652   100%   169 1328s
 192986 148462 1.0552e+11   74  278 2.9000e+11  889.38982   100%   169 1331s
 193757 149388 3.0980e+10   42  283 2.9000e+11  889.38982   100%   169 1336s
 195813 151111  927.54568   46  328 2.9000e+11  889.42606   100%   169 1343s
 196716 151583  893.87682   34  332 2.9000e+11  889.42606   100%   169 1346s
 197852 153203 5.2801e+10   57  297 2.9000e+11  889.44433   100%   169 1353s
 198993 154044  976.37215   45  317 2.9000e+11  889.45586   100%   169 1356s
 200805 155315  948.86843   39  316 2.9000e+11  889.48618   100%   169 1363s
 201555 155948  910.11636   34  330 2.9000e+11  889.50856   100%   169 1366s
 202944 157350 3.6032e+10   60  307 2.9000e+11  889.51605   100%   169 1372s
 203936 158080  899.86181   32  327 2.9000e+11  889.51605   100%   169 1376s
 204740 158088 4.1493e+10   59  298 2.9000e+11  889.51605   100%   170 1387s
 204748 158712 5.4143e+10   60  298 2.9000e+11  889.51605   100%   170 1390s
 206468 160328 1.1678e+10   54  318 2.9000e+11  889.55971   100%   170 1397s
 207202 161068 9.0981e+10   79  303 2.9000e+11  889.55971   100%   170 1400s
 208656 162970 9.6192e+10   71  299 2.9000e+11  889.57242   100%   170 1408s
 210155 163443 1.7091e+10   51  317 2.9000e+11  889.57918   100%   170 1411s
 211223 164786  900.61695   32  325 2.9000e+11  889.58351   100%   170 1417s
 212145 165525 7.3130e+10   64  294 2.9000e+11  889.60330   100%   170 1420s
 213238 166367 3.4040e+09   54  325 2.9000e+11  889.61559   100%   170 1427s
 213901 166899 7.1819e+10   82  305 2.9000e+11  889.61559   100%   170 1431s
 215261 168527 6.3845e+10   66  286 2.9000e+11  889.64302   100%   170 1438s
 216295 168983 1.6733e+08   46  324 2.9000e+11  889.65623   100%   170 1441s
 216789 169842 2.0355e+10   56  321 2.9000e+11  889.65623   100%   170 1445s
 218919 171841 2.1594e+11  118  268 2.9000e+11  889.66289   100%   170 1451s
 220003 172260 8.4860e+09   65  315 2.9000e+11  889.68425   100%   170 1455s
 221524 174229 2.6463e+10   44  306 2.9000e+11  889.68652   100%   170 1461s
 223075 175545  898.66285   33  323 2.9000e+11  889.73247   100%   170 1468s
 224057 176507  913.79547   38  325 2.9000e+11  889.73247   100%   170 1472s
 225117 177258 1.0703e+11   77  298 2.9000e+11  889.75252   100%   170 1476s
 225943 177266  903.02309   39  330 2.9000e+11  889.76724   100%   170 1486s
 225951 177478  895.81190   39  330 2.9000e+11  889.76724   100%   170 1491s
 226174 178285  899.63897   40  330 2.9000e+11  889.76841   100%   170 1495s
 228230 180277 1.1412e+11   77  315 2.9000e+11  889.77909   100%   170 1503s
 229304 181123 5.8835e+09   49  318 2.9000e+11  889.78748   100%   170 1506s
 230236 181925 1.7240e+11   90  271 2.9000e+11  889.79063   100%   170 1510s
 231878 183456 9.4799e+10   69  295 2.9000e+11  889.80741   100%   170 1517s
 232821 184481 5.5952e+09   53  326 2.9000e+11  889.82258   100%   170 1520s
 234808 186011 8.6105e+09   42  316 2.9000e+11  889.84264   100%   170 1529s
 235625 186957 1.2928e+11   70  287 2.9000e+11  889.85167   100%   170 1533s
 236728 187237  980.52695   56  330 2.9000e+11  889.86553   100%   170 1538s
 237008 188093 1.4298e+11   98  299 2.9000e+11  889.86808   100%   170 1542s
 237966 188688  980.28568   57  320 2.9000e+11  889.86808   100%   170 1545s
 238577 189928 6.7220e+10   78  306 2.9000e+11  889.86808   100%   170 1550s
 240744 191499 5.8641e+10   80  298 2.9000e+11  889.88237   100%   170 1555s
 242327 192083 1.4005e+10   51  310 2.9000e+11  889.90526   100%   170 1569s
 242335 192749 2.2284e+10   51  309 2.9000e+11  889.90526   100%   170 1572s
 243060 193104 2.4622e+11   87  247 2.9000e+11  889.92353   100%   170 1577s
 243959 194553 1.0749e+11   90  288 2.9000e+11  889.92353   100%   170 1583s
 245061 195449 4.1011e+10   58  292 2.9000e+11  889.93973   100%   170 1586s
 246578 196966 1.3921e+11   93  295 2.9000e+11  889.95597   100%   170 1592s
 247769 197641 3.4381e+09   51  315 2.9000e+11  889.95597   100%   170 1595s
 248450 198398 1.1588e+11   89  286 2.9000e+11  889.96694   100%   170 1600s
 249325 198432  941.58517   41  322 2.9000e+11  889.97073   100%   170 1610s
 250037 199687  922.92219   41  321 2.9000e+11  889.99053   100%   170 1615s
 251755 201374 2.7461e+11  119  282 2.9000e+11  889.99387   100%   170 1622s
 252650 202223 1007.30086   55  314 2.9000e+11  889.99387   100%   170 1625s
 253604 203134 1.4440e+11   90  295 2.9000e+11  890.00650   100%   170 1631s
 254653 203656  980.21789   53  330 2.9000e+11  890.03173   100%   170 1635s
 256135 205306 1.9343e+11   99  279 2.9000e+11  890.03614   100%   170 1643s
 257059 205314 8.5837e+09   59  319 2.9000e+11  890.06600   100%   170 1659s
 257067 205895 1.0735e+10   59  321 2.9000e+11  890.06600   100%   170 1664s
 257648 206833 6.6946e+10   86  316 2.9000e+11  890.06600   100%   170 1669s
 258722 207907 2.0706e+11  121  283 2.9000e+11  890.06953   100%   170 1673s
 259860 208679 1.8417e+11   90  285 2.9000e+11  890.08368   100%   170 1677s
 260759 209630 2.7179e+10   50  297 2.9000e+11  890.08689   100%   170 1681s
 262651 211334 5.8466e+10   69  304 2.9000e+11  890.10366   100%   170 1687s
 263698 212024  930.28784   47  326 2.9000e+11  890.10366   100%   170 1691s
 264478 212874 5.8816e+10   71  292 2.9000e+11  890.12768   100%   170 1695s
 265425 213000 5.1435e+09   45  319 2.9000e+11  890.12768   100%   170 1701s
 266192 214106 3.5740e+10   58  305 2.9000e+11  890.12768   100%   170 1708s
 266719 215216 7.8695e+10   69  301 2.9000e+11  890.12768   100%   171 1711s
 267909 215784 1.8311e+11   88  282 2.9000e+11  890.13241   100%   170 1715s
 269948 217681 2.6025e+11  105  255 2.9000e+11  890.14942   100%   171 1722s
 270705 218219 1.2437e+11   62  288 2.9000e+11  890.17126   100%   171 1725s
 271953 219833 9.6501e+10   89  299 2.9000e+11  890.17457   100%   171 1731s
 273727 221108 8.7826e+10   77  291 2.9000e+11  890.18994   100%   171 1737s
 274452 221865  905.80388   38  328 2.9000e+11  890.21040   100%   171 1740s
 276080 223150 1.6576e+11  113  297 2.9000e+11  890.21693   100%   171 1748s
 276672 223869  922.03578   38  329 2.9000e+11  890.21693   100%   171 1752s
 277613 224784 4.9581e+10   65  302 2.9000e+11  890.22282   100%   171 1755s
 279412 225887 8.4987e+10   64  286 2.9000e+11  890.26130   100%   171 1762s
 279865 226827  984.73137   53  331 2.9000e+11  890.26130   100%   171 1765s
 281475 227518 7.1221e+10   78  312 2.9000e+11  890.26130   100%   171 1774s
 281667 228380 7.7745e+10   77  315 2.9000e+11  890.26130   100%   171 1777s
 282614 229070 1.2350e+11   95  309 2.9000e+11  890.26130   100%   171 1781s
 283401 230333 2.7564e+11  117  276 2.9000e+11  890.26775   100%   171 1785s
 284804 230362  926.16904   44  329 2.9000e+11  890.28347   100%   171 1791s
 285418 231640 5.4421e+10   68  305 2.9000e+11  890.30759   100%   171 1797s
 286285 232241  913.58414   43  331 2.9000e+11  890.31342   100%   171 1800s
 287977 234028 2.1787e+11  114  298 2.9000e+11  890.31897   100%   171 1807s
 288944 234772 3.0606e+10   55  303 2.9000e+11  890.32793   100%   171 1810s
 290261 235213 2.5615e+10   68  313 2.9000e+11  890.34330   100%   171 1820s
 291222 237129 1.1239e+11   97  299 2.9000e+11  890.34330   100%   171 1826s
 292355 237784 2.1517e+11  112  278 2.9000e+11  890.34491   100%   171 1830s
 293776 239212  940.22026   45  329 2.9000e+11  890.35769   100%   171 1836s
 295824 240701 1.5005e+10   57  302 2.9000e+11  890.37828   100%   171 1842s
 296347 240917 1.1921e+11   79  273 2.9000e+11  890.37828   100%   171 1846s
 297536 242462 1.2380e+10   50  308 2.9000e+11  890.37859   100%   171 1852s
 298250 243797 1.1007e+11   82  292 2.9000e+11  890.39083   100%   171 1857s
 300365 245324 1.9342e+11  100  277 2.9000e+11  890.40381   100%   171 1862s
 301361 245676  951.71854   51  314 2.9000e+11  890.40381   100%   171 1865s
 302575 246459 7.2797e+09   53  311 2.9000e+11  890.41393   100%   171 1875s
 303172 247612 2.6216e+11   76  272 2.9000e+11  890.42714   100%   171 1880s
 304792 248900 1.1894e+11   74  285 2.9000e+11  890.43579   100%   171 1886s
 305341 249141  928.72511   45  330 2.9000e+11  890.43579   100%   171 1890s
 306562 250759 1.1380e+09   60  317 2.9000e+11  890.46508   100%   171 1896s
 308189 252127  939.06993   43  311 2.9000e+11  890.48345   100%   171 1902s
 309035 252949 1.3203e+11   82  271 2.9000e+11  890.50623   100%   171 1906s
 310753 254350 2.0482e+11  101  273 2.9000e+11  890.51424   100%   171 1912s
 311465 255203 2.5468e+09   51  322 2.9000e+11  890.51642   100%   171 1915s
 313479 256447  982.51809   44  319 2.9000e+11  890.54237   100%   171 1927s
 313761 260814  924.54325   54  336 2.9000e+11  890.54280   100%   171 1949s
 318605 260829 8.6804e+10   68  295 2.9000e+11  890.57299   100%   171 1958s
 318620 261989 8.1182e+10   69  301 2.9000e+11  890.57442   100%   171 1963s
 319950 262044  923.32424   40  333 2.9000e+11  890.58218   100%   171 1970s
 321119 264018 1.8068e+11   91  268 2.9000e+11  890.59446   100%   171 1977s
 322206 264991 9.1124e+10   55  290 2.9000e+11  890.60770   100%   171 1981s
 323302 266051 4.8258e+10   64  299 2.9000e+11  890.63270   100%   171 1985s
 325601 267875 2.2442e+11  112  270 2.9000e+11  890.63850   100%   171 1992s
 326527 268695 1.0182e+11   68  286 2.9000e+11  890.64073   100%   171 1995s
 328396 270748 9.2192e+10   70  287 2.9000e+11  890.66752   100%   171 2004s
 329859 270944  976.85070   52  316 2.9000e+11  890.66967   100%   171 2007s
 330057 271063 1.2459e+10   62  313 2.9000e+11  890.66967   100%   171 2013s
 330186 272217 2.1464e+10   67  309 2.9000e+11  890.66967   100%   171 2017s
 331440 272996 2.6795e+11  122  245 2.9000e+11  890.67976   100%   171 2020s
 333244 274213 5.2831e+09   50  320 2.9000e+11  890.68716   100%   171 2029s
 333656 275092 2.7635e+10   61  311 2.9000e+11  890.68716   100%   171 2033s
 334586 275880 infeasible  121      2.9000e+11  890.69895   100%   171 2036s
 336404 277581 2.3653e+11  121  268 2.9000e+11  890.71271   100%   171 2042s
 337443 278270 6.4986e+10   65  302 2.9000e+11  890.72391   100%   171 2046s
 338167 278851 2.6261e+11  112  259 2.9000e+11  890.73202   100%   171 2050s
 338824 279583 4.0872e+10   62  308 2.9000e+11  890.73202   100%   171 2055s
 339677 279606 2.7907e+11  123  288 2.9000e+11  890.73976   100%   171 2070s
 340307 281067 2.9257e+09   51  304 2.9000e+11  890.74915   100%   171 2076s
 342326 282773 8.2323e+10   74  298 2.9000e+11  890.76725   100%   171 2083s
 343188 283623  954.59069   47  311 2.9000e+11  890.76806   100%   171 2088s
 344098 284800 1.9451e+11   93  270 2.9000e+11  890.77265   100%   171 2092s
 345411 285742 7.5814e+10   73  290 2.9000e+11  890.77915   100%   171 2096s
 346460 286352  906.88834   42  336 2.9000e+11  890.77915   100%   171 2100s
 347106 286391 1.8314e+10   62  314 2.9000e+11  890.77915   100%   171 2110s
 347145 287082 3.0869e+10   62  313 2.9000e+11  890.77915   100%   171 2115s
 348686 287789 4.5915e+10   53  304 2.9000e+11  890.79061   100%   171 2124s
 348694 288880 4.1100e+10   54  309 2.9000e+11  890.80014   100%   171 2128s
 349922 289041  907.75853   41  332 2.9000e+11  890.80232   100%   171 2132s
 350113 290012 4.1183e+09   56  319 2.9000e+11  890.80232   100%   171 2135s
 352158 291621  910.53349   38  324 2.9000e+11  890.81877   100%   171 2142s
 353028 292127 1.1628e+11   80  294 2.9000e+11  890.81914   100%   171 2145s
 354678 294046 1.1462e+11   89  289 2.9000e+11  890.82877   100%   171 2152s
 355620 294941 1.4674e+10   52  299 2.9000e+11  890.82880   100%   171 2156s
 357234 296504 2.0554e+10   55  307 2.9000e+11  890.84351   100%   171 2162s
 358321 297486  897.32141   38  335 2.9000e+11  890.84351   100%   171 2166s
 359395 297494 2.2203e+11   73  251 2.9000e+11  890.84351   100%   171 2172s
 359403 298145 2.2899e+11   74  251 2.9000e+11  890.86360   100%   171 2176s
 361409 299869  943.51058   42  313 2.9000e+11  890.87569   100%   171 2182s
 362079 300455  895.65852   38  325 2.9000e+11  890.87948   100%   171 2186s
 363593 302132  924.50013   47  318 2.9000e+11  890.89540   100%   171 2192s
 364555 302748 1.6304e+11   86  278 2.9000e+11  890.90677   100%   171 2196s
 366090 304653 5.1368e+10   59  306 2.9000e+11  890.90677   100%   171 2202s
 367278 305230 1.0392e+11   77  289 2.9000e+11  890.90677   100%   171 2206s
 369005 306714 1.1443e+10   60  321 2.9000e+11  890.92611   100%   171 2212s
 369616 307699 1.2478e+11   94  297 2.9000e+11  890.93009   100%   171 2216s
 371756 308596 2.5067e+11  119  283 2.9000e+11  890.94030   100%   171 2224s
 371764 308769 2.5205e+11  120  283 2.9000e+11  890.96278   100%   171 2228s
 371949 309734  929.53920   39  314 2.9000e+11  890.96278   100%   171 2232s
 372930 310795 1.6759e+11   91  273 2.9000e+11  890.96484   100%   171 2237s
 374203 311182  909.12073   30  328 2.9000e+11  890.96892   100%   171 2240s
 375773 313003 1.0066e+11   68  290 2.9000e+11  890.98111   100%   171 2247s
 376678 313920  946.05343   50  316 2.9000e+11  890.98111   100%   171 2250s
 378305 315379  911.80768   35  332 2.9000e+11  890.98739   100%   171 2256s
 379281 315596 8.0803e+10   68  310 2.9000e+11  890.98739   100%   171 2261s
 380138 317243  913.24283   36  335 2.9000e+11  890.99672   100%   171 2267s
 381324 318082 1.4982e+11   76  271 2.9000e+11  891.01074   100%   171 2271s
 382251 318090 2.5262e+10   53  309 2.9000e+11  891.01074   100%   171 2277s
 382259 318659 1.1495e+10   53  313 2.9000e+11  891.01074   100%   171 2281s
 382854 319547 1.8376e+11   88  265 2.9000e+11  891.01843   100%   171 2285s
 384573 320954  932.56198   44  331 2.9000e+11  891.03876   100%   171 2293s
 385432 321573 6.3440e+10   73  300 2.9000e+11  891.03876   100%   171 2297s
 386169 322415 2.6607e+11  107  274 2.9000e+11  891.04086   100%   171 2300s
 388109 323784 1.6489e+11  105  291 2.9000e+11  891.04086   100%   171 2308s
 388597 325344 2.2693e+11  125  277 2.9000e+11  891.05444   100%   171 2316s
 390424 325419 1.9897e+11   62  260 2.9000e+11  891.07534   100%   172 2321s
 390499 326232 2.5844e+11   64  238 2.9000e+11  891.08347   100%   172 2345s
 393557 329279 5.6487e+10   69  306 2.9000e+11  891.09223   100%   172 2350s
 394845 329961 1.2061e+10   42  313 2.9000e+11  891.09223   100%   172 2355s
 397714 332723 6.1109e+10   66  295 2.9000e+11  891.12443   100%   172 2360s
 398577 332731 2.6786e+11  129  271 2.9000e+11  891.12443   100%   172 2491s
 400599 335198 2.2987e+11  105  282 2.9000e+11  891.13456   100%   172 2496s
 403352 338200 2.3594e+11  120  265 2.9000e+11  891.14934   100%   172 2501s
 406885 341235 5.8518e+10   67  295 2.9000e+11  891.17088   100%   172 2506s
 408837 341896  952.26253   40  313 2.9000e+11  891.18811   100%   172 2510s
 410315 343770  900.80419   43  329 2.9000e+11  891.18815   100%   172 2516s
 411938 344850 1.0631e+11   79  299 2.9000e+11  891.18815   100%   172 2523s
 412103 345514 1.3298e+11   93  296 2.9000e+11  891.18962   100%   172 2525s
 414780 348006  914.96179   43  326 2.9000e+11  891.22170   100%   172 2530s
 417268 350030  912.79221   38  324 2.9000e+11  891.22533   100%   172 2535s
 419113 351859 9.4224e+10   86  306 2.9000e+11  891.23952   100%   172 3439s
 419998 352751  896.93837   42  333 2.9000e+11  891.24369   100%   172 3441s
 420994 352759 1.0795e+11   90  294 2.9000e+11  891.24369   100%   172 3445s
 422634 354372 4.7524e+10   59  308 2.9000e+11  891.24982   100%   172 3451s
 423556 355733 5.5862e+10   62  311 2.9000e+11  891.24982   100%   172 3455s
 427341 359320 1.7467e+11  106  284 2.9000e+11  891.27830   100%   172 3460s
 431050 362553 1.7370e+11  106  290 2.9000e+11  891.30064   100%   172 3466s
 433825 364482 5.2196e+09   48  324 2.9000e+11  891.31660   100%   172 3472s
 435024 366569 2.4433e+11  113  263 2.9000e+11  891.32194   100%   172 3477s
 437533 368091 3.2383e+10   49  313 2.9000e+11  891.33745   100%   172 3481s
 438786 369643 1.2514e+11   77  281 2.9000e+11  891.34754   100%   172 3485s
 441822 371527  946.35032   47  317 2.9000e+11  891.36782   100%   172 3498s
 441830 371612  978.74945   48  312 2.9000e+11  891.36782   100%   172 3502s
 442475 372773 2.0554e+09   46  317 2.9000e+11  891.36960   100%   172 3505s
 445370 375669  916.25178   40  324 2.9000e+11  891.38459   100%   172 3510s
 447995 377958 2.1326e+10   56  317 2.9000e+11  891.39801   100%   172 3515s
 451184 380706 2.5784e+11  129  256 2.9000e+11  891.42312   100%   172 3520s
 453612 382890  915.37188   48  316 2.9000e+11  891.43623   100%   172 3525s
 456096 385361 1.5831e+11   92  272 2.9000e+11  891.46553   100%   172 3530s
 458035 387037 3.4953e+10   67  290 2.9000e+11  891.48845   100%   172 3536s
 460398 389250 5.3017e+09   56  322 2.9000e+11  891.49056   100%   172 3540s
 463245 391663 1.1996e+11   80  299 2.9000e+11  891.51179   100%   172 3545s
 466327 394369  930.55673   37  310 2.9000e+11  891.53572   100%   172 3550s
 467394 395310 1.0401e+10   52  322 2.9000e+11  891.53572   100%   172 3556s
 469183 396242 1.7551e+10   59  315 2.9000e+11  891.54879   100%   172 3562s
 470020 397789 1.1722e+11   89  309 2.9000e+11  891.55896   100%   172 3566s
 472565 399988  937.01325   52  327 2.9000e+11  891.57693   100%   172 3571s
 475187 402608 3.6178e+10   69  310 2.9000e+11  891.60057   100%   172 3576s
 478275 404858 1.6674e+11   95  283 2.9000e+11  891.62638   100%   172 3582s
 480593 406372 1.2992e+10   51  306 2.9000e+11  891.63438   100%   172 3588s
 480637 407085 1.4579e+10   50  302 2.9000e+11  891.63438   100%   172 3590s
 482616 409315 2.2264e+11   75  267 2.9000e+11  891.64419   100%   172 3596s
 485822 412213 1.2467e+10   51  312 2.9000e+11  891.65792   100%   172 3601s
 489023 415119  916.41194   39  318 2.9000e+11  891.68024   100%   172 3605s
 492805 418670 1.8760e+09   47  317 2.9000e+11  891.70259   100%   172 3611s
 495035 419444 2.1476e+10   51  314 2.9000e+11  891.70670   100%   172 3618s
 495550 420640 7.5691e+10   75  307 2.9000e+11  891.71115   100%   172 3621s
 498719 423685 1.1011e+11   82  309 2.9000e+11  891.73154   100%   172 3626s
 502524 427079 6.3126e+10   62  288 2.9000e+11  891.74794   100%   172 3631s
 505801 429802 9.4414e+09   48  308 2.9000e+11  891.77337   100%   172 3636s
 508455 432029 2.1648e+11   88  281 2.9000e+11  891.78471   100%   172 3640s
 510689 434589 5.7199e+10   71  310 2.9000e+11  891.79272   100%   172 3646s
 513859 437404  906.68865   40  325 2.9000e+11  891.81210   100%   172 3650s
 515082 437412  908.69932   38  328 2.9000e+11  891.81512   100%   172 3656s
 515090 437439  915.57014   39  328 2.9000e+11  891.81512   100%   172 3661s
 516711 439763  946.26707   50  324 2.9000e+11  891.82337   100%   172 3665s
 520958 443378 1.6139e+10   60  311 2.9000e+11  891.85059   100%   172 3670s
 523771 446199 2.1256e+10   60  311 2.9000e+11  891.86760   100%   172 3675s
 527899 450047 1.7947e+11   95  274 2.9000e+11  891.88757   100%   172 3680s
 531344 453044 4.1182e+10   60  303 2.9000e+11  891.91350   100%   172 3685s
 534743 456185 1.3422e+11   90  276 2.9000e+11  891.92668   100%   172 3690s
 535694 456193  947.92171   48  312 2.9000e+11  891.92668   100%   172 3695s
 537870 458365 8.9782e+10   70  280 2.9000e+11  891.94816   100%   173 3703s
 538099 460270 8.3313e+10   71  282 2.9000e+11  891.94999   100%   172 3705s
 542956 463732 2.5996e+10   54  312 2.9000e+11  891.97413   100%   172 3710s
 546662 466988 1.5155e+11   73  280 2.9000e+11  891.99050   100%   172 3716s
 550155 470061 2.1901e+11  106  267 2.9000e+11  892.01099   100%   172 3721s
 553110 472327 2.5143e+11   98  235 2.9000e+11  892.02654   100%   173 3725s
 556241 474745 1.4550e+11  102  295 2.9000e+11  892.04089   100%   173 3732s
 556442 475608 1.7011e+11  101  287 2.9000e+11  892.04127   100%   173 3735s
 559815 478815 2.0749e+11  102  282 2.9000e+11  892.05519   100%   173 3741s
 563257 481721  907.24235   41  328 2.9000e+11  892.09091   100%   173 3746s
 565634 483601 3.4642e+09   51  318 2.9000e+11  892.09421   100%   173 3750s
 567945 485380 1.0236e+11   77  277 2.9000e+11  892.09982   100%   173 3759s
 568132 486880 1.0381e+11   78  277 2.9000e+11  892.10784   100%   173 3761s
 569854 486888 2.0056e+10   55  325 2.9000e+11  892.11768   100%   173 3765s
 572016 490129 1.0840e+11   66  297 2.9000e+11  892.13083   100%   173 3770s
 576181 493393 6.5340e+10   73  317 2.9000e+11  892.13888   100%   173 3776s
 578837 495403 2.9317e+10   49  310 2.9000e+11  892.15287   100%   173 3780s
 582402 499099 4.5492e+08   41  314 2.9000e+11  892.16295   100%   173 3786s
 585241 501037  915.28551   45  332 2.9000e+11  892.18500   100%   173 3790s
 588760 503817 3.4879e+10   65  312 2.9000e+11  892.21370   100%   173 3798s
 588768 504357 3.3677e+10   64  316 2.9000e+11  892.21370   100%   173 3800s
 592109 507718 1.7336e+10   49  318 2.9000e+11  892.23390   100%   173 3805s
 594064 509673 2.1431e+11  109  259 2.9000e+11  892.24111   100%   173 3810s
 598037 512916 6.7606e+10   74  312 2.9000e+11  892.25230   100%   173 3815s
 600846 515373 4.2112e+10   48  298 2.9000e+11  892.26152   100%   173 3820s
 602495 516287 1.0017e+11   80  298 2.9000e+11  892.26557   100%   173 3825s
 603586 518155 2.2722e+10   46  314 2.9000e+11  892.27166   100%   173 3830s
 607304 521704 1.0722e+10   63  324 2.9000e+11  892.29155   100%   173 3835s
 609475 522754 1.1961e+11   86  295 2.9000e+11  892.30174   100%   173 3841s
 611515 525725 1.5553e+11   73  290 2.9000e+11  892.31500   100%   173 3845s
 615191 528675 3.6102e+10   65  309 2.9000e+11  892.32346   100%   173 3850s
 618727 530965  931.68416   44  332 2.9000e+11  892.33840   100%   173 3857s
 620367 533048 1.7003e+11  102  297 2.9000e+11  892.34856   100%   173 3860s
 623610 536239 1.5267e+11   96  292 2.9000e+11  892.35299   100%   173 3865s
 624583 536297 2.3107e+10   49  312 2.9000e+11  892.35299   100%   173 3871s
 626264 538905 1.5342e+11   91  285 2.9000e+11  892.36619   100%   173 3875s
 630106 541210 1.8849e+11  108  290 2.9000e+11  892.37188   100%   173 3882s
 630739 542826 6.1130e+09   48  306 2.9000e+11  892.38903   100%   173 3885s
 633500 544295 1.6589e+11  104  290 2.9000e+11  892.39561   100%   173 3898s
 634226 545694 3.8769e+09   47  320 2.9000e+11  892.40112   100%   173 3901s
 637014 547509 2.0291e+11  117  288 2.9000e+11  892.40112   100%   173 3906s
 638930 549869  897.00123   41  332 2.9000e+11  892.42412   100%   173 3910s
 642678 553312 1.9077e+11  101  265 2.9000e+11  892.43117   100%   173 3916s
 645009 554970  902.58840   35  327 2.9000e+11  892.44588   100%   173 3920s
 647353 556786  905.88586   40  335 2.9000e+11  892.45688   100%   173 3927s
 648039 558296 5.6161e+10   71  298 2.9000e+11  892.45701   100%   173 3930s
 649973 559456  998.23118   49  316 2.9000e+11  892.46736   100%   173 3935s
 653164 562699 3.9415e+10   44  302 2.9000e+11  892.48438   100%   173 3941s
 655881 565637 3.2376e+10   72  317 2.9000e+11  892.50013   100%   173 3946s
 659731 568588 3.8521e+10   63  319 2.9000e+11  892.50832   100%   173 3951s
 660527 568596 1.7435e+11   83  293 2.9000e+11  892.50832   100%   173 3956s
 662121 570619 5.3114e+10   66  311 2.9000e+11  892.51435   100%   173 3960s
 665399 574015 2.2147e+11  106  276 2.9000e+11  892.52536   100%   173 3965s
 669312 576581 7.1234e+10   73  302 2.9000e+11  892.53255   100%   173 3972s
 670316 578276 2.0990e+11  118  287 2.9000e+11  892.54675   100%   173 3975s
 672677 580239  897.51269   35  332 2.9000e+11  892.56270   100%   173 3981s
 675505 583192 9.1544e+10   71  288 2.9000e+11  892.56842   100%   173 3985s
 679438 586658  944.96285   39  318 2.9000e+11  892.59314   100%   173 3991s
 682132 588899 7.7694e+10   85  311 2.9000e+11  892.59469   100%   173 3995s
 684494 591005 1.5457e+11   84  271 2.9000e+11  892.61212   100%   173 4001s
 686111 593549 9.9302e+10   73  288 2.9000e+11  892.61745   100%   173 4006s
 690092 595985  954.06205   52  326 2.9000e+11  892.62437   100%   173 4011s
 693188 597973 3.6903e+09   41  292 2.9000e+11  892.63625   100%   173 4017s
 693775 599545 1.2900e+11   63  244 2.9000e+11  892.63827   100%   173 4021s
 696648 601915 2.7841e+11  105  253 2.9000e+11  892.64858   100%   173 4025s
 699925 605464 2.4722e+11  100  267 2.9000e+11  892.66596   100%   173 4031s
 702171 606941 5.7799e+10   59  285 2.9000e+11  892.67519   100%   173 4036s
 703876 608595 1.6981e+11   99  306 2.9000e+11  892.68652   100%   173 4041s
 706556 611019 8.5772e+10   74  291 2.9000e+11  892.69478   100%   173 4045s
 710361 614389 2.0274e+11  124  291 2.9000e+11  892.70934   100%   173 4051s
 713038 616474  981.18132   47  316 2.9000e+11  892.72054   100%   173 4055s
 713793 617154 2.3672e+09   45  313 2.9000e+11  892.72646   100%   173 4060s
 716366 620177 2.5298e+10   66  312 2.9000e+11  892.73595   100%   173 4065s
 719461 622420 5.8680e+10   85  316 2.9000e+11  892.73662   100%   173 4070s
 722979 625851  949.06972   46  322 2.9000e+11  892.75852   100%   173 4075s
 724391 626789 1.4303e+11  103  287 2.9000e+11  892.76188   100%   173 4080s
 726327 628137  911.03753   36  335 2.9000e+11  892.76554   100%   173 4086s
 728686 630985 1.9819e+11  113  284 2.9000e+11  892.77889   100%   173 4090s
 732769 634173  894.38953   39  337 2.9000e+11  892.79939   100%   173 4095s
 734621 635435 3.7195e+10   50  296 2.9000e+11  892.81044   100%   173 4102s
 734629 635651 5.4602e+10   50  286 2.9000e+11  892.81044   100%   173 4105s
 737682 639054 6.3810e+10   63  304 2.9000e+11  892.82900   100%   173 4110s
 740683 641089  971.86363   54  312 2.9000e+11  892.83912   100%   173 4115s
 742624 643311  932.65861   45  324 2.9000e+11  892.85569   100%   173 4121s
 744650 644480 2.8319e+11  104  244 2.9000e+11  892.86500   100%   173 4125s
 744754 651822  963.28584   48  324 2.9000e+11  892.86772   100%   173 4138s
 752762 651851 6.0310e+10   65  300 2.9000e+11  892.90393   100%   173 4140s
 753770 653705  996.94404   48  310 2.9000e+11  892.90875   100%   173 4146s
 757045 656681 1.4564e+11   93  302 2.9000e+11  892.91942   100%   173 4150s
 759377 662110 3.5089e+10   62  305 2.9000e+11  892.92349   100%   173 4161s
 764391 662472 1.6927e+10   52  313 2.9000e+11  892.93605   100%   173 4166s
 766913 665466 2.3750e+11  116  291 2.9000e+11  892.94327   100%   173 4170s
 769022 666364 6.1373e+10   58  302 2.9000e+11  892.96099   100%   173 4175s
 770710 668445  958.58604   47  319 2.9000e+11  892.96903   100%   173 4181s
 773559 670337 1.8252e+11   76  246 2.9000e+11  892.97383   100%   173 4187s
 773586 677436 1.8504e+11   78  241 2.9000e+11  892.97555   100%   173 4198s
 781594 677524  895.40717   33  326 2.9000e+11  893.00178   100%   173 4200s
 782895 679593 1.9378e+11  102  279 2.9000e+11  893.00510   100%   173 4205s
 785014 680509 2.7105e+11  132  285 2.9000e+11  893.00936   100%   173 4210s
 785818 682227 3.9434e+10   63  309 2.9000e+11  893.01224   100%   173 4215s
 789921 685601 1.2993e+11   78  293 2.9000e+11  893.03169   100%   173 4221s
 792594 687818 6.0453e+10   66  306 2.9000e+11  893.04199   100%   173 4225s
 795798 691254 6.0754e+10   72  309 2.9000e+11  893.05127   100%   173 4231s
 797755 692105  909.61180   39  325 2.9000e+11  893.05887   100%   173 4236s
 799404 694433 2.6850e+11  104  260 2.9000e+11  893.07037   100%   173 4240s
 803060 697816  906.59667   41  335 2.9000e+11  893.08626   100%   173 4246s
 804875 699551 2.3932e+10   52  306 2.9000e+11  893.09438   100%   173 4250s
 808399 701661 1.1013e+11   85  285 2.9000e+11  893.11121   100%   173 4257s
 809399 703497  998.46728   47  306 2.9000e+11  893.11167   100%   173 4260s
 810394 703668 2.2323e+11   94  267 2.9000e+11  893.11167   100%   173 4265s
 813373 707346 5.3301e+10   63  302 2.9000e+11  893.12645   100%   173 4271s
 816546 710164 1.1291e+09   44  328 2.9000e+11  893.13264   100%   173 4275s
 819427 712493 1.1011e+10   55  310 2.9000e+11  893.14285   100%   173 4280s
 822512 714498 8.9255e+10   80  296 2.9000e+11  893.16430   100%   173 4288s
 822520 715224 9.9245e+10   81  293 2.9000e+11  893.16430   100%   173 4290s
 825648 717422 5.9178e+09   53  319 2.9000e+11  893.17552   100%   173 4297s
 826701 719370 1.6705e+11   91  274 2.9000e+11  893.18138   100%   173 4300s
 829795 721900 1.8262e+11   63  262 2.9000e+11  893.19202   100%   173 4305s
 834086 726040 1.2340e+11   60  270 2.9000e+11  893.20262   100%   173 4311s
 836913 728234 4.5763e+10   60  311 2.9000e+11  893.21437   100%   173 4315s
 838970 729939 7.5138e+10   79  304 2.9000e+11  893.21437   100%   173 4320s
 841680 731847 8.5535e+10   80  293 2.9000e+11  893.22857   100%   173 4326s
 843636 734498 1.3636e+11   85  296 2.9000e+11  893.23889   100%   173 4331s
 846401 736848 2.7881e+11  107  262 2.9000e+11  893.24817   100%   173 4335s
 849490 738705 2.4122e+11  111  264 2.9000e+11  893.25048   100%   173 4342s
 849498 745941 2.4267e+11  111  269 2.9000e+11  893.25673   100%   173 4357s
 858361 746805  900.82915   35  325 2.9000e+11  893.27412   100%   173 4361s
 859939 749281  927.86998   42  323 2.9000e+11  893.28079   100%   173 4365s
 863538 751321 3.3183e+10   54  315 2.9000e+11  893.29618   100%   173 4374s
 863546 752461 3.0170e+10   56  312 2.9000e+11  893.29618   100%   173 4375s
 866818 755258 2.2406e+11  105  290 2.9000e+11  893.31169   100%   173 4380s
 868827 756068  905.94963   38  328 2.9000e+11  893.31624   100%   173 4385s
 871583 759328 8.5787e+10   84  290 2.9000e+11  893.32827   100%   173 4390s
 874598 762002 2.1019e+11  106  276 2.9000e+11  893.33907   100%   173 4395s
 878385 765119 2.0470e+11   87  274 2.9000e+11  893.35177   100%   173 4400s
 881324 767594 4.6360e+10   68  307 2.9000e+11  893.36594   100%   173 4405s
 883960 769551  898.32459   41  337 2.9000e+11  893.37681   100%   173 4411s
 885663 771910  913.20258   43  328 2.9000e+11  893.38466   100%   173 4415s
 888230 774027 4.2281e+10   72  306 2.9000e+11  893.38688   100%   173 4420s
 890453 776227 5.2126e+10   74  298 2.9000e+11  893.39157   100%   173 4425s
 893582 779197 1.2258e+11   97  289 2.9000e+11  893.40861   100%   173 4430s
 897884 782861 2.4889e+11  108  286 2.9000e+11  893.42374   100%   173 4435s
 898780 783244 6.7813e+10   61  296 2.9000e+11  893.42374   100%   173 4442s
 900110 784999 2.6234e+11  112  262 2.9000e+11  893.42948   100%   173 4445s
 904172 788287 9.8435e+09   56  320 2.9000e+11  893.44136   100%   173 4450s
 907656 791577  910.87717   43  334 2.9000e+11  893.44581   100%   173 4456s
 908505 792349 2.1446e+10   53  320 2.9000e+11  893.44581   100%   173 4461s
 910414 793376 4.6351e+10   75  298 2.9000e+11  893.45324   100%   173 4466s
 912033 795621 2.4807e+10   41  309 2.9000e+11  893.45891   100%   173 4470s
 915236 798431 1.9203e+11   92  281 2.9000e+11  893.46402   100%   173 4475s
 918713 801609 4.1415e+10   65  304 2.9000e+11  893.48109   100%   173 4480s
 922345 804517  960.39295   61  319 2.9000e+11  893.50034   100%   173 4486s
 924888 806456 1.4310e+11   90  282 2.9000e+11  893.50251   100%   173 4493s
 924941 807276 2.0065e+11  103  281 2.9000e+11  893.50765   100%   173 4495s
 927204 809637 1026.16166   52  318 2.9000e+11  893.52020   100%   173 4501s
 930665 812717 4.4445e+10   66  321 2.9000e+11  893.53506   100%   173 4505s
 933516 815394 3.2524e+10   55  311 2.9000e+11  893.54921   100%   173 4510s
 937216 817644 3.9452e+10   56  310 2.9000e+11  893.55622   100%   173 4517s
 937318 817652 1.5471e+11   84  279 2.9000e+11  893.55622   100%   173 4520s
 939541 820366  928.44436   43  330 2.9000e+11  893.56520   100%   173 4525s
 942543 823238 1.8139e+11   96  279 2.9000e+11  893.57097   100%   173 4530s
 945393 825963 5.5726e+10   63  298 2.9000e+11  893.58515   100%   173 4535s
 947562 827509 2.1451e+11   67  247 2.9000e+11  893.59288   100%   173 4541s
 950399 830018  963.82800   50  329 2.9000e+11  893.60147   100%   173 4545s
 952879 831762 9.0164e+10   74  292 2.9000e+11  893.61392   100%   173 4553s
 953022 839034 2.0590e+11  111  271 2.9000e+11  893.61955   100%   173 4568s
 961030 839074 2.1045e+11  104  272 2.9000e+11  893.64447   100%   173 4575s
 964589 842922 5.4910e+10   55  309 2.9000e+11  893.66375   100%   173 4581s
 968194 846745  903.05845   42  327 2.9000e+11  893.67144   100%   173 4586s
 971415 848966 1012.40432   40  302 2.9000e+11  893.68288   100%   173 4590s
 974331 851594 6.1146e+10   73  310 2.9000e+11  893.68863   100%   173 4595s
 975016 852564 2.4480e+11  123  269 2.9000e+11  893.68899   100%   173 4600s
 976146 853491 1.6908e+10   62  304 2.9000e+11  893.68899   100%   173 4605s
 978980 856348 2.2716e+11  117  289 2.9000e+11  893.69581   100%   173 4610s
 982031 858903 5.5306e+10   69  310 2.9000e+11  893.70305   100%   173 4615s
 984006 859742 6.6940e+10   63  298 2.9000e+11  893.71547   100%   173 4621s
 985180 862253 4.9342e+10   67  312 2.9000e+11  893.71617   100%   173 4626s
 989298 865188 9.6029e+10   84  294 2.9000e+11  893.72793   100%   173 4631s
 992328 867601  971.28289   48  322 2.9000e+11  893.73974   100%   173 4635s
 994966 869928  966.12225   47  319 2.9000e+11  893.75193   100%   173 4640s
 996628 870921 2.1403e+11   81  247 2.9000e+11  893.75193   100%   173 4647s
 997518 872312 1.0135e+11   53  281 2.9000e+11  893.75848   100%   173 4650s
 1000365 874975  897.31364   33  336 2.9000e+11  893.76807   100%   173 4656s
 1003215 877816  918.79210   43  325 2.9000e+11  893.77803   100%   173 4660s
 1006623 880800 1.4975e+11   86  280 2.9000e+11  893.79074   100%   173 4666s
 1009033 882934 7.1017e+10   61  288 2.9000e+11  893.79832   100%   173 4671s
 1010208 883711 1.4134e+10   52  316 2.9000e+11  893.79832   100%   173 4675s
 1012955 885645 2.1860e+11  102  278 2.9000e+11  893.81285   100%   173 4682s
 1013272 888552  964.30120   48  333 2.9000e+11  893.81420   100%   173 4688s
 1016488 889924 7.6197e+10   76  313 2.9000e+11  893.82026   100%   173 4690s
 1021232 894050 2.0960e+11  102  268 2.9000e+11  893.83691   100%   173 4696s
 1024727 896017 1.7896e+11  107  279 2.9000e+11  893.84205   100%   173 4705s
 1024834 896673 2.2524e+11  110  280 2.9000e+11  893.84699   100%   173 4710s
 1027288 899363 2.1761e+11  114  276 2.9000e+11  893.85472   100%   173 4715s
 1030812 902199 1.2869e+11   74  286 2.9000e+11  893.87589   100%   173 4720s
 1033705 904827 6.5096e+10   59  295 2.9000e+11  893.88361   100%   173 4725s
 1037612 908476 2.2725e+11  115  276 2.9000e+11  893.89699   100%   173 4731s
 1040385 910204 1.3698e+11  102  290 2.9000e+11  893.90378   100%   173 4738s
 1040474 910874 1.5315e+11  108  291 2.9000e+11  893.90658   100%   173 4740s
 1042417 912512 2.3372e+11  108  281 2.9000e+11  893.91531   100%   173 4746s
 1044076 914759  932.45545   37  322 2.9000e+11  893.91789   100%   173 4750s
 1048455 918276 4.3771e+10   53  306 2.9000e+11  893.92968   100%   173 4755s
 1050857 920387 8.8522e+10   64  295 2.9000e+11  893.93439   100%   173 4760s
 1054678 923857 1.0121e+11   74  300 2.9000e+11  893.94764   100%   173 4766s
 1057260 925266  910.22203   46  338 2.9000e+11  893.95027   100%   173 4773s
 1057293 926195  906.28051   46  340 2.9000e+11  893.95535   100%   173 4775s
 1060613 928954 2.8788e+11   79  246 2.9000e+11  893.96555   100%   173 4780s
 1062346 930836  902.46425   38  334 2.9000e+11  893.97133   100%   173 4785s
 1065571 933620 1.4135e+11   91  277 2.9000e+11  893.97615   100%   173 4790s
 1068685 936094 2.8065e+11  104  266 2.9000e+11  893.98777   100%   173 4795s
 1071549 937969 1.7584e+09   55  321 2.9000e+11  893.99646   100%   173 4804s
 1071557 938614 9.5182e+08   55  318 2.9000e+11  893.99646   100%   173 4805s
 1074293 941995 1.0016e+10   76  323 2.9000e+11  893.99982   100%   173 4811s
 1078077 944697 1.1712e+11   75  299 2.9000e+11  894.01072   100%   173 4815s
 1080539 946171 5.7530e+09   50  309 2.9000e+11  894.01673   100%   173 4824s
 1080547 946920 1.0295e+10   50  312 2.9000e+11  894.01673   100%   173 4825s
 1081390 947536 1.0830e+11   85  298 2.9000e+11  894.01673   100%   173 4830s
 1084838 951016 9.0055e+09   64  314 2.9000e+11  894.03337   100%   173 4836s
 1088295 954000 1.7901e+10   50  298 2.9000e+11  894.04009   100%   173 4841s
 1090578 955300 2.4223e+11   93  286 2.9000e+11  894.04888   100%   173 4846s
 1092784 958101 1.2412e+09   51  330 2.9000e+11  894.05518   100%   173 4851s
 1095530 960710 2.7002e+10   61  317 2.9000e+11  894.05700   100%   173 4856s
 1098730 963446 1.0774e+10   44  310 2.9000e+11  894.06553   100%   173 4860s
 1101387 965857  913.09020   44  331 2.9000e+11  894.08001   100%   173 4865s
 1103634 967042 3.2917e+10   48  304 2.9000e+11  894.08494   100%   173 4871s
 1103670 974229 2.6033e+10   48  305 2.9000e+11  894.08645   100%   173 4886s
 1112376 975476 2.4907e+10   60  311 2.9000e+11  894.11473   100%   173 4893s
 1113082 976800 1.8856e+11   97  262 2.9000e+11  894.11483   100%   173 4895s
 1117156 979214 1.7773e+10   57  303 2.9000e+11  894.12062   100%   173 4901s
 1118525 981183  920.91296   45  330 2.9000e+11  894.12662   100%   173 4905s
 1122110 984409  921.84684   49  321 2.9000e+11  894.13813   100%   173 4910s
 1125241 987346 1.1527e+10   60  317 2.9000e+11  894.14094   100%   173 4915s
 1129123 989888  965.43962   41  313 2.9000e+11  894.15347   100%   173 4923s
 1129163 990098  974.38128   43  311 2.9000e+11  894.15347   100%   173 4925s
 1130973 992449 7.4433e+09   53  311 2.9000e+11  894.16189   100%   173 4930s
 1134192 995707 1.2564e+10   52  313 2.9000e+11  894.16852   100%   173 4935s
 1135814 996712  901.00035   45  339 2.9000e+11  894.17223   100%   173 4941s
 1137609 998628 8.9136e+10   82  303 2.9000e+11  894.18065   100%   173 4945s
 1140936 1000471 2.6593e+10   63  307 2.9000e+11  894.18968   100%   173 4951s
 1143216 1002632  931.37466   51  317 2.9000e+11  894.19180   100%   173 4956s
 1144586 1004255  905.82494   43  329 2.9000e+11  894.19668   100%   173 4960s
 1147803 1007792 2.2158e+11  102  271 2.9000e+11  894.20172   100%   173 4965s
 1151841 1010344 6.3802e+10   77  304 2.9000e+11  894.20716   100%   173 4972s
 1152986 1012404 infeasible  119      2.9000e+11  894.20720   100%   173 4976s
 1155300 1013213 8.1029e+10   67  294 2.9000e+11  894.21787   100%   173 4981s
 1156215 1015032  944.15367   45  308 2.9000e+11  894.21961   100%   173 4985s
 1160335 1019049 3.9083e+10   62  298 2.9000e+11  894.23285   100%   173 4991s
 1163793 1021875 3.2960e+09   49  322 2.9000e+11  894.24285   100%   173 4996s
 1166301 1023816 2.4133e+11   88  268 2.9000e+11  894.24502   100%   173 5000s
 1168986 1025622 1.0507e+11   83  309 2.9000e+11  894.25294   100%   173 5009s
 1168994 1025900 1.1131e+11   83  306 2.9000e+11  894.25294   100%   173 5012s
 1169885 1027538  916.92362   41  326 2.9000e+11  894.25451   100%   173 5015s
 1174202 1031058 2.3610e+11  131  271 2.9000e+11  894.26545   100%   173 5021s
 1176857 1033808  933.27231   35  329 2.9000e+11  894.27588   100%   173 5026s
 1179633 1035911 1.2018e+11   91  309 2.9000e+11  894.28154   100%   173 5030s
 1182630 1038720  909.13014   46  330 2.9000e+11  894.28544   100%   173 5035s
 1183895 1040011 1.5598e+11   94  295 2.9000e+11  894.28908   100%   173 5041s
 1185270 1040605 5.4851e+10   53  301 2.9000e+11  894.29067   100%   173 5046s
 1187951 1043218 7.9521e+09   58  323 2.9000e+11  894.29239   100%   173 5051s
 1190642 1045945 1.2144e+11   65  278 2.9000e+11  894.30148   100%   173 5055s
 1194328 1048721 1.4562e+10   50  309 2.9000e+11  894.30993   100%   173 5060s
 1197139 1051553 4.2576e+10   59  305 2.9000e+11  894.31818   100%   173 5065s
 1200643 1053912 4.9759e+07   49  323 2.9000e+11  894.32293   100%   173 5072s
 1201613 1055402 1.0865e+11   74  282 2.9000e+11  894.32363   100%   173 5075s
 1204318 1057622 1.2593e+11   49  268 2.9000e+11  894.33808   100%   173 5080s
 1205985 1059812 5.9080e+10   73  296 2.9000e+11  894.34207   100%   173 5085s
 1209599 1061869 1.0047e+10   55  315 2.9000e+11  894.35440   100%   173 5092s
 1210260 1062942 1.2683e+11   82  301 2.9000e+11  894.35601   100%   173 5097s
 1211794 1065105 1.0834e+11   83  300 2.9000e+11  894.35926   100%   173 5100s
 1215526 1067864 1.0973e+10   55  305 2.9000e+11  894.36774   100%   173 5106s
 1218768 1070880 6.1996e+09   56  322 2.9000e+11  894.37446   100%   173 5111s
 1220770 1072134 8.3649e+10   70  292 2.9000e+11  894.37480   100%   173 5117s
 1221111 1072142 1.8461e+11   91  276 2.9000e+11  894.37480   100%   173 5120s
 1223270 1074838 5.4332e+10   78  312 2.9000e+11  894.38369   100%   173 5125s
 1226699 1078202 1.0189e+11   79  297 2.9000e+11  894.39564   100%   173 5130s
 1229545 1080835 1.4015e+11  107  284 2.9000e+11  894.39926   100%   173 5135s
 1231716 1082610 1.1668e+11   80  276 2.9000e+11  894.40043   100%   173 5141s
 1234338 1084140 2.0904e+10   56  313 2.9000e+11  894.41124   100%   173 5148s
 1234457 1084877 1.3687e+11   66  281 2.9000e+11  894.41165   100%   173 5150s
 1237657 1086848 7.6709e+10   63  304 2.9000e+11  894.41588   100%   173 5157s
 1239447 1089193 1.8595e+11   99  266 2.9000e+11  894.42202   100%   173 5161s
 1242537 1091951 1.1782e+11   70  290 2.9000e+11  894.42876   100%   173 5166s
 1245608 1094584 2.7553e+10   52  307 2.9000e+11  894.43790   100%   173 5170s
 1248057 1097303 5.7693e+10   71  299 2.9000e+11  894.44526   100%   173 5175s
 1250011 1098033 1.5406e+10   52  325 2.9000e+11  894.44794   100%   173 5180s
 1250505 1099473 1.0458e+11   77  302 2.9000e+11  894.45120   100%   173 5185s
 1253691 1102415 8.1599e+10   71  301 2.9000e+11  894.45671   100%   173 5190s
 1257246 1105486 1.2862e+11   85  287 2.9000e+11  894.46712   100%   173 5195s
 1260882 1108773 7.7697e+10   67  296 2.9000e+11  894.47056   100%   173 5201s
 1262030 1109358 2.2477e+11   96  268 2.9000e+11  894.47355   100%   173 5209s
 1262619 1110063  982.35779   45  317 2.9000e+11  894.47355   100%   173 5210s
 1265786 1112844 8.9465e+10   79  299 2.9000e+11  894.48424   100%   173 5215s
 1268761 1115766 7.1517e+10   62  295 2.9000e+11  894.48900   100%   173 5220s
 1271884 1118029  974.33362   61  326 2.9000e+11  894.49254   100%   173 5225s
 1274117 1120404  930.85633   46  325 2.9000e+11  894.50434   100%   173 5230s
 1276849 1122565 4.5446e+10   79  316 2.9000e+11  894.50669   100%   173 5237s
 1277324 1123501 7.7090e+10   81  313 2.9000e+11  894.50669   100%   173 5241s
 1280523 1126158 7.6846e+10   66  294 2.9000e+11  894.51512   100%   173 5246s
 1282285 1128303 1.1098e+11   82  292 2.9000e+11  894.51721   100%   173 5250s
 1286558 1131625  963.57527   51  320 2.9000e+11  894.52656   100%   173 5256s
 1288642 1132723 1.9469e+11  116  294 2.9000e+11  894.52656   100%   173 5262s
 1289340 1134403  962.29555   51  321 2.9000e+11  894.54068   100%   173 5265s
 1291690 1136521 1.6948e+11   94  286 2.9000e+11  894.55156   100%   173 5270s
 1294680 1138956 1.3809e+11   76  273 2.9000e+11  894.55969   100%   173 5275s
 1298139 1141304 1.0121e+11   68  276 2.9000e+11  894.56344   100%   173 5283s
 1298157 1141909 9.9788e+10   69  282 2.9000e+11  894.56505   100%   173 5285s
 1300881 1144720 5.5307e+10   83  309 2.9000e+11  894.56876   100%   173 5290s
 1302795 1146276 3.3319e+10   62  310 2.9000e+11  894.57221   100%   173 5295s
 1305605 1149064 3.3441e+09   46  305 2.9000e+11  894.58446   100%   173 5300s
 1309472 1152408  900.23758   39  330 2.9000e+11  894.59410   100%   173 5306s
 1311314 1154538 1.1710e+10   47  308 2.9000e+11  894.60499   100%   173 5310s
 1313498 1156003  975.92006   49  312 2.9000e+11  894.61438   100%   173 5315s
 1316532 1158550 1.6373e+11  101  303 2.9000e+11  894.61548   100%   173 5320s
 1318228 1160314 2.0681e+11   88  270 2.9000e+11  894.61875   100%   173 5325s
 1321369 1163367 2.2071e+11  105  283 2.9000e+11  894.62831   100%   173 5330s
 1324134 1164772 2.7084e+11  123  269 2.9000e+11  894.63373   100%   173 5336s
 1325842 1167387 2.9539e+10   64  300 2.9000e+11  894.64161   100%   173 5341s
 1329350 1170086  975.99733   50  330 2.9000e+11  894.65456   100%   173 5346s
 1331395 1172223 1.4368e+11  108  294 2.9000e+11  894.65994   100%   173 5351s
 1334460 1174605 1.0475e+10   56  314 2.9000e+11  894.66403   100%   173 5356s
 1337525 1176659  900.96201   39  327 2.9000e+11  894.66912   100%   173 5366s
 1337538 1176736  906.92406   40  325 2.9000e+11  894.66912   100%   173 5371s
 1339167 1179047 4.2445e+09   39  310 2.9000e+11  894.66995   100%   173 5376s
 1342294 1181994  928.30229   56  326 2.9000e+11  894.67851   100%   173 5381s
 1345427 1184435 7.4150e+07   46  316 2.9000e+11  894.69545   100%   173 5386s
 1348235 1187363 7.3955e+10   59  290 2.9000e+11  894.70749   100%   173 5391s
 1351553 1189915 2.5219e+10   52  312 2.9000e+11  894.71412   100%   173 5396s
 1354701 1192622  916.22871   47  327 2.9000e+11  894.71890   100%   173 5401s
 1356777 1193762 5.5528e+08   51  325 2.9000e+11  894.71909   100%   173 5407s
 1356797 1201092 2.2675e+09   53  324 2.9000e+11  894.72228   100%   173 5422s
 1364805 1201100 2.4755e+11  105  246 2.9000e+11  894.73687   100%   173 5426s
 1366011 1203144 3.4835e+10   67  318 2.9000e+11  894.74293   100%   173 5430s
 1369893 1206528 2.2970e+10   53  308 2.9000e+11  894.75490   100%   173 5435s
 1372049 1207857 1.1902e+11   83  294 2.9000e+11  894.75710   100%   173 5442s
 1372402 1211587 1.9542e+09   52  320 2.9000e+11  894.75835   100%   173 5451s
 1377720 1214061 2.0191e+11  103  268 2.9000e+11  894.77805   100%   173 5456s
 1380635 1216578 3.0390e+10   56  314 2.9000e+11  894.79016   100%   173 5460s
 1384665 1219779 1.7080e+11   86  272 2.9000e+11  894.79558   100%   173 5466s
 1386568 1220844 4.3475e+10   72  291 2.9000e+11  894.79558   100%   173 5471s
 1386896 1225372 8.3836e+10   84  291 2.9000e+11  894.79994   100%   173 5478s
 1392579 1226804  898.24567   37  329 2.9000e+11  894.81291   100%   173 5481s
 1394728 1228490  934.10344   41  316 2.9000e+11  894.81700   100%   173 5485s
 1395374 1229099  942.20035   42  321 2.9000e+11  894.81700   100%   173 5490s
 1398721 1232334  900.45840   39  333 2.9000e+11  894.82511   100%   173 5495s
 1401470 1234714 1.3375e+11   75  291 2.9000e+11  894.82584   100%   173 5503s
 1402185 1236227 2.8021e+11  107  278 2.9000e+11  894.83108   100%   173 5506s
 1405107 1238768 1.7964e+11   95  289 2.9000e+11  894.83717   100%   174 5510s
 1408081 1240067 1.8146e+10   56  297 2.9000e+11  894.84211   100%   173 5516s
 1409007 1242029 2.2650e+11  108  253 2.9000e+11  894.84369   100%   173 5520s
 1412052 1244064 4.9324e+10   64  325 2.9000e+11  894.84679   100%   173 5525s
 1414853 1246897     cutoff  109      2.9000e+11  894.85347   100%   173 5531s
 1417134 1249026  901.15071   40  333 2.9000e+11  894.85793   100%   173 5535s
 1420573 1252254 2.2706e+11   89  256 2.9000e+11  894.86501   100%   173 5540s
 1421674 1252262 2.8456e+10   73  320 2.9000e+11  894.86501   100%   173 5546s
 1423186 1254592 9.9583e+09   47  312 2.9000e+11  894.87060   100%   173 5551s
 1426098 1257600 6.9386e+10   73  293 2.9000e+11  894.87469   100%   173 5556s
 1428705 1258812 1.6795e+11  103  275 2.9000e+11  894.87469   100%   173 5560s
 1430945 1261776     cutoff  130      2.9000e+11  894.88544   100%   173 5565s
 1434439 1264490 1.8218e+11  103  283 2.9000e+11  894.89187   100%   173 5570s
 1435197 1264939 8.6722e+09   51  315 2.9000e+11  894.89278   100%   173 5575s
 1437783 1268172 6.3400e+10   88  301 2.9000e+11  894.89591   100%   173 5580s
 1441685 1270536 8.6507e+10   61  288 2.9000e+11  894.90693   100%   173 5588s
 1441858 1271160 7.5162e+09   48  314 2.9000e+11  894.90693   100%   173 5590s
 1444648 1273752 2.5052e+11  101  265 2.9000e+11  894.91713   100%   173 5596s
 1446810 1275114 1.4096e+10   55  317 2.9000e+11  894.92225   100%   173 5600s
 1446918 1282328 1.7448e+10   56  321 2.9000e+11  894.92549   100%   173 5615s
 1456213 1283616 2.1167e+10   61  311 2.9000e+11  894.94110   100%   173 5620s
 1458990 1286795 9.1782e+10   90  309 2.9000e+11  894.94359   100%   173 5625s
 1462044 1289919 2.4069e+11   77  249 2.9000e+11  894.94857   100%   173 5631s
 1465322 1292773 1.1184e+11   83  292 2.9000e+11  894.95247   100%   173 5635s
 1466595 1292873 1000.15118   53  317 2.9000e+11  894.95597   100%   173 5642s
 1467354 1294694 1.4871e+11   93  283 2.9000e+11  894.95685   100%   173 5645s
 1470705 1297189 2.6791e+11  114  248 2.9000e+11  894.96391   100%   173 5650s
 1473732 1300119 1.6143e+11   96  286 2.9000e+11  894.97099   100%   173 5655s
 1476530 1302985 5.9401e+10   73  311 2.9000e+11  894.98404   100%   173 5661s
 1477832 1303767 3.0129e+10   54  310 2.9000e+11  894.98404   100%   173 5665s
 1480944 1306968 6.3611e+10   57  289 2.9000e+11  894.99232   100%   173 5671s
 1484321 1309356 1.6276e+11   76  255 2.9000e+11  894.99829   100%   173 5676s
 1485780 1311304  951.59464   38  328 2.9000e+11  894.99891   100%   173 5680s
 1488037 1313014 3.0374e+10   64  306 2.9000e+11  895.00560   100%   173 5686s
 1489957 1313985 4.8375e+10   66  295 2.9000e+11  895.00693   100%   173 5691s
 1491142 1316058  947.42789   39  320 2.9000e+11  895.01029   100%   173 5695s
 1494201 1319028 5.3646e+09   45  312 2.9000e+11  895.01514   100%   173 5700s
 1496261 1320686 7.0847e+10   55  300 2.9000e+11  895.02220   100%   173 5706s
 1499266 1323257 1.4614e+11   90  295 2.9000e+11  895.02694   100%   173 5711s
 1502379 1326269 5.5014e+10   59  311 2.9000e+11  895.03403   100%   173 5716s
 1505698 1328420 1.5145e+11   84  290 2.9000e+11  895.04154   100%   173 5721s
 1506091 1331424 2.7682e+10   56  311 2.9000e+11  895.04468   100%   173 5727s
 1509451 1331432  927.03952   41  313 2.9000e+11  895.04780   100%   173 5731s
 1510374 1333489 1.5476e+11   79  278 2.9000e+11  895.05228   100%   173 5735s
 1513634 1336152 1.9918e+11   98  275 2.9000e+11  895.05745   100%   173 5741s
 1516009 1338591 7.9987e+09   55  317 2.9000e+11  895.06369   100%   173 5745s
 1519659 1341347 1.7246e+11   95  285 2.9000e+11  895.06843   100%   173 5750s
 1520645 1348614 2.2563e+10   56  300 2.9000e+11  895.07355   100%   173 5769s
 1528653 1349690  917.28264   37  323 2.9000e+11  895.09091   100%   174 5771s
 1530256 1350010 8.0138e+10   76  304 2.9000e+11  895.09091   100%   174 5777s
 1531049 1352123  943.23730   45  316 2.9000e+11  895.09484   100%   174 5781s
 1533885 1354612 3.0491e+10   59  306 2.9000e+11  895.10414   100%   174 5785s
 1536314 1356907 1.4769e+11   87  282 2.9000e+11  895.10803   100%   174 5790s
 1540031 1358961 1.3986e+10   55  306 2.9000e+11  895.11103   100%   174 5795s
 1541366 1359953 8.5518e+10   78  306 2.9000e+11  895.11780   100%   174 5800s
H1541565 1174442                    2.400000e+11  895.12080   100%   174 5802s
 1543718 1175867 1.7276e+11   84  287 2.4000e+11  895.12334   100%   174 5806s
H1543999 1134421                    2.300000e+11  895.12334   100%   174 5806s
H1544246 1094075                    2.200000e+11  895.12334   100%   174 5808s
 1544598 1094925 7.4447e+10   73  307 2.2000e+11  895.12457   100%   174 5810s
 1547985 1097776  935.54823   49  324 2.2000e+11  895.13038   100%   174 5815s
 1550527 1100694 9.2771e+09   58  312 2.2000e+11  895.13174   100%   174 5826s
H1551189 1020159                    2.000000e+11  895.13174   100%   174 5826s
 1553474 1022562  914.85780   46  325 2.0000e+11  895.13864   100%   174 5832s
 1554921 1022757 9.6678e+08   55  315 2.0000e+11  895.14265   100%   174 5835s
 1556558 1025339 3.4723e+10   64  304 2.0000e+11  895.14742   100%   174 5840s
 1560485 1028617 1.7698e+11   91  292 2.0000e+11  895.16005   100%   174 5846s
 1562664 1029978 8.1939e+10   78  300 2.0000e+11  895.16512   100%   174 5853s
 1563388 1031152  919.32257   36  322 2.0000e+11  895.16744   100%   174 5855s
 1564932 1036545 2.1213e+10   71  306 2.0000e+11  895.17397   100%   174 5869s
 1570766 1037675 1.5551e+11  100  287 2.0000e+11  895.19015   100%   174 5871s
 1573263 1038940  898.10796   42  341 2.0000e+11  895.19577   100%   174 5878s
 1574619 1040849 2.1188e+10   58  306 2.0000e+11  895.19997   100%   174 5881s
 1576672 1042875  973.01545   44  320 2.0000e+11  895.20669   100%   174 5885s
 1578119 1043914 9.8960e+09   51  323 2.0000e+11  895.21109   100%   174 5890s
 1581639 1046249 5.7708e+10   72  303 2.0000e+11  895.21968   100%   174 5896s
 1582650 1048223 9.6036e+10   79  293 2.0000e+11  895.22078   100%   174 5900s
 1586112 1051013 1.0633e+11   88  287 2.0000e+11  895.22859   100%   174 5906s
 1587248 1052228 1.0118e+11   73  295 2.0000e+11  895.22969   100%   174 5910s
 1588976 1052660 1.3501e+11   89  288 2.0000e+11  895.23146   100%   174 5917s
 1590149 1054618 1.2428e+11   87  274 2.0000e+11  895.23895   100%   174 5920s
 1593263 1057037  925.96723   43  320 2.0000e+11  895.24815   100%   174 5927s
 1595144 1059024 1018.15985   50  321 2.0000e+11  895.24892   100%   174 5931s
 1597207 1060829 7.2247e+10   79  295 2.0000e+11  895.26015   100%   174 5935s
 1598835 1061290 1.2054e+11   79  289 2.0000e+11  895.26289   100%   174 5943s
 1598845 1061612 1.2545e+11   79  287 2.0000e+11  895.26409   100%   174 5947s
 1600623 1063894 3.1374e+09   50  320 2.0000e+11  895.26971   100%   174 5951s
 1603136 1066116 1.1242e+11   72  280 2.0000e+11  895.27945   100%   174 5955s
 1606739 1069328 1.1882e+11   87  283 2.0000e+11  895.28639   100%   174 5961s
 1609146 1070414 5.8139e+10   68  313 2.0000e+11  895.28978   100%   174 5967s
 1609154 1070640 9.9823e+10   68  312 2.0000e+11  895.28978   100%   174 5970s
 1610704 1071742 9.9812e+10   71  297 2.0000e+11  895.29740   100%   174 5984s
 1610712 1078792 7.9690e+10   69  295 2.0000e+11  895.29749   100%   174 6007s
 1618720 1078830 4.4965e+10   67  298 2.0000e+11  895.31243   100%   174 6012s
 1618758 1079550 9.3738e+10   81  298 2.0000e+11  895.31343   100%   174 6015s
 1622428 1083262 2.0748e+10   55  313 2.0000e+11  895.32886   100%   174 6022s
 1625138 1084423 3.8644e+10   80  314 2.0000e+11  895.33542   100%   174 6029s
 1625200 1091411 4.4369e+10   81  318 2.0000e+11  895.33557   100%   174 6050s
 1635950 1093873 8.8290e+10   81  298 2.0000e+11  895.36339   100%   175 6057s
 1635958 1094844 8.8893e+10   82  299 2.0000e+11  895.36457   100%   175 6060s
 1637082 1095614 4.0185e+10   62  309 2.0000e+11  895.36711   100%   175 6066s
 1639025 1097221 1.6881e+10   55  319 2.0000e+11  895.37090   100%   175 6071s
 1641032 1099204 1.2538e+11  107  299 2.0000e+11  895.37425   100%   175 6075s
 1643690 1101745     cutoff  111      2.0000e+11  895.37960   100%   175 6081s
 1644863 1101760 1.6003e+11   97  274 2.0000e+11  895.37960   100%   175 6085s
 1646630 1104307  908.56051   40  321 2.0000e+11  895.38842   100%   175 6091s
 1648981 1106187 1.6259e+11  101  284 2.0000e+11  895.39117   100%   175 6095s
 1651786 1108820 3.9129e+10   59  298 2.0000e+11  895.40410   100%   175 6100s
 1653512 1109529 4.7370e+10   73  307 2.0000e+11  895.40697   100%   175 6107s
 1654839 1110498 2.4512e+10   49  310 2.0000e+11  895.41306   100%   175 6114s
 1654946 1117546 3.6552e+09   48  317 2.0000e+11  895.41401   100%   175 7032s
 1664200 1119842 1.7271e+11   87  271 2.0000e+11  895.44139   100%   175 7036s
 1665540 1120983  920.97796   45  320 2.0000e+11  895.44426   100%   175 7040s
 1669087 1123582 3.1445e+10   60  298 2.0000e+11  895.45133   100%   175 7045s
 1670501 1125834 1.0553e+11   82  295 2.0000e+11  895.45267   100%   175 7050s
 1673384 1126809 8.3025e+10   78  297 2.0000e+11  895.45765   100%   175 7056s
 1673417 1127480 1.0798e+11   77  286 2.0000e+11  895.46158   100%   175 7063s
 1674219 1128188 9.8463e+08   44  317 2.0000e+11  895.46553   100%   175 7067s
 1675044 1129579 6.8057e+09   59  311 2.0000e+11  895.46857   100%   175 7070s
 1677947 1131780 7.3870e+10   74  308 2.0000e+11  895.47499   100%   175 7075s
 1680096 1133172 5.3181e+10   61  316 2.0000e+11  895.48028   100%   175 7086s
 1681647 1135210 8.8925e+10   74  303 2.0000e+11  895.48605   100%   175 7091s
 1684334 1137557 3.3028e+10   68  315 2.0000e+11  895.49173   100%   175 7095s
 1687480 1140089  900.98227   46  330 2.0000e+11  895.50231   100%   175 7101s
 1689585 1141747 1.1357e+11   69  290 2.0000e+11  895.50470   100%   175 7105s
 1690421 1142448 4.1206e+10   52  309 2.0000e+11  895.50753   100%   175 7415s

Cutting planes:
  Gomory: 11
  Cover: 59
  Clique: 33
  Flow cover: 8
  Inf proof: 2
  Zero half: 15

Explored 1691237 nodes (296032779 simplex iterations) in 7415.97 seconds (10468.28 work units)
Thread count was 8 (of 8 available processors)

Solution count 10: 2e+11 2.2e+11 2.3e+11 ... 3.4e+11

Time limit reached
Best objective 2.000000009910e+11, best bound 8.955087464121e+02, gap 100.0000%
