
Gurobi 11.0.1 (mac64[arm]) logging started Thu May 23 16:48:42 2024

Set parameter LogFile to value "logs_new/salida_modelo_caminos_360_123.log"
Set parameter TimeLimit to value 7200
Gurobi Optimizer version 11.0.1 build v11.0.1rc0 (mac64[arm] - Darwin 23.4.0 23E224)

CPU model: Apple M2
Thread count: 8 physical cores, 8 logical processors, using up to 8 threads

Optimize a model with 613 rows, 2181 columns and 13310 nonzeros
Coefficient statistics:
  Matrix range     [1e+00, 1e+00]
  Objective range  [2e+00, 1e+10]
  Bounds range     [0e+00, 0e+00]
  RHS range        [1e+00, 2e+02]
Warning: Model contains large objective coefficients
         Consider reformulating model or setting NumericFocus parameter
         to avoid numerical issues.

Solved in 0 iterations and 0.00 seconds (0.00 work units)
Optimal objective  9.510000000e+02
Gurobi Optimizer version 11.0.1 build v11.0.1rc0 (mac64[arm] - Darwin 23.4.0 23E224)

CPU model: Apple M2
Thread count: 8 physical cores, 8 logical processors, using up to 8 threads

Optimize a model with 613 rows, 2181 columns and 13310 nonzeros
Model fingerprint: 0x45717e2c
Variable types: 0 continuous, 2181 integer (2181 binary)
Coefficient statistics:
  Matrix range     [1e+00, 1e+00]
  Objective range  [2e+00, 1e+10]
  Bounds range     [0e+00, 0e+00]
  RHS range        [1e+00, 2e+02]
Warning: Model contains large objective coefficients
         Consider reformulating model or setting NumericFocus parameter
         to avoid numerical issues.
Found heuristic solution: objective 3.600000e+12
Presolve removed 250 rows and 0 columns
Presolve time: 0.03s
Presolved: 363 rows, 2181 columns, 12953 nonzeros
Variable types: 0 continuous, 2181 integer (2181 binary)

Root relaxation: objective 9.510000e+02, 2664 iterations, 0.31 seconds (0.47 work units)

    Nodes    |    Current Node    |     Objective Bounds      |     Work
 Expl Unexpl |  Obj  Depth IntInf | Incumbent    BestBd   Gap | It/Node Time

     0     0  951.00000    0  336 3.6000e+12  951.00000   100%     -    0s
H    0     0                    1.350000e+12  951.00000   100%     -    0s
H    0     0                    7.200000e+11  951.00000   100%     -    0s
H    0     0                    6.300000e+11  951.00000   100%     -    0s
H    0     0                    6.000000e+11  951.00000   100%     -    0s
H    0     0                    5.800000e+11  951.00000   100%     -    0s
H    0     0                    5.600000e+11  951.00000   100%     -    0s
     0     0  951.70117    0  355 5.6000e+11  951.70117   100%     -    0s
     0     0  952.09343    0  370 5.6000e+11  952.09343   100%     -    1s
H    0     0                    5.500000e+11  952.09343   100%     -    1s
     0     0  952.09343    0  362 5.5000e+11  952.09343   100%     -    1s
     0     0  954.52935    0  377 5.5000e+11  954.52935   100%     -    1s
     0     0  954.52935    0  376 5.5000e+11  954.52935   100%     -    1s
     0     0  954.52935    0  376 5.5000e+11  954.52935   100%     -    1s
     0     0  954.52935    0  377 5.5000e+11  954.52935   100%     -    1s
     0     0  954.52935    0  377 5.5000e+11  954.52935   100%     -    1s
     0     0  954.52935    0  379 5.5000e+11  954.52935   100%     -    1s
     0     0  954.52935    0  380 5.5000e+11  954.52935   100%     -    1s
     0     0  954.52935    0  381 5.5000e+11  954.52935   100%     -    1s
     0     0  954.52935    0  384 5.5000e+11  954.52935   100%     -    1s
     0     0  954.52935    0  383 5.5000e+11  954.52935   100%     -    2s
H    0     0                    5.100000e+11  954.52935   100%     -    2s
     0     0  954.52935    0  380 5.1000e+11  954.52935   100%     -    2s
     0     0  954.52935    0  381 5.1000e+11  954.52935   100%     -    2s
     0     0  954.52935    0  380 5.1000e+11  954.52935   100%     -    2s
     0     2  954.52935    0  380 5.1000e+11  954.52935   100%     -    2s
H   31    40                    5.000000e+11  955.14480   100%   220    3s
H   32    40                    4.900000e+11  955.14480   100%   218    3s
H   64    73                    4.500000e+11  957.39535   100%   230    3s
H   67    73                    4.200000e+11  957.39535   100%   229    3s
   110   119  960.70963   10  358 4.2000e+11  957.43949   100%   223    7s
   118   127  966.95147   10  352 4.2000e+11  957.43949   100%   223   11s
H  121   127                    3.900000e+11  957.43949   100%   222   11s
   401   417 1.6160e+09   30  342 3.9000e+11  957.43949   100%   236   15s
   584   613 1.1023e+10   42  338 3.9000e+11  957.43949   100%   273   20s
   961  1014 6.1885e+10   57  328 3.9000e+11  957.43949   100%   239   25s
  1137  1197 8.1225e+10   64  327 3.9000e+11  957.43949   100%   234   30s
  1795  1889 1.2722e+11   87  324 3.9000e+11  957.43949   100%   203   35s
  2311  2202 1.6172e+11  101  320 3.9000e+11  957.43949   100%   189   44s
  2320  2243 1.6421e+11  102  320 3.9000e+11  957.43949   100%   189   47s
  2766  2614 1.0862e+11   69  380 3.9000e+11  958.15161   100%   183   50s
  2876  2696  973.54038   22  344 3.9000e+11  958.15161   100%   186   57s
H 2878  2565                    3.900000e+11  958.15161   100%   186   57s
H 2881  2439                    3.600000e+11  958.15161   100%   186   57s
H 2964  2381                    3.400000e+11  958.15161   100%   187   63s
  3033  2441  990.68014   32  332 3.4000e+11  958.15161   100%   188   65s
  3284  2607 2.6881e+10   46  322 3.4000e+11  958.15161   100%   194   70s
  3511  2770 6.3924e+10   77  315 3.4000e+11  958.15161   100%   201   75s
  3709  2926 1.9059e+11  117  296 3.4000e+11  958.15161   100%   205   80s
  3840  2991  958.15161   20  353 3.4000e+11  958.15161   100%   207   85s
  4038  3121 1.3268e+09   37  334 3.4000e+11  958.15161   100%   212   90s
  4304  3324 3.5585e+10   64  325 3.4000e+11  958.15161   100%   218   95s
  4753  3448 1.2905e+11   93  321 3.4000e+11  958.15161   100%   216  103s
  4761  3487 1.1603e+11   93  323 3.4000e+11  958.15161   100%   216  106s
H 4802  3361                    3.400000e+11  958.15161   100%   216  106s
  5009  3614 2.8249e+11  118  307 3.4000e+11  958.15161   100%   217  111s
  5256  3736  984.03134   24  349 3.4000e+11  958.15161   100%   218  115s
  5459  3901 1048.80974   32  342 3.4000e+11  958.15161   100%   220  120s
  5996  4257 5.1104e+10   60  336 3.4000e+11  958.15161   100%   218  127s
  6338  4481 1.1917e+11   82  332 3.4000e+11  958.15161   100%   219  131s
  6529  4426 1.9672e+11  108  326 3.4000e+11  958.15161   100%   220  138s
H 6534  4306                    3.300000e+11  958.15161   100%   220  138s
  6537  4548 1.9625e+11  105  323 3.3000e+11  958.15161   100%   220  141s
  7034  5050  978.05284   24  350 3.3000e+11  958.15161   100%   219  147s
  7510  5217 5.2491e+09   33  344 3.3000e+11  958.15161   100%   216  150s
  8299  5490 2.0352e+11   77  319 3.3000e+11  958.15161   100%   213  155s
  8952  5966 1.2249e+10   41  339 3.3000e+11  958.15161   100%   212  162s
  9203  5987 4.1425e+10   47  333 3.3000e+11  958.15161   100%   212  167s
  9224  6204 2.6274e+10   48  335 3.3000e+11  958.15161   100%   212  171s
  9465  6645 4.5855e+10   53  331 3.3000e+11  958.15161   100%   211  175s
 10654  7937  977.04317   28  342 3.3000e+11  959.88872   100%   206  181s
 11355  8354 3.0874e+10   57  336 3.3000e+11  959.88872   100%   205  186s
 11816  9247 9.3337e+10   67  329 3.3000e+11  959.88872   100%   203  190s
 13132 10236 2.4197e+11  139  316 3.3000e+11  960.68139   100%   198  197s
 13896 10710 2.3609e+09   43  341 3.3000e+11  960.68139   100%   197  202s
H13906 10632                    3.200000e+11  960.68139   100%   197  202s
H14373 10548                    3.100000e+11  960.68139   100%   197  202s
 14381 11205 3.5934e+10   56  336 3.1000e+11  960.68139   100%   197  206s
 15164 11554 9.7082e+10   95  332 3.1000e+11  960.68139   100%   195  212s
 15544 12822 1.2663e+11  108  329 3.1000e+11  961.29174   100%   195  225s
H16920 12193                    2.700000e+11  961.64361   100%   193  230s
 17218 12549 7.8612e+09   43  347 2.7000e+11  961.64361   100%   193  237s
 17636 13112 2.1108e+10   49  343 2.7000e+11  961.64361   100%   193  249s
 18216 14538 6.0362e+10   67  338 2.7000e+11  961.64361   100%   193  257s
H19601 14538                    2.700000e+11  961.64361   100%   192  257s
 19767 15211 1.5162e+11  107  321 2.7000e+11  961.69863   100%   192  264s
 20588 16007 1017.89398   32  337 2.7000e+11  962.52759   100%   191  271s
H21476 16182                    2.700000e+11  962.52759   100%   191  280s
H21523 16182                    2.700000e+11  962.52759   100%   191  280s
 21681 17539 7.9332e+10   89  318 2.7000e+11  962.60812   100%   190  287s
 23230 17930 1.9997e+10   45  339 2.7000e+11  963.03396   100%   189  294s
 23643 18565 7.1667e+10   65  335 2.7000e+11  963.03396   100%   189  301s
 24334 19468 1.4946e+11   99  328 2.7000e+11  963.11779   100%   189  308s
 25341 20738 6.0904e+09   37  340 2.7000e+11  963.12058   100%   189  314s
 26762 22073  976.44831   26  344 2.7000e+11  963.29486   100%   188  320s
 28257 22727 1.0929e+11   96  330 2.7000e+11  963.81634   100%   186  326s
 28994 22776 1027.68183   36  329 2.7000e+11  963.85632   100%   186  333s
H29053 22776                    2.700000e+11  963.85632   100%   186  333s
 29055 23328 1040.90578   35  331 2.7000e+11  963.89490   100%   186  338s
 29721 23329 1.1713e+11   58  380 2.7000e+11  964.00125   100%   187  381s
 29727 23333 5.3222e+10   55  373 2.7000e+11  964.00125   100%   187  385s
H29805 22220                    2.700000e+11  964.00125   100%   187  386s
 29839 22250  981.36761   37  352 2.7000e+11  964.00125   100%   187  392s
 29867 22268 1007.34970   39  347 2.7000e+11  964.00125   100%   187  395s
 30015 22375 7.1301e+09   50  343 2.7000e+11  964.00125   100%   187  400s
 30154 22476 4.5851e+10   61  339 2.7000e+11  964.00125   100%   188  405s
 30303 22580 9.0450e+10   72  326 2.7000e+11  964.00125   100%   189  410s
 30589 22773 1.7362e+11   90  317 2.7000e+11  964.00125   100%   191  415s
 30907 22894  981.61718   35  350 2.7000e+11  964.00125   100%   191  422s
 31054 22953 1017.31293   41  345 2.7000e+11  964.00125   100%   191  428s
 31191 23098 6.9706e+09   53  340 2.7000e+11  964.00125   100%   191 1331s
 31321 23155 2.5763e+10   55  341 2.7000e+11  964.00125   100%   191 1336s
 31631 23413 6.6162e+10   66  326 2.7000e+11  964.00125   100%   191 1340s
 32106 23714 1.0194e+11   78  328 2.7000e+11  964.00125   100%   192 1346s
 32558 23989 2.0838e+11   94  299 2.7000e+11  964.00125   100%   191 1351s
 32880 23988  985.33788   38  348 2.7000e+11  964.00125   100%   191 2261s
 33219 24217 3.6584e+10   50  324 2.7000e+11  964.00125   100%   191 2267s
H33240 23101                    2.700000e+11  964.00125   100%   191 2267s
 33425 23393 4.9291e+10   60  315 2.7000e+11  964.00125   100%   191 2271s
 33961 23854 1.7541e+11   87  292 2.7000e+11  964.00125   100%   190 2275s
 34700 24288 1033.02535   45  340 2.7000e+11  964.00125   100%   189 3182s
 35457 24851 1055.52654   43  340 2.7000e+11  964.00125   100%   189 3187s
 36657 25676 1.4567e+11   90  295 2.7000e+11  964.00125   100%   188 3191s
 37971 26221 1032.27974   38  341 2.7000e+11  964.00125   100%   186 3197s
 39398 26557 2.5998e+11  116  282 2.7000e+11  964.00125   100%   185 3204s
 39435 26777  970.44601   38  350 2.7000e+11  964.00125   100%   185 3246s
 39710 27159 1026.32939   46  338 2.7000e+11  964.00125   100%   185 3250s
 40262 27377 5.3655e+10   74  320 2.7000e+11  964.00125   100%   184 3265s
 41281 28549 2.2632e+11  115  292 2.7000e+11  964.00125   100%   183 3273s
 42369 29122 3.4825e+10   55  336 2.7000e+11  964.00125   100%   183 3276s
 43461 28841  968.80174   34  355 2.7000e+11  964.00125   100%   182 3281s
 44767 31107 9.6426e+10   76  305 2.7000e+11  964.18868   100%   181 3290s
 46674 30618 1.9901e+11   80  285 2.7000e+11  964.35881   100%   180 3297s
 46683 31083 1.8787e+11   80  284 2.7000e+11  965.01777   100%   180 3300s
 48114 32190 1.7358e+11   77  276 2.7000e+11  965.24606   100%   179 3305s
 49675 33027 1008.86732   44  335 2.7000e+11  965.74630   100%   178 3311s
 50503 32779 1.5052e+11   92  293 2.7000e+11  965.74630   100%   178 3317s
 50545 32973 1.8321e+11   91  287 2.7000e+11  965.74630   100%   177 3320s
 51488 33895 1.0725e+10   47  333 2.7000e+11  965.93043   100%   177 3327s
 52145 34678 1.0027e+11   71  287 2.7000e+11  966.09207   100%   177 3330s
 54194 35743 7.2215e+10   72  307 2.7000e+11  966.46966   100%   176 3336s
 56176 36544 1.7388e+11   96  304 2.7000e+11  966.79155   100%   174 3342s
 56827 37157 3.1601e+10   51  322 2.7000e+11  966.84260   100%   174 3345s
 57804 36839  994.97406   41  347 2.7000e+11  966.87139   100%   173 3350s
 58339 37423 1.4924e+10   56  343 2.7000e+11  966.87139   100%   173 3357s
 58640 38221 8.4580e+10   69  311 2.7000e+11  966.97255   100%   173 3360s
 59640 39225 8.8493e+09   45  333 2.7000e+11  967.23472   100%   173 3366s
 62064 39908 5.9087e+10   55  317 2.7000e+11  967.37119   100%   172 3372s
 62747 40646 2.2180e+11   96  261 2.7000e+11  967.50488   100%   172 3375s
 64792 41564 1.1740e+10   52  339 2.7000e+11  967.81078   100%   171 3381s
 66364 41731 1.7572e+11   58  280 2.7000e+11  967.87985   100%   171 3389s
 66372 41899 1.8620e+11   59  279 2.7000e+11  968.06571   100%   171 3392s
 66575 42415 1018.25913   42  347 2.7000e+11  968.06571   100%   170 3395s
 68000 43474 2.5860e+11  114  294 2.7000e+11  968.23829   100%   170 3401s
 69563 44390 9.1722e+10   82  319 2.7000e+11  968.40687   100%   170 3407s
 70570 44863 2.0713e+09   44  341 2.7000e+11  968.45460   100%   169 3410s
 72516 45755 1031.58819   45  336 2.7000e+11  968.84394   100%   169 3416s
 74074 46656 1.9192e+11  103  303 2.7000e+11  968.87431   100%   168 3424s
 74725 46896 1004.92596   46  343 2.7000e+11  969.02920   100%   168 3431s
 75232 48260 1023.25219   46  339 2.7000e+11  969.03197   100%   168 3438s
 76929 49119 8.0636e+09   53  326 2.7000e+11  969.29251   100%   167 3443s
 78498 49210 2.3559e+10   63  330 2.7000e+11  969.39864   100%   167 3446s
 79212 50047 1.5186e+11   99  317 2.7000e+11  969.49118   100%   167 3450s
 81392 50222 infeasible  126      2.7000e+11  969.63299   100%   166 3461s
 81410 50310  977.80057   39  353 2.7000e+11  969.63299   100%   166 3465s
 82783 51465  982.81789   39  345 2.7000e+11  969.73074   100%   166 3473s
 83297 52297 1.1433e+10   54  336 2.7000e+11  969.73074   100%   166 3476s
 84376 52860 1.5777e+11   94  324 2.7000e+11  969.77084   100%   166 3480s
 86308 53968 2.4955e+10   52  333 2.7000e+11  969.88045   100%   165 3486s
 88296 54966 6.5952e+10   58  327 2.7000e+11  970.15050   100%   165 3492s
 89295 55819 1053.46330   47  338 2.7000e+11  970.15050   100%   165 3497s
 90598 55395 2.6589e+11  127  286 2.7000e+11  970.15050   100%   165 3503s
 90608 55979     cutoff  125      2.7000e+11  970.24528   100%   165 3506s
 92354 56711  986.58922   38  353 2.7000e+11  970.28190   100%   164 3512s
 92734 57231 2.3129e+10   59  339 2.7000e+11  970.28190   100%   164 3515s
 94458 58747  997.57031   44  338 2.7000e+11  970.53863   100%   164 3521s
 96045 59564 2.2389e+10   55  332 2.7000e+11  970.61330   100%   164 3528s
 96257 60077 2.8192e+10   57  334 2.7000e+11  970.70597   100%   164 3531s
 97922 61128 1.6305e+11   91  291 2.7000e+11  970.70597   100%   164 3539s
 97973 61847 1.8287e+11   91  292 2.7000e+11  970.82095   100%   164 3543s
 98780 62767 1.7296e+09   57  336 2.7000e+11  970.88245   100%   164 3546s
 100767 64385 4.7549e+10   52  320 2.7000e+11  970.98541   100%   164 3553s
 101631 64920 1.8047e+10   51  340 2.7000e+11  971.13930   100%   164 3558s
 102218 65763 8.4804e+10   71  335 2.7000e+11  971.18388   100%   164 3562s
 103208 66186  997.71258   39  352 2.7000e+11  971.27001   100%   164 3567s
 103644 66984 1.4886e+10   50  349 2.7000e+11  971.27001   100%   164 3571s
 104543 68003 9.0584e+10   76  337 2.7000e+11  971.32625   100%   163 3577s
 105686 68039 1.0577e+10   48  335 2.7000e+11  971.32625   100%   163 3583s
 105736 68907 2.6240e+10   48  327 2.7000e+11  971.46032   100%   163 3588s
 106713 69520 1.9970e+10   51  324 2.7000e+11  971.61169   100%   163 3592s
 107410 69846 1.6111e+09   44  335 2.7000e+11  971.72313   100%   163 3598s
 107736 70848 2.2425e+10   54  333 2.7000e+11  971.72313   100%   163 3601s
 108756 72069 1.1205e+11   77  306 2.7000e+11  971.74402   100%   164 3605s
 110804 73584 2.9227e+10   61  322 2.7000e+11  971.90021   100%   163 3610s
 111974 74170 1026.34483   39  341 2.7000e+11  971.93110   100%   163 3616s
 112600 74457 1.1787e+11   76  303 2.7000e+11  971.93481   100%   163 3620s
 112951 75299 2.5293e+10   58  335 2.7000e+11  971.96243   100%   163 4523s
 113881 76048 1003.86785   40  340 2.7000e+11  971.98238   100%   163 4526s
 115704 77781 4.0388e+10   58  335 2.7000e+11  972.19750   100%   162 4532s
 116666 78491 1001.85176   47  334 2.7000e+11  972.20191   100%   162 4535s
 118185 79381 1.0623e+11   88  321 2.7000e+11  972.22092   100%   162 4542s
 118469 79403 1.1594e+11   88  320 2.7000e+11  972.22092   100%   162 5447s
 118491 80089 1.0733e+11   89  321 2.7000e+11  972.25144   100%   162 5450s
 120750 82062 2.2281e+11  120  311 2.7000e+11  972.37741   100%   162 5456s
 122074 83412 1.1825e+11   89  328 2.7000e+11  972.50326   100%   162 5461s
 123476 84821 1.1070e+11   81  312 2.7000e+11  972.59889   100%   162 5466s
 125167 86152 2.0252e+11   85  305 2.7000e+11  972.69000   100%   162 5471s
 125925 86160 1054.07095   51  351 2.7000e+11  972.72676   100%   161 6378s
 125933 86376 2.7177e+09   51  340 2.7000e+11  972.72676   100%   161 6382s
 126912 87701  997.93995   38  347 2.7000e+11  972.78518   100%   161 6387s
 127644 88528 2.1452e+11   73  285 2.7000e+11  972.85859   100%   161 6390s
 129188 89729 3.5416e+10   59  331 2.7000e+11  972.87938   100%   161 6395s
 130756 90757 4.3208e+10   54  321 2.7000e+11  972.98141   100%   161 7300s

Cutting planes:
  Gomory: 1
  Clique: 12
  Flow cover: 1
  Zero half: 6

Explored 131055 nodes (21114551 simplex iterations) in 7300.12 seconds (1152.05 work units)
Thread count was 8 (of 8 available processors)

Solution count 10: 2.7e+11 2.7e+11 3.1e+11 ... 3.9e+11

Time limit reached
Best objective 2.700000010270e+11, best bound 9.729814135478e+02, gap 100.0000%
