
Gurobi 11.0.1 (mac64[arm]) logging started Sun May 26 17:46:37 2024

Set parameter LogFile to value "logs_new/salida_modelo_caminos_400_567.log"
Set parameter TimeLimit to value 7200
Gurobi Optimizer version 11.0.1 build v11.0.1rc0 (mac64[arm] - Darwin 23.4.0 23E224)

CPU model: Apple M2
Thread count: 8 physical cores, 8 logical processors, using up to 8 threads

Optimize a model with 653 rows, 2220 columns and 9484 nonzeros
Coefficient statistics:
  Matrix range     [1e+00, 1e+00]
  Objective range  [2e+00, 1e+10]
  Bounds range     [0e+00, 0e+00]
  RHS range        [1e+00, 2e+02]
Warning: Model contains large objective coefficients
         Consider reformulating model or setting NumericFocus parameter
         to avoid numerical issues.

Solved in 0 iterations and 0.00 seconds (0.00 work units)
Optimal objective  1.509000000e+03
Gurobi Optimizer version 11.0.1 build v11.0.1rc0 (mac64[arm] - Darwin 23.4.0 23E224)

CPU model: Apple M2
Thread count: 8 physical cores, 8 logical processors, using up to 8 threads

Optimize a model with 653 rows, 2220 columns and 9484 nonzeros
Model fingerprint: 0xce25ee63
Variable types: 0 continuous, 2220 integer (2220 binary)
Coefficient statistics:
  Matrix range     [1e+00, 1e+00]
  Objective range  [2e+00, 1e+10]
  Bounds range     [0e+00, 0e+00]
  RHS range        [1e+00, 2e+02]
Warning: Model contains large objective coefficients
         Consider reformulating model or setting NumericFocus parameter
         to avoid numerical issues.
Found heuristic solution: objective 4.000000e+12
Presolve removed 250 rows and 2 columns
Presolve time: 0.02s
Presolved: 403 rows, 2218 columns, 9162 nonzeros
Variable types: 0 continuous, 2218 integer (2218 binary)
Found heuristic solution: objective 3.910000e+12

Root relaxation: objective 1.509000e+03, 2488 iterations, 0.25 seconds (0.21 work units)

    Nodes    |    Current Node    |     Objective Bounds      |     Work
 Expl Unexpl |  Obj  Depth IntInf | Incumbent    BestBd   Gap | It/Node Time

     0     0 1509.00000    0  344 3.9100e+12 1509.00000   100%     -    0s
H    0     0                    7.400000e+11 1509.00000   100%     -    0s
H    0     0                    5.800000e+11 1509.00000   100%     -    0s
H    0     0                    5.400000e+11 1509.00000   100%     -    0s
H    0     0                    3.200000e+11 1509.00000   100%     -    0s
H    0     0                    3.000000e+11 1509.00000   100%     -    0s
     0     0 1509.23956    0  368 3.0000e+11 1509.23956   100%     -    0s
     0     0 1509.66990    0  371 3.0000e+11 1509.66990   100%     -    1s
     0     0 1509.74609    0  387 3.0000e+11 1509.74609   100%     -    1s
     0     0 1509.77817    0  382 3.0000e+11 1509.77817   100%     -    1s
H    0     0                    2.800000e+11 1509.77817   100%     -    1s
     0     0 1509.77899    0  385 2.8000e+11 1509.77899   100%     -    1s
H    0     0                    2.700000e+11 1509.77899   100%     -    1s
H    0     0                    2.600000e+11 1509.77899   100%     -    1s
     0     0 1509.81822    0  386 2.6000e+11 1509.81822   100%     -    1s
H    0     0                    2.500000e+11 1509.81822   100%     -    1s
     0     0 1509.91423    0  384 2.5000e+11 1509.91423   100%     -    1s
H    0     0                    2.400000e+11 1509.91423   100%     -    1s
     0     0 1509.91670    0  382 2.4000e+11 1509.91670   100%     -    1s
     0     0 1509.91827    0  383 2.4000e+11 1509.91827   100%     -    1s
     0     0 1509.91893    0  384 2.4000e+11 1509.91893   100%     -    1s
     0     0 1509.93363    0  384 2.4000e+11 1509.93363   100%     -    1s
     0     0 1509.93388    0  385 2.4000e+11 1509.93388   100%     -    1s
H    0     0                    2.200000e+11 1509.93388   100%     -    1s
     0     0 1509.96637    0  381 2.2000e+11 1509.96637   100%     -    1s
     0     0 1509.98732    0  385 2.2000e+11 1509.98732   100%     -    1s
     0     0 1509.98738    0  390 2.2000e+11 1509.98738   100%     -    1s
     0     0 1509.98738    0  391 2.2000e+11 1509.98738   100%     -    1s
     0     0 1510.00508    0  391 2.2000e+11 1510.00508   100%     -    1s
H    0     0                    2.100000e+11 1510.00710   100%     -    2s
H    0     2                    2.100000e+11 1510.00710   100%     -    2s
     0     2 1510.00710    0  391 2.1000e+11 1510.00710   100%     -    2s
H   31    40                    1.900000e+11 1510.74677   100%   138    2s
H   67    74                    1.800000e+11 1511.67867   100%   138    2s
H   72    74                    1.600000e+11 1511.67867   100%   137    2s
H   98   107                    1.300000e+11 1511.95589   100%   144    4s
H  102   107                    1.100000e+11 1511.95589   100%   140    4s
H  106   115                    1.100000e+11 1511.95589   100%   141    6s
H  109   115                    1.100000e+11 1511.95589   100%   142    6s
  1167  1205 1.7735e+10   80  308 1.1000e+11 1511.95589   100%   110   10s
H 1925  1965                    1.000000e+11 1511.95589   100%  97.8   13s
  2219  2193 8.5664e+10  141  255 1.0000e+11 1511.95589   100%  97.2   15s
H 2241  2231                    1.000000e+11 1511.95589   100%  97.5   17s
H 2242  2231                    1.000000e+11 1511.95589   100%  97.4   17s
H 2244  2192                    9.000000e+10 1511.95589   100%  97.4   17s
H 2925  2731                    8.000000e+10 1512.06081   100%  93.9   19s
  2928  2733 2.8780e+10  146  354 8.0000e+10 1512.06081   100%  93.8   20s
H 2963  2627                    7.000000e+10 1512.06081   100%  95.7   21s
  3107  2725 1518.72303   29  359 7.0000e+10 1512.06081   100%  98.2   25s
H 3112  2593                    7.000000e+10 1512.06081   100%  98.2   25s
  3720  3047 1613.09026   67  295 7.0000e+10 1512.06081   100%   103   30s
  4345  3492 1.5714e+10  129  290 7.0000e+10 1512.06081   100%   103   35s
  4726  3594 4.4248e+10  158  267 7.0000e+10 1512.06081   100%   101   42s
  5212  3970 1675.60817   66  298 7.0000e+10 1512.06081   100%   100   45s
H 5399  3891                    6.000000e+10 1512.06081   100%   100   47s
  5733  4175 2.4795e+10  109  285 6.0000e+10 1512.06081   100%   100   50s
  6630  4738 5.1264e+09   85  311 6.0000e+10 1512.06081   100%  99.3   55s
H 6970  4696                    5.999999e+10 1512.06081   100%  98.3   58s
  7212  4997 3.4526e+10  122  304 6.0000e+10 1512.06081   100%  97.8   60s
  8512  5727 2.8706e+10   94  308 6.0000e+10 1512.39402   100%  96.2   66s
H 9103  5711                    5.999999e+10 1512.59348   100%  95.0   67s
  9364  6213 1.8236e+10   71  325 6.0000e+10 1512.59348   100%  94.6   70s
 10333  6867 1568.87361   44  348 6.0000e+10 1513.33545   100%  93.1   75s
 10902  7675 5.6528e+10  109  288 6.0000e+10 1513.40319   100%  92.8   81s
 11787  8159 1.1004e+10  102  300 6.0000e+10 1513.40319   100%  92.8   94s
 11939  8198 2.7698e+10  120  283 6.0000e+10 1513.40319   100%  92.8   98s
 11992  8609 2.6186e+10  120  285 6.0000e+10 1513.40319   100%  92.9  100s
 13720 10055 2.2814e+10   98  306 6.0000e+10 1514.80017   100%  91.7  107s
H13802 10055                    5.999999e+10 1514.80017   100%  91.8  107s
 14057 10093 3.7283e+10  102  308 6.0000e+10 1514.80017   100%  91.8  111s
 14695 11850 3.9089e+10  133  310 6.0000e+10 1515.30403   100%  91.9  115s
 17311 13556 1.6789e+09   68  305 6.0000e+10 1515.41182   100%  89.7  121s
H18086 13719                    5.999999e+10 1515.41182   100%  88.6  123s
 18987 15245 2.0918e+10  140  310 6.0000e+10 1515.41182   100%  87.8  126s
 20704 17049 1650.03831   52  318 6.0000e+10 1517.00820   100%  85.5  133s
 23551 18820 5.8096e+08   74  286 6.0000e+10 1517.57753   100%  82.6  136s
 27169 22313 1564.65526   47  334 6.0000e+10 1517.80314   100%  79.4  141s
 29179 23411 1551.24333   37  391 6.0000e+10 1518.17175   100%  78.4  168s
 29183 23414 4.9008e+10  124  389 6.0000e+10 1518.17175   100%  78.4  170s
 29190 23418 1.5735e+10  101  403 6.0000e+10 1518.17175   100%  78.4  175s
 29196 23422 2.2016e+10   95  395 6.0000e+10 1518.17175   100%  78.4  180s
 29202 23426 1625.72787   75  402 6.0000e+10 1518.17175   100%  78.4  185s
 29211 23432 3.5470e+10  123  403 6.0000e+10 1518.17175   100%  78.3  191s
 29285 23491 1524.86071   39  376 6.0000e+10 1518.17175   100%  78.6  197s
 29354 23542 1562.53937   45  357 6.0000e+10 1518.17175   100%  78.6  200s
 29906 23930 7.0857e+09   80  319 6.0000e+10 1518.17175   100%  79.5  205s
 30300 24109 3.5198e+10  100  302 6.0000e+10 1518.17175   100%  80.5  210s
 30577 24223 1518.17175   37  371 6.0000e+10 1518.17175   100%  80.8  218s
 30585 24235 1518.17175   38  368 6.0000e+10 1518.17175   100%  80.8  221s
 31101 24641 1676.45174   74  324 6.0000e+10 1518.17175   100%  82.0  225s
 31663 24971 2.1242e+10  120  294 6.0000e+10 1518.17175   100%  82.8  230s
 32082 25238 1518.17175   37  361 6.0000e+10 1518.17175   100%  83.1  235s
 32959 25815 2.3829e+10  100  294 6.0000e+10 1518.17175   100%  83.8  241s
 33630 26153 infeasible  155      6.0000e+10 1518.17175   100%  84.2  245s
 34106 26402 1621.60786   69  345 6.0000e+10 1518.17175   100%  84.7  250s
 34317 26345 5.6169e+09   80  329 6.0000e+10 1518.17175   100%  84.9  259s
 34331 26577 1.2552e+09   80  329 6.0000e+10 1518.17175   100%  84.9  261s
 34602 26762 7.7179e+09   97  324 6.0000e+10 1518.17175   100%  85.1  265s
 35788 27636 1604.10406   59  348 6.0000e+10 1518.17175   100%  85.2  270s
 36343 27753 1588.20776   61  314 6.0000e+10 1518.17175   100%  85.2  288s
 36675 27775 3.2644e+09   90  291 6.0000e+10 1518.17175   100%  85.3  291s
 37569 28879 1.7380e+10  136  309 6.0000e+10 1518.17175   100%  85.5  295s
 38423 28789 4.0555e+10  160  263 6.0000e+10 1518.17175   100%  85.4  302s
 39870 30305 1587.29435   58  324 6.0000e+10 1518.17175   100%  85.5  306s
 42136 30946     cutoff  160      6.0000e+10 1518.17175   100%  86.0  313s
 42486 32084 1582.94384   55  338 6.0000e+10 1518.17175   100%  86.1  315s
 43900 33831 1597.15824   74  333 6.0000e+10 1518.17175   100%  86.0  320s
 48187 34495 1601.95094   66  330 6.0000e+10 1518.71285   100%  86.0  325s
 50139 35735     cutoff  148      6.0000e+10 1518.74635   100%  86.0  330s
 52483 36350 3.4892e+08   66  332 6.0000e+10 1519.22506   100%  86.8  336s
 54378 38389 8.6118e+09  111  305 6.0000e+10 1519.41262   100%  86.9  341s
 57844 39618 1.9959e+09   77  334 6.0000e+10 1519.77247   100%  86.0  346s
 59300 42136 2.9106e+10  162  331 6.0000e+10 1519.89921   100%  86.0  351s
 62907 42086 4.3016e+10  148  286 6.0000e+10 1520.09999   100%  85.4  358s
 63911 43461 1.7746e+10  128  319 6.0000e+10 1520.48160   100%  85.4  361s
 65556 43548 2.5504e+09   91  313 6.0000e+10 1520.55875   100%  85.6  373s
 65564 44366 2.5756e+09   92  314 6.0000e+10 1520.56756   100%  85.6  375s
 69579 45824 1620.79095   59  324 6.0000e+10 1520.81630   100%  85.5  382s
 70431 46565 1689.37920   82  323 6.0000e+10 1520.83147   100%  85.5  385s
 73233 48261 2.9710e+10  150  285 6.0000e+10 1521.09658   100%  85.4  391s
 74381 50132 1541.88542   48  359 6.0000e+10 1521.20354   100%  85.6  396s
 78146 50565 1.9331e+09   74  335 6.0000e+10 1521.43510   100%  85.3  402s
 80544 52717 1621.23185   62  336 6.0000e+10 1521.57107   100%  84.8  405s
 84008 54477 1599.51190   64  333 6.0000e+10 1521.75139   100%  84.2  410s
 86644 56050 3.1122e+10  141  294 6.0000e+10 1521.94860   100%  84.1  415s
 89032 57800 1558.48272   53  336 6.0000e+10 1522.06437   100%  83.8  420s
 90552 59204 1622.33339   64  324 6.0000e+10 1522.12429   100%  83.7  425s
 95192 60679 2.5907e+10  127  317 6.0000e+10 1522.43559   100%  83.2  430s
 98848 62924 5.5918e+10  148  274 6.0000e+10 1522.63128   100%  83.1  435s
 99847 63200 2.2972e+10  152  300 6.0000e+10 1522.64399   100%  83.0  440s
 103576 67080 1.6657e+10  110  312 6.0000e+10 1522.91404   100%  82.9  447s
 105979 68579 1678.04077   62  295 6.0000e+10 1522.97258   100%  83.0  450s
 108720 71344 5.2215e+07   75  323 6.0000e+10 1523.13245   100%  82.8  455s
 111192 72780 5.2582e+10   73  285 6.0000e+10 1523.21638   100%  82.8  465s
 112818 75056 1572.30920   56  356 6.0000e+10 1523.28516   100%  82.8  470s
 117035 78810 1.3946e+10  118  313 6.0000e+10 1523.44136   100%  82.4  475s
 121173 82276 1674.75124   76  322 6.0000e+10 1523.60284   100%  81.9  480s
 124217 85326 1.4836e+10  104  295 6.0000e+10 1523.75357   100%  81.7  485s
 128420 88956 1611.25378   73  333 6.0000e+10 1523.87908   100%  81.2  490s
 132685 92683 1.5319e+09   83  323 6.0000e+10 1524.07608   100%  80.7  495s
 135761 95243 1561.59949   55  347 6.0000e+10 1524.15434   100%  80.5  500s
 138779 97933 4.8000e+10  158  314 6.0000e+10 1524.23680   100%  80.5  505s
 140223 99558 1576.10918   58  338 6.0000e+10 1524.29248   100%  80.5  511s
 143796 102647 8.7160e+08   72  307 6.0000e+10 1524.42524   100%  80.2  516s
 145626 103605 5.5595e+09   90  296 6.0000e+10 1524.44745   100%  80.1  522s
 147684 106126 1561.52850   55  332 6.0000e+10 1524.58228   100%  80.0  525s
 151387 108543 1678.38568   73  304 6.0000e+10 1524.72698   100%  79.7  532s
 153059 110700 1.8896e+10  117  304 6.0000e+10 1524.78146   100%  79.6  535s
 156221 113721 1565.35984   55  348 6.0000e+10 1524.88429   100%  79.4  540s
 160590 117269 8.3092e+08   76  308 6.0000e+10 1525.00961   100%  79.0  545s
 162993 119353 5.1334e+10  161  294 6.0000e+10 1525.05790   100%  79.2  550s
 166294 121739 1691.57377   72  325 6.0000e+10 1525.13348   100%  78.9  562s
 168902 125025 1633.63549   75  336 6.0000e+10 1525.19069   100%  78.7  565s
 169946 125033 1538.27467   47  363 6.0000e+10 1525.19069   100%  78.6  573s
 171253 126887 3.0000e+10  143  323 6.0000e+10 1525.25883   100%  78.5  575s
 174534 129601 1545.18247   49  355 6.0000e+10 1525.38396   100%  78.3  580s
 177809 132574 4.0000e+10   83  301 6.0000e+10 1525.45345   100%  78.4  585s
 180695 134969 4.0040e+10  148  287 6.0000e+10 1525.51389   100%  78.4  590s
 184083 138353 2.4492e+10  191  322 6.0000e+10 1525.63377   100%  78.5  595s
 187988 141751     cutoff  160      6.0000e+10 1525.75577   100%  78.1  600s
 190020 143185 1608.31007   71  338 6.0000e+10 1525.79375   100%  77.9  606s
 192813 146155 2.5864e+10  116  275 6.0000e+10 1525.85547   100%  78.0  610s
 197224 150013 5.1433e+08   84  315 6.0000e+10 1525.92192   100%  77.7  615s
 200116 152212 1536.82445   47  343 6.0000e+10 1526.00946   100%  77.6  620s
 202384 153716 3.3920e+10  165  313 6.0000e+10 1526.03526   100%  77.6  627s
 203829 155482 3.8782e+10  147  296 6.0000e+10 1526.14191   100%  77.6  630s
 206236 157878 1584.08492   55  347 6.0000e+10 1526.19850   100%  77.6  635s
 210240 161509 1562.13008   55  342 6.0000e+10 1526.27220   100%  77.4  641s
 213009 164075 2.7256e+10  122  290 6.0000e+10 1526.33524   100%  77.3  645s
 216674 167288 8.9838e+09  112  295 6.0000e+10 1526.45561   100%  77.1  650s
 220762 170716 1530.31712   51  352 6.0000e+10 1526.54381   100%  76.9  655s
 222380 171341 1710.38413   73  296 6.0000e+10 1526.54778   100%  76.9  660s
 224057 173909 6.6976e+09  109  299 6.0000e+10 1526.59570   100%  76.8  665s
 227926 176968 5.2672e+09  112  326 6.0000e+10 1526.71205   100%  76.9  670s
 232148 180733 1528.83912   48  356 6.0000e+10 1526.81700   100%  76.6  676s
 235060 182697 1594.35009   64  335 6.0000e+10 1526.86889   100%  76.6  687s
 235317 182705 1605.65798   65  329 6.0000e+10 1526.86889   100%  76.6  692s
 236159 184118 1535.39757   48  363 6.0000e+10 1526.87832   100%  76.5  695s
 239262 187393 1560.72993   62  344 6.0000e+10 1526.95453   100%  76.3  700s
 243001 190201 1537.10014   45  325 6.0000e+10 1527.02820   100%  76.4  705s
 246905 193660 4.8277e+10  132  284 6.0000e+10 1527.10666   100%  76.1  710s
 250728 197103 1536.62686   51  349 6.0000e+10 1527.18223   100%  75.9  715s
 254012 200342 1.6847e+10   99  287 6.0000e+10 1527.22647   100%  75.9  720s
 256802 202780 1618.19986   77  323 6.0000e+10 1527.26568   100%  76.0  726s
 261457 206390 2.4521e+10  120  298 6.0000e+10 1527.32859   100%  75.7  731s
 262244 206398 1633.50614   62  326 6.0000e+10 1527.37014   100%  75.7  735s
 265220 209958 4.1678e+09   99  313 6.0000e+10 1527.41292   100%  75.5  740s
 268906 213406 1537.57086   45  374 6.0000e+10 1527.44543   100%  75.3  745s
 272942 216655 1625.27841   59  331 6.0000e+10 1527.53901   100%  75.2  750s
 276636 220046 1585.21681   61  338 6.0000e+10 1527.61066   100%  75.1  755s
 280297 222465 1.2855e+10  103  305 6.0000e+10 1527.65727   100%  74.9  764s
 280305 222894 1.3008e+10  104  310 6.0000e+10 1527.66595   100%  74.9  765s
 283510 226691 8.5471e+09  103  311 6.0000e+10 1527.70351   100%  74.9  770s
 287067 229021 1.7900e+10   79  319 6.0000e+10 1527.78632   100%  74.8  775s
 291898 233412 1548.78303   57  342 6.0000e+10 1527.88990   100%  74.5  780s
 293091 233869 1629.21799   64  348 6.0000e+10 1527.90649   100%  74.6  787s
 294877 236188 5.9800e+09  123  321 6.0000e+10 1527.94464   100%  74.7  791s
 299079 239854 1611.83828   56  325 6.0000e+10 1527.98953   100%  74.4  796s
 302299 242644 1.6669e+10  138  324 6.0000e+10 1528.03937   100%  74.3  800s
 306271 245318 2.8877e+08   84  321 6.0000e+10 1528.12099   100%  74.1  805s
 308642 248138 1.1949e+09   83  324 6.0000e+10 1528.15134   100%  74.0  810s
 312077 251102 3.9352e+10  182  293 6.0000e+10 1528.18747   100%  74.0  815s
 315479 253454 1633.91643   70  322 6.0000e+10 1528.26350   100%  73.8  820s
 318279 256290 1578.77063   54  350 6.0000e+10 1528.29630   100%  73.7  825s
 321576 259701 8.1342e+09  104  320 6.0000e+10 1528.35280   100%  73.7  831s
 325287 262078 1545.98272   55  344 6.0000e+10 1528.39706   100%  73.6  847s
 325295 262086 1548.53126   56  346 6.0000e+10 1528.39706   100%  73.6  852s
 325385 263097 1553.00723   62  335 6.0000e+10 1528.39706   100%  73.6  855s
 328584 266239 1.0925e+09   79  334 6.0000e+10 1528.45520   100%  73.6  861s
 331597 268349 1.3107e+10   95  318 6.0000e+10 1528.48559   100%  73.6  865s
 335367 271680 1.1259e+09   70  303 6.0000e+10 1528.53284   100%  73.5  870s
 338460 273911 1587.50410   69  343 6.0000e+10 1528.59294   100%  73.5  880s
 341300 277264 1.5247e+09  104  293 6.0000e+10 1528.63534   100%  73.4  885s
 344932 280068 1550.19374   47  348 6.0000e+10 1528.68415   100%  73.5  891s
 347649 282712 3.3719e+09   77  310 6.0000e+10 1528.72929   100%  73.5  896s
 350231 284443 1641.21326   58  330 6.0000e+10 1528.75893   100%  73.5  900s
 352892 287248 1597.57537   59  330 6.0000e+10 1528.79150   100%  73.6  905s
 357009 291000 1701.77377   79  290 6.0000e+10 1528.84393   100%  73.5  910s
 358284 291008 1585.20407   54  339 6.0000e+10 1528.84503   100%  73.4  916s
 358292 298023 1587.21622   55  342 6.0000e+10 1528.84542   100%  73.4  929s
 366300 298792 1.5765e+10  122  279 6.0000e+10 1528.93531   100%  73.3  930s
 367286 298796     cutoff  140      6.0000e+10 1528.94461   100%  73.3  949s
 367298 298981 5.7669e+10  139  308 6.0000e+10 1528.94625   100%  73.3  950s
 369176 301432 3.5636e+10  160  297 6.0000e+10 1528.95899   100%  73.4  955s
 372659 303520 1549.52857   53  349 6.0000e+10 1529.00067   100%  73.3  961s
 373879 305400 1.1606e+10  119  309 6.0000e+10 1529.03284   100%  73.3  965s
 377827 308557 1558.40698   54  356 6.0000e+10 1529.05109   100%  73.2  970s
 381083 311600 1616.09881   74  312 6.0000e+10 1529.11279   100%  73.2  975s
 385066 315358 3.0798e+08   75  299 6.0000e+10 1529.17537   100%  73.1  980s
 387142 316195 2.2269e+10  145  324 6.0000e+10 1529.17537   100%  73.0  986s
 389449 318617 1647.15542   58  331 6.0000e+10 1529.21164   100%  73.0  990s
 392378 321537 1.6662e+10  142  284 6.0000e+10 1529.23797   100%  73.1  995s
 395581 323967 1.3849e+09   64  317 6.0000e+10 1529.26902   100%  73.2 1000s
 398166 326604 2.4346e+10  123  313 6.0000e+10 1529.28417   100%  73.2 1005s
 401047 328138 2.7427e+08   72  277 6.0000e+10 1529.32745   100%  73.2 1011s
 402764 330361 3.0788e+10  148  333 6.0000e+10 1529.36352   100%  73.2 1016s
 406296 333227 2.4657e+10  187  296 6.0000e+10 1529.40267   100%  73.2 1020s
 409329 335890 3.0000e+10   69  295 6.0000e+10 1529.43394   100%  73.3 1025s
 411083 337269 1602.19111   67  341 6.0000e+10 1529.46864   100%  73.3 1031s
 413656 340038 4.0779e+10  110  277 6.0000e+10 1529.49452   100%  73.2 1035s
 414612 340046 6.4975e+09   89  315 6.0000e+10 1529.49452   100%  73.2 1040s
 417564 343884 1.3797e+09   67  315 6.0000e+10 1529.54940   100%  73.3 1046s
 421621 346893 4.9626e+08   63  317 6.0000e+10 1529.58408   100%  73.2 1050s
 424783 349840 1707.75205   62  339 6.0000e+10 1529.64199   100%  73.2 1055s
 427284 351840 1568.76068   56  363 6.0000e+10 1529.68316   100%  73.3 1060s
 430565 354856 1648.25774   72  326 6.0000e+10 1529.71940   100%  73.3 1065s
 433592 356703 3.4874e+09   86  313 6.0000e+10 1529.75105   100%  73.3 1077s
 433699 356770 3.7055e+09   87  308 6.0000e+10 1529.75105   100%  73.3 1085s
 436188 359445 1622.45465   56  335 6.0000e+10 1529.78047   100%  73.3 1091s
 439738 362678 1.6690e+09   62  332 6.0000e+10 1529.81804   100%  73.3 1096s
 443016 365777 1623.96136   63  353 6.0000e+10 1529.85913   100%  73.2 1101s
 445999 368601 1647.24074   71  328 6.0000e+10 1529.88094   100%  73.2 1105s
 449708 371439 1545.10613   47  338 6.0000e+10 1529.91947   100%  73.2 1110s
 452930 374468 1571.57054   52  350 6.0000e+10 1529.95244   100%  73.2 1115s
 456202 376809 4.1718e+10   73  312 6.0000e+10 1529.97866   100%  73.2 1120s
 456880 376817 1689.20090   72  301 6.0000e+10 1529.98942   100%  73.2 1126s
 458620 379079 1669.19364   84  336 6.0000e+10 1529.99663   100%  73.2 1130s
 461537 381527 1648.81628   76  317 6.0000e+10 1530.00904   100%  73.2 1135s
 465901 385446 1543.74342   48  351 6.0000e+10 1530.06456   100%  73.1 1140s
 469509 388843 6.7637e+09  119  307 6.0000e+10 1530.09161   100%  73.0 1146s
 473225 391814 1710.10940   63  314 6.0000e+10 1530.12534   100%  72.9 1150s
 476716 395497 1602.75445   64  312 6.0000e+10 1530.15344   100%  72.9 1156s
 480060 398102 1.4786e+09   74  323 6.0000e+10 1530.18586   100%  72.8 1160s
 483894 401038 1532.85010   47  354 6.0000e+10 1530.20962   100%  72.8 1165s
 487137 403438 1600.90082   65  336 6.0000e+10 1530.22837   100%  72.7 1174s
 487145 404285 1605.96843   66  332 6.0000e+10 1530.22837   100%  72.7 1176s
 489664 406258 1553.53232   55  347 6.0000e+10 1530.25110   100%  72.6 1180s
 493584 409702 1.2196e+10  102  301 6.0000e+10 1530.29908   100%  72.6 1185s
 496781 412918 1614.46443   58  319 6.0000e+10 1530.33501   100%  72.6 1190s
 501041 416491 1772.66268   82  341 6.0000e+10 1530.35959   100%  72.5 1195s
 504740 419864 1.1564e+09   95  323 6.0000e+10 1530.38451   100%  72.5 1200s
 507710 422575 1.0000e+10   71  321 6.0000e+10 1530.40576   100%  72.5 1205s
 508846 422794 1692.72375   73  317 6.0000e+10 1530.40925   100%  72.5 1212s
 511113 424589 6.4122e+07   53  305 6.0000e+10 1530.43192   100%  72.4 1224s
 511121 425058 1.9192e+09   53  309 6.0000e+10 1530.43192   100%  72.4 1225s
 514139 428112 4.9006e+09  100  289 6.0000e+10 1530.46518   100%  72.5 1230s
 518495 431623 1604.43353   62  335 6.0000e+10 1530.50856   100%  72.4 1235s
 521477 435030 9.4475e+09  112  319 6.0000e+10 1530.52954   100%  72.3 1240s
 526002 438505 5.0871e+10  168  317 6.0000e+10 1530.56870   100%  72.2 1245s
 530430 442277 1690.79249   78  328 6.0000e+10 1530.61779   100%  72.2 1251s
 534098 445302 5.6358e+10  133  319 6.0000e+10 1530.65228   100%  72.1 1255s
 536828 447707 1608.00258   54  331 6.0000e+10 1530.66833   100%  72.1 1260s
 539310 450159 1549.96088   57  344 6.0000e+10 1530.69318   100%  72.3 1265s
 542853 453303 1753.88590   69  307 6.0000e+10 1530.72489   100%  72.2 1270s
 546242 456069 1.6495e+10  131  330 6.0000e+10 1530.75029   100%  72.2 1275s
 550237 458766 1641.70943   67  348 6.0000e+10 1530.77751   100%  72.1 1289s
 550245 465821 1647.83574   68  346 6.0000e+10 1530.78112   100%  72.1 1307s
 559850 468406 8.8865e+09   96  323 6.0000e+10 1530.85248   100%  72.1 1311s
 562547 470938 1643.03311   78  340 6.0000e+10 1530.87857   100%  72.1 1315s
 567538 474065 1.4278e+10  121  295 6.0000e+10 1530.91091   100%  72.0 1324s
 567554 474935 1.4388e+10  122  293 6.0000e+10 1530.91685   100%  72.0 1325s
 571837 478807 1.8379e+10  125  329 6.0000e+10 1530.95398   100%  71.9 1330s
 575758 482341 1628.88487   67  324 6.0000e+10 1530.98080   100%  71.8 1335s
 579743 485822 1.1010e+10  149  309 6.0000e+10 1531.00650   100%  71.8 1340s
 584362 490001 1622.40118   58  334 6.0000e+10 1531.04022   100%  71.6 1345s
 588328 493385 1554.30347   50  337 6.0000e+10 1531.07426   100%  71.5 1350s
 589784 493911 1541.35084   50  359 6.0000e+10 1531.08738   100%  71.5 1355s
 593594 497819 4.4162e+10  178  308 6.0000e+10 1531.10312   100%  71.4 1360s
 597331 501217 1538.38791   54  363 6.0000e+10 1531.13065   100%  71.4 1365s
 600954 504400 5.0790e+10  195  297 6.0000e+10 1531.16769   100%  71.4 1370s
 604608 507708 1.7336e+09   72  343 6.0000e+10 1531.20579   100%  71.4 1376s
 607742 509584 4.9045e+10  184  277 6.0000e+10 1531.21866   100%  71.3 1382s
 608433 510971 1.6237e+10   95  299 6.0000e+10 1531.24054   100%  71.3 1385s
 612895 515111 3.6506e+10  176  314 6.0000e+10 1531.26470   100%  71.2 1390s
 616284 517808 1586.33766   62  346 6.0000e+10 1531.28222   100%  71.2 1395s
 620864 521939 1.9802e+10  143  317 6.0000e+10 1531.32312   100%  71.1 1400s
 623810 524813 1552.78995   52  361 6.0000e+10 1531.34579   100%  71.0 1405s
 627236 527859 9.1468e+09  116  321 6.0000e+10 1531.36499   100%  71.0 1410s
 628365 527867 1704.96038   76  318 6.0000e+10 1531.38280   100%  71.0 1419s
 628373 528469 1752.92734   77  311 6.0000e+10 1531.38396   100%  71.0 1420s
 630608 530011 1708.12174   75  340 6.0000e+10 1531.40840   100%  70.9 1426s
 632868 532073 1537.48896   48  359 6.0000e+10 1531.42085   100%  70.9 1430s
 636312 535678 5.3196e+10  145  290 6.0000e+10 1531.44779   100%  70.9 1435s
 640617 539552 5.9652e+08   81  323 6.0000e+10 1531.47668   100%  70.9 1441s
 644929 543130 3.4052e+10  172  290 6.0000e+10 1531.50013   100%  70.8 1445s
 647832 545632 1650.49250   54  329 6.0000e+10 1531.53890   100%  70.8 1451s
 649741 546680 1589.24466   55  349 6.0000e+10 1531.55648   100%  70.8 1461s
 651692 549375 7.3983e+08   78  328 6.0000e+10 1531.58394   100%  70.8 1465s
 656359 553250 1735.07983   84  309 6.0000e+10 1531.61221   100%  70.8 1470s
 660629 557059 1649.08198   78  347 6.0000e+10 1531.63597   100%  70.7 1475s
 663467 559928 1566.37926   57  335 6.0000e+10 1531.65718   100%  70.6 1480s
 667016 562893 8.1807e+09  127  314 6.0000e+10 1531.67287   100%  70.6 1485s
 668694 564471 3.9324e+10  154  304 6.0000e+10 1531.69068   100%  70.6 1491s
 671867 567259     cutoff  143      6.0000e+10 1531.70689   100%  70.6 1495s
 675083 570032 1687.54854   80  319 6.0000e+10 1531.72922   100%  70.5 1500s
 679164 573549 1563.83044   47  355 6.0000e+10 1531.75637   100%  70.4 1505s
 682502 576645 1568.89227   49  366 6.0000e+10 1531.78659   100%  70.4 1510s
 685958 579827 2.3468e+09   93  318 6.0000e+10 1531.81743   100%  70.4 1515s
 686971 580303 1575.09048   61  354 6.0000e+10 1531.82314   100%  70.4 1520s
 690945 584448 1560.13246   56  351 6.0000e+10 1531.85655   100%  70.3 1525s
 693969 586649 1753.09675   80  325 6.0000e+10 1531.87828   100%  70.3 1530s
 697531 589846 1596.77578   66  344 6.0000e+10 1531.89648   100%  70.3 1535s
 700418 592472 1576.08701   50  324 6.0000e+10 1531.92050   100%  70.3 1540s
 704396 596305 1.0000e+10   88  296 6.0000e+10 1531.94564   100%  70.3 1545s
 708708 599907 1.5198e+10  110  312 6.0000e+10 1531.97280   100%  70.3 1550s
 709764 600558 1622.18797   68  337 6.0000e+10 1531.97845   100%  70.2 1555s
 714197 605399 1801.46371   71  302 6.0000e+10 1532.00208   100%  70.2 1561s
 717930 607993 1629.22433   60  312 6.0000e+10 1532.02357   100%  70.1 1565s
 721695 611544 2.9811e+09   67  334 6.0000e+10 1532.05280   100%  70.1 1571s
 723393 613186 2.5258e+09   74  328 6.0000e+10 1532.06271   100%  70.1 1576s
 726728 615091 1673.38282   67  331 6.0000e+10 1532.07469   100%  70.1 1589s
 726835 615098 1723.06597   68  323 6.0000e+10 1532.07469   100%  70.1 1596s
 729624 619017 2.4502e+10  156  303 6.0000e+10 1532.09515   100%  70.0 1601s
 733057 621126 2.9088e+10  127  280 6.0000e+10 1532.11048   100%  70.0 1605s
 736488 624118 8.0216e+09   99  316 6.0000e+10 1532.12652   100%  70.0 1610s
 740198 627658 2.3386e+10  172  305 6.0000e+10 1532.14161   100%  70.0 1616s
 743201 630334 1624.38579   62  324 6.0000e+10 1532.15584   100%  70.0 1620s
 746018 631735 1720.72519   74  333 6.0000e+10 1532.17249   100%  70.0 1627s
 747448 634344 6.9901e+08   78  326 6.0000e+10 1532.18941   100%  70.0 1631s
 750321 636456 1590.30728   59  343 6.0000e+10 1532.20547   100%  70.0 1635s
 754993 640711 1601.27067   48  340 6.0000e+10 1532.22302   100%  70.0 1641s
 758515 643832 3.4156e+10  160  290 6.0000e+10 1532.25377   100%  69.9 1645s
 763011 646818 4.1493e+08   77  321 6.0000e+10 1532.27275   100%  69.9 1654s
 763019 647490 1.0949e+09   78  323 6.0000e+10 1532.27280   100%  69.9 1656s
 765884 649962 3.9922e+10  184  328 6.0000e+10 1532.28853   100%  69.9 1660s
 769046 652912 1.7904e+10  139  335 6.0000e+10 1532.30780   100%  69.9 1665s
 772452 656004 1552.19396   51  351 6.0000e+10 1532.32634   100%  69.9 1670s
 776087 659188 1640.52549   74  335 6.0000e+10 1532.35006   100%  69.8 1675s
 779830 662359 1598.63110   47  338 6.0000e+10 1532.36833   100%  69.8 1681s
 780587 662410 4.3242e+10  106  327 6.0000e+10 1532.37699   100%  69.8 1685s
 783137 665518 2.4164e+08   78  330 6.0000e+10 1532.38977   100%  69.7 1691s
 785778 667550 9.2532e+08   70  314 6.0000e+10 1532.40065   100%  69.7 1695s
 789683 671609 1540.86435   47  343 6.0000e+10 1532.42479   100%  69.7 1701s
 792830 673910 2.8586e+10  162  303 6.0000e+10 1532.44081   100%  69.7 1706s
 795682 676631 1.1421e+10  130  293 6.0000e+10 1532.45691   100%  69.7 1719s
 796722 677162 1.7911e+09   63  329 6.0000e+10 1532.46033   100%  69.7 1721s
 798701 679743 1.1041e+10  118  303 6.0000e+10 1532.47178   100%  69.7 1725s
 801433 681240 3.9924e+09  101  301 6.0000e+10 1532.48494   100%  69.7 1733s
 801898 682695 1608.78228   63  327 6.0000e+10 1532.48766   100%  69.6 1735s
 805844 685610 1623.90404   72  351 6.0000e+10 1532.51120   100%  69.6 1740s
 809996 689221 5.3662e+10  166  284 6.0000e+10 1532.52608   100%  69.5 1745s
 813220 692195 2.8892e+10  156  319 6.0000e+10 1532.55979   100%  69.5 1750s
 815889 694665 1.9351e+10  128  306 6.0000e+10 1532.57031   100%  69.5 1755s
 819917 698505 4.0979e+10  176  245 6.0000e+10 1532.58931   100%  69.5 1761s
 823289 701248 1596.49920   60  327 6.0000e+10 1532.61250   100%  69.5 1765s
 827147 704079 1691.96706   61  317 6.0000e+10 1532.64012   100%  69.4 1770s
 830166 707279 1579.14392   55  323 6.0000e+10 1532.65102   100%  69.5 1776s
 833337 709878 1722.93328   74  339 6.0000e+10 1532.67969   100%  69.4 1781s
 834296 709886 1709.32036   77  322 6.0000e+10 1532.69082   100%  69.4 1785s
 836893 712945 1.9679e+08   72  312 6.0000e+10 1532.70446   100%  69.4 1790s
 838957 714700 5.2990e+10  102  291 6.0000e+10 1532.71451   100%  69.4 1795s
 842980 718424 1737.02198   76  321 6.0000e+10 1532.74782   100%  69.4 1801s
 845389 719813 1.1389e+10  113  324 6.0000e+10 1532.75471   100%  69.4 1809s
 845576 720628 2.2934e+10  115  325 6.0000e+10 1532.75631   100%  69.4 1811s
 848448 722298     cutoff  178      6.0000e+10 1532.77028   100%  69.4 1817s
 849251 724166 1672.87892   74  340 6.0000e+10 1532.77968   100%  69.4 1820s
 853095 727123 1.9688e+10   80  312 6.0000e+10 1532.79936   100%  69.3 1825s
 856770 730089 8.6577e+09  123  341 6.0000e+10 1532.82231   100%  69.3 1830s
 859332 732763 1590.82250   63  345 6.0000e+10 1532.83452   100%  69.4 1835s
 862208 734492 1538.84929   49  361 6.0000e+10 1532.84442   100%  69.3 1841s
 864185 736986 1570.30257   54  346 6.0000e+10 1532.85290   100%  69.3 1846s
 867675 740055 1575.58172   57  346 6.0000e+10 1532.87959   100%  69.3 1850s
 871228 743320 1.2063e+10  106  314 6.0000e+10 1532.91050   100%  69.3 1855s
 875283 746595 1607.19476   67  344 6.0000e+10 1532.92845   100%  69.2 1860s
 876085 746603 1580.21912   57  338 6.0000e+10 1532.93635   100%  69.2 1867s
 876093 746725 1587.94284   58  351 6.0000e+10 1532.93635   100%  69.2 1874s
 876240 747461 1598.03942   59  338 6.0000e+10 1532.93635   100%  69.2 1875s
 879579 750498     cutoff   84      6.0000e+10 1532.94707   100%  69.3 1881s
 882223 752631 1.9397e+10  104  310 6.0000e+10 1532.96405   100%  69.3 1885s
 886157 756249 1665.33255   76  323 6.0000e+10 1532.98133   100%  69.2 1890s
 889194 758960 4.3139e+09   93  341 6.0000e+10 1532.99372   100%  69.2 1895s
 893036 762535 1.1629e+10   91  324 6.0000e+10 1533.01331   100%  69.2 1900s
 898115 766760 1580.07566   59  345 6.0000e+10 1533.04184   100%  69.1 1905s
 901337 769504 1557.95662   47  339 6.0000e+10 1533.05368   100%  69.1 1911s
 904033 772155 1563.90833   54  345 6.0000e+10 1533.06873   100%  69.1 1915s
 906857 774815 1747.52391   71  324 6.0000e+10 1533.08652   100%  69.1 1920s
 910282 777383 4.9404e+10  158  287 6.0000e+10 1533.09925   100%  69.0 1935s
 910946 784541 3.2141e+08   68  318 6.0000e+10 1533.10864   100%  69.0 1950s
 920713 786131 1740.02213   78  311 6.0000e+10 1533.15661   100%  69.0 1961s
 921914 788531 1591.37143   63  326 6.0000e+10 1533.16383   100%  69.0 1965s
 924896 791183 1565.67885   52  371 6.0000e+10 1533.17454   100%  68.9 1970s
 929713 795051 1.7864e+10  169  322 6.0000e+10 1533.18616   100%  68.9 1975s
 932680 797672 1.6016e+09   98  305 6.0000e+10 1533.20268   100%  68.9 1980s
 936999 801286 5.1598e+10  180  311 6.0000e+10 1533.22556   100%  68.9 1985s
 941364 805433 1726.64609   76  324 6.0000e+10 1533.24532   100%  68.9 1990s
 945959 809022     cutoff   81      6.0000e+10 1533.26784   100%  68.9 1996s
 948765 811749 1576.65062   49  337 6.0000e+10 1533.28182   100%  69.0 2001s
 952026 814504 1624.75746   63  334 6.0000e+10 1533.29167   100%  68.9 2006s
 954024 815485 1.0365e+10  134  303 6.0000e+10 1533.30224   100%  68.9 2017s
 954855 817491 1601.74206   58  349 6.0000e+10 1533.30697   100%  68.9 2020s
 958103 819732 1718.46304   56  322 6.0000e+10 1533.32122   100%  68.9 2025s
 961235 822999 1598.77163   66  341 6.0000e+10 1533.33551   100%  68.9 2030s
 965083 826219 1.0310e+10   75  334 6.0000e+10 1533.36570   100%  68.9 2036s
 968573 829217 1572.98594   56  341 6.0000e+10 1533.37748   100%  68.8 2040s
 972001 832230 1543.52769   46  361 6.0000e+10 1533.38829   100%  68.8 2046s
 975529 834880 1574.76388   52  359 6.0000e+10 1533.40809   100%  68.8 2050s
 978022 837092 5.3273e+10  195  338 6.0000e+10 1533.41603   100%  68.8 2055s
 981915 840876 1635.13509   64  332 6.0000e+10 1533.44026   100%  68.8 2060s
 984943 843094 7.8735e+09   88  310 6.0000e+10 1533.45408   100%  68.8 2068s
 985512 846813 2.6715e+10  145  306 6.0000e+10 1533.45450   100%  68.8 2076s
 991911 850107 1690.37035   73  287 6.0000e+10 1533.48298   100%  68.7 2080s
 996239 852683 1553.07327   47  349 6.0000e+10 1533.50882   100%  68.7 2091s
 998926 855913     cutoff  176      6.0000e+10 1533.52041   100%  68.7 2096s
 1002465 859220 5.5436e+09   84  292 6.0000e+10 1533.53181   100%  68.7 2101s
 1006086 862067 1546.86019   45  354 6.0000e+10 1533.54248   100%  68.6 2106s
 1009150 865083 4.9914e+09  104  310 6.0000e+10 1533.56202   100%  68.6 2111s
 1012082 867822 6.1867e+09  111  295 6.0000e+10 1533.58523   100%  68.6 2115s
 1015412 871025 1546.96507   55  353 6.0000e+10 1533.59532   100%  68.6 2120s
 1020085 874688 1554.56674   54  342 6.0000e+10 1533.61445   100%  68.6 2125s
 1024419 878701 2.6311e+10  114  319 6.0000e+10 1533.63396   100%  68.6 2131s
 1025721 878755 1.4215e+09   94  307 6.0000e+10 1533.63820   100%  68.5 2140s
 1028777 882155 5.5870e+08   82  315 6.0000e+10 1533.65136   100%  68.5 2146s
 1031546 884684 1574.91349   61  337 6.0000e+10 1533.66542   100%  68.5 2150s
 1034279 887125 1602.35024   69  333 6.0000e+10 1533.67736   100%  68.6 2155s
 1035333 887133 1576.46116   56  347 6.0000e+10 1533.67803   100%  68.5 2168s
 1036264 889261 4.9512e+10  169  330 6.0000e+10 1533.68295   100%  68.5 2171s
 1039750 892050 1693.31703   73  317 6.0000e+10 1533.70258   100%  68.5 2176s
 1042728 894538 1.4905e+10  142  297 6.0000e+10 1533.71196   100%  68.5 2181s
 1044929 896894 8.0431e+09  117  333 6.0000e+10 1533.72496   100%  68.6 2186s
 1049162 900029 1.5568e+10  127  329 6.0000e+10 1533.73943   100%  68.5 2191s
 1051779 902314 1567.25695   53  335 6.0000e+10 1533.75027   100%  68.5 2196s
 1054913 905229 1.2337e+09   91  311 6.0000e+10 1533.77470   100%  68.5 2200s
 1057672 907750 1708.74917   71  330 6.0000e+10 1533.78405   100%  68.5 2205s
 1061269 911080 1640.76051   73  331 6.0000e+10 1533.80387   100%  68.5 2211s
 1064769 913592 1610.45346   67  318 6.0000e+10 1533.82394   100%  68.5 2215s
 1067495 916495 3.5863e+10  162  310 6.0000e+10 1533.83752   100%  68.5 2220s
 1071447 920030 3.3534e+07   69  305 6.0000e+10 1533.85258   100%  68.4 2226s
 1074581 922968 1581.20363   62  336 6.0000e+10 1533.86418   100%  68.4 2230s
 1078099 925743 1629.74830   66  348 6.0000e+10 1533.88115   100%  68.4 2235s
 1079126 925751 1.7014e+09   88  322 6.0000e+10 1533.88724   100%  68.4 2242s
 1080386 927247 1589.72565   62  333 6.0000e+10 1533.89092   100%  68.4 2246s
 1081767 928945 1667.38953   78  347 6.0000e+10 1533.89734   100%  68.4 2250s
 1085032 931986 4.8772e+10  172  295 6.0000e+10 1533.90978   100%  68.4 2256s
 1088272 934563 4.8376e+10  115  250 6.0000e+10 1533.91802   100%  68.4 2261s
 1091767 937360 3.3305e+10  168  316 6.0000e+10 1533.93220   100%  68.4 2266s
 1094744 940483     cutoff  206      6.0000e+10 1533.94359   100%  68.3 2270s
 1100283 945209 4.4848e+10  127  304 6.0000e+10 1533.96591   100%  68.3 2276s
 1102096 946200 1661.47307   67  319 6.0000e+10 1533.97555   100%  68.3 2286s
 1102207 946208 4.7991e+10  158  316 6.0000e+10 1533.97555   100%  68.3 2292s
 1103083 947703 1725.33044   81  333 6.0000e+10 1533.97925   100%  68.3 2295s
 1107367 951834 1714.83114   76  314 6.0000e+10 1534.00260   100%  68.2 2300s
 1112231 956121 1555.08635   48  354 6.0000e+10 1534.01530   100%  68.2 2305s
 1116522 959888 1543.87941   50  349 6.0000e+10 1534.03798   100%  68.2 2310s
 1120709 963909 4.1166e+10  188  327 6.0000e+10 1534.05361   100%  68.1 2316s
 1124298 966921 1.0625e+10   93  291 6.0000e+10 1534.06782   100%  68.1 2321s
 1126397 968758 1570.72388   53  327 6.0000e+10 1534.07869   100%  68.1 2326s
 1128454 970469 1.8504e+10  106  324 6.0000e+10 1534.08405   100%  68.1 2330s
 1131471 973248 1551.25547   52  354 6.0000e+10 1534.09160   100%  68.1 2336s
 1133568 975478 2.7877e+10  165  287 6.0000e+10 1534.10915   100%  68.0 2340s
 1136146 976586 1569.99929   63  352 6.0000e+10 1534.11560   100%  68.0 2349s
 1136304 977223 1572.05189   64  350 6.0000e+10 1534.11642   100%  68.0 2351s
 1138297 979223 4.0390e+10  159  302 6.0000e+10 1534.12628   100%  68.0 2355s
 1141757 982544 1655.97179   68  317 6.0000e+10 1534.14444   100%  68.0 2360s
 1145792 985481 1637.14855   73  328 6.0000e+10 1534.16357   100%  68.0 2366s
 1149312 989338 2.7689e+10  135  321 6.0000e+10 1534.17785   100%  68.0 2371s
 1152902 991410 1653.86710   56  315 6.0000e+10 1534.19370   100%  68.0 2376s
 1154454 993078 1576.91933   54  352 6.0000e+10 1534.20000   100%  68.0 2380s
 1157523 995980 1689.31052   68  311 6.0000e+10 1534.22261   100%  68.0 2385s
 1160080 998504 1696.84159   77  327 6.0000e+10 1534.23256   100%  68.0 2390s
 1164091 1000782 1711.16790   65  314 6.0000e+10 1534.24977   100%  68.0 2401s
 1164099 1007863 1718.12768   66  308 6.0000e+10 1534.24985   100%  68.0 2414s
 1172107 1009018 1603.24401   69  342 6.0000e+10 1534.27717   100%  67.9 2415s
 1175548 1011940 1540.13159   53  348 6.0000e+10 1534.29253   100%  67.9 2420s
 1179671 1016391 1623.50179   63  346 6.0000e+10 1534.31111   100%  67.8 2425s
 1184663 1020067 1.4902e+07   75  314 6.0000e+10 1534.32711   100%  67.8 2430s
 1188981 1023617 1641.78405   74  342 6.0000e+10 1534.34359   100%  67.8 2436s
 1190246 1024251 3.0536e+10   78  317 6.0000e+10 1534.34609   100%  67.8 2443s
 1190667 1024259 2.5177e+10   77  313 6.0000e+10 1534.34609   100%  67.8 2451s
 1192082 1026185 3.0338e+10   70  292 6.0000e+10 1534.35379   100%  67.8 2455s
 1195439 1029757 1614.14291   67  344 6.0000e+10 1534.36638   100%  67.8 2460s
 1199050 1032399 1569.58927   57  353 6.0000e+10 1534.37741   100%  67.8 2465s
 1201143 1033879 1637.89747   54  341 6.0000e+10 1534.38415   100%  67.8 2470s
 1202959 1035971 4.0000e+10   77  317 6.0000e+10 1534.38447   100%  67.9 2475s
 1206725 1039016 3.0924e+09   67  314 6.0000e+10 1534.39567   100%  67.9 2480s
 1210552 1042382 1610.01385   71  343 6.0000e+10 1534.41427   100%  67.8 2486s
 1214394 1045429 3.2654e+10  152  299 6.0000e+10 1534.42645   100%  67.8 2491s
 1216749 1047111 1569.18413   49  354 6.0000e+10 1534.43934   100%  67.8 2503s
 1217955 1049189 1.5431e+10  120  322 6.0000e+10 1534.44347   100%  67.8 2506s
 1219285 1049271 1.5671e+10  142  329 6.0000e+10 1534.45227   100%  67.8 2511s
 1221113 1051954 2.1436e+10  163  301 6.0000e+10 1534.46044   100%  67.8 2516s
 1223572 1054574 1540.55310   49  355 6.0000e+10 1534.46853   100%  67.8 2520s
 1228179 1057738 5.3759e+08   66  310 6.0000e+10 1534.48890   100%  67.8 2526s
 1230965 1060647 2.1023e+08   70  288 6.0000e+10 1534.50151   100%  67.8 2530s
 1235301 1064220 1621.91224   66  344 6.0000e+10 1534.51452   100%  67.8 2535s
 1238009 1067292 1.5198e+09   82  326 6.0000e+10 1534.52266   100%  67.8 2540s
 1241015 1069694 1594.48579   67  333 6.0000e+10 1534.53546   100%  67.8 2545s
 1243586 1070762 5.6045e+09   92  316 6.0000e+10 1534.53981   100%  67.7 2555s
 1246914 1074646 2.2503e+10  122  294 6.0000e+10 1534.55296   100%  67.7 2561s
 1250134 1077223 3.5289e+10  150  319 6.0000e+10 1534.56614   100%  67.7 2565s
 1253078 1080418 1.9057e+10  133  305 6.0000e+10 1534.57506   100%  67.7 2571s
 1256629 1082871 1575.82719   56  348 6.0000e+10 1534.59140   100%  67.7 2576s
 1259696 1086154 5.6217e+10  126  283 6.0000e+10 1534.60096   100%  67.7 2580s
 1263466 1088993 1.0162e+10   86  316 6.0000e+10 1534.61559   100%  67.7 2585s
 1266818 1092191 1566.89941   56  352 6.0000e+10 1534.63517   100%  67.7 2591s
 1269367 1094256 3.5779e+09  112  336 6.0000e+10 1534.63980   100%  67.7 2595s
 1272244 1096797 2.2133e+10  165  298 6.0000e+10 1534.64780   100%  67.7 2600s
 1275677 1100243 1556.03565   52  351 6.0000e+10 1534.66781   100%  67.7 2605s
 1279051 1102512 1.3686e+09   90  341 6.0000e+10 1534.67856   100%  67.7 2611s
 1280996 1103430 infeasible   76      6.0000e+10 1534.67856   100%  67.8 2622s
 1281884 1105144 2.6567e+10  120  279 6.0000e+10 1534.68974   100%  67.8 2625s
 1285726 1108202 7.3678e+08   71  328 6.0000e+10 1534.69748   100%  67.8 2630s
 1287411 1109104 1.1070e+10  122  314 6.0000e+10 1534.70112   100%  67.8 2644s
H1287418 1071301                    5.000000e+10 1534.70112   100%  67.8 2644s
 1287421 1072071 1.1146e+10  123  314 5.0000e+10 1534.70348   100%  67.8 2646s
 1290116 1074393 2.0000e+10  151  315 5.0000e+10 1534.71721   100%  67.8 2650s
 1292418 1076896 4.3998e+09  122  312 5.0000e+10 1534.72367   100%  67.8 2656s
 1295530 1079073 3.6661e+10  168  292 5.0000e+10 1534.73871   100%  67.8 2661s
 1296999 1080034 1556.07903   45  338 5.0000e+10 1534.74588   100%  67.9 2665s
 1300404 1083440 1.1611e+10  131  311 5.0000e+10 1534.75804   100%  67.9 2671s
 1303114 1085597 1594.78479   55  320 5.0000e+10 1534.77285   100%  67.9 2675s
 1305685 1087661 2.8718e+10  162  313 5.0000e+10 1534.78546   100%  67.9 2683s
 1306270 1088963 1637.72752   71  334 5.0000e+10 1534.78626   100%  67.9 2685s
 1309935 1091995 2.1223e+09   75  328 5.0000e+10 1534.80155   100%  67.9 2690s
 1313953 1095261 3.0452e+10  171  306 5.0000e+10 1534.81140   100%  67.8 2695s
 1317994 1098883 4.4128e+08   69  338 5.0000e+10 1534.82765   100%  67.8 2700s
 1318780 1099340 2.8573e+10  134  315 5.0000e+10 1534.83053   100%  67.8 2706s
 1320832 1101723 1552.68073   47  357 5.0000e+10 1534.84177   100%  67.8 2710s
 1324028 1104392 1.7853e+09   69  326 5.0000e+10 1534.85729   100%  67.8 2715s
 1326401 1106367 2.4039e+10  140  322 5.0000e+10 1534.86904   100%  67.8 2720s
 1329721 1109369 1549.42116   53  344 5.0000e+10 1534.87629   100%  67.8 2726s
 1333342 1112827 2.6978e+08   79  324 5.0000e+10 1534.88613   100%  67.8 2731s
 1336421 1114399 1.1185e+10   84  337 5.0000e+10 1534.89865   100%  67.8 2738s
 1337461 1116227 1552.93270   52  351 5.0000e+10 1534.90269   100%  67.8 2740s
 1340785 1119359 1.4344e+10  101  287 5.0000e+10 1534.91570   100%  67.8 2746s
 1343462 1121449 2.9978e+10  138  334 5.0000e+10 1534.92852   100%  67.8 2750s
 1347262 1124964 1595.64803   66  338 5.0000e+10 1534.93913   100%  67.7 2756s
 1350621 1127395 1608.91166   55  333 5.0000e+10 1534.95441   100%  67.7 2760s
 1353182 1130008 1589.57977   60  331 5.0000e+10 1534.96801   100%  67.7 2765s
 1356116 1131819 1550.51541   51  348 5.0000e+10 1534.97730   100%  67.7 2773s
 1357080 1134030 5.3496e+09   98  339 5.0000e+10 1534.97780   100%  67.7 2777s
 1359789 1135822 1552.88091   56  357 5.0000e+10 1534.99795   100%  67.7 2780s
 1362729 1138667 3.1999e+10  148  307 5.0000e+10 1535.00679   100%  67.7 2785s
 1365807 1141364 1.0000e+10   73  305 5.0000e+10 1535.01700   100%  67.7 2790s
 1369130 1143938 1547.10850   54  355 5.0000e+10 1535.02665   100%  67.7 2796s
 1370889 1145915 4.4018e+09   89  323 5.0000e+10 1535.03764   100%  67.7 2800s
 1375003 1149327 1676.28873   59  308 5.0000e+10 1535.05310   100%  67.7 2806s
 1377454 1150429 5.3382e+09  104  308 5.0000e+10 1535.05970   100%  67.7 2811s
 1379765 1153418 4.2036e+10  213  312 5.0000e+10 1535.07205   100%  67.7 2816s
 1382911 1156402 1660.88157   64  318 5.0000e+10 1535.08442   100%  67.7 2820s
 1384223 1156775 1667.09283   84  325 5.0000e+10 1535.08842   100%  67.7 2825s
H1384225 1156668                    5.000000e+10 1535.08842   100%  67.7 2825s
 1386889 1160084 3.1212e+09   75  328 5.0000e+10 1535.09996   100%  67.7 2832s
 1389523 1161974 6.6991e+07   87  323 5.0000e+10 1535.10726   100%  67.7 2835s
H1393175 1164286                    4.999999e+10 1535.11880   100%  67.6 2843s
H1393177 1164286                    4.999999e+10 1535.11880   100%  67.6 2843s
H1393179 1164284                    4.999998e+10 1535.11880   100%  67.6 2843s
 1393183 1165042 1.2523e+10  129  320 5.0000e+10 1535.12051   100%  67.6 2845s
 1396815 1168375 1573.34824   56  362 5.0000e+10 1535.12650   100%  67.6 2851s
 1398978 1170032 1546.74348   53  347 5.0000e+10 1535.13789   100%  67.6 2855s
 1400584 1171884 2.2509e+08   69  336 5.0000e+10 1535.14649   100%  67.7 2860s
 1403446 1174264 1.3347e+10  168  280 5.0000e+10 1535.15954   100%  67.6 2866s
 1405564 1175905 1557.80357   47  334 5.0000e+10 1535.16690   100%  67.6 2870s
 1408624 1178547 2.0312e+10   96  316 5.0000e+10 1535.17927   100%  67.6 2875s
 1410593 1179669 1706.07754   74  331 5.0000e+10 1535.18472   100%  67.6 2880s
H1410597 1179669                    4.999998e+10 1535.18472   100%  67.6 2880s
H1410742 1180414                    4.999998e+10 1535.18522   100%  67.6 2882s
 1411531 1180420 1552.36296   56  337 5.0000e+10 1535.18620   100%  67.6 2894s
 1411541 1181077 1553.01048   57  340 5.0000e+10 1535.18620   100%  67.6 2895s
 1414472 1182991 2.6253e+10  118  318 5.0000e+10 1535.20131   100%  67.6 2902s
 1415623 1184890 7.6474e+09  125  299 5.0000e+10 1535.20375   100%  67.6 2905s
 1419099 1188373 1625.50816   65  343 5.0000e+10 1535.22042   100%  67.6 2911s
 1422963 1191496 1556.85708   50  345 5.0000e+10 1535.23391   100%  67.6 2915s
 1426526 1194794 1.9384e+10  125  299 5.0000e+10 1535.24380   100%  67.6 2920s
 1430061 1197001 1572.10211   67  344 5.0000e+10 1535.25410   100%  67.5 2929s
 1430270 1197754 1582.17250   68  347 5.0000e+10 1535.25410   100%  67.5 2930s
 1433843 1201258 2.0277e+08   72  314 5.0000e+10 1535.27193   100%  67.5 2935s
 1438069 1204687 5.4137e+09   64  314 5.0000e+10 1535.28832   100%  67.5 2941s
 1441469 1207415 1690.11357   85  320 5.0000e+10 1535.29758   100%  67.5 2945s
 1445193 1210895 1.6263e+09   79  329 5.0000e+10 1535.30884   100%  67.5 2950s
 1448748 1213925 2.0000e+10   94  297 5.0000e+10 1535.32309   100%  67.5 2955s
 1453330 1217033 1615.60532   64  334 5.0000e+10 1535.34414   100%  67.5 2967s
 1455171 1219126 1.1373e+10   67  324 5.0000e+10 1535.35183   100%  67.5 2970s
 1459422 1223439 1543.96356   49  353 5.0000e+10 1535.36882   100%  67.5 2976s
 1463379 1226620 8.7150e+08   65  336 5.0000e+10 1535.38808   100%  67.5 2980s
 1467370 1230536 1540.31784   49  361 5.0000e+10 1535.40576   100%  67.5 2985s
 1471520 1234053 1.9320e+09  107  337 5.0000e+10 1535.41778   100%  67.5 2990s
 1475467 1237517 3.9962e+10  166  307 5.0000e+10 1535.43463   100%  67.5 2995s
 1477083 1239710 3.6213e+09  107  324 5.0000e+10 1535.44281   100%  67.5 3000s
 1481828 1242986 2.7374e+10  148  299 5.0000e+10 1535.46042   100%  67.5 3005s
 1482978 1242993 1574.27417   65  333 5.0000e+10 1535.46120   100%  67.5 3013s
 1483866 1244893 1655.05572   58  328 5.0000e+10 1535.47012   100%  67.5 3015s
 1487507 1247695 3.4070e+09   83  313 5.0000e+10 1535.48669   100%  67.5 3020s
 1491094 1251423 1570.32346   66  330 5.0000e+10 1535.49732   100%  67.5 3025s
 1495474 1254807 1569.50183   59  358 5.0000e+10 1535.50704   100%  67.5 3030s
 1499577 1258879 1.5111e+10  148  301 5.0000e+10 1535.52326   100%  67.5 3035s
 1504154 1262591 2.4326e+10  144  330 5.0000e+10 1535.53885   100%  67.5 3040s
 1509003 1267033 1634.51954   59  335 5.0000e+10 1535.56102   100%  67.4 3046s
 1510064 1267619 1604.04449   51  330 5.0000e+10 1535.56644   100%  67.4 3052s
 1512055 1269698     cutoff  198      5.0000e+10 1535.57199   100%  67.4 3056s
 1514158 1271661 4.2377e+09   92  312 5.0000e+10 1535.58775   100%  67.4 3060s
 1516284 1273421 1716.48631   63  270 5.0000e+10 1535.59789   100%  67.4 3065s
 1519271 1275274 2.1082e+10  160  297 5.0000e+10 1535.60151   100%  67.4 3075s
 1519424 1275856 2.1953e+10  162  295 5.0000e+10 1535.60305   100%  67.4 3080s
 1521853 1278603 2.4024e+10   85  301 5.0000e+10 1535.61320   100%  67.4 3086s
 1524864 1280927 1.7798e+10  111  314 5.0000e+10 1535.62568   100%  67.4 3090s
 1528696 1284433 4.5841e+09   88  315 5.0000e+10 1535.64303   100%  67.4 3096s
 1531231 1286158     cutoff  186      5.0000e+10 1535.65036   100%  67.4 3100s
 1534411 1289317 1554.59374   53  340 5.0000e+10 1535.66227   100%  67.4 3105s
 1538020 1292380 1695.47261   75  322 5.0000e+10 1535.67574   100%  67.4 3110s
 1540018 1293237 2.0642e+10  127  297 5.0000e+10 1535.67928   100%  67.4 3121s
 1541089 1295305 1681.60315   81  318 5.0000e+10 1535.68364   100%  67.4 3126s
 1544097 1297884 1581.78681   60  332 5.0000e+10 1535.69792   100%  67.4 3130s
 1547425 1300855 6.7704e+09   92  298 5.0000e+10 1535.70665   100%  67.4 3135s
 1552714 1305399 2.0053e+10  146  309 5.0000e+10 1535.72384   100%  67.4 4041s
 1556929 1309443 1655.67134   60  327 5.0000e+10 1535.74277   100%  67.4 4045s
 1558319 1310090 2.2653e+10   78  299 5.0000e+10 1535.74650   100%  67.4 4054s
 1559057 1311075 4.6181e+09   86  312 5.0000e+10 1535.74787   100%  67.4 4055s
 1565139 1315568 1599.89693   63  329 5.0000e+10 1535.75776   100%  67.3 4967s
 1567751 1318769 1562.04346   59  349 5.0000e+10 1535.76930   100%  67.3 4970s
 1572100 1322733 1566.31680   51  353 5.0000e+10 1535.78556   100%  67.3 4975s
 1576842 1326357 4.1784e+10  177  332 5.0000e+10 1535.79617   100%  67.3 4980s
 1579681 1329397 1672.91374   72  326 5.0000e+10 1535.80348   100%  67.3 4985s
 1585832 1334599 4.1067e+09  116  322 5.0000e+10 1535.82188   100%  67.3 5891s
 1590063 1338370 1551.38355   55  344 5.0000e+10 1535.83351   100%  67.3 5895s
 1594191 1341542     cutoff  181      5.0000e+10 1535.84120   100%  67.3 5900s
 1597818 1344206 3.0985e+10  182  315 5.0000e+10 1535.85412   100%  67.3 5908s
 1598499 1345883     cutoff  113      5.0000e+10 1535.85711   100%  67.3 5910s
 1604069 1350497 1548.88799   49  335 5.0000e+10 1535.87750   100%  67.3 5915s
 1604878 1351651 8.2814e+09  138  311 5.0000e+10 1535.87771   100%  67.3 6817s
 1607912 1354356 2.2412e+10  140  328 5.0000e+10 1535.89191   100%  67.3 6821s
 1611762 1358012 5.5173e+08   83  304 5.0000e+10 1535.90129   100%  67.3 6825s
 1617684 1362037 1547.68977   46  353 5.0000e+10 1535.91970   100%  67.2 6834s
 1618171 1362894 1616.37840   61  331 5.0000e+10 1535.92313   100%  67.2 6835s
 1622838 1367083 1.6196e+10   86  298 5.0000e+10 1535.93717   100%  67.2 6840s
 1625111 1368756 1.0000e+10   67  326 5.0000e+10 1535.94291   100%  67.2 7468s

Cutting planes:
  Gomory: 17
  Clique: 18
  Flow cover: 1
  Zero half: 7

Explored 1625766 nodes (109310047 simplex iterations) in 7468.14 seconds (3311.29 work units)
Thread count was 8 (of 8 available processors)

Solution count 10: 5e+10 5e+10 5e+10 ... 7e+10

Time limit reached
Best objective 5.000000165100e+10, best bound 1.535942912627e+03, gap 100.0000%
