
Gurobi 11.0.1 (mac64[arm]) logging started Sat May 25 18:10:46 2024

Set parameter LogFile to value "logs_new/salida_modelo_caminos_360_567.log"
Set parameter TimeLimit to value 7200
Gurobi Optimizer version 11.0.1 build v11.0.1rc0 (mac64[arm] - Darwin 23.4.0 23E224)

CPU model: Apple M2
Thread count: 8 physical cores, 8 logical processors, using up to 8 threads

Optimize a model with 613 rows, 2015 columns and 8589 nonzeros
Coefficient statistics:
  Matrix range     [1e+00, 1e+00]
  Objective range  [2e+00, 1e+10]
  Bounds range     [0e+00, 0e+00]
  RHS range        [1e+00, 2e+02]
Warning: Model contains large objective coefficients
         Consider reformulating model or setting NumericFocus parameter
         to avoid numerical issues.

Solved in 0 iterations and 0.00 seconds (0.00 work units)
Optimal objective  1.392000000e+03
Gurobi Optimizer version 11.0.1 build v11.0.1rc0 (mac64[arm] - Darwin 23.4.0 23E224)

CPU model: Apple M2
Thread count: 8 physical cores, 8 logical processors, using up to 8 threads

Optimize a model with 613 rows, 2015 columns and 8589 nonzeros
Model fingerprint: 0xc722013d
Variable types: 0 continuous, 2015 integer (2015 binary)
Coefficient statistics:
  Matrix range     [1e+00, 1e+00]
  Objective range  [2e+00, 1e+10]
  Bounds range     [0e+00, 0e+00]
  RHS range        [1e+00, 2e+02]
Warning: Model contains large objective coefficients
         Consider reformulating model or setting NumericFocus parameter
         to avoid numerical issues.
Found heuristic solution: objective 3.600000e+12
Presolve removed 250 rows and 0 columns
Presolve time: 0.01s
Presolved: 363 rows, 2015 columns, 8323 nonzeros
Variable types: 0 continuous, 2015 integer (2015 binary)
Found heuristic solution: objective 3.550000e+12

Root relaxation: objective 1.392000e+03, 1988 iterations, 0.08 seconds (0.14 work units)

    Nodes    |    Current Node    |     Objective Bounds      |     Work
 Expl Unexpl |  Obj  Depth IntInf | Incumbent    BestBd   Gap | It/Node Time

     0     0 1392.00000    0  297 3.5500e+12 1392.00000   100%     -    0s
H    0     0                    3.400000e+11 1392.00000   100%     -    0s
H    0     0                    3.200000e+11 1392.00000   100%     -    0s
H    0     0                    2.500000e+11 1392.00000   100%     -    0s
H    0     0                    2.000000e+11 1392.00000   100%     -    0s
H    0     0                    1.900000e+11 1392.00000   100%     -    0s
     0     0 1392.00000    0  320 1.9000e+11 1392.00000   100%     -    0s
H    0     0                    1.800000e+11 1392.00000   100%     -    0s
     0     0 1392.01191    0  308 1.8000e+11 1392.01191   100%     -    0s
     0     0 1392.01191    0  325 1.8000e+11 1392.01191   100%     -    0s
     0     0 1392.05314    0  328 1.8000e+11 1392.05314   100%     -    0s
     0     0 1392.05910    0  325 1.8000e+11 1392.05910   100%     -    0s
     0     0 1392.05998    0  330 1.8000e+11 1392.05998   100%     -    0s
     0     0 1392.06010    0  326 1.8000e+11 1392.06010   100%     -    0s
     0     0 1392.11440    0  343 1.8000e+11 1392.11440   100%     -    0s
     0     0 1392.12855    0  348 1.8000e+11 1392.12855   100%     -    0s
     0     0 1392.12943    0  348 1.8000e+11 1392.12943   100%     -    0s
     0     0 1392.15121    0  346 1.8000e+11 1392.15121   100%     -    0s
     0     0 1392.15166    0  349 1.8000e+11 1392.15166   100%     -    0s
     0     0 1392.15166    0  350 1.8000e+11 1392.15166   100%     -    0s
     0     0 1392.15865    0  348 1.8000e+11 1392.15865   100%     -    0s
     0     2 1392.16836    0  348 1.8000e+11 1392.16836   100%     -    0s
H   33    40                    1.700000e+11 1393.37755   100%   144    0s
H   65    74                    1.600000e+11 1393.92190   100%   149    0s
H   66    74                    1.500000e+11 1393.92190   100%   148    0s
H   70    74                    1.400000e+11 1393.92190   100%   145    0s
H   71    74                    1.100000e+11 1393.93351   100%   143    0s
H   98   110                    1.100000e+11 1394.14755   100%   133    1s
H  102   110                    9.000000e+10 1394.14755   100%   134    1s
H  163   171                    8.000000e+10 1394.66539   100%   136    1s
H  166   171                    8.000000e+10 1394.66539   100%   135    1s
H  202   210                    7.000000e+10 1394.66539   100%   133    2s
H 1203  1240                    7.000000e+10 1394.66539   100%   108    4s
  1907  1933 3.2414e+07   41  275 7.0000e+10 1394.66539   100%  97.2    5s
H 2005  1838                    6.000000e+10 1394.66539   100%  96.7    5s
H 2079  1804                    6.000000e+10 1394.66539   100%   100    6s
H 2080  1716                    4.000000e+10 1394.66539   100%   100    6s
H 2192  1708                    4.000000e+10 1394.66539   100%   101    7s
H 2615  1910                    4.000000e+10 1394.66539   100%   104    9s
H 2616  1835                    3.999999e+10 1394.66539   100%   104    9s
H 2618  1763                    3.999998e+10 1394.66539   100%   104    9s
  2842  1950 1.1538e+10   81  269 4.0000e+10 1394.66539   100%   105   10s
H 4614  2798                    3.999998e+10 1394.66539   100%  95.0   13s
  5456  3336 2.0822e+10  125  247 4.0000e+10 1394.85797   100%  91.4   15s
  8063  5396 1.4625e+10   75  253 4.0000e+10 1397.41851   100%  90.7   20s
  9925  7167 3.0000e+10   54  272 4.0000e+10 1398.26714   100%  90.8   25s
 11758  8660 3.4603e+10  110  271 4.0000e+10 1398.89945   100%  89.5   30s
 14819 12076 1.4628e+10   54  276 4.0000e+10 1399.53402   100%  86.7   35s
 16292 12482 1467.95968   41  282 4.0000e+10 1399.97735   100%  85.1  953s
 17173 13631 1439.10355   32  300 4.0000e+10 1400.06153   100%  85.1  955s
 18654 14677 1415.16978   28  303 4.0000e+10 1400.14192   100%  84.5  964s
 18918 15448 2.0198e+09   53  294 4.0000e+10 1400.14192   100%  84.3  965s
 22318 18440 1.8504e+08   45  287 4.0000e+10 1401.14380   100%  81.4  970s
 27069 22852 3.0482e+10  151  279 4.0000e+10 1401.88357   100%  80.3  975s
 29606 24081 1.3905e+10   75  348 4.0000e+10 1401.99782   100%  79.3  987s
 29621 24091 2.7800e+10   74  321 4.0000e+10 1401.99782   100%  79.2  990s
 29699 24152 1401.99782   40  305 4.0000e+10 1401.99782   100%  79.6  995s
 29812 24227 1451.35399   47  314 4.0000e+10 1401.99782   100%  79.7 1967s
 29855 24256 1.8291e+09   51  306 4.0000e+10 1401.99782   100%  79.7 1971s
 30982 24919 1401.99782   35  307 4.0000e+10 1401.99782   100%  80.9 1975s
 33030 26085 1.8302e+10   82  284 4.0000e+10 1401.99782   100%  82.5 1980s
 34681 26992 1425.79068   46  311 4.0000e+10 1401.99782   100%  83.1 1985s
 36199 27968 1.0000e+10   59  279 4.0000e+10 1401.99782   100%  83.8 1990s
 38911 29767 3.7490e+10  114  277 4.0000e+10 1401.99782   100%  83.5 1995s
 41798 30772 1433.24214   47  300 4.0000e+10 1401.99782   100%  82.6 2002s
 44158 32484 2.3624e+10  121  281 4.0000e+10 1401.99782   100%  82.2 2008s
 44854 34127 1.8150e+09   70  296 4.0000e+10 1402.00170   100%  82.3 2011s
 47003 33872 3.6045e+10  122  300 4.0000e+10 1402.25738   100%  82.1 2015s
 50703 36634 1465.76320   46  303 4.0000e+10 1403.15197   100%  82.1 2020s
 54330 38705 1413.87577   40  318 4.0000e+10 1403.64673   100%  81.5 2025s
 59395 41554 5.7128e+08   81  304 4.0000e+10 1404.09757   100%  81.3 2031s
 63613 43113 2.5081e+10  147  294 4.0000e+10 1404.51544   100%  80.6 2035s
 71496 47338 1503.70846   57  293 4.0000e+10 1405.23047   100%  79.2 2040s
 76203 48932 1428.82031   52  308 4.0000e+10 1405.71650   100%  78.9 2048s
 76320 50006 1431.83079   53  304 4.0000e+10 1405.79688   100%  78.9 2050s
 83908 54031 1456.42741   51  306 4.0000e+10 1406.41366   100%  78.0 2055s
 90355 58147 3.3557e+10   93  278 4.0000e+10 1406.91094   100%  77.0 2060s
 98034 60548 1471.40377   50  268 4.0000e+10 1407.24844   100%  76.2 2065s
 104203 65520 1441.59707   53  314 4.0000e+10 1407.53191   100%  75.4 2070s
 110059 70625 1478.52182   70  302 4.0000e+10 1407.72881   100%  75.0 2075s
 116937 76441     cutoff   78      4.0000e+10 1408.20045   100%  74.7 2080s
 124554 82981 2.1652e+10  139  283 4.0000e+10 1408.46894   100%  74.0 2085s
 127429 85485 6.2879e+09   95  274 4.0000e+10 1408.64287   100%  74.0 2090s
 129779 87523 1467.68569   67  290 4.0000e+10 1408.70736   100%  74.0 3045s
 136341 92370     cutoff  144      4.0000e+10 1409.03062   100%  73.7 3052s
 139090 94794 1.4012e+09   74  288 4.0000e+10 1409.16146   100%  73.4 3055s
 148354 104825 7.3437e+09   81  280 4.0000e+10 1409.54870   100%  72.7 3060s
 158168 112143 1.5443e+09   69  300 4.0000e+10 1409.83729   100%  71.7 3065s
 166841 118836 3.0841e+10   61  294 4.0000e+10 1410.02768   100%  71.2 3070s
 178257 130185 1542.71554   68  302 4.0000e+10 1410.43456   100%  70.3 3075s
 183236 133750 1440.87663   54  294 4.0000e+10 1410.63097   100%  69.9 3080s
 192832 142801 1478.05166   68  317 4.0000e+10 1410.90601   100%  69.4 3085s
 198690 146863 1516.90006   56  278 4.0000e+10 1411.02603   100%  69.1 3090s
 200097 147795 2.6748e+09   67  285 4.0000e+10 1411.07596   100%  69.1 3640s
 201433 149187 1430.58292   53  309 4.0000e+10 1411.09379   100%  69.2 3645s
 212103 158338 1.7992e+10  123  291 4.0000e+10 1411.30089   100%  68.5 3650s
 224109 168418 2.8406e+10   93  273 4.0000e+10 1411.54850   100%  67.5 3655s
 235287 178652 1.1971e+10   94  296 4.0000e+10 1411.83101   100%  66.8 3660s
 245804 187381 1451.35090   49  311 4.0000e+10 1412.04152   100%  66.0 3665s
 254250 195344 1.0249e+10   86  302 4.0000e+10 1412.21123   100%  65.6 3670s
 262901 202506 1432.81314   52  308 4.0000e+10 1412.35646   100%  65.0 3675s
 270872 209888 1489.20286   67  313 4.0000e+10 1412.48379   100%  64.4 3680s
 276900 214502 1518.74888   61  296 4.0000e+10 1412.61942   100%  64.2 3687s
 280877 218848 1.8602e+09   77  309 4.0000e+10 1412.70714   100%  64.1 3690s
 289531 225922 8.5270e+08   67  318 4.0000e+10 1412.85142   100%  63.6 3695s
 298793 234763 1455.10011   56  290 4.0000e+10 1412.99600   100%  63.1 3700s
 308817 243258 1517.63002   62  290 4.0000e+10 1413.16033   100%  62.5 3705s
 318006 250288 4.3899e+09   92  286 4.0000e+10 1413.30827   100%  62.0 3711s
 325587 258095 1441.25975   49  313 4.0000e+10 1413.41379   100%  61.6 3715s
 334397 264966 1505.69068   59  286 4.0000e+10 1413.54635   100%  61.2 3720s
 343486 272871 1424.34786   50  321 4.0000e+10 1413.69285   100%  60.8 3725s
 353185 280796 2.9678e+09  109  284 4.0000e+10 1413.82569   100%  60.4 3730s
 361609 287959 1491.75059   68  285 4.0000e+10 1413.94278   100%  60.1 3735s
 369764 296896 2.8415e+09   62  278 4.0000e+10 1414.03242   100%  59.8 3740s
 376183 301750 3.3103e+10  143  285 4.0000e+10 1414.10147   100%  59.5 3745s
 388291 311564 1.5553e+09   80  300 4.0000e+10 1414.24051   100%  59.1 3750s
 389170 312258 5.3329e+09   88  295 4.0000e+10 1414.25463   100%  59.0 3755s
 399418 322005 1.5183e+09   92  309 4.0000e+10 1414.38748   100%  58.7 3760s
 405025 326715 1422.41605   50  304 4.0000e+10 1414.44970   100%  58.6 3765s
 416570 336810 1.9149e+09   90  310 4.0000e+10 1414.58835   100%  58.3 3770s
 427595 346260 1430.71005   50  313 4.0000e+10 1414.74470   100%  57.9 3775s
 436559 354277 1.3212e+09   88  272 4.0000e+10 1414.84863   100%  57.6 3780s
 445660 363060 1494.32953   58  290 4.0000e+10 1414.95347   100%  57.3 3785s
 454107 368810 1441.60218   48  306 4.0000e+10 1415.02673   100%  57.0 4826s
 460783 375076     cutoff   84      4.0000e+10 1415.10313   100%  56.9 4830s
 465116 378044 2.2780e+10  119  285 4.0000e+10 1415.15470   100%  57.0 4836s
 473171 385906 8.7610e+08   64  292 4.0000e+10 1415.26015   100%  56.9 4840s
 485262 396187 1425.96857   45  308 4.0000e+10 1415.37641   100%  56.6 4845s
 494658 403622 4.0810e+08   73  300 4.0000e+10 1415.47345   100%  56.4 4850s
 501342 410340 1449.71190   58  305 4.0000e+10 1415.54743   100%  56.3 4855s
 513965 420461 1.6276e+09   72  304 4.0000e+10 1415.66212   100%  56.1 4860s
 525357 430828 3.0486e+10  152  281 4.0000e+10 1415.76230   100%  55.9 4865s
 528486 433855 6.1928e+08   80  294 4.0000e+10 1415.78557   100%  55.9 4870s
 532104 436817 8.4826e+09   99  294 4.0000e+10 1415.82908   100%  55.9 5581s
 537924 442035 1426.95174   48  297 4.0000e+10 1415.89301   100%  55.7 5585s
 541278 444554 6.8565e+08   59  299 4.0000e+10 1415.91002   100%  55.7 5590s
 545546 448025 1.0174e+10   69  293 4.0000e+10 1415.95586   100%  55.6 5598s
 546731 449428     cutoff  133      4.0000e+10 1415.96040   100%  55.6 5600s
 549423 450903 1448.28055   55  325 4.0000e+10 1415.98104   100%  55.6 5609s
 549431 457992 1448.69517   56  322 4.0000e+10 1415.98232   100%  55.6 5618s
 558952 460346 1424.38621   45  318 4.0000e+10 1416.06529   100%  55.4 5620s
 564679 464952 1.0435e+10  114  294 4.0000e+10 1416.13022   100%  55.3 5628s
 565287 465244 1436.75395   52  283 4.0000e+10 1416.13022   100%  55.2 9541s

Cutting planes:
  Gomory: 1
  Clique: 14
  Zero half: 2

Explored 565622 nodes (31258792 simplex iterations) in 9541.43 seconds (1178.30 work units)
Thread count was 8 (of 8 available processors)

Solution count 10: 4e+10 4e+10 4e+10 ... 8e+10

Time limit reached
Best objective 4.000000152100e+10, best bound 1.416130224710e+03, gap 100.0000%
