2025-02-15 11:59:37,126 - INFO - 	count	z_opt	time_spp	time_lp	time_total	ncols	nrows	time_spp_low_res	n_cols_low_res
2025-02-15 11:59:46,041 - INFO - 	1	2720000000007.0	0	0.0010709762573242188	8.914798974990845	283	533	0	0
2025-02-15 11:59:55,127 - INFO - 	2	2640000000021.0	0	0.0013339519500732422	18.000818014144897	286	533	0	0
2025-02-15 12:00:04,065 - INFO - 	3	2640000000021.0	0	0.0016069412231445312	26.93855595588684	289	533	0	0
2025-02-15 12:00:12,938 - INFO - 	4	2580000000026.0	0	0.0018949508666992188	35.81112504005432	292	533	0	0
2025-02-15 12:00:21,848 - INFO - 	5	2580000000026.0	0	0.0021750926971435547	44.72117781639099	295	533	0	0
2025-02-15 12:00:30,609 - INFO - 	6	2460000000037.0	0	0.002354145050048828	53.48264169692993	298	533	0	0
2025-02-15 12:00:39,306 - INFO - 	7	2460000000037.0	0	0.0026433467864990234	62.17945575714111	301	533	0	0
2025-02-15 12:00:47,686 - INFO - 	8	2460000000037.0	0	0.002942323684692383	70.5592668056488	304	533	0	0
2025-02-15 12:00:56,028 - INFO - 	9	2455000000039.0	0	0.003270387649536133	78.90146780014038	307	533	0	0
2025-02-15 12:01:04,823 - INFO - 	10	2455000000039.0	0	0.003583192825317383	87.69555687904358	310	533	0	0
2025-02-15 12:01:13,977 - INFO - 	11	2400000000044.0	0	0.0038781166076660156	96.8496470451355	313	533	0	0
2025-02-15 12:01:23,098 - INFO - 	12	2340000000057.0	0	0.004170417785644531	105.97029685974121	316	533	0	0
2025-02-15 12:01:32,273 - INFO - 	13	2330000000067.0	0	0.0044841766357421875	115.1458420753479	319	533	0	0
2025-02-15 12:01:41,415 - INFO - 	14	2280000000067.0	0	0.004826068878173828	124.28784394264221	322	533	0	0
2025-02-15 12:01:49,483 - INFO - 	15	2260000000069.5	0	0.0051381587982177734	132.35546803474426	325	533	0	0
2025-02-15 12:01:57,737 - INFO - 	16	2260000000069.5	0	0.005454063415527344	140.60912895202637	328	533	0	0
2025-02-15 12:02:06,120 - INFO - 	17	2180000000093.0	0	0.0057599544525146484	148.99240493774414	331	533	0	0
2025-02-15 12:02:14,383 - INFO - 	18	2180000000093.0	0	0.00609898567199707	157.25517392158508	334	533	0	0
2025-02-15 12:02:22,396 - INFO - 	19	2180000000084.6667	0	0.006635904312133789	165.268483877182	337	533	0	0
2025-02-15 12:02:30,700 - INFO - 	20	2180000000084.0	0	0.00704193115234375	173.57189893722534	340	533	0	0
2025-02-15 12:02:38,895 - INFO - 	21	2130000000096.0	0	0.0074002742767333984	181.76715874671936	343	533	0	0
2025-02-15 12:02:46,547 - INFO - 	22	2090000000096.0	0	0.007720470428466797	189.41906476020813	346	533	0	0
2025-02-15 12:02:54,409 - INFO - 	23	2083333333429.3328	0	0.008059263229370117	197.28061175346375	349	533	0	0
2025-02-15 12:03:02,552 - INFO - 	24	2060000000101.75	0	0.00847315788269043	205.42382168769836	352	533	0	0
2025-02-15 12:03:10,038 - INFO - 	25	2060000000101.75	0	0.008872270584106445	212.90984773635864	355	533	0	0
2025-02-15 12:03:17,980 - INFO - 	26	2060000000101.75	0	0.009205341339111328	220.85169577598572	358	533	0	0
2025-02-15 12:03:25,802 - INFO - 	27	2060000000101.75	0	0.00968027114868164	228.67328190803528	361	533	0	0
2025-02-15 12:03:33,853 - INFO - 	28	2040000000105.25	0	0.010057449340820312	236.72432708740234	364	533	0	0
2025-02-15 12:03:42,124 - INFO - 	29	2030000000107.4165	0	0.01062154769897461	244.9948160648346	367	533	0	0
2025-02-15 12:03:49,933 - INFO - 	30	2030000000107.1816	0	0.011236429214477539	252.8035581111908	370	533	0	0
2025-02-15 12:03:57,870 - INFO - 	31	2030000000107.0625	0	0.011736392974853516	260.74106907844543	373	533	0	0
2025-02-15 12:04:05,910 - INFO - 	32	2000000000118.0	0	0.012153387069702148	268.78070998191833	376	533	0	0
2025-02-15 12:04:13,997 - INFO - 	33	1990000000116.9995	0	0.012776374816894531	276.868026971817	379	533	0	0
2025-02-15 12:04:21,477 - INFO - 	34	1965000000122.5	0	0.013367414474487305	284.348032951355	382	533	0	0
2025-02-15 12:04:29,086 - INFO - 	35	1965000000122.5	0	0.013989448547363281	291.95671105384827	385	533	0	0
2025-02-15 12:04:36,747 - INFO - 	36	1960000000125.5	0	0.01468658447265625	299.6171033382416	388	533	0	0
2025-02-15 12:04:44,499 - INFO - 	37	1960000000125.5	0	0.014877557754516602	307.36889123916626	391	533	0	0
2025-02-15 12:04:52,230 - INFO - 	38	1934285714422.9995	0	0.015486717224121094	315.0999484062195	394	533	0	0
2025-02-15 12:04:59,607 - INFO - 	39	1926666666807.666	0	0.016448974609375	322.4768533706665	397	533	0	0
2025-02-15 12:05:06,997 - INFO - 	40	1885555555706.5557	0	0.017447948455810547	329.86733746528625	400	533	0	0
2025-02-15 12:05:14,906 - INFO - 	41	1870714285867.286	0	0.018339872360229492	337.7758514881134	403	533	0	0
2025-02-15 12:05:22,339 - INFO - 	42	1862857143013.4287	0	0.019433021545410156	345.20850443840027	406	533	0	0
2025-02-15 12:05:29,509 - INFO - 	43	1837142857312.5715	0	0.020450115203857422	352.37832832336426	409	533	0	0
2025-02-15 12:05:36,761 - INFO - 	44	1800000000178.0	0	0.021027088165283203	359.63074111938477	412	533	0	0
2025-02-15 12:05:44,294 - INFO - 	45	1794166666843.0002	0	0.022114038467407227	367.16351199150085	415	533	0	0
2025-02-15 12:05:51,522 - INFO - 	46	1780952381129.2383	0	0.022922992706298828	374.3912718296051	418	533	0	0
2025-02-15 12:05:58,804 - INFO - 	47	1779729729905.0806	0	0.023424863815307617	381.6735589504242	421	533	0	0
2025-02-15 12:06:06,196 - INFO - 	48	1768709677594.807	0	0.024396896362304688	389.06544256210327	424	533	0	0
2025-02-15 12:06:13,225 - INFO - 	49	1750000000184.375	0	0.02519989013671875	396.09440779685974	427	533	0	0
2025-02-15 12:06:20,371 - INFO - 	50	1730000000189.2104	0	0.025989770889282227	403.23996591567993	430	533	0	0
2025-02-15 12:06:27,500 - INFO - 	51	1725000000196.0	0	0.02654743194580078	410.36932611465454	433	533	0	0
2025-02-15 12:06:34,645 - INFO - 	52	1725000000196.0	0	0.027152538299560547	417.51392793655396	436	533	0	0
2025-02-15 12:06:42,154 - INFO - 	53	1707500000208.0	0	0.027597665786743164	425.0230379104614	439	533	0	0
2025-02-15 12:06:49,591 - INFO - 	54	1685000000209.0	0	0.028006792068481445	432.4592719078064	442	533	0	0
2025-02-15 12:06:56,866 - INFO - 	55	1685000000209.0	0	0.028242826461791992	439.73505187034607	445	533	0	0
2025-02-15 12:07:04,065 - INFO - 	56	1685000000209.0	0	0.028456926345825195	446.9338319301605	448	533	0	0
2025-02-15 12:07:11,337 - INFO - 	57	1685000000209.0	0	0.029142141342163086	454.2058548927307	451	533	0	0
2025-02-15 12:07:18,414 - INFO - 	58	1665714285923.2854	0	0.029943227767944336	461.28189277648926	454	533	0	0
2025-02-15 12:07:25,554 - INFO - 	59	1664166666875.0005	0	0.03076910972595215	468.42246890068054	457	533	0	0
2025-02-15 12:07:32,465 - INFO - 	60	1655000000214.1663	0	0.031449079513549805	475.33308577537537	460	533	0	0
2025-02-15 12:07:39,591 - INFO - 	61	1655000000212.4998	0	0.03197002410888672	482.4592707157135	463	533	0	0
2025-02-15 12:07:46,727 - INFO - 	62	1646666666882.8335	0	0.03271007537841797	489.5953245162964	466	533	0	0
2025-02-15 12:23:12,467 - INFO - 	63	1608333333556.3337	0	0.03328824043273926	1415.3351576328278	469	533	0	0
2025-02-15 12:40:25,139 - INFO - 	64	1592000000228.2	0	0.03413510322570801	2448.007263660431	472	533	0	0
2025-02-15 12:42:44,088 - INFO - 	65	1556470588476.7046	0	0.035614013671875	2586.9548859596252	475	533	0	0
2025-02-15 12:42:50,765 - INFO - 	66	1556470588476.7046	0	0.03627800941467285	2593.6315178871155	478	533	0	0
2025-02-15 12:42:57,289 - INFO - 	67	1556470588476.7046	0	0.0373842716217041	2600.155493736267	481	533	0	0
2025-02-15 12:43:04,016 - INFO - 	68	1547243346252.7712	0	0.03886008262634277	2606.882661819458	484	533	0	0
2025-02-15 12:43:10,887 - INFO - 	69	1544797297543.6084	0	0.04037928581237793	2613.7539207935333	487	533	0	0
2025-02-15 12:43:17,270 - INFO - 	70	1517405405659.8083	0	0.04214930534362793	2620.1362097263336	490	533	0	0
2025-02-15 12:43:23,673 - INFO - 	71	1503076923330.795	0	0.0433192253112793	2626.5393147468567	493	533	0	0
2025-02-15 12:43:30,019 - INFO - 	72	1462631579212.578	0	0.044915199279785156	2632.884815454483	496	533	0	0
2025-02-15 12:43:36,930 - INFO - 	73	1448083333599.5332	0	0.04661703109741211	2639.795934677124	499	533	0	0
2025-02-15 12:43:43,536 - INFO - 	74	1441052631849.9822	0	0.050158023834228516	2646.401800632477	502	533	0	0
2025-02-15 12:43:49,907 - INFO - 	75	1435000000274.25	0	0.052256107330322266	2652.7723257541656	505	533	0	0
2025-02-15 12:43:56,925 - INFO - 	76	1433260869840.1733	0	0.053347110748291016	2659.7904930114746	508	533	0	0
2025-02-15 12:44:03,678 - INFO - 	77	1416428571707.4634	0	0.05543708801269531	2666.5438947677612	511	533	0	0
2025-02-15 12:44:10,382 - INFO - 	78	1404396135547.4932	0	0.05698513984680176	2673.2479708194733	514	533	0	0
2025-02-15 12:44:17,631 - INFO - 	79	1391408450989.5999	0	0.058843135833740234	2680.495891571045	517	533	0	0
2025-02-15 12:44:24,174 - INFO - 	80	1385681818468.499	0	0.06139945983886719	2687.039604663849	520	533	0	0
2025-02-15 12:44:31,024 - INFO - 	81	1379729730019.084	0	0.06273913383483887	2693.889309644699	523	533	0	0
2025-02-15 12:44:37,669 - INFO - 	82	1376764706173.147	0	0.0642249584197998	2700.5342445373535	526	533	0	0
2025-02-15 12:44:44,247 - INFO - 	83	1330000000306.0664	0	0.06707310676574707	2707.111457824707	529	533	0	0
2025-02-15 12:44:51,510 - INFO - 	84	1317115384928.576	0	0.06901907920837402	2714.3745119571686	532	533	0	0
2025-02-15 12:44:58,153 - INFO - 	85	1299166666989.8752	0	0.07101726531982422	2721.0177850723267	535	533	0	0
2025-02-15 12:45:05,025 - INFO - 	86	1290781250325.4062	0	0.0738523006439209	2727.8898541927338	538	533	0	0
2025-02-15 12:45:11,596 - INFO - 	87	1288453427390.374	0	0.09480142593383789	2734.460416316986	541	533	0	0
2025-02-15 12:45:17,918 - INFO - 	88	1282944444772.1338	0	0.09623932838439941	2740.7821242809296	544	533	0	0
2025-02-15 12:45:24,436 - INFO - 	89	1276634920965.9207	0	0.09897208213806152	2747.2999320030212	547	533	0	0
2025-02-15 12:45:31,220 - INFO - 	90	1274729730062.2834	0	0.10254502296447754	2754.0844390392303	550	533	0	0
2025-02-15 12:45:38,212 - INFO - 	91	1237610073726.8843	0	0.1056520938873291	2761.0759842395782	553	533	0	0
2025-02-15 12:45:44,712 - INFO - 	92	1234372197654.9148	0	0.10666894912719727	2767.5759510993958	556	533	0	0
2025-02-15 12:45:51,552 - INFO - 	93	1223786408115.9312	0	0.11118721961975098	2774.415699005127	559	533	0	0
2025-02-15 12:45:58,236 - INFO - 	94	1209268218820.9155	0	0.11449432373046875	2781.0993041992188	562	533	0	0
2025-02-15 12:46:04,581 - INFO - 	95	1200967742295.5488	0	0.11727118492126465	2787.444930076599	565	533	0	0
2025-02-15 12:46:11,320 - INFO - 	96	1191757950892.4026	0	0.12196516990661621	2794.183698415756	568	533	0	0
2025-02-15 12:46:17,746 - INFO - 	97	1175340909459.4668	0	0.12563514709472656	2800.6090404987335	571	533	0	0
2025-02-15 12:46:23,953 - INFO - 	98	1156839343143.114	0	0.12789416313171387	2806.8164944648743	574	533	0	0
2025-02-15 12:46:30,518 - INFO - 	99	1149129353611.4038	0	0.12997794151306152	2813.3817002773285	577	533	0	0
2025-02-15 12:46:37,106 - INFO - 	100	1143415574782.558	0	0.1317276954650879	2819.968807220459	580	533	0	0
2025-02-15 12:46:43,600 - INFO - 	101	1121000000388.5276	0	0.13610172271728516	2826.463114976883	583	533	0	0
2025-02-15 12:46:49,986 - INFO - 	102	1108173913437.6104	0	0.14093971252441406	2832.848918199539	586	533	0	0
2025-02-15 12:46:56,087 - INFO - 	103	1107655786744.498	0	0.14426875114440918	2838.9501810073853	589	533	0	0
2025-02-15 12:47:02,338 - INFO - 	104	1098770492204.2456	0	0.14800381660461426	2845.2006192207336	592	533	0	0
2025-02-15 12:47:08,671 - INFO - 	105	1084484536491.5847	0	0.1511087417602539	2851.533875465393	595	533	0	0
2025-02-15 12:47:14,958 - INFO - 	106	1071029412182.3972	0	0.15324687957763672	2857.820111513138	598	533	0	0
2025-02-15 12:47:20,973 - INFO - 	107	1065927419772.259	0	0.15755009651184082	2863.8354206085205	601	533	0	0
2025-02-15 12:47:27,200 - INFO - 	108	1060439394357.8894	0	0.16045618057250977	2870.06263756752	604	533	0	0
2025-02-15 12:47:33,658 - INFO - 	109	1059546925986.3168	0	0.16659808158874512	2876.520030736923	607	533	0	0
2025-02-15 12:47:39,418 - INFO - 	110	1037180302248.8105	0	0.17057013511657715	2882.279956817627	610	533	0	0
2025-02-15 12:47:45,619 - INFO - 	111	1020719081565.191	0	0.17594027519226074	2888.4808118343353	613	533	0	0
2025-02-15 12:47:51,996 - INFO - 	112	1004765518796.641	0	0.17942142486572266	2894.8580911159515	616	533	0	0
2025-02-15 12:47:58,283 - INFO - 	113	1002596206739.5771	0	0.18133544921875	2901.144924879074	619	533	0	0
2025-02-15 12:48:04,064 - INFO - 	114	992696231052.7373	0	0.18362832069396973	2906.925270795822	622	533	0	0
2025-02-15 12:48:10,181 - INFO - 	115	967266276308.2853	0	0.18886041641235352	2913.04256272316	625	533	0	0
2025-02-15 12:48:16,148 - INFO - 	116	956305117951.5194	0	0.19540858268737793	2919.0087258815765	628	533	0	0
2025-02-15 12:48:22,070 - INFO - 	117	946858452616.7086	0	0.19804859161376953	2924.9315259456635	631	533	0	0
2025-02-15 12:48:27,887 - INFO - 	118	942871413762.641	0	0.20479369163513184	2930.747742176056	634	533	0	0
2025-02-15 12:48:33,726 - INFO - 	119	937253385401.3798	0	0.2104167938232422	2936.5872600078583	637	533	0	0
2025-02-15 12:48:39,601 - INFO - 	120	927983160071.6521	0	0.21414613723754883	2942.4621748924255	640	533	0	0
2025-02-15 12:48:46,137 - INFO - 	121	917605042516.2224	0	0.22140216827392578	2948.9973125457764	643	533	0	0
2025-02-15 12:48:52,399 - INFO - 	122	911487511376.1802	0	0.22524118423461914	2955.2594714164734	646	533	0	0
2025-02-15 12:48:58,133 - INFO - 	123	891377880075.6368	0	0.23243427276611328	2960.9939172267914	649	533	0	0
2025-02-15 12:49:03,994 - INFO - 	124	879513843256.1329	0	0.24211955070495605	2966.8541011810303	652	533	0	0
2025-02-15 12:49:09,976 - INFO - 	125	873776224302.273	0	0.24883437156677246	2972.83607506752	655	533	0	0
2025-02-15 12:49:16,046 - INFO - 	126	869894180421.1608	0	0.25458526611328125	2978.906370162964	658	533	0	0
2025-02-15 12:49:21,668 - INFO - 	127	868924696353.113	0	0.25989317893981934	2984.528524160385	661	533	0	0
2025-02-15 12:49:27,676 - INFO - 	128	868279070294.7166	0	0.2631373405456543	2990.53568816185	664	533	0	0
2025-02-15 12:49:33,516 - INFO - 	129	866027875093.6389	0	0.27219629287719727	2996.376242160797	667	533	0	0
2025-02-15 12:49:39,115 - INFO - 	130	862368310688.4811	0	0.27846217155456543	3001.974932193756	670	533	0	0
2025-02-15 12:49:44,704 - INFO - 	131	858488160823.9331	0	0.2873833179473877	3007.564161300659	673	533	0	0
2025-02-15 12:49:50,479 - INFO - 	132	851042544845.1857	0	0.29455137252807617	3013.3388471603394	676	533	0	0
2025-02-15 12:49:56,603 - INFO - 	133	846525911481.4735	0	0.3006093502044678	3019.4626591205597	679	533	0	0
2025-02-15 12:50:02,819 - INFO - 	134	840776398058.001	0	0.3116011619567871	3025.6790101528168	682	533	0	0
2025-02-15 12:50:08,633 - INFO - 	135	830546538079.9347	0	0.31829333305358887	3031.4922540187836	685	533	0	0
2025-02-15 12:50:14,644 - INFO - 	136	820965959131.0652	0	0.32466816902160645	3037.503457069397	688	533	0	0
2025-02-15 12:50:20,254 - INFO - 	137	806785165232.0579	0	0.32989931106567383	3043.1135482788086	691	533	0	0
2025-02-15 12:50:26,660 - INFO - 	138	805472334584.455	0	0.3361504077911377	3049.5194222927094	694	533	0	0
2025-02-15 12:50:32,770 - INFO - 	139	799680617040.1058	0	0.3430185317993164	3055.629490375519	697	533	0	0
2025-02-15 12:50:39,030 - INFO - 	140	796805580394.0242	0	0.35243749618530273	3061.8886861801147	700	533	0	0
2025-02-15 12:50:44,759 - INFO - 	141	787330275334.6904	0	0.36051058769226074	3067.617578268051	703	533	0	0
2025-02-15 12:50:50,319 - INFO - 	142	784697714434.1465	0	0.36365652084350586	3073.1776270866394	706	533	0	0
2025-02-15 12:50:56,057 - INFO - 	143	769757839411.7639	0	0.36666131019592285	3078.9155361652374	709	533	0	0
2025-02-15 12:51:02,189 - INFO - 	144	759107333211.7164	0	0.3723022937774658	3085.048027276993	712	533	0	0
2025-02-15 12:51:08,633 - INFO - 	145	754828403945.3518	0	0.37810850143432617	3091.491405248642	715	533	0	0
2025-02-15 12:51:14,291 - INFO - 	146	745657984410.0616	0	0.3868136405944824	3097.149616241455	718	533	0	0
2025-02-15 12:51:19,713 - INFO - 	147	731990999689.3042	0	0.39458537101745605	3102.571144104004	721	533	0	0
2025-02-15 12:51:25,294 - INFO - 	148	724907026472.8231	0	0.40126848220825195	3108.152111053467	724	533	0	0
2025-02-15 12:51:31,124 - INFO - 	149	720774024860.33	0	0.4092526435852051	3113.982573032379	727	533	0	0
2025-02-15 12:51:37,088 - INFO - 	150	712300569196.2671	0	0.41841769218444824	3119.945920944214	730	533	0	0
2025-02-15 12:51:42,979 - INFO - 	151	707377556514.5618	0	0.42139267921447754	3125.836460828781	733	533	0	0
2025-02-15 12:51:48,769 - INFO - 	152	702525456806.103	0	0.42841672897338867	3131.626479625702	736	533	0	0
2025-02-15 12:51:54,343 - INFO - 	153	694677324713.129	0	0.4378483295440674	3137.2008306980133	739	533	0	0
2025-02-15 12:52:00,333 - INFO - 	154	694291186093.3398	0	0.44351959228515625	3143.1908316612244	742	533	0	0
2025-02-15 12:52:06,373 - INFO - 	155	680641584927.1511	0	0.45278167724609375	3149.230555534363	745	533	0	0
2025-02-15 12:52:12,171 - INFO - 	156	676671468940.2412	0	0.4615335464477539	3155.028591632843	748	533	0	0
2025-02-15 12:52:17,541 - INFO - 	157	672465862812.7483	0	0.4679574966430664	3160.3980796337128	751	533	0	0
2025-02-15 12:52:23,050 - INFO - 	158	644729359058.3547	0	0.4800124168395996	3165.9076585769653	754	533	0	0
2025-02-15 12:52:28,482 - INFO - 	159	638635724963.765	0	0.49143147468566895	3171.339389562607	757	533	0	0
2025-02-15 12:52:34,355 - INFO - 	160	634709152907.1113	0	0.5019242763519287	3177.2122325897217	760	533	0	0
2025-02-15 12:52:40,321 - INFO - 	161	633283582723.6068	0	0.512324333190918	3183.1781578063965	763	533	0	0
2025-02-15 12:52:46,330 - INFO - 	162	630929853820.2646	0	0.523057222366333	3189.187205553055	766	533	0	0
2025-02-15 12:52:52,204 - INFO - 	163	624535056166.216	0	0.5260391235351562	3195.060655593872	769	533	0	0
2025-02-15 13:00:30,851 - INFO - 	164	624059136646.2765	0	0.5356311798095703	3653.7072756290436	772	533	0	0
2025-02-15 13:00:36,317 - INFO - 	165	612757283464.4143	0	0.543633222579956	3659.17241358757	775	533	0	0
2025-02-15 13:00:41,987 - INFO - 	166	599264123041.5867	0	0.5523381233215332	3664.842410326004	778	533	0	0
2025-02-15 13:00:48,034 - INFO - 	167	590450019592.6095	0	0.562258243560791	3670.889448404312	781	533	0	0
2025-02-15 13:00:53,273 - INFO - 	168	585625404866.356	0	0.5759921073913574	3676.128962278366	784	533	0	0
2025-02-15 13:00:58,482 - INFO - 	169	581539622494.7385	0	0.5899059772491455	3681.337260246277	787	533	0	0
2025-02-15 13:01:03,891 - INFO - 	170	578450521869.8162	0	0.5993552207946777	3686.7468683719635	790	533	0	0
2025-02-15 13:01:09,475 - INFO - 	171	578203060914.9381	0	0.6102173328399658	3692.3307185173035	793	533	0	0
2025-02-15 13:01:15,341 - INFO - 	172	573655270957.1997	0	0.6203765869140625	3698.195869445801	796	533	0	0
2025-02-15 13:01:21,004 - INFO - 	173	569762234289.0487	0	0.63010573387146	3703.8592824935913	799	533	0	0
2025-02-15 13:01:26,332 - INFO - 	174	563737135198.8398	0	0.6357545852661133	3709.1868674755096	802	533	0	0
2025-02-15 13:01:32,106 - INFO - 	175	562558750288.2196	0	0.646798849105835	3714.960557460785	805	533	0	0
2025-02-15 13:01:37,739 - INFO - 	176	556529050813.5006	0	0.6524617671966553	3720.593344449997	808	533	0	0
2025-02-15 13:01:43,008 - INFO - 	177	555764154511.7286	0	0.6628696918487549	3725.8627791404724	811	533	0	0
2025-02-15 13:01:48,341 - INFO - 	178	554251048790.401	0	0.6736626625061035	3731.195428133011	814	533	0	0
2025-02-15 13:01:53,490 - INFO - 	179	549042992601.7374	0	0.6857554912567139	3736.344532251358	817	533	0	0
2025-02-15 13:01:59,018 - INFO - 	180	536972085126.7565	0	0.6984295845031738	3741.8727831840515	820	533	0	0
2025-02-15 13:02:04,093 - INFO - 	181	534363873100.9105	0	0.7136266231536865	3746.9475820064545	823	533	0	0
2025-02-15 13:02:09,098 - INFO - 	182	526602112974.61346	0	0.7221555709838867	3751.952572107315	826	533	0	0
2025-02-15 13:02:14,021 - INFO - 	183	520905604421.0206	0	0.7312142848968506	3756.8754200935364	829	533	0	0
2025-02-15 13:02:19,400 - INFO - 	184	513695697725.50885	0	0.744469404220581	3762.2540950775146	832	533	0	0
2025-02-15 13:02:24,826 - INFO - 	185	512956028746.91797	0	0.7533383369445801	3767.6794290542603	835	533	0	0
2025-02-15 13:02:29,940 - INFO - 	186	510961073730.059	0	0.7680590152740479	3772.7939109802246	838	533	0	0
2025-02-15 13:02:34,955 - INFO - 	187	509956529234.9038	0	0.783099889755249	3777.8083000183105	841	533	0	0
2025-02-15 13:02:39,881 - INFO - 	188	506713738484.3845	0	0.7956998348236084	3782.73481798172	844	533	0	0
2025-02-15 13:02:44,917 - INFO - 	189	501666767861.9463	0	0.8157589435577393	3787.7705640792847	847	533	0	0
2025-02-15 13:02:49,941 - INFO - 	190	495418302835.17773	0	0.8315830230712891	3792.794090986252	850	533	0	0
2025-02-15 13:02:54,908 - INFO - 	191	489197560882.10004	0	0.8476653099060059	3797.761310815811	853	533	0	0
2025-02-15 13:03:00,055 - INFO - 	192	487682115929.7901	0	0.8626103401184082	3802.907786846161	856	533	0	0
2025-02-15 13:03:05,681 - INFO - 	193	482416610727.9611	0	0.8767461776733398	3808.533514738083	859	533	0	0
2025-02-15 13:03:10,990 - INFO - 	194	481872824919.15125	0	0.8893821239471436	3813.842765569687	862	533	0	0
2025-02-15 13:03:16,463 - INFO - 	195	476875720147.36414	0	0.9052882194519043	3819.3153278827667	865	533	0	0
2025-02-15 13:03:21,787 - INFO - 	196	470992404003.55	0	0.9214801788330078	3824.6399054527283	868	533	0	0
2025-02-15 13:03:26,966 - INFO - 	197	469147113011.71484	0	0.9311823844909668	3829.8183283805847	871	533	0	0
2025-02-15 13:03:32,515 - INFO - 	198	466601588441.1422	0	0.9532005786895752	3835.367144346237	874	533	0	0
2025-02-15 13:03:37,967 - INFO - 	199	459224767253.23804	0	0.9710907936096191	3840.8197181224823	877	533	0	0
2025-02-15 13:03:43,306 - INFO - 	200	456889138237.8262	0	0.9845428466796875	3846.1578941345215	880	533	0	0
2025-02-15 13:03:48,889 - INFO - 	201	453084873671.65094	0	0.9999277591705322	3851.7409660816193	883	533	0	0
2025-02-15 13:03:54,883 - INFO - 	202	444165385511.1636	0	1.0072309970855713	3857.7348840236664	886	533	0	0
2025-02-15 13:04:00,538 - INFO - 	203	443161710050.2728	0	1.0227549076080322	3863.3897347450256	889	533	0	0
2025-02-15 13:04:06,062 - INFO - 	204	433473468780.69055	0	1.032336950302124	3868.9142048358917	892	533	0	0
2025-02-15 13:04:11,375 - INFO - 	205	430530558399.0125	0	1.0465550422668457	3874.2263357639313	895	533	0	0
2025-02-15 13:04:16,508 - INFO - 	206	423036015788.68225	0	1.0630862712860107	3879.3596608638763	898	533	0	0
2025-02-15 13:04:21,598 - INFO - 	207	413202311831.16943	0	1.082930326461792	3884.4499118328094	901	533	0	0
2025-02-15 13:04:27,137 - INFO - 	208	408658716279.044	0	1.1004014015197754	3889.988075733185	904	533	0	0
2025-02-15 13:04:32,975 - INFO - 	209	405359928149.85284	0	1.1101644039154053	3895.826356649399	907	533	0	0
2025-02-15 13:04:38,920 - INFO - 	210	392410379619.44275	0	1.1208314895629883	3901.7715775966644	910	533	0	0
2025-02-15 13:04:44,293 - INFO - 	211	388088667300.02924	0	1.1356616020202637	3907.143650531769	913	533	0	0
2025-02-15 13:04:49,586 - INFO - 	212	371307404425.53595	0	1.1391825675964355	3912.4369807243347	916	533	0	0
2025-02-15 13:04:55,359 - INFO - 	213	364026296478.43823	0	1.1574785709381104	3918.2097656726837	919	533	0	0
2025-02-15 13:05:00,891 - INFO - 	214	359583055931.4144	0	1.1774897575378418	3923.741460800171	922	533	0	0
2025-02-15 13:05:06,789 - INFO - 	215	351130003353.121	0	1.2052125930786133	3929.6401646137238	925	533	0	0
2025-02-15 13:05:12,288 - INFO - 	216	347069542440.2043	0	1.2218286991119385	3935.138916492462	928	533	0	0
2025-02-15 13:05:17,722 - INFO - 	217	345093302599.1229	0	1.2377417087554932	3940.572879552841	931	533	0	0
2025-02-15 13:05:23,009 - INFO - 	218	338889834900.19305	0	1.2581398487091064	3945.859266757965	934	533	0	0
2025-02-15 13:05:28,031 - INFO - 	219	333563750109.3267	0	1.276207685470581	3950.8815388679504	937	533	0	0
2025-02-15 13:05:33,505 - INFO - 	220	321525102991.3547	0	1.295165777206421	3956.354837656021	940	533	0	0
2025-02-15 13:05:39,128 - INFO - 	221	319441599702.8766	0	1.3093788623809814	3961.977706670761	943	533	0	0
2025-02-15 13:05:44,648 - INFO - 	222	317157804919.42065	0	1.3333709239959717	3967.497435569763	946	533	0	0
2025-02-15 13:05:49,873 - INFO - 	223	313648334690.9726	0	1.3509008884429932	3972.722179412842	949	533	0	0
2025-02-15 13:05:55,240 - INFO - 	224	306360708280.3325	0	1.3732750415802002	3978.0893552303314	952	533	0	0
2025-02-15 13:06:00,829 - INFO - 	225	304084861270.28973	0	1.392247200012207	3983.6784751415253	955	533	0	0
2025-02-15 13:06:06,460 - INFO - 	226	303152194876.87915	0	1.4078311920166016	3989.3093190193176	958	533	0	0
2025-02-15 13:06:12,042 - INFO - 	227	291325079984.14105	0	1.4260921478271484	3994.891394138336	961	533	0	0
2025-02-15 13:06:17,390 - INFO - 	228	286045668087.55774	0	1.4393270015716553	4000.2395470142365	964	533	0	0
2025-02-15 13:06:22,745 - INFO - 	229	282756489474.9035	0	1.459226131439209	4005.5940232276917	967	533	0	0
2025-02-15 13:06:28,515 - INFO - 	230	278569761297.4031	0	1.4660940170288086	4011.3637182712555	970	533	0	0
2025-02-15 13:06:33,833 - INFO - 	231	276861627666.529	0	1.4867932796478271	4016.681522130966	973	533	0	0
2025-02-15 13:06:39,387 - INFO - 	232	267347428298.89557	0	1.5001111030578613	4022.236130952835	976	533	0	0
2025-02-15 13:06:45,354 - INFO - 	233	263805375442.6508	0	1.5143263339996338	4028.202582836151	979	533	0	0
2025-02-15 13:06:51,118 - INFO - 	234	262652683483.73422	0	1.5337140560150146	4033.9668118953705	982	533	0	0
2025-02-15 13:06:56,733 - INFO - 	235	262617411535.81674	0	1.5529382228851318	4039.5816836357117	985	533	0	0
2025-02-15 13:07:02,310 - INFO - 	236	258403655286.74753	0	1.574350118637085	4045.158364534378	988	533	0	0
2025-02-15 13:07:07,768 - INFO - 	237	251527066303.4463	0	1.605341911315918	4050.616674423218	991	533	0	0
2025-02-15 13:07:12,965 - INFO - 	238	247636336538.39914	0	1.6213250160217285	4055.812864303589	994	533	0	0
2025-02-15 13:07:18,381 - INFO - 	239	243561249603.1996	0	1.6463830471038818	4061.228772163391	997	533	0	0
2025-02-15 13:07:23,807 - INFO - 	240	239059179243.20688	0	1.6660301685333252	4066.6550920009613	1000	533	0	0
2025-02-15 13:07:28,863 - INFO - 	241	236765055159.6385	0	1.684446096420288	4071.7111160755157	1003	533	0	0
2025-02-15 13:07:33,925 - INFO - 	242	229314113832.0263	0	1.7149701118469238	4076.77308511734	1006	533	0	0
2025-02-15 13:07:38,963 - INFO - 	243	222489905665.4347	0	1.733403205871582	4081.8103511333466	1009	533	0	0
2025-02-15 13:07:44,097 - INFO - 	244	211900296757.99728	0	1.75911283493042	4086.944920063019	1012	533	0	0
2025-02-15 13:07:49,280 - INFO - 	245	205210917980.6315	0	1.7822108268737793	4092.1280369758606	1015	533	0	0
2025-02-15 13:07:54,275 - INFO - 	246	197114687809.85425	0	1.7893109321594238	4097.122017860413	1018	533	0	0
2025-02-15 13:07:59,264 - INFO - 	247	191986694341.2731	0	1.8090386390686035	4102.111623764038	1021	533	0	0
2025-02-15 13:08:04,277 - INFO - 	248	185148583211.62186	0	1.8317697048187256	4107.124660015106	1024	533	0	0
2025-02-15 13:08:10,075 - INFO - 	249	178465884087.02792	0	1.8514456748962402	4112.922092199326	1027	533	0	0
2025-02-15 13:08:15,420 - INFO - 	250	171765070076.20596	0	1.8777997493743896	4118.267267227173	1030	533	0	0
2025-02-15 13:08:21,320 - INFO - 	251	169725911779.2473	0	1.8997125625610352	4124.1667420864105	1033	533	0	0
2025-02-15 13:08:26,842 - INFO - 	252	169039161367.0215	0	1.9119055271148682	4129.688951015472	1036	533	0	0
2025-02-15 13:08:32,118 - INFO - 	253	165393491188.19632	0	1.9369184970855713	4134.965065002441	1039	533	0	0
2025-02-15 13:08:37,665 - INFO - 	254	161398796311.34808	0	1.971048355102539	4140.511889219284	1042	533	0	0
2025-02-15 13:08:42,859 - INFO - 	255	152817874033.80057	0	1.9885222911834717	4145.705304145813	1045	533	0	0
2025-02-15 13:08:48,315 - INFO - 	256	152139423798.01862	0	2.0044033527374268	4151.161947250366	1048	533	0	0
2025-02-15 13:08:53,414 - INFO - 	257	152139423798.01855	0	2.0190951824188232	4156.2608523368835	1051	533	0	0
2025-02-15 13:08:58,576 - INFO - 	258	148218307970.74637	0	2.041457176208496	4161.422278165817	1054	533	0	0
2025-02-15 13:09:04,971 - INFO - 	259	139070809360.9898	0	2.069932460784912	4167.817429065704	1057	533	0	0
2025-02-15 13:09:10,527 - INFO - 	260	135374968837.1268	0	2.097841739654541	4173.373570919037	1060	533	0	0
2025-02-15 13:09:15,827 - INFO - 	261	132935634142.45032	0	2.119062900543213	4178.672595977783	1063	533	0	0
2025-02-15 13:09:21,097 - INFO - 	262	131421653147.19247	0	2.1572468280792236	4183.94335603714	1066	533	0	0
2025-02-15 13:09:27,076 - INFO - 	263	130793949947.1558	0	2.173830032348633	4189.921472072601	1069	533	0	0
2025-02-15 13:09:32,418 - INFO - 	264	127808840160.33578	0	2.1970858573913574	4195.26341509819	1072	533	0	0
2025-02-15 13:09:37,175 - INFO - 	265	125614723902.31041	0	2.223538875579834	4200.020974159241	1075	533	0	0
2025-02-15 13:09:42,597 - INFO - 	266	122406596459.97984	0	2.242706775665283	4205.442747354507	1078	533	0	0
2025-02-15 13:09:47,838 - INFO - 	267	119143131705.21594	0	2.278080701828003	4210.6832485198975	1081	533	0	0
2025-02-15 13:09:53,041 - INFO - 	268	118233033637.80487	0	2.3195338249206543	4215.886712551117	1084	533	0	0
2025-02-15 13:09:58,244 - INFO - 	269	116693872497.06598	0	2.355905055999756	4221.08943939209	1087	533	0	0
2025-02-15 13:10:03,446 - INFO - 	270	114438063644.6331	0	2.380155086517334	4226.290957212448	1090	533	0	0
2025-02-15 13:10:08,596 - INFO - 	271	107641755975.10686	0	2.4011471271514893	4231.441041469574	1093	533	0	0
2025-02-15 13:10:14,007 - INFO - 	272	105057674193.60197	0	2.420448064804077	4236.851842164993	1096	533	0	0
2025-02-15 13:10:19,212 - INFO - 	273	104146069330.56607	0	2.446890115737915	4242.056829214096	1099	533	0	0
2025-02-15 13:10:24,633 - INFO - 	274	104146069330.56607	0	2.4729979038238525	4247.478239297867	1102	533	0	0
2025-02-15 13:10:30,118 - INFO - 	275	103245924672.80542	0	2.489861011505127	4252.963187456131	1105	533	0	0
2025-02-15 13:10:35,225 - INFO - 	276	99357876849.04733	0	2.5114848613739014	4258.0696704387665	1108	533	0	0
2025-02-15 13:10:41,298 - INFO - 	277	96503691865.42169	0	2.5542356967926025	4264.142471551895	1111	533	0	0
2025-02-15 13:28:13,524 - INFO - 	278	95846514839.35445	0	2.5647685527801514	5316.368793487549	1114	533	0	0
2025-02-15 13:45:44,333 - INFO - 	279	93549223049.75972	0	2.5894265174865723	6367.1771285533905	1117	533	0	0
2025-02-15 13:56:07,059 - INFO - 	280	90947101458.8905	0	2.6094884872436523	6989.902240514755	1120	533	0	0
2025-02-15 13:56:12,778 - INFO - 	281	88587857918.77905	0	2.631197690963745	6995.61972618103	1123	533	0	0
2025-02-15 13:56:18,750 - INFO - 	282	88587857918.77905	0	2.6505026817321777	7001.591872215271	1126	533	0	0
2025-02-15 13:56:24,779 - INFO - 	283	87246343292.68274	0	2.682887554168701	7007.620705366135	1129	533	0	0
2025-02-15 13:56:30,535 - INFO - 	284	86986211164.1629	0	2.6990528106689453	7013.376506328583	1132	533	0	0
2025-02-15 13:56:36,250 - INFO - 	285	86942480750.89545	0	2.71278977394104	7019.092040300369	1135	533	0	0
2025-02-15 13:56:41,960 - INFO - 	286	81530792191.9876	0	2.727463722229004	7024.8019552230835	1138	533	0	0
2025-02-15 13:56:47,279 - INFO - 	287	76258387116.58241	0	2.7518317699432373	7030.120439291	1141	533	0	0
2025-02-15 13:56:52,409 - INFO - 	288	74093930950.40675	0	2.784895896911621	7035.250685214996	1144	533	0	0
2025-02-15 13:56:57,430 - INFO - 	289	69916244401.72046	0	2.8122200965881348	7040.271212100983	1147	533	0	0
2025-02-15 13:57:02,302 - INFO - 	290	66920558991.33298	0	2.837432861328125	7045.1429002285	1150	533	0	0
2025-02-15 13:57:07,300 - INFO - 	291	65835653324.6761	0	2.8707427978515625	7050.141136169434	1153	533	0	0
2025-02-15 13:57:12,116 - INFO - 	292	63123780442.376	0	2.8983089923858643	7054.957243204117	1156	533	0	0
2025-02-15 13:57:16,674 - INFO - 	293	62803777530.71385	0	2.9125421047210693	7059.514526128769	1159	533	0	0
2025-02-15 13:57:21,425 - INFO - 	294	60505607262.61117	0	2.9381210803985596	7064.265618085861	1162	533	0	0
2025-02-15 13:57:26,211 - INFO - 	295	52985219775.23947	0	2.9566709995269775	7069.051327228546	1165	533	0	0
2025-02-15 13:57:31,501 - INFO - 	296	50877490691.49661	0	2.991238832473755	7074.3415632247925	1168	533	0	0
2025-02-15 13:57:36,738 - INFO - 	297	42581023241.90112	0	3.0141756534576416	7079.577955245972	1171	533	0	0
2025-02-15 13:57:42,002 - INFO - 	298	41915128060.30057	0	3.038707733154297	7084.8425052165985	1174	533	0	0
2025-02-15 13:57:47,166 - INFO - 	299	37726916910.070335	0	3.0622177124023438	7090.0064470767975	1177	533	0	0
2025-02-15 13:57:52,173 - INFO - 	300	37620006610.8658	0	3.081162452697754	7095.012953042984	1180	533	0	0
2025-02-15 13:57:57,181 - INFO - 	301	33884792810.26204	0	3.1010875701904297	7100.020547866821	1183	533	0	0
2025-02-15 13:58:02,642 - INFO - 	302	28731334911.904255	0	3.118788242340088	7105.48184466362	1186	533	0	0
2025-02-15 13:58:08,391 - INFO - 	303	26224250335.77258	0	3.1608004570007324	7111.23103761673	1189	533	0	0
2025-02-15 13:58:14,464 - INFO - 	304	21478222347.460556	0	3.182769298553467	7117.303631544113	1192	533	0	0
2025-02-15 13:58:20,207 - INFO - 	305	16825928452.183346	0	3.2142813205718994	7123.046253681183	1195	533	0	0
2025-02-15 13:58:25,644 - INFO - 	306	11820963888.996483	0	3.2439725399017334	7128.482941865921	1198	533	0	0
2025-02-15 13:58:30,935 - INFO - 	307	11106498581.718174	0	3.2720015048980713	7133.773859024048	1201	533	0	0
2025-02-15 13:58:36,269 - INFO - 	308	8541444547.137583	0	3.301408529281616	7139.107889175415	1204	533	0	0
2025-02-15 13:58:41,783 - INFO - 	309	7897157242.305951	0	3.3255484104156494	7144.621729373932	1207	533	0	0
2025-02-15 13:58:47,148 - INFO - 	310	7490953809.884871	0	3.3540704250335693	7149.9869503974915	1210	533	0	0
2025-02-15 13:58:52,363 - INFO - 	311	6923690613.037686	0	3.3768882751464844	7155.202095746994	1213	533	0	0
2025-02-15 13:58:57,621 - INFO - 	312	4811647908.286433	0	3.38484787940979	7160.460008859634	1216	533	0	0
2025-02-15 13:59:02,824 - INFO - 	313	4782868679.611361	0	3.4011318683624268	7165.6630527973175	1219	533	0	0
2025-02-15 13:59:08,190 - INFO - 	314	4640909592.925125	0	3.408858060836792	7171.028073787689	1222	533	0	0
2025-02-15 13:59:13,389 - INFO - 	315	3881354339.690372	0	3.446571111679077	7176.22776889801	1225	533	0	0
2025-02-15 13:59:18,411 - INFO - 	316	3615744882.315362	0	3.4625091552734375	7181.248861789703	1228	533	0	0
2025-02-15 13:59:23,481 - INFO - 	317	3373752998.173911	0	3.4832541942596436	7186.319269657135	1231	533	0	0
2025-02-15 13:59:28,752 - INFO - 	318	2233569148.8361764	0	3.493699312210083	7191.590020656586	1234	533	0	0
2025-02-15 13:59:34,088 - INFO - 	319	1357.992444726779	0	3.5018253326416016	7196.92573261261	1237	533	0	0
2025-02-15 13:59:42,188 - INFO - 	320	1355.6025039706612	0	3.5057764053344727	7205.025543689728	1240	533	0	0
2025-02-15 13:59:50,880 - INFO - 	321	1340.0510532359779	0	3.5108964443206787	7213.718234539032	1243	533	0	0
2025-02-15 13:59:58,974 - INFO - 	322	1309.2199212506118	0	3.519163131713867	7221.811291694641	1246	533	0	0
2025-02-15 14:00:07,246 - INFO - 	323	1295.2621544562091	0	3.526231050491333	7230.083904743195	1249	533	0	0
2025-02-15 14:00:15,381 - INFO - 	324	1274.7366300430094	0	3.534414052963257	7238.218585729599	1252	533	0	0
2025-02-15 14:00:23,716 - INFO - 	325	1267.306499513457	0	3.5409529209136963	7246.553134679794	1255	533	0	0
2025-02-15 14:00:32,038 - INFO - 	326	1257.9654646756853	0	3.549509048461914	7254.875524759293	1258	533	0	0
2025-02-15 14:00:40,327 - INFO - 	327	1246.1967311620408	0	3.556447982788086	7263.163855791092	1261	533	0	0
2025-02-15 14:00:48,396 - INFO - 	328	1239.874723346999	0	3.5633277893066406	7271.2332508563995	1264	533	0	0
2025-02-15 14:00:56,694 - INFO - 	329	1228.5056920641075	0	3.5708930492401123	7279.531090974808	1267	533	0	0
2025-02-15 14:01:05,022 - INFO - 	330	1222.4059330174478	0	3.5778651237487793	7287.8591985702515	1270	533	0	0
2025-02-15 14:01:13,356 - INFO - 	331	1220.1249665302946	0	3.583815097808838	7296.19314956665	1273	533	0	0
2025-02-15 14:01:21,697 - INFO - 	332	1211.450323410086	0	3.5900659561157227	7304.53314948082	1276	533	0	0
2025-02-15 14:01:30,271 - INFO - 	333	1206.079760309681	0	3.596916675567627	7313.107421398163	1279	533	0	0
2025-02-15 14:01:38,729 - INFO - 	334	1200.6996986929496	0	3.6042046546936035	7321.565703392029	1282	533	0	0
2025-02-15 14:01:47,301 - INFO - 	335	1195.990321272849	0	3.610517740249634	7330.137345075607	1285	533	0	0
2025-02-15 14:01:55,707 - INFO - 	336	1192.9693796748631	0	3.6151256561279297	7338.543596744537	1288	533	0	0
2025-02-15 14:02:04,235 - INFO - 	337	1182.7064990531846	0	3.6213326454162598	7347.070866584778	1291	533	0	0
2025-02-15 14:02:12,761 - INFO - 	338	1176.4654244016972	0	3.6278157234191895	7355.597205400467	1294	533	0	0
2025-02-15 14:02:21,287 - INFO - 	339	1173.7607736143805	0	3.632450580596924	7364.122862577438	1297	533	0	0
2025-02-15 14:02:30,088 - INFO - 	340	1170.986354502228	0	3.6378438472747803	7372.923930644989	1300	533	0	0
2025-02-15 14:02:38,668 - INFO - 	341	1167.3392148839346	0	3.6441807746887207	7381.504116773605	1303	533	0	0
2025-02-15 14:02:47,183 - INFO - 	342	1162.0780722895977	0	3.650160789489746	7390.018799781799	1306	533	0	0
2025-02-15 14:02:55,600 - INFO - 	343	1158.0292668612517	0	3.657559633255005	7398.435027599335	1309	533	0	0
2025-02-15 14:03:04,095 - INFO - 	344	1154.0376134044338	0	3.6624276638031006	7406.930776357651	1312	533	0	0
2025-02-15 14:03:12,550 - INFO - 	345	1152.4710658117574	0	3.667618989944458	7415.38533616066	1315	533	0	0
2025-02-15 14:03:20,951 - INFO - 	346	1149.4126389702908	0	3.673190116882324	7423.786285161972	1318	533	0	0
2025-02-15 14:03:29,396 - INFO - 	347	1144.1436423638236	0	3.681288719177246	7432.231187343597	1321	533	0	0
2025-02-15 14:03:37,668 - INFO - 	348	1139.4097269357885	0	3.6877758502960205	7440.502264261246	1324	533	0	0
2025-02-15 14:03:46,078 - INFO - 	349	1138.719601816073	0	3.6929666996002197	7448.911879301071	1327	533	0	0
2025-02-15 14:03:54,384 - INFO - 	350	1136.0829622835258	0	3.7000105381011963	7457.217712402344	1330	533	0	0
2025-02-15 14:04:02,502 - INFO - 	351	1134.5820316563427	0	3.706423759460449	7465.336136579514	1333	533	0	0
2025-02-15 14:04:10,931 - INFO - 	352	1131.786395565501	0	3.7136287689208984	7473.764442443848	1336	533	0	0
2025-02-15 14:04:19,107 - INFO - 	353	1128.7554323151116	0	3.720371723175049	7481.9407432079315	1339	533	0	0
2025-02-15 14:04:27,503 - INFO - 	354	1127.3788724752412	0	3.7252049446105957	7490.336323022842	1342	533	0	0
2025-02-15 14:04:35,788 - INFO - 	355	1123.3229683065633	0	3.731031656265259	7498.621099233627	1345	533	0	0
2025-02-15 14:04:44,175 - INFO - 	356	1119.3083158973488	0	3.7370517253875732	7507.007932186127	1348	533	0	0
2025-02-15 14:04:52,497 - INFO - 	357	1115.8683345444806	0	3.745478868484497	7515.330327510834	1351	533	0	0
2025-02-15 14:05:00,816 - INFO - 	358	1115.0901540319655	0	3.7519657611846924	7523.649568557739	1354	533	0	0
2025-02-15 14:05:09,310 - INFO - 	359	1113.975596075803	0	3.757202625274658	7532.143479585648	1357	533	0	0
2025-02-15 14:05:17,711 - INFO - 	360	1113.1462204795594	0	3.7626607418060303	7540.543811559677	1360	533	0	0
2025-02-15 14:05:26,060 - INFO - 	361	1113.146220479559	0	3.76423978805542	7548.893233537674	1363	533	0	0
2025-02-15 14:05:34,316 - INFO - 	362	1112.2056736859154	0	3.7693629264831543	7557.148973703384	1366	533	0	0
2025-02-15 14:05:42,971 - INFO - 	363	1111.000840020635	0	3.7755138874053955	7565.803381681442	1369	533	0	0
2025-02-15 14:05:51,418 - INFO - 	364	1109.23757063618	0	3.7830638885498047	7574.250063657761	1372	533	0	0
2025-02-15 14:05:59,821 - INFO - 	365	1109.2375706361795	0	3.784559965133667	7582.65344452858	1375	533	0	0
2025-02-15 14:06:08,309 - INFO - 	366	1107.8963317611867	0	3.7895538806915283	7591.141318559647	1378	533	0	0
2025-02-15 14:06:16,743 - INFO - 	367	1106.9074737191045	0	3.794825792312622	7599.575263500214	1381	533	0	0
2025-02-15 14:06:24,960 - INFO - 	368	1106.7359640887016	0	3.79787278175354	7607.792631626129	1384	533	0	0
2025-02-15 14:06:33,115 - INFO - 	369	1105.4679948552262	0	3.8033816814422607	7615.947511672974	1387	533	0	0
2025-02-15 14:06:41,400 - INFO - 	370	1105.324947095875	0	3.806407928466797	7624.232294797897	1390	533	0	0
2025-02-15 14:06:49,794 - INFO - 	371	1104.86005514093	0	3.8100969791412354	7632.62633562088	1393	533	0	0
2025-02-15 14:06:58,031 - INFO - 	372	1103.9787668439897	0	3.8152248859405518	7640.862787723541	1396	533	0	0
2025-02-15 14:07:06,522 - INFO - 	373	1103.0862470437658	0	3.819798231124878	7649.353923559189	1399	533	0	0
2025-02-15 14:07:14,930 - INFO - 	374	1101.3094633214162	0	3.8261842727661133	7657.761662483215	1402	533	0	0
2025-02-15 14:07:23,281 - INFO - 	375	1100.7854120097536	0	3.8311023712158203	7666.112901687622	1405	533	0	0
2025-02-15 14:07:31,780 - INFO - 	376	1100.4359715957683	0	3.8350462913513184	7674.611171007156	1408	533	0	0
2025-02-15 14:07:40,064 - INFO - 	377	1100.1393033347804	0	3.839987277984619	7682.895066976547	1411	533	0	0
2025-02-15 14:07:48,577 - INFO - 	378	1100.118846416059	0	3.844011068344116	7691.4078760147095	1414	533	0	0
2025-02-15 14:07:56,974 - INFO - 	379	1098.7167670173321	0	3.8492789268493652	7699.805500030518	1417	533	0	0
2025-02-15 14:08:05,261 - INFO - 	380	1098.3014407380942	0	3.8565518856048584	7708.091607093811	1420	533	0	0
2025-02-15 14:08:13,733 - INFO - 	381	1098.0954283336064	0	3.8621389865875244	7716.564334154129	1423	533	0	0
2025-02-15 14:08:22,032 - INFO - 	382	1096.73541102219	0	3.867619037628174	7724.863251924515	1426	533	0	0
2025-02-15 14:08:30,416 - INFO - 	383	1095.8427445323891	0	3.8739309310913086	7733.246417999268	1429	533	0	0
2025-02-15 14:25:18,734 - INFO - 	384	1095.1407913292594	0	3.879842758178711	8741.56438612938	1432	533	0	0
2025-02-15 14:41:24,087 - INFO - 	385	1094.7462006113876	0	3.8848156929016113	9706.917850017548	1435	533	0	0
2025-02-15 15:15:13,430 - INFO - 	386	1094.7462006113878	0	3.888068675994873	11736.260071992874	1438	533	0	0
2025-02-15 15:48:07,632 - INFO - 	387	1094.6837594661356	0	3.8914077281951904	13710.461897850037	1441	533	0	0
2025-02-15 16:04:26,971 - INFO - 	388	1094.6837594661354	0	3.8933157920837402	14689.79998588562	1444	533	0	0
2025-02-15 16:37:11,992 - INFO - 	389	1094.4791256225164	0	3.8982346057891846	16654.820910692215	1447	533	0	0
2025-02-15 16:54:55,150 - INFO - 	390	1094.266844267131	0	3.901061773300171	17717.97947859764	1450	533	0	0
2025-02-15 17:20:51,001 - INFO - 	391	1093.894944964269	0	3.905127763748169	19273.830330610275	1453	533	0	0
2025-02-15 17:53:42,194 - INFO - 	392	1093.8097389395718	0	3.9086997509002686	21245.023559331894	1456	533	0	0
2025-02-15 18:06:27,401 - INFO - 	393	1093.6736050778798	0	3.914106845855713	22010.23037815094	1459	533	0	0
2025-02-15 18:37:27,377 - INFO - 	394	1093.366151538499	0	3.91862416267395	23870.20592212677	1462	533	0	0
2025-02-15 18:53:20,692 - INFO - 	395	1093.298701591369	0	3.922220230102539	24823.520821094513	1465	533	0	0
2025-02-15 19:00:10,385 - INFO - 	396	1093.0821231340637	0	3.928145408630371	25233.170726299286	1468	533	0	0
2025-02-15 19:00:19,118 - INFO - 	397	1093.0282871543702	0	3.9305343627929688	25241.903549432755	1471	533	0	0
2025-02-15 19:00:27,769 - INFO - 	398	1092.601740950169	0	3.9336583614349365	25250.555384397507	1474	533	0	0
2025-02-15 19:00:36,438 - INFO - 	399	1092.006158765813	0	3.9392075538635254	25259.223680496216	1477	533	0	0
2025-02-15 19:00:44,674 - INFO - 	400	1091.999999999999	0	3.9441983699798584	25267.460003614426	1480	533	0	0
2025-02-15 19:00:53,145 - INFO - 
ya no tiene columnas con costo reducido negative
2025-02-15 19:00:53,146 - INFO - Set parameter OutputFlag to value 1
2025-02-15 19:00:53,146 - INFO - Set parameter LogFile to value "logs_new/salida_modelo_caminos_280_567_noLR.log"
2025-02-15 19:00:53,147 - INFO - Set parameter TimeLimit to value 7200
2025-02-15 19:00:53,147 - INFO - Gurobi Optimizer version 11.0.1 build v11.0.1rc0 (mac64[arm] - Darwin 24.3.0 24D60)
2025-02-15 19:00:53,148 - INFO - 
2025-02-15 19:00:53,148 - INFO - CPU model: Apple M2
2025-02-15 19:00:53,148 - INFO - Thread count: 8 physical cores, 8 logical processors, using up to 8 threads
2025-02-15 19:00:53,149 - INFO - 
2025-02-15 19:00:53,149 - INFO - Optimize a model with 533 rows, 1480 columns and 6032 nonzeros
2025-02-15 19:00:53,150 - INFO - Coefficient statistics:
2025-02-15 19:00:53,150 - INFO -   Matrix range     [1e+00, 1e+00]
2025-02-15 19:00:53,150 - INFO -   Objective range  [2e+00, 1e+10]
2025-02-15 19:00:53,151 - INFO -   Bounds range     [0e+00, 0e+00]
2025-02-15 19:00:53,151 - INFO -   RHS range        [1e+00, 2e+02]
2025-02-15 19:00:53,151 - INFO - Warning: Model contains large objective coefficients
2025-02-15 19:00:53,152 - INFO -          Consider reformulating model or setting NumericFocus parameter
2025-02-15 19:00:53,152 - INFO -          to avoid numerical issues.
2025-02-15 19:00:53,152 - INFO - 
2025-02-15 19:00:53,153 - INFO - Solved in 0 iterations and 0.00 seconds (0.00 work units)
2025-02-15 19:00:53,153 - INFO - Optimal objective  1.092000000e+03
2025-02-15 19:00:53,155 - INFO - Gurobi Optimizer version 11.0.1 build v11.0.1rc0 (mac64[arm] - Darwin 24.3.0 24D60)
2025-02-15 19:00:53,156 - INFO - 
2025-02-15 19:00:53,156 - INFO - CPU model: Apple M2
2025-02-15 19:00:53,156 - INFO - Thread count: 8 physical cores, 8 logical processors, using up to 8 threads
2025-02-15 19:00:53,157 - INFO - 
2025-02-15 19:00:53,157 - INFO - Optimize a model with 533 rows, 1480 columns and 6032 nonzeros
2025-02-15 19:00:53,157 - INFO - Model fingerprint: 0xbc5e743f
2025-02-15 19:00:53,158 - INFO - Variable types: 0 continuous, 1480 integer (1480 binary)
2025-02-15 19:00:53,158 - INFO - Coefficient statistics:
2025-02-15 19:00:53,158 - INFO -   Matrix range     [1e+00, 1e+00]
2025-02-15 19:00:53,158 - INFO -   Objective range  [2e+00, 1e+10]
2025-02-15 19:00:53,159 - INFO -   Bounds range     [0e+00, 0e+00]
2025-02-15 19:00:53,159 - INFO -   RHS range        [1e+00, 2e+02]
2025-02-15 19:00:53,159 - INFO - Warning: Model contains large objective coefficients
2025-02-15 19:00:53,159 - INFO -          Consider reformulating model or setting NumericFocus parameter
2025-02-15 19:00:53,160 - INFO -          to avoid numerical issues.
2025-02-15 19:00:53,161 - INFO - Found heuristic solution: objective 2.800000e+12
2025-02-15 19:00:53,170 - INFO - Presolve removed 250 rows and 0 columns
2025-02-15 19:00:53,170 - INFO - Presolve time: 0.01s
2025-02-15 19:00:53,170 - INFO - Presolved: 283 rows, 1480 columns, 5760 nonzeros
2025-02-15 19:00:53,172 - INFO - Variable types: 0 continuous, 1480 integer (1480 binary)
2025-02-15 19:00:53,173 - INFO - Found heuristic solution: objective 2.720000e+12
2025-02-15 19:00:53,210 - INFO - 
2025-02-15 19:00:53,210 - INFO - Root relaxation: objective 1.092000e+03, 1273 iterations, 0.04 seconds (0.06 work units)
2025-02-15 19:00:53,224 - INFO - 
2025-02-15 19:00:53,224 - INFO -     Nodes    |    Current Node    |     Objective Bounds      |     Work
2025-02-15 19:00:53,226 - INFO -  Expl Unexpl |  Obj  Depth IntInf | Incumbent    BestBd   Gap | It/Node Time
2025-02-15 19:00:53,226 - INFO - 
2025-02-15 19:00:53,227 - INFO -      0     0 1092.00000    0  237 2.7200e+12 1092.00000   100%     -    0s
2025-02-15 19:00:53,228 - INFO - H    0     0                    3.800000e+11 1092.00000   100%     -    0s
2025-02-15 19:00:53,230 - INFO - H    0     0                    2.800000e+11 1092.00000   100%     -    0s
2025-02-15 19:00:53,232 - INFO - H    0     0                    2.400000e+11 1092.00000   100%     -    0s
2025-02-15 19:00:53,234 - INFO - H    0     0                    2.000000e+11 1092.00000   100%     -    0s
2025-02-15 19:00:53,237 - INFO - H    0     0                    1.800000e+11 1092.00000   100%     -    0s
2025-02-15 19:00:53,288 - INFO - H    0     0                    1.700000e+11 1092.00000   100%     -    0s
2025-02-15 19:00:53,323 - INFO -      0     0 1092.33959    0  241 1.7000e+11 1092.33959   100%     -    0s
2025-02-15 19:00:53,395 - INFO - H    0     0                    1.300000e+11 1094.00000   100%     -    0s
2025-02-15 19:00:53,398 - INFO -      0     0 1094.00000    0  254 1.3000e+11 1094.00000   100%     -    0s
2025-02-15 19:00:53,404 - INFO - H    0     0                    9.000000e+10 1094.00000   100%     -    0s
2025-02-15 19:00:53,445 - INFO -      0     0 1094.43288    0  253 9.0000e+10 1094.43288   100%     -    0s
2025-02-15 19:00:53,498 - INFO -      0     0 1094.43288    0  238 9.0000e+10 1094.43288   100%     -    0s
2025-02-15 19:00:53,510 - INFO -      0     0 1094.43288    0  238 9.0000e+10 1094.43288   100%     -    0s
2025-02-15 19:00:53,569 - INFO -      0     2 1094.43288    0  238 9.0000e+10 1094.43288   100%     -    0s
2025-02-15 19:00:53,625 - INFO - H   34    40                    8.000000e+10 1095.47305   100%   102    0s
2025-02-15 19:00:53,684 - INFO - H   79    88                    7.000000e+10 1096.21780   100%  90.6    0s
2025-02-15 19:00:53,757 - INFO - H  121   127                    5.000000e+10 1096.21780   100%  83.3    0s
2025-02-15 19:00:54,160 - INFO - H  157   165                    4.000000e+10 1096.21780   100%  82.1    1s
2025-02-15 19:00:54,483 - INFO - H  240   249                    3.999999e+10 1096.21780   100%  76.4    1s
2025-02-15 19:00:54,483 - INFO - H  241   249                    3.000000e+10 1096.21780   100%  76.3    1s
2025-02-15 19:00:54,484 - INFO - H  242   249                    2.000000e+10 1096.21780   100%  76.5    1s
2025-02-15 19:00:55,140 - INFO - H 1289  1269                    2.000000e+10 1096.40280   100%  64.5    1s
2025-02-15 19:00:57,052 - INFO - H 1700  1491                    2.000000e+10 1096.40280   100%  65.2    3s
2025-02-15 19:00:57,110 - INFO - H 1738  1442                    2.000000e+10 1096.40280   100%  65.2    3s
2025-02-15 19:00:57,288 - INFO - H 1774  1404                    2.000000e+10 1096.40280   100%  65.4    4s
2025-02-15 19:00:58,406 - INFO -   2022  1577 2.4971e+09   52  219 2.0000e+10 1096.40280   100%  66.2    5s
2025-02-15 19:00:58,408 - INFO - H 2024  1496                    1.000000e+10 1096.40280   100%  66.1    5s
2025-02-15 19:01:03,594 - INFO -   6872  4345 5.7161e+09   65  201 1.0000e+10 1101.20549   100%  65.8   10s
2025-02-15 19:01:06,610 - INFO - H 9797  6625                    1.000000e+10 1102.58712   100%  63.7   13s
2025-02-15 19:01:08,290 - INFO -  12518  9261 1138.40942   24  242 1.0000e+10 1103.81268   100%  62.9   15s
2025-02-15 19:01:11,513 - INFO - H15767 11278                    1.000000e+10 1104.64072   100%  63.3   18s
2025-02-15 19:01:11,517 - INFO - H15771  6519                    1212.0000000 1104.64072  8.86%  63.3   18s
2025-02-15 19:01:13,168 - INFO -  19888  9748 1140.53498   31  241 1212.00000 1106.18963  8.73%  61.0   20s
2025-02-15 19:01:18,253 - INFO -  30119 15716 1116.93025   37  236 1212.00000 1108.38066  8.55%  58.9   25s
2025-02-15 19:01:23,230 - INFO -  37181 18036 1126.18607   42  231 1212.00000 1108.38066  8.55%  59.7   30s
2025-02-15 19:01:31,590 - INFO -  44396 19573 1113.51129   39  238 1212.00000 1108.38066  8.55%  60.7   38s
2025-02-15 19:01:33,214 - INFO -  44403 19578 1171.26757   45  260 1212.00000 1108.38066  8.55%  60.7   40s
2025-02-15 19:01:35,735 - INFO - H44590 18729                    1200.0000000 1108.38066  7.63%  60.9   42s
2025-02-15 19:01:38,176 - INFO -  46199 19408 1108.57478   40  226 1200.00000 1108.38066  7.63%  61.1   45s
2025-02-15 19:01:43,243 - INFO -  58616 23027 1132.50688   51  208 1200.00000 1108.38066  7.63%  60.4   50s
2025-02-15 19:01:48,329 - INFO -  73462 25983 1122.03920   45  239 1200.00000 1110.94453  7.42%  59.8   55s
2025-02-15 19:01:53,416 - INFO -  89397 28790     cutoff   58      1200.00000 1113.25724  7.23%  59.3   60s
2025-02-15 19:01:58,925 - INFO - H103741 30384                    1186.0000000 1114.91507  5.99%  59.0   65s
2025-02-15 19:02:03,197 - INFO -  116482 36442     cutoff   48      1186.00000 1116.26775  5.88%  58.8   70s
2025-02-15 19:02:06,193 - INFO - *126418 37747              54    1174.0000000 1117.05963  4.85%  58.6   73s
2025-02-15 19:02:08,174 - INFO -  131500 39914     cutoff   57      1174.00000 1117.58153  4.81%  58.5   75s
2025-02-15 19:02:13,441 - INFO -  149115 46445 1143.81228   45  244 1174.00000 1119.08210  4.68%  58.0   80s
2025-02-15 19:02:18,265 - INFO -  164022 51595 1170.02527   47  214 1174.00000 1120.20757  4.58%  57.7   85s
2025-02-15 19:02:18,515 - INFO - *165674 45715              57    1162.0000000 1120.31189  3.59%  57.6   85s
2025-02-15 19:02:23,307 - INFO -  181370 49621     cutoff   51      1162.00000 1121.43458  3.49%  57.1   90s
2025-02-15 19:02:28,376 - INFO -  199803 53827 1133.94812   51  235 1162.00000 1122.57357  3.39%  56.6   95s
2025-02-15 19:02:33,251 - INFO -  217638 57657     cutoff   52      1162.00000 1123.55414  3.31%  56.2  100s
2025-02-15 19:02:38,183 - INFO -  235914 61260 1151.27869   54  186 1162.00000 1124.50883  3.23%  55.8  105s
2025-02-15 19:02:43,267 - INFO -  250738 64052 1143.35731   51  218 1162.00000 1125.20310  3.17%  55.5  110s
2025-02-15 19:02:48,244 - INFO -  269617 67468 1137.60677   46  229 1162.00000 1126.06540  3.09%  55.1  115s
2025-02-15 19:02:53,322 - INFO -  289006 70497     cutoff   51      1162.00000 1126.86706  3.02%  54.8  120s
2025-02-15 19:02:58,227 - INFO -  306804 73197 1130.68649   39  252 1162.00000 1127.56455  2.96%  54.5  125s
2025-02-15 19:03:03,236 - INFO -  324687 75641     cutoff   48      1162.00000 1128.20942  2.91%  54.2  130s
2025-02-15 19:03:08,472 - INFO -  342775 78051     cutoff   51      1162.00000 1128.85676  2.85%  54.0  135s
2025-02-15 19:03:13,304 - INFO -  359515 80161 1141.05093   48  234 1162.00000 1129.44034  2.80%  53.8  140s
2025-02-15 19:03:18,175 - INFO -  374699 82033 1141.44173   46  225 1162.00000 1129.96359  2.76%  53.8  145s
2025-02-15 19:03:18,506 - INFO - *375890 80018              54    1160.0000000 1129.99032  2.59%  53.7  145s
2025-02-15 19:03:23,337 - INFO -  390578 81205 1138.34547   52  215 1160.00000 1130.49021  2.54%  53.7  150s
2025-02-15 19:03:28,444 - INFO -  408693 82728     cutoff   56      1160.00000 1131.06651  2.49%  53.5  155s
2025-02-15 19:03:33,361 - INFO -  427758 84104 1150.82997   50  230 1160.00000 1131.65318  2.44%  53.3  160s
2025-02-15 19:03:38,448 - INFO -  447554 85365     cutoff   56      1160.00000 1132.27657  2.39%  53.1  165s
2025-02-15 19:03:43,236 - INFO -  466608 86227 1147.46520   55  228 1160.00000 1132.87595  2.34%  52.8  170s
2025-02-15 19:03:48,362 - INFO -  485162 86753     cutoff   55      1160.00000 1133.44129  2.29%  52.7  175s
2025-02-15 19:03:53,338 - INFO -  504800 87212 1150.90814   51  241 1160.00000 1134.00973  2.24%  52.5  180s
2025-02-15 19:03:58,435 - INFO -  522240 87333 1154.58886   49  214 1160.00000 1134.50367  2.20%  52.3  185s
2025-02-15 19:04:03,430 - INFO -  541789 87349 1147.43128   53  238 1160.00000 1135.05478  2.15%  52.2  190s
2025-02-15 19:04:08,245 - INFO -  559954 87279     cutoff   48      1160.00000 1135.56125  2.11%  52.0  195s
2025-02-15 19:04:13,261 - INFO -  580250 86872 1145.59831   56  243 1160.00000 1136.13674  2.06%  51.8  200s
2025-02-15 19:04:18,437 - INFO -  600894 86198 1156.31020   51  217 1160.00000 1136.70408  2.01%  51.7  205s
2025-02-15 19:04:23,388 - INFO -  619434 85610 infeasible   69      1160.00000 1137.18265  1.97%  51.5  210s
2025-02-15 19:04:28,202 - INFO -  639122 84603     cutoff   56      1160.00000 1137.73138  1.92%  51.4  215s
2025-02-15 19:04:33,244 - INFO -  659655 83396 1150.48955   54  232 1160.00000 1138.29610  1.87%  51.2  220s
2025-02-15 19:04:38,380 - INFO -  676703 82071     cutoff   53      1160.00000 1138.77280  1.83%  51.1  225s
2025-02-15 19:04:43,365 - INFO -  695491 80557 1147.74129   53  239 1160.00000 1139.30238  1.78%  50.9  230s
2025-02-15 19:04:48,238 - INFO -  712201 79001     cutoff   48      1160.00000 1139.76628  1.74%  50.8  235s
2025-02-15 19:04:53,297 - INFO -  733078 76797 1152.18747   48  230 1160.00000 1140.35198  1.69%  50.7  240s
2025-02-15 19:04:58,301 - INFO -  753787 74196 1151.25424   51  221 1160.00000 1140.95555  1.64%  50.5  245s
2025-02-15 19:05:03,174 - INFO -  772086 71637 1154.06412   57  238 1160.00000 1141.48677  1.60%  50.4  250s
2025-02-15 19:05:08,204 - INFO -  792992 68501     cutoff   58      1160.00000 1142.12490  1.54%  50.2  255s
2025-02-15 19:05:13,161 - INFO -  813666 64811     cutoff   52      1160.00000 1142.79642  1.48%  50.1  260s
2025-02-15 19:05:18,404 - INFO -  835530 60462 1152.03165   53  229 1160.00000 1143.53587  1.42%  50.0  265s
2025-02-15 19:05:23,219 - INFO -  853025 56564 1152.06234   49  220 1160.00000 1144.16423  1.37%  49.8  270s
2025-02-15 19:05:26,597 - INFO - *866143 50352              57    1158.0000000 1144.68388  1.15%  49.7  273s
2025-02-15 19:05:28,168 - INFO -  871532 48161     cutoff   46      1158.00000 1144.93679  1.13%  49.7  275s
2025-02-15 19:05:33,290 - INFO -  894096 40030 1153.54071   48  240 1158.00000 1146.13514  1.02%  49.5  280s
2025-02-15 19:05:38,259 - INFO -  917190 30250 1151.46434   48  236 1158.00000 1147.64966  0.89%  49.2  285s
2025-02-15 19:05:43,272 - INFO -  937077 18949 1151.41555   53  241 1158.00000 1149.72380  0.71%  49.0  290s
2025-02-15 19:05:47,762 - INFO - 
2025-02-15 19:05:47,762 - INFO - Cutting planes:
2025-02-15 19:05:47,763 - INFO -   Gomory: 4
2025-02-15 19:05:47,763 - INFO -   Clique: 6
2025-02-15 19:05:47,764 - INFO -   Flow cover: 1
2025-02-15 19:05:47,764 - INFO -   Inf proof: 1
2025-02-15 19:05:47,765 - INFO -   Zero half: 9
2025-02-15 19:05:47,766 - INFO - 
2025-02-15 19:05:47,767 - INFO - Explored 962574 nodes (46645299 simplex iterations) in 294.61 seconds (709.54 work units)
2025-02-15 19:05:47,767 - INFO - Thread count was 8 (of 8 available processors)
2025-02-15 19:05:47,768 - INFO - 
2025-02-15 19:05:47,768 - INFO - Solution count 10: 1158 1160 1162 ... 1e+10
2025-02-15 19:05:47,768 - INFO - 
2025-02-15 19:05:47,769 - INFO - Optimal solution found (tolerance 1.00e-04)
2025-02-15 19:05:47,770 - INFO - Best objective 1.158000000000e+03, best bound 1.158000000000e+03, gap 0.0000%
