2025-02-08 14:19:59,731 - INFO - 	count	z_opt	time_spp	time_lp	time_total	ncols	nrows	time_spp_low_res	n_cols_low_res
2025-02-08 14:20:03,754 - INFO - 	1	2720000000007.0	0	0.00015997886657714844	4.023053169250488	283	533	3.912773609161377	3
2025-02-08 14:20:07,679 - INFO - 	2	2640000000021.0	0	0.0004930496215820312	7.947831392288208	286	533	7.72454571723938	6
2025-02-08 14:20:11,592 - INFO - 	3	2640000000021.0	0	0.0007631778717041016	11.860500574111938	289	533	11.525172710418701	9
2025-02-08 14:20:15,544 - INFO - 	4	2580000000026.0	0	0.0010349750518798828	15.812689542770386	292	533	15.365418672561646	12
2025-02-08 14:20:19,492 - INFO - 	5	2580000000026.0	0	0.0013041496276855469	19.760559558868408	295	533	19.201138734817505	15
2025-02-08 14:20:23,444 - INFO - 	6	2460000000037.0	0	0.0014672279357910156	23.712737798690796	298	533	23.04129195213318	18
2025-02-08 14:20:27,309 - INFO - 	7	2460000000037.0	0	0.0017354488372802734	27.577608108520508	301	533	26.79417324066162	21
2025-02-08 14:20:31,060 - INFO - 	8	2460000000037.0	0	0.0020084381103515625	31.328155040740967	304	533	30.433244943618774	24
2025-02-08 14:20:34,800 - INFO - 	9	2455000000039.0	0	0.0023403167724609375	35.06799793243408	307	533	34.0609917640686	27
2025-02-08 14:20:38,702 - INFO - 	10	2455000000039.0	0	0.002655506134033203	38.96991181373596	310	533	37.85127282142639	30
2025-02-08 14:20:42,793 - INFO - 	11	2400000000044.0	0	0.0029473304748535156	43.06080079078674	313	533	41.830317735672	33
2025-02-08 14:20:46,844 - INFO - 	12	2340000000057.0	0	0.003233671188354492	47.11242985725403	316	533	45.746702909469604	36
2025-02-08 14:20:50,871 - INFO - 	13	2330000000067.0	0	0.0035436153411865234	51.138964891433716	319	533	49.66136431694031	39
2025-02-08 14:20:54,934 - INFO - 	14	2280000000067.0	0	0.003875732421875	55.2020058631897	322	533	53.61255502700806	42
2025-02-08 14:20:58,594 - INFO - 	15	2260000000069.5	0	0.004197835922241211	58.861501932144165	325	533	57.16002535820007	45
2025-02-08 14:21:02,269 - INFO - 	16	2260000000069.5	0	0.00451207160949707	62.53618264198303	328	533	60.723143577575684	48
2025-02-08 14:21:06,098 - INFO - 	17	2180000000093.0	0	0.004839181900024414	66.36573362350464	331	533	64.44111728668213	51
2025-02-08 14:21:09,820 - INFO - 	18	2180000000093.0	0	0.005176067352294922	70.08724856376648	334	533	68.05086946487427	54
2025-02-08 14:21:13,461 - INFO - 	19	2180000000084.6667	0	0.0057070255279541016	73.72815656661987	337	533	71.57942128181458	57
2025-02-08 14:21:17,181 - INFO - 	20	2180000000084.0	0	0.006103992462158203	77.44807863235474	340	533	75.18758630752563	60
2025-02-08 14:21:20,915 - INFO - 	21	2130000000096.0	0	0.006436824798583984	81.18242263793945	343	533	78.81043410301208	63
2025-02-08 14:21:24,453 - INFO - 	22	2090000000096.0	0	0.006768941879272461	84.72004795074463	346	533	82.23665833473206	66
2025-02-08 14:21:28,128 - INFO - 	23	2083333333429.3328	0	0.007111787796020508	88.39505696296692	349	533	85.7997145652771	69
2025-02-08 14:21:31,927 - INFO - 	24	2060000000101.75	0	0.007516622543334961	92.19381093978882	352	533	89.48664355278015	72
2025-02-08 14:21:35,490 - INFO - 	25	2060000000101.75	0	0.007979631423950195	95.75683093070984	355	533	92.93770933151245	75
2025-02-08 14:21:39,151 - INFO - 	26	2060000000101.75	0	0.008329629898071289	99.41767191886902	358	533	96.48670816421509	78
2025-02-08 14:21:42,798 - INFO - 	27	2060000000101.75	0	0.008841753005981445	103.06445789337158	361	533	100.02173638343811	81
2025-02-08 14:21:46,490 - INFO - 	28	2040000000105.25	0	0.009250879287719727	106.75586771965027	364	533	103.6014051437378	84
2025-02-08 14:21:50,270 - INFO - 	29	2030000000107.4165	0	0.009824037551879883	110.53605675697327	367	533	107.26987028121948	87
2025-02-08 14:21:53,941 - INFO - 	30	2030000000107.1816	0	0.010491132736206055	114.20706486701965	370	533	110.82913494110107	90
2025-02-08 14:21:57,653 - INFO - 	31	2030000000107.0625	0	0.010988235473632812	117.91942691802979	373	533	114.4298746585846	93
2025-02-08 14:22:01,364 - INFO - 	32	2000000000118.0	0	0.011409521102905273	121.62979912757874	376	533	118.02864456176758	96
2025-02-08 14:22:05,099 - INFO - 	33	1990000000116.9995	0	0.012052536010742188	125.36518836021423	379	533	121.65195918083191	99
2025-02-08 14:22:08,596 - INFO - 	34	1965000000122.5	0	0.012667417526245117	128.8621482849121	382	533	125.03700399398804	102
2025-02-08 14:22:12,269 - INFO - 	35	1965000000122.5	0	0.013316631317138672	132.5342230796814	385	533	128.59725308418274	105
2025-02-08 14:22:15,846 - INFO - 	36	1960000000125.5	0	0.014014720916748047	136.11105132102966	388	533	132.06228613853455	108
2025-02-08 14:22:19,481 - INFO - 	37	1960000000125.5	0	0.014209747314453125	139.74625039100647	391	533	135.58596301078796	111
2025-02-08 14:22:23,108 - INFO - 	38	1934285714422.9995	0	0.014849662780761719	143.37321734428406	394	533	139.1010537147522	114
2025-02-08 14:22:26,551 - INFO - 	39	1926666666807.666	0	0.01587080955505371	146.81598019599915	397	533	142.4313895702362	117
2025-02-08 14:22:30,137 - INFO - 	40	1885555555706.5557	0	0.016913890838623047	150.40173625946045	400	533	145.90521001815796	120
2025-02-08 14:22:33,814 - INFO - 	41	1870714285867.286	0	0.0178530216217041	154.07879614830017	403	533	149.46972346305847	123
2025-02-08 14:22:37,302 - INFO - 	42	1862857143013.4287	0	0.018961191177368164	157.5669651031494	406	533	152.84609818458557	126
2025-02-08 14:22:40,865 - INFO - 	43	1837142857312.5715	0	0.01997828483581543	161.13029599189758	409	533	156.2974410057068	129
2025-02-08 14:22:45,371 - INFO - 	44	1800000000178.0	0	0.020615100860595703	165.6357560157776	412	533	160.690514087677	132
2025-02-08 14:22:49,013 - INFO - 	45	1794166666843.0002	0	0.021748065948486328	169.27705192565918	415	533	164.2066683769226	135
2025-02-08 14:22:52,521 - INFO - 	46	1780952381129.2383	0	0.022627830505371094	172.7848401069641	418	533	167.59940385818481	138
2025-02-08 14:22:55,901 - INFO - 	47	1779729729905.0806	0	0.02318572998046875	176.16462016105652	421	533	170.8635540008545	141
2025-02-08 14:22:59,503 - INFO - 	48	1768709677594.807	0	0.024166584014892578	179.76657700538635	424	533	174.35092067718506	144
2025-02-08 14:23:02,867 - INFO - 	49	1750000000184.375	0	0.024953365325927734	183.13068795204163	427	533	177.60003638267517	147
2025-02-08 14:23:06,287 - INFO - 	50	1730000000189.2104	0	0.025742530822753906	186.5500841140747	430	533	180.90539240837097	150
2025-02-08 14:23:09,742 - INFO - 	51	1725000000196.0	0	0.02629256248474121	190.0056450366974	433	533	184.24575757980347	153
2025-02-08 14:23:13,205 - INFO - 	52	1725000000196.0	0	0.026877641677856445	193.46785497665405	436	533	187.5947880744934	156
2025-02-08 14:23:16,848 - INFO - 	53	1707500000208.0	0	0.0273284912109375	197.11088109016418	439	533	191.12299227714539	159
2025-02-08 14:23:20,419 - INFO - 	54	1685000000209.0	0	0.027759790420532227	200.68194913864136	442	533	194.5793912410736	162
2025-02-08 14:23:23,904 - INFO - 	55	1685000000209.0	0	0.0280148983001709	204.16640496253967	445	533	197.9495325088501	165
2025-02-08 14:23:27,362 - INFO - 	56	1685000000209.0	0	0.028245925903320312	207.6251609325409	448	533	201.2940695285797	168
2025-02-08 14:23:30,836 - INFO - 	57	1685000000209.0	0	0.028953075408935547	211.09891295433044	451	533	204.65241765975952	171
2025-02-08 14:23:34,360 - INFO - 	58	1665714285923.2854	0	0.029765844345092773	214.62306308746338	454	533	208.0614037513733	174
2025-02-08 14:23:37,746 - INFO - 	59	1664166666875.0005	0	0.030620813369750977	218.0085530281067	457	533	211.33290195465088	177
2025-02-08 14:23:41,118 - INFO - 	60	1655000000214.1663	0	0.03133988380432129	221.38004612922668	460	533	214.58942866325378	180
2025-02-08 14:23:44,532 - INFO - 	61	1655000000212.4998	0	0.03184080123901367	224.7945761680603	463	533	217.89022302627563	183
2025-02-08 14:23:47,956 - INFO - 	62	1646666666882.8335	0	0.03259396553039551	228.21768712997437	466	533	221.19861602783203	186
2025-02-08 14:23:51,380 - INFO - 	63	1608333333556.3337	0	0.03308701515197754	231.64167594909668	469	533	224.5086534023285	189
2025-02-08 14:23:54,738 - INFO - 	64	1592000000228.2	0	0.03396415710449219	234.99965977668762	472	533	227.75186848640442	192
2025-02-08 14:23:58,078 - INFO - 	65	1556470588476.7046	0	0.03524589538574219	238.34010553359985	475	533	230.97732663154602	195
2025-02-08 14:24:01,408 - INFO - 	66	1556470588476.7046	0	0.036003828048706055	241.66937518119812	478	533	234.19236660003662	198
2025-02-08 14:24:04,679 - INFO - 	67	1556470588476.7046	0	0.037114858627319336	244.9406123161316	481	533	237.3498570919037	201
2025-02-08 14:24:08,023 - INFO - 	68	1547243346252.7712	0	0.03867292404174805	248.28496026992798	484	533	240.57921600341797	204
2025-02-08 14:24:11,419 - INFO - 	69	1544797297543.6084	0	0.04019570350646973	251.6803650856018	487	533	243.86023879051208	207
2025-02-08 14:24:14,570 - INFO - 	70	1517405405659.8083	0	0.04189348220825195	254.83131742477417	490	533	246.89625072479248	210
2025-02-08 14:24:17,770 - INFO - 	71	1497500000260.6072	0	0.04424238204956055	258.03163743019104	493	533	249.9803318977356	213
2025-02-08 14:24:20,958 - INFO - 	72	1469285714550.8572	0	0.0460355281829834	261.2186346054077	496	533	253.05153703689575	216
2025-02-08 14:24:24,243 - INFO - 	73	1457636363906.1633	0	0.04794454574584961	264.50447964668274	499	533	256.22279810905457	219
2025-02-08 14:24:27,555 - INFO - 	74	1410000000289.0	0	0.04873037338256836	267.81600046157837	502	533	259.42023730278015	222
2025-02-08 14:24:31,061 - INFO - 	75	1410000000289.0	0	0.05098772048950195	271.32227778434753	505	533	262.8077619075775	225
2025-02-08 14:24:34,492 - INFO - 	76	1395000000289.5	0	0.052925825119018555	274.7524836063385	508	533	266.1227638721466	228
2025-02-08 14:24:37,592 - INFO - 	77	1395000000289.5	0	0.05395984649658203	277.8525445461273	511	533	269.1088342666626	231
2025-02-08 14:24:40,649 - INFO - 	78	1395000000289.5	0	0.05479884147644043	280.90981459617615	514	533	272.04881715774536	234
2025-02-08 14:24:43,901 - INFO - 	79	1395000000289.5	0	0.056497812271118164	284.1611433029175	517	533	275.18456530570984	237
2025-02-08 14:24:47,110 - INFO - 	80	1395000000289.5	0	0.05710172653198242	287.37005615234375	520	533	278.2794895172119	240
2025-02-08 14:24:50,379 - INFO - 	81	1388750000285.875	0	0.05801868438720703	290.63909697532654	523	533	281.43496894836426	243
2025-02-08 14:24:53,553 - INFO - 	82	1372222222517.0007	0	0.05994462966918945	293.8126678466797	526	533	284.4932041168213	246
2025-02-08 14:24:56,756 - INFO - 	83	1360000000295.5	0	0.06092548370361328	297.0156886577606	529	533	287.58184790611267	249
2025-02-08 14:25:00,093 - INFO - 	84	1360000000295.5	0	0.06320929527282715	300.35288667678833	532	533	290.8038239479065	252
2025-02-08 14:25:03,393 - INFO - 	85	1360000000295.5	0	0.06501531600952148	303.65260553359985	535	533	293.9892621040344	255
2025-02-08 14:25:06,595 - INFO - 	86	1341578947678.1313	0	0.06707024574279785	306.85505843162537	538	533	297.0772886276245	258
2025-02-08 14:25:09,849 - INFO - 	87	1329200000318.74	0	0.06870722770690918	310.10816073417664	541	533	300.21506524086	261
2025-02-08 14:25:13,039 - INFO - 	88	1300000000332.0	0	0.07065820693969727	313.29805064201355	544	533	303.2893488407135	264
2025-02-08 14:25:16,393 - INFO - 	89	1300000000332.0	0	0.07419443130493164	316.6521255970001	547	533	306.52676606178284	267
2025-02-08 14:25:19,646 - INFO - 	90	1285000000334.5	0	0.07567429542541504	319.9048795700073	550	533	309.6656382083893	270
2025-02-08 14:25:23,047 - INFO - 	91	1256666667008.333	0	0.07902121543884277	323.30598855018616	553	533	312.9496693611145	273
2025-02-08 14:25:26,504 - INFO - 	92	1255000000342.3333	0	0.0803382396697998	326.7627956867218	556	533	316.2912471294403	276
2025-02-08 14:25:29,813 - INFO - 	93	1246666667010.9995	0	0.08156704902648926	330.07208776474	559	533	319.4855000972748	279
2025-02-08 14:25:33,046 - INFO - 	94	1246666667010.9995	0	0.08244991302490234	333.30453872680664	562	533	322.6034276485443	282
2025-02-08 14:25:36,306 - INFO - 	95	1246666667010.9995	0	0.08365797996520996	336.5645327568054	565	533	325.74882650375366	285
2025-02-08 14:25:39,478 - INFO - 	96	1228210526666.1995	0	0.08581709861755371	339.7363758087158	568	533	328.80543279647827	288
2025-02-08 14:25:42,644 - INFO - 	97	1225125000352.175	0	0.08863329887390137	342.90203881263733	571	533	331.8551256656647	291
2025-02-08 14:25:45,752 - INFO - 	98	1217278350875.0103	0	0.09057021141052246	346.0107889175415	574	533	334.8467044830322	294
2025-02-08 14:25:49,002 - INFO - 	99	1201185095051.0688	0	0.09208106994628906	349.2604477405548	577	533	337.98160433769226	297
2025-02-08 14:25:51,981 - INFO - 	100	1182352231978.2344	0	0.0986032485961914	352.2389705181122	580	533	340.84019327163696	300
2025-02-08 14:25:55,070 - INFO - 	101	1162685185568.7866	0	0.10271906852722168	355.32817816734314	583	533	343.8114969730377	303
2025-02-08 14:25:58,151 - INFO - 	102	1133082707163.4958	0	0.10571026802062988	358.4090359210968	586	533	346.7754728794098	306
2025-02-08 14:26:01,230 - INFO - 	103	1124400000397.8801	0	0.10925030708312988	361.48845314979553	589	533	349.73802185058594	309
2025-02-08 14:26:04,466 - INFO - 	104	1109486301771.8315	0	0.11221837997436523	364.72396993637085	592	533	352.8568880558014	312
2025-02-08 14:26:07,541 - INFO - 	105	1102492492899.2402	0	0.11650943756103516	367.7985646724701	595	533	355.8136193752289	315
2025-02-08 14:26:10,742 - INFO - 	106	1089198113614.8866	0	0.12038040161132812	370.9996898174286	598	533	358.8962104320526	318
2025-02-08 14:26:13,748 - INFO - 	107	1079355888506.7374	0	0.12502503395080566	374.00521063804626	601	533	361.7846944332123	321
2025-02-08 14:26:16,777 - INFO - 	108	1070255319565.7319	0	0.1284019947052002	377.0343997478485	604	533	364.6969094276428	324
2025-02-08 14:26:19,828 - INFO - 	109	1066592593012.4406	0	0.13207006454467773	380.0852119922638	607	533	367.6316285133362	327
2025-02-08 14:26:22,866 - INFO - 	110	1062820144309.4336	0	0.13536405563354492	383.1234347820282	610	533	370.55379843711853	330
2025-02-08 14:26:25,925 - INFO - 	111	1041553515547.1271	0	0.13792681694030762	386.1825318336487	613	533	373.4968147277832	333
2025-02-08 14:26:29,036 - INFO - 	112	1007500000445.7628	0	0.14135169982910156	389.29282212257385	616	533	376.4914095401764	336
2025-02-08 14:26:32,250 - INFO - 	113	1000000000446.75	0	0.1432209014892578	392.5072512626648	619	533	379.5907244682312	339
2025-02-08 14:26:35,486 - INFO - 	114	992016807170.6011	0	0.14540600776672363	395.7425353527069	622	533	382.71068239212036	342
2025-02-08 14:26:38,608 - INFO - 	115	989336510714.8816	0	0.15090012550354004	398.86500430107117	625	533	385.7140965461731	345
2025-02-08 14:26:41,724 - INFO - 	116	989302949513.1182	0	0.15456795692443848	401.98083329200745	628	533	388.713862657547	348
2025-02-08 14:26:44,779 - INFO - 	117	979042612514.5612	0	0.1595170497894287	405.0359592437744	631	533	391.6517639160156	351
2025-02-08 14:26:47,783 - INFO - 	118	977934745923.565	0	0.16432905197143555	408.0395562648773	634	533	394.53697395324707	354
2025-02-08 14:26:50,848 - INFO - 	119	977934745923.5648	0	0.16853904724121094	411.1037721633911	637	533	397.48360657691956	357
2025-02-08 14:26:53,821 - INFO - 	120	949480182397.8579	0	0.17249107360839844	414.077570438385	640	533	400.33979654312134	360
2025-02-08 14:26:56,933 - INFO - 	121	939646359009.0457	0	0.1783130168914795	417.18863439559937	643	533	403.332008600235	363
2025-02-08 14:26:59,971 - INFO - 	122	935445829806.7101	0	0.1816861629486084	420.22656536102295	646	533	406.2542588710785	366
2025-02-08 14:27:02,928 - INFO - 	123	931068287025.502	0	0.18565130233764648	423.18387842178345	649	533	409.0958731174469	369
2025-02-08 14:27:05,902 - INFO - 	124	920436847582.9467	0	0.18738222122192383	426.15782952308655	652	533	411.9562499523163	372
2025-02-08 14:27:08,971 - INFO - 	125	910965352666.1786	0	0.18907737731933594	429.2262635231018	655	533	414.9112648963928	375
2025-02-08 14:27:12,050 - INFO - 	126	903152311685.0378	0	0.1970963478088379	432.3056182861328	658	533	417.87065410614014	378
2025-02-08 14:27:15,735 - INFO - 	127	901271341958.859	0	0.2031092643737793	435.99028301239014	661	533	421.4096870422363	381
2025-02-08 14:27:18,747 - INFO - 	128	896987435886.6678	0	0.20841526985168457	439.00237798690796	664	533	424.30512619018555	384
2025-02-08 14:27:21,730 - INFO - 	129	892158439076.9658	0	0.21352839469909668	441.98463201522827	667	533	427.1712670326233	387
2025-02-08 14:27:24,755 - INFO - 	130	891411358173.2317	0	0.21995019912719727	445.0097408294678	670	533	430.07925271987915	390
2025-02-08 14:27:27,728 - INFO - 	131	887506221392.9097	0	0.22655415534973145	447.9823088645935	673	533	432.9343149662018	393
2025-02-08 14:27:30,734 - INFO - 	132	884204941236.4792	0	0.23235821723937988	450.9875979423523	676	533	435.8229763507843	396
2025-02-08 14:27:35,137 - INFO - 	133	879983539059.9708	0	0.23681926727294922	455.39034485816956	679	533	439.6348295211792	399
2025-02-08 14:27:38,748 - INFO - 	134	876545747471.866	0	0.240997314453125	459.0010597705841	682	533	443.13036584854126	402
2025-02-08 14:27:43,313 - INFO - 	135	873061073003.0828	0	0.24852943420410156	463.56513595581055	685	533	447.57594084739685	405
2025-02-08 14:27:46,484 - INFO - 	136	868078635926.9197	0	0.25229740142822266	466.73595905303955	688	533	450.6250274181366	408
2025-02-08 14:27:49,457 - INFO - 	137	866294004172.7631	0	0.25762343406677246	469.70820903778076	691	533	453.4664375782013	411
2025-02-08 14:27:52,314 - INFO - 	138	854541702058.9124	0	0.26445460319519043	472.56567096710205	694	533	456.20021963119507	414
2025-02-08 14:27:55,430 - INFO - 	139	846697681829.4633	0	0.26703882217407227	475.68091082572937	697	533	459.20208168029785	417
2025-02-08 14:27:58,469 - INFO - 	140	844554709168.1206	0	0.274432897567749	478.72022104263306	700	533	462.12263894081116	420
2025-02-08 14:28:01,470 - INFO - 	141	840952763755.7572	0	0.27788615226745605	481.7188391685486	703	533	465.0039119720459	423
2025-02-08 14:28:04,273 - INFO - 	142	816834310939.8146	0	0.2830789089202881	484.52159118652344	706	533	467.68997073173523	426
2025-02-08 14:28:07,427 - INFO - 	143	812184356938.4595	0	0.2930939197540283	487.6752619743347	709	533	470.7220935821533	429
2025-02-08 14:28:10,623 - INFO - 	144	807799085957.3334	0	0.2984137535095215	490.8710677623749	712	533	473.80158281326294	432
2025-02-08 14:28:13,501 - INFO - 	145	798821898359.2281	0	0.30933666229248047	493.7490837574005	715	533	476.5531418323517	435
2025-02-08 14:28:16,394 - INFO - 	146	777726916593.9873	0	0.3121345043182373	496.6421437263489	718	533	479.3327491283417	438
2025-02-08 14:28:19,201 - INFO - 	147	763532858165.2649	0	0.3196535110473633	499.4491467475891	721	533	482.0211579799652	441
2025-02-08 14:28:22,147 - INFO - 	148	758412515057.0717	0	0.3283226490020752	502.3943738937378	724	533	484.84720945358276	444
2025-02-08 14:28:25,075 - INFO - 	149	746851228315.5228	0	0.3326406478881836	505.32237482070923	727	533	487.6604356765747	447
2025-02-08 14:28:28,477 - INFO - 	150	733002636335.6022	0	0.34307861328125	508.72497510910034	730	533	490.9417996406555	450
2025-02-08 14:28:31,507 - INFO - 	151	731290094739.135	0	0.34569358825683594	511.75423216819763	733	533	493.83971071243286	453
2025-02-08 14:28:34,781 - INFO - 	152	726812390921.042	0	0.3545246124267578	515.0282270908356	736	533	496.9930214881897	456
2025-02-08 14:28:37,844 - INFO - 	153	726812390921.042	0	0.35869550704956055	518.0907080173492	739	533	499.9395787715912	459
2025-02-08 14:28:40,916 - INFO - 	154	714019296983.598	0	0.3645637035369873	521.1632981300354	742	533	502.8882186412811	462
2025-02-08 14:28:44,179 - INFO - 	155	697709286654.8693	0	0.3721797466278076	524.4262080192566	745	533	506.03162384033203	465
2025-02-08 14:28:47,229 - INFO - 	156	686005150500.2814	0	0.37726569175720215	527.4759039878845	748	533	508.961590051651	468
2025-02-08 14:28:50,199 - INFO - 	157	663079239226.3224	0	0.3838827610015869	530.4456980228424	751	533	511.81312322616577	471
2025-02-08 14:28:53,302 - INFO - 	158	648847103600.1914	0	0.3871316909790039	533.5480041503906	754	533	514.8014023303986	474
2025-02-08 14:28:56,429 - INFO - 	159	629785091590.914	0	0.3957197666168213	536.6755199432373	757	533	517.8061378002167	477
2025-02-08 14:28:59,591 - INFO - 	160	616469776990.0161	0	0.4088478088378906	539.8370480537415	760	533	520.8426916599274	480
2025-02-08 14:29:02,497 - INFO - 	161	613169651592.2054	0	0.41473388671875	542.7431452274323	763	533	523.6222984790802	483
2025-02-08 14:29:06,268 - INFO - 	162	606562500649.0803	0	0.42513179779052734	546.5133721828461	766	533	527.2650310993195	486
2025-02-08 14:29:09,500 - INFO - 	163	601840917780.8076	0	0.4401698112487793	549.7458658218384	769	533	530.359513759613	489
2025-02-08 14:29:12,725 - INFO - 	164	595818912641.969	0	0.4483768939971924	552.9696459770203	772	533	533.4627907276154	492
2025-02-08 14:29:15,973 - INFO - 	165	592710692375.9727	0	0.46238017082214355	556.2183170318604	775	533	536.5859649181366	495
2025-02-08 14:29:19,181 - INFO - 	166	590578255002.6577	0	0.4676392078399658	559.4261891841888	778	533	539.6710300445557	498
2025-02-08 14:29:22,113 - INFO - 	167	588519363876.4719	0	0.47692298889160156	562.3575961589813	781	533	542.4811532497406	501
2025-02-08 14:29:24,966 - INFO - 	168	585003196451.5603	0	0.48641276359558105	565.2101230621338	784	533	545.212653875351	504
2025-02-08 14:29:28,378 - INFO - 	169	580483288512.2096	0	0.4990956783294678	568.6216230392456	787	533	548.4990553855896	507
2025-02-08 14:29:31,204 - INFO - 	170	569983782595.1127	0	0.5135586261749268	571.4468750953674	790	533	551.1930899620056	510
2025-02-08 14:29:34,512 - INFO - 	171	562342472905.9781	0	0.5250866413116455	574.7545802593231	793	533	554.3770596981049	513
2025-02-08 14:29:37,569 - INFO - 	172	553818395578.3441	0	0.5378656387329102	577.8121683597565	796	533	557.3109786510468	516
2025-02-08 14:29:40,188 - INFO - 	173	546713988348.2581	0	0.5444707870483398	580.4305934906006	799	533	559.8110234737396	519
2025-02-08 14:29:43,104 - INFO - 	174	540042893945.7214	0	0.5540666580200195	583.3464975357056	802	533	562.6051006317139	522
2025-02-08 14:29:45,942 - INFO - 	175	538008270252.57935	0	0.5616176128387451	586.1839556694031	805	533	565.3240442276001	525
2025-02-08 14:29:48,662 - INFO - 	176	529754947659.48175	0	0.5725016593933105	588.904182434082	808	533	567.9228184223175	528
2025-02-08 14:29:51,446 - INFO - 	177	526508545220.1315	0	0.583549976348877	591.6878354549408	811	533	570.5844523906708	531
2025-02-08 14:29:54,058 - INFO - 	178	521613275692.37726	0	0.5948739051818848	594.3001663684845	814	533	573.0748524665833	534
2025-02-08 14:29:56,742 - INFO - 	179	520794422433.57275	0	0.6058130264282227	596.9836773872375	817	533	575.6364893913269	537
2025-02-08 14:29:59,432 - INFO - 	180	512883907552.55615	0	0.6171050071716309	599.6734561920166	820	533	578.2041184902191	540
2025-02-08 14:30:02,057 - INFO - 	181	501260773177.2389	0	0.6305510997772217	602.298287153244	823	533	580.7047765254974	543
2025-02-08 14:30:04,789 - INFO - 	182	499260182327.12897	0	0.639664888381958	605.0301322937012	826	533	583.3143837451935	546
2025-02-08 14:30:07,430 - INFO - 	183	488935104105.848	0	0.6570079326629639	607.6713871955872	829	533	585.8277957439423	549
2025-02-08 14:30:10,011 - INFO - 	184	484936090471.43353	0	0.6831858158111572	610.2518281936646	832	533	588.2710719108582	552
2025-02-08 14:30:12,834 - INFO - 	185	476362338153.9973	0	0.6964128017425537	613.0746853351593	835	533	590.9693758487701	555
2025-02-08 14:30:15,898 - INFO - 	186	469910468505.9785	0	0.70847487449646	616.139107465744	838	533	593.9096419811249	558
2025-02-08 14:30:18,730 - INFO - 	187	468550345953.9074	0	0.72322678565979	618.9706027507782	841	533	596.6149406433105	561
2025-02-08 14:30:21,453 - INFO - 	188	465328854377.61316	0	0.7362918853759766	621.6942908763885	844	533	599.2151780128479	564
2025-02-08 14:30:24,148 - INFO - 	189	464279191127.0928	0	0.7493886947631836	624.388454914093	847	533	601.7857370376587	567
2025-02-08 14:30:26,918 - INFO - 	190	454588313941.21814	0	0.7583165168762207	627.1587760448456	850	533	604.4368860721588	570
2025-02-08 14:30:29,687 - INFO - 	191	446709689425.03894	0	0.7705693244934082	629.9279251098633	853	533	607.0833969116211	573
2025-02-08 14:30:32,364 - INFO - 	192	441824206089.7666	0	0.7855944633483887	632.6049072742462	856	533	609.6347970962524	576
2025-02-08 14:30:35,067 - INFO - 	193	435688692762.1706	0	0.7968454360961914	635.3074994087219	859	533	612.2154870033264	579
2025-02-08 14:30:37,904 - INFO - 	194	434100094010.8574	0	0.8131275177001953	638.1441724300385	862	533	614.9253058433533	582
2025-02-08 14:30:40,518 - INFO - 	195	426891437672.39514	0	0.8184306621551514	640.7585635185242	865	533	617.4236636161804	585
2025-02-08 14:30:43,220 - INFO - 	196	420508073685.1453	0	0.8374407291412354	643.460485458374	868	533	619.9952921867371	588
2025-02-08 14:30:45,918 - INFO - 	197	415391816035.73315	0	0.8478868007659912	646.157547712326	871	533	622.5717282295227	591
2025-02-08 14:30:48,634 - INFO - 	198	408988845307.29224	0	0.8611667156219482	648.8735136985779	874	533	625.1639125347137	594
2025-02-08 14:30:51,524 - INFO - 	199	400695077830.2255	0	0.8701238632202148	651.7641155719757	877	533	627.9343683719635	597
2025-02-08 14:30:54,203 - INFO - 	200	395104846651.21625	0	0.8858449459075928	654.4426386356354	880	533	630.4867594242096	600
2025-02-08 14:30:57,020 - INFO - 	201	391209766212.5956	0	0.9005718231201172	657.2598838806152	883	533	633.1785581111908	603
2025-02-08 14:30:59,841 - INFO - 	202	390444061351.18933	0	0.9167325496673584	660.0803265571594	886	533	635.8727061748505	606
2025-02-08 14:31:02,618 - INFO - 	203	390305519120.64343	0	0.9284765720367432	662.8577995300293	889	533	638.5280411243439	609
2025-02-08 14:31:05,372 - INFO - 	204	390305519120.64355	0	0.9318645000457764	665.6113843917847	892	533	641.1677405834198	612
2025-02-08 14:31:08,136 - INFO - 	205	387512433920.6194	0	0.9387104511260986	668.3749713897705	895	533	643.8137114048004	615
2025-02-08 14:31:10,767 - INFO - 	206	384515926837.7108	0	0.9531443119049072	671.0058753490448	898	533	646.319661617279	618
2025-02-08 14:31:13,489 - INFO - 	207	377591823764.469	0	0.9709904193878174	673.7281503677368	901	533	648.91326379776	621
2025-02-08 14:31:16,217 - INFO - 	208	369123671492.26685	0	0.9824793338775635	676.4557642936707	904	533	651.5187013149261	624
2025-02-08 14:31:18,910 - INFO - 	209	361395399330.1622	0	0.9999504089355469	679.1484463214874	907	533	654.0831439495087	627
2025-02-08 14:31:21,744 - INFO - 	210	359503305264.45233	0	1.0136051177978516	681.9821543693542	910	533	656.7925250530243	630
2025-02-08 14:31:24,548 - INFO - 	211	359327354237.70935	0	1.0263400077819824	684.7862074375153	913	533	659.4731268882751	633
2025-02-08 14:31:27,331 - INFO - 	212	358214727486.54333	0	1.0406520366668701	687.5697357654572	916	533	662.1319687366486	636
2025-02-08 14:31:30,164 - INFO - 	213	355595570968.8848	0	1.0633552074432373	690.4020037651062	919	533	664.8307108879089	639
2025-02-08 14:31:32,930 - INFO - 	214	351764882175.94324	0	1.084130048751831	693.1682868003845	922	533	667.4653716087341	642
2025-02-08 14:31:35,766 - INFO - 	215	351254335577.76874	0	1.1016249656677246	696.0045189857483	925	533	670.1727616786957	645
2025-02-08 14:31:38,375 - INFO - 	216	347682177733.6435	0	1.1181707382202148	698.613352060318	928	533	672.6542026996613	648
2025-02-08 14:31:41,014 - INFO - 	217	345596560138.75916	0	1.131706714630127	701.252326965332	931	533	675.1688916683197	651
2025-02-08 14:31:43,691 - INFO - 	218	345515200864.26276	0	1.145369529724121	703.9283480644226	934	533	677.720128774643	654
2025-02-08 14:31:46,373 - INFO - 	219	340986952963.9431	0	1.168081283569336	706.6102681159973	937	533	680.2682826519012	657
2025-02-08 14:31:48,988 - INFO - 	220	331551049037.69916	0	1.1833240985870361	709.225830078125	940	533	682.7584118843079	660
2025-02-08 14:31:51,564 - INFO - 	221	330538988878.9037	0	1.201545000076294	711.8011658191681	943	533	685.2049078941345	663
2025-02-08 14:31:54,194 - INFO - 	222	328434465101.45685	0	1.220008134841919	714.4314949512482	946	533	687.7056610584259	666
2025-02-08 14:31:56,816 - INFO - 	223	323529614927.3855	0	1.2366249561309814	717.0528087615967	949	533	690.1997640132904	669
2025-02-08 14:31:59,662 - INFO - 	224	322764356478.335	0	1.254936695098877	719.8993165493011	952	533	692.9177312850952	672
2025-02-08 14:32:02,339 - INFO - 	225	303208665589.176	0	1.2728397846221924	722.576176404953	955	533	695.4661314487457	675
2025-02-08 14:32:05,027 - INFO - 	226	298925221154.25946	0	1.2894048690795898	725.2634463310242	958	533	698.0264422893524	678
2025-02-08 14:32:07,724 - INFO - 	227	278790901717.6147	0	1.3064525127410889	727.9611413478851	961	533	700.596360206604	681
2025-02-08 14:32:10,371 - INFO - 	228	270279335265.34866	0	1.333864450454712	730.6074614524841	964	533	703.1046650409698	684
2025-02-08 14:32:13,113 - INFO - 	229	243562043754.7511	0	1.3483922481536865	733.3498544692993	967	533	705.7220189571381	687
2025-02-08 14:32:15,820 - INFO - 	230	239713320894.2662	0	1.3709461688995361	736.0566425323486	970	533	708.295825958252	690
2025-02-08 14:32:18,543 - INFO - 	231	236500952274.52356	0	1.3912184238433838	738.7789704799652	973	533	710.8874061107635	693
2025-02-08 14:32:21,152 - INFO - 	232	236500952273.08383	0	1.396923542022705	741.3885245323181	976	533	713.3799653053284	696
2025-02-08 14:32:23,771 - INFO - 	233	232399326742.59283	0	1.4088594913482666	744.0067934989929	979	533	715.8754272460938	699
2025-02-08 14:32:26,397 - INFO - 	234	227826641815.90427	0	1.4451065063476562	746.632839679718	982	533	718.3547427654266	702
2025-02-08 14:32:28,881 - INFO - 	235	223961226912.33627	0	1.4687902927398682	749.1170666217804	985	533	720.7045648097992	705
2025-02-08 14:32:31,490 - INFO - 	236	223105816743.15674	0	1.487274169921875	751.7259118556976	988	533	723.1843485832214	708
2025-02-08 14:32:34,027 - INFO - 	237	219480902370.15045	0	1.5095462799072266	754.2627894878387	991	533	725.5883479118347	711
2025-02-08 14:32:36,858 - INFO - 	238	209593125841.17242	0	1.5350604057312012	757.0939583778381	994	533	728.2837157249451	714
2025-02-08 14:32:39,430 - INFO - 	239	207327809608.53378	0	1.5492181777954102	759.6658244132996	997	533	730.7306156158447	717
2025-02-08 14:32:42,005 - INFO - 	240	203433341532.2053	0	1.575019359588623	762.2406024932861	1000	533	733.169082403183	720
2025-02-08 14:32:44,666 - INFO - 	241	203178855098.95517	0	1.5883853435516357	764.9008865356445	1003	533	735.7056813240051	723
2025-02-08 14:32:47,348 - INFO - 	242	195847627142.09277	0	1.6139044761657715	767.5827844142914	1006	533	738.250878572464	726
2025-02-08 14:32:49,916 - INFO - 	243	194125391458.12354	0	1.6350464820861816	770.1508283615112	1009	533	740.6868398189545	729
2025-02-08 14:32:52,616 - INFO - 	244	188874117000.84402	0	1.6589956283569336	772.8514511585236	1012	533	743.2530796527863	732
2025-02-08 14:32:55,298 - INFO - 	245	185264308086.56906	0	1.6856606006622314	775.5324840545654	1015	533	745.7966794967651	735
2025-02-08 14:32:57,834 - INFO - 	246	179408118897.14032	0	1.71260666847229	778.0691690444946	1018	533	748.1955072879791	738
2025-02-08 14:33:00,619 - INFO - 	247	174888164326.7838	0	1.731557846069336	780.8535211086273	1021	533	750.8505251407623	741
2025-02-08 14:33:03,486 - INFO - 	248	171808090237.83344	0	1.746349811553955	783.7201941013336	1024	533	753.5919063091278	744
2025-02-08 14:33:06,362 - INFO - 	249	165606457685.85916	0	1.7724757194519043	786.5960550308228	1027	533	756.3308832645416	747
2025-02-08 14:33:09,065 - INFO - 	250	163262676575.29855	0	1.7960166931152344	789.2993321418762	1030	533	758.8997313976288	750
2025-02-08 14:33:11,729 - INFO - 	251	161983960925.4293	0	1.8187346458435059	791.9632112979889	1033	533	761.4301054477692	753
2025-02-08 14:33:14,316 - INFO - 	252	157878855222.21954	0	1.8434345722198486	794.5501163005829	1036	533	763.8813307285309	756
2025-02-08 14:33:17,068 - INFO - 	253	157711367241.64984	0	1.8814985752105713	797.3021702766418	1039	533	766.4849679470062	759
2025-02-08 14:33:19,741 - INFO - 	254	154386213008.3899	0	1.9041016101837158	799.9752221107483	1042	533	769.0251541137695	762
2025-02-08 14:33:22,284 - INFO - 	255	151524055937.02484	0	1.9235966205596924	802.5175859928131	1045	533	771.4370844364166	765
2025-02-08 14:33:24,800 - INFO - 	256	146666881973.6426	0	1.948270559310913	805.0333831310272	1048	533	773.8178758621216	768
2025-02-08 14:33:27,402 - INFO - 	257	141317740279.24567	0	1.9707295894622803	807.635479927063	1051	533	776.2863829135895	771
2025-02-08 14:33:29,983 - INFO - 	258	128686530644.44481	0	1.9818544387817383	810.2163927555084	1054	533	778.7457737922668	774
2025-02-08 14:33:32,690 - INFO - 	259	124971122063.51573	0	2.0110385417938232	812.9233229160309	1057	533	781.3124146461487	777
2025-02-08 14:33:35,334 - INFO - 	260	122640158889.22937	0	2.0333056449890137	815.5677478313446	1060	533	783.8239822387695	780
2025-02-08 14:33:37,883 - INFO - 	261	120392187927.354	0	2.067673683166504	818.11638879776	1063	533	786.2275922298431	783
2025-02-08 14:33:40,504 - INFO - 	262	118987488100.64719	0	2.0971717834472656	820.7368750572205	1066	533	788.7081010341644	786
2025-02-08 14:33:43,251 - INFO - 	263	118161874253.006	0	2.120548725128174	823.4840312004089	1069	533	791.3213276863098	789
2025-02-08 14:33:46,025 - INFO - 	264	115048842628.42645	0	2.145885944366455	826.2583141326904	1072	533	793.959851026535	792
2025-02-08 14:33:48,932 - INFO - 	265	111012084792.85129	0	2.166426181793213	829.1650960445404	1075	533	796.7352895736694	795
2025-02-08 14:33:51,696 - INFO - 	266	110509312783.6788	0	2.187375068664551	831.9288630485535	1078	533	799.3673219680786	798
2025-02-08 14:33:54,510 - INFO - 	267	107072713035.42448	0	2.209381103515625	834.742418050766	1081	533	802.0477814674377	801
2025-02-08 14:33:57,262 - INFO - 	268	99435487929.60211	0	2.2405972480773926	837.4940118789673	1084	533	804.657749414444	804
2025-02-08 14:33:59,862 - INFO - 	269	96778680618.8215	0	2.269362211227417	840.0940709114075	1087	533	807.1179847717285	807
2025-02-08 14:34:02,515 - INFO - 	270	93759266963.14175	0	2.289459228515625	842.7476327419281	1090	533	809.6405055522919	810
2025-02-08 14:34:05,280 - INFO - 	271	87476175455.90677	0	2.305492401123047	845.5116899013519	1093	533	812.2777585983276	813
2025-02-08 14:34:07,889 - INFO - 	272	86505686041.82959	0	2.325474500656128	848.1207590103149	1096	533	814.7557117938995	816
2025-02-08 14:34:10,565 - INFO - 	273	83376883194.61514	0	2.349278450012207	850.7971429824829	1099	533	817.2973918914795	819
2025-02-08 14:34:13,318 - INFO - 	274	83327837900.68155	0	2.370436429977417	853.5493927001953	1102	533	819.9176647663116	822
2025-02-08 14:34:16,036 - INFO - 	275	81115847342.5292	0	2.387861728668213	856.2673647403717	1105	533	822.5079414844513	825
2025-02-08 14:34:18,759 - INFO - 	276	79248332009.04738	0	2.4207420349121094	858.9910016059875	1108	533	825.0880117416382	828
2025-02-08 14:34:21,504 - INFO - 	277	78760640243.36702	0	2.4430019855499268	861.7357776165009	1111	533	827.6996538639069	831
2025-02-08 14:34:24,479 - INFO - 	278	77571370497.20271	0	2.477754831314087	864.7107706069946	1114	533	830.5198516845703	834
2025-02-08 14:34:27,526 - INFO - 	279	75793740599.41536	0	2.508364677429199	867.7569835186005	1117	533	833.421187877655	837
2025-02-08 14:34:30,244 - INFO - 	280	73998289978.35452	0	2.5361907482147217	870.4750845432281	1120	533	836.0002710819244	840
2025-02-08 14:34:32,961 - INFO - 	281	73436292289.08118	0	2.5624916553497314	873.1925716400146	1123	533	838.5806930065155	843
2025-02-08 14:34:35,550 - INFO - 	282	72728986150.19385	0	2.5909008979797363	875.7812929153442	1126	533	841.0299940109253	846
2025-02-08 14:34:38,213 - INFO - 	283	69658431072.95424	0	2.616421937942505	878.4434716701508	1129	533	843.5556571483612	849
2025-02-08 14:34:40,960 - INFO - 	284	68435268942.13583	0	2.6329028606414795	881.1910254955292	1132	533	846.1754610538483	852
2025-02-08 14:34:43,847 - INFO - 	285	68379236443.59531	0	2.6472461223602295	884.0777432918549	1135	533	848.9373643398285	855
2025-02-08 14:34:46,778 - INFO - 	286	66766656161.72072	0	2.6726531982421875	887.0087692737579	1138	533	851.7316508293152	858
2025-02-08 14:34:49,449 - INFO - 	287	65880687770.97593	0	2.6963119506835938	889.679502248764	1141	533	854.2675728797913	861
2025-02-08 14:34:52,006 - INFO - 	288	65522811412.94884	0	2.7168936729431152	892.2365703582764	1144	533	856.6930365562439	864
2025-02-08 14:34:54,643 - INFO - 	289	62691433292.763405	0	2.7425315380096436	894.8734543323517	1147	533	859.1933217048645	867
2025-02-08 14:34:57,338 - INFO - 	290	58209004635.29479	0	2.7651255130767822	897.5676984786987	1150	533	861.7541856765747	870
2025-02-08 14:35:00,202 - INFO - 	291	57625140545.39702	0	2.7886219024658203	900.4321117401123	1153	533	864.483889579773	873
2025-02-08 14:35:03,048 - INFO - 	292	53802842103.21298	0	2.8234872817993164	903.2774648666382	1156	533	867.1837775707245	876
2025-02-08 14:35:05,739 - INFO - 	293	51577804652.34301	0	2.8476552963256836	905.9689297676086	1159	533	869.7396514415741	879
2025-02-08 14:35:08,421 - INFO - 	294	50217791264.46099	0	2.875002384185791	908.650881767273	1162	533	872.2832684516907	882
2025-02-08 14:35:11,177 - INFO - 	295	47537191306.94004	0	2.898874282836914	911.40709400177	1165	533	874.904816865921	885
2025-02-08 14:35:14,172 - INFO - 	296	47376345272.98585	0	2.906769037246704	914.4011089801788	1168	533	877.7806446552277	888
2025-02-08 14:35:17,187 - INFO - 	297	43604063419.67827	0	2.9410409927368164	917.4166889190674	1171	533	880.6512496471405	891
2025-02-08 14:35:19,984 - INFO - 	298	40814535152.9772	0	2.9557301998138428	920.213387966156	1174	533	883.32217669487	894
2025-02-08 14:35:22,594 - INFO - 	299	36066401552.244705	0	2.9703543186187744	922.8230328559875	1177	533	885.8068141937256	897
2025-02-08 14:35:25,522 - INFO - 	300	31032611000.174664	0	2.987910270690918	925.7508466243744	1180	533	888.6061463356018	900
2025-02-08 14:35:28,324 - INFO - 	301	30099143581.533443	0	3.016360282897949	928.5530767440796	1183	533	891.2690062522888	903
2025-02-08 14:35:31,054 - INFO - 	302	27856503127.6539	0	3.0456624031066895	931.2828576564789	1186	533	893.8587262630463	906
2025-02-08 14:35:33,877 - INFO - 	303	23309547921.634113	0	3.0678703784942627	934.1060657501221	1189	533	896.5491318702698	909
2025-02-08 14:35:36,589 - INFO - 	304	20929990184.256607	0	3.103090286254883	936.8173129558563	1192	533	899.1146626472473	912
2025-02-08 14:35:39,226 - INFO - 	305	15108130019.161806	0	3.1255853176116943	939.4547398090363	1195	533	901.619044303894	915
2025-02-08 14:35:41,943 - INFO - 	306	11040791638.167511	0	3.149303436279297	942.1713438034058	1198	533	904.2010083198547	918
2025-02-08 14:35:44,661 - INFO - 	307	8728404495.532196	0	3.1794846057891846	944.8890397548676	1201	533	906.7776432037354	921
2025-02-08 14:35:47,285 - INFO - 	308	6845218150.468742	0	3.2050068378448486	947.5129380226135	1204	533	909.2650051116943	924
2025-02-08 14:35:50,009 - INFO - 	309	5518625856.591445	0	3.2340099811553955	950.2369599342346	1207	533	911.8492057323456	927
2025-02-08 14:35:52,621 - INFO - 	310	3958158306.710616	0	3.273012638092041	952.8490369319916	1210	533	914.3112144470215	930
2025-02-08 14:35:55,228 - INFO - 	311	2487178796.328044	0	3.288001537322998	955.4555768966675	1213	533	916.7920141220093	933
2025-02-08 14:35:58,047 - INFO - 	312	1371.5811085485152	0	3.2963902950286865	958.2745809555054	1216	533	919.4915370941162	936
2025-02-08 14:36:01,824 - INFO - 	313	1368.6279953778314	0	3.2996392250061035	962.0517828464508	1219	533	923.154244184494	939
2025-02-08 14:36:05,561 - INFO - 	314	1367.1792240864968	0	3.3031933307647705	965.7888357639313	1222	533	926.7765390872955	942
2025-02-08 14:36:09,274 - INFO - 	315	1347.588522847845	0	3.3111765384674072	969.5018308162689	1225	533	930.3699560165405	945
2025-02-08 14:36:12,955 - INFO - 	316	1328.2174811662858	0	3.3202755451202393	973.1819577217102	1228	533	933.9298410415649	948
2025-02-08 14:36:16,619 - INFO - 	317	1303.2126707510274	0	3.3265275955200195	976.8465855121613	1231	533	937.4771311283112	951
2025-02-08 14:36:20,336 - INFO - 	318	1294.314309919893	0	3.332498550415039	980.5635113716125	1234	533	941.0771300792694	954
2025-02-08 14:36:24,080 - INFO - 	319	1281.855281343892	0	3.338724374771118	984.3066763877869	1237	533	944.703195810318	957
2025-02-08 14:36:27,690 - INFO - 	320	1251.621882154112	0	3.3483164310455322	987.9170784950256	1240	533	948.1925466060638	960
2025-02-08 14:36:31,417 - INFO - 	321	1242.211753931369	0	3.3542306423187256	991.6435031890869	1243	533	951.802339553833	963
2025-02-08 14:36:35,054 - INFO - 	322	1237.032368820301	0	3.359421491622925	995.2808361053467	1246	533	955.3239693641663	966
2025-02-08 14:36:38,700 - INFO - 	323	1227.8650241787454	0	3.3657853603363037	998.9265270233154	1249	533	958.8521060943604	969
2025-02-08 14:36:42,370 - INFO - 	324	1215.863411990025	0	3.375535011291504	1002.5961549282074	1252	533	962.4014761447906	972
2025-02-08 14:36:46,061 - INFO - 	325	1206.3213656670548	0	3.3816211223602295	1006.2878170013428	1255	533	965.9763510227203	975
2025-02-08 14:36:49,714 - INFO - 	326	1195.343952642559	0	3.388108968734741	1009.940407037735	1258	533	969.5113492012024	978
2025-02-08 14:36:53,335 - INFO - 	327	1185.4536070192237	0	3.3936235904693604	1013.5614721775055	1261	533	973.0158200263977	981
2025-02-08 14:36:56,934 - INFO - 	328	1179.2538792433238	0	3.4007186889648438	1017.1600153446198	1264	533	976.4967880249023	984
2025-02-08 14:37:00,594 - INFO - 	329	1174.3037268182898	0	3.4058446884155273	1020.8201260566711	1267	533	980.0408525466919	987
2025-02-08 14:37:04,294 - INFO - 	330	1172.3577616414188	0	3.4115047454833984	1024.519719362259	1270	533	983.6237244606018	990
2025-02-08 14:37:08,001 - INFO - 	331	1166.5709515611702	0	3.417196750640869	1028.2273223400116	1273	533	987.2148008346558	993
2025-02-08 14:37:11,713 - INFO - 	332	1165.2469475330604	0	3.421989917755127	1031.9390363693237	1276	533	990.810962677002	996
2025-02-08 14:37:15,474 - INFO - 	333	1163.8114466709449	0	3.428520917892456	1035.6994304656982	1279	533	994.4537770748138	999
2025-02-08 14:37:19,176 - INFO - 	334	1162.2346935958856	0	3.4352328777313232	1039.4017996788025	1282	533	998.0384130477905	1002
2025-02-08 14:37:22,962 - INFO - 	335	1160.9854769590793	0	3.43973970413208	1043.1878035068512	1285	533	1001.7091979980469	1005
2025-02-08 14:37:26,695 - INFO - 	336	1158.502962953056	0	3.4445104598999023	1046.9201674461365	1288	533	1005.3256530761719	1008
2025-02-08 14:37:30,422 - INFO - 	337	1158.4182992037886	0	3.4480085372924805	1050.647706270218	1291	533	1008.938972234726	1011
2025-02-08 14:37:34,122 - INFO - 	338	1154.8758206334232	0	3.454869508743286	1054.3469202518463	1294	533	1012.5205731391907	1014
2025-02-08 14:37:37,745 - INFO - 	339	1152.2353717655908	0	3.460564374923706	1057.969582080841	1297	533	1016.0265152454376	1017
2025-02-08 14:37:41,565 - INFO - 	340	1152.2143351515276	0	3.4633994102478027	1061.789530992508	1300	533	1019.7327845096588	1020
2025-02-08 14:37:45,346 - INFO - 	341	1148.5683401929614	0	3.471433401107788	1065.5706388950348	1303	533	1023.3947937488556	1023
2025-02-08 14:37:49,110 - INFO - 	342	1145.1817839379892	0	3.481377363204956	1069.3346180915833	1306	533	1027.037801027298	1026
2025-02-08 14:37:52,784 - INFO - 	343	1144.1369818662615	0	3.4867103099823	1073.0087249279022	1309	533	1030.5954399108887	1029
2025-02-08 14:37:56,523 - INFO - 	344	1141.184470808449	0	3.493436336517334	1076.747594833374	1312	533	1034.2170021533966	1032
2025-02-08 14:38:00,324 - INFO - 	345	1139.5202112883783	0	3.499528169631958	1080.5483646392822	1315	533	1037.9002940654755	1035
2025-02-08 14:38:04,008 - INFO - 	346	1137.8505145824802	0	3.506148099899292	1084.2323913574219	1318	533	1041.4667575359344	1038
2025-02-08 14:38:07,703 - INFO - 	347	1135.1166997571827	0	3.513437271118164	1087.927360534668	1321	533	1045.0433926582336	1041
2025-02-08 14:38:11,336 - INFO - 	348	1131.9878578001492	0	3.5184452533721924	1091.5597805976868	1324	533	1048.5604157447815	1044
2025-02-08 14:38:15,055 - INFO - 	349	1130.9826405266488	0	3.5256333351135254	1095.2789664268494	1327	533	1052.1615750789642	1047
2025-02-08 14:38:18,725 - INFO - 	350	1128.670504004812	0	3.532411575317383	1098.948760509491	1330	533	1055.7134680747986	1050
2025-02-08 14:38:22,438 - INFO - 	351	1126.1617195037227	0	3.5389862060546875	1102.6618695259094	1333	533	1059.3077278137207	1053
2025-02-08 14:38:26,236 - INFO - 	352	1125.3860168694846	0	3.5427591800689697	1106.4598004817963	1336	533	1062.9910418987274	1056
2025-02-08 14:38:29,974 - INFO - 	353	1124.706425145588	0	3.547178268432617	1110.1978147029877	1339	533	1066.6134464740753	1059
2025-02-08 14:38:33,724 - INFO - 	354	1122.2109194735053	0	3.5537781715393066	1113.9475946426392	1342	533	1070.2457625865936	1062
2025-02-08 14:38:37,434 - INFO - 	355	1119.074227600133	0	3.5582990646362305	1117.657072544098	1345	533	1073.8396303653717	1065
2025-02-08 14:38:41,124 - INFO - 	356	1116.8064615872574	0	3.563509941101074	1121.3473236560822	1348	533	1077.4139664173126	1068
2025-02-08 14:38:44,759 - INFO - 	357	1115.6277440564593	0	3.569366931915283	1124.9824965000153	1351	533	1080.9319713115692	1071
2025-02-08 14:38:48,461 - INFO - 	358	1115.0358959869452	0	3.574981212615967	1128.6844353675842	1354	533	1084.5172703266144	1074
2025-02-08 14:38:52,257 - INFO - 	359	1112.14718721948	0	3.581766128540039	1132.4802362918854	1357	533	1088.1952226161957	1077
2025-02-08 14:38:56,079 - INFO - 	360	1110.8284513230376	0	3.58888840675354	1136.301596403122	1360	533	1091.8984644412994	1080
2025-02-08 14:38:59,892 - INFO - 	361	1110.0834668691793	0	3.5942864418029785	1140.1148035526276	1363	533	1095.5956180095673	1083
2025-02-08 14:39:03,739 - INFO - 	362	1109.3261976816204	0	3.599508285522461	1143.9621064662933	1366	533	1099.3272397518158	1086
2025-02-08 14:39:07,480 - INFO - 	363	1107.421351096045	0	3.6068122386932373	1147.7023363113403	1369	533	1102.949031829834	1089
2025-02-08 14:39:11,208 - INFO - 	364	1106.259030111755	0	3.6133742332458496	1151.430091381073	1372	533	1106.5593078136444	1092
2025-02-08 14:39:15,094 - INFO - 	365	1105.4818842294567	0	3.6207473278045654	1155.3167715072632	1375	533	1110.3278515338898	1095
2025-02-08 14:39:18,865 - INFO - 	366	1105.1821033327717	0	3.6245431900024414	1159.0870153903961	1378	533	1113.983124256134	1098
2025-02-08 14:39:22,549 - INFO - 	367	1103.4376010144967	0	3.628535032272339	1162.7716171741486	1381	533	1117.55309009552	1101
2025-02-08 14:39:26,369 - INFO - 	368	1103.369455311793	0	3.6348190307617188	1166.5905859470367	1384	533	1121.2551119327545	1104
2025-02-08 14:39:30,359 - INFO - 	369	1103.2881533383118	0	3.638272285461426	1170.5807960033417	1387	533	1125.1311647891998	1107
2025-02-08 14:39:34,116 - INFO - 	370	1102.3939685938742	0	3.6447091102600098	1174.338012933731	1390	533	1128.7720687389374	1110
2025-02-08 14:39:37,845 - INFO - 	371	1102.1271701408668	0	3.65004301071167	1178.0668408870697	1393	533	1132.385586977005	1113
2025-02-08 14:39:41,576 - INFO - 	372	1102.1173083004192	0	3.653208017349243	1181.7976078987122	1396	533	1136.003037929535	1116
2025-02-08 14:39:45,298 - INFO - 	373	1100.9533463105213	0	3.66283917427063	1185.5195047855377	1399	533	1139.6055500507355	1119
2025-02-08 14:39:49,006 - INFO - 	374	1100.2704431780032	0	3.6681039333343506	1189.227100610733	1402	533	1143.1976227760315	1122
2025-02-08 14:39:52,831 - INFO - 	375	1099.5870915875112	0	3.675910711288452	1193.0525517463684	1405	533	1146.9056458473206	1125
2025-02-08 14:39:56,612 - INFO - 	376	1099.3930302492445	0	3.6816954612731934	1196.83309674263	1408	533	1150.5707218647003	1128
2025-02-08 14:40:00,324 - INFO - 	377	1098.7323723211862	0	3.692519426345825	1200.544915676117	1411	533	1154.1618766784668	1131
2025-02-08 14:40:04,096 - INFO - 	378	1098.4774321215202	0	3.700026273727417	1204.3168077468872	1414	533	1157.8166198730469	1134
2025-02-08 14:40:07,923 - INFO - 	379	1097.8125296948308	0	3.7059361934661865	1208.1435136795044	1417	533	1161.5274679660797	1137
2025-02-08 14:40:11,769 - INFO - 	380	1097.1411404003684	0	3.7114710807800293	1211.9898993968964	1420	533	1165.2584059238434	1140
2025-02-08 14:40:15,485 - INFO - 	381	1096.5301608679993	0	3.715771198272705	1215.7053225040436	1423	533	1168.8585619926453	1143
2025-02-08 14:40:19,195 - INFO - 	382	1096.530160867999	0	3.718489170074463	1219.4155671596527	1426	533	1172.4558534622192	1146
2025-02-08 14:40:22,943 - INFO - 	383	1095.576317099826	0	3.7243571281433105	1223.163556098938	1429	533	1176.0866451263428	1149
2025-02-08 14:40:26,693 - INFO - 	384	1095.2286634724596	0	3.732309341430664	1226.9131071567535	1432	533	1179.7172031402588	1152
2025-02-08 14:40:30,485 - INFO - 	385	1094.78435232258	0	3.735732316970825	1230.705332994461	1435	533	1183.3951451778412	1155
2025-02-08 14:40:34,327 - INFO - 	386	1094.7843523225802	0	3.7378642559051514	1234.5465919971466	1438	533	1187.1240484714508	1158
2025-02-08 14:40:38,103 - INFO - 	387	1094.2979980367036	0	3.7428832054138184	1238.3229932785034	1441	533	1190.7847068309784	1161
2025-02-08 14:40:41,836 - INFO - 	388	1094.2979980367036	0	3.7446093559265137	1242.0557873249054	1444	533	1194.4052004814148	1164
2025-02-08 14:40:45,578 - INFO - 	389	1094.297998036704	0	3.7470011711120605	1245.797565460205	1447	533	1198.0338110923767	1167
2025-02-08 14:40:49,372 - INFO - 	390	1093.716717037781	0	3.755251169204712	1249.5911824703217	1450	533	1201.7079665660858	1170
2025-02-08 14:40:53,111 - INFO - 	391	1093.354447545291	0	3.7619550228118896	1253.3305413722992	1453	533	1205.3302669525146	1173
2025-02-08 14:40:56,866 - INFO - 	392	1093.2868338228939	0	3.766727924346924	1257.0849463939667	1456	533	1208.9687073230743	1176
2025-02-08 14:41:00,569 - INFO - 	393	1093.0335304068665	0	3.7710258960723877	1260.7883474826813	1459	533	1212.5574553012848	1179
2025-02-08 14:41:04,285 - INFO - 	394	1092.8345435455597	0	3.776111125946045	1264.5042955875397	1462	533	1216.1571655273438	1182
2025-02-08 14:41:08,014 - INFO - 	395	1092.5931246322327	0	3.7818498611450195	1268.233041524887	1465	533	1219.7694823741913	1185
2025-02-08 14:41:11,780 - INFO - 	396	1092.5179360615473	0	3.787060022354126	1271.9985945224762	1468	533	1223.4192373752594	1188
2025-02-08 14:41:15,530 - INFO - 	397	1092.3187501059026	0	3.7919468879699707	1275.7483913898468	1471	533	1227.053634405136	1191
2025-02-08 14:41:19,270 - INFO - 	398	1092.0000000000002	0	3.7950439453125	1279.488590478897	1474	533	1230.6801805496216	1194
2025-02-08 14:41:31,486 - INFO - 	399	1092.0	8.433732032775879	3.7972447872161865	1291.704799413681	1475	533	1234.3502147197723	1194
2025-02-08 14:41:44,042 - INFO - 
ya no tiene columnas con costo reducido negative
2025-02-08 14:41:44,044 - INFO - Set parameter OutputFlag to value 1
2025-02-08 14:41:44,046 - INFO - Set parameter LogFile to value "logs_new/salida_modelo_caminos_280_567_2.log"
2025-02-08 14:41:44,046 - INFO - Set parameter TimeLimit to value 7200
2025-02-08 14:41:44,046 - INFO - Gurobi Optimizer version 11.0.1 build v11.0.1rc0 (mac64[arm] - Darwin 24.3.0 24D60)
2025-02-08 14:41:44,047 - INFO - 
2025-02-08 14:41:44,047 - INFO - CPU model: Apple M2
2025-02-08 14:41:44,047 - INFO - Thread count: 8 physical cores, 8 logical processors, using up to 8 threads
2025-02-08 14:41:44,048 - INFO - 
2025-02-08 14:41:44,048 - INFO - Optimize a model with 533 rows, 1475 columns and 5993 nonzeros
2025-02-08 14:41:44,048 - INFO - Coefficient statistics:
2025-02-08 14:41:44,048 - INFO -   Matrix range     [1e+00, 1e+00]
2025-02-08 14:41:44,049 - INFO -   Objective range  [2e+00, 1e+10]
2025-02-08 14:41:44,049 - INFO -   Bounds range     [0e+00, 0e+00]
2025-02-08 14:41:44,049 - INFO -   RHS range        [1e+00, 2e+02]
2025-02-08 14:41:44,050 - INFO - Warning: Model contains large objective coefficients
2025-02-08 14:41:44,050 - INFO -          Consider reformulating model or setting NumericFocus parameter
2025-02-08 14:41:44,050 - INFO -          to avoid numerical issues.
2025-02-08 14:41:44,052 - INFO - 
2025-02-08 14:41:44,052 - INFO - Solved in 0 iterations and 0.00 seconds (0.00 work units)
2025-02-08 14:41:44,053 - INFO - Optimal objective  1.092000000e+03
2025-02-08 14:41:44,055 - INFO - Gurobi Optimizer version 11.0.1 build v11.0.1rc0 (mac64[arm] - Darwin 24.3.0 24D60)
2025-02-08 14:41:44,055 - INFO - 
2025-02-08 14:41:44,055 - INFO - CPU model: Apple M2
2025-02-08 14:41:44,056 - INFO - Thread count: 8 physical cores, 8 logical processors, using up to 8 threads
2025-02-08 14:41:44,056 - INFO - 
2025-02-08 14:41:44,056 - INFO - Optimize a model with 533 rows, 1475 columns and 5993 nonzeros
2025-02-08 14:41:44,057 - INFO - Model fingerprint: 0x857ee412
2025-02-08 14:41:44,057 - INFO - Variable types: 0 continuous, 1475 integer (1475 binary)
2025-02-08 14:41:44,057 - INFO - Coefficient statistics:
2025-02-08 14:41:44,057 - INFO -   Matrix range     [1e+00, 1e+00]
2025-02-08 14:41:44,058 - INFO -   Objective range  [2e+00, 1e+10]
2025-02-08 14:41:44,058 - INFO -   Bounds range     [0e+00, 0e+00]
2025-02-08 14:41:44,058 - INFO -   RHS range        [1e+00, 2e+02]
2025-02-08 14:41:44,059 - INFO - Warning: Model contains large objective coefficients
2025-02-08 14:41:44,059 - INFO -          Consider reformulating model or setting NumericFocus parameter
2025-02-08 14:41:44,059 - INFO -          to avoid numerical issues.
2025-02-08 14:41:44,060 - INFO - Found heuristic solution: objective 2.800000e+12
2025-02-08 14:41:44,070 - INFO - Presolve removed 250 rows and 0 columns
2025-02-08 14:41:44,070 - INFO - Presolve time: 0.01s
2025-02-08 14:41:44,071 - INFO - Presolved: 283 rows, 1475 columns, 5769 nonzeros
2025-02-08 14:41:44,072 - INFO - Variable types: 0 continuous, 1475 integer (1475 binary)
2025-02-08 14:41:44,073 - INFO - Found heuristic solution: objective 2.760000e+12
2025-02-08 14:41:44,115 - INFO - 
2025-02-08 14:41:44,115 - INFO - Root relaxation: objective 1.092000e+03, 1523 iterations, 0.04 seconds (0.07 work units)
2025-02-08 14:41:44,125 - INFO - 
2025-02-08 14:41:44,126 - INFO -     Nodes    |    Current Node    |     Objective Bounds      |     Work
2025-02-08 14:41:44,127 - INFO -  Expl Unexpl |  Obj  Depth IntInf | Incumbent    BestBd   Gap | It/Node Time
2025-02-08 14:41:44,127 - INFO - 
2025-02-08 14:41:44,128 - INFO -      0     0 1092.00000    0  220 2.7600e+12 1092.00000   100%     -    0s
2025-02-08 14:41:44,129 - INFO - H    0     0                    3.800000e+11 1092.00000   100%     -    0s
2025-02-08 14:41:44,130 - INFO - H    0     0                    2.700000e+11 1092.00000   100%     -    0s
2025-02-08 14:41:44,133 - INFO - H    0     0                    2.400000e+11 1092.00000   100%     -    0s
2025-02-08 14:41:44,181 - INFO - H    0     0                    1.900000e+11 1092.00000   100%     -    0s
2025-02-08 14:41:44,215 - INFO - H    0     0                    1.400000e+11 1092.45561   100%     -    0s
2025-02-08 14:41:44,219 - INFO -      0     0 1092.45561    0  241 1.4000e+11 1092.45561   100%     -    0s
2025-02-08 14:41:44,224 - INFO - H    0     0                    1.100000e+11 1092.45561   100%     -    0s
2025-02-08 14:41:44,226 - INFO - H    0     0                    8.000000e+10 1092.45561   100%     -    0s
2025-02-08 14:41:44,282 - INFO -      0     0 1092.71142    0  255 8.0000e+10 1092.71142   100%     -    0s
2025-02-08 14:41:44,313 - INFO -      0     0 1092.75598    0  247 8.0000e+10 1092.75598   100%     -    0s
2025-02-08 14:41:44,328 - INFO -      0     0 1092.76791    0  257 8.0000e+10 1092.76791   100%     -    0s
2025-02-08 14:41:44,340 - INFO -      0     0 1092.81120    0  257 8.0000e+10 1092.81120   100%     -    0s
2025-02-08 14:41:44,397 - INFO -      0     2 1092.81241    0  257 8.0000e+10 1092.81241   100%     -    0s
2025-02-08 14:41:44,461 - INFO - H   34    40                    7.000000e+10 1094.07034   100%  76.1    0s
2025-02-08 14:41:44,521 - INFO - H   77    86                    5.000000e+10 1094.24762   100%  77.6    0s
2025-02-08 14:41:44,572 - INFO - H  119   122                    5.000000e+10 1094.50057   100%  76.7    0s
2025-02-08 14:41:44,827 - INFO - H  146   155                    4.000000e+10 1094.50057   100%  81.0    0s
2025-02-08 14:41:46,120 - INFO - H 1508  1434                    3.000000e+10 1094.50057   100%  65.3    2s
2025-02-08 14:41:46,211 - INFO - H 1604  1452                    2.000000e+10 1094.50599   100%  64.8    2s
2025-02-08 14:41:46,217 - INFO - H 1655  1449                    2.000000e+10 1094.50599   100%  64.6    2s
2025-02-08 14:41:49,022 - INFO - H 2727  1997                    2.000000e+10 1095.27480   100%  65.4    4s
2025-02-08 14:41:49,072 - INFO -   2734  2063 1147.93871   50  189 2.0000e+10 1095.27480   100%  65.4    5s
2025-02-08 14:41:49,179 - INFO - H 2940  1993                    1.000000e+10 1095.27480   100%  64.6    5s
2025-02-08 14:41:49,239 - INFO - H 3015  1958                    1.000000e+10 1095.27480   100%  64.3    5s
2025-02-08 14:41:51,331 - INFO - H 5547  2949                    1.000000e+10 1099.75801   100%  62.5    7s
2025-02-08 14:41:53,243 - INFO - H 8721  2772                    1144.0000000 1101.32977  3.73%  63.0    9s
2025-02-08 14:41:54,087 - INFO -  11044  3950 1107.32744   26  208 1144.00000 1102.80542  3.60%  60.4   10s
2025-02-08 14:41:55,531 - INFO - H14755  5425                    1136.0000000 1104.22090  2.80%  58.0   11s
2025-02-08 14:41:59,085 - INFO -  19270  6228 1125.72189   50  210 1136.00000 1104.22090  2.80%  57.6   15s
2025-02-08 14:42:04,228 - INFO -  35716  7480     cutoff   60      1136.00000 1110.26826  2.27%  52.8   20s
2025-02-08 14:42:09,160 - INFO -  44127  9203 1114.82026   42  242 1136.00000 1112.03957  2.11%  51.5   25s
2025-02-08 14:42:14,122 - INFO -  46567  9654 1116.10486   52  237 1136.00000 1112.03957  2.11%  52.1   30s
2025-02-08 14:42:19,175 - INFO -  60329  7834 1116.91684   55  232 1136.00000 1114.91317  1.86%  51.8   35s
2025-02-08 14:42:20,061 - INFO - *63362  6541              60    1134.0000000 1115.95381  1.59%  51.7   36s
2025-02-08 14:42:24,228 - INFO -  78974  3235     cutoff   57      1134.00000 1122.12278  1.05%  50.4   40s
2025-02-08 14:42:26,189 - INFO - 
2025-02-08 14:42:26,189 - INFO - Cutting planes:
2025-02-08 14:42:26,190 - INFO -   Gomory: 3
2025-02-08 14:42:26,190 - INFO -   Clique: 4
2025-02-08 14:42:26,191 - INFO -   Zero half: 6
2025-02-08 14:42:26,192 - INFO - 
2025-02-08 14:42:26,193 - INFO - Explored 88589 nodes (4336457 simplex iterations) in 42.14 seconds (98.46 work units)
2025-02-08 14:42:26,193 - INFO - Thread count was 8 (of 8 available processors)
2025-02-08 14:42:26,194 - INFO - 
2025-02-08 14:42:26,194 - INFO - Solution count 10: 1134 1136 1144 ... 3e+10
2025-02-08 14:42:26,195 - INFO - 
2025-02-08 14:42:26,195 - INFO - Optimal solution found (tolerance 1.00e-04)
2025-02-08 14:42:26,196 - INFO - Best objective 1.134000000000e+03, best bound 1.134000000000e+03, gap 0.0000%
