2025-02-10 20:54:19,006 - INFO - 	count	z_opt	time_spp	time_lp	time_total	ncols	nrows	time_spp_low_res	n_cols_low_res
2025-02-10 20:54:19,611 - INFO - 	1	2920000000007.0	0	0.000186920166015625	0.6052560806274414	303	553	0.4806668758392334	3
2025-02-10 20:54:20,173 - INFO - 	2	2850000000017.0	0	0.00045561790466308594	1.1673622131347656	306	553	0.9110040664672852	6
2025-02-10 20:54:20,741 - INFO - 	3	2850000000009.0	0	0.0007205009460449219	1.735030174255371	309	553	1.346775770187378	9
2025-02-10 20:54:21,301 - INFO - 	4	2815000000017.0	0	0.0010066032409667969	2.295215129852295	312	553	1.7773022651672363	12
2025-02-10 20:54:21,923 - INFO - 	5	2745000000032.0	0	0.0012793540954589844	2.9168121814727783	315	553	2.26924204826355	15
2025-02-10 20:54:22,472 - INFO - 	6	2736666666691.666	0	0.0015604496002197266	3.465900182723999	318	553	2.688990592956543	18
2025-02-10 20:54:23,031 - INFO - 	7	2676666666699.666	0	0.0018384456634521484	4.024103879928589	321	553	3.1177215576171875	21
2025-02-10 20:54:23,588 - INFO - 	8	2660000000030.999	0	0.0021424293518066406	4.5814268589019775	324	553	3.545395851135254	24
2025-02-10 20:54:24,219 - INFO - 	9	2566666666712.999	0	0.002478361129760742	5.2122039794921875	327	553	4.047691106796265	27
2025-02-10 20:54:24,772 - INFO - 	10	2536666666722.333	0	0.002826213836669922	5.764847993850708	330	553	4.472439765930176	30
2025-02-10 20:54:25,359 - INFO - 	11	2485000000054.5	0	0.0031015872955322266	6.351622581481934	333	553	4.931203126907349	33
2025-02-10 20:54:25,913 - INFO - 	12	2485000000054.5	0	0.0033845901489257812	6.90572190284729	336	553	5.355920314788818	36
2025-02-10 20:54:26,469 - INFO - 	13	2480000000056.0	0	0.0037047863006591797	7.462056636810303	339	553	5.782636642456055	39
2025-02-10 20:54:27,080 - INFO - 	14	2435000000056.5	0	0.004008054733276367	8.073029518127441	342	553	6.265666723251343	42
2025-02-10 20:54:27,630 - INFO - 	15	2380000000071.0	0	0.0043201446533203125	8.623064517974854	345	553	6.68705677986145	45
2025-02-10 20:54:28,176 - INFO - 	16	2380000000071.0	0	0.0045011043548583984	9.16823124885559	348	553	7.102830648422241	48
2025-02-10 20:54:28,793 - INFO - 	17	2380000000071.0	0	0.0048313140869140625	9.785409450531006	351	553	7.591376543045044	51
2025-02-10 20:54:29,341 - INFO - 	18	2330000000078.0	0	0.005149126052856445	10.333696365356445	354	553	8.011111736297607	54
2025-02-10 20:54:29,892 - INFO - 	19	2310000000072.0	0	0.005465269088745117	10.884576559066772	357	553	8.432931900024414	57
2025-02-10 20:54:30,439 - INFO - 	20	2310000000072.0	0	0.0057795047760009766	11.431381464004517	360	553	8.851517915725708	60
2025-02-10 20:54:31,055 - INFO - 	21	2310000000072.0	0	0.006108522415161133	12.046740531921387	363	553	9.338145732879639	63
2025-02-10 20:54:31,603 - INFO - 	22	2310000000072.0	0	0.0064585208892822266	12.59457540512085	366	553	9.758273601531982	66
2025-02-10 20:54:32,138 - INFO - 	23	2310000000072.0	0	0.006807565689086914	13.129478454589844	369	553	10.165378093719482	69
2025-02-10 20:54:32,679 - INFO - 	24	2300000000077.25	0	0.007144927978515625	13.670914649963379	372	553	10.577441692352295	72
2025-02-10 20:54:33,282 - INFO - 	25	2275000000088.5	0	0.007796049118041992	14.274051666259766	375	553	11.052104711532593	75
2025-02-10 20:54:33,824 - INFO - 	26	2215000000101.5	0	0.008196830749511719	14.815250635147095	378	553	11.464399337768555	78
2025-02-10 20:54:34,355 - INFO - 	27	2210000000102.668	0	0.008572816848754883	15.34667682647705	381	553	11.867586374282837	81
2025-02-10 20:54:34,892 - INFO - 	28	2165000000106.75	0	0.009090900421142578	15.88332200050354	384	553	12.275201082229614	84
2025-02-10 20:54:35,499 - INFO - 	29	2145000000111.0	0	0.009558677673339844	16.490081310272217	387	553	12.753217935562134	87
2025-02-10 20:54:36,039 - INFO - 	30	2115000000125.25	0	0.010053634643554688	17.0302734375	390	553	13.164650917053223	90
2025-02-10 20:54:36,580 - INFO - 	31	2090000000129.0	0	0.01042485237121582	17.570696353912354	393	553	13.576931953430176	93
2025-02-10 20:54:37,120 - INFO - 	32	2090000000129.0	0	0.01079702377319336	18.111069202423096	396	553	13.988766193389893	96
2025-02-10 20:54:37,724 - INFO - 	33	2090000000125.6006	0	0.011222124099731445	18.715144157409668	399	553	14.46528959274292	99
2025-02-10 20:54:38,266 - INFO - 	34	2090000000125.6006	0	0.01182413101196289	19.257028341293335	402	553	14.878899812698364	102
2025-02-10 20:54:38,809 - INFO - 	35	2075000000131.5	0	0.012393951416015625	19.800010204315186	405	553	15.29358458518982	105
2025-02-10 20:54:39,356 - INFO - 	36	2071538461670.385	0	0.01295161247253418	20.34675407409668	408	553	15.712409734725952	108
2025-02-10 20:54:39,894 - INFO - 	37	2038571428713.5713	0	0.013396501541137695	20.884212017059326	411	553	16.12159514427185	111
2025-02-10 20:54:40,498 - INFO - 	38	2006666666822.0564	0	0.014153718948364258	21.48877763748169	414	553	16.596978664398193	114
2025-02-10 20:54:41,048 - INFO - 	39	2006666666822.0564	0	0.014788627624511719	22.038756608963013	417	553	17.018123626708984	117
2025-02-10 20:54:41,599 - INFO - 	40	1992500000160.7495	0	0.015357732772827148	22.5893874168396	420	553	17.440265893936157	120
2025-02-10 20:54:42,218 - INFO - 	41	1984166666826.5828	0	0.016016721725463867	23.208332538604736	423	553	17.930453300476074	123
2025-02-10 20:54:42,763 - INFO - 	42	1965000000170.5	0	0.01666569709777832	23.753392696380615	426	553	18.346859216690063	126
2025-02-10 20:54:43,317 - INFO - 	43	1932500000179.0	0	0.017229795455932617	24.3070387840271	429	553	18.771557331085205	129
2025-02-10 20:54:43,864 - INFO - 	44	1932500000179.0	0	0.017606019973754883	24.8539617061615	432	553	19.189494132995605	132
2025-02-10 20:54:44,487 - INFO - 	45	1882500000193.0	0	0.018181800842285156	25.477118015289307	435	553	19.684114456176758	135
2025-02-10 20:54:45,032 - INFO - 	46	1882500000193.0	0	0.0186307430267334	26.021951913833618	438	553	20.10117220878601	138
2025-02-10 20:54:45,588 - INFO - 	47	1882500000193.0	0	0.019911766052246094	26.57759189605713	441	553	20.527794122695923	141
2025-02-10 20:54:46,133 - INFO - 	48	1882500000193.0	0	0.020642518997192383	27.122705936431885	444	553	20.944281816482544	144
2025-02-10 20:54:46,677 - INFO - 	49	1853809524003.5713	0	0.021347522735595703	27.666213989257812	447	553	21.35864806175232	147
2025-02-10 20:54:47,211 - INFO - 	50	1841111111311.2214	0	0.021983623504638672	28.200343132019043	450	553	21.765153169631958	150
2025-02-10 20:54:47,831 - INFO - 	51	1836666666870.5415	0	0.022841691970825195	28.819814205169678	453	553	22.255295991897583	153
2025-02-10 20:54:48,406 - INFO - 	52	1818928571637.9644	0	0.023807525634765625	29.395063400268555	456	553	22.701653957366943	156
2025-02-10 20:54:48,951 - INFO - 	53	1802000000217.0005	0	0.02500462532043457	29.94030451774597	459	553	23.117708921432495	159
2025-02-10 20:54:49,484 - INFO - 	54	1801304348042.9133	0	0.026041746139526367	30.47304368019104	462	553	23.52065396308899	162
2025-02-10 20:54:50,093 - INFO - 	55	1798461538677.154	0	0.027753591537475586	31.082144737243652	465	553	24.000634908676147	165
2025-02-10 20:54:50,629 - INFO - 	56	1784720000220.9275	0	0.028673648834228516	31.617913722991943	468	553	24.40715980529785	168
2025-02-10 20:54:51,174 - INFO - 	57	1780000000220.6433	0	0.02961277961730957	32.16248440742493	471	553	24.8236346244812	171
2025-02-10 20:54:51,706 - INFO - 	58	1765000000224.5	0	0.030656814575195312	32.694488525390625	474	553	25.22685742378235	174
2025-02-10 20:54:52,312 - INFO - 	59	1725000000237.0	0	0.03174591064453125	33.300389528274536	477	553	25.703489303588867	177
2025-02-10 20:54:52,845 - INFO - 	60	1725000000237.0	0	0.032366037368774414	33.833855390548706	480	553	26.108173608779907	180
2025-02-10 20:54:53,380 - INFO - 	61	1725000000237.0	0	0.0339350700378418	34.36874556541443	483	553	26.51277804374695	183
2025-02-10 20:54:53,923 - INFO - 	62	1725000000237.0	0	0.034651994705200195	34.91165733337402	486	553	26.927887439727783	186
2025-02-10 20:54:54,465 - INFO - 	63	1716666666902.5005	0	0.03583693504333496	35.45333552360535	489	553	27.340946435928345	189
2025-02-10 20:54:55,073 - INFO - 	64	1710000000236.0	0	0.03737998008728027	36.060712575912476	492	553	27.819471836090088	192
2025-02-10 20:54:55,600 - INFO - 	65	1689230769483.308	0	0.03910493850708008	36.587788343429565	495	553	28.217000722885132	195
2025-02-10 20:54:56,142 - INFO - 	66	1680000000255.1438	0	0.04003000259399414	37.1299843788147	498	553	28.630769968032837	198
2025-02-10 20:54:56,699 - INFO - 	67	1677741935740.1282	0	0.04170870780944824	37.686747550964355	501	553	29.059060096740723	201
2025-02-10 20:54:57,325 - INFO - 	68	1658461538718.8464	0	0.043329715728759766	38.31309652328491	504	553	29.555889129638672	204
2025-02-10 20:54:57,867 - INFO - 	69	1618571428842.0483	0	0.044722795486450195	38.85456967353821	507	553	29.968215465545654	207
2025-02-10 20:54:58,412 - INFO - 	70	1613468173981.1655	0	0.047365665435791016	39.39902472496033	510	553	30.383650064468384	210
2025-02-10 20:54:58,945 - INFO - 	71	1602132353227.6995	0	0.048578500747680664	39.93268084526062	513	553	30.788777828216553	213
2025-02-10 20:54:59,478 - INFO - 	72	1597200000285.7002	0	0.05140352249145508	40.46503973007202	516	553	31.189899921417236	216
2025-02-10 20:55:00,073 - INFO - 	73	1573923706015.5173	0	0.05430459976196289	41.0605628490448	519	553	31.655528783798218	219
2025-02-10 20:55:00,611 - INFO - 	74	1565000000299.2998	0	0.05678868293762207	41.59834384918213	522	553	32.06364870071411	222
2025-02-10 20:55:01,135 - INFO - 	75	1544348894651.329	0	0.05797767639160156	42.121739864349365	525	553	32.45889639854431	225
2025-02-10 20:55:01,656 - INFO - 	76	1533620689960.1987	0	0.059900760650634766	42.64259195327759	528	553	32.851080656051636	228
2025-02-10 20:55:02,188 - INFO - 	77	1529275543650.8132	0	0.06144881248474121	43.17449116706848	531	553	33.25385594367981	231
2025-02-10 20:55:02,793 - INFO - 	78	1527791108283.9841	0	0.06366181373596191	43.78012228012085	534	553	33.729527711868286	234
2025-02-10 20:55:03,329 - INFO - 	79	1527791108281.9834	0	0.06786274909973145	44.31549906730652	537	553	34.13301944732666	237
2025-02-10 20:55:03,859 - INFO - 	80	1490000000332.0	0	0.06946063041687012	44.84594202041626	540	553	34.53485321998596	240
2025-02-10 20:55:04,394 - INFO - 	81	1490000000332.0	0	0.07227349281311035	45.380760192871094	543	553	34.939743995666504	243
2025-02-10 20:55:04,988 - INFO - 	82	1486896552041.7576	0	0.07516241073608398	45.974512338638306	546	553	35.40421271324158	246
2025-02-10 20:55:05,512 - INFO - 	83	1486896552041.7578	0	0.07638049125671387	46.49851751327515	549	553	35.80052852630615	249
2025-02-10 20:55:06,039 - INFO - 	84	1453555555890.1113	0	0.07763266563415527	47.025163650512695	552	553	36.19910550117493	252
2025-02-10 20:55:06,633 - INFO - 	85	1452601626353.9512	0	0.08145546913146973	47.618855714797974	555	553	36.66250538825989	255
2025-02-10 20:55:07,161 - INFO - 	86	1417368421406.105	0	0.08405542373657227	48.14670777320862	558	553	37.06077837944031	258
2025-02-10 20:55:07,681 - INFO - 	87	1417368421406.1047	0	0.08550906181335449	48.66647744178772	561	553	37.45137119293213	261
2025-02-10 20:55:08,215 - INFO - 	88	1416428571785.1433	0	0.08820486068725586	49.20040822029114	564	553	37.85525107383728	264
2025-02-10 20:55:08,750 - INFO - 	89	1416290909444.9675	0	0.09102487564086914	49.735881090164185	567	553	38.26067018508911	267
2025-02-10 20:55:09,351 - INFO - 	90	1395000000364.5	0	0.09299707412719727	50.33632493019104	570	553	38.73164701461792	270
2025-02-10 20:55:09,881 - INFO - 	91	1395000000364.5	0	0.09452104568481445	50.866559743881226	573	553	39.13250541687012	273
2025-02-10 20:55:10,401 - INFO - 	92	1355000000372.5	0	0.0958549976348877	51.38596272468567	576	553	39.52373814582825	276
2025-02-10 20:55:10,928 - INFO - 	93	1355000000372.5	0	0.0973663330078125	51.913307905197144	579	553	39.922611474990845	279
2025-02-10 20:55:11,453 - INFO - 	94	1355000000370.75	0	0.10067510604858398	52.43833374977112	582	553	40.31744146347046	282
2025-02-10 20:55:12,056 - INFO - 	95	1355000000370.75	0	0.10435986518859863	53.04091668128967	585	553	40.789912700653076	285
2025-02-10 20:55:12,587 - INFO - 	96	1355000000370.75	0	0.10634875297546387	53.57167172431946	588	553	41.19182372093201	288
2025-02-10 20:55:13,124 - INFO - 	97	1355000000370.75	0	0.10750555992126465	54.109187602996826	591	553	41.60101246833801	291
2025-02-10 20:55:13,734 - INFO - 	98	1352102665720.7742	0	0.10985159873962402	54.71916055679321	594	553	42.081902742385864	294
2025-02-10 20:55:14,275 - INFO - 	99	1346511628282.9297	0	0.11550664901733398	55.259257555007935	597	553	42.48992347717285	297
2025-02-10 20:55:14,817 - INFO - 	100	1342448860693.3174	0	0.11955571174621582	55.801122426986694	600	553	42.901137590408325	300
2025-02-10 20:55:15,361 - INFO - 	101	1331200555549.1477	0	0.12558484077453613	56.34507727622986	603	553	43.31220316886902	303
2025-02-10 20:55:15,924 - INFO - 	102	1312692438116.2502	0	0.12958002090454102	56.907992124557495	606	553	43.74335503578186	306
2025-02-10 20:55:16,514 - INFO - 	103	1285031446935.9187	0	0.13607001304626465	57.4979772567749	609	553	44.19981408119202	309
2025-02-10 20:55:17,032 - INFO - 	104	1275177663387.3647	0	0.1399061679840088	58.01588988304138	612	553	44.587687253952026	312
2025-02-10 20:55:17,556 - INFO - 	105	1256990548903.4585	0	0.14361810684204102	58.54054260253906	615	553	44.98164486885071	315
2025-02-10 20:55:18,091 - INFO - 	106	1244176510817.2192	0	0.15007901191711426	59.07522630691528	618	553	45.382885694503784	318
2025-02-10 20:55:18,628 - INFO - 	107	1220000070457.5579	0	0.15517902374267578	59.61235451698303	621	553	45.7883415222168	321
2025-02-10 20:55:19,226 - INFO - 	108	1187775802270.748	0	0.15769410133361816	60.20996928215027	624	553	46.256957054138184	324
2025-02-10 20:55:19,756 - INFO - 	109	1181237206625.0256	0	0.16548633575439453	60.73939323425293	627	553	46.6514413356781	327
2025-02-10 20:55:20,297 - INFO - 	110	1174961459213.115	0	0.17367839813232422	61.280500173568726	630	553	47.05809164047241	330
2025-02-10 20:55:20,835 - INFO - 	111	1168867573214.3496	0	0.17596149444580078	61.818177223205566	633	553	47.4666953086853	333
2025-02-10 20:55:21,379 - INFO - 	112	1152431837904.5928	0	0.17968463897705078	62.36249232292175	636	553	47.880841970443726	336
2025-02-10 20:55:21,973 - INFO - 	113	1133113818911.6782	0	0.186936616897583	62.95586633682251	639	553	48.340798139572144	339
2025-02-10 20:55:22,495 - INFO - 	114	1118614061988.8057	0	0.19543766975402832	63.47785043716431	642	553	48.7282452583313	342
2025-02-10 20:55:23,020 - INFO - 	115	1106438324376.3477	0	0.20375561714172363	64.0028944015503	645	553	49.1181902885437	345
2025-02-10 20:55:23,539 - INFO - 	116	1100036222977.08	0	0.2066037654876709	64.52207040786743	648	553	49.50860929489136	348
2025-02-10 20:55:24,061 - INFO - 	117	1096870304789.3624	0	0.2128455638885498	65.0442476272583	651	553	49.8983154296875	351
2025-02-10 20:55:24,645 - INFO - 	118	1081993389202.7102	0	0.2192094326019287	65.62827444076538	654	553	50.3490469455719	354
2025-02-10 20:55:25,167 - INFO - 	119	1080698659874.4744	0	0.22320032119750977	66.1500723361969	657	553	50.740747690200806	357
2025-02-10 20:55:25,688 - INFO - 	120	1077961666543.4926	0	0.23047447204589844	66.67034244537354	660	553	51.12701177597046	360
2025-02-10 20:55:26,282 - INFO - 	121	1066581419361.7178	0	0.2346816062927246	67.26437449455261	663	553	51.59023952484131	363
2025-02-10 20:55:26,812 - INFO - 	122	1053241986857.7115	0	0.24230551719665527	67.79421472549438	666	553	51.98612976074219	366
2025-02-10 20:55:27,342 - INFO - 	123	1039344473753.2458	0	0.2497115135192871	68.32403254508972	669	553	52.38232088088989	369
2025-02-10 20:55:27,868 - INFO - 	124	1032330337266.9906	0	0.2584207057952881	68.85034584999084	672	553	52.77396821975708	372
2025-02-10 20:55:28,381 - INFO - 	125	1017397062399.0414	0	0.263671875	69.36292791366577	675	553	53.15458917617798	375
2025-02-10 20:55:28,964 - INFO - 	126	1000419885911.0789	0	0.26900196075439453	69.94595980644226	678	553	53.605616092681885	378
2025-02-10 20:55:29,489 - INFO - 	127	989381501216.8462	0	0.27764296531677246	70.47139358520508	681	553	53.99672985076904	381
2025-02-10 20:55:30,013 - INFO - 	128	983757269245.2605	0	0.2884490489959717	70.99442553520203	684	553	54.3827121257782	384
2025-02-10 20:55:30,537 - INFO - 	129	948869725101.202	0	0.29554295539855957	71.51885533332825	687	553	54.77347278594971	387
2025-02-10 20:55:31,126 - INFO - 	130	941073075491.3715	0	0.30420422554016113	72.1076192855835	690	553	55.22712516784668	390
2025-02-10 20:55:31,654 - INFO - 	131	927333546860.3655	0	0.3130824565887451	72.63604426383972	693	553	55.618881940841675	393
2025-02-10 20:55:32,180 - INFO - 	132	921330461082.9183	0	0.32033824920654297	73.16173124313354	696	553	56.01094388961792	396
2025-02-10 20:55:32,701 - INFO - 	133	910926438716.1228	0	0.3296482563018799	73.68284916877747	699	553	56.39624285697937	399
2025-02-10 20:55:33,288 - INFO - 	134	899025070192.3606	0	0.339367151260376	74.26938819885254	702	553	56.84697079658508	402
2025-02-10 20:55:33,801 - INFO - 	135	889277240420.7142	0	0.3481121063232422	74.78230333328247	705	553	57.224839210510254	405
2025-02-10 20:55:34,317 - INFO - 	136	869669732122.433	0	0.35268092155456543	75.29795026779175	708	553	57.609432220458984	408
2025-02-10 20:55:34,845 - INFO - 	137	862296695705.9684	0	0.358471155166626	75.8260850906372	711	553	58.005427837371826	411
2025-02-10 20:55:35,445 - INFO - 	138	847869932662.1523	0	0.3692002296447754	76.42593789100647	714	553	58.4671745300293	414
2025-02-10 20:55:35,975 - INFO - 	139	842318389256.6644	0	0.37859511375427246	76.95578789710999	717	553	58.86109185218811	417
2025-02-10 20:55:36,508 - INFO - 	140	840160730383.2594	0	0.38726305961608887	77.48882699012756	720	553	59.259252071380615	420
2025-02-10 20:55:37,092 - INFO - 	141	837772152483.8121	0	0.39470505714416504	78.07230186462402	723	553	59.70894503593445	423
2025-02-10 20:55:37,614 - INFO - 	142	835540107536.6691	0	0.40312981605529785	78.5941858291626	726	553	60.095197916030884	426
2025-02-10 20:55:38,133 - INFO - 	143	824461539050.6261	0	0.40521979331970215	79.11306381225586	729	553	60.485893964767456	429
2025-02-10 20:55:38,661 - INFO - 	144	824398069426.3301	0	0.4138219356536865	79.64140486717224	732	553	60.878788232803345	432
2025-02-10 20:55:39,194 - INFO - 	145	822269841861.2612	0	0.4257078170776367	80.17370271682739	735	553	61.272666454315186	435
2025-02-10 20:55:39,779 - INFO - 	146	819377307416.289	0	0.4351620674133301	80.75880479812622	738	553	61.721503257751465	438
2025-02-10 20:55:40,293 - INFO - 	147	816672202362.4779	0	0.442277193069458	81.27270889282227	741	553	62.10212254524231	441
2025-02-10 20:55:40,816 - INFO - 	148	813414394509.5011	0	0.4530489444732666	81.79597783088684	744	553	62.487826108932495	444
2025-02-10 20:55:41,338 - INFO - 	149	813413986160.2101	0	0.46223878860473633	82.31781601905823	747	553	62.87400031089783	447
2025-02-10 20:55:41,860 - INFO - 	150	811638563113.5366	0	0.47121262550354004	82.83984708786011	750	553	63.26060628890991	450
2025-02-10 20:55:42,450 - INFO - 	151	809729469714.2499	0	0.4817216396331787	83.42971920967102	753	553	63.713319301605225	453
2025-02-10 20:55:42,975 - INFO - 	152	795039415669.5471	0	0.4949824810028076	83.95408487319946	756	553	64.09742760658264	456
2025-02-10 20:55:43,494 - INFO - 	153	792406033832.479	0	0.5051665306091309	84.47325682640076	759	553	64.47987651824951	459
2025-02-10 20:55:44,042 - INFO - 	154	784210721213.366	0	0.5169286727905273	85.02083373069763	762	553	64.88897514343262	462
2025-02-10 20:55:44,570 - INFO - 	155	781367744088.3922	0	0.5290143489837646	85.54966378211975	765	553	65.27849102020264	465
2025-02-10 20:55:45,097 - INFO - 	156	778662132533.1521	0	0.5394773483276367	86.0765380859375	768	553	65.66801929473877	468
2025-02-10 20:55:45,696 - INFO - 	157	772053963984.6697	0	0.5482704639434814	86.67457294464111	771	553	66.13097715377808	471
2025-02-10 20:55:46,220 - INFO - 	158	761096135538.479	0	0.5597183704376221	87.1992039680481	774	553	66.51734519004822	474
2025-02-10 20:55:46,750 - INFO - 	159	745723471629.6665	0	0.5708603858947754	87.72832202911377	777	553	66.90874123573303	477
2025-02-10 20:55:47,263 - INFO - 	160	738928280609.8453	0	0.5734744071960449	88.24151182174683	780	553	67.29202008247375	480
2025-02-10 20:55:47,785 - INFO - 	161	725213731614.2152	0	0.5859935283660889	88.76382279396057	783	553	67.67519474029541	483
2025-02-10 20:55:48,377 - INFO - 	162	725135021120.7733	0	0.5939054489135742	89.35527205467224	786	553	68.13223791122437	486
2025-02-10 20:55:48,896 - INFO - 	163	718007576091.8075	0	0.6023705005645752	89.87436628341675	789	553	68.51630187034607	489
2025-02-10 20:55:49,433 - INFO - 	164	711330384582.8104	0	0.6143553256988525	90.41171407699585	792	553	68.91545677185059	492
2025-02-10 20:55:49,968 - INFO - 	165	700923420430.0034	0	0.6212353706359863	90.94608497619629	795	553	69.31568646430969	495
2025-02-10 20:55:50,516 - INFO - 	166	692054565369.547	0	0.6366572380065918	91.49374079704285	798	553	69.72105526924133	498
2025-02-10 20:55:51,122 - INFO - 	167	686617657545.3075	0	0.6491425037384033	92.09993481636047	801	553	70.18815612792969	501
2025-02-10 20:55:51,660 - INFO - 	168	678741292337.4814	0	0.6581144332885742	92.63826084136963	804	553	70.59110689163208	504
2025-02-10 20:55:52,182 - INFO - 	169	675670035032.798	0	0.6662707328796387	93.160240650177	807	553	70.97810506820679	507
2025-02-10 20:55:52,720 - INFO - 	170	669604840297.2616	0	0.6808409690856934	93.69817876815796	810	553	71.37464141845703	510
2025-02-10 20:55:53,232 - INFO - 	171	662119453835.6855	0	0.6905169486999512	94.20937299728394	813	553	71.74967980384827	513
2025-02-10 20:55:53,765 - INFO - 	172	657256680163.0951	0	0.7070577144622803	94.7420539855957	816	553	72.13958883285522	516
2025-02-10 20:55:54,277 - INFO - 	173	646930433072.3939	0	0.7100353240966797	95.25454592704773	819	553	72.52297902107239	519
2025-02-10 20:55:54,792 - INFO - 	174	633133421425.1696	0	0.7201709747314453	95.76944494247437	822	553	72.90132117271423	522
2025-02-10 20:55:55,385 - INFO - 	175	621001665751.0782	0	0.7353160381317139	96.36242485046387	825	553	73.35275220870972	525
2025-02-10 20:55:55,912 - INFO - 	176	614135201955.0516	0	0.7469611167907715	96.8887288570404	828	553	73.74039340019226	528
2025-02-10 20:55:56,446 - INFO - 	177	601815578340.91	0	0.7540090084075928	97.42325592041016	831	553	74.14113306999207	531
2025-02-10 20:55:56,973 - INFO - 	178	601681084972.2123	0	0.7595629692077637	97.94987106323242	834	553	74.53578662872314	534
2025-02-10 20:55:57,570 - INFO - 	179	586739619819.8217	0	0.7731678485870361	98.5464460849762	837	553	74.99222326278687	537
2025-02-10 20:55:58,084 - INFO - 	180	579234754163.5242	0	0.7916398048400879	99.06057810783386	840	553	75.36091136932373	540
2025-02-10 20:55:58,610 - INFO - 	181	575419059353.8456	0	0.7955746650695801	99.58713388442993	843	553	75.75674343109131	543
2025-02-10 20:55:59,139 - INFO - 	182	562137072021.1399	0	0.8063738346099854	100.11566996574402	846	553	76.1475396156311	546
2025-02-10 20:55:59,723 - INFO - 	183	559759244485.4786	0	0.8163340091705322	100.69910287857056	849	553	76.59411358833313	549
2025-02-10 20:56:00,249 - INFO - 	184	551332636613.425	0	0.830507755279541	101.22498202323914	852	553	76.97941732406616	552
2025-02-10 20:56:00,762 - INFO - 	185	550886628506.884	0	0.842052698135376	101.7379379272461	855	553	77.35357546806335	555
2025-02-10 20:56:01,273 - INFO - 	186	548516020331.338	0	0.8549666404724121	102.24883198738098	858	553	77.72460556030273	558
2025-02-10 20:56:01,788 - INFO - 	187	544823251194.80743	0	0.8692045211791992	102.76408910751343	861	553	78.09890079498291	561
2025-02-10 20:56:02,366 - INFO - 	188	540271737331.40906	0	0.8818063735961914	103.34217619895935	864	553	78.53768110275269	564
2025-02-10 20:56:02,899 - INFO - 	189	536058322767.32306	0	0.8995234966278076	103.87501239776611	867	553	78.92582774162292	567
2025-02-10 20:56:03,412 - INFO - 	190	527342293449.262	0	0.9130725860595703	104.38742470741272	870	553	79.29774785041809	570
2025-02-10 20:56:03,920 - INFO - 	191	523865123904.36725	0	0.929889440536499	104.89533567428589	873	553	79.66202306747437	573
2025-02-10 20:56:04,436 - INFO - 	192	522499397773.8376	0	0.9457025527954102	105.41176962852478	876	553	80.03575301170349	576
2025-02-10 20:56:05,027 - INFO - 	193	509862779037.24695	0	0.9659576416015625	106.00282764434814	879	553	80.4800112247467	579
2025-02-10 20:56:05,548 - INFO - 	194	507079028622.85065	0	0.9830565452575684	106.5234706401825	882	553	80.85663199424744	582
2025-02-10 20:56:06,070 - INFO - 	195	504520864091.52167	0	0.9978406429290771	107.04508852958679	885	553	81.23717904090881	585
2025-02-10 20:56:06,582 - INFO - 	196	504520864091.52167	0	1.0093457698822021	107.55752968788147	888	553	81.61167693138123	588
2025-02-10 20:56:07,101 - INFO - 	197	498944232518.37775	0	1.0225467681884766	108.07572770118713	891	553	81.98962616920471	591
2025-02-10 20:56:07,614 - INFO - 	198	498400776249.70135	0	1.0354738235473633	108.5887496471405	894	553	82.36220860481262	594
2025-02-10 20:56:08,199 - INFO - 	199	492357822767.76917	0	1.0527400970458984	109.1739387512207	897	553	82.80302047729492	597
2025-02-10 20:56:08,720 - INFO - 	200	487413035990.28326	0	1.0717008113861084	109.69524478912354	900	553	83.17825531959534	600
2025-02-10 20:56:09,237 - INFO - 	201	483709421369.7969	0	1.0874285697937012	110.21171188354492	903	553	83.55205607414246	603
2025-02-10 20:56:09,824 - INFO - 	202	476647518332.9635	0	1.1040334701538086	110.79895973205566	906	553	83.9963891506195	606
2025-02-10 20:56:10,349 - INFO - 	203	472906330208.8124	0	1.1163806915283203	111.32308983802795	909	553	84.38192510604858	609
2025-02-10 20:56:10,870 - INFO - 	204	469183605521.31964	0	1.1342828273773193	111.8441379070282	912	553	84.75807523727417	612
2025-02-10 20:56:11,388 - INFO - 	205	459523974754.8108	0	1.142265796661377	112.36234211921692	915	553	85.14189314842224	615
2025-02-10 20:56:11,898 - INFO - 	206	451478708223.2449	0	1.1582109928131104	112.87261724472046	918	553	85.50951099395752	618
2025-02-10 20:56:12,432 - INFO - 	207	451467879188.02655	0	1.1669480800628662	113.40581727027893	921	553	85.90668392181396	621
2025-02-10 20:56:13,005 - INFO - 	208	444718866044.9921	0	1.1748878955841064	113.97899627685547	924	553	86.34513735771179	624
2025-02-10 20:56:13,514 - INFO - 	209	442624551225.3904	0	1.189084768295288	114.4880862236023	927	553	86.71348023414612	627
2025-02-10 20:56:14,020 - INFO - 	210	439360255673.26636	0	1.2077267169952393	114.99333214759827	930	553	87.07412624359131	630
2025-02-10 20:56:14,536 - INFO - 	211	437456918278.25085	0	1.2198426723480225	115.50997996330261	933	553	87.45176935195923	633
2025-02-10 20:56:15,131 - INFO - 	212	431571612812.61456	0	1.227726697921753	116.10471105575562	936	553	87.91206359863281	636
2025-02-10 20:56:15,630 - INFO - 	213	430208163185.0052	0	1.237705945968628	116.60365390777588	939	553	88.27382779121399	639
2025-02-10 20:56:16,146 - INFO - 	214	427067576895.9221	0	1.258739948272705	117.11912822723389	942	553	88.6416244506836	642
2025-02-10 20:56:16,653 - INFO - 	215	421483530515.2491	0	1.2767078876495361	117.62605309486389	945	553	89.0039656162262	645
2025-02-10 20:56:17,180 - INFO - 	216	418439872633.4828	0	1.2977018356323242	118.15365529060364	948	553	89.38373947143555	648
2025-02-10 20:56:17,764 - INFO - 	217	417775820065.11035	0	1.3115148544311523	118.73695850372314	951	553	89.82693481445312	651
2025-02-10 20:56:18,284 - INFO - 	218	415898528444.7005	0	1.3287239074707031	119.25669932365417	954	553	90.20294094085693	654
2025-02-10 20:56:18,798 - INFO - 	219	413344672804.6895	0	1.3468008041381836	119.7704451084137	957	553	90.57171082496643	657
2025-02-10 20:56:19,305 - INFO - 	220	411645775784.3413	0	1.3600008487701416	120.27811026573181	960	553	90.93927073478699	660
2025-02-10 20:56:19,815 - INFO - 	221	408035280318.29254	0	1.3724329471588135	120.78785824775696	963	553	91.30978846549988	663
2025-02-10 20:56:20,399 - INFO - 	222	405985519747.4003	0	1.3898189067840576	121.37117052078247	966	553	91.74907040596008	666
2025-02-10 20:56:20,919 - INFO - 	223	404395499578.5782	0	1.406916856765747	121.89177751541138	969	553	92.12611770629883	669
2025-02-10 20:56:21,438 - INFO - 	224	397983044854.20184	0	1.4216558933258057	122.41034865379333	972	553	92.50346946716309	672
2025-02-10 20:56:21,952 - INFO - 	225	395210553158.101	0	1.4378180503845215	122.92385959625244	975	553	92.87350654602051	675
2025-02-10 20:56:22,474 - INFO - 	226	387111291044.7658	0	1.4669852256774902	123.44635653495789	978	553	93.23954558372498	678
2025-02-10 20:56:22,997 - INFO - 	227	384458255705.2631	0	1.4900834560394287	123.96948146820068	981	553	93.61312341690063	681
2025-02-10 20:56:23,586 - INFO - 	228	382912291118.8607	0	1.5113365650177002	124.55837154388428	984	553	94.05403137207031	684
2025-02-10 20:56:24,105 - INFO - 	229	381492954314.0477	0	1.527559518814087	125.07640552520752	987	553	94.42924737930298	687
2025-02-10 20:56:24,624 - INFO - 	230	378832742016.2782	0	1.5511624813079834	125.59529757499695	990	553	94.79793047904968	690
2025-02-10 20:56:25,145 - INFO - 	231	369973696044.43994	0	1.5791406631469727	126.11642861366272	993	553	95.16362500190735	693
2025-02-10 20:56:25,671 - INFO - 	232	358632793650.2906	0	1.5956625938415527	126.64301466941833	996	553	95.5467541217804	696
2025-02-10 20:56:26,201 - INFO - 	233	356809754226.95056	0	1.615875482559204	127.17233395576477	999	553	95.92944574356079	699
2025-02-10 20:56:26,789 - INFO - 	234	354139104280.47766	0	1.6208364963531494	127.76041793823242	1002	553	96.38553047180176	702
2025-02-10 20:56:27,307 - INFO - 	235	350664874421.7674	0	1.6336026191711426	128.27821111679077	1005	553	96.76412034034729	705
2025-02-10 20:56:27,839 - INFO - 	236	348997947469.02576	0	1.6482138633728027	128.80978322029114	1008	553	97.15450310707092	708
2025-02-10 20:56:28,368 - INFO - 	237	323830969070.4053	0	1.6584198474884033	129.33872747421265	1011	553	97.54665613174438	711
2025-02-10 20:56:28,916 - INFO - 	238	322070747812.8604	0	1.67921781539917	129.8865942955017	1014	553	97.9465823173523	714
2025-02-10 20:56:29,443 - INFO - 	239	313384888537.3828	0	1.6900126934051514	130.41344332695007	1017	553	98.33550810813904	717
2025-02-10 20:56:30,056 - INFO - 	240	309891205431.1344	0	1.7104158401489258	131.02652311325073	1020	553	98.80102586746216	720
2025-02-10 20:56:30,584 - INFO - 	241	298392730730.7596	0	1.7340848445892334	131.55518412590027	1023	553	99.17927408218384	723
2025-02-10 20:56:31,113 - INFO - 	242	294365919026.83295	0	1.7508516311645508	132.08401799201965	1026	553	99.56449365615845	726
2025-02-10 20:56:31,639 - INFO - 	243	291420027949.7827	0	1.7709403038024902	132.60903024673462	1029	553	99.94278836250305	729
2025-02-10 20:56:32,156 - INFO - 	244	289058528575.6739	0	1.778881549835205	133.12643933296204	1032	553	100.3254599571228	732
2025-02-10 20:56:32,686 - INFO - 	245	287356818408.24646	0	1.800992488861084	133.65679621696472	1035	553	100.70713400840759	735
2025-02-10 20:56:33,280 - INFO - 	246	287243071281.8226	0	1.8207383155822754	134.25070428848267	1038	553	101.15421509742737	738
2025-02-10 20:56:33,810 - INFO - 	247	273361323900.2395	0	1.8380193710327148	134.78032803535461	1041	553	101.5395622253418	741
2025-02-10 20:56:34,354 - INFO - 	248	259796274137.25516	0	1.8742103576660156	135.324116230011	1044	553	101.92050814628601	744
2025-02-10 20:56:34,877 - INFO - 	249	254032523952.6304	0	1.9009783267974854	135.8466832637787	1047	553	102.28870344161987	747
2025-02-10 20:56:35,415 - INFO - 	250	251441865491.43008	0	1.9301724433898926	136.38440537452698	1050	553	102.66989636421204	750
2025-02-10 20:56:35,933 - INFO - 	251	247752698972.0589	0	1.9453823566436768	136.90232348442078	1053	553	103.04596853256226	753
2025-02-10 20:56:36,538 - INFO - 	252	242346284814.0383	0	1.9698164463043213	137.50801944732666	1056	553	103.49968194961548	756
2025-02-10 20:56:37,075 - INFO - 	253	241411185601.52045	0	1.995070457458496	138.04405450820923	1059	553	103.88363862037659	759
2025-02-10 20:56:37,609 - INFO - 	254	239816018005.9635	0	2.011880397796631	138.57889771461487	1062	553	104.2752685546875	762
2025-02-10 20:56:38,141 - INFO - 	255	235864263097.75504	0	2.032066583633423	139.11072778701782	1065	553	104.6601243019104	765
2025-02-10 20:56:38,672 - INFO - 	256	234379715853.16415	0	2.042459487915039	139.64172983169556	1068	553	105.05361127853394	768
2025-02-10 20:56:39,219 - INFO - 	257	225488945840.231	0	2.06179141998291	140.18831491470337	1071	553	105.45371437072754	771
2025-02-10 20:56:39,802 - INFO - 	258	225249504585.07538	0	2.0818512439727783	140.7709310054779	1074	553	105.88943886756897	774
2025-02-10 20:56:40,317 - INFO - 	259	218673027984.8625	0	2.09039306640625	141.2855110168457	1077	553	106.2689368724823	777
2025-02-10 20:56:40,877 - INFO - 	260	207623356354.40643	0	2.120220899581909	141.84552001953125	1080	553	106.67212510108948	780
2025-02-10 20:56:41,395 - INFO - 	261	204778415878.46353	0	2.1399166584014893	142.36411309242249	1083	553	107.0441312789917	783
2025-02-10 20:56:41,991 - INFO - 	262	204778415878.46356	0	2.166987657546997	142.96009802818298	1086	553	107.48609447479248	786
2025-02-10 20:56:42,497 - INFO - 	263	204681388167.07703	0	2.1724815368652344	143.46594214439392	1089	553	107.85902762413025	789
2025-02-10 20:56:43,036 - INFO - 	264	200737402094.96155	0	2.2081336975097656	144.003986120224	1092	553	108.23462581634521	792
2025-02-10 20:56:43,555 - INFO - 	265	200650660512.62555	0	2.2261948585510254	144.52374386787415	1095	553	108.6094913482666	795
2025-02-10 20:56:44,089 - INFO - 	266	194337698981.98413	0	2.2505619525909424	145.05731296539307	1098	553	108.9918270111084	798
2025-02-10 20:56:44,614 - INFO - 	267	193645642433.68445	0	2.2723870277404785	145.58234786987305	1101	553	109.36837005615234	801
2025-02-10 20:56:45,207 - INFO - 	268	191604985460.7756	0	2.2960469722747803	146.17553091049194	1104	553	109.81078886985779	804
2025-02-10 20:56:45,727 - INFO - 	269	191593769937.47794	0	2.3118202686309814	146.69503784179688	1107	553	110.1878273487091	807
2025-02-10 20:56:46,255 - INFO - 	270	176666792688.8571	0	2.3432562351226807	147.2229437828064	1110	553	110.55692028999329	810
2025-02-10 20:56:46,781 - INFO - 	271	174201107276.71008	0	2.369744300842285	147.74899864196777	1113	553	110.92955827713013	813
2025-02-10 20:56:47,313 - INFO - 	272	167332263298.7655	0	2.406280040740967	148.28096270561218	1116	553	111.2981550693512	816
2025-02-10 20:56:47,921 - INFO - 	273	162294296713.15408	0	2.438316822052002	148.8882875442505	1119	553	111.74661111831665	819
2025-02-10 20:56:48,436 - INFO - 	274	162278281544.0012	0	2.4573028087615967	149.4032506942749	1122	553	112.11561155319214	822
2025-02-10 20:56:48,963 - INFO - 	275	157618808610.50555	0	2.491719961166382	149.93063378334045	1125	553	112.48157334327698	825
2025-02-10 20:56:49,492 - INFO - 	276	154777146399.49927	0	2.5227489471435547	150.4594168663025	1128	553	112.85234236717224	828
2025-02-10 20:56:50,009 - INFO - 	277	152740320349.62045	0	2.534970998764038	150.97633385658264	1131	553	113.23018622398376	831
2025-02-10 20:56:50,551 - INFO - 	278	151180341121.72647	0	2.56850004196167	151.51802802085876	1134	553	113.61111545562744	834
2025-02-10 20:56:51,153 - INFO - 	279	146929388073.6425	0	2.6028409004211426	152.11959409713745	1137	553	114.05123090744019	837
2025-02-10 20:56:51,686 - INFO - 	280	142066114004.11923	0	2.6375787258148193	152.65330719947815	1140	553	114.42262697219849	840
2025-02-10 20:56:52,225 - INFO - 	281	139495718968.2829	0	2.6662237644195557	153.19141221046448	1143	553	114.80538058280945	843
2025-02-10 20:56:52,748 - INFO - 	282	137372254063.79218	0	2.6758649349212646	153.714919090271	1146	553	115.19216251373291	846
2025-02-10 20:56:53,348 - INFO - 	283	136320205745.25644	0	2.6940107345581055	154.3147041797638	1149	553	115.64622354507446	849
2025-02-10 20:56:53,883 - INFO - 	284	135036273341.88197	0	2.7210617065429688	154.84943103790283	1152	553	116.02714967727661	852
2025-02-10 20:56:54,421 - INFO - 	285	129901555669.75105	0	2.7584304809570312	155.3879039287567	1155	553	116.40126967430115	855
2025-02-10 20:56:54,960 - INFO - 	286	127077657554.7517	0	2.7799954414367676	155.92590403556824	1158	553	116.79022884368896	858
2025-02-10 20:56:55,485 - INFO - 	287	123329583869.37157	0	2.8055155277252197	156.45086288452148	1161	553	117.16285181045532	861
2025-02-10 20:56:56,101 - INFO - 	288	120489413674.04356	0	2.831496477127075	157.067400932312	1164	553	117.62577390670776	864
2025-02-10 20:56:56,646 - INFO - 	289	116868209641.8661	0	2.8588314056396484	157.61232590675354	1167	553	118.01580357551575	867
2025-02-10 20:56:57,188 - INFO - 	290	112697266299.81459	0	2.893144369125366	158.15384769439697	1170	553	118.39612460136414	870
2025-02-10 20:56:57,727 - INFO - 	291	109262829712.50432	0	2.919201374053955	158.69286465644836	1173	553	118.78185272216797	873
2025-02-10 20:56:58,239 - INFO - 	292	108314085496.20932	0	2.926037311553955	159.2044038772583	1176	553	119.1592071056366	876
2025-02-10 20:56:58,846 - INFO - 	293	106098514769.39136	0	2.9558265209198	159.81208395957947	1179	553	119.6102991104126	879
2025-02-10 20:56:59,379 - INFO - 	294	101795547705.93065	0	2.9833195209503174	160.34439492225647	1182	553	119.98812890052795	882
2025-02-10 20:56:59,910 - INFO - 	295	101628265391.58095	0	3.0046656131744385	160.87584686279297	1185	553	120.37149477005005	885
2025-02-10 20:57:00,445 - INFO - 	296	97996172432.019	0	3.0288326740264893	161.41085481643677	1188	553	120.75489711761475	888
2025-02-10 20:57:00,973 - INFO - 	297	95937095932.50616	0	3.047520875930786	161.93821001052856	1191	553	121.13636612892151	891
2025-02-10 20:57:01,571 - INFO - 	298	93232176805.25038	0	3.0802507400512695	162.53612184524536	1194	553	121.57501101493835	894
2025-02-10 20:57:02,091 - INFO - 	299	92563003672.35048	0	3.0939483642578125	163.05577874183655	1197	553	121.95416951179504	897
2025-02-10 20:57:02,612 - INFO - 	300	91076402503.81322	0	3.111664295196533	163.57736253738403	1200	553	122.3309154510498	900
2025-02-10 20:57:03,147 - INFO - 	301	90862498627.35573	0	3.1424152851104736	164.1123366355896	1203	553	122.70793128013611	903
2025-02-10 20:57:03,656 - INFO - 	302	90014090510.80902	0	3.1547720432281494	164.62038254737854	1206	553	123.07701706886292	906
2025-02-10 20:57:04,254 - INFO - 	303	88529345438.53201	0	3.189484119415283	165.21843147277832	1209	553	123.51398468017578	909
2025-02-10 20:57:04,780 - INFO - 	304	87002846603.72685	0	3.212785005569458	165.74462628364563	1212	553	123.89002585411072	912
2025-02-10 20:57:05,314 - INFO - 	305	84349317870.64453	0	3.2466399669647217	166.2788143157959	1215	553	124.26397204399109	915
2025-02-10 20:57:05,848 - INFO - 	306	82221851568.38126	0	3.282494068145752	166.8121612071991	1218	553	124.63421893119812	918
2025-02-10 20:57:06,379 - INFO - 	307	79567389845.54745	0	3.3194758892059326	167.34365129470825	1221	553	125.00162243843079	921
2025-02-10 20:57:06,977 - INFO - 	308	76552122258.67552	0	3.3501319885253906	167.9416573047638	1224	553	125.44264769554138	924
2025-02-10 20:57:07,497 - INFO - 	309	75938022810.62782	0	3.3660380840301514	168.4609854221344	1227	553	125.8191659450531	927
2025-02-10 20:57:08,015 - INFO - 	310	75434787869.15933	0	3.389193058013916	168.97873735427856	1230	553	126.18736720085144	930
2025-02-10 20:57:08,530 - INFO - 	311	73678007293.9641	0	3.4112489223480225	169.49403619766235	1233	553	126.55325889587402	933
2025-02-10 20:57:09,098 - INFO - 	312	71306833234.62163	0	3.477411985397339	170.06191396713257	1236	553	126.92805314064026	936
2025-02-10 20:57:09,640 - INFO - 	313	69511146315.43176	0	3.525045871734619	170.60358715057373	1239	553	127.29485297203064	939
2025-02-10 20:57:10,267 - INFO - 	314	66660893967.67299	0	3.5689609050750732	171.23095798492432	1242	553	127.75112271308899	942
2025-02-10 20:57:10,789 - INFO - 	315	65472298074.29294	0	3.586479902267456	171.75281500816345	1245	553	128.12809324264526	945
2025-02-10 20:57:11,322 - INFO - 	316	63534636713.189354	0	3.625185012817383	172.28509306907654	1248	553	128.4945583343506	948
2025-02-10 20:57:11,845 - INFO - 	317	61634253656.25591	0	3.654308795928955	172.80877709388733	1251	553	128.86210417747498	951
2025-02-10 20:57:12,354 - INFO - 	318	58540196760.58748	0	3.664351463317871	173.3172152042389	1254	553	129.23342490196228	954
2025-02-10 20:57:12,900 - INFO - 	319	54367546295.73416	0	3.696101427078247	173.86294031143188	1257	553	129.6207091808319	957
2025-02-10 20:57:13,489 - INFO - 	320	53076560207.453926	0	3.714381456375122	174.45237350463867	1260	553	130.06454396247864	960
2025-02-10 20:57:14,031 - INFO - 	321	45314331432.30066	0	3.7500016689300537	174.99346256256104	1263	553	130.44319701194763	963
2025-02-10 20:57:14,578 - INFO - 	322	44821562822.91058	0	3.781562566757202	175.54041361808777	1266	553	130.8313446044922	966
2025-02-10 20:57:15,126 - INFO - 	323	43540641203.08489	0	3.8154525756835938	176.08837175369263	1269	553	131.21861505508423	969
2025-02-10 20:57:15,741 - INFO - 	324	42141144292.26284	0	3.844792366027832	176.70340371131897	1272	553	131.67681169509888	972
2025-02-10 20:57:16,281 - INFO - 	325	41809871765.163635	0	3.8667373657226562	177.24377870559692	1275	553	132.06845879554749	975
2025-02-10 20:57:16,826 - INFO - 	326	38706866918.896416	0	3.8973615169525146	177.78793454170227	1278	553	132.45517659187317	978
2025-02-10 20:57:17,366 - INFO - 	327	37387600480.694595	0	3.9216363430023193	178.32842874526978	1281	553	132.84420084953308	981
2025-02-10 20:57:17,920 - INFO - 	328	34000594188.42229	0	3.9704301357269287	178.88257479667664	1284	553	133.22218585014343	984
2025-02-10 20:57:18,475 - INFO - 	329	29700715857.122005	0	4.005107164382935	179.4373438358307	1287	553	133.61503505706787	987
2025-02-10 20:57:19,084 - INFO - 	330	22519538231.43442	0	4.041744232177734	180.04574489593506	1290	553	134.05933094024658	990
2025-02-10 20:57:19,604 - INFO - 	331	22350211464.81442	0	4.059662103652954	180.56593370437622	1293	553	134.4349467754364	993
2025-02-10 20:57:20,125 - INFO - 	332	17192136314.54451	0	4.080397129058838	181.0867645740509	1296	553	134.8081452846527	996
2025-02-10 20:57:20,663 - INFO - 	333	16264701546.833633	0	4.106110334396362	181.62477850914001	1299	553	135.19333124160767	999
2025-02-10 20:57:21,279 - INFO - 	334	11014165382.041697	0	4.134835243225098	182.24041032791138	1302	553	135.65333795547485	1002
2025-02-10 20:57:21,814 - INFO - 	335	10040150757.599962	0	4.160331964492798	182.77522325515747	1305	553	136.03527092933655	1005
2025-02-10 20:57:22,336 - INFO - 	336	40150772.599969305	0	4.182740926742554	183.29709815979004	1308	553	136.40787816047668	1008
2025-02-10 20:57:22,852 - INFO - 	337	1476.6987151584328	0	4.20009183883667	183.81360816955566	1311	553	136.77987003326416	1011
2025-02-10 20:57:23,399 - INFO - 	338	1470.796567692223	0	4.205432891845703	184.3598711490631	1314	553	137.19365167617798	1014
2025-02-10 20:57:24,020 - INFO - 	339	1447.901083953927	0	4.21589994430542	184.98092889785767	1317	553	137.6769895553589	1017
2025-02-10 20:57:24,569 - INFO - 	340	1438.7790989957348	0	4.221729040145874	185.5303647518158	1320	553	138.0939166545868	1020
2025-02-10 20:57:25,122 - INFO - 	341	1428.4889523920524	0	4.229467153549194	186.0832118988037	1323	553	138.51191592216492	1023
2025-02-10 20:57:25,672 - INFO - 	342	1406.0990187689763	0	4.237614393234253	186.633220911026	1326	553	138.92657685279846	1026
2025-02-10 20:57:26,284 - INFO - 	343	1398.9705196490902	0	4.2432541847229	187.24520063400269	1329	553	139.4054868221283	1029
2025-02-10 20:57:26,835 - INFO - 	344	1384.9773907200026	0	4.250351190567017	187.79558539390564	1332	553	139.82102799415588	1032
2025-02-10 20:57:27,393 - INFO - 	345	1379.5284229959937	0	4.258449077606201	188.35349440574646	1335	553	140.2440059185028	1035
2025-02-10 20:57:27,949 - INFO - 	346	1367.3693659539035	0	4.267709016799927	188.9092743396759	1338	553	140.66352319717407	1038
2025-02-10 20:57:28,513 - INFO - 	347	1351.7774794626107	0	4.276967763900757	189.47358012199402	1341	553	141.0910701751709	1041
2025-02-10 20:57:29,134 - INFO - 	348	1345.8059137371722	0	4.283086776733398	190.09455609321594	1344	553	141.57867407798767	1044
2025-02-10 20:57:29,693 - INFO - 	349	1336.621004211146	0	4.289777994155884	190.6533453464508	1347	553	142.00361371040344	1047
2025-02-10 20:57:30,247 - INFO - 	350	1328.7505908740777	0	4.296527862548828	191.2068293094635	1350	553	142.422954082489	1050
2025-02-10 20:57:30,806 - INFO - 	351	1324.7123146335655	0	4.304415702819824	191.76635432243347	1353	553	142.84775590896606	1053
2025-02-10 20:57:31,356 - INFO - 	352	1313.863638569135	0	4.310652732849121	192.31580328941345	1356	553	143.26427745819092	1056
2025-02-10 20:57:31,978 - INFO - 	353	1304.0964741982873	0	4.3184356689453125	192.93768429756165	1359	553	143.75159215927124	1059
2025-02-10 20:57:32,532 - INFO - 	354	1294.3226381974787	0	4.328027725219727	193.4919741153717	1362	553	144.1688449382782	1062
2025-02-10 20:57:33,097 - INFO - 	355	1286.2209355406715	0	4.338084697723389	194.05622625350952	1365	553	144.59585785865784	1065
2025-02-10 20:57:33,655 - INFO - 	356	1278.1073517623454	0	4.34650182723999	194.61449217796326	1368	553	145.01804971694946	1068
2025-02-10 20:57:34,214 - INFO - 	357	1278.0227490054456	0	4.349202871322632	195.17307782173157	1371	553	145.44701600074768	1071
2025-02-10 20:57:34,836 - INFO - 	358	1277.8487255750138	0	4.35248589515686	195.79559874534607	1374	553	145.93939113616943	1074
2025-02-10 20:57:35,396 - INFO - 	359	1273.1778251841608	0	4.360607862472534	196.3555407524109	1377	553	146.36427521705627	1077
2025-02-10 20:57:35,950 - INFO - 	360	1267.1928876557101	0	4.369020938873291	196.90953969955444	1380	553	146.78248620033264	1080
2025-02-10 20:57:36,502 - INFO - 	361	1262.0512298145297	0	4.377823829650879	197.46091270446777	1383	553	147.19782781600952	1083
2025-02-10 20:57:37,082 - INFO - 	362	1260.3334707421102	0	4.385100603103638	198.04071855545044	1386	553	147.6427195072174	1086
2025-02-10 20:57:37,636 - INFO - 	363	1259.0025790415602	0	4.39232063293457	198.5944426059723	1389	553	148.061758518219	1089
2025-02-10 20:57:38,188 - INFO - 	364	1257.8811248510517	0	4.398200750350952	199.14702582359314	1392	553	148.4809741973877	1092
2025-02-10 20:57:38,812 - INFO - 	365	1254.7395704872447	0	4.4064247608184814	199.77024674415588	1395	553	148.96918034553528	1095
2025-02-10 20:57:39,365 - INFO - 	366	1252.6394156526997	0	4.413536548614502	200.32325387001038	1398	553	149.38769960403442	1098
2025-02-10 20:57:39,919 - INFO - 	367	1249.1945564629334	0	4.421930313110352	200.87756395339966	1401	553	149.80599451065063	1101
2025-02-10 20:57:40,474 - INFO - 	368	1248.6968235784302	0	4.428197622299194	201.43199491500854	1404	553	150.2268362045288	1104
2025-02-10 20:57:41,031 - INFO - 	369	1246.9306687286805	0	4.4374167919158936	201.98905992507935	1407	553	150.6475327014923	1107
2025-02-10 20:57:41,652 - INFO - 	370	1243.935516350254	0	4.443827867507935	202.6098349094391	1410	553	151.13496160507202	1110
2025-02-10 20:57:42,212 - INFO - 	371	1241.299174753469	0	4.451728820800781	203.1702916622162	1413	553	151.56008386611938	1113
2025-02-10 20:57:42,772 - INFO - 	372	1239.288468343296	0	4.457556486129761	203.72995567321777	1416	553	151.98689889907837	1116
2025-02-10 20:57:43,333 - INFO - 	373	1235.203733693299	0	4.464211463928223	204.29064965248108	1419	553	152.41376090049744	1119
2025-02-10 20:57:43,895 - INFO - 	374	1230.2446448643104	0	4.47103214263916	204.85256481170654	1422	553	152.8417010307312	1122
2025-02-10 20:57:44,460 - INFO - 	375	1225.150741223094	0	4.478961229324341	205.41757488250732	1425	553	153.27010083198547	1125
2025-02-10 20:57:45,022 - INFO - 	376	1220.4937815379787	0	4.486018180847168	205.97948479652405	1428	553	153.697687625885	1128
2025-02-10 20:57:45,577 - INFO - 	377	1218.6590168343446	0	4.491476058959961	206.53415870666504	1431	553	154.11944842338562	1131
2025-02-10 20:57:46,210 - INFO - 	378	1215.4532040103302	0	4.497011184692383	207.16693687438965	1434	553	154.6114466190338	1134
2025-02-10 20:57:46,769 - INFO - 	379	1213.395358708606	0	4.50365424156189	207.7264838218689	1437	553	155.0375325679779	1137
2025-02-10 20:57:47,330 - INFO - 	380	1208.6497024517412	0	4.510172367095947	208.28688383102417	1440	553	155.4641993045807	1140
2025-02-10 20:57:47,892 - INFO - 	381	1207.1903878527223	0	4.518378257751465	208.84930419921875	1443	553	155.89117336273193	1143
2025-02-10 20:57:48,442 - INFO - 	382	1205.0161246346743	0	4.524546384811401	209.39915227890015	1446	553	156.30771923065186	1146
2025-02-10 20:57:48,998 - INFO - 	383	1203.3710743252818	0	4.531183481216431	209.95445823669434	1449	553	156.7289171218872	1149
2025-02-10 20:57:49,622 - INFO - 	384	1201.8411609245695	0	4.539032697677612	210.5784273147583	1452	553	157.21730160713196	1152
2025-02-10 20:57:50,172 - INFO - 	385	1199.7443537348988	0	4.5468785762786865	211.1282823085785	1455	553	157.63211750984192	1155
2025-02-10 20:57:50,717 - INFO - 	386	1198.7133376340769	0	4.5515456199646	211.67385125160217	1458	553	158.0459234714508	1158
2025-02-10 20:57:51,269 - INFO - 	387	1196.8581339854368	0	4.559660911560059	212.2256669998169	1461	553	158.46231484413147	1161
2025-02-10 20:57:51,825 - INFO - 	388	1195.5010033841177	0	4.568080902099609	212.78084802627563	1464	553	158.8818497657776	1164
2025-02-10 20:57:52,447 - INFO - 	389	1195.032829415247	0	4.574253797531128	213.4036421775818	1467	553	159.37146878242493	1167
2025-02-10 20:57:53,004 - INFO - 	390	1194.708064072472	0	4.5801897048950195	213.96046423912048	1470	553	159.79494094848633	1170
2025-02-10 20:57:53,562 - INFO - 	391	1192.667492459074	0	4.587100505828857	214.51799130439758	1473	553	160.2186255455017	1173
2025-02-10 20:57:54,120 - INFO - 	392	1191.6275097505822	0	4.59222149848938	215.07571625709534	1476	553	160.64377856254578	1176
2025-02-10 20:57:54,671 - INFO - 	393	1190.1670045768528	0	4.599977493286133	215.62716722488403	1479	553	161.06021761894226	1179
2025-02-10 20:57:55,297 - INFO - 	394	1189.4509848799737	0	4.604454278945923	216.25286507606506	1482	553	161.5541923046112	1182
2025-02-10 20:57:55,849 - INFO - 	395	1188.6094272712844	0	4.611582279205322	216.80449390411377	1485	553	161.97154808044434	1185
2025-02-10 20:57:56,409 - INFO - 	396	1188.1013688022451	0	4.618845224380493	217.36449885368347	1488	553	162.39718198776245	1188
2025-02-10 20:57:56,957 - INFO - 	397	1188.0551495308162	0	4.62233829498291	217.91269278526306	1491	553	162.8145396709442	1191
2025-02-10 20:57:57,515 - INFO - 	398	1187.822323113684	0	4.634352445602417	218.47070980072021	1494	553	163.233140707016	1194
2025-02-10 20:57:58,069 - INFO - 	399	1187.4825517340682	0	4.639940500259399	219.02437496185303	1497	553	163.653657913208	1197
2025-02-10 20:57:58,690 - INFO - 	400	1187.2444607413372	0	4.643781661987305	219.6449921131134	1500	553	164.1403102874756	1200
2025-02-10 20:57:59,250 - INFO - 	401	1186.6810222852328	0	4.651097536087036	220.20530533790588	1503	553	164.5659532546997	1203
2025-02-10 20:57:59,805 - INFO - 	402	1186.4110827701297	0	4.656248331069946	220.75984811782837	1506	553	164.98814272880554	1206
2025-02-10 20:58:00,358 - INFO - 	403	1186.203234234139	0	4.661375284194946	221.31320118904114	1509	553	165.4093976020813	1209
2025-02-10 20:58:00,918 - INFO - 	404	1185.7184207403013	0	4.66751503944397	221.8731243610382	1512	553	165.8360948562622	1212
2025-02-10 20:58:01,465 - INFO - 	405	1184.5917077427698	0	4.672940969467163	222.41998553276062	1515	553	166.24952507019043	1215
2025-02-10 20:58:02,083 - INFO - 	406	1184.5861034467694	0	4.6756157875061035	223.0375735759735	1518	553	166.73663902282715	1218
2025-02-10 20:58:02,633 - INFO - 	407	1183.8573892833178	0	4.681869745254517	223.58705973625183	1521	553	167.1524200439453	1221
2025-02-10 20:58:03,184 - INFO - 	408	1183.47349309243	0	4.688458681106567	224.13864374160767	1524	553	167.56977915763855	1224
2025-02-10 20:58:03,734 - INFO - 	409	1183.1356045201105	0	4.694570779800415	224.68804478645325	1527	553	167.98535108566284	1227
2025-02-10 20:58:04,355 - INFO - 	410	1182.6984260205354	0	4.699247598648071	225.30952191352844	1530	553	168.47473192214966	1230
2025-02-10 20:58:04,904 - INFO - 	411	1182.5846311212426	0	4.704277753829956	225.8582010269165	1533	553	168.89121890068054	1233
2025-02-10 20:58:05,462 - INFO - 	412	1181.7074578755658	0	4.716960906982422	226.41558289527893	1536	553	169.308828830719	1236
2025-02-10 20:58:06,028 - INFO - 	413	1181.3273554598718	0	4.722182035446167	226.98164796829224	1539	553	169.7404670715332	1239
2025-02-10 20:58:06,650 - INFO - 	414	1180.9999999999995	0	4.728847026824951	227.60349202156067	1542	553	170.2281472682953	1242
2025-02-10 20:58:17,467 - INFO - 	415	1180.999999999999	10.327157020568848	4.731177091598511	238.42077708244324	1544	553	170.58896255493164	1242
2025-02-10 20:58:28,257 - INFO - 	416	1178.9788597257862	20.616968154907227	4.738208055496216	249.21034717559814	1546	553	170.9534854888916	1242
2025-02-10 20:58:28,815 - INFO - 	417	1178.2990073142078	20.616968154907227	4.744467258453369	249.76859617233276	1549	553	171.37747263908386	1245
2025-02-10 20:58:29,369 - INFO - 	418	1177.712916221576	20.616968154907227	4.751540184020996	250.3219940662384	1552	553	171.7962510585785	1248
2025-02-10 20:58:29,920 - INFO - 	419	1177.374599283145	20.616968154907227	4.75685715675354	250.87359809875488	1555	553	172.21473908424377	1251
2025-02-10 20:58:30,470 - INFO - 	420	1177.0000000000007	20.616968154907227	4.763922214508057	251.4229552745819	1558	553	172.63017201423645	1254
2025-02-10 20:58:41,279 - INFO - 	421	1177.0000000000005	30.858519792556763	4.772974252700806	262.2323000431061	1560	553	173.06178259849548	1254
2025-02-10 20:58:48,774 - INFO - 	422	1176.9999999999995	37.78886556625366	4.775891304016113	269.72714281082153	1563	553	173.49532842636108	1255
2025-02-10 20:58:59,717 - INFO - 
ya no tiene columnas con costo reducido negative
2025-02-10 20:58:59,718 - INFO - Set parameter OutputFlag to value 1
2025-02-10 20:58:59,719 - INFO - Set parameter LogFile to value "logs_new/salida_modelo_caminos_300_567_25.log"
2025-02-10 20:58:59,719 - INFO - Set parameter TimeLimit to value 7200
2025-02-10 20:58:59,719 - INFO - Gurobi Optimizer version 11.0.1 build v11.0.1rc0 (mac64[arm] - Darwin 24.3.0 24D60)
2025-02-10 20:58:59,720 - INFO - 
2025-02-10 20:58:59,720 - INFO - CPU model: Apple M2
2025-02-10 20:58:59,721 - INFO - Thread count: 8 physical cores, 8 logical processors, using up to 8 threads
2025-02-10 20:58:59,722 - INFO - 
2025-02-10 20:58:59,722 - INFO - Optimize a model with 553 rows, 1563 columns and 6288 nonzeros
2025-02-10 20:58:59,723 - INFO - Coefficient statistics:
2025-02-10 20:58:59,723 - INFO -   Matrix range     [1e+00, 1e+00]
2025-02-10 20:58:59,724 - INFO -   Objective range  [2e+00, 1e+10]
2025-02-10 20:58:59,724 - INFO -   Bounds range     [0e+00, 0e+00]
2025-02-10 20:58:59,725 - INFO -   RHS range        [1e+00, 2e+02]
2025-02-10 20:58:59,725 - INFO - Warning: Model contains large objective coefficients
2025-02-10 20:58:59,726 - INFO -          Consider reformulating model or setting NumericFocus parameter
2025-02-10 20:58:59,726 - INFO -          to avoid numerical issues.
2025-02-10 20:58:59,726 - INFO - 
2025-02-10 20:58:59,727 - INFO - Solved in 0 iterations and 0.00 seconds (0.00 work units)
2025-02-10 20:58:59,727 - INFO - Optimal objective  1.177000000e+03
2025-02-10 20:58:59,729 - INFO - Gurobi Optimizer version 11.0.1 build v11.0.1rc0 (mac64[arm] - Darwin 24.3.0 24D60)
2025-02-10 20:58:59,729 - INFO - 
2025-02-10 20:58:59,730 - INFO - CPU model: Apple M2
2025-02-10 20:58:59,732 - INFO - Thread count: 8 physical cores, 8 logical processors, using up to 8 threads
2025-02-10 20:58:59,733 - INFO - 
2025-02-10 20:58:59,734 - INFO - Optimize a model with 553 rows, 1563 columns and 6288 nonzeros
2025-02-10 20:58:59,734 - INFO - Model fingerprint: 0x9a9ae2c3
2025-02-10 20:58:59,735 - INFO - Variable types: 0 continuous, 1563 integer (1563 binary)
2025-02-10 20:58:59,736 - INFO - Coefficient statistics:
2025-02-10 20:58:59,736 - INFO -   Matrix range     [1e+00, 1e+00]
2025-02-10 20:58:59,736 - INFO -   Objective range  [2e+00, 1e+10]
2025-02-10 20:58:59,736 - INFO -   Bounds range     [0e+00, 0e+00]
2025-02-10 20:58:59,737 - INFO -   RHS range        [1e+00, 2e+02]
2025-02-10 20:58:59,737 - INFO - Warning: Model contains large objective coefficients
2025-02-10 20:58:59,737 - INFO -          Consider reformulating model or setting NumericFocus parameter
2025-02-10 20:58:59,738 - INFO -          to avoid numerical issues.
2025-02-10 20:58:59,738 - INFO - Found heuristic solution: objective 3.000000e+12
2025-02-10 20:58:59,745 - INFO - Presolve removed 250 rows and 0 columns
2025-02-10 20:58:59,746 - INFO - Presolve time: 0.01s
2025-02-10 20:58:59,747 - INFO - Presolved: 303 rows, 1563 columns, 6124 nonzeros
2025-02-10 20:58:59,749 - INFO - Variable types: 0 continuous, 1563 integer (1563 binary)
2025-02-10 20:58:59,750 - INFO - Found heuristic solution: objective 2.880000e+12
2025-02-10 20:58:59,823 - INFO - 
2025-02-10 20:58:59,824 - INFO - Root relaxation: objective 1.177000e+03, 1658 iterations, 0.07 seconds (0.09 work units)
2025-02-10 20:58:59,847 - INFO - 
2025-02-10 20:58:59,848 - INFO -     Nodes    |    Current Node    |     Objective Bounds      |     Work
2025-02-10 20:58:59,850 - INFO -  Expl Unexpl |  Obj  Depth IntInf | Incumbent    BestBd   Gap | It/Node Time
2025-02-10 20:58:59,851 - INFO - 
2025-02-10 20:58:59,854 - INFO -      0     0 1177.00000    0  264 2.8800e+12 1177.00000   100%     -    0s
2025-02-10 20:58:59,856 - INFO - H    0     0                    4.600000e+11 1177.00000   100%     -    0s
2025-02-10 20:58:59,860 - INFO - H    0     0                    3.800000e+11 1177.00000   100%     -    0s
2025-02-10 20:58:59,867 - INFO - H    0     0                    2.000000e+11 1177.00000   100%     -    0s
2025-02-10 20:58:59,874 - INFO - H    0     0                    1.900000e+11 1177.00000   100%     -    0s
2025-02-10 20:59:00,077 - INFO -      0     0 1178.00317    0  278 1.9000e+11 1178.00317   100%     -    0s
2025-02-10 20:59:00,163 - INFO -      0     0 1178.10919    0  289 1.9000e+11 1178.10919   100%     -    0s
2025-02-10 20:59:00,212 - INFO -      0     0 1178.51204    0  294 1.9000e+11 1178.51204   100%     -    0s
2025-02-10 20:59:00,219 - INFO -      0     0 1178.51301    0  292 1.9000e+11 1178.51301   100%     -    0s
2025-02-10 20:59:00,238 - INFO -      0     0 1178.59786    0  298 1.9000e+11 1178.59786   100%     -    0s
2025-02-10 20:59:00,246 - INFO -      0     0 1178.60645    0  300 1.9000e+11 1178.60645   100%     -    0s
2025-02-10 20:59:00,249 - INFO -      0     0 1178.60688    0  299 1.9000e+11 1178.60688   100%     -    0s
2025-02-10 20:59:00,266 - INFO -      0     0 1178.62843    0  300 1.9000e+11 1178.62843   100%     -    0s
2025-02-10 20:59:00,273 - INFO -      0     0 1178.62964    0  299 1.9000e+11 1178.62964   100%     -    0s
2025-02-10 20:59:00,287 - INFO -      0     0 1178.63159    0  298 1.9000e+11 1178.63159   100%     -    0s
2025-02-10 20:59:00,301 - INFO -      0     0 1178.64931    0  296 1.9000e+11 1178.64931   100%     -    0s
2025-02-10 20:59:00,337 - INFO - H    0     0                    1.300000e+11 1178.64931   100%     -    0s
2025-02-10 20:59:00,347 - INFO - H    0     0                    1.000000e+11 1178.65013   100%     -    0s
2025-02-10 20:59:00,365 - INFO -      0     2 1178.65013    0  296 1.0000e+11 1178.65013   100%     -    0s
2025-02-10 20:59:00,471 - INFO - H   68    80                    1.000000e+11 1180.30737   100%  75.8    0s
2025-02-10 20:59:00,472 - INFO - H   76    80                    9.000000e+10 1180.30737   100%  79.5    0s
2025-02-10 20:59:00,626 - INFO - H  121   124                    7.000000e+10 1180.30737   100%  79.9    0s
2025-02-10 20:59:01,150 - INFO - H  163   167                    6.000000e+10 1180.30737   100%  80.6    1s
2025-02-10 20:59:02,250 - INFO - * 1072  1102             104    4.000000e+10 1180.30737   100%  77.2    2s
2025-02-10 20:59:03,153 - INFO - H 1527  1370                    4.000000e+10 1180.30737   100%  75.9    3s
2025-02-10 20:59:04,028 - INFO - H 1569  1334                    2.000000e+10 1180.30737   100%  77.9    4s
2025-02-10 20:59:04,946 - INFO -   1762  1466 1252.17042   34  226 2.0000e+10 1180.30737   100%  78.1    5s
2025-02-10 20:59:04,947 - INFO - H 1767  1400                    1.999998e+10 1180.30737   100%  78.1    5s
2025-02-10 20:59:09,748 - INFO -   3147  2138 1218.89049   26  228 2.0000e+10 1180.90431   100%  80.2   10s
2025-02-10 20:59:14,968 - INFO -   8465  5973 4.2582e+08   45  228 2.0000e+10 1185.83702   100%  81.1   15s
2025-02-10 20:59:19,764 - INFO -  10046  7285 1220.66868   24  243 2.0000e+10 1186.33554   100%  79.9   20s
2025-02-10 20:59:24,782 - INFO -  14042 10730 6.9503e+09   63  221 2.0000e+10 1187.61586   100%  80.8   25s
2025-02-10 20:59:27,988 - INFO - H15915 11959                    1.999998e+10 1187.94974   100%  80.1   28s
2025-02-10 20:59:29,926 - INFO -  16192 12806 infeasible  112      2.0000e+10 1188.22197   100%  80.0   30s
2025-02-10 20:59:35,365 - INFO -  21816 16961 9.5289e+09   73  221 2.0000e+10 1189.42258   100%  80.5   35s
2025-02-10 20:59:40,099 - INFO -  26472 21053 1.6697e+10   39  218 2.0000e+10 1190.18697   100%  81.6   40s
2025-02-10 20:59:49,737 - INFO -  29286 22521 1190.95277   21  296 2.0000e+10 1190.67638   100%  81.2   50s
2025-02-10 20:59:54,898 - INFO -  29303 22532 1208.19608   29  314 2.0000e+10 1190.67638   100%  81.2   55s
2025-02-10 20:59:59,889 - INFO -  29315 22540 1.2163e+10   66  316 2.0000e+10 1190.67638   100%  81.2   60s
2025-02-10 21:00:04,758 - INFO -  29327 22548 5.8479e+09   72  323 2.0000e+10 1190.67638   100%  81.1   65s
2025-02-10 21:00:09,833 - INFO -  29338 22556 1.0000e+10   38  331 2.0000e+10 1190.67638   100%  81.1   70s
2025-02-10 21:00:14,803 - INFO -  29350 22564 1.0000e+10   48  333 2.0000e+10 1190.67638   100%  81.1   75s
2025-02-10 21:00:19,968 - INFO -  29362 22572 1218.89338   33  326 2.0000e+10 1190.67638   100%  81.0   80s
2025-02-10 21:00:24,858 - INFO -  29374 22580 1268.71482   37  322 2.0000e+10 1190.67638   100%  81.0   85s
2025-02-10 21:00:30,390 - INFO -  29387 22588 1.0000e+10   47  329 2.0000e+10 1190.67638   100%  81.0   90s
2025-02-10 21:00:34,988 - INFO -  29465 22649 1190.67638   30  262 2.0000e+10 1190.67638   100%  81.3   95s
2025-02-10 21:00:39,747 - INFO -  29958 22921 2.0747e+09   59  209 2.0000e+10 1190.67638   100%  81.2  100s
2025-02-10 21:00:44,831 - INFO -  33351 24698 3.2412e+09   54  227 2.0000e+10 1190.67638   100%  80.4  105s
2025-02-10 21:00:49,785 - INFO -  36606 26458 4.3850e+09   64  216 2.0000e+10 1190.67638   100%  79.3  110s
2025-02-10 21:00:50,176 - INFO - H37046 25435                    1.999998e+10 1190.67638   100%  79.1  110s
2025-02-10 21:00:55,284 - INFO -  40974 27661 5.8775e+09   69  248 2.0000e+10 1190.67638   100%  78.1  115s
2025-02-10 21:00:59,837 - INFO -  45157 29721 2.7804e+09   86  218 2.0000e+10 1190.67638   100%  77.0  120s
2025-02-10 21:01:01,186 - INFO - H46893 29278                    1.999998e+10 1190.67638   100%  76.9  121s
2025-02-10 21:01:04,525 - INFO - H48438 29141                    1.999998e+10 1190.67638   100%  76.7  124s
2025-02-10 21:01:05,361 - INFO -  48842 29837 1.0000e+10   58  229 2.0000e+10 1190.67638   100%  76.6  125s
2025-02-10 21:01:10,558 - INFO -  54616 32076 6.1542e+09   71  225 2.0000e+10 1190.67638   100%  75.8  130s
2025-02-10 21:01:15,047 - INFO -  58103 34312 1259.86121   46  217 2.0000e+10 1190.67638   100%  75.2  135s
2025-02-10 21:01:19,854 - INFO -  61818 35935 1194.61648   35  273 2.0000e+10 1190.67638   100%  74.6  140s
2025-02-10 21:01:24,947 - INFO -  64995 37101 1227.77195   43  255 2.0000e+10 1190.70799   100%  74.0  145s
2025-02-10 21:01:30,301 - INFO -  70668 40504 1199.48901   33  254 2.0000e+10 1191.15930   100%  73.3  150s
2025-02-10 21:01:35,492 - INFO -  74740 44297 1231.17413   44  247 2.0000e+10 1191.52564   100%  72.9  155s
2025-02-10 21:01:39,742 - INFO -  84526 47256 1.4789e+10   98  224 2.0000e+10 1192.25439   100%  71.7  160s
2025-02-10 21:01:44,835 - INFO -  94992 54923 1.3535e+10  104  223 2.0000e+10 1192.84731   100%  70.6  165s
2025-02-10 21:01:46,567 - INFO - H96770 47002                    1.000000e+10 1192.95092   100%  70.3  166s
2025-02-10 21:01:49,800 - INFO -  102003 51666 3.3703e+09   71  233 1.0000e+10 1193.32097   100%  69.8  170s
2025-02-10 21:01:54,812 - INFO -  110277 57599 1200.30020   31  264 1.0000e+10 1193.92417   100%  69.6  175s
2025-02-10 21:01:59,876 - INFO -  118148 63772 1.9312e+09   52  242 1.0000e+10 1194.33477   100%  69.0  180s
2025-02-10 21:02:04,869 - INFO -  126093 70620 1200.91517   34  265 1.0000e+10 1194.74684   100%  68.7  185s
2025-02-10 21:02:10,011 - INFO -  136926 79329 3.2686e+09   56  240 1.0000e+10 1195.34120   100%  68.2  190s
2025-02-10 21:02:16,234 - INFO -  145134 85371 1257.82857   50  219 1.0000e+10 1195.68805   100%  67.9  196s
2025-02-10 21:02:20,003 - INFO -  150557 89636 1202.68894   37  263 1.0000e+10 1195.87040   100%  67.6  200s
2025-02-10 21:02:25,072 - INFO -  160207 97208     cutoff   68      1.0000e+10 1196.24688   100%  67.6  205s
2025-02-10 21:02:30,048 - INFO -  169204 104707 infeasible   82      1.0000e+10 1196.60936   100%  67.4  210s
2025-02-10 21:02:34,899 - INFO -  178658 112502 4.6639e+08   53  234 1.0000e+10 1196.94081   100%  67.2  215s
2025-02-10 21:02:40,496 - INFO -  186212 117366 1206.39503   39  240 1.0000e+10 1197.19900   100%  67.1  220s
2025-02-10 21:02:44,737 - INFO -  195524 125334 1235.45172   38  247 1.0000e+10 1197.47162   100%  66.6  225s
2025-02-10 21:02:50,316 - INFO -  204295 131761     cutoff   52      1.0000e+10 1197.73638   100%  66.5  230s
2025-02-10 21:02:55,230 - INFO -  212936 138583 1212.57507   39  244 1.0000e+10 1197.96887   100%  66.2  235s
2025-02-10 21:03:00,144 - INFO -  220005 144057 1260.36780   52  235 1.0000e+10 1198.21658   100%  66.0  240s
2025-02-10 21:03:04,968 - INFO -  229018 151838 8.6913e+08   54  252 1.0000e+10 1198.44781   100%  65.7  245s
2025-02-10 21:03:09,764 - INFO -  237905 159396 infeasible   77      1.0000e+10 1198.70731   100%  65.4  250s
2025-02-10 21:03:14,819 - INFO -  246774 165980 5.5744e+08   54  238 1.0000e+10 1198.94577   100%  65.4  255s
2025-02-10 21:03:20,065 - INFO -  256436 172851 5.5895e+08   52  222 1.0000e+10 1199.17825   100%  65.2  260s
2025-02-10 21:03:25,704 - INFO -  267145 181795 1295.44947   48  229 1.0000e+10 1199.42686   100%  64.8  265s
2025-02-10 21:03:29,970 - INFO -  275264 188314 7.6216e+08   58  230 1.0000e+10 1199.61739   100%  64.8  270s
2025-02-10 21:03:34,958 - INFO -  285006 195994 1274.43915   46  248 1.0000e+10 1199.81216   100%  64.5  275s
2025-02-10 21:03:40,008 - INFO -  290809 200266 3.5463e+09   84  219 1.0000e+10 1199.91921   100%  64.5  280s
2025-02-10 21:03:44,940 - INFO -  301909 209033 1280.99403   48  220 1.0000e+10 1200.14334   100%  64.2  285s
2025-02-10 21:03:50,154 - INFO -  312351 217571 1269.04764   37  207 1.0000e+10 1200.40059   100%  64.0  290s
2025-02-10 21:03:55,098 - INFO -  317667 221824 1.0000e+10   51  235 1.0000e+10 1200.48651   100%  63.9  295s
2025-02-10 21:04:00,170 - INFO -  323699 226576 1.0000e+10   46  220 1.0000e+10 1200.60917   100%  63.9  300s
2025-02-10 21:04:04,839 - INFO -  331595 232545 6.8681e+08   63  231 1.0000e+10 1200.75882   100%  63.8  305s
2025-02-10 21:04:10,775 - INFO -  342683 240392 1211.79335   36  246 1.0000e+10 1200.94190   100%  63.8  311s
2025-02-10 21:04:14,753 - INFO -  351487 247339 1300.15512   46  208 1.0000e+10 1201.09654   100%  63.6  315s
2025-02-10 21:19:38,613 - INFO -  355585 249985 1.9122e+09   87  228 1.0000e+10 1201.16388   100%  63.7 1238s
2025-02-10 21:19:39,937 - INFO -  357765 252730 3.3190e+08   57  218 1.0000e+10 1201.21007   100%  63.6 1240s
2025-02-10 21:36:38,262 - INFO -  361086 254347 1287.37151   52  221 1.0000e+10 1201.26266   100%  63.7 2258s
2025-02-10 21:36:39,927 - INFO -  364753 257759 2.0293e+09   55  218 1.0000e+10 1201.32427   100%  63.6 2260s
2025-02-10 21:41:47,958 - INFO -  370304 262168 1298.79573   46  206 1.0000e+10 1201.42235   100%  63.5 2568s
2025-02-10 21:41:50,516 - INFO -  373799 264502 6.4690e+09   76  250 1.0000e+10 1201.47300   100%  63.5 2570s
2025-02-10 21:41:54,999 - INFO -  382991 271719 3.6121e+09   76  235 1.0000e+10 1201.63270   100%  63.5 2575s
2025-02-10 21:41:57,864 - INFO - *387103 98367              44    1343.0000000 1201.70397  10.5%  63.4 2578s
2025-02-10 21:41:59,745 - INFO -  387745 97731 1309.99195   49  316 1343.00000 1201.71337  10.5%  63.4 2580s
2025-02-10 21:42:04,939 - INFO -  387761 97741 1268.81585   50  324 1343.00000 1201.71337  10.5%  63.4 2585s
2025-02-10 21:42:09,995 - INFO -  387776 97751 1247.37610   51  322 1343.00000 1201.71337  10.5%  63.4 2590s
2025-02-10 21:42:14,792 - INFO -  387790 97761 1280.94235   47  322 1343.00000 1201.71337  10.5%  63.4 2595s
2025-02-10 21:42:19,740 - INFO -  387804 97770 1250.71023   53  327 1343.00000 1201.71337  10.5%  63.4 2600s
2025-02-10 21:42:25,014 - INFO -  387821 97781 1205.02291   41  321 1343.00000 1201.71337  10.5%  63.4 2605s
2025-02-10 21:42:29,781 - INFO -  387940 97870 1201.71337   43  268 1343.00000 1201.71337  10.5%  63.4 2610s
2025-02-10 21:42:34,883 - INFO -  392755 99632 1226.67721   53  248 1343.00000 1201.71337  10.5%  63.6 2615s
2025-02-10 21:42:39,929 - INFO -  401090 102035 1203.06242   53  250 1343.00000 1201.71337  10.5%  63.8 2620s
2025-02-10 21:42:44,974 - INFO -  414641 105138 1201.71337   46  253 1343.00000 1201.71337  10.5%  64.1 2625s
2025-02-10 21:42:49,808 - INFO -  426408 107630 1230.23715   57  242 1343.00000 1201.71337  10.5%  64.4 2630s
2025-02-10 21:42:54,866 - INFO -  439691 110206     cutoff   67      1343.00000 1201.71337  10.5%  64.7 2635s
2025-02-10 21:42:59,835 - INFO -  452273 112989 1298.27852   75  248 1343.00000 1201.71337  10.5%  65.0 2640s
2025-02-10 21:43:04,775 - INFO -  465264 115370 1217.17157   49  244 1343.00000 1201.71337  10.5%  65.2 2645s
2025-02-10 21:43:09,761 - INFO -  477784 118016 1204.47666   50  261 1343.00000 1201.71337  10.5%  65.5 2650s
2025-02-10 21:43:14,885 - INFO -  490866 120681 1328.87626   69  238 1343.00000 1201.71337  10.5%  65.8 2655s
2025-02-10 21:43:19,850 - INFO -  503568 123017     cutoff   66      1343.00000 1201.71337  10.5%  66.0 2660s
2025-02-10 21:43:24,783 - INFO -  515812 125131 1206.62227   50  245 1343.00000 1201.71337  10.5%  66.2 2665s
2025-02-10 21:43:30,040 - INFO -  529256 127367 1229.75626   52  241 1343.00000 1201.71337  10.5%  66.4 2670s
2025-02-10 21:43:35,074 - INFO -  541677 129683 1242.57742   55  236 1343.00000 1201.71337  10.5%  66.6 2675s
2025-02-10 21:43:39,969 - INFO -  553043 131667     cutoff   67      1343.00000 1201.90179  10.5%  66.8 2680s
2025-02-10 21:43:44,957 - INFO -  565637 133952 1232.72520   56  234 1343.00000 1202.36778  10.5%  67.0 2685s
2025-02-10 21:43:49,930 - INFO -  577758 135841 1288.30995   65  234 1343.00000 1202.78738  10.4%  67.1 2690s
2025-02-10 21:43:54,912 - INFO -  589048 137575 1216.01640   52  249 1343.00000 1203.16694  10.4%  67.3 2695s
2025-02-10 21:43:59,857 - INFO -  601523 139367 1246.40221   71  231 1343.00000 1203.53425  10.4%  67.4 2700s
2025-02-10 21:44:05,156 - INFO -  614255 140606 1285.87446   73  231 1343.00000 1203.93635  10.4%  67.6 2705s
2025-02-10 21:44:09,887 - INFO -  625110 142563 1282.90924   66  218 1343.00000 1204.24853  10.3%  67.7 2710s
2025-02-10 21:44:14,813 - INFO -  636946 144483     cutoff   71      1343.00000 1204.55106  10.3%  67.8 2715s
2025-02-10 21:44:19,867 - INFO -  648349 146290 1282.09055   60  229 1343.00000 1204.82888  10.3%  68.0 2720s
2025-02-10 21:44:24,903 - INFO -  659744 147746 1248.90511   66  223 1343.00000 1205.11345  10.3%  68.0 2725s
2025-02-10 21:44:30,062 - INFO -  672231 149694 infeasible   66      1343.00000 1205.40456  10.2%  68.2 2730s
2025-02-10 21:44:34,820 - INFO -  684445 152616 1276.61957   64  201 1343.00000 1205.68144  10.2%  68.3 2735s
2025-02-10 21:44:40,020 - INFO -  697393 158949 1272.30144   74  228 1343.00000 1205.96032  10.2%  68.4 2740s
2025-02-10 21:44:45,005 - INFO -  710166 164757 1263.96359   64  217 1343.00000 1206.24267  10.2%  68.5 2745s
2025-02-10 21:44:50,057 - INFO -  723177 170948     cutoff   58      1343.00000 1206.49806  10.2%  68.5 2750s
2025-02-10 21:44:55,051 - INFO -  735434 176904 1228.57529   58  243 1343.00000 1206.74310  10.1%  68.6 2755s
2025-02-10 21:44:59,766 - INFO -  747438 182386     cutoff   68      1343.00000 1206.97518  10.1%  68.7 2760s
2025-02-10 21:45:04,981 - INFO -  760142 188429 1232.89163   52  225 1343.00000 1207.22797  10.1%  68.8 2765s
2025-02-10 21:45:10,010 - INFO -  772754 194338 infeasible   63      1343.00000 1207.47687  10.1%  68.9 2770s
2025-02-10 21:45:14,975 - INFO -  783793 199526 1249.72001   62  232 1343.00000 1207.68909  10.1%  68.9 2775s
2025-02-10 21:45:20,109 - INFO -  796070 205131     cutoff   58      1343.00000 1207.89738  10.1%  69.0 2780s
2025-02-10 21:45:24,938 - INFO -  808673 211020 1281.91995   66  238 1343.00000 1208.09717  10.0%  69.0 2785s
2025-02-10 21:45:30,061 - INFO -  821628 216833 1241.90911   52  219 1343.00000 1208.31670  10.0%  69.1 2790s
2025-02-10 21:45:34,827 - INFO -  833600 222119 1251.29197   55  233 1343.00000 1208.50157  10.0%  69.2 2795s
2025-02-10 21:45:40,156 - INFO -  847373 228257 1223.34650   47  222 1343.00000 1208.71707  10.0%  69.2 2800s
2025-02-10 21:45:44,945 - INFO -  857784 232933 1337.87898   60  224 1343.00000 1208.86246  10.0%  69.3 2805s
2025-02-10 21:45:49,844 - INFO -  869309 237952 1239.65606   52  239 1343.00000 1209.02130  10.0%  69.3 2810s
2025-02-10 21:45:54,801 - INFO -  881395 243189 1228.53231   50  250 1343.00000 1209.19595  10.0%  69.4 2815s
2025-02-10 21:45:59,911 - INFO -  893991 248803 1272.98784   52  231 1343.00000 1209.35327  10.0%  69.5 2820s
2025-02-10 21:46:04,961 - INFO -  905911 254226 1223.08818   56  268 1343.00000 1209.52421  9.94%  69.6 2825s
2025-02-10 21:46:09,932 - INFO -  915743 258722     cutoff   65      1343.00000 1209.65220  9.93%  69.7 2830s
2025-02-10 21:46:14,898 - INFO -  927844 264170 1261.87750   65  218 1343.00000 1209.83053  9.92%  69.7 2835s
2025-02-10 21:46:19,831 - INFO -  938738 269049 1299.98409   56  214 1343.00000 1209.98417  9.90%  69.8 2840s
2025-02-10 21:46:24,757 - INFO -  951221 274636 1216.05031   51  264 1343.00000 1210.13497  9.89%  69.8 2845s
2025-02-10 21:46:30,092 - INFO -  964237 280194 1273.48299   64  211 1343.00000 1210.30475  9.88%  69.9 2850s
2025-02-10 21:46:35,030 - INFO -  976574 285513 1257.43707   52  218 1343.00000 1210.47855  9.87%  69.9 2855s
2025-02-10 21:46:39,776 - INFO -  988866 290562 1233.39686   55  236 1343.00000 1210.63335  9.86%  69.9 2860s
2025-02-10 21:46:45,006 - INFO -  1001734 296341 1237.38356   62  231 1343.00000 1210.78477  9.84%  70.0 2865s
2025-02-10 21:46:50,018 - INFO -  1012399 301044 1274.73328   62  203 1343.00000 1210.92223  9.83%  70.0 2870s
2025-02-10 21:46:55,165 - INFO -  1024963 306455 1243.07024   53  210 1343.00000 1211.07002  9.82%  70.1 2875s
2025-02-10 21:47:00,183 - INFO -  1037302 312315 1229.97465   62  216 1343.00000 1211.21473  9.81%  70.1 2880s
2025-02-10 21:47:05,143 - INFO -  1049442 317373     cutoff   58      1343.00000 1211.36289  9.80%  70.1 2885s
2025-02-10 21:47:09,785 - INFO -  1060222 322162     cutoff   62      1343.00000 1211.48438  9.79%  70.1 2890s
2025-02-10 21:47:15,115 - INFO -  1073275 327822 1263.54453   74  213 1343.00000 1211.62102  9.78%  70.2 2895s
2025-02-10 21:47:19,994 - INFO -  1084425 332278     cutoff   71      1343.00000 1211.74569  9.77%  70.2 2900s
2025-02-10 21:47:24,991 - INFO -  1096718 337452     cutoff   62      1343.00000 1211.88197  9.76%  70.2 2905s
2025-02-10 21:47:29,928 - INFO -  1109131 342653 1227.68396   56  224 1343.00000 1212.02409  9.75%  70.3 2910s
2025-02-10 21:47:34,875 - INFO -  1121086 347606 1268.57048   57  208 1343.00000 1212.15022  9.74%  70.3 2915s
2025-02-10 21:47:39,770 - INFO -  1131326 352123 1266.94763   56  233 1343.00000 1212.26188  9.73%  70.3 2920s
2025-02-10 21:47:44,957 - INFO -  1143417 357301 1264.31405   57  233 1343.00000 1212.39296  9.73%  70.4 2925s
2025-02-10 21:47:50,162 - INFO -  1155654 362126 1220.64384   58  209 1343.00000 1212.52242  9.72%  70.4 2930s
2025-02-10 21:47:54,828 - INFO -  1166706 367154 1224.86455   61  236 1343.00000 1212.64208  9.71%  70.5 2935s
2025-02-10 21:48:00,180 - INFO -  1180073 372380 1326.01230   65  203 1343.00000 1212.77582  9.70%  70.5 2940s
2025-02-10 21:48:05,114 - INFO -  1191932 377194 1249.54809   60  224 1343.00000 1212.89755  9.69%  70.5 2945s
2025-02-10 21:48:09,955 - INFO -  1203935 382112 1220.50836   56  261 1343.00000 1213.01394  9.68%  70.5 2950s
2025-02-10 21:48:14,938 - INFO -  1215589 386996 1261.62905   64  253 1343.00000 1213.13504  9.67%  70.6 2955s
2025-02-10 21:48:19,856 - INFO -  1227563 391709     cutoff   76      1343.00000 1213.24584  9.66%  70.6 2960s
2025-02-10 21:48:25,539 - INFO -  1240001 396649 1252.89037   57  221 1343.00000 1213.37255  9.65%  70.6 2965s
2025-02-10 21:48:29,856 - INFO -  1250364 400953 1232.94538   54  237 1343.00000 1213.46975  9.64%  70.6 2970s
2025-02-10 21:48:34,956 - INFO -  1262226 405781 1275.76909   46  222 1343.00000 1213.57232  9.64%  70.7 2975s
2025-02-10 21:48:37,059 - INFO - *1268436 406942              82    1333.0000000 1213.61227  8.96%  70.7 2977s
2025-02-10 21:48:40,017 - INFO -  1274884 409825 1313.59251   64  228 1333.00000 1213.68434  8.95%  70.7 2980s
2025-02-10 21:48:44,768 - INFO -  1286652 414811 1229.19779   53  246 1333.00000 1213.79014  8.94%  70.7 2985s
2025-02-10 21:48:49,791 - INFO -  1297428 419487 1268.83299   67  248 1333.00000 1213.88370  8.94%  70.7 2990s
2025-02-10 21:48:55,111 - INFO -  1310219 424618 1281.41832   62  219 1333.00000 1213.99985  8.93%  70.7 2995s
2025-02-10 21:48:59,809 - INFO -  1320477 428652 1318.19349   60  228 1333.00000 1214.09501  8.92%  70.7 3000s
2025-02-10 21:49:04,855 - INFO -  1332726 433618     cutoff   64      1333.00000 1214.20129  8.91%  70.7 3005s
2025-02-10 21:49:04,905 - INFO - *1333075 376081              65    1277.0000000 1214.20207  4.92%  70.7 3005s
2025-02-10 21:49:09,893 - INFO -  1345406 379821 1274.46293   61  213 1277.00000 1214.33227  4.91%  70.7 3010s
2025-02-10 21:49:14,845 - INFO -  1358878 384029 1224.04925   55  238 1277.00000 1214.47699  4.90%  70.6 3015s
2025-02-10 21:49:19,737 - INFO -  1372290 388371     cutoff   50      1277.00000 1214.60916  4.89%  70.5 3020s
2025-02-10 21:49:25,081 - INFO -  1386923 392709 1234.49966   63  245 1277.00000 1214.75566  4.87%  70.5 3025s
2025-02-10 21:49:29,797 - INFO -  1398989 396476     cutoff   68      1277.00000 1214.86833  4.87%  70.4 3030s
2025-02-10 21:49:35,070 - INFO -  1413559 401097     cutoff   61      1277.00000 1215.01261  4.85%  70.3 3035s
2025-02-10 21:49:39,741 - INFO -  1425948 405096 1247.39562   64  250 1277.00000 1215.13824  4.84%  70.3 3040s
2025-02-10 21:49:45,040 - INFO -  1440682 409586 1262.00263   54  243 1277.00000 1215.26332  4.83%  70.2 3045s
2025-02-10 21:49:50,013 - INFO -  1454106 413595 1238.66228   54  230 1277.00000 1215.38785  4.82%  70.2 3050s
2025-02-10 21:49:54,933 - INFO -  1467782 417605 1257.21635   68  236 1277.00000 1215.50950  4.82%  70.1 3055s
2025-02-10 21:49:59,911 - INFO -  1479580 421198 1240.67936   63  242 1277.00000 1215.62118  4.81%  70.0 3060s
2025-02-10 21:50:04,786 - INFO -  1493000 425277     cutoff   62      1277.00000 1215.74185  4.80%  70.0 3065s
2025-02-10 21:50:10,345 - INFO -  1507584 429502 1238.36509   56  216 1277.00000 1215.87104  4.79%  69.9 3070s
2025-02-10 21:50:15,341 - INFO -  1518980 432750 1230.19994   55  242 1277.00000 1215.97510  4.78%  69.9 3075s
2025-02-10 21:50:20,078 - INFO -  1526312 435147 1224.91702   62  240 1277.00000 1216.03612  4.77%  69.9 3080s
2025-02-10 21:50:24,735 - INFO -  1536339 438174 1216.89201   56  253 1277.00000 1216.11886  4.77%  69.8 3085s
2025-02-10 21:50:30,126 - INFO -  1550540 442112 1219.75656   49  243 1277.00000 1216.24373  4.76%  69.8 3090s
2025-02-10 21:50:35,091 - INFO -  1562684 445667 1252.90728   57  249 1277.00000 1216.33736  4.75%  69.8 3095s
2025-02-10 21:50:40,173 - INFO -  1575536 449118 1258.44033   55  233 1277.00000 1216.43676  4.74%  69.8 3100s
2025-02-10 21:50:45,081 - INFO -  1587457 452649 1233.70337   55  257 1277.00000 1216.53583  4.73%  69.7 3105s
2025-02-10 21:50:50,096 - INFO -  1598187 455644 1250.92143   65  243 1277.00000 1216.61958  4.73%  69.7 3110s
2025-02-10 21:50:55,195 - INFO -  1610840 459341 1257.19957   55  242 1277.00000 1216.73001  4.72%  69.7 3115s
2025-02-10 21:51:00,018 - INFO -  1622304 462608 1242.81342   73  220 1277.00000 1216.82454  4.71%  69.7 3120s
2025-02-10 21:51:04,818 - INFO -  1634644 466131 1246.05631   55  240 1277.00000 1216.91731  4.70%  69.6 3125s
2025-02-10 21:51:10,086 - INFO -  1647705 469855 1246.37851   54  241 1277.00000 1217.01463  4.70%  69.6 3130s
2025-02-10 21:51:14,917 - INFO -  1660023 473218 1262.43398   57  223 1277.00000 1217.10991  4.69%  69.6 3135s
2025-02-10 21:51:20,125 - INFO -  1672946 477050 1229.15585   61  227 1277.00000 1217.21541  4.68%  69.6 3140s
2025-02-10 21:51:25,232 - INFO -  1686235 480481 1249.78078   60  247 1277.00000 1217.31439  4.67%  69.5 3145s
2025-02-10 21:51:29,993 - INFO -  1696586 483485 1236.91726   60  233 1277.00000 1217.39375  4.67%  69.5 3150s
2025-02-10 21:51:34,847 - INFO -  1704583 485775 1239.10492   55  220 1277.00000 1217.45150  4.66%  69.5 3155s
2025-02-10 21:51:39,917 - INFO -  1717894 489331 1258.02715   57  221 1277.00000 1217.55206  4.66%  69.5 3160s
2025-02-10 21:51:45,157 - INFO -  1731423 493087 1233.71907   66  256 1277.00000 1217.65662  4.65%  69.4 3165s
2025-02-10 21:51:50,106 - INFO -  1743094 496210 1253.16964   65  231 1277.00000 1217.74142  4.64%  69.4 3170s
2025-02-10 21:51:54,468 - INFO - *1753207 85950              68    1227.0000000 1217.81972  0.75%  69.4 3174s
2025-02-10 21:51:54,820 - INFO -  1754335 85202     cutoff   59      1227.00000 1217.82919  0.75%  69.4 3175s
2025-02-10 21:51:59,769 - INFO -  1764161 80185     cutoff   54      1227.00000 1218.37653  0.70%  69.3 3180s
2025-02-10 21:52:05,276 - INFO -  1778807 72252 1222.51643   49  235 1227.00000 1219.25127  0.63%  69.2 3185s
2025-02-10 21:52:09,742 - INFO -  1790326 65189 1221.96442   59  247 1227.00000 1220.00291  0.57%  69.0 3190s
2025-02-10 21:52:14,875 - INFO -  1804717 55275     cutoff   55      1227.00000 1220.96559  0.49%  68.8 3195s
2025-02-10 21:52:20,182 - INFO -  1822341 41301     cutoff   57      1227.00000 1222.24720  0.39%  68.5 3200s
2025-02-10 21:52:24,836 - INFO -  1841874 23608     cutoff   57      1227.00000 1223.77557  0.26%  68.1 3205s
2025-02-10 21:52:28,757 - INFO - 
2025-02-10 21:52:28,758 - INFO - Cutting planes:
2025-02-10 21:52:28,759 - INFO -   Clique: 9
2025-02-10 21:52:28,759 - INFO -   Flow cover: 2
2025-02-10 21:52:28,760 - INFO -   Inf proof: 17
2025-02-10 21:52:28,760 - INFO -   Zero half: 38
2025-02-10 21:52:28,762 - INFO - 
2025-02-10 21:52:28,763 - INFO - Explored 1868596 nodes (125820553 simplex iterations) in 3209.03 seconds (2190.00 work units)
2025-02-10 21:52:28,763 - INFO - Thread count was 8 (of 8 available processors)
2025-02-10 21:52:28,763 - INFO - 
2025-02-10 21:52:28,764 - INFO - Solution count 10: 1227 1277 1333 ... 2e+10
2025-02-10 21:52:28,764 - INFO - 
2025-02-10 21:52:28,765 - INFO - Optimal solution found (tolerance 1.00e-04)
2025-02-10 21:52:28,765 - INFO - Best objective 1.227000000000e+03, best bound 1.227000000000e+03, gap 0.0000%
