2025-02-10 18:30:10,506 - INFO - 	count	z_opt	time_spp	time_lp	time_total	ncols	nrows	time_spp_low_res	n_cols_low_res
2025-02-10 18:30:11,124 - INFO - 	1	2720000000007.0	0	0.00017118453979492188	0.618048906326294	283	533	0.502561092376709	3
2025-02-10 18:30:11,635 - INFO - 	2	2640000000021.0	0	0.0004382133483886719	1.1285617351531982	286	533	0.8953652381896973	6
2025-02-10 18:30:12,150 - INFO - 	3	2640000000021.0	0	0.0007104873657226562	1.6436636447906494	289	533	1.2937302589416504	9
2025-02-10 18:30:12,658 - INFO - 	4	2580000000026.0	0	0.0009846687316894531	2.151766538619995	292	533	1.687803030014038	12
2025-02-10 18:30:13,172 - INFO - 	5	2580000000026.0	0	0.001275777816772461	2.665581703186035	295	533	2.088057041168213	15
2025-02-10 18:30:13,679 - INFO - 	6	2460000000037.0	0	0.0014455318450927734	3.1722989082336426	298	533	2.4796581268310547	18
2025-02-10 18:30:14,181 - INFO - 	7	2460000000037.0	0	0.0017397403717041016	3.6743128299713135	301	533	2.864619016647339	21
2025-02-10 18:30:14,680 - INFO - 	8	2460000000037.0	0	0.0023849010467529297	4.1734020709991455	304	533	3.2465529441833496	24
2025-02-10 18:30:15,181 - INFO - 	9	2455000000039.0	0	0.0026960372924804688	4.673733949661255	307	533	3.6309869289398193	27
2025-02-10 18:30:15,756 - INFO - 	10	2455000000039.0	0	0.0030062198638916016	5.249417781829834	310	533	4.093674659729004	30
2025-02-10 18:30:16,271 - INFO - 	11	2400000000044.0	0	0.0032989978790283203	5.7634358406066895	313	533	4.491380214691162	33
2025-02-10 18:30:16,787 - INFO - 	12	2340000000057.0	0	0.003776073455810547	6.279867887496948	316	533	4.890509366989136	36
2025-02-10 18:30:17,305 - INFO - 	13	2330000000067.0	0	0.0040781497955322266	6.797678232192993	319	533	5.293201446533203	39
2025-02-10 18:30:17,818 - INFO - 	14	2280000000067.0	0	0.004408121109008789	7.310184478759766	322	533	5.692772388458252	42
2025-02-10 18:30:18,374 - INFO - 	15	2260000000069.5	0	0.004725933074951172	7.8668036460876465	325	533	6.136492490768433	45
2025-02-10 18:30:18,872 - INFO - 	16	2260000000069.5	0	0.005034923553466797	8.364339828491211	328	533	6.517252683639526	48
2025-02-10 18:30:19,379 - INFO - 	17	2180000000093.0	0	0.005350828170776367	8.871026992797852	331	533	6.907648324966431	51
2025-02-10 18:30:19,876 - INFO - 	18	2180000000093.0	0	0.005678892135620117	9.36837911605835	334	533	7.29203987121582	54
2025-02-10 18:30:20,373 - INFO - 	19	2180000000084.6667	0	0.006233692169189453	9.864648342132568	337	533	7.67564582824707	57
2025-02-10 18:30:20,872 - INFO - 	20	2180000000084.0	0	0.0066258907318115234	10.363628387451172	340	533	8.061444997787476	60
2025-02-10 18:30:21,387 - INFO - 	21	2130000000096.0	0	0.006949663162231445	10.878755331039429	343	533	8.452425718307495	63
2025-02-10 18:30:21,878 - INFO - 	22	2090000000096.0	0	0.007269620895385742	11.369731187820435	346	533	8.8262357711792	66
2025-02-10 18:30:22,371 - INFO - 	23	2083333333429.3328	0	0.007597684860229492	11.862695217132568	349	533	9.20327877998352	69
2025-02-10 18:30:22,877 - INFO - 	24	2060000000101.75	0	0.007998466491699219	12.368181943893433	352	533	9.592278957366943	72
2025-02-10 18:30:23,430 - INFO - 	25	2060000000101.75	0	0.008433818817138672	12.92169189453125	355	533	10.03300666809082	75
2025-02-10 18:30:23,925 - INFO - 	26	2060000000101.75	0	0.008784770965576172	13.415991067886353	358	533	10.414731502532959	78
2025-02-10 18:30:24,419 - INFO - 	27	2060000000101.75	0	0.009273767471313477	13.910683155059814	361	533	10.793070316314697	81
2025-02-10 18:30:24,920 - INFO - 	28	2040000000105.25	0	0.009670734405517578	14.411325216293335	364	533	11.176168203353882	84
2025-02-10 18:30:25,427 - INFO - 	29	2030000000107.4165	0	0.01022791862487793	14.918203115463257	367	533	11.566484212875366	87
2025-02-10 18:30:25,923 - INFO - 	30	2030000000107.1816	0	0.010851621627807617	15.413902997970581	370	533	11.947902202606201	90
2025-02-10 18:30:26,416 - INFO - 	31	2030000000107.0625	0	0.011347532272338867	15.906905889511108	373	533	12.327931642532349	93
2025-02-10 18:30:26,915 - INFO - 	32	2000000000118.0	0	0.011754274368286133	16.406184673309326	376	533	12.714739799499512	96
2025-02-10 18:30:27,414 - INFO - 	33	1990000000116.9995	0	0.012408256530761719	16.904457569122314	379	533	13.10017728805542	99
2025-02-10 18:30:27,902 - INFO - 	34	1965000000122.5	0	0.01303410530090332	17.392722845077515	382	533	13.473128080368042	102
2025-02-10 18:30:28,397 - INFO - 	35	1965000000122.5	0	0.013693094253540039	17.887779712677002	385	533	13.851380109786987	105
2025-02-10 18:30:28,889 - INFO - 	36	1960000000125.5	0	0.014397144317626953	18.3795063495636	388	533	14.226372003555298	108
2025-02-10 18:30:29,382 - INFO - 	37	1960000000125.5	0	0.014612197875976562	18.872066259384155	391	533	14.60320496559143	111
2025-02-10 18:30:29,876 - INFO - 	38	1934285714422.9995	0	0.015249013900756836	19.366597414016724	394	533	14.981973886489868	114
2025-02-10 18:30:30,364 - INFO - 	39	1926666666807.666	0	0.01622796058654785	19.853848457336426	397	533	15.356418132781982	117
2025-02-10 18:30:30,852 - INFO - 	40	1885555555706.5557	0	0.01724696159362793	20.342177391052246	400	533	15.7317955493927	120
2025-02-10 18:30:31,354 - INFO - 	41	1870714285867.286	0	0.01813793182373047	20.84363627433777	403	533	16.120261430740356	123
2025-02-10 18:30:31,846 - INFO - 	42	1862857143013.4287	0	0.019305706024169922	21.335479259490967	406	533	16.498520374298096	126
2025-02-10 18:30:32,351 - INFO - 	43	1837142857312.5715	0	0.020299673080444336	21.840705156326294	409	533	16.866325616836548	129
2025-02-10 18:30:32,900 - INFO - 	44	1800000000178.0	0	0.020933866500854492	22.38964033126831	412	533	17.298247814178467	132
2025-02-10 18:30:33,386 - INFO - 	45	1794166666843.0002	0	0.02203369140625	22.875284433364868	415	533	17.67082667350769	135
2025-02-10 18:30:33,872 - INFO - 	46	1780952381129.2383	0	0.022892475128173828	23.361074447631836	418	533	18.043932914733887	138
2025-02-10 18:30:34,357 - INFO - 	47	1779729729905.0806	0	0.023419618606567383	23.846378326416016	421	533	18.41719388961792	141
2025-02-10 18:30:34,846 - INFO - 	48	1768709677594.807	0	0.024426937103271484	24.33498454093933	424	533	18.79245400428772	144
2025-02-10 18:30:35,389 - INFO - 	49	1750000000184.375	0	0.02522420883178711	24.87864351272583	427	533	19.223796606063843	147
2025-02-10 18:30:35,873 - INFO - 	50	1730000000189.2104	0	0.0260162353515625	25.362338304519653	430	533	19.59126567840576	150
2025-02-10 18:30:36,359 - INFO - 	51	1725000000196.0	0	0.02656388282775879	25.848366498947144	433	533	19.962023496627808	153
2025-02-10 18:30:36,848 - INFO - 	52	1725000000196.0	0	0.02721381187438965	26.337307453155518	436	533	20.335225582122803	156
2025-02-10 18:30:37,347 - INFO - 	53	1707500000208.0	0	0.027687549591064453	26.83550453186035	439	533	20.71887969970703	159
2025-02-10 18:30:37,839 - INFO - 	54	1685000000209.0	0	0.028116464614868164	27.327447652816772	442	533	21.09852147102356	162
2025-02-10 18:30:38,326 - INFO - 	55	1685000000209.0	0	0.02835249900817871	27.815009593963623	445	533	21.47442936897278	165
2025-02-10 18:30:38,816 - INFO - 	56	1685000000209.0	0	0.02856922149658203	28.304086446762085	448	533	21.85172128677368	168
2025-02-10 18:30:39,303 - INFO - 	57	1685000000209.0	0	0.02928924560546875	28.791650533676147	451	533	22.227015256881714	171
2025-02-10 18:30:39,791 - INFO - 	58	1665714285923.2854	0	0.03008890151977539	29.279457569122314	454	533	22.601709365844727	174
2025-02-10 18:30:40,281 - INFO - 	59	1664166666875.0005	0	0.0309598445892334	29.768948554992676	457	533	22.97524333000183	177
2025-02-10 18:30:40,768 - INFO - 	60	1655000000214.1663	0	0.0316777229309082	30.256444692611694	460	533	23.346593618392944	180
2025-02-10 18:30:41,258 - INFO - 	61	1655000000212.4998	0	0.03218388557434082	30.74611186981201	463	533	23.720709800720215	183
2025-02-10 18:30:41,742 - INFO - 	62	1646666666882.8335	0	0.03294563293457031	31.22973370552063	466	533	24.08847689628601	186
2025-02-10 18:30:42,229 - INFO - 	63	1608333333556.3337	0	0.03354048728942871	31.717323780059814	469	533	24.460917949676514	189
2025-02-10 18:30:42,714 - INFO - 	64	1592000000228.2	0	0.034401655197143555	32.201955795288086	472	533	24.832066535949707	192
2025-02-10 18:30:43,219 - INFO - 	65	1556470588476.7046	0	0.03566384315490723	32.707154989242554	475	533	25.22480273246765	195
2025-02-10 18:30:43,704 - INFO - 	66	1556470588476.7046	0	0.03633594512939453	33.19108486175537	478	533	25.596694707870483	198
2025-02-10 18:30:44,244 - INFO - 	67	1556470588476.7046	0	0.03747296333312988	33.73098397254944	481	533	26.024524927139282	201
2025-02-10 18:30:44,728 - INFO - 	68	1547243346252.7712	0	0.0389862060546875	34.21567130088806	484	533	26.392555952072144	204
2025-02-10 18:30:45,207 - INFO - 	69	1544797297543.6084	0	0.040505170822143555	34.694565296173096	487	533	26.754937648773193	207
2025-02-10 18:30:45,684 - INFO - 	70	1517405405659.8083	0	0.042169809341430664	35.17090320587158	490	533	27.11499524116516	210
2025-02-10 18:30:46,159 - INFO - 	71	1497500000260.6072	0	0.04447579383850098	35.646602392196655	493	533	27.47429633140564	213
2025-02-10 18:30:46,634 - INFO - 	72	1469285714550.8572	0	0.04620862007141113	36.12080454826355	496	533	27.831990957260132	216
2025-02-10 18:30:47,179 - INFO - 	73	1457636363906.1633	0	0.04807758331298828	36.665691614151	499	533	28.26088571548462	219
2025-02-10 18:30:47,666 - INFO - 	74	1410000000289.0	0	0.04889869689941406	37.15233874320984	502	533	28.635608434677124	222
2025-02-10 18:30:48,160 - INFO - 	75	1410000000289.0	0	0.05119967460632324	37.646559715270996	505	533	29.015512943267822	225
2025-02-10 18:30:48,646 - INFO - 	76	1395000000289.5	0	0.05309486389160156	38.13301372528076	508	533	29.38884663581848	228
2025-02-10 18:30:49,118 - INFO - 	77	1395000000289.5	0	0.054106950759887695	38.60443377494812	511	533	29.746431827545166	231
2025-02-10 18:30:49,585 - INFO - 	78	1395000000289.5	0	0.05494809150695801	39.07121992111206	514	533	30.09835410118103	234
2025-02-10 18:30:50,060 - INFO - 	79	1395000000289.5	0	0.056593894958496094	39.546314001083374	517	533	30.457984924316406	237
2025-02-10 18:30:50,533 - INFO - 	80	1395000000289.5	0	0.057207584381103516	40.01894497871399	520	533	30.815311670303345	240
2025-02-10 18:30:51,071 - INFO - 	81	1388750000285.875	0	0.05811667442321777	40.55730605125427	523	533	31.237720012664795	243
2025-02-10 18:30:51,545 - INFO - 	82	1372222222517.0007	0	0.06000375747680664	41.03120708465576	526	533	31.595532178878784	246
2025-02-10 18:30:52,026 - INFO - 	83	1360000000295.5	0	0.06127786636352539	41.511789083480835	529	533	31.95970630645752	249
2025-02-10 18:30:52,510 - INFO - 	84	1360000000295.5	0	0.06348490715026855	41.99550819396973	532	533	32.329039573669434	252
2025-02-10 18:30:52,992 - INFO - 	85	1360000000295.5	0	0.06525969505310059	42.4781813621521	535	533	32.699256896972656	255
2025-02-10 18:30:53,532 - INFO - 	86	1341578947678.1313	0	0.06735754013061523	43.017685413360596	538	533	33.12561082839966	258
2025-02-10 18:30:54,037 - INFO - 	87	1329200000318.74	0	0.06898260116577148	43.52285957336426	541	533	33.51871085166931	261
2025-02-10 18:30:54,517 - INFO - 	88	1300000000332.0	0	0.07095551490783691	44.002405881881714	544	533	33.881067991256714	264
2025-02-10 18:30:55,002 - INFO - 	89	1300000000332.0	0	0.0744175910949707	44.4872190952301	547	533	34.2473566532135	267
2025-02-10 18:30:55,478 - INFO - 	90	1285000000334.5	0	0.07589936256408691	44.96300196647644	550	533	34.60688662528992	270
2025-02-10 18:30:55,963 - INFO - 	91	1256666667008.333	0	0.07939028739929199	45.448431968688965	553	533	34.97502613067627	273
2025-02-10 18:30:56,455 - INFO - 	92	1255000000342.3333	0	0.08072829246520996	45.94051265716553	556	533	35.35167098045349	276
2025-02-10 18:30:56,939 - INFO - 	93	1246666667010.9995	0	0.08196353912353516	46.423821687698364	559	533	35.72128987312317	279
2025-02-10 18:30:57,481 - INFO - 	94	1246666667010.9995	0	0.08284473419189453	46.96611738204956	562	533	36.151779890060425	282
2025-02-10 18:30:57,961 - INFO - 	95	1246666667010.9995	0	0.08410763740539551	47.44535851478577	565	533	36.51975178718567	285
2025-02-10 18:30:58,436 - INFO - 	96	1228210526666.1995	0	0.0862436294555664	47.920854568481445	568	533	36.882243394851685	288
2025-02-10 18:30:58,914 - INFO - 	97	1225125000352.175	0	0.08905744552612305	48.398868560791016	571	533	37.24711012840271	291
2025-02-10 18:30:59,389 - INFO - 	98	1217278350875.0103	0	0.09096240997314453	48.87318468093872	574	533	37.60669231414795	294
2025-02-10 18:30:59,867 - INFO - 	99	1201185095051.0688	0	0.09243059158325195	49.35165357589722	577	533	37.96987843513489	297
2025-02-10 18:31:00,338 - INFO - 	100	1182352231978.2344	0	0.09896564483642578	49.822489500045776	580	533	38.3187530040741	300
2025-02-10 18:31:00,809 - INFO - 	101	1162685185568.7866	0	0.1030588150024414	50.293365716934204	583	533	38.6708288192749	303
2025-02-10 18:31:01,343 - INFO - 	102	1133082707163.4958	0	0.10605168342590332	50.82674479484558	586	533	39.086530685424805	306
2025-02-10 18:31:01,812 - INFO - 	103	1124400000397.8801	0	0.10955381393432617	51.29624891281128	589	533	39.43892550468445	309
2025-02-10 18:31:02,293 - INFO - 	104	1109486301771.8315	0	0.11302566528320312	51.776718854904175	592	533	39.802069425582886	312
2025-02-10 18:31:02,764 - INFO - 	105	1102492492899.2402	0	0.11767244338989258	52.24758768081665	595	533	40.15617609024048	315
2025-02-10 18:31:03,237 - INFO - 	106	1089198113614.8866	0	0.12156844139099121	52.72113871574402	598	533	40.51465201377869	318
2025-02-10 18:31:03,701 - INFO - 	107	1079355888506.7374	0	0.12711167335510254	53.1850745677948	601	533	40.86246204376221	321
2025-02-10 18:31:04,233 - INFO - 	108	1070255319565.7319	0	0.13036370277404785	53.71677923202515	604	533	41.28045463562012	324
2025-02-10 18:31:04,704 - INFO - 	109	1066592593012.4406	0	0.13396573066711426	54.187034368515015	607	533	41.63685393333435	327
2025-02-10 18:31:05,196 - INFO - 	110	1062820144309.4336	0	0.13731861114501953	54.679100036621094	610	533	42.01531958580017	330
2025-02-10 18:31:05,665 - INFO - 	111	1041553515547.1271	0	0.13990068435668945	55.147748947143555	613	533	42.37097239494324	333
2025-02-10 18:31:06,137 - INFO - 	112	1007500000445.7628	0	0.14330482482910156	55.620579957962036	616	533	42.73035955429077	336
2025-02-10 18:31:06,614 - INFO - 	113	1000000000446.75	0	0.14519786834716797	56.097431898117065	619	533	43.09441900253296	339
2025-02-10 18:31:07,156 - INFO - 	114	992016807170.6011	0	0.14737200736999512	56.63882780075073	622	533	43.520795822143555	342
2025-02-10 18:31:07,632 - INFO - 	115	989336510714.8816	0	0.15296506881713867	57.11438965797424	625	533	43.87651801109314	345
2025-02-10 18:31:08,104 - INFO - 	116	989302949513.1182	0	0.1566472053527832	57.58723258972168	628	533	44.23210310935974	348
2025-02-10 18:31:08,572 - INFO - 	117	979042612514.5612	0	0.16155529022216797	58.054176568984985	631	533	44.58060836791992	351
2025-02-10 18:31:09,038 - INFO - 	118	977934745923.565	0	0.1662890911102295	58.520068645477295	634	533	44.92817759513855	354
2025-02-10 18:31:09,505 - INFO - 	119	977934745923.5648	0	0.1705939769744873	58.987563610076904	637	533	45.27777290344238	357
2025-02-10 18:31:10,038 - INFO - 	120	949480182397.8579	0	0.17451119422912598	59.520286560058594	640	533	45.692644357681274	360
2025-02-10 18:31:10,504 - INFO - 	121	939646359009.0457	0	0.17989420890808105	59.98600745201111	643	533	46.04277563095093	363
2025-02-10 18:31:10,970 - INFO - 	122	935445829806.7101	0	0.18324899673461914	60.4521541595459	646	533	46.39500951766968	366
2025-02-10 18:31:11,434 - INFO - 	123	931068287025.502	0	0.18722963333129883	60.91591811180115	649	533	46.744529247283936	369
2025-02-10 18:31:11,899 - INFO - 	124	920436847582.9467	0	0.18895363807678223	61.38116407394409	652	533	47.09767293930054	372
2025-02-10 18:31:12,368 - INFO - 	125	910965352666.1786	0	0.19062566757202148	61.850122928619385	655	533	47.454670906066895	375
2025-02-10 18:31:12,837 - INFO - 	126	903152311685.0378	0	0.19753456115722656	62.31920409202576	658	533	47.806583404541016	378
2025-02-10 18:31:13,302 - INFO - 	127	901271341958.859	0	0.2032773494720459	62.783796072006226	661	533	48.1550555229187	381
2025-02-10 18:31:13,831 - INFO - 	128	896987435886.6678	0	0.20850324630737305	63.31232523918152	664	533	48.567888498306274	384
2025-02-10 18:31:14,307 - INFO - 	129	892158439076.9658	0	0.21368813514709473	63.78876733779907	667	533	48.929070472717285	387
2025-02-10 18:31:14,779 - INFO - 	130	891411358173.2317	0	0.22017836570739746	64.2605652809143	670	533	49.28293752670288	390
2025-02-10 18:31:15,250 - INFO - 	131	887506221392.9097	0	0.2268984317779541	64.73122811317444	673	533	49.634801387786865	393
2025-02-10 18:31:15,725 - INFO - 	132	884204941236.4792	0	0.2317655086517334	65.20624327659607	676	533	49.992018699645996	396
2025-02-10 18:31:16,220 - INFO - 	133	879983539059.9708	0	0.23624444007873535	65.7008490562439	679	533	50.34183406829834	399
2025-02-10 18:31:16,683 - INFO - 	134	876545747471.866	0	0.24028849601745605	66.164222240448	682	533	50.68620181083679	402
2025-02-10 18:31:17,222 - INFO - 	135	873061073003.0828	0	0.2487802505493164	66.70290327072144	685	533	51.10179877281189	405
2025-02-10 18:31:17,685 - INFO - 	136	868078635926.9197	0	0.25287723541259766	67.16544723510742	688	533	51.44767904281616	408
2025-02-10 18:31:18,146 - INFO - 	137	866294004172.7631	0	0.25806713104248047	67.62660026550293	691	533	51.791240215301514	411
2025-02-10 18:31:18,609 - INFO - 	138	854541702058.9124	0	0.26479625701904297	68.0893542766571	694	533	52.133573055267334	414
2025-02-10 18:31:19,079 - INFO - 	139	846697681829.4633	0	0.26736927032470703	68.55900311470032	697	533	52.48724842071533	417
2025-02-10 18:31:19,544 - INFO - 	140	844554709168.1206	0	0.27454447746276855	69.02415609359741	700	533	52.831674575805664	420
2025-02-10 18:31:20,009 - INFO - 	141	840952763755.7572	0	0.2780134677886963	69.4890730381012	703	533	53.17942261695862	423
2025-02-10 18:31:20,467 - INFO - 	142	816834310939.8146	0	0.2833716869354248	69.94675016403198	706	533	53.517921924591064	426
2025-02-10 18:31:20,949 - INFO - 	143	812184356938.4595	0	0.29400086402893066	70.429443359375	709	533	53.87623739242554	429
2025-02-10 18:31:21,423 - INFO - 	144	807799085957.3334	0	0.29976987838745117	70.90285444259644	712	533	54.23090195655823	432
2025-02-10 18:31:21,932 - INFO - 	145	798821898359.2281	0	0.31209659576416016	71.4115035533905	715	533	54.61531114578247	435
2025-02-10 18:31:22,631 - INFO - 	146	777726916593.9873	0	0.3161885738372803	72.11113262176514	718	533	55.17029142379761	438
2025-02-10 18:31:23,245 - INFO - 	147	763532858165.2649	0	0.3252136707305908	72.72451853752136	721	533	55.62437415122986	441
2025-02-10 18:31:23,833 - INFO - 	148	758412515057.0717	0	0.3360159397125244	73.31258344650269	724	533	56.05560231208801	444
2025-02-10 18:31:24,327 - INFO - 	149	746851228315.5228	0	0.34029483795166016	73.80619835853577	727	533	56.409977436065674	447
2025-02-10 18:31:24,808 - INFO - 	150	733002636335.6022	0	0.35024094581604004	74.28692030906677	730	533	56.77025747299194	450
2025-02-10 18:31:25,273 - INFO - 	151	731290094739.135	0	0.3528609275817871	74.75104832649231	733	533	57.12031269073486	453
2025-02-10 18:31:25,813 - INFO - 	152	726812390921.042	0	0.36159396171569824	75.29101920127869	736	533	57.54025840759277	456
2025-02-10 18:31:26,281 - INFO - 	153	726812390921.042	0	0.3657100200653076	75.75955414772034	739	533	57.89079165458679	459
2025-02-10 18:31:26,751 - INFO - 	154	714019296983.598	0	0.37127017974853516	76.22955417633057	742	533	58.24182868003845	462
2025-02-10 18:31:27,261 - INFO - 	155	697709286654.8693	0	0.37943220138549805	76.73942518234253	745	533	58.60723042488098	465
2025-02-10 18:31:27,732 - INFO - 	156	686005150500.2814	0	0.3850710391998291	77.20997929573059	748	533	58.96013045310974	468
2025-02-10 18:31:28,203 - INFO - 	157	663079239226.3224	0	0.3918600082397461	77.6807873249054	751	533	59.31338572502136	471
2025-02-10 18:31:28,675 - INFO - 	158	648847103600.1914	0	0.3951249122619629	78.15277051925659	754	533	59.67092037200928	474
2025-02-10 18:31:29,213 - INFO - 	159	629785091590.914	0	0.40377092361450195	78.69102764129639	757	533	60.09031414985657	477
2025-02-10 18:31:29,693 - INFO - 	160	616469776990.0161	0	0.41658473014831543	79.17085862159729	760	533	60.44700813293457	480
2025-02-10 18:31:30,160 - INFO - 	161	613169651592.2054	0	0.4219236373901367	79.63742446899414	763	533	60.79793620109558	483
2025-02-10 18:31:30,633 - INFO - 	162	606562500649.0803	0	0.4321444034576416	80.1101815700531	766	533	61.15002512931824	486
2025-02-10 18:31:31,118 - INFO - 	163	601840917780.8076	0	0.447399377822876	80.59513473510742	769	533	61.5097119808197	489
2025-02-10 18:31:31,602 - INFO - 	164	595818912641.969	0	0.4557805061340332	81.07881474494934	772	533	61.86950182914734	492
2025-02-10 18:31:32,155 - INFO - 	165	592710692375.9727	0	0.4705483913421631	81.63166975975037	775	533	62.29116249084473	495
2025-02-10 18:31:32,632 - INFO - 	166	590578255002.6577	0	0.4761955738067627	82.1093819141388	778	533	62.6506028175354	498
2025-02-10 18:31:33,098 - INFO - 	167	588519363876.4719	0	0.4862544536590576	82.57437300682068	781	533	62.99443173408508	501
2025-02-10 18:31:33,558 - INFO - 	168	585054251863.4966	0	0.4950523376464844	83.03441405296326	784	533	63.334638833999634	504
2025-02-10 18:31:34,023 - INFO - 	169	578938542264.5216	0	0.5107021331787109	83.49974131584167	787	533	63.67272424697876	507
2025-02-10 18:31:34,492 - INFO - 	170	571046737180.3757	0	0.5252747535705566	83.9680483341217	790	533	64.01463150978088	510
2025-02-10 18:31:35,025 - INFO - 	171	562132937116.7084	0	0.5390274524688721	84.50119423866272	793	533	64.42207527160645	513
2025-02-10 18:31:35,497 - INFO - 	172	557671876064.6116	0	0.552046537399292	84.97355437278748	796	533	64.77107906341553	516
2025-02-10 18:31:35,983 - INFO - 	173	554509923213.7264	0	0.5618455410003662	85.45914936065674	799	533	65.13692283630371	519
2025-02-10 18:31:36,465 - INFO - 	174	545959199869.93365	0	0.5780973434448242	85.94106006622314	802	533	65.49264478683472	522
2025-02-10 18:31:36,940 - INFO - 	175	539835127758.895	0	0.5899572372436523	86.4164822101593	805	533	65.84608387947083	525
2025-02-10 18:31:37,418 - INFO - 	176	532060891317.1878	0	0.6038811206817627	86.89380526542664	808	533	66.19822931289673	528
2025-02-10 18:31:37,909 - INFO - 	177	524888737438.3636	0	0.6185970306396484	87.38529634475708	811	533	66.56247472763062	531
2025-02-10 18:31:38,441 - INFO - 	178	520065964039.8424	0	0.6313269138336182	87.91625952720642	814	533	66.9661271572113	534
2025-02-10 18:31:38,921 - INFO - 	179	513415153775.34015	0	0.6402320861816406	88.39653754234314	817	533	67.32381319999695	537
2025-02-10 18:31:39,387 - INFO - 	180	507564976722.2944	0	0.6563029289245605	88.86268258094788	820	533	67.66150569915771	540
2025-02-10 18:31:39,850 - INFO - 	181	502164396398.51996	0	0.669921875	89.32497048377991	823	533	67.99773454666138	543
2025-02-10 18:31:40,299 - INFO - 	182	492432637645.7567	0	0.6737418174743652	89.77428841590881	826	533	68.3306839466095	546
2025-02-10 18:31:40,762 - INFO - 	183	485078050157.83246	0	0.6848189830780029	90.23699736595154	829	533	68.66907477378845	549
2025-02-10 18:31:41,228 - INFO - 	184	481827891692.7851	0	0.6937069892883301	90.70316123962402	832	533	69.0125880241394	552
2025-02-10 18:31:41,696 - INFO - 	185	474189354922.13055	0	0.7052831649780273	91.17087030410767	835	533	69.35525894165039	555
2025-02-10 18:31:42,234 - INFO - 	186	465010271115.6101	0	0.7214210033416748	91.70843815803528	838	533	69.76312375068665	558
2025-02-10 18:31:42,622 - INFO - 	187	460011657666.8752	0	0.7250750064849854	92.09639620780945	841	533	70.03716683387756	561
2025-02-10 18:31:43,155 - INFO - 	188	457522685304.5169	0	0.741750955581665	92.62931513786316	844	533	70.43922591209412	564
2025-02-10 18:31:43,618 - INFO - 	189	454899287146.2858	0	0.7533712387084961	93.09227919578552	847	533	70.78030300140381	567
2025-02-10 18:31:44,082 - INFO - 	190	446317878120.4142	0	0.7654399871826172	93.55644822120667	850	533	71.12190437316895	570
2025-02-10 18:31:44,540 - INFO - 	191	436627409194.72766	0	0.7769448757171631	94.014151096344	853	533	71.45819020271301	573
2025-02-10 18:31:45,014 - INFO - 	192	433809054684.00226	0	0.7924118041992188	94.48822498321533	856	533	71.80636715888977	576
2025-02-10 18:31:45,477 - INFO - 	193	425886487449.1278	0	0.8089039325714111	94.95153403282166	859	533	72.14300012588501	579
2025-02-10 18:31:45,931 - INFO - 	194	421209078261.17737	0	0.8182919025421143	95.40482926368713	862	533	72.4765682220459	582
2025-02-10 18:31:46,444 - INFO - 	195	417188152278.53766	0	0.8216478824615479	95.9179744720459	865	533	72.8751654624939	585
2025-02-10 18:31:46,904 - INFO - 	196	415213279288.02405	0	0.840362548828125	96.37751650810242	868	533	73.20543098449707	588
2025-02-10 18:31:47,363 - INFO - 	197	411733247643.69135	0	0.8558504581451416	96.83723831176758	871	533	73.53917169570923	591
2025-02-10 18:31:47,827 - INFO - 	198	404288954358.8185	0	0.8698554039001465	97.30116724967957	874	533	73.87871432304382	594
2025-02-10 18:31:48,312 - INFO - 	199	402888096087.6596	0	0.8785912990570068	97.7852201461792	877	533	74.24381113052368	597
2025-02-10 18:31:48,784 - INFO - 	200	401241488477.8415	0	0.8939712047576904	98.25789213180542	880	533	74.59057235717773	600
2025-02-10 18:31:49,265 - INFO - 	201	391986857185.2305	0	0.9104559421539307	98.7385950088501	883	533	74.94493460655212	603
2025-02-10 18:31:49,734 - INFO - 	202	390112836196.5931	0	0.9236366748809814	99.20722723007202	886	533	75.28999257087708	606
2025-02-10 18:31:50,205 - INFO - 	203	389736223859.1238	0	0.9369127750396729	99.67861557006836	889	533	75.63797569274902	609
2025-02-10 18:31:50,738 - INFO - 	204	385657431967.23395	0	0.9547319412231445	100.21073889732361	892	533	76.04223895072937	612
2025-02-10 18:31:51,205 - INFO - 	205	374433680026.3064	0	0.9705371856689453	100.67760896682739	895	533	76.37873125076294	615
2025-02-10 18:31:51,670 - INFO - 	206	369249220065.40814	0	0.9821460247039795	101.14281392097473	898	533	76.7175841331482	618
2025-02-10 18:31:52,125 - INFO - 	207	366632442701.5962	0	0.9859731197357178	101.59835004806519	901	533	77.05462002754211	621
2025-02-10 18:31:52,595 - INFO - 	208	363905487601.303	0	1.0057458877563477	102.06783604621887	904	533	77.39042448997498	624
2025-02-10 18:31:53,054 - INFO - 	209	362341117683.12805	0	1.0203588008880615	102.5265281200409	907	533	77.72054028511047	627
2025-02-10 18:31:53,516 - INFO - 	210	357513092024.49835	0	1.0297698974609375	102.9890730381012	910	533	78.06005930900574	630
2025-02-10 18:31:54,037 - INFO - 	211	349059333354.4059	0	1.0423221588134766	103.5096960067749	913	533	78.45545554161072	633
2025-02-10 18:31:54,498 - INFO - 	212	346048670885.47046	0	1.0525600910186768	103.97024083137512	916	533	78.79124045372009	636
2025-02-10 18:31:54,956 - INFO - 	213	344096990120.242	0	1.060901165008545	104.42879986763	919	533	79.12745928764343	639
2025-02-10 18:31:55,414 - INFO - 	214	340571278087.7927	0	1.0707993507385254	104.88646388053894	922	533	79.46067309379578	642
2025-02-10 18:31:55,857 - INFO - 	215	340571278087.44977	0	1.0730783939361572	105.32891607284546	925	533	79.78636837005615	645
2025-02-10 18:31:56,321 - INFO - 	216	334944184363.42413	0	1.0927176475524902	105.79282712936401	928	533	80.1167221069336	648
2025-02-10 18:31:56,772 - INFO - 	217	322387983660.39777	0	1.1008577346801758	106.24415111541748	931	533	80.44609785079956	651
2025-02-10 18:31:57,250 - INFO - 	218	314610598618.5522	0	1.1257658004760742	106.7221450805664	934	533	80.78850936889648	654
2025-02-10 18:31:57,720 - INFO - 	219	304737349721.5829	0	1.140880823135376	107.19156312942505	937	533	81.13008260726929	657
2025-02-10 18:31:58,248 - INFO - 	220	299998062045.85333	0	1.1480791568756104	107.72003412246704	940	533	81.53725147247314	660
2025-02-10 18:31:58,712 - INFO - 	221	299929406899.9509	0	1.159555435180664	108.18369007110596	943	533	81.87563967704773	663
2025-02-10 18:31:59,169 - INFO - 	222	282368245170.35815	0	1.1634654998779297	108.64016509056091	946	533	82.21431565284729	666
2025-02-10 18:31:59,647 - INFO - 	223	262776569621.923	0	1.1665196418762207	109.11879014968872	949	533	82.55170774459839	669
2025-02-10 18:32:00,103 - INFO - 	224	262368245196.35782	0	1.17716383934021	109.57468128204346	952	533	82.88325953483582	672
2025-02-10 18:32:00,579 - INFO - 	225	258004452429.7626	0	1.198279857635498	110.05019640922546	955	533	83.22338581085205	675
2025-02-10 18:32:01,040 - INFO - 	226	250279344970.8261	0	1.2035529613494873	110.51118564605713	958	533	83.56562447547913	678
2025-02-10 18:32:01,516 - INFO - 	227	240243130691.2015	0	1.2259371280670166	110.9869384765625	961	533	83.90519738197327	681
2025-02-10 18:32:01,991 - INFO - 	228	231187880884.31094	0	1.2454681396484375	111.46195960044861	964	533	84.24657249450684	684
2025-02-10 18:32:02,532 - INFO - 	229	230900227022.25955	0	1.2541091442108154	112.0024836063385	967	533	84.66439628601074	687
2025-02-10 18:32:03,007 - INFO - 	230	229147923371.0628	0	1.2702100276947021	112.47819924354553	970	533	85.01368641853333	690
2025-02-10 18:32:03,501 - INFO - 	231	227163388760.63602	0	1.2925868034362793	112.97147226333618	973	533	85.37431335449219	693
2025-02-10 18:32:03,977 - INFO - 	232	225281911754.8362	0	1.3083136081695557	113.44727039337158	976	533	85.72414445877075	696
2025-02-10 18:32:04,449 - INFO - 	233	222805948469.20398	0	1.324188470840454	113.91943740844727	979	533	86.07043433189392	699
2025-02-10 18:32:04,936 - INFO - 	234	217042418678.62222	0	1.3505456447601318	114.406729221344	982	533	86.4211413860321	702
2025-02-10 18:32:05,418 - INFO - 	235	212740053469.4373	0	1.379302740097046	114.88833332061768	985	533	86.76303339004517	705
2025-02-10 18:32:05,885 - INFO - 	236	205880096207.1021	0	1.3990159034729004	115.35546517372131	988	533	87.09726929664612	708
2025-02-10 18:32:06,355 - INFO - 	237	204672843476.54825	0	1.419022798538208	115.82512140274048	991	533	87.4338104724884	711
2025-02-10 18:32:06,828 - INFO - 	238	202991519030.748	0	1.4387247562408447	116.29769825935364	994	533	87.77288579940796	714
2025-02-10 18:32:07,375 - INFO - 	239	198337232668.23602	0	1.4641258716583252	116.84439826011658	997	533	88.1798734664917	717
2025-02-10 18:32:07,853 - INFO - 	240	197004979667.01862	0	1.4873485565185547	117.32240915298462	1000	533	88.52119326591492	720
2025-02-10 18:32:08,325 - INFO - 	241	195445354591.81345	0	1.502091407775879	117.79455733299255	1003	533	88.86604332923889	723
2025-02-10 18:32:08,793 - INFO - 	242	187744660347.33908	0	1.5184154510498047	118.26269221305847	1006	533	89.20557641983032	726
2025-02-10 18:32:09,256 - INFO - 	243	185160193250.20795	0	1.5391383171081543	118.72503232955933	1009	533	89.53600120544434	729
2025-02-10 18:32:09,727 - INFO - 	244	173847605682.6707	0	1.5628643035888672	119.19594740867615	1012	533	89.87090945243835	732
2025-02-10 18:32:10,215 - INFO - 	245	173355740892.57004	0	1.6011273860931396	119.68476223945618	1015	533	90.2094874382019	735
2025-02-10 18:32:10,736 - INFO - 	246	172028908819.41238	0	1.6131532192230225	120.20516920089722	1018	533	90.60741353034973	738
2025-02-10 18:32:11,206 - INFO - 	247	169984307511.52335	0	1.6327123641967773	120.67549324035645	1021	533	90.94817233085632	741
2025-02-10 18:32:11,679 - INFO - 	248	169984307511.52332	0	1.6482570171356201	121.14767527580261	1024	533	91.2946343421936	744
2025-02-10 18:32:12,150 - INFO - 	249	168153195231.1639	0	1.6664509773254395	121.61839842796326	1027	533	91.63712453842163	747
2025-02-10 18:32:12,607 - INFO - 	250	166704500396.10114	0	1.6824021339416504	122.07573342323303	1030	533	91.96847772598267	750
2025-02-10 18:32:13,075 - INFO - 	251	162114135333.47385	0	1.7031543254852295	122.54333066940308	1033	533	92.30499958992004	753
2025-02-10 18:32:13,547 - INFO - 	252	161378048643.42065	0	1.7210681438446045	123.01518273353577	1036	533	92.64896774291992	756
2025-02-10 18:32:14,029 - INFO - 	253	159091518612.32	0	1.7474040985107422	123.49722671508789	1039	533	92.99444794654846	759
2025-02-10 18:32:14,499 - INFO - 	254	157314654370.70242	0	1.7664811611175537	123.96702766418457	1042	533	93.33474469184875	762
2025-02-10 18:32:15,037 - INFO - 	255	153469664518.11856	0	1.7888240814208984	124.50572180747986	1045	533	93.74077796936035	765
2025-02-10 18:32:15,509 - INFO - 	256	148891113839.86917	0	1.8098912239074707	124.97733068466187	1048	533	94.07682991027832	768
2025-02-10 18:32:16,006 - INFO - 	257	142222890271.00107	0	1.8426322937011719	125.4744668006897	1051	533	94.42184591293335	771
2025-02-10 18:32:16,621 - INFO - 	258	139197151452.9675	0	1.862741470336914	126.08902096748352	1054	533	94.89870381355286	774
2025-02-10 18:32:17,094 - INFO - 	259	137155904081.76093	0	1.8794422149658203	126.56166982650757	1057	533	95.23396039009094	777
2025-02-10 18:32:17,566 - INFO - 	260	134862083929.66241	0	1.9065663814544678	127.03340268135071	1060	533	95.56892418861389	780
2025-02-10 18:32:18,024 - INFO - 	261	132353837310.6133	0	1.9235422611236572	127.49169659614563	1063	533	95.89982390403748	783
2025-02-10 18:32:18,493 - INFO - 	262	130001428648.17706	0	1.952246904373169	127.96033453941345	1066	533	96.23031520843506	786
2025-02-10 18:32:18,965 - INFO - 	263	127461609294.59796	0	1.9729328155517578	128.4327552318573	1069	533	96.57213044166565	789
2025-02-10 18:32:19,499 - INFO - 	264	126569817223.11601	0	1.9966857433319092	128.96670031547546	1072	533	96.97217202186584	792
2025-02-10 18:32:19,963 - INFO - 	265	123318329262.64635	0	2.0188753604888916	129.43057703971863	1075	533	97.30379915237427	795
2025-02-10 18:32:20,423 - INFO - 	266	121487103154.74849	0	2.0360593795776367	129.8902621269226	1078	533	97.63657999038696	798
2025-02-10 18:32:20,883 - INFO - 	267	120060846610.1208	0	2.053257465362549	130.35022687911987	1081	533	97.96961903572083	801
2025-02-10 18:32:21,347 - INFO - 	268	117723828703.69055	0	2.076873302459717	130.81418991088867	1084	533	98.29995632171631	804
2025-02-10 18:32:21,810 - INFO - 	269	117089318521.9682	0	2.090731382369995	131.27701807022095	1087	533	98.63852453231812	807
2025-02-10 18:32:22,353 - INFO - 	270	116102400177.62332	0	2.1165943145751953	131.81943202018738	1090	533	99.04541611671448	810
2025-02-10 18:32:22,831 - INFO - 	271	113497779540.99104	0	2.1430845260620117	132.29747319221497	1093	533	99.38734340667725	813
2025-02-10 18:32:23,311 - INFO - 	272	111421064248.47644	0	2.1648974418640137	132.77764320373535	1096	533	99.73575615882874	816
2025-02-10 18:32:23,787 - INFO - 	273	110603491591.1451	0	2.190755605697632	133.25384998321533	1099	533	100.07649207115173	819
2025-02-10 18:32:24,260 - INFO - 	274	107912359232.48839	0	2.2189817428588867	133.7264380455017	1102	533	100.41087079048157	822
2025-02-10 18:32:24,716 - INFO - 	275	103981246729.76215	0	2.2305567264556885	134.18276619911194	1105	533	100.74598979949951	825
2025-02-10 18:32:25,194 - INFO - 	276	101343365823.35396	0	2.25744891166687	134.660382270813	1108	533	101.08680891990662	828
2025-02-10 18:32:25,729 - INFO - 	277	100517337014.90572	0	2.2796790599823	135.19503211975098	1111	533	101.48923563957214	831
2025-02-10 18:32:26,202 - INFO - 	278	98530204941.2838	0	2.312798023223877	135.6685004234314	1114	533	101.81960463523865	834
2025-02-10 18:32:26,673 - INFO - 	279	92434063421.89299	0	2.3385791778564453	136.13860964775085	1117	533	102.15448665618896	837
2025-02-10 18:32:27,140 - INFO - 	280	87618547668.04796	0	2.351067066192627	136.60530161857605	1120	533	102.49856972694397	840
2025-02-10 18:32:27,611 - INFO - 	281	82532611825.41252	0	2.3764660358428955	137.07674980163574	1123	533	102.83494210243225	843
2025-02-10 18:32:28,075 - INFO - 	282	79049703709.49217	0	2.4026150703430176	137.54046392440796	1126	533	103.16281986236572	846
2025-02-10 18:32:28,546 - INFO - 	283	78496089525.92937	0	2.431874990463257	138.01110005378723	1129	533	103.49477076530457	849
2025-02-10 18:32:28,991 - INFO - 	284	75003655786.66713	0	2.436602830886841	138.45632910728455	1132	533	103.82495522499084	852
2025-02-10 18:32:29,445 - INFO - 	285	74102400841.98734	0	2.446633815765381	138.91045999526978	1135	533	104.1595892906189	855
2025-02-10 18:32:29,916 - INFO - 	286	71356423872.04213	0	2.4657299518585205	139.38071703910828	1138	533	104.5010495185852	858
2025-02-10 18:32:30,451 - INFO - 	287	65563933528.40949	0	2.4966392517089844	139.91628408432007	1141	533	104.895587682724	861
2025-02-10 18:32:30,906 - INFO - 	288	64944486313.30306	0	2.5169832706451416	140.37071418762207	1144	533	105.21962285041809	864
2025-02-10 18:32:31,366 - INFO - 	289	59665780519.15115	0	2.5462803840637207	140.83119416236877	1147	533	105.54146981239319	867
2025-02-10 18:32:31,828 - INFO - 	290	59660142790.34931	0	2.5593855381011963	141.2927951812744	1150	533	105.87994050979614	870
2025-02-10 18:32:32,298 - INFO - 	291	58050613274.59644	0	2.5845625400543213	141.76277017593384	1153	533	106.2146635055542	873
2025-02-10 18:32:32,762 - INFO - 	292	56954948656.500755	0	2.611009359359741	142.2265555858612	1156	533	106.54221057891846	876
2025-02-10 18:32:33,227 - INFO - 	293	54499138793.88396	0	2.637246608734131	142.6912567615509	1159	533	106.87106108665466	879
2025-02-10 18:32:33,682 - INFO - 	294	54074369351.0225	0	2.6440484523773193	143.14689183235168	1162	533	107.20983791351318	882
2025-02-10 18:32:34,138 - INFO - 	295	53314364192.74319	0	2.660609245300293	143.60236406326294	1165	533	107.539231300354	885
2025-02-10 18:32:34,667 - INFO - 	296	50418340104.96159	0	2.683846950531006	144.13106608390808	1168	533	107.93519496917725	888
2025-02-10 18:32:35,125 - INFO - 	297	47380445206.34071	0	2.7128498554229736	144.58911418914795	1171	533	108.25423884391785	891
2025-02-10 18:32:35,567 - INFO - 	298	45998093289.42433	0	2.728696823120117	145.03105998039246	1174	533	108.57012009620667	894
2025-02-10 18:32:36,026 - INFO - 	299	40077447482.575134	0	2.7511587142944336	145.49007105827332	1177	533	108.89728713035583	897
2025-02-10 18:32:36,483 - INFO - 	300	40013326413.38302	0	2.7777185440063477	145.94730806350708	1180	533	109.21839308738708	900
2025-02-10 18:32:36,927 - INFO - 	301	40000001340.052086	0	2.78237247467041	146.39069604873657	1183	533	109.54703211784363	903
2025-02-10 18:32:37,400 - INFO - 	302	40000001327.57557	0	2.786405563354492	146.86300778388977	1186	533	109.90541911125183	906
2025-02-10 18:32:37,870 - INFO - 	303	30000001342.96257	0	2.7893004417419434	147.3337688446045	1189	533	110.26388001441956	909
2025-02-10 18:32:38,350 - INFO - 	304	30000001332.65503	0	2.794466257095337	147.81284880638123	1192	533	110.62817192077637	912
2025-02-10 18:32:38,890 - INFO - 	305	21722089587.349064	0	2.7998533248901367	148.353257894516	1195	533	111.05364060401917	915
2025-02-10 18:32:39,353 - INFO - 	306	19507134739.410866	0	2.82464337348938	148.8159155845642	1198	533	111.38211560249329	918
2025-02-10 18:32:39,818 - INFO - 	307	16682980763.63392	0	2.853849411010742	149.28074145317078	1201	533	111.70786952972412	921
2025-02-10 18:32:40,276 - INFO - 	308	12241230532.244879	0	2.875054359436035	149.73858428001404	1204	533	112.03441166877747	924
2025-02-10 18:32:40,720 - INFO - 	309	11437176406.272017	0	2.8897664546966553	150.18276047706604	1207	533	112.35426664352417	927
2025-02-10 18:32:41,171 - INFO - 	310	9409996954.418447	0	2.905519485473633	150.63352632522583	1210	533	112.6796452999115	930
2025-02-10 18:32:41,613 - INFO - 	311	8354324027.084	0	2.92151141166687	151.07552242279053	1213	533	112.99577593803406	933
2025-02-10 18:32:42,125 - INFO - 	312	7596331029.345353	0	2.9424335956573486	151.58754539489746	1216	533	113.37699389457703	936
2025-02-10 18:32:42,590 - INFO - 	313	5709540507.505305	0	2.974982738494873	152.05300521850586	1219	533	113.6998918056488	939
2025-02-10 18:32:43,030 - INFO - 	314	5613603273.347056	0	2.9856948852539062	152.49243807792664	1222	533	114.01906108856201	942
2025-02-10 18:32:43,478 - INFO - 	315	5490802559.384757	0	3.009052276611328	152.94085001945496	1225	533	114.33430433273315	945
2025-02-10 18:32:43,913 - INFO - 	316	5266960676.077096	0	3.0129735469818115	153.37571001052856	1228	533	114.65526723861694	948
2025-02-10 18:32:44,367 - INFO - 	317	5189003853.742865	0	3.0393242835998535	153.8298110961914	1231	533	114.97282314300537	951
2025-02-10 18:32:44,807 - INFO - 	318	1347.9647103898628	0	3.048377275466919	154.26878118515015	1234	533	115.2929117679596	954
2025-02-10 18:32:45,292 - INFO - 	319	1321.3300869825825	0	3.05661940574646	154.7536883354187	1237	533	115.65966987609863	957
2025-02-10 18:32:45,770 - INFO - 	320	1320.9718576820258	0	3.0602893829345703	155.232417345047	1240	533	116.02485775947571	960
2025-02-10 18:32:46,253 - INFO - 	321	1301.7522714320378	0	3.0668935775756836	155.71536231040955	1243	533	116.39176845550537	963
2025-02-10 18:32:46,741 - INFO - 	322	1291.4423787130947	0	3.073141574859619	156.2031421661377	1246	533	116.76261949539185	966
2025-02-10 18:32:47,280 - INFO - 	323	1291.2526027533906	0	3.0755562782287598	156.7416591644287	1249	533	117.18856048583984	969
2025-02-10 18:32:47,757 - INFO - 	324	1280.2988746299443	0	3.081308364868164	157.21925926208496	1252	533	117.55077838897705	972
2025-02-10 18:32:48,240 - INFO - 	325	1272.946199761973	0	3.087534189224243	157.70174741744995	1255	533	117.91748023033142	975
2025-02-10 18:32:48,724 - INFO - 	326	1261.0803582323924	0	3.0932552814483643	158.18563318252563	1258	533	118.28619885444641	978
2025-02-10 18:32:49,203 - INFO - 	327	1246.0319277380947	0	3.0986313819885254	158.66450095176697	1261	533	118.65032649040222	981
2025-02-10 18:32:49,750 - INFO - 	328	1239.6174680791814	0	3.1057422161102295	159.2110137939453	1264	533	119.08022475242615	984
2025-02-10 18:32:50,232 - INFO - 	329	1237.5339949189201	0	3.1100003719329834	159.69362878799438	1267	533	119.44866275787354	987
2025-02-10 18:32:50,717 - INFO - 	330	1233.1980890755535	0	3.1154863834381104	160.17852210998535	1270	533	119.81810688972473	990
2025-02-10 18:32:51,204 - INFO - 	331	1227.3098247844484	0	3.1213271617889404	160.66509318351746	1273	533	120.18939399719238	993
2025-02-10 18:32:51,689 - INFO - 	332	1215.1364914278809	0	3.1289710998535156	161.15018129348755	1276	533	120.5573742389679	996
2025-02-10 18:32:52,177 - INFO - 	333	1206.8392743054776	0	3.136115312576294	161.63768815994263	1279	533	120.92846941947937	999
2025-02-10 18:32:52,662 - INFO - 	334	1202.141485841436	0	3.142958402633667	162.1228175163269	1282	533	121.29714155197144	1002
2025-02-10 18:32:53,148 - INFO - 	335	1189.2849313266943	0	3.149355411529541	162.60915350914001	1285	533	121.66705179214478	1005
2025-02-10 18:32:53,631 - INFO - 	336	1184.5764498381986	0	3.157043218612671	163.09180855751038	1288	533	122.03226566314697	1008
2025-02-10 18:32:54,113 - INFO - 	337	1180.096663851761	0	3.1647181510925293	163.57425260543823	1291	533	122.39728784561157	1011
2025-02-10 18:32:54,597 - INFO - 	338	1180.0689655101603	0	3.1685214042663574	164.0579173564911	1294	533	122.76689147949219	1014
2025-02-10 18:32:55,146 - INFO - 	339	1175.927856851004	0	3.174746513366699	164.60640811920166	1297	533	123.1988914012909	1017
2025-02-10 18:32:55,627 - INFO - 	340	1167.9040447047635	0	3.1802845001220703	165.08799386024475	1300	533	123.56509947776794	1020
2025-02-10 18:32:56,113 - INFO - 	341	1166.5669554846154	0	3.1862282752990723	165.57374095916748	1303	533	123.93529295921326	1023
2025-02-10 18:32:56,593 - INFO - 	342	1162.6305781117169	0	3.1920082569122314	166.05353307724	1306	533	124.29911613464355	1026
2025-02-10 18:32:57,074 - INFO - 	343	1158.589863224166	0	3.1965384483337402	166.53420209884644	1309	533	124.66562032699585	1029
2025-02-10 18:32:57,557 - INFO - 	344	1156.8553831727625	0	3.2038414478302	167.01701712608337	1312	533	125.03156590461731	1032
2025-02-10 18:32:58,104 - INFO - 	345	1154.2710010147252	0	3.2092154026031494	167.5637230873108	1315	533	125.4628758430481	1035
2025-02-10 18:32:58,588 - INFO - 	346	1152.3969609860562	0	3.2158377170562744	168.04851579666138	1318	533	125.8313946723938	1038
2025-02-10 18:32:59,072 - INFO - 	347	1151.9868999688726	0	3.222144603729248	168.53240776062012	1321	533	126.1994960308075	1041
2025-02-10 18:32:59,552 - INFO - 	348	1151.857415648826	0	3.225435733795166	169.01222372055054	1324	533	126.56616187095642	1044
2025-02-10 18:33:00,032 - INFO - 	349	1150.2195320629264	0	3.2299439907073975	169.49162673950195	1327	533	126.93162655830383	1047
2025-02-10 18:33:00,580 - INFO - 	350	1149.2183407493962	0	3.2356019020080566	170.0402295589447	1330	533	127.36480450630188	1050
2025-02-10 18:33:01,065 - INFO - 	351	1146.7894250554423	0	3.240154981613159	170.5251727104187	1333	533	127.73535323143005	1053
2025-02-10 18:33:01,541 - INFO - 	352	1146.7826393102464	0	3.24349308013916	171.00099396705627	1336	533	128.09767627716064	1056
2025-02-10 18:33:02,023 - INFO - 	353	1145.5584865441613	0	3.2508978843688965	171.4828279018402	1339	533	128.46247959136963	1059
2025-02-10 18:33:02,511 - INFO - 	354	1144.176785725118	0	3.2598788738250732	171.97061491012573	1342	533	128.8313388824463	1062
2025-02-10 18:33:02,998 - INFO - 	355	1141.1670934027056	0	3.2655680179595947	172.45791387557983	1345	533	129.20332884788513	1065
2025-02-10 18:33:03,548 - INFO - 	356	1140.3483235217757	0	3.2701919078826904	173.00709462165833	1348	533	129.6381378173828	1068
2025-02-10 18:33:04,037 - INFO - 	357	1139.2486415612398	0	3.275858163833618	173.49616980552673	1351	533	130.01190876960754	1071
2025-02-10 18:33:04,526 - INFO - 	358	1137.2511590893535	0	3.281085252761841	173.98501801490784	1354	533	130.3856716156006	1074
2025-02-10 18:33:05,013 - INFO - 	359	1134.7138120839718	0	3.2864015102386475	174.4718780517578	1357	533	130.7576446533203	1077
2025-02-10 18:33:05,496 - INFO - 	360	1134.2203056391734	0	3.2912685871124268	174.9547553062439	1360	533	131.1258237361908	1080
2025-02-10 18:33:05,982 - INFO - 	361	1134.1542884783557	0	3.2957637310028076	175.44081711769104	1363	533	131.49773478507996	1083
2025-02-10 18:33:06,474 - INFO - 	362	1133.754279032272	0	3.300107717514038	175.9325029850006	1366	533	131.87539792060852	1086
2025-02-10 18:33:06,962 - INFO - 	363	1131.291701845079	0	3.305168628692627	176.42112493515015	1369	533	132.24951219558716	1089
2025-02-10 18:33:07,448 - INFO - 	364	1129.6675288558442	0	3.309690475463867	176.90724802017212	1372	533	132.62138986587524	1092
2025-02-10 18:33:07,938 - INFO - 	365	1128.892591817311	0	3.3148117065429688	177.39696431159973	1375	533	132.99633288383484	1095
2025-02-10 18:33:08,424 - INFO - 	366	1127.9428717956685	0	3.321176528930664	177.88288259506226	1378	533	133.3664984703064	1098
2025-02-10 18:33:08,908 - INFO - 	367	1127.205773197666	0	3.326326608657837	178.36638236045837	1381	533	133.7353663444519	1101
2025-02-10 18:33:09,393 - INFO - 	368	1126.8602692231823	0	3.3291797637939453	178.85109853744507	1384	533	134.10726261138916	1104
2025-02-10 18:33:09,876 - INFO - 	369	1126.295077088663	0	3.333157777786255	179.33466577529907	1387	533	134.4766387939453	1107
2025-02-10 18:33:10,357 - INFO - 	370	1125.2791340481679	0	3.3367114067077637	179.815114736557	1390	533	134.8439290523529	1110
2025-02-10 18:33:10,905 - INFO - 	371	1123.6538323993282	0	3.342411518096924	180.36289167404175	1393	533	135.27672815322876	1113
2025-02-10 18:33:11,385 - INFO - 	372	1122.4695394307907	0	3.347797393798828	180.84276270866394	1396	533	135.64177346229553	1116
2025-02-10 18:33:11,868 - INFO - 	373	1119.8240325324732	0	3.355158567428589	181.32566666603088	1399	533	136.00799131393433	1119
2025-02-10 18:33:12,352 - INFO - 	374	1119.0233666351537	0	3.3610284328460693	181.81032371520996	1402	533	136.37692165374756	1122
2025-02-10 18:33:12,837 - INFO - 	375	1118.5416094847158	0	3.367262363433838	182.295325756073	1405	533	136.7462456226349	1125
2025-02-10 18:33:13,323 - INFO - 	376	1118.282250422456	0	3.3719074726104736	182.78086376190186	1408	533	137.11707997322083	1128
2025-02-10 18:33:13,873 - INFO - 	377	1117.5695312822047	0	3.3755486011505127	183.33062267303467	1411	533	137.5532989501953	1131
2025-02-10 18:33:14,357 - INFO - 	378	1116.7546593644784	0	3.380042552947998	183.8149917125702	1414	533	137.92380118370056	1134
2025-02-10 18:33:14,849 - INFO - 	379	1115.8984124291292	0	3.385450601577759	184.30712580680847	1417	533	138.30114316940308	1137
2025-02-10 18:33:15,341 - INFO - 	380	1115.6484276018905	0	3.3896684646606445	184.79853677749634	1420	533	138.67879676818848	1140
2025-02-10 18:33:15,836 - INFO - 	381	1114.9006392787703	0	3.3963303565979004	185.29388880729675	1423	533	139.0581030845642	1143
2025-02-10 18:33:16,317 - INFO - 	382	1114.90063927877	0	3.3985793590545654	185.7745966911316	1426	533	139.42693543434143	1146
2025-02-10 18:33:16,807 - INFO - 	383	1114.1407758255118	0	3.4037482738494873	186.26402473449707	1429	533	139.80110144615173	1149
2025-02-10 18:33:17,297 - INFO - 	384	1113.4038887967642	0	3.4083731174468994	186.7538206577301	1432	533	140.1767075061798	1152
2025-02-10 18:33:17,781 - INFO - 	385	1113.3652222863934	0	3.4122397899627686	187.23773741722107	1435	533	140.54693865776062	1155
2025-02-10 18:33:18,265 - INFO - 	386	1112.4749184330449	0	3.417304754257202	187.72188234329224	1438	533	140.91625714302063	1158
2025-02-10 18:33:18,755 - INFO - 	387	1111.9711207047862	0	3.4215056896209717	188.21181654930115	1441	533	141.29206132888794	1161
2025-02-10 18:33:19,307 - INFO - 	388	1111.9711207047862	0	3.4238624572753906	188.76411867141724	1444	533	141.73251247406006	1164
2025-02-10 18:33:19,801 - INFO - 	389	1111.5058509762096	0	3.4293124675750732	189.2572329044342	1447	533	142.11060857772827	1167
2025-02-10 18:33:20,293 - INFO - 	390	1110.8495391903473	0	3.4353153705596924	189.74983477592468	1450	533	142.48773550987244	1170
2025-02-10 18:33:20,782 - INFO - 	391	1110.2517552758216	0	3.4409573078155518	190.2383997440338	1453	533	142.8610942363739	1173
2025-02-10 18:33:21,275 - INFO - 	392	1109.5254975705193	0	3.4457473754882812	190.73163080215454	1456	533	143.23988342285156	1176
2025-02-10 18:33:21,761 - INFO - 	393	1108.884005230821	0	3.4494850635528564	191.21738862991333	1459	533	143.61228132247925	1179
2025-02-10 18:33:22,251 - INFO - 	394	1108.53552212309	0	3.4539802074432373	191.70681142807007	1462	533	143.98754215240479	1182
2025-02-10 18:33:22,733 - INFO - 	395	1108.2565263464512	0	3.4582865238189697	192.189635515213	1465	533	144.35652947425842	1185
2025-02-10 18:33:23,281 - INFO - 	396	1108.0000000000002	0	3.4642696380615234	192.73678350448608	1468	533	144.7881898880005	1188
2025-02-10 18:33:31,692 - INFO - 	397	1102.2358489819496	8.050580263137817	3.468665838241577	201.1477882862091	1471	533	145.03438758850098	1188
2025-02-10 18:33:32,181 - INFO - 	398	1101.9999999999995	8.050580263137817	3.4768707752227783	201.636634349823	1474	533	145.40496063232422	1191
2025-02-10 18:33:40,931 - INFO - 	399	1102.0000000000007	16.30998420715332	3.480008840560913	210.3868272304535	1477	533	145.7825312614441	1191
2025-02-10 18:33:49,765 - INFO - 	400	1098.5287324208925	24.763326406478882	3.485844850540161	219.22029542922974	1480	533	146.04194116592407	1191
2025-02-10 18:33:50,256 - INFO - 	401	1097.550988681887	24.763326406478882	3.492624521255493	219.7119972705841	1483	533	146.41662883758545	1194
2025-02-10 18:33:50,742 - INFO - 	402	1097.1480598360915	24.763326406478882	3.496509552001953	220.19757199287415	1486	533	146.78856539726257	1197
2025-02-10 18:33:51,233 - INFO - 	403	1096.0279578486416	24.763326406478882	3.5010807514190674	220.68842720985413	1489	533	147.16524481773376	1200
2025-02-10 18:33:51,784 - INFO - 	404	1096.0000000000002	24.763326406478882	3.504533529281616	221.23940229415894	1492	533	147.6030421257019	1203
2025-02-10 18:34:00,549 - INFO - 	405	1095.9999999999995	33.09609031677246	3.508209466934204	230.0047733783722	1495	533	147.92182660102844	1203
2025-02-10 18:34:09,644 - INFO - 	406	1094.4607236457746	41.75046730041504	3.515775203704834	239.09885239601135	1496	533	148.2432553768158	1203
2025-02-10 18:34:10,145 - INFO - 	407	1093.8310968636015	41.75046730041504	3.5203731060028076	239.60007429122925	1499	533	148.62983465194702	1206
2025-02-10 18:34:10,638 - INFO - 	408	1093.2271041670588	41.75046730041504	3.526231288909912	240.0931191444397	1502	533	149.0065689086914	1209
2025-02-10 18:34:11,127 - INFO - 	409	1092.5411020460774	41.75046730041504	3.5312082767486572	240.5817060470581	1505	533	149.38059091567993	1212
2025-02-10 18:34:11,627 - INFO - 	410	1092.0	41.75046730041504	3.538818120956421	241.0814709663391	1508	533	149.7629737854004	1215
2025-02-10 18:34:20,690 - INFO - 	411	1092.0000000000011	50.37705445289612	3.544832944869995	250.1443750858307	1509	533	150.08304905891418	1215
2025-02-10 18:34:29,521 - INFO - 
ya no tiene columnas con costo reducido negative
2025-02-10 18:34:29,521 - INFO - Set parameter OutputFlag to value 1
2025-02-10 18:34:29,523 - INFO - Set parameter LogFile to value "logs_new/salida_modelo_caminos_280_567_25.log"
2025-02-10 18:34:29,523 - INFO - Set parameter TimeLimit to value 7200
2025-02-10 18:34:29,524 - INFO - Gurobi Optimizer version 11.0.1 build v11.0.1rc0 (mac64[arm] - Darwin 24.3.0 24D60)
2025-02-10 18:34:29,524 - INFO - 
2025-02-10 18:34:29,525 - INFO - CPU model: Apple M2
2025-02-10 18:34:29,525 - INFO - Thread count: 8 physical cores, 8 logical processors, using up to 8 threads
2025-02-10 18:34:29,526 - INFO - 
2025-02-10 18:34:29,526 - INFO - Optimize a model with 533 rows, 1509 columns and 6023 nonzeros
2025-02-10 18:34:29,526 - INFO - Coefficient statistics:
2025-02-10 18:34:29,527 - INFO -   Matrix range     [1e+00, 1e+00]
2025-02-10 18:34:29,527 - INFO -   Objective range  [2e+00, 1e+10]
2025-02-10 18:34:29,527 - INFO -   Bounds range     [0e+00, 0e+00]
2025-02-10 18:34:29,528 - INFO -   RHS range        [1e+00, 2e+02]
2025-02-10 18:34:29,528 - INFO - Warning: Model contains large objective coefficients
2025-02-10 18:34:29,528 - INFO -          Consider reformulating model or setting NumericFocus parameter
2025-02-10 18:34:29,529 - INFO -          to avoid numerical issues.
2025-02-10 18:34:29,529 - INFO - 
2025-02-10 18:34:29,529 - INFO - Solved in 0 iterations and 0.00 seconds (0.00 work units)
2025-02-10 18:34:29,530 - INFO - Optimal objective  1.092000000e+03
2025-02-10 18:34:29,531 - INFO - Gurobi Optimizer version 11.0.1 build v11.0.1rc0 (mac64[arm] - Darwin 24.3.0 24D60)
2025-02-10 18:34:29,532 - INFO - 
2025-02-10 18:34:29,532 - INFO - CPU model: Apple M2
2025-02-10 18:34:29,532 - INFO - Thread count: 8 physical cores, 8 logical processors, using up to 8 threads
2025-02-10 18:34:29,533 - INFO - 
2025-02-10 18:34:29,533 - INFO - Optimize a model with 533 rows, 1509 columns and 6023 nonzeros
2025-02-10 18:34:29,533 - INFO - Model fingerprint: 0xa2376f13
2025-02-10 18:34:29,533 - INFO - Variable types: 0 continuous, 1509 integer (1509 binary)
2025-02-10 18:34:29,534 - INFO - Coefficient statistics:
2025-02-10 18:34:29,534 - INFO -   Matrix range     [1e+00, 1e+00]
2025-02-10 18:34:29,534 - INFO -   Objective range  [2e+00, 1e+10]
2025-02-10 18:34:29,535 - INFO -   Bounds range     [0e+00, 0e+00]
2025-02-10 18:34:29,535 - INFO -   RHS range        [1e+00, 2e+02]
2025-02-10 18:34:29,535 - INFO - Warning: Model contains large objective coefficients
2025-02-10 18:34:29,536 - INFO -          Consider reformulating model or setting NumericFocus parameter
2025-02-10 18:34:29,536 - INFO -          to avoid numerical issues.
2025-02-10 18:34:29,537 - INFO - Found heuristic solution: objective 2.800000e+12
2025-02-10 18:34:29,543 - INFO - Presolve removed 250 rows and 0 columns
2025-02-10 18:34:29,543 - INFO - Presolve time: 0.01s
2025-02-10 18:34:29,543 - INFO - Presolved: 283 rows, 1509 columns, 5846 nonzeros
2025-02-10 18:34:29,544 - INFO - Variable types: 0 continuous, 1509 integer (1509 binary)
2025-02-10 18:34:29,545 - INFO - Found heuristic solution: objective 2.690000e+12
2025-02-10 18:34:29,582 - INFO - 
2025-02-10 18:34:29,582 - INFO - Root relaxation: objective 1.092000e+03, 1385 iterations, 0.04 seconds (0.06 work units)
2025-02-10 18:34:29,613 - INFO - 
2025-02-10 18:34:29,613 - INFO -     Nodes    |    Current Node    |     Objective Bounds      |     Work
2025-02-10 18:34:29,614 - INFO -  Expl Unexpl |  Obj  Depth IntInf | Incumbent    BestBd   Gap | It/Node Time
2025-02-10 18:34:29,614 - INFO - 
2025-02-10 18:34:29,615 - INFO -      0     0 1092.00000    0  226 2.6900e+12 1092.00000   100%     -    0s
2025-02-10 18:34:29,615 - INFO - H    0     0                    2.900000e+11 1092.00000   100%     -    0s
2025-02-10 18:34:29,617 - INFO - H    0     0                    2.800000e+11 1092.00000   100%     -    0s
2025-02-10 18:34:29,618 - INFO - H    0     0                    2.600000e+11 1092.00000   100%     -    0s
2025-02-10 18:34:29,621 - INFO - H    0     0                    2.200000e+11 1092.00000   100%     -    0s
2025-02-10 18:34:29,670 - INFO - H    0     0                    2.000000e+11 1092.00000   100%     -    0s
2025-02-10 18:34:29,671 - INFO - H    0     0                    1.900000e+11 1092.00000   100%     -    0s
2025-02-10 18:34:29,709 - INFO -      0     0 1092.33659    0  236 1.9000e+11 1092.33659   100%     -    0s
2025-02-10 18:34:29,715 - INFO -      0     0 1092.35056    0  232 1.9000e+11 1092.35056   100%     -    0s
2025-02-10 18:34:29,737 - INFO - H    0     0                    7.000000e+10 1092.35056   100%     -    0s
2025-02-10 18:34:29,797 - INFO -      0     0 1094.00000    0  235 7.0000e+10 1094.00000   100%     -    0s
2025-02-10 18:34:29,803 - INFO -      0     0 1094.00000    0  246 7.0000e+10 1094.00000   100%     -    0s
2025-02-10 18:34:29,843 - INFO - H    0     0                    1138.0000000 1094.00000  3.87%     -    0s
2025-02-10 18:34:29,844 - INFO -      0     0 1094.00000    0  249 1138.00000 1094.00000  3.87%     -    0s
2025-02-10 18:34:29,901 - INFO -      0     0 1094.00000    0  225 1138.00000 1094.00000  3.87%     -    0s
2025-02-10 18:34:29,916 - INFO -      0     0 1094.00000    0  225 1138.00000 1094.00000  3.87%     -    0s
2025-02-10 18:34:30,042 - INFO -      0     0 1094.00000    0  233 1138.00000 1094.00000  3.87%     -    0s
2025-02-10 18:34:30,118 - INFO -      0     0 1094.00000    0  233 1138.00000 1094.00000  3.87%     -    0s
2025-02-10 18:34:30,124 - INFO -      0     0 1094.00000    0  230 1138.00000 1094.00000  3.87%     -    0s
2025-02-10 18:34:30,195 - INFO -      0     0 1094.00000    0  238 1138.00000 1094.00000  3.87%     -    0s
2025-02-10 18:34:30,232 - INFO -      0     0 1094.00000    0  215 1138.00000 1094.00000  3.87%     -    0s
2025-02-10 18:34:30,298 - INFO -      0     2 1094.00000    0  215 1138.00000 1094.00000  3.87%     -    0s
2025-02-10 18:34:32,637 - INFO - * 2628  1659              35    1136.0000000 1098.04088  3.34%  70.2    3s
2025-02-10 18:34:34,606 - INFO -   7234  3229 1106.29455   28  227 1136.00000 1100.84323  3.09%  64.1    5s
2025-02-10 18:34:39,615 - INFO -  17848  8846 1131.30560   31  203 1136.00000 1104.09479  2.81%  61.7   10s
2025-02-10 18:34:40,978 - INFO - *22823  9482              36    1128.0000000 1105.04901  2.03%  60.8   11s
2025-02-10 18:34:44,588 - INFO -  29486 11425 1110.27520   28  248 1128.00000 1106.26898  1.93%  59.8   15s
2025-02-10 18:34:49,597 - INFO -  31551 11992 1106.26898   32  232 1128.00000 1106.26898  1.93%  59.9   20s
2025-02-10 18:34:54,563 - INFO -  41213 12744 1119.57448   40  214 1128.00000 1106.26898  1.93%  57.2   25s
2025-02-10 18:34:55,161 - INFO - *43869 11854              44    1124.0000000 1106.26898  1.58%  56.6   25s
2025-02-10 18:34:59,807 - INFO -  58735 10022     cutoff   40      1124.00000 1108.68629  1.36%  54.2   30s
2025-02-10 18:35:05,357 - INFO -  76479 11003 1113.24519   41  233 1124.00000 1110.79229  1.18%  52.2   35s
2025-02-10 18:35:09,608 - INFO -  89834 11900 1117.00021   36  208 1124.00000 1111.98321  1.07%  51.1   40s
2025-02-10 18:35:14,873 - INFO -  109010 11934 1122.86580   44  216 1124.00000 1113.51504  0.93%  49.9   45s
2025-02-10 18:35:19,789 - INFO -  127110 10695 1122.02963   40  183 1124.00000 1114.87513  0.81%  49.0   50s
2025-02-10 18:35:20,330 - INFO - *129897  9511              43    1122.0000000 1115.03987  0.62%  48.8   50s
2025-02-10 18:35:24,722 - INFO -  145688  3283     cutoff   38      1122.00000 1117.67928  0.39%  47.9   55s
2025-02-10 18:35:25,524 - INFO - 
2025-02-10 18:35:25,524 - INFO - Cutting planes:
2025-02-10 18:35:25,525 - INFO -   Gomory: 17
2025-02-10 18:35:25,525 - INFO -   Clique: 5
2025-02-10 18:35:25,525 - INFO -   Zero half: 10
2025-02-10 18:35:25,527 - INFO - 
2025-02-10 18:35:25,528 - INFO - Explored 150906 nodes (7121137 simplex iterations) in 55.99 seconds (130.05 work units)
2025-02-10 18:35:25,528 - INFO - Thread count was 8 (of 8 available processors)
2025-02-10 18:35:25,529 - INFO - 
2025-02-10 18:35:25,529 - INFO - Solution count 10: 1122 1124 1128 ... 2.2e+11
2025-02-10 18:35:25,529 - INFO - 
2025-02-10 18:35:25,530 - INFO - Optimal solution found (tolerance 1.00e-04)
2025-02-10 18:35:25,530 - INFO - Best objective 1.122000000000e+03, best bound 1.122000000000e+03, gap 0.0000%
