2025-02-22 07:13:39,821 - INFO - 	count	z_opt	time_spp	time_lp	time_total	ncols	nrows	time_spp_low_res	n_cols_low_res
2025-02-22 08:07:48,645 - INFO - 	1	3910000000002.0	0	0.0002009868621826172	3248.8237011432648	403	653	0	0
2025-02-22 09:15:17,243 - INFO - 	2	3910000000002.0	0	0.0005121231079101562	7297.421599149704	406	653	0	0
2025-02-22 10:17:09,041 - INFO - 	3	3910000000002.0	0	0.0006809234619140625	11009.218912124634	409	653	0	0
2025-02-22 11:16:16,480 - INFO - 	4	3840000000022.0	0	0.0009849071502685547	14556.65599822998	412	653	0	0
2025-02-22 12:01:18,052 - INFO - 	5	3770000000016.0	0	0.0012960433959960938	17258.228083848953	415	653	0	0
2025-02-22 13:02:18,435 - INFO - 	6	3700000000022.0	0	0.001605987548828125	20918.61079597473	418	653	0	0
2025-02-22 14:03:19,952 - INFO - 	7	3700000000022.0	0	0.0019199848175048828	24580.127459049225	421	653	0	0
2025-02-22 15:04:21,021 - INFO - 	8	3630000000048.0	0	0.0022499561309814453	28241.196717977524	424	653	0	0
2025-02-22 15:29:21,970 - INFO - 	9	3630000000048.0	0	0.002583026885986328	29742.145384788513	427	653	0	0
2025-02-22 16:20:56,979 - INFO - 	10	3565000000052.0	0	0.0029129981994628906	32837.15368580818	430	653	0	0
2025-02-22 16:59:21,392 - INFO - 	11	3543333333387.0	0	0.0032939910888671875	35141.56619477272	433	653	0	0
2025-02-22 16:59:40,056 - INFO - 	12	3537500000050.75	0	0.003650188446044922	35160.229228019714	436	653	0	0
2025-02-22 16:59:58,585 - INFO - 	13	3510000000046.0	0	0.004022121429443359	35178.75818991661	439	653	0	0
2025-02-22 17:00:16,918 - INFO - 	14	3450000000051.0	0	0.00442814826965332	35197.09115099907	442	653	0	0
2025-02-22 17:00:36,436 - INFO - 	15	3420000000058.5	0	0.004813194274902344	35216.608401060104	445	653	0	0
2025-02-22 17:00:56,034 - INFO - 	16	3400000000066.75	0	0.005189418792724609	35236.2066988945	448	653	0	0
2025-02-22 17:01:14,206 - INFO - 	17	3380000000073.0	0	0.005608558654785156	35254.378559827805	451	653	0	0
2025-02-22 17:01:37,615 - INFO - 	18	3363333333405.0005	0	0.007888555526733398	35277.78713846207	454	653	0	0
2025-02-22 17:01:58,458 - INFO - 	19	3346666666738.9995	0	0.00908970832824707	35298.62923836708	457	653	0	0
2025-02-22 17:02:16,274 - INFO - 	20	3330000000077.0	0	0.00957179069519043	35316.444932460785	460	653	0	0
2025-02-22 17:02:38,095 - INFO - 	21	3270000000087.0	0	0.010153770446777344	35338.265511512756	463	653	0	0
2025-02-22 17:02:58,608 - INFO - 	22	3270000000087.0	0	0.010745763778686523	35358.77842259407	466	653	0	0
2025-02-22 17:03:19,649 - INFO - 	23	3268000000092.0005	0	0.011555671691894531	35379.81845450401	469	653	0	0
2025-02-22 17:03:41,409 - INFO - 	24	3268000000092.0005	0	0.012041807174682617	35401.577122449875	472	653	0	0
2025-02-22 17:04:04,437 - INFO - 	25	3257500000091.5	0	0.012553930282592773	35424.6039583683	475	653	0	0
2025-02-22 17:04:23,568 - INFO - 	26	3160000000103.0	0	0.013005971908569336	35443.73505830765	478	653	0	0
2025-02-22 17:04:43,027 - INFO - 	27	3160000000103.0	0	0.013612985610961914	35463.192841529846	481	653	0	0
2025-02-22 17:05:01,446 - INFO - 	28	3160000000103.0	0	0.013987064361572266	35481.611563682556	484	653	0	0
2025-02-22 17:05:19,516 - INFO - 	29	3110000000111.0	0	0.014368057250976562	35499.681214571	487	653	0	0
2025-02-22 17:05:42,195 - INFO - 	30	3110000000111.0	0	0.01477193832397461	35522.36049056053	490	653	0	0
2025-02-22 17:06:03,938 - INFO - 	31	3100000000125.0	0	0.015368938446044922	35544.10330247879	493	653	0	0
2025-02-22 17:06:26,103 - INFO - 	32	3100000000122.1675	0	0.016117572784423828	35566.26813745499	496	653	0	0
2025-02-22 17:06:50,623 - INFO - 	33	3075000000120.75	0	0.016809701919555664	35590.78781747818	499	653	0	0
2025-02-22 17:07:14,242 - INFO - 	34	3075000000120.75	0	0.017778635025024414	35614.40635752678	502	653	0	0
2025-02-22 17:07:36,458 - INFO - 	35	3050000000154.0	0	0.018469810485839844	35636.62206029892	505	653	0	0
2025-02-22 17:07:57,314 - INFO - 	36	3040000000133.25	0	0.019190549850463867	35657.47833418846	508	653	0	0
2025-02-22 17:08:15,703 - INFO - 	37	3026000000153.9985	0	0.01977252960205078	35675.866626262665	511	653	0	0
2025-02-22 17:08:34,961 - INFO - 	38	3025000000136.592	0	0.02086949348449707	35695.125026226044	514	653	0	0
2025-02-22 17:08:53,938 - INFO - 	39	3011363636503.2725	0	0.021576642990112305	35714.100981235504	517	653	0	0
2025-02-22 17:09:13,419 - INFO - 	40	3010833333473.832	0	0.02257370948791504	35733.58224606514	520	653	0	0
2025-02-22 17:09:34,451 - INFO - 	41	3002500000140.25	0	0.02333855628967285	35754.61375832558	523	653	0	0
2025-02-22 17:09:55,807 - INFO - 	42	2976666666814.498	0	0.02417135238647461	35775.96989226341	526	653	0	0
2025-02-22 17:10:16,376 - INFO - 	43	2968333333491.1675	0	0.024961471557617188	35796.5392935276	529	653	0	0
2025-02-22 17:10:37,356 - INFO - 	44	2933333333491.6665	0	0.025758743286132812	35817.51905584335	532	653	0	0
2025-02-22 17:10:56,654 - INFO - 	45	2927777777942.889	0	0.02701878547668457	35836.816948890686	535	653	0	0
2025-02-22 17:11:15,657 - INFO - 	46	2915000000165.801	0	0.02812981605529785	35855.81947207451	538	653	0	0
2025-02-22 17:11:34,408 - INFO - 	47	2902777777946.1104	0	0.02959752082824707	35874.570585012436	541	653	0	0
2025-02-22 17:11:55,404 - INFO - 	48	2893571428739.6143	0	0.03111743927001953	35895.5667591095	544	653	0	0
2025-02-22 17:12:14,605 - INFO - 	49	2845285714461.3696	0	0.03218436241149902	35914.7671289444	547	653	0	0
2025-02-22 17:12:34,172 - INFO - 	50	2825000000180.0	0	0.03304934501647949	35934.333881139755	550	653	0	0
2025-02-22 17:12:53,054 - INFO - 	51	2817000000179.1997	0	0.03429436683654785	35953.21625328064	553	653	0	0
2025-02-22 17:13:11,379 - INFO - 	52	2805000000175.0	0	0.03596854209899902	35971.5408680439	556	653	0	0
2025-02-22 17:13:30,625 - INFO - 	53	2805000000175.0	0	0.0364995002746582	35990.7868142128	559	653	0	0
2025-02-22 17:13:49,173 - INFO - 	54	2780000000179.0	0	0.03730344772338867	36009.33391213417	562	653	0	0
2025-02-22 17:14:09,348 - INFO - 	55	2780000000177.0	0	0.03829646110534668	36029.50899505615	565	653	0	0
2025-02-22 17:14:26,753 - INFO - 	56	2776875000185.4375	0	0.0395045280456543	36046.91371703148	568	653	0	0
2025-02-22 17:14:44,723 - INFO - 	57	2776875000185.4375	0	0.04004645347595215	36064.883533239365	571	653	0	0
2025-02-22 17:15:03,453 - INFO - 	58	2752500000189.875	0	0.04113340377807617	36083.6134493351	574	653	0	0
2025-02-22 17:15:22,092 - INFO - 	59	2752500000189.875	0	0.04159355163574219	36102.25227856636	577	653	0	0
2025-02-22 17:15:40,524 - INFO - 	60	2739200000190.16	0	0.04276156425476074	36120.68479967117	580	653	0	0
2025-02-22 17:15:59,903 - INFO - 	61	2739047619237.452	0	0.04436063766479492	36140.062361717224	583	653	0	0
2025-02-22 17:16:20,274 - INFO - 	62	2730000000188.251	0	0.045285701751708984	36160.433784008026	586	653	0	0
2025-02-22 17:16:38,677 - INFO - 	63	2730000000188.251	0	0.04597759246826172	36178.83626103401	589	653	0	0
2025-02-22 17:16:56,611 - INFO - 	64	2717446808701.4688	0	0.04749941825866699	36196.76945924759	592	653	0	0
2025-02-22 17:17:15,086 - INFO - 	65	2680000000195.0	0	0.0495152473449707	36215.24454641342	595	653	0	0
2025-02-22 17:17:33,297 - INFO - 	66	2660000000201.8335	0	0.05118608474731445	36233.45472431183	598	653	0	0
2025-02-22 17:17:52,629 - INFO - 	67	2646666666876.9995	0	0.05285000801086426	36252.78591012955	601	653	0	0
2025-02-22 17:18:10,639 - INFO - 	68	2644545454757.181	0	0.053914785385131836	36270.79505133629	604	653	0	0
2025-02-22 17:18:28,029 - INFO - 	69	2626153846367.3843	0	0.05520462989807129	36288.18557333946	607	653	0	0
2025-02-22 17:18:46,325 - INFO - 	70	2601111111342.088	0	0.0562586784362793	36306.48085522652	610	653	0	0
2025-02-22 17:19:03,847 - INFO - 	71	2584695122191.104	0	0.05778980255126953	36324.00261116028	613	653	0	0
2025-02-22 17:19:20,835 - INFO - 	72	2575123152948.245	0	0.05860781669616699	36340.99035310745	616	653	0	0
2025-02-22 17:19:39,268 - INFO - 	73	2560344827829.2744	0	0.060791730880737305	36359.423458337784	619	653	0	0
2025-02-22 17:19:58,321 - INFO - 	74	2530000000261.0	0	0.06245684623718262	36378.475415468216	622	653	0	0
2025-02-22 17:20:16,243 - INFO - 	75	2510769231023.3853	0	0.06485891342163086	36396.397478580475	625	653	0	0
2025-02-22 17:20:34,356 - INFO - 	76	2493225806700.0327	0	0.06621003150939941	36414.5101184845	628	653	0	0
2025-02-22 17:20:51,280 - INFO - 	77	2457142857398.714	0	0.06761908531188965	36431.433965444565	631	653	0	0
2025-02-22 17:21:11,762 - INFO - 	78	2430000000262.2725	0	0.0707559585571289	36451.91621661186	634	653	0	0
2025-02-22 17:21:29,867 - INFO - 	79	2410000000268.2104	0	0.07246804237365723	36470.021147727966	637	653	0	0
2025-02-22 17:21:50,998 - INFO - 	80	2395000000270.3335	0	0.07494711875915527	36491.1518137455	640	653	0	0
2025-02-22 17:22:08,792 - INFO - 	81	2355000000277.5	0	0.07605695724487305	36508.946160554886	643	653	0	0
2025-02-22 17:22:25,203 - INFO - 	82	2350000000278.5	0	0.07733964920043945	36525.35724449158	646	653	0	0
2025-02-22 17:22:41,351 - INFO - 	83	2325000000278.5	0	0.07849383354187012	36541.50472331047	649	653	0	0
2025-02-22 17:22:59,011 - INFO - 	84	2321875000280.5625	0	0.08159804344177246	36559.16467452049	652	653	0	0
2025-02-22 17:23:17,241 - INFO - 	85	2318750000284.875	0	0.08427023887634277	36577.39493346214	655	653	0	0
2025-02-22 17:23:34,306 - INFO - 	86	2318750000284.875	0	0.0851902961730957	36594.45899248123	658	653	0	0
2025-02-22 17:23:50,490 - INFO - 	87	2318125000281.3125	0	0.08644819259643555	36610.64332151413	661	653	0	0
2025-02-22 17:24:07,072 - INFO - 	88	2314615384897.9214	0	0.08771824836730957	36627.225138664246	664	653	0	0
2025-02-22 17:24:24,553 - INFO - 	89	2311492537597.689	0	0.089996337890625	36644.706632614136	667	653	0	0
2025-02-22 17:24:41,406 - INFO - 	90	2304411764990.881	0	0.09201431274414062	36661.55890798569	670	653	0	0
2025-02-22 17:24:58,361 - INFO - 	91	2280625000301.797	0	0.09631919860839844	36678.51440882683	673	653	0	0
2025-02-22 17:25:16,424 - INFO - 	92	2260000000308.5	0	0.09756135940551758	36696.57699871063	676	653	0	0
2025-02-22 17:25:33,741 - INFO - 	93	2260000000308.5	0	0.10191559791564941	36713.893246650696	679	653	0	0
2025-02-22 17:25:52,598 - INFO - 	94	2260000000308.5	0	0.10527348518371582	36732.75022149086	682	653	0	0
2025-02-22 17:26:12,615 - INFO - 	95	2256250000309.7656	0	0.11099624633789062	36752.76725745201	685	653	0	0
2025-02-22 17:26:30,392 - INFO - 	96	2254444444754.5176	0	0.11297130584716797	36770.544219732285	688	653	0	0
2025-02-22 17:26:48,693 - INFO - 	97	2242857143167.677	0	0.11710810661315918	36788.84564566612	691	653	0	0
2025-02-22 17:27:05,949 - INFO - 	98	2235024630856.488	0	0.12165713310241699	36806.100846767426	694	653	0	0
2025-02-22 17:27:23,534 - INFO - 	99	2229602649322.096	0	0.12580132484436035	36823.68624377251	697	653	0	0
2025-02-22 17:27:40,965 - INFO - 	100	2228493408978.2153	0	0.13190412521362305	36841.11710548401	700	653	0	0
2025-02-22 17:27:59,235 - INFO - 	101	2219515011872.7803	0	0.13718914985656738	36859.3865814209	703	653	0	0
2025-02-22 17:28:15,562 - INFO - 	102	2204092781002.856	0	0.14151406288146973	36875.71409916878	706	653	0	0
2025-02-22 17:28:32,151 - INFO - 	103	2189887640781.2705	0	0.1487419605255127	36892.302431344986	709	653	0	0
2025-02-22 17:28:49,123 - INFO - 	104	2181858076898.6821	0	0.15310287475585938	36909.27430844307	712	653	0	0
2025-02-22 17:29:07,013 - INFO - 	105	2180719872874.9685	0	0.1573498249053955	36927.164880275726	715	653	0	0
2025-02-22 17:29:25,649 - INFO - 	106	2165576200764.6733	0	0.16208100318908691	36945.80036020279	718	653	0	0
2025-02-22 17:29:43,953 - INFO - 	107	2151682064150.455	0	0.16612720489501953	36964.10412120819	721	653	0	0
2025-02-22 17:30:03,086 - INFO - 	108	2143471337935.305	0	0.16859793663024902	36983.237515449524	724	653	0	0
2025-02-22 17:30:20,260 - INFO - 	109	2142296247168.3064	0	0.1765577793121338	37000.411031484604	727	653	0	0
2025-02-22 17:30:37,497 - INFO - 	110	2138836628394.873	0	0.1805567741394043	37017.64805030823	730	653	0	0
2025-02-22 17:30:57,213 - INFO - 	111	2128838028526.693	0	0.18561887741088867	37037.36296439171	733	653	0	0
2025-02-22 17:31:15,258 - INFO - 	112	2121764706243.1199	0	0.18996572494506836	37055.40671420097	736	653	0	0
2025-02-22 17:31:31,514 - INFO - 	113	2107827131219.0117	0	0.19415569305419922	37071.66226530075	739	653	0	0
2025-02-22 17:31:49,066 - INFO - 	114	2097493671251.6416	0	0.20119976997375488	37089.21324801445	742	653	0	0
2025-02-22 17:32:06,412 - INFO - 	115	2090000000365.5625	0	0.20848584175109863	37106.55928397179	745	653	0	0
2025-02-22 17:32:23,540 - INFO - 	116	2052552836867.966	0	0.21384763717651367	37123.68568611145	748	653	0	0
2025-02-22 17:32:40,341 - INFO - 	117	2044410012308.3752	0	0.22090458869934082	37140.48596930504	751	653	0	0
2025-02-22 17:32:58,679 - INFO - 	118	2033765781848.5332	0	0.2275395393371582	37158.822489500046	754	653	0	0
2025-02-22 17:33:16,152 - INFO - 	119	2015945765384.0125	0	0.23511767387390137	37176.29481673241	757	653	0	0
2025-02-22 17:33:31,988 - INFO - 	120	2005547884815.7507	0	0.23764848709106445	37192.13028073311	760	653	0	0
2025-02-22 17:33:49,013 - INFO - 	121	1980792079620.2322	0	0.24443364143371582	37209.15502476692	763	653	0	0
2025-02-22 17:34:06,343 - INFO - 	122	1961608843954.5757	0	0.24872565269470215	37226.48496389389	766	653	0	0
2025-02-22 17:34:23,077 - INFO - 	123	1939373909125.0303	0	0.25693178176879883	37243.21844482422	769	653	0	0
2025-02-22 17:34:40,833 - INFO - 	124	1918778536059.4207	0	0.2595558166503906	37260.97378182411	772	653	0	0
2025-02-22 17:34:58,252 - INFO - 	125	1905275535768.117	0	0.26694798469543457	37278.39170503616	775	653	0	0
2025-02-22 17:35:14,878 - INFO - 	126	1905197842706.125	0	0.27057409286499023	37295.017225027084	778	653	0	0
2025-02-22 17:35:31,517 - INFO - 	127	1883116723876.8289	0	0.27852320671081543	37311.65646529198	781	653	0	0
2025-02-22 17:35:46,676 - INFO - 	128	1875652351628.8464	0	0.2859511375427246	37326.81429505348	784	653	0	0
2025-02-22 17:36:02,918 - INFO - 	129	1865979194755.2146	0	0.2936363220214844	37343.05584001541	787	653	0	0
2025-02-22 17:36:21,212 - INFO - 	130	1864189338873.735	0	0.30316948890686035	37361.349402189255	790	653	0	0
2025-02-22 17:36:40,244 - INFO - 	131	1855679154381.9343	0	0.3129584789276123	37380.380348443985	793	653	0	0
2025-02-22 17:36:57,791 - INFO - 	132	1848708465049.612	0	0.3214986324310303	37397.926404476166	796	653	0	0
2025-02-22 17:37:14,910 - INFO - 	133	1832529685545.2957	0	0.3259246349334717	37415.04567527771	799	653	0	0
2025-02-22 17:37:33,125 - INFO - 	134	1828099373355.8774	0	0.33818531036376953	37433.259721040726	802	653	0	0
2025-02-22 17:37:51,504 - INFO - 	135	1818665339114.0867	0	0.3467264175415039	37451.637377262115	805	653	0	0
2025-02-22 17:38:11,173 - INFO - 	136	1804277396495.7073	0	0.3543722629547119	37471.305490255356	808	653	0	0
2025-02-22 17:38:28,623 - INFO - 	137	1785721022715.5017	0	0.3630852699279785	37488.75420022011	811	653	0	0
2025-02-22 17:38:45,343 - INFO - 	138	1781923073110.0461	0	0.3716733455657959	37505.47438335419	814	653	0	0
2025-02-22 17:39:02,058 - INFO - 	139	1776223812324.6072	0	0.37723612785339355	37522.188457489014	817	653	0	0
2025-02-22 17:39:18,112 - INFO - 	140	1762209247953.7732	0	0.37986302375793457	37538.24229454994	820	653	0	0
2025-02-22 17:39:35,153 - INFO - 	141	1759674680970.758	0	0.38518190383911133	37555.28315329552	823	653	0	0
2025-02-22 17:39:50,861 - INFO - 	142	1757363714432.9595	0	0.39292478561401367	37570.98844027519	826	653	0	0
2025-02-22 17:40:07,204 - INFO - 	143	1748138847158.3867	0	0.4043459892272949	37587.330696344376	829	653	0	0
2025-02-22 17:40:22,207 - INFO - 	144	1736498750901.476	0	0.41599607467651367	37602.333886146545	832	653	0	0
2025-02-22 17:40:37,689 - INFO - 	145	1723604638651.0994	0	0.42450499534606934	37617.81546330452	835	653	0	0
2025-02-22 17:40:53,537 - INFO - 	146	1700895731408.985	0	0.4405851364135742	37633.66330242157	838	653	0	0
2025-02-22 17:41:09,507 - INFO - 	147	1689726188054.9854	0	0.4494180679321289	37649.63257932663	841	653	0	0
2025-02-22 17:41:24,375 - INFO - 	148	1674261134202.0918	0	0.46549105644226074	37664.50096940994	844	653	0	0
2025-02-22 17:41:38,867 - INFO - 	149	1661196646802.13	0	0.47632288932800293	37678.9925634861	847	653	0	0
2025-02-22 17:41:54,720 - INFO - 	150	1652070911429.077	0	0.4858887195587158	37694.84592270851	850	653	0	0
2025-02-22 17:42:10,519 - INFO - 	151	1652070911429.077	0	0.49118685722351074	37710.64454460144	853	653	0	0
2025-02-22 17:42:26,626 - INFO - 	152	1648044203246.327	0	0.4976987838745117	37726.7516977787	856	653	0	0
2025-02-22 17:42:42,565 - INFO - 	153	1637401893986.1382	0	0.5070397853851318	37742.6902346611	859	653	0	0
2025-02-22 17:43:00,050 - INFO - 	154	1627584772888.5059	0	0.517139196395874	37760.17556190491	862	653	0	0
2025-02-22 17:43:14,974 - INFO - 	155	1607584677628.794	0	0.5275039672851562	37775.09945392609	865	653	0	0
2025-02-22 17:43:29,542 - INFO - 	156	1584985265948.258	0	0.5384478569030762	37789.66714191437	868	653	0	0
2025-02-22 17:43:44,271 - INFO - 	157	1582358161035.3374	0	0.55023193359375	37804.39515185356	871	653	0	0
2025-02-22 17:43:59,222 - INFO - 	158	1579187988283.9238	0	0.5639703273773193	37819.346114873886	874	653	0	0
2025-02-22 17:44:13,940 - INFO - 	159	1579106353119.4634	0	0.585517406463623	37834.06382083893	877	653	0	0
2025-02-22 17:44:28,630 - INFO - 	160	1568771725455.4993	0	0.5996434688568115	37848.75367093086	880	653	0	0
2025-02-22 17:44:43,494 - INFO - 	161	1561591571883.1472	0	0.6135213375091553	37863.617696762085	883	653	0	0
2025-02-22 17:44:57,870 - INFO - 	162	1557040385765.3157	0	0.6266450881958008	37877.99365091324	886	653	0	0
2025-02-22 17:45:12,065 - INFO - 	163	1554600482466.2136	0	0.6359713077545166	37892.18822598457	889	653	0	0
2025-02-22 17:45:26,191 - INFO - 	164	1546066143677.0784	0	0.6423654556274414	37906.31399989128	892	653	0	0
2025-02-22 17:45:41,653 - INFO - 	165	1535029585828.36	0	0.6571156978607178	37921.77615404129	895	653	0	0
2025-02-22 17:45:55,904 - INFO - 	166	1528577420441.7212	0	0.6709556579589844	37936.02704024315	898	653	0	0
2025-02-22 17:46:11,015 - INFO - 	167	1519239437629.8062	0	0.6851468086242676	37951.13722419739	901	653	0	0
2025-02-22 17:46:26,183 - INFO - 	168	1516391231558.6685	0	0.6977458000183105	37966.30408024788	904	653	0	0
2025-02-22 17:46:41,369 - INFO - 	169	1511883445118.0093	0	0.7138197422027588	37981.49033641815	907	653	0	0
2025-02-22 17:46:56,150 - INFO - 	170	1505104494291.547	0	0.7260899543762207	37996.27099132538	910	653	0	0
2025-02-22 17:47:10,264 - INFO - 	171	1493554651583.7244	0	0.7445738315582275	38010.38536500931	913	653	0	0
2025-02-22 17:47:23,993 - INFO - 	172	1484950486616.1455	0	0.7560791969299316	38024.11275815964	916	653	0	0
2025-02-22 17:47:38,979 - INFO - 	173	1464971782227.8635	0	0.7735800743103027	38039.09858727455	919	653	0	0
2025-02-22 17:47:53,831 - INFO - 	174	1459408711596.1577	0	0.7916779518127441	38053.950382232666	922	653	0	0
2025-02-22 17:48:07,471 - INFO - 	175	1455748605962.018	0	0.7999670505523682	38067.59039902687	925	653	0	0
2025-02-22 17:48:22,270 - INFO - 	176	1441381379455.5623	0	0.8183138370513916	38082.38893318176	928	653	0	0
2025-02-22 17:48:36,744 - INFO - 	177	1434942385494.235	0	0.8403189182281494	38096.86305141449	931	653	0	0
2025-02-22 17:48:51,656 - INFO - 	178	1431110350525.2708	0	0.8572289943695068	38111.77515029907	934	653	0	0
2025-02-22 17:49:06,549 - INFO - 	179	1420608841014.08	0	0.8661038875579834	38126.667971372604	937	653	0	0
2025-02-22 17:49:22,850 - INFO - 	180	1413570086918.7244	0	0.8846991062164307	38142.968695402145	940	653	0	0
2025-02-22 17:49:37,536 - INFO - 	181	1400804183025.7903	0	0.8991179466247559	38157.654794454575	943	653	0	0
2025-02-22 17:49:51,135 - INFO - 	182	1390053808258.301	0	0.9176919460296631	38171.25291824341	946	653	0	0
2025-02-22 17:50:04,843 - INFO - 	183	1382445654143.8962	0	0.9342961311340332	38184.96131324768	949	653	0	0
2025-02-22 17:50:20,218 - INFO - 	184	1377706224291.617	0	0.9520699977874756	38200.33644127846	952	653	0	0
2025-02-22 17:50:34,334 - INFO - 	185	1375054816783.2075	0	0.9648911952972412	38214.45196914673	955	653	0	0
2025-02-22 17:50:49,325 - INFO - 	186	1368267804126.439	0	0.9880194664001465	38229.44313120842	958	653	0	0
2025-02-22 17:51:05,480 - INFO - 	187	1362930396304.5789	0	0.9921963214874268	38245.59790945053	961	653	0	0
2025-02-22 18:43:01,363 - INFO - 	188	1353558399505.1045	0	1.0084543228149414	41361.47964859009	964	653	0	0
2025-02-22 18:51:00,990 - INFO - 	189	1349520930978.3384	0	1.0236942768096924	41841.10617661476	967	653	0	0
2025-02-22 18:51:14,817 - INFO - 	190	1349471658970.907	0	1.0298171043395996	41854.933438539505	970	653	0	0
2025-02-22 18:51:28,496 - INFO - 	191	1342238782984.8843	0	1.0489532947540283	41868.61256146431	973	653	0	0
2025-02-22 18:51:42,319 - INFO - 	192	1331440346851.3025	0	1.0812053680419922	41882.4339632988	976	653	0	0
2025-02-22 18:51:57,142 - INFO - 	193	1325976942582.829	0	1.1030733585357666	41897.257303237915	979	653	0	0
2025-02-22 18:52:10,992 - INFO - 	194	1323987530643.1558	0	1.1218452453613281	41911.10731434822	982	653	0	0
2025-02-22 18:52:24,089 - INFO - 	195	1319513750571.0022	0	1.137308120727539	41924.20380616188	985	653	0	0
2025-02-22 18:52:38,979 - INFO - 	196	1312917929627.771	0	1.150907039642334	41939.09361219406	988	653	0	0
2025-02-22 18:52:54,155 - INFO - 	197	1308891937898.041	0	1.1722800731658936	41954.269676208496	991	653	0	0
2025-02-22 18:53:08,387 - INFO - 	198	1305908170992.1975	0	1.1899418830871582	41968.50149035454	994	653	0	0
2025-02-22 18:53:21,996 - INFO - 	199	1301383015097.9287	0	1.2074401378631592	41982.110587120056	997	653	0	0
2025-02-22 18:53:35,760 - INFO - 	200	1300932357687.2407	0	1.227546215057373	41995.87410402298	1000	653	0	0
2025-02-22 18:53:48,916 - INFO - 	201	1299680318208.159	0	1.2482993602752686	42009.030859947205	1003	653	0	0
2025-02-22 18:54:01,943 - INFO - 	202	1295296924698.0212	0	1.2691962718963623	42022.057567834854	1006	653	0	0
2025-02-22 18:54:15,286 - INFO - 	203	1287915639902.9429	0	1.2875454425811768	42035.400557756424	1009	653	0	0
2025-02-22 18:54:28,824 - INFO - 	204	1287610984850.4722	0	1.309401512145996	42048.937685489655	1012	653	0	0
2025-02-22 18:54:42,766 - INFO - 	205	1281546203947.762	0	1.3270885944366455	42062.88026762009	1015	653	0	0
2025-02-22 18:54:56,362 - INFO - 	206	1280507837016.0125	0	1.3466143608093262	42076.476165771484	1018	653	0	0
2025-02-22 18:55:10,124 - INFO - 	207	1266690055440.4514	0	1.366666316986084	42090.2377448082	1021	653	0	0
2025-02-22 18:55:25,843 - INFO - 	208	1252988616096.588	0	1.380643367767334	42105.95661664009	1024	653	0	0
2025-02-22 18:55:39,616 - INFO - 	209	1252899278737.3206	0	1.3979642391204834	42119.72911071777	1027	653	0	0
2025-02-22 18:55:53,244 - INFO - 	210	1247351977424.3083	0	1.408886194229126	42133.35747361183	1030	653	0	0
2025-02-22 18:56:10,108 - INFO - 	211	1241023891847.8416	0	1.428598165512085	42150.22134065628	1033	653	0	0
2025-02-22 18:56:26,658 - INFO - 	212	1230098425176.4678	0	1.4521465301513672	42166.771352529526	1036	653	0	0
2025-02-22 18:56:42,494 - INFO - 	213	1220462158728.4114	0	1.469409704208374	42182.60705161095	1039	653	0	0
2025-02-22 18:56:58,486 - INFO - 	214	1212144695807.0652	0	1.4920997619628906	42198.59905433655	1042	653	0	0
2025-02-22 18:57:13,523 - INFO - 	215	1197787046729.983	0	1.516941785812378	42213.635001420975	1045	653	0	0
2025-02-22 18:57:28,179 - INFO - 	216	1174762449218.2793	0	1.5367088317871094	42228.29060840607	1048	653	0	0
2025-02-22 18:57:41,673 - INFO - 	217	1167726263958.0696	0	1.5611779689788818	42241.78482747078	1051	653	0	0
2025-02-22 18:57:56,192 - INFO - 	218	1154944718793.7576	0	1.5814838409423828	42256.3030872345	1054	653	0	0
2025-02-22 18:58:08,928 - INFO - 	219	1140226979172.3755	0	1.6070330142974854	42269.03894019127	1057	653	0	0
2025-02-22 18:58:22,404 - INFO - 	220	1140201912844.4502	0	1.6288979053497314	42282.51509428024	1060	653	0	0
2025-02-22 18:58:35,862 - INFO - 	221	1138495258876.5647	0	1.641690731048584	42295.972786188126	1063	653	0	0
2025-02-22 18:58:49,783 - INFO - 	222	1138448474558.54	0	1.6585466861724854	42309.89430427551	1066	653	0	0
2025-02-22 18:59:03,686 - INFO - 	223	1133613750850.7234	0	1.6792175769805908	42323.79752731323	1069	653	0	0
2025-02-22 18:59:17,448 - INFO - 	224	1119791413168.009	0	1.7011594772338867	42337.559371471405	1072	653	0	0
2025-02-22 18:59:30,030 - INFO - 	225	1114522056621.802	0	1.7271623611450195	42350.141107559204	1075	653	0	0
2025-02-22 18:59:43,100 - INFO - 	226	1108438772649.883	0	1.7588653564453125	42363.21052861214	1078	653	0	0
2025-02-22 18:59:57,301 - INFO - 	227	1099662585429.865	0	1.7766764163970947	42377.41207742691	1081	653	0	0
2025-02-22 19:00:11,183 - INFO - 	228	1090218081993.3429	0	1.798668384552002	42391.29407835007	1084	653	0	0
2025-02-22 19:00:24,890 - INFO - 	229	1085191041470.6936	0	1.8190603256225586	42405.000665187836	1087	653	0	0
2025-02-22 19:00:38,359 - INFO - 	230	1081163385659.6437	0	1.8389523029327393	42418.46824121475	1090	653	0	0
2025-02-22 19:00:52,085 - INFO - 	231	1077162877262.5848	0	1.8613862991333008	42432.19485425949	1093	653	0	0
2025-02-22 19:01:05,301 - INFO - 	232	1067439360759.6685	0	1.8860564231872559	42445.410353183746	1096	653	0	0
2025-02-22 19:01:18,743 - INFO - 	233	1062670182813.3118	0	1.9115655422210693	42458.85239839554	1099	653	0	0
2025-02-22 19:01:32,090 - INFO - 	234	1055122102502.5968	0	1.9306106567382812	42472.198994636536	1102	653	0	0
2025-02-22 19:19:37,211 - INFO - 	235	1049118778159.9344	0	1.9498095512390137	43557.31967282295	1105	653	0	0
2025-02-22 20:08:59,824 - INFO - 	236	1044928967132.1492	0	1.9688544273376465	46519.93180680275	1108	653	0	0
2025-02-22 20:42:59,588 - INFO - 	237	1029312789703.8213	0	1.9990546703338623	48559.695576906204	1111	653	0	0
2025-02-22 20:45:34,417 - INFO - 	238	1015861870082.8832	0	2.022036552429199	48714.52432489395	1114	653	0	0
2025-02-22 20:45:49,619 - INFO - 	239	1013994430420.3235	0	2.0489606857299805	48729.726900815964	1117	653	0	0
2025-02-22 20:46:04,428 - INFO - 	240	1013166888530.3287	0	2.07940673828125	48744.53475379944	1120	653	0	0
2025-02-22 20:46:18,663 - INFO - 	241	1008993085897.7323	0	2.103494644165039	48758.76961874962	1123	653	0	0
2025-02-22 20:46:32,908 - INFO - 	242	1005545880406.8241	0	2.125788688659668	48773.014954805374	1126	653	0	0
2025-02-22 20:46:46,859 - INFO - 	243	1003082999218.8097	0	2.1417877674102783	48786.96581697464	1129	653	0	0
2025-02-22 20:47:00,715 - INFO - 	244	998000850083.7513	0	2.163571834564209	48800.82163286209	1132	653	0	0
2025-02-22 20:47:14,277 - INFO - 	245	989520092810.1876	0	2.194776773452759	48814.38407969475	1135	653	0	0
2025-02-22 20:47:28,170 - INFO - 	246	986968531553.6183	0	2.2257578372955322	48828.2765417099	1138	653	0	0
2025-02-22 20:47:43,042 - INFO - 	247	977309344185.2648	0	2.2425649166107178	48843.14864182472	1141	653	0	0
2025-02-22 20:47:57,712 - INFO - 	248	972908285115.953	0	2.2766199111938477	48857.81869387627	1144	653	0	0
2025-02-22 20:48:12,615 - INFO - 	249	963450777923.892	0	2.327310800552368	48872.72149682045	1147	653	0	0
2025-02-22 20:48:25,709 - INFO - 	250	949427432456.9849	0	2.3497350215911865	48885.81494283676	1150	653	0	0
2025-02-22 20:48:41,023 - INFO - 	251	941319054175.5706	0	2.373425006866455	48901.12910890579	1153	653	0	0
2025-02-22 20:48:57,902 - INFO - 	252	938698634624.0206	0	2.407106876373291	48918.00754094124	1156	653	0	0
2025-02-22 20:49:13,430 - INFO - 	253	927632723310.8793	0	2.443326950073242	48933.53601694107	1159	653	0	0
2025-02-22 20:49:29,495 - INFO - 	254	922868096108.0177	0	2.4770328998565674	48949.60080885887	1162	653	0	0
2025-02-22 20:49:45,520 - INFO - 	255	913743426696.2023	0	2.5285449028015137	48965.62585282326	1165	653	0	0
2025-02-22 20:49:59,696 - INFO - 	256	907475068552.6364	0	2.5621049404144287	48979.80103993416	1168	653	0	0
2025-02-22 20:50:14,801 - INFO - 	257	902420958477.3306	0	2.5787792205810547	48994.90678405762	1171	653	0	0
2025-02-22 20:50:28,687 - INFO - 	258	901106529221.163	0	2.597912073135376	49008.79240989685	1174	653	0	0
2025-02-22 20:50:42,463 - INFO - 	259	894154947728.0358	0	2.635211944580078	49022.568163871765	1177	653	0	0
2025-02-22 20:50:57,292 - INFO - 	260	892420460969.9769	0	2.664299964904785	49037.39670801163	1180	653	0	0
2025-02-22 20:51:11,454 - INFO - 	261	874783782313.5358	0	2.7051360607147217	49051.55890774727	1183	653	0	0
2025-02-22 20:51:25,201 - INFO - 	262	868149877170.8318	0	2.741004228591919	49065.30607843399	1186	653	0	0
2025-02-22 20:51:39,614 - INFO - 	263	864477420049.5609	0	2.7728662490844727	49079.718448638916	1189	653	0	0
2025-02-22 20:51:52,928 - INFO - 	264	861947331844.3333	0	2.812418222427368	49093.03265762329	1192	653	0	0
2025-02-22 20:52:05,997 - INFO - 	265	856260178453.2415	0	2.8400774002075195	49106.101600408554	1195	653	0	0
2025-02-22 20:52:19,537 - INFO - 	266	849323698562.1327	0	2.8798561096191406	49119.640978336334	1198	653	0	0
2025-02-22 20:52:33,544 - INFO - 	267	846019151059.3688	0	2.9233410358428955	49133.64850234985	1201	653	0	0
2025-02-22 20:52:47,293 - INFO - 	268	838294620460.0415	0	2.9495251178741455	49147.396653175354	1204	653	0	0
2025-02-22 20:53:01,834 - INFO - 	269	835562833210.1343	0	2.9966022968292236	49161.938244342804	1207	653	0	0
2025-02-22 20:53:16,273 - INFO - 	270	829889025239.3038	0	3.026350259780884	49176.377244472504	1210	653	0	0
2025-02-22 20:53:29,282 - INFO - 	271	826053282916.6465	0	3.0634782314300537	49189.38607335091	1213	653	0	0
2025-02-22 20:53:41,371 - INFO - 	272	823746116885.5187	0	3.0981051921844482	49201.47418427467	1216	653	0	0
2025-02-22 20:53:54,532 - INFO - 	273	821367629585.9741	0	3.125615119934082	49214.635105371475	1219	653	0	0
2025-02-22 20:54:06,457 - INFO - 	274	820626638633.7843	0	3.1634390354156494	49226.560066223145	1222	653	0	0
2025-02-22 20:54:19,030 - INFO - 	275	820294712209.6859	0	3.2004599571228027	49239.133647441864	1225	653	0	0
2025-02-22 20:54:31,240 - INFO - 	276	816791673389.4031	0	3.2367451190948486	49251.34324455261	1228	653	0	0
2025-02-22 20:54:43,277 - INFO - 	277	814393600369.5303	0	3.2802340984344482	49263.380497694016	1231	653	0	0
2025-02-22 20:54:56,077 - INFO - 	278	812429013022.9218	0	3.3134820461273193	49276.18045973778	1234	653	0	0
2025-02-22 20:55:09,242 - INFO - 	279	805411469367.625	0	3.324920892715454	49289.344881772995	1237	653	0	0
2025-02-22 20:55:22,368 - INFO - 	280	803514529618.4619	0	3.3620760440826416	49302.47081565857	1240	653	0	0
2025-02-22 20:55:35,286 - INFO - 	281	798495725282.8655	0	3.387485980987549	49315.38924574852	1243	653	0	0
2025-02-22 20:55:47,923 - INFO - 	282	791693991770.6698	0	3.42948579788208	49328.02596974373	1246	653	0	0
2025-02-22 20:56:01,169 - INFO - 	283	781592295924.2737	0	3.4968807697296143	49341.27199935913	1249	653	0	0
2025-02-22 20:56:13,828 - INFO - 	284	774964439469.2378	0	3.538548469543457	49353.93088030815	1252	653	0	0
2025-02-22 20:56:26,196 - INFO - 	285	767197599460.4838	0	3.5781755447387695	49366.29800534248	1255	653	0	0
2025-02-22 20:56:39,365 - INFO - 	286	753317931328.5033	0	3.616004467010498	49379.46690416336	1258	653	0	0
2025-02-22 20:56:51,946 - INFO - 	287	752261026438.6808	0	3.633733034133911	49392.0484662056	1261	653	0	0
2025-02-22 20:57:04,375 - INFO - 	288	751191356300.9636	0	3.677912950515747	49404.47752118111	1264	653	0	0
2025-02-22 20:57:16,784 - INFO - 	289	748928397960.8702	0	3.7116620540618896	49416.886330127716	1267	653	0	0
2025-02-22 20:57:29,322 - INFO - 	290	742457302873.2314	0	3.7612860202789307	49429.42383146286	1270	653	0	0
2025-02-22 20:57:41,763 - INFO - 	291	732169725744.6929	0	3.7888081073760986	49441.864983558655	1273	653	0	0
2025-02-22 20:57:54,571 - INFO - 	292	730506107612.069	0	3.8434741497039795	49454.672523736954	1276	653	0	0
2025-02-22 21:09:06,551 - INFO - 	293	725801303871.3622	0	3.9003121852874756	50126.652758836746	1279	653	0	0
2025-02-22 21:09:18,274 - INFO - 	294	723115438190.1721	0	3.933603048324585	50138.37583398819	1282	653	0	0
2025-02-22 21:09:30,449 - INFO - 	295	719945445025.8369	0	3.959571123123169	50150.550860881805	1285	653	0	0
2025-02-22 21:09:42,787 - INFO - 	296	716320252393.4075	0	3.9997761249542236	50162.88867712021	1288	653	0	0
2025-02-22 21:09:55,435 - INFO - 	297	710679071038.9447	0	4.0328049659729	50175.535890340805	1291	653	0	0
2025-02-22 21:10:07,950 - INFO - 	298	704721249915.6371	0	4.064826965332031	50188.05103421211	1294	653	0	0
2025-02-22 21:10:19,192 - INFO - 	299	701614448703.4971	0	4.102909088134766	50199.29307126999	1297	653	0	0
2025-02-22 21:10:31,515 - INFO - 	300	697936417430.6074	0	4.1639909744262695	50211.61565732956	1300	653	0	0
2025-02-22 21:10:43,997 - INFO - 	301	695573559834.438	0	4.217436790466309	50224.09776139259	1303	653	0	0
2025-02-22 21:10:55,898 - INFO - 	302	693150427501.3203	0	4.247164726257324	50235.99864435196	1306	653	0	0
2025-02-22 21:11:10,490 - INFO - 	303	680684206178.4481	0	4.293216705322266	50250.590213537216	1309	653	0	0
2025-02-22 21:11:23,565 - INFO - 	304	672974048639.193	0	4.3294737339019775	50263.665660619736	1312	653	0	0
2025-02-22 21:11:36,607 - INFO - 	305	669147197215.2427	0	4.36985969543457	50276.70777750015	1315	653	0	0
2025-02-22 21:11:48,824 - INFO - 	306	663715622784.1942	0	4.418631553649902	50288.92402744293	1318	653	0	0
2025-02-22 21:12:01,493 - INFO - 	307	647603018213.7651	0	4.459500312805176	50301.59308862686	1321	653	0	0
2025-02-22 21:12:14,983 - INFO - 	308	635264914105.9369	0	4.512684345245361	50315.0834004879	1324	653	0	0
2025-02-22 21:12:28,916 - INFO - 	309	629983501222.8103	0	4.5578773021698	50329.01633667946	1327	653	0	0
2025-02-22 21:12:40,918 - INFO - 	310	626288885474.8837	0	4.577461242675781	50341.01736855507	1330	653	0	0
2025-02-22 21:12:53,144 - INFO - 	311	625406000274.7455	0	4.638199090957642	50353.24397945404	1333	653	0	0
2025-02-22 21:13:05,424 - INFO - 	312	617351149633.905	0	4.6665191650390625	50365.52312254906	1336	653	0	0
2025-02-22 21:13:19,513 - INFO - 	313	612661180677.1467	0	4.71897029876709	50379.61281585693	1339	653	0	0
2025-02-22 21:13:33,595 - INFO - 	314	604732089393.8213	0	4.764718055725098	50393.69469189644	1342	653	0	0
2025-02-22 21:13:45,311 - INFO - 	315	598315945798.6505	0	4.824527025222778	50405.41034913063	1345	653	0	0
2025-02-22 21:13:57,053 - INFO - 	316	592800835038.8036	0	4.8725128173828125	50417.15237426758	1348	653	0	0
2025-02-22 21:14:09,209 - INFO - 	317	586441675326.9155	0	4.919935941696167	50429.30787014961	1351	653	0	0
2025-02-22 21:14:20,680 - INFO - 	318	586340938456.098	0	4.952961683273315	50440.77880311012	1354	653	0	0
2025-02-22 21:14:32,042 - INFO - 	319	563497401308.5803	0	4.981767892837524	50452.14111495018	1357	653	0	0
2025-02-22 21:14:45,102 - INFO - 	320	560696090331.3756	0	5.029696702957153	50465.20101094246	1360	653	0	0
2025-02-22 21:14:57,750 - INFO - 	321	557462033860.9312	0	5.078051328659058	50477.848808050156	1363	653	0	0
2025-02-22 21:15:09,542 - INFO - 	322	555477295099.685	0	5.130235195159912	50489.63947916031	1366	653	0	0
2025-02-22 21:15:21,882 - INFO - 	323	552449144748.6233	0	5.169983863830566	50501.978612184525	1369	653	0	0
2025-02-22 21:15:33,174 - INFO - 	324	550076632039.6003	0	5.216257572174072	50513.27077007294	1372	653	0	0
2025-02-22 21:15:44,946 - INFO - 	325	546139578160.3185	0	5.267613410949707	50525.04201793671	1375	653	0	0
2025-02-22 21:15:56,260 - INFO - 	326	545312873820.147	0	5.322838544845581	50536.35615897179	1378	653	0	0
2025-02-22 21:16:07,510 - INFO - 	327	535230790143.07184	0	5.363092422485352	50547.60585927963	1381	653	0	0
2025-02-22 21:16:19,008 - INFO - 	328	530468626513.54645	0	5.418376445770264	50559.10369539261	1384	653	0	0
2025-02-22 21:16:30,757 - INFO - 	329	528184517722.16187	0	5.465001583099365	50570.852397441864	1387	653	0	0
2025-02-22 21:16:42,679 - INFO - 	330	523917163994.0555	0	5.4969587326049805	50582.7743973732	1390	653	0	0
2025-02-22 21:16:54,853 - INFO - 	331	523711078825.37317	0	5.52463173866272	50594.94801735878	1393	653	0	0
2025-02-22 21:17:06,873 - INFO - 	332	518992460255.24146	0	5.578693866729736	50606.967423439026	1396	653	0	0
2025-02-22 21:17:19,283 - INFO - 	333	518790395050.2585	0	5.629935026168823	50619.37812757492	1399	653	0	0
2025-02-22 21:17:31,957 - INFO - 	334	515849162424.823	0	5.684140920639038	50632.051582574844	1402	653	0	0
2025-02-22 21:17:44,769 - INFO - 	335	501640039030.994	0	5.73890495300293	50644.86358141899	1405	653	0	0
2025-02-22 21:17:56,525 - INFO - 	336	500112810862.622	0	5.80708384513855	50656.61927032471	1408	653	0	0
2025-02-22 21:18:09,104 - INFO - 	337	496682116526.88983	0	5.852090835571289	50669.19813513756	1411	653	0	0
2025-02-22 21:18:21,128 - INFO - 	338	492956037444.4197	0	5.91529655456543	50681.22272801399	1414	653	0	0
2025-02-22 21:18:32,018 - INFO - 	339	491899179463.1648	0	5.969179391860962	50692.11263990402	1417	653	0	0
2025-02-22 21:18:43,825 - INFO - 	340	487007541528.191	0	5.991822242736816	50703.9192507267	1420	653	0	0
2025-02-22 21:18:55,812 - INFO - 	341	481261873660.3521	0	6.048816204071045	50715.906032800674	1423	653	0	0
2025-02-22 21:19:07,874 - INFO - 	342	473564132637.29205	0	6.10528039932251	50727.968334674835	1426	653	0	0
2025-02-22 21:19:21,607 - INFO - 	343	465116884858.6224	0	6.161344289779663	50741.70032668114	1429	653	0	0
2025-02-22 21:19:34,246 - INFO - 	344	460746667973.11237	0	6.207712411880493	50754.339582681656	1432	653	0	0
2025-02-22 21:19:47,840 - INFO - 	345	457508557250.9595	0	6.262444496154785	50767.932404756546	1435	653	0	0
2025-02-22 21:23:38,410 - INFO - 	346	453826292579.5708	0	6.312276363372803	50998.501730918884	1438	653	0	0
2025-02-22 21:23:50,536 - INFO - 	347	452785028329.62537	0	6.360696315765381	51010.62803983688	1441	653	0	0
2025-02-22 21:24:01,964 - INFO - 	348	452785028329.62537	0	6.3790857791900635	51022.05591201782	1444	653	0	0
2025-02-22 21:24:13,210 - INFO - 	349	447224644602.36774	0	6.436372756958008	51033.30071806908	1447	653	0	0
2025-02-22 21:24:26,739 - INFO - 	350	444125538072.11957	0	6.506905555725098	51046.82947921753	1450	653	0	0
2025-02-22 21:24:39,852 - INFO - 	351	441980348033.2067	0	6.553502559661865	51059.94319319725	1453	653	0	0
2025-02-22 21:24:53,723 - INFO - 	352	441028814042.5342	0	6.60659646987915	51073.81386446953	1456	653	0	0
2025-02-22 21:25:07,391 - INFO - 	353	436744267500.0108	0	6.649477481842041	51087.481239557266	1459	653	0	0
2025-02-22 21:25:19,687 - INFO - 	354	434564410914.4046	0	6.700380325317383	51099.77769970894	1462	653	0	0
2025-02-22 21:25:32,257 - INFO - 	355	434218666788.78406	0	6.755593538284302	51112.34773468971	1465	653	0	0
2025-02-22 21:25:43,952 - INFO - 	356	432010627773.01886	0	6.833612442016602	51124.042568683624	1468	653	0	0
2025-02-22 21:25:55,982 - INFO - 	357	426019538646.95715	0	6.882847547531128	51136.071601867676	1471	653	0	0
2025-02-22 21:26:06,781 - INFO - 	358	422553494423.971	0	6.948605537414551	51146.871065855026	1474	653	0	0
2025-02-22 21:26:17,939 - INFO - 	359	418071695801.1394	0	7.01017951965332	51158.02930903435	1477	653	0	0
2025-02-22 21:26:28,987 - INFO - 	360	414197656463.27686	0	7.070504426956177	51169.076651096344	1480	653	0	0
2025-02-22 21:26:40,570 - INFO - 	361	395772248141.06226	0	7.0838093757629395	51180.65999722481	1483	653	0	0
2025-02-22 21:26:52,412 - INFO - 	362	392032778670.06335	0	7.130494594573975	51192.50169157982	1486	653	0	0
2025-02-22 21:27:04,479 - INFO - 	363	389904078090.2235	0	7.1894614696502686	51204.568697690964	1489	653	0	0
2025-02-22 21:27:14,951 - INFO - 	364	386538717308.86237	0	7.271462440490723	51215.040589571	1492	653	0	0
2025-02-22 21:27:26,443 - INFO - 	365	382527796004.92316	0	7.323766231536865	51226.53232884407	1495	653	0	0
2025-02-22 21:27:38,696 - INFO - 	366	378446080481.90045	0	7.385000228881836	51238.78557872772	1498	653	0	0
2025-02-22 21:27:49,814 - INFO - 	367	371871650895.9655	0	7.4250242710113525	51249.90261268616	1501	653	0	0
2025-02-22 21:28:01,052 - INFO - 	368	369568715251.1509	0	7.4952311515808105	51261.14076781273	1504	653	0	0
2025-02-22 21:28:12,393 - INFO - 	369	363725458217.436	0	7.57036018371582	51272.48158574104	1507	653	0	0
2025-02-22 21:28:24,673 - INFO - 	370	360357333986.9846	0	7.629791975021362	51284.76217484474	1510	653	0	0
2025-02-22 21:28:36,346 - INFO - 	371	358316655083.19763	0	7.698709011077881	51296.434828042984	1513	653	0	0
2025-02-22 21:28:48,794 - INFO - 	372	358254872197.4017	0	7.752090215682983	51308.882424116135	1516	653	0	0
2025-02-22 21:29:01,022 - INFO - 	373	353581744655.3012	0	7.8161070346832275	51321.11037993431	1519	653	0	0
2025-02-22 21:29:13,969 - INFO - 	374	349591661722.8436	0	7.839233160018921	51334.05742073059	1522	653	0	0
2025-02-22 21:29:27,433 - INFO - 	375	349360569300.75977	0	7.893099308013916	51347.52008676529	1525	653	0	0
2025-02-22 21:29:41,287 - INFO - 	376	347448055628.6164	0	7.9560933113098145	51361.374626874924	1528	653	0	0
2025-02-22 21:29:53,984 - INFO - 	377	345954754286.8947	0	8.01477861404419	51374.071121931076	1531	653	0	0
2025-02-22 21:30:06,384 - INFO - 	378	343811419670.6492	0	8.070128679275513	51386.47067666054	1534	653	0	0
2025-02-22 21:30:19,902 - INFO - 	379	336713876043.1219	0	8.131639003753662	51399.98858857155	1537	653	0	0
2025-02-22 21:30:32,763 - INFO - 	380	333470568312.1371	0	8.190175771713257	51412.84991931915	1540	653	0	0
2025-02-22 21:30:45,275 - INFO - 	381	328290566389.651	0	8.245219707489014	51425.36153316498	1543	653	0	0
2025-02-22 21:30:58,630 - INFO - 	382	313831468222.8341	0	8.302610874176025	51438.71664237976	1546	653	0	0
2025-02-22 21:31:10,871 - INFO - 	383	309974429086.03595	0	8.353233098983765	51450.95708537102	1549	653	0	0
2025-02-22 21:31:23,778 - INFO - 	384	306476040361.318	0	8.381258249282837	51463.864404439926	1552	653	0	0
2025-02-22 21:31:36,575 - INFO - 	385	303614845707.7239	0	8.395968198776245	51476.66090345383	1555	653	0	0
2025-02-22 21:31:49,678 - INFO - 	386	302163096689.6161	0	8.406620264053345	51489.76369833946	1558	653	0	0
2025-02-22 21:32:01,329 - INFO - 	387	294751472989.7799	0	8.439876317977905	51501.41529536247	1561	653	0	0
2025-02-22 21:32:14,944 - INFO - 	388	290559978544.24475	0	8.470468282699585	51515.02959418297	1564	653	0	0
2025-02-22 21:32:27,154 - INFO - 	389	284676251965.1961	0	8.531478643417358	51527.239579200745	1567	653	0	0
2025-02-22 21:32:39,698 - INFO - 	390	279267165450.05493	0	8.589688777923584	51539.783343315125	1570	653	0	0
2025-02-22 21:32:51,832 - INFO - 	391	270972889328.47714	0	8.661235809326172	51551.91765832901	1573	653	0	0
2025-02-22 21:33:02,660 - INFO - 	392	266825269394.41858	0	8.715787887573242	51562.7451274395	1576	653	0	0
2025-02-22 21:33:13,382 - INFO - 	393	255644168941.64703	0	8.74958872795105	51573.467420339584	1579	653	0	0
2025-02-22 21:33:24,371 - INFO - 	394	250550364209.6057	0	8.758525848388672	51584.45591330528	1582	653	0	0
2025-02-22 21:33:36,616 - INFO - 	395	249530402777.35858	0	8.80479884147644	51596.70103740692	1585	653	0	0
2025-02-22 21:33:47,842 - INFO - 	396	248593908814.21985	0	8.87336802482605	51607.926552295685	1588	653	0	0
2025-02-22 21:33:59,358 - INFO - 	397	245923643904.88864	0	8.922736167907715	51619.44255018234	1591	653	0	0
2025-02-22 21:34:10,497 - INFO - 	398	245098378653.13397	0	8.931183099746704	51630.581267118454	1594	653	0	0
2025-02-22 21:34:21,815 - INFO - 	399	241155675544.83057	0	8.983210325241089	51641.89992308617	1597	653	0	0
2025-02-22 21:34:34,240 - INFO - 	400	238237169425.85312	0	9.052520275115967	51654.32463598251	1600	653	0	0
2025-02-22 21:34:46,279 - INFO - 	401	235439912116.15234	0	9.113353967666626	51666.36367893219	1603	653	0	0
2025-02-22 21:34:57,254 - INFO - 	402	231096312916.3047	0	9.157295942306519	51677.338342905045	1606	653	0	0
2025-02-22 21:35:07,808 - INFO - 	403	228926749946.70456	0	9.210724830627441	51687.89225792885	1609	653	0	0
2025-02-22 21:35:18,641 - INFO - 	404	224206873839.4254	0	9.303087711334229	51698.725477695465	1612	653	0	0
2025-02-22 21:35:29,725 - INFO - 	405	219288983420.67065	0	9.374622821807861	51709.80912566185	1615	653	0	0
2025-02-22 21:35:40,301 - INFO - 	406	217100728483.80768	0	9.426077842712402	51720.384821891785	1618	653	0	0
2025-02-22 21:35:51,139 - INFO - 	407	213353166237.0404	0	9.478928804397583	51731.222378730774	1621	653	0	0
2025-02-22 21:36:01,310 - INFO - 	408	209837157852.20343	0	9.538496017456055	51741.393597602844	1624	653	0	0
2025-02-22 21:36:13,029 - INFO - 	409	204386015559.90408	0	9.611653089523315	51753.11280965805	1627	653	0	0
2025-02-22 21:36:24,521 - INFO - 	410	202262163232.2335	0	9.676696300506592	51764.60478878021	1630	653	0	0
2025-02-22 21:36:35,179 - INFO - 	411	199210819061.57742	0	9.752716064453125	51775.26269173622	1633	653	0	0
2025-02-22 21:36:47,082 - INFO - 	412	195675113936.63004	0	9.831927061080933	51787.165143728256	1636	653	0	0
2025-02-22 21:36:59,057 - INFO - 	413	192473306260.4965	0	9.887104034423828	51799.140001773834	1639	653	0	0
2025-02-22 21:37:12,007 - INFO - 	414	188455613196.96063	0	9.942241668701172	51812.08977866173	1642	653	0	0
2025-02-22 21:37:24,221 - INFO - 	415	187145649537.8426	0	10.01958179473877	51824.30382561684	1645	653	0	0
2025-02-22 21:37:35,554 - INFO - 	416	184699115811.57303	0	10.106148719787598	51835.63685584068	1648	653	0	0
2025-02-22 21:37:47,123 - INFO - 	417	182090400703.99548	0	10.172801971435547	51847.20537471771	1651	653	0	0
2025-02-22 21:37:58,875 - INFO - 	418	179861217906.21265	0	10.235623121261597	51858.95713376999	1654	653	0	0
2025-02-22 21:38:11,666 - INFO - 	419	178721779510.5512	0	10.299148321151733	51871.748042821884	1657	653	0	0
2025-02-22 21:38:23,172 - INFO - 	420	175015157906.243	0	10.37618637084961	51883.254128694534	1660	653	0	0
2025-02-22 21:38:35,107 - INFO - 	421	173947141304.9897	0	10.430372476577759	51895.189732551575	1663	653	0	0
2025-02-22 21:38:46,955 - INFO - 	422	172393756118.90753	0	10.489416122436523	51907.03743267059	1666	653	0	0
2025-02-22 21:38:59,143 - INFO - 	423	171487994833.23376	0	10.541818141937256	51919.22493958473	1669	653	0	0
2025-02-22 21:39:11,294 - INFO - 	424	170701549013.51758	0	10.595482349395752	51931.374648571014	1672	653	0	0
2025-02-22 21:39:24,553 - INFO - 	425	167928846466.69974	0	10.653920650482178	51944.63344955444	1675	653	0	0
2025-02-22 21:39:36,185 - INFO - 	426	164603133986.63968	0	10.715917587280273	51956.26557469368	1678	653	0	0
2025-02-22 21:39:48,282 - INFO - 	427	158150769415.64948	0	10.790752410888672	51968.362855911255	1681	653	0	0
2025-02-22 21:40:00,693 - INFO - 	428	158150769415.64948	0	10.847805261611938	51980.77300667763	1684	653	0	0
2025-02-22 21:40:12,915 - INFO - 	429	157725214304.00043	0	10.880601167678833	51992.99475955963	1687	653	0	0
2025-02-22 21:40:24,071 - INFO - 	430	150221409956.2433	0	10.924026250839233	52004.15107965469	1690	653	0	0
2025-02-22 21:40:36,799 - INFO - 	431	149365108790.71246	0	11.009095191955566	52016.87931275368	1693	653	0	0
2025-02-22 21:40:48,289 - INFO - 	432	142396644919.7684	0	11.095765113830566	52028.368807554245	1696	653	0	0
2025-02-22 21:41:00,160 - INFO - 	433	139342619557.57025	0	11.158715963363647	52040.24009370804	1699	653	0	0
2025-02-22 21:41:11,160 - INFO - 	434	135470851149.9234	0	11.237921237945557	52051.239161491394	1702	653	0	0
2025-02-22 21:41:22,654 - INFO - 	435	133617787022.00763	0	11.300817489624023	52062.73390340805	1705	653	0	0
2025-02-22 21:41:33,616 - INFO - 	436	133610465634.64067	0	11.348605394363403	52073.69551920891	1708	653	0	0
2025-02-22 21:41:44,829 - INFO - 	437	132603804091.29958	0	11.414207458496094	52084.9082262516	1711	653	0	0
2025-02-22 21:41:55,844 - INFO - 	438	127395609985.38751	0	11.454806566238403	52095.923248291016	1714	653	0	0
2025-02-22 21:42:06,651 - INFO - 	439	124845748357.23729	0	11.528305530548096	52106.72982311249	1717	653	0	0
2025-02-22 21:42:17,639 - INFO - 	440	124487713286.8515	0	11.584270715713501	52117.71765208244	1720	653	0	0
2025-02-22 21:42:28,297 - INFO - 	441	124112555858.62651	0	11.634316682815552	52128.3763358593	1723	653	0	0
2025-02-22 21:42:38,454 - INFO - 	442	120981282735.89932	0	11.708960771560669	52138.53277993202	1726	653	0	0
2025-02-22 21:42:49,779 - INFO - 	443	116761565694.31601	0	11.786978721618652	52149.85807919502	1729	653	0	0
2025-02-22 21:43:02,480 - INFO - 	444	112691405191.15044	0	11.85239577293396	52162.55873012543	1732	653	0	0
2025-02-22 21:43:14,554 - INFO - 	445	105893165656.4737	0	11.917893648147583	52174.63211417198	1735	653	0	0
2025-02-22 21:43:27,101 - INFO - 	446	102336385639.60535	0	11.983720302581787	52187.17985010147	1738	653	0	0
2025-02-22 21:43:39,356 - INFO - 	447	96718470122.10356	0	12.055698156356812	52199.43471622467	1741	653	0	0
2025-02-22 21:43:50,608 - INFO - 	448	90138612019.13763	0	12.127526044845581	52210.686208963394	1744	653	0	0
2025-02-22 21:44:02,120 - INFO - 	449	88480708121.33705	0	12.184692144393921	52222.19794988632	1747	653	0	0
2025-02-22 21:44:13,022 - INFO - 	450	86931089052.87465	0	12.244191884994507	52233.09966492653	1750	653	0	0
2025-02-22 21:44:23,357 - INFO - 	451	83068266957.00534	0	12.298604965209961	52243.43497180939	1753	653	0	0
2025-02-22 21:44:34,446 - INFO - 	452	81361416188.08398	0	12.363868236541748	52254.523733854294	1756	653	0	0
2025-02-22 21:44:46,483 - INFO - 	453	78046849890.34789	0	12.471829175949097	52266.560296058655	1759	653	0	0
2025-02-22 21:44:58,809 - INFO - 	454	76312975460.37355	0	12.542195081710815	52278.88675713539	1762	653	0	0
2025-02-22 21:45:10,149 - INFO - 	455	75013119541.6445	0	12.612263202667236	52290.226142168045	1765	653	0	0
2025-02-22 21:45:21,139 - INFO - 	456	74491760993.3006	0	12.672100067138672	52301.21656680107	1768	653	0	0
2025-02-22 21:45:32,553 - INFO - 	457	74117888130.53464	0	12.74033784866333	52312.62990665436	1771	653	0	0
2025-02-22 21:45:43,728 - INFO - 	458	74117888130.53464	0	12.789644718170166	52323.80492448807	1774	653	0	0
2025-02-22 21:45:54,838 - INFO - 	459	72650598141.83405	0	12.85841989517212	52334.914986133575	1777	653	0	0
2025-02-22 21:46:05,533 - INFO - 	460	71777998670.09946	0	12.92596983909607	52345.60954809189	1780	653	0	0
2025-02-22 21:46:16,071 - INFO - 	461	69900020064.16083	0	12.998684883117676	52356.14814090729	1783	653	0	0
2025-02-22 21:46:27,535 - INFO - 	462	67893791949.31856	0	13.104732036590576	52367.61130976677	1786	653	0	0
2025-02-22 21:46:38,413 - INFO - 	463	66496634029.582054	0	13.184858083724976	52378.48929262161	1789	653	0	0
2025-02-22 21:46:48,562 - INFO - 	464	65286368518.58855	0	13.197837352752686	52388.638862371445	1792	653	0	0
2025-02-22 21:46:59,328 - INFO - 	465	61234051303.41651	0	13.236185550689697	52399.40395736694	1795	653	0	0
2025-02-22 21:47:10,306 - INFO - 	466	57370565077.74531	0	13.32294487953186	52410.38189005852	1798	653	0	0
2025-02-22 21:47:21,271 - INFO - 	467	54960992785.42094	0	13.375746965408325	52421.34728097916	1801	653	0	0
2025-02-22 21:47:31,826 - INFO - 	468	54202109185.831696	0	13.435636043548584	52431.90186095238	1804	653	0	0
2025-02-22 21:47:42,549 - INFO - 	469	49764233746.0277	0	13.488256692886353	52442.625227212906	1807	653	0	0
2025-02-22 21:47:53,236 - INFO - 	470	48024541512.663124	0	13.541950702667236	52453.31181335449	1810	653	0	0
2025-02-22 21:48:04,400 - INFO - 	471	45206142405.25501	0	13.601808786392212	52464.47607755661	1813	653	0	0
2025-02-22 21:48:15,550 - INFO - 	472	42999342386.685165	0	13.681927680969238	52475.62588953972	1816	653	0	0
2025-02-22 21:48:25,790 - INFO - 	473	42838027026.63641	0	13.746023893356323	52485.86540055275	1819	653	0	0
2025-02-22 21:48:36,424 - INFO - 	474	41243436456.17843	0	13.824625730514526	52496.49906158447	1822	653	0	0
2025-02-22 21:48:47,175 - INFO - 	475	40702340161.741875	0	13.874393701553345	52507.25026631355	1825	653	0	0
2025-02-22 21:48:57,979 - INFO - 	476	39286954113.91299	0	13.955490827560425	52518.05460333824	1828	653	0	0
2025-02-22 21:49:08,173 - INFO - 	477	38069108268.442505	0	14.040972709655762	52528.247794389725	1831	653	0	0
2025-02-22 21:49:18,127 - INFO - 	478	35759227915.20563	0	14.10770869255066	52538.20226740837	1834	653	0	0
2025-02-22 21:49:28,594 - INFO - 	479	34658221740.536125	0	14.15646481513977	52548.668731451035	1837	653	0	0
2025-02-22 21:49:38,950 - INFO - 	480	28900831341.869034	0	14.202502727508545	52559.02503943443	1840	653	0	0
2025-02-22 21:49:49,949 - INFO - 	481	22478145904.5478	0	14.27744746208191	52570.0231525898	1843	653	0	0
2025-02-22 21:50:01,907 - INFO - 	482	20000002037.079914	0	14.336896657943726	52581.981360673904	1846	653	0	0
2025-02-22 21:50:21,463 - INFO - 	483	20000002035.480934	0	14.344104528427124	52601.536326408386	1849	653	0	0
2025-02-22 21:50:41,083 - INFO - 	484	10000002051.480967	0	14.345924615859985	52621.15677022934	1852	653	0	0
2025-02-22 21:51:00,547 - INFO - 	485	2067.4809596473965	0	14.347694635391235	52640.620221138	1855	653	0	0
2025-02-22 21:51:20,201 - INFO - 	486	2062.2980622474593	0	14.35204553604126	52660.27368092537	1858	653	0	0
2025-02-22 21:51:39,988 - INFO - 	487	2055.915687134784	0	14.358109712600708	52680.06073188782	1861	653	0	0
2025-02-22 21:51:59,767 - INFO - 	488	2028.1281127092977	0	14.371396780014038	52699.83942985535	1864	653	0	0
2025-02-22 21:52:19,857 - INFO - 	489	2010.912941209791	0	14.3833909034729	52719.92966365814	1867	653	0	0
2025-02-22 21:52:39,686 - INFO - 	490	1989.0423629707668	0	14.395270824432373	52739.758925914764	1870	653	0	0
2025-02-22 21:53:00,016 - INFO - 	491	1968.4158180305412	0	14.416281938552856	52760.088222026825	1873	653	0	0
2025-02-22 21:53:20,110 - INFO - 	492	1955.6232723376736	0	14.433698892593384	52780.18216896057	1876	653	0	0
2025-02-22 21:53:40,294 - INFO - 	493	1927.3868205709718	0	14.449381589889526	52800.36622786522	1879	653	0	0
2025-02-22 21:54:00,398 - INFO - 	494	1912.667170288548	0	14.463315725326538	52820.46973371506	1882	653	0	0
2025-02-22 21:54:20,806 - INFO - 	495	1900.6444848545455	0	14.47936749458313	52840.878205776215	1885	653	0	0
2025-02-22 21:54:40,664 - INFO - 	496	1892.9098980878475	0	14.490053415298462	52860.73642373085	1888	653	0	0
2025-02-22 21:55:00,907 - INFO - 	497	1887.2597050261575	0	14.506769180297852	52880.97842359543	1891	653	0	0
2025-02-22 21:55:21,514 - INFO - 	498	1878.1425078960979	0	14.523386240005493	52901.58539867401	1894	653	0	0
2025-02-22 21:55:41,672 - INFO - 	499	1872.4293466842314	0	14.534542322158813	52921.74281477928	1897	653	0	0
2025-02-22 21:56:01,926 - INFO - 	500	1862.8610463902064	0	14.550170183181763	52941.9958384037	1900	653	0	0
2025-02-22 21:56:22,091 - INFO - 	501	1849.839080264832	0	14.55988097190857	52962.16073656082	1903	653	0	0
2025-02-22 21:56:42,168 - INFO - 	502	1843.0747995390382	0	14.57030200958252	52982.23840737343	1906	653	0	0
2025-02-22 21:57:02,775 - INFO - 	503	1834.970761360154	0	14.585028171539307	53002.844497442245	1909	653	0	0
2025-02-22 21:57:22,986 - INFO - 	504	1832.5675676102246	0	14.594414234161377	53023.056136369705	1912	653	0	0
2025-02-22 21:57:43,213 - INFO - 	505	1824.4408223828066	0	14.610096216201782	53043.28230547905	1915	653	0	0
2025-02-22 21:58:03,882 - INFO - 	506	1816.7047005404522	0	14.628381490707397	53063.95127058029	1918	653	0	0
2025-02-22 21:58:24,472 - INFO - 	507	1809.9324539097706	0	14.640262365341187	53084.541504859924	1921	653	0	0
2025-02-22 21:58:44,847 - INFO - 	508	1803.471020477522	0	14.655325412750244	53104.91599154472	1924	653	0	0
2025-02-22 21:59:04,978 - INFO - 	509	1796.8528825830804	0	14.667364358901978	53125.0470893383	1927	653	0	0
2025-02-22 21:59:25,232 - INFO - 	510	1791.9813758300486	0	14.68712568283081	53145.3014421463	1930	653	0	0
2025-02-22 21:59:45,628 - INFO - 	511	1782.7389386967166	0	14.699243783950806	53165.697028160095	1933	653	0	0
2025-02-22 22:00:06,062 - INFO - 	512	1771.972616454437	0	14.710302114486694	53186.13127827644	1936	653	0	0
2025-02-22 22:33:13,075 - INFO - 	513	1765.5741488887516	0	14.725017309188843	55173.144257068634	1939	653	0	0
2025-02-22 23:38:10,324 - INFO - 	514	1765.574148888753	0	14.72754716873169	59070.39165210724	1942	653	0	0
2025-02-23 00:27:39,623 - INFO - 	515	1762.1496871657907	0	14.73713231086731	62039.69006609917	1945	653	0	0
2025-02-23 01:14:37,237 - INFO - 	516	1754.9273520909067	0	14.748677492141724	64857.302983284	1948	653	0	0
2025-02-23 02:14:06,245 - INFO - 	517	1752.847887989671	0	14.76243543624878	68426.31074237823	1951	653	0	0
2025-02-23 03:15:53,190 - INFO - 	518	1745.9898322138356	0	14.776667356491089	72133.25415325165	1954	653	0	0
2025-02-23 04:17:23,022 - INFO - 	519	1740.0731574675008	0	14.788025379180908	75823.08561635017	1957	653	0	0
2025-02-23 05:18:29,614 - INFO - 	520	1736.36560938658	0	14.801763534545898	79489.67616033554	1960	653	0	0
2025-02-23 06:02:14,202 - INFO - 	521	1725.6389210146192	0	14.815773487091064	82114.2643635273	1963	653	0	0
2025-02-23 06:13:33,615 - INFO - 	522	1721.2149538862097	0	14.823743343353271	82793.67653727531	1966	653	0	0
2025-02-23 06:13:54,022 - INFO - 	523	1708.3290394534695	0	14.842459440231323	82814.08265137672	1969	653	0	0
2025-02-23 06:14:14,386 - INFO - 	524	1699.5701184671243	0	14.855052471160889	82834.44569826126	1972	653	0	0
2025-02-23 06:14:34,332 - INFO - 	525	1693.2920055040788	0	14.871886253356934	82854.3913743496	1975	653	0	0
2025-02-23 06:14:54,703 - INFO - 	526	1689.5678503470388	0	14.88192343711853	82874.76248407364	1978	653	0	0
2025-02-23 06:15:15,318 - INFO - 	527	1682.6051321145007	0	14.89344048500061	82895.37725520134	1981	653	0	0
2025-02-23 06:15:35,772 - INFO - 	528	1677.1025926876166	0	14.909923553466797	82915.83089232445	1984	653	0	0
2025-02-23 06:15:55,942 - INFO - 	529	1669.3214358181556	0	14.92403769493103	82936.00074505806	1987	653	0	0
2025-02-23 06:16:16,391 - INFO - 	530	1663.966803983221	0	14.941475868225098	82956.44995999336	1990	653	0	0
2025-02-23 06:16:36,954 - INFO - 	531	1661.1905571625837	0	14.954680919647217	82977.01145887375	1993	653	0	0
2025-02-23 06:16:56,963 - INFO - 	532	1656.0433489030747	0	14.964179039001465	82997.02016997337	1996	653	0	0
2025-02-23 06:17:17,089 - INFO - 	533	1655.919955577569	0	14.969351053237915	83017.14686894417	1999	653	0	0
2025-02-23 06:17:37,258 - INFO - 	534	1650.3887405086791	0	14.990780115127563	83037.31486988068	2002	653	0	0
2025-02-23 06:17:57,349 - INFO - 	535	1643.9919542274847	0	15.003838062286377	83057.40637469292	2005	653	0	0
2025-02-23 06:18:17,297 - INFO - 	536	1641.566827068199	0	15.01734471321106	83077.35416269302	2008	653	0	0
2025-02-23 06:18:37,206 - INFO - 	537	1637.340209217348	0	15.030747652053833	83097.26287055016	2011	653	0	0
2025-02-23 06:18:57,825 - INFO - 	538	1632.8001302756588	0	15.046424627304077	83117.88144564629	2014	653	0	0
2025-02-23 06:19:18,302 - INFO - 	539	1632.3080760390642	0	15.05203366279602	83138.35852885246	2017	653	0	0
2025-02-23 06:19:39,094 - INFO - 	540	1627.2529421523766	0	15.0654935836792	83159.14957880974	2020	653	0	0
2025-02-23 06:19:59,597 - INFO - 	541	1620.691713587272	0	15.076875686645508	83179.65201187134	2023	653	0	0
2025-02-23 06:20:20,641 - INFO - 	542	1619.5440795220843	0	15.083320379257202	83200.69596099854	2026	653	0	0
2025-02-23 06:20:41,307 - INFO - 	543	1613.2286296274758	0	15.092130422592163	83221.36175179482	2029	653	0	0
2025-02-23 06:21:01,664 - INFO - 	544	1610.2098225896439	0	15.108901500701904	83241.71786689758	2032	653	0	0
2025-02-23 06:21:22,161 - INFO - 	545	1604.2481356378846	0	15.120936632156372	83262.21535181999	2035	653	0	0
2025-02-23 06:21:42,748 - INFO - 	546	1600.4327489276538	0	15.25544285774231	83282.80188965797	2038	653	0	0
2025-02-23 06:22:03,711 - INFO - 	547	1600.3562427894353	0	15.25972867012024	83303.76514458656	2041	653	0	0
2025-02-23 06:22:24,404 - INFO - 	548	1599.9597627646137	0	15.269445657730103	83324.45724248886	2044	653	0	0
2025-02-23 06:22:45,181 - INFO - 	549	1599.1146236070326	0	15.27857756614685	83345.23394155502	2047	653	0	0
2025-02-23 06:23:05,405 - INFO - 	550	1591.5173735027483	0	15.288525819778442	83365.45849657059	2050	653	0	0
2025-02-23 06:23:26,197 - INFO - 	551	1586.6531954186262	0	15.308205842971802	83386.25053739548	2053	653	0	0
2025-02-23 06:23:46,428 - INFO - 	552	1583.1101174522757	0	15.31796383857727	83406.48122549057	2056	653	0	0
2025-02-23 06:40:16,359 - INFO - 	553	1578.3110222920868	0	15.330007791519165	84396.41217470169	2059	653	0	0
2025-02-23 06:46:39,230 - INFO - 	554	1577.0676410698582	0	15.33992075920105	84779.28206086159	2062	653	0	0
2025-02-23 06:46:59,483 - INFO - 	555	1575.900383772766	0	15.35133171081543	84799.53517985344	2065	653	0	0
2025-02-23 06:47:19,748 - INFO - 	556	1573.2167796241727	0	15.3673574924469	84819.79941678047	2068	653	0	0
2025-02-23 06:47:43,923 - INFO - 	557	1572.0469342392657	0	15.381434202194214	84843.97488164902	2071	653	0	0
2025-02-23 06:48:07,298 - INFO - 	558	1570.2568718416153	0	15.391912460327148	84867.34947872162	2074	653	0	0
2025-02-23 06:48:28,934 - INFO - 	559	1568.103662531665	0	15.40166449546814	84888.98458456993	2077	653	0	0
2025-02-23 06:48:49,784 - INFO - 	560	1566.5632208513641	0	15.412926435470581	84909.83303165436	2080	653	0	0
2025-02-23 06:49:11,666 - INFO - 	561	1564.8955026128244	0	15.425913333892822	84931.71481657028	2083	653	0	0
2025-02-23 06:49:32,419 - INFO - 	562	1563.1822427644925	0	15.437888383865356	84952.46666264534	2086	653	0	0
2025-02-23 06:49:53,218 - INFO - 	563	1561.1875066745547	0	15.449609518051147	84973.2647716999	2089	653	0	0
2025-02-23 06:50:14,589 - INFO - 	564	1558.7544932231426	0	15.46223258972168	84994.63519763947	2092	653	0	0
2025-02-23 06:50:35,046 - INFO - 	565	1554.4498472802472	0	15.476567506790161	85015.09229564667	2095	653	0	0
2025-02-23 06:50:56,269 - INFO - 	566	1552.2873193156338	0	15.486866474151611	85036.31527066231	2098	653	0	0
2025-02-23 06:51:17,753 - INFO - 	567	1550.0906450116815	0	15.500428438186646	85057.79901790619	2101	653	0	0
2025-02-23 06:51:39,101 - INFO - 	568	1549.6993060959242	0	15.508615255355835	85079.14548563957	2104	653	0	0
2025-02-23 06:52:00,064 - INFO - 	569	1548.367388800433	0	15.518792390823364	85100.10825753212	2107	653	0	0
2025-02-23 06:52:20,997 - INFO - 	570	1546.561579970829	0	15.531355619430542	85121.0401506424	2110	653	0	0
2025-02-23 06:52:43,107 - INFO - 	571	1541.831632862322	0	15.541244506835938	85143.14906668663	2113	653	0	0
2025-02-23 06:53:05,120 - INFO - 	572	1540.578835051681	0	15.552431583404541	85165.16149759293	2116	653	0	0
2025-02-23 06:53:27,526 - INFO - 	573	1540.0927480060343	0	15.566402435302734	85187.56664466858	2119	653	0	0
2025-02-23 06:53:49,908 - INFO - 	574	1540.0693926175968	0	15.571266412734985	85209.94602155685	2122	653	0	0
2025-02-23 06:54:11,545 - INFO - 	575	1539.7268798162697	0	15.579935312271118	85231.58121967316	2125	653	0	0
2025-02-23 06:54:32,981 - INFO - 	576	1538.9654550057924	0	15.592202186584473	85253.01590871811	2128	653	0	0
2025-02-23 06:54:54,168 - INFO - 	577	1537.4660315311557	0	15.607354164123535	85274.20100188255	2131	653	0	0
2025-02-23 06:55:15,983 - INFO - 	578	1536.9469493951499	0	15.617298126220703	85296.0136628151	2134	653	0	0
2025-02-23 06:55:37,684 - INFO - 	579	1536.314787682909	0	15.629914045333862	85317.71454882622	2137	653	0	0
2025-02-23 06:55:58,776 - INFO - 	580	1534.5787971841887	0	15.64428997039795	85338.80610394478	2140	653	0	0
2025-02-23 06:56:20,117 - INFO - 	581	1532.8609400157418	0	15.652858018875122	85360.14514613152	2143	653	0	0
2025-02-23 06:56:40,803 - INFO - 	582	1532.4329348069057	0	15.662678003311157	85380.82832312584	2146	653	0	0
2025-02-23 06:57:01,968 - INFO - 	583	1531.8419192249116	0	15.675048828125	85401.99300026894	2149	653	0	0
2025-02-23 06:57:23,067 - INFO - 	584	1530.5252807625202	0	15.686949014663696	85423.08997917175	2152	653	0	0
2025-02-23 06:57:44,304 - INFO - 	585	1529.419545645762	0	15.700489044189453	85444.32515501976	2155	653	0	0
2025-02-23 06:58:05,352 - INFO - 	586	1528.439677549206	0	15.714020252227783	85465.37093615532	2158	653	0	0
2025-02-23 06:58:26,246 - INFO - 	587	1527.5747766045588	0	15.723797082901001	85486.26235604286	2161	653	0	0
2025-02-23 06:58:47,238 - INFO - 	588	1527.0358298604676	0	15.73360800743103	85507.25247311592	2164	653	0	0
2025-02-23 06:59:08,430 - INFO - 	589	1525.8136806753257	0	15.744071960449219	85528.442756176	2167	653	0	0
2025-02-23 06:59:29,858 - INFO - 	590	1525.42731550387	0	15.756525993347168	85549.87027716637	2170	653	0	0
2025-02-23 06:59:50,767 - INFO - 	591	1524.9086744264832	0	15.767079830169678	85570.77864718437	2173	653	0	0
2025-02-23 07:00:12,789 - INFO - 	592	1523.9038671661406	0	15.779684782028198	85592.80099582672	2176	653	0	0
2025-02-23 07:00:34,491 - INFO - 	593	1522.6041475339323	0	15.793301820755005	85614.50302481651	2179	653	0	0
2025-02-23 07:00:56,448 - INFO - 	594	1520.5839348987406	0	15.805343627929688	85636.45982480049	2182	653	0	0
2025-02-23 07:01:18,324 - INFO - 	595	1519.2832915396139	0	15.82123851776123	85658.33504462242	2185	653	0	0
2025-02-23 07:01:39,958 - INFO - 	596	1518.7132872310863	0	15.830763578414917	85679.96970677376	2188	653	0	0
2025-02-23 07:02:01,453 - INFO - 	597	1517.9530500559702	0	15.843518733978271	85701.4637567997	2191	653	0	0
2025-02-23 07:02:23,908 - INFO - 	598	1517.858536628344	0	15.850579023361206	85723.9193379879	2194	653	0	0
2025-02-23 07:02:46,488 - INFO - 	599	1517.184532684559	0	15.865141153335571	85746.49846720695	2197	653	0	0
2025-02-23 07:03:08,603 - INFO - 	600	1516.3086192390278	0	15.876662969589233	85768.61349415779	2200	653	0	0
2025-02-23 07:03:30,699 - INFO - 	601	1515.6817957565756	0	15.886897087097168	85790.70958518982	2203	653	0	0
2025-02-23 07:03:52,411 - INFO - 	602	1515.4520735662938	0	15.900176048278809	85812.42180514336	2206	653	0	0
2025-02-23 07:04:13,939 - INFO - 	603	1515.0951098943665	0	15.909148216247559	85833.94916534424	2209	653	0	0
2025-02-23 07:04:36,220 - INFO - 	604	1515.0951098943674	0	15.914173126220703	85856.22982215881	2212	653	0	0
2025-02-23 07:04:58,266 - INFO - 	605	1514.6043771955822	0	15.927542924880981	85878.27596402168	2215	653	0	0
2025-02-23 07:05:20,132 - INFO - 	606	1514.3117870767821	0	15.937072038650513	85900.14214420319	2218	653	0	0
2025-02-23 07:05:41,600 - INFO - 	607	1513.6971581038633	0	15.953213214874268	85921.61034607887	2221	653	0	0
2025-02-23 07:06:03,932 - INFO - 	608	1513.2114269145538	0	15.965176105499268	85943.94214296341	2224	653	0	0
2025-02-23 07:06:25,956 - INFO - 	609	1512.729225106637	0	15.97623085975647	85965.96459078789	2227	653	0	0
2025-02-23 07:06:47,357 - INFO - 	610	1512.2402602959305	0	15.990626811981201	85987.36473083496	2230	653	0	0
2025-02-23 07:07:08,371 - INFO - 	611	1511.8155121338987	0	16.003320932388306	86008.37912201881	2233	653	0	0
2025-02-23 07:07:30,525 - INFO - 	612	1511.6951044348627	0	16.01084589958191	86030.53300118446	2236	653	0	0
2025-02-23 07:07:52,725 - INFO - 	613	1511.1918063750727	0	16.02619695663452	86052.73198127747	2239	653	0	0
2025-02-23 07:08:14,260 - INFO - 	614	1511.042828663683	0	16.03434181213379	86074.2663602829	2242	653	0	0
2025-02-23 07:08:37,075 - INFO - 	615	1510.8510097578337	0	16.042730808258057	86097.08051514626	2245	653	0	0
2025-02-23 07:08:59,938 - INFO - 	616	1510.568198053322	0	16.055079698562622	86119.94222307205	2248	653	0	0
2025-02-23 07:09:22,775 - INFO - 	617	1510.07546418897	0	16.067638635635376	86142.77844190598	2251	653	0	0
2025-02-23 07:09:45,984 - INFO - 	618	1509.8029936062371	0	16.07835578918457	86165.98714900017	2254	653	0	0
2025-02-23 07:10:09,573 - INFO - 	619	1509.5945608248512	0	16.089427947998047	86189.57434487343	2257	653	0	0
2025-02-23 07:10:30,589 - INFO - 	620	1509.2662566284541	0	16.103294849395752	86210.59009695053	2260	653	0	0
2025-02-23 07:10:51,780 - INFO - 	621	1509.0689515146248	0	16.113967657089233	86231.78077173233	2263	653	0	0
2025-02-23 07:11:14,283 - INFO - 	622	1508.9999999999998	0	16.12798261642456	86254.28218865395	2266	653	0	0
2025-02-23 07:11:37,060 - INFO - 
ya no tiene columnas con costo reducido negative
2025-02-23 07:11:37,070 - INFO - Set parameter OutputFlag to value 1
2025-02-23 07:11:37,071 - INFO - Set parameter LogFile to value "logs_new/salida_modelo_caminos_400_567_noLR.log"
2025-02-23 07:11:37,071 - INFO - Set parameter TimeLimit to value 7200
2025-02-23 07:11:37,072 - INFO - Gurobi Optimizer version 11.0.1 build v11.0.1rc0 (mac64[arm] - Darwin 24.3.0 24D60)
2025-02-23 07:11:37,072 - INFO - 
2025-02-23 07:11:37,072 - INFO - CPU model: Apple M2
2025-02-23 07:11:37,072 - INFO - Thread count: 8 physical cores, 8 logical processors, using up to 8 threads
2025-02-23 07:11:37,073 - INFO - 
2025-02-23 07:11:37,073 - INFO - Optimize a model with 653 rows, 2266 columns and 9831 nonzeros
2025-02-23 07:11:37,073 - INFO - Coefficient statistics:
2025-02-23 07:11:37,073 - INFO -   Matrix range     [1e+00, 1e+00]
2025-02-23 07:11:37,074 - INFO -   Objective range  [2e+00, 1e+10]
2025-02-23 07:11:37,074 - INFO -   Bounds range     [0e+00, 0e+00]
2025-02-23 07:11:37,074 - INFO -   RHS range        [1e+00, 2e+02]
2025-02-23 07:11:37,074 - INFO - Warning: Model contains large objective coefficients
2025-02-23 07:11:37,074 - INFO -          Consider reformulating model or setting NumericFocus parameter
2025-02-23 07:11:37,075 - INFO -          to avoid numerical issues.
2025-02-23 07:11:37,075 - INFO - 
2025-02-23 07:11:37,075 - INFO - Solved in 0 iterations and 0.00 seconds (0.00 work units)
2025-02-23 07:11:37,075 - INFO - Optimal objective  1.509000000e+03
2025-02-23 07:11:37,078 - INFO - Gurobi Optimizer version 11.0.1 build v11.0.1rc0 (mac64[arm] - Darwin 24.3.0 24D60)
2025-02-23 07:11:37,078 - INFO - 
2025-02-23 07:11:37,078 - INFO - CPU model: Apple M2
2025-02-23 07:11:37,078 - INFO - Thread count: 8 physical cores, 8 logical processors, using up to 8 threads
2025-02-23 07:11:37,078 - INFO - 
2025-02-23 07:11:37,079 - INFO - Optimize a model with 653 rows, 2266 columns and 9831 nonzeros
2025-02-23 07:11:37,080 - INFO - Model fingerprint: 0xa8d957ab
2025-02-23 07:11:37,081 - INFO - Variable types: 0 continuous, 2266 integer (2266 binary)
2025-02-23 07:11:37,082 - INFO - Coefficient statistics:
2025-02-23 07:11:37,082 - INFO -   Matrix range     [1e+00, 1e+00]
2025-02-23 07:11:37,082 - INFO -   Objective range  [2e+00, 1e+10]
2025-02-23 07:11:37,082 - INFO -   Bounds range     [0e+00, 0e+00]
2025-02-23 07:11:37,083 - INFO -   RHS range        [1e+00, 2e+02]
2025-02-23 07:11:37,084 - INFO - Warning: Model contains large objective coefficients
2025-02-23 07:11:37,084 - INFO -          Consider reformulating model or setting NumericFocus parameter
2025-02-23 07:11:37,084 - INFO -          to avoid numerical issues.
2025-02-23 07:11:37,086 - INFO - Found heuristic solution: objective 4.000000e+12
2025-02-23 07:11:37,103 - INFO - Presolve removed 250 rows and 0 columns
2025-02-23 07:11:37,104 - INFO - Presolve time: 0.02s
2025-02-23 07:11:37,104 - INFO - Presolved: 403 rows, 2266 columns, 9405 nonzeros
2025-02-23 07:11:37,108 - INFO - Variable types: 0 continuous, 2266 integer (2266 binary)
2025-02-23 07:11:37,110 - INFO - Found heuristic solution: objective 3.850000e+12
2025-02-23 07:11:37,219 - INFO - 
2025-02-23 07:11:37,219 - INFO - Root relaxation: objective 1.509000e+03, 2538 iterations, 0.11 seconds (0.22 work units)
2025-02-23 07:11:37,275 - INFO - 
2025-02-23 07:11:37,275 - INFO -     Nodes    |    Current Node    |     Objective Bounds      |     Work
2025-02-23 07:11:37,275 - INFO -  Expl Unexpl |  Obj  Depth IntInf | Incumbent    BestBd   Gap | It/Node Time
2025-02-23 07:11:37,276 - INFO - 
2025-02-23 07:11:37,277 - INFO -      0     0 1509.00000    0  353 3.8500e+12 1509.00000   100%     -    0s
2025-02-23 07:11:37,278 - INFO - H    0     0                    7.700000e+11 1509.00000   100%     -    0s
2025-02-23 07:11:37,280 - INFO - H    0     0                    6.100000e+11 1509.00000   100%     -    0s
2025-02-23 07:11:37,282 - INFO - H    0     0                    4.500000e+11 1509.00000   100%     -    0s
2025-02-23 07:11:37,285 - INFO - H    0     0                    3.700000e+11 1509.00000   100%     -    0s
2025-02-23 07:11:37,287 - INFO - H    0     0                    3.600000e+11 1509.00000   100%     -    0s
2025-02-23 07:11:37,472 - INFO -      0     0 1509.69693    0  372 3.6000e+11 1509.69693   100%     -    0s
2025-02-23 07:11:37,650 - INFO -      0     0 1509.89484    0  377 3.6000e+11 1509.89484   100%     -    0s
2025-02-23 07:11:37,657 - INFO - H    0     0                    3.500000e+11 1509.89484   100%     -    0s
2025-02-23 07:11:37,660 - INFO -      0     0 1510.45949    0  378 3.5000e+11 1510.45949   100%     -    0s
2025-02-23 07:11:37,730 - INFO -      0     0 1510.48865    0  392 3.5000e+11 1510.48865   100%     -    0s
2025-02-23 07:11:37,765 - INFO -      0     0 1510.48865    0  384 3.5000e+11 1510.48865   100%     -    0s
2025-02-23 07:11:37,773 - INFO - H    0     0                    3.300000e+11 1510.48865   100%     -    0s
2025-02-23 07:11:37,780 - INFO -      0     0 1510.48865    0  386 3.3000e+11 1510.48865   100%     -    0s
2025-02-23 07:11:37,787 - INFO -      0     0 1510.48865    0  386 3.3000e+11 1510.48865   100%     -    0s
2025-02-23 07:11:37,816 - INFO - H    0     0                    3.100000e+11 1510.48865   100%     -    0s
2025-02-23 07:11:37,817 - INFO -      0     0 1510.48865    0  390 3.1000e+11 1510.48865   100%     -    0s
2025-02-23 07:11:37,837 - INFO -      0     0 1510.48865    0  390 3.1000e+11 1510.48865   100%     -    0s
2025-02-23 07:11:37,965 - INFO - H    0     0                    2.900000e+11 1510.48865   100%     -    0s
2025-02-23 07:11:37,966 - INFO - H    0     0                    2.500000e+11 1510.48865   100%     -    0s
2025-02-23 07:11:38,022 - INFO -      0     2 1510.48865    0  390 2.5000e+11 1510.48865   100%     -    0s
2025-02-23 07:11:38,136 - INFO - H   32    40                    2.100000e+11 1511.39803   100%   119    1s
2025-02-23 07:11:38,245 - INFO - H   66    75                    2.000000e+11 1512.73775   100%   130    1s
2025-02-23 07:11:38,245 - INFO - H   71    75                    1.800000e+11 1512.73775   100%   131    1s
2025-02-23 07:11:38,788 - INFO - H  102   111                    1.500000e+11 1512.73775   100%   134    1s
2025-02-23 07:11:38,789 - INFO - H  108   111                    1.400000e+11 1512.73775   100%   132    1s
2025-02-23 07:11:41,560 - INFO - H 1123  1131                    1.300000e+11 1512.73775   100%   113    4s
2025-02-23 07:11:41,561 - INFO - H 1129  1131                    1.200000e+11 1512.73775   100%   113    4s
2025-02-23 07:11:42,087 - INFO -   1314  1356 1.4753e+10   98  271 1.2000e+11 1512.73775   100%   112    5s
2025-02-23 07:11:47,122 - INFO -   2434  2366 1516.96359    9  352 1.2000e+11 1512.75307   100%   100   10s
2025-02-23 07:11:49,969 - INFO - H 2589  2356                    1.100000e+11 1512.75307   100%   105   12s
2025-02-23 07:11:52,294 - INFO -   2941  2595 1576.70775   45  332 1.1000e+11 1512.75307   100%   111   15s
2025-02-23 07:11:52,295 - INFO - H 2943  2483                    1.000000e+11 1512.75307   100%   111   15s
2025-02-23 07:11:57,867 - INFO -   4329  3325 1516.81292   22  352 1.0000e+11 1512.75307   100%   107   20s
2025-02-23 07:12:02,229 - INFO -   6151  4595 5.4148e+10  208  294 1.0000e+11 1512.75307   100%   100   25s
2025-02-23 07:12:09,467 - INFO -   6877  4910 6.1443e+09   86  316 1.0000e+11 1512.75307   100%   100   32s
2025-02-23 07:12:12,171 - INFO -   6989  4887 1.4253e+10   99  301 1.0000e+11 1512.75307   100%   100   35s
2025-02-23 07:12:17,256 - INFO -   8704  6311 1.6272e+09   79  284 1.0000e+11 1513.02883   100%  96.4   40s
2025-02-23 07:12:19,307 - INFO - H 9607  6690                    1.000000e+11 1513.02883   100%  93.1   42s
2025-02-23 07:12:19,308 - INFO - H 9636  6599                    9.000000e+10 1513.02883   100%  93.4   42s
2025-02-23 07:12:22,477 - INFO -  10123  7284 infeasible  170      9.0000e+10 1513.28624   100%  92.9   45s
2025-02-23 07:12:27,590 - INFO -  13545 10784 1529.45315   24  350 9.0000e+10 1515.39724   100%  91.4   50s
2025-02-23 07:12:31,934 - INFO - H16783 13526                    9.000000e+10 1515.80022   100%  88.7   54s
2025-02-23 07:12:32,659 - INFO -  17539 14363 2.6519e+10  112  304 9.0000e+10 1515.80022   100%  87.4   55s
2025-02-23 07:12:33,402 - INFO - H18754 15053                    9.000000e+10 1516.16946   100%  85.4   56s
2025-02-23 07:12:37,512 - INFO -  20326 17358 8.3880e+08   64  305 9.0000e+10 1516.16946   100%  83.7   60s
2025-02-23 07:12:42,804 - INFO -  26808 22031 1.4616e+10  108  310 9.0000e+10 1517.60010   100%  78.3   65s
2025-02-23 07:12:58,371 - INFO -  29694 24399 6.1880e+10  131  390 9.0000e+10 1517.77026   100%  77.4   81s
2025-02-23 07:13:02,334 - INFO -  29711 24410 1598.94712   54  397 9.0000e+10 1517.77026   100%  77.3   85s
2025-02-23 07:13:07,480 - INFO -  29728 24422 1686.97181   94  410 9.0000e+10 1517.77026   100%  77.3   90s
2025-02-23 07:13:12,605 - INFO -  29743 24432 1541.33678   23  420 9.0000e+10 1517.77026   100%  77.3   95s
2025-02-23 07:13:16,278 - INFO - H29851 23289                    9.000000e+10 1517.77026   100%  77.7   99s
2025-02-23 07:13:17,085 - INFO -  30046 23437 1551.94413   42  362 9.0000e+10 1517.77026   100%  77.9  100s
2025-02-23 07:13:19,549 - INFO - H30539 22590                    8.999999e+10 1517.77026   100%  78.8  102s
2025-02-23 07:13:23,855 - INFO -  31381 23035 8.1006e+10  124  276 9.0000e+10 1517.77026   100%  79.4  106s
2025-02-23 07:13:28,259 - INFO - H31390 21936                    8.999999e+10 1517.77026   100%  79.4  111s
2025-02-23 07:13:32,386 - INFO -  32648 22883 3.4016e+10  121  276 9.0000e+10 1517.77026   100%  81.6  115s
2025-02-23 07:13:34,541 - INFO - H33025 21871                    8.999999e+10 1517.77026   100%  81.7  117s
2025-02-23 07:13:37,405 - INFO -  33949 22612 7.6086e+10  142  303 9.0000e+10 1517.77026   100%  82.0  120s
2025-02-23 07:13:42,407 - INFO -  35908 23840 3.5486e+10  129  310 9.0000e+10 1517.77026   100%  82.8  125s
2025-02-23 07:13:47,777 - INFO -  37427 24878 1.0000e+10   61  312 9.0000e+10 1517.77026   100%  83.5  130s
2025-02-23 07:13:56,958 - INFO -  39243 25856 1619.32641   43  322 9.0000e+10 1517.99704   100%  83.5  139s
2025-02-23 07:13:59,352 - INFO -  39771 25765 1542.20028   39  353 9.0000e+10 1517.99704   100%  83.7  142s
2025-02-23 07:14:02,529 - INFO -  42356 28606 1628.23970   63  328 9.0000e+10 1519.01269   100%  82.7  145s
2025-02-23 07:14:13,965 - INFO -  48672 30667 1749.86631   85  317 9.0000e+10 1519.58440   100%  80.4  156s
2025-02-23 07:14:19,653 - INFO -  48680 30672 1.9925e+09   86  310 9.0000e+10 1519.58440   100%  80.4  162s
2025-02-23 07:14:19,654 - INFO - H48687 28696                    7.000000e+10 1519.58440   100%  80.4  162s
2025-02-23 07:14:22,812 - INFO -  50342 30125 1.0490e+10  106  314 7.0000e+10 1520.14387   100%  79.9  165s
2025-02-23 07:14:27,473 - INFO -  55740 33529 4.4210e+10  132  314 7.0000e+10 1521.01659   100%  78.3  170s
2025-02-23 07:14:33,824 - INFO -  64300 37299 1606.52670   44  333 7.0000e+10 1521.85469   100%  76.0  176s
2025-02-23 07:14:37,250 - INFO -  69428 40711 1568.97089   42  346 7.0000e+10 1522.21986   100%  75.0  180s
2025-02-23 07:14:42,258 - INFO -  79791 46951 1711.49638   78  298 7.0000e+10 1522.92865   100%  72.0  185s
2025-02-23 07:14:48,891 - INFO -  89913 53083 1.0428e+10   91  313 7.0000e+10 1523.45806   100%  69.8  191s
2025-02-23 07:14:52,323 - INFO -  90158 60264     cutoff  172      7.0000e+10 1523.46858   100%  69.7  195s
2025-02-23 07:14:57,099 - INFO -  104555 67628 2.7407e+10  106  340 7.0000e+10 1524.31234   100%  67.5  200s
2025-02-23 07:15:02,138 - INFO -  112236 73702 1608.10855   61  323 7.0000e+10 1524.69536   100%  66.5  205s
2025-02-23 07:15:07,240 - INFO -  121981 82427 1554.68773   43  348 7.0000e+10 1525.01484   100%  65.3  210s
2025-02-23 07:15:12,630 - INFO -  128251 87065 1.6878e+09   79  323 7.0000e+10 1525.21293   100%  64.8  215s
2025-02-23 07:15:17,417 - INFO -  136983 95681 5.6021e+10  141  297 7.0000e+10 1525.58292   100%  63.8  220s
2025-02-23 07:15:22,291 - INFO -  146431 103644 1538.33968   44  346 7.0000e+10 1525.89130   100%  63.1  225s
2025-02-23 07:15:27,161 - INFO -  148801 106615 1644.79282   63  331 7.0000e+10 1525.97156   100%  63.0  230s
2025-02-23 07:15:31,246 - INFO - H153737 109397                    7.000000e+10 1526.08671   100%  62.6  234s
2025-02-23 07:15:32,459 - INFO -  154978 110975 1.5214e+10  140  297 7.0000e+10 1526.15310   100%  62.7  235s
2025-02-23 07:15:37,247 - INFO -  163394 119523 1612.53143   59  325 7.0000e+10 1526.42963   100%  62.3  240s
2025-02-23 07:15:42,373 - INFO -  167202 121298 1540.49310   36  342 7.0000e+10 1526.50637   100%  62.1  245s
2025-02-23 07:15:42,378 - INFO - H167203 121297                    6.999999e+10 1526.50637   100%  62.1  245s
2025-02-23 07:15:47,335 - INFO -  176505 130271 3.1322e+10  115  314 7.0000e+10 1526.77346   100%  61.5  250s
2025-02-23 07:15:52,289 - INFO -  186252 138942 3.4666e+10  168  295 7.0000e+10 1526.93961   100%  61.0  255s
2025-02-23 07:15:59,558 - INFO -  195281 146535 1626.14672   68  320 7.0000e+10 1527.22391   100%  60.6  262s
2025-02-23 07:15:59,566 - INFO - H195282 142682                    6.000000e+10 1527.22391   100%  60.6  262s
2025-02-23 07:16:02,305 - INFO -  200916 148424 1.3736e+09   84  314 6.0000e+10 1527.34533   100%  60.3  265s
2025-02-23 07:16:07,967 - INFO -  206920 152900 2.0545e+10  159  319 6.0000e+10 1527.43063   100%  60.1  270s
2025-02-23 07:16:12,329 - INFO -  215016 160550 2.5351e+10  136  315 6.0000e+10 1527.64771   100%  59.7  275s
2025-02-23 07:16:17,574 - INFO -  224253 168696 4.2823e+10   96  286 6.0000e+10 1527.83703   100%  59.4  280s
2025-02-23 07:16:22,164 - INFO -  232475 176389 1.0043e+10  117  294 6.0000e+10 1527.99616   100%  59.0  285s
2025-02-23 07:16:28,442 - INFO -  233567 176397 1671.16292   68  318 6.0000e+10 1528.00033   100%  59.0  291s
2025-02-23 07:16:32,451 - INFO -  236129 179501 1.5633e+10  142  309 6.0000e+10 1528.03552   100%  58.8  295s
2025-02-23 07:16:39,009 - INFO -  243551 185362 4.2790e+08   85  299 6.0000e+10 1528.18341   100%  58.5  301s
2025-02-23 07:16:42,329 - INFO -  250419 192315 1.2198e+10  109  298 6.0000e+10 1528.35280   100%  58.3  305s
2025-02-23 07:16:47,252 - INFO -  260646 201574 1683.47942   73  333 6.0000e+10 1528.56088   100%  58.1  310s
2025-02-23 07:16:52,524 - INFO -  266208 206380 1739.91679   75  312 6.0000e+10 1528.64436   100%  58.0  315s
2025-02-23 07:16:57,305 - INFO -  275303 214287 4.5176e+09   93  299 6.0000e+10 1528.82456   100%  58.1  320s
2025-02-23 07:17:05,985 - INFO -  285756 222797 1.0552e+09   82  334 6.0000e+10 1529.02811   100%  57.8  328s
2025-02-23 07:17:07,257 - INFO -  287543 225032 1534.86852   35  350 6.0000e+10 1529.04462   100%  57.7  330s
2025-02-23 07:17:12,081 - INFO -  296259 232705 1712.90187   83  327 6.0000e+10 1529.18733   100%  57.8  335s
2025-02-23 07:17:17,097 - INFO -  305865 241139 1553.23411   42  330 6.0000e+10 1529.31278   100%  57.8  340s
2025-02-23 07:17:23,357 - INFO -  312178 249782 1587.26624   54  349 6.0000e+10 1529.41245   100%  57.6  346s
2025-02-23 07:17:27,098 - INFO -  323021 256367 1534.58656   34  356 6.0000e+10 1529.59095   100%  57.5  350s
2025-02-23 07:17:32,136 - INFO -  327899 261050 1617.96164   57  348 6.0000e+10 1529.65065   100%  57.5  355s
2025-02-23 07:17:37,209 - INFO -  337224 268943 1549.16887   41  336 6.0000e+10 1529.79123   100%  57.4  360s
2025-02-23 07:17:46,739 - INFO -  345394 275896 1.9637e+10  138  313 6.0000e+10 1529.89334   100%  57.2  369s
2025-02-23 07:17:47,181 - INFO -  345631 276409 1537.58023   38  341 6.0000e+10 1529.89334   100%  57.2  370s
2025-02-23 07:17:52,178 - INFO -  354871 284929 1573.78641   36  334 6.0000e+10 1530.00380   100%  57.2  375s
2025-02-23 07:17:57,483 - INFO -  364980 293739 1641.59156   56  328 6.0000e+10 1530.11785   100%  57.1  380s
2025-02-23 07:18:02,105 - INFO -  367587 296053 1596.30649   52  344 6.0000e+10 1530.16565   100%  57.0  385s
2025-02-23 07:18:07,443 - INFO -  377446 304698 6.3720e+09   83  333 6.0000e+10 1530.27298   100%  57.1  390s
2025-02-23 07:18:12,400 - INFO -  386472 313208 1566.80278   43  351 6.0000e+10 1530.38347   100%  57.0  395s
2025-02-23 07:18:19,694 - INFO -  395071 319426 5.2057e+10  123  299 6.0000e+10 1530.46144   100%  57.1  402s
2025-02-23 07:18:22,299 - INFO -  398562 323573 1707.20495   58  328 6.0000e+10 1530.50002   100%  57.2  405s
2025-02-23 07:18:27,178 - INFO -  409053 332762 1.4309e+09   91  325 6.0000e+10 1530.59677   100%  57.0  410s
2025-02-23 07:18:32,520 - INFO -  414852 337342 1604.47456   55  335 6.0000e+10 1530.65615   100%  57.0  415s
2025-02-23 07:18:39,367 - INFO -  419464 341521 1754.44464   67  301 6.0000e+10 1530.69370   100%  56.9  422s
2025-02-23 07:18:42,514 - INFO -  425614 347398 1.6256e+09  108  323 6.0000e+10 1530.78813   100%  56.8  425s
2025-02-23 07:18:47,311 - INFO -  426566 348022 1566.18016   46  351 6.0000e+10 1530.78861   100%  56.8  430s
2025-02-23 07:18:52,085 - INFO -  436140 356968 1.9843e+09   71  345 6.0000e+10 1530.91373   100%  56.6  435s
2025-02-23 07:18:57,390 - INFO -  447863 367259 1767.53974   81  320 6.0000e+10 1531.05329   100%  56.4  440s
2025-02-23 07:19:02,303 - INFO -  456166 374451 1648.98436   56  354 6.0000e+10 1531.13338   100%  56.5  445s
2025-02-23 07:19:07,464 - INFO -  467035 384219 9.0232e+08   84  299 6.0000e+10 1531.26293   100%  56.3  450s
2025-02-23 07:19:12,815 - INFO -  473757 389275 1721.75533   70  324 6.0000e+10 1531.32928   100%  56.2  455s
2025-02-23 07:19:23,593 - INFO -  480503 395201 1751.69869   76  297 6.0000e+10 1531.40617   100%  56.2  466s
2025-02-23 07:19:23,613 - INFO - H480538 395015                    6.000000e+10 1531.40617   100%  56.2  466s
2025-02-23 07:19:27,141 - INFO -  481985 397139 9.1023e+09   74  322 6.0000e+10 1531.42637   100%  56.2  470s
2025-02-23 07:19:32,274 - INFO -  492470 406050 1608.89601   62  343 6.0000e+10 1531.50835   100%  56.1  475s
2025-02-23 07:19:38,187 - INFO -  498968 411300 1596.76887   54  329 6.0000e+10 1531.55956   100%  56.0  481s
2025-02-23 07:19:38,201 - INFO - H498975 411257                    5.999999e+10 1531.55956   100%  56.0  481s
2025-02-23 07:19:42,279 - INFO -  507419 419470 1630.63290   61  324 6.0000e+10 1531.62558   100%  55.9  485s
2025-02-23 07:19:47,483 - INFO -  517650 428751 3.5790e+10  152  327 6.0000e+10 1531.71997   100%  55.8  490s
2025-02-23 07:19:52,530 - INFO -  527577 437498 7.3302e+08   73  318 6.0000e+10 1531.78962   100%  55.6  495s
2025-02-23 07:19:57,220 - INFO -  531462 440983 1665.35280   73  359 6.0000e+10 1531.82000   100%  55.6  500s
2025-02-23 07:20:02,421 - INFO -  542468 450880 1621.53313   59  342 6.0000e+10 1531.91227   100%  55.5  505s
2025-02-23 07:20:07,696 - INFO -  550046 457319 1582.58066   40  333 6.0000e+10 1531.95933   100%  55.6  510s
2025-02-23 07:20:10,395 - INFO - H550973 457327                    5.999999e+10 1531.95933   100%  55.7  513s
2025-02-23 07:20:12,197 - INFO -  553507 460646 1562.18634   38  343 6.0000e+10 1531.98214   100%  55.6  515s
2025-02-23 07:20:17,304 - INFO -  564740 470910 2.7809e+10  160  337 6.0000e+10 1532.07388   100%  55.5  520s
2025-02-23 07:20:22,183 - INFO -  574158 478540 5.1992e+10  102  312 6.0000e+10 1532.14564   100%  55.5  525s
2025-02-23 07:20:27,415 - INFO -  580034 483983 3.2335e+10  172  302 6.0000e+10 1532.19768   100%  55.4  530s
2025-02-23 07:20:32,216 - INFO -  589573 492254 1577.95077   44  343 6.0000e+10 1532.26428   100%  55.4  535s
2025-02-23 07:20:37,467 - INFO -  594085 496462 1575.88847   47  338 6.0000e+10 1532.29715   100%  55.3  540s
2025-02-23 07:20:42,201 - INFO -  604753 505913 2.8281e+10  147  323 6.0000e+10 1532.38417   100%  55.2  545s
2025-02-23 07:20:51,695 - INFO -  610663 517141 1556.92073   37  355 6.0000e+10 1532.42725   100%  55.2  554s
2025-02-23 07:20:57,291 - INFO -  618671 517149 1.4448e+10   83  328 6.0000e+10 1532.46865   100%  55.2  560s
2025-02-23 07:21:02,828 - INFO -  623540 521278 1.0000e+10   69  313 6.0000e+10 1532.50277   100%  55.2  565s
2025-02-23 07:21:07,217 - INFO -  630511 528255 1670.87028   60  302 6.0000e+10 1532.55004   100%  55.1  570s
2025-02-23 07:21:12,702 - INFO -  640090 537278 6.8844e+09  121  314 6.0000e+10 1532.62339   100%  55.1  575s
2025-02-23 07:21:17,441 - INFO -  650436 546140 5.4025e+10  162  291 6.0000e+10 1532.68372   100%  54.9  580s
2025-02-23 07:21:22,199 - INFO -  654343 549769 1553.78723   51  324 6.0000e+10 1532.70642   100%  54.9  585s
2025-02-23 07:21:27,537 - INFO -  665166 559410 1715.81650   66  336 6.0000e+10 1532.75990   100%  54.8  590s
2025-02-23 07:21:32,790 - INFO -  669991 562896 4.5480e+10  139  323 6.0000e+10 1532.77557   100%  54.7  595s
2025-02-23 07:21:37,247 - INFO -  670054 570077 3.8622e+10  139  313 6.0000e+10 1532.79548   100%  54.7  600s
2025-02-23 07:21:42,405 - INFO -  685438 577983 1592.38201   42  321 6.0000e+10 1532.89298   100%  54.7  605s
2025-02-23 07:21:47,137 - INFO -  695762 586586 1690.40452   63  335 6.0000e+10 1532.98326   100%  54.6  610s
2025-02-23 07:21:52,463 - INFO -  699559 590390 1585.72570   60  338 6.0000e+10 1533.00610   100%  54.6  615s
2025-02-23 07:22:02,021 - INFO -  708367 597056 1654.06234   53  312 6.0000e+10 1533.05717   100%  54.4  624s
2025-02-23 07:22:02,432 - INFO -  708435 597696 1663.12488   53  323 6.0000e+10 1533.05854   100%  54.5  625s
2025-02-23 07:22:08,127 - INFO -  716589 604319 1630.74725   66  339 6.0000e+10 1533.10385   100%  54.4  631s
2025-02-23 07:22:12,431 - INFO -  724645 612494 1.5255e+09   71  324 6.0000e+10 1533.14446   100%  54.3  635s
2025-02-23 07:22:17,380 - INFO -  734780 621164 1751.59738   60  309 6.0000e+10 1533.19611   100%  54.3  640s
2025-02-23 07:22:22,428 - INFO -  737696 623214 1.0212e+10   63  314 6.0000e+10 1533.21528   100%  54.3  645s
2025-02-23 07:22:27,476 - INFO -  748377 633227 1613.37124   62  333 6.0000e+10 1533.26001   100%  54.2  650s
2025-02-23 07:22:32,414 - INFO -  759615 643022 1.1205e+10   59  309 6.0000e+10 1533.32875   100%  54.1  655s
2025-02-23 07:22:37,191 - INFO -  764634 647662 1577.00434   56  333 6.0000e+10 1533.36565   100%  54.1  660s
2025-02-23 07:22:42,308 - INFO -  774516 656380 1593.72585   45  343 6.0000e+10 1533.43268   100%  54.1  665s
2025-02-23 07:22:47,180 - INFO -  779874 661134 1600.05042   64  327 6.0000e+10 1533.45464   100%  54.0  670s
2025-02-23 07:22:52,145 - INFO -  788646 669403 1580.42138   63  339 6.0000e+10 1533.51448   100%  54.1  675s
2025-02-23 07:38:20,650 - INFO -  794882 674477 1.1968e+10  141  314 6.0000e+10 1533.53902   100%  54.0 1603s
2025-02-23 07:38:25,628 - INFO -  798111 676438 1553.41379   47  335 6.0000e+10 1533.56197   100%  54.0 1608s
2025-02-23 07:38:27,365 - INFO -  801087 680031 1548.85041   39  352 6.0000e+10 1533.56874   100%  53.9 1610s
2025-02-23 07:38:32,469 - INFO -  812091 689312 1.2671e+10  111  320 6.0000e+10 1533.62808   100%  53.9 1615s
2025-02-23 07:38:37,115 - INFO -  821975 698323 1.0000e+10   72  327 6.0000e+10 1533.67973   100%  53.8 1620s
2025-02-23 07:38:44,371 - INFO -  823899 699093 1.7971e+10  122  305 6.0000e+10 1533.69696   100%  53.9 1627s
2025-02-23 07:38:47,326 - INFO -  823915 699901 1.8033e+10  123  304 6.0000e+10 1533.70002   100%  53.9 1630s
2025-02-23 07:38:52,175 - INFO -  833296 708876 2.3463e+10   87  320 6.0000e+10 1533.74779   100%  53.8 1635s
2025-02-23 07:38:59,439 - INFO -  842504 715572 1587.97041   54  348 6.0000e+10 1533.79852   100%  53.8 1642s
2025-02-23 07:39:02,356 - INFO -  846097 719801 1554.50839   47  345 6.0000e+10 1533.81883   100%  53.8 1645s
2025-02-23 07:54:31,229 - INFO -  851841 724916 4.3224e+10  158  304 6.0000e+10 1533.83831   100%  53.8 2574s
2025-02-23 07:54:32,255 - INFO -  853760 726406 1556.52706   50  330 6.0000e+10 1533.84610   100%  53.7 2575s
2025-02-23 07:54:37,619 - INFO -  863227 735406 1587.92744   53  354 6.0000e+10 1533.90428   100%  53.7 2580s
2025-02-23 07:54:42,221 - INFO -  870554 740617 1668.81450   63  319 6.0000e+10 1533.93232   100%  53.6 2585s
2025-02-23 07:54:47,445 - INFO -  880601 750562 3.8962e+10  186  310 6.0000e+10 1533.99978   100%  53.6 2590s
2025-02-23 07:54:52,345 - INFO -  892317 760793 1707.34180   66  315 6.0000e+10 1534.07699   100%  53.5 2595s
2025-02-23 07:54:57,251 - INFO -  897066 765040 1561.51278   48  336 6.0000e+10 1534.09687   100%  53.5 2600s
2025-02-23 07:55:02,464 - INFO -  908455 775529 6.3471e+09   93  304 6.0000e+10 1534.17390   100%  53.5 2605s
2025-02-23 07:55:07,829 - INFO -  915993 781030 3.0358e+10  146  325 6.0000e+10 1534.19406   100%  53.4 2610s
2025-02-23 07:55:12,092 - INFO -  923141 788670 4.6482e+09   85  329 6.0000e+10 1534.23693   100%  53.4 2615s
2025-02-23 08:10:16,170 - INFO -  931133 794894 3.5629e+10   66  279 6.0000e+10 1534.26816   100%  53.4 3519s
2025-02-23 08:10:17,310 - INFO -  932954 797066 1587.21806   51  337 6.0000e+10 1534.27301   100%  53.4 3520s
2025-02-23 08:10:24,903 - INFO -  942246 804223 3.1743e+10  190  319 6.0000e+10 1534.31119   100%  53.3 3527s
2025-02-23 08:10:27,448 - INFO -  946917 809399 1659.60304   52  345 6.0000e+10 1534.33504   100%  53.3 3530s
2025-02-23 08:10:32,162 - INFO -  958131 819069 1580.35334   53  344 6.0000e+10 1534.37857   100%  53.2 3535s
2025-02-23 08:10:37,329 - INFO -  969856 829621 3.1676e+08   59  325 6.0000e+10 1534.43798   100%  53.2 3540s
2025-02-23 08:10:42,320 - INFO -  974952 834078 5.4706e+09  110  348 6.0000e+10 1534.45927   100%  53.2 3545s
2025-02-23 08:10:47,233 - INFO -  986149 843667 1664.97788   49  318 6.0000e+10 1534.50074   100%  53.1 3550s
2025-02-23 08:10:52,470 - INFO -  988469 845112 1706.15047   57  331 6.0000e+10 1534.50890   100%  53.1 3555s
2025-02-23 08:26:22,711 - INFO -  996678 853237 1619.95928   43  313 6.0000e+10 1534.54649   100%  53.1 4485s
2025-02-23 08:26:27,394 - INFO -  1001480 857313 1546.78385   34  357 6.0000e+10 1534.56466   100%  53.1 4490s
2025-02-23 08:26:32,499 - INFO -  1011717 866357 1599.96060   36  324 6.0000e+10 1534.60778   100%  53.1 4495s
2025-02-23 08:26:37,302 - INFO -  1018402 872686 3.2302e+10  132  320 6.0000e+10 1534.63878   100%  53.1 4500s
2025-02-23 08:26:42,376 - INFO -  1030104 882861 2.2500e+10  123  324 6.0000e+10 1534.68604   100%  53.1 4505s
2025-02-23 08:26:47,328 - INFO -  1035207 887613 1728.46507   81  316 6.0000e+10 1534.71359   100%  53.1 4510s
2025-02-23 08:26:52,252 - INFO -  1045920 896706 1544.17912   34  337 6.0000e+10 1534.75152   100%  53.1 4515s
2025-02-23 08:26:59,475 - INFO -  1057450 906017 1596.29539   52  336 6.0000e+10 1534.80227   100%  53.0 4522s
2025-02-23 08:42:10,562 - INFO -  1058260 906875 3.2842e+10  144  314 6.0000e+10 1534.80227   100%  53.0 5433s
2025-02-23 08:42:13,754 - INFO -  1058394 914077 2.7653e+10  146  309 6.0000e+10 1534.80459   100%  53.0 5436s
2025-02-23 08:42:17,537 - INFO -  1073327 921544 1803.98066   70  312 6.0000e+10 1534.86721   100%  52.9 5440s
2025-02-23 08:42:22,460 - INFO -  1077716 924924 8.1441e+08   67  349 6.0000e+10 1534.89152   100%  52.9 5445s
2025-02-23 08:42:27,231 - INFO -  1087803 934373 1716.97744   85  314 6.0000e+10 1534.93295   100%  52.9 5450s
2025-02-23 08:42:32,236 - INFO -  1099913 944546 1581.99516   57  341 6.0000e+10 1534.97834   100%  52.9 5455s
2025-02-23 08:42:38,135 - INFO -  1108535 951326 1.1813e+10   72  307 6.0000e+10 1535.01674   100%  52.8 5461s
2025-02-23 08:42:42,283 - INFO -  1116482 959109 1620.38375   58  345 6.0000e+10 1535.04960   100%  52.8 5465s
2025-02-23 08:46:50,525 - INFO -  1123396 964714 2.8059e+10  107  316 6.0000e+10 1535.10489   100%  52.9 5713s
2025-02-23 08:46:52,615 - INFO -  1127106 968655 3.1339e+10  130  320 6.0000e+10 1535.12535   100%  52.9 5715s
2025-02-23 09:02:24,423 - INFO -  1134522 974400 1557.28844   42  341 6.0000e+10 1535.15802   100%  52.9 6647s
2025-02-23 09:02:27,208 - INFO -  1139762 979401 1655.41726   66  343 6.0000e+10 1535.17745   100%  52.9 6650s
2025-02-23 09:02:33,606 - INFO -  1140781 979409 1771.73346   68  305 6.0000e+10 1535.18834   100%  52.9 6656s
2025-02-23 09:02:39,305 - INFO -  1145635 983739 1.0422e+08   85  312 6.0000e+10 1535.19669   100%  52.9 6662s
2025-02-23 09:02:42,166 - INFO -  1151614 990019 2.2254e+10  125  325 6.0000e+10 1535.23808   100%  52.9 6665s
2025-02-23 09:02:47,481 - INFO -  1163335 1000721 5.5110e+08   79  330 6.0000e+10 1535.28635   100%  52.8 6670s
2025-02-23 09:02:53,580 - INFO -  1174215 1009067 1539.33192   33  361 6.0000e+10 1535.31504   100%  52.8 6676s
2025-02-23 09:02:57,552 - INFO -  1181741 1016533 1.0558e+09   93  334 6.0000e+10 1535.34780   100%  52.8 6680s
2025-02-23 09:03:02,211 - INFO -  1190800 1024922 1546.53803   37  345 6.0000e+10 1535.38151   100%  52.7 6685s
2025-02-23 09:18:30,456 - INFO -  1195336 1027763 2.6409e+09  104  309 6.0000e+10 1535.39781   100%  52.8 7613s
2025-02-23 09:18:30,460 - INFO - 
2025-02-23 09:18:30,460 - INFO - Cutting planes:
2025-02-23 09:18:30,461 - INFO -   Gomory: 25
2025-02-23 09:18:30,461 - INFO -   Clique: 17
2025-02-23 09:18:30,462 - INFO -   Flow cover: 1
2025-02-23 09:18:30,462 - INFO -   Zero half: 6
2025-02-23 09:18:30,465 - INFO - 
2025-02-23 09:18:30,465 - INFO - Explored 1195344 nodes (63094415 simplex iterations) in 7613.39 seconds (2480.81 work units)
2025-02-23 09:18:30,465 - INFO - Thread count was 8 (of 8 available processors)
2025-02-23 09:18:30,466 - INFO - 
2025-02-23 09:18:30,466 - INFO - Solution count 10: 6e+10 6e+10 6e+10 ... 1e+11
2025-02-23 09:18:30,467 - INFO - 
2025-02-23 09:18:30,467 - INFO - Time limit reached
2025-02-23 09:18:30,468 - INFO - Best objective 6.000000178200e+10, best bound 1.535397807658e+03, gap 100.0000%
