2025-02-16 11:48:21,248 - INFO - 	count	z_opt	time_spp	time_lp	time_total	ncols	nrows	time_spp_low_res	n_cols_low_res
2025-02-16 11:48:33,891 - INFO - 	1	3120000000006.0	0	0.00021505355834960938	12.642324924468994	323	573	0	0
2025-02-16 11:48:46,606 - INFO - 	2	3120000000006.0	0	0.0003838539123535156	25.356904983520508	326	573	0	0
2025-02-16 11:48:59,346 - INFO - 	3	3050000000008.0	0	0.0006730556488037109	38.09768486022949	329	573	0	0
2025-02-16 11:49:11,644 - INFO - 	4	2980000000016.0	0	0.0009701251983642578	50.395121812820435	332	573	0	0
2025-02-16 11:49:23,776 - INFO - 	5	2840000000038.0	0	0.001142263412475586	62.52699398994446	335	573	0	0
2025-02-16 11:49:36,056 - INFO - 	6	2840000000038.0	0	0.0013341903686523438	74.80642890930176	338	573	0	0
2025-02-16 11:49:47,887 - INFO - 	7	2815000000044.5	0	0.0016453266143798828	86.63802671432495	341	573	0	0
2025-02-16 11:49:59,945 - INFO - 	8	2803333333376.3325	0	0.001993417739868164	98.69576287269592	344	573	0	0
2025-02-16 11:50:11,963 - INFO - 	9	2785000000045.5	0	0.0023283958435058594	110.71360802650452	347	573	0	0
2025-02-16 11:50:24,106 - INFO - 	10	2670000000059.0	0	0.002642393112182617	122.8562159538269	350	573	0	0
2025-02-16 11:50:36,308 - INFO - 	11	2670000000059.0	0	0.0029451847076416016	135.05862379074097	353	573	0	0
2025-02-16 11:50:48,201 - INFO - 	12	2670000000059.0	0	0.0032651424407958984	146.95177960395813	356	573	0	0
2025-02-16 11:51:01,521 - INFO - 	13	2670000000059.0	0	0.0036733150482177734	160.27131175994873	359	573	0	0
2025-02-16 11:51:13,532 - INFO - 	14	2665000000060.0	0	0.004018068313598633	172.28116178512573	362	573	0	0
2025-02-16 11:51:25,001 - INFO - 	15	2665000000060.0	0	0.004381895065307617	183.74980664253235	365	573	0	0
2025-02-16 11:51:36,498 - INFO - 	16	2620000000073.0	0	0.0047550201416015625	195.2466356754303	368	573	0	0
2025-02-16 11:51:47,854 - INFO - 	17	2620000000069.5	0	0.0051441192626953125	206.60299968719482	371	573	0	0
2025-02-16 11:51:58,865 - INFO - 	18	2620000000069.5	0	0.0055081844329833984	217.61315751075745	374	573	0	0
2025-02-16 11:52:09,817 - INFO - 	19	2570000000079.0	0	0.005856990814208984	228.56532335281372	377	573	0	0
2025-02-16 11:52:20,851 - INFO - 	20	2570000000079.0	0	0.006181001663208008	239.5993583202362	380	573	0	0
2025-02-16 11:52:31,867 - INFO - 	21	2570000000079.0	0	0.006562948226928711	250.61533546447754	383	573	0	0
2025-02-16 11:52:43,601 - INFO - 	22	2556666666755.001	0	0.006927013397216797	262.3493707180023	386	573	0	0
2025-02-16 11:52:54,391 - INFO - 	23	2460000000099.0	0	0.007266998291015625	273.1388988494873	389	573	0	0
2025-02-16 11:53:05,174 - INFO - 	24	2460000000099.0	0	0.00758814811706543	283.92239594459534	392	573	0	0
2025-02-16 11:53:16,540 - INFO - 	25	2440000000104.335	0	0.008074045181274414	295.28805112838745	395	573	0	0
2025-02-16 11:53:27,234 - INFO - 	26	2430000000113.0	0	0.008541107177734375	305.9810872077942	398	573	0	0
2025-02-16 11:53:38,387 - INFO - 	27	2417142857254.4287	0	0.009083986282348633	317.13372111320496	401	573	0	0
2025-02-16 11:53:48,527 - INFO - 	28	2365000000125.25	0	0.009670019149780273	327.2739713191986	404	573	0	0
2025-02-16 11:53:59,091 - INFO - 	29	2365000000125.25	0	0.01002812385559082	337.8377525806427	407	573	0	0
2025-02-16 11:54:09,516 - INFO - 	30	2330000000125.0	0	0.010451078414916992	348.2622745037079	410	573	0	0
2025-02-16 11:54:19,797 - INFO - 	31	2295000000133.75	0	0.011038780212402344	358.5412485599518	413	573	0	0
2025-02-16 11:54:30,539 - INFO - 	32	2275000000132.0	0	0.011565923690795898	369.2831835746765	416	573	0	0
2025-02-16 11:54:41,416 - INFO - 	33	2240000000145.0	0	0.012202978134155273	380.1598517894745	419	573	0	0
2025-02-16 11:54:51,519 - INFO - 	34	2193333333488.6667	0	0.012681961059570312	390.2626488208771	422	573	0	0
2025-02-16 11:55:01,161 - INFO - 	35	2166666666825.3333	0	0.013190984725952148	399.9039168357849	425	573	0	0
2025-02-16 11:55:11,657 - INFO - 	36	2166666666825.3333	0	0.013965129852294922	410.4000256061554	428	573	0	0
2025-02-16 12:11:27,020 - INFO - 	37	2155000000160.25	0	0.014538049697875977	1385.7627704143524	431	573	0	0
2025-02-16 12:11:36,926 - INFO - 	38	2142500000162.25	0	0.014963865280151367	1395.6683175563812	434	573	0	0
2025-02-16 12:11:46,795 - INFO - 	39	2135000000162.25	0	0.01566791534423828	1405.5370016098022	437	573	0	0
2025-02-16 12:11:57,625 - INFO - 	40	2095000000168.5	0	0.016446828842163086	1416.366536617279	440	573	0	0
2025-02-16 12:12:07,859 - INFO - 	41	2082500000173.0	0	0.01708078384399414	1426.6001965999603	443	573	0	0
2025-02-16 12:26:34,461 - INFO - 	42	2082000000172.1997	0	0.017664670944213867	2293.202478647232	446	573	0	0
2025-02-16 12:26:44,451 - INFO - 	43	2070000000175.5	0	0.018523693084716797	2303.1914722919464	449	573	0	0
2025-02-16 12:26:54,344 - INFO - 	44	2045000000180.0	0	0.01904463768005371	2313.084188222885	452	573	0	0
2025-02-16 12:27:04,182 - INFO - 	45	2040000000180.6667	0	0.01995062828063965	2322.92226934433	455	573	0	0
2025-02-16 12:28:12,471 - INFO - 	46	2023333333516.3335	0	0.02065563201904297	2391.210736513138	458	573	0	0
2025-02-16 12:28:22,759 - INFO - 	47	2021764706066.7058	0	0.02157449722290039	2401.498597383499	461	573	0	0
2025-02-16 12:28:34,469 - INFO - 	48	1997500000192.25	0	0.02313518524169922	2413.208409309387	464	573	0	0
2025-02-16 12:28:44,954 - INFO - 	49	1986666666865.5908	0	0.024541139602661133	2423.69393157959	467	573	0	0
2025-02-16 12:28:56,663 - INFO - 	50	1986500000198.8503	0	0.025179147720336914	2435.402353286743	470	573	0	0
2025-02-16 12:29:08,399 - INFO - 	51	1960714285924.571	0	0.026253938674926758	2447.138714313507	473	573	0	0
2025-02-16 12:29:18,887 - INFO - 	52	1923333333547.0833	0	0.02690577507019043	2457.625906229019	476	573	0	0
2025-02-16 12:29:28,901 - INFO - 	53	1900000000225.0	0	0.027673959732055664	2467.6406321525574	479	573	0	0
2025-02-16 12:29:38,342 - INFO - 	54	1850000000227.0	0	0.027924060821533203	2477.080867290497	482	573	0	0
2025-02-16 12:29:47,714 - INFO - 	55	1850000000227.0	0	0.02849292755126953	2486.4531779289246	485	573	0	0
2025-02-16 12:29:57,365 - INFO - 	56	1850000000227.0	0	0.0293581485748291	2496.103899002075	488	573	0	0
2025-02-16 12:30:07,125 - INFO - 	57	1841538461773.5376	0	0.030410051345825195	2505.8633711338043	491	573	0	0
2025-02-16 12:30:17,200 - INFO - 	58	1790000000247.0	0	0.03135108947753906	2515.9382934570312	494	573	0	0
2025-02-16 12:30:26,872 - INFO - 	59	1785000000248.75	0	0.03256487846374512	2525.610670566559	497	573	0	0
2025-02-16 12:30:38,134 - INFO - 	60	1784800000251.7598	0	0.03374671936035156	2536.8721725940704	500	573	0	0
2025-02-16 12:30:48,857 - INFO - 	61	1784800000250.9597	0	0.034773826599121094	2547.595647573471	503	573	0	0
2025-02-16 12:30:59,366 - INFO - 	62	1784285714535.5713	0	0.03590798377990723	2558.1043202877045	506	573	0	0
2025-02-16 12:31:09,981 - INFO - 	63	1781428571678.9993	0	0.036834001541137695	2568.7189881801605	509	573	0	0
2025-02-16 12:31:20,256 - INFO - 	64	1761250000263.125	0	0.038542985916137695	2578.9943721294403	512	573	0	0
2025-02-16 12:31:30,367 - INFO - 	65	1738571428843.999	0	0.03922271728515625	2589.1050913333893	515	573	0	0
2025-02-16 12:31:40,279 - INFO - 	66	1731666666940.7512	0	0.040033817291259766	2599.0167071819305	518	573	0	0
2025-02-16 12:31:50,984 - INFO - 	67	1727437722695.555	0	0.041185855865478516	2609.7218000888824	521	573	0	0
2025-02-16 12:32:00,300 - INFO - 	68	1701666666958.8337	0	0.042677879333496094	2619.037910223007	524	573	0	0
2025-02-16 12:32:09,464 - INFO - 	69	1692142857433.9993	0	0.04546689987182617	2628.201377391815	527	573	0	0
2025-02-16 12:32:19,139 - INFO - 	70	1684166666961.7505	0	0.04662299156188965	2637.875949382782	530	573	0	0
2025-02-16 12:32:28,749 - INFO - 	71	1684166666961.7498	0	0.04765009880065918	2647.486442565918	533	573	0	0
2025-02-16 12:32:38,425 - INFO - 	72	1682978723700.4888	0	0.04941225051879883	2657.1621236801147	536	573	0	0
2025-02-16 12:32:48,238 - INFO - 	73	1682978723700.4888	0	0.05043530464172363	2666.9748475551605	539	573	0	0
2025-02-16 12:32:58,091 - INFO - 	74	1669333333646.3333	0	0.05191922187805176	2676.8275904655457	542	573	0	0
2025-02-16 12:33:07,303 - INFO - 	75	1628000000318.5706	0	0.0531160831451416	2686.03951048851	545	573	0	0
2025-02-16 12:33:17,456 - INFO - 	76	1611481481804.0542	0	0.054534196853637695	2696.192795276642	548	573	0	0
2025-02-16 12:33:26,850 - INFO - 	77	1609000000325.6995	0	0.05668187141418457	2705.5863301754	551	573	0	0
2025-02-16 12:33:36,506 - INFO - 	78	1600000000335.5007	0	0.058023929595947266	2715.2429242134094	554	573	0	0
2025-02-16 12:33:46,183 - INFO - 	79	1561000000341.0994	0	0.05964994430541992	2724.919721364975	557	573	0	0
2025-02-16 12:33:54,790 - INFO - 	80	1557000000341.199	0	0.06254792213439941	2733.525098323822	560	573	0	0
2025-02-16 12:34:03,901 - INFO - 	81	1546441718139.926	0	0.06561779975891113	2742.636777162552	563	573	0	0
2025-02-16 12:34:13,103 - INFO - 	82	1545714286064.6736	0	0.06969881057739258	2751.838657140732	566	573	0	0
2025-02-16 12:34:22,719 - INFO - 	83	1544625850693.443	0	0.0707399845123291	2761.4539840221405	569	573	0	0
2025-02-16 12:34:31,920 - INFO - 	84	1525384615740.4607	0	0.07253503799438477	2770.654704093933	572	573	0	0
2025-02-16 12:34:41,505 - INFO - 	85	1521428571784.4072	0	0.07652688026428223	2780.240395307541	575	573	0	0
2025-02-16 12:34:50,225 - INFO - 	86	1501974596205.399	0	0.07970190048217773	2788.959712266922	578	573	0	0
2025-02-16 12:34:59,449 - INFO - 	87	1487611607505.2668	0	0.08125972747802734	2798.183393239975	581	573	0	0
2025-02-16 12:35:08,745 - INFO - 	88	1466666667034.143	0	0.08551764488220215	2807.480144262314	584	573	0	0
2025-02-16 12:35:18,515 - INFO - 	89	1465106383348.5752	0	0.08927273750305176	2817.2492060661316	587	573	0	0
2025-02-16 12:35:27,711 - INFO - 	90	1457267628576.9583	0	0.09336376190185547	2826.4454579353333	590	573	0	0
2025-02-16 12:35:37,158 - INFO - 	91	1454065041023.199	0	0.09615492820739746	2835.892152070999	593	573	0	0
2025-02-16 12:35:46,275 - INFO - 	92	1447302490574.362	0	0.10019397735595703	2845.0096530914307	596	573	0	0
2025-02-16 12:35:55,661 - INFO - 	93	1432173913420.4473	0	0.10360479354858398	2854.395693063736	599	573	0	0
2025-02-16 12:36:04,941 - INFO - 	94	1404380952760.685	0	0.10673761367797852	2863.674655199051	602	573	0	0
2025-02-16 12:36:13,753 - INFO - 	95	1392162162543.7432	0	0.11247372627258301	2872.486084461212	605	573	0	0
2025-02-16 12:36:22,404 - INFO - 	96	1390642202213.459	0	0.11774277687072754	2881.136822462082	608	573	0	0
2025-02-16 12:36:31,148 - INFO - 	97	1382978723788.7444	0	0.12259578704833984	2889.8815603256226	611	573	0	0
2025-02-16 12:36:40,003 - INFO - 	98	1365869483606.8628	0	0.1268467903137207	2898.7363171577454	614	573	0	0
2025-02-16 12:36:48,525 - INFO - 	99	1365312500395.5625	0	0.13045191764831543	2907.258441925049	617	573	0	0
2025-02-16 12:36:57,480 - INFO - 	100	1356957001498.9272	0	0.13222885131835938	2916.2123486995697	620	573	0	0
2025-02-16 12:37:06,433 - INFO - 	101	1337021277008.3755	0	0.13573670387268066	2925.1646313667297	623	573	0	0
2025-02-16 12:37:16,115 - INFO - 	102	1328410338926.309	0	0.14062166213989258	2934.8471205234528	626	573	0	0
2025-02-16 12:37:24,702 - INFO - 	103	1318566879394.1147	0	0.14555883407592773	2943.4337525367737	629	573	0	0
2025-02-16 12:37:33,707 - INFO - 	104	1313012156527.5513	0	0.15058588981628418	2952.4386875629425	632	573	0	0
2025-02-16 12:37:42,865 - INFO - 	105	1297320359701.7585	0	0.1573338508605957	2961.596240758896	635	573	0	0
2025-02-16 12:37:52,701 - INFO - 	106	1266696095502.35	0	0.16135907173156738	2971.432937860489	638	573	0	0
2025-02-16 12:38:03,202 - INFO - 	107	1249755800194.667	0	0.16704297065734863	2981.9332637786865	641	573	0	0
2025-02-16 12:38:13,254 - INFO - 	108	1247208498461.6787	0	0.17279505729675293	2991.9855167865753	644	573	0	0
2025-02-16 12:38:22,727 - INFO - 	109	1244287631844.6167	0	0.18188929557800293	3001.458572626114	647	573	0	0
2025-02-16 12:38:31,940 - INFO - 	110	1223969957539.065	0	0.18727517127990723	3010.6714885234833	650	573	0	0
2025-02-16 12:38:40,663 - INFO - 	111	1219746485331.4067	0	0.19520211219787598	3019.394307613373	653	573	0	0
2025-02-16 12:38:49,481 - INFO - 	112	1213346939234.1892	0	0.20281600952148438	3028.211927652359	656	573	0	0
2025-02-16 12:38:58,131 - INFO - 	113	1200934124115.2708	0	0.21024107933044434	3036.861088514328	659	573	0	0
2025-02-16 12:44:14,645 - INFO - 	114	1199422719276.1125	0	0.2192368507385254	3353.375289440155	662	573	0	0
2025-02-16 12:44:23,213 - INFO - 	115	1186390859418.2214	0	0.22350287437438965	3361.942504644394	665	573	0	0
2025-02-16 12:44:31,198 - INFO - 	116	1166397543273.2568	0	0.23439598083496094	3369.9281265735626	668	573	0	0
2025-02-16 12:44:40,503 - INFO - 	117	1166397543273.257	0	0.24028587341308594	3379.2321977615356	671	573	0	0
2025-02-16 12:44:49,802 - INFO - 	118	1159448402325.0735	0	0.24839496612548828	3388.53107047081	674	573	0	0
2025-02-16 13:01:04,589 - INFO - 	119	1151131791243.0088	0	0.2547421455383301	4363.318610668182	677	573	0	0
2025-02-16 13:01:14,406 - INFO - 	120	1141687504402.883	0	0.2637519836425781	4373.134170532227	680	573	0	0
2025-02-16 13:01:22,826 - INFO - 	121	1138986130611.0635	0	0.27103590965270996	4381.554452419281	683	573	0	0
2025-02-16 13:01:31,936 - INFO - 	122	1124835863654.498	0	0.28037190437316895	4390.664122343063	686	573	0	0
2025-02-16 13:01:41,157 - INFO - 	123	1118177558839.4194	0	0.2893178462982178	4399.884808063507	689	573	0	0
2025-02-16 13:01:49,534 - INFO - 	124	1117454474115.8174	0	0.29833078384399414	4408.261920213699	692	573	0	0
2025-02-16 13:01:58,220 - INFO - 	125	1111897665225.6223	0	0.30583691596984863	4416.947681427002	695	573	0	0
2025-02-16 13:02:08,461 - INFO - 	126	1110324786847.8008	0	0.31282997131347656	4427.189336299896	698	573	0	0
2025-02-16 13:02:17,076 - INFO - 	127	1108802550348.1624	0	0.31946492195129395	4435.804121255875	701	573	0	0
2025-02-16 13:02:25,840 - INFO - 	128	1084061238571.782	0	0.32613182067871094	4444.568092346191	704	573	0	0
2025-02-16 13:02:33,383 - INFO - 	129	1073472165487.9993	0	0.3340907096862793	4452.110577344894	707	573	0	0
2025-02-16 13:02:40,959 - INFO - 	130	1067560661360.1193	0	0.33920764923095703	4459.6868052482605	710	573	0	0
2025-02-16 13:02:48,576 - INFO - 	131	1062352030599.6489	0	0.3491694927215576	4467.303956270218	713	573	0	0
2025-02-16 13:02:56,662 - INFO - 	132	1058296056923.0319	0	0.36022257804870605	4475.38903427124	716	573	0	0
2025-02-16 13:03:04,766 - INFO - 	133	1050776139064.6187	0	0.37050461769104004	4483.4933223724365	719	573	0	0
2025-02-16 13:03:12,358 - INFO - 	134	1041004659387.7637	0	0.38604259490966797	4491.084832429886	722	573	0	0
2025-02-16 13:03:20,357 - INFO - 	135	1032113354665.0654	0	0.39757871627807617	4499.083973407745	725	573	0	0
2025-02-16 13:03:28,557 - INFO - 	136	1022528021838.8944	0	0.4084756374359131	4507.284457206726	728	573	0	0
2025-02-16 13:03:36,423 - INFO - 	137	1013589106846.8264	0	0.416090726852417	4515.149791240692	731	573	0	0
2025-02-16 13:03:44,409 - INFO - 	138	1003629630206.6216	0	0.4273676872253418	4523.136261224747	734	573	0	0
2025-02-16 13:03:52,183 - INFO - 	139	987464399322.5554	0	0.4372258186340332	4530.910118103027	737	573	0	0
2025-02-16 13:04:01,738 - INFO - 	140	979795390394.7692	0	0.4533417224884033	4540.464285135269	740	573	0	0
2025-02-16 13:04:09,715 - INFO - 	141	973972641193.7146	0	0.45583271980285645	4548.441081047058	743	573	0	0
2025-02-16 13:04:17,805 - INFO - 	142	972601669612.2745	0	0.46822571754455566	4556.531773805618	746	573	0	0
2025-02-16 13:04:26,438 - INFO - 	143	969129408079.3566	0	0.4760096073150635	4565.164742946625	749	573	0	0
2025-02-16 13:04:35,285 - INFO - 	144	967027646919.3223	0	0.48714756965637207	4574.011697053909	752	573	0	0
2025-02-16 13:04:43,828 - INFO - 	145	954186578480.3511	0	0.49360036849975586	4582.554348230362	755	573	0	0
2025-02-16 13:04:53,206 - INFO - 	146	943750769641.5626	0	0.4993143081665039	4591.932062387466	758	573	0	0
2025-02-16 13:05:01,339 - INFO - 	147	930234546895.0481	0	0.5166661739349365	4600.06504034996	761	573	0	0
2025-02-16 13:05:08,999 - INFO - 	148	925356966555.7274	0	0.5273683071136475	4607.724583387375	764	573	0	0
2025-02-16 13:05:16,533 - INFO - 	149	915722801420.9744	0	0.5385401248931885	4615.259103536606	767	573	0	0
2025-02-16 13:05:24,498 - INFO - 	150	906851896730.7787	0	0.5537071228027344	4623.223286151886	770	573	0	0
2025-02-16 13:05:34,124 - INFO - 	151	897818483229.1941	0	0.5677390098571777	4632.849112272263	773	573	0	0
2025-02-16 13:05:42,063 - INFO - 	152	896830763842.5262	0	0.5805840492248535	4640.78826212883	776	573	0	0
2025-02-16 13:05:49,835 - INFO - 	153	888449359488.2206	0	0.587759256362915	4648.5600690841675	779	573	0	0
2025-02-16 13:05:58,871 - INFO - 	154	885605073390.2179	0	0.5911223888397217	4657.596218109131	782	573	0	0
2025-02-16 13:06:07,341 - INFO - 	155	883877428200.0426	0	0.5982491970062256	4666.065778255463	785	573	0	0
2025-02-16 13:06:15,358 - INFO - 	156	881461322453.9089	0	0.6130740642547607	4674.083379030228	788	573	0	0
2025-02-16 13:06:23,913 - INFO - 	157	880142916544.4001	0	0.6301770210266113	4682.63755106926	791	573	0	0
2025-02-16 13:06:31,581 - INFO - 	158	871605646261.1139	0	0.6421370506286621	4690.305902957916	794	573	0	0
2025-02-16 13:06:39,515 - INFO - 	159	866453461890.9392	0	0.6588599681854248	4698.239989757538	797	573	0	0
2025-02-16 13:06:48,524 - INFO - 	160	859311187053.2467	0	0.6737649440765381	4707.249191522598	800	573	0	0
2025-02-16 13:06:57,201 - INFO - 	161	851566806938.857	0	0.6867847442626953	4715.926016569138	803	573	0	0
2025-02-16 13:07:06,925 - INFO - 	162	838340453695.426	0	0.7006518840789795	4725.649345636368	806	573	0	0
2025-02-16 13:07:14,356 - INFO - 	163	831504581035.7089	0	0.706078052520752	4733.08039855957	809	573	0	0
2025-02-16 13:07:21,601 - INFO - 	164	826441677286.5502	0	0.7223529815673828	4740.325129747391	812	573	0	0
2025-02-16 13:07:29,526 - INFO - 	165	815482585420.5588	0	0.7337100505828857	4748.250616550446	815	573	0	0
2025-02-16 13:07:38,227 - INFO - 	166	812252445075.4481	0	0.745103120803833	4756.950759410858	818	573	0	0
2025-02-16 13:07:46,528 - INFO - 	167	802643106865.5868	0	0.7630457878112793	4765.251604557037	821	573	0	0
2025-02-16 13:07:53,991 - INFO - 	168	787608151987.938	0	0.7722897529602051	4772.714755773544	824	573	0	0
2025-02-16 13:08:01,979 - INFO - 	169	785430123724.6232	0	0.7854416370391846	4780.702412843704	827	573	0	0
2025-02-16 13:08:10,637 - INFO - 	170	784444547604.0338	0	0.7967288494110107	4789.361218690872	830	573	0	0
2025-02-16 13:08:20,009 - INFO - 	171	776777851582.5707	0	0.8052976131439209	4798.732431411743	833	573	0	0
2025-02-16 13:08:28,007 - INFO - 	172	772746296223.9877	0	0.8235654830932617	4806.730305433273	836	573	0	0
2025-02-16 13:08:36,399 - INFO - 	173	771810284272.8193	0	0.8417754173278809	4815.122863292694	839	573	0	0
2025-02-16 13:08:44,370 - INFO - 	174	766538457330.4673	0	0.8495204448699951	4823.093265295029	842	573	0	0
2025-02-16 13:08:52,464 - INFO - 	175	743618389234.2314	0	0.867863655090332	4831.1876673698425	845	573	0	0
2025-02-16 13:09:01,537 - INFO - 	176	739790943453.6022	0	0.8826518058776855	4840.260135650635	848	573	0	0
2025-02-16 13:09:09,749 - INFO - 	177	729347729169.5867	0	0.8953149318695068	4848.472061634064	851	573	0	0
2025-02-16 13:09:17,733 - INFO - 	178	718527853272.7865	0	0.9102740287780762	4856.456082582474	854	573	0	0
2025-02-16 13:09:27,089 - INFO - 	179	714095258408.8406	0	0.926821231842041	4865.81222653389	857	573	0	0
2025-02-16 13:09:35,155 - INFO - 	180	710800695989.5836	0	0.9435641765594482	4873.878155469894	860	573	0	0
2025-02-16 13:09:43,082 - INFO - 	181	703962182622.1141	0	0.9540200233459473	4881.804998159409	863	573	0	0
2025-02-16 13:09:50,349 - INFO - 	182	692486002794.7172	0	0.9715807437896729	4889.071819067001	866	573	0	0
2025-02-16 13:09:59,007 - INFO - 	183	692429237519.93	0	0.9829440116882324	4897.730087995529	869	573	0	0
2025-02-16 13:10:06,960 - INFO - 	184	687905245280.3773	0	0.996528148651123	4905.682967185974	872	573	0	0
2025-02-16 13:10:14,802 - INFO - 	185	681658365902.5944	0	1.0145182609558105	4913.5243372917175	875	573	0	0
2025-02-16 13:10:23,193 - INFO - 	186	676477520724.8854	0	1.0310800075531006	4921.915359258652	878	573	0	0
2025-02-16 13:10:30,579 - INFO - 	187	671153318936.4664	0	1.039093017578125	4929.3015105724335	881	573	0	0
2025-02-16 13:10:38,236 - INFO - 	188	662832261317.0334	0	1.0601222515106201	4936.958402395248	884	573	0	0
2025-02-16 13:10:46,217 - INFO - 	189	653468508377.3618	0	1.0762832164764404	4944.938881397247	887	573	0	0
2025-02-16 13:10:53,751 - INFO - 	190	649418919573.9755	0	1.0974712371826172	4952.472786426544	890	573	0	0
2025-02-16 13:11:01,653 - INFO - 	191	640480570302.4894	0	1.1169722080230713	4960.374708414078	893	573	0	0
2025-02-16 13:11:10,087 - INFO - 	192	632673502296.9071	0	1.129291296005249	4968.80836057663	896	573	0	0
2025-02-16 13:11:18,879 - INFO - 	193	620221709193.8083	0	1.1462280750274658	4977.600735664368	899	573	0	0
2025-02-16 13:11:26,088 - INFO - 	194	616704429777.587	0	1.165621280670166	4984.809129476547	902	573	0	0
2025-02-16 13:11:34,072 - INFO - 	195	613932498628.6962	0	1.171743392944336	4992.793083667755	905	573	0	0
2025-02-16 13:11:41,958 - INFO - 	196	605879999540.8632	0	1.1883244514465332	5000.679571628571	908	573	0	0
2025-02-16 13:11:50,352 - INFO - 	197	600383999586.9879	0	1.2111093997955322	5009.073016881943	911	573	0	0
2025-02-16 13:11:58,326 - INFO - 	198	597378018053.4498	0	1.2295434474945068	5017.046054601669	914	573	0	0
2025-02-16 13:12:05,629 - INFO - 	199	594595368604.8096	0	1.2451143264770508	5024.349405527115	917	573	0	0
2025-02-16 13:12:13,486 - INFO - 	200	591149588974.7861	0	1.2630484104156494	5032.2062385082245	920	573	0	0
2025-02-16 13:12:21,058 - INFO - 	201	586954065308.9236	0	1.2815685272216797	5039.778473615646	923	573	0	0
2025-02-16 13:12:28,620 - INFO - 	202	586546019433.9766	0	1.2993724346160889	5047.340601682663	926	573	0	0
2025-02-16 13:12:36,569 - INFO - 	203	582396461053.7104	0	1.3151977062225342	5055.288882732391	929	573	0	0
2025-02-16 13:12:45,167 - INFO - 	204	571472278531.5125	0	1.3343605995178223	5063.886976957321	932	573	0	0
2025-02-16 13:12:52,386 - INFO - 	205	565804471292.4972	0	1.3528025150299072	5071.105882883072	935	573	0	0
2025-02-16 13:12:59,450 - INFO - 	206	559947156675.7665	0	1.3783745765686035	5078.17000412941	938	573	0	0
2025-02-16 13:13:07,279 - INFO - 	207	557526880213.4489	0	1.3980052471160889	5085.998273134232	941	573	0	0
2025-02-16 13:13:14,215 - INFO - 	208	551951335981.6027	0	1.4224050045013428	5092.934753894806	944	573	0	0
2025-02-16 13:13:22,707 - INFO - 	209	548978014641.3452	0	1.4416580200195312	5101.426351070404	947	573	0	0
2025-02-16 13:13:30,120 - INFO - 	210	542976945925.80695	0	1.4564635753631592	5108.839343070984	950	573	0	0
2025-02-16 13:13:37,281 - INFO - 	211	540804802725.5606	0	1.4757835865020752	5116.000187158585	953	573	0	0
2025-02-16 13:13:45,840 - INFO - 	212	536615483209.46204	0	1.485504388809204	5124.559265136719	956	573	0	0
2025-02-16 13:13:53,971 - INFO - 	213	528700869907.35754	0	1.5063762664794922	5132.690428972244	959	573	0	0
2025-02-16 13:14:01,704 - INFO - 	214	523648923809.2267	0	1.5217242240905762	5140.423213005066	962	573	0	0
2025-02-16 13:14:10,579 - INFO - 	215	523355775469.93256	0	1.5340311527252197	5149.297981262207	965	573	0	0
2025-02-16 13:14:18,488 - INFO - 	216	518770607534.1749	0	1.5498783588409424	5157.20666718483	968	573	0	0
2025-02-16 13:14:25,556 - INFO - 	217	514928198667.903	0	1.570399284362793	5164.274226427078	971	573	0	0
2025-02-16 13:14:32,876 - INFO - 	218	507117988983.8446	0	1.5943794250488281	5171.594984531403	974	573	0	0
2025-02-16 13:14:41,190 - INFO - 	219	503795061326.58405	0	1.6171844005584717	5179.908539533615	977	573	0	0
2025-02-16 13:14:48,495 - INFO - 	220	498657325455.7647	0	1.6381661891937256	5187.2132523059845	980	573	0	0
2025-02-16 13:14:56,214 - INFO - 	221	492983699712.3309	0	1.659745216369629	5194.931953430176	983	573	0	0
2025-02-16 13:15:04,783 - INFO - 	222	487796176482.26996	0	1.6781511306762695	5203.500991344452	986	573	0	0
2025-02-16 13:15:12,435 - INFO - 	223	486927166387.64905	0	1.6946332454681396	5211.152428150177	989	573	0	0
2025-02-16 13:15:19,975 - INFO - 	224	482841697359.25586	0	1.7149441242218018	5218.692635297775	992	573	0	0
2025-02-16 13:15:27,620 - INFO - 	225	478601921501.3646	0	1.7415730953216553	5226.33749461174	995	573	0	0
2025-02-16 13:15:34,875 - INFO - 	226	476462632751.7352	0	1.7594659328460693	5233.592811584473	998	573	0	0
2025-02-16 13:15:42,695 - INFO - 	227	473831022664.72974	0	1.7843999862670898	5241.412100315094	1001	573	0	0
2025-02-16 13:15:50,220 - INFO - 	228	467928030550.78357	0	1.817525863647461	5248.937282323837	1004	573	0	0
2025-02-16 13:15:57,402 - INFO - 	229	458888420472.4042	0	1.8431179523468018	5256.119759559631	1007	573	0	0
2025-02-16 13:16:05,057 - INFO - 	230	458134909824.9896	0	1.8662660121917725	5263.77401137352	1010	573	0	0
2025-02-16 13:16:13,031 - INFO - 	231	449078166390.4803	0	1.8988051414489746	5271.747988462448	1013	573	0	0
2025-02-16 13:16:19,791 - INFO - 	232	444092636222.70953	0	1.916165828704834	5278.507748126984	1016	573	0	0
2025-02-16 13:16:27,083 - INFO - 	233	442713314930.29126	0	1.9440407752990723	5285.799427986145	1019	573	0	0
2025-02-16 13:16:34,069 - INFO - 	234	438849300071.1882	0	1.9669239521026611	5292.785010099411	1022	573	0	0
2025-02-16 13:16:41,202 - INFO - 	235	435654426068.5648	0	1.9813239574432373	5299.9178240299225	1025	573	0	0
2025-02-16 13:16:48,522 - INFO - 	236	424033032956.7756	0	1.995783805847168	5307.238101005554	1028	573	0	0
2025-02-16 13:16:55,608 - INFO - 	237	415665353484.62067	0	2.0262928009033203	5314.324087142944	1031	573	0	0
2025-02-16 13:17:02,358 - INFO - 	238	410612557012.70667	0	2.0468409061431885	5321.074239253998	1034	573	0	0
2025-02-16 13:17:09,430 - INFO - 	239	405097106048.2192	0	2.0705950260162354	5328.145030260086	1037	573	0	0
2025-02-16 13:17:16,650 - INFO - 	240	403889378283.584	0	2.109616756439209	5335.365340232849	1040	573	0	0
2025-02-16 13:17:23,382 - INFO - 	241	397734635535.46625	0	2.1314778327941895	5342.096966266632	1043	573	0	0
2025-02-16 13:17:31,200 - INFO - 	242	396582293981.31793	0	2.158992052078247	5349.914623498917	1046	573	0	0
2025-02-16 13:17:38,367 - INFO - 	243	394130157641.6015	0	2.1880738735198975	5357.08124423027	1049	573	0	0
2025-02-16 13:17:45,077 - INFO - 	244	391940168446.45264	0	2.212270736694336	5363.7903842926025	1052	573	0	0
2025-02-16 13:17:51,879 - INFO - 	245	389720151975.9898	0	2.240476608276367	5370.5928111076355	1055	573	0	0
2025-02-16 13:17:59,559 - INFO - 	246	389338095125.53625	0	2.261739730834961	5378.272881031036	1058	573	0	0
2025-02-16 13:18:07,007 - INFO - 	247	386808220591.0133	0	2.2858707904815674	5385.719992876053	1061	573	0	0
2025-02-16 13:18:13,587 - INFO - 	248	370713074204.83295	0	2.306382894515991	5392.29914689064	1064	573	0	0
2025-02-16 13:18:20,754 - INFO - 	249	348488948122.6939	0	2.319849729537964	5399.466197013855	1067	573	0	0
2025-02-16 13:18:28,682 - INFO - 	250	343309242451.83655	0	2.34859299659729	5407.394389152527	1070	573	0	0
2025-02-16 13:18:35,733 - INFO - 	251	332625821662.26184	0	2.382751941680908	5414.445056915283	1073	573	0	0
2025-02-16 13:18:43,003 - INFO - 	252	328574910945.72766	0	2.4062349796295166	5421.715363025665	1076	573	0	0
2025-02-16 13:18:49,631 - INFO - 	253	322076467014.73724	0	2.4330098628997803	5428.343101739883	1079	573	0	0
2025-02-16 13:18:57,219 - INFO - 	254	316827960064.061	0	2.447985887527466	5435.930908679962	1082	573	0	0
2025-02-16 13:19:04,376 - INFO - 	255	311594543270.6486	0	2.477573871612549	5443.088173866272	1085	573	0	0
2025-02-16 13:19:11,600 - INFO - 	256	307083656389.76917	0	2.5018551349639893	5450.311994552612	1088	573	0	0
2025-02-16 13:19:19,069 - INFO - 	257	306661605414.5487	0	2.530775308609009	5457.781135559082	1091	573	0	0
2025-02-16 13:19:26,661 - INFO - 	258	303874575271.0444	0	2.55680251121521	5465.372649431229	1094	573	0	0
2025-02-16 13:19:33,509 - INFO - 	259	303778013068.4128	0	2.582047462463379	5472.220925569534	1097	573	0	0
2025-02-16 13:19:40,820 - INFO - 	260	302101910916.0668	0	2.614454507827759	5479.5312242507935	1100	573	0	0
2025-02-16 13:19:48,224 - INFO - 	261	300236216729.854	0	2.6395492553710938	5486.9356055259705	1103	573	0	0
2025-02-16 13:19:54,798 - INFO - 	262	298323909002.8883	0	2.669706344604492	5493.509081840515	1106	573	0	0
2025-02-16 13:20:01,305 - INFO - 	263	294857810649.4626	0	2.692451238632202	5500.015763998032	1109	573	0	0
2025-02-16 13:20:07,847 - INFO - 	264	291335053430.10077	0	2.7220942974090576	5506.558460950851	1112	573	0	0
2025-02-16 13:20:14,901 - INFO - 	265	286898839997.634	0	2.7366905212402344	5513.611830949783	1115	573	0	0
2025-02-16 13:20:21,870 - INFO - 	266	282869874312.6278	0	2.76224946975708	5520.580484867096	1118	573	0	0
2025-02-16 13:20:28,334 - INFO - 	267	280009613479.78064	0	2.7907025814056396	5527.045070886612	1121	573	0	0
2025-02-16 13:20:35,850 - INFO - 	268	279146267968.82294	0	2.8171186447143555	5534.560878753662	1124	573	0	0
2025-02-16 13:20:43,403 - INFO - 	269	276259119804.0405	0	2.8453948497772217	5542.113569498062	1127	573	0	0
2025-02-16 13:20:51,000 - INFO - 	270	273498296768.62863	0	2.870673894882202	5549.710882425308	1130	573	0	0
2025-02-16 13:20:58,367 - INFO - 	271	265510177651.7866	0	2.893298864364624	5557.077528476715	1133	573	0	0
2025-02-16 13:21:05,214 - INFO - 	272	262262411428.96445	0	2.9191832542419434	5563.924743175507	1136	573	0	0
2025-02-16 13:21:11,760 - INFO - 	273	258414068143.93338	0	2.9428913593292236	5570.470561981201	1139	573	0	0
2025-02-16 13:21:18,032 - INFO - 	274	258018492392.56717	0	2.9489824771881104	5576.7422733306885	1142	573	0	0
2025-02-16 13:21:24,932 - INFO - 	275	256214732562.73065	0	2.9777395725250244	5583.6424441337585	1145	573	0	0
2025-02-16 13:21:31,953 - INFO - 	276	248744944664.5285	0	2.998962640762329	5590.662830114365	1148	573	0	0
2025-02-16 13:21:38,344 - INFO - 	277	241679257677.39377	0	3.0166778564453125	5597.053993463516	1151	573	0	0
2025-02-16 13:21:44,727 - INFO - 	278	230283208697.84183	0	3.045442819595337	5603.436398267746	1154	573	0	0
2025-02-16 13:21:51,803 - INFO - 	279	230251860718.32483	0	3.073853015899658	5610.5131204128265	1157	573	0	0
2025-02-16 13:21:58,927 - INFO - 	280	220352206140.63495	0	3.1190311908721924	5617.636190652847	1160	573	0	0
2025-02-16 13:22:05,756 - INFO - 	281	212927140619.0287	0	3.154911994934082	5624.464438676834	1163	573	0	0
2025-02-16 13:22:12,400 - INFO - 	282	207694122375.21686	0	3.194658041000366	5631.109055757523	1166	573	0	0
2025-02-16 13:22:19,304 - INFO - 	283	202727041591.47253	0	3.2364249229431152	5638.011449813843	1169	573	0	0
2025-02-16 13:22:26,101 - INFO - 	284	202359003230.49548	0	3.267781972885132	5644.808394908905	1172	573	0	0
2025-02-16 13:22:33,079 - INFO - 	285	194877228748.79126	0	3.3054606914520264	5651.78710603714	1175	573	0	0
2025-02-16 13:22:40,159 - INFO - 	286	188874203302.41336	0	3.338075637817383	5658.866822957993	1178	573	0	0
2025-02-16 13:22:46,846 - INFO - 	287	176255844398.27496	0	3.3637773990631104	5665.553969860077	1181	573	0	0
2025-02-16 13:22:54,292 - INFO - 	288	170564325948.05576	0	3.4125113487243652	5672.999243021011	1184	573	0	0
2025-02-16 13:23:01,917 - INFO - 	289	167918816952.76968	0	3.446749210357666	5680.623543024063	1187	573	0	0
2025-02-16 13:23:09,086 - INFO - 	290	163873249036.5178	0	3.4736812114715576	5687.79296708107	1190	573	0	0
2025-02-16 13:23:16,476 - INFO - 	291	162048340805.3624	0	3.5165133476257324	5695.182845115662	1193	573	0	0
2025-02-16 13:23:23,578 - INFO - 	292	161856394907.0582	0	3.5409817695617676	5702.28463435173	1196	573	0	0
2025-02-16 13:23:30,262 - INFO - 	293	160712889021.79263	0	3.601252794265747	5708.968042135239	1199	573	0	0
2025-02-16 13:23:37,740 - INFO - 	294	159006889285.95517	0	3.6440589427948	5716.446480035782	1202	573	0	0
2025-02-16 13:23:44,902 - INFO - 	295	156929696043.7215	0	3.653918981552124	5723.60832118988	1205	573	0	0
2025-02-16 13:23:51,859 - INFO - 	296	154562816241.50827	0	3.690661668777466	5730.564996242523	1208	573	0	0
2025-02-16 13:23:58,697 - INFO - 	297	154177017012.77197	0	3.719111680984497	5737.40271115303	1211	573	0	0
2025-02-16 13:24:06,409 - INFO - 	298	148209180078.50998	0	3.762608766555786	5745.115237951279	1214	573	0	0
2025-02-16 13:24:12,922 - INFO - 	299	148209180078.51004	0	3.780555009841919	5751.62752699852	1217	573	0	0
2025-02-16 13:24:19,268 - INFO - 	300	146042071412.42874	0	3.8052971363067627	5757.973884105682	1220	573	0	0
2025-02-16 13:24:27,044 - INFO - 	301	143346229846.2722	0	3.843870162963867	5765.749439239502	1223	573	0	0
2025-02-16 13:24:34,609 - INFO - 	302	142005444595.33792	0	3.8843441009521484	5773.314552307129	1226	573	0	0
2025-02-16 13:24:41,734 - INFO - 	303	140675939929.79782	0	3.9133448600769043	5780.438538551331	1229	573	0	0
2025-02-16 13:24:48,728 - INFO - 	304	136794426792.1466	0	3.9462077617645264	5787.433044433594	1232	573	0	0
2025-02-16 13:24:55,821 - INFO - 	305	133219604818.1814	0	3.9813337326049805	5794.525961399078	1235	573	0	0
2025-02-16 13:25:04,233 - INFO - 	306	133009046505.93018	0	4.02229380607605	5802.937533378601	1238	573	0	0
2025-02-16 13:25:11,925 - INFO - 	307	129613410457.51036	0	4.080822944641113	5810.629808187485	1241	573	0	0
2025-02-16 13:25:20,099 - INFO - 	308	122174872541.93456	0	4.108332872390747	5818.80366230011	1244	573	0	0
2025-02-16 13:25:28,499 - INFO - 	309	121494828367.17259	0	4.1434807777404785	5827.203279018402	1247	573	0	0
2025-02-16 13:25:36,239 - INFO - 	310	121494828367.17258	0	4.163541793823242	5834.943094968796	1250	573	0	0
2025-02-16 13:25:44,290 - INFO - 	311	113435966354.62418	0	4.2014617919921875	5842.994605779648	1253	573	0	0
2025-02-16 13:25:52,246 - INFO - 	312	110202226980.97935	0	4.236688852310181	5850.9498698711395	1256	573	0	0
2025-02-16 13:25:59,775 - INFO - 	313	105796315975.57594	0	4.262801647186279	5858.478697061539	1259	573	0	0
2025-02-16 13:26:07,039 - INFO - 	314	102763434938.76968	0	4.301913499832153	5865.742901802063	1262	573	0	0
2025-02-16 13:26:14,841 - INFO - 	315	100901152975.19997	0	4.310173749923706	5873.5444259643555	1265	573	0	0
2025-02-16 13:26:22,087 - INFO - 	316	98735609091.53986	0	4.354062795639038	5880.790616750717	1268	573	0	0
2025-02-16 13:26:29,506 - INFO - 	317	96031983600.18527	0	4.385522842407227	5888.209436893463	1271	573	0	0
2025-02-16 13:26:37,430 - INFO - 	318	93896728309.99883	0	4.424428939819336	5896.133129835129	1274	573	0	0
2025-02-16 13:26:45,072 - INFO - 	319	92308155649.09163	0	4.461569786071777	5903.774936914444	1277	573	0	0
2025-02-16 13:26:53,509 - INFO - 	320	90498030372.16931	0	4.505730628967285	5912.211892127991	1280	573	0	0
2025-02-16 13:27:00,388 - INFO - 	321	89608933335.44011	0	4.546131372451782	5919.090311050415	1283	573	0	0
2025-02-16 13:27:07,913 - INFO - 	322	89307478092.1525	0	4.589339256286621	5926.615349054337	1286	573	0	0
2025-02-16 13:27:15,022 - INFO - 	323	87081544186.21318	0	4.62971830368042	5933.723756074905	1289	573	0	0
2025-02-16 13:27:21,807 - INFO - 	324	86686893046.72398	0	4.667153596878052	5940.508985280991	1292	573	0	0
2025-02-16 13:27:28,907 - INFO - 	325	83559148571.69547	0	4.710343599319458	5947.60870051384	1295	573	0	0
2025-02-16 13:27:36,588 - INFO - 	326	80751573767.3132	0	4.7489166259765625	5955.28965139389	1298	573	0	0
2025-02-16 13:44:58,847 - INFO - 	327	78029986526.84912	0	4.790142774581909	6997.548667430878	1301	573	0	0
2025-02-16 14:18:32,319 - INFO - 	328	74757876337.27264	0	4.807295799255371	9011.020057439804	1304	573	0	0
2025-02-16 14:35:27,701 - INFO - 	329	73364281667.25043	0	4.845190763473511	10026.402138233185	1307	573	0	0
2025-02-16 15:10:39,527 - INFO - 	330	67230460660.07385	0	4.887372732162476	12138.22787618637	1310	573	0	0
2025-02-16 15:25:55,818 - INFO - 	331	65844200518.71274	0	4.93996262550354	13054.519419193268	1313	573	0	0
2025-02-16 15:46:09,319 - INFO - 	332	63706270615.60562	0	4.979006767272949	14268.01980304718	1316	573	0	0
2025-02-16 15:58:49,144 - INFO - 	333	60917819677.71777	0	5.023009777069092	15027.844521045685	1319	573	0	0
2025-02-16 15:58:56,114 - INFO - 	334	58285490374.724945	0	5.054456949234009	15034.81435918808	1322	573	0	0
2025-02-16 15:59:02,940 - INFO - 	335	54544357642.13232	0	5.061747074127197	15041.641100168228	1325	573	0	0
2025-02-16 15:59:09,432 - INFO - 	336	53704078599.09266	0	5.101042985916138	15048.132683038712	1328	573	0	0
2025-02-16 15:59:15,846 - INFO - 	337	52150559695.08179	0	5.153296232223511	15054.54646396637	1331	573	0	0
2025-02-16 16:16:41,877 - INFO - 	338	51222429752.64095	0	5.175143241882324	16100.577128887177	1334	573	0	0
2025-02-16 16:50:38,271 - INFO - 	339	51100238287.25066	0	5.209335088729858	18136.97090792656	1337	573	0	0
2025-02-16 17:07:05,691 - INFO - 	340	41002427255.58943	0	5.241050958633423	19124.391397953033	1340	573	0	0
2025-02-16 17:23:20,097 - INFO - 	341	35776941106.19462	0	5.289917945861816	20098.79693388939	1343	573	0	0
2025-02-16 17:29:08,499 - INFO - 	342	32771486293.954063	0	5.324613809585571	20447.198550224304	1346	573	0	0
2025-02-16 17:29:16,625 - INFO - 	343	32013174611.41057	0	5.36418080329895	20455.32450222969	1349	573	0	0
2025-02-16 17:29:23,652 - INFO - 	344	31148000520.38758	0	5.400390625	20462.35195827484	1352	573	0	0
2025-02-16 17:29:30,886 - INFO - 	345	29633723497.786613	0	5.433590650558472	20469.586096286774	1355	573	0	0
2025-02-16 17:46:39,173 - INFO - 	346	27379998356.845623	0	5.463390588760376	21497.872836112976	1358	573	0	0
2025-02-16 18:03:41,025 - INFO - 	347	24543314680.65416	0	5.507584810256958	22519.723939418793	1361	573	0	0
2025-02-16 18:37:38,661 - INFO - 	348	18796328101.906834	0	5.562352895736694	24557.36079454422	1364	573	0	0
2025-02-16 18:54:34,405 - INFO - 	349	17327180611.56068	0	5.59636664390564	25573.10377240181	1367	573	0	0
2025-02-16 19:28:00,739 - INFO - 	350	17132513212.985102	0	5.641577482223511	27579.43827033043	1370	573	0	0
2025-02-16 19:30:33,526 - INFO - 	351	15685894172.489624	0	5.699204683303833	27732.22485923767	1373	573	0	0
2025-02-16 20:01:27,161 - INFO - 	352	14077696963.97453	0	5.735784530639648	29585.859788179398	1376	573	0	0
2025-02-16 20:16:37,552 - INFO - 	353	12110080520.014141	0	5.79245138168335	30496.249677181244	1379	573	0	0
2025-02-16 20:31:33,341 - INFO - 	354	11120559975.501905	0	5.820260286331177	31392.038865327835	1382	573	0	0
2025-02-16 20:39:31,247 - INFO - 	355	9624911488.85523	0	5.873307228088379	31869.94481730461	1385	573	0	0
2025-02-16 20:54:44,243 - INFO - 	356	9009262627.87342	0	5.918830394744873	32782.941078424454	1388	573	0	0
2025-02-16 21:12:21,350 - INFO - 	357	8497831782.203253	0	5.953206539154053	33840.04783821106	1391	573	0	0
2025-02-16 21:48:31,436 - INFO - 	358	7373474476.573419	0	5.988573312759399	36010.13318705559	1394	573	0	0
2025-02-16 22:04:39,543 - INFO - 	359	7159542506.635605	0	6.020462274551392	36978.23964095116	1397	573	0	0
2025-02-16 22:33:25,010 - INFO - 	360	6140476507.264912	0	6.060337066650391	38703.70627593994	1400	573	0	0
2025-02-16 22:51:22,607 - INFO - 	361	5896084608.096643	0	6.097917079925537	39781.30308699608	1403	573	0	0
2025-02-16 23:07:44,572 - INFO - 	362	5567946124.7346945	0	6.121230125427246	40763.267228126526	1406	573	0	0
2025-02-16 23:34:22,164 - INFO - 	363	5007584205.743282	0	6.158247232437134	42360.85944509506	1409	573	0	0
2025-02-16 23:49:42,229 - INFO - 	364	3369666159.163124	0	6.170180320739746	43280.92456698418	1412	573	0	0
2025-02-17 00:07:14,436 - INFO - 	365	1821217192.3821902	0	6.1836817264556885	44333.130693912506	1415	573	0	0
2025-02-17 00:35:20,521 - INFO - 	366	1492761679.9138224	0	6.209684610366821	46019.21572470665	1418	573	0	0
2025-02-17 00:52:22,327 - INFO - 	367	1553.141759610938	0	6.22292160987854	47041.02172064781	1421	573	0	0
2025-02-17 01:24:20,238 - INFO - 	368	1537.0784067938057	0	6.230763673782349	48958.931448698044	1424	573	0	0
2025-02-17 02:12:22,329 - INFO - 	369	1513.2560924778045	0	6.238914728164673	51841.02252674103	1427	573	0	0
2025-02-17 02:46:52,866 - INFO - 	370	1499.8310371466366	0	6.250892639160156	53911.558686733246	1430	573	0	0
2025-02-17 03:19:17,374 - INFO - 	371	1482.0128451955015	0	6.257882595062256	55856.06737089157	1433	573	0	0
2025-02-17 03:52:37,721 - INFO - 	372	1468.4961752292445	0	6.265798568725586	57856.41341161728	1436	573	0	0
2025-02-17 04:24:17,406 - INFO - 	373	1460.5420113948603	0	6.274770498275757	59756.097972393036	1439	573	0	0
2025-02-17 04:40:07,301 - INFO - 	374	1445.8789424923523	0	6.2811665534973145	60705.99227428436	1442	573	0	0
2025-02-17 05:24:49,491 - INFO - 	375	1435.7808907054107	0	6.291020631790161	63388.181705236435	1445	573	0	0
2025-02-17 05:59:30,757 - INFO - 	376	1426.524684168081	0	6.300806760787964	65469.44808316231	1448	573	0	0
2025-02-17 06:25:18,112 - INFO - 	377	1414.2867744734945	0	6.310058832168579	67016.80298995972	1451	573	0	0
2025-02-17 06:58:45,511 - INFO - 	378	1405.0045205482538	0	6.32375693321228	69024.20136523247	1454	573	0	0
2025-02-17 07:26:16,507 - INFO - 	379	1399.6486805898821	0	6.332967758178711	70675.19660806656	1457	573	0	0
2025-02-17 07:57:14,871 - INFO - 	380	1391.6650662095242	0	6.3408849239349365	72533.56062698364	1460	573	0	0
2025-02-17 07:57:27,110 - INFO - 	381	1382.7334478546218	0	6.348999738693237	72545.79935407639	1463	573	0	0
2025-02-17 07:57:39,330 - INFO - 	382	1377.2697346806492	0	6.356832981109619	72558.01864910126	1466	573	0	0
2025-02-17 07:57:50,953 - INFO - 	383	1371.802248713706	0	6.3630640506744385	72569.6414270401	1469	573	0	0
2025-02-17 07:58:02,528 - INFO - 	384	1365.948669292349	0	6.369532823562622	72581.21648287773	1472	573	0	0
2025-02-17 07:58:14,465 - INFO - 	385	1357.8912280670697	0	6.378051996231079	72593.15326499939	1475	573	0	0
2025-02-17 07:58:26,487 - INFO - 	386	1348.5204840881447	0	6.387672185897827	72605.17569994926	1478	573	0	0
2025-02-17 07:58:38,433 - INFO - 	387	1348.2673951328873	0	6.393394231796265	72617.12142515182	1481	573	0	0
2025-02-17 07:58:50,272 - INFO - 	388	1342.7351076722625	0	6.400249242782593	72628.96059632301	1484	573	0	0
2025-02-17 07:59:02,719 - INFO - 	389	1340.8815874521079	0	6.40707540512085	72641.40696310997	1487	573	0	0
