2025-02-11 06:24:21,389 - INFO - 	count	z_opt	time_spp	time_lp	time_total	ncols	nrows	time_spp_low_res	n_cols_low_res
2025-02-11 06:24:22,455 - INFO - 	1	3320000000002.0	0	0.00019598007202148438	1.0663890838623047	343	593	0.884505033493042	3
2025-02-11 06:24:23,206 - INFO - 	2	3240000000010.0	0	0.0004909038543701172	1.8167901039123535	346	593	1.455359935760498	6
2025-02-11 06:24:23,978 - INFO - 	3	3240000000010.0	0	0.0007741451263427734	2.588818073272705	349	593	2.047837972640991	9
2025-02-11 06:24:24,733 - INFO - 	4	3160000000025.0	0	0.0009682178497314453	3.3442251682281494	352	593	2.6363561153411865	12
2025-02-11 06:24:25,590 - INFO - 	5	3100000000026.0	0	0.0012593269348144531	4.201024293899536	355	593	3.314908027648926	15
2025-02-11 06:24:26,409 - INFO - 	6	3100000000026.0	0	0.0015704631805419922	5.019460201263428	358	593	3.9569647312164307	18
2025-02-11 06:24:27,367 - INFO - 	7	3100000000026.0	0	0.0018672943115234375	5.977329254150391	361	593	4.726427793502808	21
2025-02-11 06:24:28,134 - INFO - 	8	3100000000026.0	0	0.002181529998779297	6.744697332382202	364	593	5.3212807178497314	24
2025-02-11 06:24:28,913 - INFO - 	9	3070000000029.5	0	0.0025076866149902344	7.5232343673706055	367	593	5.925091981887817	27
2025-02-11 06:24:29,681 - INFO - 	10	3070000000029.5	0	0.002919435501098633	8.291486263275146	370	593	6.507189512252808	30
2025-02-11 06:24:30,528 - INFO - 	11	3055000000030.25	0	0.0032503604888916016	9.137269258499146	373	593	7.177907466888428	33
2025-02-11 06:24:31,277 - INFO - 	12	3020000000036.0	0	0.0035834312438964844	9.886961221694946	376	593	7.760685205459595	36
2025-02-11 06:24:32,186 - INFO - 	13	3015000000036.5	0	0.00396275520324707	10.795995235443115	379	593	8.46909236907959	39
2025-02-11 06:24:32,908 - INFO - 	14	2985000000038.5	0	0.004293680191040039	11.517145156860352	382	593	9.021835088729858	42
2025-02-11 06:24:33,620 - INFO - 	15	2975000000041.1665	0	0.0048067569732666016	12.229533195495605	385	593	9.572731733322144	45
2025-02-11 06:24:34,328 - INFO - 	16	2955000000043.0	0	0.005243778228759766	12.937175273895264	388	593	10.119171142578125	48
2025-02-11 06:24:35,130 - INFO - 	17	2926666666715.001	0	0.0056056976318359375	13.739302158355713	391	593	10.759106159210205	51
2025-02-11 06:24:35,894 - INFO - 	18	2870000000061.0	0	0.0059697628021240234	14.502982139587402	394	593	11.351056337356567	54
2025-02-11 06:24:36,600 - INFO - 	19	2870000000061.0	0	0.0063817501068115234	15.20899510383606	397	593	11.894325017929077	57
2025-02-11 06:24:37,428 - INFO - 	20	2870000000059.0	0	0.0067195892333984375	16.036406993865967	400	593	12.560465335845947	60
2025-02-11 06:24:38,131 - INFO - 	21	2870000000059.0	0	0.0071315765380859375	16.73982000350952	403	593	13.103649377822876	63
2025-02-11 06:24:38,839 - INFO - 	22	2850000000063.6	0	0.007704496383666992	17.44711399078369	406	593	13.646818161010742	66
2025-02-11 06:24:39,632 - INFO - 	23	2850000000063.6	0	0.008291482925415039	18.239998817443848	409	593	14.27947211265564	69
2025-02-11 06:24:40,348 - INFO - 	24	2780000000080.0	0	0.008736371994018555	18.956117868423462	412	593	14.829487800598145	72
2025-02-11 06:24:41,057 - INFO - 	25	2776666666747.999	0	0.009137153625488281	19.665283679962158	415	593	15.374857902526855	75
2025-02-11 06:24:41,776 - INFO - 	26	2750000000077.0	0	0.009523153305053711	20.38412356376648	418	593	15.93074655532837	78
2025-02-11 06:24:42,579 - INFO - 	27	2717500000082.75	0	0.009937524795532227	21.187002658843994	421	593	16.556408643722534	81
2025-02-11 06:24:43,296 - INFO - 	28	2680000000089.0	0	0.010399580001831055	21.90346884727478	424	593	17.107638359069824	84
2025-02-11 06:24:44,059 - INFO - 	29	2656666666758.6675	0	0.011063575744628906	22.666327714920044	427	593	17.692060470581055	87
2025-02-11 06:24:44,797 - INFO - 	30	2656666666758.6675	0	0.011684417724609375	23.405043840408325	430	593	18.251286029815674	90
2025-02-11 06:24:45,610 - INFO - 	31	2646923077019.1533	0	0.012406349182128906	24.217607736587524	433	593	18.887516498565674	93
2025-02-11 06:24:46,330 - INFO - 	32	2625000000105.25	0	0.012949228286743164	24.93784260749817	436	593	19.43847155570984	96
2025-02-11 06:24:47,159 - INFO - 	33	2596666666781.223	0	0.013425111770629883	25.76589870452881	439	593	20.094929695129395	99
2025-02-11 06:24:47,894 - INFO - 	34	2523333333459.001	0	0.013934135437011719	26.50064468383789	442	593	20.660858869552612	102
2025-02-11 06:24:48,619 - INFO - 	35	2501428571562.2144	0	0.014669179916381836	27.225985527038574	445	593	21.215618133544922	105
2025-02-11 06:24:49,315 - INFO - 	36	2492000000134.8	0	0.015297174453735352	27.921603679656982	448	593	21.749030113220215	108
2025-02-11 06:24:50,106 - INFO - 	37	2468000000140.9995	0	0.015807151794433594	28.713005781173706	451	593	22.37809729576111	111
2025-02-11 06:24:50,847 - INFO - 	38	2456666666809.3345	0	0.016756057739257812	29.45299482345581	454	593	22.94418239593506	114
2025-02-11 06:24:51,582 - INFO - 	39	2447500000142.25	0	0.017353057861328125	30.188162803649902	457	593	23.50401520729065	117
2025-02-11 06:24:52,405 - INFO - 	40	2420000000145.0	0	0.017875194549560547	31.011276721954346	460	593	24.155080318450928	120
2025-02-11 06:24:53,149 - INFO - 	41	2414000000147.0005	0	0.018451213836669922	31.75522470474243	463	593	24.728933811187744	123
2025-02-11 06:24:53,902 - INFO - 	42	2400000000151.0	0	0.019119977951049805	32.508007764816284	466	593	25.311750650405884	126
2025-02-11 06:24:54,714 - INFO - 	43	2400000000151.0	0	0.019758939743041992	33.32005286216736	469	593	25.953800678253174	129
2025-02-11 06:24:55,438 - INFO - 	44	2371648351804.473	0	0.020596027374267578	34.04335927963257	472	593	26.507123708724976	132
2025-02-11 06:24:56,179 - INFO - 	45	2363538461699.8926	0	0.02136397361755371	34.78455638885498	475	593	27.07976531982422	135
2025-02-11 06:24:56,898 - INFO - 	46	2332745098206.567	0	0.021943092346191406	35.503963470458984	478	593	27.63074827194214	138
2025-02-11 06:24:57,720 - INFO - 	47	2322500000167.084	0	0.02291417121887207	36.32512450218201	481	593	28.273964643478394	141
2025-02-11 06:24:58,414 - INFO - 	48	2312236842273.7773	0	0.023641347885131836	37.01934838294983	484	593	28.805784225463867	144
2025-02-11 06:24:59,109 - INFO - 	49	2281250000176.875	0	0.024631261825561523	37.714609146118164	487	593	29.340508699417114	147
2025-02-11 06:24:59,895 - INFO - 	50	2271989247495.1533	0	0.025695323944091797	38.49974822998047	490	593	29.963886976242065	150
2025-02-11 06:25:00,613 - INFO - 	51	2248333333525.9185	0	0.026538372039794922	39.21808624267578	493	593	30.5202739238739	153
2025-02-11 06:25:01,405 - INFO - 	52	2232500000191.625	0	0.028359174728393555	40.01008725166321	496	593	31.150608777999878	156
2025-02-11 06:25:02,108 - INFO - 	53	2225000000190.5	0	0.02926015853881836	40.71285128593445	499	593	31.691911697387695	159
2025-02-11 06:25:02,812 - INFO - 	54	2193030303231.91	0	0.030209064483642578	41.4171781539917	502	593	32.23542261123657	162
2025-02-11 06:25:03,506 - INFO - 	55	2180543478462.8586	0	0.031558990478515625	42.11112117767334	505	593	32.76800870895386	165
2025-02-11 06:25:04,207 - INFO - 	56	2151500000205.9497	0	0.03264904022216797	42.81147909164429	508	593	33.30706167221069	168
2025-02-11 06:25:04,994 - INFO - 	57	2133750000216.125	0	0.03365588188171387	43.59870719909668	511	593	33.93261408805847	171
2025-02-11 06:25:05,722 - INFO - 	58	2086666666896.6667	0	0.03442072868347168	44.32670021057129	514	593	34.493693351745605	174
2025-02-11 06:25:06,452 - INFO - 	59	2077727272961.2725	0	0.03523588180541992	45.05595827102661	517	593	35.050732374191284	177
2025-02-11 06:25:07,230 - INFO - 	60	2074666666901.3328	0	0.036217689514160156	45.83452916145325	520	593	35.66460657119751	180
2025-02-11 06:25:08,038 - INFO - 	61	2064375000236.8125	0	0.037427425384521484	46.64221239089966	523	593	36.29254961013794	183
2025-02-11 06:25:08,854 - INFO - 	62	2064375000236.8125	0	0.03890228271484375	47.457661390304565	526	593	36.90387558937073	186
2025-02-11 06:25:09,596 - INFO - 	63	2056666666906.0002	0	0.03996920585632324	48.19945430755615	529	593	37.468913555145264	189
2025-02-11 06:25:10,432 - INFO - 	64	2055404040641.1558	0	0.04109907150268555	49.03533053398132	532	593	38.122939109802246	192
2025-02-11 06:25:11,182 - INFO - 	65	2055404040641.1558	0	0.04246878623962402	49.78489565849304	535	593	38.695767402648926	195
2025-02-11 06:25:11,910 - INFO - 	66	2042325581639.2324	0	0.04449796676635742	50.51239085197449	538	593	39.256263971328735	198
2025-02-11 06:25:12,742 - INFO - 	67	2002453271282.8484	0	0.04592108726501465	51.34479475021362	541	593	39.922487020492554	201
2025-02-11 06:25:13,473 - INFO - 	68	1970857143120.933	0	0.04714488983154297	52.07538938522339	544	593	40.48508024215698	204
2025-02-11 06:25:14,181 - INFO - 	69	1963333333598.3335	0	0.049009084701538086	52.78359031677246	547	593	41.02493119239807	207
2025-02-11 06:25:14,972 - INFO - 	70	1962272727538.469	0	0.05068612098693848	53.57434916496277	550	593	41.64842629432678	210
2025-02-11 06:25:15,690 - INFO - 	71	1952500000267.875	0	0.0518031120300293	54.29192018508911	553	593	42.19963502883911	213
2025-02-11 06:25:16,423 - INFO - 	72	1945961872019.013	0	0.053112030029296875	55.02499222755432	556	593	42.75335383415222	216
2025-02-11 06:25:17,283 - INFO - 	73	1938281016712.533	0	0.054398298263549805	55.88440537452698	559	593	43.449333906173706	219
2025-02-11 06:25:17,989 - INFO - 	74	1935542253792.3582	0	0.05709242820739746	56.590405225753784	562	593	43.987765073776245	222
2025-02-11 06:25:18,682 - INFO - 	75	1930077369713.6863	0	0.059833526611328125	57.28405714035034	565	593	44.51829934120178	225
2025-02-11 06:25:19,393 - INFO - 	76	1911785714566.3328	0	0.06126546859741211	57.994952917099	568	593	45.0616352558136	228
2025-02-11 06:25:20,191 - INFO - 	77	1889773922470.699	0	0.0654306411743164	58.7927348613739	571	593	45.695014238357544	231
2025-02-11 06:25:20,900 - INFO - 	78	1878133803103.9504	0	0.06842470169067383	59.501423835754395	574	593	46.23707938194275	234
2025-02-11 06:25:21,600 - INFO - 	79	1860000000294.5625	0	0.07138180732727051	60.20071482658386	577	593	46.769415616989136	237
2025-02-11 06:25:22,312 - INFO - 	80	1846349206649.9688	0	0.0742340087890625	60.91279172897339	580	593	47.31847620010376	240
2025-02-11 06:25:23,228 - INFO - 	81	1840232240740.2551	0	0.07803893089294434	61.828208684921265	583	593	48.0552933216095	243
2025-02-11 06:25:24,001 - INFO - 	82	1839455782617.5344	0	0.07915210723876953	62.60097670555115	586	593	48.63863921165466	246
2025-02-11 06:25:24,702 - INFO - 	83	1832549351687.7473	0	0.0826113224029541	63.30237078666687	589	593	49.175971269607544	249
2025-02-11 06:25:25,471 - INFO - 	84	1825614439630.962	0	0.0865943431854248	64.07130098342896	592	593	49.7808940410614	252
2025-02-11 06:25:26,155 - INFO - 	85	1802982210049.8867	0	0.08884859085083008	64.75541305541992	595	593	50.3025541305542	255
2025-02-11 06:25:26,932 - INFO - 	86	1788507920606.148	0	0.09078168869018555	65.53225517272949	598	593	50.91819500923157	258
2025-02-11 06:25:27,790 - INFO - 	87	1776453901038.639	0	0.0950784683227539	66.38970518112183	601	593	51.58484983444214	261
2025-02-11 06:25:28,553 - INFO - 	88	1767990047932.0276	0	0.09792041778564453	67.15190315246582	604	593	52.175398111343384	264
2025-02-11 06:25:29,329 - INFO - 	89	1767854129890.4824	0	0.10264444351196289	67.92833089828491	607	593	52.766748905181885	267
2025-02-11 06:25:30,133 - INFO - 	90	1749112367955.8293	0	0.10845732688903809	68.73202180862427	610	593	53.403339862823486	270
2025-02-11 06:25:31,077 - INFO - 	91	1734738170687.7852	0	0.11180734634399414	69.67537569999695	613	593	54.05135893821716	273
2025-02-11 06:25:31,786 - INFO - 	92	1718462717404.6487	0	0.11592626571655273	70.38500356674194	616	593	54.59177303314209	276
2025-02-11 06:25:32,499 - INFO - 	93	1696494150919.0146	0	0.12144327163696289	71.09745669364929	619	593	55.136049032211304	279
2025-02-11 06:25:33,280 - INFO - 	94	1665279178879.2917	0	0.1241462230682373	71.87748599052429	622	593	55.75109910964966	282
2025-02-11 06:25:33,972 - INFO - 	95	1660118410990.896	0	0.1258711814880371	72.56983423233032	625	593	56.28112173080444	285
2025-02-11 06:25:34,669 - INFO - 	96	1631868437681.2043	0	0.1281442642211914	73.26689410209656	628	593	56.815958738327026	288
2025-02-11 06:25:35,345 - INFO - 	97	1615348837588.8486	0	0.13022422790527344	73.94285225868225	631	593	57.32838749885559	291
2025-02-11 06:25:36,106 - INFO - 	98	1597005871228.2725	0	0.13365721702575684	74.70309925079346	634	593	57.92510676383972	294
2025-02-11 06:25:36,790 - INFO - 	99	1592000000386.8	0	0.13829922676086426	75.38758301734924	637	593	58.444536447525024	297
2025-02-11 06:25:37,476 - INFO - 	100	1584951456698.6106	0	0.14287638664245605	76.07346510887146	640	593	58.96508312225342	300
2025-02-11 06:25:38,245 - INFO - 	101	1576734694267.7551	0	0.1484663486480713	76.84189820289612	643	593	59.56687521934509	303
2025-02-11 06:25:38,932 - INFO - 	102	1567811705230.0552	0	0.15314531326293945	77.52865695953369	646	593	60.08804726600647	306
2025-02-11 06:25:39,657 - INFO - 	103	1558746194693.38	0	0.157745361328125	78.2532970905304	649	593	60.64735126495361	309
2025-02-11 06:25:40,426 - INFO - 	104	1555160160554.0273	0	0.16090726852416992	79.02281093597412	652	593	61.25343656539917	312
2025-02-11 06:25:41,102 - INFO - 	105	1538885405877.1094	0	0.16320252418518066	79.6979329586029	655	593	61.76524472236633	315
2025-02-11 06:25:41,792 - INFO - 	106	1520732698963.8293	0	0.16899967193603516	80.38857412338257	658	593	62.29035997390747	318
2025-02-11 06:25:42,565 - INFO - 	107	1495156418004.446	0	0.17267274856567383	81.16118311882019	661	593	62.89790081977844	321
2025-02-11 06:25:43,233 - INFO - 	108	1481879224722.3455	0	0.17726969718933105	81.82869720458984	664	593	63.401222944259644	324
2025-02-11 06:25:43,926 - INFO - 	109	1478143313442.334	0	0.18529057502746582	82.52208042144775	667	593	63.9261040687561	327
2025-02-11 06:25:44,692 - INFO - 	110	1463566160075.3975	0	0.18803620338439941	83.28819823265076	670	593	64.52861404418945	330
2025-02-11 06:25:45,376 - INFO - 	111	1453500000424.4995	0	0.19275307655334473	83.97168731689453	673	593	65.04643201828003	333
2025-02-11 06:25:46,075 - INFO - 	112	1448268145449.701	0	0.1972811222076416	84.67092227935791	676	593	65.58090853691101	336
2025-02-11 06:25:46,852 - INFO - 	113	1446585824436.0098	0	0.20285391807556152	85.44733190536499	679	593	66.19143080711365	339
2025-02-11 06:25:47,546 - INFO - 	114	1443321606527.1135	0	0.21098971366882324	86.14105081558228	682	593	66.7175989151001	342
2025-02-11 06:25:48,235 - INFO - 	115	1442509365959.704	0	0.21522760391235352	86.829824924469	685	593	67.24227333068848	345
2025-02-11 06:25:48,930 - INFO - 	116	1437959272366.3389	0	0.2236006259918213	87.52506589889526	688	593	67.76982879638672	348
2025-02-11 06:25:49,754 - INFO - 	117	1424453217956.5334	0	0.2310495376586914	88.34880089759827	691	593	68.42539858818054	351
2025-02-11 06:25:50,461 - INFO - 	118	1424288740578.459	0	0.23528361320495605	89.05578780174255	694	593	68.95565462112427	354
2025-02-11 06:25:51,237 - INFO - 	119	1418710526743.3086	0	0.24465465545654297	89.83217859268188	697	593	69.56118059158325	357
2025-02-11 06:25:51,934 - INFO - 	120	1411069170582.4492	0	0.25089263916015625	90.52897047996521	700	593	70.0923764705658	360
2025-02-11 06:25:52,635 - INFO - 	121	1400468492332.3423	0	0.25948452949523926	91.22963452339172	703	593	70.62413287162781	363
2025-02-11 06:25:53,405 - INFO - 	122	1396259213854.8062	0	0.26709556579589844	91.99923729896545	706	593	71.22686386108398	366
2025-02-11 06:25:54,090 - INFO - 	123	1383700873805.2444	0	0.27000951766967773	92.6841070652008	709	593	71.73880624771118	369
2025-02-11 06:25:54,768 - INFO - 	124	1350299337563.2812	0	0.27288246154785156	93.36237120628357	712	593	72.25463342666626	372
2025-02-11 06:25:55,500 - INFO - 	125	1337030499617.5833	0	0.2785336971282959	94.0944151878357	715	593	72.80114698410034	375
2025-02-11 06:25:56,271 - INFO - 	126	1332539547788.3164	0	0.2868363857269287	94.86432433128357	718	593	73.39623308181763	378
2025-02-11 06:25:56,946 - INFO - 	127	1325355656907.3843	0	0.29416966438293457	95.53960919380188	721	593	73.90450882911682	381
2025-02-11 06:25:57,664 - INFO - 	128	1318785915651.0896	0	0.30336976051330566	96.2579550743103	724	593	74.44605565071106	384
2025-02-11 06:25:58,436 - INFO - 	129	1315031253191.284	0	0.30961084365844727	97.02987790107727	727	593	75.04552340507507	387
2025-02-11 06:25:59,135 - INFO - 	130	1291408752706.7556	0	0.31494879722595215	97.72807693481445	730	593	75.57843899726868	390
2025-02-11 06:25:59,813 - INFO - 	131	1275532188220.9163	0	0.32511377334594727	98.40599703788757	733	593	76.08781504631042	393
2025-02-11 06:26:00,485 - INFO - 	132	1269918106706.9958	0	0.3371164798736572	99.0782630443573	736	593	76.58925175666809	396
2025-02-11 06:26:01,250 - INFO - 	133	1249577473298.7312	0	0.34531259536743164	99.842777967453	739	593	77.18526482582092	399
2025-02-11 06:26:01,981 - INFO - 	134	1238143412290.991	0	0.36121058464050293	100.57405090332031	742	593	77.74286603927612	402
2025-02-11 06:26:02,800 - INFO - 	135	1231356838377.097	0	0.37313246726989746	101.39280819892883	745	593	78.34824347496033	405
2025-02-11 06:26:03,487 - INFO - 	136	1228194167146.424	0	0.3788316249847412	102.07988595962524	748	593	78.8707983493805	408
2025-02-11 06:26:04,170 - INFO - 	137	1224456872330.8809	0	0.38573575019836426	102.76238298416138	751	593	79.38777804374695	411
2025-02-11 06:26:04,877 - INFO - 	138	1218912755684.709	0	0.398406982421875	103.46979188919067	754	593	79.92281222343445	414
2025-02-11 06:26:05,645 - INFO - 	139	1200019008043.8533	0	0.40825891494750977	104.23756790161133	757	593	80.5216691493988	417
2025-02-11 06:26:06,339 - INFO - 	140	1189492215436.3123	0	0.4199347496032715	104.93084168434143	760	593	81.0443754196167	420
2025-02-11 06:26:07,021 - INFO - 	141	1171427243903.4768	0	0.42768263816833496	105.61304473876953	763	593	81.55555248260498	423
2025-02-11 06:26:07,685 - INFO - 	142	1163695812435.9878	0	0.4338035583496094	106.27658867835999	766	593	82.05595636367798	426
2025-02-11 06:26:08,470 - INFO - 	143	1163649462622.9932	0	0.4492816925048828	107.06147456169128	769	593	82.66582536697388	429
2025-02-11 06:26:09,196 - INFO - 	144	1162479004417.4365	0	0.45859265327453613	107.78728461265564	772	593	83.2115831375122	432
2025-02-11 06:26:09,962 - INFO - 	145	1154145333743.3472	0	0.4711756706237793	108.55387663841248	775	593	83.80477356910706	435
2025-02-11 06:26:10,654 - INFO - 	146	1136606964269.321	0	0.47893643379211426	109.24568581581116	778	593	84.318594455719	438
2025-02-11 06:26:11,331 - INFO - 	147	1130225657564.2778	0	0.49254631996154785	109.92210578918457	781	593	84.82324361801147	441
2025-02-11 06:26:12,067 - INFO - 	148	1122079681742.5884	0	0.503063440322876	110.65830183029175	784	593	85.35976147651672	444
2025-02-11 06:26:12,840 - INFO - 	149	1115513757525.7837	0	0.514960527420044	111.43138384819031	787	593	85.9624855518341	447
2025-02-11 06:26:13,519 - INFO - 	150	1113155570168.8564	0	0.5307083129882812	112.1105318069458	790	593	86.46815252304077	450
2025-02-11 06:26:14,193 - INFO - 	151	1109655661985.9663	0	0.5406813621520996	112.7838625907898	793	593	86.97372364997864	453
2025-02-11 06:26:14,874 - INFO - 	152	1107216837078.6724	0	0.5499625205993652	113.4645767211914	796	593	87.48446130752563	456
2025-02-11 06:26:15,550 - INFO - 	153	1105349492371.174	0	0.5636553764343262	114.14028096199036	799	593	87.98880314826965	459
2025-02-11 06:26:16,306 - INFO - 	154	1093356285005.8041	0	0.5691630840301514	114.89623594284058	802	593	88.57722735404968	462
2025-02-11 06:26:16,996 - INFO - 	155	1089719146811.2484	0	0.5850780010223389	115.58624196052551	805	593	89.09404110908508	465
2025-02-11 06:26:17,690 - INFO - 	156	1078787887642.9718	0	0.5974416732788086	116.2803111076355	808	593	89.61732602119446	468
2025-02-11 06:26:18,450 - INFO - 	157	1075277998360.8455	0	0.6087555885314941	117.0404121875763	811	593	90.20813941955566	471
2025-02-11 06:26:19,137 - INFO - 	158	1065130738342.093	0	0.6247596740722656	117.72761106491089	814	593	90.72157263755798	474
2025-02-11 06:26:19,833 - INFO - 	159	1051291930707.7704	0	0.6384687423706055	118.42268824577332	817	593	91.24538207054138	477
2025-02-11 06:26:20,621 - INFO - 	160	1040095789053.1133	0	0.6473515033721924	119.21127223968506	820	593	91.83520007133484	480
2025-02-11 06:26:21,308 - INFO - 	161	1032600104240.1923	0	0.6570615768432617	119.89812755584717	823	593	92.35435938835144	483
2025-02-11 06:26:21,989 - INFO - 	162	1027611768284.1603	0	0.6749377250671387	120.57880783081055	826	593	92.86009240150452	486
2025-02-11 06:26:22,670 - INFO - 	163	1024570750081.509	0	0.690314769744873	121.2599368095398	829	593	93.36803340911865	489
2025-02-11 06:26:23,482 - INFO - 	164	1022706919832.3243	0	0.7069149017333984	122.07126998901367	832	593	94.00435256958008	492
2025-02-11 06:26:24,170 - INFO - 	165	1009000633840.4468	0	0.7259879112243652	122.7588300704956	835	593	94.51189160346985	495
2025-02-11 06:26:24,923 - INFO - 	166	1001784689747.0852	0	0.7383801937103271	123.51200819015503	838	593	95.09438157081604	498
2025-02-11 06:26:25,605 - INFO - 	167	991132187773.1932	0	0.7457890510559082	124.19428133964539	841	593	95.6115334033966	501
2025-02-11 06:26:26,272 - INFO - 	168	986792396453.7498	0	0.7634611129760742	124.86096811294556	844	593	96.10229587554932	504
2025-02-11 06:26:26,949 - INFO - 	169	984539578536.123	0	0.777864933013916	125.53788018226624	847	593	96.60695791244507	507
2025-02-11 06:26:27,606 - INFO - 	170	961256683205.8108	0	0.7816061973571777	126.19524145126343	850	593	97.10284900665283	510
2025-02-11 06:26:28,344 - INFO - 	171	956417041579.9409	0	0.7944519519805908	126.93272733688354	853	593	97.66932678222656	513
2025-02-11 06:26:29,008 - INFO - 	172	947753252099.17	0	0.8065221309661865	127.59658432006836	856	593	98.16310596466064	516
2025-02-11 06:26:29,673 - INFO - 	173	942762826010.7819	0	0.822587251663208	128.26152324676514	859	593	98.65449380874634	519
2025-02-11 06:26:30,412 - INFO - 	174	925346349155.1464	0	0.8385353088378906	129.00044631958008	862	593	99.21941590309143	522
2025-02-11 06:26:31,121 - INFO - 	175	911377671031.5533	0	0.8424544334411621	129.70919156074524	865	593	99.7650101184845	525
2025-02-11 06:26:31,889 - INFO - 	176	905874032172.047	0	0.8596982955932617	130.47675156593323	868	593	100.34569478034973	528
2025-02-11 06:26:32,564 - INFO - 	177	901652588194.5903	0	0.8701694011688232	131.15167140960693	871	593	100.84392809867859	531
2025-02-11 06:26:33,246 - INFO - 	178	896705874295.6875	0	0.8841023445129395	131.83364629745483	874	593	101.34594869613647	534
2025-02-11 06:26:33,943 - INFO - 	179	893267644335.8823	0	0.8986084461212158	132.53123307228088	877	593	101.85106372833252	537
2025-02-11 06:26:34,684 - INFO - 	180	891323179607.2579	0	0.9028644561767578	133.27193188667297	880	593	102.42909240722656	540
2025-02-11 06:26:35,366 - INFO - 	181	891128112822.2699	0	0.9167535305023193	133.95403575897217	883	593	102.9378776550293	543
2025-02-11 06:26:36,047 - INFO - 	182	864054993150.5682	0	0.9203076362609863	134.6346538066864	886	593	103.4561915397644	546
2025-02-11 06:26:36,734 - INFO - 	183	860928642228.6829	0	0.9339148998260498	135.32095289230347	889	593	103.97052431106567	549
2025-02-11 06:26:37,509 - INFO - 	184	860048636359.0321	0	0.9486331939697266	136.09581398963928	892	593	104.57251191139221	552
2025-02-11 06:26:38,193 - INFO - 	185	858399543456.1853	0	0.9634311199188232	136.78010606765747	895	593	105.08315896987915	555
2025-02-11 06:26:38,870 - INFO - 	186	855852792629.4524	0	0.9720354080200195	137.4569001197815	898	593	105.59343552589417	558
2025-02-11 06:26:39,551 - INFO - 	187	853888496555.6459	0	0.9867062568664551	138.1382372379303	901	593	106.10265564918518	561
2025-02-11 06:26:40,320 - INFO - 	188	844828295168.8568	0	0.9968223571777344	138.90652418136597	904	593	106.7018973827362	564
2025-02-11 06:26:40,991 - INFO - 	189	841748997026.4453	0	1.006845235824585	139.57746720314026	907	593	107.20204639434814	567
2025-02-11 06:26:41,683 - INFO - 	190	812864797710.9062	0	1.010953426361084	140.26982831954956	910	593	107.72368955612183	570
2025-02-11 06:26:42,351 - INFO - 	191	810567521246.2466	0	1.0335643291473389	140.93772411346436	913	593	108.21037173271179	573
2025-02-11 06:26:43,139 - INFO - 	192	806224675042.928	0	1.0665733814239502	141.72490906715393	916	593	108.80446648597717	576
2025-02-11 06:26:43,804 - INFO - 	193	801505072949.5153	0	1.0822763442993164	142.39010906219482	919	593	109.29219174385071	579
2025-02-11 06:26:44,464 - INFO - 	194	798728723957.4828	0	1.0977270603179932	143.04950499534607	922	593	109.77724981307983	582
2025-02-11 06:26:45,130 - INFO - 	195	791535615201.8348	0	1.1099960803985596	143.7150683403015	925	593	110.27206015586853	585
2025-02-11 06:26:45,875 - INFO - 	196	783631363164.7341	0	1.1342241764068604	144.46021723747253	928	593	110.82858085632324	588
2025-02-11 06:26:46,558 - INFO - 	197	780618553439.6951	0	1.1530230045318604	145.1431872844696	931	593	111.3321225643158	591
2025-02-11 06:26:47,234 - INFO - 	198	777200072420.2238	0	1.1710231304168701	145.81871128082275	934	593	111.82124352455139	594
2025-02-11 06:26:47,951 - INFO - 	199	771029469554.3562	0	1.188197135925293	146.53618717193604	937	593	112.36308121681213	597
2025-02-11 06:26:48,719 - INFO - 	200	767886510360.0013	0	1.2146978378295898	147.30294394493103	940	593	112.94014930725098	600
2025-02-11 06:26:49,381 - INFO - 	201	763071062622.0214	0	1.2206428050994873	147.96536779403687	943	593	113.43484425544739	603
2025-02-11 06:26:50,048 - INFO - 	202	748515956529.7522	0	1.2381808757781982	148.63203692436218	946	593	113.92637896537781	606
2025-02-11 06:26:50,712 - INFO - 	203	748163392869.944	0	1.2522797584533691	149.29593992233276	949	593	114.41833758354187	609
2025-02-11 06:26:51,464 - INFO - 	204	743442731015.3481	0	1.268583059310913	150.04755902290344	952	593	114.99578642845154	612
2025-02-11 06:26:52,179 - INFO - 	205	738526049072.8696	0	1.2856509685516357	150.7631392478943	955	593	115.53462862968445	615
2025-02-11 06:26:52,964 - INFO - 	206	728698040826.6957	0	1.2926292419433594	151.5472550392151	958	593	116.12659049034119	618
2025-02-11 06:26:53,625 - INFO - 	207	723831721824.2081	0	1.297497272491455	152.20823979377747	961	593	116.62324118614197	621
2025-02-11 06:26:54,364 - INFO - 	208	720273269473.2156	0	1.314063310623169	152.94719576835632	964	593	117.1867344379425	624
2025-02-11 06:26:55,113 - INFO - 	209	716246882396.1277	0	1.3482475280761719	153.69633793830872	967	593	117.74232935905457	627
2025-02-11 06:26:55,883 - INFO - 	210	712718047731.4934	0	1.3667457103729248	154.46617078781128	970	593	118.33450937271118	630
2025-02-11 06:26:56,580 - INFO - 	211	710396992086.6146	0	1.3870556354522705	155.16290283203125	973	593	118.82348251342773	633
2025-02-11 06:26:57,262 - INFO - 	212	703750651541.1222	0	1.4180796146392822	155.8446969985962	976	593	119.31294083595276	636
2025-02-11 06:26:57,977 - INFO - 	213	699850759960.6326	0	1.4360525608062744	156.55907607078552	979	593	119.84926962852478	639
2025-02-11 06:26:58,725 - INFO - 	214	694023501540.597	0	1.4557733535766602	157.3073272705078	982	593	120.4162585735321	642
2025-02-11 06:26:59,400 - INFO - 	215	688069113297.7864	0	1.4884064197540283	157.98176646232605	985	593	120.89901661872864	645
2025-02-11 06:27:00,064 - INFO - 	216	686368711052.8854	0	1.5084125995635986	158.64574337005615	988	593	121.38469672203064	648
2025-02-11 06:27:00,820 - INFO - 	217	684438447832.7703	0	1.5338516235351562	159.4020173549652	991	593	121.95571660995483	651
2025-02-11 06:27:01,480 - INFO - 	218	678157113179.1461	0	1.5507805347442627	160.06179761886597	994	593	122.42993330955505	654
2025-02-11 06:27:02,146 - INFO - 	219	673221613691.1074	0	1.574981451034546	160.72825074195862	997	593	122.90957856178284	657
2025-02-11 06:27:02,803 - INFO - 	220	669556960520.9663	0	1.5985934734344482	161.38447785377502	1000	593	123.38432812690735	660
2025-02-11 06:27:03,446 - INFO - 	221	667217099158.3488	0	1.6157114505767822	162.02761387825012	1003	593	123.8515043258667	663
2025-02-11 06:27:04,188 - INFO - 	222	657393635613.4962	0	1.6390924453735352	162.7698938846588	1006	593	124.40762853622437	666
2025-02-11 06:27:04,858 - INFO - 	223	651370685094.0131	0	1.664792537689209	163.439350605011	1009	593	124.89369177818298	669
2025-02-11 06:27:05,518 - INFO - 	224	645561379943.1583	0	1.6868486404418945	164.09974360466003	1012	593	125.37404942512512	672
2025-02-11 06:27:06,257 - INFO - 	225	644273376249.5581	0	1.7049365043640137	164.83866667747498	1015	593	125.93773126602173	675
2025-02-11 06:27:06,952 - INFO - 	226	634201886011.255	0	1.724935531616211	165.53346753120422	1018	593	126.45425701141357	678
2025-02-11 06:27:07,676 - INFO - 	227	631020058185.7024	0	1.7553236484527588	166.25728034973145	1021	593	126.9883508682251	681
2025-02-11 06:27:08,350 - INFO - 	228	622416282950.3071	0	1.772324562072754	166.93100333213806	1024	593	127.48271775245667	684
2025-02-11 06:27:09,098 - INFO - 	229	615096100851.7454	0	1.793616533279419	167.67870426177979	1027	593	128.05108952522278	687
2025-02-11 06:27:09,815 - INFO - 	230	613512510781.9297	0	1.834404468536377	168.39572834968567	1030	593	128.56678366661072	690
2025-02-11 06:27:10,505 - INFO - 	231	612816633606.1708	0	1.8645143508911133	169.08559942245483	1033	593	129.0682384967804	693
2025-02-11 06:27:11,272 - INFO - 	232	611585931151.6451	0	1.881385087966919	169.85177326202393	1036	593	129.65551924705505	696
2025-02-11 06:27:11,957 - INFO - 	233	606471868169.7507	0	1.9074361324310303	170.53727102279663	1039	593	130.15688824653625	699
2025-02-11 06:27:12,635 - INFO - 	234	597630775431.293	0	1.9344651699066162	171.21490812301636	1042	593	130.64958810806274	702
2025-02-11 06:27:13,327 - INFO - 	235	589767633856.3411	0	1.964388132095337	171.90639901161194	1045	593	131.15363216400146	705
2025-02-11 06:27:14,072 - INFO - 	236	586058323195.687	0	1.985450267791748	172.65212297439575	1048	593	131.71979236602783	708
2025-02-11 06:27:14,747 - INFO - 	237	580357138313.4266	0	2.010160446166992	173.32661724090576	1051	593	132.21080040931702	711
2025-02-11 06:27:15,410 - INFO - 	238	576472616664.3799	0	2.0317513942718506	173.98951411247253	1054	593	132.69395327568054	714
2025-02-11 06:27:16,160 - INFO - 	239	572313688197.4904	0	2.051206350326538	174.73990297317505	1057	593	133.26572489738464	717
2025-02-11 06:27:16,825 - INFO - 	240	571725316027.8591	0	2.077134132385254	175.40416979789734	1060	593	133.74572801589966	720
2025-02-11 06:27:17,502 - INFO - 	241	565454981742.0204	0	2.0980701446533203	176.08087968826294	1063	593	134.2442364692688	723
2025-02-11 06:27:18,264 - INFO - 	242	561085422945.6771	0	2.1270341873168945	176.84281492233276	1066	593	134.81936120986938	726
2025-02-11 06:27:18,952 - INFO - 	243	552460458524.9414	0	2.141930103302002	177.53075098991394	1069	593	135.3336730003357	729
2025-02-11 06:27:19,654 - INFO - 	244	538490661348.6116	0	2.1466989517211914	178.2326958179474	1072	593	135.84453511238098	732
2025-02-11 06:27:20,354 - INFO - 	245	532853430167.1868	0	2.1786208152770996	178.93239974975586	1075	593	136.34679102897644	735
2025-02-11 06:27:21,144 - INFO - 	246	528200130406.317	0	2.2012667655944824	179.7221395969391	1078	593	136.94868659973145	738
2025-02-11 06:27:21,823 - INFO - 	247	521755723464.215	0	2.223665714263916	180.40118551254272	1081	593	137.44160652160645	741
2025-02-11 06:27:22,513 - INFO - 	248	521249190605.07574	0	2.2434544563293457	181.09106755256653	1084	593	137.94729161262512	744
2025-02-11 06:27:23,191 - INFO - 	249	517039786124.54114	0	2.2618963718414307	181.76917362213135	1087	593	138.4390003681183	747
2025-02-11 06:27:23,953 - INFO - 	250	509637042487.72406	0	2.297426462173462	182.5310184955597	1090	593	139.00599312782288	750
2025-02-11 06:27:24,650 - INFO - 	251	504467990898.4444	0	2.3235483169555664	183.22745871543884	1093	593	139.50414967536926	753
2025-02-11 06:27:25,336 - INFO - 	252	502659139872.3053	0	2.349428176879883	183.91373491287231	1096	593	140.00267887115479	756
2025-02-11 06:27:26,035 - INFO - 	253	498972810425.88495	0	2.3764450550079346	184.6124918460846	1099	593	140.50804448127747	759
2025-02-11 06:27:26,786 - INFO - 	254	484339455224.64233	0	2.3942198753356934	185.36299586296082	1102	593	141.07782554626465	762
2025-02-11 06:27:27,469 - INFO - 	255	478016494143.4821	0	2.4187965393066406	186.04603576660156	1105	593	141.5713448524475	765
2025-02-11 06:27:28,142 - INFO - 	256	472598930277.4838	0	2.446570634841919	186.71969556808472	1108	593	142.05474972724915	768
2025-02-11 06:27:28,917 - INFO - 	257	462459099618.1253	0	2.473674774169922	187.49462151527405	1111	593	142.6371738910675	771
2025-02-11 06:27:29,595 - INFO - 	258	459984723760.9507	0	2.4976446628570557	188.17229771614075	1114	593	143.11916875839233	774
2025-02-11 06:27:30,264 - INFO - 	259	458930459128.7823	0	2.526662588119507	188.8405418395996	1117	593	143.59345865249634	777
2025-02-11 06:27:30,946 - INFO - 	260	457553348636.25055	0	2.556211471557617	189.52273297309875	1120	593	144.08351492881775	780
2025-02-11 06:27:31,702 - INFO - 	261	447032811246.0019	0	2.5803253650665283	190.27827882766724	1123	593	144.65132355690002	783
2025-02-11 06:27:32,350 - INFO - 	262	444102755599.87714	0	2.6051952838897705	190.92638683319092	1126	593	145.11478233337402	786
2025-02-11 06:27:32,981 - INFO - 	263	439929412325.93243	0	2.622528314590454	191.55751872062683	1129	593	145.5709934234619	789
2025-02-11 06:27:33,628 - INFO - 	264	437961159050.52026	0	2.656235456466675	192.20463371276855	1132	593	146.02687215805054	792
2025-02-11 06:27:34,359 - INFO - 	265	426497596416.0818	0	2.685594320297241	192.93575644493103	1135	593	146.57119941711426	795
2025-02-11 06:27:34,993 - INFO - 	266	403556800108.31024	0	2.6972403526306152	193.5694603919983	1138	593	147.03531122207642	798
2025-02-11 06:27:35,654 - INFO - 	267	402562640745.6378	0	2.7288763523101807	194.2297065258026	1141	593	147.50580096244812	801
2025-02-11 06:27:36,382 - INFO - 	268	388441000095.41315	0	2.7576653957366943	194.9582405090332	1144	593	148.04714274406433	804
2025-02-11 06:27:37,047 - INFO - 	269	387557800419.7882	0	2.791804313659668	195.6224114894867	1147	593	148.5189459323883	807
2025-02-11 06:27:37,788 - INFO - 	270	385849399611.673	0	2.825085163116455	196.3642373085022	1150	593	149.0696451663971	810
2025-02-11 06:27:38,456 - INFO - 	271	380395505083.8227	0	2.864362955093384	197.0322024822235	1153	593	149.5394992828369	813
2025-02-11 06:27:39,113 - INFO - 	272	379969143572.9897	0	2.8879501819610596	197.688809633255	1156	593	150.014493227005	816
2025-02-11 06:27:39,830 - INFO - 	273	374626149271.0264	0	2.913180351257324	198.40531373023987	1159	593	150.54765224456787	819
2025-02-11 06:27:40,499 - INFO - 	274	370013713769.9591	0	2.944876194000244	199.0746247768402	1162	593	151.02634239196777	822
2025-02-11 06:27:41,249 - INFO - 	275	365405321995.0462	0	2.9851601123809814	199.82406997680664	1165	593	151.57461953163147	825
2025-02-11 06:27:41,989 - INFO - 	276	359613698435.5717	0	3.0224621295928955	200.56460809707642	1168	593	152.08523178100586	828
2025-02-11 06:27:42,659 - INFO - 	277	358100109704.85254	0	3.04117488861084	201.2343270778656	1171	593	152.5736207962036	831
2025-02-11 06:27:43,359 - INFO - 	278	356085965549.0725	0	3.082350015640259	201.933589220047	1174	593	153.0676248073578	834
2025-02-11 06:27:44,115 - INFO - 	279	353223198755.79156	0	3.1053049564361572	202.68987321853638	1177	593	153.63812160491943	837
2025-02-11 06:27:44,800 - INFO - 	280	347427206788.1751	0	3.1400811672210693	203.3744761943817	1180	593	154.12605452537537	840
2025-02-11 06:27:45,541 - INFO - 	281	338164733678.43604	0	3.1631202697753906	204.11557841300964	1183	593	154.65632486343384	843
2025-02-11 06:27:46,303 - INFO - 	282	330578171299.8846	0	3.192368268966675	204.87714743614197	1186	593	155.2278847694397	846
2025-02-11 06:27:46,968 - INFO - 	283	330291202961.00275	0	3.223904609680176	205.54253029823303	1189	593	155.70211338996887	849
2025-02-11 06:27:47,667 - INFO - 	284	327047726018.87445	0	3.255009651184082	206.24125719070435	1192	593	156.2059965133667	852
2025-02-11 06:27:48,434 - INFO - 	285	318941529513.65796	0	3.307797431945801	207.0088131427765	1195	593	156.76192951202393	855
2025-02-11 06:27:49,103 - INFO - 	286	308528907767.3206	0	3.3506674766540527	207.67711114883423	1198	593	157.22672748565674	858
2025-02-11 06:27:49,757 - INFO - 	287	308276337898.161	0	3.37192440032959	208.33143186569214	1201	593	157.70120573043823	861
2025-02-11 06:27:50,437 - INFO - 	288	303782147407.34283	0	3.4160172939300537	209.01151585578918	1204	593	158.1810405254364	864
2025-02-11 06:27:51,109 - INFO - 	289	299408355957.8362	0	3.4472920894622803	209.68301486968994	1207	593	158.6635775566101	867
2025-02-11 06:27:51,850 - INFO - 	290	293807678782.3424	0	3.4722893238067627	210.4242479801178	1210	593	159.2214548587799	870
2025-02-11 06:27:52,507 - INFO - 	291	278465477771.44183	0	3.4879751205444336	211.08074808120728	1213	593	159.70382070541382	873
2025-02-11 06:27:53,155 - INFO - 	292	267804160982.56754	0	3.5118701457977295	211.72901701927185	1216	593	160.1714928150177	876
2025-02-11 06:27:53,822 - INFO - 	293	263466677806.69528	0	3.5458881855010986	212.39531421661377	1219	593	160.64211988449097	879
2025-02-11 06:27:54,551 - INFO - 	294	263048100832.55713	0	3.580726385116577	213.12406015396118	1222	593	161.180260181427	882
2025-02-11 06:27:55,212 - INFO - 	295	262149933046.55072	0	3.6179184913635254	213.78494715690613	1225	593	161.64585423469543	885
2025-02-11 06:27:55,854 - INFO - 	296	260673881329.87918	0	3.639366388320923	214.42747354507446	1228	593	162.10912322998047	888
2025-02-11 06:27:56,585 - INFO - 	297	259347953233.821	0	3.6519434452056885	215.1582634449005	1231	593	162.66934657096863	891
2025-02-11 06:27:57,249 - INFO - 	298	254603994497.4938	0	3.686549186706543	215.821932554245	1234	593	163.141921043396	894
2025-02-11 06:27:57,910 - INFO - 	299	250345749363.70737	0	3.727780342102051	216.4825475215912	1237	593	163.60493898391724	897
2025-02-11 06:27:58,584 - INFO - 	300	250041910392.04764	0	3.7797653675079346	217.156804561615	1240	593	164.06986927986145	900
2025-02-11 06:27:59,337 - INFO - 	301	245738555916.26752	0	3.822850465774536	217.90955066680908	1243	593	164.6150345802307	903
2025-02-11 06:28:00,025 - INFO - 	302	242423934804.7299	0	3.8670732975006104	218.59740281105042	1246	593	165.0999550819397	906
2025-02-11 06:28:00,686 - INFO - 	303	236525236447.0984	0	3.907278299331665	219.25824666023254	1249	593	165.56200528144836	909
2025-02-11 06:28:01,350 - INFO - 	304	235233914224.1751	0	3.9465041160583496	219.92250967025757	1252	593	166.02978539466858	912
2025-02-11 06:28:02,109 - INFO - 	305	226485346609.14713	0	3.997783899307251	220.68137550354004	1255	593	166.58078479766846	915
2025-02-11 06:28:02,789 - INFO - 	306	226322708864.24985	0	4.032087087631226	221.36090660095215	1258	593	167.06961154937744	918
2025-02-11 06:28:03,468 - INFO - 	307	223797418843.4593	0	4.065473318099976	222.04066157341003	1261	593	167.5569508075714	921
2025-02-11 06:28:04,158 - INFO - 	308	217760731106.51593	0	4.104494333267212	222.73023438453674	1264	593	168.04860401153564	924
2025-02-11 06:28:04,891 - INFO - 	309	216970508772.6506	0	4.136868953704834	223.46296310424805	1267	593	168.5919988155365	927
2025-02-11 06:28:05,648 - INFO - 	310	216370221950.7058	0	4.173717737197876	224.2200469970703	1270	593	169.15518379211426	930
2025-02-11 06:28:06,376 - INFO - 	311	212370001024.4862	0	4.209070682525635	224.94779992103577	1273	593	169.682275056839	933
2025-02-11 06:28:07,103 - INFO - 	312	208700695988.87198	0	4.249147653579712	225.6741168498993	1276	593	170.19077515602112	936
2025-02-11 06:28:07,786 - INFO - 	313	203871284889.658	0	4.276183605194092	226.35718894004822	1279	593	170.68110871315002	939
2025-02-11 06:28:08,615 - INFO - 	314	201710433878.28644	0	4.314717769622803	227.1859691143036	1282	593	171.29007172584534	942
2025-02-11 06:28:09,341 - INFO - 	315	198426594552.07587	0	4.366111755371094	227.9118881225586	1285	593	171.80230069160461	945
2025-02-11 06:28:10,045 - INFO - 	316	195463915963.72604	0	4.4111127853393555	228.6165850162506	1288	593	172.30181455612183	948
2025-02-11 06:28:10,862 - INFO - 	317	183462737356.0596	0	4.473695755004883	229.43265509605408	1291	593	172.8939654827118	951
2025-02-11 06:28:11,571 - INFO - 	318	178095021471.19034	0	4.523305654525757	230.14209604263306	1294	593	173.38941979408264	954
2025-02-11 06:28:12,276 - INFO - 	319	175505767118.70374	0	4.55825662612915	230.84661388397217	1297	593	173.89145016670227	957
2025-02-11 06:28:13,009 - INFO - 	320	171803432262.86102	0	4.598959684371948	231.5795910358429	1300	593	174.40566635131836	960
2025-02-11 06:28:13,834 - INFO - 	321	170371154574.12067	0	4.635753870010376	232.40460991859436	1303	593	175.02629160881042	963
2025-02-11 06:28:14,584 - INFO - 	322	166584540853.56622	0	4.6512839794158936	233.15484070777893	1306	593	175.6014862060547	966
2025-02-11 06:28:15,282 - INFO - 	323	162847362634.44315	0	4.689133167266846	233.8529233932495	1309	593	176.10180020332336	969
2025-02-11 06:28:15,975 - INFO - 	324	161158718916.79794	0	4.728061199188232	234.5453155040741	1312	593	176.59484720230103	972
2025-02-11 06:28:16,767 - INFO - 	325	153225449949.66962	0	4.769313335418701	235.33740043640137	1315	593	177.1860420703888	975
2025-02-11 06:28:17,439 - INFO - 	326	148931828319.34866	0	4.80167031288147	236.0096607208252	1318	593	177.66443610191345	978
2025-02-11 06:28:18,125 - INFO - 	327	144736917303.14044	0	4.842608213424683	236.69487071037292	1321	593	178.14748096466064	981
2025-02-11 06:28:18,917 - INFO - 	328	144736917303.1404	0	4.885555267333984	237.4866726398468	1324	593	178.73397397994995	984
2025-02-11 06:28:19,603 - INFO - 	329	140388908271.64658	0	4.936344146728516	238.1731674671173	1327	593	179.21015906333923	987
2025-02-11 06:28:20,293 - INFO - 	330	138065414794.2055	0	4.989434003829956	238.86267638206482	1330	593	179.68704295158386	990
2025-02-11 06:28:21,030 - INFO - 	331	133905601119.95953	0	5.038581848144531	239.60002040863037	1333	593	180.21260380744934	993
2025-02-11 06:28:21,817 - INFO - 	332	132103947012.10439	0	5.089369773864746	240.38654017448425	1336	593	180.78903031349182	996
2025-02-11 06:28:22,465 - INFO - 	333	132103947012.10442	0	5.10071063041687	241.03439617156982	1339	593	181.2659614086151	999
2025-02-11 06:28:23,150 - INFO - 	334	128880152987.99165	0	5.156402826309204	241.7197642326355	1342	593	181.73646759986877	1002
2025-02-11 06:28:23,830 - INFO - 	335	128880152987.99162	0	5.1924216747283936	242.39982199668884	1345	593	182.22139382362366	1005
2025-02-11 06:28:24,494 - INFO - 	336	126443102186.52008	0	5.218114614486694	243.06369972229004	1348	593	182.70088696479797	1008
2025-02-11 06:28:25,231 - INFO - 	337	125302269176.27577	0	5.23590874671936	243.79998874664307	1351	593	183.26075077056885	1011
2025-02-11 06:28:25,907 - INFO - 	338	124572845900.12654	0	5.272591829299927	244.47607564926147	1354	593	183.7414674758911	1014
2025-02-11 06:28:26,575 - INFO - 	339	124358017108.8737	0	5.3101606369018555	245.14374470710754	1357	593	184.212655544281	1017
2025-02-11 06:28:27,256 - INFO - 	340	120966503828.05223	0	5.350795745849609	245.82474946975708	1360	593	184.6944830417633	1020
2025-02-11 06:28:28,013 - INFO - 	341	117932374280.9968	0	5.40004563331604	246.58189725875854	1363	593	185.24418354034424	1023
2025-02-11 06:28:28,679 - INFO - 	342	116507418260.48427	0	5.433241605758667	247.2474684715271	1366	593	185.71916031837463	1026
2025-02-11 06:28:29,358 - INFO - 	343	112767938367.99176	0	5.473165512084961	247.92647862434387	1369	593	186.20015287399292	1029
2025-02-11 06:28:30,116 - INFO - 	344	111617004648.23872	0	5.507951498031616	248.68482375144958	1372	593	186.7653408050537	1032
2025-02-11 06:28:30,814 - INFO - 	345	110811481518.01012	0	5.5382654666900635	249.3827576637268	1375	593	187.27450108528137	1035
2025-02-11 06:28:31,490 - INFO - 	346	107966607013.42769	0	5.566304683685303	250.05800795555115	1378	593	187.7632782459259	1038
2025-02-11 06:28:32,284 - INFO - 	347	105594241446.24811	0	5.620330572128296	250.85199785232544	1381	593	188.34474849700928	1041
2025-02-11 06:28:32,979 - INFO - 	348	104512104164.96703	0	5.668055295944214	251.54707980155945	1384	593	188.83418154716492	1044
2025-02-11 06:28:33,668 - INFO - 	349	103572913246.06157	0	5.711036443710327	252.23649263381958	1387	593	189.32186198234558	1047
2025-02-11 06:28:34,342 - INFO - 	350	102334970046.53241	0	5.752272367477417	252.909996509552	1390	593	189.7958903312683	1050
2025-02-11 06:28:35,004 - INFO - 	351	100791127878.9212	0	5.7968573570251465	253.57230639457703	1393	593	190.2552399635315	1053
2025-02-11 06:28:35,752 - INFO - 	352	100557395024.2668	0	5.8390724658966064	254.31934547424316	1396	593	190.80196404457092	1056
2025-02-11 06:28:36,411 - INFO - 	353	99518193559.30855	0	5.869399547576904	254.97897672653198	1399	593	191.27277302742004	1059
2025-02-11 06:28:37,058 - INFO - 	354	99490279741.51178	0	5.889481544494629	255.62558770179749	1402	593	191.74118208885193	1062
2025-02-11 06:28:37,806 - INFO - 	355	96453517581.06932	0	5.923520565032959	256.3734595775604	1405	593	192.29667115211487	1065
2025-02-11 06:28:38,452 - INFO - 	356	93032578726.88278	0	5.951097726821899	257.0189697742462	1408	593	192.7563030719757	1068
2025-02-11 06:28:39,106 - INFO - 	357	91210549683.07838	0	5.984902381896973	257.6737358570099	1411	593	193.21893095970154	1071
2025-02-11 06:28:39,776 - INFO - 	358	85837945850.11182	0	6.019479274749756	258.3432288169861	1414	593	193.69580268859863	1074
2025-02-11 06:28:40,540 - INFO - 	359	83301222503.16013	0	6.067779302597046	259.10734462738037	1417	593	194.25318336486816	1077
2025-02-11 06:28:41,193 - INFO - 	360	79207960302.45435	0	6.104556322097778	259.7601697444916	1420	593	194.71144652366638	1080
2025-02-11 06:28:41,842 - INFO - 	361	78857366669.612	0	6.141813516616821	260.4091606140137	1423	593	195.16557621955872	1083
2025-02-11 06:28:42,503 - INFO - 	362	76509069779.47293	0	6.176993370056152	261.0692856311798	1426	593	195.632657289505	1086
2025-02-11 06:28:43,239 - INFO - 	363	76471735708.84218	0	6.216179370880127	261.8054916858673	1429	593	196.17148327827454	1089
2025-02-11 06:28:43,885 - INFO - 	364	74394194237.53596	0	6.254720449447632	262.45170879364014	1432	593	196.6212944984436	1092
2025-02-11 06:28:44,552 - INFO - 	365	74058455303.422	0	6.294164419174194	263.1185290813446	1435	593	197.09065318107605	1095
2025-02-11 06:28:45,214 - INFO - 	366	70994137526.08144	0	6.328887462615967	263.78054213523865	1438	593	197.55988240242004	1098
2025-02-11 06:28:45,947 - INFO - 	367	69400264168.87982	0	6.363811492919922	264.5134060382843	1441	593	198.09999632835388	1101
2025-02-11 06:28:46,602 - INFO - 	368	68886635943.65643	0	6.399749517440796	265.1677312850952	1444	593	198.56065130233765	1104
2025-02-11 06:28:47,381 - INFO - 	369	67036107583.306	0	6.4539265632629395	265.947473526001	1447	593	199.11632323265076	1107
2025-02-11 06:28:48,158 - INFO - 	370	64349016507.05373	0	6.493176460266113	266.72437357902527	1450	593	199.6609845161438	1110
2025-02-11 06:28:49,042 - INFO - 	371	64349016507.05371	0	6.52361536026001	267.6082053184509	1453	593	200.32065558433533	1113
2025-02-11 06:28:49,862 - INFO - 	372	58231234260.18631	0	6.563262224197388	268.42723846435547	1456	593	200.89316153526306	1116
2025-02-11 06:28:50,545 - INFO - 	373	58231234260.18632	0	6.591522455215454	269.11066150665283	1459	593	201.36185359954834	1119
2025-02-11 06:28:51,201 - INFO - 	374	54435257868.70724	0	6.619442701339722	269.7666656970978	1462	593	201.83216857910156	1122
2025-02-11 06:28:51,946 - INFO - 	375	46854574624.72695	0	6.654821872711182	270.5111508369446	1465	593	202.38317918777466	1125
2025-02-11 06:28:52,639 - INFO - 	376	42953049590.717705	0	6.715774774551392	271.204220533371	1468	593	202.85759592056274	1128
2025-02-11 06:28:53,401 - INFO - 	377	40143726081.46614	0	6.755823850631714	271.96638464927673	1471	593	203.42219257354736	1131
2025-02-11 06:28:54,105 - INFO - 	378	39680962982.96414	0	6.789738655090332	272.6700077056885	1474	593	203.93080234527588	1134
2025-02-11 06:28:54,802 - INFO - 	379	39019627506.58767	0	6.83500075340271	273.3665578365326	1477	593	204.41253232955933	1137
2025-02-11 06:28:55,454 - INFO - 	380	39019627506.587654	0	6.859222650527954	274.0186388492584	1480	593	204.88260889053345	1140
2025-02-11 06:28:56,200 - INFO - 	381	38800616483.49618	0	6.879119634628296	274.76454877853394	1483	593	205.4506528377533	1143
2025-02-11 06:28:56,884 - INFO - 	382	35030197558.318985	0	6.928898572921753	275.4489459991455	1486	593	205.92450952529907	1146
2025-02-11 06:28:57,558 - INFO - 	383	34618660315.225716	0	6.969240665435791	276.12223982810974	1489	593	206.399240732193	1149
2025-02-11 06:28:58,241 - INFO - 	384	34600439486.78988	0	7.009676456451416	276.80530977249146	1492	593	206.88442254066467	1152
2025-02-11 06:28:59,023 - INFO - 	385	32559180365.528763	0	7.069181442260742	277.58689761161804	1495	593	207.448828458786	1155
2025-02-11 06:28:59,707 - INFO - 	386	30785128783.06659	0	7.11510157585144	278.271365404129	1498	593	207.92907571792603	1158
2025-02-11 06:29:00,372 - INFO - 	387	30025304852.942936	0	7.154229640960693	278.9361343383789	1501	593	208.39639043807983	1161
2025-02-11 06:29:01,063 - INFO - 	388	27056680563.260258	0	7.216904640197754	279.6273205280304	1504	593	208.86707663536072	1164
2025-02-11 06:29:01,847 - INFO - 	389	26678115449.882812	0	7.2615368366241455	280.4113006591797	1507	593	209.44893765449524	1167
2025-02-11 06:29:02,530 - INFO - 	390	24738387190.94264	0	7.304264783859253	281.0938606262207	1510	593	209.93119144439697	1170
2025-02-11 06:29:03,199 - INFO - 	391	21670180346.24975	0	7.3423967361450195	281.76274132728577	1513	593	210.40376925468445	1173
2025-02-11 06:29:03,856 - INFO - 	392	18554028975.299564	0	7.374062776565552	282.4195716381073	1516	593	210.87110686302185	1176
2025-02-11 06:29:04,561 - INFO - 	393	18498489058.445293	0	7.382425546646118	283.12499165534973	1519	593	211.41040682792664	1179
2025-02-11 06:29:05,227 - INFO - 	394	12413090382.660824	0	7.429025888442993	283.79050874710083	1522	593	211.8707857131958	1182
2025-02-11 06:29:05,921 - INFO - 	395	10612873619.921904	0	7.482477903366089	284.4842848777771	1525	593	212.3523771762848	1185
2025-02-11 06:29:06,693 - INFO - 	396	8882547745.500044	0	7.53116512298584	285.2563087940216	1528	593	212.91726422309875	1188
2025-02-11 06:29:07,391 - INFO - 	397	6533629051.144281	0	7.588424205780029	285.9538688659668	1531	593	213.39944529533386	1191
2025-02-11 06:29:08,078 - INFO - 	398	5464855056.171009	0	7.638596057891846	286.64077067375183	1534	593	213.87724041938782	1194
2025-02-11 06:29:08,763 - INFO - 	399	2899980334.148913	0	7.69348931312561	287.3261137008667	1537	593	214.3496105670929	1197
2025-02-11 06:29:09,516 - INFO - 	400	1419542050.7166598	0	7.727469205856323	288.0790047645569	1540	593	214.91040563583374	1200
2025-02-11 06:29:10,183 - INFO - 	401	1607.4134089515799	0	7.767352342605591	288.7456839084625	1543	593	215.379079580307	1203
2025-02-11 06:29:10,868 - INFO - 	402	1596.847560417619	0	7.773601531982422	289.43104887008667	1546	593	215.8999834060669	1206
2025-02-11 06:29:11,562 - INFO - 	403	1555.3660967985013	0	7.783085584640503	290.12425804138184	1549	593	216.4253373146057	1209
2025-02-11 06:29:12,326 - INFO - 	404	1545.0264444533843	0	7.78985071182251	290.88864302635193	1552	593	217.02425861358643	1212
2025-02-11 06:29:13,024 - INFO - 	405	1527.4600595349425	0	7.802517652511597	291.5865390300751	1555	593	217.55112051963806	1215
2025-02-11 06:29:13,722 - INFO - 	406	1512.3484537507002	0	7.811452627182007	292.28463411331177	1558	593	218.08215951919556	1218
2025-02-11 06:29:14,505 - INFO - 	407	1504.9030090630815	0	7.818726539611816	293.06717896461487	1561	593	218.69938325881958	1221
2025-02-11 06:29:15,209 - INFO - 	408	1493.9766446243493	0	7.830715656280518	293.7708647251129	1564	593	219.23279285430908	1224
2025-02-11 06:29:15,910 - INFO - 	409	1482.8287037499395	0	7.837649583816528	294.4718806743622	1567	593	219.76824378967285	1227
2025-02-11 06:29:16,609 - INFO - 	410	1470.5905043938674	0	7.846445560455322	295.1713695526123	1570	593	220.3005051612854	1230
2025-02-11 06:29:17,386 - INFO - 	411	1462.6255745631258	0	7.859505653381348	295.9482595920563	1573	593	220.9065818786621	1233
2025-02-11 06:29:18,107 - INFO - 	412	1450.15343601773	0	7.904038667678833	296.66864347457886	1576	593	221.4250705242157	1236
2025-02-11 06:29:18,792 - INFO - 	413	1441.362999492035	0	7.9134767055511475	297.3534743785858	1579	593	221.9429633617401	1239
2025-02-11 06:29:19,480 - INFO - 	414	1436.6060628979603	0	7.922595977783203	298.0415201187134	1582	593	222.4638385772705	1242
2025-02-11 06:29:20,173 - INFO - 	415	1430.5705945908257	0	7.931800842285156	298.7348721027374	1585	593	222.9899663925171	1245
2025-02-11 06:29:20,947 - INFO - 	416	1422.9718624625611	0	7.940937757492065	299.5080032348633	1588	593	223.59659147262573	1248
2025-02-11 06:29:21,650 - INFO - 	417	1413.3549279594245	0	7.950986862182617	300.21116614341736	1591	593	224.13140964508057	1251
2025-02-11 06:29:22,356 - INFO - 	418	1405.5898575625542	0	7.958775758743286	300.917236328125	1594	593	224.67166948318481	1254
2025-02-11 06:29:23,138 - INFO - 	419	1400.1407648591903	0	7.965660572052002	301.6993451118469	1597	593	225.289302110672	1257
2025-02-11 06:29:23,847 - INFO - 	420	1399.281599540282	0	7.977412462234497	302.40755224227905	1600	593	225.8279631137848	1260
2025-02-11 06:29:24,550 - INFO - 	421	1391.649108100245	0	7.989924430847168	303.11077427864075	1603	593	226.36122012138367	1263
2025-02-11 06:29:25,333 - INFO - 	422	1387.9814826745169	0	8.002506494522095	303.89387106895447	1606	593	226.97411918640137	1266
2025-02-11 06:29:26,033 - INFO - 	423	1383.8357591153563	0	8.012729167938232	304.5939199924469	1609	593	227.50620794296265	1269
2025-02-11 06:29:26,728 - INFO - 	424	1382.8067296300037	0	8.021838188171387	305.288302898407	1612	593	228.0333173274994	1272
2025-02-11 06:29:27,427 - INFO - 	425	1377.2381906277838	0	8.033500909805298	305.9874587059021	1615	593	228.56307983398438	1275
2025-02-11 06:29:28,219 - INFO - 	426	1373.3932024072424	0	8.045691967010498	306.77916502952576	1618	593	229.1850287914276	1278
2025-02-11 06:29:28,908 - INFO - 	427	1369.1571426229746	0	8.052414894104004	307.46790194511414	1621	593	229.70952200889587	1281
2025-02-11 06:29:29,597 - INFO - 	428	1368.759033415417	0	8.057167053222656	308.1568601131439	1624	593	230.2359058856964	1284
2025-02-11 06:29:30,290 - INFO - 	429	1364.9691155090534	0	8.065337896347046	308.85010385513306	1627	593	230.76256227493286	1287
2025-02-11 06:29:31,072 - INFO - 	430	1360.5526814378677	0	8.076941013336182	309.63226079940796	1630	593	231.3753786087036	1290
2025-02-11 06:29:31,770 - INFO - 	431	1359.4419657282886	0	8.08493161201477	310.3299489021301	1633	593	231.90740656852722	1293
2025-02-11 06:29:32,471 - INFO - 	432	1357.3234659716672	0	8.092131614685059	311.0307710170746	1636	593	232.4431939125061	1296
2025-02-11 06:29:33,275 - INFO - 	433	1356.8407976618857	0	8.097348690032959	311.8348059654236	1639	593	233.08431267738342	1299
2025-02-11 06:29:33,976 - INFO - 	434	1353.9004506750666	0	8.105491399765015	312.53526973724365	1642	593	233.61951661109924	1302
2025-02-11 06:29:34,675 - INFO - 	435	1352.7249992300838	0	8.111373662948608	313.2348976135254	1645	593	234.15551948547363	1305
2025-02-11 06:29:35,370 - INFO - 	436	1351.4164890277937	0	8.120274782180786	313.9297745227814	1648	593	234.68433952331543	1308
2025-02-11 06:29:36,150 - INFO - 	437	1349.544772867443	0	8.128927946090698	314.70951437950134	1651	593	235.29805064201355	1311
2025-02-11 06:29:36,844 - INFO - 	438	1347.138922504715	0	8.13798189163208	315.4033136367798	1654	593	235.825026512146	1314
2025-02-11 06:29:37,546 - INFO - 	439	1345.57873287029	0	8.147114992141724	316.1049678325653	1657	593	236.3598027229309	1317
2025-02-11 06:29:38,309 - INFO - 	440	1345.5787328702902	0	8.149526119232178	316.867812871933	1660	593	236.96282291412354	1320
2025-02-11 06:29:38,997 - INFO - 	441	1345.1995129176137	0	8.153241157531738	317.55604314804077	1663	593	237.48984098434448	1323
2025-02-11 06:29:39,688 - INFO - 	442	1343.9676127522137	0	8.161925315856934	318.2467873096466	1666	593	238.0139708518982	1326
2025-02-11 06:29:40,465 - INFO - 	443	1343.1185087404951	0	8.167831182479858	319.02382040023804	1669	593	238.62745833396912	1329
2025-02-11 06:29:41,164 - INFO - 	444	1342.1595769863281	0	8.174854278564453	319.72217559814453	1672	593	239.16106629371643	1332
2025-02-11 06:29:41,874 - INFO - 	445	1340.8451742189668	0	8.184245347976685	320.4324827194214	1675	593	239.70467829704285	1335
2025-02-11 06:29:42,576 - INFO - 	446	1339.6777523770447	0	8.191567182540894	321.1344156265259	1678	593	240.24147129058838	1338
2025-02-11 06:29:43,367 - INFO - 	447	1338.253671263702	0	8.200997114181519	321.9252576828003	1681	593	240.8652732372284	1341
2025-02-11 06:29:44,066 - INFO - 	448	1337.2479247961783	0	8.207965850830078	322.6240258216858	1684	593	241.39905905723572	1344
2025-02-11 06:29:44,763 - INFO - 	449	1335.328288951813	0	8.21565318107605	323.3213107585907	1687	593	241.93070006370544	1347
2025-02-11 06:29:45,456 - INFO - 	450	1334.0868122198194	0	8.223308086395264	324.01427960395813	1690	593	242.4582052230835	1350
2025-02-11 06:29:46,225 - INFO - 	451	1333.595379500995	0	8.227248191833496	324.7830765247345	1693	593	243.06548476219177	1353
2025-02-11 06:29:46,919 - INFO - 	452	1331.921669962776	0	8.236181497573853	325.47658348083496	1696	593	243.5925476551056	1356
2025-02-11 06:29:47,615 - INFO - 	453	1330.0501389752596	0	8.245801448822021	326.1726174354553	1699	593	244.121191740036	1359
2025-02-11 06:29:48,319 - INFO - 	454	1328.3166241236431	0	8.256745338439941	326.8766784667969	1702	593	244.65613269805908	1362
2025-02-11 06:29:49,017 - INFO - 	455	1327.1534657390391	0	8.266311168670654	327.57487535476685	1705	593	245.18674278259277	1365
2025-02-11 06:29:49,784 - INFO - 	456	1326.408925692818	0	8.272676467895508	328.3415353298187	1708	593	245.78946590423584	1368
2025-02-11 06:29:50,478 - INFO - 	457	1325.2298915792296	0	8.281094312667847	329.0354940891266	1711	593	246.31740498542786	1371
2025-02-11 06:29:51,257 - INFO - 	458	1323.9340726053697	0	8.29354739189148	329.8139989376068	1714	593	246.92613220214844	1374
2025-02-11 06:29:51,958 - INFO - 	459	1322.0308067086553	0	8.303962230682373	330.5149338245392	1717	593	247.45872473716736	1377
2025-02-11 06:29:52,672 - INFO - 	460	1321.431332799598	0	8.312639236450195	331.22857999801636	1720	593	248.0060739517212	1380
2025-02-11 06:29:53,370 - INFO - 	461	1320.5501899649823	0	8.318785905838013	331.9267292022705	1723	593	248.54020881652832	1383
2025-02-11 06:29:54,166 - INFO - 	462	1319.5100253997887	0	8.327862977981567	332.7230541706085	1726	593	249.17000484466553	1386
2025-02-11 06:29:54,867 - INFO - 	463	1318.5356398558129	0	8.33855390548706	333.4240412712097	1729	593	249.70186567306519	1389
2025-02-11 06:29:55,558 - INFO - 	464	1317.8691188884252	0	8.347135782241821	334.1144540309906	1732	593	250.2259075641632	1392
2025-02-11 06:29:56,265 - INFO - 	465	1316.4387058648847	0	8.36021876335144	334.8210186958313	1735	593	250.76194834709167	1395
2025-02-11 06:29:56,963 - INFO - 	466	1316.0107669702033	0	8.368243932723999	335.5196499824524	1738	593	251.29493856430054	1398
2025-02-11 06:29:57,738 - INFO - 	467	1315.3765299158656	0	8.377944946289062	336.29470205307007	1741	593	251.90279984474182	1401
2025-02-11 06:29:58,438 - INFO - 	468	1314.8381834054608	0	8.387144088745117	336.99391508102417	1744	593	252.43530750274658	1404
2025-02-11 06:29:59,220 - INFO - 	469	1314.1105710373934	0	8.39507532119751	337.77638721466064	1747	593	253.05208086967468	1407
2025-02-11 06:29:59,925 - INFO - 	470	1313.4172456589865	0	8.406565427780151	338.4809641838074	1750	593	253.58739161491394	1410
2025-02-11 06:30:00,619 - INFO - 	471	1313.1132720956718	0	8.41475224494934	339.17499327659607	1753	593	254.11606097221375	1413
2025-02-11 06:30:01,310 - INFO - 	472	1312.8336444272827	0	8.42243218421936	339.8662941455841	1756	593	254.64195919036865	1416
2025-02-11 06:30:02,076 - INFO - 	473	1312.831035541141	0	8.427684307098389	340.63190841674805	1759	593	255.24505138397217	1419
2025-02-11 06:30:02,767 - INFO - 	474	1312.3817495037968	0	8.435838460922241	341.3225746154785	1762	593	255.76992082595825	1422
2025-02-11 06:30:03,455 - INFO - 	475	1312.282956109295	0	8.44167447090149	342.010719537735	1765	593	256.29464864730835	1425
2025-02-11 06:30:04,164 - INFO - 	476	1311.1451337542057	0	8.448333501815796	342.7197985649109	1768	593	256.8390758037567	1428
2025-02-11 06:30:04,938 - INFO - 	477	1310.6276853448742	0	8.455483675003052	343.4932804107666	1771	593	257.44743061065674	1431
2025-02-11 06:30:05,624 - INFO - 	478	1310.459811969074	0	8.46334171295166	344.17934226989746	1774	593	257.96806049346924	1434
2025-02-11 06:30:06,309 - INFO - 	479	1310.1019356124189	0	8.470226764678955	344.8646471500397	1777	593	258.48920130729675	1437
2025-02-11 06:30:06,995 - INFO - 	480	1310.021133581442	0	8.473678588867188	345.54995012283325	1780	593	259.0131800174713	1440
2025-02-11 06:30:07,767 - INFO - 	481	1309.7179390756423	0	8.483371496200562	346.3223283290863	1783	593	259.6179790496826	1443
2025-02-11 06:30:08,459 - INFO - 	482	1309.5176732151338	0	8.49099063873291	347.01400542259216	1786	593	260.14435482025146	1446
2025-02-11 06:30:09,144 - INFO - 	483	1309.5176732151342	0	8.495678663253784	347.6986255645752	1789	593	260.6667387485504	1449
2025-02-11 06:30:09,833 - INFO - 	484	1309.1221711239532	0	8.504222869873047	348.3881084918976	1792	593	261.19004487991333	1452
2025-02-11 06:30:10,614 - INFO - 	485	1308.8406390150594	0	8.513282775878906	349.1682107448578	1795	593	261.80311608314514	1455
2025-02-11 06:30:11,297 - INFO - 	486	1308.8257572436632	0	8.517707824707031	349.8516626358032	1798	593	262.3245029449463	1458
2025-02-11 06:30:11,987 - INFO - 	487	1308.3619194307878	0	8.526448965072632	350.54105281829834	1801	593	262.84754824638367	1461
2025-02-11 06:30:12,678 - INFO - 	488	1308.0000000000005	0	8.534126996994019	351.23186564445496	1804	593	263.37315940856934	1464
2025-02-11 06:30:26,779 - INFO - 	489	1307.999999999999	13.39672303199768	8.543095350265503	365.332772731781	1807	593	263.9107632637024	1464
2025-02-11 06:30:40,657 - INFO - 	490	1307.9999999999993	26.574995040893555	8.548290491104126	379.2113814353943	1810	593	264.4478425979614	1464
2025-02-11 06:30:55,083 - INFO - 	491	1307.6136501631172	40.359593629837036	8.555780410766602	393.63730239868164	1813	593	264.92339515686035	1464
2025-02-11 06:30:55,776 - INFO - 	492	1307.0588961561336	40.359593629837036	8.563571691513062	394.32967948913574	1816	593	265.44951128959656	1467
2025-02-11 06:30:56,558 - INFO - 	493	1306.8077572760658	40.359593629837036	8.571078777313232	395.1115527153015	1819	593	266.06623888015747	1470
2025-02-11 06:30:57,251 - INFO - 	494	1306.509403867686	40.359593629837036	8.576867580413818	395.8042788505554	1822	593	266.59557056427	1473
2025-02-11 06:30:57,954 - INFO - 	495	1306.319004856794	40.359593629837036	8.586853504180908	396.5075316429138	1825	593	267.1307740211487	1476
2025-02-11 06:30:58,745 - INFO - 	496	1306.0282700207172	40.359593629837036	8.600114583969116	397.29852747917175	1828	593	267.7507209777832	1479
2025-02-11 06:30:59,449 - INFO - 	497	1306.0000000000014	40.359593629837036	8.609832286834717	398.00273728370667	1831	593	268.2871768474579	1482
2025-02-11 06:31:13,633 - INFO - 	498	1302.3673116816128	53.91095042228699	8.618755102157593	412.1865336894989	1834	593	268.7530610561371	1482
2025-02-11 06:31:14,335 - INFO - 	499	1302.0000000000002	53.91095042228699	8.628030061721802	412.88827562332153	1837	593	269.2870020866394	1485
2025-02-11 06:31:23,825 - INFO - 	500	1302.000000000001	62.70025157928467	8.633264064788818	422.3779077529907	1840	593	269.82396173477173	1486
2025-02-11 06:31:38,096 - INFO - 	501	1302.0000000000002	76.18073844909668	8.637124061584473	436.64876985549927	1842	593	270.45206332206726	1486
2025-02-11 06:31:52,211 - INFO - 	502	1302.0000000000005	89.66639685630798	8.644554138183594	450.7635769844055	1844	593	270.91572427749634	1486
2025-02-11 06:32:06,605 - INFO - 	503	1300.8755606663653	103.4284815788269	8.652309894561768	465.1581528186798	1846	593	271.38192534446716	1486
2025-02-11 06:32:07,304 - INFO - 	504	1300.609128582179	103.4284815788269	8.66153073310852	465.8564085960388	1849	593	271.9129009246826	1489
2025-02-11 06:32:08,083 - INFO - 	505	1300.4987458556313	103.4284815788269	8.666966915130615	466.6357305049896	1852	593	272.5286557674408	1492
2025-02-11 06:32:08,772 - INFO - 	506	1300.3671925842978	103.4284815788269	8.67309284210205	467.32400035858154	1855	593	273.0528826713562	1495
2025-02-11 06:32:09,469 - INFO - 	507	1300.0000000000007	103.4284815788269	8.686543941497803	468.0210795402527	1858	593	273.578989982605	1498
2025-02-11 06:32:23,799 - INFO - 	508	1300.000000000001	117.05365777015686	8.691487789154053	482.3516364097595	1861	593	274.12136006355286	1498
2025-02-11 06:32:38,112 - INFO - 	509	1299.9999999999989	130.66144800186157	8.696106672286987	496.6645555496216	1864	593	274.66319274902344	1498
2025-02-11 06:32:52,521 - INFO - 	510	1299.9999999999993	144.27533531188965	8.701303720474243	511.0727424621582	1867	593	275.2947030067444	1498
2025-02-11 06:33:07,241 - INFO - 	511	1299.9999999999995	158.28140234947205	8.707876443862915	525.7926044464111	1869	593	275.8433542251587	1498
2025-02-11 06:33:21,911 - INFO - 
ya no tiene columnas con costo reducido negative
2025-02-11 06:33:21,911 - INFO - Set parameter OutputFlag to value 1
2025-02-11 06:33:21,912 - INFO - Set parameter LogFile to value "logs_new/salida_modelo_caminos_340_567_25.log"
2025-02-11 06:33:21,914 - INFO - Set parameter TimeLimit to value 7200
2025-02-11 06:33:21,915 - INFO - Gurobi Optimizer version 11.0.1 build v11.0.1rc0 (mac64[arm] - Darwin 24.3.0 24D60)
2025-02-11 06:33:21,916 - INFO - 
2025-02-11 06:33:21,918 - INFO - CPU model: Apple M2
2025-02-11 06:33:21,919 - INFO - Thread count: 8 physical cores, 8 logical processors, using up to 8 threads
2025-02-11 06:33:21,919 - INFO - 
2025-02-11 06:33:21,920 - INFO - Optimize a model with 593 rows, 1869 columns and 7766 nonzeros
2025-02-11 06:33:21,921 - INFO - Coefficient statistics:
2025-02-11 06:33:21,922 - INFO -   Matrix range     [1e+00, 1e+00]
2025-02-11 06:33:21,923 - INFO -   Objective range  [2e+00, 1e+10]
2025-02-11 06:33:21,923 - INFO -   Bounds range     [0e+00, 0e+00]
2025-02-11 06:33:21,924 - INFO -   RHS range        [1e+00, 2e+02]
2025-02-11 06:33:21,924 - INFO - Warning: Model contains large objective coefficients
2025-02-11 06:33:21,925 - INFO -          Consider reformulating model or setting NumericFocus parameter
2025-02-11 06:33:21,926 - INFO -          to avoid numerical issues.
2025-02-11 06:33:21,927 - INFO - 
2025-02-11 06:33:21,928 - INFO - Solved in 0 iterations and 0.01 seconds (0.00 work units)
2025-02-11 06:33:21,929 - INFO - Optimal objective  1.300000000e+03
2025-02-11 06:33:21,934 - INFO - Gurobi Optimizer version 11.0.1 build v11.0.1rc0 (mac64[arm] - Darwin 24.3.0 24D60)
2025-02-11 06:33:21,935 - INFO - 
2025-02-11 06:33:21,936 - INFO - CPU model: Apple M2
2025-02-11 06:33:21,936 - INFO - Thread count: 8 physical cores, 8 logical processors, using up to 8 threads
2025-02-11 06:33:21,937 - INFO - 
2025-02-11 06:33:21,937 - INFO - Optimize a model with 593 rows, 1869 columns and 7766 nonzeros
2025-02-11 06:33:21,938 - INFO - Model fingerprint: 0x69a75a86
2025-02-11 06:33:21,938 - INFO - Variable types: 0 continuous, 1869 integer (1869 binary)
2025-02-11 06:33:21,939 - INFO - Coefficient statistics:
2025-02-11 06:33:21,940 - INFO -   Matrix range     [1e+00, 1e+00]
2025-02-11 06:33:21,940 - INFO -   Objective range  [2e+00, 1e+10]
2025-02-11 06:33:21,940 - INFO -   Bounds range     [0e+00, 0e+00]
2025-02-11 06:33:21,941 - INFO -   RHS range        [1e+00, 2e+02]
2025-02-11 06:33:21,941 - INFO - Warning: Model contains large objective coefficients
2025-02-11 06:33:21,941 - INFO -          Consider reformulating model or setting NumericFocus parameter
2025-02-11 06:33:21,942 - INFO -          to avoid numerical issues.
2025-02-11 06:33:21,943 - INFO - Found heuristic solution: objective 3.400000e+12
2025-02-11 06:33:21,962 - INFO - Presolve removed 250 rows and 0 columns
2025-02-11 06:33:21,962 - INFO - Presolve time: 0.02s
2025-02-11 06:33:21,968 - INFO - Presolved: 343 rows, 1869 columns, 7524 nonzeros
2025-02-11 06:33:21,974 - INFO - Variable types: 0 continuous, 1869 integer (1869 binary)
2025-02-11 06:33:21,975 - INFO - Found heuristic solution: objective 3.300000e+12
2025-02-11 06:33:22,074 - INFO - 
2025-02-11 06:33:22,075 - INFO - Root relaxation: objective 1.300000e+03, 1904 iterations, 0.10 seconds (0.12 work units)
2025-02-11 06:33:22,139 - INFO - 
2025-02-11 06:33:22,139 - INFO -     Nodes    |    Current Node    |     Objective Bounds      |     Work
2025-02-11 06:33:22,140 - INFO -  Expl Unexpl |  Obj  Depth IntInf | Incumbent    BestBd   Gap | It/Node Time
2025-02-11 06:33:22,141 - INFO - 
2025-02-11 06:33:22,141 - INFO -      0     0 1300.00000    0  284 3.3000e+12 1300.00000   100%     -    0s
2025-02-11 06:33:22,142 - INFO - H    0     0                    5.500000e+11 1300.00000   100%     -    0s
2025-02-11 06:33:22,143 - INFO - H    0     0                    4.400000e+11 1300.00000   100%     -    0s
2025-02-11 06:33:22,149 - INFO - H    0     0                    3.000000e+11 1300.00000   100%     -    0s
2025-02-11 06:33:22,152 - INFO - H    0     0                    2.700000e+11 1300.00000   100%     -    0s
2025-02-11 06:33:22,282 - INFO -      0     0 1300.00000    0  311 2.7000e+11 1300.00000   100%     -    0s
2025-02-11 06:33:22,324 - INFO - H    0     0                    2.600000e+11 1300.00000   100%     -    0s
2025-02-11 06:33:22,432 - INFO - H    0     0                    1.400000e+11 1300.00000   100%     -    0s
2025-02-11 06:33:22,436 - INFO -      0     0 1300.00000    0  301 1.4000e+11 1300.00000   100%     -    0s
2025-02-11 06:33:22,540 - INFO -      0     0 1300.00000    0  296 1.4000e+11 1300.00000   100%     -    0s
2025-02-11 06:33:22,546 - INFO -      0     0 1300.00000    0  301 1.4000e+11 1300.00000   100%     -    0s
2025-02-11 06:33:22,615 - INFO -      0     0 1300.00000    0  295 1.4000e+11 1300.00000   100%     -    0s
2025-02-11 06:33:22,622 - INFO -      0     0 1300.00000    0  298 1.4000e+11 1300.00000   100%     -    0s
2025-02-11 06:33:22,687 - INFO -      0     0 1300.00000    0  298 1.4000e+11 1300.00000   100%     -    0s
2025-02-11 06:33:22,707 - INFO -      0     0 1300.00000    0  298 1.4000e+11 1300.00000   100%     -    0s
2025-02-11 06:33:22,837 - INFO -      0     2 1300.00000    0  288 1.4000e+11 1300.00000   100%     -    0s
2025-02-11 06:33:22,921 - INFO - H   33    40                    1.300000e+11 1300.05280   100%   210    0s
2025-02-11 06:33:22,922 - INFO - H   36    40                    1.200000e+11 1300.05280   100%   196    0s
2025-02-11 06:33:22,994 - INFO - H   70    79                    1.100000e+11 1300.06043   100%   152    1s
2025-02-11 06:33:22,994 - INFO - H   71    79                    9.000000e+10 1300.06043   100%   150    1s
2025-02-11 06:33:22,995 - INFO - H   76    79                    8.000000e+10 1300.25619   100%   146    1s
2025-02-11 06:33:23,398 - INFO - H  116   123                    7.000000e+10 1300.25619   100%   133    1s
2025-02-11 06:33:23,490 - INFO - H  150   160                    7.000000e+10 1300.25619   100%   124    1s
2025-02-11 06:33:23,892 - INFO - H  193   201                    6.000000e+10 1300.25619   100%   116    1s
2025-02-11 06:33:23,893 - INFO - H  196   201                    5.000000e+10 1300.25619   100%   115    1s
2025-02-11 06:33:26,974 - INFO -   1764  1694 2.1746e+10  109  301 5.0000e+10 1300.25644   100%  81.2    5s
2025-02-11 06:33:28,301 - INFO - H 1948  1741                    5.000000e+10 1300.25644   100%  83.1    6s
2025-02-11 06:33:29,003 - INFO - H 2111  1768                    4.999999e+10 1300.25644   100%  84.3    7s
2025-02-11 06:33:29,003 - INFO - H 2116  1691                    4.999998e+10 1300.25644   100%  84.2    7s
2025-02-11 06:33:31,199 - INFO - H 3098  2173                    4.999997e+10 1300.58511   100%  85.2    9s
2025-02-11 06:33:32,032 - INFO -   3295  2354 1366.90500   40  276 5.0000e+10 1300.58511   100%  85.8   10s
2025-02-11 06:33:34,316 - INFO - H 4692  2990                    4.999997e+10 1301.20084   100%  89.3   12s
2025-02-11 06:33:37,121 - INFO -   6181  4134 1.1114e+10   86  248 5.0000e+10 1301.73685   100%  91.6   15s
2025-02-11 06:33:41,994 - INFO -   8283  6062 3.1315e+10   91  229 5.0000e+10 1302.93116   100%  92.7   20s
2025-02-11 06:33:49,437 - INFO -  10798  8193 1.3792e+10  104  265 5.0000e+10 1303.21709   100%  93.6   27s
2025-02-11 06:33:52,494 - INFO -  11529  8718 1351.16697   44  281 5.0000e+10 1303.25182   100%  93.4   30s
2025-02-11 06:33:57,155 - INFO -  14705 11533 1390.93089   48  264 5.0000e+10 1304.00555   100%  92.4   35s
2025-02-11 06:34:04,859 - INFO -  18491 14811 1414.67407   56  270 5.0000e+10 1304.37656   100%  91.2   42s
2025-02-11 06:34:07,645 - INFO -  19854 17347 3.1456e+10  102  258 5.0000e+10 1304.60310   100%  90.8   45s
2025-02-11 06:34:12,647 - INFO -  26727 22963 1314.66460   30  291 5.0000e+10 1305.18537   100%  88.9   50s
2025-02-11 06:34:25,099 - INFO -  29538 24853 3.7329e+10  140  223 5.0000e+10 1305.44463   100%  87.2   63s
2025-02-11 06:34:27,299 - INFO -  29986 27844 7.2723e+08   62  263 5.0000e+10 1305.47919   100%  87.3   65s
2025-02-11 06:34:32,279 - INFO -  37261 32458 2.5661e+10   96  253 5.0000e+10 1306.12921   100%  85.8   70s
2025-02-11 06:34:38,215 - INFO -  46394 39162 1414.36320   37  273 5.0000e+10 1306.65750   100%  83.3   76s
2025-02-11 06:34:42,419 - INFO -  51979 44249 1441.52483   52  277 5.0000e+10 1306.96616   100%  83.0   80s
2025-02-11 06:34:47,220 - INFO -  59296 51828 1.0000e+10   58  246 5.0000e+10 1307.24170   100%  81.4   85s
2025-02-11 06:34:49,959 - INFO - *63573 46082             125    3.000000e+10 1307.41427   100%  80.5   88s
2025-02-11 06:34:52,033 - INFO -  68615 51099 1.4997e+10  110  259 3.0000e+10 1307.67053   100%  79.3   90s
2025-02-11 06:34:57,199 - INFO -  78014 59248 1368.06850   46  254 3.0000e+10 1308.04194   100%  78.0   95s
2025-02-11 06:35:02,150 - INFO -  85582 65936 1445.87935   65  239 3.0000e+10 1308.21987   100%  76.8  100s
2025-02-11 06:35:02,518 - INFO - H86493 66475                    3.000000e+10 1308.22367   100%  76.6  100s
2025-02-11 06:35:02,521 - INFO - H86635 66462                    3.000000e+10 1308.23622   100%  76.7  100s
2025-02-11 06:35:02,523 - INFO - H86902 66413                    3.000000e+10 1308.23622   100%  76.6  100s
2025-02-11 06:35:04,469 - INFO - H89470 60052                    2.000000e+10 1308.28765   100%  76.5  102s
2025-02-11 06:35:07,477 - INFO -  92286 62826 1325.67092   28  290 2.0000e+10 1308.42119   100%  76.3  105s
2025-02-11 06:35:12,284 - INFO -  102682 70835 1.1006e+10   55  275 2.0000e+10 1308.81950   100%  75.7  110s
2025-02-11 06:35:17,535 - INFO -  109590 76506 infeasible  119      2.0000e+10 1309.06237   100%  75.8  115s
2025-02-11 06:35:22,297 - INFO -  119411 86480 1335.83199   28  271 2.0000e+10 1309.36260   100%  75.1  120s
2025-02-11 06:35:24,321 - INFO - H123372 87975                    2.000000e+10 1309.44147   100%  74.8  122s
2025-02-11 06:35:26,350 - INFO - H126341 91034                    1.999998e+10 1309.54440   100%  74.6  124s
2025-02-11 06:35:27,115 - INFO -  127957 92650 1389.58919   48  285 2.0000e+10 1309.57813   100%  74.4  125s
2025-02-11 06:35:30,347 - INFO - H131645 94955                    1.999997e+10 1309.67463   100%  74.4  128s
2025-02-11 06:35:32,255 - INFO -  134759 98895 1.7360e+10  117  270 2.0000e+10 1309.75956   100%  74.2  130s
2025-02-11 06:35:37,328 - INFO -  143591 105815 1369.10218   47  268 2.0000e+10 1309.92375   100%  74.3  135s
2025-02-11 06:35:39,733 - INFO - H148151 108890                    1.999997e+10 1310.05575   100%  74.3  137s
2025-02-11 06:35:42,121 - INFO -  153001 112973 1351.45820   42  261 2.0000e+10 1310.13996   100%  73.9  140s
2025-02-11 06:35:47,050 - INFO -  158822 118394 1330.07410   41  288 2.0000e+10 1310.24852   100%  74.1  145s
2025-02-11 06:35:51,251 - INFO - H166982 124609                    1.999996e+10 1310.40156   100%  73.9  149s
2025-02-11 06:35:52,009 - INFO -  168371 126403 1312.96619   24  277 2.0000e+10 1310.42403   100%  73.8  150s
2025-02-11 06:35:57,177 - INFO -  175515 132253 1.8047e+09   58  254 2.0000e+10 1310.56413   100%  73.6  155s
2025-02-11 06:36:02,301 - INFO -  184325 138980 1.3231e+10  122  239 2.0000e+10 1310.71580   100%  73.6  160s
2025-02-11 06:36:07,270 - INFO -  193253 147368 2.5166e+09   60  239 2.0000e+10 1310.87600   100%  73.4  165s
2025-02-11 06:36:12,047 - INFO -  200567 153145 1346.34180   35  284 2.0000e+10 1310.97726   100%  73.3  170s
2025-02-11 06:36:17,050 - INFO -  209291 161292 1328.62355   32  271 2.0000e+10 1311.11677   100%  72.9  175s
2025-02-11 06:36:22,150 - INFO -  217710 167128 1332.53822   49  289 2.0000e+10 1311.24424   100%  72.8  180s
2025-02-11 06:36:27,366 - INFO -  224382 173998 1.3500e+10   84  244 2.0000e+10 1311.34732   100%  72.7  185s
2025-02-11 06:36:32,215 - INFO -  235619 182596 1331.23576   35  307 2.0000e+10 1311.52565   100%  72.4  190s
2025-02-11 06:36:37,132 - INFO -  242346 188291 1391.59154   51  265 2.0000e+10 1311.59885   100%  72.4  195s
2025-02-11 06:36:42,121 - INFO -  250181 195023 1330.21428   33  278 2.0000e+10 1311.67304   100%  72.2  200s
2025-02-11 06:36:48,183 - INFO -  259103 202458 2.5873e+09   76  244 2.0000e+10 1311.80080   100%  72.1  206s
2025-02-11 06:36:51,968 - INFO -  267073 208862 1.5432e+09   54  262 2.0000e+10 1311.89480   100%  72.0  210s
2025-02-11 06:36:57,586 - INFO -  267913 208963 1421.97119   45  266 2.0000e+10 1311.90355   100%  72.0  215s
2025-02-11 06:37:01,983 - INFO -  274577 215232 4.9056e+08   55  276 2.0000e+10 1312.00089   100%  72.1  220s
2025-02-11 06:37:07,297 - INFO -  283202 222746 1.1396e+10  124  253 2.0000e+10 1312.12527   100%  71.9  225s
2025-02-11 06:37:12,360 - INFO -  293054 230012 1.3260e+10  143  263 2.0000e+10 1312.23486   100%  71.7  230s
2025-02-11 06:37:17,177 - INFO -  299422 235494 1359.25595   39  288 2.0000e+10 1312.29243   100%  71.6  235s
2025-02-11 06:37:22,357 - INFO -  308458 244081 1377.62690   57  248 2.0000e+10 1312.37027   100%  71.5  240s
2025-02-11 06:37:27,307 - INFO -  318656 252448 9.1301e+09  105  277 2.0000e+10 1312.47244   100%  71.4  245s
2025-02-11 06:37:31,995 - INFO -  325987 258461 1326.74083   33  279 2.0000e+10 1312.54523   100%  71.2  250s
2025-02-11 06:37:37,549 - INFO -  336427 266685 1329.07664   41  260 2.0000e+10 1312.65379   100%  71.0  255s
2025-02-11 06:37:42,359 - INFO -  344182 273751 1423.61232   65  271 2.0000e+10 1312.73533   100%  71.0  260s
2025-02-11 06:37:47,083 - INFO -  353418 281870 6.7816e+09   74  261 2.0000e+10 1312.81578   100%  70.8  265s
2025-02-11 06:37:53,672 - INFO -  358441 291067 1350.34341   47  275 2.0000e+10 1312.84750   100%  70.8  271s
2025-02-11 06:37:57,416 - INFO -  368690 294976 1346.93813   48  276 2.0000e+10 1312.94576   100%  70.8  275s
2025-02-11 06:38:02,079 - INFO -  377087 300851 2.0323e+08   46  266 2.0000e+10 1313.01996   100%  70.7  280s
2025-02-11 06:38:08,299 - INFO -  386344 308820 1.1682e+10  101  257 2.0000e+10 1313.13060   100%  70.5  286s
2025-02-11 06:38:12,046 - INFO -  394762 316145 1375.67676   40  262 2.0000e+10 1313.21659   100%  70.4  290s
2025-02-11 06:38:17,012 - INFO -  401105 321623 1377.28058   40  249 2.0000e+10 1313.25226   100%  70.5  295s
2025-02-11 06:38:22,129 - INFO -  408791 327398 6.5311e+08   63  279 2.0000e+10 1313.31112   100%  70.3  300s
2025-02-11 06:38:27,079 - INFO -  419794 337310     cutoff  120      2.0000e+10 1313.39501   100%  70.2  305s
2025-02-11 06:38:32,227 - INFO -  427400 343497 3.1538e+08   65  269 2.0000e+10 1313.46069   100%  70.2  310s
2025-02-11 06:39:46,513 - INFO -  437969 351730 1321.00983   31  285 2.0000e+10 1313.53713   100%  69.9  384s
2025-02-11 06:39:47,290 - INFO -  438148 351828 1323.80834   32  277 2.0000e+10 1313.53713   100%  69.9  385s
2025-02-11 06:39:51,970 - INFO -  446235 358679 1319.14297   31  283 2.0000e+10 1313.59844   100%  69.8  390s
2025-02-11 06:39:57,358 - INFO -  456136 367019 1.5826e+09   80  260 2.0000e+10 1313.66661   100%  69.6  395s
2025-02-11 06:40:02,662 - INFO -  464886 374781 5.9740e+09   91  262 2.0000e+10 1313.73917   100%  69.6  400s
2025-02-11 06:40:07,330 - INFO -  472488 381442 1378.08460   49  285 2.0000e+10 1313.79316   100%  69.5  405s
2025-02-11 06:41:47,133 - INFO -  473451 382476 1329.09231   38  286 2.0000e+10 1313.80338   100%  69.5  505s
2025-02-11 06:41:51,968 - INFO -  479947 388053 1374.12421   54  260 2.0000e+10 1313.86326   100%  69.3  510s
2025-02-11 06:41:57,056 - INFO -  491574 398203 4.7187e+09  112  260 2.0000e+10 1313.94026   100%  69.2  515s
2025-02-11 06:42:02,485 - INFO -  500197 404275 1413.60988   50  281 2.0000e+10 1313.99713   100%  69.2  520s
2025-02-11 06:42:07,060 - INFO -  511257 413469 1.0135e+10  119  265 2.0000e+10 1314.07407   100%  69.0  525s
2025-02-11 06:43:48,400 - INFO -  514796 417417 1349.45881   39  282 2.0000e+10 1314.09706   100%  68.9  626s
2025-02-11 06:43:52,272 - INFO -  521021 423352 1332.37424   42  293 2.0000e+10 1314.13536   100%  68.8  630s
2025-02-11 06:43:57,281 - INFO -  530433 429753 9446630.08   62  266 2.0000e+10 1314.19236   100%  68.6  635s
2025-02-11 06:44:02,172 - INFO -  542272 440435 6.0982e+09  102  255 2.0000e+10 1314.27337   100%  68.5  640s
2025-02-11 06:44:07,545 - INFO -  550253 447240 5.9513e+09   83  273 2.0000e+10 1314.31646   100%  68.4  645s
2025-02-11 06:45:49,834 - INFO -  554702 451068     cutoff  112      2.0000e+10 1314.32671   100%  68.5  747s
2025-02-11 06:45:52,197 - INFO -  557794 453075 1.3750e+10  101  257 2.0000e+10 1314.34928   100%  68.4  750s
2025-02-11 06:45:57,071 - INFO -  563853 458070 infeasible   54      2.0000e+10 1314.39830   100%  68.6  755s
2025-02-11 06:46:02,025 - INFO -  572544 465292 1.4658e+10  108  251 2.0000e+10 1314.44307   100%  68.5  760s
2025-02-11 06:46:07,346 - INFO -  582373 473064 1429.43633   65  245 2.0000e+10 1314.50241   100%  68.5  765s
2025-02-11 06:47:52,876 - INFO -  594856 483075 1.8485e+10  121  270 2.0000e+10 1314.57240   100%  68.3  870s
2025-02-11 06:47:57,113 - INFO -  602471 489116 1333.76253   34  271 2.0000e+10 1314.60814   100%  68.4  875s
2025-02-11 06:48:03,505 - INFO -  609764 500426 1373.39579   41  268 2.0000e+10 1314.65093   100%  68.3  881s
2025-02-11 06:48:06,941 - INFO -  619201 503183 1402.06941   69  262 2.0000e+10 1314.69953   100%  68.2  885s
2025-02-11 06:48:12,047 - INFO -  628928 512152 1357.70015   33  282 2.0000e+10 1314.74529   100%  68.2  890s
2025-02-11 06:49:54,209 - INFO -  633058 515051 8.9440e+09   84  250 2.0000e+10 1314.75934   100%  68.1  992s
2025-02-11 06:49:57,487 - INFO -  635996 517937 7.5139e+09   96  255 2.0000e+10 1314.78835   100%  68.1  995s
2025-02-11 06:50:02,147 - INFO -  645756 525659 1.9581e+10   46  241 2.0000e+10 1314.83288   100%  68.0 1000s
2025-02-11 06:50:07,631 - INFO -  654694 533343 1337.89135   41  253 2.0000e+10 1314.87927   100%  68.0 1005s
2025-02-11 06:50:12,283 - INFO -  661275 539395 1.3198e+10  130  254 2.0000e+10 1314.91383   100%  68.0 1010s
2025-02-11 07:07:13,477 - INFO -  669190 545662 1419.74572   51  272 2.0000e+10 1314.95035   100%  68.0 2031s
2025-02-11 07:07:17,553 - INFO -  676511 550901 1.7584e+10   81  251 2.0000e+10 1314.98099   100%  67.9 2035s
2025-02-11 07:07:23,059 - INFO -  686055 558540 1.0369e+08   37  278 2.0000e+10 1315.02914   100%  67.8 2041s
2025-02-11 07:07:27,020 - INFO -  694860 566742 1320.00145   32  288 2.0000e+10 1315.06490   100%  67.7 2045s
2025-02-11 07:07:32,040 - INFO -  708148 577771 7.1542e+09   52  281 2.0000e+10 1315.11494   100%  67.4 2050s
2025-02-11 07:07:37,764 - INFO -  719981 586950 4.5143e+09   56  239 2.0000e+10 1315.17272   100%  67.2 2055s
2025-02-11 07:07:42,715 - INFO -  729121 594879     cutoff  113      2.0000e+10 1315.22941   100%  67.0 2060s
2025-02-11 07:07:47,411 - INFO -  737311 602347 1331.91222   38  288 2.0000e+10 1315.27600   100%  67.0 2065s
2025-02-11 07:09:34,108 - INFO -  746932 609620 9.2835e+09   47  270 2.0000e+10 1315.31790   100%  66.8 2172s
2025-02-11 07:09:37,378 - INFO -  752618 615366 1390.69399   48  271 2.0000e+10 1315.34765   100%  66.8 2175s
2025-02-11 07:09:42,336 - INFO -  764133 624998 1324.79854   33  277 2.0000e+10 1315.39690   100%  66.6 2180s
2025-02-11 07:09:47,204 - INFO -  772131 631410 1.0994e+10  107  262 2.0000e+10 1315.43484   100%  66.5 2185s
2025-02-11 07:09:52,062 - INFO -  782182 639703 1319.19360   33  290 2.0000e+10 1315.47564   100%  66.4 2190s
2025-02-11 07:25:20,540 - INFO -  787116 642951 4.7088e+09   66  266 2.0000e+10 1315.50250   100%  66.3 3118s
2025-02-11 07:25:22,034 - INFO -  789780 646019 1338.68279   42  284 2.0000e+10 1315.52080   100%  66.3 3120s
2025-02-11 07:25:26,942 - INFO -  799750 654294 1.3463e+10  105  277 2.0000e+10 1315.56418   100%  66.1 3125s
2025-02-11 07:25:32,064 - INFO -  810253 663185 1323.42716   32  285 2.0000e+10 1315.61216   100%  66.0 3130s
2025-02-11 07:25:37,227 - INFO -  818791 670620 1.4609e+10   89  271 2.0000e+10 1315.64121   100%  65.9 3135s
2025-02-11 07:25:42,450 - INFO -  831108 679775 9.4001e+07   59  288 2.0000e+10 1315.69012   100%  65.7 3140s
2025-02-11 07:25:47,050 - INFO -  841936 690058 1457.77520   37  252 2.0000e+10 1315.73322   100%  65.6 3145s
2025-02-11 07:25:52,239 - INFO -  850037 696905 1414.81378   54  261 2.0000e+10 1315.76223   100%  65.5 3150s
2025-02-11 07:25:57,013 - INFO -  859330 704709 8.8125e+08   84  255 2.0000e+10 1315.79436   100%  65.4 3155s
2025-02-11 07:41:27,940 - INFO -  869792 712323 8.9943e+09  105  236 2.0000e+10 1315.84095   100%  65.3 4086s
2025-02-11 07:41:32,092 - INFO -  877597 719946 4.5472e+09   76  264 2.0000e+10 1315.86914   100%  65.2 4090s
2025-02-11 07:41:37,477 - INFO -  889589 730215 1375.62458   54  275 2.0000e+10 1315.91935   100%  65.1 4095s
2025-02-11 07:41:43,831 - INFO -  900343 737695 1327.75452   33  282 2.0000e+10 1315.95919   100%  65.0 4101s
2025-02-11 07:41:47,277 - INFO -  906316 743681 1.2556e+09   66  261 2.0000e+10 1315.97883   100%  65.0 4105s
2025-02-11 07:41:51,955 - INFO -  918755 753972 5.5053e+08   45  268 2.0000e+10 1316.02210   100%  64.9 4110s
2025-02-11 07:41:58,131 - INFO -  929816 762333 1354.13094   51  268 2.0000e+10 1316.06381   100%  64.8 4116s
2025-02-11 07:42:02,359 - INFO -  939956 771022 1326.40963   35  289 2.0000e+10 1316.10027   100%  64.7 4120s
2025-02-11 07:42:07,667 - INFO -  941961 779004 1324.99512   35  287 2.0000e+10 1316.10599   100%  64.7 4125s
2025-02-11 07:57:34,604 - INFO -  949920 779493 3.2732e+09   99  256 2.0000e+10 1316.13777   100%  64.6 5052s
2025-02-11 07:57:37,256 - INFO -  954697 784504 1.0000e+10   68  263 2.0000e+10 1316.15472   100%  64.6 5055s
2025-02-11 07:57:42,495 - INFO -  968876 795340 5.2977e+09   99  283 2.0000e+10 1316.19804   100%  64.4 5060s
2025-02-11 07:57:47,050 - INFO -  976699 802723 3.8658e+09   78  257 2.0000e+10 1316.22319   100%  64.3 5065s
2025-02-11 07:57:52,210 - INFO -  984668 809339 1345.65939   30  271 2.0000e+10 1316.25038   100%  64.3 5070s
2025-02-11 07:57:57,378 - INFO -  995845 818385 1320.78486   29  276 2.0000e+10 1316.29920   100%  64.1 5075s
2025-02-11 07:58:02,139 - INFO -  1007119 828189 1339.65101   40  259 2.0000e+10 1316.33171   100%  64.1 5080s
2025-02-11 07:58:07,470 - INFO -  1017670 835902 1.9985e+09   70  275 2.0000e+10 1316.36799   100%  64.0 5085s
2025-02-11 07:58:12,246 - INFO -  1028549 846114 1.0000e+10   82  235 2.0000e+10 1316.40553   100%  63.9 5090s
2025-02-11 08:08:28,496 - INFO -  1030508 850901 1.0000e+10   70  257 2.0000e+10 1316.41544   100%  63.9 5706s
2025-02-11 08:08:32,495 - INFO -  1043299 857066 1341.23079   40  290 2.0000e+10 1316.45709   100%  63.8 5710s
2025-02-11 08:08:36,958 - INFO -  1052793 866126 1342.31090   42  274 2.0000e+10 1316.48867   100%  63.8 5715s
2025-02-11 08:08:42,246 - INFO -  1063030 873690 1.5702e+10  101  270 2.0000e+10 1316.52325   100%  63.7 5720s
2025-02-11 08:08:47,339 - INFO -  1072478 882535 1336.72808   46  274 2.0000e+10 1316.55138   100%  63.6 5725s
2025-02-11 08:08:52,796 - INFO -  1085789 892835 1340.92794   46  285 2.0000e+10 1316.59288   100%  63.5 5730s
2025-02-11 08:08:57,118 - INFO -  1096753 903168 1384.80724   56  262 2.0000e+10 1316.63261   100%  63.4 5735s
2025-02-11 08:09:01,960 - INFO -  1103784 909177 1320.56413   34  301 2.0000e+10 1316.65554   100%  63.3 5740s
2025-02-11 08:24:21,796 - INFO -  1117166 919789 1.8102e+10   74  240 2.0000e+10 1316.69405   100%  63.2 6659s
2025-02-11 08:24:22,357 - INFO -  1117859 920845 1.0794e+10   97  277 2.0000e+10 1316.69637   100%  63.2 6660s
2025-02-11 08:24:27,160 - INFO -  1127744 928888 1350.99729   44  276 2.0000e+10 1316.72341   100%  63.1 6665s
2025-02-11 08:24:32,388 - INFO -  1135381 935658 1325.16955   34  282 2.0000e+10 1316.74999   100%  63.1 6670s
2025-02-11 08:24:37,322 - INFO -  1147552 945351 7.1667e+09   72  257 2.0000e+10 1316.79067   100%  63.0 6675s
2025-02-11 08:24:42,199 - INFO -  1155684 952085 1340.26450   41  265 2.0000e+10 1316.81244   100%  62.9 6680s
2025-02-11 08:24:47,442 - INFO -  1167643 961618 3.2963e+09   89  267 2.0000e+10 1316.84396   100%  62.8 6685s
2025-02-11 08:24:52,029 - INFO -  1175850 968382 6.5424e+09   92  281 2.0000e+10 1316.86707   100%  62.8 6690s
2025-02-11 08:24:57,334 - INFO -  1186281 977910 1.4310e+10  116  253 2.0000e+10 1316.90519   100%  62.7 6695s
2025-02-11 08:25:02,753 - INFO -  1198728 989072 1.0000e+10   43  263 2.0000e+10 1316.94327   100%  62.7 6700s
2025-02-11 08:34:21,190 - INFO -  1200880 989080 1387.44923   58  291 2.0000e+10 1316.94837   100%  62.6 7259s
2025-02-11 08:34:21,193 - INFO - 
2025-02-11 08:34:21,201 - INFO - Cutting planes:
2025-02-11 08:34:21,202 - INFO -   Clique: 7
2025-02-11 08:34:21,203 - INFO -   Zero half: 5
2025-02-11 08:34:21,204 - INFO - 
2025-02-11 08:34:21,205 - INFO - Explored 1200888 nodes (75238397 simplex iterations) in 7259.27 seconds (1776.40 work units)
2025-02-11 08:34:21,205 - INFO - Thread count was 8 (of 8 available processors)
2025-02-11 08:34:21,206 - INFO - 
2025-02-11 08:34:21,207 - INFO - Solution count 10: 2e+10 2e+10 2e+10 ... 5e+10
2025-02-11 08:34:21,207 - INFO - 
2025-02-11 08:34:21,207 - INFO - Time limit reached
2025-02-11 08:34:21,208 - INFO - Best objective 1.999996343215e+10, best bound 1.316948365197e+03, gap 100.0000%
