2025-02-18 20:26:04,610 - INFO - 	count	z_opt	time_spp	time_lp	time_total	ncols	nrows	time_spp_low_res	n_cols_low_res
2025-02-18 20:26:18,532 - INFO - 	1	3320000000002.0	0	0.00020194053649902344	13.922055006027222	343	593	0	0
2025-02-18 20:26:32,391 - INFO - 	2	3240000000010.0	0	0.0004980564117431641	27.78062391281128	346	593	0	0
2025-02-18 20:26:46,358 - INFO - 	3	3240000000010.0	0	0.000782012939453125	41.74755311012268	349	593	0	0
2025-02-18 20:26:59,791 - INFO - 	4	3160000000025.0	0	0.0009508132934570312	55.18062615394592	352	593	0	0
2025-02-18 20:27:13,351 - INFO - 	5	3100000000026.0	0	0.0012466907501220703	68.740718126297	355	593	0	0
2025-02-18 20:27:27,355 - INFO - 	6	3100000000026.0	0	0.0015766620635986328	82.74458694458008	358	593	0	0
2025-02-18 20:27:40,918 - INFO - 	7	3100000000026.0	0	0.0019044876098632812	96.3074049949646	361	593	0	0
2025-02-18 20:27:54,691 - INFO - 	8	3100000000026.0	0	0.002218484878540039	110.08019208908081	364	593	0	0
2025-02-18 20:28:08,570 - INFO - 	9	3070000000029.5	0	0.0025475025177001953	123.95916700363159	367	593	0	0
2025-02-18 20:28:22,251 - INFO - 	10	3070000000029.5	0	0.00289154052734375	137.6402838230133	370	593	0	0
2025-02-18 20:28:35,781 - INFO - 	11	3055000000030.25	0	0.0032286643981933594	151.16948080062866	373	593	0	0
2025-02-18 20:28:49,178 - INFO - 	12	3020000000036.0	0	0.003558635711669922	164.566312789917	376	593	0	0
2025-02-18 20:29:02,149 - INFO - 	13	3015000000036.5	0	0.003905773162841797	177.5377447605133	379	593	0	0
2025-02-18 20:29:15,527 - INFO - 	14	2985000000038.5	0	0.004246711730957031	190.91524267196655	382	593	0	0
2025-02-18 20:29:28,838 - INFO - 	15	2975000000041.1665	0	0.004790782928466797	204.22610878944397	385	593	0	0
2025-02-18 20:29:41,999 - INFO - 	16	2955000000043.0	0	0.005242824554443359	217.3856077194214	388	593	0	0
2025-02-18 20:29:55,699 - INFO - 	17	2926666666715.001	0	0.005606889724731445	231.08571648597717	391	593	0	0
2025-02-18 20:30:08,772 - INFO - 	18	2870000000061.0	0	0.005959033966064453	244.15870237350464	394	593	0	0
2025-02-18 20:30:21,726 - INFO - 	19	2870000000061.0	0	0.006349086761474609	257.1121082305908	397	593	0	0
2025-02-18 20:30:34,763 - INFO - 	20	2870000000059.0	0	0.006696939468383789	270.1490502357483	400	593	0	0
2025-02-18 20:30:48,140 - INFO - 	21	2870000000059.0	0	0.007096052169799805	283.5258550643921	403	593	0	0
2025-02-18 20:31:01,960 - INFO - 	22	2850000000063.6	0	0.007669925689697266	297.3454520702362	406	593	0	0
2025-02-18 20:31:15,023 - INFO - 	23	2850000000063.6	0	0.008252859115600586	310.4080092906952	409	593	0	0
2025-02-18 20:31:28,678 - INFO - 	24	2780000000080.0	0	0.00869297981262207	324.06316018104553	412	593	0	0
2025-02-18 20:31:41,570 - INFO - 	25	2776666666747.999	0	0.009105920791625977	336.95436120033264	415	593	0	0
2025-02-18 20:31:55,143 - INFO - 	26	2750000000077.0	0	0.009492158889770508	350.52764534950256	418	593	0	0
2025-02-18 20:32:07,946 - INFO - 	27	2717500000082.75	0	0.009881973266601562	363.33063435554504	421	593	0	0
2025-02-18 20:32:20,590 - INFO - 	28	2680000000089.0	0	0.01033163070678711	375.9745604991913	424	593	0	0
2025-02-18 20:32:33,622 - INFO - 	29	2656666666758.6675	0	0.010985612869262695	389.0067174434662	427	593	0	0
2025-02-18 20:32:45,975 - INFO - 	30	2656666666758.6675	0	0.011581659317016602	401.35907435417175	430	593	0	0
2025-02-18 20:32:58,364 - INFO - 	31	2646923077019.1533	0	0.012326717376708984	413.7479887008667	433	593	0	0
2025-02-18 20:33:10,671 - INFO - 	32	2625000000105.25	0	0.012930870056152344	426.0551247596741	436	593	0	0
2025-02-18 20:33:23,449 - INFO - 	33	2596666666781.223	0	0.013409852981567383	438.8327085971832	439	593	0	0
2025-02-18 20:33:35,519 - INFO - 	34	2523333333459.001	0	0.013928890228271484	450.9032528400421	442	593	0	0
2025-02-18 20:33:47,489 - INFO - 	35	2501428571562.2144	0	0.014668941497802734	462.8727216720581	445	593	0	0
2025-02-18 20:33:59,177 - INFO - 	36	2492000000134.8	0	0.01529383659362793	474.5610976219177	448	593	0	0
2025-02-18 20:34:10,905 - INFO - 	37	2468000000140.9995	0	0.015822887420654297	486.28904366493225	451	593	0	0
2025-02-18 20:34:23,164 - INFO - 	38	2456666666809.3345	0	0.016752958297729492	498.54780769348145	454	593	0	0
2025-02-18 20:34:35,367 - INFO - 	39	2447500000142.25	0	0.017384052276611328	510.7500636577606	457	593	0	0
2025-02-18 20:34:47,175 - INFO - 	40	2420000000145.0	0	0.017901182174682617	522.5585374832153	460	593	0	0
2025-02-18 20:35:00,212 - INFO - 	41	2414000000147.0005	0	0.018456220626831055	535.5951974391937	463	593	0	0
2025-02-18 20:35:12,537 - INFO - 	42	2400000000151.0	0	0.019078969955444336	547.9196865558624	466	593	0	0
2025-02-18 20:35:24,479 - INFO - 	43	2400000000151.0	0	0.019716978073120117	559.8619575500488	469	593	0	0
2025-02-18 20:35:36,266 - INFO - 	44	2371648351804.473	0	0.020598888397216797	571.6484153270721	472	593	0	0
2025-02-18 20:35:48,491 - INFO - 	45	2363538461699.8926	0	0.02150702476501465	583.8739476203918	475	593	0	0
2025-02-18 20:35:59,716 - INFO - 	46	2332745098206.567	0	0.0220639705657959	595.0991444587708	478	593	0	0
2025-02-18 20:36:11,565 - INFO - 	47	2322500000167.084	0	0.023042917251586914	606.9464063644409	481	593	0	0
2025-02-18 20:36:22,517 - INFO - 	48	2312236842273.7773	0	0.023762226104736328	617.8982381820679	484	593	0	0
2025-02-18 20:36:34,051 - INFO - 	49	2281250000176.875	0	0.02476024627685547	629.4324262142181	487	593	0	0
2025-02-18 20:36:47,136 - INFO - 	50	2271989247495.1533	0	0.025826215744018555	642.5170052051544	490	593	0	0
2025-02-18 20:36:59,746 - INFO - 	51	2248333333525.9185	0	0.026691436767578125	655.1263842582703	493	593	0	0
2025-02-18 20:37:12,015 - INFO - 	52	2232500000191.625	0	0.028545618057250977	667.3953492641449	496	593	0	0
2025-02-18 20:37:23,837 - INFO - 	53	2225000000190.5	0	0.02943563461303711	679.2178542613983	499	593	0	0
2025-02-18 20:37:36,099 - INFO - 	54	2193030303231.91	0	0.030380725860595703	691.4790740013123	502	593	0	0
2025-02-18 20:37:47,221 - INFO - 	55	2180543478462.8586	0	0.03174877166748047	702.6011412143707	505	593	0	0
2025-02-18 20:37:58,680 - INFO - 	56	2151500000205.9497	0	0.032837629318237305	714.0598421096802	508	593	0	0
2025-02-18 20:38:10,826 - INFO - 	57	2133750000216.125	0	0.033838748931884766	726.2057650089264	511	593	0	0
2025-02-18 20:38:22,817 - INFO - 	58	2086666666896.6667	0	0.03466987609863281	738.1966333389282	514	593	0	0
2025-02-18 20:38:34,649 - INFO - 	59	2077727272961.2725	0	0.03547477722167969	750.0284564495087	517	593	0	0
2025-02-18 20:38:45,993 - INFO - 	60	2074666666901.3328	0	0.03644990921020508	761.3725383281708	520	593	0	0
2025-02-18 20:38:57,150 - INFO - 	61	2064375000236.8125	0	0.03771495819091797	772.5298504829407	523	593	0	0
2025-02-18 20:39:08,703 - INFO - 	62	2064375000236.8125	0	0.039122819900512695	784.0823514461517	526	593	0	0
2025-02-18 20:39:20,508 - INFO - 	63	2056666666906.0002	0	0.04026651382446289	795.8871612548828	529	593	0	0
2025-02-18 20:39:31,689 - INFO - 	64	2055404040641.1558	0	0.04134035110473633	807.0681612491608	532	593	0	0
2025-02-18 20:39:43,270 - INFO - 	65	2055404040641.1558	0	0.0425264835357666	818.6496512889862	535	593	0	0
2025-02-18 20:39:54,807 - INFO - 	66	2042325581639.2324	0	0.0445256233215332	830.1862964630127	538	593	0	0
2025-02-18 20:40:06,110 - INFO - 	67	2002453271282.8484	0	0.0458836555480957	841.4890975952148	541	593	0	0
2025-02-18 20:40:17,519 - INFO - 	68	1970857143120.933	0	0.0471348762512207	852.898209810257	544	593	0	0
2025-02-18 20:40:29,207 - INFO - 	69	1963333333598.3335	0	0.04902291297912598	864.5856447219849	547	593	0	0
2025-02-18 20:40:40,789 - INFO - 	70	1962272727538.469	0	0.05067706108093262	876.1672086715698	550	593	0	0
2025-02-18 20:40:51,704 - INFO - 	71	1952500000267.875	0	0.05175924301147461	887.0824468135834	553	593	0	0
2025-02-18 20:41:03,829 - INFO - 	72	1945961872019.013	0	0.053046464920043945	899.207154750824	556	593	0	0
2025-02-18 20:41:15,681 - INFO - 	73	1938281016712.533	0	0.05427861213684082	911.0595424175262	559	593	0	0
2025-02-18 20:41:27,295 - INFO - 	74	1935542253792.3582	0	0.057015419006347656	922.6735866069794	562	593	0	0
2025-02-18 20:41:38,558 - INFO - 	75	1927906977020.8293	0	0.06020641326904297	933.9350428581238	565	593	0	0
2025-02-18 20:41:49,912 - INFO - 	76	1903011583300.3044	0	0.06290817260742188	945.2889246940613	568	593	0	0
2025-02-18 20:42:02,175 - INFO - 	77	1898965065790.6484	0	0.06580114364624023	957.5524826049805	571	593	0	0
2025-02-18 20:42:13,227 - INFO - 	78	1885387523923.1987	0	0.06910204887390137	968.6046216487885	574	593	0	0
2025-02-18 20:42:25,080 - INFO - 	79	1872941176770.2063	0	0.07301616668701172	980.4573276042938	577	593	0	0
2025-02-18 20:42:36,039 - INFO - 	80	1849278937688.0854	0	0.07544994354248047	991.4162745475769	580	593	0	0
2025-02-18 20:42:46,223 - INFO - 	81	1831704871372.426	0	0.07740497589111328	1001.5996503829956	583	593	0	0
2025-02-18 20:42:56,681 - INFO - 	82	1821318955107.8062	0	0.0788261890411377	1012.0577733516693	586	593	0	0
2025-02-18 20:43:07,570 - INFO - 	83	1821113789152.8274	0	0.08229732513427734	1022.946346282959	589	593	0	0
2025-02-18 20:43:18,047 - INFO - 	84	1807008259727.457	0	0.08531832695007324	1033.42387342453	592	593	0	0
2025-02-18 20:43:28,301 - INFO - 	85	1795532078696.6428	0	0.08992838859558105	1043.6771965026855	595	593	0	0
2025-02-18 20:43:38,811 - INFO - 	86	1771986301711.911	0	0.09232449531555176	1054.1875214576721	598	593	0	0
2025-02-18 20:43:50,001 - INFO - 	87	1758196721658.818	0	0.0947413444519043	1065.3771393299103	601	593	0	0
2025-02-18 20:44:01,579 - INFO - 	88	1740650138090.541	0	0.10021638870239258	1076.9556272029877	604	593	0	0
2025-02-18 20:44:12,012 - INFO - 	89	1728484848842.2014	0	0.10356760025024414	1087.3882412910461	607	593	0	0
2025-02-18 20:44:22,490 - INFO - 	90	1722434128344.1719	0	0.10599470138549805	1097.8661723136902	610	593	0	0
2025-02-18 20:44:33,171 - INFO - 	91	1710552070632.3533	0	0.11034679412841797	1108.5469753742218	613	593	0	0
2025-02-18 20:44:43,812 - INFO - 	92	1702155542314.38	0	0.11453676223754883	1119.1881053447723	616	593	0	0
2025-02-18 20:44:54,226 - INFO - 	93	1683008474947.9214	0	0.1194007396697998	1129.6017293930054	619	593	0	0
2025-02-18 20:45:04,101 - INFO - 	94	1675675922083.7812	0	0.1224677562713623	1139.4764404296875	622	593	0	0
2025-02-18 20:45:14,307 - INFO - 	95	1663962264527.437	0	0.12828779220581055	1149.6828713417053	625	593	0	0
2025-02-18 20:45:24,630 - INFO - 	96	1638218281997.0012	0	0.1331617832183838	1160.0054802894592	628	593	0	0
2025-02-18 20:45:35,420 - INFO - 	97	1638199847828.8188	0	0.13676095008850098	1170.7954382896423	631	593	0	0
2025-02-18 20:45:46,270 - INFO - 	98	1623856383362.8599	0	0.13901162147521973	1181.6451122760773	634	593	0	0
2025-02-18 20:45:56,376 - INFO - 	99	1597882765051.3296	0	0.14278650283813477	1191.7509441375732	637	593	0	0
2025-02-18 20:46:06,333 - INFO - 	100	1597463194054.9607	0	0.14624667167663574	1201.7076680660248	640	593	0	0
2025-02-18 20:46:16,121 - INFO - 	101	1561823846340.2659	0	0.1506028175354004	1211.4961669445038	643	593	0	0
2025-02-18 20:46:26,203 - INFO - 	102	1550434672496.3403	0	0.15495586395263672	1221.5775697231293	646	593	0	0
2025-02-18 20:46:36,675 - INFO - 	103	1544793471427.2104	0	0.1571791172027588	1232.0496027469635	649	593	0	0
2025-02-18 20:48:02,315 - INFO - 	104	1541203680771.0662	0	0.15930724143981934	1317.6892795562744	652	593	0	0
2025-02-18 20:48:13,790 - INFO - 	105	1531865129037.82	0	0.16584539413452148	1329.1639323234558	655	593	0	0
2025-02-18 20:48:24,760 - INFO - 	106	1524077828595.992	0	0.1688225269317627	1340.1332755088806	658	593	0	0
2025-02-18 20:48:35,533 - INFO - 	107	1509230006682.3652	0	0.1729593276977539	1350.9069504737854	661	593	0	0
2025-02-18 20:48:46,332 - INFO - 	108	1504332387574.0164	0	0.18077349662780762	1361.7054643630981	664	593	0	0
2025-02-18 20:48:58,284 - INFO - 	109	1502789677650.774	0	0.18615365028381348	1373.657505273819	667	593	0	0
2025-02-18 20:49:09,833 - INFO - 	110	1499726125778.222	0	0.192307710647583	1385.2057955265045	670	593	0	0
2025-02-18 20:49:21,868 - INFO - 	111	1492480023080.3982	0	0.1996908187866211	1397.241637468338	673	593	0	0
2025-02-18 20:49:32,207 - INFO - 	112	1482393545204.1643	0	0.20505666732788086	1407.5796084403992	676	593	0	0
2025-02-18 20:49:42,815 - INFO - 	113	1475367647217.0178	0	0.20993757247924805	1418.188309431076	679	593	0	0
2025-02-18 20:49:52,955 - INFO - 	114	1463199398380.1577	0	0.21711969375610352	1428.3277034759521	682	593	0	0
2025-02-18 20:50:04,182 - INFO - 	115	1454384959016.735	0	0.22084665298461914	1439.5545344352722	685	593	0	0
2025-02-18 20:50:15,764 - INFO - 	116	1448274336736.7039	0	0.22560787200927734	1451.1365604400635	688	593	0	0
2025-02-18 20:50:26,072 - INFO - 	117	1428510042498.6624	0	0.23037481307983398	1461.4447572231293	691	593	0	0
2025-02-18 20:50:36,314 - INFO - 	118	1427774389285.6484	0	0.2320728302001953	1471.6866719722748	694	593	0	0
2025-02-18 20:50:46,764 - INFO - 	119	1417532872440.1072	0	0.23973369598388672	1482.1363129615784	697	593	0	0
2025-02-18 20:50:57,058 - INFO - 	120	1411634103487.1519	0	0.24722671508789062	1492.4306359291077	700	593	0	0
2025-02-18 20:51:07,889 - INFO - 	121	1400145467808.8481	0	0.2578699588775635	1503.2607998847961	703	593	0	0
2025-02-18 20:51:18,406 - INFO - 	122	1391552720665.3774	0	0.2650158405303955	1513.777724981308	706	593	0	0
2025-02-18 20:51:29,397 - INFO - 	123	1378980337620.2837	0	0.27027177810668945	1524.7685492038727	709	593	0	0
2025-02-18 20:51:39,629 - INFO - 	124	1356628415533.4395	0	0.2774808406829834	1535.0010342597961	712	593	0	0
2025-02-18 20:51:50,812 - INFO - 	125	1350015475844.5999	0	0.2849278450012207	1546.1836545467377	715	593	0	0
2025-02-18 20:52:01,807 - INFO - 	126	1337120377134.0425	0	0.2928009033203125	1557.1782643795013	718	593	0	0
2025-02-18 20:52:13,268 - INFO - 	127	1332132190486.6648	0	0.29554176330566406	1568.6395483016968	721	593	0	0
2025-02-18 20:52:24,238 - INFO - 	128	1322927915522.0234	0	0.30519580841064453	1579.6090605258942	724	593	0	0
2025-02-18 20:52:34,940 - INFO - 	129	1320368040336.9941	0	0.31003689765930176	1590.3112893104553	727	593	0	0
2025-02-18 20:52:44,734 - INFO - 	130	1301570188342.9248	0	0.3158998489379883	1600.1051483154297	730	593	0	0
2025-02-18 20:52:54,603 - INFO - 	131	1279198847304.8738	0	0.3263411521911621	1609.9745934009552	733	593	0	0
2025-02-18 20:53:04,807 - INFO - 	132	1271023701549.61	0	0.3352031707763672	1620.1776175498962	736	593	0	0
2025-02-18 20:53:15,051 - INFO - 	133	1249445347067.839	0	0.3423643112182617	1630.4215714931488	739	593	0	0
2025-02-18 20:53:24,539 - INFO - 	134	1239255465777.0361	0	0.34892725944519043	1639.9090912342072	742	593	0	0
2025-02-18 20:53:34,215 - INFO - 	135	1231395781333.39	0	0.3533194065093994	1649.5848121643066	745	593	0	0
2025-02-18 20:53:44,237 - INFO - 	136	1218146241672.562	0	0.36414122581481934	1659.6069633960724	748	593	0	0
2025-02-18 20:53:54,369 - INFO - 	137	1202613122020.9814	0	0.3700423240661621	1669.7383942604065	751	593	0	0
2025-02-18 20:54:03,926 - INFO - 	138	1188558819906.1677	0	0.37800025939941406	1679.29567694664	754	593	0	0
2025-02-18 20:54:14,051 - INFO - 	139	1182749696346.8582	0	0.387134313583374	1689.4204730987549	757	593	0	0
2025-02-18 20:54:23,300 - INFO - 	140	1173833610334.948	0	0.3924834728240967	1698.6697471141815	760	593	0	0
2025-02-18 20:54:32,959 - INFO - 	141	1160305397253.5222	0	0.4028022289276123	1708.3280079364777	763	593	0	0
2025-02-18 20:54:42,111 - INFO - 	142	1151873567663.083	0	0.4129362106323242	1717.4803178310394	766	593	0	0
2025-02-18 20:54:51,660 - INFO - 	143	1145617846814.5637	0	0.4231841564178467	1727.0289661884308	769	593	0	0
2025-02-18 20:55:02,107 - INFO - 	144	1138660965837.8948	0	0.43041300773620605	1737.476543188095	772	593	0	0
2025-02-18 20:55:12,444 - INFO - 	145	1132140369823.8171	0	0.43889713287353516	1747.8126554489136	775	593	0	0
2025-02-18 20:55:22,426 - INFO - 	146	1126189269962.8896	0	0.44916510581970215	1757.7952542304993	778	593	0	0
2025-02-18 20:55:32,309 - INFO - 	147	1115891783613.3757	0	0.4579901695251465	1767.6777679920197	781	593	0	0
2025-02-18 20:55:42,566 - INFO - 	148	1107221763713.4692	0	0.4684913158416748	1777.93483877182	784	593	0	0
2025-02-18 20:55:52,373 - INFO - 	149	1104976848641.158	0	0.4762711524963379	1787.7419700622559	787	593	0	0
2025-02-18 20:56:02,180 - INFO - 	150	1088320535629.9299	0	0.4874911308288574	1797.5484461784363	790	593	0	0
2025-02-18 20:56:12,217 - INFO - 	151	1083136378706.1426	0	0.4952962398529053	1807.5854089260101	793	593	0	0
2025-02-18 20:56:22,193 - INFO - 	152	1082782551821.0145	0	0.502007246017456	1817.5617797374725	796	593	0	0
2025-02-18 20:56:32,618 - INFO - 	153	1070334027562.0227	0	0.5131974220275879	1827.9861378669739	799	593	0	0
2025-02-18 20:56:42,318 - INFO - 	154	1063320759704.1732	0	0.5233392715454102	1837.6861519813538	802	593	0	0
2025-02-18 20:56:52,525 - INFO - 	155	1051851802086.2649	0	0.5363442897796631	1847.8934342861176	805	593	0	0
2025-02-18 20:57:02,145 - INFO - 	156	1044717293297.3896	0	0.5514113903045654	1857.512657403946	808	593	0	0
2025-02-18 20:57:11,965 - INFO - 	157	1035467904436.9619	0	0.5665912628173828	1867.333238363266	811	593	0	0
2025-02-18 20:57:21,809 - INFO - 	158	1035257128061.3226	0	0.5775024890899658	1877.1769602298737	814	593	0	0
2025-02-18 20:57:31,907 - INFO - 	159	1033243223760.1377	0	0.5831894874572754	1887.2749202251434	817	593	0	0
2025-02-18 20:57:41,514 - INFO - 	160	1025494666398.9963	0	0.5938832759857178	1896.8811554908752	820	593	0	0
2025-02-18 20:57:51,672 - INFO - 	161	1019055698507.4078	0	0.6089155673980713	1907.0392153263092	823	593	0	0
2025-02-18 20:58:01,311 - INFO - 	162	1009938345394.1938	0	0.6242227554321289	1916.6785583496094	826	593	0	0
2025-02-18 21:14:06,822 - INFO - 	163	1001250818814.8698	0	0.6375296115875244	2882.189476251602	829	593	0	0
2025-02-18 21:14:16,706 - INFO - 	164	999116449731.948	0	0.6535885334014893	2892.072402238846	832	593	0	0
2025-02-18 21:14:26,751 - INFO - 	165	996042243513.5911	0	0.6649253368377686	2902.1175575256348	835	593	0	0
2025-02-18 21:14:36,715 - INFO - 	166	978509631979.732	0	0.6825473308563232	2912.081147670746	838	593	0	0
2025-02-18 21:14:46,900 - INFO - 	167	974874749953.7588	0	0.6967713832855225	2922.266318798065	841	593	0	0
2025-02-18 21:14:56,892 - INFO - 	168	971736702937.8103	0	0.7104842662811279	2932.2583248615265	844	593	0	0
2025-02-18 21:15:06,541 - INFO - 	169	971162311511.3784	0	0.726323127746582	2941.907432079315	847	593	0	0
2025-02-18 21:15:17,166 - INFO - 	170	965518226090.6537	0	0.7359061241149902	2952.5326092243195	850	593	0	0
2025-02-18 21:15:28,419 - INFO - 	171	965337193716.2515	0	0.7465791702270508	2963.785336256027	853	593	0	0
2025-02-18 21:15:38,864 - INFO - 	172	964102387929.9703	0	0.7600390911102295	2974.23010802269	856	593	0	0
2025-02-18 21:15:49,977 - INFO - 	173	964078778975.0258	0	0.7650942802429199	2985.3428978919983	859	593	0	0
2025-02-18 21:16:01,065 - INFO - 	174	957671695117.5585	0	0.7765603065490723	2996.4306268692017	862	593	0	0
2025-02-18 21:16:11,104 - INFO - 	175	952368034523.5094	0	0.7861974239349365	3006.4695179462433	865	593	0	0
2025-02-18 21:16:20,872 - INFO - 	176	940692687727.2148	0	0.797950267791748	3016.237140893936	868	593	0	0
2025-02-18 21:16:30,535 - INFO - 	177	934939733296.1443	0	0.8186590671539307	3025.9005591869354	871	593	0	0
2025-02-18 21:16:39,077 - INFO - 	178	914025657909.4387	0	0.8320331573486328	3034.4423003196716	874	593	0	0
2025-02-18 21:16:48,883 - INFO - 	179	903289524744.7345	0	0.8498079776763916	3044.248124361038	877	593	0	0
2025-02-18 21:16:58,257 - INFO - 	180	891367633496.331	0	0.8550512790679932	3053.621912240982	880	593	0	0
2025-02-18 21:17:08,505 - INFO - 	181	890977853439.5931	0	0.868751049041748	3063.870152950287	883	593	0	0
2025-02-18 21:17:18,419 - INFO - 	182	885745535874.4232	0	0.8810148239135742	3073.784457921982	886	593	0	0
2025-02-18 21:17:28,472 - INFO - 	183	873339320632.4595	0	0.884650707244873	3083.8372581005096	889	593	0	0
2025-02-18 21:17:38,410 - INFO - 	184	866250160278.4899	0	0.8996376991271973	3093.774854183197	892	593	0	0
2025-02-18 21:17:48,248 - INFO - 	185	865524609649.1748	0	0.9148156642913818	3103.6130571365356	895	593	0	0
2025-02-18 21:17:58,357 - INFO - 	186	856527073852.9047	0	0.9327476024627686	3113.7216992378235	898	593	0	0
2025-02-18 21:18:07,978 - INFO - 	187	851051468556.9371	0	0.9408016204833984	3123.3421432971954	901	593	0	0
2025-02-18 21:18:16,884 - INFO - 	188	835419526341.213	0	0.9527537822723389	3132.2482993602753	904	593	0	0
2025-02-18 21:18:25,898 - INFO - 	189	806420170066.0131	0	0.9660167694091797	3141.262296438217	907	593	0	0
2025-02-18 21:18:35,688 - INFO - 	190	805345878830.408	0	0.9900529384613037	3151.0519404411316	910	593	0	0
2025-02-18 21:18:45,398 - INFO - 	191	801870205227.5565	0	1.0089659690856934	3160.7617065906525	913	593	0	0
2025-02-18 21:18:55,232 - INFO - 	192	797933602197.9265	0	1.0131559371948242	3170.5963096618652	916	593	0	0
2025-02-18 21:19:05,032 - INFO - 	193	792302213570.9764	0	1.030350923538208	3180.395628452301	919	593	0	0
2025-02-18 21:19:14,585 - INFO - 	194	788702829905.6167	0	1.0438239574432373	3189.9485993385315	922	593	0	0
2025-02-18 21:19:23,796 - INFO - 	195	781972695001.4105	0	1.0596401691436768	3199.1592376232147	925	593	0	0
2025-02-18 21:19:32,901 - INFO - 	196	775493834646.0156	0	1.074465036392212	3208.26456451416	928	593	0	0
2025-02-18 21:19:41,764 - INFO - 	197	768000490545.1318	0	1.1026670932769775	3217.1275544166565	931	593	0	0
2025-02-18 21:19:51,038 - INFO - 	198	765929816697.7095	0	1.1064839363098145	3226.4009923934937	934	593	0	0
2025-02-18 21:20:00,427 - INFO - 	199	758976538652.7218	0	1.1237218379974365	3235.7901895046234	937	593	0	0
2025-02-18 21:20:09,986 - INFO - 	200	750617787502.4886	0	1.1386206150054932	3245.349095582962	940	593	0	0
2025-02-18 21:20:19,060 - INFO - 	201	741545215452.3126	0	1.149585485458374	3254.422446489334	943	593	0	0
2025-02-18 21:20:27,804 - INFO - 	202	736837505167.5637	0	1.172358512878418	3263.166223526001	946	593	0	0
2025-02-18 21:20:36,753 - INFO - 	203	729337428438.925	0	1.1900885105133057	3272.115726709366	949	593	0	0
2025-02-18 21:20:45,199 - INFO - 	204	718575854579.3688	0	1.2066192626953125	3280.56129860878	952	593	0	0
2025-02-18 21:20:54,986 - INFO - 	205	711035797191.0643	0	1.2263681888580322	3290.348426580429	955	593	0	0
2025-02-18 21:21:04,449 - INFO - 	206	709047953482.0964	0	1.2415101528167725	3299.8111193180084	958	593	0	0
2025-02-18 21:21:13,383 - INFO - 	207	704885875690.46	0	1.2522048950195312	3308.7456064224243	961	593	0	0
2025-02-18 21:21:22,682 - INFO - 	208	700504095544.4214	0	1.2608058452606201	3318.044551372528	964	593	0	0
2025-02-18 21:21:32,270 - INFO - 	209	695405519040.3234	0	1.2845208644866943	3327.631717443466	967	593	0	0
2025-02-18 21:21:41,596 - INFO - 	210	694231939400.88	0	1.3021690845489502	3336.958111524582	970	593	0	0
2025-02-18 21:21:51,295 - INFO - 	211	685663244742.4077	0	1.3344318866729736	3346.6571464538574	973	593	0	0
2025-02-18 21:22:01,988 - INFO - 	212	684725151416.0233	0	1.3519587516784668	3357.3501646518707	976	593	0	0
2025-02-18 21:22:12,310 - INFO - 	213	682814802340.5459	0	1.3775827884674072	3367.6713354587555	979	593	0	0
2025-02-18 21:22:22,252 - INFO - 	214	675151786201.9967	0	1.4020278453826904	3377.613137483597	982	593	0	0
2025-02-18 21:22:31,981 - INFO - 	215	673704867450.3025	0	1.424764633178711	3387.3424994945526	985	593	0	0
2025-02-18 21:22:41,243 - INFO - 	216	672847554038.1013	0	1.4421453475952148	3396.6040375232697	988	593	0	0
2025-02-18 21:22:50,253 - INFO - 	217	666664152558.7046	0	1.4627902507781982	3405.614429473877	991	593	0	0
2025-02-18 21:22:58,550 - INFO - 	218	662370493885.0259	0	1.4902293682098389	3413.910794734955	994	593	0	0
2025-02-18 21:23:06,822 - INFO - 	219	652200021380.7943	0	1.5054676532745361	3422.1833477020264	997	593	0	0
2025-02-18 21:23:15,358 - INFO - 	220	646013036478.756	0	1.5337035655975342	3430.7192816734314	1000	593	0	0
2025-02-18 21:23:23,818 - INFO - 	221	644541264977.4878	0	1.5535516738891602	3439.1791207790375	1003	593	0	0
2025-02-18 21:23:32,224 - INFO - 	222	632215891046.7472	0	1.5702426433563232	3447.584692955017	1006	593	0	0
2025-02-18 21:23:41,095 - INFO - 	223	626174580026.5044	0	1.5978689193725586	3456.455190181732	1009	593	0	0
2025-02-18 21:23:50,346 - INFO - 	224	623016439302.2982	0	1.619386911392212	3465.7068240642548	1012	593	0	0
2025-02-18 21:23:59,339 - INFO - 	225	619626093261.2812	0	1.6451270580291748	3474.699160337448	1015	593	0	0
2025-02-18 21:24:08,846 - INFO - 	226	618290905174.1769	0	1.6595408916473389	3484.2064793109894	1018	593	0	0
2025-02-18 21:24:18,448 - INFO - 	227	611865987042.8553	0	1.6856818199157715	3493.808496236801	1021	593	0	0
2025-02-18 21:24:27,039 - INFO - 	228	601167558515.2957	0	1.7103979587554932	3502.398905277252	1024	593	0	0
2025-02-18 21:24:36,577 - INFO - 	229	596992884589.3705	0	1.7370550632476807	3511.9365842342377	1027	593	0	0
2025-02-18 21:24:46,161 - INFO - 	230	589030057327.1145	0	1.7657160758972168	3521.520583152771	1030	593	0	0
2025-02-18 21:24:54,895 - INFO - 	231	585362947276.8534	0	1.7949011325836182	3530.2545852661133	1033	593	0	0
2025-02-18 21:25:03,255 - INFO - 	232	580420751803.891	0	1.819021224975586	3538.6143012046814	1036	593	0	0
2025-02-18 21:25:11,778 - INFO - 	233	579059864298.2024	0	1.8426382541656494	3547.1376650333405	1039	593	0	0
2025-02-18 21:25:20,357 - INFO - 	234	572723851722.3293	0	1.8649773597717285	3555.716251850128	1042	593	0	0
2025-02-18 21:25:29,587 - INFO - 	235	568131328942.615	0	1.893660306930542	3564.946280002594	1045	593	0	0
2025-02-18 21:25:38,856 - INFO - 	236	565190344904.3302	0	1.9191553592681885	3574.2152121067047	1048	593	0	0
2025-02-18 21:25:48,816 - INFO - 	237	562155032930.7375	0	1.939272165298462	3584.1754751205444	1051	593	0	0
2025-02-18 21:25:58,519 - INFO - 	238	553301554128.6519	0	1.958200216293335	3593.8777611255646	1054	593	0	0
2025-02-18 21:26:08,140 - INFO - 	239	543872381924.01935	0	1.9763731956481934	3603.4987671375275	1057	593	0	0
2025-02-18 21:26:17,465 - INFO - 	240	536611163777.8934	0	2.002009868621826	3612.823966026306	1060	593	0	0
2025-02-18 21:26:27,014 - INFO - 	241	529721886602.3726	0	2.0370757579803467	3622.37269616127	1063	593	0	0
2025-02-18 21:26:36,160 - INFO - 	242	520371535186.34973	0	2.0661206245422363	3631.5185811519623	1066	593	0	0
2025-02-18 21:26:45,617 - INFO - 	243	518068136296.1758	0	2.0958786010742188	3640.97496008873	1069	593	0	0
2025-02-18 21:26:54,350 - INFO - 	244	515495940770.87683	0	2.1157126426696777	3649.7082669734955	1072	593	0	0
2025-02-18 21:27:03,220 - INFO - 	245	514421454767.97626	0	2.1415457725524902	3658.5785250663757	1075	593	0	0
2025-02-18 21:27:12,008 - INFO - 	246	513836295800.7994	0	2.167733907699585	3667.3660349845886	1078	593	0	0
2025-02-18 21:27:20,815 - INFO - 	247	499870254247.47186	0	2.1938819885253906	3676.1720221042633	1081	593	0	0
2025-02-18 21:27:29,209 - INFO - 	248	493555202145.11255	0	2.2193429470062256	3684.5663821697235	1084	593	0	0
2025-02-18 21:27:38,248 - INFO - 	249	489001266626.29236	0	2.2455029487609863	3693.6052193641663	1087	593	0	0
2025-02-18 21:27:46,849 - INFO - 	250	483853226056.416	0	2.276866912841797	3702.20635843277	1090	593	0	0
2025-02-18 21:27:55,356 - INFO - 	251	483017162297.68506	0	2.31736159324646	3710.713242292404	1093	593	0	0
2025-02-18 21:28:03,961 - INFO - 	252	480688797546.0776	0	2.340010643005371	3719.3184101581573	1096	593	0	0
2025-02-18 21:28:12,091 - INFO - 	253	479335609759.2976	0	2.3637163639068604	3727.448301792145	1099	593	0	0
2025-02-18 21:28:20,440 - INFO - 	254	476064253841.0532	0	2.397287368774414	3735.7971727848053	1102	593	0	0
2025-02-18 21:28:28,874 - INFO - 	255	476059974782.0136	0	2.4232420921325684	3744.230601787567	1105	593	0	0
2025-02-18 21:28:37,071 - INFO - 	256	464227067808.10114	0	2.4434750080108643	3752.4279584884644	1108	593	0	0
2025-02-18 21:28:46,089 - INFO - 	257	452388614074.8915	0	2.4741032123565674	3761.445038318634	1111	593	0	0
2025-02-18 21:28:55,476 - INFO - 	258	446422277285.99005	0	2.498976230621338	3770.832816362381	1114	593	0	0
2025-02-18 21:29:03,786 - INFO - 	259	440602591898.7114	0	2.518505096435547	3779.1417982578278	1117	593	0	0
2025-02-18 21:29:12,688 - INFO - 	260	427939548418.97504	0	2.53700590133667	3788.0441694259644	1120	593	0	0
2025-02-18 21:29:21,177 - INFO - 	261	426608924027.8849	0	2.568237781524658	3796.532665491104	1123	593	0	0
2025-02-18 21:29:29,248 - INFO - 	262	420395755238.91656	0	2.5918867588043213	3804.6041707992554	1126	593	0	0
2025-02-18 21:29:38,629 - INFO - 	263	420088972032.1585	0	2.623844623565674	3813.9845139980316	1129	593	0	0
2025-02-18 21:29:48,054 - INFO - 	264	414786616086.2515	0	2.6619997024536133	3823.409898996353	1132	593	0	0
2025-02-18 21:29:56,039 - INFO - 	265	410574912541.7094	0	2.6814537048339844	3831.3942692279816	1135	593	0	0
2025-02-18 21:30:04,439 - INFO - 	266	404442994950.2418	0	2.719782590866089	3839.794591188431	1138	593	0	0
2025-02-18 21:30:12,264 - INFO - 	267	402086026520.81946	0	2.7555906772613525	3847.6197452545166	1141	593	0	0
2025-02-18 21:30:20,280 - INFO - 	268	400394569419.67365	0	2.7884767055511475	3855.6350820064545	1144	593	0	0
2025-02-18 21:30:28,653 - INFO - 	269	398746569398.16125	0	2.8133957386016846	3864.008197069168	1147	593	0	0
2025-02-18 21:30:36,588 - INFO - 	270	395228483417.8853	0	2.83884596824646	3871.9433279037476	1150	593	0	0
2025-02-18 21:30:44,519 - INFO - 	271	388552742157.51276	0	2.867449998855591	3879.873609304428	1153	593	0	0
2025-02-18 21:30:52,260 - INFO - 	272	385551338425.0971	0	2.8911380767822266	3887.6143922805786	1156	593	0	0
2025-02-18 21:31:00,594 - INFO - 	273	384023130538.3453	0	2.9214260578155518	3895.9491531848907	1159	593	0	0
2025-02-18 21:31:09,076 - INFO - 	274	374576595759.7667	0	2.9533462524414062	3904.4307510852814	1162	593	0	0
2025-02-18 21:31:17,223 - INFO - 	275	369857224602.148	0	2.9875431060791016	3912.5773730278015	1165	593	0	0
2025-02-18 21:31:25,203 - INFO - 	276	367115053504.79175	0	3.01814603805542	3920.5570361614227	1168	593	0	0
2025-02-18 21:31:33,279 - INFO - 	277	362103813399.9789	0	3.0459742546081543	3928.633105278015	1171	593	0	0
2025-02-18 21:31:41,502 - INFO - 	278	355464129166.6096	0	3.0755040645599365	3936.856658220291	1174	593	0	0
2025-02-18 21:31:50,255 - INFO - 	279	354335956301.8763	0	3.109196186065674	3945.609538078308	1177	593	0	0
2025-02-18 21:31:58,600 - INFO - 	280	352985232536.9295	0	3.147202968597412	3953.95356798172	1180	593	0	0
2025-02-18 21:32:06,730 - INFO - 	281	345155354430.09344	0	3.178112745285034	3962.083415746689	1183	593	0	0
2025-02-18 21:32:15,474 - INFO - 	282	343968239817.6146	0	3.208552837371826	3970.8273437023163	1186	593	0	0
2025-02-18 21:32:23,501 - INFO - 	283	342854471943.411	0	3.234985828399658	3978.8543577194214	1189	593	0	0
2025-02-18 21:32:32,007 - INFO - 	284	341850204641.9096	0	3.2861218452453613	3987.360306739807	1192	593	0	0
2025-02-18 21:32:40,279 - INFO - 	285	338599514323.6872	0	3.3214516639709473	3995.6325986385345	1195	593	0	0
2025-02-18 21:32:48,651 - INFO - 	286	337655357213.28876	0	3.348055601119995	4004.0043272972107	1198	593	0	0
2025-02-18 21:32:56,574 - INFO - 	287	337459322164.02344	0	3.3720765113830566	4011.9277222156525	1201	593	0	0
2025-02-18 21:33:04,899 - INFO - 	288	331917286381.2158	0	3.4007835388183594	4020.251881122589	1204	593	0	0
2025-02-18 21:33:13,104 - INFO - 	289	328304270689.84094	0	3.4329817295074463	4028.457328081131	1207	593	0	0
2025-02-18 21:33:21,929 - INFO - 	290	325513966143.8894	0	3.475708484649658	4037.281913995743	1210	593	0	0
2025-02-18 21:33:30,933 - INFO - 	291	319843589473.2258	0	3.5072383880615234	4046.2855870723724	1213	593	0	0
2025-02-18 21:33:39,617 - INFO - 	292	317040141673.3196	0	3.5210654735565186	4054.970146894455	1216	593	0	0
2025-02-18 21:33:48,352 - INFO - 	293	316888637608.71796	0	3.555649518966675	4063.704695701599	1219	593	0	0
2025-02-18 21:33:57,109 - INFO - 	294	311025289355.1647	0	3.5881316661834717	4072.461591720581	1222	593	0	0
2025-02-18 21:34:05,711 - INFO - 	295	309088948409.22687	0	3.627631425857544	4081.063009738922	1225	593	0	0
2025-02-18 21:34:14,081 - INFO - 	296	307372581713.1832	0	3.649970531463623	4089.4329347610474	1228	593	0	0
2025-02-18 21:34:22,084 - INFO - 	297	307273556222.83234	0	3.6710574626922607	4097.436038732529	1231	593	0	0
2025-02-18 21:34:30,167 - INFO - 	298	305034834605.64526	0	3.7021265029907227	4105.519130706787	1234	593	0	0
2025-02-18 21:34:38,397 - INFO - 	299	299559842127.8213	0	3.729677438735962	4113.749089002609	1237	593	0	0
2025-02-18 21:34:46,158 - INFO - 	300	294683335147.4728	0	3.767277479171753	4121.509207725525	1240	593	0	0
2025-02-18 21:34:54,167 - INFO - 	301	293122840123.1813	0	3.7824573516845703	4129.5180649757385	1243	593	0	0
2025-02-18 21:35:01,943 - INFO - 	302	288347290340.53284	0	3.8203794956207275	4137.2940990924835	1246	593	0	0
2025-02-18 21:35:10,323 - INFO - 	303	286858591842.4064	0	3.8652243614196777	4145.6746780872345	1249	593	0	0
2025-02-18 21:35:18,835 - INFO - 	304	282846307045.44354	0	3.8972384929656982	4154.186274051666	1252	593	0	0
2025-02-18 21:35:27,246 - INFO - 	305	281495401796.80457	0	3.941356658935547	4162.596879005432	1255	593	0	0
2025-02-18 21:35:35,584 - INFO - 	306	280345951010.27124	0	3.975907564163208	4170.934674978256	1258	593	0	0
2025-02-18 21:35:43,796 - INFO - 	307	276319217365.1501	0	4.017680406570435	4179.146612882614	1261	593	0	0
2025-02-18 21:35:51,820 - INFO - 	308	273540980103.70633	0	4.060692071914673	4187.171035766602	1264	593	0	0
2025-02-18 21:35:59,714 - INFO - 	309	270792151565.04034	0	4.0932090282440186	4195.065067529678	1267	593	0	0
2025-02-18 21:36:07,962 - INFO - 	310	264984177430.25372	0	4.119789123535156	4203.3129024505615	1270	593	0	0
2025-02-18 21:36:15,992 - INFO - 	311	259317362221.29446	0	4.14487099647522	4211.342967271805	1273	593	0	0
2025-02-18 21:36:24,076 - INFO - 	312	258295382169.96674	0	4.165201902389526	4219.426640510559	1276	593	0	0
2025-02-18 21:36:32,841 - INFO - 	313	254353137918.26688	0	4.204478979110718	4228.190915584564	1279	593	0	0
2025-02-18 21:36:41,061 - INFO - 	314	251588729730.91992	0	4.245265960693359	4236.411107540131	1282	593	0	0
2025-02-18 21:36:48,997 - INFO - 	315	248957008918.5939	0	4.2737040519714355	4244.347623586655	1285	593	0	0
2025-02-18 21:36:56,978 - INFO - 	316	245062768642.2684	0	4.317707777023315	4252.327697515488	1288	593	0	0
2025-02-18 21:37:04,835 - INFO - 	317	240831399027.09918	0	4.349297761917114	4260.185314416885	1291	593	0	0
2025-02-18 21:37:13,341 - INFO - 	318	238534987768.1149	0	4.403606653213501	4268.690354585648	1294	593	0	0
2025-02-18 21:37:21,120 - INFO - 	319	217769129505.20352	0	4.421982765197754	4276.469676733017	1297	593	0	0
2025-02-18 21:37:28,376 - INFO - 	320	215713226237.7205	0	4.45815372467041	4283.725366592407	1300	593	0	0
2025-02-18 21:37:36,030 - INFO - 	321	211605938685.8388	0	4.499098539352417	4291.379673719406	1303	593	0	0
2025-02-18 21:37:43,838 - INFO - 	322	210739560553.8021	0	4.520879507064819	4299.1871247291565	1306	593	0	0
2025-02-18 21:37:52,136 - INFO - 	323	208135723840.0509	0	4.561519622802734	4307.485374927521	1309	593	0	0
2025-02-18 21:37:59,857 - INFO - 	324	207143852272.17484	0	4.589104652404785	4315.205937862396	1312	593	0	0
2025-02-18 21:38:07,656 - INFO - 	325	203080442383.7736	0	4.6180579662323	4323.004940032959	1315	593	0	0
2025-02-18 21:38:14,802 - INFO - 	326	198648764820.69025	0	4.660293817520142	4330.151542901993	1318	593	0	0
2025-02-18 21:38:22,953 - INFO - 	327	197623506485.75235	0	4.71010684967041	4338.301687002182	1321	593	0	0
2025-02-18 21:38:30,858 - INFO - 	328	196485489538.265	0	4.744619607925415	4346.207353115082	1324	593	0	0
2025-02-18 21:38:38,571 - INFO - 	329	196304547252.78568	0	4.767786979675293	4353.9193251132965	1327	593	0	0
2025-02-18 21:38:46,299 - INFO - 	330	192941583600.61676	0	4.802244186401367	4361.647510290146	1330	593	0	0
2025-02-18 21:38:54,224 - INFO - 	331	191699542744.3881	0	4.841428995132446	4369.572724342346	1333	593	0	0
2025-02-18 21:39:02,176 - INFO - 	332	186038432039.32736	0	4.857048988342285	4377.5243854522705	1336	593	0	0
2025-02-18 21:39:10,402 - INFO - 	333	181260666978.47647	0	4.896085977554321	4385.750051498413	1339	593	0	0
2025-02-18 21:39:19,024 - INFO - 	334	174474741524.23984	0	4.942346096038818	4394.372326374054	1342	593	0	0
2025-02-18 21:56:23,406 - INFO - 	335	169536048492.4043	0	4.9707489013671875	5418.754003286362	1345	593	0	0
2025-02-18 22:14:21,102 - INFO - 	336	167006097218.25177	0	5.010480880737305	6496.450544118881	1348	593	0	0
2025-02-18 22:23:39,620 - INFO - 	337	155639275269.848	0	5.029103994369507	7054.968027114868	1351	593	0	0
2025-02-18 22:23:47,335 - INFO - 	338	152473477635.49207	0	5.085745096206665	7062.682566165924	1354	593	0	0
2025-02-18 22:23:55,258 - INFO - 	339	146307203490.4628	0	5.135125160217285	7070.604640007019	1357	593	0	0
2025-02-18 22:24:02,987 - INFO - 	340	146219180195.4804	0	5.174445390701294	7078.333653211594	1360	593	0	0
2025-02-18 22:24:10,671 - INFO - 	341	145244575246.6652	0	5.188489198684692	7086.017971277237	1363	593	0	0
2025-02-18 22:24:18,898 - INFO - 	342	143960625479.78497	0	5.230398178100586	7094.2448172569275	1366	593	0	0
2025-02-18 22:24:26,845 - INFO - 	343	143900779131.177	0	5.2584123611450195	7102.19172501564	1369	593	0	0
2025-02-18 22:24:34,841 - INFO - 	344	140829075489.9396	0	5.310664176940918	7110.187215089798	1372	593	0	0
2025-02-18 22:24:42,862 - INFO - 	345	134601897369.73294	0	5.336341857910156	7118.208843946457	1375	593	0	0
2025-02-18 22:24:51,995 - INFO - 	346	131456849736.29277	0	5.378907918930054	7127.341225862503	1378	593	0	0
2025-02-18 22:25:00,655 - INFO - 	347	131237224550.93604	0	5.423785924911499	7136.000448942184	1381	593	0	0
2025-02-18 22:25:09,110 - INFO - 	348	126131809211.17914	0	5.487771987915039	7144.455404043198	1384	593	0	0
2025-02-18 22:25:17,186 - INFO - 	349	123160019369.58195	0	5.536748886108398	7152.531600952148	1387	593	0	0
2025-02-18 22:25:24,265 - INFO - 	350	116672779308.24394	0	5.576969861984253	7159.6101150512695	1390	593	0	0
2025-02-18 22:25:32,126 - INFO - 	351	114174189563.01411	0	5.639822006225586	7167.471717119217	1393	593	0	0
2025-02-18 22:25:39,455 - INFO - 	352	110796200052.72722	0	5.672719955444336	7174.800266265869	1396	593	0	0
2025-02-18 22:25:46,549 - INFO - 	353	108160872520.51347	0	5.7101731300354	7181.894347190857	1399	593	0	0
2025-02-18 22:25:53,848 - INFO - 	354	103646114712.36237	0	5.772518157958984	7189.192889451981	1402	593	0	0
2025-02-18 22:42:03,172 - INFO - 	355	103449187038.81075	0	5.8061699867248535	8158.517495393753	1405	593	0	0
2025-02-18 23:13:37,669 - INFO - 	356	101394530524.28621	0	5.847809076309204	10053.013699054718	1408	593	0	0
2025-02-18 23:29:34,078 - INFO - 	357	98223159325.11609	0	5.894774913787842	11009.423233270645	1411	593	0	0
2025-02-19 00:01:52,486 - INFO - 	358	97051695585.12906	0	5.921283006668091	12947.830782175064	1414	593	0	0
2025-02-19 00:18:57,884 - INFO - 	359	92668035896.80432	0	5.965063095092773	13973.228406190872	1417	593	0	0
2025-02-19 00:42:31,193 - INFO - 	360	90442691406.03198	0	6.035815954208374	15386.537241458893	1420	593	0	0
2025-02-19 00:58:49,161 - INFO - 	361	90442691406.03198	0	6.047703981399536	16364.505734205246	1423	593	0	0
2025-02-19 01:30:59,802 - INFO - 	362	89683338269.5662	0	6.069799184799194	18295.14642739296	1426	593	0	0
2025-02-19 01:46:31,635 - INFO - 	363	86828562626.72156	0	6.127645015716553	19226.97902226448	1429	593	0	0
2025-02-19 02:22:06,951 - INFO - 	364	86828562626.72157	0	6.179275035858154	21362.295288085938	1432	593	0	0
2025-02-19 02:37:40,344 - INFO - 	365	86117739088.96739	0	6.223616123199463	22295.687917232513	1435	593	0	0
2025-02-19 03:10:01,513 - INFO - 	366	83856504597.82115	0	6.285887956619263	24236.856679201126	1438	593	0	0
2025-02-19 03:27:34,811 - INFO - 	367	82295119988.34383	0	6.369173049926758	25290.1541121006	1441	593	0	0
2025-02-19 04:00:46,214 - INFO - 	368	80407511143.19795	0	6.410412073135376	27281.55758213997	1444	593	0	0
2025-02-19 04:18:32,664 - INFO - 	369	76711487518.66751	0	6.453892946243286	28348.007268190384	1447	593	0	0
2025-02-19 04:34:38,300 - INFO - 	370	72605290034.64188	0	6.510507106781006	29313.643434286118	1450	593	0	0
2025-02-19 05:06:08,288 - INFO - 	371	71840014633.02104	0	6.549600124359131	31203.630937576294	1453	593	0	0
2025-02-19 05:23:44,769 - INFO - 	372	66841857884.35264	0	6.585303068161011	32260.111127614975	1456	593	0	0
2025-02-19 05:55:51,514 - INFO - 	373	66449632590.18889	0	6.6371331214904785	34186.85633349419	1459	593	0	0
2025-02-19 06:10:42,316 - INFO - 	374	63873115372.89597	0	6.680760145187378	35077.65829062462	1462	593	0	0
2025-02-19 06:36:28,285 - INFO - 	375	63712833085.561874	0	6.722700119018555	36623.62695789337	1465	593	0	0
2025-02-19 06:41:43,127 - INFO - 	376	63600716186.8481	0	6.759316921234131	36938.46937084198	1468	593	0	0
2025-02-19 06:41:51,225 - INFO - 	377	63207537948.52655	0	6.8051581382751465	36946.566346883774	1471	593	0	0
2025-02-19 06:41:58,921 - INFO - 	378	58963179271.20598	0	6.863178014755249	36954.26189994812	1474	593	0	0
2025-02-19 06:42:06,759 - INFO - 	379	56896421605.4903	0	6.892155170440674	36962.09972214699	1477	593	0	0
2025-02-19 06:42:14,478 - INFO - 	380	54527221135.76249	0	6.931531190872192	36969.8185403347	1480	593	0	0
2025-02-19 06:42:22,135 - INFO - 	381	53888624979.67972	0	6.959554195404053	36977.47579932213	1483	593	0	0
2025-02-19 06:42:30,152 - INFO - 	382	51885648460.88028	0	7.003874063491821	36985.492644548416	1486	593	0	0
2025-02-19 06:42:38,119 - INFO - 	383	51661447517.39522	0	7.038403034210205	36993.45923757553	1489	593	0	0
2025-02-19 06:42:45,794 - INFO - 	384	48377378277.29162	0	7.063214063644409	37001.13431763649	1492	593	0	0
2025-02-19 06:42:53,793 - INFO - 	385	47685508611.54907	0	7.10299015045166	37009.13294792175	1495	593	0	0
2025-02-19 06:43:01,420 - INFO - 	386	44699306245.18693	0	7.132091283798218	37016.76025772095	1498	593	0	0
2025-02-19 06:43:08,744 - INFO - 	387	41949906261.84462	0	7.193398475646973	37024.08428287506	1501	593	0	0
2025-02-19 06:43:15,972 - INFO - 	388	40284603390.75909	0	7.260276556015015	37031.31232070923	1504	593	0	0
2025-02-19 06:43:23,117 - INFO - 	389	38645368644.26991	0	7.3060383796691895	37038.45683956146	1507	593	0	0
2025-02-19 06:43:30,840 - INFO - 	390	37892655119.20251	0	7.344104290008545	37046.18007850647	1510	593	0	0
2025-02-19 06:43:39,057 - INFO - 	391	34749895385.670784	0	7.419874429702759	37054.3962533474	1513	593	0	0
2025-02-19 06:43:47,517 - INFO - 	392	32815433604.72372	0	7.481043577194214	37062.85649728775	1516	593	0	0
2025-02-19 06:43:55,031 - INFO - 	393	31965782161.308674	0	7.529834508895874	37070.37039017677	1519	593	0	0
2025-02-19 06:44:03,125 - INFO - 	394	30503685404.868587	0	7.579158544540405	37078.4642021656	1522	593	0	0
2025-02-19 06:44:10,993 - INFO - 	395	29975919554.74354	0	7.624023675918579	37086.33258342743	1525	593	0	0
2025-02-19 06:44:18,827 - INFO - 	396	26182084616.31084	0	7.680784463882446	37094.165833473206	1528	593	0	0
2025-02-19 06:44:26,833 - INFO - 	397	26102177577.958958	0	7.725115537643433	37102.171726703644	1531	593	0	0
2025-02-19 06:44:34,755 - INFO - 	398	22860564723.257366	0	7.762319564819336	37110.094062805176	1534	593	0	0
2025-02-19 06:44:41,484 - INFO - 	399	22418025932.614388	0	7.810786485671997	37116.822959661484	1537	593	0	0
2025-02-19 06:44:48,300 - INFO - 	400	19321342406.535255	0	7.853719472885132	37123.638162612915	1540	593	0	0
2025-02-19 06:44:56,256 - INFO - 	401	17650840799.945694	0	7.914775609970093	37131.594584703445	1543	593	0	0
2025-02-19 06:45:03,307 - INFO - 	402	13673340964.787659	0	7.962409973144531	37138.64493179321	1546	593	0	0
2025-02-19 06:45:10,782 - INFO - 	403	12843104726.656885	0	8.025642156600952	37146.11993288994	1549	593	0	0
2025-02-19 06:45:18,302 - INFO - 	404	11473710862.199976	0	8.07823920249939	37153.64062976837	1552	593	0	0
2025-02-19 06:45:25,680 - INFO - 	405	10368194618.176603	0	8.115875244140625	37161.01821565628	1555	593	0	0
2025-02-19 06:45:33,881 - INFO - 	406	10000001623.571323	0	8.17263126373291	37169.218656778336	1558	593	0	0
2025-02-19 06:45:46,975 - INFO - 	407	10000001596.627544	0	8.179315090179443	37182.31322097778	1561	593	0	0
2025-02-19 06:46:00,318 - INFO - 	408	10000001581.510603	0	8.188362121582031	37195.65575885773	1564	593	0	0
2025-02-19 06:46:13,554 - INFO - 	409	10000001579.105293	0	8.192446231842041	37208.891776800156	1567	593	0	0
2025-02-19 06:46:26,843 - INFO - 	410	10000001578.94444	0	8.195455312728882	37222.18090105057	1570	593	0	0
2025-02-19 06:46:40,160 - INFO - 	411	10000001576.573046	0	8.201546907424927	37235.49735593796	1573	593	0	0
2025-02-19 06:46:53,477 - INFO - 	412	1598.3733825151676	0	8.203932762145996	37248.813923835754	1576	593	0	0
2025-02-19 06:47:06,798 - INFO - 	413	1598.373382515166	0	8.209553718566895	37262.13402676582	1579	593	0	0
2025-02-19 06:47:19,868 - INFO - 	414	1581.1666374280753	0	8.216619729995728	37275.204288721085	1582	593	0	0
2025-02-19 06:47:32,970 - INFO - 	415	1563.2664470184757	0	8.227969408035278	37288.30551171303	1585	593	0	0
2025-02-19 06:47:46,327 - INFO - 	416	1550.9389308664574	0	8.235491275787354	37301.662197589874	1588	593	0	0
2025-02-19 06:47:59,832 - INFO - 	417	1537.3038120282656	0	8.243600130081177	37315.167313575745	1591	593	0	0
2025-02-19 06:48:13,398 - INFO - 	418	1517.395488575931	0	8.25590181350708	37328.7330596447	1594	593	0	0
2025-02-19 06:48:26,767 - INFO - 	419	1508.2546102156375	0	8.26712679862976	37342.10169363022	1597	593	0	0
2025-02-19 06:48:40,183 - INFO - 	420	1495.886465057789	0	8.28159785270691	37355.517761707306	1600	593	0	0
2025-02-19 06:48:53,769 - INFO - 	421	1485.2622834181736	0	8.292295932769775	37369.103469610214	1603	593	0	0
2025-02-19 06:49:07,130 - INFO - 	422	1482.3305193001938	0	8.29988718032837	37382.46467971802	1606	593	0	0
2025-02-19 06:49:20,656 - INFO - 	423	1481.9042846434027	0	8.30695915222168	37395.98981356621	1609	593	0	0
2025-02-19 06:49:34,219 - INFO - 	424	1475.484740464138	0	8.316519975662231	37409.55321145058	1612	593	0	0
2025-02-19 06:49:47,407 - INFO - 	425	1464.423622868151	0	8.3281569480896	37422.74103927612	1615	593	0	0
2025-02-19 06:50:00,815 - INFO - 	426	1455.8831166286557	0	8.343340635299683	37436.149287462234	1618	593	0	0
2025-02-19 06:50:14,262 - INFO - 	427	1449.4924888839164	0	8.354244470596313	37449.595448732376	1621	593	0	0
2025-02-19 06:50:27,458 - INFO - 	428	1443.2760479816898	0	8.36098027229309	37462.79155087471	1624	593	0	0
2025-02-19 06:50:41,003 - INFO - 	429	1439.0923190089727	0	8.371261358261108	37476.336830854416	1627	593	0	0
2025-02-19 06:50:54,839 - INFO - 	430	1432.3545227128398	0	8.380740642547607	37490.17311000824	1630	593	0	0
2025-02-19 06:51:08,303 - INFO - 	431	1426.2537989120497	0	8.388452529907227	37503.636158943176	1633	593	0	0
2025-02-19 06:51:21,708 - INFO - 	432	1418.794492055502	0	8.402658700942993	37517.04139184952	1636	593	0	0
2025-02-19 06:51:34,887 - INFO - 	433	1414.6411961850133	0	8.41211986541748	37530.22057390213	1639	593	0	0
2025-02-19 06:51:48,623 - INFO - 	434	1413.313409757132	0	8.420807600021362	37543.956146001816	1642	593	0	0
2025-02-19 06:52:02,250 - INFO - 	435	1407.972817309062	0	8.428871631622314	37557.58330106735	1645	593	0	0
2025-02-19 07:25:53,874 - INFO - 	436	1403.5072005630543	0	8.443633794784546	39589.20726442337	1648	593	0	0
2025-02-19 08:16:30,735 - INFO - 	437	1400.396205069856	0	8.451269626617432	42626.06811928749	1651	593	0	0
2025-02-19 08:47:57,642 - INFO - 	438	1395.6187051378831	0	8.461230516433716	44512.97377038002	1654	593	0	0
2025-02-19 09:36:27,206 - INFO - 	439	1392.8486985173206	0	8.470080614089966	47422.53835749626	1657	593	0	0
2025-02-19 10:04:55,088 - INFO - 	440	1390.1858305786936	0	8.555143594741821	49130.41934466362	1660	593	0	0
2025-02-19 10:49:59,244 - INFO - 	441	1390.1858305786939	0	8.558161497116089	51834.574640750885	1663	593	0	0
2025-02-19 11:23:54,635 - INFO - 	442	1385.0083791471989	0	8.564830541610718	53869.96590256691	1666	593	0	0
2025-02-19 12:06:52,177 - INFO - 	443	1380.8691733928113	0	8.573899507522583	56447.50774860382	1669	593	0	0
2025-02-19 12:40:04,272 - INFO - 	444	1380.1199009215954	0	8.58104157447815	58439.60249352455	1672	593	0	0
2025-02-19 13:08:55,403 - INFO - 	445	1375.9087193856428	0	8.5897696018219	60170.73244547844	1675	593	0	0
2025-02-19 13:53:06,280 - INFO - 	446	1370.9645972204994	0	8.600651741027832	62821.60905623436	1678	593	0	0
2025-02-19 14:23:45,008 - INFO - 	447	1369.438670360431	0	8.607531785964966	64660.33656024933	1681	593	0	0
2025-02-19 15:09:44,648 - INFO - 	448	1363.3979190902833	0	8.618253469467163	67419.97636723518	1684	593	0	0
2025-02-19 15:36:52,153 - INFO - 	449	1363.1870113218022	0	8.625097751617432	69047.48109531403	1687	593	0	0
2025-02-19 15:37:05,779 - INFO - 	450	1360.6269140995407	0	8.63675045967102	69061.10639953613	1690	593	0	0
2025-02-19 15:37:19,160 - INFO - 	451	1351.8509962318587	0	8.644085168838501	69074.48786973953	1693	593	0	0
2025-02-19 15:37:33,075 - INFO - 	452	1349.3105618197058	0	8.729442119598389	69088.40284180641	1696	593	0	0
2025-02-19 15:37:46,497 - INFO - 	453	1348.9463187821152	0	8.735688924789429	69101.82455301285	1699	593	0	0
2025-02-19 15:38:00,281 - INFO - 	454	1346.2525866480864	0	8.745527744293213	69115.6078441143	1702	593	0	0
2025-02-19 15:38:14,259 - INFO - 	455	1344.5840295355288	0	8.754233837127686	69129.58596086502	1705	593	0	0
2025-02-19 15:38:28,109 - INFO - 	456	1341.1204091419484	0	8.763002634048462	69143.4356470108	1708	593	0	0
2025-02-19 15:38:41,727 - INFO - 	457	1339.4671721875711	0	8.770954608917236	69157.05422782898	1711	593	0	0
2025-02-19 15:38:55,358 - INFO - 	458	1337.3469355547847	0	8.779789686203003	69170.68488693237	1714	593	0	0
2025-02-19 15:39:09,110 - INFO - 	459	1334.9112272114392	0	8.791055679321289	69184.43722009659	1717	593	0	0
2025-02-19 15:39:22,913 - INFO - 	460	1333.9626147866584	0	8.79935073852539	69198.24003696442	1720	593	0	0
2025-02-19 15:39:36,690 - INFO - 	461	1332.6821446519375	0	8.80728554725647	69212.01701188087	1723	593	0	0
2025-02-19 15:39:50,621 - INFO - 	462	1331.4261007510274	0	8.81431245803833	69225.94712591171	1726	593	0	0
2025-02-19 15:40:04,846 - INFO - 	463	1330.8076953155942	0	8.821651458740234	69240.17250394821	1729	593	0	0
2025-02-19 15:40:19,020 - INFO - 	464	1329.238308457245	0	8.83161735534668	69254.34672880173	1732	593	0	0
2025-02-19 15:40:32,620 - INFO - 	465	1327.6491171738228	0	8.840547323226929	69267.94644188881	1735	593	0	0
2025-02-19 15:40:46,203 - INFO - 	466	1326.9831284666973	0	8.847844362258911	69281.52899098396	1738	593	0	0
2025-02-19 15:40:59,765 - INFO - 	467	1324.7058097518232	0	8.859927415847778	69295.09143018723	1741	593	0	0
2025-02-19 15:41:13,636 - INFO - 	468	1323.869202866004	0	8.868577480316162	69308.961353302	1744	593	0	0
2025-02-19 15:41:27,570 - INFO - 	469	1322.275410957145	0	8.876494407653809	69322.89568042755	1747	593	0	0
2025-02-19 15:41:41,623 - INFO - 	470	1321.3946462820375	0	8.885539531707764	69336.94893145561	1750	593	0	0
2025-02-19 15:41:55,557 - INFO - 	471	1320.6381080070175	0	8.89265751838684	69350.88258719444	1753	593	0	0
2025-02-19 15:42:09,167 - INFO - 	472	1320.6250524803324	0	8.895898342132568	69364.49250030518	1756	593	0	0
2025-02-19 15:42:22,840 - INFO - 	473	1319.8103788214426	0	8.904320240020752	69378.16459536552	1759	593	0	0
2025-02-19 15:42:36,473 - INFO - 	474	1318.7675387977717	0	8.91184139251709	69391.79753232002	1762	593	0	0
2025-02-19 15:42:49,997 - INFO - 	475	1317.554369650887	0	8.921109437942505	69405.32181930542	1765	593	0	0
2025-02-19 15:43:03,881 - INFO - 	476	1315.9537024496033	0	8.930227518081665	69419.20528912544	1768	593	0	0
2025-02-19 15:43:17,387 - INFO - 	477	1312.8142666111512	0	8.93617057800293	69432.71155118942	1771	593	0	0
2025-02-19 15:43:31,310 - INFO - 	478	1311.0756474143748	0	8.946174621582031	69446.63470602036	1774	593	0	0
2025-02-19 15:43:45,096 - INFO - 	479	1310.357590301701	0	8.959047555923462	69460.42093515396	1777	593	0	0
2025-02-19 15:43:58,555 - INFO - 	480	1307.238424635364	0	8.97532057762146	69473.8790550232	1780	593	0	0
2025-02-19 15:44:12,165 - INFO - 	481	1306.658065732619	0	8.983219385147095	69487.48947882652	1783	593	0	0
2025-02-19 15:44:25,754 - INFO - 	482	1304.9394965253455	0	8.996069431304932	69501.07836079597	1786	593	0	0
2025-02-19 15:44:39,347 - INFO - 	483	1304.8200370856089	0	9.000158548355103	69514.67076587677	1789	593	0	0
2025-02-19 15:44:53,108 - INFO - 	484	1304.11003406641	0	9.010135650634766	69528.43218588829	1792	593	0	0
2025-02-19 15:45:06,472 - INFO - 	485	1303.4556762093791	0	9.017851829528809	69541.79582381248	1795	593	0	0
2025-02-19 15:45:20,119 - INFO - 	486	1303.4556762093782	0	9.020078897476196	69555.4428858757	1798	593	0	0
2025-02-19 15:45:33,849 - INFO - 	487	1302.956063033017	0	9.030247926712036	69569.17275691032	1801	593	0	0
2025-02-19 15:45:47,560 - INFO - 	488	1302.1247753982075	0	9.049640893936157	69582.88372278214	1804	593	0	0
2025-02-19 15:46:01,292 - INFO - 	489	1302.0681395369309	0	9.054571866989136	69596.61599969864	1807	593	0	0
2025-02-19 15:46:14,955 - INFO - 	490	1302.067067577239	0	9.057939052581787	69610.27833557129	1810	593	0	0
2025-02-19 15:46:28,711 - INFO - 	491	1301.8161456884743	0	9.06924819946289	69624.03402757645	1813	593	0	0
2025-02-19 15:46:42,540 - INFO - 	492	1300.9409507547396	0	9.08089828491211	69637.86366772652	1816	593	0	0
2025-02-19 15:46:56,188 - INFO - 	493	1300.9409507547398	0	9.083784103393555	69651.51066660881	1819	593	0	0
2025-02-19 16:20:00,915 - INFO - 	494	1300.5124559321405	0	9.092542171478271	71636.23787760735	1822	593	0	0
2025-02-19 16:47:53,707 - INFO - 	495	1300.2640660463549	0	9.105001211166382	73309.03001761436	1825	593	0	0
2025-02-19 16:48:08,700 - INFO - 	496	1300.2101453438768	0	9.111497163772583	73324.02219057083	1828	593	0	0
2025-02-19 16:48:25,585 - INFO - 	497	1299.9999999999995	0	9.1249098777771	73340.90670728683	1831	593	0	0
2025-02-19 16:48:42,991 - INFO - 
ya no tiene columnas con costo reducido negative
2025-02-19 16:48:43,000 - INFO - Set parameter OutputFlag to value 1
2025-02-19 16:48:43,001 - INFO - Set parameter LogFile to value "logs_new/salida_modelo_caminos_340_567_noLR.log"
2025-02-19 16:48:43,002 - INFO - Set parameter TimeLimit to value 7200
2025-02-19 16:48:43,002 - INFO - Gurobi Optimizer version 11.0.1 build v11.0.1rc0 (mac64[arm] - Darwin 24.3.0 24D60)
2025-02-19 16:48:43,002 - INFO - 
2025-02-19 16:48:43,002 - INFO - CPU model: Apple M2
2025-02-19 16:48:43,003 - INFO - Thread count: 8 physical cores, 8 logical processors, using up to 8 threads
2025-02-19 16:48:43,003 - INFO - 
2025-02-19 16:48:43,003 - INFO - Optimize a model with 593 rows, 1831 columns and 7824 nonzeros
2025-02-19 16:48:43,003 - INFO - Coefficient statistics:
2025-02-19 16:48:43,003 - INFO -   Matrix range     [1e+00, 1e+00]
2025-02-19 16:48:43,004 - INFO -   Objective range  [2e+00, 1e+10]
2025-02-19 16:48:43,004 - INFO -   Bounds range     [0e+00, 0e+00]
2025-02-19 16:48:43,004 - INFO -   RHS range        [1e+00, 2e+02]
2025-02-19 16:48:43,004 - INFO - Warning: Model contains large objective coefficients
2025-02-19 16:48:43,005 - INFO -          Consider reformulating model or setting NumericFocus parameter
2025-02-19 16:48:43,005 - INFO -          to avoid numerical issues.
2025-02-19 16:48:43,005 - INFO - 
2025-02-19 16:48:43,005 - INFO - Solved in 0 iterations and 0.00 seconds (0.00 work units)
2025-02-19 16:48:43,006 - INFO - Optimal objective  1.300000000e+03
2025-02-19 16:48:43,008 - INFO - Gurobi Optimizer version 11.0.1 build v11.0.1rc0 (mac64[arm] - Darwin 24.3.0 24D60)
2025-02-19 16:48:43,008 - INFO - 
2025-02-19 16:48:43,008 - INFO - CPU model: Apple M2
2025-02-19 16:48:43,008 - INFO - Thread count: 8 physical cores, 8 logical processors, using up to 8 threads
2025-02-19 16:48:43,008 - INFO - 
2025-02-19 16:48:43,009 - INFO - Optimize a model with 593 rows, 1831 columns and 7824 nonzeros
2025-02-19 16:48:43,009 - INFO - Model fingerprint: 0x7f7ed8ff
2025-02-19 16:48:43,009 - INFO - Variable types: 0 continuous, 1831 integer (1831 binary)
2025-02-19 16:48:43,009 - INFO - Coefficient statistics:
2025-02-19 16:48:43,010 - INFO -   Matrix range     [1e+00, 1e+00]
2025-02-19 16:48:43,010 - INFO -   Objective range  [2e+00, 1e+10]
2025-02-19 16:48:43,010 - INFO -   Bounds range     [0e+00, 0e+00]
2025-02-19 16:48:43,010 - INFO -   RHS range        [1e+00, 2e+02]
2025-02-19 16:48:43,011 - INFO - Warning: Model contains large objective coefficients
2025-02-19 16:48:43,011 - INFO -          Consider reformulating model or setting NumericFocus parameter
2025-02-19 16:48:43,011 - INFO -          to avoid numerical issues.
2025-02-19 16:48:43,013 - INFO - Found heuristic solution: objective 3.400000e+12
2025-02-19 16:48:43,027 - INFO - Presolve removed 250 rows and 0 columns
2025-02-19 16:48:43,027 - INFO - Presolve time: 0.01s
2025-02-19 16:48:43,028 - INFO - Presolved: 343 rows, 1831 columns, 7434 nonzeros
2025-02-19 16:48:43,031 - INFO - Variable types: 0 continuous, 1831 integer (1831 binary)
2025-02-19 16:48:43,032 - INFO - Found heuristic solution: objective 3.290000e+12
2025-02-19 16:48:43,093 - INFO - 
2025-02-19 16:48:43,093 - INFO - Root relaxation: objective 1.300000e+03, 1812 iterations, 0.06 seconds (0.12 work units)
2025-02-19 16:48:43,110 - INFO - 
2025-02-19 16:48:43,110 - INFO -     Nodes    |    Current Node    |     Objective Bounds      |     Work
2025-02-19 16:48:43,111 - INFO -  Expl Unexpl |  Obj  Depth IntInf | Incumbent    BestBd   Gap | It/Node Time
2025-02-19 16:48:43,111 - INFO - 
2025-02-19 16:48:43,112 - INFO -      0     0 1300.00000    0  282 3.2900e+12 1300.00000   100%     -    0s
2025-02-19 16:48:43,113 - INFO - H    0     0                    5.500000e+11 1300.00000   100%     -    0s
2025-02-19 16:48:43,115 - INFO - H    0     0                    4.300000e+11 1300.00000   100%     -    0s
2025-02-19 16:48:43,118 - INFO - H    0     0                    3.500000e+11 1300.00000   100%     -    0s
2025-02-19 16:48:43,119 - INFO - H    0     0                    3.300000e+11 1300.00000   100%     -    0s
2025-02-19 16:48:43,206 - INFO - H    0     0                    2.600000e+11 1300.00000   100%     -    0s
2025-02-19 16:48:43,273 - INFO -      0     0 1301.02685    0  287 2.6000e+11 1301.02685   100%     -    0s
2025-02-19 16:48:43,281 - INFO -      0     0 1301.02685    0  288 2.6000e+11 1301.02685   100%     -    0s
2025-02-19 16:48:43,388 - INFO - H    0     0                    2.000000e+11 1301.02685   100%     -    0s
2025-02-19 16:48:43,392 - INFO -      0     0 1301.02685    0  293 2.0000e+11 1301.02685   100%     -    0s
2025-02-19 16:48:43,400 - INFO - H    0     0                    1.500000e+11 1301.02685   100%     -    0s
2025-02-19 16:48:43,403 - INFO -      0     0 1301.02685    0  297 1.5000e+11 1301.02685   100%     -    0s
2025-02-19 16:48:43,461 - INFO -      0     0 1301.58813    0  321 1.5000e+11 1301.58813   100%     -    0s
2025-02-19 16:48:43,473 - INFO -      0     0 1301.58813    0  321 1.5000e+11 1301.58813   100%     -    0s
2025-02-19 16:48:43,566 - INFO -      0     2 1301.58813    0  321 1.5000e+11 1301.58813   100%     -    0s
2025-02-19 16:48:43,835 - INFO - H  114   122                    1.200000e+11 1305.99130   100%   129    0s
2025-02-19 16:48:43,965 - INFO - H  148   155                    1.100000e+11 1305.99130   100%   123    0s
2025-02-19 16:48:45,073 - INFO - H  179   194                    1.000000e+11 1305.99130   100%   123    2s
2025-02-19 16:48:45,074 - INFO - H  187   194                    7.000000e+10 1305.99130   100%   120    2s
2025-02-19 16:48:45,288 - INFO - H  292   298                    7.000000e+10 1305.99130   100%   114    2s
2025-02-19 16:48:46,937 - INFO - H 1384  1316                    6.000000e+10 1305.99130   100%  96.9    3s
2025-02-19 16:48:47,739 - INFO - H 1688  1485                    5.000000e+10 1306.49686   100%   101    4s
2025-02-19 16:48:47,856 - INFO - H 1727  1440                    4.000000e+10 1306.49686   100%   102    4s
2025-02-19 16:48:48,089 - INFO -   1763  1466 1306.49686   23  305 4.0000e+10 1306.49686   100%   102    5s
2025-02-19 16:48:53,290 - INFO -   3403  2492 1.8486e+09   84  280 4.0000e+10 1306.49686   100%  95.8   10s
2025-02-19 16:48:54,691 - INFO - H 4024  2703                    4.000000e+10 1306.49686   100%  92.7   11s
2025-02-19 16:48:56,137 - INFO - H 4245  2768                    3.999999e+10 1306.49686   100%  92.2   13s
2025-02-19 16:48:58,196 - INFO -   5150  3411 1410.10189   49  269 4.0000e+10 1306.78774   100%  91.0   15s
2025-02-19 16:49:03,259 - INFO -   7373  5302 3.0144e+10  109  282 4.0000e+10 1308.08673   100%  86.3   20s
2025-02-19 16:49:08,326 - INFO -  10165  7807 6.1426e+09   72  279 4.0000e+10 1311.74008   100%  86.4   25s
2025-02-19 16:49:11,739 - INFO - H13013 10457                    3.999999e+10 1313.13586   100%  81.4   28s
2025-02-19 16:49:14,042 - INFO -  13704 10770 3.0000e+10   51  259 4.0000e+10 1313.64789   100%  81.3   31s
2025-02-19 16:49:21,516 - INFO -  17578 13886 1344.32813   25  290 4.0000e+10 1314.68125   100%  77.2   38s
2025-02-19 16:49:23,047 - INFO -  18462 14792 3.7374e+10   95  246 4.0000e+10 1314.80671   100%  76.8   40s
2025-02-19 16:49:28,233 - INFO -  20529 16840     cutoff  117      4.0000e+10 1314.95351   100%  75.9   45s
2025-02-19 16:49:33,082 - INFO -  24238 20602 2.7434e+10  129  272 4.0000e+10 1315.96227   100%  74.8   50s
2025-02-19 16:49:38,398 - INFO -  26065 21528 1.4439e+10   99  257 4.0000e+10 1315.96227   100%  74.5   55s
2025-02-19 16:49:45,531 - INFO -  29725 24131 1.0000e+10   51  321 4.0000e+10 1316.77852   100%  74.6   62s
2025-02-19 16:49:48,286 - INFO -  29735 24138 1.0000e+10   71  300 4.0000e+10 1316.77852   100%  74.5   65s
2025-02-19 16:49:53,182 - INFO -  29963 24300 1359.79923   42  294 4.0000e+10 1316.77852   100%  74.9   70s
2025-02-19 16:49:58,090 - INFO -  31714 25273 1337.36695   40  289 4.0000e+10 1316.77852   100%  77.3   75s
2025-02-19 16:50:03,031 - INFO -  33697 26343 4.2258e+09   60  275 4.0000e+10 1316.77852   100%  79.3   80s
2025-02-19 16:50:08,430 - INFO -  34886 26953 1329.52561   41  298 4.0000e+10 1316.77852   100%  80.5   85s
2025-02-19 16:50:13,621 - INFO -  37663 28316 4.2928e+09   58  264 4.0000e+10 1316.77852   100%  82.9   90s
2025-02-19 16:50:18,407 - INFO -  38626 28884 1.4204e+09   61  269 4.0000e+10 1316.77852   100%  84.0   95s
2025-02-19 16:50:23,315 - INFO -  41393 30652 1.6397e+10   91  272 4.0000e+10 1316.77852   100%  85.8  100s
2025-02-19 16:50:30,382 - INFO -  43567 31609 3.3590e+10   97  244 4.0000e+10 1316.77852   100%  87.4  107s
2025-02-19 16:50:33,711 - INFO -  45813 32882 1.3290e+10  106  278 4.0000e+10 1316.77852   100%  88.5  110s
2025-02-19 16:50:38,081 - INFO -  48244 34293 1.6584e+10   76  291 4.0000e+10 1316.77852   100%  89.6  115s
2025-02-19 16:50:44,028 - INFO -  50868 35382 2.5202e+10  120  266 4.0000e+10 1316.77852   100%  90.4  121s
2025-02-19 16:50:48,119 - INFO -  53221 36663 5.5705e+09   54  284 4.0000e+10 1316.77852   100%  91.4  125s
2025-02-19 16:50:53,834 - INFO -  56129 38194 1.5167e+10  104  249 4.0000e+10 1316.77852   100%  92.6  130s
2025-02-19 16:50:59,725 - INFO -  60329 40868 3.3088e+10   95  249 4.0000e+10 1316.77852   100%  93.3  136s
2025-02-19 16:51:04,474 - INFO -  62119 41807 4.3120e+09   72  294 4.0000e+10 1316.89497   100%  93.5  141s
2025-02-19 16:51:08,850 - INFO -  65822 43216 2.1471e+09   70  285 4.0000e+10 1317.20992   100%  94.3  145s
2025-02-19 16:51:13,280 - INFO -  70468 45589 9.7751e+09   95  268 4.0000e+10 1317.68511   100%  94.3  150s
2025-02-19 16:51:18,354 - INFO -  76030 49771 1384.73341   54  285 4.0000e+10 1318.09738   100%  93.8  155s
2025-02-19 16:51:23,291 - INFO -  82307 52273 2.1509e+10   96  262 4.0000e+10 1318.54791   100%  93.7  160s
2025-02-19 16:51:28,311 - INFO -  87808 55166 1382.07719   45  294 4.0000e+10 1318.93199   100%  93.4  165s
2025-02-19 16:51:35,464 - INFO -  94858 58093 1.3497e+10  104  273 4.0000e+10 1319.40862   100%  92.5  172s
2025-02-19 16:51:38,099 - INFO -  95541 59081 3.0121e+09   53  290 4.0000e+10 1319.52048   100%  92.6  175s
2025-02-19 16:51:43,012 - INFO -  102409 62862 2.5786e+10   76  234 4.0000e+10 1319.92495   100%  92.3  180s
2025-02-19 16:51:48,832 - INFO -  106460 67599 2.4967e+10  100  274 4.0000e+10 1320.13841   100%  92.0  185s
2025-02-19 16:51:53,148 - INFO -  113797 72588 1.0501e+10   75  289 4.0000e+10 1320.57889   100%  91.2  190s
2025-02-19 16:51:58,260 - INFO -  123881 80614 1355.47632   40  283 4.0000e+10 1321.05564   100%  89.8  195s
2025-02-19 16:52:03,318 - INFO -  132388 88401 3.2763e+10   56  256 4.0000e+10 1321.58187   100%  88.9  200s
2025-02-19 16:52:08,206 - INFO -  139672 94968 1.1761e+09   50  274 4.0000e+10 1321.89391   100%  88.2  205s
2025-02-19 16:52:13,473 - INFO -  150178 102946 1424.74980   49  274 4.0000e+10 1322.33103   100%  87.3  210s
2025-02-19 16:52:20,556 - INFO -  151107 110525 2.0000e+10   56  261 4.0000e+10 1322.37896   100%  87.2  217s
2025-02-19 16:52:23,170 - INFO -  161102 113031 1434.72786   60  292 4.0000e+10 1322.80602   100%  86.3  220s
2025-02-19 16:52:28,277 - INFO -  168585 120010 5.7084e+09   73  262 4.0000e+10 1323.00903   100%  85.9  225s
2025-02-19 16:52:33,438 - INFO -  175427 125015 1343.66818   36  287 4.0000e+10 1323.25823   100%  85.6  230s
2025-02-19 16:52:38,837 - INFO -  185179 132766 1.8582e+10  101  275 4.0000e+10 1323.52017   100%  84.8  235s
2025-02-19 16:52:38,850 - INFO - H185334 120126                    3.000000e+10 1323.52017   100%  84.8  235s
2025-02-19 16:52:43,293 - INFO -  191067 125587 1344.95033   39  275 3.0000e+10 1323.78551   100%  84.3  240s
2025-02-19 16:52:48,619 - INFO -  201183 133455 1425.13820   54  275 3.0000e+10 1324.07118   100%  83.7  245s
2025-02-19 16:52:51,591 - INFO - H203696 135685                    3.000000e+10 1324.11026   100%  83.6  248s
2025-02-19 16:52:51,596 - INFO - H203983 135680                    3.000000e+10 1324.11026   100%  83.7  248s
2025-02-19 16:52:53,238 - INFO -  206958 138887 1.3644e+10   83  267 3.0000e+10 1324.25223   100%  83.4  250s
2025-02-19 16:52:58,027 - INFO -  216131 146773 1.5886e+10   87  263 3.0000e+10 1324.53049   100%  82.8  255s
2025-02-19 16:53:04,607 - INFO -  223340 152104 2.1030e+09   55  288 3.0000e+10 1324.75302   100%  82.5  261s
2025-02-19 16:53:04,612 - INFO - H223342 152104                    3.000000e+10 1324.75302   100%  82.5  261s
2025-02-19 16:53:08,413 - INFO -  227043 155993 9.8780e+09   99  275 3.0000e+10 1324.86389   100%  82.3  265s
2025-02-19 16:53:14,512 - INFO -  237590 164692 1397.75494   44  298 3.0000e+10 1325.13375   100%  81.5  271s
2025-02-19 16:53:18,249 - INFO -  245010 171341 2.0919e+09   73  276 3.0000e+10 1325.32881   100%  81.1  275s
2025-02-19 16:53:23,208 - INFO -  253223 178258 1.6846e+10  120  284 3.0000e+10 1325.51401   100%  80.8  280s
2025-02-19 16:53:28,283 - INFO -  263800 187179 1475.11179   51  269 3.0000e+10 1325.78892   100%  80.1  285s
2025-02-19 16:53:33,055 - INFO -  272481 194572 1393.60927   47  270 3.0000e+10 1325.94723   100%  79.5  290s
2025-02-19 16:53:36,672 - INFO - H275019 195905                    3.000000e+10 1325.99765   100%  79.3  293s
2025-02-19 16:53:38,321 - INFO -  275835 197309 1378.86015   52  285 3.0000e+10 1326.02538   100%  79.3  295s
2025-02-19 16:53:43,302 - INFO -  285790 205940 1332.63975   38  297 3.0000e+10 1326.22074   100%  78.6  300s
2025-02-19 16:53:48,808 - INFO -  293900 212110 1356.60710   43  295 3.0000e+10 1326.37255   100%  78.3  305s
2025-02-19 16:53:53,329 - INFO -  302899 220129 1.3013e+08   53  270 3.0000e+10 1326.56979   100%  78.1  310s
2025-02-19 16:53:58,479 - INFO -  313583 230083 1.6510e+10  108  284 3.0000e+10 1326.78203   100%  77.8  315s
2025-02-19 16:54:03,044 - INFO -  322372 236605 2.2104e+10   90  281 3.0000e+10 1326.95591   100%  77.4  320s
2025-02-19 16:54:08,223 - INFO -  332321 245221 1454.38391   53  291 3.0000e+10 1327.12696   100%  77.0  325s
2025-02-19 16:54:13,122 - INFO -  342189 253365 7.1381e+09   53  287 3.0000e+10 1327.33813   100%  76.5  330s
2025-02-19 16:54:16,834 - INFO - H346874 216593                    2.000000e+10 1327.42745   100%  76.4  333s
2025-02-19 16:54:18,162 - INFO -  348918 219015 1348.70356   40  305 2.0000e+10 1327.51059   100%  76.3  335s
2025-02-19 16:54:20,553 - INFO - H350619 219648                    1.999999e+10 1327.54571   100%  76.3  337s
2025-02-19 16:54:20,560 - INFO - H350626 219648                    1.999999e+10 1327.54571   100%  76.3  337s
2025-02-19 16:54:23,240 - INFO -  355477 224513 1.9761e+09  100  275 2.0000e+10 1327.67579   100%  76.2  340s
2025-02-19 16:54:28,082 - INFO -  366277 233587 6.0088e+09   62  276 2.0000e+10 1327.88921   100%  75.9  345s
2025-02-19 16:54:33,239 - INFO -  371937 237961 6.2118e+08   56  285 2.0000e+10 1328.00708   100%  75.8  350s
2025-02-19 16:54:38,234 - INFO -  383135 247232 2.2472e+09   60  297 2.0000e+10 1328.20070   100%  75.4  355s
2025-02-19 16:54:43,098 - INFO -  383838 247247 1.7943e+09   64  297 2.0000e+10 1328.21672   100%  75.4  360s
2025-02-19 16:54:48,072 - INFO -  392432 254643 1440.72402   65  279 2.0000e+10 1328.40638   100%  75.3  365s
2025-02-19 16:54:53,122 - INFO -  399524 260943 1398.93627   53  275 2.0000e+10 1328.54401   100%  75.1  370s
2025-02-19 16:54:58,174 - INFO -  411112 270178 1.0423e+10   57  286 2.0000e+10 1328.73744   100%  74.9  375s
2025-02-19 16:54:59,220 - INFO - H412013 270186                    1.999999e+10 1328.74753   100%  74.9  376s
2025-02-19 16:54:59,229 - INFO - H412016 270186                    1.999999e+10 1328.74753   100%  74.9  376s
2025-02-19 16:55:03,124 - INFO -  419828 277007 1355.99427   35  271 2.0000e+10 1328.86257   100%  74.7  380s
2025-02-19 16:55:06,075 - INFO - H423394 279419                    1.999998e+10 1328.91739   100%  74.6  383s
2025-02-19 16:55:08,153 - INFO -  427188 283472 1372.18659   43  270 2.0000e+10 1328.97474   100%  74.5  385s
2025-02-19 16:55:15,007 - INFO -  437665 291760 1.2926e+10  104  253 2.0000e+10 1329.14022   100%  74.4  391s
2025-02-19 16:55:15,027 - INFO - H438085 291760                    1.999998e+10 1329.14440   100%  74.4  392s
2025-02-19 16:55:15,039 - INFO - H438193 291760                    1.999998e+10 1329.14640   100%  74.4  392s
2025-02-19 16:55:18,036 - INFO -  438902 292950 1408.50944   50  287 2.0000e+10 1329.15709   100%  74.4  395s
2025-02-19 16:55:23,057 - INFO -  451062 302698 1370.42888   41  275 2.0000e+10 1329.34737   100%  74.0  400s
2025-02-19 16:55:26,797 - INFO - H454271 304726                    1.999998e+10 1329.38947   100%  74.0  403s
2025-02-19 16:55:28,391 - INFO -  456725 307230 1355.22906   46  290 2.0000e+10 1329.43788   100%  74.0  405s
2025-02-19 16:55:37,340 - INFO -  461539 317294 1.5718e+10  136  270 2.0000e+10 1329.48105   100%  73.9  414s
2025-02-19 16:55:38,366 - INFO -  469547 317391 1.3009e+10   67  280 2.0000e+10 1329.61527   100%  73.9  415s
2025-02-19 16:55:38,380 - INFO - H469644 317391                    1.999998e+10 1329.61527   100%  73.9  415s
2025-02-19 16:55:44,663 - INFO -  480166 325883 3.2714e+09   57  270 2.0000e+10 1329.77607   100%  73.7  421s
2025-02-19 16:55:48,229 - INFO -  486377 331749 1388.74685   45  299 2.0000e+10 1329.87078   100%  73.6  425s
2025-02-19 16:55:53,165 - INFO -  496817 340071 1.0841e+09   65  277 2.0000e+10 1330.02562   100%  73.5  430s
2025-02-19 16:55:54,957 - INFO - H498909 341462                    1.999998e+10 1330.05195   100%  73.4  431s
2025-02-19 16:55:58,194 - INFO -  505191 346934 1380.25819   53  293 2.0000e+10 1330.13984   100%  73.3  435s
2025-02-19 16:56:04,081 - INFO -  511426 351547 1415.43285   47  268 2.0000e+10 1330.21592   100%  73.3  441s
2025-02-19 16:56:09,571 - INFO -  519943 358855 1341.40690   41  278 2.0000e+10 1330.31929   100%  73.1  446s
2025-02-19 16:56:13,231 - INFO -  526233 363909 infeasible   51      2.0000e+10 1330.40870   100%  73.2  450s
2025-02-19 16:56:18,444 - INFO -  535095 370979 1434.40753   41  297 2.0000e+10 1330.53279   100%  73.1  455s
2025-02-19 16:56:23,134 - INFO -  538612 373889 infeasible   54      2.0000e+10 1330.57156   100%  73.2  460s
2025-02-19 16:56:28,029 - INFO -  545408 379460 1408.02268   49  257 2.0000e+10 1330.66819   100%  73.1  465s
2025-02-19 16:56:32,247 - INFO - H553463 385253                    1.999998e+10 1330.76925   100%  73.1  469s
2025-02-19 16:56:33,136 - INFO -  554633 387060 1399.35800   51  273 2.0000e+10 1330.78478   100%  73.0  470s
2025-02-19 16:56:38,374 - INFO -  558875 389696 5.9470e+09   80  249 2.0000e+10 1330.84220   100%  73.0  475s
2025-02-19 16:56:44,204 - INFO -  569009 398133 1.6963e+08   56  262 2.0000e+10 1330.95614   100%  72.8  481s
2025-02-19 16:56:48,279 - INFO -  577577 406070 5.1939e+08   57  282 2.0000e+10 1331.04680   100%  72.7  485s
2025-02-19 16:56:53,138 - INFO -  583620 410789 1373.89597   45  299 2.0000e+10 1331.10303   100%  72.7  490s
2025-02-19 16:56:58,534 - INFO -  595723 421193 2.0675e+09   66  259 2.0000e+10 1331.22934   100%  72.6  495s
2025-02-19 16:57:03,045 - INFO -  604666 427733 1919684.05   55  288 2.0000e+10 1331.32714   100%  72.5  500s
2025-02-19 16:57:08,141 - INFO -  614425 435817 1340.80404   39  300 2.0000e+10 1331.44418   100%  72.4  505s
2025-02-19 16:57:13,134 - INFO -  622589 442588 1.5661e+10   83  269 2.0000e+10 1331.53282   100%  72.2  510s
2025-02-19 16:57:20,801 - INFO -  634417 451684 1438.91128   60  273 2.0000e+10 1331.66044   100%  72.1  517s
2025-02-19 16:57:23,204 - INFO -  638745 456010 1363.06846   42  287 2.0000e+10 1331.72032   100%  72.0  520s
2025-02-19 16:57:28,214 - INFO -  646711 462608 4.2913e+09   61  283 2.0000e+10 1331.80106   100%  71.9  525s
2025-02-19 16:57:33,126 - INFO -  656314 469527 8.1475e+09   95  277 2.0000e+10 1331.88978   100%  71.8  530s
2025-02-19 16:57:39,514 - INFO -  666273 477677 1379.47020   47  290 2.0000e+10 1331.96554   100%  71.7  536s
2025-02-19 16:57:45,337 - INFO -  673312 483589 9.1506e+08   64  282 2.0000e+10 1332.03274   100%  71.6  542s
2025-02-19 16:57:49,394 - INFO -  676759 486244 1.4007e+09   53  273 2.0000e+10 1332.07551   100%  71.6  546s
2025-02-19 16:57:53,103 - INFO -  683865 492587 1362.68345   43  287 2.0000e+10 1332.14641   100%  71.5  550s
2025-02-19 16:57:58,082 - INFO -  692924 499182 1.4405e+10   98  267 2.0000e+10 1332.23891   100%  71.4  555s
2025-02-19 16:58:04,024 - INFO -  702339 507085 9.0267e+09   77  270 2.0000e+10 1332.31153   100%  71.3  561s
2025-02-19 16:58:08,015 - INFO -  709665 513869 2.8272e+08   47  260 2.0000e+10 1332.38210   100%  71.3  565s
2025-02-19 16:58:16,514 - INFO -  714973 523770 7.5695e+09   77  287 2.0000e+10 1332.43549   100%  71.3  573s
2025-02-19 16:58:18,727 - INFO -  724175 525509 1.4061e+10   89  267 2.0000e+10 1332.53582   100%  71.2  575s
2025-02-19 16:58:23,395 - INFO -  735883 535381 1383.29136   43  291 2.0000e+10 1332.63545   100%  71.1  580s
2025-02-19 16:58:28,395 - INFO -  738822 537603 1410.83323   55  289 2.0000e+10 1332.66089   100%  71.0  585s
2025-02-19 16:58:34,287 - INFO -  747706 543759 1421.05831   44  277 2.0000e+10 1332.73445   100%  71.0  591s
2025-02-19 16:58:38,385 - INFO -  756569 552133 1368.70648   43  283 2.0000e+10 1332.79768   100%  71.0  595s
2025-02-19 16:58:43,352 - INFO -  764962 558406 1395.06059   46  275 2.0000e+10 1332.86718   100%  70.9  600s
2025-02-19 16:58:48,113 - INFO -  775266 567566 1342.46502   38  293 2.0000e+10 1332.96181   100%  70.8  605s
2025-02-19 16:58:54,464 - INFO -  785051 574033 1.9096e+10   51  265 2.0000e+10 1333.03453   100%  70.8  611s
2025-02-19 16:58:58,270 - INFO -  789678 578332 1405.90224   49  288 2.0000e+10 1333.07501   100%  70.8  615s
2025-02-19 16:59:03,245 - INFO -  797640 584671 1343.18187   42  296 2.0000e+10 1333.14985   100%  70.7  620s
2025-02-19 16:59:08,109 - INFO -  802657 588902 9.7832e+09  100  253 2.0000e+10 1333.19307   100%  70.7  625s
2025-02-19 16:59:13,361 - INFO -  810037 594500 1482.51266   68  278 2.0000e+10 1333.24676   100%  70.7  630s
2025-02-19 16:59:18,558 - INFO -  821572 604364 3.2852e+09   53  280 2.0000e+10 1333.34104   100%  70.6  635s
2025-02-19 16:59:23,019 - INFO -  827166 608695 1360.36998   47  294 2.0000e+10 1333.37547   100%  70.6  640s
2025-02-19 16:59:28,149 - INFO -  838574 617700 1399.98604   58  291 2.0000e+10 1333.46318   100%  70.6  645s
2025-02-19 16:59:33,403 - INFO -  847364 624777 1340.54496   42  297 2.0000e+10 1333.54307   100%  70.5  650s
2025-02-19 16:59:41,472 - INFO -  857640 632028 infeasible   63      2.0000e+10 1333.62714   100%  70.5  658s
2025-02-19 16:59:41,496 - INFO - H857641 632028                    1.999998e+10 1333.62714   100%  70.5  658s
2025-02-19 16:59:43,260 - INFO -  860530 635438 1362.73925   52  287 2.0000e+10 1333.65103   100%  70.5  660s
2025-02-19 16:59:48,864 - INFO -  871686 643550 4.2398e+08   56  273 2.0000e+10 1333.73616   100%  70.4  665s
2025-02-19 16:59:53,314 - INFO -  881242 652545 2.1111e+09   76  276 2.0000e+10 1333.81676   100%  70.3  670s
2025-02-19 16:59:58,237 - INFO -  891149 660435 1418.95054   47  279 2.0000e+10 1333.89703   100%  70.2  675s
2025-02-19 17:00:03,360 - INFO -  898309 665385 4.1218e+09   80  269 2.0000e+10 1333.95166   100%  70.2  680s
2025-02-19 17:00:08,542 - INFO -  906907 672330 1384.41376   45  283 2.0000e+10 1334.00888   100%  70.1  685s
2025-02-19 17:00:13,300 - INFO -  916847 681449 1.1895e+10   95  250 2.0000e+10 1334.09680   100%  70.1  690s
2025-02-19 17:00:18,552 - INFO -  925067 687550 1.1751e+10   65  272 2.0000e+10 1334.15101   100%  70.0  695s
2025-02-19 17:00:23,190 - INFO -  933547 694893 1.4085e+09   60  284 2.0000e+10 1334.21985   100%  70.0  700s
2025-02-19 17:00:28,274 - INFO -  942203 702166 1365.22099   45  297 2.0000e+10 1334.28054   100%  69.9  705s
2025-02-19 17:00:35,418 - INFO -  952101 709282 1.2920e+10   66  273 2.0000e+10 1334.35017   100%  69.9  712s
2025-02-19 17:00:38,034 - INFO -  955072 712237 1383.08125   44  287 2.0000e+10 1334.37644   100%  69.9  715s
2025-02-19 17:00:43,216 - INFO -  964460 720208     cutoff  113      2.0000e+10 1334.44558   100%  69.9  720s
2025-02-19 17:00:48,913 - INFO -  976723 729385 1.5525e+10  106  281 2.0000e+10 1334.53336   100%  69.8  725s
2025-02-19 17:00:53,909 - INFO -  984880 736885 4.3401e+09   63  273 2.0000e+10 1334.59994   100%  69.7  730s
2025-02-19 17:00:58,391 - INFO -  995853 745765 1356.94439   47  296 2.0000e+10 1334.66273   100%  69.6  735s
2025-02-19 17:01:03,085 - INFO -  1004647 752781 5.1605e+09   81  255 2.0000e+10 1334.72158   100%  69.6  740s
2025-02-19 17:01:08,912 - INFO -  1011524 757762 1399.90059   49  281 2.0000e+10 1334.75936   100%  69.6  745s
2025-02-19 17:01:13,246 - INFO -  1017226 763180 1385.25370   49  285 2.0000e+10 1334.79949   100%  69.6  750s
2025-02-19 17:01:18,408 - INFO -  1027311 770847 1.6550e+10   49  287 2.0000e+10 1334.86880   100%  69.6  755s
2025-02-19 17:01:23,804 - INFO -  1037600 778928 infeasible   69      2.0000e+10 1334.93265   100%  69.5  760s
2025-02-19 17:01:28,358 - INFO -  1042334 782281 1376.89553   51  295 2.0000e+10 1334.96524   100%  69.6  765s
2025-02-19 17:01:33,430 - INFO -  1050115 789200 1.0000e+10   67  275 2.0000e+10 1335.01124   100%  69.6  770s
2025-02-19 17:01:38,208 - INFO -  1058149 795388 7.7966e+08   68  287 2.0000e+10 1335.06303   100%  69.6  775s
2025-02-19 17:01:43,162 - INFO -  1067725 802869 1350.43564   37  285 2.0000e+10 1335.11752   100%  69.6  780s
2025-02-19 17:01:48,145 - INFO -  1077151 810519     cutoff   93      2.0000e+10 1335.18621   100%  69.5  785s
2025-02-19 17:01:54,667 - INFO -  1083034 815739 9.8836e+09   96  276 2.0000e+10 1335.22531   100%  69.5  791s
2025-02-19 17:01:58,389 - INFO -  1088715 820084 1393.34877   48  272 2.0000e+10 1335.26342   100%  69.5  795s
2025-02-19 17:02:03,054 - INFO -  1098733 827754 1348.49553   39  291 2.0000e+10 1335.32706   100%  69.4  800s
2025-02-19 17:02:08,218 - INFO -  1109329 836396 1382.95421   43  291 2.0000e+10 1335.39152   100%  69.4  805s
2025-02-19 17:02:13,015 - INFO -  1118188 843779 1.9973e+09   56  292 2.0000e+10 1335.43775   100%  69.3  810s
2025-02-19 17:02:18,037 - INFO -  1128363 852209     cutoff   79      2.0000e+10 1335.50750   100%  69.3  815s
2025-02-19 17:02:23,424 - INFO -  1138368 860712 6.0740e+08   56  288 2.0000e+10 1335.55907   100%  69.3  820s
2025-02-19 17:02:28,208 - INFO -  1145730 866043 1.0397e+10   51  278 2.0000e+10 1335.60146   100%  69.3  825s
2025-02-19 17:02:33,150 - INFO -  1154345 873317 6.9030e+09   95  296 2.0000e+10 1335.64423   100%  69.3  830s
2025-02-19 17:02:38,548 - INFO -  1162063 879583 1394.63574   47  294 2.0000e+10 1335.69092   100%  69.2  835s
2025-02-19 17:02:43,673 - INFO -  1168300 883440 1355.25674   43  288 2.0000e+10 1335.72261   100%  69.2  840s
2025-02-19 17:02:48,216 - INFO -  1175984 890940 1.3755e+09   57  262 2.0000e+10 1335.77917   100%  69.2  845s
2025-02-19 17:02:53,562 - INFO - H1186733 898264                    1.999998e+10 1335.83575   100%  69.2  850s
2025-02-19 17:02:58,490 - INFO -  1194231 904869 1.9594e+10   55  260 2.0000e+10 1335.87979   100%  69.2  855s
2025-02-19 17:03:05,697 - INFO -  1201692 909968 1349.61161   41  288 2.0000e+10 1335.91751   100%  69.2  862s
2025-02-19 17:03:08,510 - INFO -  1204114 913431 2.0592e+09   72  280 2.0000e+10 1335.93445   100%  69.2  865s
2025-02-19 17:03:13,089 - INFO -  1212303 919887 1365.93869   47  300 2.0000e+10 1335.97186   100%  69.2  870s
2025-02-19 17:03:18,396 - INFO -  1224311 929355 1424.16269   47  284 2.0000e+10 1336.04660   100%  69.1  875s
2025-02-19 17:03:23,048 - INFO -  1234413 937887 5.3266e+08   50  300 2.0000e+10 1336.09849   100%  69.0  880s
2025-02-19 17:03:28,265 - INFO -  1243535 945236 1364.07211   44  288 2.0000e+10 1336.15126   100%  69.0  885s
2025-02-19 17:03:33,065 - INFO -  1253460 953443 1.4405e+10   90  276 2.0000e+10 1336.20542   100%  69.0  890s
2025-02-19 17:03:38,351 - INFO -  1264704 962663 1.3776e+09   65  267 2.0000e+10 1336.26794   100%  68.9  895s
2025-02-19 17:03:43,590 - INFO -  1274113 970776 1396.01677   50  276 2.0000e+10 1336.31549   100%  68.8  900s
2025-02-19 17:03:48,327 - INFO -  1280585 974681 1371.72039   47  282 2.0000e+10 1336.35264   100%  68.8  905s
2025-02-19 17:03:53,067 - INFO -  1290639 983528 1.1791e+09   64  290 2.0000e+10 1336.41147   100%  68.8  910s
2025-02-19 17:03:58,538 - INFO -  1298340 988850 1.6362e+10   52  269 2.0000e+10 1336.44882   100%  68.8  915s
2025-02-19 17:04:03,851 - INFO -  1306035 994834 7.4911e+09   65  294 2.0000e+10 1336.48357   100%  68.8  920s
2025-02-19 17:04:08,275 - INFO -  1313105 1001627 7.1092e+09   78  274 2.0000e+10 1336.51902   100%  68.8  925s
2025-02-19 17:04:13,013 - INFO -  1322194 1008875 1376.22611   42  285 2.0000e+10 1336.56482   100%  68.7  930s
2025-02-19 17:04:18,402 - INFO -  1325718 1010840 1358.26523   46  268 2.0000e+10 1336.57952   100%  68.7  935s
2025-02-19 17:04:23,655 - INFO -  1332049 1015723 1395.93799   53  288 2.0000e+10 1336.61069   100%  68.7  940s
2025-02-19 17:04:28,131 - INFO -  1337144 1021064 1.3661e+10  100  252 2.0000e+10 1336.63867   100%  68.7  945s
2025-02-19 17:04:33,109 - INFO -  1347568 1029772 1350.20454   38  282 2.0000e+10 1336.70337   100%  68.7  950s
2025-02-19 17:04:38,672 - INFO -  1359686 1038194 6.9383e+09   74  280 2.0000e+10 1336.75670   100%  68.6  955s
2025-02-19 17:04:43,272 - INFO -  1368320 1046287 1400.88263   45  287 2.0000e+10 1336.80346   100%  68.6  960s
2025-02-19 17:04:48,063 - INFO -  1377946 1053789 1432.82144   52  279 2.0000e+10 1336.84795   100%  68.6  965s
2025-02-19 17:04:53,977 - INFO -  1385870 1059716 4.0262e+07   48  286 2.0000e+10 1336.87914   100%  68.5  970s
2025-02-19 17:04:58,260 - INFO -  1391487 1064299 1364.43286   48  270 2.0000e+10 1336.90459   100%  68.6  975s
2025-02-19 17:05:03,370 - INFO -  1401330 1072137 1368.65291   43  297 2.0000e+10 1336.95993   100%  68.5  980s
2025-02-19 17:05:08,551 - INFO -  1412399 1081128 1345.92336   34  290 2.0000e+10 1337.00977   100%  68.5  985s
2025-02-19 17:05:15,058 - INFO -  1422756 1088568 1.9250e+09   48  273 2.0000e+10 1337.05416   100%  68.5  992s
2025-02-19 17:05:18,722 - INFO -  1429873 1094459 6.9067e+09   73  284 2.0000e+10 1337.08649   100%  68.5  995s
2025-02-19 17:05:23,570 - INFO -  1439557 1102411 1389.13403   56  281 2.0000e+10 1337.12627   100%  68.4 1000s
2025-02-19 17:05:28,916 - INFO -  1450976 1111854 2.0149e+07   55  286 2.0000e+10 1337.17212   100%  68.3 1005s
2025-02-19 17:05:33,371 - INFO -  1456304 1116167 1406.63861   46  274 2.0000e+10 1337.19567   100%  68.3 1010s
2025-02-19 17:05:38,150 - INFO -  1464744 1123998 1364.79409   41  280 2.0000e+10 1337.22848   100%  68.3 1015s
2025-02-19 17:05:43,249 - INFO -  1473258 1131167 5.7130e+09   72  277 2.0000e+10 1337.27084   100%  68.2 1020s
2025-02-19 17:05:49,550 - INFO -  1484006 1139177 1371.33278   43  276 2.0000e+10 1337.32573   100%  68.2 1026s
2025-02-19 17:05:53,022 - INFO -  1492211 1146708 1387.21189   43  296 2.0000e+10 1337.35646   100%  68.2 1030s
2025-02-19 17:05:58,135 - INFO -  1502360 1155007 1403.88866   51  272 2.0000e+10 1337.40255   100%  68.1 1035s
2025-02-19 17:06:03,863 - INFO -  1512015 1162449 5.7198e+09   93  275 2.0000e+10 1337.44767   100%  68.1 1040s
2025-02-19 17:06:08,318 - INFO -  1519158 1168078 1381.07418   48  289 2.0000e+10 1337.48015   100%  68.1 1045s
2025-02-19 17:06:16,060 - INFO -  1530379 1176420 1440.62884   55  281 2.0000e+10 1337.53007   100%  68.1 1053s
2025-02-19 17:06:18,430 - INFO -  1532538 1179119 1398.69011   43  287 2.0000e+10 1337.54313   100%  68.1 1055s
2025-02-19 17:06:23,035 - INFO -  1541378 1186697 1430.57904   50  287 2.0000e+10 1337.57948   100%  68.0 1060s
2025-02-19 17:06:28,183 - INFO -  1550568 1194037 2.3544e+08   56  270 2.0000e+10 1337.62641   100%  68.0 1065s
2025-02-19 17:06:33,489 - INFO -  1558352 1200094 1424.11065   59  296 2.0000e+10 1337.66052   100%  68.0 1070s
2025-02-19 17:06:38,466 - INFO -  1568429 1208656 1356.72158   44  294 2.0000e+10 1337.70486   100%  68.0 1075s
2025-02-19 17:06:43,583 - INFO -  1577654 1216288 9.3498e+08   55  283 2.0000e+10 1337.74894   100%  67.9 1080s
2025-02-19 17:06:48,670 - INFO -  1586283 1223381 1413.36089   55  271 2.0000e+10 1337.77851   100%  67.9 1085s
2025-02-19 17:06:53,268 - INFO -  1594830 1230518 5.1892e+09   75  289 2.0000e+10 1337.81649   100%  67.9 1090s
2025-02-19 17:06:58,341 - INFO -  1602297 1236342 2.5398e+09  104  280 2.0000e+10 1337.85099   100%  67.9 1095s
2025-02-19 17:07:03,284 - INFO -  1611407 1243561 2.3559e+09   64  287 2.0000e+10 1337.89203   100%  67.8 1100s
2025-02-19 17:07:08,073 - INFO -  1618146 1249043 1366.83975   44  300 2.0000e+10 1337.91521   100%  67.8 1105s
2025-02-19 17:07:13,111 - INFO -  1625927 1255135 8.1306e+09  100  284 2.0000e+10 1337.94442   100%  67.8 1110s
2025-02-19 17:07:18,449 - INFO -  1635487 1262986 5.1284e+09   66  260 2.0000e+10 1337.97767   100%  67.8 1115s
2025-02-19 17:07:23,277 - INFO -  1638026 1264587 9.7406e+09   57  264 2.0000e+10 1337.99019   100%  67.8 1120s
2025-02-19 17:07:28,184 - INFO -  1646446 1271388 1.5055e+10   95  262 2.0000e+10 1338.02359   100%  67.7 1125s
2025-02-19 17:07:33,238 - INFO -  1654996 1278908 1355.28964   43  287 2.0000e+10 1338.05980   100%  67.7 1130s
2025-02-19 17:07:38,750 - INFO -  1665829 1286707 3.1191e+09   66  265 2.0000e+10 1338.10573   100%  67.7 1135s
2025-02-19 17:08:22,592 - INFO -  1676818 1297054 1371.08214   43  286 2.0000e+10 1338.14421   100%  67.6 1179s
2025-02-19 17:08:23,620 - INFO -  1678416 1297154 9.0220e+09   66  291 2.0000e+10 1338.14925   100%  67.6 1180s
2025-02-19 17:08:28,135 - INFO -  1686369 1303554 1387.36316   47  276 2.0000e+10 1338.18402   100%  67.6 1185s
2025-02-19 17:08:35,021 - INFO -  1697922 1312997 1455.61677   64  283 2.0000e+10 1338.23517   100%  67.6 1192s
2025-02-19 17:08:38,193 - INFO -  1701134 1316511 1366.61449   45  289 2.0000e+10 1338.24738   100%  67.6 1195s
2025-02-19 17:08:43,258 - INFO -  1708515 1322452 1364.79164   44  286 2.0000e+10 1338.27845   100%  67.6 1200s
2025-02-19 17:09:09,254 - INFO -  1710174 1323441 7.4757e+08   54  292 2.0000e+10 1338.28306   100%  67.6 1226s
2025-02-19 17:09:13,049 - INFO -  1715172 1327237 1387.45444   40  273 2.0000e+10 1338.30458   100%  67.6 1230s
2025-02-19 17:10:24,159 - INFO -  1718381 1329110     cutoff   64      2.0000e+10 1338.31637   100%  67.6 1301s
2025-02-19 17:10:28,152 - INFO -  1726530 1335435 8.5241e+09   81  267 2.0000e+10 1338.35198   100%  67.6 1305s
2025-02-19 17:10:33,878 - INFO -  1732789 1340556 1.6130e+10   88  278 2.0000e+10 1338.37936   100%  67.5 1310s
2025-02-19 17:10:38,414 - INFO -  1742573 1348616 1384.08665   48  294 2.0000e+10 1338.41572   100%  67.5 1315s
2025-02-19 17:10:43,226 - INFO -  1751353 1356759 1396.60585   55  296 2.0000e+10 1338.44989   100%  67.5 1320s
2025-02-19 17:12:25,741 - INFO -  1753963 1359256 1461.70980   60  256 2.0000e+10 1338.46287   100%  67.5 1422s
2025-02-19 17:12:28,395 - INFO -  1759267 1362200 6.8856e+09   84  284 2.0000e+10 1338.48007   100%  67.5 1425s
2025-02-19 17:12:33,863 - INFO -  1769599 1370298 1386.91873   52  291 2.0000e+10 1338.52099   100%  67.5 1430s
2025-02-19 17:12:38,366 - INFO -  1779374 1379379 1.9946e+09   58  264 2.0000e+10 1338.55953   100%  67.4 1435s
2025-02-19 17:14:27,620 - INFO -  1782461 1387081 1417.05280   64  262 2.0000e+10 1338.57156   100%  67.4 1544s
2025-02-19 17:14:28,719 - INFO -  1790469 1387431 1.6646e+09   74  272 2.0000e+10 1338.60093   100%  67.4 1545s
2025-02-19 17:14:33,089 - INFO -  1796463 1392814 1412.19341   42  280 2.0000e+10 1338.62836   100%  67.4 1550s
2025-02-19 17:14:38,842 - INFO -  1809622 1402235 2.8540e+09   68  284 2.0000e+10 1338.67939   100%  67.4 1555s
2025-02-19 17:14:43,397 - INFO -  1821265 1412527 1449.14782   54  280 2.0000e+10 1338.72734   100%  67.3 1560s
2025-02-19 17:14:48,173 - INFO -  1832238 1421441 1.7421e+10   84  256 2.0000e+10 1338.76926   100%  67.3 1565s
2025-02-19 17:16:31,277 - INFO -  1834286 1422522 1429.66517   56  275 2.0000e+10 1338.77491   100%  67.3 1668s
2025-02-19 17:16:33,396 - INFO -  1838501 1426662 4.4378e+08   52  288 2.0000e+10 1338.79078   100%  67.3 1670s
2025-02-19 17:16:39,785 - INFO -  1847631 1433044     cutoff   77      2.0000e+10 1338.82696   100%  67.3 1676s
2025-02-19 17:16:43,481 - INFO -  1855436 1440101 1.3626e+10  130  246 2.0000e+10 1338.85343   100%  67.3 1680s
2025-02-19 17:16:48,355 - INFO -  1865351 1448422 1374.71460   44  286 2.0000e+10 1338.88751   100%  67.3 1685s
2025-02-19 17:18:31,575 - INFO -  1868900 1451122 1408.06887   44  284 2.0000e+10 1338.90188   100%  67.3 1788s
2025-02-19 17:18:35,187 - INFO -  1873005 1453482 1.2061e+10  112  266 2.0000e+10 1338.91467   100%  67.3 1792s
2025-02-19 17:18:38,034 - INFO -  1877488 1457636 1354.09770   38  294 2.0000e+10 1338.92957   100%  67.3 1795s
2025-02-19 17:18:43,153 - INFO -  1887124 1465790 1440.52978   52  275 2.0000e+10 1338.96408   100%  67.3 1800s
2025-02-19 17:18:48,390 - INFO -  1896203 1472587 1439.10798   51  279 2.0000e+10 1338.98745   100%  67.3 1805s
2025-02-19 17:34:18,540 - INFO -  1903274 1478312 1.4446e+09   60  265 2.0000e+10 1339.01676   100%  67.3 2735s
2025-02-19 17:34:23,155 - INFO -  1912553 1485712 1391.74847   49  291 2.0000e+10 1339.04786   100%  67.2 2740s
2025-02-19 17:34:29,099 - INFO -  1920387 1495616 1396.14318   44  298 2.0000e+10 1339.07527   100%  67.2 2746s
2025-02-19 17:34:33,365 - INFO -  1933584 1502614 5.6806e+09   94  288 2.0000e+10 1339.12103   100%  67.2 2750s
2025-02-19 17:34:38,306 - INFO -  1938818 1506276 4.2193e+09   77  270 2.0000e+10 1339.13606   100%  67.2 2755s
2025-02-19 17:34:43,231 - INFO -  1947605 1514364 1347.42955   42  310 2.0000e+10 1339.16604   100%  67.2 2760s
2025-02-19 17:34:48,176 - INFO -  1955205 1520444 9.9831e+09   75  264 2.0000e+10 1339.19061   100%  67.1 2765s
2025-02-19 17:34:53,185 - INFO -  1965370 1528304 1.0000e+10   60  259 2.0000e+10 1339.22781   100%  67.1 2770s
2025-02-19 17:34:58,210 - INFO -  1974027 1535419 5.5523e+08   70  284 2.0000e+10 1339.26373   100%  67.1 2775s
2025-02-19 17:50:24,764 - INFO -  1975296 1536176 3.0971e+09   76  276 2.0000e+10 1339.26551   100%  67.1 3701s
2025-02-19 17:50:28,280 - INFO -  1980615 1539986 9.7920e+08   52  274 2.0000e+10 1339.28827   100%  67.1 3705s
2025-02-19 17:50:33,387 - INFO -  1990477 1549160 1.0351e+09   53  267 2.0000e+10 1339.32350   100%  67.1 3710s
2025-02-19 17:50:38,516 - INFO -  1995202 1553217 1374.10457   48  283 2.0000e+10 1339.33795   100%  67.1 3715s
2025-02-19 17:50:43,031 - INFO -  2005284 1560925 1.4166e+10   78  262 2.0000e+10 1339.37230   100%  67.0 3720s
2025-02-19 17:50:48,496 - INFO -  2014990 1568743     cutoff   60      2.0000e+10 1339.40130   100%  67.0 3725s
2025-02-19 17:50:53,695 - INFO -  2025694 1576259 5.2263e+09   80  273 2.0000e+10 1339.44275   100%  67.0 3730s
2025-02-19 17:50:58,285 - INFO -  2035365 1585405 7.1424e+09   79  273 2.0000e+10 1339.47536   100%  67.0 3735s
2025-02-19 17:51:03,487 - INFO -  2046508 1594437 2.9137e+09   58  271 2.0000e+10 1339.51315   100%  67.0 3740s
2025-02-19 18:06:26,991 - INFO -  2050577 1597562 1363.12892   38  284 2.0000e+10 1339.52497   100%  66.9 4663s
2025-02-19 18:06:29,318 - INFO -  2052550 1598299 1396.97455   44  285 2.0000e+10 1339.52857   100%  66.9 4666s
2025-02-19 18:06:34,271 - INFO -  2060976 1605443 1421.64646   56  287 2.0000e+10 1339.55259   100%  66.9 4671s
2025-02-19 18:06:39,917 - INFO -  2069846 1612456 5.9535e+09  102  267 2.0000e+10 1339.58255   100%  66.9 4676s
2025-02-19 18:06:43,375 - INFO -  2077868 1619819 1.0869e+09   60  273 2.0000e+10 1339.60894   100%  66.9 4680s
2025-02-19 18:06:49,723 - INFO -  2087985 1627744 1.2438e+10   97  283 2.0000e+10 1339.64432   100%  66.9 4686s
2025-02-19 18:06:53,880 - INFO -  2095421 1632979 1407.04835   44  269 2.0000e+10 1339.66991   100%  66.9 4690s
2025-02-19 18:06:58,425 - INFO -  2106662 1642828 1.1889e+10   73  265 2.0000e+10 1339.70171   100%  66.9 4695s
2025-02-19 18:07:03,392 - INFO -  2115012 1649595 1366.41442   52  283 2.0000e+10 1339.72625   100%  66.9 4700s
2025-02-19 18:22:34,068 - INFO -  2122019 1655157 1405.47197   45  283 2.0000e+10 1339.74596   100%  66.9 5631s
2025-02-19 18:22:38,408 - INFO -  2129625 1660848 1456.35883   49  277 2.0000e+10 1339.77184   100%  66.8 5635s
2025-02-19 18:22:43,341 - INFO -  2136430 1665589 6.6216e+09   82  282 2.0000e+10 1339.78910   100%  66.9 5640s
2025-02-19 18:22:48,080 - INFO -  2145286 1674204 5.0308e+09   88  275 2.0000e+10 1339.81541   100%  66.8 5645s
2025-02-19 18:22:53,222 - INFO -  2155174 1681171 1.5582e+10   99  270 2.0000e+10 1339.85798   100%  66.8 5650s
2025-02-19 18:22:58,194 - INFO -  2166411 1691378 9.0470e+08   56  270 2.0000e+10 1339.89140   100%  66.8 5655s
2025-02-19 18:23:03,452 - INFO -  2179023 1702088 4.9369e+09   53  272 2.0000e+10 1339.92730   100%  66.7 5660s
2025-02-19 18:23:08,573 - INFO -  2184320 1705151 1.0336e+10   73  264 2.0000e+10 1339.94179   100%  66.7 5665s
2025-02-19 18:23:13,082 - INFO -  2194158 1713396 1.1248e+10   77  268 2.0000e+10 1339.97795   100%  66.7 5670s
2025-02-19 18:38:34,190 - INFO -  2199071 1718153 1352.97832   40  298 2.0000e+10 1339.99445   100%  66.7 6591s
2025-02-19 18:38:38,559 - INFO -  2206337 1723925 1378.59223   50  287 2.0000e+10 1340.01773   100%  66.7 6595s
2025-02-19 18:38:43,427 - INFO -  2217429 1732513 1.7087e+10   67  241 2.0000e+10 1340.04673   100%  66.7 6600s
2025-02-19 18:38:48,206 - INFO -  2224309 1738506 6.5337e+09   55  261 2.0000e+10 1340.06971   100%  66.7 6605s
2025-02-19 18:38:53,493 - INFO -  2232839 1744208 1348.51307   41  290 2.0000e+10 1340.09758   100%  66.7 6610s
2025-02-19 18:39:01,114 - INFO -  2242959 1752031 1.0462e+10  112  276 2.0000e+10 1340.13029   100%  66.7 6618s
2025-02-19 18:39:03,107 - INFO -  2246185 1755745 1371.79839   51  292 2.0000e+10 1340.14154   100%  66.7 6620s
2025-02-19 18:39:08,409 - INFO -  2248041 1756633 1395.80520   44  278 2.0000e+10 1340.14702   100%  66.7 6625s
2025-02-19 18:39:13,222 - INFO -  2256916 1764080 4.0149e+09   99  274 2.0000e+10 1340.17302   100%  66.6 6630s
2025-02-19 18:39:39,617 - INFO -  2258183 1765084 1345.55446   43  282 2.0000e+10 1340.17559   100%  66.6 6656s
2025-02-19 18:39:43,579 - INFO -  2266338 1770902 1.0623e+10   67  278 2.0000e+10 1340.20582   100%  66.6 6660s
2025-02-19 18:40:55,325 - INFO -  2269316 1774457 1382.26238   39  290 2.0000e+10 1340.21598   100%  66.6 6732s
2025-02-19 18:40:58,477 - INFO -  2275068 1778432 1367.00210   43  299 2.0000e+10 1340.23163   100%  66.6 6735s
2025-02-19 18:41:05,363 - INFO -  2284742 1785706 1361.19031   45  293 2.0000e+10 1340.26372   100%  66.6 6742s
2025-02-19 18:41:08,989 - INFO -  2285212 1792163 1369.53110   46  300 2.0000e+10 1340.26425   100%  66.6 6745s
2025-02-19 18:41:13,380 - INFO -  2301075 1799608 1.2807e+10   95  257 2.0000e+10 1340.30500   100%  66.6 6750s
2025-02-19 18:42:56,877 - INFO -  2308921 1805664 1408.87708   51  269 2.0000e+10 1340.32480   100%  66.6 6853s
2025-02-19 18:42:58,525 - INFO -  2311885 1807958 1.4479e+10   64  269 2.0000e+10 1340.33627   100%  66.6 6855s
2025-02-19 18:43:03,510 - INFO -  2320503 1814254 1351.35459   41  293 2.0000e+10 1340.36407   100%  66.6 6860s
2025-02-19 18:43:08,802 - INFO -  2329860 1822156 2.6497e+09   66  279 2.0000e+10 1340.38932   100%  66.6 6865s
2025-02-19 18:43:13,014 - INFO -  2336895 1827557 1410.12372   54  273 2.0000e+10 1340.41205   100%  66.6 6870s
2025-02-19 18:44:57,960 - INFO -  2348451 1836730 1.3886e+10   86  270 2.0000e+10 1340.44583   100%  66.6 6974s
2025-02-19 18:44:58,536 - INFO -  2348636 1837603 1.4388e+10   87  268 2.0000e+10 1340.44727   100%  66.6 6975s
2025-02-19 18:45:03,113 - INFO -  2352971 1841130 1350.42633   41  287 2.0000e+10 1340.46296   100%  66.6 6980s
2025-02-19 18:45:08,115 - INFO -  2364002 1850035 1391.95377   48  291 2.0000e+10 1340.49653   100%  66.6 6985s
2025-02-19 18:45:14,183 - INFO -  2375427 1858254 8.9885e+08   53  279 2.0000e+10 1340.52881   100%  66.5 6991s
2025-02-19 18:45:18,243 - INFO -  2383654 1865874 1.7118e+09   64  277 2.0000e+10 1340.55688   100%  66.6 6995s
2025-02-19 18:47:01,254 - INFO -  2386294 1866928 1.0291e+09   55  287 2.0000e+10 1340.56279   100%  66.6 7098s
2025-02-19 18:47:03,057 - INFO -  2386566 1866995 1361.56062   39  269 2.0000e+10 1340.56279   100%  66.6 7100s
2025-02-19 18:47:08,857 - INFO -  2397666 1875926 9.0801e+09  107  269 2.0000e+10 1340.59532   100%  66.5 7105s
2025-02-19 18:47:13,037 - INFO -  2406864 1884485 2.0682e+08   65  294 2.0000e+10 1340.62135   100%  66.5 7110s
2025-02-19 18:47:18,403 - INFO -  2418778 1893740 1.9225e+09   62  276 2.0000e+10 1340.66019   100%  66.5 7115s
2025-02-19 18:59:22,831 - INFO -  2424441 1897686 1.0923e+09   58  283 2.0000e+10 1340.67477   100%  66.5 7839s
2025-02-19 18:59:22,839 - INFO - 
2025-02-19 18:59:22,839 - INFO - Cutting planes:
2025-02-19 18:59:22,839 - INFO -   Gomory: 1
2025-02-19 18:59:22,840 - INFO -   Clique: 10
2025-02-19 18:59:22,842 - INFO - 
2025-02-19 18:59:22,843 - INFO - Explored 2424818 nodes (161266764 simplex iterations) in 7839.83 seconds (3869.94 work units)
2025-02-19 18:59:22,843 - INFO - Thread count was 8 (of 8 available processors)
2025-02-19 18:59:22,843 - INFO - 
2025-02-19 18:59:22,844 - INFO - Solution count 10: 2e+10 2e+10 2e+10 ... 4e+10
2025-02-19 18:59:22,844 - INFO - 
2025-02-19 18:59:22,844 - INFO - Time limit reached
2025-02-19 18:59:22,845 - INFO - Best objective 2.000000141100e+10, best bound 1.340674774015e+03, gap 100.0000%
