2025-02-08 11:16:39,835 - INFO - 	count	z_opt	time_spp	time_lp	time_total	ncols	nrows	time_spp_low_res	n_cols_low_res
2025-02-08 11:16:41,628 - INFO - 	1	2720000000007.0	0	0.00018405914306640625	1.7928049564361572	283	533	1.682107925415039	3
2025-02-08 11:16:43,416 - INFO - 	2	2640000000021.0	0	0.00043892860412597656	3.5802600383758545	286	533	3.3428449630737305	6
2025-02-08 11:16:45,057 - INFO - 	3	2640000000021.0	0	0.0007009506225585938	5.221243143081665	289	533	4.864571809768677	9
2025-02-08 11:16:46,706 - INFO - 	4	2580000000026.0	0	0.0009748935699462891	6.870264291763306	292	533	6.396677494049072	12
2025-02-08 11:16:48,341 - INFO - 	5	2580000000026.0	0	0.0012557506561279297	8.505327463150024	295	533	7.919073104858398	15
2025-02-08 11:16:49,901 - INFO - 	6	2460000000037.0	0	0.0014219284057617188	10.065378665924072	298	533	9.36675238609314	18
2025-02-08 11:16:51,516 - INFO - 	7	2460000000037.0	0	0.001725912094116211	11.680379629135132	301	533	10.86911678314209	21
2025-02-08 11:16:53,017 - INFO - 	8	2460000000037.0	0	0.0019910335540771484	13.181617736816406	304	533	12.257606029510498	24
2025-02-08 11:16:54,534 - INFO - 	9	2455000000039.0	0	0.002321004867553711	14.698145627975464	307	533	13.661221742630005	27
2025-02-08 11:16:56,224 - INFO - 	10	2455000000039.0	0	0.002640962600708008	16.387667655944824	310	533	15.23799753189087	30
2025-02-08 11:16:57,804 - INFO - 	11	2400000000044.0	0	0.002935171127319336	17.967536687850952	313	533	16.70556139945984	33
2025-02-08 11:16:59,467 - INFO - 	12	2340000000057.0	0	0.003216266632080078	19.63049077987671	316	533	18.256857872009277	36
2025-02-08 11:17:01,059 - INFO - 	13	2330000000067.0	0	0.0035283565521240234	21.222214937210083	319	533	19.73469638824463	39
2025-02-08 11:17:02,694 - INFO - 	14	2280000000067.0	0	0.003852367401123047	22.85771417617798	322	533	21.25761342048645	42
2025-02-08 11:17:04,165 - INFO - 	15	2260000000069.5	0	0.0041735172271728516	24.32881808280945	325	533	22.61728286743164	45
2025-02-08 11:17:05,735 - INFO - 	16	2260000000069.5	0	0.004483461380004883	25.898263931274414	328	533	24.07492184638977	48
2025-02-08 11:17:07,307 - INFO - 	17	2180000000093.0	0	0.0047914981842041016	27.470253944396973	331	533	25.534271955490112	51
2025-02-08 11:17:08,882 - INFO - 	18	2180000000093.0	0	0.005127668380737305	29.045535802841187	334	533	26.99546194076538	54
2025-02-08 11:17:10,368 - INFO - 	19	2180000000084.6667	0	0.005656719207763672	30.530776500701904	337	533	28.3670175075531	57
2025-02-08 11:17:12,004 - INFO - 	20	2180000000084.0	0	0.006029605865478516	32.16679644584656	340	533	29.88653802871704	60
2025-02-08 11:17:13,501 - INFO - 	21	2130000000096.0	0	0.006354331970214844	33.66370630264282	343	533	31.26837182044983	63
2025-02-08 11:17:15,065 - INFO - 	22	2090000000096.0	0	0.006673097610473633	35.22770619392395	346	533	32.71957325935364	66
2025-02-08 11:17:16,566 - INFO - 	23	2083333333429.3328	0	0.00699615478515625	36.728219985961914	349	533	34.10809826850891	69
2025-02-08 11:17:18,086 - INFO - 	24	2060000000101.75	0	0.0074005126953125	38.24866199493408	352	533	35.51628136634827	72
2025-02-08 11:17:19,609 - INFO - 	25	2060000000101.75	0	0.00781559944152832	39.771344900131226	355	533	36.92686605453491	75
2025-02-08 11:17:21,099 - INFO - 	26	2060000000101.75	0	0.00816488265991211	41.261224031448364	358	533	38.30495071411133	78
2025-02-08 11:17:22,659 - INFO - 	27	2060000000101.75	0	0.008666038513183594	42.82159614562988	361	533	39.752795934677124	81
2025-02-08 11:17:24,188 - INFO - 	28	2040000000105.25	0	0.009063005447387695	44.349937200546265	364	533	41.16894268989563	84
2025-02-08 11:17:25,722 - INFO - 	29	2030000000107.4165	0	0.009633779525756836	45.884318351745605	367	533	42.58973789215088	87
2025-02-08 11:17:27,313 - INFO - 	30	2030000000107.1816	0	0.010271072387695312	47.47510242462158	370	533	44.06675910949707	90
2025-02-08 11:17:28,826 - INFO - 	31	2030000000107.0625	0	0.010770082473754883	48.98780131340027	373	533	45.466315269470215	93
2025-02-08 11:17:30,407 - INFO - 	32	2000000000118.0	0	0.01117706298828125	50.56920099258423	376	533	46.93371343612671	96
2025-02-08 11:17:31,943 - INFO - 	33	1990000000116.9995	0	0.011820077896118164	52.10431981086731	379	533	48.351531744003296	99
2025-02-08 11:17:33,490 - INFO - 	34	1965000000122.5	0	0.012457132339477539	53.65148687362671	382	533	49.78616738319397	102
2025-02-08 11:17:34,987 - INFO - 	35	1965000000122.5	0	0.013103485107421875	55.148844718933105	385	533	51.17103171348572	105
2025-02-08 11:17:36,470 - INFO - 	36	1960000000125.5	0	0.013806343078613281	56.6313591003418	388	533	52.53964829444885	108
2025-02-08 11:17:38,054 - INFO - 	37	1960000000125.5	0	0.014006614685058594	58.215649127960205	391	533	54.00955510139465	111
2025-02-08 11:17:39,581 - INFO - 	38	1934285714422.9995	0	0.014646768569946289	59.742478132247925	394	533	55.42389535903931	114
2025-02-08 11:17:41,124 - INFO - 	39	1926666666807.666	0	0.01563262939453125	61.28535223007202	397	533	56.85216736793518	117
2025-02-08 11:17:42,606 - INFO - 	40	1885555555706.5557	0	0.016718626022338867	62.7669620513916	400	533	58.22086811065674	120
2025-02-08 11:17:44,209 - INFO - 	41	1870714285867.286	0	0.017645597457885742	64.36976480484009	403	533	59.710108041763306	123
2025-02-08 11:17:45,677 - INFO - 	42	1862857143013.4287	0	0.01877760887145996	65.83811092376709	406	533	61.06437849998474	126
2025-02-08 11:17:47,204 - INFO - 	43	1837142857312.5715	0	0.019760847091674805	67.36484980583191	409	533	62.47784352302551	129
2025-02-08 11:17:48,661 - INFO - 	44	1800000000178.0	0	0.02034902572631836	68.82169365882874	412	533	63.82179522514343	132
2025-02-08 11:17:50,134 - INFO - 	45	1794166666843.0002	0	0.021450042724609375	70.2944905757904	415	533	65.18096232414246	135
2025-02-08 11:17:51,644 - INFO - 	46	1780952381129.2383	0	0.022305965423583984	71.80405783653259	418	533	66.57695603370667	138
2025-02-08 11:17:53,180 - INFO - 	47	1779729729905.0806	0	0.02293562889099121	73.34081172943115	421	533	67.99334168434143	141
2025-02-08 11:17:54,624 - INFO - 	48	1768709677594.807	0	0.023900747299194336	74.78406357765198	424	533	69.32310461997986	144
2025-02-08 11:17:56,107 - INFO - 	49	1750000000184.375	0	0.024702787399291992	76.26736354827881	427	533	70.69474792480469	147
2025-02-08 11:17:57,670 - INFO - 	50	1730000000189.2104	0	0.025511741638183594	77.82993865013123	430	533	72.14567995071411	150
2025-02-08 11:17:59,213 - INFO - 	51	1725000000196.0	0	0.026076793670654297	79.37318563461304	433	533	73.56872129440308	153
2025-02-08 11:18:01,050 - INFO - 	52	1725000000196.0	0	0.02675175666809082	81.20963764190674	436	533	75.28791618347168	156
2025-02-08 11:18:02,679 - INFO - 	53	1707500000208.0	0	0.027251720428466797	82.8389585018158	439	533	76.79963803291321	159
2025-02-08 11:18:04,238 - INFO - 	54	1685000000209.0	0	0.02771759033203125	84.39736342430115	442	533	78.2391631603241	162
2025-02-08 11:18:05,691 - INFO - 	55	1685000000209.0	0	0.027951478958129883	85.85072827339172	445	533	79.57961201667786	165
2025-02-08 11:18:07,232 - INFO - 	56	1685000000209.0	0	0.028183460235595703	87.39073443412781	448	533	81.00688099861145	168
2025-02-08 11:18:08,817 - INFO - 	57	1685000000209.0	0	0.028926610946655273	88.9755482673645	451	533	82.44367694854736	171
2025-02-08 11:18:10,292 - INFO - 	58	1665714285923.2854	0	0.029836654663085938	90.4504783153534	454	533	83.8044080734253	174
2025-02-08 11:18:11,849 - INFO - 	59	1664166666875.0005	0	0.030707597732543945	92.00792717933655	457	533	85.22341227531433	177
2025-02-08 11:18:13,285 - INFO - 	60	1655000000214.1663	0	0.031427860260009766	93.44357538223267	460	533	86.54586029052734	180
2025-02-08 11:18:14,786 - INFO - 	61	1655000000212.4998	0	0.03200078010559082	94.94450044631958	463	533	87.93379163742065	183
2025-02-08 11:18:16,220 - INFO - 	62	1646666666882.8335	0	0.03276348114013672	96.37854957580566	466	533	89.25473213195801	186
2025-02-08 11:18:17,732 - INFO - 	63	1608333333556.3337	0	0.033281564712524414	97.89090847969055	469	533	90.65468525886536	189
2025-02-08 11:18:19,160 - INFO - 	64	1592000000228.2	0	0.03415274620056152	99.31817841529846	472	533	91.96911215782166	192
2025-02-08 11:18:20,652 - INFO - 	65	1556470588476.7046	0	0.035439491271972656	100.81067752838135	475	533	93.34854817390442	195
2025-02-08 11:18:22,060 - INFO - 	66	1556470588476.7046	0	0.0361483097076416	102.21781039237976	478	533	94.64289212226868	198
2025-02-08 11:18:23,455 - INFO - 	67	1556470588476.7046	0	0.037287235260009766	103.61299848556519	481	533	95.9256157875061	201
2025-02-08 11:18:24,937 - INFO - 	68	1547243346252.7712	0	0.03880119323730469	105.0944516658783	484	533	97.29403066635132	204
2025-02-08 11:18:26,348 - INFO - 	69	1544797297543.6084	0	0.0403139591217041	106.50583148002625	487	533	98.59198784828186	207
2025-02-08 11:18:27,729 - INFO - 	70	1517405405659.8083	0	0.041996002197265625	107.8862783908844	490	533	99.8592677116394	210
2025-02-08 11:18:29,173 - INFO - 	71	1497500000260.6072	0	0.04430103302001953	109.33073449134827	493	533	101.1900475025177	213
2025-02-08 11:18:30,671 - INFO - 	72	1469285714550.8572	0	0.04621005058288574	110.82804751396179	496	533	102.57276058197021	216
2025-02-08 11:18:32,157 - INFO - 	73	1457636363906.1633	0	0.048130035400390625	112.31449556350708	499	533	103.94223690032959	219
2025-02-08 11:18:33,619 - INFO - 	74	1410000000289.0	0	0.04899024963378906	113.77584958076477	502	533	105.28943252563477	222
2025-02-08 11:18:35,088 - INFO - 	75	1410000000289.0	0	0.051291465759277344	115.24484252929688	505	533	106.6436722278595	225
2025-02-08 11:18:36,598 - INFO - 	76	1395000000289.5	0	0.05312943458557129	116.75534749031067	508	533	108.04033708572388	228
2025-02-08 11:18:37,973 - INFO - 	77	1395000000289.5	0	0.05414247512817383	118.13048148155212	511	533	109.30234837532043	231
2025-02-08 11:18:39,365 - INFO - 	78	1395000000289.5	0	0.055028438568115234	119.52189540863037	514	533	110.57991194725037	234
2025-02-08 11:18:40,811 - INFO - 	79	1395000000289.5	0	0.05668830871582031	120.96768450737	517	533	111.91170287132263	237
2025-02-08 11:18:42,245 - INFO - 	80	1395000000289.5	0	0.05729246139526367	122.4018247127533	520	533	113.23403930664062	240
2025-02-08 11:18:43,642 - INFO - 	81	1388750000285.875	0	0.0582733154296875	123.79828572273254	523	533	114.51791524887085	243
2025-02-08 11:18:45,007 - INFO - 	82	1372222222517.0007	0	0.06015729904174805	125.16330862045288	526	533	115.770024061203	246
2025-02-08 11:18:46,499 - INFO - 	83	1360000000295.5	0	0.061153411865234375	126.65573859214783	529	533	117.14959526062012	249
2025-02-08 11:18:47,925 - INFO - 	84	1360000000295.5	0	0.0634613037109375	128.08086371421814	532	533	118.4603853225708	252
2025-02-08 11:18:49,343 - INFO - 	85	1360000000295.5	0	0.06531834602355957	129.49957847595215	535	533	119.76550459861755	255
2025-02-08 11:18:50,789 - INFO - 	86	1341578947678.1313	0	0.06743240356445312	130.9453465938568	538	533	121.09763288497925	258
2025-02-08 11:18:52,182 - INFO - 	87	1329200000318.74	0	0.06904840469360352	132.3381404876709	541	533	122.37721085548401	261
2025-02-08 11:18:53,564 - INFO - 	88	1300000000332.0	0	0.07102131843566895	133.7203893661499	544	533	123.64575219154358	264
2025-02-08 11:18:55,052 - INFO - 	89	1300000000332.0	0	0.07451939582824707	135.20737314224243	547	533	125.01710057258606	267
2025-02-08 11:18:56,446 - INFO - 	90	1285000000334.5	0	0.07604718208312988	136.6012532711029	550	533	126.29747462272644	270
2025-02-08 11:18:57,864 - INFO - 	91	1256666667008.333	0	0.07938838005065918	138.01934933662415	553	533	127.60052418708801	273
2025-02-08 11:18:59,394 - INFO - 	92	1255000000342.3333	0	0.08072924613952637	139.54911518096924	556	533	129.01760482788086	276
2025-02-08 11:19:00,816 - INFO - 	93	1246666667010.9995	0	0.08205533027648926	140.97151613235474	559	533	130.32668352127075	279
2025-02-08 11:19:02,271 - INFO - 	94	1246666667010.9995	0	0.08294320106506348	142.42626404762268	562	533	131.6690058708191	282
2025-02-08 11:19:03,676 - INFO - 	95	1246666667010.9995	0	0.08418416976928711	143.83107209205627	565	533	132.96126699447632	285
2025-02-08 11:19:05,112 - INFO - 	96	1228210526666.1995	0	0.08634424209594727	145.26751732826233	568	533	134.28395676612854	288
2025-02-08 11:19:06,481 - INFO - 	97	1225125000352.175	0	0.0890660285949707	146.63563418388367	571	533	135.5379023551941	291
2025-02-08 11:19:07,848 - INFO - 	98	1217278350875.0103	0	0.09102320671081543	148.00249004364014	574	533	136.79089617729187	294
2025-02-08 11:19:09,306 - INFO - 	99	1201185095051.0688	0	0.0925130844116211	149.4609842300415	577	533	138.13608717918396	297
2025-02-08 11:19:10,635 - INFO - 	100	1182352231978.2344	0	0.09914803504943848	150.78942012786865	580	533	139.34620118141174	300
2025-02-08 11:19:12,048 - INFO - 	101	1162685185568.7866	0	0.10322999954223633	152.2023994922638	583	533	140.64330506324768	303
2025-02-08 11:19:13,383 - INFO - 	102	1133082707163.4958	0	0.10627889633178711	153.53716039657593	586	533	141.863431930542	306
2025-02-08 11:19:14,715 - INFO - 	103	1124400000397.8801	0	0.1098029613494873	154.869473695755	589	533	143.08080983161926	309
2025-02-08 11:19:16,099 - INFO - 	104	1109486301771.8315	0	0.11282610893249512	156.25370860099792	592	533	144.3510925769806	312
2025-02-08 11:19:17,499 - INFO - 	105	1102492492899.2402	0	0.11709189414978027	157.6530885696411	595	533	145.6350965499878	315
2025-02-08 11:19:18,856 - INFO - 	106	1089198113614.8866	0	0.12088584899902344	159.0101125240326	598	533	146.87693428993225	318
2025-02-08 11:19:20,169 - INFO - 	107	1079355888506.7374	0	0.12557673454284668	160.322580575943	601	533	148.0735433101654	321
2025-02-08 11:19:21,488 - INFO - 	108	1070255319565.7319	0	0.12883663177490234	161.642329454422	604	533	149.27897024154663	324
2025-02-08 11:19:22,877 - INFO - 	109	1066592593012.4406	0	0.1324455738067627	163.03050661087036	607	533	150.55199265480042	327
2025-02-08 11:19:24,203 - INFO - 	110	1062820144309.4336	0	0.13570642471313477	164.35653257369995	610	533	151.7635350227356	330
2025-02-08 11:19:25,587 - INFO - 	111	1041553515547.1271	0	0.13818812370300293	165.74095463752747	613	533	153.03403997421265	333
2025-02-08 11:19:26,939 - INFO - 	112	1007500000445.7628	0	0.14170598983764648	167.0929057598114	616	533	154.2711160182953	336
2025-02-08 11:19:28,386 - INFO - 	113	1000000000446.75	0	0.14356303215026855	168.53928542137146	619	533	155.60425734519958	339
2025-02-08 11:19:29,770 - INFO - 	114	992016807170.6011	0	0.14566612243652344	169.922869682312	622	533	156.87469792366028	342
2025-02-08 11:19:31,117 - INFO - 	115	989336510714.8816	0	0.15120506286621094	171.2702295780182	625	533	158.10560274124146	345
2025-02-08 11:19:32,527 - INFO - 	116	989302949513.1182	0	0.15482711791992188	172.68035078048706	628	533	159.40117835998535	348
2025-02-08 11:19:33,885 - INFO - 	117	979042612514.5612	0	0.15973615646362305	174.03789162635803	631	533	160.64254641532898	351
2025-02-08 11:19:35,191 - INFO - 	118	977934745923.565	0	0.16452836990356445	175.3435046672821	634	533	161.83298206329346	354
2025-02-08 11:19:36,577 - INFO - 	119	977934745923.5648	0	0.16881155967712402	176.72956442832947	637	533	163.10404562950134	357
2025-02-08 11:19:37,891 - INFO - 	120	949480182397.8579	0	0.17291736602783203	178.04327940940857	640	533	164.30259895324707	360
2025-02-08 11:19:39,235 - INFO - 	121	939646359009.0457	0	0.17838025093078613	179.38801956176758	643	533	165.53057193756104	363
2025-02-08 11:19:40,564 - INFO - 	122	935445829806.7101	0	0.18175911903381348	180.71697759628296	646	533	166.74492692947388	366
2025-02-08 11:19:41,921 - INFO - 	123	931068287025.502	0	0.18570303916931152	182.07384061813354	649	533	167.98704624176025	369
2025-02-08 11:19:43,221 - INFO - 	124	920436847582.9467	0	0.18742799758911133	183.37354683876038	652	533	169.17382335662842	372
2025-02-08 11:19:44,614 - INFO - 	125	910965352666.1786	0	0.18912124633789062	184.76658987998962	655	533	170.45358109474182	375
2025-02-08 11:19:45,935 - INFO - 	126	903152311685.0378	0	0.19612932205200195	186.0875482559204	658	533	171.65665435791016	378
2025-02-08 11:19:47,252 - INFO - 	127	901271341958.859	0	0.20195651054382324	187.40411615371704	661	533	172.8517484664917	381
2025-02-08 11:19:48,624 - INFO - 	128	896987435886.6678	0	0.20721435546875	188.7758800983429	664	533	174.10705876350403	384
2025-02-08 11:19:49,959 - INFO - 	129	892158439076.9658	0	0.21243929862976074	190.1108841896057	667	533	175.3257875442505	387
2025-02-08 11:19:51,352 - INFO - 	130	891411358173.2317	0	0.21888136863708496	191.50383114814758	670	533	176.60156536102295	390
2025-02-08 11:19:52,672 - INFO - 	131	887506221392.9097	0	0.22562336921691895	192.8235342502594	673	533	177.80335521697998	393
2025-02-08 11:19:54,058 - INFO - 	132	884204941236.4792	0	0.23062539100646973	194.20974493026733	676	533	179.07381105422974	396
2025-02-08 11:19:55,350 - INFO - 	133	879983539059.9708	0	0.23512911796569824	195.50148367881775	679	533	180.2504425048828	399
2025-02-08 11:19:56,641 - INFO - 	134	876545747471.866	0	0.23917794227600098	196.79178285598755	682	533	181.42570662498474	402
2025-02-08 11:19:58,018 - INFO - 	135	873061073003.0828	0	0.24677300453186035	198.16943097114563	685	533	182.684716463089	405
2025-02-08 11:19:59,282 - INFO - 	136	868078635926.9197	0	0.2504000663757324	199.43298077583313	688	533	183.83347868919373	408
2025-02-08 11:20:00,551 - INFO - 	137	866294004172.7631	0	0.25557398796081543	200.7021517753601	691	533	184.98659086227417	411
2025-02-08 11:20:01,799 - INFO - 	138	854541702058.9124	0	0.26228785514831543	201.94939470291138	694	533	186.11598086357117	414
2025-02-08 11:20:03,173 - INFO - 	139	846697681829.4633	0	0.26503992080688477	203.32397174835205	697	533	187.37654662132263	417
2025-02-08 11:20:04,435 - INFO - 	140	844554709168.1206	0	0.27219200134277344	204.58552765846252	700	533	188.52038669586182	420
2025-02-08 11:20:05,716 - INFO - 	141	840952763755.7572	0	0.2756669521331787	205.8661208152771	703	533	189.68631768226624	423
2025-02-08 11:20:07,017 - INFO - 	142	816834310939.8146	0	0.28085994720458984	207.16778874397278	706	533	190.87204265594482	426
2025-02-08 11:20:08,377 - INFO - 	143	812184356938.4595	0	0.290924072265625	208.52728462219238	709	533	192.1103265285492	429
2025-02-08 11:20:09,725 - INFO - 	144	807799085957.3334	0	0.29619717597961426	209.87572073936462	712	533	193.34235334396362	432
2025-02-08 11:20:11,003 - INFO - 	145	798821898359.2281	0	0.30687618255615234	211.15366673469543	715	533	194.49868059158325	435
2025-02-08 11:20:12,365 - INFO - 	146	777726916593.9873	0	0.30972743034362793	212.51515555381775	718	533	195.7464303970337	438
2025-02-08 11:20:13,619 - INFO - 	147	763532858165.2649	0	0.31719446182250977	213.76941347122192	721	533	196.88228678703308	441
2025-02-08 11:20:14,993 - INFO - 	148	758412515057.0717	0	0.3259255886077881	215.1431005001068	724	533	198.13651752471924	444
2025-02-08 11:20:16,290 - INFO - 	149	746851228315.5228	0	0.33037257194519043	216.4395363330841	727	533	199.31809735298157	447
2025-02-08 11:20:17,626 - INFO - 	150	733002636335.6022	0	0.340348482131958	217.77593660354614	730	533	200.53340816497803	450
2025-02-08 11:20:18,991 - INFO - 	151	731290094739.135	0	0.3429436683654785	219.1408486366272	733	533	201.78479504585266	453
2025-02-08 11:20:20,349 - INFO - 	152	726812390921.042	0	0.351611852645874	220.49812173843384	736	533	203.02258849143982	456
2025-02-08 11:20:21,665 - INFO - 	153	726812390921.042	0	0.3557548522949219	221.8141269683838	739	533	204.2233066558838	459
2025-02-08 11:20:23,047 - INFO - 	154	714019296983.598	0	0.361407995223999	223.19631910324097	742	533	205.48871183395386	462
2025-02-08 11:20:24,424 - INFO - 	155	697709286654.8693	0	0.36905884742736816	224.57317423820496	745	533	206.7470076084137	465
2025-02-08 11:20:25,741 - INFO - 	156	686005150500.2814	0	0.3741319179534912	225.89054226875305	748	533	207.94869589805603	468
2025-02-08 11:20:27,111 - INFO - 	157	663079239226.3224	0	0.38054704666137695	227.26017999649048	751	533	209.20099902153015	471
2025-02-08 11:20:28,443 - INFO - 	158	648847103600.1914	0	0.3837001323699951	228.59170007705688	754	533	210.41831827163696	474
2025-02-08 11:20:29,769 - INFO - 	159	629785091590.914	0	0.3922080993652344	229.9180190563202	757	533	211.62474942207336	477
2025-02-08 11:20:31,149 - INFO - 	160	616469776990.0161	0	0.4053802490234375	231.29752278327942	760	533	212.8800368309021	480
2025-02-08 11:20:32,411 - INFO - 	161	613169651592.2054	0	0.4107241630554199	232.55945754051208	763	533	214.0255844593048	483
2025-02-08 11:20:33,687 - INFO - 	162	606562500649.0803	0	0.421079158782959	233.8349747657776	766	533	215.1797227859497	486
2025-02-08 11:20:35,089 - INFO - 	163	601840917780.8076	0	0.43618226051330566	235.23705291748047	769	533	216.45583581924438	489
2025-02-08 11:20:36,430 - INFO - 	164	595818912641.969	0	0.44436216354370117	236.5778832435608	772	533	217.67754888534546	492
2025-02-08 11:20:37,831 - INFO - 	165	592710692375.9727	0	0.4580559730529785	237.97939825057983	775	533	218.95420384407043	495
2025-02-08 11:20:39,150 - INFO - 	166	590578255002.6577	0	0.4631686210632324	239.29782509803772	778	533	220.15654802322388	498
2025-02-08 11:20:40,427 - INFO - 	167	588519363876.4719	0	0.4724276065826416	240.5748291015625	781	533	221.31331491470337	501
2025-02-08 11:20:41,727 - INFO - 	168	585054251863.4966	0	0.48037171363830566	241.8748242855072	784	533	222.4941530227661	504
2025-02-08 11:20:42,990 - INFO - 	169	578938542264.5216	0	0.4947805404663086	243.13738536834717	787	533	223.6311068534851	507
2025-02-08 11:20:44,245 - INFO - 	170	571046737180.3757	0	0.5079095363616943	244.39266347885132	790	533	224.76228952407837	510
2025-02-08 11:20:45,525 - INFO - 	171	562132937116.7084	0	0.5218765735626221	245.67266631126404	793	533	225.9174575805664	513
2025-02-08 11:20:46,798 - INFO - 	172	557671876064.6116	0	0.5348749160766602	246.9457814693451	796	533	227.06644368171692	516
2025-02-08 11:20:48,147 - INFO - 	173	554509923213.7264	0	0.5447220802307129	248.29437446594238	799	533	228.29414463043213	519
2025-02-08 11:20:49,492 - INFO - 	174	545959199869.93365	0	0.5603344440460205	249.63967370986938	802	533	229.51291036605835	522
2025-02-08 11:20:50,765 - INFO - 	175	533884846563.97235	0	0.5701446533203125	250.9123728275299	805	533	230.6645474433899	525
2025-02-08 11:20:52,015 - INFO - 	176	523022668264.8288	0	0.5804934501647949	252.16177463531494	808	533	231.79334449768066	528
2025-02-08 11:20:53,324 - INFO - 	177	509263979290.10626	0	0.5943145751953125	253.4705605506897	811	533	232.97679829597473	531
2025-02-08 11:20:54,726 - INFO - 	178	501943465921.047	0	0.6074254512786865	254.87249422073364	814	533	234.25438141822815	534
2025-02-08 11:20:56,047 - INFO - 	179	496971343723.89856	0	0.6183252334594727	256.19353342056274	817	533	235.45403718948364	537
2025-02-08 11:20:57,425 - INFO - 	180	489708989244.2402	0	0.6328322887420654	257.57162952423096	820	533	236.70660638809204	540
2025-02-08 11:20:58,704 - INFO - 	181	485642922151.5956	0	0.6437320709228516	258.8507115840912	823	533	237.86351585388184	543
2025-02-08 11:21:00,028 - INFO - 	182	481930287773.72675	0	0.6486480236053467	260.1744735240936	826	533	239.07131218910217	546
2025-02-08 11:21:01,334 - INFO - 	183	478676702054.59106	0	0.6518940925598145	261.47997760772705	829	533	240.26243948936462	549
2025-02-08 11:21:02,589 - INFO - 	184	472283568937.6793	0	0.6634871959686279	262.73550152778625	832	533	241.3955373764038	552
2025-02-08 11:21:03,894 - INFO - 	185	469167258085.4264	0	0.6782534122467041	264.0404975414276	835	533	242.57500648498535	555
2025-02-08 11:21:05,224 - INFO - 	186	466618838154.4783	0	0.6936852931976318	265.37008357048035	838	533	243.7780146598816	558
2025-02-08 11:21:06,620 - INFO - 	187	464017961120.5569	0	0.7029967308044434	266.76613330841064	841	533	245.0543098449707	561
2025-02-08 11:21:07,859 - INFO - 	188	462509043542.83417	0	0.7109427452087402	268.0047342777252	844	533	246.1740598678589	564
2025-02-08 11:21:09,118 - INFO - 	189	456924697654.01917	0	0.7234206199645996	269.2640612125397	847	533	247.31002831459045	567
2025-02-08 11:21:10,357 - INFO - 	190	452785703755.9065	0	0.7331275939941406	270.50255036354065	850	533	248.42778825759888	570
2025-02-08 11:21:11,673 - INFO - 	191	442889912350.4568	0	0.7574925422668457	271.8185884952545	853	533	249.60833740234375	573
2025-02-08 11:21:12,925 - INFO - 	192	439140959281.72687	0	0.7694525718688965	273.0707323551178	856	533	250.73750042915344	576
2025-02-08 11:21:14,181 - INFO - 	193	434960117815.8748	0	0.7840797901153564	274.32658648490906	859	533	251.8676311969757	579
2025-02-08 11:21:15,481 - INFO - 	194	426385405401.72186	0	0.7950048446655273	275.62671661376953	862	533	253.0458538532257	582
2025-02-08 11:21:16,708 - INFO - 	195	421778693100.39825	0	0.814140796661377	276.8530354499817	865	533	254.14285588264465	585
2025-02-08 11:21:17,897 - INFO - 	196	414897457875.32886	0	0.8257458209991455	278.04203629493713	868	533	255.20958280563354	588
2025-02-08 11:21:19,083 - INFO - 	197	408273930452.84155	0	0.8400068283081055	279.2276384830475	871	533	256.2699041366577	591
2025-02-08 11:21:20,418 - INFO - 	198	402671158277.8382	0	0.8580677509307861	280.56249928474426	874	533	257.47594261169434	594
2025-02-08 11:21:21,676 - INFO - 	199	400713546418.72327	0	0.8756101131439209	281.8211715221405	877	533	258.6060936450958	597
2025-02-08 11:21:22,972 - INFO - 	200	394702134080.7845	0	0.8854262828826904	283.11639046669006	880	533	259.78065180778503	600
2025-02-08 11:21:24,283 - INFO - 	201	390305850019.0613	0	0.898681640625	284.42789030075073	883	533	260.968092918396	603
2025-02-08 11:21:25,633 - INFO - 	202	381406344153.35834	0	0.9108448028564453	285.77769136428833	886	533	262.1949870586395	606
2025-02-08 11:21:26,845 - INFO - 	203	375739003764.0221	0	0.9160659313201904	286.98899841308594	889	533	263.29008316993713	609
2025-02-08 11:21:28,068 - INFO - 	204	370821278480.2677	0	0.9319918155670166	288.2122483253479	892	533	264.38611483573914	612
2025-02-08 11:21:29,283 - INFO - 	205	364449272158.544	0	0.951545000076294	289.4275405406952	895	533	265.4710614681244	615
2025-02-08 11:21:30,596 - INFO - 	206	360285521726.0505	0	0.9674060344696045	290.73980164527893	898	533	266.63217854499817	618
2025-02-08 11:21:31,824 - INFO - 	207	359888117803.2354	0	0.9830639362335205	291.9682469367981	901	533	267.73415350914	621
2025-02-08 11:21:33,110 - INFO - 	208	356240705916.8487	0	0.9950189590454102	293.2537519931793	904	533	268.8968782424927	624
2025-02-08 11:21:34,331 - INFO - 	209	353255079078.0388	0	1.0091948509216309	294.4746150970459	907	533	269.9927763938904	627
2025-02-08 11:21:35,575 - INFO - 	210	352726222404.7781	0	1.018730878829956	295.7181718349457	910	533	271.11568546295166	630
2025-02-08 11:21:36,822 - INFO - 	211	351407196111.051	0	1.039586067199707	296.9658179283142	913	533	272.23138976097107	633
2025-02-08 11:21:38,090 - INFO - 	212	351407196111.05115	0	1.0494647026062012	298.23335695266724	916	533	273.37800908088684	636
2025-02-08 11:21:39,412 - INFO - 	213	349293157150.3137	0	1.0680267810821533	299.5555331707001	919	533	274.5703401565552	639
2025-02-08 11:21:40,648 - INFO - 	214	348055127925.13464	0	1.0797817707061768	300.7914628982544	922	533	275.68337631225586	642
2025-02-08 11:21:41,861 - INFO - 	215	346273383934.151	0	1.090122938156128	302.0044267177582	925	533	276.7748284339905	645
2025-02-08 11:21:43,120 - INFO - 	216	339449777007.4182	0	1.1023497581481934	303.26310658454895	928	533	277.9101634025574	648
2025-02-08 11:21:44,397 - INFO - 	217	332928530728.5278	0	1.1196355819702148	304.5396537780762	931	533	279.05883169174194	651
2025-02-08 11:21:45,658 - INFO - 	218	326297329343.076	0	1.134537696838379	305.8005726337433	934	533	280.1938889026642	654
2025-02-08 11:21:46,922 - INFO - 	219	326074398932.73914	0	1.1481916904449463	307.06431770324707	937	533	281.33306789398193	657
2025-02-08 11:21:48,194 - INFO - 	220	312280284580.61426	0	1.1695897579193115	308.33639669418335	940	533	282.4726598262787	660
2025-02-08 11:21:49,474 - INFO - 	221	307920222076.47076	0	1.1857936382293701	309.61703276634216	943	533	283.62649512290955	663
2025-02-08 11:21:50,805 - INFO - 	222	301910173341.95087	0	1.2080016136169434	310.9473648071289	946	533	284.8234634399414	666
2025-02-08 11:21:52,061 - INFO - 	223	298344134544.76056	0	1.2374956607818604	312.2029798030853	949	533	285.9390435218811	669
2025-02-08 11:21:53,360 - INFO - 	224	283669314224.3001	0	1.2485885620117188	313.5020067691803	952	533	287.10154962539673	672
2025-02-08 11:21:54,605 - INFO - 	225	277529524004.2249	0	1.2706727981567383	314.7469139099121	955	533	288.2136445045471	675
2025-02-08 11:21:55,896 - INFO - 	226	276702656960.98364	0	1.2860238552093506	316.0383548736572	958	533	289.37864899635315	678
2025-02-08 11:21:57,122 - INFO - 	227	266211882341.82123	0	1.3043608665466309	317.2635316848755	961	533	290.47501373291016	681
2025-02-08 11:21:58,296 - INFO - 	228	257981498667.32767	0	1.3166909217834473	318.4374716281891	964	533	291.52542781829834	684
2025-02-08 11:21:59,533 - INFO - 	229	250352849940.46396	0	1.3389256000518799	319.6751923561096	967	533	292.6299207210541	687
2025-02-08 11:22:00,693 - INFO - 	230	235258473803.19293	0	1.344322681427002	320.83417201042175	970	533	293.67300963401794	690
2025-02-08 11:22:01,838 - INFO - 	231	228632689211.38123	0	1.3574168682098389	321.97930097579956	973	533	294.6935975551605	693
2025-02-08 11:22:03,021 - INFO - 	232	221621886188.34958	0	1.3622007369995117	323.1623570919037	976	533	295.7608938217163	696
2025-02-08 11:22:04,214 - INFO - 	233	214930452233.5364	0	1.3697798252105713	324.35529589653015	979	533	296.83532071113586	699
2025-02-08 11:22:05,532 - INFO - 	234	212949321571.97565	0	1.3932547569274902	325.6737289428711	982	533	298.0193636417389	702
2025-02-08 11:22:06,712 - INFO - 	235	208816650359.10565	0	1.419184684753418	326.85287284851074	985	533	299.06142711639404	705
2025-02-08 11:22:07,936 - INFO - 	236	197224075342.3239	0	1.4358747005462646	328.07715702056885	988	533	300.1552312374115	708
2025-02-08 11:22:09,088 - INFO - 	237	192221295422.7807	0	1.446530818939209	329.2290720939636	991	533	301.1852514743805	711
2025-02-08 11:22:10,363 - INFO - 	238	188799931681.56326	0	1.467844009399414	330.5041649341583	994	533	302.32794642448425	714
2025-02-08 11:22:11,544 - INFO - 	239	180831488375.96887	0	1.4880290031433105	331.68456196784973	997	533	303.37737917900085	717
2025-02-08 11:22:12,874 - INFO - 	240	180293593832.2127	0	1.5071969032287598	333.0149438381195	1000	533	304.57764887809753	720
2025-02-08 11:22:14,216 - INFO - 	241	177599844589.16925	0	1.5225369930267334	334.35672068595886	1003	533	305.79315185546875	723
2025-02-08 11:22:15,497 - INFO - 	242	172078804525.114	0	1.5454800128936768	335.63712763786316	1006	533	306.94007873535156	726
2025-02-08 11:22:16,827 - INFO - 	243	171125484602.1405	0	1.5568041801452637	336.96777153015137	1009	533	308.14837670326233	729
2025-02-08 11:22:18,073 - INFO - 	244	168328316073.8455	0	1.5757231712341309	338.213009595871	1012	533	309.2638440132141	732
2025-02-08 11:22:19,420 - INFO - 	245	163702187410.5286	0	1.6010231971740723	339.5596957206726	1015	533	310.4746000766754	735
2025-02-08 11:22:20,631 - INFO - 	246	161785811989.5076	0	1.6267821788787842	340.7710988521576	1018	533	311.5491268634796	738
2025-02-08 11:22:21,832 - INFO - 	247	157162431639.2165	0	1.6458842754364014	341.97183895111084	1021	533	312.6195697784424	741
2025-02-08 11:22:23,022 - INFO - 	248	152605864902.3446	0	1.66316819190979	343.16238284111023	1024	533	313.68274450302124	744
2025-02-08 11:22:24,322 - INFO - 	249	148336633222.45456	0	1.6939842700958252	344.4618067741394	1027	533	314.8405284881592	747
2025-02-08 11:22:25,578 - INFO - 	250	148101217670.68973	0	1.7082812786102295	345.7179317474365	1030	533	315.9711916446686	750
2025-02-08 11:22:26,826 - INFO - 	251	146106010146.3594	0	1.7262883186340332	346.96545243263245	1033	533	317.0902810096741	753
2025-02-08 11:22:28,153 - INFO - 	252	144887834103.10522	0	1.7404663562774658	348.29280138015747	1036	533	318.2925410270691	756
2025-02-08 11:22:29,395 - INFO - 	253	140949801218.51758	0	1.7735493183135986	349.5344395637512	1039	533	319.39011812210083	759
2025-02-08 11:22:30,611 - INFO - 	254	135731399321.84279	0	1.7963762283325195	350.7506124973297	1042	533	320.4727520942688	762
2025-02-08 11:22:31,919 - INFO - 	255	132354009821.87329	0	1.8157553672790527	352.05798745155334	1045	533	321.6498203277588	765
2025-02-08 11:22:33,145 - INFO - 	256	128454263907.50182	0	1.8401424884796143	353.2839596271515	1048	533	322.7405195236206	768
2025-02-08 11:22:34,328 - INFO - 	257	122555533042.15402	0	1.8615038394927979	354.46713948249817	1051	533	323.79122614860535	771
2025-02-08 11:22:35,550 - INFO - 	258	121731780508.11702	0	1.8925347328186035	355.68889355659485	1054	533	324.87082386016846	774
2025-02-08 11:22:36,875 - INFO - 	259	120075887404.81473	0	1.913090705871582	357.0137846469879	1057	533	326.0645327568054	777
2025-02-08 11:22:38,193 - INFO - 	260	116343421435.7017	0	1.92927885055542	358.33183431625366	1060	533	327.25527453422546	780
2025-02-08 11:22:39,489 - INFO - 	261	114521974997.07095	0	1.9550766944885254	359.6271061897278	1063	533	328.41337752342224	783
2025-02-08 11:22:40,775 - INFO - 	262	107287888746.18965	0	1.9801256656646729	360.9133551120758	1066	533	329.56323766708374	786
2025-02-08 11:22:42,058 - INFO - 	263	103795234470.05638	0	1.997621774673462	362.19683814048767	1069	533	330.71856665611267	789
2025-02-08 11:22:43,335 - INFO - 	264	103707492918.85411	0	2.0157127380371094	363.47373723983765	1072	533	331.86653685569763	792
2025-02-08 11:22:44,663 - INFO - 	265	103432992165.64507	0	2.0383596420288086	364.80083441734314	1075	533	333.0598711967468	795
2025-02-08 11:22:45,897 - INFO - 	266	103107584692.16356	0	2.0500335693359375	366.03542852401733	1078	533	334.17188930511475	798
2025-02-08 11:22:47,169 - INFO - 	267	101815156799.13	0	2.0742833614349365	367.307329416275	1081	533	335.30887365341187	801
2025-02-08 11:22:48,538 - INFO - 	268	99218906383.6765	0	2.09393048286438	368.67627239227295	1084	533	336.5469515323639	804
2025-02-08 11:22:49,893 - INFO - 	269	96783240305.69861	0	2.124905586242676	370.03056621551514	1087	533	337.759206533432	807
2025-02-08 11:22:51,207 - INFO - 	270	93808965940.47977	0	2.1493804454803467	371.3451614379883	1090	533	338.93833446502686	810
2025-02-08 11:22:52,451 - INFO - 	271	91538583671.49568	0	2.1682562828063965	372.58888125419617	1093	533	340.05234575271606	813
2025-02-08 11:22:53,711 - INFO - 	272	89572103767.50615	0	2.1876373291015625	373.8483624458313	1096	533	341.1814196109772	816
2025-02-08 11:22:55,022 - INFO - 	273	86865576634.42809	0	2.2157723903656006	375.1593985557556	1099	533	342.35340666770935	819
2025-02-08 11:22:56,274 - INFO - 	274	86770273026.67032	0	2.2262542247772217	376.4110367298126	1102	533	343.4835047721863	822
2025-02-08 11:22:57,509 - INFO - 	275	85134170204.14809	0	2.2557971477508545	377.6462457180023	1105	533	344.5784068107605	825
2025-02-08 11:22:58,886 - INFO - 	276	82925179243.98386	0	2.279193162918091	379.02308440208435	1108	533	345.82082962989807	828
2025-02-08 11:23:00,131 - INFO - 	277	81228603747.97174	0	2.2939040660858154	380.26762342453003	1111	533	346.94013357162476	831
2025-02-08 11:23:01,372 - INFO - 	278	80616591601.20454	0	2.321615219116211	381.50861954689026	1114	533	348.0423514842987	834
2025-02-08 11:23:02,616 - INFO - 	279	80541436731.5583	0	2.337188243865967	382.7531144618988	1117	533	349.16013860702515	837
2025-02-08 11:23:03,801 - INFO - 	280	77803030360.53688	0	2.3565473556518555	383.93750762939453	1120	533	350.2141981124878	840
2025-02-08 11:23:05,053 - INFO - 	281	76914870242.77296	0	2.3843023777008057	385.18945956230164	1123	533	351.3277380466461	843
2025-02-08 11:23:06,376 - INFO - 	282	74758652001.90855	0	2.4080913066864014	386.51231360435486	1126	533	352.5161361694336	846
2025-02-08 11:23:07,569 - INFO - 	283	71973214478.75208	0	2.4333531856536865	387.70507645606995	1129	533	353.57254672050476	849
2025-02-08 11:23:08,846 - INFO - 	284	69905126606.81592	0	2.4548752307891846	388.98225140571594	1132	533	354.7170286178589	852
2025-02-08 11:23:10,124 - INFO - 	285	66984994884.262856	0	2.474853277206421	390.2600185871124	1135	533	355.863817691803	855
2025-02-08 11:23:11,386 - INFO - 	286	63736507621.68313	0	2.526153087615967	391.52161478996277	1138	533	356.9632375240326	858
2025-02-08 11:23:12,715 - INFO - 	287	62574655277.99767	0	2.5574281215667725	392.85121059417725	1141	533	358.1501576900482	861
2025-02-08 11:23:13,917 - INFO - 	288	61246095943.31633	0	2.5908281803131104	394.0524296760559	1144	533	359.20703387260437	864
2025-02-08 11:23:15,205 - INFO - 	289	59603384615.25634	0	2.626936197280884	395.34104561805725	1147	533	360.3482632637024	867
2025-02-08 11:23:16,532 - INFO - 	290	57722371976.934044	0	2.6690869331359863	396.66796875	1150	533	361.52246022224426	870
2025-02-08 11:23:17,823 - INFO - 	291	57353299017.023735	0	2.6921207904815674	397.9580738544464	1153	533	362.6793293952942	873
2025-02-08 11:23:19,160 - INFO - 	292	52398721117.06117	0	2.702562093734741	399.29558515548706	1156	533	363.8955645561218	876
2025-02-08 11:23:20,486 - INFO - 	293	49078519422.65584	0	2.7285542488098145	400.6209979057312	1159	533	365.0841748714447	879
2025-02-08 11:23:21,815 - INFO - 	294	47908105990.62783	0	2.758986234664917	401.95015501976013	1162	533	366.2724509239197	882
2025-02-08 11:23:23,194 - INFO - 	295	47729701888.96483	0	2.775564432144165	403.3295249938965	1165	533	367.5244445800781	885
2025-02-08 11:23:24,484 - INFO - 	296	44578572883.60375	0	2.8050882816314697	404.61863017082214	1168	533	368.6733167171478	888
2025-02-08 11:23:25,796 - INFO - 	297	40692874041.06355	0	2.8361432552337646	405.9308409690857	1171	533	369.8435778617859	891
2025-02-08 11:23:27,329 - INFO - 	298	39285988278.29896	0	2.867222309112549	407.4640190601349	1174	533	371.2346782684326	894
2025-02-08 11:23:28,678 - INFO - 	299	34284439866.904728	0	2.892235279083252	408.81235003471375	1177	533	372.44681692123413	897
2025-02-08 11:23:30,053 - INFO - 	300	32254635540.18457	0	2.912149429321289	410.18745732307434	1180	533	373.6906678676605	900
2025-02-08 11:23:31,344 - INFO - 	301	30697377627.189423	0	2.926778554916382	411.47887325286865	1183	533	374.85647320747375	903
2025-02-08 11:23:32,670 - INFO - 	302	29122251999.231144	0	2.9585585594177246	412.80438923835754	1186	533	376.0391092300415	906
2025-02-08 11:23:34,011 - INFO - 	303	27051157903.457	0	2.993577718734741	414.1455292701721	1189	533	377.2340610027313	909
2025-02-08 11:23:35,287 - INFO - 	304	25782192824.263042	0	3.0267930030822754	415.4211411476135	1192	533	378.36548471450806	912
2025-02-08 11:23:36,658 - INFO - 	305	24608765880.95094	0	3.0604209899902344	416.79162192344666	1195	533	379.59098386764526	915
2025-02-08 11:23:37,913 - INFO - 	306	22496653075.38569	0	3.085005044937134	418.0469298362732	1198	533	380.71064853668213	918
2025-02-08 11:23:39,191 - INFO - 	307	19607002580.588753	0	3.1185381412506104	419.32530903816223	1201	533	381.8444459438324	921
2025-02-08 11:23:40,602 - INFO - 	308	15602251776.805834	0	3.142831325531006	420.7353370189667	1204	533	383.1191153526306	924
2025-02-08 11:23:41,882 - INFO - 	309	14193381981.44263	0	3.183638334274292	422.01571393013	1207	533	384.2476921081543	927
2025-02-08 11:23:43,232 - INFO - 	310	13988474894.130152	0	3.1996283531188965	423.3650348186493	1210	533	385.4700438976288	930
2025-02-08 11:23:44,491 - INFO - 	311	13375749690.114555	0	3.20727801322937	424.6239449977875	1213	533	386.61067509651184	933
2025-02-08 11:23:45,821 - INFO - 	312	12834415872.26395	0	3.220973014831543	425.95450234413147	1216	533	387.81634044647217	936
2025-02-08 11:23:47,421 - INFO - 	313	12586159552.567589	0	3.24556303024292	427.55430841445923	1219	533	389.28004121780396	939
2025-02-08 11:23:48,911 - INFO - 	314	2285851536.234856	0	3.253587007522583	429.0432722568512	1222	533	390.63391304016113	942
2025-02-08 11:23:50,151 - INFO - 	315	1323.9642224914187	0	3.261315107345581	430.2833230495453	1225	533	391.7412757873535	945
2025-02-08 11:23:51,712 - INFO - 	316	1322.2553175859464	0	3.264207124710083	431.84445095062256	1228	533	393.1853766441345	948
2025-02-08 11:23:53,216 - INFO - 	317	1299.9943841346978	0	3.271712064743042	433.3486430644989	1231	533	394.5648264884949	951
2025-02-08 11:23:54,708 - INFO - 	318	1285.6828212909836	0	3.2786481380462646	434.8406641483307	1234	533	395.93641662597656	954
2025-02-08 11:23:56,252 - INFO - 	319	1274.4889770946152	0	3.285513162612915	436.3843152523041	1237	533	397.359840631485	957
2025-02-08 11:23:57,729 - INFO - 	320	1264.3321394170407	0	3.2915353775024414	437.86091232299805	1240	533	398.7163677215576	960
2025-02-08 11:23:59,307 - INFO - 	321	1259.6523249852396	0	3.2981834411621094	439.43855690956116	1243	533	400.1733775138855	963
2025-02-08 11:24:00,787 - INFO - 	322	1243.1738940536723	0	3.3045923709869385	440.9191288948059	1246	533	401.5350966453552	966
2025-02-08 11:24:02,324 - INFO - 	323	1240.0173551213622	0	3.3094534873962402	442.4561839103699	1249	533	402.95464158058167	969
2025-02-08 11:24:03,783 - INFO - 	324	1234.830799295905	0	3.3155744075775146	443.91495084762573	1252	533	404.2949857711792	972
2025-02-08 11:24:05,310 - INFO - 	325	1224.951094162951	0	3.322279691696167	445.44208002090454	1255	533	405.70224475860596	975
2025-02-08 11:24:06,804 - INFO - 	326	1219.1627224184654	0	3.331329822540283	446.9353771209717	1258	533	407.07303524017334	978
2025-02-08 11:24:08,280 - INFO - 	327	1211.8116591811308	0	3.338343858718872	448.41181683540344	1261	533	408.4273052215576	981
2025-02-08 11:24:09,806 - INFO - 	328	1206.1582876699445	0	3.3439931869506836	449.937255859375	1264	533	409.833295583725	984
2025-02-08 11:24:11,367 - INFO - 	329	1191.4743584959772	0	3.352442979812622	451.4978246688843	1267	533	411.2728970050812	987
2025-02-08 11:24:12,862 - INFO - 	330	1187.0311690992112	0	3.3585517406463623	452.99274349212646	1270	533	412.64819073677063	990
2025-02-08 11:24:14,449 - INFO - 	331	1182.950798409349	0	3.364032506942749	454.5801136493683	1273	533	414.1162815093994	993
2025-02-08 11:24:15,940 - INFO - 	332	1181.7010096178335	0	3.369737386703491	456.07097268104553	1276	533	415.4880414009094	996
2025-02-08 11:24:17,462 - INFO - 	333	1177.5661155584366	0	3.374617576599121	457.59271574020386	1279	533	416.8922998905182	999
2025-02-08 11:24:19,016 - INFO - 	334	1175.3596845981442	0	3.3807804584503174	459.14714884757996	1282	533	418.32692790031433	1002
2025-02-08 11:24:20,536 - INFO - 	335	1173.4142765876331	0	3.3873064517974854	460.6662359237671	1285	533	419.72599816322327	1005
2025-02-08 11:24:22,060 - INFO - 	336	1168.151886617552	0	3.3932342529296875	462.1905689239502	1288	533	421.13085889816284	1008
2025-02-08 11:24:23,645 - INFO - 	337	1166.5048795407645	0	3.400202512741089	463.7743470668793	1291	533	422.5936849117279	1011
2025-02-08 11:24:25,152 - INFO - 	338	1163.894128111975	0	3.407172679901123	465.28121519088745	1294	533	423.97956347465515	1014
2025-02-08 11:24:26,702 - INFO - 	339	1161.5903975982803	0	3.4129157066345215	466.83104133605957	1297	533	425.4101753234863	1017
2025-02-08 11:24:28,298 - INFO - 	340	1156.492449129012	0	3.4188246726989746	468.4276535511017	1300	533	426.88504695892334	1020
2025-02-08 11:24:29,814 - INFO - 	341	1153.422472999975	0	3.424656629562378	469.9428834915161	1303	533	428.2811002731323	1023
2025-02-08 11:24:31,401 - INFO - 	342	1148.185744039453	0	3.433161735534668	471.53069138526917	1306	533	429.74710035324097	1026
2025-02-08 11:24:32,927 - INFO - 	343	1146.0958206994621	0	3.4392216205596924	473.0563135147095	1309	533	431.1535370349884	1029
2025-02-08 11:24:34,494 - INFO - 	344	1145.9316965545522	0	3.4440715312957764	474.6225862503052	1312	533	432.5993740558624	1032
2025-02-08 11:24:35,995 - INFO - 	345	1137.9298590351632	0	3.4522573947906494	476.1242060661316	1315	533	433.9787609577179	1035
2025-02-08 11:24:37,508 - INFO - 	346	1134.27931752086	0	3.458836317062378	477.63703894615173	1318	533	435.3718113899231	1038
2025-02-08 11:24:39,058 - INFO - 	347	1130.7203087326639	0	3.4638562202453613	479.1862699985504	1321	533	436.79953050613403	1041
2025-02-08 11:24:40,560 - INFO - 	348	1130.038820402314	0	3.466689109802246	480.6882309913635	1324	533	438.184894323349	1044
2025-02-08 11:24:42,122 - INFO - 	349	1128.5247614396583	0	3.471046209335327	482.25078105926514	1327	533	439.6293685436249	1047
2025-02-08 11:24:43,663 - INFO - 	350	1125.6818735966326	0	3.4786322116851807	483.7915759086609	1330	533	441.0504767894745	1050
2025-02-08 11:24:45,259 - INFO - 	351	1123.5314092912504	0	3.4880692958831787	485.38706398010254	1333	533	442.52307987213135	1053
2025-02-08 11:24:47,041 - INFO - 	352	1122.843741010306	0	3.4918203353881836	487.1692681312561	1336	533	444.1874260902405	1056
2025-02-08 11:24:48,634 - INFO - 	353	1120.4513852446607	0	3.4968791007995605	488.762246131897	1339	533	445.66185092926025	1059
2025-02-08 11:24:50,207 - INFO - 	354	1117.0557723661152	0	3.5012922286987305	490.33520913124084	1342	533	447.1169674396515	1062
2025-02-08 11:24:51,806 - INFO - 	355	1115.2715987528086	0	3.5074193477630615	491.93369698524475	1345	533	448.5959281921387	1065
2025-02-08 11:24:53,322 - INFO - 	356	1113.3824775647524	0	3.5122413635253906	493.45034193992615	1348	533	449.9921097755432	1068
2025-02-08 11:24:54,904 - INFO - 	357	1112.690459372847	0	3.5165205001831055	495.0321967601776	1351	533	451.45646357536316	1071
2025-02-08 11:24:56,428 - INFO - 	358	1111.3475067275729	0	3.5210583209991455	496.55518198013306	1354	533	452.86220240592957	1074
2025-02-08 11:24:58,007 - INFO - 	359	1110.7799951504135	0	3.5248172283172607	498.1350519657135	1357	533	454.324378490448	1077
2025-02-08 11:24:59,593 - INFO - 	360	1110.3375270098923	0	3.5306622982025146	499.72087478637695	1360	533	455.79071593284607	1080
2025-02-08 11:25:01,198 - INFO - 	361	1109.3515000900368	0	3.536862373352051	501.32540464401245	1363	533	457.2750566005707	1083
2025-02-08 11:25:02,735 - INFO - 	362	1108.0484233065315	0	3.542492389678955	502.8620126247406	1366	533	458.6926655769348	1086
2025-02-08 11:25:04,309 - INFO - 	363	1106.8580975077493	0	3.547562599182129	504.43582248687744	1369	533	460.14850068092346	1089
2025-02-08 11:25:05,819 - INFO - 	364	1105.9541033274033	0	3.551623582839966	505.9464726448059	1372	533	461.5414617061615	1092
2025-02-08 11:25:07,393 - INFO - 	365	1105.9541033274024	0	3.5535054206848145	507.52012872695923	1375	533	463.00065660476685	1095
2025-02-08 11:25:08,885 - INFO - 	366	1105.3366674776273	0	3.5592193603515625	509.0120494365692	1378	533	464.37336349487305	1098
2025-02-08 11:25:10,423 - INFO - 	367	1105.2259237325493	0	3.563356399536133	510.5494194030762	1381	533	465.79391741752625	1101
2025-02-08 11:25:12,017 - INFO - 	368	1104.8624134149075	0	3.567831516265869	512.1432094573975	1384	533	467.2703506946564	1104
2025-02-08 11:25:13,551 - INFO - 	369	1104.1628455213392	0	3.5745158195495605	513.6774535179138	1387	533	468.6843285560608	1107
2025-02-08 11:25:15,160 - INFO - 	370	1103.5962133590094	0	3.579601764678955	515.2865796089172	1390	533	470.1750912666321	1110
2025-02-08 11:25:16,700 - INFO - 	371	1101.886130810905	0	3.586798906326294	516.8268578052521	1393	533	471.59393429756165	1113
2025-02-08 11:25:18,315 - INFO - 	372	1101.1955181412889	0	3.5929648876190186	518.4409818649292	1396	533	473.0856235027313	1116
2025-02-08 11:25:19,845 - INFO - 	373	1100.8476775169033	0	3.5983049869537354	519.9710519313812	1399	533	474.49627327919006	1119
2025-02-08 11:25:21,442 - INFO - 	374	1099.6741776679848	0	3.6042990684509277	521.5677978992462	1402	533	475.973091840744	1122
2025-02-08 11:25:22,940 - INFO - 	375	1098.757266447728	0	3.610703229904175	523.0659508705139	1405	533	477.3513824939728	1125
2025-02-08 11:25:24,427 - INFO - 	376	1098.3986627888648	0	3.615485429763794	524.5529561042786	1408	533	478.72020149230957	1128
2025-02-08 11:25:26,003 - INFO - 	377	1098.0170905304526	0	3.6205172538757324	526.1282951831818	1411	533	480.17661142349243	1131
2025-02-08 11:25:27,496 - INFO - 	378	1097.6003661176917	0	3.623772382736206	527.6212782859802	1414	533	481.55329179763794	1134
2025-02-08 11:25:29,015 - INFO - 	379	1097.1794120662141	0	3.6288466453552246	529.1405594348907	1417	533	482.9540436267853	1137
2025-02-08 11:25:30,578 - INFO - 	380	1096.8380281328105	0	3.632314682006836	530.7032284736633	1420	533	484.3989930152893	1140
2025-02-08 11:25:32,097 - INFO - 	381	1096.83802813281	0	3.634981870651245	532.2226765155792	1423	533	485.80214381217957	1143
2025-02-08 11:25:33,680 - INFO - 	382	1096.2784228636365	0	3.64105486869812	533.8056066036224	1426	533	487.2650384902954	1146
2025-02-08 11:25:35,176 - INFO - 	383	1095.9907291819927	0	3.646125555038452	535.3012893199921	1429	533	488.64179253578186	1149
2025-02-08 11:25:36,766 - INFO - 	384	1095.82691304713	0	3.6509344577789307	536.8913233280182	1432	533	490.11332058906555	1152
2025-02-08 11:25:38,286 - INFO - 	385	1095.2556496410168	0	3.6564245223999023	538.4107556343079	1435	533	491.5107686519623	1155
2025-02-08 11:25:39,874 - INFO - 	386	1094.2368883989272	0	3.661709785461426	539.998744726181	1438	533	492.98126459121704	1158
2025-02-08 11:25:41,381 - INFO - 	387	1093.6591025335013	0	3.665731906890869	541.5059325695038	1441	533	494.3710424900055	1161
2025-02-08 11:25:42,961 - INFO - 	388	1093.5132388070401	0	3.6698098182678223	543.0856103897095	1444	533	495.8323874473572	1164
2025-02-08 11:25:44,475 - INFO - 	389	1093.2084511566425	0	3.676034688949585	544.5996603965759	1447	533	497.22673058509827	1167
2025-02-08 11:25:46,045 - INFO - 	390	1092.8385644093366	0	3.6842546463012695	546.1692981719971	1450	533	498.67391419410706	1170
2025-02-08 11:25:47,517 - INFO - 	391	1092.5248323516073	0	3.689741849899292	547.6410710811615	1453	533	500.02651953697205	1173
2025-02-08 11:25:49,077 - INFO - 	392	1092.2357071533283	0	3.6998019218444824	549.2013509273529	1456	533	501.46429681777954	1176
2025-02-08 11:25:50,575 - INFO - 	393	1091.9999999999989	0	3.7072410583496094	550.6989476680756	1459	533	502.84090185165405	1179
2025-02-08 11:26:00,809 - INFO - 	394	1091.9999999999998	8.704355478286743	3.711587905883789	560.9332528114319	1462	533	504.25262570381165	1179
2025-02-08 11:26:11,264 - INFO - 
ya no tiene columnas con costo reducido negative
2025-02-08 11:26:11,265 - INFO - Set parameter OutputFlag to value 1
2025-02-08 11:26:11,268 - INFO - Set parameter LogFile to value "logs_new/salida_modelo_caminos_280_567.log"
2025-02-08 11:26:11,268 - INFO - Set parameter TimeLimit to value 7200
2025-02-08 11:26:11,269 - INFO - Gurobi Optimizer version 11.0.1 build v11.0.1rc0 (mac64[arm] - Darwin 24.3.0 24D60)
2025-02-08 11:26:11,269 - INFO - 
2025-02-08 11:26:11,269 - INFO - CPU model: Apple M2
2025-02-08 11:26:11,269 - INFO - Thread count: 8 physical cores, 8 logical processors, using up to 8 threads
2025-02-08 11:26:11,270 - INFO - 
2025-02-08 11:26:11,270 - INFO - Optimize a model with 533 rows, 1462 columns and 5906 nonzeros
2025-02-08 11:26:11,271 - INFO - Coefficient statistics:
2025-02-08 11:26:11,271 - INFO -   Matrix range     [1e+00, 1e+00]
2025-02-08 11:26:11,272 - INFO -   Objective range  [2e+00, 1e+10]
2025-02-08 11:26:11,272 - INFO -   Bounds range     [0e+00, 0e+00]
2025-02-08 11:26:11,273 - INFO -   RHS range        [1e+00, 2e+02]
2025-02-08 11:26:11,273 - INFO - Warning: Model contains large objective coefficients
2025-02-08 11:26:11,273 - INFO -          Consider reformulating model or setting NumericFocus parameter
2025-02-08 11:26:11,274 - INFO -          to avoid numerical issues.
2025-02-08 11:26:11,274 - INFO - 
2025-02-08 11:26:11,274 - INFO - Solved in 0 iterations and 0.00 seconds (0.00 work units)
2025-02-08 11:26:11,275 - INFO - Optimal objective  1.092000000e+03
2025-02-08 11:26:11,277 - INFO - Gurobi Optimizer version 11.0.1 build v11.0.1rc0 (mac64[arm] - Darwin 24.3.0 24D60)
2025-02-08 11:26:11,277 - INFO - 
2025-02-08 11:26:11,278 - INFO - CPU model: Apple M2
2025-02-08 11:26:11,278 - INFO - Thread count: 8 physical cores, 8 logical processors, using up to 8 threads
2025-02-08 11:26:11,278 - INFO - 
2025-02-08 11:26:11,279 - INFO - Optimize a model with 533 rows, 1462 columns and 5906 nonzeros
2025-02-08 11:26:11,279 - INFO - Model fingerprint: 0x783a1e6a
2025-02-08 11:26:11,279 - INFO - Variable types: 0 continuous, 1462 integer (1462 binary)
2025-02-08 11:26:11,280 - INFO - Coefficient statistics:
2025-02-08 11:26:11,280 - INFO -   Matrix range     [1e+00, 1e+00]
2025-02-08 11:26:11,281 - INFO -   Objective range  [2e+00, 1e+10]
2025-02-08 11:26:11,281 - INFO -   Bounds range     [0e+00, 0e+00]
2025-02-08 11:26:11,281 - INFO -   RHS range        [1e+00, 2e+02]
2025-02-08 11:26:11,281 - INFO - Warning: Model contains large objective coefficients
2025-02-08 11:26:11,282 - INFO -          Consider reformulating model or setting NumericFocus parameter
2025-02-08 11:26:11,282 - INFO -          to avoid numerical issues.
2025-02-08 11:26:11,282 - INFO - Found heuristic solution: objective 2.800000e+12
2025-02-08 11:26:11,289 - INFO - Presolve removed 250 rows and 0 columns
2025-02-08 11:26:11,289 - INFO - Presolve time: 0.01s
2025-02-08 11:26:11,289 - INFO - Presolved: 283 rows, 1462 columns, 5709 nonzeros
2025-02-08 11:26:11,290 - INFO - Variable types: 0 continuous, 1462 integer (1462 binary)
2025-02-08 11:26:11,291 - INFO - Found heuristic solution: objective 2.730000e+12
2025-02-08 11:26:11,329 - INFO - 
2025-02-08 11:26:11,329 - INFO - Root relaxation: objective 1.092000e+03, 1479 iterations, 0.04 seconds (0.07 work units)
2025-02-08 11:26:11,335 - INFO - 
2025-02-08 11:26:11,335 - INFO -     Nodes    |    Current Node    |     Objective Bounds      |     Work
2025-02-08 11:26:11,336 - INFO -  Expl Unexpl |  Obj  Depth IntInf | Incumbent    BestBd   Gap | It/Node Time
2025-02-08 11:26:11,336 - INFO - 
2025-02-08 11:26:11,337 - INFO -      0     0 1092.00000    0  228 2.7300e+12 1092.00000   100%     -    0s
2025-02-08 11:26:11,337 - INFO - H    0     0                    4.600000e+11 1092.00000   100%     -    0s
2025-02-08 11:26:11,339 - INFO - H    0     0                    3.400000e+11 1092.00000   100%     -    0s
2025-02-08 11:26:11,348 - INFO - H    0     0                    2.300000e+11 1092.00000   100%     -    0s
2025-02-08 11:26:11,394 - INFO - H    0     0                    1.600000e+11 1092.00000   100%     -    0s
2025-02-08 11:26:11,395 - INFO - H    0     0                    1.400000e+11 1092.00000   100%     -    0s
2025-02-08 11:26:11,432 - INFO -      0     0 1093.27151    0  244 1.4000e+11 1093.27151   100%     -    0s
2025-02-08 11:26:11,437 - INFO -      0     0 1093.27169    0  242 1.4000e+11 1093.27169   100%     -    0s
2025-02-08 11:26:11,501 - INFO - H    0     0                    1.200000e+11 1093.85101   100%     -    0s
2025-02-08 11:26:11,504 - INFO -      0     0 1093.91241    0  248 1.2000e+11 1093.91241   100%     -    0s
2025-02-08 11:26:11,509 - INFO - H    0     0                    1.100000e+11 1093.91241   100%     -    0s
2025-02-08 11:26:11,544 - INFO -      0     0 1094.21518    0  260 1.1000e+11 1094.21518   100%     -    0s
2025-02-08 11:26:11,570 - INFO -      0     0 1094.21518    0  260 1.1000e+11 1094.21518   100%     -    0s
2025-02-08 11:26:11,584 - INFO -      0     0 1094.21518    0  269 1.1000e+11 1094.21518   100%     -    0s
2025-02-08 11:26:11,587 - INFO -      0     0 1094.21518    0  272 1.1000e+11 1094.21518   100%     -    0s
2025-02-08 11:26:11,590 - INFO -      0     0 1094.21561    0  275 1.1000e+11 1094.21561   100%     -    0s
2025-02-08 11:26:11,601 - INFO -      0     0 1094.33425    0  270 1.1000e+11 1094.33425   100%     -    0s
2025-02-08 11:26:11,605 - INFO -      0     0 1094.34097    0  267 1.1000e+11 1094.34097   100%     -    0s
2025-02-08 11:26:11,615 - INFO -      0     0 1094.36636    0  267 1.1000e+11 1094.36636   100%     -    0s
2025-02-08 11:26:11,621 - INFO -      0     0 1094.36660    0  269 1.1000e+11 1094.36660   100%     -    0s
2025-02-08 11:26:11,632 - INFO -      0     0 1094.40296    0  264 1.1000e+11 1094.40296   100%     -    0s
2025-02-08 11:26:11,636 - INFO -      0     0 1094.40347    0  265 1.1000e+11 1094.40347   100%     -    0s
2025-02-08 11:26:11,644 - INFO -      0     0 1094.40651    0  261 1.1000e+11 1094.40651   100%     -    0s
2025-02-08 11:26:11,676 - INFO -      0     0 1094.42440    0  261 1.1000e+11 1094.42440   100%     -    0s
2025-02-08 11:26:11,706 - INFO - H    0     0                    7.000000e+10 1094.42939   100%     -    0s
2025-02-08 11:26:11,733 - INFO -      0     2 1094.42984    0  261 7.0000e+10 1094.42984   100%     -    0s
2025-02-08 11:26:11,800 - INFO - H   36    40                    7.000000e+10 1095.80806   100%  95.8    0s
2025-02-08 11:26:11,849 - INFO - H   76    80                    6.000000e+10 1096.56244   100%  91.9    0s
2025-02-08 11:26:11,891 - INFO - H  109   118                    5.000000e+10 1096.56244   100%  87.1    0s
2025-02-08 11:26:11,994 - INFO - H  141   150                    5.000000e+10 1096.56244   100%  83.2    0s
2025-02-08 11:26:11,994 - INFO - H  143   150                    4.000000e+10 1096.56244   100%  82.2    0s
2025-02-08 11:26:13,750 - INFO - H 1492  1305                    2.000000e+10 1097.09647   100%  56.5    2s
2025-02-08 11:26:17,140 - INFO - H 1836  1494                    2.000000e+10 1097.09647   100%  59.2    5s
2025-02-08 11:26:22,397 - INFO -   5905  3666 6.6384e+09   70  202 2.0000e+10 1099.20466   100%  65.3   11s
2025-02-08 11:26:22,819 - INFO - H 5947  3156                    1.000000e+10 1099.20466   100%  65.2   11s
2025-02-08 11:26:26,292 - INFO -   9524  6329 1119.73632   27  221 1.0000e+10 1100.99651   100%  66.3   15s
2025-02-08 11:26:31,762 - INFO -  14698 10612 infeasible   71      1.0000e+10 1102.15523   100%  65.7   20s
2025-02-08 11:26:36,361 - INFO -  19954 14696 1114.72241   29  236 1.0000e+10 1103.06879   100%  66.0   25s
2025-02-08 11:26:40,241 - INFO - H22435 11321                    9.999994e+09 1103.45354   100%  66.4   28s
2025-02-08 11:26:41,622 - INFO -  24404 13657 1123.92206   29  210 1.0000e+10 1103.83076   100%  66.5   30s
2025-02-08 11:26:46,309 - INFO -  30626 16875 1189.85076   59  226 1.0000e+10 1104.82068   100%  64.0   35s
2025-02-08 11:26:47,947 - INFO - H31303 16292                    1226.0000000 1104.82068  9.88%  63.9   36s
2025-02-08 11:26:51,346 - INFO -  37698 19371 1119.33625   41  227 1226.00000 1104.82068  9.88%  60.9   40s
2025-02-08 11:26:59,204 - INFO -  44564 21590 1120.93485   38  261 1226.00000 1105.21339  9.85%  58.5   47s
2025-02-08 11:27:01,475 - INFO -  44578 21599 1120.77399   46  266 1226.00000 1105.21339  9.85%  58.4   50s
2025-02-08 11:27:06,541 - INFO -  44595 21611 1132.30831   38  290 1226.00000 1105.21339  9.85%  58.4   55s
2025-02-08 11:27:11,545 - INFO -  44612 21622 1131.99979   44  297 1226.00000 1105.94678  9.79%  58.4   60s
2025-02-08 11:27:16,338 - INFO -  46180 22326 1129.85976   41  218 1226.00000 1106.24388  9.77%  58.6   65s
2025-02-08 11:27:21,305 - INFO -  54251 25700 1157.27159   69  238 1226.00000 1106.24388  9.77%  58.4   70s
2025-02-08 11:27:26,501 - INFO -  69822 31143 1110.47083   45  220 1226.00000 1106.24388  9.77%  57.8   75s
2025-02-08 11:27:31,439 - INFO -  82335 35407     cutoff   62      1226.00000 1106.62337  9.74%  57.3   80s
2025-02-08 11:27:36,500 - INFO -  98819 40930 1140.68475   46  222 1226.00000 1107.68840  9.65%  56.9   85s
2025-02-08 11:27:41,301 - INFO -  114248 47475 1195.73287   61  204 1226.00000 1108.40625  9.59%  56.8   90s
2025-02-08 11:27:46,465 - INFO -  130859 57859 1110.94402   43  223 1226.00000 1109.02600  9.54%  56.4   95s
2025-02-08 11:27:51,428 - INFO -  146813 68498 infeasible   72      1226.00000 1109.60919  9.49%  56.1  100s
2025-02-08 11:27:56,365 - INFO -  163765 79737 1175.29266   52  212 1226.00000 1110.11299  9.45%  55.7  105s
2025-02-08 11:28:01,417 - INFO -  181355 91059 1124.79289   56  224 1226.00000 1110.51124  9.42%  55.4  110s
2025-02-08 11:28:06,475 - INFO -  198246 101435 1118.60238   57  220 1226.00000 1110.89496  9.39%  55.1  115s
2025-02-08 11:28:11,380 - INFO -  214559 112021 1179.05899   83  213 1226.00000 1111.24051  9.36%  54.9  120s
2025-02-08 11:28:16,369 - INFO -  230143 122197 1204.57959   85  230 1226.00000 1111.52435  9.34%  54.9  125s
2025-02-08 11:28:21,325 - INFO -  245331 132146 1126.43296   57  231 1226.00000 1111.78689  9.32%  54.9  130s
2025-02-08 11:28:26,307 - INFO -  259919 141285 1128.26328   51  198 1226.00000 1112.02401  9.30%  54.8  135s
2025-02-08 11:28:31,446 - INFO -  272171 149082 1168.57356   64  234 1226.00000 1112.18533  9.28%  54.8  140s
2025-02-08 11:28:36,316 - INFO -  288204 158977 1121.51631   46  217 1226.00000 1112.41710  9.26%  54.8  145s
2025-02-08 11:28:41,408 - INFO -  305760 170438 1156.82595   67  218 1226.00000 1112.64608  9.25%  54.5  150s
2025-02-08 11:28:46,503 - INFO -  322636 180493 1150.21162   50  222 1226.00000 1112.85933  9.23%  54.5  155s
2025-02-08 11:28:51,283 - INFO -  337961 190043     cutoff   61      1226.00000 1113.03673  9.21%  54.4  160s
2025-02-08 11:28:56,321 - INFO -  354374 200380 1154.87802   51  209 1226.00000 1113.21139  9.20%  54.4  165s
2025-02-08 11:29:02,292 - INFO -  369973 209783 1125.10176   52  220 1226.00000 1113.38601  9.19%  54.2  171s
2025-02-08 11:44:29,615 - INFO -  373205 212280 1165.06820   55  196 1226.00000 1113.42221  9.18%  54.3 1098s
2025-02-08 11:44:31,498 - INFO -  379323 216401 1124.71877   53  211 1226.00000 1113.48588  9.18%  54.2 1100s
2025-02-08 11:44:36,558 - INFO -  398076 227968 1214.26370   72  194 1226.00000 1113.67738  9.16%  54.1 1105s
2025-02-08 11:44:41,446 - INFO -  414645 238479 1134.08763   51  228 1226.00000 1113.86504  9.15%  54.1 1110s
2025-02-08 11:44:46,473 - INFO -  433762 250542 1149.44439   70  200 1226.00000 1114.05552  9.13%  54.0 1115s
2025-02-08 11:44:51,325 - INFO -  451413 261448     cutoff   70      1226.00000 1114.21675  9.12%  54.0 1120s
2025-02-08 11:44:56,453 - INFO -  469629 272683 1119.54643   55  235 1226.00000 1114.38077  9.10%  53.9 1125s
2025-02-08 11:45:01,463 - INFO -  485247 282604 1153.56921   61  219 1226.00000 1114.50563  9.09%  53.9 1130s
2025-02-08 11:45:06,575 - INFO -  499575 291130 1223.10528   66  206 1226.00000 1114.61796  9.08%  53.9 1135s
2025-02-08 11:45:11,517 - INFO -  514555 300292 1127.46448   56  206 1226.00000 1114.73279  9.08%  53.8 1140s
2025-02-08 12:00:38,657 - INFO -  518280 302489 1129.65451   42  236 1226.00000 1114.76716  9.07%  53.8 2067s
2025-02-08 12:00:41,296 - INFO -  523505 305571 1119.69206   56  207 1226.00000 1114.80587  9.07%  53.8 2070s
2025-02-08 12:00:46,589 - INFO -  543485 318487 1153.43886   64  232 1226.00000 1114.96245  9.06%  53.6 2075s
2025-02-08 12:00:51,380 - INFO -  559432 328595 1176.22341   76  227 1226.00000 1115.06661  9.05%  53.6 2080s
2025-02-08 12:00:56,301 - INFO -  578390 340632 1188.41984   78  226 1226.00000 1115.21491  9.04%  53.5 2085s
2025-02-08 12:01:01,330 - INFO -  596350 351827 1185.47423   56  204 1226.00000 1115.34659  9.03%  53.4 2090s
2025-02-08 12:01:06,390 - INFO -  615068 363267 1128.06798   51  211 1226.00000 1115.47116  9.02%  53.4 2095s
2025-02-08 12:01:11,338 - INFO -  631331 373105 1143.92167   59  220 1226.00000 1115.57879  9.01%  53.3 2100s
2025-02-08 12:01:16,494 - INFO -  648216 383515 1159.90833   56  207 1226.00000 1115.68982  9.00%  53.3 2105s
2025-02-08 12:16:47,160 - INFO -  662010 392115 1152.19169   63  223 1226.00000 1115.77522  8.99%  53.3 3035s
2025-02-08 12:16:51,578 - INFO -  672811 398946 1146.15467   60  199 1226.00000 1115.84146  8.99%  53.4 3040s
2025-02-08 12:16:56,383 - INFO -  690488 409377 1124.79841   55  231 1226.00000 1115.95555  8.98%  53.4 3045s
2025-02-08 12:17:01,483 - INFO -  705549 418477 1133.66325   56  194 1226.00000 1116.05276  8.97%  53.3 3050s
2025-02-08 12:17:06,544 - INFO -  724147 430081 1202.22745   66  204 1226.00000 1116.16245  8.96%  53.3 3055s
2025-02-08 12:17:11,312 - INFO -  742367 441909 1164.08070   60  215 1226.00000 1116.25650  8.95%  53.3 3060s
2025-02-08 12:17:16,473 - INFO -  759435 452486 1182.39025   77  229 1226.00000 1116.34136  8.94%  53.2 3065s
2025-02-08 12:17:21,476 - INFO -  777480 463639 1178.94763   59  223 1226.00000 1116.44169  8.94%  53.2 3070s
2025-02-08 12:17:26,551 - INFO -  795676 475176 1131.58802   60  210 1226.00000 1116.54206  8.93%  53.1 3075s
2025-02-08 12:32:55,451 - INFO -  805336 480941 1118.93561   49  231 1226.00000 1116.59849  8.92%  53.1 4004s
2025-02-08 12:32:56,502 - INFO -  807875 482711 1144.22313   67  235 1226.00000 1116.61280  8.92%  53.0 4005s
2025-02-08 12:33:01,289 - INFO -  821612 490787 1172.76623   51  207 1226.00000 1116.67865  8.92%  53.0 4010s
2025-02-08 12:33:06,492 - INFO -  841709 503047 1140.46245   59  210 1226.00000 1116.78683  8.91%  52.9 4015s
2025-02-08 12:33:11,362 - INFO -  859831 514282 1124.65574   56  227 1226.00000 1116.87553  8.90%  52.9 4020s
2025-02-08 12:33:16,343 - INFO -  879149 526365 1123.62267   53  223 1226.00000 1116.96692  8.89%  52.8 4025s
2025-02-08 12:33:21,445 - INFO -  895993 537285 1137.46324   57  204 1226.00000 1117.04177  8.89%  52.8 4030s
2025-02-08 12:33:26,357 - INFO -  914187 548048 1129.68618   63  228 1226.00000 1117.11560  8.88%  52.8 4035s
2025-02-08 12:33:31,551 - INFO -  933055 559452 1137.41782   55  228 1226.00000 1117.19954  8.87%  52.8 4040s
2025-02-08 12:33:36,337 - INFO -  948285 568832 1190.20160   74  182 1226.00000 1117.26723  8.87%  52.8 4045s
2025-02-08 12:49:02,987 - INFO -  950639 570191 1124.99335   64  222 1226.00000 1117.28056  8.87%  52.8 4971s
2025-02-08 12:49:06,320 - INFO -  960227 576482 1149.42042   50  229 1226.00000 1117.31751  8.86%  52.7 4975s
2025-02-08 12:49:11,563 - INFO -  980062 588164 1141.92963   54  216 1226.00000 1117.40078  8.86%  52.7 4980s
2025-02-08 12:49:16,444 - INFO -  998377 599587 1130.08872   57  219 1226.00000 1117.47779  8.85%  52.6 4985s
2025-02-08 12:49:21,402 - INFO -  1016615 610777     cutoff   66      1226.00000 1117.55214  8.85%  52.6 4990s
2025-02-08 12:49:26,438 - INFO -  1032121 620162 1124.38010   57  203 1226.00000 1117.62519  8.84%  52.6 4995s
2025-02-08 12:49:31,508 - INFO -  1049360 630427 1148.89121   47  227 1226.00000 1117.69611  8.83%  52.6 5000s
2025-02-08 12:49:36,591 - INFO -  1068352 641668 1219.14281   76  205 1226.00000 1117.76333  8.83%  52.5 5005s
2025-02-08 12:49:41,338 - INFO -  1085781 652317 1183.81134   74  232 1226.00000 1117.83275  8.82%  52.5 5010s
2025-02-08 13:04:50,744 - INFO -  1096451 658862 1165.29278   69  233 1226.00000 1117.87859  8.82%  52.5 5919s
2025-02-08 13:04:51,360 - INFO -  1097548 659623     cutoff   75      1226.00000 1117.88151  8.82%  52.5 5920s
2025-02-08 13:04:56,497 - INFO -  1114711 670133 1140.59293   55  224 1226.00000 1117.94949  8.81%  52.5 5925s
2025-02-08 13:05:01,396 - INFO -  1133769 681659 1140.64772   67  222 1226.00000 1118.02634  8.81%  52.4 5930s
2025-02-08 13:05:06,374 - INFO -  1149550 691113 1190.33005   73  187 1226.00000 1118.08611  8.80%  52.4 5935s
2025-02-08 13:05:11,452 - INFO -  1168591 702382 1161.57851   62  223 1226.00000 1118.15668  8.80%  52.4 5940s
2025-02-08 13:05:16,457 - INFO -  1187950 714155 1212.97019   69  199 1226.00000 1118.23209  8.79%  52.3 5945s
2025-02-08 13:05:21,305 - INFO -  1205350 724286 1129.36208   61  230 1226.00000 1118.29407  8.79%  52.3 5950s
2025-02-08 13:05:26,438 - INFO -  1222922 735102 1139.42838   55  219 1226.00000 1118.35010  8.78%  52.3 5955s
2025-02-08 13:05:31,390 - INFO -  1233660 741604 1201.85006   62  212 1226.00000 1118.38666  8.78%  52.3 5960s
2025-02-08 13:20:58,878 - INFO -  1236461 743315 1185.45554   72  206 1226.00000 1118.39621  8.78%  52.3 6887s
2025-02-08 13:21:01,445 - INFO -  1243903 747609 1155.54841   60  219 1226.00000 1118.42309  8.77%  52.3 6890s
2025-02-08 13:21:06,599 - INFO -  1262051 758670 1141.08122   67  211 1226.00000 1118.48494  8.77%  52.3 6895s
2025-02-08 13:21:11,401 - INFO -  1280753 769542 1223.86807   73  214 1226.00000 1118.54395  8.76%  52.3 6900s
2025-02-08 13:21:16,346 - INFO -  1299997 781328     cutoff   77      1226.00000 1118.60410  8.76%  52.2 6905s
2025-02-08 13:21:21,447 - INFO -  1319479 793111 1157.68559   64  194 1226.00000 1118.66837  8.75%  52.2 6910s
2025-02-08 13:21:26,463 - INFO -  1338730 804572 1142.73114   60  223 1226.00000 1118.72462  8.75%  52.2 6915s
2025-02-08 13:21:31,431 - INFO -  1357196 815594 1223.28520   77  201 1226.00000 1118.78059  8.75%  52.2 6920s
2025-02-08 13:21:36,556 - INFO -  1373992 825337 1202.59647   62  187 1226.00000 1118.83631  8.74%  52.2 6925s
2025-02-08 13:24:46,792 - INFO -  1385339 832423 1217.46927   80  210 1226.00000 1118.86781  8.74%  52.2 7115s
2025-02-08 13:24:51,590 - INFO -  1400129 841400 1171.35146   79  229 1226.00000 1118.91273  8.73%  52.1 7120s
2025-02-08 13:30:45,952 - INFO -  1410538 847301 1133.68575   57  205 1226.00000 1118.94408  8.73%  52.1 7474s
2025-02-08 13:30:45,957 - INFO - 
2025-02-08 13:30:45,957 - INFO - Cutting planes:
2025-02-08 13:30:45,957 - INFO -   Gomory: 1
2025-02-08 13:30:45,958 - INFO -   Clique: 5
2025-02-08 13:30:45,958 - INFO -   Flow cover: 2
2025-02-08 13:30:45,959 - INFO -   Zero half: 42
2025-02-08 13:30:45,961 - INFO - 
2025-02-08 13:30:45,961 - INFO - Explored 1411382 nodes (73684590 simplex iterations) in 7474.68 seconds (1060.51 work units)
2025-02-08 13:30:45,961 - INFO - Thread count was 8 (of 8 available processors)
2025-02-08 13:30:45,962 - INFO - 
2025-02-08 13:30:45,962 - INFO - Solution count 10: 1226 9.99999e+09 1e+10 ... 7e+10
2025-02-08 13:30:45,962 - INFO - 
2025-02-08 13:30:45,963 - INFO - Time limit reached
2025-02-08 13:30:45,963 - INFO - Best objective 1.226000000000e+03, best bound 1.119000000000e+03, gap 8.7276%
