2025-02-09 07:22:34,965 - INFO - 	count	z_opt	time_spp	time_lp	time_total	ncols	nrows	time_spp_low_res	n_cols_low_res
2025-02-09 07:22:41,160 - INFO - 	1	3320000000002.0	0	0.0011887550354003906	6.194112777709961	343	593	6.022892236709595	3
2025-02-09 07:22:47,305 - INFO - 	2	3240000000010.0	0	0.0014808177947998047	12.339416980743408	346	593	12.001256227493286	6
2025-02-09 07:22:53,700 - INFO - 	3	3240000000010.0	0	0.001775979995727539	18.733829975128174	349	593	18.23127818107605	9
2025-02-09 07:22:59,871 - INFO - 	4	3160000000025.0	0	0.001953125	24.90442991256714	352	593	24.23421597480774	12
2025-02-09 07:23:05,980 - INFO - 	5	3100000000026.0	0	0.0022819042205810547	31.01325798034668	355	593	30.17855715751648	15
2025-02-09 07:23:12,380 - INFO - 	6	3100000000026.0	0	0.0026297569274902344	37.41214370727539	358	593	36.417240381240845	18
2025-02-09 07:23:18,688 - INFO - 	7	3100000000026.0	0	0.002946615219116211	43.72048759460449	361	593	42.56419825553894	21
2025-02-09 07:23:25,049 - INFO - 	8	3100000000026.0	0	0.0032587051391601562	50.08000564575195	364	593	48.748939990997314	24
2025-02-09 07:23:31,618 - INFO - 	9	3070000000029.5	0	0.0035827159881591797	56.64951777458191	367	593	55.14888405799866	27
2025-02-09 07:23:37,665 - INFO - 	10	3070000000029.5	0	0.0039746761322021484	62.69588375091553	370	593	61.032734394073486	30
2025-02-09 07:23:43,952 - INFO - 	11	3055000000030.25	0	0.004320621490478516	68.98257160186768	373	593	67.15275597572327	33
2025-02-09 07:23:49,868 - INFO - 	12	3020000000036.0	0	0.004654645919799805	74.8981466293335	376	593	72.90395593643188	36
2025-02-09 07:23:55,551 - INFO - 	13	3015000000036.5	0	0.005037546157836914	80.57992553710938	379	593	78.42523097991943	39
2025-02-09 07:24:01,439 - INFO - 	14	2985000000038.5	0	0.005444526672363281	86.46791958808899	382	593	84.15261602401733	42
2025-02-09 07:24:07,362 - INFO - 	15	2975000000041.1665	0	0.00599360466003418	92.39051365852356	385	593	89.91421008110046	45
2025-02-09 07:24:13,514 - INFO - 	16	2955000000043.0	0	0.006432771682739258	98.54300880432129	388	593	95.90246391296387	48
2025-02-09 07:24:20,487 - INFO - 	17	2926666666715.001	0	0.006798505783081055	105.51543354988098	391	593	102.63000178337097	51
2025-02-09 07:24:27,067 - INFO - 	18	2870000000061.0	0	0.0071713924407958984	112.09464955329895	394	593	109.04581713676453	54
2025-02-09 07:24:33,516 - INFO - 	19	2870000000061.0	0	0.0075795650482177734	118.54292845726013	397	593	115.33333611488342	57
2025-02-09 07:24:41,128 - INFO - 	20	2870000000059.0	0	0.007980823516845703	126.15543866157532	400	593	122.77978420257568	60
2025-02-09 07:24:47,749 - INFO - 	21	2870000000059.0	0	0.00845789909362793	132.7752296924591	403	593	129.1914701461792	63
2025-02-09 07:24:53,731 - INFO - 	22	2850000000063.6	0	0.00911092758178711	138.75661253929138	406	593	135.0109736919403	66
2025-02-09 07:24:59,779 - INFO - 	23	2850000000063.6	0	0.009708166122436523	144.8040554523468	409	593	140.89726495742798	69
2025-02-09 07:25:05,826 - INFO - 	24	2780000000080.0	0	0.010158061981201172	150.8516354560852	412	593	146.77830410003662	72
2025-02-09 07:25:12,141 - INFO - 	25	2776666666747.999	0	0.010560989379882812	157.16609144210815	415	593	152.93206095695496	75
2025-02-09 07:25:18,268 - INFO - 	26	2750000000077.0	0	0.010950088500976562	163.2920742034912	418	593	158.89113926887512	78
2025-02-09 07:25:24,116 - INFO - 	27	2717500000082.75	0	0.01135396957397461	169.14060616493225	421	593	164.57684326171875	81
2025-02-09 07:25:29,776 - INFO - 	28	2680000000089.0	0	0.011787891387939453	174.79937505722046	424	593	170.07066345214844	84
2025-02-09 07:25:35,750 - INFO - 	29	2656666666758.6675	0	0.012408971786499023	180.77287006378174	427	593	175.88206815719604	87
2025-02-09 07:25:41,412 - INFO - 	30	2656666666758.6675	0	0.012998104095458984	186.43407607078552	430	593	181.38075399398804	90
2025-02-09 07:25:47,458 - INFO - 	31	2646923077019.1533	0	0.013799190521240234	192.48041415214539	433	593	187.26559567451477	93
2025-02-09 07:25:53,343 - INFO - 	32	2625000000105.25	0	0.014397144317626953	198.36429619789124	436	593	192.9806776046753	96
2025-02-09 07:25:59,081 - INFO - 	33	2596666666781.223	0	0.014859199523925781	204.1024672985077	439	593	198.55142951011658	99
2025-02-09 07:26:05,477 - INFO - 	34	2523333333459.001	0	0.01537013053894043	210.49785828590393	442	593	204.78518867492676	102
2025-02-09 07:26:11,672 - INFO - 	35	2501428571562.2144	0	0.016154050827026367	216.69258832931519	445	593	210.815012216568	105
2025-02-09 07:26:18,433 - INFO - 	36	2492000000134.8	0	0.016798019409179688	223.45385241508484	448	593	217.30826950073242	108
2025-02-09 07:26:24,319 - INFO - 	37	2468000000140.9995	0	0.01730799674987793	229.33962750434875	451	593	223.03211951255798	111
2025-02-09 07:26:29,928 - INFO - 	38	2456666666809.3345	0	0.018217086791992188	234.94821572303772	454	593	228.47979187965393	114
2025-02-09 07:26:35,462 - INFO - 	39	2447500000142.25	0	0.018805980682373047	240.4819667339325	457	593	233.8521499633789	117
2025-02-09 07:26:41,590 - INFO - 	40	2420000000145.0	0	0.01932525634765625	246.6100037097931	460	593	239.81924700737	120
2025-02-09 07:26:47,555 - INFO - 	41	2414000000147.0005	0	0.019884347915649414	252.57526063919067	463	593	245.62165713310242	123
2025-02-09 07:26:53,637 - INFO - 	42	2400000000151.0	0	0.020536422729492188	258.65672969818115	466	593	251.54225516319275	126
2025-02-09 07:27:00,234 - INFO - 	43	2400000000151.0	0	0.021236419677734375	265.2536609172821	469	593	257.97265625	129
2025-02-09 07:27:05,793 - INFO - 	44	2371648351804.473	0	0.02216649055480957	270.812050819397	472	593	263.3669083118439	132
2025-02-09 07:27:11,548 - INFO - 	45	2363538461699.8926	0	0.022919654846191406	276.567556142807	475	593	268.9610674381256	135
2025-02-09 07:27:16,907 - INFO - 	46	2332745098206.567	0	0.02366352081298828	281.9260063171387	478	593	274.15863060951233	138
2025-02-09 07:27:23,624 - INFO - 	47	2322500000167.084	0	0.02511286735534668	288.6427481174469	481	593	280.7105085849762	141
2025-02-09 07:27:29,707 - INFO - 	48	2312236842273.7773	0	0.02595996856689453	294.72575521469116	484	593	286.5089535713196	144
2025-02-09 07:27:35,198 - INFO - 	49	2281250000176.875	0	0.026984691619873047	300.2158942222595	487	593	291.8349435329437	147
2025-02-09 07:27:41,172 - INFO - 	50	2271989247495.1533	0	0.028050661087036133	306.190181016922	490	593	297.6477835178375	150
2025-02-09 07:27:47,452 - INFO - 	51	2248333333525.9185	0	0.028897762298583984	312.47019600868225	493	593	303.76788687705994	153
2025-02-09 07:27:53,903 - INFO - 	52	2232500000191.625	0	0.030778884887695312	318.9206590652466	496	593	310.05688738822937	156
2025-02-09 07:27:59,566 - INFO - 	53	2225000000190.5	0	0.03174400329589844	324.58427119255066	499	593	315.55825543403625	159
2025-02-09 07:28:05,365 - INFO - 	54	2193030303231.91	0	0.032701969146728516	330.3823890686035	502	593	321.1955819129944	162
2025-02-09 07:28:10,776 - INFO - 	55	2180543478462.8586	0	0.03405499458312988	335.79407715797424	505	593	326.44585037231445	165
2025-02-09 07:28:16,282 - INFO - 	56	2151500000205.9497	0	0.03513503074645996	341.2993652820587	508	593	331.7879972457886	168
2025-02-09 07:28:21,825 - INFO - 	57	2133750000216.125	0	0.03615212440490723	346.8423852920532	511	593	337.1687562465668	171
2025-02-09 07:28:27,336 - INFO - 	58	2086666666896.6667	0	0.03693890571594238	352.3534212112427	514	593	342.5195314884186	174
2025-02-09 07:28:32,755 - INFO - 	59	2077727272961.2725	0	0.03773999214172363	357.772438287735	517	593	347.77746415138245	177
2025-02-09 07:28:38,044 - INFO - 	60	2074666666901.3328	0	0.03873491287231445	363.0608072280884	520	593	352.9058346748352	180
2025-02-09 07:28:43,362 - INFO - 	61	2064375000236.8125	0	0.03994584083557129	368.37877011299133	523	593	358.05550169944763	183
2025-02-09 07:28:48,943 - INFO - 	62	2064375000236.8125	0	0.041362762451171875	373.9595229625702	526	593	363.44733357429504	186
2025-02-09 07:28:54,322 - INFO - 	63	2056666666906.0002	0	0.04238581657409668	379.33849000930786	529	593	368.66414761543274	189
2025-02-09 07:28:59,581 - INFO - 	64	2055404040641.1558	0	0.043440818786621094	384.5964319705963	532	593	373.7618646621704	192
2025-02-09 07:29:04,940 - INFO - 	65	2055404040641.1558	0	0.04470467567443848	389.9555649757385	535	593	378.9605257511139	195
2025-02-09 07:29:10,418 - INFO - 	66	2042325581639.2324	0	0.046701669692993164	395.4332911968231	538	593	384.2762520313263	198
2025-02-09 07:29:15,715 - INFO - 	67	2002453271282.8484	0	0.048050642013549805	400.730831861496	541	593	389.41192293167114	201
2025-02-09 07:29:21,291 - INFO - 	68	1970857143120.933	0	0.04929780960083008	406.30653285980225	544	593	394.8252954483032	204
2025-02-09 07:29:26,669 - INFO - 	69	1963333333598.3335	0	0.05128788948059082	411.68465065956116	547	593	400.04273676872253	207
2025-02-09 07:29:32,247 - INFO - 	70	1962272727538.469	0	0.053006887435913086	417.26260209083557	550	593	405.44762325286865	210
2025-02-09 07:29:37,444 - INFO - 	71	1952500000267.875	0	0.05407595634460449	422.4596049785614	553	593	410.4839313030243	213
2025-02-09 07:29:43,171 - INFO - 	72	1945961872019.013	0	0.055397987365722656	428.18559312820435	556	593	416.04991030693054	216
2025-02-09 07:29:48,732 - INFO - 	73	1938281016712.533	0	0.05662393569946289	433.7469251155853	559	593	421.44595170021057	219
2025-02-09 07:29:54,248 - INFO - 	74	1935542253792.3582	0	0.05939674377441406	439.2623429298401	562	593	426.78683972358704	222
2025-02-09 07:29:59,611 - INFO - 	75	1930077369713.6863	0	0.06214475631713867	444.62565898895264	565	593	431.9863941669464	225
2025-02-09 07:30:04,869 - INFO - 	76	1911785714566.3328	0	0.06495189666748047	449.8831160068512	568	593	437.0823829174042	228
2025-02-09 07:30:10,719 - INFO - 	77	1889773922470.6992	0	0.0685429573059082	455.73346519470215	571	593	442.76983976364136	231
2025-02-09 07:30:16,256 - INFO - 	78	1878133803103.9504	0	0.0702219009399414	461.2692699432373	574	593	448.14429473876953	234
2025-02-09 07:30:21,324 - INFO - 	79	1860000000294.5625	0	0.07414793968200684	466.3371551036835	577	593	453.04750633239746	237
2025-02-09 07:30:26,643 - INFO - 	80	1846349206649.9688	0	0.07748889923095703	471.6557881832123	580	593	458.20116209983826	240
2025-02-09 07:30:32,128 - INFO - 	81	1838897059126.7441	0	0.0812220573425293	477.14062905311584	583	593	463.52234411239624	243
2025-02-09 07:30:37,192 - INFO - 	82	1831969504751.3577	0	0.08605504035949707	482.20396900177	586	593	468.42176961898804	246
2025-02-09 07:30:42,229 - INFO - 	83	1823165104851.8445	0	0.08823800086975098	487.2407660484314	589	593	473.2968125343323	249
2025-02-09 07:30:47,606 - INFO - 	84	1801666666977.4993	0	0.09209489822387695	492.61828994750977	592	593	478.5088436603546	252
2025-02-09 07:30:53,073 - INFO - 	85	1785634072126.0876	0	0.09387683868408203	498.0844659805298	595	593	483.7781376838684	255
2025-02-09 07:30:58,282 - INFO - 	86	1777537473551.8467	0	0.09748673439025879	503.29327487945557	598	593	488.82428884506226	258
2025-02-09 07:31:03,585 - INFO - 	87	1772173547078.046	0	0.10230565071105957	508.5968232154846	601	593	493.96320939064026	261
2025-02-09 07:31:08,784 - INFO - 	88	1760850000328.8755	0	0.10485267639160156	513.7956914901733	604	593	498.99669671058655	264
2025-02-09 07:31:14,240 - INFO - 	89	1744063324868.7954	0	0.1092686653137207	519.2516696453094	607	593	504.2856101989746	267
2025-02-09 07:31:19,501 - INFO - 	90	1735654349830.7766	0	0.11322259902954102	524.5119307041168	610	593	509.3833284378052	270
2025-02-09 07:31:24,733 - INFO - 	91	1733037848936.2021	0	0.1163027286529541	529.7439255714417	613	593	514.4515585899353	273
2025-02-09 07:31:30,147 - INFO - 	92	1709505929193.8433	0	0.12064480781555176	535.1576745510101	616	593	519.7031645774841	276
2025-02-09 07:31:35,233 - INFO - 	93	1698994949838.5747	0	0.12422370910644531	540.2429847717285	619	593	524.6219964027405	279
2025-02-09 07:31:40,228 - INFO - 	94	1687588934739.6094	0	0.1285407543182373	545.2370600700378	622	593	529.4534859657288	282
2025-02-09 07:31:45,182 - INFO - 	95	1672043911074.9336	0	0.13353371620178223	550.1906690597534	625	593	534.2409379482269	285
2025-02-09 07:31:50,232 - INFO - 	96	1665835546468.5217	0	0.13688969612121582	555.2406060695648	628	593	539.128689289093	288
2025-02-09 07:31:55,446 - INFO - 	97	1654505309650.7988	0	0.1429426670074463	560.4552779197693	631	593	544.1752648353577	291
2025-02-09 07:32:00,645 - INFO - 	98	1650637738693.004	0	0.1473066806793213	565.6542818546295	634	593	549.2109415531158	294
2025-02-09 07:32:06,078 - INFO - 	99	1637767495423.056	0	0.1524198055267334	571.0865337848663	637	593	554.4678766727448	297
2025-02-09 07:32:11,110 - INFO - 	100	1619137753719.0496	0	0.15630340576171875	576.1175837516785	640	593	559.3364405632019	300
2025-02-09 07:32:16,099 - INFO - 	101	1613743824571.4912	0	0.1597273349761963	581.1062695980072	643	593	564.1613240242004	303
2025-02-09 07:32:21,053 - INFO - 	102	1590733083087.6572	0	0.16319847106933594	586.0605926513672	646	593	568.9505486488342	306
2025-02-09 07:32:26,130 - INFO - 	103	1578884734423.248	0	0.16892647743225098	591.1370227336884	649	593	573.8578298091888	309
2025-02-09 07:32:31,505 - INFO - 	104	1570703517974.975	0	0.17273235321044922	596.5123527050018	652	593	579.0706708431244	312
2025-02-09 07:32:36,326 - INFO - 	105	1547006880392.1943	0	0.17629742622375488	601.3329396247864	655	593	583.7284770011902	315
2025-02-09 07:32:41,393 - INFO - 	106	1537977099631.4216	0	0.18142056465148926	606.3994646072388	658	593	588.6322827339172	318
2025-02-09 07:32:46,348 - INFO - 	107	1518794201245.843	0	0.18527555465698242	611.3547446727753	661	593	593.424067735672	321
2025-02-09 07:32:51,213 - INFO - 	108	1501301631460.9883	0	0.19371581077575684	616.2192988395691	664	593	598.1217606067657	324
2025-02-09 07:32:56,106 - INFO - 	109	1487482185677.9023	0	0.19792985916137695	621.1127300262451	667	593	602.8473515510559	327
2025-02-09 07:33:00,879 - INFO - 	110	1475665643004.98	0	0.2039957046508789	625.8852031230927	670	593	607.4560842514038	330
2025-02-09 07:33:05,620 - INFO - 	111	1470475561830.9421	0	0.21049785614013672	630.6266074180603	673	593	612.0324211120605	333
2025-02-09 07:33:10,543 - INFO - 	112	1463040809367.6597	0	0.2174520492553711	635.548876285553	676	593	616.789302110672	336
2025-02-09 07:33:15,597 - INFO - 	113	1456511290147.4802	0	0.22407221794128418	640.6030843257904	679	593	621.678379535675	339
2025-02-09 07:33:20,913 - INFO - 	114	1438157895153.157	0	0.23221540451049805	645.9189622402191	682	593	626.8245134353638	342
2025-02-09 07:33:26,244 - INFO - 	115	1422275862491.3423	0	0.2350924015045166	651.2495973110199	685	593	631.9887857437134	345
2025-02-09 07:33:31,142 - INFO - 	116	1415753899903.7405	0	0.23743534088134766	656.1482141017914	688	593	636.7264485359192	348
2025-02-09 07:33:36,253 - INFO - 	117	1404826228416.2375	0	0.24365520477294922	661.2587070465088	691	593	641.6697633266449	351
2025-02-09 07:33:41,079 - INFO - 	118	1390182003923.683	0	0.24722909927368164	666.0844922065735	694	593	646.3330769538879	354
2025-02-09 07:33:45,955 - INFO - 	119	1360449649956.8342	0	0.25271105766296387	670.960086107254	697	593	651.0438606739044	357
2025-02-09 07:33:51,449 - INFO - 	120	1352524673819.443	0	0.25575900077819824	676.4539923667908	700	593	656.3731455802917	360
2025-02-09 07:33:56,665 - INFO - 	121	1344426327099.5525	0	0.26270031929016113	681.6698184013367	703	593	661.4229109287262	363
2025-02-09 07:34:01,410 - INFO - 	122	1334229955887.29	0	0.27063632011413574	686.4150834083557	706	593	666.0033221244812	366
2025-02-09 07:34:06,281 - INFO - 	123	1324814692988.4783	0	0.27776217460632324	691.2857112884521	709	593	670.7079873085022	369
2025-02-09 07:34:11,235 - INFO - 	124	1321984438339.98	0	0.2849133014678955	696.2395503520966	712	593	675.494882106781	372
2025-02-09 07:34:16,109 - INFO - 	125	1321138106600.508	0	0.2907094955444336	701.113977432251	715	593	680.205812215805	375
2025-02-09 07:34:21,071 - INFO - 	126	1313323023454.3262	0	0.30231714248657227	706.0754272937775	718	593	684.9978909492493	378
2025-02-09 07:34:25,907 - INFO - 	127	1296030180831.6992	0	0.30765533447265625	710.9111545085907	721	593	689.6704204082489	381
2025-02-09 07:34:30,767 - INFO - 	128	1286946173042.5457	0	0.31821632385253906	715.7711033821106	724	593	694.3609592914581	384
2025-02-09 07:34:36,144 - INFO - 	129	1273783844745.6157	0	0.32394957542419434	721.1483602523804	727	593	699.5737910270691	387
2025-02-09 07:34:41,470 - INFO - 	130	1252619171101.9414	0	0.33119964599609375	726.4739253520966	730	593	704.7305421829224	390
2025-02-09 07:34:46,537 - INFO - 	131	1247425671281.3901	0	0.34134554862976074	731.5412452220917	733	593	709.6269247531891	393
2025-02-09 07:34:51,694 - INFO - 	132	1247348056786.036	0	0.34715962409973145	736.6975841522217	736	593	714.6083345413208	396
2025-02-09 07:34:56,862 - INFO - 	133	1232937444744.5913	0	0.3519859313964844	741.8660733699799	739	593	719.6138942241669	399
2025-02-09 07:35:02,064 - INFO - 	134	1224461004451.1135	0	0.36173391342163086	747.0672333240509	742	593	724.6430733203888	402
2025-02-09 07:35:06,922 - INFO - 	135	1216482810191.6184	0	0.371121883392334	751.925847530365	745	593	729.3277959823608	405
2025-02-09 07:35:12,392 - INFO - 	136	1214088031438.068	0	0.3791539669036865	757.3952786922455	748	593	734.6297278404236	408
2025-02-09 07:35:18,104 - INFO - 	137	1194148287344.4795	0	0.3872339725494385	763.1069786548615	751	593	740.1736850738525	411
2025-02-09 07:35:24,344 - INFO - 	138	1182169312716.5054	0	0.401216983795166	769.347439289093	754	593	746.2351679801941	414
2025-02-09 07:35:32,564 - INFO - 	139	1172699447629.0725	0	0.4066450595855713	777.5666832923889	757	593	754.2646100521088	417
2025-02-09 07:35:37,829 - INFO - 	140	1172699447629.0725	0	0.41384410858154297	782.8308851718903	760	593	759.227639913559	420
2025-02-09 07:35:44,060 - INFO - 	141	1160935949510.5447	0	0.42165327072143555	789.0617280006409	763	593	765.2621877193451	423
2025-02-09 07:35:49,506 - INFO - 	142	1153949537821.2407	0	0.4309070110321045	794.5071589946747	766	593	770.5345630645752	426
2025-02-09 07:35:54,502 - INFO - 	143	1153812934316.8723	0	0.43718695640563965	799.5031549930573	769	593	775.3643488883972	429
2025-02-09 07:35:59,746 - INFO - 	144	1140456432106.006	0	0.4465498924255371	804.7475211620331	772	593	780.4410037994385	432
2025-02-09 07:36:05,152 - INFO - 	145	1137772224096.003	0	0.458986759185791	810.1525971889496	775	593	785.6719489097595	435
2025-02-09 07:36:10,409 - INFO - 	146	1132446522666.6714	0	0.46685051918029785	815.4097163677216	778	593	790.7620937824249	438
2025-02-09 07:36:15,405 - INFO - 	147	1126939550594.2183	0	0.47896647453308105	820.4053432941437	781	593	795.5864338874817	441
2025-02-09 07:36:20,502 - INFO - 	148	1120940745848.5828	0	0.48293542861938477	825.502215385437	784	593	800.5196952819824	444
2025-02-09 07:36:25,578 - INFO - 	149	1112191198699.0896	0	0.4951045513153076	830.5784316062927	787	593	805.4229369163513	447
2025-02-09 07:36:30,656 - INFO - 	150	1104014663343.2864	0	0.5079367160797119	835.6558713912964	790	593	810.3207879066467	450
2025-02-09 07:36:35,969 - INFO - 	151	1103293617966.8667	0	0.519655704498291	840.9687705039978	793	593	815.4571461677551	453
2025-02-09 07:36:41,383 - INFO - 	152	1099155074765.3391	0	0.5284357070922852	846.3830654621124	796	593	820.6762454509735	456
2025-02-09 07:36:46,754 - INFO - 	153	1092237729810.4141	0	0.536815881729126	851.7529103755951	799	593	825.8675045967102	459
2025-02-09 07:36:51,766 - INFO - 	154	1089983755986.4492	0	0.5429480075836182	856.7655560970306	802	593	830.697274684906	462
2025-02-09 07:36:56,841 - INFO - 	155	1081207585106.3202	0	0.5579357147216797	861.8397400379181	805	593	835.5961225032806	465
2025-02-09 07:37:01,801 - INFO - 	156	1064454887206.0618	0	0.568366527557373	866.7996819019318	808	593	840.3843333721161	468
2025-02-09 07:37:06,454 - INFO - 	157	1058498984721.3173	0	0.5809345245361328	871.4522535800934	811	593	844.8614802360535	471
2025-02-09 07:37:11,512 - INFO - 	158	1055556008870.7189	0	0.5950074195861816	876.509902715683	814	593	849.7446866035461	474
2025-02-09 07:37:16,923 - INFO - 	159	1048384216780.5626	0	0.6058392524719238	881.9208176136017	817	593	854.9852194786072	477
2025-02-09 07:37:22,245 - INFO - 	160	1045452140362.8357	0	0.6187698841094971	887.2419984340668	820	593	860.1299049854279	480
2025-02-09 07:37:27,370 - INFO - 	161	1025404868284.4717	0	0.6235167980194092	892.3672535419464	823	593	865.0868406295776	483
2025-02-09 07:37:32,383 - INFO - 	162	1018947690422.5476	0	0.6353049278259277	897.3793995380402	826	593	869.9242243766785	486
2025-02-09 07:37:37,495 - INFO - 	163	1015344912035.0385	0	0.6458008289337158	902.4911377429962	829	593	874.8621635437012	489
2025-02-09 07:37:42,393 - INFO - 	164	1010850974191.1793	0	0.6598076820373535	907.3891377449036	832	593	879.5850160121918	492
2025-02-09 07:37:47,870 - INFO - 	165	1007077357051.4127	0	0.675891637802124	912.8656947612762	835	593	884.8815932273865	495
2025-02-09 07:37:53,526 - INFO - 	166	1000627754340.7157	0	0.6875705718994141	918.5214965343475	838	593	890.30348944664	498
2025-02-09 07:37:59,292 - INFO - 	167	996070503155.6198	0	0.6973176002502441	924.2868583202362	841	593	895.891384601593	501
2025-02-09 07:38:04,180 - INFO - 	168	988545267240.5383	0	0.7122645378112793	929.174230337143	844	593	900.6045553684235	504
2025-02-09 07:38:09,364 - INFO - 	169	982527633748.5347	0	0.726759672164917	934.3574752807617	847	593	905.6081042289734	507
2025-02-09 07:38:14,939 - INFO - 	170	979515489010.315	0	0.7387144565582275	939.9316103458405	850	593	911.0096402168274	510
2025-02-09 07:38:19,720 - INFO - 	171	971636688823.834	0	0.7521753311157227	944.7130024433136	853	593	915.6109158992767	513
2025-02-09 07:38:24,421 - INFO - 	172	965949490833.5232	0	0.7705831527709961	949.4130084514618	856	593	920.1316468715668	516
2025-02-09 07:38:28,782 - INFO - 	173	961727431641.9043	0	0.786527156829834	953.774026632309	859	593	924.3186156749725	519
2025-02-09 07:38:33,059 - INFO - 	174	953773026378.2318	0	0.8024990558624268	958.0507457256317	862	593	928.4217517375946	522
2025-02-09 07:38:37,860 - INFO - 	175	944929477494.4839	0	0.8215668201446533	962.8520247936249	865	593	933.0462539196014	525
2025-02-09 07:38:42,737 - INFO - 	176	938086667524.1863	0	0.836223840713501	967.7285048961639	868	593	937.7501072883606	528
2025-02-09 07:38:47,818 - INFO - 	177	927189518265.5339	0	0.8446497917175293	972.8095369338989	871	593	942.6648232936859	531
2025-02-09 07:38:52,595 - INFO - 	178	923193845851.3262	0	0.8631627559661865	977.5861868858337	874	593	947.2652432918549	534
2025-02-09 07:38:57,458 - INFO - 	179	919144046685.7406	0	0.8777508735656738	982.4490268230438	877	593	951.9560194015503	537
2025-02-09 07:39:02,451 - INFO - 	180	911250384729.2351	0	0.8858139514923096	987.4415557384491	880	593	956.7829074859619	540
2025-02-09 07:39:07,352 - INFO - 	181	904776825077.095	0	0.8987691402435303	992.3430066108704	883	593	961.513388633728	543
2025-02-09 07:39:12,052 - INFO - 	182	894523491061.5562	0	0.9161741733551025	997.0424437522888	886	593	966.037835597992	546
2025-02-09 07:39:16,845 - INFO - 	183	887772964394.3578	0	0.9306204319000244	1001.836044549942	889	593	970.6593277454376	549
2025-02-09 07:39:21,456 - INFO - 	184	881128010143.0194	0	0.944756269454956	1006.4466805458069	892	593	975.0977189540863	552
2025-02-09 07:39:25,787 - INFO - 	185	873419985191.0269	0	0.9581680297851562	1010.7777674198151	895	593	979.2578496932983	555
2025-02-09 07:39:30,390 - INFO - 	186	867974618311.4932	0	0.9729583263397217	1015.3801872730255	898	593	983.6869065761566	558
2025-02-09 07:39:34,902 - INFO - 	187	858659014082.4231	0	0.9792845249176025	1019.8926651477814	901	593	988.0355005264282	561
2025-02-09 07:39:39,324 - INFO - 	188	847272796065.5984	0	0.99448561668396	1024.3138391971588	904	593	992.2837662696838	564
2025-02-09 07:39:44,183 - INFO - 	189	843091752063.4617	0	1.0089423656463623	1029.1726031303406	907	593	996.9702451229095	567
2025-02-09 07:39:48,720 - INFO - 	190	838746164984.1616	0	1.021073341369629	1033.7099332809448	910	593	1001.3380632400513	570
2025-02-09 07:39:53,152 - INFO - 	191	827379083882.0464	0	1.0374722480773926	1038.1413521766663	913	593	1005.5954525470734	573
2025-02-09 07:39:57,838 - INFO - 	192	825768343307.0753	0	1.0528314113616943	1042.8272910118103	916	593	1010.1089301109314	576
2025-02-09 07:40:02,256 - INFO - 	193	821723613437.9065	0	1.0682663917541504	1047.2457880973816	919	593	1014.3543872833252	579
2025-02-09 07:40:06,778 - INFO - 	194	818181042645.2296	0	1.0811104774475098	1051.7673399448395	922	593	1018.7056777477264	582
2025-02-09 07:40:11,423 - INFO - 	195	816838057255.6309	0	1.096813678741455	1056.4120898246765	925	593	1023.1765582561493	585
2025-02-09 07:40:15,968 - INFO - 	196	807934559609.1046	0	1.1159915924072266	1060.9572477340698	928	593	1027.544959783554	588
2025-02-09 07:40:20,334 - INFO - 	197	803701764329.6847	0	1.1365973949432373	1065.323365688324	931	593	1031.7325129508972	591
2025-02-09 07:40:24,917 - INFO - 	198	797831334241.4385	0	1.1643214225769043	1069.9057755470276	934	593	1036.130280971527	594
2025-02-09 07:40:29,529 - INFO - 	199	795191183080.425	0	1.182154655456543	1074.5179755687714	937	593	1040.5667190551758	597
2025-02-09 07:40:34,296 - INFO - 	200	788616217768.493	0	1.1976778507232666	1079.2850348949432	940	593	1045.1603319644928	600
2025-02-09 07:40:38,866 - INFO - 	201	776738095496.0289	0	1.2147679328918457	1083.8551199436188	943	593	1049.5556178092957	603
2025-02-09 07:40:43,386 - INFO - 	202	755405228255.2661	0	1.2362570762634277	1088.3750910758972	946	593	1053.8961117267609	606
2025-02-09 07:40:47,735 - INFO - 	203	753462796215.287	0	1.242704153060913	1092.7232789993286	949	593	1058.0794973373413	609
2025-02-09 07:40:52,308 - INFO - 	204	749049208881.2422	0	1.2628822326660156	1097.2962782382965	952	593	1062.4743974208832	612
2025-02-09 07:40:56,875 - INFO - 	205	746055590724.6138	0	1.2761621475219727	1101.8631145954132	955	593	1066.87029671669	615
2025-02-09 07:41:01,731 - INFO - 	206	738722063806.713	0	1.2881128787994385	1106.7193202972412	958	593	1071.5566115379333	618
2025-02-09 07:41:06,659 - INFO - 	207	726667761668.3064	0	1.3010149002075195	1111.6469893455505	961	593	1076.3132588863373	621
2025-02-09 07:41:11,271 - INFO - 	208	724530888457.8921	0	1.314363956451416	1116.2592823505402	964	593	1080.754897594452	624
2025-02-09 07:41:15,691 - INFO - 	209	719472570221.8702	0	1.3324439525604248	1120.6787412166595	967	593	1084.9988927841187	627
2025-02-09 07:41:19,818 - INFO - 	210	717525124662.1575	0	1.3695287704467773	1124.805807352066	970	593	1088.930746793747	630
2025-02-09 07:41:24,012 - INFO - 	211	715876870270.342	0	1.383056879043579	1128.9995064735413	973	593	1092.9529597759247	633
2025-02-09 07:41:28,214 - INFO - 	212	714731814976.8965	0	1.4039068222045898	1133.2014043331146	976	593	1096.976000547409	636
2025-02-09 07:41:32,692 - INFO - 	213	709754137394.6803	0	1.4144678115844727	1137.67906832695	979	593	1101.2857253551483	639
2025-02-09 07:41:37,015 - INFO - 	214	705575747856.1986	0	1.4328510761260986	1142.0023753643036	982	593	1105.4335565567017	642
2025-02-09 07:41:41,243 - INFO - 	215	701886739432.0962	0	1.4566113948822021	1146.229905128479	985	593	1109.4795453548431	645
2025-02-09 07:41:45,511 - INFO - 	216	692053743624.8453	0	1.4762673377990723	1150.497906923294	988	593	1113.5700452327728	648
2025-02-09 07:41:49,979 - INFO - 	217	687315651889.1256	0	1.4992334842681885	1154.9665641784668	991	593	1117.8586361408234	651
2025-02-09 07:41:54,274 - INFO - 	218	680968113419.133	0	1.512479543685913	1159.2606163024902	994	593	1121.9823698997498	654
2025-02-09 07:41:58,713 - INFO - 	219	675073045519.9431	0	1.536287546157837	1163.7003762722015	997	593	1126.2413806915283	657
2025-02-09 07:42:03,393 - INFO - 	220	671921482379.3167	0	1.5658314228057861	1168.379569530487	1000	593	1130.7338237762451	660
2025-02-09 07:42:08,206 - INFO - 	221	660984848354.2548	0	1.5833616256713867	1173.1927387714386	1003	593	1135.3728215694427	663
2025-02-09 07:42:12,671 - INFO - 	222	660526461880.9457	0	1.5954506397247314	1177.6574597358704	1006	593	1139.6684935092926	666
2025-02-09 07:42:17,034 - INFO - 	223	658005672850.1244	0	1.6149816513061523	1182.0204598903656	1009	593	1143.8549056053162	669
2025-02-09 07:42:21,562 - INFO - 	224	652049752264.6124	0	1.63755202293396	1186.547863960266	1012	593	1148.202136516571	672
2025-02-09 07:42:25,965 - INFO - 	225	649304313826.2992	0	1.6557512283325195	1190.95126080513	1015	593	1152.4300496578217	675
2025-02-09 07:42:30,404 - INFO - 	226	645560187460.793	0	1.6775672435760498	1195.3898167610168	1018	593	1156.6890602111816	678
2025-02-09 07:42:34,736 - INFO - 	227	641293544383.6172	0	1.6933352947235107	1199.721747636795	1021	593	1160.848149061203	681
2025-02-09 07:42:39,132 - INFO - 	228	633969509804.0215	0	1.7088291645050049	1204.1174607276917	1024	593	1165.0704593658447	684
2025-02-09 07:42:43,502 - INFO - 	229	629443846695.1421	0	1.733572244644165	1208.487512588501	1027	593	1169.258246421814	687
2025-02-09 07:42:48,098 - INFO - 	230	624798239845.5604	0	1.7628421783447266	1213.0834653377533	1030	593	1173.6676890850067	690
2025-02-09 07:42:53,145 - INFO - 	231	624798239845.5603	0	1.7756669521331787	1218.1304743289948	1033	593	1178.5445082187653	693
2025-02-09 07:42:58,167 - INFO - 	232	623491204965.0298	0	1.8070259094238281	1223.1523792743683	1036	593	1183.3772597312927	696
2025-02-09 07:43:02,909 - INFO - 	233	615746985556.1674	0	1.819870948791504	1227.8941781520844	1039	593	1187.949019908905	699
2025-02-09 07:43:07,299 - INFO - 	234	611212032795.1896	0	1.840217113494873	1232.2837963104248	1042	593	1192.160973072052	702
2025-02-09 07:43:11,686 - INFO - 	235	605379721797.0658	0	1.8707568645477295	1236.6707501411438	1045	593	1196.3597671985626	705
2025-02-09 07:43:16,254 - INFO - 	236	602158225427.708	0	1.8949716091156006	1241.238763332367	1048	593	1200.7461581230164	708
2025-02-09 07:43:20,573 - INFO - 	237	596312784069.4059	0	1.9094288349151611	1245.5584564208984	1051	593	1204.8856189250946	711
2025-02-09 07:43:25,254 - INFO - 	238	593776181065.7336	0	1.915205955505371	1250.239238500595	1054	593	1209.4031331539154	714
2025-02-09 07:43:29,601 - INFO - 	239	578849894152.7769	0	1.9402070045471191	1254.5853266716003	1057	593	1213.566554069519	717
2025-02-09 07:43:33,669 - INFO - 	240	570792202609.2689	0	1.9746928215026855	1258.6533644199371	1060	593	1217.4419372081757	720
2025-02-09 07:43:38,012 - INFO - 	241	567208986359.7229	0	1.9952647686004639	1262.9970242977142	1063	593	1221.6077830791473	723
2025-02-09 07:43:42,073 - INFO - 	242	559246680174.3094	0	2.0267138481140137	1267.0579283237457	1066	593	1225.4796750545502	726
2025-02-09 07:43:46,277 - INFO - 	243	552920287901.0446	0	2.0451107025146484	1271.2616596221924	1069	593	1229.5074398517609	729
2025-02-09 07:43:50,442 - INFO - 	244	549168066883.858	0	2.0813164710998535	1275.4265398979187	1072	593	1233.4787607192993	732
2025-02-09 07:43:54,556 - INFO - 	245	544852176723.6621	0	2.10629940032959	1279.5404779911041	1075	593	1237.4105174541473	735
2025-02-09 07:43:58,813 - INFO - 	246	544103425506.4257	0	2.1351823806762695	1283.7975041866302	1078	593	1241.4814403057098	738
2025-02-09 07:44:02,877 - INFO - 	247	541970804827.654	0	2.158153533935547	1287.8611860275269	1081	593	1245.3648173809052	741
2025-02-09 07:44:06,917 - INFO - 	248	536171880765.084	0	2.179614543914795	1291.9012248516083	1084	593	1249.2260863780975	744
2025-02-09 07:44:11,299 - INFO - 	249	532184001688.71533	0	2.2124505043029785	1296.2829477787018	1087	593	1253.4172263145447	747
2025-02-09 07:44:15,545 - INFO - 	250	527945837592.85394	0	2.234715700149536	1300.5291109085083	1090	593	1257.4835205078125	750
2025-02-09 07:44:19,760 - INFO - 	251	521530926505.94763	0	2.259915351867676	1304.7432239055634	1093	593	1261.5151796340942	753
2025-02-09 07:44:24,132 - INFO - 	252	516319967220.4908	0	2.2785634994506836	1309.115777015686	1096	593	1265.7116341590881	756
2025-02-09 07:44:28,543 - INFO - 	253	510765888927.2262	0	2.304004430770874	1313.5269002914429	1099	593	1269.939759016037	759
2025-02-09 07:44:32,710 - INFO - 	254	505235103631.2707	0	2.314671516418457	1317.6928832530975	1102	593	1273.937818288803	762
2025-02-09 07:44:36,838 - INFO - 	255	498046302134.64484	0	2.346158504486084	1321.8208084106445	1105	593	1277.877406835556	765
2025-02-09 07:44:41,209 - INFO - 	256	495851151966.7201	0	2.379282236099243	1326.1926395893097	1108	593	1282.058912038803	768
2025-02-09 07:44:45,446 - INFO - 	257	492742943447.2505	0	2.4041342735290527	1330.4285702705383	1111	593	1286.1124680042267	771
2025-02-09 07:44:49,596 - INFO - 	258	491545772201.3184	0	2.432535171508789	1334.5788114070892	1114	593	1290.0768032073975	774
2025-02-09 07:44:53,742 - INFO - 	259	491543985646.3856	0	2.4445433616638184	1338.725028514862	1117	593	1294.0536544322968	777
2025-02-09 07:44:57,977 - INFO - 	260	491543985646.3855	0	2.4635093212127686	1342.9599776268005	1120	593	1298.1113784313202	780
2025-02-09 07:45:02,297 - INFO - 	261	484465554166.4694	0	2.4840893745422363	1347.2797946929932	1123	593	1302.253357410431	783
2025-02-09 07:45:06,236 - INFO - 	262	484465554166.4696	0	2.499896287918091	1351.2181327342987	1126	593	1306.018663406372	786
2025-02-09 07:45:10,229 - INFO - 	263	484018358011.94147	0	2.5188162326812744	1355.2113184928894	1129	593	1309.8358335494995	789
2025-02-09 07:45:14,289 - INFO - 	264	483052340802.9854	0	2.5285511016845703	1359.271060705185	1132	593	1313.7287497520447	792
2025-02-09 07:45:18,327 - INFO - 	265	460452557557.8362	0	2.540888786315918	1363.3090617656708	1135	593	1317.5970933437347	795
2025-02-09 07:45:22,128 - INFO - 	266	453605023448.6919	0	2.5627007484436035	1367.109900712967	1138	593	1321.2190351486206	798
2025-02-09 07:45:26,035 - INFO - 	267	445262570143.98553	0	2.587033748626709	1371.0167367458344	1141	593	1324.9441692829132	801
2025-02-09 07:45:30,453 - INFO - 	268	442521017333.5205	0	2.6315996646881104	1375.4348449707031	1144	593	1329.1604986190796	804
2025-02-09 07:45:34,473 - INFO - 	269	433335457666.0264	0	2.655433416366577	1379.4551310539246	1147	593	1333.0002076625824	807
2025-02-09 07:45:38,616 - INFO - 	270	420535664001.92267	0	2.6877963542938232	1383.598109960556	1150	593	1336.9534475803375	810
2025-02-09 07:45:42,854 - INFO - 	271	418713967556.8664	0	2.7159693241119385	1387.8352437019348	1153	593	1341.005079984665	813
2025-02-09 07:45:46,893 - INFO - 	272	415493655187.3438	0	2.739840269088745	1391.874843597412	1156	593	1344.8635511398315	816
2025-02-09 07:45:50,989 - INFO - 	273	411801110706.9998	0	2.7661373615264893	1395.9704456329346	1159	593	1348.775716304779	819
2025-02-09 07:45:55,048 - INFO - 	274	407938837733.6554	0	2.7915194034576416	1400.028980731964	1162	593	1352.6515293121338	822
2025-02-09 07:45:59,524 - INFO - 	275	400855620010.73	0	2.8246922492980957	1404.5050394535065	1165	593	1356.9367365837097	825
2025-02-09 07:46:03,871 - INFO - 	276	395636401107.1786	0	2.8496012687683105	1408.852076292038	1168	593	1361.1013927459717	828
2025-02-09 07:46:08,218 - INFO - 	277	392055673470.7157	0	2.886216163635254	1413.19966506958	1171	593	1365.2542815208435	831
2025-02-09 07:46:12,451 - INFO - 	278	392055673470.71576	0	2.8886752128601074	1417.4325861930847	1174	593	1369.3273146152496	834
2025-02-09 07:46:16,719 - INFO - 	279	387291603455.75714	0	2.9183743000030518	1421.70019197464	1177	593	1373.4077548980713	837
2025-02-09 07:46:21,010 - INFO - 	280	382865695470.82336	0	2.949479341506958	1425.9908680915833	1180	593	1377.5100874900818	840
2025-02-09 07:46:25,149 - INFO - 	281	379823595709.369	0	2.981837272644043	1430.1292901039124	1183	593	1381.458981513977	843
2025-02-09 07:46:29,249 - INFO - 	282	372659774726.34753	0	3.0021114349365234	1434.2295718193054	1186	593	1385.3811616897583	846
2025-02-09 07:46:33,531 - INFO - 	283	369850136193.0461	0	3.0290732383728027	1438.5116906166077	1189	593	1389.4791254997253	849
2025-02-09 07:46:37,760 - INFO - 	284	364054293648.0815	0	3.0610013008117676	1442.7409749031067	1192	593	1393.5192425251007	852
2025-02-09 07:46:42,339 - INFO - 	285	360825245447.5051	0	3.072275400161743	1447.319338798523	1195	593	1397.9289004802704	855
2025-02-09 07:46:46,660 - INFO - 	286	360551389472.2269	0	3.1088273525238037	1451.6400437355042	1198	593	1402.0562841892242	858
2025-02-09 07:46:51,002 - INFO - 	287	352373720399.9513	0	3.143280506134033	1455.982697725296	1201	593	1406.2069854736328	861
2025-02-09 07:46:55,219 - INFO - 	288	351516420591.8254	0	3.170619487762451	1460.1990687847137	1204	593	1410.2389106750488	864
2025-02-09 07:46:59,453 - INFO - 	289	351516420591.82544	0	3.180321455001831	1464.4326577186584	1207	593	1414.3055067062378	867
2025-02-09 07:47:03,608 - INFO - 	290	349339982557.6385	0	3.2086687088012695	1468.5881147384644	1210	593	1418.2751381397247	870
2025-02-09 07:47:07,819 - INFO - 	291	345660018920.60284	0	3.2539918422698975	1472.7987806797028	1213	593	1422.2832279205322	873
2025-02-09 07:47:12,014 - INFO - 	292	337498380777.4697	0	3.28308367729187	1476.9941039085388	1216	593	1426.292644739151	876
2025-02-09 07:47:16,362 - INFO - 	293	334571083189.0054	0	3.3144595623016357	1481.3421230316162	1219	593	1430.4518587589264	879
2025-02-09 07:47:20,764 - INFO - 	294	328974556885.6269	0	3.345290422439575	1485.7434113025665	1222	593	1434.664551973343	882
2025-02-09 07:47:24,957 - INFO - 	295	322090613048.56885	0	3.3549723625183105	1489.9366722106934	1225	593	1438.6902797222137	885
2025-02-09 07:47:29,135 - INFO - 	296	312386843101.8024	0	3.3910715579986572	1494.1140775680542	1228	593	1442.6745529174805	888
2025-02-09 07:47:33,222 - INFO - 	297	309889617963.5828	0	3.4357635974884033	1498.2011725902557	1231	593	1446.5596613883972	891
2025-02-09 07:47:37,098 - INFO - 	298	306415967231.2544	0	3.47021746635437	1502.077395439148	1234	593	1450.2445368766785	894
2025-02-09 07:47:41,130 - INFO - 	299	304350739427.8986	0	3.5041463375091553	1506.1088886260986	1237	593	1454.0846626758575	897
2025-02-09 07:47:45,176 - INFO - 	300	297863114636.8107	0	3.510733127593994	1510.155464887619	1240	593	1457.9669716358185	900
2025-02-09 07:47:49,330 - INFO - 	301	288580282763.8872	0	3.548610210418701	1514.308754682541	1243	593	1461.9245901107788	903
2025-02-09 07:47:53,245 - INFO - 	302	278772482850.6376	0	3.5773732662200928	1518.2236328125	1246	593	1465.6531476974487	906
2025-02-09 07:47:56,900 - INFO - 	303	269842080762.52707	0	3.6043503284454346	1521.878348827362	1249	593	1469.1235799789429	909
2025-02-09 07:48:00,760 - INFO - 	304	267866119296.95267	0	3.630584478378296	1525.738933801651	1252	593	1472.8006300926208	912
2025-02-09 07:48:04,731 - INFO - 	305	264984884406.1146	0	3.672013521194458	1529.7093977928162	1255	593	1476.572026014328	915
2025-02-09 07:48:08,662 - INFO - 	306	260723466820.0841	0	3.7143688201904297	1533.6408967971802	1258	593	1480.3032557964325	918
2025-02-09 07:48:12,579 - INFO - 	307	256378679570.75967	0	3.7643659114837646	1537.5573427677155	1261	593	1484.0124340057373	921
2025-02-09 07:48:16,918 - INFO - 	308	255653862926.17258	0	3.7943170070648193	1541.8959217071533	1264	593	1488.1635887622833	924
2025-02-09 07:48:21,052 - INFO - 	309	253306290833.27713	0	3.8336970806121826	1546.0301208496094	1267	593	1492.1011517047882	927
2025-02-09 07:48:25,238 - INFO - 	310	248049586216.05875	0	3.8547141551971436	1550.216017961502	1270	593	1496.1086225509644	930
2025-02-09 07:48:29,362 - INFO - 	311	241810031045.22882	0	3.8957340717315674	1554.3397419452667	1273	593	1500.0333766937256	933
2025-02-09 07:48:33,511 - INFO - 	312	240493160890.41956	0	3.9378960132598877	1558.4890468120575	1276	593	1503.9826514720917	936
2025-02-09 07:48:37,554 - INFO - 	313	238604134899.13657	0	3.979024887084961	1562.5317068099976	1279	593	1507.8265447616577	939
2025-02-09 07:48:41,461 - INFO - 	314	238604134899.13657	0	3.995434045791626	1566.4384305477142	1282	593	1511.5597796440125	942
2025-02-09 07:48:45,343 - INFO - 	315	234041299320.56973	0	4.025739908218384	1570.3210456371307	1285	593	1515.2546124458313	945
2025-02-09 07:48:49,246 - INFO - 	316	228731827659.87946	0	4.072665691375732	1574.2236235141754	1288	593	1518.9527611732483	948
2025-02-09 07:48:53,189 - INFO - 	317	225809702572.33725	0	4.1176676750183105	1578.1668546199799	1291	593	1522.6937630176544	951
2025-02-09 07:48:57,258 - INFO - 	318	219750816871.75348	0	4.154012680053711	1582.2349927425385	1294	593	1526.568059206009	954
2025-02-09 07:49:01,511 - INFO - 	319	217147431522.8479	0	4.20176362991333	1586.4885098934174	1297	593	1530.6167161464691	957
2025-02-09 08:04:31,377 - INFO - 	320	209618399461.62585	0	4.215481519699097	2516.3537559509277	1300	593	2460.3111021518707	960
2025-02-09 08:04:35,147 - INFO - 	321	206914349651.6761	0	4.230803728103638	2520.124431848526	1303	593	2463.9129049777985	963
2025-02-09 08:04:39,111 - INFO - 	322	205209573442.4238	0	4.271646738052368	2524.088180541992	1306	593	2467.682013273239	966
2025-02-09 08:04:43,102 - INFO - 	323	200300089267.7479	0	4.300744533538818	2528.0790197849274	1309	593	2471.4902782440186	969
2025-02-09 08:04:47,075 - INFO - 	324	198422305501.3512	0	4.333099603652954	2532.0519478321075	1312	593	2475.2744891643524	972
2025-02-09 08:04:51,101 - INFO - 	325	191421293862.9106	0	4.366541862487793	2536.077551841736	1315	593	2479.1099293231964	975
2025-02-09 08:04:54,976 - INFO - 	326	186127711471.65073	0	4.406165599822998	2539.952910900116	1318	593	2482.788421392441	978
2025-02-09 08:04:58,692 - INFO - 	327	186127711471.6508	0	4.429725646972656	2543.6682991981506	1321	593	2486.3238496780396	981
2025-02-09 08:05:02,481 - INFO - 	328	186127711471.6508	0	4.443913698196411	2547.4577543735504	1324	593	2489.941878795624	984
2025-02-09 08:05:06,258 - INFO - 	329	186127711471.65076	0	4.4709227085113525	2551.234442472458	1327	593	2493.535076856613	987
2025-02-09 08:05:10,069 - INFO - 	330	183394604843.74673	0	4.495007514953613	2555.045726299286	1330	593	2497.165365934372	990
2025-02-09 08:20:39,804 - INFO - 	331	177569041247.30057	0	4.533275604248047	3484.780497312546	1333	593	3426.7052268981934	993
2025-02-09 08:20:43,337 - INFO - 	332	172633776894.42764	0	4.570105791091919	3488.3131642341614	1336	593	3430.047688961029	996
2025-02-09 08:20:47,173 - INFO - 	333	166932722421.4946	0	4.612390756607056	3492.148810148239	1339	593	3433.6873676776886	999
2025-02-09 08:20:51,161 - INFO - 	334	161462169013.55893	0	4.646523714065552	3496.1370708942413	1342	593	3437.4873220920563	1002
2025-02-09 08:20:55,254 - INFO - 	335	157369990795.94168	0	4.683385848999023	3500.2300279140472	1345	593	3441.3879101276398	1005
2025-02-09 08:20:59,507 - INFO - 	336	151933774234.11774	0	4.704154968261719	3504.482762813568	1348	593	3445.4634919166565	1008
2025-02-09 08:21:03,698 - INFO - 	337	150884801547.61377	0	4.761813163757324	3508.673265695572	1351	593	3449.4396884441376	1011
2025-02-09 08:21:07,572 - INFO - 	338	150036273366.62424	0	4.811908006668091	3512.547852754593	1354	593	3453.1075024604797	1014
2025-02-09 08:21:11,604 - INFO - 	339	148649288980.48352	0	4.838762998580933	3516.579356908798	1357	593	3456.955151319504	1017
2025-02-09 08:21:16,206 - INFO - 	340	145724426590.90356	0	4.882719039916992	3521.1817588806152	1360	593	3461.356615304947	1020
2025-02-09 08:36:46,350 - INFO - 	341	142391610334.87982	0	4.919149160385132	4451.325619935989	1363	593	4391.306953907013	1023
2025-02-09 08:36:50,481 - INFO - 	342	137479945878.89148	0	4.966097116470337	4455.456312179565	1366	593	4395.236887693405	1026
2025-02-09 08:36:54,704 - INFO - 	343	132818649999.05963	0	5.016366958618164	4459.67865729332	1369	593	4399.255496740341	1029
2025-02-09 08:36:58,787 - INFO - 	344	125657272311.55878	0	5.061608791351318	4463.761956214905	1372	593	4403.14061164856	1032
2025-02-09 08:37:02,708 - INFO - 	345	121052790962.45813	0	5.118149995803833	4467.6831250190735	1375	593	4406.85200715065	1035
2025-02-09 08:37:06,672 - INFO - 	346	117118136526.07298	0	5.1642820835113525	4471.646774768829	1378	593	4410.616286754608	1038
2025-02-09 08:37:10,397 - INFO - 	347	113028898906.59799	0	5.203045129776001	4475.371939659119	1381	593	4414.148769378662	1041
2025-02-09 08:37:14,666 - INFO - 	348	111604240201.18182	0	5.233198404312134	4479.6408314704895	1384	593	4418.232513189316	1044
2025-02-09 08:37:19,086 - INFO - 	349	108616981879.54178	0	5.2885353565216064	4484.060747623444	1387	593	4422.440809011459	1047
2025-02-09 08:37:23,178 - INFO - 	350	103893894672.5219	0	5.309184551239014	4488.152352809906	1390	593	4426.356549978256	1050
2025-02-09 08:52:53,100 - INFO - 	351	103135604593.28296	0	5.361544609069824	5418.0740168094635	1393	593	5356.06910777092	1053
2025-02-09 08:52:57,190 - INFO - 	352	95828282854.51749	0	5.406325817108154	5422.164139986038	1396	593	5359.961559534073	1056
2025-02-09 08:53:00,856 - INFO - 	353	95225968703.45279	0	5.414694786071777	5425.830226182938	1399	593	5363.4660058021545	1059
2025-02-09 08:53:04,735 - INFO - 	354	92213575892.77121	0	5.476598739624023	5429.709002256393	1402	593	5367.129243373871	1062
2025-02-09 08:53:08,659 - INFO - 	355	87998323822.50342	0	5.534432649612427	5433.63320016861	1405	593	5370.842336654663	1065
2025-02-09 08:53:12,938 - INFO - 	356	87130982139.1936	0	5.575986623764038	5437.911729097366	1408	593	5374.9254405498505	1068
2025-02-09 08:53:17,214 - INFO - 	357	83411015028.31435	0	5.619541645050049	5442.188105106354	1411	593	5379.001701593399	1071
2025-02-09 08:53:21,589 - INFO - 	358	78920784120.5565	0	5.654648780822754	5446.5625648498535	1414	593	5383.184679746628	1074
2025-02-09 08:53:26,196 - INFO - 	359	77279803617.05899	0	5.705631971359253	5451.169056653976	1417	593	5387.583243846893	1077
2025-02-09 08:53:30,475 - INFO - 	360	76858536196.6269	0	5.74860692024231	5455.447964668274	1420	593	5391.6622948646545	1080
2025-02-09 09:09:00,638 - INFO - 	361	74636147186.52675	0	5.792952060699463	6385.611664772034	1423	593	5395.677781820297	1083
2025-02-09 09:09:04,489 - INFO - 	362	71743211566.89807	0	5.841168165206909	6389.461292743683	1426	593	5399.324836492538	1086
2025-02-09 09:09:08,233 - INFO - 	363	70292060351.30598	0	5.8769731521606445	6393.205814599991	1429	593	5402.878735780716	1089
2025-02-09 09:09:12,625 - INFO - 	364	65821434755.616196	0	5.921595096588135	6397.597724437714	1432	593	5407.0713584423065	1092
2025-02-09 09:09:15,990 - INFO - 	365	65265362783.55477	0	5.9554102420806885	6400.9618582725525	1435	593	5410.248144388199	1095
2025-02-09 09:09:19,542 - INFO - 	366	61873735664.98016	0	5.9763829708099365	6404.5137803554535	1438	593	5413.624713897705	1098
2025-02-09 09:09:23,312 - INFO - 	367	57035151501.61533	0	6.019206762313843	6408.283531427383	1441	593	5417.1964199543	1101
2025-02-09 09:09:27,380 - INFO - 	368	54506060162.67593	0	6.063815593719482	6412.351597547531	1444	593	5421.064811468124	1104
2025-02-09 09:09:31,109 - INFO - 	369	54011271509.23425	0	6.107708692550659	6416.080349445343	1447	593	5424.593707561493	1107
2025-02-09 09:09:34,906 - INFO - 	370	52769242587.09226	0	6.145260572433472	6419.877388477325	1450	593	5428.197251558304	1110
2025-02-09 09:25:03,592 - INFO - 	371	50232081740.71369	0	6.167999505996704	7348.562873125076	1453	593	6356.70357966423	1113
2025-02-09 09:25:07,366 - INFO - 	372	44698681921.81912	0	6.197467565536499	7352.336740255356	1456	593	6360.292990684509	1116
2025-02-09 09:25:11,320 - INFO - 	373	41420620938.840805	0	6.2466957569122314	7356.29075217247	1459	593	6364.044155359268	1119
2025-02-09 09:25:15,267 - INFO - 	374	40870899286.92072	0	6.279871702194214	7360.237181186676	1462	593	6367.803553581238	1122
2025-02-09 09:25:19,154 - INFO - 	375	37040568459.55401	0	6.346027374267578	7364.124881029129	1465	593	6371.471884965897	1125
2025-02-09 09:25:23,235 - INFO - 	376	31171617954.64272	0	6.386687278747559	7368.205772161484	1468	593	6375.358823776245	1128
2025-02-09 09:25:27,145 - INFO - 	377	30099336087.23739	0	6.414037227630615	7372.114822149277	1471	593	6379.086906671524	1131
2025-02-09 09:25:31,007 - INFO - 	378	27515776725.2911	0	6.463113307952881	7375.976804971695	1474	593	6382.746896505356	1134
2025-02-09 09:25:35,160 - INFO - 	379	26759349561.064247	0	6.510456562042236	7380.129669904709	1477	593	6386.697810173035	1137
2025-02-09 09:25:39,035 - INFO - 	380	22825272848.713337	0	6.556790351867676	7384.004722118378	1480	593	6390.37149143219	1140
2025-02-09 09:25:43,192 - INFO - 	381	19360364842.769558	0	6.614965438842773	7388.161768913269	1483	593	6394.314074039459	1143
2025-02-09 09:41:13,208 - INFO - 	382	18081767198.333992	0	6.657438516616821	8318.177471637726	1486	593	7324.130528926849	1146
2025-02-09 09:41:16,805 - INFO - 	383	17565787534.21531	0	6.689210414886475	8321.77417755127	1489	593	7327.539433479309	1149
2025-02-09 09:41:20,442 - INFO - 	384	15404659474.377825	0	6.73760724067688	8325.410607337952	1492	593	7330.974682807922	1152
2025-02-09 09:41:24,266 - INFO - 	385	14948955954.205502	0	6.7787251472473145	8329.235265254974	1495	593	7334.604645729065	1155
2025-02-09 09:41:27,929 - INFO - 	386	13131315080.062176	0	6.828737020492554	8332.897636413574	1498	593	7338.062019586563	1158
2025-02-09 09:41:31,520 - INFO - 	387	11120423697.455873	0	6.880501985549927	8336.48879814148	1501	593	7341.445634365082	1161
2025-02-09 09:41:35,008 - INFO - 	388	10455339183.702885	0	6.8896379470825195	8339.976358175278	1504	593	7344.769071102142	1164
2025-02-09 09:41:38,508 - INFO - 	389	10455339183.702898	0	6.8928821086883545	8343.476660013199	1507	593	7348.110004425049	1167
2025-02-09 09:41:42,058 - INFO - 	390	4542006366.226462	0	6.9093711376190186	8347.026115179062	1510	593	7351.486847877502	1170
2025-02-09 09:41:46,102 - INFO - 	391	2293817052.6872063	0	6.9322240352630615	8351.070627212524	1513	593	7355.351912975311	1173
2025-02-09 09:44:23,980 - INFO - 	392	1693.2792549733804	0	7.00733494758606	8508.94794344902	1516	593	7512.987297296524	1176
2025-02-09 09:44:29,416 - INFO - 	393	1675.2886525265556	0	7.013617992401123	8514.383922576904	1519	593	7518.259396791458	1179
2025-02-09 10:00:00,722 - INFO - 	394	1645.3313055713706	0	7.021075010299683	9445.689637422562	1522	593	8449.403233766556	1182
2025-02-09 10:00:06,855 - INFO - 	395	1627.4961041070462	0	7.030545949935913	9451.822789430618	1525	593	8455.371206998825	1185
2025-02-09 10:00:12,700 - INFO - 	396	1614.398017963102	0	7.036433935165405	9457.667077302933	1528	593	8461.054289340973	1188
2025-02-09 10:00:18,323 - INFO - 	397	1590.9067038713072	0	7.044390916824341	9463.290147066116	1531	593	8466.512911558151	1191
2025-02-09 10:00:24,064 - INFO - 	398	1586.3987516547181	0	7.053510904312134	9469.031277418137	1534	593	8472.088550567627	1194
2025-02-09 10:00:29,700 - INFO - 	399	1569.6698846030533	0	7.065281629562378	9474.66687631607	1537	593	8477.555652618408	1197
2025-02-09 10:00:35,351 - INFO - 	400	1558.3401241252109	0	7.077126741409302	9480.318054437637	1540	593	8483.038394451141	1200
2025-02-09 10:16:06,764 - INFO - 	401	1550.055486727686	0	7.091501951217651	10411.730686187744	1543	593	9414.28016281128	1203
2025-02-09 10:16:12,232 - INFO - 	402	1529.7908702636976	0	7.106007814407349	10417.198902130127	1546	593	9419.58054280281	1206
2025-02-09 10:16:17,805 - INFO - 	403	1516.4861898385966	0	7.121819972991943	10422.771539926529	1549	593	9424.983892917633	1209
2025-02-09 10:16:23,297 - INFO - 	404	1505.476914437052	0	7.131963014602661	10428.264273881912	1552	593	9430.313264131546	1212
2025-02-09 10:16:28,796 - INFO - 	405	1493.2780311532288	0	7.1437668800354	10433.762603998184	1555	593	9435.645994901657	1215
2025-02-09 10:16:34,367 - INFO - 	406	1481.7767782240362	0	7.1540687084198	10439.333903074265	1558	593	9441.05252122879	1218
2025-02-09 10:16:40,003 - INFO - 	407	1475.5405389570064	0	7.165239572525024	10444.969501972198	1561	593	9446.520253419876	1221
2025-02-09 10:32:11,639 - INFO - 	408	1470.7087163879269	0	7.173982381820679	11376.605309009552	1564	593	10377.990295410156	1224
2025-02-09 10:32:17,186 - INFO - 	409	1467.7864531444375	0	7.182177305221558	11382.152728319168	1567	593	10383.375445842743	1227
2025-02-09 10:32:22,706 - INFO - 	410	1458.6355084166514	0	7.193445205688477	11387.671942472458	1570	593	10388.729666948318	1230
2025-02-09 10:32:28,193 - INFO - 	411	1450.2512170603297	0	7.203602075576782	11393.158834457397	1573	593	10394.052381277084	1233
2025-02-09 10:32:33,819 - INFO - 	412	1440.6832787398082	0	7.213344097137451	11398.784739732742	1576	593	10399.512501478195	1236
2025-02-09 10:32:39,395 - INFO - 	413	1436.9824306075247	0	7.223069906234741	11404.360749721527	1579	593	10404.921924829483	1239
2025-02-09 10:32:45,093 - INFO - 	414	1435.1855374565125	0	7.228456735610962	11410.058887720108	1582	593	10410.45811700821	1242
2025-02-09 10:32:50,672 - INFO - 	415	1429.172944207332	0	7.238377809524536	11415.637890815735	1585	593	10415.87055516243	1245
2025-02-09 10:45:29,148 - INFO - 	416	1423.901471079837	0	7.247591018676758	12174.113522052765	1588	593	11174.17876625061	1248
2025-02-09 10:45:34,570 - INFO - 	417	1416.4307441708472	0	7.257019996643066	12179.535104036331	1591	593	11179.437379598618	1251
2025-02-09 10:45:40,159 - INFO - 	418	1409.7742104536444	0	7.264951944351196	12185.124861001968	1594	593	11184.865731477737	1254
2025-02-09 10:45:45,671 - INFO - 	419	1398.5634617165563	0	7.277015686035156	12190.636814117432	1597	593	11190.21240735054	1257
2025-02-09 10:45:51,338 - INFO - 	420	1395.5186003607555	0	7.285781621932983	12196.303463220596	1600	593	11195.713545084	1260
2025-02-09 10:45:57,044 - INFO - 	421	1395.4124705716658	0	7.290691614151001	12202.009243011475	1603	593	11201.257478952408	1263
2025-02-09 10:46:02,703 - INFO - 	422	1393.42989714977	0	7.2996227741241455	12207.668179035187	1606	593	11206.750899553299	1266
2025-02-09 11:01:34,329 - INFO - 	423	1384.7740963845815	0	7.3088178634643555	13139.294245004654	1609	593	12138.210933685303	1269
2025-02-09 11:01:40,516 - INFO - 	424	1379.7038000296193	0	7.316117525100708	13145.461196184158	1612	593	12144.216024398804	1272
2025-02-09 11:01:46,359 - INFO - 	425	1376.1202164768706	0	7.325801372528076	13151.304605007172	1615	593	12149.894434928894	1275
2025-02-09 11:01:51,968 - INFO - 	426	1373.81048112137	0	7.330393552780151	13156.912372112274	1618	593	12155.343399047852	1278
2025-02-09 11:01:57,602 - INFO - 	427	1372.2870822271852	0	7.339635848999023	13162.54614019394	1621	593	12160.812094211578	1281
2025-02-09 11:02:03,274 - INFO - 	428	1370.42847875417	0	7.348492860794067	13168.21825504303	1624	593	12166.319723367691	1284
2025-02-09 11:02:08,982 - INFO - 	429	1365.730959353046	0	7.359457969665527	13173.926423311234	1627	593	12171.860421657562	1287
2025-02-09 11:17:18,813 - INFO - 	430	1365.5920128471007	0	7.363510847091675	14083.75745344162	1630	593	13081.530400037766	1290
2025-02-09 11:17:24,604 - INFO - 	431	1360.9659437164662	0	7.374407768249512	14089.54855132103	1633	593	13087.156524419785	1293
2025-02-09 11:17:30,368 - INFO - 	432	1357.2736068501908	0	7.3863747119903564	14095.311710357666	1636	593	13092.75406551361	1296
2025-02-09 11:17:36,240 - INFO - 	433	1354.139629272569	0	7.39288592338562	14101.184054613113	1639	593	13098.464764118195	1299
2025-02-09 11:17:42,050 - INFO - 	434	1352.8730473181297	0	7.399456024169922	14106.993514537811	1642	593	13104.11039185524	1302
2025-02-09 11:17:47,881 - INFO - 	435	1345.7264173375029	0	7.407299757003784	14112.825108766556	1645	593	13109.77721619606	1305
2025-02-09 11:17:53,715 - INFO - 	436	1342.2156476599378	0	7.418721914291382	14118.658418893814	1648	593	13115.442128419876	1308
2025-02-09 11:33:25,423 - INFO - 	437	1339.3023224530482	0	7.4285728931427	15050.36687374115	1651	593	14046.983889341354	1311
2025-02-09 11:33:31,028 - INFO - 	438	1336.3450476363682	0	7.4403791427612305	15055.971936702728	1654	593	14052.423477649689	1314
2025-02-09 11:33:36,892 - INFO - 	439	1335.7240714838024	0	7.446892023086548	15061.835049629211	1657	593	14058.126765727997	1317
2025-02-09 11:33:42,801 - INFO - 	440	1334.3622484682892	0	7.455498218536377	15067.744756698608	1660	593	14063.871714830399	1320
2025-02-09 11:33:48,578 - INFO - 	441	1333.8710580754075	0	7.461295127868652	15073.521664857864	1663	593	14069.488419771194	1323
2025-02-09 11:33:54,469 - INFO - 	442	1332.4753680420517	0	7.4698381423950195	15079.412200927734	1666	593	14075.214537382126	1326
2025-02-09 11:34:00,248 - INFO - 	443	1331.3936624394494	0	7.47829008102417	15085.19088101387	1669	593	14080.828132629395	1329
2025-02-09 11:46:26,084 - INFO - 	444	1330.3457639448663	0	7.486453294754028	15831.026917696	1672	593	14826.499255180359	1332
2025-02-09 11:46:31,736 - INFO - 	445	1328.5903087993534	0	7.494291305541992	15836.679193496704	1675	593	14831.990318775177	1335
2025-02-09 11:46:37,260 - INFO - 	446	1327.8514302970123	0	7.5012431144714355	15842.202277183533	1678	593	14837.352797031403	1338
2025-02-09 11:46:42,810 - INFO - 	447	1325.1508127312843	0	7.509441375732422	15847.75226521492	1681	593	14842.741146087646	1341
2025-02-09 11:46:48,696 - INFO - 	448	1324.3002382104887	0	7.513798236846924	15853.638166189194	1684	593	14848.466939210892	1344
2025-02-09 11:46:54,487 - INFO - 	449	1322.1824529837936	0	7.523773193359375	15859.429336071014	1687	593	14854.091141939163	1347
2025-02-09 11:47:00,438 - INFO - 	450	1320.588119746505	0	7.530029296875	15865.380036115646	1690	593	14859.878857135773	1350
2025-02-09 11:47:06,174 - INFO - 	451	1318.5420191606408	0	7.53999400138855	15871.116136074066	1693	593	14865.448040246964	1353
2025-02-09 12:02:38,258 - INFO - 	452	1317.4763253289332	0	7.547062873840332	16803.200224876404	1696	593	15797.367536306381	1356
2025-02-09 12:02:44,157 - INFO - 	453	1317.2490296586147	0	7.557727813720703	16809.09920358658	1699	593	15803.101076602936	1359
2025-02-09 12:02:50,225 - INFO - 	454	1315.2268990301227	0	7.567116975784302	16815.16641664505	1702	593	15808.979850530624	1362
2025-02-09 12:02:55,951 - INFO - 	455	1314.5227008553159	0	7.575455188751221	16820.892957687378	1705	593	15814.541244983673	1365
2025-02-09 12:03:01,907 - INFO - 	456	1313.9013228243932	0	7.581632137298584	16826.84894180298	1708	593	15820.334028720856	1368
2025-02-09 12:03:07,759 - INFO - 	457	1313.4559807787125	0	7.5878071784973145	16832.700734853745	1711	593	15826.02308678627	1371
2025-02-09 12:18:29,710 - INFO - 	458	1311.8407634216887	0	7.597565174102783	17754.651063919067	1714	593	16747.807124853134	1374
2025-02-09 12:18:35,406 - INFO - 	459	1311.1032657650514	0	7.604745149612427	17760.346732854843	1717	593	16753.341423988342	1377
2025-02-09 12:18:41,244 - INFO - 	460	1309.9210579294881	0	7.615697145462036	17766.1848256588	1720	593	16759.014890670776	1380
2025-02-09 12:18:46,906 - INFO - 	461	1309.1399595354558	0	7.622380256652832	17771.846802711487	1723	593	16764.514572620392	1383
2025-02-09 12:18:52,601 - INFO - 	462	1308.2225752147435	0	7.6320202350616455	17777.54195380211	1726	593	16770.04297399521	1386
2025-02-09 12:18:58,410 - INFO - 	463	1307.6337086901324	0	7.64203143119812	17783.350705862045	1729	593	16775.685809135437	1389
2025-02-09 12:19:04,146 - INFO - 	464	1306.4280295838582	0	7.6523191928863525	17789.086751699448	1732	593	16781.255220413208	1392
2025-02-09 12:19:09,835 - INFO - 	465	1306.0218640835833	0	7.660888910293579	17794.775899887085	1735	593	16786.779197216034	1395
2025-02-09 12:34:41,645 - INFO - 	466	1305.8178775022031	0	7.669590950012207	18726.58583188057	1738	593	17718.423792123795	1398
2025-02-09 12:34:47,269 - INFO - 	467	1305.1726370104457	0	7.676347017288208	18732.209450006485	1741	593	17723.886958122253	1401
2025-02-09 12:34:53,016 - INFO - 	468	1305.048078277909	0	7.683767080307007	18737.95651102066	1744	593	17729.473106384277	1404
2025-02-09 12:34:58,835 - INFO - 	469	1304.587689650129	0	7.691483974456787	18743.77501320839	1747	593	17735.128532648087	1407
2025-02-09 12:35:04,675 - INFO - 	470	1304.3135942009517	0	7.698230981826782	18749.61511707306	1750	593	17740.80509161949	1410
2025-02-09 12:35:10,497 - INFO - 	471	1304.1231430365729	0	7.7039408683776855	18755.437465906143	1753	593	17746.46520137787	1413
2025-02-09 12:35:16,218 - INFO - 	472	1303.482113673014	0	7.712504863739014	18761.158235788345	1756	593	17752.020335435867	1416
2025-02-09 12:47:28,886 - INFO - 	473	1303.1751926687862	0	7.721034049987793	19493.826090812683	1759	593	18484.522527694702	1419
2025-02-09 12:47:34,495 - INFO - 	474	1302.7298308139377	0	7.728121995925903	19499.434474229813	1762	593	18489.969707489014	1422
2025-02-09 12:47:40,139 - INFO - 	475	1302.729830813938	0	7.731023073196411	19505.078042268753	1765	593	18495.4572763443	1425
2025-02-09 12:47:45,887 - INFO - 	476	1302.7298308139368	0	7.733384847640991	19510.82608127594	1768	593	18501.04824733734	1428
2025-02-09 12:47:51,641 - INFO - 	477	1302.4508516537196	0	7.739145755767822	19516.579443454742	1771	593	18506.640246391296	1431
2025-02-09 12:47:57,507 - INFO - 	478	1301.7677322707757	0	7.7516608238220215	19522.446132421494	1774	593	18512.337886571884	1434
2025-02-09 12:48:03,247 - INFO - 	479	1301.6033288010938	0	7.758777856826782	19528.185549259186	1777	593	18517.913498401642	1437
2025-02-09 13:03:35,053 - INFO - 	480	1301.322161784943	0	7.768206834793091	20459.991666316986	1780	593	19449.553523540497	1440
2025-02-09 13:03:41,075 - INFO - 	481	1301.2194208575067	0	7.773443698883057	20466.01367712021	1783	593	19455.33825659752	1443
2025-02-09 13:03:46,971 - INFO - 	482	1301.2194208575063	0	7.77762246131897	20471.90887618065	1786	593	19461.072878599167	1446
2025-02-09 13:03:52,794 - INFO - 	483	1301.1072744382493	0	7.783611297607422	20477.73188996315	1789	593	19466.732609272003	1449
2025-02-09 13:03:58,471 - INFO - 	484	1300.9047168750017	0	7.7906224727630615	20483.408453941345	1792	593	19472.24826836586	1452
2025-02-09 13:04:04,314 - INFO - 	485	1300.6438732287509	0	7.797171592712402	20489.251448869705	1795	593	19477.927949666977	1455
2025-02-09 13:04:09,883 - INFO - 	486	1300.5032458080464	0	7.805130481719971	20494.820747613907	1798	593	19483.332129478455	1458
2025-02-09 13:19:41,515 - INFO - 	487	1300.337540778693	0	7.8122193813323975	21426.452378749847	1801	593	20414.79936003685	1461
2025-02-09 13:19:47,146 - INFO - 	488	1300.142822451076	0	7.81976318359375	21432.082471609116	1804	593	20420.26136946678	1464
2025-02-09 13:19:52,713 - INFO - 	489	1300.0489859970141	0	7.830538034439087	21437.649799585342	1807	593	20425.664150238037	1467
2025-02-09 13:19:58,408 - INFO - 	490	1300.0489859970132	0	7.833739995956421	21443.34495663643	1810	593	20431.201682329178	1470
2025-02-09 13:20:04,081 - INFO - 	491	1300.0000000000002	0	7.842720985412598	21449.01738882065	1813	593	20436.70841383934	1473
2025-02-09 13:20:14,860 - INFO - 	492	1300.0	4.753848075866699	7.849920988082886	21459.79614496231	1815	593	20442.568559885025	1475
2025-02-09 13:35:55,507 - INFO - 	493	1300.0	939.4782500267029	7.857481956481934	22400.443048000336	1816	593	20448.326558589935	1476
2025-02-09 13:36:15,124 - INFO - 
ya no tiene columnas con costo reducido negative
2025-02-09 13:36:15,133 - INFO - Set parameter OutputFlag to value 1
2025-02-09 13:36:15,134 - INFO - Set parameter LogFile to value "logs_new/salida_modelo_caminos_340_567_2.log"
2025-02-09 13:36:15,134 - INFO - Set parameter TimeLimit to value 7200
2025-02-09 13:36:15,135 - INFO - Gurobi Optimizer version 11.0.1 build v11.0.1rc0 (mac64[arm] - Darwin 24.3.0 24D60)
2025-02-09 13:36:15,135 - INFO - 
2025-02-09 13:36:15,135 - INFO - CPU model: Apple M2
2025-02-09 13:36:15,135 - INFO - Thread count: 8 physical cores, 8 logical processors, using up to 8 threads
2025-02-09 13:36:15,135 - INFO - 
2025-02-09 13:36:15,136 - INFO - Optimize a model with 593 rows, 1816 columns and 7740 nonzeros
2025-02-09 13:36:15,136 - INFO - Coefficient statistics:
2025-02-09 13:36:15,136 - INFO -   Matrix range     [1e+00, 1e+00]
2025-02-09 13:36:15,136 - INFO -   Objective range  [2e+00, 1e+10]
2025-02-09 13:36:15,137 - INFO -   Bounds range     [0e+00, 0e+00]
2025-02-09 13:36:15,137 - INFO -   RHS range        [1e+00, 2e+02]
2025-02-09 13:36:15,137 - INFO - Warning: Model contains large objective coefficients
2025-02-09 13:36:15,137 - INFO -          Consider reformulating model or setting NumericFocus parameter
2025-02-09 13:36:15,138 - INFO -          to avoid numerical issues.
2025-02-09 13:36:15,138 - INFO - 
2025-02-09 13:36:15,138 - INFO - Solved in 0 iterations and 0.00 seconds (0.00 work units)
2025-02-09 13:36:15,138 - INFO - Optimal objective  1.300000000e+03
2025-02-09 13:36:15,141 - INFO - Gurobi Optimizer version 11.0.1 build v11.0.1rc0 (mac64[arm] - Darwin 24.3.0 24D60)
2025-02-09 13:36:15,141 - INFO - 
2025-02-09 13:36:15,142 - INFO - CPU model: Apple M2
2025-02-09 13:36:15,142 - INFO - Thread count: 8 physical cores, 8 logical processors, using up to 8 threads
2025-02-09 13:36:15,142 - INFO - 
2025-02-09 13:36:15,143 - INFO - Optimize a model with 593 rows, 1816 columns and 7740 nonzeros
2025-02-09 13:36:15,143 - INFO - Model fingerprint: 0x554ca74c
2025-02-09 13:36:15,143 - INFO - Variable types: 0 continuous, 1816 integer (1816 binary)
2025-02-09 13:36:15,144 - INFO - Coefficient statistics:
2025-02-09 13:36:15,144 - INFO -   Matrix range     [1e+00, 1e+00]
2025-02-09 13:36:15,144 - INFO -   Objective range  [2e+00, 1e+10]
2025-02-09 13:36:15,145 - INFO -   Bounds range     [0e+00, 0e+00]
2025-02-09 13:36:15,145 - INFO -   RHS range        [1e+00, 2e+02]
2025-02-09 13:36:15,145 - INFO - Warning: Model contains large objective coefficients
2025-02-09 13:36:15,145 - INFO -          Consider reformulating model or setting NumericFocus parameter
2025-02-09 13:36:15,146 - INFO -          to avoid numerical issues.
2025-02-09 13:36:15,147 - INFO - Found heuristic solution: objective 3.400000e+12
2025-02-09 13:36:15,176 - INFO - Presolve removed 250 rows and 0 columns
2025-02-09 13:36:15,177 - INFO - Presolve time: 0.03s
2025-02-09 13:36:15,179 - INFO - Presolved: 343 rows, 1816 columns, 7342 nonzeros
2025-02-09 13:36:15,183 - INFO - Variable types: 0 continuous, 1816 integer (1816 binary)
2025-02-09 13:36:15,184 - INFO - Found heuristic solution: objective 3.350000e+12
2025-02-09 13:36:15,243 - INFO - 
2025-02-09 13:36:15,243 - INFO - Root relaxation: objective 1.300000e+03, 1827 iterations, 0.06 seconds (0.12 work units)
2025-02-09 13:36:15,261 - INFO - 
2025-02-09 13:36:15,262 - INFO -     Nodes    |    Current Node    |     Objective Bounds      |     Work
2025-02-09 13:36:15,262 - INFO -  Expl Unexpl |  Obj  Depth IntInf | Incumbent    BestBd   Gap | It/Node Time
2025-02-09 13:36:15,263 - INFO - 
2025-02-09 13:36:15,263 - INFO -      0     0 1300.00000    0  288 3.3500e+12 1300.00000   100%     -    0s
2025-02-09 13:36:15,265 - INFO - H    0     0                    4.500000e+11 1300.00000   100%     -    0s
2025-02-09 13:36:15,268 - INFO - H    0     0                    3.500000e+11 1300.00000   100%     -    0s
2025-02-09 13:36:15,270 - INFO - H    0     0                    3.100000e+11 1300.00000   100%     -    0s
2025-02-09 13:36:15,277 - INFO - H    0     0                    2.300000e+11 1300.00000   100%     -    0s
2025-02-09 13:36:15,360 - INFO - H    0     0                    2.200000e+11 1300.00000   100%     -    0s
2025-02-09 13:36:15,361 - INFO - H    0     0                    2.000000e+11 1300.00000   100%     -    0s
2025-02-09 13:36:15,428 - INFO -      0     0 1300.32535    0  307 2.0000e+11 1300.32535   100%     -    0s
2025-02-09 13:36:15,533 - INFO - H    0     0                    1.400000e+11 1300.67390   100%     -    0s
2025-02-09 13:36:15,536 - INFO -      0     0 1300.67431    0  316 1.4000e+11 1300.67431   100%     -    0s
2025-02-09 13:36:15,604 - INFO -      0     0 1302.00000    0  320 1.4000e+11 1302.00000   100%     -    0s
2025-02-09 13:36:15,649 - INFO -      0     0 1302.00000    0  324 1.4000e+11 1302.00000   100%     -    0s
2025-02-09 13:36:15,737 - INFO -      0     0 1302.00000    0  300 1.4000e+11 1302.00000   100%     -    0s
2025-02-09 13:36:15,767 - INFO -      0     0 1302.00000    0  292 1.4000e+11 1302.00000   100%     -    0s
2025-02-09 13:36:15,896 - INFO -      0     2 1302.00000    0  292 1.4000e+11 1302.00000   100%     -    0s
2025-02-09 13:36:16,051 - INFO - H   71    79                    1.200000e+11 1302.09186   100%   113    0s
2025-02-09 13:36:16,051 - INFO - H   72    79                    1.100000e+11 1302.12947   100%   112    0s
2025-02-09 13:36:17,168 - INFO - H  185   192                    1.000000e+11 1302.54704   100%   106    2s
2025-02-09 13:36:17,170 - INFO - H  188   192                    1.000000e+11 1302.54704   100%   105    2s
2025-02-09 13:36:20,175 - INFO -   2204  2213 2.9209e+10   66  249 1.0000e+11 1302.56186   100%  82.4    5s
2025-02-09 13:36:25,228 - INFO -   2701  2540 1425.77287   47  264 1.0000e+11 1302.56186   100%  85.1   10s
2025-02-09 13:48:24,740 - INFO -   4013  3352 1.8470e+09   45  272 1.0000e+11 1302.56186   100%  81.9  729s
2025-02-09 13:48:25,212 - INFO -   4213  3466 1.1217e+10   56  259 1.0000e+11 1302.56186   100%  81.5  730s
2025-02-09 13:48:30,597 - INFO -   7010  5019 7.1114e+10   95  278 1.0000e+11 1303.03064   100%  77.7  735s
2025-02-09 13:48:30,597 - INFO - H 7013  4828                    9.000000e+10 1303.03064   100%  77.7  735s
2025-02-09 13:48:30,598 - INFO - H 7014  4718                    9.000000e+10 1303.03064   100%  77.7  735s
2025-02-09 13:48:35,236 - INFO -   8743  6102 4.2014e+10  121  239 9.0000e+10 1303.60113   100%  75.9  740s
2025-02-09 13:48:40,182 - INFO -  13574 10435 1.2413e+10  107  281 9.0000e+10 1305.79826   100%  74.6  745s
2025-02-09 13:48:43,404 - INFO - H15499 11671                    9.000000e+10 1305.79826   100%  73.4  748s
2025-02-09 13:48:43,405 - INFO - H15501 10794                    7.000000e+10 1305.79826   100%  73.4  748s
2025-02-09 13:48:45,237 - INFO -  17891 13334 2.3318e+10  123  272 7.0000e+10 1306.50899   100%  72.5  750s
2025-02-09 13:48:50,350 - INFO -  23106 18352 5.5438e+09   65  268 7.0000e+10 1307.59745   100%  72.2  755s
2025-02-09 13:48:55,675 - INFO -  27790 21864 1.5310e+10   91  267 7.0000e+10 1307.93490   100%  71.9  760s
2025-02-09 13:48:55,678 - INFO - H27791 19611                    5.000000e+10 1307.93490   100%  71.9  760s
2025-02-09 14:04:33,136 - INFO -  29426 20731 1.5050e+10   75  292 5.0000e+10 1307.93490   100%  71.1 1697s
2025-02-09 14:04:35,551 - INFO -  29431 20734 1.0000e+10   62  308 5.0000e+10 1307.93490   100%  71.1 1700s
2025-02-09 14:04:39,576 - INFO - H29620 19832                    5.000000e+10 1307.93490   100%  71.5 1704s
2025-02-09 14:04:39,937 - INFO - H29629 18852                    5.000000e+10 1307.93490   100%  71.5 1704s
2025-02-09 14:04:39,938 - INFO - H29631 17916                    4.999999e+10 1307.93490   100%  71.5 1704s
2025-02-09 14:04:39,938 - INFO - H29635 17025                    4.999999e+10 1307.93490   100%  71.6 1704s
2025-02-09 14:04:39,939 - INFO - H29636 16180                    4.999999e+10 1307.93490   100%  71.6 1704s
2025-02-09 14:04:42,535 - INFO -  29654 16199 1340.72708   40  288 5.0000e+10 1307.93490   100%  71.6 1707s
2025-02-09 14:04:46,569 - INFO -  30260 16539 4.2835e+10   87  236 5.0000e+10 1307.93490   100%  72.1 1711s
2025-02-09 14:04:50,306 - INFO -  31857 17529 1346.78512   56  277 5.0000e+10 1307.93490   100%  73.2 1715s
2025-02-09 14:04:55,232 - INFO -  34380 18942 1.8308e+10   89  234 5.0000e+10 1307.93490   100%  74.6 1720s
2025-02-09 14:05:01,015 - INFO -  36030 19691 1380.53828   46  278 5.0000e+10 1307.93490   100%  75.4 1725s
2025-02-09 14:05:05,171 - INFO -  37389 20466 infeasible   90      5.0000e+10 1307.93490   100%  75.8 1730s
2025-02-09 14:05:06,645 - INFO - H38012 19940                    4.999999e+10 1307.93490   100%  76.1 1731s
2025-02-09 14:05:10,317 - INFO -  40126 21439 3.2179e+09   61  268 5.0000e+10 1307.93490   100%  76.6 1735s
2025-02-09 14:05:15,925 - INFO -  43352 22869     cutoff  112      5.0000e+10 1307.93490   100%  77.5 1740s
2025-02-09 14:20:34,215 - INFO -  44497 24343 7.5905e+09   75  279 5.0000e+10 1307.93490   100%  77.7 2659s
2025-02-09 14:20:35,973 - INFO -  46244 25055 1.8302e+10  107  274 5.0000e+10 1307.93490   100%  77.8 2660s
2025-02-09 14:20:41,501 - INFO -  48949 25990 4.8446e+07   46  246 5.0000e+10 1307.93490   100%  77.7 2666s
2025-02-09 14:20:46,908 - INFO -  51660 27219 6.0456e+09   73  279 5.0000e+10 1307.93490   100%  77.4 2671s
2025-02-09 14:20:50,568 - INFO -  55673 29819 1358.89559   44  279 5.0000e+10 1308.41050   100%  77.4 2675s
2025-02-09 14:20:57,601 - INFO -  64058 33839 2.5280e+10  117  258 5.0000e+10 1309.17820   100%  76.5 2682s
2025-02-09 14:21:00,882 - INFO -  66924 35449 1401.28998   48  283 5.0000e+10 1309.35401   100%  76.3 2685s
2025-02-09 14:21:06,065 - INFO -  74902 40551 infeasible  132      5.0000e+10 1310.02643   100%  76.0 2690s
2025-02-09 14:21:10,195 - INFO -  80146 44519 1342.13159   42  292 5.0000e+10 1310.34993   100%  76.1 2695s
2025-02-09 14:21:16,019 - INFO -  86951 50763 1383.71310   62  282 5.0000e+10 1310.79323   100%  75.7 2700s
2025-02-09 14:21:23,825 - INFO -  93073 55257 1.3286e+10  125  268 5.0000e+10 1311.00346   100%  74.8 2708s
2025-02-09 14:21:25,450 - INFO -  94330 57029 1.8406e+10  123  268 5.0000e+10 1311.16799   100%  74.7 2710s
2025-02-09 14:21:30,511 - INFO -  99196 61358 5.3989e+09   82  287 5.0000e+10 1311.38462   100%  74.2 2715s
2025-02-09 14:21:36,154 - INFO -  111470 71958 2.3788e+09   75  288 5.0000e+10 1311.85991   100%  72.4 2721s
2025-02-09 14:21:40,253 - INFO -  114152 74160 5.6479e+09   84  285 5.0000e+10 1311.98104   100%  72.4 2725s
2025-02-09 14:21:45,285 - INFO -  123593 82561 3.9594e+10  166  279 5.0000e+10 1312.31910   100%  71.5 2730s
2025-02-09 14:21:51,365 - INFO -  134412 92002 1.4089e+10   80  249 5.0000e+10 1312.67577   100%  69.8 2736s
2025-02-09 14:21:56,344 - INFO -  144246 100995 1.4583e+10  113  282 5.0000e+10 1312.94913   100%  69.2 2741s
2025-02-09 14:22:00,242 - INFO -  152503 107959 2.6966e+09   80  278 5.0000e+10 1313.23831   100%  68.4 2745s
2025-02-09 14:22:05,421 - INFO -  156504 111649 1328.30610   42  293 5.0000e+10 1313.37295   100%  68.1 2750s
2025-02-09 14:22:11,514 - INFO -  167452 120369 6.2670e+09   87  262 5.0000e+10 1313.68251   100%  67.2 2756s
2025-02-09 14:22:17,684 - INFO -  172547 124828 1342.47217   45  276 5.0000e+10 1313.84647   100%  66.8 2762s
2025-02-09 14:22:21,646 - INFO -  179224 131343 1384.60794   57  283 5.0000e+10 1314.02529   100%  66.2 2766s
2025-02-09 14:22:25,377 - INFO -  189505 140335 1382.33830   48  301 5.0000e+10 1314.24089   100%  65.1 2770s
2025-02-09 14:22:31,350 - INFO -  194361 148399 2.8087e+09   68  291 5.0000e+10 1314.36608   100%  64.7 2776s
2025-02-09 14:22:36,979 - INFO -  208110 156085 1320.20983   36  304 5.0000e+10 1314.63101   100%  63.6 2781s
2025-02-09 14:22:40,387 - INFO -  218057 165487 1376.89602   48  284 5.0000e+10 1314.87042   100%  62.7 2785s
2025-02-09 14:22:45,374 - INFO -  227498 174057 1390.69687   52  277 5.0000e+10 1315.04043   100%  62.1 2790s
2025-02-09 14:22:50,342 - INFO -  237520 182800 3.4114e+09   74  285 5.0000e+10 1315.20151   100%  61.5 2795s
2025-02-09 14:22:54,664 - INFO - H240544 175271                    4.000000e+10 1315.22642   100%  61.3 2799s
2025-02-09 14:22:56,126 - INFO -  241044 176430 1.5944e+10   96  279 4.0000e+10 1315.23180   100%  61.2 2800s
2025-02-09 14:22:56,447 - INFO - H242258 157844                    3.000000e+10 1315.27845   100%  61.2 2801s
2025-02-09 14:23:00,148 - INFO -  249330 164436 2.7350e+08   54  288 3.0000e+10 1315.43199   100%  60.8 2805s
2025-02-09 14:23:05,368 - INFO -  258552 172613 4.2807e+07   62  279 3.0000e+10 1315.66392   100%  60.5 2810s
2025-02-09 14:23:10,691 - INFO -  266413 178829 2.5486e+10  143  270 3.0000e+10 1315.83934   100%  60.3 2815s
2025-02-09 14:23:15,277 - INFO -  275905 186972 2.0856e+10   58  286 3.0000e+10 1316.02344   100%  59.9 2820s
2025-02-09 14:23:20,509 - INFO -  283599 195712 1332.73753   41  302 3.0000e+10 1316.12045   100%  59.4 2825s
2025-02-09 14:23:25,329 - INFO -  294521 202777 1341.26342   39  292 3.0000e+10 1316.33001   100%  59.2 2830s
2025-02-09 14:23:30,784 - INFO -  302628 209517 2.5640e+09   65  274 3.0000e+10 1316.45905   100%  58.9 2835s
2025-02-09 14:23:36,397 - INFO - H310400 215423                    3.000000e+10 1316.57029   100%  58.5 2841s
2025-02-09 14:23:39,821 - INFO - H314234 219885                    2.999999e+10 1316.65627   100%  58.4 2844s
2025-02-09 14:23:39,830 - INFO - H314637 219883                    2.999999e+10 1316.65766   100%  58.3 2844s
2025-02-09 14:23:40,358 - INFO -  315542 221120 1.4155e+09   70  283 3.0000e+10 1316.67861   100%  58.3 2845s
2025-02-09 14:23:44,722 - INFO - H325129 228000                    2.999999e+10 1316.82182   100%  58.0 2849s
2025-02-09 14:23:45,376 - INFO -  325820 228980 2.0994e+10  154  291 3.0000e+10 1316.82755   100%  58.1 2850s
2025-02-09 14:23:51,155 - INFO -  337291 239054 1389.52925   62  286 3.0000e+10 1317.02313   100%  57.8 2856s
2025-02-09 14:23:55,192 - INFO -  345342 245991 1364.55184   52  288 3.0000e+10 1317.12510   100%  57.6 2860s
2025-02-09 14:24:00,491 - INFO -  353663 252039 1.0448e+10   62  260 3.0000e+10 1317.25502   100%  57.4 2865s
2025-02-09 14:24:05,842 - INFO -  359861 259751 9.9065e+09   92  297 3.0000e+10 1317.32886   100%  57.2 2870s
2025-02-09 14:24:11,134 - INFO -  365898 262565 1422.03722   71  295 3.0000e+10 1317.39148   100%  57.2 2875s
2025-02-09 14:24:15,275 - INFO -  374273 270875 2.4185e+10  127  259 3.0000e+10 1317.49646   100%  56.9 2880s
2025-02-09 14:24:20,355 - INFO -  386132 280677 1.5590e+10  107  288 3.0000e+10 1317.66515   100%  56.5 2885s
2025-02-09 14:24:25,311 - INFO -  391499 285580 4.2835e+08   63  278 3.0000e+10 1317.74935   100%  56.4 2890s
2025-02-09 14:24:30,485 - INFO -  398303 290666 2.7686e+10   80  256 3.0000e+10 1317.82110   100%  56.2 2895s
2025-02-09 14:24:35,311 - INFO -  402785 294715 2.9276e+09   90  287 3.0000e+10 1317.88567   100%  56.2 2900s
2025-02-09 14:24:40,348 - INFO -  415474 305956 3.3268e+09  119  287 3.0000e+10 1318.03674   100%  55.8 2905s
2025-02-09 14:24:46,191 - INFO -  425870 313998 5.5858e+09  138  293 3.0000e+10 1318.16267   100%  55.6 2911s
2025-02-09 14:24:50,334 - INFO -  436644 323437 1.2682e+10   49  278 3.0000e+10 1318.28322   100%  55.5 2915s
2025-02-09 14:24:56,954 - INFO -  440007 325807 1453.14538   56  277 3.0000e+10 1318.31023   100%  55.4 2921s
2025-02-09 14:25:00,360 - INFO -  446159 332074 1410.36756   51  290 3.0000e+10 1318.38243   100%  55.3 2925s
2025-02-09 14:25:05,822 - INFO -  457128 341102 2.1346e+09   93  271 3.0000e+10 1318.50747   100%  55.0 2930s
2025-02-09 14:25:13,160 - INFO -  468932 350560     cutoff  124      3.0000e+10 1318.63603   100%  54.8 2938s
2025-02-09 14:25:15,428 - INFO -  474044 355823 1364.52144   51  292 3.0000e+10 1318.68702   100%  54.7 2940s
2025-02-09 14:25:20,273 - INFO -  485646 365324 5.0841e+09   53  268 3.0000e+10 1318.81045   100%  54.5 2945s
2025-02-09 14:41:48,171 - INFO -  497234 375441 1.0000e+10   49  274 3.0000e+10 1318.93727   100%  54.3 3933s
2025-02-09 14:41:50,384 - INFO -  503499 381139 4.5012e+08   63  295 3.0000e+10 1318.99910   100%  54.2 3935s
2025-02-09 14:41:55,986 - INFO -  506112 382493 1387.57204   45  293 3.0000e+10 1319.03156   100%  54.1 3940s
2025-02-09 14:42:00,251 - INFO -  513471 388835     cutoff  125      3.0000e+10 1319.08013   100%  54.0 3945s
2025-02-09 14:42:05,298 - INFO -  528448 402042 1332.92963   34  285 3.0000e+10 1319.21318   100%  53.7 3950s
2025-02-09 14:42:11,184 - INFO -  539244 410724 1343.44167   43  268 3.0000e+10 1319.31414   100%  53.6 3956s
2025-02-09 14:42:15,263 - INFO -  550463 420988 1.3854e+10  121  268 3.0000e+10 1319.43990   100%  53.4 3960s
2025-02-09 14:42:20,346 - INFO -  561993 431010 1411.15855   65  282 3.0000e+10 1319.53168   100%  53.3 3965s
2025-02-09 14:42:25,339 - INFO -  565284 433857 2.0506e+10  108  250 3.0000e+10 1319.56503   100%  53.2 3970s
2025-02-09 14:49:24,969 - INFO -  575650 442178 1377.36721   70  290 3.0000e+10 1319.65551   100%  53.0 4389s
2025-02-09 14:49:25,369 - INFO -  575658 442684 1386.05478   71  293 3.0000e+10 1319.65551   100%  53.0 4390s
2025-02-09 14:49:30,271 - INFO -  587805 453520 1353.51711   49  288 3.0000e+10 1319.75287   100%  52.9 4395s
2025-02-09 14:49:36,134 - INFO -  600254 463143 1390.57786   58  271 3.0000e+10 1319.86035   100%  52.8 4400s
2025-02-09 14:49:40,477 - INFO -  612995 475388 1399.77223   50  285 3.0000e+10 1319.97143   100%  52.5 4405s
2025-02-09 14:49:45,320 - INFO -  623020 483240 5.2849e+09   71  270 3.0000e+10 1320.04981   100%  52.5 4410s
2025-02-09 14:49:50,211 - INFO -  629980 489271 1380.67870   60  282 3.0000e+10 1320.10513   100%  52.4 4415s
2025-02-09 14:49:55,334 - INFO -  641871 499646 2.1222e+10  120  272 3.0000e+10 1320.19731   100%  52.3 4420s
2025-02-09 14:50:00,523 - INFO -  646431 502654 1326.34129   35  289 3.0000e+10 1320.24200   100%  52.2 4425s
2025-02-09 14:50:05,158 - INFO -  655714 510655 2.9407e+09   70  231 3.0000e+10 1320.30761   100%  52.1 4430s
2025-02-09 15:05:14,016 - INFO -  655815 511667 9.7065e+09   91  222 3.0000e+10 1320.30768   100%  52.1 5338s
2025-02-09 15:05:15,445 - INFO -  659215 514424 6.2446e+09   86  250 3.0000e+10 1320.33411   100%  52.1 5340s
2025-02-09 15:05:20,167 - INFO -  669083 522559 2.1093e+09   72  282 3.0000e+10 1320.40034   100%  52.0 5345s
2025-02-09 15:05:25,401 - INFO -  681191 533246 1372.93955   56  283 3.0000e+10 1320.50050   100%  51.9 5350s
2025-02-09 15:05:30,171 - INFO -  689874 540469 8.6289e+08   55  282 3.0000e+10 1320.56361   100%  51.9 5355s
2025-02-09 15:05:35,293 - INFO -  696984 546660 1326.83069   38  293 3.0000e+10 1320.61089   100%  51.8 5360s
2025-02-09 15:05:40,319 - INFO -  708609 556174 2.7466e+10   89  278 3.0000e+10 1320.69769   100%  51.7 5365s
2025-02-09 15:05:45,467 - INFO -  720298 566138 3.8779e+09   61  254 3.0000e+10 1320.76520   100%  51.7 5370s
2025-02-09 15:05:50,229 - INFO -  729205 573739 8.0519e+08   62  281 3.0000e+10 1320.82040   100%  51.6 5375s
2025-02-09 15:21:20,448 - INFO -  737608 580422 2.1898e+10  116  298 3.0000e+10 1320.87870   100%  51.5 6305s
2025-02-09 15:21:20,472 - INFO - H737716 580422                    2.999998e+10 1320.87870   100%  51.5 6305s
2025-02-09 15:21:21,720 - INFO - H737934 580517                    2.999998e+10 1320.89273   100%  51.5 6306s
2025-02-09 15:21:25,199 - INFO -  746215 588514 5.2512e+09   80  276 3.0000e+10 1320.94212   100%  51.5 6310s
2025-02-09 15:21:30,173 - INFO -  758656 599271 1329.77788   48  300 3.0000e+10 1321.02507   100%  51.4 6315s
2025-02-09 15:21:35,829 - INFO -  770846 608917 1350.44040   46  300 3.0000e+10 1321.09790   100%  51.3 6320s
2025-02-09 15:21:40,166 - INFO -  780874 617875 1368.85456   51  273 3.0000e+10 1321.17371   100%  51.2 6325s
2025-02-09 15:21:45,227 - INFO -  794045 629142 4.9877e+09   89  256 3.0000e+10 1321.25748   100%  51.1 6330s
2025-02-09 15:21:50,173 - INFO -  796610 631486 1.0956e+09   54  284 3.0000e+10 1321.27067   100%  51.1 6335s
2025-02-09 15:21:55,382 - INFO -  810756 643645 6.8567e+08   80  281 3.0000e+10 1321.35371   100%  51.0 6340s
2025-02-09 15:22:00,186 - INFO -  822119 653185 1.9650e+10  113  262 3.0000e+10 1321.40292   100%  50.9 6345s
2025-02-09 15:37:26,789 - INFO -  824111 654874 1439.99918   75  282 3.0000e+10 1321.41792   100%  50.9 7271s
2025-02-09 15:37:26,816 - INFO - 
2025-02-09 15:37:26,816 - INFO - Cutting planes:
2025-02-09 15:37:26,817 - INFO -   Gomory: 1
2025-02-09 15:37:26,817 - INFO -   Cover: 13
2025-02-09 15:37:26,818 - INFO -   Clique: 16
2025-02-09 15:37:26,819 - INFO -   Inf proof: 1
2025-02-09 15:37:26,821 - INFO -   Zero half: 2
2025-02-09 15:37:26,824 - INFO - 
2025-02-09 15:37:26,825 - INFO - Explored 824901 nodes (41972354 simplex iterations) in 7271.68 seconds (1328.70 work units)
2025-02-09 15:37:26,826 - INFO - Thread count was 8 (of 8 available processors)
2025-02-09 15:37:26,827 - INFO - 
2025-02-09 15:37:26,829 - INFO - Solution count 10: 3e+10 3e+10 3e+10 ... 9e+10
2025-02-09 15:37:26,831 - INFO - 
2025-02-09 15:37:26,833 - INFO - Time limit reached
2025-02-09 15:37:26,846 - INFO - Best objective 3.000000143000e+10, best bound 1.321419628292e+03, gap 100.0000%
