2025-02-11 21:56:09,927 - INFO - 	count	z_opt	time_spp	time_lp	time_total	ncols	nrows	time_spp_low_res	n_cols_low_res
2025-02-11 21:56:11,022 - INFO - 	1	2720000000007.0	0	0.00017380714416503906	1.094512939453125	283	533	0.9599404335021973	3
2025-02-11 21:56:11,915 - INFO - 	2	2640000000021.0	0	0.00044083595275878906	1.9872820377349854	286	533	1.7338685989379883	6
2025-02-11 21:56:12,796 - INFO - 	3	2640000000021.0	0	0.0006961822509765625	2.8683390617370605	289	533	2.4984116554260254	9
2025-02-11 21:56:13,733 - INFO - 	4	2580000000026.0	0	0.0009701251983642578	3.8049800395965576	292	533	3.319777727127075	12
2025-02-11 21:56:14,608 - INFO - 	5	2580000000026.0	0	0.0012612342834472656	4.680278062820435	295	533	4.0815346240997314	15
2025-02-11 21:56:15,476 - INFO - 	6	2460000000037.0	0	0.0014302730560302734	5.547817945480347	298	533	4.835343360900879	18
2025-02-11 21:56:16,355 - INFO - 	7	2460000000037.0	0	0.0017082691192626953	6.427006959915161	301	533	5.600407123565674	21
2025-02-11 21:56:17,294 - INFO - 	8	2460000000037.0	0	0.001974344253540039	7.365439176559448	304	533	6.421321630477905	24
2025-02-11 21:56:18,152 - INFO - 	9	2455000000039.0	0	0.002302408218383789	8.2239990234375	307	533	7.165213584899902	27
2025-02-11 21:56:19,053 - INFO - 	10	2455000000039.0	0	0.0026214122772216797	9.124608039855957	310	533	7.949709415435791	30
2025-02-11 21:56:20,031 - INFO - 	11	2400000000044.0	0	0.0029163360595703125	10.102395057678223	313	533	8.811935186386108	33
2025-02-11 21:56:20,919 - INFO - 	12	2340000000057.0	0	0.003192424774169922	10.989906072616577	316	533	9.582895278930664	36
2025-02-11 21:56:21,810 - INFO - 	13	2330000000067.0	0	0.003497600555419922	11.88071584701538	319	533	10.359034776687622	39
2025-02-11 21:56:22,685 - INFO - 	14	2280000000067.0	0	0.003818511962890625	12.755725860595703	322	533	11.11959958076477	42
2025-02-11 21:56:23,569 - INFO - 	15	2260000000069.5	0	0.004164457321166992	13.639536619186401	325	533	11.890456914901733	45
2025-02-11 21:56:24,405 - INFO - 	16	2260000000069.5	0	0.0044765472412109375	14.476350784301758	328	533	12.614672660827637	48
2025-02-11 21:56:25,265 - INFO - 	17	2180000000093.0	0	0.004781484603881836	15.336015939712524	331	533	13.358391761779785	51
2025-02-11 21:56:26,109 - INFO - 	18	2180000000093.0	0	0.005126476287841797	16.17981195449829	334	533	14.087336301803589	54
2025-02-11 21:56:26,936 - INFO - 	19	2180000000084.6667	0	0.005644559860229492	17.0064799785614	337	533	14.800668239593506	57
2025-02-11 21:56:27,834 - INFO - 	20	2180000000084.0	0	0.0060117244720458984	17.904011726379395	340	533	15.585872173309326	60
2025-02-11 21:56:28,664 - INFO - 	21	2130000000096.0	0	0.006318569183349609	18.733811855316162	343	533	16.303777933120728	63
2025-02-11 21:56:29,477 - INFO - 	22	2090000000096.0	0	0.006659507751464844	19.546931743621826	346	533	17.0056734085083	66
2025-02-11 21:56:30,369 - INFO - 	23	2083333333429.3328	0	0.006974458694458008	20.43901562690735	349	533	17.783705234527588	69
2025-02-11 21:56:31,227 - INFO - 	24	2060000000101.75	0	0.007344484329223633	21.29723358154297	352	533	18.529804229736328	72
2025-02-11 21:56:32,067 - INFO - 	25	2060000000101.75	0	0.00774836540222168	22.136265754699707	355	533	19.254919290542603	75
2025-02-11 21:56:32,892 - INFO - 	26	2060000000101.75	0	0.008098363876342773	22.96127462387085	358	533	19.967732429504395	78
2025-02-11 21:56:33,784 - INFO - 	27	2060000000101.75	0	0.008597135543823242	23.85307741165161	361	533	20.747028350830078	81
2025-02-11 21:56:34,617 - INFO - 	28	2040000000105.25	0	0.008990049362182617	24.686960458755493	364	533	21.46883201599121	84
2025-02-11 21:56:35,456 - INFO - 	29	2030000000107.4165	0	0.009546041488647461	25.525227308273315	367	533	22.194424629211426	87
2025-02-11 21:56:36,355 - INFO - 	30	2030000000107.1816	0	0.01016092300415039	26.424355030059814	370	533	22.981114387512207	90
2025-02-11 21:56:37,197 - INFO - 	31	2030000000107.0625	0	0.010649919509887695	27.26587414741516	373	533	23.709280729293823	93
2025-02-11 21:56:38,083 - INFO - 	32	2000000000118.0	0	0.011066913604736328	28.151772260665894	376	533	24.44137477874756	96
2025-02-11 21:56:38,923 - INFO - 	33	1990000000116.9995	0	0.011718034744262695	28.99221920967102	379	533	25.168111562728882	99
2025-02-11 21:56:39,754 - INFO - 	34	1965000000122.5	0	0.012330055236816406	29.823108196258545	382	533	25.88466739654541	102
2025-02-11 21:56:40,659 - INFO - 	35	1965000000122.5	0	0.012980937957763672	30.72736620903015	385	533	26.675661325454712	105
2025-02-11 21:56:41,487 - INFO - 	36	1960000000125.5	0	0.013691186904907227	31.555604934692383	388	533	27.390859365463257	108
2025-02-11 21:56:42,317 - INFO - 	37	1960000000125.5	0	0.013889312744140625	32.385104179382324	391	533	28.10755467414856	111
2025-02-11 21:56:43,142 - INFO - 	38	1934285714422.9995	0	0.01451730728149414	33.21082305908203	394	533	28.820055961608887	114
2025-02-11 21:56:43,970 - INFO - 	39	1926666666807.666	0	0.015493154525756836	34.03823184967041	397	533	29.534132957458496	117
2025-02-11 21:56:44,794 - INFO - 	40	1885555555706.5557	0	0.016481399536132812	34.86273169517517	400	533	30.245118618011475	120
2025-02-11 21:56:45,634 - INFO - 	41	1870714285867.286	0	0.01733851432800293	35.70231866836548	403	533	30.9719455242157	123
2025-02-11 21:56:46,556 - INFO - 	42	1862857143013.4287	0	0.018447399139404297	36.624289989471436	406	533	31.778645753860474	126
2025-02-11 21:56:47,369 - INFO - 	43	1837142857312.5715	0	0.01944446563720703	37.43731498718262	409	533	32.477489709854126	129
2025-02-11 21:56:48,182 - INFO - 	44	1800000000178.0	0	0.0200502872467041	38.25011396408081	412	533	33.17776703834534	132
2025-02-11 21:56:48,996 - INFO - 	45	1794166666843.0002	0	0.021120071411132812	39.063416957855225	415	533	33.87811803817749	135
2025-02-11 21:56:49,872 - INFO - 	46	1780952381129.2383	0	0.022018909454345703	39.93947410583496	418	533	34.641725063323975	138
2025-02-11 21:56:50,684 - INFO - 	47	1779729729905.0806	0	0.02258014678955078	40.75132131576538	421	533	35.338804721832275	141
2025-02-11 21:56:51,497 - INFO - 	48	1768709677594.807	0	0.02353644371032715	41.564030170440674	424	533	36.03874969482422	144
2025-02-11 21:56:52,306 - INFO - 	49	1750000000184.375	0	0.024370193481445312	42.373379945755005	427	533	36.7351348400116	147
2025-02-11 21:56:53,176 - INFO - 	50	1730000000189.2104	0	0.025165319442749023	43.243382930755615	430	533	37.49254393577576	150
2025-02-11 21:56:53,988 - INFO - 	51	1725000000196.0	0	0.025719404220581055	44.055140018463135	433	533	38.192359924316406	153
2025-02-11 21:56:54,802 - INFO - 	52	1725000000196.0	0	0.026343345642089844	44.868760108947754	436	533	38.89378547668457	156
2025-02-11 21:56:55,701 - INFO - 	53	1707500000208.0	0	0.026833295822143555	45.76777744293213	439	533	39.68033170700073	159
2025-02-11 21:56:56,531 - INFO - 	54	1685000000209.0	0	0.027266502380371094	46.59803557395935	442	533	40.39870262145996	162
2025-02-11 21:56:57,351 - INFO - 	55	1685000000209.0	0	0.027500391006469727	47.41740369796753	445	533	41.10582947731018	165
2025-02-11 21:56:58,167 - INFO - 	56	1685000000209.0	0	0.027721405029296875	48.23367786407471	448	533	41.80967140197754	168
2025-02-11 21:56:59,049 - INFO - 	57	1685000000209.0	0	0.02845025062561035	49.11547803878784	451	533	42.579298973083496	171
2025-02-11 21:56:59,871 - INFO - 	58	1665714285923.2854	0	0.029265403747558594	49.935832262039185	454	533	43.287346601486206	174
2025-02-11 21:57:00,696 - INFO - 	59	1664166666875.0005	0	0.0301053524017334	50.76141810417175	457	533	44.000303745269775	177
2025-02-11 21:57:01,533 - INFO - 	60	1655000000214.1663	0	0.03081822395324707	51.59771203994751	460	533	44.722994565963745	180
2025-02-11 21:57:02,350 - INFO - 	61	1655000000212.4998	0	0.03131604194641113	52.41420793533325	463	533	45.42496395111084	183
2025-02-11 21:57:03,231 - INFO - 	62	1646666666882.8335	0	0.032048940658569336	53.29505205154419	466	533	46.193439960479736	186
2025-02-11 21:57:04,049 - INFO - 	63	1608333333556.3337	0	0.03255772590637207	54.1137490272522	469	533	46.89991283416748	189
2025-02-11 21:57:04,862 - INFO - 	64	1592000000228.2	0	0.033423423767089844	54.926093101501465	472	533	47.59995722770691	192
2025-02-11 21:57:05,673 - INFO - 	65	1556470588476.7046	0	0.03468132019042969	55.736851930618286	475	533	48.297818422317505	195
2025-02-11 21:57:06,536 - INFO - 	66	1556470588476.7046	0	0.035361289978027344	56.59982085227966	478	533	49.04927062988281	198
2025-02-11 21:57:07,329 - INFO - 	67	1556470588476.7046	0	0.03645753860473633	57.393046855926514	481	533	49.73005986213684	201
2025-02-11 21:57:08,134 - INFO - 	68	1547243346252.7712	0	0.03803443908691406	58.19824409484863	484	533	50.42235827445984	204
2025-02-11 21:57:08,937 - INFO - 	69	1544797297543.6084	0	0.03955435752868652	59.000953912734985	487	533	51.112345457077026	207
2025-02-11 21:57:09,793 - INFO - 	70	1517405405659.8083	0	0.041245222091674805	59.85715866088867	490	533	51.85525178909302	210
2025-02-11 21:57:10,593 - INFO - 	71	1497500000260.6072	0	0.04372811317443848	60.65609788894653	493	533	52.538079023361206	213
2025-02-11 21:57:11,405 - INFO - 	72	1469285714550.8572	0	0.0454411506652832	61.46802806854248	496	533	53.236154317855835	216
2025-02-11 21:57:12,198 - INFO - 	73	1457636363906.1633	0	0.04734206199645996	62.26148009300232	499	533	53.9160475730896	219
2025-02-11 21:57:13,073 - INFO - 	74	1410000000289.0	0	0.048198699951171875	63.13554906845093	502	533	54.67807579040527	222
2025-02-11 21:57:13,948 - INFO - 	75	1410000000289.0	0	0.0504307746887207	64.01072406768799	505	533	55.44006872177124	225
2025-02-11 21:57:14,760 - INFO - 	76	1395000000289.5	0	0.05237388610839844	64.8227322101593	508	533	56.13826775550842	228
2025-02-11 21:57:15,551 - INFO - 	77	1395000000289.5	0	0.0533900260925293	65.61332821846008	511	533	56.81696581840515	231
2025-02-11 21:57:16,433 - INFO - 	78	1395000000289.5	0	0.05424308776855469	66.49531316757202	514	533	57.58712673187256	234
2025-02-11 21:57:17,255 - INFO - 	79	1395000000289.5	0	0.05608630180358887	67.31797909736633	517	533	58.29710793495178	237
2025-02-11 21:57:18,061 - INFO - 	80	1395000000289.5	0	0.05669212341308594	68.12303018569946	520	533	58.984766244888306	240
2025-02-11 21:57:18,874 - INFO - 	81	1388750000285.875	0	0.05762505531311035	68.93651127815247	523	533	59.68485236167908	243
2025-02-11 21:57:19,658 - INFO - 	82	1372222222517.0007	0	0.05959272384643555	69.72039532661438	526	533	60.35611391067505	246
2025-02-11 21:57:20,452 - INFO - 	83	1360000000295.5	0	0.060605764389038086	70.51363229751587	529	533	61.03815817832947	249
2025-02-11 21:57:21,314 - INFO - 	84	1360000000295.5	0	0.06275010108947754	71.37587928771973	532	533	61.78750801086426	252
2025-02-11 21:57:22,112 - INFO - 	85	1360000000295.5	0	0.06452178955078125	72.17403435707092	535	533	62.4738290309906	255
2025-02-11 21:57:22,893 - INFO - 	86	1341578947678.1313	0	0.06665873527526855	72.95509338378906	538	533	63.14256477355957	258
2025-02-11 21:57:23,771 - INFO - 	87	1329200000318.74	0	0.06831479072570801	73.83241629600525	541	533	63.908573627471924	261
2025-02-11 21:57:24,551 - INFO - 	88	1300000000332.0	0	0.0702676773071289	74.61278438568115	544	533	64.57649636268616	264
2025-02-11 21:57:25,354 - INFO - 	89	1300000000332.0	0	0.0737159252166748	75.41545057296753	547	533	65.26456046104431	267
2025-02-11 21:57:26,145 - INFO - 	90	1285000000334.5	0	0.07520604133605957	76.20606541633606	550	533	65.94347167015076	270
2025-02-11 21:57:26,945 - INFO - 	91	1256666667008.333	0	0.07857012748718262	77.00645446777344	553	533	66.63042140007019	273
2025-02-11 21:57:27,759 - INFO - 	92	1255000000342.3333	0	0.07991528511047363	77.82032251358032	556	533	67.3325583934784	276
2025-02-11 21:57:28,556 - INFO - 	93	1246666667010.9995	0	0.08116340637207031	78.61735939979553	559	533	68.01839303970337	279
2025-02-11 21:57:29,403 - INFO - 	94	1246666667010.9995	0	0.08205366134643555	79.46360230445862	562	533	68.75340604782104	282
2025-02-11 21:57:30,194 - INFO - 	95	1246666667010.9995	0	0.08326172828674316	80.25523018836975	565	533	69.43322777748108	285
2025-02-11 21:57:30,968 - INFO - 	96	1228210526666.1995	0	0.08546662330627441	81.02846932411194	568	533	70.09377598762512	288
2025-02-11 21:57:31,804 - INFO - 	97	1225125000352.175	0	0.08819866180419922	81.86502432823181	571	533	70.81786298751831	291
2025-02-11 21:57:32,580 - INFO - 	98	1217278350875.0103	0	0.09007787704467773	82.64084148406982	574	533	71.48166704177856	294
2025-02-11 21:57:33,363 - INFO - 	99	1201185095051.0688	0	0.09150481224060059	83.42390942573547	577	533	72.15370988845825	297
2025-02-11 21:57:34,118 - INFO - 	100	1182352231978.2344	0	0.09784483909606934	84.17861461639404	580	533	72.7922248840332	300
2025-02-11 21:57:34,889 - INFO - 	101	1162685185568.7866	0	0.1019437313079834	84.94954252243042	583	533	73.44871020317078	303
2025-02-11 21:57:35,714 - INFO - 	102	1133082707163.4958	0	0.10484480857849121	85.77428865432739	586	533	74.16047286987305	306
2025-02-11 21:57:36,475 - INFO - 	103	1124400000397.8801	0	0.1084737777709961	86.53552150726318	589	533	74.8083164691925	309
2025-02-11 21:57:37,260 - INFO - 	104	1109486301771.8315	0	0.1115877628326416	87.32007837295532	592	533	75.48007369041443	312
2025-02-11 21:57:38,089 - INFO - 	105	1102492492899.2402	0	0.11590981483459473	88.14889931678772	595	533	76.19472074508667	315
2025-02-11 21:57:38,864 - INFO - 	106	1089198113614.8866	0	0.11970877647399902	88.92391443252563	598	533	76.85633683204651	318
2025-02-11 21:57:39,618 - INFO - 	107	1079355888506.7374	0	0.12435173988342285	89.67810726165771	601	533	77.49627470970154	321
2025-02-11 21:57:40,378 - INFO - 	108	1070255319565.7319	0	0.12761759757995605	90.43776416778564	604	533	78.1428325176239	324
2025-02-11 21:57:41,149 - INFO - 	109	1066592593012.4406	0	0.13114070892333984	91.20819997787476	607	533	78.80017828941345	327
2025-02-11 21:57:41,910 - INFO - 	110	1062820144309.4336	0	0.13471150398254395	91.96930599212646	610	533	79.4477334022522	330
2025-02-11 21:57:42,732 - INFO - 	111	1041553515547.1271	0	0.13707733154296875	92.790944814682	613	533	80.15705943107605	333
2025-02-11 21:57:43,506 - INFO - 	112	1007500000445.7628	0	0.1405034065246582	93.56547498703003	616	533	80.81870651245117	336
2025-02-11 21:57:44,293 - INFO - 	113	1000000000446.75	0	0.14240050315856934	94.35254216194153	619	533	81.49394345283508	339
2025-02-11 21:57:45,077 - INFO - 	114	992016807170.6011	0	0.14449763298034668	95.13632702827454	622	533	82.16558265686035	342
2025-02-11 21:57:45,913 - INFO - 	115	989336510714.8816	0	0.14977669715881348	95.97206091880798	625	533	82.8860867023468	345
2025-02-11 21:57:46,686 - INFO - 	116	989302949513.1182	0	0.15347552299499512	96.74526309967041	628	533	83.5458836555481	348
2025-02-11 21:57:47,475 - INFO - 	117	979042612514.5612	0	0.15849947929382324	97.53400230407715	631	533	84.21958065032959	351
2025-02-11 21:57:48,230 - INFO - 	118	977934745923.565	0	0.16322040557861328	98.28841614723206	634	533	84.85998439788818	354
2025-02-11 21:57:48,987 - INFO - 	119	977934745923.5648	0	0.16748332977294922	99.04529428482056	637	533	85.50296068191528	357
2025-02-11 21:57:49,802 - INFO - 	120	949480182397.8579	0	0.171403169631958	99.86096334457397	640	533	86.2048876285553	360
2025-02-11 21:57:50,560 - INFO - 	121	939646359009.0457	0	0.17689132690429688	100.61838722229004	643	533	86.84651756286621	363
2025-02-11 21:57:51,323 - INFO - 	122	935445829806.7101	0	0.18023300170898438	101.38088130950928	646	533	87.4955267906189	366
2025-02-11 21:57:52,075 - INFO - 	123	931068287025.502	0	0.18431425094604492	102.13292264938354	649	533	88.13331961631775	369
2025-02-11 21:57:52,825 - INFO - 	124	920436847582.9467	0	0.18611550331115723	102.88332843780518	652	533	88.77217698097229	372
2025-02-11 21:57:53,589 - INFO - 	125	910965352666.1786	0	0.1877884864807129	103.64715147018433	655	533	89.4244635105133	375
2025-02-11 21:57:54,412 - INFO - 	126	903152311685.0378	0	0.1947646141052246	104.47037434577942	658	533	90.13073086738586	378
2025-02-11 21:57:55,164 - INFO - 	127	901271341958.859	0	0.2004845142364502	105.22164344787598	661	533	90.76607537269592	381
2025-02-11 21:57:55,923 - INFO - 	128	896987435886.6678	0	0.20566272735595703	105.9803032875061	664	533	91.40975737571716	384
2025-02-11 21:57:56,694 - INFO - 	129	892158439076.9658	0	0.2108607292175293	106.75140237808228	667	533	92.06517386436462	387
2025-02-11 21:57:57,519 - INFO - 	130	891411358173.2317	0	0.2171647548675537	107.57635641098022	670	533	92.77468204498291	390
2025-02-11 21:57:58,279 - INFO - 	131	887506221392.9097	0	0.22380876541137695	108.3368022441864	673	533	93.41876602172852	393
2025-02-11 21:57:59,042 - INFO - 	132	884204941236.4792	0	0.22879576683044434	109.09919500350952	676	533	94.06652498245239	396
2025-02-11 21:57:59,854 - INFO - 	133	879983539059.9708	0	0.23328351974487305	109.91117191314697	679	533	94.76442337036133	399
2025-02-11 21:58:00,590 - INFO - 	134	876545747471.866	0	0.23725366592407227	110.6467170715332	682	533	95.38661241531372	402
2025-02-11 21:58:01,356 - INFO - 	135	873061073003.0828	0	0.24455547332763672	111.4131178855896	685	533	96.03631472587585	405
2025-02-11 21:58:02,090 - INFO - 	136	868078635926.9197	0	0.24814534187316895	112.14672803878784	688	533	96.6571216583252	408
2025-02-11 21:58:02,826 - INFO - 	137	866294004172.7631	0	0.25334811210632324	112.88294506072998	691	533	97.27777147293091	411
2025-02-11 21:58:03,559 - INFO - 	138	854541702058.9124	0	0.26004934310913086	113.61605405807495	694	533	97.8947982788086	414
2025-02-11 21:58:04,381 - INFO - 	139	846697681829.4633	0	0.26256418228149414	114.43802690505981	697	533	98.60461759567261	417
2025-02-11 21:58:05,126 - INFO - 	140	844554709168.1206	0	0.26987528800964355	115.18280291557312	700	533	99.23169565200806	420
2025-02-11 21:58:05,872 - INFO - 	141	840952763755.7572	0	0.2733023166656494	115.92857599258423	703	533	99.86384868621826	423
2025-02-11 21:58:06,606 - INFO - 	142	816834310939.8146	0	0.27875328063964844	116.66214609146118	706	533	100.48141193389893	426
2025-02-11 21:58:07,395 - INFO - 	143	812184356938.4595	0	0.28879499435424805	117.45090103149414	709	533	101.14955258369446	429
2025-02-11 21:58:08,244 - INFO - 	144	807799085957.3334	0	0.2941422462463379	118.30000519752502	712	533	101.88330340385437	432
2025-02-11 21:58:09,000 - INFO - 	145	798821898359.2281	0	0.3048884868621826	119.05594801902771	715	533	102.51739358901978	435
2025-02-11 21:58:09,778 - INFO - 	146	777726916593.9873	0	0.3078312873840332	119.83378314971924	718	533	103.1819953918457	438
2025-02-11 21:58:10,537 - INFO - 	147	763532858165.2649	0	0.3152163028717041	120.5925440788269	721	533	103.81679320335388	441
2025-02-11 21:58:11,295 - INFO - 	148	758412515057.0717	0	0.32399845123291016	121.35125422477722	724	533	104.45652604103088	444
2025-02-11 21:58:12,054 - INFO - 	149	746851228315.5228	0	0.32823848724365234	122.10987329483032	727	533	105.10098433494568	447
2025-02-11 21:58:12,828 - INFO - 	150	733002636335.6022	0	0.3383975028991699	122.88330316543579	730	533	105.75421833992004	450
2025-02-11 21:58:13,642 - INFO - 	151	731290094739.135	0	0.34107542037963867	123.6973979473114	733	533	106.45530533790588	453
2025-02-11 21:58:14,436 - INFO - 	152	726812390921.042	0	0.3497276306152344	124.4914379119873	736	533	107.13080763816833	456
2025-02-11 21:58:15,202 - INFO - 	153	726812390921.042	0	0.3538937568664551	125.25697588920593	739	533	107.78189301490784	459
2025-02-11 21:58:15,967 - INFO - 	154	714019296983.598	0	0.35938453674316406	126.02272486686707	742	533	108.4325590133667	462
2025-02-11 21:58:16,824 - INFO - 	155	697709286654.8693	0	0.3669455051422119	126.87916469573975	745	533	109.17116045951843	465
2025-02-11 21:58:17,590 - INFO - 	156	686005150500.2814	0	0.37197256088256836	127.64542770385742	748	533	109.82229852676392	468
2025-02-11 21:58:18,354 - INFO - 	157	663079239226.3224	0	0.3784523010253906	128.40855288505554	751	533	110.46824669837952	471
2025-02-11 21:58:19,123 - INFO - 	158	648847103600.1914	0	0.38161659240722656	129.17766499519348	754	533	111.12436985969543	474
2025-02-11 21:58:19,894 - INFO - 	159	629785091590.914	0	0.3902106285095215	129.9491708278656	757	533	111.77708411216736	477
2025-02-11 21:58:20,663 - INFO - 	160	616469776990.0161	0	0.4030327796936035	130.717200756073	760	533	112.42278409004211	480
2025-02-11 21:58:21,464 - INFO - 	161	613169651592.2054	0	0.40828490257263184	131.51836895942688	763	533	113.10859823226929	483
2025-02-11 21:58:22,209 - INFO - 	162	606562500649.0803	0	0.41852498054504395	132.26389026641846	766	533	113.73435020446777	486
2025-02-11 21:58:22,985 - INFO - 	163	601840917780.8076	0	0.4332702159881592	133.03884720802307	769	533	114.38426280021667	489
2025-02-11 21:58:23,823 - INFO - 	164	595818912641.969	0	0.4414043426513672	133.8768081665039	772	533	115.10408115386963	492
2025-02-11 21:58:24,600 - INFO - 	165	592710692375.9727	0	0.4547152519226074	134.65379333496094	775	533	115.75826621055603	495
2025-02-11 21:58:25,367 - INFO - 	166	590578255002.6577	0	0.45957303047180176	135.42056035995483	778	533	116.41055154800415	498
2025-02-11 21:58:26,112 - INFO - 	167	588519363876.4719	0	0.46872591972351074	136.1656415462494	781	533	117.03695273399353	501
2025-02-11 21:58:26,840 - INFO - 	168	585054251863.4966	0	0.47660112380981445	136.89347648620605	784	533	117.64724373817444	504
2025-02-11 21:58:27,574 - INFO - 	169	578938542264.5216	0	0.4906020164489746	137.6273455619812	787	533	118.25714063644409	507
2025-02-11 21:58:28,313 - INFO - 	170	571046737180.3757	0	0.5037188529968262	138.3664846420288	790	533	118.87358164787292	510
2025-02-11 21:58:29,032 - INFO - 	171	562132937116.7084	0	0.5174479484558105	139.08607077598572	793	533	119.46982884407043	513
2025-02-11 21:58:29,839 - INFO - 	172	557671876064.6116	0	0.530048131942749	139.89281272888184	796	533	120.15409994125366	516
2025-02-11 21:58:30,612 - INFO - 	173	554509923213.7264	0	0.5398762226104736	140.66522192955017	799	533	120.80701279640198	519
2025-02-11 21:58:31,357 - INFO - 	174	545959199869.93365	0	0.5548322200775146	141.41062784194946	802	533	121.42808389663696	522
2025-02-11 21:58:32,104 - INFO - 	175	533884846563.97235	0	0.5644023418426514	142.15672993659973	805	533	122.05454158782959	525
2025-02-11 21:58:32,906 - INFO - 	176	523022668264.8288	0	0.5744233131408691	142.95953273773193	808	533	122.7369430065155	528
2025-02-11 21:58:33,670 - INFO - 	177	509263979290.10626	0	0.5877604484558105	143.72312355041504	811	533	123.3776535987854	531
2025-02-11 21:58:34,447 - INFO - 	178	501943465921.047	0	0.600672721862793	144.50035452842712	814	533	124.03270053863525	534
2025-02-11 21:58:35,217 - INFO - 	179	496971343723.89856	0	0.6113789081573486	145.26950860023499	817	533	124.68144464492798	537
2025-02-11 21:58:35,988 - INFO - 	180	489708989244.2402	0	0.6257960796356201	146.0403814315796	820	533	125.32811880111694	540
2025-02-11 21:58:36,739 - INFO - 	181	485642922151.5956	0	0.6361768245697021	146.79141426086426	823	533	125.958811044693	543
2025-02-11 21:58:37,565 - INFO - 	182	481930287773.72675	0	0.640974760055542	147.61756229400635	826	533	126.67050814628601	546
2025-02-11 21:58:38,293 - INFO - 	183	478676702054.59106	0	0.644256591796875	148.3454303741455	829	533	127.28545117378235	549
2025-02-11 21:58:39,034 - INFO - 	184	472283568937.6793	0	0.6557486057281494	149.08648133277893	832	533	127.90486097335815	552
2025-02-11 21:58:39,795 - INFO - 	185	469167258085.4264	0	0.6702046394348145	149.84674835205078	835	533	128.54078483581543	555
2025-02-11 21:58:40,564 - INFO - 	186	466618838154.4783	0	0.6853585243225098	150.6163845062256	838	533	129.1856870651245	558
2025-02-11 21:58:41,344 - INFO - 	187	464017961120.5569	0	0.6945862770080566	151.39572930335999	841	533	129.84640407562256	561
2025-02-11 21:58:42,071 - INFO - 	188	462509043542.83417	0	0.7024281024932861	152.1229271888733	844	533	130.45643997192383	564
2025-02-11 21:58:42,869 - INFO - 	189	456924697654.01917	0	0.7148160934448242	152.92135095596313	847	533	131.13288283348083	567
2025-02-11 21:58:43,599 - INFO - 	190	452785703755.9065	0	0.7243881225585938	153.6511287689209	850	533	131.74360013008118	570
2025-02-11 21:58:44,344 - INFO - 	191	442889912350.4568	0	0.7487583160400391	154.39570903778076	853	533	132.35431718826294	573
2025-02-11 21:58:45,080 - INFO - 	192	439140959281.72687	0	0.7605752944946289	155.13202619552612	856	533	132.96936416625977	576
2025-02-11 21:58:45,819 - INFO - 	193	434960117815.8748	0	0.774773120880127	155.8703212738037	859	533	133.58372044563293	579
2025-02-11 21:58:46,611 - INFO - 	194	426385405401.72186	0	0.7857093811035156	156.66225934028625	862	533	134.2550756931305	582
2025-02-11 21:58:47,348 - INFO - 	195	421778693100.39825	0	0.8043062686920166	157.39927744865417	865	533	134.86351799964905	585
2025-02-11 21:58:48,058 - INFO - 	196	414897457875.32886	0	0.8159053325653076	158.10918927192688	868	533	135.45229983329773	588
2025-02-11 21:58:48,767 - INFO - 	197	408273930452.84155	0	0.8301506042480469	158.81761717796326	871	533	136.03697752952576	591
2025-02-11 21:58:49,513 - INFO - 	198	402671158277.8382	0	0.8481764793395996	159.56440496444702	874	533	136.65618538856506	594
2025-02-11 21:58:50,265 - INFO - 	199	400713546418.72327	0	0.8654241561889648	160.31572222709656	877	533	137.2804877758026	597
2025-02-11 21:58:51,080 - INFO - 	200	394702134080.7845	0	0.8750522136688232	161.13075423240662	880	533	137.9761106967926	600
2025-02-11 21:58:51,843 - INFO - 	201	390305850019.0613	0	0.8883984088897705	161.89369106292725	883	533	138.6159965991974	603
2025-02-11 21:58:52,599 - INFO - 	202	381406344153.35834	0	0.9003665447235107	162.6491072177887	886	533	139.24995946884155	606
2025-02-11 21:58:53,328 - INFO - 	203	375739003764.0221	0	0.9055657386779785	163.37850213050842	889	533	139.86482071876526	609
2025-02-11 21:58:54,060 - INFO - 	204	370821278480.2677	0	0.9211056232452393	164.11010718345642	892	533	140.4711434841156	612
2025-02-11 21:58:54,857 - INFO - 	205	364449272158.544	0	0.9404466152191162	164.90703797340393	895	533	141.13913869857788	615
2025-02-11 21:58:55,592 - INFO - 	206	360285521726.0505	0	0.9556255340576172	165.64235496520996	898	533	141.74955940246582	618
2025-02-11 21:58:56,326 - INFO - 	207	359888117803.2354	0	0.9710195064544678	166.3763701915741	901	533	142.35860395431519	621
2025-02-11 21:58:57,054 - INFO - 	208	356240705916.8487	0	0.9827713966369629	167.10413908958435	904	533	142.9653251171112	624
2025-02-11 21:58:57,788 - INFO - 	209	353255079078.0388	0	0.9968852996826172	167.83762311935425	907	533	143.57444405555725	627
2025-02-11 21:58:58,531 - INFO - 	210	352726222404.7781	0	1.006500244140625	168.58088541030884	910	533	144.19841837882996	630
2025-02-11 21:58:59,274 - INFO - 	211	351407196111.051	0	1.0210680961608887	169.3238914012909	913	533	144.81608963012695	633
2025-02-11 21:59:00,083 - INFO - 	212	349293157150.31354	0	1.0360839366912842	170.13274240493774	916	533	145.50022625923157	636
2025-02-11 21:59:00,823 - INFO - 	213	348055127925.1346	0	1.0452969074249268	170.87238311767578	919	533	146.121080160141	639
2025-02-11 21:59:01,541 - INFO - 	214	337725421942.98816	0	1.0557770729064941	171.59050130844116	922	533	146.71875429153442	642
2025-02-11 21:59:02,259 - INFO - 	215	330638834986.5491	0	1.073171854019165	172.3083312511444	925	533	147.3097460269928	645
2025-02-11 21:59:02,979 - INFO - 	216	322747671250.84576	0	1.083317756652832	173.02787518501282	928	533	147.90925288200378	648
2025-02-11 21:59:03,685 - INFO - 	217	322747671250.8459	0	1.094510793685913	173.73400735855103	931	533	148.49411988258362	651
2025-02-11 21:59:04,458 - INFO - 	218	294828615753.10516	0	1.1071629524230957	174.50697326660156	934	533	149.14471793174744	654
2025-02-11 21:59:05,210 - INFO - 	219	285453084492.3974	0	1.127229928970337	175.25945329666138	937	533	149.7676808834076	657
2025-02-11 21:59:05,943 - INFO - 	220	280123645165.0777	0	1.1441609859466553	175.99157428741455	940	533	150.37309885025024	660
2025-02-11 21:59:06,673 - INFO - 	221	275506834186.91736	0	1.162121295928955	176.72155714035034	943	533	150.97488975524902	663
2025-02-11 21:59:07,406 - INFO - 	222	275346833934.3659	0	1.1739933490753174	177.45459628105164	946	533	151.58673858642578	666
2025-02-11 21:59:08,113 - INFO - 	223	268289757231.3021	0	1.1909832954406738	178.16175723075867	949	533	152.16697669029236	669
2025-02-11 21:59:08,840 - INFO - 	224	263790160411.31442	0	1.2118802070617676	178.88881754875183	952	533	152.7636535167694	672
2025-02-11 21:59:09,552 - INFO - 	225	257626480060.92273	0	1.2264964580535889	179.59997844696045	955	533	153.35075569152832	675
2025-02-11 21:59:10,335 - INFO - 	226	245974884744.6134	0	1.24595046043396	180.3829276561737	958	533	154.00479412078857	678
2025-02-11 21:59:11,065 - INFO - 	227	239327753097.56888	0	1.2686645984649658	181.11291456222534	961	533	154.60216879844666	681
2025-02-11 21:59:11,767 - INFO - 	228	239327753097.56888	0	1.2794873714447021	181.81478762626648	964	533	155.18364787101746	684
2025-02-11 21:59:12,471 - INFO - 	229	233687332977.61917	0	1.2974586486816406	182.51938390731812	967	533	155.76068305969238	687
2025-02-11 21:59:13,288 - INFO - 	230	232553732300.7788	0	1.3199045658111572	183.33572483062744	970	533	156.44525980949402	690
2025-02-11 21:59:14,020 - INFO - 	231	230169004564.44458	0	1.328920602798462	184.06787371635437	973	533	157.0585789680481	693
2025-02-11 21:59:14,763 - INFO - 	232	220180932102.69455	0	1.3457486629486084	184.81086564064026	976	533	157.67452836036682	696
2025-02-11 21:59:15,498 - INFO - 	233	210210495709.07263	0	1.3651835918426514	185.5454444885254	979	533	158.28015422821045	699
2025-02-11 21:59:16,235 - INFO - 	234	207799859431.76688	0	1.3827242851257324	186.2825357913971	982	533	158.89026427268982	702
2025-02-11 21:59:16,979 - INFO - 	235	202443955838.51462	0	1.3936901092529297	187.02614164352417	985	533	159.5130693912506	705
2025-02-11 21:59:17,726 - INFO - 	236	202443955838.51465	0	1.4101669788360596	187.77323484420776	988	533	160.13392448425293	708
2025-02-11 21:59:18,538 - INFO - 	237	194932979870.37262	0	1.4269890785217285	188.5852177143097	991	533	160.81974148750305	711
2025-02-11 21:59:19,292 - INFO - 	238	186687240034.0732	0	1.4530370235443115	189.33958864212036	994	533	161.43735718727112	714
2025-02-11 21:59:20,025 - INFO - 	239	181482087725.4631	0	1.4739108085632324	190.0716474056244	997	533	162.0389952659607	717
2025-02-11 21:59:20,761 - INFO - 	240	181481733298.27737	0	1.4908356666564941	190.80789947509766	1000	533	162.64853024482727	720
2025-02-11 21:59:21,506 - INFO - 	241	178316428522.92395	0	1.5120527744293213	191.5529305934906	1003	533	163.26246428489685	723
2025-02-11 21:59:22,237 - INFO - 	242	177713609288.42633	0	1.5414378643035889	192.28339648246765	1006	533	163.8542501926422	726
2025-02-11 21:59:23,000 - INFO - 	243	177592507962.40994	0	1.5545461177825928	193.0469365119934	1009	533	164.49399185180664	729
2025-02-11 21:59:23,734 - INFO - 	244	174304754873.28232	0	1.584475040435791	193.78080940246582	1012	533	165.08802390098572	732
2025-02-11 21:59:24,467 - INFO - 	245	164642408928.4659	0	1.6125719547271729	194.5130205154419	1015	533	165.68250489234924	735
2025-02-11 21:59:25,212 - INFO - 	246	161211708641.3481	0	1.6369190216064453	195.2584104537964	1018	533	166.29388308525085	738
2025-02-11 21:59:25,952 - INFO - 	247	161211708641.34805	0	1.6517627239227295	195.99775886535645	1021	533	166.9084062576294	741
2025-02-11 21:59:26,677 - INFO - 	248	159488360281.86545	0	1.656355619430542	196.72305488586426	1024	533	167.51938033103943	744
2025-02-11 21:59:27,481 - INFO - 	249	152803338003.67267	0	1.6814296245574951	197.52678394317627	1027	533	168.18849158287048	747
2025-02-11 21:59:28,228 - INFO - 	250	152558495527.05597	0	1.6993134021759033	198.2740797996521	1030	533	168.8082845211029	750
2025-02-11 21:59:28,972 - INFO - 	251	147342929840.4077	0	1.7170815467834473	199.01748776435852	1033	533	169.4244372844696	753
2025-02-11 21:59:29,686 - INFO - 	252	145141154320.65436	0	1.7450306415557861	199.73166275024414	1036	533	170.00126314163208	756
2025-02-11 21:59:30,403 - INFO - 	253	140033892000.32864	0	1.757542610168457	200.44910860061646	1039	533	170.59670686721802	759
2025-02-11 21:59:31,128 - INFO - 	254	136544559066.48071	0	1.768798589706421	201.17309975624084	1042	533	171.19944500923157	762
2025-02-11 21:59:31,821 - INFO - 	255	136544559066.48068	0	1.7905144691467285	201.86672949790955	1045	533	171.76178002357483	765
2025-02-11 21:59:32,582 - INFO - 	256	135917328824.77559	0	1.8126535415649414	202.62689447402954	1048	533	172.39025735855103	768
2025-02-11 21:59:33,292 - INFO - 	257	132793383474.00073	0	1.8397386074066162	203.33754777908325	1051	533	172.96419763565063	771
2025-02-11 21:59:34,033 - INFO - 	258	132042176327.24573	0	1.8603596687316895	204.07864999771118	1054	533	173.5746304988861	774
2025-02-11 21:59:34,748 - INFO - 	259	126644074894.09903	0	1.8818345069885254	204.79344606399536	1057	533	174.15796637535095	777
2025-02-11 21:59:35,532 - INFO - 	260	124473329583.29599	0	1.9077794551849365	205.5772831439972	1060	533	174.8063793182373	780
2025-02-11 21:59:36,260 - INFO - 	261	122352424978.67178	0	1.9284584522247314	206.30463409423828	1063	533	175.40324664115906	783
2025-02-11 21:59:36,982 - INFO - 	262	120468277595.24364	0	1.9433913230895996	207.0265121459961	1066	533	176.0003604888916	786
2025-02-11 21:59:37,690 - INFO - 	263	116386822078.44142	0	1.962092399597168	207.73435616493225	1069	533	176.57972741127014	789
2025-02-11 21:59:38,390 - INFO - 	264	114762001785.10117	0	1.9743573665618896	208.43476390838623	1072	533	177.15785455703735	792
2025-02-11 21:59:39,182 - INFO - 	265	112796825495.57219	0	1.9938292503356934	209.2268190383911	1075	533	177.82072138786316	795
2025-02-11 21:59:39,897 - INFO - 	266	112633435263.68362	0	2.012296438217163	209.94132018089294	1078	533	178.4069573879242	798
2025-02-11 21:59:40,622 - INFO - 	267	110734992492.98846	0	2.0339834690093994	210.666081905365	1081	533	179.00012755393982	801
2025-02-11 21:59:41,347 - INFO - 	268	110500680129.92053	0	2.044994354248047	211.390939950943	1084	533	179.60433983802795	804
2025-02-11 21:59:42,053 - INFO - 	269	110500680129.92052	0	2.0501315593719482	212.09687876701355	1087	533	180.1955976486206	807
2025-02-11 21:59:42,778 - INFO - 	270	104889617305.5682	0	2.0694615840911865	212.82155394554138	1090	533	180.79063320159912	810
2025-02-11 21:59:43,530 - INFO - 	271	102576533622.3892	0	2.094780683517456	213.57422184944153	1093	533	181.40824699401855	813
2025-02-11 21:59:44,267 - INFO - 	272	102571148899.50807	0	2.1087918281555176	214.3104498386383	1096	533	182.0207703113556	816
2025-02-11 21:59:45,079 - INFO - 	273	98470657370.67696	0	2.1403987407684326	215.12238693237305	1099	533	182.69073843955994	819
2025-02-11 21:59:45,855 - INFO - 	274	94994614117.7274	0	2.16280460357666	215.89863896369934	1102	533	183.33476781845093	822
2025-02-11 21:59:46,592 - INFO - 	275	93234284692.67511	0	2.187403678894043	216.63584184646606	1105	533	183.93716716766357	825
2025-02-11 21:59:47,340 - INFO - 	276	89751993868.06967	0	2.221261739730835	217.38389372825623	1108	533	184.541579246521	828
2025-02-11 21:59:48,102 - INFO - 	277	87371643187.19154	0	2.2482991218566895	218.14509868621826	1111	533	185.16582608222961	831
2025-02-11 21:59:48,911 - INFO - 	278	83696276657.80667	0	2.277243137359619	218.95413637161255	1114	533	185.83562088012695	834
2025-02-11 21:59:49,651 - INFO - 	279	73523326220.01692	0	2.298757791519165	219.6943302154541	1117	533	186.44440698623657	837
2025-02-11 21:59:50,381 - INFO - 	280	69329773937.15839	0	2.3245787620544434	220.42429947853088	1120	533	187.03835010528564	840
2025-02-11 21:59:51,141 - INFO - 	281	68414787066.80467	0	2.3551838397979736	221.18427658081055	1123	533	187.6574833393097	843
2025-02-11 21:59:51,886 - INFO - 	282	64572616758.93583	0	2.3853466510772705	221.92896962165833	1126	533	188.26180362701416	846
2025-02-11 21:59:52,691 - INFO - 	283	62443578617.57163	0	2.409801483154297	222.73424553871155	1129	533	188.93279457092285	849
2025-02-11 21:59:53,434 - INFO - 	284	60673888149.06573	0	2.438016414642334	223.47685050964355	1132	533	189.53720474243164	852
2025-02-11 21:59:54,161 - INFO - 	285	58523173453.4727	0	2.463569402694702	224.20324039459229	1135	533	190.12789344787598	855
2025-02-11 21:59:54,890 - INFO - 	286	55189397697.6688	0	2.48948335647583	224.93294620513916	1138	533	190.7217516899109	858
2025-02-11 21:59:55,625 - INFO - 	287	52680406720.28463	0	2.5156047344207764	225.66719603538513	1141	533	191.31986498832703	861
2025-02-11 21:59:56,383 - INFO - 	288	51405680525.4864	0	2.5207056999206543	226.42512798309326	1144	533	191.96328806877136	864
2025-02-11 21:59:57,089 - INFO - 	289	50621558601.70244	0	2.540559768676758	227.13128876686096	1147	533	192.53961515426636	867
2025-02-11 21:59:57,801 - INFO - 	290	47542390939.476036	0	2.5642359256744385	227.84310364723206	1150	533	193.11789393424988	870
2025-02-11 21:59:58,581 - INFO - 	291	41211144749.47086	0	2.600980758666992	228.62344670295715	1153	533	193.7517123222351	873
2025-02-11 21:59:59,317 - INFO - 	292	40626430562.99071	0	2.62842059135437	229.35910964012146	1156	533	194.3502974510193	876
2025-02-11 22:00:00,038 - INFO - 	293	38932319838.980316	0	2.6494624614715576	230.07975673675537	1159	533	194.93992280960083	879
2025-02-11 22:00:00,784 - INFO - 	294	35876567479.36552	0	2.679194688796997	230.82558870315552	1162	533	195.5457329750061	882
2025-02-11 22:00:01,510 - INFO - 	295	29619250875.818756	0	2.689319372177124	231.55196571350098	1165	533	196.15213203430176	885
2025-02-11 22:00:02,239 - INFO - 	296	25924251033.14084	0	2.722013235092163	232.28012466430664	1168	533	196.7381899356842	888
2025-02-11 22:00:03,043 - INFO - 	297	24750640204.538956	0	2.7477872371673584	233.08481335639954	1171	533	197.40690994262695	891
2025-02-11 22:00:03,726 - INFO - 	298	18587675512.53539	0	2.7532660961151123	233.76709127426147	1174	533	197.97388696670532	894
2025-02-11 22:00:04,455 - INFO - 	299	14933999262.418665	0	2.788774013519287	234.49591636657715	1177	533	198.55735206604004	897
2025-02-11 22:00:05,217 - INFO - 	300	12009776120.645664	0	2.8287289142608643	235.25814247131348	1180	533	199.16980504989624	900
2025-02-11 22:00:05,972 - INFO - 	301	12009776120.64566	0	2.8590941429138184	236.01305532455444	1183	533	199.7844681739807	903
2025-02-11 22:00:06,729 - INFO - 	302	11303159352.090673	0	2.8936641216278076	236.76984429359436	1186	533	200.39701342582703	906
2025-02-11 22:00:07,512 - INFO - 	303	10000001345.559381	0	2.91890811920166	237.55268335342407	1189	533	201.04499650001526	909
2025-02-11 22:00:08,328 - INFO - 	304	10000001323.908916	0	2.925624370574951	238.36898732185364	1192	533	201.7450954914093	912
2025-02-11 22:00:09,139 - INFO - 	305	10000001323.908916	0	2.9270541667938232	239.17914247512817	1195	533	202.44419717788696	915
2025-02-11 22:00:09,958 - INFO - 	306	10000001322.812422	0	2.930321216583252	239.99831867218018	1198	533	203.15025401115417	918
2025-02-11 22:00:10,777 - INFO - 	307	5517631279.184944	0	2.93662428855896	240.81769371032715	1201	533	203.8531391620636	921
2025-02-11 22:00:11,530 - INFO - 	308	2775303600.6445856	0	2.9470672607421875	241.57003593444824	1204	533	204.48530411720276	924
2025-02-11 22:00:12,236 - INFO - 	309	484581425.3786991	0	2.955531358718872	242.27658128738403	1207	533	205.07383036613464	927
2025-02-11 22:00:12,944 - INFO - 	310	1335.9688289492133	0	2.965702533721924	242.98400449752808	1210	533	205.6608271598816	930
2025-02-11 22:00:13,764 - INFO - 	311	1331.0919663576478	0	2.968695640563965	243.80450773239136	1213	533	206.36860990524292	933
2025-02-11 22:00:14,654 - INFO - 	312	1317.4456314083493	0	2.9753236770629883	244.69417667388916	1216	533	207.14187836647034	936
2025-02-11 22:00:15,472 - INFO - 	313	1300.7214785198307	0	2.9835026264190674	245.512131690979	1219	533	207.84161043167114	939
2025-02-11 22:00:16,294 - INFO - 	314	1287.7729217992496	0	2.9901936054229736	246.3336145877838	1222	533	208.54685592651367	942
2025-02-11 22:00:17,123 - INFO - 	315	1275.6980847235511	0	2.9955315589904785	247.1624026298523	1225	533	209.26068592071533	945
2025-02-11 22:00:17,949 - INFO - 	316	1264.2396657393726	0	3.003443479537964	247.98858857154846	1228	533	209.96935892105103	948
2025-02-11 22:00:18,783 - INFO - 	317	1259.1820192729422	0	3.011207342147827	248.82246136665344	1231	533	210.68513584136963	951
2025-02-11 22:00:19,677 - INFO - 	318	1243.1770582649303	0	3.017902135848999	249.7163233757019	1234	533	211.46246886253357	954
2025-02-11 22:00:20,500 - INFO - 	319	1234.529642570644	0	3.0240750312805176	250.53889060020447	1237	533	212.169175863266	957
2025-02-11 22:00:21,335 - INFO - 	320	1232.6520781445645	0	3.026823043823242	251.3738877773285	1240	533	212.89145612716675	960
2025-02-11 22:00:22,166 - INFO - 	321	1223.1324388272856	0	3.0341250896453857	252.2055525779724	1243	533	213.60602951049805	963
2025-02-11 22:00:23,067 - INFO - 	322	1220.8517086882225	0	3.0408661365509033	253.10549759864807	1246	533	214.38904523849487	966
2025-02-11 22:00:23,894 - INFO - 	323	1216.5192879845843	0	3.048927068710327	253.93302869796753	1249	533	215.09898209571838	969
2025-02-11 22:00:24,712 - INFO - 	324	1206.8781004302116	0	3.056215763092041	254.75128865242004	1252	533	215.80042171478271	972
2025-02-11 22:00:25,533 - INFO - 	325	1203.1880205288023	0	3.0618577003479004	255.57135462760925	1255	533	216.50504684448242	975
2025-02-11 22:00:26,346 - INFO - 	326	1198.876048792675	0	3.06697154045105	256.38500571250916	1258	533	217.20383095741272	978
2025-02-11 22:00:27,251 - INFO - 	327	1196.4767057053882	0	3.0718915462493896	257.2898828983307	1261	533	217.99393272399902	981
2025-02-11 22:00:28,087 - INFO - 	328	1189.3152668196176	0	3.0791683197021484	258.1251118183136	1264	533	218.71147632598877	984
2025-02-11 22:00:28,897 - INFO - 	329	1178.4890542775686	0	3.0856621265411377	258.9352316856384	1267	533	219.40522956848145	987
2025-02-11 22:00:29,717 - INFO - 	330	1171.8014326999794	0	3.092956304550171	259.75529766082764	1270	533	220.10841941833496	990
2025-02-11 22:00:30,539 - INFO - 	331	1167.3554251105625	0	3.09881329536438	260.5770287513733	1273	533	220.81485104560852	993
2025-02-11 22:00:31,425 - INFO - 	332	1164.3726753033648	0	3.104480266571045	261.462908744812	1276	533	221.58485889434814	996
2025-02-11 22:00:32,244 - INFO - 	333	1162.2079290341587	0	3.1112282276153564	262.2822959423065	1279	533	222.28803372383118	999
2025-02-11 22:00:33,072 - INFO - 	334	1158.4195011428417	0	3.1185171604156494	263.1096558570862	1282	533	222.99819684028625	1002
2025-02-11 22:00:33,963 - INFO - 	335	1158.3148321249123	0	3.1218841075897217	264.0005085468292	1285	533	223.77621698379517	1005
2025-02-11 22:00:34,800 - INFO - 	336	1155.71434853033	0	3.1281771659851074	264.83745861053467	1288	533	224.49734711647034	1008
2025-02-11 22:00:35,619 - INFO - 	337	1153.913242211541	0	3.13240122795105	265.65641355514526	1291	533	225.20215225219727	1011
2025-02-11 22:00:36,453 - INFO - 	338	1151.7629738412372	0	3.1392922401428223	266.4905514717102	1294	533	225.91909790039062	1014
2025-02-11 22:00:37,287 - INFO - 	339	1150.1011363734094	0	3.1439032554626465	267.3244876861572	1297	533	226.6382167339325	1017
2025-02-11 22:00:38,166 - INFO - 	340	1148.5676885332682	0	3.148961305618286	268.20313358306885	1300	533	227.4013295173645	1020
2025-02-11 22:00:38,989 - INFO - 	341	1145.5664031522267	0	3.1550891399383545	269.0258069038391	1303	533	228.10712313652039	1023
2025-02-11 22:00:39,807 - INFO - 	342	1141.1459019111876	0	3.1612389087677	269.84436798095703	1306	533	228.80971717834473	1026
2025-02-11 22:00:40,693 - INFO - 	343	1134.7632606600157	0	3.1689107418060303	270.72999906539917	1309	533	229.5775933265686	1029
2025-02-11 22:00:41,525 - INFO - 	344	1130.6929603959304	0	3.176029682159424	271.56178402900696	1312	533	230.29286289215088	1032
2025-02-11 22:00:42,360 - INFO - 	345	1129.5315650156404	0	3.182445526123047	272.39637422561646	1315	533	231.01112389564514	1035
2025-02-11 22:00:43,194 - INFO - 	346	1128.0589795298633	0	3.189204454421997	273.2307732105255	1318	533	231.72917342185974	1038
2025-02-11 22:00:44,085 - INFO - 	347	1126.4442009838904	0	3.194955587387085	274.12133836746216	1321	533	232.50458645820618	1041
2025-02-11 22:00:44,925 - INFO - 	348	1124.2349724444389	0	3.201298713684082	274.96117210388184	1324	533	233.2283205986023	1044
2025-02-11 22:00:45,768 - INFO - 	349	1121.6399524290096	0	3.206960678100586	275.804101228714	1327	533	233.95595049858093	1047
2025-02-11 22:00:46,590 - INFO - 	350	1120.0681770656902	0	3.213045835494995	276.6258463859558	1330	533	234.6615493297577	1050
2025-02-11 22:00:47,473 - INFO - 	351	1119.5684647781752	0	3.2159230709075928	277.50955057144165	1333	533	235.43284726142883	1053
2025-02-11 22:00:48,298 - INFO - 	352	1118.9179859070657	0	3.2213101387023926	278.33450961112976	1336	533	236.14234948158264	1056
2025-02-11 22:00:49,127 - INFO - 	353	1115.322437725294	0	3.2274272441864014	279.1626465320587	1339	533	236.8541965484619	1059
2025-02-11 22:00:49,967 - INFO - 	354	1113.4094279194433	0	3.2331950664520264	280.0029218196869	1342	533	237.57882833480835	1062
2025-02-11 22:00:50,871 - INFO - 	355	1112.3990050496625	0	3.240051031112671	280.9073007106781	1345	533	238.36668634414673	1065
2025-02-11 22:00:51,700 - INFO - 	356	1110.0921911969508	0	3.2470569610595703	281.7358298301697	1348	533	239.078515291214	1068
2025-02-11 22:00:52,518 - INFO - 	357	1109.0074641435026	0	3.2514541149139404	282.5537838935852	1351	533	239.78228664398193	1071
2025-02-11 22:00:53,422 - INFO - 	358	1106.661110287763	0	3.2582759857177734	283.45765805244446	1354	533	240.5697717666626	1074
2025-02-11 22:00:54,277 - INFO - 	359	1106.0838837015592	0	3.2632951736450195	284.3121020793915	1357	533	241.3096649646759	1077
2025-02-11 22:00:55,117 - INFO - 	360	1103.847594578152	0	3.268710136413574	285.1520800590515	1360	533	242.03424882888794	1080
2025-02-11 22:00:55,945 - INFO - 	361	1102.7670280147715	0	3.272981882095337	285.98071217536926	1363	533	242.74847984313965	1083
2025-02-11 22:00:56,779 - INFO - 	362	1100.3964559908077	0	3.279449939727783	286.8142602443695	1366	533	243.46571230888367	1086
2025-02-11 22:00:57,663 - INFO - 	363	1099.9054739797032	0	3.2859840393066406	287.69845724105835	1369	533	244.23390293121338	1089
2025-02-11 22:00:58,482 - INFO - 	364	1098.0472679598606	0	3.2914609909057617	288.51704812049866	1372	533	244.9374394416809	1092
2025-02-11 22:00:59,313 - INFO - 	365	1095.7665537044534	0	3.2959368228912354	289.34755420684814	1375	533	245.6535074710846	1095
2025-02-11 22:01:00,144 - INFO - 	366	1095.1011582429014	0	3.2997097969055176	290.1783673763275	1378	533	246.37068963050842	1098
2025-02-11 22:01:01,059 - INFO - 	367	1094.5705347484952	0	3.304356575012207	291.09412121772766	1381	533	247.17163181304932	1101
2025-02-11 22:01:01,889 - INFO - 	368	1094.5705347484954	0	3.306429624557495	291.92322421073914	1384	533	247.88895273208618	1104
2025-02-11 22:01:02,721 - INFO - 	369	1093.9977847236357	0	3.3115177154541016	292.7551341056824	1387	533	248.60602259635925	1107
2025-02-11 22:01:03,616 - INFO - 	370	1093.6886951416097	0	3.3170876502990723	293.6505789756775	1390	533	249.38572716712952	1110
2025-02-11 22:01:04,439 - INFO - 	371	1093.6886951416102	0	3.3192076683044434	294.4732620716095	1393	533	250.09656620025635	1113
2025-02-11 22:01:05,266 - INFO - 	372	1093.6718752819547	0	3.3214478492736816	295.30016827583313	1396	533	250.81173968315125	1116
2025-02-11 22:01:06,172 - INFO - 	373	1093.6718752819543	0	3.3254647254943848	296.20631217956543	1399	533	251.60408973693848	1119
2025-02-11 22:01:07,014 - INFO - 	374	1093.545278595303	0	3.3286118507385254	297.0483491420746	1402	533	252.3326518535614	1122
2025-02-11 22:01:07,852 - INFO - 	375	1092.9919162044382	0	3.3352067470550537	297.886057138443	1405	533	253.0540201663971	1125
2025-02-11 22:01:08,691 - INFO - 	376	1092.4722984226235	0	3.3409829139709473	298.72507905960083	1408	533	253.77746891975403	1128
2025-02-11 22:01:09,568 - INFO - 	377	1092.3029950958714	0	3.345407724380493	299.6013581752777	1411	533	254.53951382637024	1131
2025-02-11 22:01:10,396 - INFO - 	378	1092.0	0	3.3502607345581055	300.42951130867004	1414	533	255.25309705734253	1134
2025-02-11 22:01:19,603 - INFO - 	379	1092.0000000000002	8.372144222259521	3.355348825454712	309.63684129714966	1417	533	255.97315907478333	1134
2025-02-11 22:01:20,469 - INFO - 	380	1092.0	8.372144222259521	3.360797882080078	310.5026502609253	1420	533	256.7225332260132	1137
2025-02-11 22:01:29,603 - INFO - 
ya no tiene columnas con costo reducido negative
2025-02-11 22:01:29,603 - INFO - Set parameter OutputFlag to value 1
2025-02-11 22:01:29,605 - INFO - Set parameter LogFile to value "logs_new/salida_modelo_caminos_280_567_10.log"
2025-02-11 22:01:29,605 - INFO - Set parameter TimeLimit to value 7200
2025-02-11 22:01:29,606 - INFO - Gurobi Optimizer version 11.0.1 build v11.0.1rc0 (mac64[arm] - Darwin 24.3.0 24D60)
2025-02-11 22:01:29,607 - INFO - 
2025-02-11 22:01:29,607 - INFO - CPU model: Apple M2
2025-02-11 22:01:29,607 - INFO - Thread count: 8 physical cores, 8 logical processors, using up to 8 threads
2025-02-11 22:01:29,607 - INFO - 
2025-02-11 22:01:29,608 - INFO - Optimize a model with 533 rows, 1420 columns and 5734 nonzeros
2025-02-11 22:01:29,608 - INFO - Coefficient statistics:
2025-02-11 22:01:29,609 - INFO -   Matrix range     [1e+00, 1e+00]
2025-02-11 22:01:29,609 - INFO -   Objective range  [2e+00, 1e+10]
2025-02-11 22:01:29,609 - INFO -   Bounds range     [0e+00, 0e+00]
2025-02-11 22:01:29,610 - INFO -   RHS range        [1e+00, 2e+02]
2025-02-11 22:01:29,610 - INFO - Warning: Model contains large objective coefficients
2025-02-11 22:01:29,610 - INFO -          Consider reformulating model or setting NumericFocus parameter
2025-02-11 22:01:29,611 - INFO -          to avoid numerical issues.
2025-02-11 22:01:29,611 - INFO - 
2025-02-11 22:01:29,611 - INFO - Solved in 0 iterations and 0.00 seconds (0.00 work units)
2025-02-11 22:01:29,612 - INFO - Optimal objective  1.092000000e+03
2025-02-11 22:01:29,613 - INFO - Gurobi Optimizer version 11.0.1 build v11.0.1rc0 (mac64[arm] - Darwin 24.3.0 24D60)
2025-02-11 22:01:29,614 - INFO - 
2025-02-11 22:01:29,614 - INFO - CPU model: Apple M2
2025-02-11 22:01:29,614 - INFO - Thread count: 8 physical cores, 8 logical processors, using up to 8 threads
2025-02-11 22:01:29,615 - INFO - 
2025-02-11 22:01:29,615 - INFO - Optimize a model with 533 rows, 1420 columns and 5734 nonzeros
2025-02-11 22:01:29,615 - INFO - Model fingerprint: 0xf96cc1fb
2025-02-11 22:01:29,615 - INFO - Variable types: 0 continuous, 1420 integer (1420 binary)
2025-02-11 22:01:29,616 - INFO - Coefficient statistics:
2025-02-11 22:01:29,616 - INFO -   Matrix range     [1e+00, 1e+00]
2025-02-11 22:01:29,616 - INFO -   Objective range  [2e+00, 1e+10]
2025-02-11 22:01:29,617 - INFO -   Bounds range     [0e+00, 0e+00]
2025-02-11 22:01:29,617 - INFO -   RHS range        [1e+00, 2e+02]
2025-02-11 22:01:29,617 - INFO - Warning: Model contains large objective coefficients
2025-02-11 22:01:29,618 - INFO -          Consider reformulating model or setting NumericFocus parameter
2025-02-11 22:01:29,618 - INFO -          to avoid numerical issues.
2025-02-11 22:01:29,618 - INFO - Found heuristic solution: objective 2.800000e+12
2025-02-11 22:01:29,625 - INFO - Presolve removed 250 rows and 0 columns
2025-02-11 22:01:29,626 - INFO - Presolve time: 0.01s
2025-02-11 22:01:29,626 - INFO - Presolved: 283 rows, 1420 columns, 5559 nonzeros
2025-02-11 22:01:29,627 - INFO - Variable types: 0 continuous, 1420 integer (1420 binary)
2025-02-11 22:01:29,627 - INFO - Found heuristic solution: objective 2.750000e+12
2025-02-11 22:01:29,667 - INFO - 
2025-02-11 22:01:29,667 - INFO - Root relaxation: objective 1.092000e+03, 1489 iterations, 0.04 seconds (0.07 work units)
2025-02-11 22:01:29,677 - INFO - 
2025-02-11 22:01:29,677 - INFO -     Nodes    |    Current Node    |     Objective Bounds      |     Work
2025-02-11 22:01:29,678 - INFO -  Expl Unexpl |  Obj  Depth IntInf | Incumbent    BestBd   Gap | It/Node Time
2025-02-11 22:01:29,679 - INFO - 
2025-02-11 22:01:29,679 - INFO -      0     0 1092.00000    0  225 2.7500e+12 1092.00000   100%     -    0s
2025-02-11 22:01:29,680 - INFO - H    0     0                    3.600000e+11 1092.00000   100%     -    0s
2025-02-11 22:01:29,682 - INFO - H    0     0                    3.000000e+11 1092.00000   100%     -    0s
2025-02-11 22:01:29,686 - INFO - H    0     0                    1.800000e+11 1092.00000   100%     -    0s
2025-02-11 22:01:29,733 - INFO - H    0     0                    1.600000e+11 1092.00000   100%     -    0s
2025-02-11 22:01:29,769 - INFO - H    0     0                    1.500000e+11 1092.86907   100%     -    0s
2025-02-11 22:01:29,772 - INFO -      0     0 1092.86907    0  248 1.5000e+11 1092.86907   100%     -    0s
2025-02-11 22:01:29,857 - INFO - H    0     0                    1.300000e+11 1092.86907   100%     -    0s
2025-02-11 22:01:29,860 - INFO -      0     0 1093.83653    0  234 1.3000e+11 1093.83653   100%     -    0s
2025-02-11 22:01:29,868 - INFO -      0     0 1093.83653    0  234 1.3000e+11 1093.83653   100%     -    0s
2025-02-11 22:01:29,937 - INFO -      0     2 1093.83954    0  234 1.3000e+11 1093.83954   100%     -    0s
2025-02-11 22:01:29,991 - INFO - H   32    40                    1.000000e+11 1097.17370   100%  94.4    0s
2025-02-11 22:01:30,046 - INFO - H   78    92                    9.000000e+10 1099.68789   100%  81.3    0s
2025-02-11 22:01:30,093 - INFO - H  122   132                    9.000000e+10 1099.83180   100%  85.0    0s
2025-02-11 22:01:30,233 - INFO - H  166   172                    8.000000e+10 1099.83180   100%  79.8    0s
2025-02-11 22:01:30,234 - INFO - H  167   172                    6.000000e+10 1099.83180   100%  80.5    0s
2025-02-11 22:01:30,486 - INFO - H  197   213                    5.999999e+10 1099.83180   100%  75.9    0s
2025-02-11 22:01:30,487 - INFO - H  199   213                    5.999999e+10 1099.83180   100%  75.7    0s
2025-02-11 22:01:30,672 - INFO - H  218   223                    5.000000e+10 1099.83180   100%  74.4    1s
2025-02-11 22:01:31,453 - INFO - H 1010   989                    4.000000e+10 1099.83180   100%  53.5    1s
2025-02-11 22:01:31,454 - INFO - H 1023   989                    4.000000e+10 1099.83180   100%  53.1    1s
2025-02-11 22:01:32,718 - INFO - H 1826  1581                    3.999999e+10 1099.84600   100%  53.0    3s
2025-02-11 22:01:33,672 - INFO - H 2414  1833                    3.999998e+10 1099.84600   100%  52.9    4s
2025-02-11 22:01:34,669 - INFO -   3208  2334     cutoff   90      4.0000e+10 1099.84600   100%  54.9    5s
2025-02-11 22:01:38,698 - INFO - H 6694  4417                    3.999998e+10 1101.64376   100%  59.2    9s
2025-02-11 22:01:38,699 - INFO - H 6696  4417                    3.999998e+10 1101.64376   100%  59.2    9s
2025-02-11 22:01:38,699 - INFO - H 6698  4081                    3.000000e+10 1101.64376   100%  59.2    9s
2025-02-11 22:01:39,725 - INFO -   7660  5143 6.1918e+09   63  216 3.0000e+10 1102.41405   100%  59.1   10s
2025-02-11 22:01:41,576 - INFO - H 9561  6639                    3.000000e+10 1104.25691   100%  59.8   11s
2025-02-11 22:01:41,854 - INFO - H 9984  6207                    2.000000e+10 1104.25691   100%  59.8   12s
2025-02-11 22:01:42,176 - INFO - H10349  6534                    2.000000e+10 1105.15737   100%  59.6   12s
2025-02-11 22:01:44,810 - INFO -  11047  7151 1.0616e+10   84  190 2.0000e+10 1105.25260   100%  59.4   15s
2025-02-11 22:01:44,811 - INFO - H11344  7138                    2.000000e+10 1105.25322   100%  59.4   15s
2025-02-11 22:01:46,270 - INFO - H12510  8269                    2.000000e+10 1105.55932   100%  59.0   16s
2025-02-11 22:01:46,271 - INFO - H12651  8269                    1.999999e+10 1105.55932   100%  59.1   16s
2025-02-11 22:01:49,766 - INFO -  15117 10826 5.7687e+09   48  197 2.0000e+10 1107.01455   100%  58.7   20s
2025-02-11 22:01:50,782 - INFO - *16973  9419              97    1.000000e+10 1107.45147   100%  58.5   21s
2025-02-11 22:01:55,048 - INFO -  23354 14613 1224.00246   39  219 1.0000e+10 1109.90534   100%  61.7   25s
2025-02-11 22:02:04,849 - INFO -  29830 18422 1161.05498   39  234 1.0000e+10 1111.64779   100%  63.3   35s
2025-02-11 22:02:09,906 - INFO -  30327 18641 1111.64779   27  226 1.0000e+10 1111.64779   100%  63.6   40s
2025-02-11 22:02:14,646 - INFO -  32295 19564 1186.88559   56  198 1.0000e+10 1111.64779   100%  64.4   45s
2025-02-11 22:02:20,377 - INFO -  37301 21897 3.5948e+09   45  218 1.0000e+10 1111.64779   100%  66.5   50s
2025-02-11 22:02:25,126 - INFO -  41511 23157 1227.96909   44  205 1.0000e+10 1111.64779   100%  67.7   55s
2025-02-11 22:02:30,059 - INFO -  48765 26487 4.1492e+08   56  223 1.0000e+10 1113.61881   100%  69.7   60s
2025-02-11 22:02:34,643 - INFO -  55623 29161 4.4824e+09   53  185 1.0000e+10 1115.39546   100%  70.9   65s
2025-02-11 22:02:39,944 - INFO -  64213 32321 1190.81698   42  197 1.0000e+10 1116.93605   100%  71.8   70s
2025-02-11 22:02:45,620 - INFO -  73398 35622 1.6086e+09   62  183 1.0000e+10 1118.33673   100%  72.3   76s
2025-02-11 22:02:49,958 - INFO -  81896 39247 1.3298e+09   44  191 1.0000e+10 1119.35688   100%  72.8   80s
2025-02-11 22:02:54,682 - INFO -  85517 40836 6.5108e+08   54  210 1.0000e+10 1119.70549   100%  73.1   85s
2025-02-11 22:02:59,626 - INFO -  95128 47459 4.2571e+09   65  192 1.0000e+10 1120.80151   100%  73.2   90s
2025-02-11 22:03:04,852 - INFO -  106455 55434 infeasible   62      1.0000e+10 1121.75882   100%  73.4   95s
2025-02-11 22:03:10,816 - INFO -  117576 63370 1187.20200   42  213 1.0000e+10 1122.53654   100%  73.5  101s
2025-02-11 22:03:14,848 - INFO -  128107 70767 3.4853e+09   58  205 1.0000e+10 1123.21722   100%  73.6  105s
2025-02-11 22:03:19,925 - INFO -  138991 78416 8.2387e+08   60  215 1.0000e+10 1123.93335   100%  73.6  110s
2025-02-11 22:03:24,854 - INFO -  149969 85971 5.8143e+08   50  211 1.0000e+10 1124.59822   100%  73.8  115s
2025-02-11 22:03:29,833 - INFO -  156904 90833 1.5630e+09   65  234 1.0000e+10 1124.96259   100%  73.9  120s
2025-02-11 22:03:34,977 - INFO -  167873 98324 8.9388e+08   48  226 1.0000e+10 1125.60817   100%  74.2  125s
2025-02-11 22:03:40,413 - INFO -  178536 104598 2.4778e+07   48  208 1.0000e+10 1126.13985   100%  74.4  130s
2025-02-11 22:03:45,412 - INFO -  186616 110042 5.8690e+09   59  194 1.0000e+10 1126.47910   100%  74.6  135s
2025-02-11 22:03:50,069 - INFO -  195814 116554 1167.54259   46  226 1.0000e+10 1126.89804   100%  74.7  140s
2025-02-11 22:03:54,667 - INFO -  206504 124115 2.0815e+09   70  215 1.0000e+10 1127.33284   100%  74.8  145s
2025-02-11 22:03:55,985 - INFO - *209045 54404              56    1196.0000000 1127.45072  5.73%  74.8  146s
2025-02-11 22:03:56,303 - INFO - H210456 52766                    1192.0000000 1127.51527  5.41%  74.8  146s
2025-02-11 22:03:59,778 - INFO -  220330 55887 1190.43143   45  203 1192.00000 1128.24319  5.35%  74.2  150s
2025-02-11 22:04:04,643 - INFO -  225667 57549 1159.71725   58  200 1192.00000 1128.51458  5.33%  74.0  155s
2025-02-11 22:04:09,752 - INFO -  236540 59417     cutoff   52      1192.00000 1128.51458  5.33%  73.0  160s
2025-02-11 22:04:14,630 - INFO -  250820 60843 1170.29444   60  205 1192.00000 1128.51458  5.33%  72.0  165s
2025-02-11 22:04:19,701 - INFO -  266667 61354 1150.85460   50  226 1192.00000 1128.51458  5.33%  70.8  170s
2025-02-11 22:04:24,643 - INFO -  281891 61571 1144.85173   45  225 1192.00000 1128.51458  5.33%  69.8  175s
2025-02-11 22:04:29,798 - INFO -  299227 61118 1182.36257   56  216 1192.00000 1128.51458  5.33%  68.7  180s
2025-02-11 22:04:34,812 - INFO -  315654 60073 1150.08377   50  219 1192.00000 1129.95731  5.20%  67.8  185s
2025-02-11 22:04:39,718 - INFO -  330256 59195 1136.02377   52  209 1192.00000 1131.15418  5.10%  67.0  190s
2025-02-11 22:04:44,596 - INFO - *347431 49001              60    1170.0000000 1132.61039  3.20%  66.2  194s
2025-02-11 22:04:44,865 - INFO - H347846 43546                    1166.0000000 1132.66315  2.86%  66.2  195s
2025-02-11 22:04:49,833 - INFO -  367609 38811 1157.02559   51  222 1166.00000 1134.64796  2.69%  65.1  200s
2025-02-11 22:04:54,752 - INFO -  386818 36523 1148.25559   53  231 1166.00000 1136.31896  2.55%  64.2  205s
2025-02-11 22:04:59,790 - INFO -  407650 37440 1159.97569   59  192 1166.00000 1138.01234  2.40%  63.2  210s
2025-02-11 22:05:04,634 - INFO -  427513 37517 1147.96744   55  223 1166.00000 1139.63134  2.26%  62.3  215s
2025-02-11 22:05:09,677 - INFO -  447832 37048 1147.13845   53  222 1166.00000 1141.19049  2.13%  61.5  220s
2025-02-11 22:05:14,793 - INFO -  465272 36150 1154.01186   52  215 1166.00000 1142.50814  2.01%  60.8  225s
2025-02-11 22:05:19,786 - INFO -  483381 34617     cutoff   52      1166.00000 1143.92705  1.89%  60.3  230s
2025-02-11 22:05:24,689 - INFO -  500514 32605 1162.15646   56  180 1166.00000 1145.29843  1.78%  59.8  235s
2025-02-11 22:05:29,668 - INFO -  518565 29779     cutoff   58      1166.00000 1146.86721  1.64%  59.3  240s
2025-02-11 22:05:34,654 - INFO -  536604 26127 1162.38443   58  220 1166.00000 1148.55261  1.50%  58.8  245s
2025-02-11 22:05:39,734 - INFO -  554012 21524 infeasible   52      1166.00000 1150.53974  1.33%  58.4  250s
2025-02-11 22:05:44,877 - INFO -  573067 14602 infeasible   58      1166.00000 1153.57354  1.07%  57.8  255s
2025-02-11 22:05:49,644 - INFO -  595634     0     cutoff   60      1166.00000 1164.57801  0.12%  56.8  260s
2025-02-11 22:05:49,649 - INFO - 
2025-02-11 22:05:49,649 - INFO - Cutting planes:
2025-02-11 22:05:49,650 - INFO -   Gomory: 7
2025-02-11 22:05:49,650 - INFO -   Clique: 3
2025-02-11 22:05:49,651 - INFO -   Zero half: 11
2025-02-11 22:05:49,652 - INFO - 
2025-02-11 22:05:49,653 - INFO - Explored 595977 nodes (33854214 simplex iterations) in 260.04 seconds (610.12 work units)
2025-02-11 22:05:49,653 - INFO - Thread count was 8 (of 8 available processors)
2025-02-11 22:05:49,653 - INFO - 
2025-02-11 22:05:49,654 - INFO - Solution count 10: 1166 1170 1192 ... 2e+10
2025-02-11 22:05:49,654 - INFO - 
2025-02-11 22:05:49,655 - INFO - Optimal solution found (tolerance 1.00e-04)
2025-02-11 22:05:49,656 - INFO - Best objective 1.166000000000e+03, best bound 1.166000000000e+03, gap 0.0000%
