2025-02-13 21:49:56,142 - INFO - 	count	z_opt	time_spp	time_lp	time_total	ncols	nrows	time_spp_low_res	n_cols_low_res
2025-02-13 21:49:58,274 - INFO - 	1	3120000000006.0	0	0.0001957416534423828	2.132016897201538	323	573	1.99100923538208	3
2025-02-13 21:50:00,376 - INFO - 	2	3120000000006.0	0	0.0003657341003417969	4.233767509460449	326	573	3.9424564838409424	6
2025-02-13 21:50:02,478 - INFO - 	3	3050000000008.0	0	0.0006337165832519531	6.335291385650635	329	573	5.896357536315918	9
2025-02-13 21:50:04,565 - INFO - 	4	2980000000016.0	0	0.0008895397186279297	8.422504425048828	332	573	7.836102247238159	12
2025-02-13 21:50:06,627 - INFO - 	5	2840000000038.0	0	0.00103759765625	10.484046459197998	335	573	9.74997615814209	15
2025-02-13 21:50:08,606 - INFO - 	6	2840000000038.0	0	0.0011835098266601562	12.463569641113281	338	573	11.581614017486572	18
2025-02-13 21:50:10,608 - INFO - 	7	2815000000044.5	0	0.001462697982788086	14.465547800064087	341	573	13.435959100723267	21
2025-02-13 21:50:12,638 - INFO - 	8	2803333333376.3325	0	0.0017809867858886719	16.494927883148193	344	573	15.318211317062378	24
2025-02-13 21:50:14,722 - INFO - 	9	2785000000045.5	0	0.0021009445190429688	18.579394817352295	347	573	17.2554771900177	27
2025-02-13 21:50:16,808 - INFO - 	10	2670000000059.0	0	0.0024056434631347656	20.665277004241943	350	573	19.192147254943848	30
2025-02-13 22:02:37,418 - INFO - 	11	2670000000059.0	0	0.00272369384765625	761.275249004364	353	573	759.6529965400696	33
2025-02-13 22:02:39,647 - INFO - 	12	2670000000059.0	0	0.0030279159545898438	763.5041530132294	356	573	761.7278637886047	36
2025-02-13 22:02:41,775 - INFO - 	13	2670000000059.0	0	0.0033740997314453125	765.6313199996948	359	573	763.7088766098022	39
2025-02-13 22:02:43,809 - INFO - 	14	2665000000060.0	0	0.0037059783935546875	767.6658339500427	362	573	765.5975623130798	42
2025-02-13 22:02:45,882 - INFO - 	15	2665000000060.0	0	0.00404810905456543	769.7386927604675	365	573	767.5233743190765	45
2025-02-13 22:02:48,069 - INFO - 	16	2620000000073.0	0	0.004413127899169922	771.9256038665771	368	573	769.5565505027771	48
2025-02-13 22:02:50,154 - INFO - 	17	2620000000069.5	0	0.004810810089111328	774.010303735733	371	573	771.4761292934418	51
2025-02-13 22:02:52,158 - INFO - 	18	2620000000069.5	0	0.005181789398193359	776.0146596431732	374	573	773.3332567214966	54
2025-02-13 22:02:54,178 - INFO - 	19	2570000000079.0	0	0.00550079345703125	778.0340688228607	377	573	775.2045521736145	57
2025-02-13 22:02:56,195 - INFO - 	20	2570000000079.0	0	0.0058307647705078125	780.0515789985657	380	573	777.0747194290161	60
2025-02-13 22:02:58,146 - INFO - 	21	2570000000079.0	0	0.006195545196533203	782.0018858909607	383	573	778.8776409626007	63
2025-02-13 22:03:00,225 - INFO - 	22	2556666666755.001	0	0.0065593719482421875	784.0811748504639	386	573	780.8090825080872	66
2025-02-13 22:03:02,130 - INFO - 	23	2460000000099.0	0	0.006918191909790039	785.985577583313	389	573	782.5654475688934	69
2025-02-13 22:03:04,098 - INFO - 	24	2460000000099.0	0	0.007272243499755859	787.9536323547363	392	573	784.3861582279205	72
2025-02-13 22:03:06,119 - INFO - 	25	2440000000104.335	0	0.0077533721923828125	789.9744582176208	395	573	786.2597262859344	75
2025-02-13 22:03:08,046 - INFO - 	26	2430000000113.0	0	0.00822138786315918	791.9017252922058	398	573	788.038948059082	78
2025-02-13 22:03:10,070 - INFO - 	27	2417142857254.4287	0	0.008784294128417969	793.925623178482	401	573	789.9155607223511	81
2025-02-13 22:03:12,006 - INFO - 	28	2365000000125.25	0	0.009381294250488281	795.8608112335205	404	573	791.7038607597351	84
2025-02-13 22:03:13,984 - INFO - 	29	2365000000125.25	0	0.009754180908203125	797.8396465778351	407	573	793.5355296134949	87
2025-02-13 22:03:15,877 - INFO - 	30	2330000000125.0	0	0.010216236114501953	799.7323956489563	410	573	795.2813205718994	90
2025-02-13 22:03:17,816 - INFO - 	31	2295000000133.75	0	0.010767221450805664	801.6707637310028	413	573	797.072892665863	93
2025-02-13 22:03:19,788 - INFO - 	32	2275000000132.0	0	0.011325359344482422	803.6433017253876	416	573	798.8982565402985	96
2025-02-13 22:03:21,705 - INFO - 	33	2240000000145.0	0	0.011937379837036133	805.5596787929535	419	573	800.6678383350372	99
2025-02-13 22:03:23,635 - INFO - 	34	2193333333488.6667	0	0.012419462203979492	807.4897065162659	422	573	802.4512312412262	102
2025-02-13 22:03:25,437 - INFO - 	35	2166666666825.3333	0	0.012928485870361328	809.2910723686218	425	573	804.105386018753	105
2025-02-13 22:03:27,394 - INFO - 	36	2166666666825.3333	0	0.013692378997802734	811.2480792999268	428	573	805.9152171611786	108
2025-02-13 22:03:29,405 - INFO - 	37	2155000000160.25	0	0.014276266098022461	813.259467124939	431	573	807.7796864509583	111
2025-02-13 22:03:31,246 - INFO - 	38	2142500000162.25	0	0.014724254608154297	815.1005609035492	434	573	809.4736325740814	114
2025-02-13 22:03:33,142 - INFO - 	39	2135000000162.25	0	0.015424013137817383	816.9966287612915	437	573	811.2234196662903	117
2025-02-13 22:03:35,160 - INFO - 	40	2095000000168.5	0	0.01622486114501953	819.0136117935181	440	573	813.0927500724792	120
2025-02-13 22:03:37,109 - INFO - 	41	2082500000173.0	0	0.016894817352294922	820.9626686573029	443	573	814.8944871425629	123
2025-02-13 22:03:38,985 - INFO - 	42	2082000000172.1997	0	0.01753997802734375	822.8390138149261	446	573	816.6228547096252	126
2025-02-13 22:03:40,931 - INFO - 	43	2070000000175.5	0	0.0184481143951416	824.7849419116974	449	573	818.4224166870117	129
2025-02-13 22:03:42,801 - INFO - 	44	2045000000180.0	0	0.018987178802490234	826.655003786087	452	573	820.1457133293152	132
2025-02-13 22:03:44,732 - INFO - 	45	2040000000180.6667	0	0.01986527442932129	828.5859227180481	455	573	821.9291219711304	135
2025-02-13 22:03:46,670 - INFO - 	46	2023333333516.3335	0	0.02059030532836914	830.5233416557312	458	573	823.7189569473267	138
2025-02-13 22:03:48,524 - INFO - 	47	2021764706066.7058	0	0.021531343460083008	832.3769755363464	461	573	825.4257321357727	141
2025-02-13 22:03:50,607 - INFO - 	48	1997500000192.25	0	0.02303624153137207	834.4600772857666	464	573	827.3606219291687	144
2025-02-13 22:03:52,603 - INFO - 	49	1986666666865.5908	0	0.02449941635131836	836.4557824134827	467	573	829.2086055278778	147
2025-02-13 22:03:54,606 - INFO - 	50	1986500000198.8503	0	0.025144577026367188	838.458975315094	470	573	831.0649092197418	150
2025-02-13 22:03:56,676 - INFO - 	51	1960714285924.571	0	0.02620553970336914	840.5291991233826	473	573	832.9879651069641	153
2025-02-13 22:03:58,668 - INFO - 	52	1923333333547.0833	0	0.026857614517211914	842.5204312801361	476	573	834.807329416275	156
2025-02-13 22:04:00,602 - INFO - 	53	1900000000225.0	0	0.027747631072998047	844.454329252243	479	573	836.5942275524139	159
2025-02-13 22:04:02,411 - INFO - 	54	1850000000227.0	0	0.027997493743896484	846.2636511325836	482	573	838.2571687698364	162
2025-02-13 22:04:04,273 - INFO - 	55	1850000000227.0	0	0.028551578521728516	848.1259162425995	485	573	839.972564458847	165
2025-02-13 22:04:06,183 - INFO - 	56	1850000000227.0	0	0.029296398162841797	850.0350751876831	488	573	841.7345945835114	168
2025-02-13 22:04:08,047 - INFO - 	57	1841538461773.5376	0	0.030277490615844727	851.899806022644	491	573	843.4525854587555	171
2025-02-13 22:04:10,030 - INFO - 	58	1790000000247.0	0	0.031198501586914062	853.882050037384	494	573	845.2882707118988	174
2025-02-13 22:04:11,942 - INFO - 	59	1785000000248.75	0	0.032410621643066406	855.7937970161438	497	573	847.0528547763824	177
2025-02-13 22:04:13,939 - INFO - 	60	1784800000251.7598	0	0.0336146354675293	857.7911241054535	500	573	848.9026839733124	180
2025-02-13 22:04:15,981 - INFO - 	61	1784800000250.9597	0	0.03462576866149902	859.8325040340424	503	573	850.7974345684052	183
2025-02-13 22:04:17,930 - INFO - 	62	1784285714535.5713	0	0.03577566146850586	861.7819089889526	506	573	852.5997517108917	186
2025-02-13 22:04:19,953 - INFO - 	63	1781428571678.9993	0	0.03669166564941406	863.8042659759521	509	573	854.4757218360901	189
2025-02-13 22:04:21,874 - INFO - 	64	1761250000263.125	0	0.0384066104888916	865.7254910469055	512	573	856.2493240833282	192
2025-02-13 22:04:23,825 - INFO - 	65	1738571428843.999	0	0.039049386978149414	867.6769881248474	515	573	858.054737329483	195
2025-02-13 22:04:25,745 - INFO - 	66	1731666666940.7512	0	0.03986835479736328	869.5962781906128	518	573	859.8266694545746	198
2025-02-13 22:04:27,644 - INFO - 	67	1727437722695.555	0	0.04105043411254883	871.4954881668091	521	573	861.5797250270844	201
2025-02-13 22:04:29,483 - INFO - 	68	1701666666958.8337	0	0.04256439208984375	873.3340351581573	524	573	863.2708120346069	204
2025-02-13 22:04:31,224 - INFO - 	69	1692142857433.9993	0	0.045110464096069336	875.0753672122955	527	573	864.8643529415131	207
2025-02-13 22:04:33,103 - INFO - 	70	1684166666961.7505	0	0.046233415603637695	876.9540791511536	530	573	866.5957579612732	210
2025-02-13 22:04:34,966 - INFO - 	71	1684166666961.7498	0	0.047335147857666016	878.8170409202576	533	573	868.3121926784515	213
2025-02-13 22:04:36,782 - INFO - 	72	1682978723700.4888	0	0.049070119857788086	880.632297039032	536	573	869.9794111251831	216
2025-02-13 22:04:38,586 - INFO - 	73	1682978723700.4888	0	0.05005526542663574	882.4365849494934	539	573	871.6370861530304	219
2025-02-13 22:04:40,468 - INFO - 	74	1669333333646.3333	0	0.051569223403930664	884.3181717395782	542	573	873.3714170455933	222
2025-02-13 22:04:42,253 - INFO - 	75	1628000000318.5706	0	0.05277228355407715	886.1033806800842	545	573	875.0101459026337	225
2025-02-13 22:04:44,135 - INFO - 	76	1611481481804.0542	0	0.05424332618713379	887.9854185581207	548	573	876.7449159622192	228
2025-02-13 22:04:45,991 - INFO - 	77	1609000000325.6995	0	0.05637311935424805	889.84095454216	551	573	878.4532334804535	231
2025-02-13 22:04:47,878 - INFO - 	78	1600000000335.5007	0	0.05769920349121094	891.727739572525	554	573	880.1924617290497	234
2025-02-13 22:04:49,737 - INFO - 	79	1561000000341.0994	0	0.0593111515045166	893.5868945121765	557	573	881.905445098877	237
2025-02-13 22:04:51,536 - INFO - 	80	1557000000341.199	0	0.06238913536071777	895.3857614994049	560	573	883.5557863712311	240
2025-02-13 22:04:53,424 - INFO - 	81	1546441718139.926	0	0.0654764175415039	897.2738008499146	563	573	885.2958023548126	243
2025-02-13 22:04:55,252 - INFO - 	82	1545714286064.6736	0	0.06962752342224121	899.1018419265747	566	573	886.9739515781403	246
2025-02-13 22:04:57,155 - INFO - 	83	1544625850693.443	0	0.07065367698669434	901.0044360160828	569	573	888.7307322025299	249
2025-02-13 22:04:59,035 - INFO - 	84	1525384615740.4607	0	0.07254576683044434	902.8844599723816	572	573	890.4631469249725	252
2025-02-13 22:05:00,942 - INFO - 	85	1521428571784.4072	0	0.07655167579650879	904.7915360927582	575	573	892.2213170528412	255
2025-02-13 22:05:02,701 - INFO - 	86	1501974596205.399	0	0.07978987693786621	906.5503349304199	578	573	893.8317906856537	258
2025-02-13 22:05:04,470 - INFO - 	87	1487611607505.2668	0	0.08138608932495117	908.3189969062805	581	573	895.4543669223785	261
2025-02-13 22:05:06,328 - INFO - 	88	1466666667034.143	0	0.08568215370178223	910.177622795105	584	573	897.1627757549286	264
2025-02-13 22:05:08,209 - INFO - 	89	1465106383348.5752	0	0.08945202827453613	912.0575647354126	587	573	898.8942039012909	267
2025-02-13 22:05:10,093 - INFO - 	90	1457267628576.9583	0	0.09363389015197754	913.9417498111725	590	573	900.6287517547607	270
2025-02-13 22:05:11,933 - INFO - 	91	1454065041023.199	0	0.0965268611907959	915.7823317050934	593	573	902.3218405246735	273
2025-02-13 22:05:13,798 - INFO - 	92	1447302490574.362	0	0.1006007194519043	917.6465916633606	596	573	904.0371844768524	276
2025-02-13 22:05:15,725 - INFO - 	93	1432173913420.4473	0	0.10411453247070312	919.57355260849	599	573	905.8160300254822	279
2025-02-13 22:05:17,548 - INFO - 	94	1404380952760.685	0	0.10721468925476074	921.3969006538391	602	573	907.4902391433716	282
2025-02-13 22:05:19,411 - INFO - 	95	1392162162543.7432	0	0.11296868324279785	923.2591645717621	605	573	909.2031276226044	285
2025-02-13 22:05:21,287 - INFO - 	96	1385866142116.9614	0	0.11867880821228027	925.1350717544556	608	573	910.9277708530426	288
2025-02-13 22:05:23,095 - INFO - 	97	1365495868161.8633	0	0.12485980987548828	926.9435107707977	611	573	912.5854096412659	291
2025-02-13 22:05:24,879 - INFO - 	98	1363431916600.1665	0	0.12960171699523926	928.7269248962402	614	573	914.2192845344543	294
2025-02-13 22:05:26,751 - INFO - 	99	1355904762302.3518	0	0.13545465469360352	930.5985660552979	617	573	915.9406759738922	297
2025-02-13 22:05:28,673 - INFO - 	100	1343768657116.7988	0	0.1384894847869873	932.5205490589142	620	573	917.7142367362976	300
2025-02-13 22:05:30,469 - INFO - 	101	1337274510206.6855	0	0.1419074535369873	934.3169848918915	623	573	919.3627617359161	303
2025-02-13 22:05:32,357 - INFO - 	102	1321626374034.914	0	0.14592623710632324	936.2044289112091	626	573	921.1009466648102	306
2025-02-13 22:05:34,141 - INFO - 	103	1313957719191.9705	0	0.15255236625671387	937.9885120391846	629	573	922.7344677448273	309
2025-02-13 22:05:35,954 - INFO - 	104	1304188211373.8054	0	0.1575925350189209	939.801609992981	632	573	924.3973567485809	312
2025-02-13 22:05:37,792 - INFO - 	105	1296034690852.7673	0	0.16246771812438965	941.6390290260315	635	573	926.0861406326294	315
2025-02-13 22:05:39,719 - INFO - 	106	1272348942387.0122	0	0.1657109260559082	943.5667910575867	638	573	927.8656167984009	318
2025-02-13 22:05:41,580 - INFO - 	107	1252629637259.2288	0	0.17016172409057617	945.4275889396667	641	573	929.5781071186066	321
2025-02-13 22:05:43,295 - INFO - 	108	1235139388924.0354	0	0.17260289192199707	947.1426167488098	644	573	931.1451785564423	324
2025-02-13 22:05:45,197 - INFO - 	109	1212286540879.359	0	0.17627978324890137	949.0438370704651	647	573	932.8985304832458	327
2025-02-13 22:05:47,173 - INFO - 	110	1193852236820.2073	0	0.18029069900512695	951.0201241970062	650	573	934.7261853218079	330
2025-02-13 22:05:49,023 - INFO - 	111	1191704891303.1565	0	0.18254780769348145	952.8698523044586	653	573	936.429844379425	333
2025-02-13 22:05:50,950 - INFO - 	112	1187192688950.8174	0	0.1881258487701416	954.7963004112244	656	573	938.2061583995819	336
2025-02-13 22:05:52,868 - INFO - 	113	1176842336864.8467	0	0.19623398780822754	956.7145295143127	659	573	939.9723811149597	339
2025-02-13 22:05:54,695 - INFO - 	114	1158656071941.585	0	0.20279598236083984	958.5419504642487	662	573	941.648344039917	342
2025-02-13 22:05:56,567 - INFO - 	115	1151148872143.4265	0	0.20852088928222656	960.4139046669006	665	573	943.3702721595764	345
2025-02-13 22:05:58,313 - INFO - 	116	1131754083014.1248	0	0.21460199356079102	962.1594688892365	668	573	944.9655599594116	348
2025-02-13 22:06:00,066 - INFO - 	117	1121620280779.3794	0	0.22190332412719727	963.91268658638	671	573	946.5676708221436	351
2025-02-13 22:06:01,812 - INFO - 	118	1104433747399.5032	0	0.22999310493469238	965.6581056118011	674	573	948.1603717803955	354
2025-02-13 22:06:03,562 - INFO - 	119	1091051793342.8483	0	0.2403559684753418	967.4084630012512	677	573	949.7568111419678	357
2025-02-13 22:06:05,278 - INFO - 	120	1083301219226.2767	0	0.24826574325561523	969.1236078739166	680	573	951.3195922374725	360
2025-02-13 22:06:07,166 - INFO - 	121	1078564761314.88	0	0.2575557231903076	971.0113799571991	683	573	953.0539309978485	363
2025-02-13 22:06:08,973 - INFO - 	122	1073539184427.4369	0	0.2640244960784912	972.8187458515167	686	573	954.7105474472046	366
2025-02-13 22:06:10,823 - INFO - 	123	1070546079142.0571	0	0.2700526714324951	974.6684956550598	689	573	956.4109241962433	369
2025-02-13 22:06:12,557 - INFO - 	124	1067541899209.007	0	0.2793736457824707	976.402355670929	692	573	957.9907021522522	372
2025-02-13 22:06:14,344 - INFO - 	125	1060593331222.1217	0	0.2872748374938965	978.1897265911102	695	573	959.6266093254089	375
2025-02-13 22:06:16,083 - INFO - 	126	1048858673892.7749	0	0.29472994804382324	979.9279203414917	698	573	961.2134733200073	378
2025-02-13 22:06:17,955 - INFO - 	127	1043293150992.3485	0	0.30083680152893066	981.800163269043	701	573	962.9363975524902	381
2025-02-13 22:06:19,700 - INFO - 	128	1034972755276.507	0	0.3108179569244385	983.5454952716827	704	573	964.5278675556183	384
2025-02-13 22:06:21,474 - INFO - 	129	1022758564179.5234	0	0.3132457733154297	985.3185701370239	707	573	966.1540966033936	387
2025-02-13 22:06:23,284 - INFO - 	130	1011023697796.5344	0	0.3178555965423584	987.1286652088165	710	573	967.8159346580505	390
2025-02-13 22:06:25,147 - INFO - 	131	1003011687730.1729	0	0.3276224136352539	988.9913263320923	713	573	969.5253458023071	393
2025-02-13 22:06:27,046 - INFO - 	132	982997267720.3805	0	0.3376014232635498	990.8903772830963	716	573	971.2705914974213	396
2025-02-13 22:06:28,809 - INFO - 	133	977462740688.8938	0	0.3440663814544678	992.6539852619171	719	573	972.884569644928	399
2025-02-13 22:06:30,702 - INFO - 	134	967343413103.0321	0	0.3540332317352295	994.5464873313904	722	573	974.6229169368744	402
2025-02-13 22:06:32,440 - INFO - 	135	956342413709.3961	0	0.3619101047515869	996.2845342159271	725	573	976.2092788219452	405
2025-02-13 22:06:34,215 - INFO - 	136	950885680486.3923	0	0.3713533878326416	998.0589783191681	728	573	977.8303406238556	408
2025-02-13 22:06:35,987 - INFO - 	137	938046143785.6663	0	0.3799304962158203	999.8309242725372	731	573	979.4493613243103	411
2025-02-13 22:06:37,761 - INFO - 	138	935345014483.7128	0	0.38860249519348145	1001.6048114299774	734	573	981.0708675384521	414
2025-02-13 22:06:39,468 - INFO - 	139	934806297873.639	0	0.39494848251342773	1003.3124003410339	737	573	982.6275043487549	417
2025-02-13 22:06:41,210 - INFO - 	140	932223587083.0529	0	0.4008302688598633	1005.0543642044067	740	573	984.2193460464478	420
2025-02-13 22:06:42,883 - INFO - 	141	932223587083.0529	0	0.4090611934661865	1006.7268972396851	743	573	985.7394149303436	423
2025-02-13 22:06:44,675 - INFO - 	142	925289855259.3553	0	0.42175912857055664	1008.5190901756287	746	573	987.3747634887695	426
2025-02-13 22:06:46,466 - INFO - 	143	924484326172.2208	0	0.4351053237915039	1010.3093450069427	749	573	989.0073132514954	429
2025-02-13 22:06:48,139 - INFO - 	144	918233597001.6417	0	0.4492640495300293	1011.982913017273	752	573	990.5231168270111	432
2025-02-13 22:06:49,891 - INFO - 	145	914094261729.7424	0	0.4622771739959717	1013.7344381809235	755	573	992.1182878017426	435
2025-02-13 22:06:51,730 - INFO - 	146	910641722402.4495	0	0.47267818450927734	1015.5737011432648	758	573	993.8035001754761	438
2025-02-13 22:06:53,510 - INFO - 	147	904181616194.0573	0	0.4827861785888672	1017.3534970283508	761	573	995.4299733638763	441
2025-02-13 22:06:55,279 - INFO - 	148	897031434538.9476	0	0.49240994453430176	1019.1222741603851	764	573	997.0451693534851	444
2025-02-13 22:06:57,081 - INFO - 	149	893132225420.7532	0	0.5013260841369629	1020.9235970973969	767	573	998.6933882236481	447
2025-02-13 22:06:58,908 - INFO - 	150	892951809542.4966	0	0.5092320442199707	1022.7505362033844	770	573	1000.3687906265259	450
2025-02-13 22:07:00,693 - INFO - 	151	888261861635.407	0	0.5199191570281982	1024.5357801914215	773	573	1001.9995536804199	453
2025-02-13 22:07:02,417 - INFO - 	152	882015452545.1528	0	0.530407190322876	1026.260002374649	776	573	1003.5696952342987	456
2025-02-13 22:07:04,244 - INFO - 	153	864921619969.3535	0	0.543104887008667	1028.0860924720764	779	573	1005.2389121055603	459
2025-02-13 22:07:06,065 - INFO - 	154	864872128371.5458	0	0.5520198345184326	1029.9077491760254	782	573	1006.9084768295288	462
2025-02-13 22:07:07,948 - INFO - 	155	853868459871.3932	0	0.5631647109985352	1031.7905321121216	785	573	1008.6365518569946	465
2025-02-13 22:07:09,799 - INFO - 	156	845328252703.8744	0	0.5732007026672363	1033.6415150165558	788	573	1010.3306686878204	468
2025-02-13 22:07:11,577 - INFO - 	157	842486941112.0057	0	0.5873987674713135	1035.4195771217346	791	573	1011.9507138729095	471
2025-02-13 22:07:13,420 - INFO - 	158	829798243932.7546	0	0.6001358032226562	1037.2617330551147	794	573	1013.6362059116364	474
2025-02-13 22:07:15,277 - INFO - 	159	821087892852.2261	0	0.618607759475708	1039.119098186493	797	573	1015.3311166763306	477
2025-02-13 22:07:17,158 - INFO - 	160	808593711078.0753	0	0.628201961517334	1041.0000722408295	800	573	1017.0584015846252	480
2025-02-13 22:07:18,945 - INFO - 	161	807346588685.4515	0	0.6389260292053223	1042.7868502140045	803	573	1018.6906952857971	483
2025-02-13 22:07:20,754 - INFO - 	162	802708277052.6594	0	0.6550090312957764	1044.5951352119446	806	573	1020.3396158218384	486
2025-02-13 22:07:22,548 - INFO - 	163	796856848421.4177	0	0.667309045791626	1046.3896820545197	809	573	1021.9783980846405	489
2025-02-13 22:07:24,374 - INFO - 	164	783122478442.8734	0	0.6778411865234375	1048.2150111198425	812	573	1023.6493718624115	492
2025-02-13 22:07:26,140 - INFO - 	165	778323020199.5706	0	0.6942214965820312	1049.9808750152588	815	573	1025.2550740242004	495
2025-02-13 22:07:27,907 - INFO - 	166	773609989300.5802	0	0.7075405120849609	1051.747811794281	818	573	1026.8656649589539	498
2025-02-13 22:07:29,545 - INFO - 	167	768771310385.1858	0	0.7210474014282227	1053.3860836029053	821	573	1028.3468642234802	501
2025-02-13 22:07:31,339 - INFO - 	168	764401916727.8499	0	0.7375574111938477	1055.1800096035004	824	573	1029.9806711673737	504
2025-02-13 22:07:32,972 - INFO - 	169	761767068942.3861	0	0.7517497539520264	1056.8130564689636	827	573	1031.4559588432312	507
2025-02-13 22:07:34,579 - INFO - 	170	759454541046.7566	0	0.7583515644073486	1058.4199333190918	830	573	1032.9127600193024	510
2025-02-13 22:07:36,385 - INFO - 	171	755457093777.1674	0	0.7769033908843994	1060.2259333133698	833	573	1034.556176662445	513
2025-02-13 22:07:38,054 - INFO - 	172	752430595364.0192	0	0.7949120998382568	1061.8942744731903	836	573	1036.0630004405975	516
2025-02-13 22:07:39,821 - INFO - 	173	747661358783.5557	0	0.8124802112579346	1063.6610596179962	839	573	1037.6682524681091	519
2025-02-13 22:07:41,525 - INFO - 	174	745821406593.2893	0	0.8250324726104736	1065.3654606342316	842	573	1039.2162101268768	522
2025-02-13 22:07:43,248 - INFO - 	175	731197337959.9211	0	0.8368663787841797	1067.0881624221802	845	573	1040.7835562229156	525
2025-02-13 22:07:44,873 - INFO - 	176	730862634406.7507	0	0.8404214382171631	1068.713430404663	848	573	1042.261684179306	528
2025-02-13 22:07:46,594 - INFO - 	177	726837259447.5691	0	0.854975700378418	1070.433803319931	851	573	1043.8237228393555	531
2025-02-13 22:07:48,432 - INFO - 	178	725708441370.4695	0	0.8691470623016357	1072.2724125385284	854	573	1045.5043997764587	534
2025-02-13 22:07:50,303 - INFO - 	179	722812070333.2595	0	0.8792579174041748	1074.143301486969	857	573	1047.2215809822083	537
2025-02-13 22:07:51,976 - INFO - 	180	721509118493.4949	0	0.8934237957000732	1075.8158502578735	860	573	1048.7359416484833	540
2025-02-13 22:07:53,762 - INFO - 	181	719326413964.5417	0	0.9017155170440674	1077.6012461185455	863	573	1050.3692467212677	543
2025-02-13 22:07:55,511 - INFO - 	182	713743468437.144	0	0.9223723411560059	1079.3502490520477	866	573	1051.954525232315	546
2025-02-13 22:07:57,262 - INFO - 	183	707580721544.0896	0	0.9323742389678955	1081.1018681526184	869	573	1053.5523540973663	549
2025-02-13 22:07:59,140 - INFO - 	184	707212647863.0872	0	0.9363229274749756	1082.9793832302094	872	573	1055.2821717262268	552
2025-02-13 22:08:01,053 - INFO - 	185	701714281316.1692	0	0.9548497200012207	1084.8920543193817	875	573	1057.0329039096832	555
2025-02-13 22:08:02,729 - INFO - 	186	692719276235.4711	0	0.9774487018585205	1086.5677525997162	878	573	1058.5420887470245	558
2025-02-13 22:08:04,499 - INFO - 	187	686411461553.9036	0	1.0023777484893799	1088.3378856182098	881	573	1060.1438446044922	561
2025-02-13 22:08:06,175 - INFO - 	188	682563125165.0121	0	1.0220718383789062	1090.014206647873	884	573	1061.6570851802826	564
2025-02-13 22:08:07,860 - INFO - 	189	679222385027.643	0	1.0345737934112549	1091.6990494728088	887	573	1063.1858124732971	567
2025-02-13 22:08:09,579 - INFO - 	190	669880419654.0383	0	1.0430378913879395	1093.4181382656097	890	573	1064.753155708313	570
2025-02-13 22:08:11,239 - INFO - 	191	669880385707.662	0	1.060835838317871	1095.078016281128	893	573	1066.2508289813995	573
2025-02-13 22:08:12,968 - INFO - 	192	669237842125.9773	0	1.075782060623169	1096.8060200214386	896	573	1067.8205270767212	576
2025-02-13 22:08:14,585 - INFO - 	193	666883394775.1277	0	1.0947790145874023	1098.4229049682617	899	573	1069.2750730514526	579
2025-02-13 22:08:16,293 - INFO - 	194	660406271424.5212	0	1.1124622821807861	1100.1317420005798	902	573	1070.8224277496338	582
2025-02-13 22:08:17,937 - INFO - 	195	656669441714.9171	0	1.1312839984893799	1101.7749190330505	905	573	1072.3028609752655	585
2025-02-13 22:08:19,594 - INFO - 	196	651161382881.1593	0	1.1522080898284912	1103.4316971302032	908	573	1073.7954363822937	588
2025-02-13 22:08:21,196 - INFO - 	197	645188760867.3748	0	1.171861171722412	1105.034213066101	911	573	1075.234492301941	591
2025-02-13 22:08:22,854 - INFO - 	198	633198635976.6478	0	1.1930363178253174	1106.6916980743408	914	573	1076.7267174720764	594
2025-02-13 22:08:24,435 - INFO - 	199	630794313062.596	0	1.2129912376403809	1108.2726001739502	917	573	1078.1443583965302	597
2025-02-13 22:08:26,014 - INFO - 	200	628283684331.3705	0	1.2262001037597656	1109.8519673347473	920	573	1079.567008972168	600
2025-02-13 22:08:27,653 - INFO - 	201	626001488863.7445	0	1.2444672584533691	1111.4909522533417	923	573	1081.04372215271	603
2025-02-13 22:08:29,216 - INFO - 	202	623702233294.7512	0	1.2611560821533203	1113.0539374351501	926	573	1082.4466829299927	606
2025-02-13 22:08:30,831 - INFO - 	203	618353107814.5907	0	1.2772860527038574	1114.668072462082	929	573	1083.900485754013	609
2025-02-13 22:08:32,348 - INFO - 	204	606891681391.9565	0	1.2962398529052734	1116.1854803562164	932	573	1085.255198955536	612
2025-02-13 22:08:33,947 - INFO - 	205	600022005418.9637	0	1.3176848888397217	1117.7842512130737	935	573	1086.688933134079	615
2025-02-13 22:08:35,582 - INFO - 	206	596375920682.5969	0	1.340561866760254	1119.4186942577362	938	573	1088.1575174331665	618
2025-02-13 22:08:37,171 - INFO - 	207	596045078272.1776	0	1.3570308685302734	1121.0074973106384	941	573	1089.5866606235504	621
2025-02-13 22:08:38,819 - INFO - 	208	589090625508.9172	0	1.3692610263824463	1122.6556582450867	944	573	1091.078644990921	624
2025-02-13 22:08:40,457 - INFO - 	209	582504170440.741	0	1.3827691078186035	1124.2941744327545	947	573	1092.5605490207672	627
2025-02-13 22:08:42,166 - INFO - 	210	578158782842.642	0	1.4029531478881836	1126.0030505657196	950	573	1094.1061339378357	630
2025-02-13 22:08:43,941 - INFO - 	211	570799712630.7738	0	1.4225950241088867	1127.777595281601	953	573	1095.7175483703613	633
2025-02-13 22:08:45,486 - INFO - 	212	562563468393.542	0	1.4375579357147217	1129.3224513530731	956	573	1097.10289311409	636
2025-02-13 22:08:47,089 - INFO - 	213	557553409955.5228	0	1.464181900024414	1130.9249894618988	959	573	1098.534904718399	639
2025-02-13 22:08:48,789 - INFO - 	214	556427321750.7543	0	1.4798541069030762	1132.6249544620514	962	573	1100.0754425525665	642
2025-02-13 22:08:50,541 - INFO - 	215	554083603478.6805	0	1.507087230682373	1134.376763343811	965	573	1101.6561195850372	645
2025-02-13 22:08:52,222 - INFO - 	216	551482181217.955	0	1.5320582389831543	1136.0580072402954	968	573	1103.1690754890442	648
2025-02-13 22:08:53,983 - INFO - 	217	547137350599.402	0	1.5494751930236816	1137.8185670375824	971	573	1104.7690196037292	651
2025-02-13 22:08:55,765 - INFO - 	218	542024663658.43274	0	1.5805222988128662	1139.601103067398	974	573	1106.3763437271118	654
2025-02-13 22:08:57,519 - INFO - 	219	535840617389.5066	0	1.5899341106414795	1141.3543920516968	977	573	1107.976924419403	657
2025-02-13 22:08:59,183 - INFO - 	220	526351137837.10333	0	1.6085872650146484	1143.0188422203064	980	573	1109.4789559841156	660
2025-02-13 22:09:00,835 - INFO - 	221	522398979066.3516	0	1.631535291671753	1144.670390367508	983	573	1110.9631996154785	663
2025-02-13 22:09:02,386 - INFO - 	222	513037549487.2731	0	1.6373143196105957	1146.221357345581	986	573	1112.3649563789368	666
2025-02-13 22:09:04,029 - INFO - 	223	512979429924.90546	0	1.6545193195343018	1147.864312171936	989	573	1113.847297668457	669
2025-02-13 22:09:05,585 - INFO - 	224	507435822042.4872	0	1.6620864868164062	1149.4201893806458	992	573	1115.251531124115	672
2025-02-13 22:09:07,207 - INFO - 	225	500602570692.8284	0	1.6891305446624756	1151.0417954921722	995	573	1116.7025678157806	675
2025-02-13 22:09:08,769 - INFO - 	226	491022842389.6795	0	1.7128996849060059	1152.603596687317	998	573	1118.0967679023743	678
2025-02-13 22:09:10,389 - INFO - 	227	484839850496.45526	0	1.7314808368682861	1154.2239828109741	1001	573	1119.5551316738129	681
2025-02-13 22:09:12,067 - INFO - 	228	478145588224.7408	0	1.7425167560577393	1155.90145945549	1004	573	1121.07781624794	684
2025-02-13 22:09:13,791 - INFO - 	229	474160041178.5352	0	1.760589838027954	1157.6255564689636	1007	573	1122.639901638031	687
2025-02-13 22:09:15,400 - INFO - 	230	473248023775.1286	0	1.7782347202301025	1159.2344052791595	1010	573	1124.0867717266083	690
2025-02-13 22:09:17,048 - INFO - 	231	465779790538.0132	0	1.8139560222625732	1160.8829152584076	1013	573	1125.5554678440094	693
2025-02-13 22:09:18,644 - INFO - 	232	464095257935.23	0	1.834496021270752	1162.4784603118896	1016	573	1126.9868290424347	696
2025-02-13 22:09:20,244 - INFO - 	233	464095257935.2299	0	1.846771240234375	1164.0785584449768	1019	573	1128.4311246871948	699
2025-02-13 22:09:21,804 - INFO - 	234	461186322045.07404	0	1.867077112197876	1165.6380233764648	1022	573	1129.8265917301178	702
2025-02-13 22:09:23,449 - INFO - 	235	458950675223.7867	0	1.903757095336914	1167.282992362976	1025	573	1131.291133403778	705
2025-02-13 22:09:25,013 - INFO - 	236	454769352915.61694	0	1.9285733699798584	1168.847350358963	1028	573	1132.686880350113	708
2025-02-13 22:09:26,705 - INFO - 	237	445759353825.7455	0	1.953972339630127	1170.5392854213715	1031	573	1134.1850843429565	711
2025-02-13 22:09:28,285 - INFO - 	238	438373345769.1046	0	1.9726414680480957	1172.1188423633575	1034	573	1135.6026785373688	714
2025-02-13 22:09:29,850 - INFO - 	239	436632223382.3997	0	1.9893662929534912	1173.6840953826904	1037	573	1137.0077493190765	717
2025-02-13 22:09:31,490 - INFO - 	240	434179516666.0065	0	2.018174171447754	1175.3239333629608	1040	573	1138.4757285118103	720
2025-02-13 22:09:33,142 - INFO - 	241	419046345625.54266	0	2.046627998352051	1176.9750661849976	1043	573	1139.9540791511536	723
2025-02-13 22:09:34,759 - INFO - 	242	414332761045.4878	0	2.0726661682128906	1178.592095375061	1046	573	1141.4011986255646	726
2025-02-13 22:09:36,425 - INFO - 	243	403042031516.352	0	2.100813388824463	1180.2578704357147	1049	573	1142.8952560424805	729
2025-02-13 22:09:37,914 - INFO - 	244	392422784368.8616	0	2.1290385723114014	1181.7468683719635	1052	573	1144.2128658294678	732
2025-02-13 22:09:39,618 - INFO - 	245	383106950317.06	0	2.1687512397766113	1183.451206445694	1055	573	1145.7330842018127	735
2025-02-13 22:09:41,227 - INFO - 	246	378029195795.4103	0	2.1911864280700684	1185.0601165294647	1058	573	1147.1762812137604	738
2025-02-13 22:09:42,878 - INFO - 	247	373279687677.66864	0	2.213832378387451	1186.7111506462097	1061	573	1148.6608228683472	741
2025-02-13 22:09:44,543 - INFO - 	248	372550698223.2585	0	2.241696357727051	1188.3760979175568	1064	573	1150.1548504829407	744
2025-02-13 22:09:46,123 - INFO - 	249	371958467400.70715	0	2.2667713165283203	1189.9558522701263	1067	573	1151.5657334327698	747
2025-02-13 22:09:47,714 - INFO - 	250	367557931470.0772	0	2.2944283485412598	1191.5464673042297	1070	573	1152.9852514266968	750
2025-02-13 22:09:49,379 - INFO - 	251	363812510572.27814	0	2.3115897178649902	1193.2114424705505	1073	573	1154.4888372421265	753
2025-02-13 22:09:51,114 - INFO - 	252	362893680637.9864	0	2.346832752227783	1194.945865392685	1076	573	1156.044772386551	756
2025-02-13 22:09:52,797 - INFO - 	253	362124137227.49713	0	2.3755948543548584	1196.6293439865112	1079	573	1157.5558822154999	759
2025-02-13 22:09:54,419 - INFO - 	254	360268686109.354	0	2.398455858230591	1198.2507078647614	1082	573	1159.0102231502533	762
2025-02-13 22:09:56,318 - INFO - 	255	354992405899.6148	0	2.4275126457214355	1200.1504700183868	1085	573	1160.737479686737	765
2025-02-13 22:09:58,071 - INFO - 	256	350474347993.0697	0	2.460655689239502	1201.9032897949219	1088	573	1162.313402891159	768
2025-02-13 22:09:59,618 - INFO - 	257	348396004053.697	0	2.494586706161499	1203.449721813202	1091	573	1163.68239569664	771
2025-02-13 22:10:01,172 - INFO - 	258	342181915602.5862	0	2.520474672317505	1205.003828048706	1094	573	1165.0670247077942	774
2025-02-13 22:10:02,778 - INFO - 	259	340409634710.68317	0	2.5415525436401367	1206.6097979545593	1097	573	1166.508261680603	777
2025-02-13 22:10:04,371 - INFO - 	260	335286933206.23285	0	2.5723013877868652	1208.202075958252	1100	573	1167.9262163639069	780
2025-02-13 22:10:06,064 - INFO - 	261	332476684075.2977	0	2.5784316062927246	1209.8959231376648	1103	573	1169.4701611995697	783
2025-02-13 22:10:07,687 - INFO - 	262	332343536525.8722	0	2.6011266708374023	1211.5186228752136	1106	573	1170.9269542694092	786
2025-02-13 22:10:09,398 - INFO - 	263	326214515350.2683	0	2.6163387298583984	1213.2288308143616	1109	573	1172.4782209396362	789
2025-02-13 22:10:10,980 - INFO - 	264	316829043752.10565	0	2.648042678833008	1214.8116760253906	1112	573	1173.8862414360046	792
2025-02-13 22:10:12,733 - INFO - 	265	313493863297.56635	0	2.681577682495117	1216.5639200210571	1115	573	1175.4612185955048	795
2025-02-13 22:10:14,382 - INFO - 	266	303805230403.4376	0	2.7170116901397705	1218.2125749588013	1118	573	1176.9304835796356	798
2025-02-13 22:10:16,037 - INFO - 	267	300187134261.8185	0	2.7486414909362793	1219.8679587841034	1121	573	1178.4083187580109	801
2025-02-13 22:10:17,755 - INFO - 	268	297080511055.61066	0	2.774981737136841	1221.5863246917725	1124	573	1179.9563176631927	804
2025-02-13 22:10:19,462 - INFO - 	269	294959347419.8659	0	2.8092808723449707	1223.292353630066	1127	573	1181.483838558197	807
2025-02-13 22:10:21,081 - INFO - 	270	292978148585.71136	0	2.8488616943359375	1224.9116291999817	1130	573	1182.919626712799	810
2025-02-13 22:10:22,798 - INFO - 	271	291949078614.0916	0	2.882805824279785	1226.62850522995	1133	573	1184.4586505889893	813
2025-02-13 22:10:24,510 - INFO - 	272	289927229580.7756	0	2.91690993309021	1228.340276479721	1136	573	1185.992490530014	816
2025-02-13 22:10:26,259 - INFO - 	273	285955083076.8076	0	2.950018882751465	1230.08984041214	1139	573	1187.5646376609802	819
2025-02-13 22:10:27,935 - INFO - 	274	280380691162.62616	0	2.9794037342071533	1231.7653234004974	1142	573	1189.066324710846	822
2025-02-13 22:10:29,630 - INFO - 	275	275970664914.0614	0	3.0120999813079834	1233.4604382514954	1145	573	1190.5837349891663	825
2025-02-13 22:10:31,243 - INFO - 	276	270846683144.12778	0	3.0522780418395996	1235.0726912021637	1148	573	1192.0121958255768	828
2025-02-13 22:10:32,838 - INFO - 	277	264874287063.90405	0	3.0713348388671875	1236.6680493354797	1151	573	1193.4442684650421	831
2025-02-13 22:10:34,496 - INFO - 	278	260779787996.35678	0	3.11207914352417	1238.325566291809	1154	573	1194.9176805019379	834
2025-02-13 22:10:35,982 - INFO - 	279	257896577426.83322	0	3.1256372928619385	1239.8119490146637	1157	573	1196.2463643550873	837
2025-02-13 22:10:37,625 - INFO - 	280	257633800570.73727	0	3.1511120796203613	1241.4545693397522	1160	573	1197.7193932533264	840
2025-02-13 22:10:39,283 - INFO - 	281	256826458877.30093	0	3.190661907196045	1243.1126363277435	1163	573	1199.1942074298859	843
2025-02-13 22:10:40,774 - INFO - 	282	255973033554.15622	0	3.2235100269317627	1244.6036114692688	1166	573	1200.5087406635284	846
2025-02-13 22:10:42,299 - INFO - 	283	253624569790.68933	0	3.260891914367676	1246.1287026405334	1169	573	1201.8520588874817	849
2025-02-13 22:10:43,927 - INFO - 	284	252642233515.9428	0	3.2975728511810303	1247.75661277771	1172	573	1203.2992508411407	852
2025-02-13 22:10:45,536 - INFO - 	285	252430456858.1838	0	3.3224897384643555	1249.3655350208282	1175	573	1204.7377717494965	855
2025-02-13 22:10:47,223 - INFO - 	286	251671868768.9623	0	3.3511645793914795	1251.052031993866	1178	573	1206.2515089511871	858
2025-02-13 22:10:48,775 - INFO - 	287	243449162461.20868	0	3.380497455596924	1252.6044437885284	1181	573	1207.630830526352	861
2025-02-13 22:10:50,362 - INFO - 	288	242017366567.7809	0	3.3933775424957275	1254.1904938220978	1184	573	1209.0606956481934	864
2025-02-13 22:10:51,896 - INFO - 	289	227973968437.23856	0	3.4208505153656006	1255.72460770607	1187	573	1210.4239737987518	867
2025-02-13 22:10:53,503 - INFO - 	290	221912640620.2441	0	3.4704246520996094	1257.3321657180786	1190	573	1211.8376936912537	870
2025-02-13 22:10:55,075 - INFO - 	291	218155486040.4265	0	3.5166234970092773	1258.903784751892	1193	573	1213.2191457748413	873
2025-02-13 22:10:56,702 - INFO - 	292	204020794466.3255	0	3.5460455417633057	1260.5304896831512	1196	573	1214.6730670928955	876
2025-02-13 22:10:58,200 - INFO - 	293	201621427564.5762	0	3.5761044025421143	1262.0285465717316	1199	573	1215.9970712661743	879
2025-02-13 22:10:59,818 - INFO - 	294	198689939689.3858	0	3.599898338317871	1263.6466183662415	1202	573	1217.4471244812012	882
2025-02-13 22:11:01,329 - INFO - 	295	194843278329.59732	0	3.640848159790039	1265.1576263904572	1205	573	1218.7733335494995	885
2025-02-13 22:11:02,896 - INFO - 	296	194123302766.63928	0	3.6617414951324463	1266.7240736484528	1208	573	1220.1748106479645	888
2025-02-13 22:11:04,470 - INFO - 	297	194123302766.63928	0	3.684182643890381	1268.2982306480408	1211	573	1221.5823013782501	891
2025-02-13 22:11:05,967 - INFO - 	298	192358476232.0499	0	3.6977434158325195	1269.7947344779968	1214	573	1222.921336889267	894
2025-02-13 22:11:07,618 - INFO - 	299	189092275324.9024	0	3.728224277496338	1271.4463183879852	1217	573	1224.3988018035889	897
2025-02-13 22:11:09,221 - INFO - 	300	186222333451.60187	0	3.7678563594818115	1273.0483140945435	1220	573	1225.8167054653168	900
2025-02-13 22:11:10,896 - INFO - 	301	181100101270.23767	0	3.790445327758789	1274.723196029663	1223	573	1227.325272321701	903
2025-02-13 22:11:12,482 - INFO - 	302	178590926049.35663	0	3.8178963661193848	1276.3097670078278	1226	573	1228.7407493591309	906
2025-02-13 22:11:14,145 - INFO - 	303	174300294569.60413	0	3.845423460006714	1277.9723980426788	1229	573	1230.2314941883087	909
2025-02-13 22:11:15,725 - INFO - 	304	173762771653.39334	0	3.8694705963134766	1279.552186012268	1232	573	1231.6432709693909	912
2025-02-13 22:11:17,335 - INFO - 	305	173734192158.31506	0	3.8850467205047607	1281.1618478298187	1235	573	1233.0940415859222	915
2025-02-13 22:11:18,952 - INFO - 	306	167265328344.76834	0	3.9278547763824463	1282.7794227600098	1238	573	1234.5248460769653	918
2025-02-13 22:11:20,551 - INFO - 	307	164849258124.039	0	3.977114677429199	1284.3778705596924	1241	573	1235.929672241211	921
2025-02-13 22:11:22,064 - INFO - 	308	164027608986.4589	0	4.004487752914429	1285.8913595676422	1244	573	1237.2720000743866	924
2025-02-13 22:11:23,696 - INFO - 	309	159076375605.42377	0	4.043158531188965	1287.5224168300629	1247	573	1238.7208693027496	927
2025-02-13 22:11:25,310 - INFO - 	310	156286291280.5612	0	4.081542491912842	1289.1366798877716	1250	573	1240.1523644924164	930
2025-02-13 22:11:26,949 - INFO - 	311	153383129719.33215	0	4.12285041809082	1290.7758572101593	1253	573	1241.6068902015686	933
2025-02-13 22:11:28,526 - INFO - 	312	150000143206.21484	0	4.156061410903931	1292.3526740074158	1256	573	1243.0066812038422	936
2025-02-13 22:11:30,146 - INFO - 	313	145781664262.36462	0	4.181527376174927	1293.972697019577	1259	573	1244.4577016830444	939
2025-02-13 22:11:31,689 - INFO - 	314	140362207804.9601	0	4.2244956493377686	1295.5154342651367	1262	573	1245.8136558532715	942
2025-02-13 22:11:33,337 - INFO - 	315	139663159708.4308	0	4.260270833969116	1297.162751197815	1265	573	1247.2820873260498	945
2025-02-13 22:11:35,023 - INFO - 	316	136981828675.94481	0	4.299443960189819	1298.849217414856	1268	573	1248.786170244217	948
2025-02-13 22:11:36,713 - INFO - 	317	133610552252.90831	0	4.351985931396484	1300.5393424034119	1271	573	1250.2804174423218	951
2025-02-13 22:11:38,301 - INFO - 	318	125663882500.11028	0	4.388550758361816	1302.1270623207092	1274	573	1251.6875431537628	954
2025-02-13 22:11:39,783 - INFO - 	319	119948992049.01901	0	4.39823055267334	1303.6092002391815	1277	573	1253.0161392688751	957
2025-02-13 22:11:41,338 - INFO - 	320	117594568464.9048	0	4.434562683105469	1305.1635341644287	1280	573	1254.3901600837708	960
2025-02-13 22:11:42,966 - INFO - 	321	116814459420.87225	0	4.473358869552612	1306.7913389205933	1283	573	1255.835642337799	963
2025-02-13 22:11:44,491 - INFO - 	322	114925394062.81316	0	4.525416851043701	1308.3167989253998	1286	573	1257.1651430130005	966
2025-02-13 22:11:46,104 - INFO - 	323	113684473056.74594	0	4.571408748626709	1309.9294579029083	1289	573	1258.5878930091858	969
2025-02-13 22:11:47,545 - INFO - 	324	113684473056.74593	0	4.604522466659546	1311.3700938224792	1292	573	1259.8516612052917	972
2025-02-13 22:11:49,057 - INFO - 	325	113182928128.21933	0	4.636171579360962	1312.8818607330322	1295	573	1261.187954902649	975
2025-02-13 22:11:50,561 - INFO - 	326	108464899151.48132	0	4.687573432922363	1314.3856599330902	1298	573	1262.4962000846863	978
2025-02-13 22:11:52,162 - INFO - 	327	105216307188.45967	0	4.723704099655151	1315.9867777824402	1301	573	1263.9176275730133	981
2025-02-13 22:11:53,665 - INFO - 	328	104584402047.30786	0	4.75187611579895	1317.4901938438416	1304	573	1265.2487785816193	984
2025-02-13 22:11:55,100 - INFO - 	329	102283066306.18317	0	4.783505201339722	1318.9248294830322	1307	573	1266.507530450821	987
2025-02-13 22:11:56,749 - INFO - 	330	101680641362.39433	0	4.817010164260864	1320.57337641716	1310	573	1267.9789838790894	990
2025-02-13 22:11:58,267 - INFO - 	331	101272406266.72536	0	4.844197034835815	1322.0912475585938	1313	573	1269.3259255886078	993
2025-02-13 22:11:59,900 - INFO - 	332	98032102249.83661	0	4.894407033920288	1323.7247142791748	1316	573	1270.765727519989	996
2025-02-13 22:12:01,428 - INFO - 	333	98028306680.63635	0	4.91563606262207	1325.2520403862	1319	573	1272.1277616024017	999
2025-02-13 22:12:03,048 - INFO - 	334	98001366195.18521	0	4.94519305229187	1326.8726336956024	1322	573	1273.5751214027405	1002
2025-02-13 22:12:04,564 - INFO - 	335	95268932576.28035	0	4.978736400604248	1328.388456583023	1325	573	1274.9135282039642	1005
2025-02-13 22:12:06,209 - INFO - 	336	91588317136.50658	0	5.019397497177124	1330.0325894355774	1328	573	1276.3733050823212	1008
2025-02-13 22:12:07,796 - INFO - 	337	89548612898.76324	0	5.0548036098480225	1331.6201343536377	1331	573	1277.7816643714905	1011
2025-02-13 22:12:09,472 - INFO - 	338	88709473496.94058	0	5.0831615924835205	1333.2956261634827	1334	573	1279.2850227355957	1014
2025-02-13 22:12:11,113 - INFO - 	339	86439595447.2846	0	5.115151643753052	1334.9367849826813	1337	573	1280.7505729198456	1017
2025-02-13 22:12:12,783 - INFO - 	340	82853287585.9316	0	5.1554648876190186	1336.6067290306091	1340	573	1282.2371027469635	1020
2025-02-13 22:12:14,412 - INFO - 	341	80787186264.21367	0	5.193832874298096	1338.2356040477753	1343	573	1283.6838014125824	1023
2025-02-13 22:12:16,079 - INFO - 	342	76050293672.5343	0	5.241903066635132	1339.902302980423	1346	573	1285.1586031913757	1026
2025-02-13 22:12:17,621 - INFO - 	343	74416837583.25114	0	5.280945062637329	1341.4445459842682	1349	573	1286.5182709693909	1029
2025-02-13 22:12:19,176 - INFO - 	344	67119267474.32802	0	5.320836067199707	1342.9989459514618	1352	573	1287.8887660503387	1032
2025-02-13 22:12:20,847 - INFO - 	345	64309989107.78602	0	5.360197067260742	1344.6698060035706	1355	573	1289.376965045929	1035
2025-02-13 22:12:22,479 - INFO - 	346	61943308270.395424	0	5.423177242279053	1346.3018758296967	1358	573	1290.802894115448	1038
2025-02-13 22:12:24,099 - INFO - 	347	59423907148.8572	0	5.449935436248779	1347.9223010540009	1361	573	1292.2526714801788	1041
2025-02-13 22:12:25,742 - INFO - 	348	54373918692.16908	0	5.492705821990967	1349.564442873001	1364	573	1293.708803653717	1044
2025-02-13 22:12:27,423 - INFO - 	349	52522201672.95622	0	5.518955707550049	1351.2459919452667	1367	573	1295.2202017307281	1047
2025-02-13 22:12:28,945 - INFO - 	350	48564805565.044586	0	5.5396506786346436	1352.7676577568054	1370	573	1296.5777316093445	1050
2025-02-13 22:12:30,625 - INFO - 	351	43246586542.6279	0	5.583115816116333	1354.447632074356	1373	573	1298.0706644058228	1053
2025-02-13 22:12:32,227 - INFO - 	352	38725079128.73036	0	5.619691848754883	1356.0489780902863	1376	573	1299.4922893047333	1056
2025-02-13 22:12:33,871 - INFO - 	353	35806838854.728836	0	5.6757588386535645	1357.6930038928986	1379	573	1300.9365713596344	1059
2025-02-13 22:12:35,409 - INFO - 	354	33540196427.958504	0	5.7270119190216064	1359.2309448719025	1382	573	1302.2790644168854	1062
2025-02-13 22:12:37,007 - INFO - 	355	26777415919.7251	0	5.767184734344482	1360.829316854477	1385	573	1303.6936242580414	1065
2025-02-13 22:12:38,730 - INFO - 	356	23958362761.410793	0	5.81913161277771	1362.551974773407	1388	573	1305.2126953601837	1068
2025-02-13 22:12:40,423 - INFO - 	357	22414817060.23209	0	5.8602635860443115	1364.2448618412018	1391	573	1306.720677614212	1071
2025-02-13 22:12:42,052 - INFO - 	358	18229685411.612724	0	5.891935586929321	1365.8739666938782	1394	573	1308.1746757030487	1074
2025-02-13 22:12:43,737 - INFO - 	359	15699438098.229418	0	5.96864128112793	1367.5581276416779	1397	573	1309.638371706009	1077
2025-02-13 22:12:45,426 - INFO - 	360	15648145700.158745	0	5.980619192123413	1369.2470877170563	1400	573	1311.1717338562012	1080
2025-02-13 22:12:47,086 - INFO - 	361	12937622932.128618	0	6.028537034988403	1370.9078388214111	1403	573	1312.640226840973	1083
2025-02-13 22:12:48,789 - INFO - 	362	9682382100.883265	0	6.077412128448486	1372.6100687980652	1406	573	1314.1497430801392	1086
2025-02-13 22:12:50,411 - INFO - 	363	5135853844.845744	0	6.1187989711761475	1374.2317526340485	1409	573	1315.585429906845	1089
2025-02-13 22:12:52,056 - INFO - 	364	1386144076.6924524	0	6.130967855453491	1375.8774855136871	1412	573	1317.075824022293	1092
2025-02-13 22:12:53,640 - INFO - 	365	330645954.24696094	0	6.1761369705200195	1377.4606466293335	1415	573	1318.4691798686981	1095
2025-02-13 22:12:55,261 - INFO - 	366	1559.7482969924856	0	6.187347888946533	1379.0822865962982	1418	573	1319.9360206127167	1098
2025-02-13 22:12:57,217 - INFO - 	367	1555.974232670927	0	6.191308975219727	1381.0379574298859	1421	573	1321.7437739372253	1101
2025-02-13 22:12:59,118 - INFO - 	368	1541.349969741022	0	6.196284294128418	1382.9387612342834	1424	573	1323.495679616928	1104
2025-02-13 22:13:01,118 - INFO - 	369	1524.8976333893738	0	6.207813262939453	1384.9381651878357	1427	573	1325.3400077819824	1107
2025-02-13 22:13:03,055 - INFO - 	370	1495.3920396079432	0	6.219482183456421	1386.8755271434784	1430	573	1327.1222658157349	1110
2025-02-13 22:13:05,073 - INFO - 	371	1474.3712077229916	0	6.227179050445557	1388.8929960727692	1433	573	1328.9878594875336	1113
2025-02-13 22:13:07,008 - INFO - 	372	1459.8600221976612	0	6.2378339767456055	1390.8284151554108	1436	573	1330.7690057754517	1116
2025-02-13 22:13:08,983 - INFO - 	373	1448.8786233251005	0	6.245877981185913	1392.8027651309967	1439	573	1332.5917477607727	1119
2025-02-13 22:13:10,883 - INFO - 	374	1442.1082171869843	0	6.253525018692017	1394.7029192447662	1442	573	1334.3403072357178	1122
2025-02-13 22:13:12,870 - INFO - 	375	1431.2871963433934	0	6.2619640827178955	1396.689842224121	1445	573	1336.1741752624512	1125
2025-02-13 22:13:14,801 - INFO - 	376	1425.5312776247783	0	6.269577264785767	1398.6203422546387	1448	573	1337.9536991119385	1128
2025-02-13 22:13:16,787 - INFO - 	377	1411.2160869637257	0	6.281145334243774	1400.6065881252289	1451	573	1339.7851920127869	1131
2025-02-13 22:13:18,787 - INFO - 	378	1403.0305183678172	0	6.289934158325195	1402.6061432361603	1454	573	1341.6318881511688	1134
2025-02-13 22:13:20,714 - INFO - 	379	1388.8861169402721	0	6.298323154449463	1404.5339171886444	1457	573	1343.4073960781097	1137
2025-02-13 22:13:22,706 - INFO - 	380	1377.205994687958	0	6.309161186218262	1406.5251882076263	1460	573	1345.2436079978943	1140
2025-02-13 22:13:24,708 - INFO - 	381	1370.1350026952991	0	6.320280313491821	1408.5271742343903	1463	573	1347.0908584594727	1143
2025-02-13 22:13:26,720 - INFO - 	382	1360.1783611188032	0	6.331426382064819	1410.5388259887695	1466	573	1348.9477376937866	1146
2025-02-13 22:13:28,664 - INFO - 	383	1357.471065892632	0	6.338493347167969	1412.4827909469604	1469	573	1350.7410309314728	1149
2025-02-13 22:13:30,684 - INFO - 	384	1350.6173984530408	0	6.349008321762085	1414.5032799243927	1472	573	1352.6067719459534	1152
2025-02-13 22:13:32,690 - INFO - 	385	1347.1182135254514	0	6.359221458435059	1416.5090010166168	1475	573	1354.4587697982788	1155
2025-02-13 22:13:34,636 - INFO - 	386	1340.7721933663254	0	6.368151426315308	1418.4547560214996	1478	573	1356.2520022392273	1158
2025-02-13 22:13:36,634 - INFO - 	387	1339.5656915758223	0	6.375652551651001	1420.4523749351501	1481	573	1358.0950400829315	1161
2025-02-13 22:13:38,638 - INFO - 	388	1336.2545615717086	0	6.38576340675354	1422.4567699432373	1484	573	1359.9457740783691	1164
2025-02-13 22:13:40,540 - INFO - 	389	1333.6432811439706	0	6.39174222946167	1424.3589429855347	1487	573	1361.6983292102814	1167
2025-02-13 22:13:42,547 - INFO - 	390	1333.6432811439706	0	6.396065950393677	1426.3650290966034	1490	573	1363.5571203231812	1170
2025-02-13 22:13:44,499 - INFO - 	391	1331.0549128992764	0	6.404866933822632	1428.317344903946	1493	573	1365.3570544719696	1173
2025-02-13 22:13:46,480 - INFO - 	392	1327.1567381841	0	6.414434909820557	1430.2976949214935	1496	573	1367.1837892532349	1176
2025-02-13 22:13:48,401 - INFO - 	393	1325.1570906851143	0	6.4238080978393555	1432.2188239097595	1499	573	1368.9509160518646	1179
2025-02-13 22:13:50,381 - INFO - 	394	1319.9901173663136	0	6.4304749965667725	1434.1989178657532	1502	573	1370.7810060977936	1182
2025-02-13 22:13:52,364 - INFO - 	395	1315.225102318729	0	6.441309928894043	1436.1823146343231	1505	573	1372.6100730895996	1185
2025-02-13 22:13:54,339 - INFO - 	396	1311.345767659393	0	6.45029616355896	1438.156754732132	1508	573	1374.4319813251495	1188
2025-02-13 22:13:56,295 - INFO - 	397	1306.7939454819013	0	6.462830305099487	1440.112432718277	1511	573	1376.2315759658813	1191
2025-02-13 22:13:58,308 - INFO - 	398	1303.5600760797945	0	6.4693684577941895	1442.1252927780151	1514	573	1378.09433054924	1194
2025-02-13 22:14:00,276 - INFO - 	399	1301.129066801626	0	6.476983308792114	1444.09383893013	1517	573	1379.9120998382568	1197
2025-02-13 22:14:02,178 - INFO - 	400	1294.1368199071944	0	6.490528345108032	1445.995234966278	1520	573	1381.6562571525574	1200
2025-02-13 22:14:04,204 - INFO - 	401	1290.2424533480762	0	6.500852346420288	1448.020937204361	1523	573	1383.5278820991516	1203
2025-02-13 22:14:06,265 - INFO - 	402	1287.6804297257322	0	6.510302305221558	1450.0821151733398	1526	573	1385.435931444168	1206
2025-02-13 22:14:08,201 - INFO - 	403	1286.6680432258765	0	6.5180394649505615	1452.0181951522827	1529	573	1387.220722436905	1209
2025-02-13 22:14:10,218 - INFO - 	404	1284.9560402193047	0	6.526017427444458	1454.035206079483	1532	573	1389.0860080718994	1212
2025-02-13 22:14:12,149 - INFO - 	405	1282.2800426411845	0	6.533925294876099	1455.966057062149	1535	573	1390.8657248020172	1215
2025-02-13 22:14:14,169 - INFO - 	406	1279.8262561685508	0	6.544191360473633	1457.9853360652924	1538	573	1392.7308025360107	1218
2025-02-13 22:14:16,110 - INFO - 	407	1278.9427935858644	0	6.551915407180786	1459.9266397953033	1541	573	1394.5204741954803	1221
2025-02-13 22:14:18,170 - INFO - 	408	1277.8728959517377	0	6.558450222015381	1461.9863557815552	1544	573	1396.4300301074982	1224
2025-02-13 22:14:20,179 - INFO - 	409	1276.5048371257296	0	6.5667383670806885	1463.9955036640167	1547	573	1398.286981344223	1227
2025-02-13 22:14:22,088 - INFO - 	410	1273.8395102806453	0	6.574506521224976	1465.90456366539	1550	573	1400.0440492630005	1230
2025-02-13 22:14:24,015 - INFO - 	411	1271.6993371333394	0	6.582599401473999	1467.831327676773	1553	573	1401.8187668323517	1233
2025-02-13 22:14:26,023 - INFO - 	412	1270.8407314181122	0	6.589306354522705	1469.8388726711273	1556	573	1403.6760268211365	1236
2025-02-13 22:14:28,008 - INFO - 	413	1268.635175289617	0	6.599926471710205	1471.8240776062012	1559	573	1405.5072298049927	1239
2025-02-13 22:14:29,968 - INFO - 	414	1265.984023001918	0	6.609597682952881	1473.7836484909058	1562	573	1407.3134350776672	1242
2025-02-13 22:14:31,965 - INFO - 	415	1264.343947454868	0	6.618230819702148	1475.7809765338898	1565	573	1409.157873392105	1245
2025-02-13 22:14:33,874 - INFO - 	416	1263.5961879267738	0	6.628308057785034	1477.690247297287	1568	573	1410.9137303829193	1248
2025-02-13 22:14:35,865 - INFO - 	417	1262.4423121839461	0	6.635569095611572	1479.6807322502136	1571	573	1412.753410577774	1251
2025-02-13 22:14:37,875 - INFO - 	418	1259.8080211173456	0	6.644027233123779	1481.6904754638672	1574	573	1414.610832452774	1254
2025-02-13 22:14:39,882 - INFO - 	419	1258.0953699852305	0	6.651031970977783	1483.6973764896393	1577	573	1416.466323375702	1257
2025-02-13 22:14:41,881 - INFO - 	420	1254.7964339590078	0	6.659624814987183	1485.6967794895172	1580	573	1418.312926530838	1260
2025-02-13 22:14:43,829 - INFO - 	421	1254.0642610868717	0	6.667158842086792	1487.644342660904	1583	573	1420.1091203689575	1263
2025-02-13 22:14:45,822 - INFO - 	422	1252.0731341163332	0	6.673446893692017	1489.6374337673187	1586	573	1421.9515585899353	1266
2025-02-13 22:14:47,852 - INFO - 	423	1250.2359995757026	0	6.6805689334869385	1491.6673738956451	1589	573	1423.8310010433197	1269
2025-02-13 22:14:49,798 - INFO - 	424	1249.5431217567477	0	6.686223030090332	1493.6129500865936	1592	573	1425.627191543579	1272
2025-02-13 22:14:51,784 - INFO - 	425	1249.3140838980025	0	6.6920599937438965	1495.599280834198	1595	573	1427.4639265537262	1275
2025-02-13 22:14:53,812 - INFO - 	426	1248.8704505716998	0	6.698060989379883	1497.6266648769379	1598	573	1429.3418455123901	1278
2025-02-13 22:14:55,804 - INFO - 	427	1246.4566082630447	0	6.704150915145874	1499.6190240383148	1601	573	1431.1845695972443	1281
2025-02-13 22:14:57,831 - INFO - 	428	1245.5545129632137	0	6.712561130523682	1501.6455290317535	1604	573	1433.0584256649017	1284
2025-02-13 22:14:59,835 - INFO - 	429	1245.228864433744	0	6.718069076538086	1503.6493592262268	1607	573	1434.913046836853	1287
2025-02-13 22:15:01,757 - INFO - 	430	1244.238523238108	0	6.723982095718384	1505.5717360973358	1610	573	1436.6857707500458	1290
2025-02-13 22:15:03,726 - INFO - 	431	1242.7805743420263	0	6.73193621635437	1507.5398001670837	1613	573	1438.5022296905518	1293
2025-02-13 22:15:05,645 - INFO - 	432	1241.711183267163	0	6.737482309341431	1509.4590332508087	1616	573	1440.2722165584564	1296
2025-02-13 22:15:07,652 - INFO - 	433	1240.1562942460525	0	6.743861436843872	1511.4661571979523	1619	573	1442.128859758377	1299
2025-02-13 22:15:09,662 - INFO - 	434	1238.511218298448	0	6.750887632369995	1513.475636959076	1622	573	1443.9870653152466	1302
2025-02-13 22:15:11,618 - INFO - 	435	1237.5175941517634	0	6.760922431945801	1515.4314000606537	1625	573	1445.789220571518	1305
2025-02-13 22:15:13,618 - INFO - 	436	1235.0756999925582	0	6.766104459762573	1517.4319651126862	1628	573	1447.6412780284882	1308
2025-02-13 22:15:15,665 - INFO - 	437	1233.2648913988237	0	6.775839567184448	1519.479016304016	1631	573	1449.5349009037018	1311
2025-02-13 22:15:17,637 - INFO - 	438	1231.8742917899947	0	6.784258604049683	1521.4509234428406	1634	573	1451.3542251586914	1314
2025-02-13 22:15:19,704 - INFO - 	439	1231.0171240702507	0	6.792254447937012	1523.5171053409576	1637	573	1453.2691769599915	1317
2025-02-13 22:15:21,775 - INFO - 	440	1230.701683761272	0	6.797745227813721	1525.58882021904	1640	573	1455.1919722557068	1320
2025-02-13 22:15:23,735 - INFO - 	441	1229.7987158039034	0	6.805585145950317	1527.5486721992493	1643	573	1457.0000474452972	1323
2025-02-13 22:15:25,927 - INFO - 	442	1229.2943864536726	0	6.812133073806763	1529.7403440475464	1646	573	1459.0412204265594	1326
2025-02-13 22:15:27,979 - INFO - 	443	1229.0694194727328	0	6.8195531368255615	1531.7918148040771	1649	573	1460.9414374828339	1329
2025-02-13 22:15:29,967 - INFO - 	444	1228.311673413542	0	6.828809976577759	1533.7802517414093	1652	573	1462.7766735553741	1332
2025-02-13 22:15:32,005 - INFO - 	445	1228.1455452362316	0	6.833023309707642	1535.8179078102112	1655	573	1464.6663913726807	1335
2025-02-13 22:15:34,018 - INFO - 	446	1227.9793592861329	0	6.83932638168335	1537.8308374881744	1658	573	1466.529459476471	1338
2025-02-13 22:15:36,001 - INFO - 	447	1227.8075470513859	0	6.844793319702148	1539.8131504058838	1661	573	1468.3604249954224	1341
2025-02-13 22:15:38,021 - INFO - 	448	1227.142481470831	0	6.852603197097778	1541.833283662796	1664	573	1470.2290360927582	1344
2025-02-13 22:15:40,033 - INFO - 	449	1226.761989838327	0	6.859540224075317	1543.8458626270294	1667	573	1472.0908901691437	1347
2025-02-13 22:15:41,982 - INFO - 	450	1226.1751445272364	0	6.867504119873047	1545.794472694397	1670	573	1473.8880302906036	1350
2025-02-13 22:15:44,028 - INFO - 	451	1225.7472528385792	0	6.87359619140625	1547.8397467136383	1673	573	1475.7836277484894	1353
2025-02-13 22:15:46,071 - INFO - 	452	1224.9517382423392	0	6.887984991073608	1549.8826727867126	1676	573	1477.6682817935944	1356
2025-02-13 22:15:48,104 - INFO - 	453	1224.1717339349898	0	6.897017002105713	1551.9159801006317	1679	573	1479.548942565918	1359
2025-02-13 22:15:50,074 - INFO - 	454	1223.9393691693012	0	6.901340007781982	1553.8862080574036	1682	573	1481.3713665008545	1362
2025-02-13 22:15:52,061 - INFO - 	455	1223.7984210020297	0	6.912423849105835	1555.8729131221771	1685	573	1483.2031288146973	1365
2025-02-13 22:15:54,074 - INFO - 	456	1223.5115208833515	0	6.920407056808472	1557.885930776596	1688	573	1485.0646209716797	1368
2025-02-13 22:15:56,051 - INFO - 	457	1223.062018925903	0	6.927335977554321	1559.8624467849731	1691	573	1486.8896658420563	1371
2025-02-13 22:15:57,993 - INFO - 	458	1222.7985025845426	0	6.940491676330566	1561.8045608997345	1694	573	1488.674885749817	1374
2025-02-13 22:16:00,032 - INFO - 	459	1222.4233066725988	0	6.951664447784424	1563.8435609340668	1697	573	1490.5589838027954	1377
2025-02-13 22:16:02,039 - INFO - 	460	1221.9999999999995	0	6.969486474990845	1565.8502340316772	1700	573	1492.4044058322906	1380
2025-02-13 22:16:08,336 - INFO - 	461	1221.9999999999993	4.251678228378296	6.978667497634888	1572.147027015686	1702	573	1494.296846628189	1382
2025-02-13 22:16:14,498 - INFO - 	462	1222.000000000001	8.408957242965698	6.98302435874939	1578.3094210624695	1704	573	1496.1530923843384	1384
2025-02-13 22:16:28,588 - INFO - 	463	1222.0	20.550546884536743	6.986269235610962	1592.399411201477	1706	573	1497.9536664485931	1384
2025-02-13 22:16:42,459 - INFO - 
ya no tiene columnas con costo reducido negative
2025-02-13 22:16:42,460 - INFO - Set parameter OutputFlag to value 1
2025-02-13 22:16:42,461 - INFO - Set parameter LogFile to value "logs_new/salida_modelo_caminos_320_567_5.log"
2025-02-13 22:16:42,462 - INFO - Set parameter TimeLimit to value 7200
2025-02-13 22:16:42,462 - INFO - Gurobi Optimizer version 11.0.1 build v11.0.1rc0 (mac64[arm] - Darwin 24.3.0 24D60)
2025-02-13 22:16:42,463 - INFO - 
2025-02-13 22:16:42,463 - INFO - CPU model: Apple M2
2025-02-13 22:16:42,464 - INFO - Thread count: 8 physical cores, 8 logical processors, using up to 8 threads
2025-02-13 22:16:42,464 - INFO - 
2025-02-13 22:16:42,464 - INFO - Optimize a model with 573 rows, 1706 columns and 7059 nonzeros
2025-02-13 22:16:42,465 - INFO - Coefficient statistics:
2025-02-13 22:16:42,465 - INFO -   Matrix range     [1e+00, 1e+00]
2025-02-13 22:16:42,465 - INFO -   Objective range  [2e+00, 1e+10]
2025-02-13 22:16:42,466 - INFO -   Bounds range     [0e+00, 0e+00]
2025-02-13 22:16:42,466 - INFO -   RHS range        [1e+00, 2e+02]
2025-02-13 22:16:42,466 - INFO - Warning: Model contains large objective coefficients
2025-02-13 22:16:42,467 - INFO -          Consider reformulating model or setting NumericFocus parameter
2025-02-13 22:16:42,467 - INFO -          to avoid numerical issues.
2025-02-13 22:16:42,467 - INFO - 
2025-02-13 22:16:42,468 - INFO - Solved in 0 iterations and 0.00 seconds (0.00 work units)
2025-02-13 22:16:42,468 - INFO - Optimal objective  1.222000000e+03
2025-02-13 22:16:42,469 - INFO - Gurobi Optimizer version 11.0.1 build v11.0.1rc0 (mac64[arm] - Darwin 24.3.0 24D60)
2025-02-13 22:16:42,470 - INFO - 
2025-02-13 22:16:42,470 - INFO - CPU model: Apple M2
2025-02-13 22:16:42,470 - INFO - Thread count: 8 physical cores, 8 logical processors, using up to 8 threads
2025-02-13 22:16:42,471 - INFO - 
2025-02-13 22:16:42,471 - INFO - Optimize a model with 573 rows, 1706 columns and 7059 nonzeros
2025-02-13 22:16:42,472 - INFO - Model fingerprint: 0x5c8a9088
2025-02-13 22:16:42,472 - INFO - Variable types: 0 continuous, 1706 integer (1706 binary)
2025-02-13 22:16:42,472 - INFO - Coefficient statistics:
2025-02-13 22:16:42,472 - INFO -   Matrix range     [1e+00, 1e+00]
2025-02-13 22:16:42,473 - INFO -   Objective range  [2e+00, 1e+10]
2025-02-13 22:16:42,473 - INFO -   Bounds range     [0e+00, 0e+00]
2025-02-13 22:16:42,473 - INFO -   RHS range        [1e+00, 2e+02]
2025-02-13 22:16:42,473 - INFO - Warning: Model contains large objective coefficients
2025-02-13 22:16:42,474 - INFO -          Consider reformulating model or setting NumericFocus parameter
2025-02-13 22:16:42,474 - INFO -          to avoid numerical issues.
2025-02-13 22:16:42,474 - INFO - Found heuristic solution: objective 3.200000e+12
2025-02-13 22:16:42,483 - INFO - Presolve removed 250 rows and 0 columns
2025-02-13 22:16:42,483 - INFO - Presolve time: 0.01s
2025-02-13 22:16:42,483 - INFO - Presolved: 323 rows, 1706 columns, 6824 nonzeros
2025-02-13 22:16:42,484 - INFO - Variable types: 0 continuous, 1706 integer (1706 binary)
2025-02-13 22:16:42,485 - INFO - Found heuristic solution: objective 3.150000e+12
2025-02-13 22:16:42,531 - INFO - 
2025-02-13 22:16:42,531 - INFO - Root relaxation: objective 1.222000e+03, 1574 iterations, 0.05 seconds (0.09 work units)
2025-02-13 22:16:42,555 - INFO - 
2025-02-13 22:16:42,555 - INFO -     Nodes    |    Current Node    |     Objective Bounds      |     Work
2025-02-13 22:16:42,555 - INFO -  Expl Unexpl |  Obj  Depth IntInf | Incumbent    BestBd   Gap | It/Node Time
2025-02-13 22:16:42,556 - INFO - 
2025-02-13 22:16:42,557 - INFO -      0     0 1222.00000    0  253 3.1500e+12 1222.00000   100%     -    0s
2025-02-13 22:16:42,557 - INFO - H    0     0                    3.900000e+11 1222.00000   100%     -    0s
2025-02-13 22:16:42,558 - INFO - H    0     0                    3.700000e+11 1222.00000   100%     -    0s
2025-02-13 22:16:42,559 - INFO - H    0     0                    3.100000e+11 1222.00000   100%     -    0s
2025-02-13 22:16:42,562 - INFO - H    0     0                    2.500000e+11 1222.00000   100%     -    0s
2025-02-13 22:16:42,695 - INFO -      0     0 1222.29718    0  283 2.5000e+11 1222.29718   100%     -    0s
2025-02-13 22:16:42,792 - INFO - H    0     0                    2.400000e+11 1222.74546   100%     -    0s
2025-02-13 22:16:42,795 - INFO -      0     0 1222.78455    0  288 2.4000e+11 1222.78455   100%     -    0s
2025-02-13 22:16:42,801 - INFO - H    0     0                    2.000000e+11 1222.78455   100%     -    0s
2025-02-13 22:16:42,805 - INFO -      0     0 1222.78455    0  289 2.0000e+11 1222.78455   100%     -    0s
2025-02-13 22:16:42,807 - INFO -      0     0 1222.78455    0  291 2.0000e+11 1222.78455   100%     -    0s
2025-02-13 22:16:42,860 - INFO -      0     0 1223.20495    0  289 2.0000e+11 1223.20495   100%     -    0s
2025-02-13 22:16:42,868 - INFO -      0     0 1223.26965    0  285 2.0000e+11 1223.26965   100%     -    0s
2025-02-13 22:16:42,889 - INFO -      0     0 1223.38070    0  303 2.0000e+11 1223.38070   100%     -    0s
2025-02-13 22:16:42,893 - INFO - H    0     0                    1.900000e+11 1223.38070   100%     -    0s
2025-02-13 22:16:42,895 - INFO -      0     0 1223.38602    0  304 1.9000e+11 1223.38602   100%     -    0s
2025-02-13 22:16:42,911 - INFO -      0     0 1223.47731    0  303 1.9000e+11 1223.47731   100%     -    0s
2025-02-13 22:16:42,917 - INFO -      0     0 1223.48504    0  300 1.9000e+11 1223.48504   100%     -    0s
2025-02-13 22:16:42,921 - INFO -      0     0 1223.49243    0  302 1.9000e+11 1223.49243   100%     -    0s
2025-02-13 22:16:42,924 - INFO -      0     0 1223.49280    0  306 1.9000e+11 1223.49280   100%     -    0s
2025-02-13 22:16:42,952 - INFO -      0     0 1223.54514    0  306 1.9000e+11 1223.54514   100%     -    0s
2025-02-13 22:16:42,991 - INFO - H    0     0                    1.900000e+11 1223.54514   100%     -    0s
2025-02-13 22:16:43,016 - INFO -      0     2 1223.54610    0  306 1.9000e+11 1223.54610   100%     -    0s
2025-02-13 22:16:43,093 - INFO - H   31    40                    1.800000e+11 1225.37416   100%   106    0s
2025-02-13 22:16:43,094 - INFO - H   32    40                    1.600000e+11 1225.38299   100%   104    0s
2025-02-13 22:16:43,173 - INFO - H   79    82                    1.500000e+11 1226.46866   100%  97.4    0s
2025-02-13 22:16:43,543 - INFO - H  113   116                    1.400000e+11 1226.46866   100%  92.6    1s
2025-02-13 22:16:43,544 - INFO - H  114   116                    1.200000e+11 1226.46866   100%  92.9    1s
2025-02-13 22:16:43,804 - INFO - H  148   157                    9.000000e+10 1226.46866   100%  94.2    1s
2025-02-13 22:16:45,041 - INFO - H  920   929                    9.000000e+10 1226.46866   100%  84.0    2s
2025-02-13 22:16:45,325 - INFO - H  929   938                    8.999999e+10 1226.46866   100%  83.8    2s
2025-02-13 22:16:45,381 - INFO - H  952   967                    7.000000e+10 1226.46866   100%  84.1    2s
2025-02-13 22:16:47,301 - INFO - H 1772  1591                    6.999987e+10 1226.88639   100%  80.9    4s
2025-02-13 22:16:47,899 - INFO -   1803  1616 1229.57775   24  266 7.0000e+10 1226.88639   100%  81.4    5s
2025-02-13 22:16:52,628 - INFO -   3544  2671 1.6828e+10   86  242 7.0000e+10 1226.88639   100%  78.2   10s
2025-02-13 22:16:55,560 - INFO - H 4984  3366                    6.000000e+10 1226.88639   100%  76.0   13s
2025-02-13 22:16:55,561 - INFO - H 5015  3127                    5.000000e+10 1226.88639   100%  76.0   13s
2025-02-13 22:16:57,218 - INFO - H 6302  4079                    4.999997e+10 1226.88639   100%  75.2   14s
2025-02-13 22:16:58,179 - INFO -   6413  4159 1.8018e+10   95  255 5.0000e+10 1226.88639   100%  74.8   15s
2025-02-13 22:16:58,180 - INFO - H 6492  4159                    4.999996e+10 1226.88639   100%  74.7   15s
2025-02-13 22:17:02,627 - INFO -   9110  6420 3.3523e+09   60  245 5.0000e+10 1228.03957   100%  72.9   20s
2025-02-13 22:17:08,281 - INFO -  12453  9267 1303.67701   42  223 5.0000e+10 1229.38538   100%  74.2   25s
2025-02-13 22:17:12,927 - INFO -  16456 12932 3.4126e+10   88  258 5.0000e+10 1230.22516   100%  71.2   30s
2025-02-13 22:17:17,642 - INFO -  19958 15730 1245.63141   26  280 5.0000e+10 1230.82303   100%  70.2   35s
2025-02-13 22:17:22,902 - INFO -  23412 19567 1.2982e+10  109  239 5.0000e+10 1231.28163   100%  69.6   40s
2025-02-13 22:17:36,169 - INFO -  29514 24113 1244.52288   26  306 5.0000e+10 1231.84979   100%  69.3   53s
2025-02-13 22:17:37,793 - INFO -  29591 24173 1248.25097   34  271 5.0000e+10 1231.84979   100%  69.4   55s
2025-02-13 22:17:42,517 - INFO -  31056 25106 1.7923e+10   91  243 5.0000e+10 1231.84979   100%  70.1   60s
2025-02-13 22:17:47,578 - INFO -  33527 26457 3.3104e+10   94  178 5.0000e+10 1231.84979   100%  71.4   65s
2025-02-13 22:17:52,662 - INFO -  35645 27694 2.3879e+07   54  250 5.0000e+10 1231.84979   100%  71.9   70s
2025-02-13 22:17:53,603 - INFO - H36435 26670                    4.999996e+10 1231.84979   100%  72.0   71s
2025-02-13 22:17:58,873 - INFO -  37753 27317 1380.35445   61  256 5.0000e+10 1231.84979   100%  72.6   76s
2025-02-13 22:18:03,426 - INFO -  38715 27875 1241.64680   36  281 5.0000e+10 1231.84979   100%  73.1   80s
2025-02-13 22:18:07,674 - INFO -  41750 29997 4.4443e+10   75  236 5.0000e+10 1232.01311   100%  74.1   85s
2025-02-13 22:18:12,659 - INFO -  44596 31615 1.9677e+10  101  261 5.0000e+10 1232.64411   100%  74.7   90s
2025-02-13 22:18:17,896 - INFO -  47863 33631 2.4558e+10   99  245 5.0000e+10 1233.26648   100%  75.0   95s
2025-02-13 22:18:23,384 - INFO -  51979 36058 3.1455e+10  118  249 5.0000e+10 1233.72975   100%  75.2  100s
2025-02-13 22:18:28,647 - INFO -  57246 38487 2.5675e+10  148  272 5.0000e+10 1234.35637   100%  74.5  106s
2025-02-13 22:18:32,683 - INFO -  63268 40960 3.4405e+09   72  235 5.0000e+10 1234.81301   100%  73.7  110s
2025-02-13 22:18:37,672 - INFO -  69719 44453 1.6772e+10  108  244 5.0000e+10 1235.42068   100%  72.6  115s
2025-02-13 22:18:42,752 - INFO -  79772 50441 2.9827e+10  109  236 5.0000e+10 1236.00405   100%  71.1  120s
2025-02-13 22:18:47,614 - INFO -  86598 54522 8.4207e+09   76  233 5.0000e+10 1236.44596   100%  70.9  125s
2025-02-13 22:18:52,618 - INFO -  89155 56337 9.1294e+09   90  236 5.0000e+10 1236.53107   100%  70.3  130s
2025-02-13 22:18:57,713 - INFO -  100090 61939 infeasible  167      5.0000e+10 1236.90198   100%  68.4  135s
2025-02-13 22:19:02,945 - INFO -  108916 68833 1266.83802   42  267 5.0000e+10 1237.19484   100%  68.0  140s
2025-02-13 22:19:08,137 - INFO -  118826 79283 1321.09124   56  250 5.0000e+10 1237.65483   100%  66.6  145s
2025-02-13 22:19:12,560 - INFO -  130970 88521 2.2436e+08   61  247 5.0000e+10 1238.07388   100%  65.1  150s
2025-02-13 22:19:17,669 - INFO -  140948 97136 1346.71789   47  230 5.0000e+10 1238.47425   100%  64.2  155s
2025-02-13 22:19:22,697 - INFO -  151273 105922 4.3440e+09   90  236 5.0000e+10 1238.66857   100%  63.3  160s
2025-02-13 22:19:27,963 - INFO -  162079 114743 1.5812e+10   63  255 5.0000e+10 1238.99003   100%  63.0  165s
2025-02-13 22:19:33,352 - INFO -  170786 122107 3.3637e+10  150  246 5.0000e+10 1239.24501   100%  62.5  170s
2025-02-13 22:19:37,715 - INFO -  183229 133540 1279.70612   52  266 5.0000e+10 1239.56432   100%  61.6  175s
2025-02-13 22:19:42,560 - INFO -  192226 141064 3.1614e+10  115  251 5.0000e+10 1239.79339   100%  61.2  180s
2025-02-13 22:19:47,743 - INFO -  200557 148833 1.0679e+10   92  262 5.0000e+10 1239.94711   100%  60.5  185s
2025-02-13 22:19:52,575 - INFO -  213483 159753 1278.59365   42  265 5.0000e+10 1240.21868   100%  59.6  190s
2025-02-13 22:19:54,268 - INFO - H217707 156525                    4.000000e+10 1240.30517   100%  59.3  191s
2025-02-13 22:19:57,648 - INFO -  225556 163482 2.0000e+10   67  257 4.0000e+10 1240.45428   100%  58.8  195s
2025-02-13 22:19:58,294 - INFO - H226310 126186                    2.000000e+10 1240.45428   100%  58.7  195s
2025-02-13 22:20:02,472 - INFO -  235018 133958 1283.11800   47  254 2.0000e+10 1240.77919   100%  58.6  200s
2025-02-13 22:20:07,774 - INFO -  245222 141635 1337.52289   53  254 2.0000e+10 1241.02013   100%  58.3  205s
2025-02-13 22:20:12,503 - INFO -  252796 149877 1349.11075   58  256 2.0000e+10 1241.20577   100%  58.2  210s
2025-02-13 22:20:12,509 - INFO - H252903 149464                    2.000000e+10 1241.20577   100%  58.2  210s
2025-02-13 22:20:15,076 - INFO - H260057 153333                    2.000000e+10 1241.35604   100%  58.0  212s
2025-02-13 22:20:16,465 - INFO - H261542 154488                    2.000000e+10 1241.41874   100%  58.0  213s
2025-02-13 22:20:17,496 - INFO -  263864 157275 9.6921e+07   62  249 2.0000e+10 1241.48446   100%  57.9  215s
2025-02-13 22:20:22,654 - INFO -  277577 168509 1.0165e+10   74  248 2.0000e+10 1241.78541   100%  57.4  220s
2025-02-13 22:20:27,754 - INFO -  288200 177464 1337.98461   46  253 2.0000e+10 1242.04595   100%  57.1  225s
2025-02-13 22:20:32,636 - INFO -  298864 186123 5.8200e+08   61  242 2.0000e+10 1242.25168   100%  56.7  230s
2025-02-13 22:20:37,656 - INFO -  306296 192076 1.0000e+10   56  256 2.0000e+10 1242.41194   100%  56.5  235s
2025-02-13 22:36:52,946 - INFO -  309379 194570 1269.42740   40  273 2.0000e+10 1242.45353   100%  56.5 1210s
2025-02-13 22:36:57,518 - INFO -  318629 202307 1334.39662   55  233 2.0000e+10 1242.66534   100%  56.4 1215s
2025-02-13 22:37:02,743 - INFO -  330962 212296 1.3110e+10   90  229 2.0000e+10 1242.90325   100%  56.1 1220s
2025-02-13 22:37:04,719 - INFO - H336650 216630                    2.000000e+10 1243.00563   100%  55.8 1222s
2025-02-13 22:37:07,758 - INFO -  342607 221800     cutoff   52      2.0000e+10 1243.13096   100%  55.7 1225s
2025-02-13 22:37:10,070 - INFO - H348447 226604                    2.000000e+10 1243.21142   100%  55.6 1227s
2025-02-13 22:37:12,772 - INFO -  353602 231226 9.5609e+09   84  254 2.0000e+10 1243.31456   100%  55.5 1230s
2025-02-13 22:37:17,769 - INFO -  363379 238487 2.2109e+09   64  232 2.0000e+10 1243.48070   100%  55.5 1235s
2025-02-13 22:37:22,902 - INFO -  371820 246698 1389.00795   64  258 2.0000e+10 1243.61841   100%  55.2 1240s
2025-02-13 22:37:27,815 - INFO -  381690 254240 1331.49726   54  252 2.0000e+10 1243.75194   100%  55.1 1245s
2025-02-13 22:37:32,917 - INFO -  390540 260804 1321.94700   53  232 2.0000e+10 1243.88696   100%  54.8 1250s
2025-02-13 22:37:37,624 - INFO -  400673 270090 1282.51509   46  240 2.0000e+10 1244.02512   100%  54.6 1255s
2025-02-13 22:52:38,945 - INFO -  401471 271402 1295.32994   47  253 2.0000e+10 1244.03708   100%  54.6 2156s
2025-02-13 22:52:42,521 - INFO -  407494 275768 1252.59705   37  270 2.0000e+10 1244.12070   100%  54.5 2160s
2025-02-13 22:52:47,719 - INFO -  420047 286703 1.2920e+10  113  231 2.0000e+10 1244.25746   100%  54.3 2165s
2025-02-13 22:52:53,132 - INFO -  434075 297459 1285.96580   52  260 2.0000e+10 1244.45949   100%  54.0 2170s
2025-02-13 22:52:57,865 - INFO -  446354 308582 1269.23904   45  264 2.0000e+10 1244.62921   100%  53.9 2175s
2025-02-13 22:53:02,797 - INFO -  457397 316567 6.4247e+09   76  225 2.0000e+10 1244.76132   100%  53.7 2180s
2025-02-13 22:53:07,472 - INFO -  466636 324138 1299.32913   52  250 2.0000e+10 1244.86597   100%  53.5 2185s
2025-02-13 22:53:12,752 - INFO -  480906 336056 1261.48088   38  262 2.0000e+10 1245.05256   100%  53.2 2190s
2025-02-13 22:53:17,606 - INFO -  492851 347040 1392.35464   74  238 2.0000e+10 1245.17528   100%  53.0 2195s
2025-02-13 22:53:22,705 - INFO -  502480 354807 4.7545e+09   92  261 2.0000e+10 1245.28514   100%  52.9 2200s
2025-02-13 22:53:27,584 - INFO -  510225 361176 1321.63043   58  277 2.0000e+10 1245.37928   100%  52.8 2205s
2025-02-13 22:53:32,741 - INFO -  522435 370630 6.6809e+09   56  240 2.0000e+10 1245.50680   100%  52.6 2210s
2025-02-13 22:53:37,621 - INFO -  534102 381132 4.9356e+09   96  270 2.0000e+10 1245.61995   100%  52.5 2215s
2025-02-13 22:53:42,579 - INFO -  542818 388417 9.6881e+08   77  256 2.0000e+10 1245.70538   100%  52.4 2220s
2025-02-13 22:53:47,755 - INFO -  553099 396384 9.6671e+09  120  255 2.0000e+10 1245.79457   100%  52.4 2225s
2025-02-13 22:53:52,878 - INFO -  561929 402970 1259.58432   42  270 2.0000e+10 1245.89702   100%  52.3 2230s
2025-02-13 22:53:57,426 - INFO - H575269 414057                    1.999999e+10 1246.01003   100%  52.2 2234s
2025-02-13 22:53:57,440 - INFO - H575317 414056                    1.999998e+10 1246.01003   100%  52.2 2234s
2025-02-13 22:53:57,759 - INFO -  575404 414693 1290.77561   53  268 2.0000e+10 1246.01181   100%  52.2 2235s
2025-02-13 22:53:59,300 - INFO - H579461 417538                    1.999998e+10 1246.03713   100%  52.1 2236s
2025-02-13 22:54:02,581 - INFO -  585598 423358 1336.88076   53  242 2.0000e+10 1246.12119   100%  52.0 2240s
2025-02-13 22:54:07,501 - INFO -  599956 434626 1333.44689   46  249 2.0000e+10 1246.24767   100%  51.8 2245s
2025-02-13 22:54:12,642 - INFO -  610883 443783 infeasible  122      2.0000e+10 1246.34442   100%  51.6 2250s
2025-02-13 22:54:19,660 - INFO -  624645 460390 1270.71482   40  270 2.0000e+10 1246.44876   100%  51.3 2257s
2025-02-13 22:54:22,537 - INFO -  634590 463917 1264.40408   44  280 2.0000e+10 1246.52953   100%  51.3 2260s
2025-02-13 22:54:26,018 - INFO - H643803 471274                    1.999998e+10 1246.60637   100%  51.3 2263s
2025-02-13 22:54:27,572 - INFO -  647596 473733 5.2002e+09  107  258 2.0000e+10 1246.63322   100%  51.2 2265s
2025-02-13 22:54:32,742 - INFO -  660145 484229 1296.57154   59  247 2.0000e+10 1246.73675   100%  51.1 2270s
2025-02-13 22:54:38,822 - INFO -  670983 497861 1284.70977   48  240 2.0000e+10 1246.82299   100%  50.9 2276s
2025-02-13 22:54:42,588 - INFO -  682769 503980 1290.24829   56  247 2.0000e+10 1246.91453   100%  50.8 2280s
2025-02-13 22:54:47,668 - INFO -  697738 516442 1276.87258   49  271 2.0000e+10 1247.02085   100%  50.6 2285s
2025-02-13 22:54:52,587 - INFO -  708660 525539 4.8149e+09   72  267 2.0000e+10 1247.11656   100%  50.5 2290s
2025-02-13 22:54:58,318 - INFO -  716608 537811 3.7087e+09   72  245 2.0000e+10 1247.16812   100%  50.4 2295s
2025-02-13 22:55:02,637 - INFO -  731186 544981 1307.01711   50  241 2.0000e+10 1247.27990   100%  50.3 2300s
2025-02-13 22:55:07,919 - INFO -  743605 554251 1297.56931   47  252 2.0000e+10 1247.37176   100%  50.2 2305s
2025-02-13 22:55:12,575 - INFO -  753983 563245 1281.01698   43  266 2.0000e+10 1247.43307   100%  50.1 2310s
2025-02-13 22:55:17,478 - INFO -  769416 576008 1254.83669   44  263 2.0000e+10 1247.54753   100%  49.9 2315s
2025-02-13 22:55:22,504 - INFO -  780002 584430 1.0372e+09   71  253 2.0000e+10 1247.63045   100%  49.9 2320s
2025-02-13 22:55:27,716 - INFO -  792256 595272 infeasible   51      2.0000e+10 1247.70471   100%  49.7 2325s
2025-02-13 22:55:32,473 - INFO -  802567 603139 1327.39187   51  244 2.0000e+10 1247.76440   100%  49.6 2330s
2025-02-13 22:55:37,476 - INFO -  816974 615629 6.1779e+08   60  260 2.0000e+10 1247.85865   100%  49.4 2335s
2025-02-13 22:55:42,628 - INFO -  831811 628016 1.1065e+10   98  239 2.0000e+10 1247.95176   100%  49.3 2340s
2025-02-13 22:55:47,638 - INFO -  843555 637615 1264.15929   43  255 2.0000e+10 1248.01494   100%  49.1 2345s
2025-02-13 22:55:52,604 - INFO -  852337 647425 1.0000e+10   48  248 2.0000e+10 1248.07108   100%  49.1 2350s
2025-02-13 22:55:57,658 - INFO -  866303 656792 1.1933e+09   76  257 2.0000e+10 1248.16450   100%  49.0 2355s
2025-02-13 22:56:02,521 - INFO -  880329 668393 1309.70848   54  260 2.0000e+10 1248.24649   100%  48.9 2360s
2025-02-13 22:56:07,628 - INFO -  891867 678038 1388.77235   39  236 2.0000e+10 1248.31059   100%  48.8 2365s
2025-02-13 22:56:12,752 - INFO -  905034 688640 1298.99440   45  271 2.0000e+10 1248.39016   100%  48.6 2370s
2025-02-13 22:56:17,598 - INFO -  919007 700921 1252.74013   43  279 2.0000e+10 1248.46287   100%  48.5 2375s
2025-02-13 22:56:22,536 - INFO -  931445 711055 3.5587e+09   85  254 2.0000e+10 1248.53534   100%  48.5 2380s
2025-02-13 22:56:27,871 - INFO -  942694 720858 1279.81106   49  254 2.0000e+10 1248.59803   100%  48.4 2385s
2025-02-13 22:56:32,904 - INFO -  957857 733460 4.4935e+08   65  261 2.0000e+10 1248.69090   100%  48.2 2390s
2025-02-13 22:56:37,810 - INFO -  970310 743318 1.1386e+09   58  253 2.0000e+10 1248.76273   100%  48.2 2395s
2025-02-13 22:56:43,606 - INFO -  973233 751284 1295.72257   44  278 2.0000e+10 1248.77224   100%  48.2 2401s
2025-02-13 22:56:47,476 - INFO -  991997 760823 1265.28316   51  272 2.0000e+10 1248.87607   100%  48.1 2405s
2025-02-13 22:56:52,869 - INFO -  1006963 772641 9.9907e+09   90  241 2.0000e+10 1248.94183   100%  48.0 2410s
2025-02-13 22:56:53,536 - INFO - H1007361 772995                    1.999998e+10 1248.94364   100%  48.0 2411s
2025-02-13 22:56:57,487 - INFO -  1017919 781853 3.4932e+09   78  251 2.0000e+10 1248.99477   100%  47.9 2415s
2025-02-13 22:57:02,638 - INFO -  1026791 789399 1276.84451   53  270 2.0000e+10 1249.03743   100%  47.9 2420s
2025-02-13 22:57:08,997 - INFO -  1041828 801512 9.6859e+08   79  257 2.0000e+10 1249.10662   100%  47.8 2426s
2025-02-13 22:57:12,714 - INFO -  1051365 810361 1293.30520   52  227 2.0000e+10 1249.15594   100%  47.7 2430s
2025-02-13 22:57:17,730 - INFO -  1063559 820936 1311.18219   57  256 2.0000e+10 1249.21195   100%  47.6 2435s
2025-02-13 22:57:22,530 - INFO -  1075863 830290 1340.73792   54  251 2.0000e+10 1249.26989   100%  47.5 2440s
2025-02-13 22:57:27,778 - INFO -  1085189 838236 1286.34105   47  248 2.0000e+10 1249.31901   100%  47.5 2445s
2025-02-13 22:57:32,609 - INFO -  1101149 851062 6.3980e+08   63  252 2.0000e+10 1249.40059   100%  47.4 2450s
2025-02-13 22:57:37,499 - INFO -  1110573 858354 1354.64133   68  240 2.0000e+10 1249.44280   100%  47.4 2455s
2025-02-13 22:57:42,792 - INFO -  1122509 868210 1262.03323   46  276 2.0000e+10 1249.50120   100%  47.4 2460s
2025-02-13 22:57:47,654 - INFO -  1131336 874448 1314.15012   55  243 2.0000e+10 1249.54653   100%  47.4 2465s
2025-02-13 22:57:52,718 - INFO -  1145240 886976 1293.43262   50  267 2.0000e+10 1249.60974   100%  47.4 2470s
2025-02-13 22:57:57,582 - INFO -  1158156 897749 2.4925e+08   63  240 2.0000e+10 1249.67257   100%  47.3 2475s
2025-02-13 22:58:02,774 - INFO -  1171488 908584 7.6051e+09  133  240 2.0000e+10 1249.72564   100%  47.3 2480s
2025-02-13 22:58:07,885 - INFO -  1182579 918591 3.6249e+09   98  249 2.0000e+10 1249.77646   100%  47.2 2485s
2025-02-13 22:58:12,603 - INFO -  1193892 927639 1274.90106   47  263 2.0000e+10 1249.82818   100%  47.1 2490s
2025-02-13 22:58:17,728 - INFO -  1206183 936587 1321.77021   49  255 2.0000e+10 1249.87386   100%  47.0 2495s
2025-02-13 22:58:22,498 - INFO -  1219343 948353 1287.50173   50  239 2.0000e+10 1249.93524   100%  47.0 2500s
2025-02-13 22:58:27,566 - INFO -  1232925 959797 3.3945e+08   61  256 2.0000e+10 1249.98952   100%  46.9 2505s
2025-02-13 22:58:32,761 - INFO -  1242195 967340 1359.23880   48  255 2.0000e+10 1250.01733   100%  46.9 2510s
2025-02-13 22:58:38,010 - INFO -  1256252 978748 6.4452e+09   89  235 2.0000e+10 1250.07938   100%  46.8 2515s
2025-02-13 22:58:42,663 - INFO -  1270071 990298 1341.86798   62  252 2.0000e+10 1250.14092   100%  46.7 2520s
2025-02-13 22:58:47,475 - INFO -  1277311 996543 1265.94438   47  253 2.0000e+10 1250.17046   100%  46.7 2525s
2025-02-13 22:58:52,510 - INFO -  1288425 1005915 7.5455e+08   52  268 2.0000e+10 1250.21140   100%  46.7 2530s
2025-02-13 22:58:57,713 - INFO -  1298078 1013408 6.2541e+08   56  263 2.0000e+10 1250.25070   100%  46.7 2535s
2025-02-13 22:59:02,574 - INFO -  1307577 1020715 1330.13323   69  251 2.0000e+10 1250.29249   100%  46.7 2540s
2025-02-13 22:59:07,962 - INFO -  1318990 1030370 1295.47414   51  268 2.0000e+10 1250.34692   100%  46.7 2545s
2025-02-13 22:59:12,595 - INFO -  1327540 1036752 2.3779e+09   62  261 2.0000e+10 1250.38262   100%  46.7 2550s
2025-02-13 22:59:17,643 - INFO -  1338584 1044900 1.0690e+10   82  238 2.0000e+10 1250.42612   100%  46.6 2555s
2025-02-13 22:59:22,949 - INFO -  1348866 1053603 7.0855e+08   74  230 2.0000e+10 1250.46429   100%  46.6 2560s
2025-02-13 22:59:27,631 - INFO -  1359126 1062729 1.3117e+10  107  243 2.0000e+10 1250.49972   100%  46.6 2565s
2025-02-13 22:59:32,538 - INFO -  1370632 1072978 1.4818e+10  118  229 2.0000e+10 1250.54804   100%  46.6 2570s
2025-02-13 22:59:37,787 - INFO -  1381231 1081502 2.3301e+09   69  265 2.0000e+10 1250.59657   100%  46.5 2575s
2025-02-13 22:59:42,816 - INFO -  1386209 1084566 1380.71218   71  248 2.0000e+10 1250.61938   100%  46.5 2580s
2025-02-13 22:59:48,058 - INFO -  1397441 1093537 2.6211e+09   78  250 2.0000e+10 1250.65663   100%  46.5 2585s
2025-02-13 22:59:52,593 - INFO -  1407757 1102766 1288.54813   48  256 2.0000e+10 1250.69437   100%  46.4 2590s
2025-02-13 22:59:57,660 - INFO -  1423072 1115931 1356.24818   63  255 2.0000e+10 1250.75594   100%  46.4 2595s
2025-02-13 23:00:04,009 - INFO -  1433749 1124324 7.8147e+09  108  260 2.0000e+10 1250.79101   100%  46.4 2601s
2025-02-13 23:00:07,573 - INFO -  1442897 1132049 1.2293e+10   55  250 2.0000e+10 1250.82470   100%  46.3 2605s
2025-02-13 23:00:14,060 - INFO -  1456174 1147806 1264.37279   47  260 2.0000e+10 1250.87226   100%  46.3 2611s
2025-02-13 23:00:17,493 - INFO -  1470273 1154957 1260.00400   48  265 2.0000e+10 1250.92464   100%  46.2 2615s
2025-02-13 23:00:23,348 - INFO -  1484533 1166136 1276.99883   42  263 2.0000e+10 1250.97115   100%  46.2 2620s
2025-02-13 23:00:28,068 - INFO -  1493715 1173564 1.2423e+10   58  253 2.0000e+10 1251.00558   100%  46.2 2625s
2025-02-13 23:00:33,268 - INFO -  1509134 1186516 1271.67442   42  258 2.0000e+10 1251.06371   100%  46.1 2630s
2025-02-13 23:00:38,496 - INFO -  1517573 1193576     cutoff  118      2.0000e+10 1251.09888   100%  46.1 2636s
2025-02-13 23:00:42,986 - INFO -  1528048 1201662 1328.04739   63  259 2.0000e+10 1251.12906   100%  46.1 2640s
2025-02-13 23:00:47,543 - INFO -  1538752 1211351 1.7144e+10   98  191 2.0000e+10 1251.16434   100%  46.1 2645s
2025-02-13 23:00:52,668 - INFO -  1550231 1221177 1281.61397   43  267 2.0000e+10 1251.20904   100%  46.1 2650s
2025-02-13 23:00:57,734 - INFO -  1561948 1230620 1254.77082   46  250 2.0000e+10 1251.24493   100%  46.0 2655s
2025-02-13 23:01:03,925 - INFO -  1578179 1242466 1255.84194   40  265 2.0000e+10 1251.29160   100%  46.0 2661s
2025-02-13 23:01:07,513 - INFO -  1588037 1251938 1270.21899   47  272 2.0000e+10 1251.33228   100%  46.0 2665s
2025-02-13 23:01:12,579 - INFO -  1597068 1259451     cutoff   84      2.0000e+10 1251.36279   100%  46.0 2670s
2025-02-13 23:01:17,699 - INFO -  1612958 1271654 1306.26617   50  255 2.0000e+10 1251.41947   100%  45.9 2675s
2025-02-13 23:01:22,681 - INFO -  1623046 1280500 4.9682e+08   58  248 2.0000e+10 1251.45311   100%  45.9 2680s
2025-02-13 23:01:28,172 - INFO -  1637177 1290980 1269.98585   54  269 2.0000e+10 1251.49982   100%  45.9 2685s
2025-02-13 23:01:32,920 - INFO -  1648611 1300162 1334.91976   63  269 2.0000e+10 1251.54134   100%  45.9 2690s
2025-02-13 23:01:37,650 - INFO -  1660578 1311388 9.3219e+09  101  256 2.0000e+10 1251.57758   100%  45.9 2695s
2025-02-13 23:01:42,938 - INFO -  1670195 1319688 1390.36575   55  233 2.0000e+10 1251.60506   100%  45.9 2700s
2025-02-13 23:01:47,737 - INFO -  1685538 1332090 1323.88575   53  256 2.0000e+10 1251.64870   100%  45.8 2705s
2025-02-13 23:01:52,778 - INFO -  1698118 1341625 1319.41340   47  259 2.0000e+10 1251.68493   100%  45.7 2710s
2025-02-13 23:01:57,875 - INFO -  1707515 1350377 1336.60014   56  251 2.0000e+10 1251.71721   100%  45.7 2715s
2025-02-13 23:02:02,803 - INFO -  1718861 1358451 1.2719e+10  113  246 2.0000e+10 1251.75476   100%  45.7 2720s
2025-02-13 23:02:07,773 - INFO -  1728431 1370157 7.4802e+08   59  237 2.0000e+10 1251.78608   100%  45.7 2725s
2025-02-13 23:02:12,785 - INFO -  1741795 1378151 6.9768e+08   55  248 2.0000e+10 1251.82627   100%  45.7 2730s
2025-02-13 23:02:17,496 - INFO -  1750977 1384695 7.4058e+08   78  263 2.0000e+10 1251.85573   100%  45.7 2735s
2025-02-13 23:02:22,694 - INFO -  1765695 1397111 1320.57545   55  236 2.0000e+10 1251.89652   100%  45.7 2740s
2025-02-13 23:02:27,867 - INFO -  1778301 1406608     cutoff  101      2.0000e+10 1251.93398   100%  45.7 2745s
2025-02-13 23:02:32,832 - INFO -  1791455 1417238 1327.96392   57  261 2.0000e+10 1251.97245   100%  45.6 2750s
2025-02-13 23:02:38,142 - INFO -  1804738 1428595 1.2693e+10   99  223 2.0000e+10 1252.01137   100%  45.6 2755s
2025-02-13 23:02:43,772 - INFO -  1815952 1437889 5.9395e+09   88  237 2.0000e+10 1252.04417   100%  45.6 2761s
2025-02-13 23:02:47,496 - INFO -  1826918 1447874 1340.88090   61  228 2.0000e+10 1252.07461   100%  45.6 2765s
2025-02-13 23:02:52,595 - INFO -  1839112 1457685 6.5704e+08   69  265 2.0000e+10 1252.11201   100%  45.5 2770s
2025-02-13 23:02:57,517 - INFO -  1849303 1466212 1.5187e+10   95  233 2.0000e+10 1252.13589   100%  45.5 2775s
2025-02-13 23:03:02,715 - INFO -  1861102 1475000 1366.21364   47  232 2.0000e+10 1252.17403   100%  45.5 2780s
2025-02-13 23:03:07,690 - INFO -  1875338 1487139 infeasible   79      2.0000e+10 1252.21216   100%  45.5 2785s
2025-02-13 23:03:12,649 - INFO -  1886199 1495471     cutoff   60      2.0000e+10 1252.24011   100%  45.5 2790s
2025-02-13 23:03:17,745 - INFO -  1898148 1505471 1362.76795   66  277 2.0000e+10 1252.27235   100%  45.5 2795s
2025-02-13 23:03:22,597 - INFO -  1910533 1515771 1.3469e+10  117  245 2.0000e+10 1252.30516   100%  45.4 2800s
2025-02-13 23:03:28,490 - INFO -  1924693 1526491 7.1942e+09   84  220 2.0000e+10 1252.34201   100%  45.4 2806s
2025-02-13 23:03:32,825 - INFO -  1933026 1534625 5.9966e+08   78  229 2.0000e+10 1252.36904   100%  45.4 2810s
2025-02-13 23:03:38,083 - INFO -  1946625 1544217 7.9754e+09  106  269 2.0000e+10 1252.40361   100%  45.4 2815s
2025-02-13 23:03:42,616 - INFO -  1958959 1555209 1328.99316   59  259 2.0000e+10 1252.43463   100%  45.4 2820s
2025-02-13 23:18:55,975 - INFO -  1965077 1559294 9.1042e+09   90  239 2.0000e+10 1252.44797   100%  45.3 3733s
2025-02-13 23:18:57,653 - INFO -  1969075 1563899 1284.15346   44  264 2.0000e+10 1252.45699   100%  45.3 3735s
2025-02-13 23:36:42,936 - INFO -  1978935 1571304 1296.05926   52  256 2.0000e+10 1252.48679   100%  45.3 4800s
2025-02-13 23:36:47,504 - INFO -  1987336 1577766 9.0255e+08   62  250 2.0000e+10 1252.51065   100%  45.3 4805s
2025-02-13 23:52:00,205 - INFO -  1988661 1578193 1349.89667   62  256 2.0000e+10 1252.51556   100%  45.3 5717s
2025-02-13 23:52:02,635 - INFO -  1996522 1585703 3.3019e+09   86  259 2.0000e+10 1252.53129   100%  45.3 5720s
2025-02-14 00:08:20,650 - INFO -  2001291 1589401 1311.47752   51  232 2.0000e+10 1252.54363   100%  45.3 6698s
2025-02-14 00:08:22,771 - INFO -  2008823 1595773 1255.74701   42  277 2.0000e+10 1252.56459   100%  45.3 6700s
2025-02-14 00:25:00,557 - INFO -  2013752 1600362 1355.75016   55  227 2.0000e+10 1252.57641   100%  45.3 7698s
2025-02-14 00:25:00,567 - INFO - 
2025-02-14 00:25:00,568 - INFO - Cutting planes:
2025-02-14 00:25:00,568 - INFO -   Clique: 5
2025-02-14 00:25:00,569 - INFO -   Zero half: 16
2025-02-14 00:25:00,571 - INFO - 
2025-02-14 00:25:00,571 - INFO - Explored 2015507 nodes (91232141 simplex iterations) in 7698.10 seconds (2481.73 work units)
2025-02-14 00:25:00,572 - INFO - Thread count was 8 (of 8 available processors)
2025-02-14 00:25:00,573 - INFO - 
2025-02-14 00:25:00,573 - INFO - Solution count 10: 2e+10 2e+10 2e+10 ... 5e+10
2025-02-14 00:25:00,574 - INFO - 
2025-02-14 00:25:00,574 - INFO - Time limit reached
2025-02-14 00:25:00,575 - INFO - Best objective 1.999997831781e+10, best bound 1.252581219716e+03, gap 100.0000%
