2025-02-11 22:10:29,620 - INFO - 	count	z_opt	time_spp	time_lp	time_total	ncols	nrows	time_spp_low_res	n_cols_low_res
2025-02-11 22:10:30,641 - INFO - 	1	2920000000007.0	0	0.00018310546875	1.021477222442627	303	553	0.893700361251831	3
2025-02-11 22:10:31,624 - INFO - 	2	2850000000017.0	0	0.00045108795166015625	2.0042073726654053	306	553	1.743180274963379	6
2025-02-11 22:10:32,672 - INFO - 	3	2850000000009.0	0	0.0007240772247314453	3.051776647567749	309	553	2.659459352493286	9
2025-02-11 22:10:33,655 - INFO - 	4	2815000000017.0	0	0.001016378402709961	4.0343077182769775	312	553	3.5109379291534424	12
2025-02-11 22:10:34,691 - INFO - 	5	2745000000032.0	0	0.0013022422790527344	5.070622444152832	315	553	4.416895151138306	15
2025-02-11 22:10:35,642 - INFO - 	6	2736666666691.666	0	0.0015823841094970703	6.0219855308532715	318	553	5.237899303436279	18
2025-02-11 22:10:36,613 - INFO - 	7	2676666666699.666	0	0.0018634796142578125	6.992844581604004	321	553	6.077590227127075	21
2025-02-11 22:10:37,649 - INFO - 	8	2660000000030.999	0	0.0021734237670898438	8.028221845626831	324	553	6.982710838317871	24
2025-02-11 22:10:38,638 - INFO - 	9	2566666666712.999	0	0.0024881362915039062	9.017233848571777	327	553	7.840882301330566	27
2025-02-11 22:10:39,669 - INFO - 	10	2536666666722.333	0	0.002825021743774414	10.048621654510498	330	553	8.74134111404419	30
2025-02-11 22:10:40,666 - INFO - 	11	2485000000054.5	0	0.0031173229217529297	11.045441627502441	333	553	9.607595682144165	33
2025-02-11 22:10:41,640 - INFO - 	12	2485000000054.5	0	0.003422260284423828	12.018913745880127	336	553	10.449965476989746	36
2025-02-11 22:10:42,676 - INFO - 	13	2480000000056.0	0	0.0037393569946289062	13.055047750473022	339	553	11.355583667755127	39
2025-02-11 22:10:43,633 - INFO - 	14	2435000000056.5	0	0.004038333892822266	14.011318683624268	342	553	12.182211637496948	42
2025-02-11 22:10:44,665 - INFO - 	15	2380000000071.0	0	0.0043604373931884766	15.043436527252197	345	553	13.083329677581787	45
2025-02-11 22:10:45,649 - INFO - 	16	2380000000071.0	0	0.004545450210571289	16.027312755584717	348	553	13.937322854995728	48
2025-02-11 22:10:46,606 - INFO - 	17	2380000000071.0	0	0.004886627197265625	16.984824657440186	351	553	14.76378083229065	51
2025-02-11 22:10:47,640 - INFO - 	18	2330000000078.0	0	0.005202531814575195	18.018240690231323	354	553	15.666895151138306	54
2025-02-11 22:10:48,608 - INFO - 	19	2310000000072.0	0	0.005521535873413086	18.985777378082275	357	553	16.504074335098267	57
2025-02-11 22:10:49,553 - INFO - 	20	2310000000072.0	0	0.005892515182495117	19.931199312210083	360	553	17.318759202957153	60
2025-02-11 22:10:50,514 - INFO - 	21	2310000000072.0	0	0.0062255859375	20.892298221588135	363	553	18.14934802055359	63
2025-02-11 22:10:51,532 - INFO - 	22	2310000000072.0	0	0.0065877437591552734	21.91028141975403	366	553	19.03736400604248	66
2025-02-11 22:10:52,466 - INFO - 	23	2310000000072.0	0	0.0069468021392822266	22.84370517730713	369	553	19.840047121047974	69
2025-02-11 22:10:53,475 - INFO - 	24	2300000000077.25	0	0.007302761077880859	23.852962493896484	372	553	20.718531847000122	72
2025-02-11 22:10:54,399 - INFO - 	25	2275000000088.5	0	0.00796651840209961	24.776533365249634	375	553	21.510873079299927	75
2025-02-11 22:10:55,337 - INFO - 	26	2215000000101.5	0	0.00837254524230957	25.714649438858032	378	553	22.31866431236267	78
2025-02-11 22:10:56,322 - INFO - 	27	2210000000102.668	0	0.008765459060668945	26.698941230773926	381	553	23.172086238861084	81
2025-02-11 22:10:57,249 - INFO - 	28	2165000000106.75	0	0.009298324584960938	27.62643313407898	384	553	23.96905493736267	84
2025-02-11 22:10:58,188 - INFO - 	29	2145000000111.0	0	0.009770393371582031	28.565422296524048	387	553	24.777727603912354	87
2025-02-11 22:10:59,194 - INFO - 	30	2115000000125.25	0	0.01030421257019043	29.571317195892334	390	553	25.653743028640747	90
2025-02-11 22:11:00,134 - INFO - 	31	2090000000129.0	0	0.010688066482543945	30.510660409927368	393	553	26.463465929031372	93
2025-02-11 22:11:01,072 - INFO - 	32	2090000000129.0	0	0.011078834533691406	31.449326515197754	396	553	27.271775245666504	96
2025-02-11 22:11:02,008 - INFO - 	33	2090000000125.6006	0	0.011518716812133789	32.38447976112366	399	553	28.076725482940674	99
2025-02-11 22:11:03,012 - INFO - 	34	2090000000125.6006	0	0.012129783630371094	33.38911771774292	402	553	28.95078730583191	102
2025-02-11 22:11:03,955 - INFO - 	35	2075000000131.5	0	0.012700557708740234	34.33185863494873	405	553	29.76386260986328	105
2025-02-11 22:11:04,904 - INFO - 	36	2071538461670.385	0	0.013289690017700195	35.28101849555969	408	553	30.58277654647827	108
2025-02-11 22:11:05,837 - INFO - 	37	2038571428713.5713	0	0.013754606246948242	36.21323847770691	411	553	31.38435387611389	111
2025-02-11 22:11:06,848 - INFO - 	38	2006666666822.0564	0	0.014536380767822266	37.22412943840027	414	553	32.26489520072937	114
2025-02-11 22:11:07,800 - INFO - 	39	2006666666822.0564	0	0.015181303024291992	38.176716566085815	417	553	33.08621835708618	117
2025-02-11 22:11:08,758 - INFO - 	40	1992500000160.7495	0	0.015758275985717773	39.13379669189453	420	553	33.91279935836792	120
2025-02-11 22:11:09,781 - INFO - 	41	1984166666826.5828	0	0.01643538475036621	40.156601667404175	423	553	34.80420541763306	123
2025-02-11 22:11:10,727 - INFO - 	42	1965000000170.5	0	0.017099380493164062	41.10295081138611	426	553	35.61997389793396	126
2025-02-11 22:11:11,678 - INFO - 	43	1932500000179.0	0	0.0177154541015625	42.05340790748596	429	553	36.44004464149475	129
2025-02-11 22:11:12,627 - INFO - 	44	1932500000179.0	0	0.018111467361450195	43.002837896347046	432	553	37.257991313934326	132
2025-02-11 22:11:13,667 - INFO - 	45	1882500000193.0	0	0.01871514320373535	44.04305458068848	435	553	38.16705894470215	135
2025-02-11 22:11:14,608 - INFO - 	46	1882500000193.0	0	0.019184112548828125	44.98352241516113	438	553	38.97779560089111	138
2025-02-11 22:11:15,555 - INFO - 	47	1882500000193.0	0	0.020511865615844727	45.93015170097351	441	553	39.79345417022705	141
2025-02-11 22:11:16,558 - INFO - 	48	1882500000193.0	0	0.021254777908325195	46.93326163291931	444	553	40.66685104370117	144
2025-02-11 22:11:17,484 - INFO - 	49	1853809524003.5713	0	0.021997690200805664	47.8596556186676	447	553	41.462583780288696	147
2025-02-11 22:11:18,407 - INFO - 	50	1841111111311.2214	0	0.022646665573120117	48.781914710998535	450	553	42.254716634750366	150
2025-02-11 22:11:19,422 - INFO - 	51	1836666666870.5415	0	0.023503780364990234	49.797064542770386	453	553	43.13874125480652	153
2025-02-11 22:11:20,373 - INFO - 	52	1818928571637.9644	0	0.024466991424560547	50.747804403305054	456	553	43.959203004837036	156
2025-02-11 22:11:21,375 - INFO - 	53	1802000000217.0005	0	0.025658130645751953	51.75002956390381	459	553	44.831050872802734	159
2025-02-11 22:11:22,286 - INFO - 	54	1801304348042.9133	0	0.02672123908996582	52.66114068031311	462	553	45.61196422576904	162
2025-02-11 22:11:23,218 - INFO - 	55	1798461538677.154	0	0.028479337692260742	53.59316062927246	465	553	46.41276693344116	165
2025-02-11 22:11:24,207 - INFO - 	56	1784720000220.9275	0	0.029369354248046875	54.58154058456421	468	553	47.27073884010315	168
2025-02-11 22:11:25,141 - INFO - 	57	1780000000220.6433	0	0.030331134796142578	55.515273332595825	471	553	48.07380700111389	171
2025-02-11 22:11:26,056 - INFO - 	58	1765000000224.5	0	0.03145432472229004	56.43063139915466	474	553	48.85903716087341	174
2025-02-11 22:11:27,047 - INFO - 	59	1725000000237.0	0	0.03250718116760254	57.420889377593994	477	553	49.7187933921814	177
2025-02-11 22:11:27,962 - INFO - 	60	1725000000237.0	0	0.033095359802246094	58.33626317977905	480	553	50.505043029785156	180
2025-02-11 22:11:28,884 - INFO - 	61	1725000000237.0	0	0.03467750549316406	59.25842618942261	483	553	51.29652404785156	183
2025-02-11 22:11:29,894 - INFO - 	62	1725000000237.0	0	0.03540349006652832	60.26775932312012	486	553	52.17616629600525	186
2025-02-11 22:11:30,829 - INFO - 	63	1716666666902.5005	0	0.03662848472595215	61.20287728309631	489	553	52.98114252090454	189
2025-02-11 22:11:31,830 - INFO - 	64	1710000000236.0	0	0.03820347785949707	62.20388722419739	492	553	53.851924657821655	192
2025-02-11 22:11:32,733 - INFO - 	65	1689230769483.308	0	0.0399167537689209	63.10689687728882	495	553	54.624024391174316	195
2025-02-11 22:11:33,664 - INFO - 	66	1680000000255.1438	0	0.040828704833984375	64.03712177276611	498	553	55.42440152168274	198
2025-02-11 22:11:34,685 - INFO - 	67	1677741935740.1282	0	0.042546749114990234	65.05894589424133	501	553	56.31533169746399	201
2025-02-11 22:11:35,648 - INFO - 	68	1658461538718.8464	0	0.044130802154541016	66.02180600166321	504	553	57.148701667785645	204
2025-02-11 22:11:36,576 - INFO - 	69	1618571428842.0483	0	0.04557061195373535	66.94972109794617	507	553	57.94579577445984	207
2025-02-11 22:11:37,517 - INFO - 	70	1613468173981.1655	0	0.048230648040771484	67.88982439041138	510	553	58.754788637161255	210
2025-02-11 22:11:38,507 - INFO - 	71	1602132353227.6995	0	0.0494234561920166	68.879798412323	513	553	59.61394143104553	213
2025-02-11 22:11:39,408 - INFO - 	72	1597200000285.7002	0	0.05226945877075195	69.78089332580566	516	553	60.38361120223999	216
2025-02-11 22:11:40,304 - INFO - 	73	1573923706015.5173	0	0.055266380310058594	70.67748522758484	519	553	61.148412227630615	219
2025-02-11 22:11:41,252 - INFO - 	74	1565000000299.2998	0	0.05770254135131836	71.62483835220337	522	553	61.96518135070801	222
2025-02-11 22:11:42,215 - INFO - 	75	1544348894651.329	0	0.058861494064331055	72.58819031715393	525	553	62.79772210121155	225
2025-02-11 22:11:43,100 - INFO - 	76	1533620689960.1987	0	0.06085038185119629	73.47221326828003	528	553	63.55127143859863	228
2025-02-11 22:11:44,007 - INFO - 	77	1529275543650.8132	0	0.06243133544921875	74.37994337081909	531	553	64.32807230949402	231
2025-02-11 22:11:45,003 - INFO - 	78	1527791108283.9841	0	0.06462526321411133	75.3758192062378	534	553	65.1936902999878	234
2025-02-11 22:11:45,918 - INFO - 	79	1527791108281.9834	0	0.06875824928283691	76.29076218605042	537	553	65.97557330131531	237
2025-02-11 22:11:46,830 - INFO - 	80	1490000000332.0	0	0.07142114639282227	77.20267510414124	540	553	66.75652265548706	240
2025-02-11 22:11:47,817 - INFO - 	81	1490000000332.0	0	0.07271218299865723	78.18967628479004	543	553	67.61297869682312	243
2025-02-11 22:11:48,724 - INFO - 	82	1490000000332.0	0	0.0756983757019043	79.09569239616394	546	553	68.38753938674927	246
2025-02-11 22:11:49,635 - INFO - 	83	1490000000332.0	0	0.0774383544921875	80.00722646713257	549	553	69.16841912269592	249
2025-02-11 22:11:50,523 - INFO - 	84	1482222222539.666	0	0.07881522178649902	80.89473223686218	552	553	69.92660784721375	252
2025-02-11 22:11:51,509 - INFO - 	85	1471153846476.7693	0	0.08120846748352051	81.88100910186768	555	553	70.78137826919556	255
2025-02-11 22:11:52,425 - INFO - 	86	1443846154179.8748	0	0.08378744125366211	82.79672837257385	558	553	71.56670117378235	258
2025-02-11 22:11:53,342 - INFO - 	87	1437000000330.1743	0	0.08493542671203613	83.7135534286499	561	553	72.35374999046326	261
2025-02-11 22:11:54,317 - INFO - 	88	1437000000330.1743	0	0.08672142028808594	84.68901348114014	564	553	73.19901895523071	264
2025-02-11 22:11:55,222 - INFO - 	89	1429285714624.0007	0	0.08944559097290039	85.59340739250183	567	553	73.97179889678955	267
2025-02-11 22:11:56,124 - INFO - 	90	1428000000335.2666	0	0.09164571762084961	86.49562525749207	570	553	74.74422645568848	270
2025-02-11 22:11:57,036 - INFO - 	91	1423503185050.748	0	0.09482669830322266	87.40740418434143	573	553	75.52366161346436	273
2025-02-11 22:11:58,010 - INFO - 	92	1378354037620.286	0	0.09676671028137207	88.38071632385254	576	553	76.36740469932556	276
2025-02-11 22:11:58,947 - INFO - 	93	1371600000352.5398	0	0.09780073165893555	89.31798720359802	579	553	77.17479419708252	279
2025-02-11 22:11:59,898 - INFO - 	94	1346734694237.899	0	0.1016075611114502	90.26871824264526	582	553	77.99397158622742	282
2025-02-11 22:12:00,823 - INFO - 	95	1340797080072.103	0	0.10519838333129883	91.19356918334961	585	553	78.78661441802979	285
2025-02-11 22:12:01,826 - INFO - 	96	1327542209722.911	0	0.10943341255187988	92.19652223587036	588	553	79.65740036964417	288
2025-02-11 22:12:02,719 - INFO - 	97	1298785700393.195	0	0.11459636688232422	93.08977627754211	591	553	80.41712951660156	291
2025-02-11 22:12:03,621 - INFO - 	98	1296898477375.0105	0	0.11966323852539062	93.99206042289734	594	553	81.18680310249329	294
2025-02-11 22:12:04,527 - INFO - 	99	1287529412146.4587	0	0.1256110668182373	94.8976104259491	597	553	81.95750522613525	297
2025-02-11 22:12:05,496 - INFO - 	100	1277560635097.0854	0	0.13251113891601562	95.86645245552063	600	553	82.7914547920227	300
2025-02-11 22:12:06,378 - INFO - 	101	1254050343647.7744	0	0.13848042488098145	96.7484085559845	603	553	83.53874278068542	303
2025-02-11 22:12:07,275 - INFO - 	102	1245061728794.3513	0	0.1441023349761963	97.64519762992859	606	553	84.30190539360046	306
2025-02-11 22:12:08,236 - INFO - 	103	1228466894770.6562	0	0.14870142936706543	98.6061475276947	609	553	85.1292872428894	309
2025-02-11 22:12:09,119 - INFO - 	104	1213576246296.9883	0	0.1544513702392578	99.4891004562378	612	553	85.87891936302185	312
2025-02-11 22:12:10,050 - INFO - 	105	1199461605812.8962	0	0.16280817985534668	100.4201295375824	615	553	86.64835047721863	315
2025-02-11 22:12:10,969 - INFO - 	106	1187281181517.7097	0	0.16666102409362793	101.33830165863037	618	553	87.43484878540039	318
2025-02-11 22:12:11,852 - INFO - 	107	1167982653137.5662	0	0.17209196090698242	102.22165060043335	621	553	88.18422555923462	321
2025-02-11 22:12:12,792 - INFO - 	108	1165103312068.641	0	0.17920613288879395	103.16134858131409	624	553	88.98864340782166	324
2025-02-11 22:12:13,721 - INFO - 	109	1156649783360.1775	0	0.1854090690612793	104.09037446975708	627	553	89.78286004066467	327
2025-02-11 22:12:14,696 - INFO - 	110	1147096368706.2263	0	0.19219303131103516	105.06511640548706	630	553	90.62339925765991	330
2025-02-11 22:12:15,580 - INFO - 	111	1146228386901.9092	0	0.19547510147094727	105.94917345046997	633	553	91.37651872634888	333
2025-02-11 22:12:16,518 - INFO - 	112	1138076170364.64	0	0.19932031631469727	106.88700151443481	636	553	92.18338799476624	336
2025-02-11 22:12:17,380 - INFO - 	113	1126984476220.521	0	0.20593929290771484	107.74906253814697	639	553	92.91060853004456	339
2025-02-11 22:12:18,235 - INFO - 	114	1120938187023.8352	0	0.21349501609802246	108.60407543182373	642	553	93.63056111335754	342
2025-02-11 22:12:19,149 - INFO - 	115	1116126908576.4731	0	0.21967315673828125	109.51827430725098	645	553	94.4109058380127	345
2025-02-11 22:12:20,028 - INFO - 	116	1103675817634.2556	0	0.22729110717773438	110.39703631401062	648	553	95.15437650680542	348
2025-02-11 22:12:20,967 - INFO - 	117	1097043745859.5693	0	0.23041915893554688	111.33535242080688	651	553	95.96143531799316	351
2025-02-11 22:12:21,848 - INFO - 	118	1084235560320.4364	0	0.23870182037353516	112.21627831459045	654	553	96.7068612575531	354
2025-02-11 22:12:22,705 - INFO - 	119	1069148338661.2515	0	0.2457866668701172	113.07356643676758	657	553	97.42852020263672	357
2025-02-11 22:12:23,595 - INFO - 	120	1066444694038.0547	0	0.2539095878601074	113.96377968788147	660	553	98.18314337730408	360
2025-02-11 22:12:24,543 - INFO - 	121	1058647495082.6405	0	0.2572956085205078	114.91125679016113	663	553	98.99932551383972	363
2025-02-11 22:12:25,418 - INFO - 	122	1054598253637.189	0	0.2654745578765869	115.78673958778381	666	553	99.73889517784119	366
2025-02-11 22:12:26,322 - INFO - 	123	1038026804034.5964	0	0.26924943923950195	116.69062066078186	669	553	100.51136517524719	369
2025-02-11 22:12:27,186 - INFO - 	124	1027982933216.5558	0	0.2773466110229492	117.5543646812439	672	553	101.23934054374695	372
2025-02-11 22:12:28,077 - INFO - 	125	1008533324242.4149	0	0.2841804027557373	118.44485807418823	675	553	101.99559497833252	375
2025-02-11 22:12:29,058 - INFO - 	126	1007745419361.4928	0	0.29054832458496094	119.42622208595276	678	553	102.8429548740387	378
2025-02-11 22:12:29,975 - INFO - 	127	1004107143367.8975	0	0.29262328147888184	120.34262275695801	681	553	103.62952923774719	381
2025-02-11 22:12:30,875 - INFO - 	128	992514338020.2975	0	0.29944515228271484	121.24286270141602	684	553	104.39470291137695	384
2025-02-11 22:12:31,821 - INFO - 	129	989612897617.7676	0	0.30721211433410645	122.18888092041016	687	553	105.20555090904236	387
2025-02-11 22:12:32,688 - INFO - 	130	987363695859.9116	0	0.3155479431152344	123.05563306808472	690	553	105.93717575073242	390
2025-02-11 22:12:33,559 - INFO - 	131	981427477780.5225	0	0.3233199119567871	123.92607498168945	693	553	106.67233991622925	393
2025-02-11 22:12:34,394 - INFO - 	132	976917381947.7256	0	0.33040285110473633	124.76089596748352	696	553	107.37292313575745	396
2025-02-11 22:12:35,317 - INFO - 	133	972641862151.72	0	0.3408827781677246	125.68400073051453	699	553	108.15811324119568	399
2025-02-11 22:12:36,158 - INFO - 	134	961738376658.4407	0	0.34438467025756836	126.52478194236755	702	553	108.86746644973755	402
2025-02-11 22:12:37,060 - INFO - 	135	956249718187.8546	0	0.37184643745422363	127.42671084403992	705	553	109.61378026008606	405
2025-02-11 22:12:37,903 - INFO - 	136	947604027380.0315	0	0.37889862060546875	128.2697777748108	708	553	110.32224106788635	408
2025-02-11 22:12:38,841 - INFO - 	137	947423461312.3624	0	0.38500165939331055	129.20773077011108	711	553	111.1269850730896	411
2025-02-11 22:12:39,710 - INFO - 	138	920246506768.2202	0	0.3911736011505127	130.07650709152222	714	553	111.86137461662292	414
2025-02-11 22:12:40,573 - INFO - 	139	909536723727.4016	0	0.39534974098205566	130.9393413066864	717	553	112.59275650978088	417
2025-02-11 22:12:41,545 - INFO - 	140	909536723727.4017	0	0.3989427089691162	131.91183233261108	720	553	113.43436861038208	420
2025-02-11 22:12:42,439 - INFO - 	141	909534368634.6716	0	0.4025578498840332	132.80493426322937	723	553	114.19615983963013	423
2025-02-11 22:12:43,335 - INFO - 	142	887885426018.1854	0	0.4117698669433594	133.70095229148865	726	553	114.95525813102722	426
2025-02-11 22:12:44,196 - INFO - 	143	886303041598.8737	0	0.42220473289489746	134.56180810928345	729	553	115.67819046974182	429
2025-02-11 22:12:45,109 - INFO - 	144	883114602107.2722	0	0.4272615909576416	135.47478604316711	732	553	116.45930075645447	432
2025-02-11 22:12:45,993 - INFO - 	145	879310098279.2393	0	0.43001461029052734	136.35897994041443	735	553	117.21247792243958	435
2025-02-11 22:12:46,842 - INFO - 	146	867292147328.8511	0	0.43257856369018555	137.20772123336792	738	553	117.93146920204163	438
2025-02-11 22:12:47,702 - INFO - 	147	861832102827.1462	0	0.44391655921936035	138.0680251121521	741	553	118.65245819091797	441
2025-02-11 22:12:48,647 - INFO - 	148	860318686210.3657	0	0.4515855312347412	139.01303696632385	744	553	119.46234917640686	444
2025-02-11 22:12:49,519 - INFO - 	149	854844570877.4557	0	0.46224451065063477	139.88430786132812	747	553	120.19543814659119	447
2025-02-11 22:12:50,394 - INFO - 	150	844476376503.915	0	0.46981358528137207	140.7596619129181	750	553	120.93587398529053	450
2025-02-11 22:12:51,249 - INFO - 	151	840907883303.7397	0	0.4798758029937744	141.61448502540588	753	553	121.65330076217651	453
2025-02-11 22:12:52,178 - INFO - 	152	839672515007.8458	0	0.4880716800689697	142.54296398162842	756	553	122.44615483283997	456
2025-02-11 22:12:53,044 - INFO - 	153	832568193652.6023	0	0.4952847957611084	143.40937495231628	759	553	123.17756605148315	459
2025-02-11 22:12:53,937 - INFO - 	154	832179344764.0404	0	0.5059676170349121	144.30157685279846	762	553	123.93130946159363	462
2025-02-11 22:12:54,886 - INFO - 	155	819795441300.9575	0	0.5178375244140625	145.25074672698975	765	553	124.74118256568909	465
2025-02-11 22:12:55,747 - INFO - 	156	814936229073.139	0	0.5323946475982666	146.1117377281189	768	553	125.4603042602539	468
2025-02-11 22:12:56,635 - INFO - 	157	810107401438.2716	0	0.5517945289611816	147.00019359588623	771	553	126.20166778564453	471
2025-02-11 22:12:57,488 - INFO - 	158	805145545319.2875	0	0.554983377456665	147.85291957855225	774	553	126.92346453666687	474
2025-02-11 22:12:58,348 - INFO - 	159	778053636253.5608	0	0.5641121864318848	148.71261262893677	777	553	127.64621138572693	477
2025-02-11 22:12:59,296 - INFO - 	160	769429732354.4332	0	0.5792760848999023	149.66070175170898	780	553	128.4518096446991	480
2025-02-11 22:13:00,172 - INFO - 	161	769429732354.4331	0	0.5825860500335693	150.53623580932617	783	553	129.19665789604187	483
2025-02-11 22:13:01,061 - INFO - 	162	759723900922.4706	0	0.5941770076751709	151.4255998134613	786	553	129.94701766967773	486
2025-02-11 22:13:01,992 - INFO - 	163	751440736646.0168	0	0.6029551029205322	152.35594081878662	789	553	130.74157571792603	489
2025-02-11 22:13:02,851 - INFO - 	164	744551947121.1757	0	0.614342212677002	153.21544575691223	792	553	131.46268844604492	492
2025-02-11 22:13:03,771 - INFO - 	165	738758425465.8639	0	0.626727819442749	154.13485383987427	795	553	132.24243593215942	495
2025-02-11 22:13:04,648 - INFO - 	166	735938245902.0059	0	0.6407506465911865	155.01153469085693	798	553	132.9776589870453	498
2025-02-11 22:13:05,623 - INFO - 	167	732145188975.7177	0	0.6515576839447021	155.9866864681244	801	553	133.8147919178009	501
2025-02-11 22:13:06,490 - INFO - 	168	727392087376.6165	0	0.6589348316192627	156.85354661941528	804	553	134.54639220237732	504
2025-02-11 22:13:07,397 - INFO - 	169	721961573094.3429	0	0.6702666282653809	157.76012659072876	807	553	135.31463241577148	507
2025-02-11 22:13:08,353 - INFO - 	170	717159139332.657	0	0.6834397315979004	158.71652269363403	810	553	136.13044428825378	510
2025-02-11 22:13:09,248 - INFO - 	171	712798587702.5106	0	0.6985266208648682	159.6112277507782	813	553	136.88262391090393	513
2025-02-11 22:13:10,130 - INFO - 	172	707432909628.0527	0	0.7112345695495605	160.49293684959412	816	553	137.6241478919983	516
2025-02-11 22:13:11,020 - INFO - 	173	697448712880.7131	0	0.7213184833526611	161.38316893577576	819	553	138.37632846832275	519
2025-02-11 22:13:11,955 - INFO - 	174	688522802584.4418	0	0.734656572341919	162.31831216812134	822	553	139.17088675498962	522
2025-02-11 22:13:12,832 - INFO - 	175	688192964671.1823	0	0.7557203769683838	163.1955120563507	825	553	139.90015482902527	525
2025-02-11 22:13:13,707 - INFO - 	176	680663374478.5199	0	0.7643084526062012	164.0697693824768	828	553	140.63875198364258	528
2025-02-11 22:13:14,641 - INFO - 	177	678492183938.9445	0	0.7724757194519043	165.0043182373047	831	553	141.4371461868286	531
2025-02-11 22:13:15,495 - INFO - 	178	667156334664.5532	0	0.7759497165679932	165.85729336738586	834	553	142.1592152118683	534
2025-02-11 22:13:16,335 - INFO - 	179	664856014679.4966	0	0.7882075309753418	166.69767355918884	837	553	142.8602933883667	537
2025-02-11 22:13:17,205 - INFO - 	180	654023661113.2601	0	0.8034894466400146	167.56804156303406	840	553	143.58786797523499	540
2025-02-11 22:13:18,068 - INFO - 	181	648551925675.5685	0	0.819617509841919	168.4302306175232	843	553	144.30649995803833	543
2025-02-11 22:13:18,927 - INFO - 	182	637716140330.7509	0	0.8344035148620605	169.28959846496582	846	553	145.02341604232788	546
2025-02-11 22:13:19,876 - INFO - 	183	635803982223.5172	0	0.849860668182373	170.23847246170044	849	553	145.82917976379395	549
2025-02-11 22:13:20,731 - INFO - 	184	629690196674.723	0	0.8556058406829834	171.0932035446167	852	553	146.55103969573975	552
2025-02-11 22:13:21,607 - INFO - 	185	629690196674.7233	0	0.8659260272979736	171.96900868415833	855	553	147.28904676437378	555
2025-02-11 22:13:22,563 - INFO - 	186	621212336253.7522	0	0.8813509941101074	172.92537665367126	858	553	148.10271191596985	558
2025-02-11 22:13:23,466 - INFO - 	187	604741490535.3569	0	0.8987748622894287	173.82763385772705	861	553	148.8603959083557	561
2025-02-11 22:13:24,310 - INFO - 	188	593978323757.529	0	0.9220647811889648	174.6721637248993	864	553	149.55448985099792	564
2025-02-11 22:13:25,145 - INFO - 	189	587693030651.0365	0	0.932194709777832	175.5071816444397	867	553	150.2515890598297	567
2025-02-11 22:13:26,040 - INFO - 	190	584067513942.6927	0	0.9382827281951904	176.4013774394989	870	553	151.01247811317444	570
2025-02-11 22:13:26,973 - INFO - 	191	581245999552.7511	0	0.9521713256835938	177.33417963981628	873	553	151.80447435379028	573
2025-02-11 22:13:27,865 - INFO - 	192	577224105593.0054	0	0.969656229019165	178.226660490036	876	553	152.5523660182953	576
2025-02-11 22:13:28,733 - INFO - 	193	570500303461.3221	0	0.9813463687896729	179.0946865081787	879	553	153.28174710273743	579
2025-02-11 22:13:29,614 - INFO - 	194	566620570088.3569	0	0.9979274272918701	179.9747245311737	882	553	154.01790618896484	582
2025-02-11 22:13:30,507 - INFO - 	195	566549408970.312	0	1.0123636722564697	180.8679654598236	885	553	154.7697410583496	585
2025-02-11 22:13:31,343 - INFO - 	196	561351954717.2218	0	1.0287096500396729	181.704416513443	888	553	155.46228909492493	588
2025-02-11 22:13:32,189 - INFO - 	197	556047639126.934	0	1.0494356155395508	182.54990935325623	891	553	156.15954685211182	591
2025-02-11 22:13:33,120 - INFO - 	198	556047639126.934	0	1.0627765655517578	183.4812753200531	894	553	156.95061683654785	594
2025-02-11 22:13:33,957 - INFO - 	199	553923306164.0504	0	1.0793297290802002	184.31741952896118	897	553	157.6428039073944	597
2025-02-11 22:13:34,805 - INFO - 	200	547306572366.0637	0	1.093686819076538	185.16513562202454	900	553	158.34890294075012	600
2025-02-11 22:13:35,647 - INFO - 	201	540984431349.7542	0	1.115527868270874	186.00774955749512	903	553	159.0423219203949	603
2025-02-11 22:13:36,560 - INFO - 	202	527778719496.2061	0	1.1346790790557861	186.92067766189575	906	553	159.80917048454285	606
2025-02-11 22:13:37,386 - INFO - 	203	527778719496.2058	0	1.1460678577423096	187.745840549469	909	553	160.4961006641388	609
2025-02-11 22:13:38,247 - INFO - 	204	522490999370.8486	0	1.1681108474731445	188.6075315475464	912	553	161.20865631103516	612
2025-02-11 22:13:39,086 - INFO - 	205	517936174016.8532	0	1.1814758777618408	189.44614839553833	915	553	161.9066960811615	615
2025-02-11 22:13:39,980 - INFO - 	206	515368785325.1993	0	1.198686122894287	190.34003853797913	918	553	162.65589499473572	618
2025-02-11 22:13:40,791 - INFO - 	207	512108099255.2978	0	1.2136211395263672	191.1507396697998	921	553	163.32415080070496	621
2025-02-11 22:13:41,608 - INFO - 	208	511000751293.54584	0	1.227325201034546	191.9680097103119	924	553	164.00059700012207	624
2025-02-11 22:13:42,409 - INFO - 	209	509305035589.9113	0	1.2407631874084473	192.7685468196869	927	553	164.6607482433319	627
2025-02-11 22:13:43,239 - INFO - 	210	507254841211.32574	0	1.2544353008270264	193.59836602210999	930	553	165.34921503067017	630
2025-02-11 22:13:44,132 - INFO - 	211	507253757359.3743	0	1.2634034156799316	194.49165081977844	933	553	166.10554790496826	633
2025-02-11 22:13:44,963 - INFO - 	212	499875292403.0608	0	1.2804625034332275	195.32199692726135	936	553	166.79138588905334	636
2025-02-11 22:13:45,812 - INFO - 	213	497017026945.1263	0	1.2913734912872314	196.17104864120483	939	553	167.50253558158875	639
2025-02-11 22:13:46,697 - INFO - 	214	486352298180.90466	0	1.30999755859375	197.05642652511597	942	553	168.2416865825653	642
2025-02-11 22:13:47,617 - INFO - 	215	481755171575.79736	0	1.3324036598205566	197.97604942321777	945	553	169.01113939285278	645
2025-02-11 22:13:48,438 - INFO - 	216	480885511000.8429	0	1.3360848426818848	198.79675340652466	948	553	169.70104241371155	648
2025-02-11 22:13:49,290 - INFO - 	217	476863735815.80835	0	1.3520088195800781	199.648672580719	951	553	170.40975403785706	651
2025-02-11 22:13:50,131 - INFO - 	218	471660921685.2113	0	1.3721568584442139	200.49025964736938	954	553	171.10351085662842	654
2025-02-11 22:13:51,038 - INFO - 	219	469253362591.552	0	1.3954718112945557	201.39709782600403	957	553	171.85936379432678	657
2025-02-11 22:13:51,855 - INFO - 	220	463662369310.2043	0	1.4144706726074219	202.21360874176025	960	553	172.5298261642456	660
2025-02-11 22:13:52,666 - INFO - 	221	452120300700.3555	0	1.42850661277771	203.02430987358093	963	553	173.19938325881958	663
2025-02-11 22:13:53,477 - INFO - 	222	444985643225.9041	0	1.4461355209350586	203.83501362800598	966	553	173.8653290271759	666
2025-02-11 22:13:54,320 - INFO - 	223	442131648154.66644	0	1.462794542312622	204.67799949645996	969	553	174.56471967697144	669
2025-02-11 22:13:55,223 - INFO - 	224	441026889258.12976	0	1.483797550201416	205.58115243911743	972	553	175.31942296028137	672
2025-02-11 22:13:56,059 - INFO - 	225	437000086412.86554	0	1.4897794723510742	206.4174723625183	975	553	176.0222465991974	675
2025-02-11 22:13:56,884 - INFO - 	226	436402154302.12836	0	1.5071394443511963	207.2423005104065	978	553	176.70259356498718	678
2025-02-11 22:13:57,719 - INFO - 	227	430937085046.23987	0	1.514636516571045	208.07655930519104	981	553	177.37647461891174	681
2025-02-11 22:13:58,615 - INFO - 	228	420427838920.97797	0	1.5407655239105225	208.97318816184998	984	553	178.11954760551453	684
2025-02-11 22:13:59,442 - INFO - 	229	402026442536.26166	0	1.5496625900268555	209.79959726333618	987	553	178.80890226364136	687
2025-02-11 22:14:00,264 - INFO - 	230	397380384020.5425	0	1.5742895603179932	210.62167811393738	990	553	179.47910404205322	690
2025-02-11 22:14:01,107 - INFO - 	231	394336329330.9927	0	1.6002295017242432	211.4646646976471	993	553	180.1693103313446	693
2025-02-11 22:14:02,012 - INFO - 	232	393363923832.51624	0	1.6222634315490723	212.369553565979	996	553	180.92476153373718	696
2025-02-11 22:14:02,816 - INFO - 	233	386874466526.9021	0	1.6386804580688477	213.17292952537537	999	553	181.58479356765747	699
2025-02-11 22:14:03,664 - INFO - 	234	384571200357.58325	0	1.654785394668579	214.02171850204468	1002	553	182.2903048992157	702
2025-02-11 22:14:04,505 - INFO - 	235	383364173504.04504	0	1.6715402603149414	214.86168336868286	1005	553	182.98615646362305	705
2025-02-11 22:14:05,408 - INFO - 	236	379133441060.8718	0	1.6961593627929688	215.76475024223328	1008	553	183.73715329170227	708
2025-02-11 22:14:06,224 - INFO - 	237	373511543156.6903	0	1.706728458404541	216.58111023902893	1011	553	184.41489720344543	711
2025-02-11 22:14:07,168 - INFO - 	238	364586307809.6304	0	1.737741231918335	217.5244493484497	1014	553	185.19943523406982	714
2025-02-11 22:14:08,011 - INFO - 	239	352490536177.02155	0	1.7708282470703125	218.36798763275146	1017	553	185.8820881843567	717
2025-02-11 22:14:08,895 - INFO - 	240	347555296795.61566	0	1.7970490455627441	219.25198674201965	1020	553	186.6117799282074	720
2025-02-11 22:14:09,719 - INFO - 	241	331227265214.23126	0	1.8177011013031006	220.0751748085022	1023	553	187.28703665733337	723
2025-02-11 22:14:10,546 - INFO - 	242	328721353184.5154	0	1.8449361324310303	220.90199494361877	1026	553	187.95866560935974	726
2025-02-11 22:14:11,504 - INFO - 	243	321224145266.46826	0	1.8679091930389404	221.86061477661133	1029	553	188.76696681976318	729
2025-02-11 22:14:12,352 - INFO - 	244	319635862698.1654	0	1.8926732540130615	222.70875883102417	1032	553	189.46284794807434	732
2025-02-11 22:14:13,203 - INFO - 	245	316871575950.59125	0	1.90181303024292	223.55925273895264	1035	553	190.1767246723175	735
2025-02-11 22:14:14,067 - INFO - 	246	315382737381.6939	0	1.9308137893676758	224.4232747554779	1038	553	190.8838667869568	738
2025-02-11 22:14:14,978 - INFO - 	247	312751974306.37115	0	1.948408842086792	225.33400082588196	1041	553	191.6497015953064	741
2025-02-11 22:14:15,806 - INFO - 	248	301649754113.22534	0	1.9667778015136719	226.16233587265015	1044	553	192.33275699615479	744
2025-02-11 22:14:16,635 - INFO - 	249	277612620689.8047	0	1.9771630764007568	226.99073910713196	1047	553	193.02366518974304	747
2025-02-11 22:14:17,567 - INFO - 	250	271965369192.89612	0	1.9977591037750244	227.92240524291992	1050	553	193.80702543258667	750
2025-02-11 22:14:18,426 - INFO - 	251	253245439334.72687	0	2.0268871784210205	228.78114128112793	1053	553	194.50907516479492	753
2025-02-11 22:14:19,254 - INFO - 	252	252066035253.86343	0	2.046626329421997	229.6092450618744	1056	553	195.18973231315613	756
2025-02-11 22:14:20,135 - INFO - 	253	252066035253.86337	0	2.0661673545837402	230.49060106277466	1059	553	195.92447018623352	759
2025-02-11 22:14:20,936 - INFO - 	254	243094014169.79083	0	2.0772013664245605	231.29171109199524	1062	553	196.58657336235046	762
2025-02-11 22:14:21,780 - INFO - 	255	236922563602.52228	0	2.102074384689331	232.1348478794098	1065	553	197.27769327163696	765
2025-02-11 22:14:22,654 - INFO - 	256	230328400309.0037	0	2.130915403366089	233.00892782211304	1068	553	197.99598932266235	768
2025-02-11 22:14:23,482 - INFO - 	257	225121515350.31677	0	2.1555683612823486	233.83648800849915	1071	553	198.67160296440125	771
2025-02-11 22:14:24,360 - INFO - 	258	224964452178.1776	0	2.1705002784729004	234.71476578712463	1074	553	199.4076111316681	774
2025-02-11 22:14:25,164 - INFO - 	259	224950323022.12885	0	2.1827781200408936	235.5186047554016	1077	553	200.0718593597412	777
2025-02-11 22:14:25,963 - INFO - 	260	222250809286.0672	0	2.2066779136657715	236.31747007369995	1080	553	200.71972250938416	780
2025-02-11 22:14:26,798 - INFO - 	261	220232633053.90674	0	2.2624998092651367	237.1521761417389	1083	553	201.3717863559723	783
2025-02-11 22:14:27,682 - INFO - 	262	218079241578.20596	0	2.2877440452575684	238.03601622581482	1086	553	202.10271215438843	786
2025-02-11 22:14:28,513 - INFO - 	263	217396213768.20212	0	2.3169429302215576	238.8671350479126	1089	553	202.77707028388977	789
2025-02-11 22:14:29,328 - INFO - 	264	213615877566.8182	0	2.342839002609253	239.68195009231567	1092	553	203.43826270103455	792
2025-02-11 22:14:30,154 - INFO - 	265	207645162535.19412	0	2.3767831325531006	240.50768494606018	1095	553	204.1021785736084	795
2025-02-11 22:14:31,040 - INFO - 	266	199096329161.96756	0	2.3985912799835205	241.39359402656555	1098	553	204.83944463729858	798
2025-02-11 22:14:31,857 - INFO - 	267	193038255382.42645	0	2.4263532161712646	242.2112090587616	1101	553	205.50199961662292	801
2025-02-11 22:14:32,663 - INFO - 	268	192349568229.48584	0	2.4396212100982666	243.01701307296753	1104	553	206.16739964485168	804
2025-02-11 22:14:33,489 - INFO - 	269	192260809743.47037	0	2.47021746635437	243.84254503250122	1107	553	206.83502650260925	807
2025-02-11 22:14:34,390 - INFO - 	270	189268997332.10382	0	2.503896713256836	244.74349284172058	1110	553	207.57438373565674	810
2025-02-11 22:14:35,220 - INFO - 	271	188323959766.122	0	2.5288426876068115	245.57335090637207	1113	553	208.2517547607422	813
2025-02-11 22:14:36,030 - INFO - 	272	177089495576.53516	0	2.54610276222229	246.3832869529724	1116	553	208.91647028923035	816
2025-02-11 22:14:36,829 - INFO - 	273	173183510899.90878	0	2.5706028938293457	247.18205785751343	1119	553	209.5632631778717	819
2025-02-11 22:14:37,703 - INFO - 	274	169121208407.3484	0	2.5943830013275146	248.05675387382507	1122	553	210.28704643249512	822
2025-02-11 22:14:38,497 - INFO - 	275	168920383989.17145	0	2.615534782409668	248.84966278076172	1125	553	210.93149161338806	825
2025-02-11 22:14:39,312 - INFO - 	276	164316141883.19144	0	2.6456499099731445	249.66496300697327	1128	553	211.5892105102539	828
2025-02-11 22:14:40,118 - INFO - 	277	150981417032.99063	0	2.6743969917297363	250.47072911262512	1131	553	212.23844695091248	831
2025-02-11 22:14:40,920 - INFO - 	278	149737681454.88055	0	2.7000441551208496	251.27288675308228	1134	553	212.88713121414185	834
2025-02-11 22:14:41,737 - INFO - 	279	144178109178.8758	0	2.7255871295928955	252.08984780311584	1137	553	213.54680728912354	837
2025-02-11 22:14:42,649 - INFO - 	280	135498978680.29625	0	2.7572550773620605	253.00134873390198	1140	553	214.2993483543396	840
2025-02-11 22:14:43,479 - INFO - 	281	135249597185.27748	0	2.7797420024871826	253.8314917087555	1143	553	214.9797284603119	843
2025-02-11 22:14:44,425 - INFO - 	282	131478484503.99078	0	2.825312852859497	254.77715349197388	1146	553	215.75268578529358	846
2025-02-11 22:14:45,234 - INFO - 	283	131219284218.74406	0	2.8431637287139893	255.5864942073822	1149	553	216.41656517982483	849
2025-02-11 22:14:46,047 - INFO - 	284	127110843046.99953	0	2.8706517219543457	256.39971017837524	1152	553	217.07444405555725	852
2025-02-11 22:14:46,879 - INFO - 	285	126086761639.78497	0	2.9090654850006104	257.2313232421875	1155	553	217.7407510280609	855
2025-02-11 22:14:47,681 - INFO - 	286	122238115086.37758	0	2.9208273887634277	258.0330653190613	1158	553	218.40371012687683	858
2025-02-11 22:14:48,488 - INFO - 	287	121029237463.20369	0	2.9508392810821533	258.8394935131073	1161	553	219.05214262008667	861
2025-02-11 22:14:49,350 - INFO - 	288	113192829720.7609	0	2.967630386352539	259.7016444206238	1164	553	219.7704997062683	864
2025-02-11 22:14:50,197 - INFO - 	289	112837561461.68416	0	3.001352071762085	260.54835534095764	1167	553	220.45624375343323	867
2025-02-11 22:14:51,037 - INFO - 	290	112394872315.28685	0	3.024819850921631	261.3890151977539	1170	553	221.14600086212158	870
2025-02-11 22:14:51,846 - INFO - 	291	109588760421.9544	0	3.0322229862213135	262.1971480846405	1173	553	221.819322347641	873
2025-02-11 22:14:52,735 - INFO - 	292	109072723257.97585	0	3.059443950653076	263.08647322654724	1176	553	222.55401515960693	876
2025-02-11 22:14:53,580 - INFO - 	293	105512011263.77649	0	3.0925891399383545	263.930988073349	1179	553	223.21635150909424	879
2025-02-11 22:14:54,417 - INFO - 	294	103580002966.19542	0	3.1250391006469727	264.7681760787964	1182	553	223.89418601989746	882
2025-02-11 22:14:55,233 - INFO - 	295	99164017246.1294	0	3.1526401042938232	265.58408522605896	1185	553	224.5551540851593	885
2025-02-11 22:14:56,062 - INFO - 	296	94687536526.98354	0	3.1810200214385986	266.4127173423767	1188	553	225.2281436920166	888
2025-02-11 22:14:56,862 - INFO - 	297	94687536526.98352	0	3.2035419940948486	267.2124834060669	1191	553	225.87801361083984	891
2025-02-11 22:14:57,850 - INFO - 	298	91422189128.75331	0	3.2518959045410156	268.2007472515106	1194	553	226.69026947021484	894
2025-02-11 22:14:58,747 - INFO - 	299	87627325755.91568	0	3.2784621715545654	269.09735798835754	1197	553	227.39385867118835	897
2025-02-11 22:14:59,579 - INFO - 	300	86622182356.6816	0	3.3045473098754883	269.92908930778503	1200	553	228.0720911026001	900
2025-02-11 22:15:00,413 - INFO - 	301	83809751512.51308	0	3.334296464920044	270.7625093460083	1203	553	228.7484471797943	903
2025-02-11 22:15:01,252 - INFO - 	302	83315913542.91962	0	3.357118844985962	271.60159063339233	1206	553	229.43717002868652	906
2025-02-11 22:15:02,153 - INFO - 	303	79960409320.89139	0	3.3938069343566895	272.5027115345001	1209	553	230.1743040084839	909
2025-02-11 22:15:02,980 - INFO - 	304	78194628512.20912	0	3.4166948795318604	273.329758644104	1212	553	230.85131406784058	912
2025-02-11 22:15:03,811 - INFO - 	305	77330719515.00555	0	3.441960096359253	274.1602327823639	1215	553	231.52904319763184	915
2025-02-11 22:15:04,618 - INFO - 	306	75249092281.3256	0	3.4663310050964355	274.9676797389984	1218	553	232.18440461158752	918
2025-02-11 22:15:05,403 - INFO - 	307	66857328270.47676	0	3.4949710369110107	275.75246572494507	1221	553	232.81319737434387	921
2025-02-11 22:15:06,214 - INFO - 	308	60941394727.483894	0	3.53216814994812	276.56353664398193	1224	553	233.45997309684753	924
2025-02-11 22:15:07,135 - INFO - 	309	60387633645.89535	0	3.542429208755493	277.48389649391174	1227	553	234.24256706237793	927
2025-02-11 22:15:07,961 - INFO - 	310	56660456021.135086	0	3.559579372406006	278.3104045391083	1230	553	234.92485189437866	930
2025-02-11 22:15:08,794 - INFO - 	311	53186160497.44518	0	3.591334342956543	279.1431076526642	1233	553	235.5983657836914	933
2025-02-11 22:15:09,624 - INFO - 	312	50822064992.270615	0	3.619891405105591	279.97289276123047	1236	553	236.2720329761505	936
2025-02-11 22:15:10,534 - INFO - 	313	47983319777.66469	0	3.6510214805603027	280.88298892974854	1239	553	237.02365112304688	939
2025-02-11 22:15:11,367 - INFO - 	314	47431309647.01592	0	3.685467481613159	281.71548295021057	1242	553	237.69440412521362	942
2025-02-11 22:15:12,185 - INFO - 	315	46978214011.98139	0	3.704270362854004	282.53354716300964	1245	553	238.36615228652954	945
2025-02-11 22:15:13,023 - INFO - 	316	44333934005.31724	0	3.729313373565674	283.37153029441833	1248	553	239.05183458328247	948
2025-02-11 22:15:13,913 - INFO - 	317	43441164434.007324	0	3.7620625495910645	284.26171827316284	1251	553	239.78177666664124	951
2025-02-11 22:15:14,793 - INFO - 	318	38864802068.41581	0	3.8121724128723145	285.14159655570984	1254	553	240.48409342765808	954
2025-02-11 22:15:15,587 - INFO - 	319	35437721358.948814	0	3.8402326107025146	285.9357395172119	1257	553	241.12246656417847	957
2025-02-11 22:15:16,481 - INFO - 	320	31317668595.075474	0	3.87170672416687	286.828866481781	1260	553	241.85687518119812	960
2025-02-11 22:15:17,320 - INFO - 	321	31009237638.611755	0	3.8996055126190186	287.6682415008545	1263	553	242.54116702079773	963
2025-02-11 22:15:18,152 - INFO - 	322	29245247036.786453	0	3.927224636077881	288.5004913806915	1266	553	243.21854710578918	966
2025-02-11 22:15:18,993 - INFO - 	323	27296907999.55243	0	3.9525105953216553	289.3412284851074	1269	553	243.90672993659973	969
2025-02-11 22:15:19,832 - INFO - 	324	25427963797.952675	0	3.9870376586914062	290.18011140823364	1272	553	244.58334970474243	972
2025-02-11 22:15:20,739 - INFO - 	325	25327262215.688538	0	4.004826545715332	291.0863492488861	1275	553	245.34427499771118	975
2025-02-11 22:15:21,561 - INFO - 	326	21937951592.052906	0	4.02733850479126	291.9083421230316	1278	553	246.01635599136353	978
2025-02-11 22:15:22,377 - INFO - 	327	20818993762.275124	0	4.057963609695435	292.7242341041565	1281	553	246.67401003837585	981
2025-02-11 22:15:23,174 - INFO - 	328	18437101286.885338	0	4.073768615722656	293.5219130516052	1284	553	247.32829809188843	984
2025-02-11 22:15:24,004 - INFO - 	329	16035747883.475159	0	4.10364556312561	294.3518280982971	1287	553	248.0008728504181	987
2025-02-11 22:15:24,895 - INFO - 	330	14615283183.794657	0	4.12406849861145	295.24263978004456	1290	553	248.74406480789185	990
2025-02-11 22:15:25,737 - INFO - 	331	12486510076.153032	0	4.162165403366089	296.0847611427307	1293	553	249.42048907279968	993
2025-02-11 22:15:26,591 - INFO - 	332	12002968362.114792	0	4.185180425643921	296.938588142395	1296	553	250.1241693496704	996
2025-02-11 22:15:27,513 - INFO - 	333	11097445640.659746	0	4.216212272644043	297.8605728149414	1299	553	250.88762521743774	999
2025-02-11 22:15:28,339 - INFO - 	334	10000001458.60276	0	4.249818325042725	298.68633794784546	1302	553	251.552561044693	1002
2025-02-11 22:15:29,275 - INFO - 	335	10000001454.785336	0	4.255902290344238	299.6220700740814	1305	553	252.35471320152283	1005
2025-02-11 22:15:30,207 - INFO - 	336	1471.216720583125	0	4.257802248001099	300.55423498153687	1308	553	253.15736603736877	1008
2025-02-11 22:15:31,203 - INFO - 	337	1459.9241435734368	0	4.2611613273620605	301.5500497817993	1311	553	254.02201390266418	1011
2025-02-11 22:15:32,141 - INFO - 	338	1443.6659456545276	0	4.271834373474121	302.48819875717163	1314	553	254.82228779792786	1014
2025-02-11 22:15:33,080 - INFO - 	339	1439.3908982425285	0	4.277618408203125	303.42714381217957	1317	553	255.62789106369019	1017
2025-02-11 22:15:34,097 - INFO - 	340	1419.9408956444295	0	4.2862114906311035	304.4434196949005	1320	553	256.50852489471436	1020
2025-02-11 22:15:35,039 - INFO - 	341	1400.3347011648807	0	4.294755697250366	305.3855564594269	1323	553	257.31454515457153	1023
2025-02-11 22:15:35,971 - INFO - 	342	1383.1574965556515	0	4.302993535995483	306.31748151779175	1326	553	258.11089730262756	1026
2025-02-11 22:15:36,954 - INFO - 	343	1364.0599314179678	0	4.3114013671875	307.3003487586975	1329	553	258.95777201652527	1029
2025-02-11 22:15:37,892 - INFO - 	344	1351.1981020721698	0	4.320682525634766	308.2383246421814	1332	553	259.7589590549469	1032
2025-02-11 22:15:38,825 - INFO - 	345	1341.8777133310434	0	4.327641487121582	309.1714286804199	1335	553	260.55742931365967	1035
2025-02-11 22:15:39,847 - INFO - 	346	1331.1489912669633	0	4.336880683898926	310.19278144836426	1338	553	261.44208240509033	1038
2025-02-11 22:15:40,793 - INFO - 	347	1323.3305506967959	0	4.345871686935425	311.1390743255615	1341	553	262.2519974708557	1041
2025-02-11 22:15:41,748 - INFO - 	348	1318.0577452105092	0	4.352323770523071	312.09371519088745	1344	553	263.0725917816162	1044
2025-02-11 22:15:42,767 - INFO - 	349	1309.4889391651666	0	4.358214855194092	313.1126821041107	1347	553	263.958370923996	1047
2025-02-11 22:15:43,705 - INFO - 	350	1305.0084951755903	0	4.363802909851074	314.05059909820557	1350	553	264.76329708099365	1050
2025-02-11 22:15:44,644 - INFO - 	351	1295.7309742144491	0	4.371593713760376	314.9901180267334	1353	553	265.56767201423645	1053
2025-02-11 22:15:45,658 - INFO - 	352	1287.0542414463662	0	4.37695050239563	316.00332593917847	1356	553	266.4478998184204	1056
2025-02-11 22:15:46,597 - INFO - 	353	1284.9533135637337	0	4.384172439575195	316.9426407814026	1359	553	267.2525761127472	1059
2025-02-11 22:15:47,543 - INFO - 	354	1283.2867112495069	0	4.388418436050415	317.8888771533966	1362	553	268.06704211235046	1062
2025-02-11 22:15:48,557 - INFO - 	355	1279.3983941464164	0	4.395397424697876	318.9027593135834	1365	553	268.946170091629	1065
2025-02-11 22:15:49,493 - INFO - 	356	1274.3320001839327	0	4.404011487960815	319.83807253837585	1368	553	269.74496388435364	1068
2025-02-11 22:15:50,437 - INFO - 	357	1272.9598894647463	0	4.411253452301025	320.7818841934204	1371	553	270.5540437698364	1071
2025-02-11 22:15:51,405 - INFO - 	358	1266.4883782497739	0	4.421021461486816	321.7504632472992	1374	553	271.3857319355011	1074
2025-02-11 22:15:52,368 - INFO - 	359	1260.283318247246	0	4.42899751663208	322.71336007118225	1377	553	272.2127540111542	1077
2025-02-11 22:15:53,397 - INFO - 	360	1257.179397334277	0	4.437630653381348	323.74235224723816	1380	553	273.1060652732849	1080
2025-02-11 22:15:54,369 - INFO - 	361	1253.8678974999925	0	4.4485766887664795	324.71407103538513	1383	553	273.93949913978577	1083
2025-02-11 22:15:55,329 - INFO - 	362	1245.3347458632916	0	4.456249952316284	325.67426109313965	1386	553	274.76494812965393	1086
2025-02-11 22:15:56,269 - INFO - 	363	1243.6644184330219	0	4.4612438678741455	326.6133303642273	1389	553	275.57167053222656	1089
2025-02-11 22:15:57,288 - INFO - 	364	1242.781287871736	0	4.4646546840667725	327.63300132751465	1392	553	276.46102142333984	1092
2025-02-11 22:15:58,230 - INFO - 	365	1238.8590511224913	0	4.472686529159546	328.5750722885132	1395	553	277.26756167411804	1095
2025-02-11 22:15:59,179 - INFO - 	366	1236.7118335822631	0	4.479846477508545	329.5232481956482	1398	553	278.08126640319824	1098
2025-02-11 22:16:00,127 - INFO - 	367	1233.5001197718827	0	4.486030578613281	330.470920085907	1401	553	278.895135641098	1101
2025-02-11 22:16:01,079 - INFO - 	368	1233.0137090908154	0	4.48991060256958	331.4233682155609	1404	553	279.7157154083252	1104
2025-02-11 22:16:02,091 - INFO - 	369	1231.4042326354213	0	4.496865272521973	332.43474316596985	1407	553	280.59261751174927	1107
2025-02-11 22:16:03,072 - INFO - 	370	1228.9836679661191	0	4.506300449371338	333.41617822647095	1410	553	281.4370996952057	1110
2025-02-11 22:16:04,126 - INFO - 	371	1223.804478169045	0	4.55110239982605	334.47043442726135	1413	553	282.31895756721497	1113
2025-02-11 22:16:05,072 - INFO - 	372	1221.9334278654605	0	4.5572264194488525	335.41608452796936	1416	553	283.1306755542755	1116
2025-02-11 22:16:06,033 - INFO - 	373	1220.7108265015106	0	4.562485456466675	336.37719774246216	1419	553	283.9588899612427	1119
2025-02-11 22:16:07,003 - INFO - 	374	1219.6668774417956	0	4.568793535232544	337.3466966152191	1422	553	284.79461097717285	1122
2025-02-11 22:16:08,042 - INFO - 	375	1218.0388228175395	0	4.57551646232605	338.3854196071625	1425	553	285.6973807811737	1125
2025-02-11 22:16:09,007 - INFO - 	376	1216.4775725966474	0	4.583664417266846	339.3508725166321	1428	553	286.52708983421326	1128
2025-02-11 22:16:09,968 - INFO - 	377	1213.901982876164	0	4.589677572250366	340.3112151622772	1431	553	287.3540196418762	1131
2025-02-11 22:16:10,994 - INFO - 	378	1211.6637775224403	0	4.596641540527344	341.3377323150635	1434	553	288.24635577201843	1134
2025-02-11 22:16:11,951 - INFO - 	379	1208.7930194630674	0	4.603010416030884	342.29447197914124	1437	553	289.0690686702728	1137
2025-02-11 22:16:12,906 - INFO - 	380	1208.2067737702077	0	4.610142469406128	343.2492370605469	1440	553	289.88940167427063	1140
2025-02-11 22:16:13,910 - INFO - 	381	1207.0232200799248	0	4.614576578140259	344.2533082962036	1443	553	290.7613174915314	1143
2025-02-11 22:16:14,848 - INFO - 	382	1206.4030651906344	0	4.62244439125061	345.1907455921173	1446	553	291.56310200691223	1146
2025-02-11 22:16:15,797 - INFO - 	383	1204.0970567388038	0	4.631601095199585	346.1395335197449	1449	553	292.3753468990326	1149
2025-02-11 22:16:16,818 - INFO - 	384	1203.271621760569	0	4.63998818397522	347.160929441452	1452	553	293.26094937324524	1152
2025-02-11 22:16:17,756 - INFO - 	385	1201.4720356196003	0	4.645350217819214	348.098961353302	1455	553	294.0662741661072	1155
2025-02-11 22:16:18,706 - INFO - 	386	1198.1906616310262	0	4.651183605194092	349.04900455474854	1458	553	294.8823239803314	1158
2025-02-11 22:16:19,728 - INFO - 	387	1196.7957444792048	0	4.656165838241577	350.070508480072	1461	553	295.77148509025574	1161
2025-02-11 22:16:20,681 - INFO - 	388	1194.9427153448612	0	4.66133451461792	351.0230975151062	1464	553	296.59087800979614	1164
2025-02-11 22:16:21,632 - INFO - 	389	1194.8559116005542	0	4.6660566329956055	351.97417426109314	1467	553	297.40990710258484	1167
2025-02-11 22:16:22,657 - INFO - 	390	1192.4341151956305	0	4.6730546951293945	352.99963212013245	1470	553	298.30116415023804	1170
2025-02-11 22:16:23,622 - INFO - 	391	1192.0725768287748	0	4.6792378425598145	353.9643089771271	1473	553	299.1317412853241	1173
2025-02-11 22:16:24,580 - INFO - 	392	1190.2907980052828	0	4.68656587600708	354.921758890152	1476	553	299.95433473587036	1176
2025-02-11 22:16:25,520 - INFO - 	393	1189.1896337729502	0	4.69268274307251	355.8621919155121	1479	553	300.7611756324768	1179
2025-02-11 22:16:26,533 - INFO - 	394	1189.1896337729502	0	4.694472789764404	356.8750910758972	1482	553	301.6448292732239	1182
2025-02-11 22:16:27,477 - INFO - 	395	1188.6582630814373	0	4.698642730712891	357.8189580440521	1485	553	302.45723128318787	1185
2025-02-11 22:16:28,413 - INFO - 	396	1186.6231940312462	0	4.704906940460205	358.7550210952759	1488	553	303.2592933177948	1188
2025-02-11 22:16:29,429 - INFO - 	397	1185.5001379740436	0	4.711085081100464	359.771271944046	1491	553	304.1419370174408	1191
2025-02-11 22:16:30,365 - INFO - 	398	1184.4298193599425	0	4.7210540771484375	360.707035779953	1494	553	304.9401068687439	1194
2025-02-11 22:16:31,297 - INFO - 	399	1184.2261644845257	0	4.725404977798462	361.63832664489746	1497	553	305.7398142814636	1197
2025-02-11 22:16:32,232 - INFO - 	400	1184.2261644845257	0	4.728782892227173	362.57382345199585	1500	553	306.54473304748535	1200
2025-02-11 22:16:33,240 - INFO - 	401	1183.6743317951975	0	4.733965873718262	363.5809693336487	1503	553	307.4193377494812	1203
2025-02-11 22:16:34,177 - INFO - 	402	1182.824221361829	0	4.73996376991272	364.5181932449341	1506	553	308.22306990623474	1206
2025-02-11 22:16:35,125 - INFO - 	403	1182.7584171522988	0	4.743100881576538	365.4661011695862	1509	553	309.04025387763977	1209
2025-02-11 22:16:36,139 - INFO - 	404	1182.1020080890241	0	4.750998020172119	366.48024320602417	1512	553	309.9189157485962	1212
2025-02-11 22:16:37,076 - INFO - 	405	1181.9404301293184	0	4.756012678146362	367.41733407974243	1515	553	310.7235207557678	1215
2025-02-11 22:16:38,018 - INFO - 	406	1181.933865811246	0	4.758609771728516	368.3588569164276	1518	553	311.53475975990295	1218
2025-02-11 22:16:39,036 - INFO - 	407	1181.1989743271388	0	4.767830848693848	369.377427816391	1521	553	312.4166338443756	1221
2025-02-11 22:16:39,981 - INFO - 	408	1180.8861196176192	0	4.777394771575928	370.321900844574	1524	553	313.22421288490295	1224
2025-02-11 22:16:40,926 - INFO - 	409	1180.8750846066384	0	4.780040740966797	371.26696491241455	1527	553	314.03938913345337	1227
2025-02-11 22:16:41,875 - INFO - 	410	1180.6118723415457	0	4.788073778152466	372.2160770893097	1530	553	314.84879994392395	1230
2025-02-11 22:16:42,935 - INFO - 	411	1180.1812993086621	0	4.8291919231414795	373.2752151489258	1533	553	315.73925828933716	1233
2025-02-11 22:16:43,869 - INFO - 	412	1180.181299308662	0	4.832667827606201	374.2092990875244	1536	553	316.5427203178406	1236
2025-02-11 22:16:44,801 - INFO - 	413	1180.0018906392202	0	4.838536977767944	375.1414623260498	1539	553	317.34180450439453	1239
2025-02-11 22:16:45,741 - INFO - 	414	1180.0018906392204	0	4.840199947357178	376.08128333091736	1542	553	318.1528015136719	1242
2025-02-11 22:16:46,761 - INFO - 	415	1179.2694866711813	0	4.851061105728149	377.1008651256561	1545	553	319.0341124534607	1245
2025-02-11 22:16:47,710 - INFO - 	416	1179.015944906822	0	4.859943151473999	378.0507173538208	1548	553	319.847375869751	1248
2025-02-11 22:16:48,663 - INFO - 	417	1178.3698474822825	0	4.867350101470947	379.00327229499817	1551	553	320.6637930870056	1251
2025-02-11 22:16:49,621 - INFO - 	418	1177.8261437891626	0	4.874592065811157	379.9606862068176	1554	553	321.4867181777954	1254
2025-02-11 22:16:50,565 - INFO - 	419	1177.3984179363235	0	4.881130933761597	380.9054641723633	1557	553	322.297532081604	1257
2025-02-11 22:16:51,596 - INFO - 	420	1177.0197117732941	0	4.889124870300293	381.93582105636597	1560	553	323.19286489486694	1260
2025-02-11 22:16:52,540 - INFO - 	421	1177.0000000000002	0	4.900134563446045	382.8794949054718	1563	553	323.9980626106262	1263
2025-02-11 22:16:57,216 - INFO - 	422	1177.0	3.704928159713745	4.903742551803589	387.5557599067688	1565	553	324.83838653564453	1265
2025-02-11 22:17:08,330 - INFO - 
ya no tiene columnas con costo reducido negative
2025-02-11 22:17:08,330 - INFO - Set parameter OutputFlag to value 1
2025-02-11 22:17:08,332 - INFO - Set parameter LogFile to value "logs_new/salida_modelo_caminos_300_567_10.log"
2025-02-11 22:17:08,332 - INFO - Set parameter TimeLimit to value 7200
2025-02-11 22:17:08,333 - INFO - Gurobi Optimizer version 11.0.1 build v11.0.1rc0 (mac64[arm] - Darwin 24.3.0 24D60)
2025-02-11 22:17:08,333 - INFO - 
2025-02-11 22:17:08,334 - INFO - CPU model: Apple M2
2025-02-11 22:17:08,334 - INFO - Thread count: 8 physical cores, 8 logical processors, using up to 8 threads
2025-02-11 22:17:08,334 - INFO - 
2025-02-11 22:17:08,335 - INFO - Optimize a model with 553 rows, 1565 columns and 6398 nonzeros
2025-02-11 22:17:08,335 - INFO - Coefficient statistics:
2025-02-11 22:17:08,335 - INFO -   Matrix range     [1e+00, 1e+00]
2025-02-11 22:17:08,336 - INFO -   Objective range  [2e+00, 1e+10]
2025-02-11 22:17:08,336 - INFO -   Bounds range     [0e+00, 0e+00]
2025-02-11 22:17:08,336 - INFO -   RHS range        [1e+00, 2e+02]
2025-02-11 22:17:08,337 - INFO - Warning: Model contains large objective coefficients
2025-02-11 22:17:08,337 - INFO -          Consider reformulating model or setting NumericFocus parameter
2025-02-11 22:17:08,337 - INFO -          to avoid numerical issues.
2025-02-11 22:17:08,338 - INFO - 
2025-02-11 22:17:08,338 - INFO - Solved in 0 iterations and 0.00 seconds (0.00 work units)
2025-02-11 22:17:08,338 - INFO - Optimal objective  1.177000000e+03
2025-02-11 22:17:08,340 - INFO - Gurobi Optimizer version 11.0.1 build v11.0.1rc0 (mac64[arm] - Darwin 24.3.0 24D60)
2025-02-11 22:17:08,340 - INFO - 
2025-02-11 22:17:08,341 - INFO - CPU model: Apple M2
2025-02-11 22:17:08,341 - INFO - Thread count: 8 physical cores, 8 logical processors, using up to 8 threads
2025-02-11 22:17:08,341 - INFO - 
2025-02-11 22:17:08,342 - INFO - Optimize a model with 553 rows, 1565 columns and 6398 nonzeros
2025-02-11 22:17:08,342 - INFO - Model fingerprint: 0x26e7695a
2025-02-11 22:17:08,342 - INFO - Variable types: 0 continuous, 1565 integer (1565 binary)
2025-02-11 22:17:08,342 - INFO - Coefficient statistics:
2025-02-11 22:17:08,342 - INFO -   Matrix range     [1e+00, 1e+00]
2025-02-11 22:17:08,343 - INFO -   Objective range  [2e+00, 1e+10]
2025-02-11 22:17:08,343 - INFO -   Bounds range     [0e+00, 0e+00]
2025-02-11 22:17:08,344 - INFO -   RHS range        [1e+00, 2e+02]
2025-02-11 22:17:08,344 - INFO - Warning: Model contains large objective coefficients
2025-02-11 22:17:08,344 - INFO -          Consider reformulating model or setting NumericFocus parameter
2025-02-11 22:17:08,345 - INFO -          to avoid numerical issues.
2025-02-11 22:17:08,345 - INFO - Found heuristic solution: objective 3.000000e+12
2025-02-11 22:17:08,352 - INFO - Presolve removed 250 rows and 0 columns
2025-02-11 22:17:08,352 - INFO - Presolve time: 0.01s
2025-02-11 22:17:08,352 - INFO - Presolved: 303 rows, 1565 columns, 6189 nonzeros
2025-02-11 22:17:08,353 - INFO - Variable types: 0 continuous, 1565 integer (1565 binary)
2025-02-11 22:17:08,354 - INFO - Found heuristic solution: objective 2.930000e+12
2025-02-11 22:17:08,396 - INFO - 
2025-02-11 22:17:08,397 - INFO - Root relaxation: objective 1.177000e+03, 1564 iterations, 0.04 seconds (0.08 work units)
2025-02-11 22:17:08,419 - INFO - 
2025-02-11 22:17:08,419 - INFO -     Nodes    |    Current Node    |     Objective Bounds      |     Work
2025-02-11 22:17:08,419 - INFO -  Expl Unexpl |  Obj  Depth IntInf | Incumbent    BestBd   Gap | It/Node Time
2025-02-11 22:17:08,420 - INFO - 
2025-02-11 22:17:08,420 - INFO -      0     0 1177.00000    0  246 2.9300e+12 1177.00000   100%     -    0s
2025-02-11 22:17:08,421 - INFO - H    0     0                    3.300000e+11 1177.00000   100%     -    0s
2025-02-11 22:17:08,423 - INFO - H    0     0                    3.000000e+11 1177.00000   100%     -    0s
2025-02-11 22:17:08,426 - INFO - H    0     0                    2.200000e+11 1177.00000   100%     -    0s
2025-02-11 22:17:08,479 - INFO - H    0     0                    2.100000e+11 1177.00000   100%     -    0s
2025-02-11 22:17:08,479 - INFO - H    0     0                    2.000000e+11 1177.00000   100%     -    0s
2025-02-11 22:17:08,529 - INFO -      0     0 1178.10219    0  264 2.0000e+11 1178.10219   100%     -    0s
2025-02-11 22:17:08,534 - INFO - H    0     0                    1.900000e+11 1178.10219   100%     -    0s
2025-02-11 22:17:08,614 - INFO - H    0     0                    1.800000e+11 1178.45991   100%     -    0s
2025-02-11 22:17:08,617 - INFO -      0     0 1178.45991    0  275 1.8000e+11 1178.45991   100%     -    0s
2025-02-11 22:17:08,623 - INFO - H    0     0                    1.700000e+11 1178.45991   100%     -    0s
2025-02-11 22:17:08,672 - INFO -      0     0 1178.58994    0  281 1.7000e+11 1178.58994   100%     -    0s
2025-02-11 22:17:08,678 - INFO - H    0     0                    1.600000e+11 1178.58994   100%     -    0s
2025-02-11 22:17:08,699 - INFO -      0     0 1178.66776    0  289 1.6000e+11 1178.66776   100%     -    0s
2025-02-11 22:17:08,706 - INFO -      0     0 1178.67411    0  298 1.6000e+11 1178.67411   100%     -    0s
2025-02-11 22:17:08,708 - INFO -      0     0 1178.67464    0  296 1.6000e+11 1178.67464   100%     -    0s
2025-02-11 22:17:08,729 - INFO -      0     0 1179.03163    0  287 1.6000e+11 1179.03163   100%     -    0s
2025-02-11 22:17:08,735 - INFO -      0     0 1179.03202    0  291 1.6000e+11 1179.03202   100%     -    0s
2025-02-11 22:17:08,755 - INFO -      0     0 1179.15687    0  282 1.6000e+11 1179.15687   100%     -    0s
2025-02-11 22:17:08,759 - INFO - H    0     0                    1.400000e+11 1179.15687   100%     -    0s
2025-02-11 22:17:08,761 - INFO -      0     0 1179.16484    0  281 1.4000e+11 1179.16484   100%     -    0s
2025-02-11 22:17:08,773 - INFO -      0     0 1179.22235    0  290 1.4000e+11 1179.22235   100%     -    0s
2025-02-11 22:17:08,779 - INFO -      0     0 1179.23078    0  291 1.4000e+11 1179.23078   100%     -    0s
2025-02-11 22:17:08,792 - INFO -      0     0 1179.24914    0  290 1.4000e+11 1179.24914   100%     -    0s
2025-02-11 22:17:08,796 - INFO -      0     0 1179.24961    0  291 1.4000e+11 1179.24961   100%     -    0s
2025-02-11 22:17:08,827 - INFO -      0     0 1179.26679    0  293 1.4000e+11 1179.26679   100%     -    0s
2025-02-11 22:17:08,843 - INFO -      0     0 1179.33451    0  293 1.4000e+11 1179.33451   100%     -    0s
2025-02-11 22:17:08,918 - INFO -      0     2 1179.33708    0  293 1.4000e+11 1179.33708   100%     -    0s
2025-02-11 22:17:08,981 - INFO - H   33    40                    1.400000e+11 1181.51639   100%   102    0s
2025-02-11 22:17:08,981 - INFO - H   38    40                    1.300000e+11 1181.51639   100%  97.5    0s
2025-02-11 22:17:09,040 - INFO - H   68    80                    1.300000e+11 1181.51639   100%   101    0s
2025-02-11 22:17:09,040 - INFO - H   70    80                    1.200000e+11 1181.51639   100%  98.6    0s
2025-02-11 22:17:09,228 - INFO - H  114   122                    1.000000e+11 1181.51639   100%  94.2    0s
2025-02-11 22:17:09,845 - INFO - H  156   164                    9.000000e+10 1181.51639   100%  95.7    1s
2025-02-11 22:17:09,846 - INFO - H  162   164                    9.000000e+10 1181.51639   100%  97.0    1s
2025-02-11 22:17:10,710 - INFO - H  755   765                    8.000000e+10 1181.51639   100%  79.5    2s
2025-02-11 22:17:10,710 - INFO - H  763   765                    8.000000e+10 1181.51639   100%  79.7    2s
2025-02-11 22:17:11,884 - INFO - H 2039  1960                    7.000000e+10 1181.57002   100%  66.9    3s
2025-02-11 22:17:13,647 - INFO -   2065  1970 1.4148e+10   46  295 7.0000e+10 1181.57002   100%  66.5    5s
2025-02-11 22:17:13,828 - INFO - H 2136  1922                    6.000000e+10 1182.58026   100%  68.7    5s
2025-02-11 22:17:15,222 - INFO - H 2252  1910                    6.000000e+10 1182.58026   100%  69.4    6s
2025-02-11 22:17:15,222 - INFO - H 2256  1820                    5.000000e+10 1182.58026   100%  69.4    6s
2025-02-11 22:17:19,258 - INFO -   4170  2881 4.2038e+09   42  248 5.0000e+10 1184.07840   100%  71.7   10s
2025-02-11 22:17:23,356 - INFO -   6512  4276 1.5034e+10   42  242 5.0000e+10 1186.45083   100%  75.3   15s
2025-02-11 22:17:25,879 - INFO - H 7687  4453                    4.000000e+10 1187.44394   100%  76.5   17s
2025-02-11 22:17:28,354 - INFO -   9064  5904 9.8736e+09   61  240 4.0000e+10 1188.65550   100%  76.6   20s
2025-02-11 22:17:33,793 - INFO -  12934  9369 1.1075e+10   74  230 4.0000e+10 1189.84285   100%  76.1   25s
2025-02-11 22:17:38,806 - INFO -  16554 12628 1243.82485   30  217 4.0000e+10 1191.38229   100%  76.8   30s
2025-02-11 22:17:43,583 - INFO -  19645 15292 1208.46854   24  265 4.0000e+10 1191.95487   100%  78.2   35s
2025-02-11 22:17:47,478 - INFO - H21263 16341                    4.000000e+10 1192.45256   100%  77.7   39s
2025-02-11 22:17:48,542 - INFO -  21614 16723 3.0469e+09   51  226 4.0000e+10 1192.48887   100%  77.7   40s
2025-02-11 22:17:48,544 - INFO - H21794 16723                    3.999999e+10 1192.48887   100%  77.7   40s
2025-02-11 22:17:53,510 - INFO -  24795 19795     cutoff  106      4.0000e+10 1193.07014   100%  77.0   45s
2025-02-11 22:17:59,176 - INFO -  28980 23274 1249.58336   37  245 4.0000e+10 1193.78039   100%  77.5   50s
2025-02-11 22:18:07,885 - INFO -  29626 23275 1.0000e+10   56  293 4.0000e+10 1193.78039   100%  77.2   59s
2025-02-11 22:18:08,668 - INFO -  29632 23279 1196.89600   21  291 4.0000e+10 1193.78039   100%  77.2   60s
2025-02-11 22:18:13,382 - INFO - H29643 22121                    3.000000e+10 1193.78039   100%  77.2   65s
2025-02-11 22:18:14,273 - INFO - H29645 21016                    3.000000e+10 1193.78039   100%  77.2   65s
2025-02-11 22:18:14,729 - INFO - H29646 19965                    3.000000e+10 1193.78039   100%  77.2   66s
2025-02-11 22:18:16,030 - INFO - H29649 18968                    2.000000e+10 1193.78039   100%  77.2   67s
2025-02-11 22:18:18,644 - INFO -  29656 18973 2.0000e+10   76  308 2.0000e+10 1193.78039   100%  77.2   70s
2025-02-11 22:18:23,644 - INFO -  29668 18981 1.7100e+10   71  326 2.0000e+10 1193.78039   100%  77.1   75s
2025-02-11 22:18:28,441 - INFO -  29680 18989 1257.48293   40  331 2.0000e+10 1193.78039   100%  77.1   80s
2025-02-11 22:18:33,369 - INFO -  29692 18997 1.3799e+10   57  320 2.0000e+10 1193.78039   100%  77.1   85s
2025-02-11 22:18:38,512 - INFO -  29705 19006 1.7736e+10  100  320 2.0000e+10 1193.78039   100%  77.0   90s
2025-02-11 22:18:43,388 - INFO -  29717 19014 1243.70217   31  324 2.0000e+10 1193.78039   100%  77.0   95s
2025-02-11 22:18:48,504 - INFO -  29729 19022 1.0921e+10   66  326 2.0000e+10 1193.78039   100%  77.0  100s
2025-02-11 22:18:53,403 - INFO -  29771 19059 1193.78039   31  288 2.0000e+10 1193.78039   100%  77.3  105s
2025-02-11 22:18:58,566 - INFO -  30218 19305 8.3444e+09   61  218 2.0000e+10 1193.78039   100%  77.4  110s
2025-02-11 22:19:03,375 - INFO -  32692 20585 2.6273e+09   64  240 2.0000e+10 1193.78039   100%  78.3  115s
2025-02-11 22:19:08,964 - INFO -  34999 21603 1211.90439   38  244 2.0000e+10 1193.78039   100%  79.1  120s
2025-02-11 22:19:16,004 - INFO -  38180 23117 7.1043e+09   66  216 2.0000e+10 1193.78039   100%  80.0  127s
2025-02-11 22:19:18,867 - INFO -  38970 23918     cutoff   91      2.0000e+10 1193.78039   100%  80.2  130s
2025-02-11 22:19:23,975 - INFO -  42172 25537 1221.91280   38  249 2.0000e+10 1193.78039   100%  80.4  135s
2025-02-11 22:19:28,481 - INFO -  42949 25857 5.4920e+09   74  239 2.0000e+10 1193.86770   100%  80.7  140s
2025-02-11 22:19:33,576 - INFO -  47000 27977 1204.64167   43  239 2.0000e+10 1194.66954   100%  80.7  145s
2025-02-11 22:19:38,830 - INFO -  52274 30664 1271.47564   62  227 2.0000e+10 1195.63718   100%  80.6  150s
2025-02-11 22:19:43,284 - INFO - H56029 31455                    2.000000e+10 1196.36811   100%  80.2  154s
2025-02-11 22:19:44,068 - INFO -  56854 32323 2.7760e+09   73  222 2.0000e+10 1196.66148   100%  79.9  155s
2025-02-11 22:19:44,800 - INFO - H58595 31735                    2.000000e+10 1196.94085   100%  79.9  156s
2025-02-11 22:19:48,503 - INFO -  64518 35069 7.2848e+09   70  248 2.0000e+10 1197.70272   100%  78.7  160s
2025-02-11 22:19:53,465 - INFO -  72604 39199 1226.35745   53  271 2.0000e+10 1198.45283   100%  77.6  165s
2025-02-11 22:19:58,450 - INFO -  82310 44167 1223.12810   45  256 2.0000e+10 1199.38276   100%  76.2  170s
2025-02-11 22:20:03,991 - INFO -  90045 49849 2.2917e+09   79  241 2.0000e+10 1199.86049   100%  75.4  175s
2025-02-11 22:20:08,415 - INFO -  96725 56098 1290.41050   47  244 2.0000e+10 1200.37638   100%  74.5  180s
2025-02-11 22:20:13,038 - INFO - *109556 54367              84    1.000000e+10 1201.24386   100%  73.4  184s
2025-02-11 22:35:40,451 - INFO -  109861 54724 3.3624e+09   79  248 1.0000e+10 1201.30095   100%  73.4 1112s
2025-02-11 22:35:43,805 - INFO -  115442 58761 1.2203e+09   81  240 1.0000e+10 1201.74643   100%  73.3 1115s
2025-02-11 22:53:04,783 - INFO -  118717 62221 2.6567e+09   78  220 1.0000e+10 1201.99335   100%  73.4 2156s
2025-02-11 22:53:08,485 - INFO -  123088 65219 1261.58143   54  254 1.0000e+10 1202.25128   100%  73.5 2160s
2025-02-11 23:11:04,337 - INFO -  124922 66787 1293.47479   62  244 1.0000e+10 1202.40897   100%  73.6 3235s
2025-02-11 23:11:08,735 - INFO -  133504 73177 2.8136e+09   79  231 1.0000e+10 1202.90863   100%  73.4 3240s
2025-02-11 23:26:30,637 - INFO -  134144 74638 1220.88664   38  254 1.0000e+10 1202.91591   100%  73.4 4162s
2025-02-11 23:26:33,428 - INFO -  138207 76337 1.0000e+10   59  220 1.0000e+10 1203.14803   100%  73.5 4165s
2025-02-11 23:44:06,480 - INFO -  139803 78479 infeasible  106      1.0000e+10 1203.24493   100%  73.4 5218s
2025-02-11 23:44:08,590 - INFO -  143373 81096 1.0522e+09   57  237 1.0000e+10 1203.38530   100%  73.2 5220s
2025-02-12 00:01:20,037 - INFO -  149566 85561 4.7821e+08   51  233 1.0000e+10 1203.65699   100%  73.1 6251s
2025-02-12 00:01:23,646 - INFO -  157406 92138 1.0000e+10   66  234 1.0000e+10 1204.05443   100%  72.6 6255s
2025-02-12 00:15:57,266 - INFO -  158907 93372 1221.88506   39  251 1.0000e+10 1204.10772   100%  72.7 7128s
2025-02-12 00:15:58,359 - INFO -  161225 95277 1256.91204   52  247 1.0000e+10 1204.22727   100%  72.6 7130s
2025-02-12 00:16:03,361 - INFO -  170338 102795 2.1571e+09   59  246 1.0000e+10 1204.63307   100%  72.5 7135s
2025-02-12 00:31:30,246 - INFO -  174888 105453 1.2938e+09   51  250 1.0000e+10 1204.82992   100%  72.5 8061s
2025-02-12 00:31:30,262 - INFO - 
2025-02-12 00:31:30,263 - INFO - Cutting planes:
2025-02-12 00:31:30,263 - INFO -   Gomory: 5
2025-02-12 00:31:30,263 - INFO -   Clique: 12
2025-02-12 00:31:30,264 - INFO -   Zero half: 35
2025-02-12 00:31:30,265 - INFO - 
2025-02-12 00:31:30,265 - INFO - Explored 174896 nodes (12680400 simplex iterations) in 8061.92 seconds (500.12 work units)
2025-02-12 00:31:30,265 - INFO - Thread count was 8 (of 8 available processors)
2025-02-12 00:31:30,266 - INFO - 
2025-02-12 00:31:30,266 - INFO - Solution count 10: 1e+10 2e+10 2e+10 ... 5e+10
2025-02-12 00:31:30,266 - INFO - 
2025-02-12 00:31:30,266 - INFO - Time limit reached
2025-02-12 00:31:30,267 - INFO - Best objective 1.000000133800e+10, best bound 1.204829918848e+03, gap 100.0000%
