2025-02-20 20:13:26,408 - INFO - 	count	z_opt	time_spp	time_lp	time_total	ncols	nrows	time_spp_low_res	n_cols_low_res
2025-02-20 20:13:44,648 - INFO - 	1	3710000000007.0	0	0.00018405914306640625	18.24050521850586	383	633	0	0
2025-02-20 20:14:03,116 - INFO - 	2	3710000000007.0	0	0.00047898292541503906	36.707903146743774	386	633	0	0
2025-02-20 20:14:21,469 - INFO - 	3	3640000000016.0	0	0.0007948875427246094	55.0604293346405	389	633	0	0
2025-02-20 20:14:39,591 - INFO - 	4	3560000000031.0	0	0.0009686946868896484	73.18289542198181	392	633	0	0
2025-02-20 20:14:57,477 - INFO - 	5	3560000000028.0	0	0.0012726783752441406	91.06905245780945	395	633	0	0
2025-02-20 20:15:15,226 - INFO - 	6	3490000000035.0	0	0.0016138553619384766	108.81768441200256	398	633	0	0
2025-02-20 20:15:33,174 - INFO - 	7	3490000000035.0	0	0.0019359588623046875	126.76524949073792	401	633	0	0
2025-02-20 20:15:50,763 - INFO - 	8	3490000000035.0	0	0.002271890640258789	144.35434341430664	404	633	0	0
2025-02-20 20:16:08,418 - INFO - 	9	3470000000033.0	0	0.00261688232421875	162.0090456008911	407	633	0	0
2025-02-20 20:16:25,493 - INFO - 	10	3405000000043.0	0	0.0029668807983398438	179.0838725566864	410	633	0	0
2025-02-20 20:16:42,571 - INFO - 	11	3405000000043.0	0	0.0033578872680664062	196.16154146194458	413	633	0	0
2025-02-20 20:16:58,712 - INFO - 	12	3390000000036.0	0	0.003734588623046875	212.30237340927124	416	633	0	0
2025-02-20 20:17:14,833 - INFO - 	13	3320000000052.0	0	0.0039365291595458984	228.42392659187317	419	633	0	0
2025-02-20 20:17:30,913 - INFO - 	14	3290000000065.5	0	0.004304409027099609	244.50391554832458	422	633	0	0
2025-02-20 20:17:48,531 - INFO - 	15	3233333333409.6675	0	0.004818439483642578	262.1210377216339	425	633	0	0
2025-02-20 20:18:06,216 - INFO - 	16	3233333333409.6675	0	0.00518035888671875	279.80670166015625	428	633	0	0
2025-02-20 20:18:22,534 - INFO - 	17	3233333333409.6675	0	0.005672454833984375	296.12440156936646	431	633	0	0
2025-02-20 20:18:39,657 - INFO - 	18	3226666666749.3325	0	0.006061553955078125	313.24745059013367	434	633	0	0
2025-02-20 20:18:56,786 - INFO - 	19	3173333333424.6675	0	0.006659507751464844	330.3756015300751	437	633	0	0
2025-02-20 20:19:14,255 - INFO - 	20	3146666666767.165	0	0.007104396820068359	347.8453378677368	440	633	0	0
2025-02-20 20:19:29,938 - INFO - 	21	3110000000106.801	0	0.007584333419799805	363.52808475494385	443	633	0	0
2025-02-20 20:19:47,108 - INFO - 	22	3104444444546.1123	0	0.00813436508178711	380.6981256008148	446	633	0	0
2025-02-20 20:20:03,356 - INFO - 	23	3090000000104.25	0	0.008585214614868164	396.94546151161194	449	633	0	0
2025-02-20 20:20:19,889 - INFO - 	24	3055000000102.5	0	0.009073019027709961	413.47820258140564	452	633	0	0
2025-02-20 20:20:36,138 - INFO - 	25	3000000000111.0	0	0.009428739547729492	429.7274127006531	455	633	0	0
2025-02-20 20:20:52,653 - INFO - 	26	2950000000113.0	0	0.009884834289550781	446.2424108982086	458	633	0	0
2025-02-20 20:21:10,081 - INFO - 	27	2950000000113.0	0	0.010265827178955078	463.6702206134796	461	633	0	0
2025-02-20 20:21:26,608 - INFO - 	28	2950000000113.0	0	0.010635614395141602	480.19662165641785	464	633	0	0
2025-02-20 20:38:20,543 - INFO - 	29	2950000000113.0	0	0.011093616485595703	1494.131903886795	467	633	0	0
2025-02-20 20:50:56,503 - INFO - 	30	2950000000113.0	0	0.011569499969482422	2250.09162402153	470	633	0	0
2025-02-20 20:51:12,889 - INFO - 	31	2934705882479.2944	0	0.012375593185424805	2266.4773869514465	473	633	0	0
2025-02-20 20:51:28,983 - INFO - 	32	2934166666793.5825	0	0.013050556182861328	2282.571366071701	476	633	0	0
2025-02-20 20:51:45,317 - INFO - 	33	2890000000141.0	0	0.013671398162841797	2298.9053170681	479	633	0	0
2025-02-20 20:52:00,480 - INFO - 	34	2880512820651.052	0	0.014238595962524414	2314.067690849304	482	633	0	0
2025-02-20 20:52:16,272 - INFO - 	35	2865000000136.375	0	0.014853477478027344	2329.8594789505005	485	633	0	0
2025-02-20 20:52:32,046 - INFO - 	36	2843684210667.001	0	0.015697240829467773	2345.6339616775513	488	633	0	0
2025-02-20 20:52:49,287 - INFO - 	37	2824583333480.6255	0	0.016330242156982422	2362.874171733856	491	633	0	0
2025-02-20 20:53:05,620 - INFO - 	38	2818571428719.178	0	0.017232179641723633	2379.207028865814	494	633	0	0
2025-02-20 20:53:24,071 - INFO - 	39	2806666666818.2236	0	0.018157482147216797	2397.658345937729	497	633	0	0
2025-02-20 20:53:39,710 - INFO - 	40	2800000000152.734	0	0.018936634063720703	2413.2969267368317	500	633	0	0
2025-02-20 20:53:56,158 - INFO - 	41	2776528925776.769	0	0.020087480545043945	2429.7448959350586	503	633	0	0
2025-02-20 20:54:12,571 - INFO - 	42	2776521739287.48	0	0.02097940444946289	2446.1574981212616	506	633	0	0
2025-02-20 20:54:29,004 - INFO - 	43	2765192307853.4424	0	0.022553205490112305	2462.5911662578583	509	633	0	0
2025-02-20 20:54:44,646 - INFO - 	44	2762285714445.259	0	0.0233154296875	2478.232449054718	512	633	0	0
2025-02-20 20:55:01,021 - INFO - 	45	2760727272888.455	0	0.024489402770996094	2494.607946872711	515	633	0	0
2025-02-20 20:55:17,080 - INFO - 	46	2740000000159.5	0	0.02557826042175293	2510.666480064392	518	633	0	0
2025-02-20 20:55:33,017 - INFO - 	47	2720000000157.1113	0	0.02635025978088379	2526.6036829948425	521	633	0	0
2025-02-20 20:55:50,079 - INFO - 	48	2707500000158.75	0	0.027021169662475586	2543.6657309532166	524	633	0	0
2025-02-20 20:56:05,594 - INFO - 	49	2686666666827.3345	0	0.028139114379882812	2559.179337978363	527	633	0	0
2025-02-20 20:56:22,686 - INFO - 	50	2667058823702.3223	0	0.02953505516052246	2576.2708880901337	530	633	0	0
2025-02-20 20:56:39,048 - INFO - 	51	2650000000188.667	0	0.030448198318481445	2592.6328151226044	533	633	0	0
2025-02-20 20:56:54,957 - INFO - 	52	2610000000187.0	0	0.031216144561767578	2608.5416152477264	536	633	0	0
2025-02-20 20:57:11,229 - INFO - 	53	2580000000188.0	0	0.03210711479187012	2624.8140771389008	539	633	0	0
2025-02-20 20:57:26,888 - INFO - 	54	2580000000188.0	0	0.0326533317565918	2640.472883939743	542	633	0	0
2025-02-20 20:57:42,746 - INFO - 	55	2580000000188.0	0	0.03341245651245117	2656.3312377929688	545	633	0	0
2025-02-20 20:57:58,171 - INFO - 	56	2575000000195.0	0	0.033956289291381836	2671.755253791809	548	633	0	0
2025-02-20 20:58:13,514 - INFO - 	57	2575000000189.0	0	0.034412384033203125	2687.098816871643	551	633	0	0
2025-02-20 20:58:28,808 - INFO - 	58	2575000000189.0	0	0.03513145446777344	2702.392434835434	554	633	0	0
2025-02-20 20:58:45,683 - INFO - 	59	2575000000189.0	0	0.03583025932312012	2719.2675337791443	557	633	0	0
2025-02-20 20:59:02,383 - INFO - 	60	2575000000189.0	0	0.036408185958862305	2735.9674196243286	560	633	0	0
2025-02-20 20:59:17,952 - INFO - 	61	2570000000188.3335	0	0.037409067153930664	2751.535944700241	563	633	0	0
2025-02-20 20:59:34,725 - INFO - 	62	2568000000199.9995	0	0.03810715675354004	2768.309133529663	566	633	0	0
2025-02-20 20:59:51,310 - INFO - 	63	2515000000203.5	0	0.039179325103759766	2784.8944523334503	569	633	0	0
2025-02-20 21:00:06,031 - INFO - 	64	2498000000211.0005	0	0.04116964340209961	2799.614700317383	572	633	0	0
2025-02-20 21:00:20,312 - INFO - 	65	2486666666882.334	0	0.04187345504760742	2813.8962862491608	575	633	0	0
2025-02-20 21:00:35,335 - INFO - 	66	2486666666882.334	0	0.042377471923828125	2828.9188532829285	578	633	0	0
2025-02-20 21:00:50,207 - INFO - 	67	2470000000225.0	0	0.04308152198791504	2843.7907054424286	581	633	0	0
2025-02-20 21:16:10,172 - INFO - 	68	2420000000234.0	0	0.04463553428649902	3763.755734682083	584	633	0	0
2025-02-20 22:05:08,117 - INFO - 	69	2420000000234.0	0	0.04649543762207031	6701.700883865356	587	633	0	0
2025-02-20 22:05:52,569 - INFO - 	70	2415000000238.25	0	0.04878354072570801	6746.152471780777	590	633	0	0
2025-02-20 22:06:08,248 - INFO - 	71	2413333333574.917	0	0.051474571228027344	6761.831246852875	593	633	0	0
2025-02-20 22:06:23,887 - INFO - 	72	2395000000254.166	0	0.05245661735534668	6777.470176935196	596	633	0	0
2025-02-20 22:06:38,264 - INFO - 	73	2373648648910.3896	0	0.05402064323425293	6791.846803188324	599	633	0	0
2025-02-20 22:06:53,606 - INFO - 	74	2365789473947.683	0	0.05595564842224121	6807.18855214119	602	633	0	0
2025-02-20 22:07:08,651 - INFO - 	75	2365789473947.683	0	0.05935955047607422	6822.233611106873	605	633	0	0
2025-02-20 22:07:24,025 - INFO - 	76	2365789473947.683	0	0.061139583587646484	6837.607933998108	608	633	0	0
2025-02-20 22:07:39,277 - INFO - 	77	2348018868192.9434	0	0.062441349029541016	6852.8599400520325	611	633	0	0
2025-02-20 22:07:54,726 - INFO - 	78	2333529412037.941	0	0.06386542320251465	6868.308062076569	614	633	0	0
2025-02-20 22:08:09,873 - INFO - 	79	2321000000284.0	0	0.06597328186035156	6883.455614089966	617	633	0	0
2025-02-20 22:08:24,865 - INFO - 	80	2307692307979.8325	0	0.06906843185424805	6898.447335243225	620	633	0	0
2025-02-20 22:08:39,558 - INFO - 	81	2285167785529.3677	0	0.07027840614318848	6913.14044713974	623	633	0	0
2025-02-20 22:08:53,958 - INFO - 	82	2244193073257.002	0	0.07205939292907715	6927.539897918701	626	633	0	0
2025-02-20 22:09:10,063 - INFO - 	83	2221582734115.874	0	0.07508516311645508	6943.644907236099	629	633	0	0
2025-02-20 22:09:25,243 - INFO - 	84	2206589649103.7534	0	0.07697725296020508	6958.824698925018	632	633	0	0
2025-02-20 22:09:40,359 - INFO - 	85	2202764227949.2783	0	0.07986617088317871	6973.940287828445	635	633	0	0
2025-02-20 22:09:55,304 - INFO - 	86	2194304878360.9487	0	0.08464217185974121	6988.885410785675	638	633	0	0
2025-02-20 22:10:11,137 - INFO - 	87	2182580175241.4558	0	0.08808612823486328	7004.718716621399	641	633	0	0
2025-02-20 22:10:26,253 - INFO - 	88	2157640928794.2434	0	0.09251904487609863	7019.834451675415	644	633	0	0
2025-02-20 22:10:40,940 - INFO - 	89	2143426184168.4812	0	0.10133194923400879	7034.521349906921	647	633	0	0
2025-02-20 22:10:55,550 - INFO - 	90	2134685792681.624	0	0.10281920433044434	7049.130626916885	650	633	0	0
2025-02-20 22:11:09,600 - INFO - 	91	2107696202871.298	0	0.1058652400970459	7063.180736780167	653	633	0	0
2025-02-20 22:11:23,321 - INFO - 	92	2064863318832.869	0	0.11066317558288574	7076.901555776596	656	633	0	0
2025-02-20 22:11:37,336 - INFO - 	93	2050957447138.5422	0	0.11506032943725586	7090.916689634323	659	633	0	0
2025-02-20 22:11:51,724 - INFO - 	94	2039526627557.3928	0	0.1163935661315918	7105.3043785095215	662	633	0	0
2025-02-20 22:12:07,091 - INFO - 	95	2021000000349.1665	0	0.12113451957702637	7120.671746730804	665	633	0	0
2025-02-20 22:12:22,663 - INFO - 	96	2010000000355.0	0	0.12447309494018555	7136.243105649948	668	633	0	0
2025-02-20 22:12:37,938 - INFO - 	97	2010000000355.0	0	0.1292591094970703	7151.518350601196	671	633	0	0
2025-02-20 22:12:53,454 - INFO - 	98	2010000000355.0	0	0.13331913948059082	7167.034317493439	674	633	0	0
2025-02-20 22:13:08,758 - INFO - 	99	2009583333681.8064	0	0.13564205169677734	7182.338034391403	677	633	0	0
2025-02-20 22:13:24,980 - INFO - 	100	1985692308047.7778	0	0.14076709747314453	7198.5600044727325	680	633	0	0
2025-02-20 22:13:40,142 - INFO - 	101	1984618644425.8179	0	0.1437833309173584	7213.721683263779	683	633	0	0
2025-02-20 22:13:55,465 - INFO - 	102	1983018868280.8682	0	0.1481492519378662	7229.044704198837	686	633	0	0
2025-02-20 22:14:10,696 - INFO - 	103	1942926829622.414	0	0.1512923240661621	7244.275904178619	689	633	0	0
2025-02-20 22:14:25,570 - INFO - 	104	1920757576124.1213	0	0.15384745597839355	7259.14968419075	692	633	0	0
2025-02-20 22:14:40,528 - INFO - 	105	1914520548307.4941	0	0.15763330459594727	7274.107144117355	695	633	0	0
2025-02-20 22:14:55,174 - INFO - 	106	1909087363861.768	0	0.16170549392700195	7288.75285077095	698	633	0	0
2025-02-20 22:15:10,213 - INFO - 	107	1894024390623.7432	0	0.16565728187561035	7303.792171001434	701	633	0	0
2025-02-20 22:15:23,836 - INFO - 	108	1883975904000.0132	0	0.16775822639465332	7317.41525888443	704	633	0	0
2025-02-20 22:15:38,592 - INFO - 	109	1877500000384.5	0	0.1720881462097168	7332.171353816986	707	633	0	0
2025-02-20 22:15:53,793 - INFO - 	110	1872233010095.6812	0	0.17619824409484863	7347.372039794922	710	633	0	0
2025-02-20 23:03:10,415 - INFO - 	111	1850588235684.8818	0	0.17942214012145996	10183.993821620941	713	633	0	0
2025-02-20 23:46:35,801 - INFO - 	112	1849717224040.7322	0	0.18115234375	12789.379323482513	716	633	0	0
2025-02-21 00:28:49,321 - INFO - 	113	1843584738638.0786	0	1021.688282251358	15322.899325609207	719	633	0	0
2025-02-21 01:03:25,113 - INFO - 	114	1835049180725.2368	0	1021.6933183670044	17398.691635608673	722	633	0	0
2025-02-21 01:55:57,692 - INFO - 	115	1820727666106.6157	0	1021.6991503238678	20551.270681381226	725	633	0	0
2025-02-21 02:44:52,203 - INFO - 	116	1813646409243.8022	0	1021.705468416214	23485.781044244766	728	633	0	0
2025-02-21 03:36:56,302 - INFO - 	117	1801937984906.5461	0	1021.7100024223328	26609.880273103714	731	633	0	0
2025-02-21 03:58:17,483 - INFO - 	118	1790700637358.7964	0	1021.7158887386322	27891.06119799614	734	633	0	0
2025-02-21 03:58:31,478 - INFO - 	119	1786626319479.6091	0	1021.7250318527222	27905.055204868317	737	633	0	0
2025-02-21 03:58:46,091 - INFO - 	120	1784295302435.8013	0	1021.7301728725433	27919.667643547058	740	633	0	0
2025-02-21 03:59:00,834 - INFO - 	121	1779399185759.1482	0	1021.7319831848145	27934.410938501358	743	633	0	0
2025-02-21 03:59:14,787 - INFO - 	122	1772688909984.7078	0	1021.7350692749023	27948.363709688187	746	633	0	0
2025-02-21 03:59:28,125 - INFO - 	123	1747764706314.4653	0	1021.7413852214813	27961.701551675797	749	633	0	0
2025-02-21 03:59:42,330 - INFO - 	124	1734701444001.978	0	1021.749064207077	27975.907138586044	752	633	0	0
2025-02-21 03:59:57,107 - INFO - 	125	1727172932763.685	0	1021.7569181919098	27990.683207511902	755	633	0	0
2025-02-21 04:00:10,656 - INFO - 	126	1716760563811.8953	0	1021.764111995697	28004.232335805893	758	633	0	0
2025-02-21 04:00:25,224 - INFO - 	127	1712906977178.9753	0	1021.7662029266357	28018.800528764725	761	633	0	0
2025-02-21 04:00:40,263 - INFO - 	128	1692798354354.6553	0	1021.7713599205017	28033.839162826538	764	633	0	0
2025-02-21 04:00:54,823 - INFO - 	129	1675937373361.0583	0	1021.7750308513641	28048.39884376526	767	633	0	0
2025-02-21 04:01:10,185 - INFO - 	130	1661696682907.0308	0	1021.7806718349457	28063.76067686081	770	633	0	0
2025-02-21 04:01:23,376 - INFO - 	131	1648184431100.2095	0	1021.7886667251587	28076.951568841934	773	633	0	0
2025-02-21 04:01:37,277 - INFO - 	132	1643160671924.4084	0	1021.796505689621	28090.853348731995	776	633	0	0
2025-02-21 04:01:50,370 - INFO - 	133	1617475973854.9001	0	1021.8043315410614	28103.945609807968	779	633	0	0
2025-02-21 04:02:03,143 - INFO - 	134	1611663800884.9443	0	1021.8132083415985	28116.718847990036	782	633	0	0
2025-02-21 04:02:16,363 - INFO - 	135	1566929640547.4355	0	1021.8194663524628	28129.93860578537	785	633	0	0
2025-02-21 04:02:29,990 - INFO - 	136	1553733140827.8315	0	1021.8274102210999	28143.565747976303	788	633	0	0
2025-02-21 04:02:44,190 - INFO - 	137	1526289284852.9868	0	1021.8333551883698	28157.765607118607	791	633	0	0
2025-02-21 04:02:57,996 - INFO - 	138	1515471249432.1138	0	1021.8430371284485	28171.57153725624	794	633	0	0
2025-02-21 04:03:10,936 - INFO - 	139	1500315606991.2227	0	1021.8524630069733	28184.510713338852	797	633	0	0
2025-02-21 04:03:25,025 - INFO - 	140	1500303503933.804	0	1021.8543479442596	28198.600226163864	800	633	0	0
2025-02-21 04:03:38,893 - INFO - 	141	1488719723692.532	0	1021.8650689125061	28212.467559337616	803	633	0	0
2025-02-21 04:03:52,837 - INFO - 	142	1475708277772.045	0	1021.8719639778137	28226.410831451416	806	633	0	0
2025-02-21 04:04:07,317 - INFO - 	143	1461606156040.0364	0	1021.8846299648285	28240.891162633896	809	633	0	0
2025-02-21 04:04:20,108 - INFO - 	144	1458685168855.212	0	1021.8928618431091	28253.681456565857	812	633	0	0
2025-02-21 04:04:35,038 - INFO - 	145	1452262575061.0352	0	1021.9033446311951	28268.611673355103	815	633	0	0
2025-02-21 04:04:49,958 - INFO - 	146	1431191403045.5684	0	1021.9127776622772	28283.531299114227	818	633	0	0
2025-02-21 04:05:04,037 - INFO - 	147	1427230889888.3347	0	1021.92418384552	28297.61084508896	821	633	0	0
2025-02-21 04:05:18,219 - INFO - 	148	1421279604636.2415	0	1021.936197757721	28311.79215502739	824	633	0	0
2025-02-21 04:05:32,271 - INFO - 	149	1403377266842.0842	0	1021.9496836662292	28325.84470796585	827	633	0	0
2025-02-21 04:05:47,236 - INFO - 	150	1397412355458.021	0	1021.9611797332764	28340.80935883522	830	633	0	0
2025-02-21 04:06:01,918 - INFO - 	151	1387823157869.9517	0	1021.9756536483765	28355.491719007492	833	633	0	0
2025-02-21 04:06:15,543 - INFO - 	152	1380430433017.3027	0	1021.983993768692	28369.11577773094	836	633	0	0
2025-02-21 04:06:28,940 - INFO - 	153	1371502831379.24	0	1021.9979028701782	28382.513360738754	839	633	0	0
2025-02-21 04:06:42,109 - INFO - 	154	1366199726207.0757	0	1022.0086426734924	28395.68177652359	842	633	0	0
2025-02-21 04:06:55,531 - INFO - 	155	1357488285040.4558	0	1022.0162146091461	28409.104331493378	845	633	0	0
2025-02-21 04:07:08,424 - INFO - 	156	1335408180827.437	0	1022.0298435688019	28421.996462583542	848	633	0	0
2025-02-21 04:07:20,805 - INFO - 	157	1321109826244.1252	0	1022.0371887683868	28434.377293348312	851	633	0	0
2025-02-21 04:07:35,448 - INFO - 	158	1318633922693.0527	0	1022.0472736358643	28449.020763397217	854	633	0	0
2025-02-21 04:07:49,037 - INFO - 	159	1308872218681.0366	0	1022.0594117641449	28462.610010385513	857	633	0	0
2025-02-21 04:08:02,624 - INFO - 	160	1295071243191.049	0	1022.0713827610016	28476.19632935524	860	633	0	0
2025-02-21 04:08:16,004 - INFO - 	161	1284264757771.7983	0	1022.0850837230682	28489.57600736618	863	633	0	0
2025-02-21 04:08:29,141 - INFO - 	162	1277981824114.8872	0	1022.1085867881775	28502.713552236557	866	633	0	0
2025-02-21 04:39:18,526 - INFO - 	163	1270557193529.2476	0	1022.1122257709503	30352.09838628769	869	633	0	0
2025-02-21 04:39:31,505 - INFO - 	164	1268994267598.0144	0	1022.1239006519318	30365.076486110687	872	633	0	0
2025-02-21 04:39:43,763 - INFO - 	165	1268682067694.925	0	1022.1363756656647	30377.334806919098	875	633	0	0
2025-02-21 04:39:55,876 - INFO - 	166	1259669620683.0684	0	1022.1466307640076	30389.44788479805	878	633	0	0
2025-02-21 04:40:09,861 - INFO - 	167	1251494903958.92	0	1022.1589646339417	30403.432282924652	881	633	0	0
2025-02-21 04:40:23,092 - INFO - 	168	1237769473709.2483	0	1022.1748156547546	30416.66360259056	884	633	0	0
2025-02-21 04:40:36,428 - INFO - 	169	1225795859359.6572	0	1022.183111667633	30429.999646425247	887	633	0	0
2025-02-21 04:40:49,927 - INFO - 	170	1219369222917.6094	0	1022.1977446079254	30443.497787237167	890	633	0	0
2025-02-21 04:41:03,760 - INFO - 	171	1201311675470.1326	0	1022.2123355865479	30457.330997228622	893	633	0	0
2025-02-21 04:41:16,371 - INFO - 	172	1181914264731.496	0	1022.2250466346741	30469.94167995453	896	633	0	0
2025-02-21 04:41:28,551 - INFO - 	173	1178238092192.3665	0	1022.2404577732086	30482.121830940247	899	633	0	0
2025-02-21 04:41:40,586 - INFO - 	174	1167900743053.8896	0	1022.244747877121	30494.156570911407	902	633	0	0
2025-02-21 04:41:53,029 - INFO - 	175	1149095323659.4844	0	1022.2628037929535	30506.599140882492	905	633	0	0
2025-02-21 04:42:04,873 - INFO - 	176	1137056505987.1807	0	1022.2760047912598	30518.443440675735	908	633	0	0
2025-02-21 04:42:17,753 - INFO - 	177	1128661726856.9133	0	1022.2860245704651	30531.32328271866	911	633	0	0
2025-02-21 04:42:30,710 - INFO - 	178	1122791486955.8394	0	1022.2986886501312	30544.279748678207	914	633	0	0
2025-02-21 04:42:43,770 - INFO - 	179	1119769469696.7842	0	1022.3098104000092	30557.339851617813	917	633	0	0
2025-02-21 04:42:56,087 - INFO - 	180	1111192120194.1738	0	1022.3243334293365	30569.656755447388	920	633	0	0
2025-02-21 04:43:07,761 - INFO - 	181	1106809238609.6377	0	1022.3387463092804	30581.33071756363	923	633	0	0
2025-02-21 04:43:19,736 - INFO - 	182	1106398591626.5813	0	1022.3526422977448	30593.30601143837	926	633	0	0
2025-02-21 04:43:31,075 - INFO - 	183	1104725762558.224	0	1022.3616170883179	30604.64499759674	929	633	0	0
2025-02-21 04:43:42,443 - INFO - 	184	1102105674159.8865	0	1022.3815829753876	30616.012722492218	932	633	0	0
2025-02-21 04:43:53,924 - INFO - 	185	1099076066815.3599	0	1022.4090111255646	30627.493297338486	935	633	0	0
2025-02-21 04:44:05,735 - INFO - 	186	1094515028549.5272	0	1022.4281601905823	30639.304356575012	938	633	0	0
2025-02-21 04:44:18,015 - INFO - 	187	1087535021248.2946	0	1022.4473161697388	30651.584033489227	941	633	0	0
2025-02-21 04:44:29,326 - INFO - 	188	1081196576331.8756	0	1022.4681932926178	30662.894597530365	944	633	0	0
2025-02-21 04:44:41,278 - INFO - 	189	1067417204535.8845	0	1022.4929282665253	30674.846784591675	947	633	0	0
2025-02-21 04:44:52,931 - INFO - 	190	1062208263895.6938	0	1022.4998831748962	30686.498495578766	950	633	0	0
2025-02-21 04:45:05,391 - INFO - 	191	1059948866008.3656	0	1022.5232789516449	30698.9591524601	953	633	0	0
2025-02-21 04:45:17,324 - INFO - 	192	1059811761317.0669	0	1022.5387947559357	30710.891647577286	956	633	0	0
2025-02-21 04:45:29,233 - INFO - 	193	1058577712875.485	0	1022.5601115226746	30722.800335407257	959	633	0	0
2025-02-21 04:45:40,733 - INFO - 	194	1056752219649.8143	0	1022.5780336856842	30734.300487279892	962	633	0	0
2025-02-21 04:45:53,053 - INFO - 	195	1050917658201.1592	0	1022.5941054821014	30746.620735168457	965	633	0	0
2025-02-21 04:46:05,783 - INFO - 	196	1047015868244.6711	0	1022.615496635437	30759.35066318512	968	633	0	0
2025-02-21 04:46:17,453 - INFO - 	197	1040526296344.3488	0	1022.6371304988861	30771.02015709877	971	633	0	0
2025-02-21 04:46:30,009 - INFO - 	198	1030309640751.9612	0	1022.6597292423248	30783.57640028	974	633	0	0
2025-02-21 04:46:41,618 - INFO - 	199	1024742491610.0999	0	1022.6817152500153	30795.184688329697	977	633	0	0
2025-02-21 04:46:53,547 - INFO - 	200	1009938014089.1863	0	1022.7064251899719	30807.11430335045	980	633	0	0
2025-02-21 04:47:05,243 - INFO - 	201	1006358426097.333	0	1022.7184782028198	30818.81013917923	983	633	0	0
2025-02-21 04:47:17,971 - INFO - 	202	1003375140707.0074	0	1022.7419121265411	30831.538003206253	986	633	0	0
2025-02-21 04:47:30,226 - INFO - 	203	1000501466600.7684	0	1022.7601201534271	30843.79283642769	989	633	0	0
2025-02-21 04:47:42,936 - INFO - 	204	993377905615.9154	0	1022.7840764522552	30856.503079652786	992	633	0	0
2025-02-21 04:47:55,419 - INFO - 	205	990902773984.1818	0	1022.807044506073	30868.98574948311	995	633	0	0
2025-02-21 04:48:07,819 - INFO - 	206	988456703919.76	0	1022.8230204582214	30881.38520336151	998	633	0	0
2025-02-21 04:48:19,702 - INFO - 	207	982754438166.1539	0	1022.8447594642639	30893.268025636673	1001	633	0	0
2025-02-21 04:48:31,549 - INFO - 	208	980817166328.1421	0	1022.860734462738	30905.11503982544	1004	633	0	0
2025-02-21 04:48:43,479 - INFO - 	209	978165525884.3596	0	1022.8744382858276	30917.04554581642	1007	633	0	0
2025-02-21 04:48:55,060 - INFO - 	210	966887580906.1661	0	1022.9057860374451	30928.626049518585	1010	633	0	0
2025-02-21 04:49:06,705 - INFO - 	211	960112382250.6038	0	1022.9357831478119	30940.270887374878	1013	633	0	0
2025-02-21 04:49:18,815 - INFO - 	212	957926156236.231	0	1022.9785261154175	30952.380422353745	1016	633	0	0
2025-02-21 05:04:40,226 - INFO - 	213	937006136664.2401	0	1023.000598192215	31873.792073488235	1019	633	0	0
2025-02-21 05:36:31,645 - INFO - 	214	919590261638.8152	0	1023.0164959430695	33785.21037149429	1022	633	0	0
2025-02-21 06:26:58,861 - INFO - 	215	908359394282.9305	0	1023.0486040115356	36812.4265935421	1025	633	0	0
2025-02-21 06:45:59,299 - INFO - 	216	901303016608.9088	0	1023.055830001831	37952.86464357376	1028	633	0	0
2025-02-21 06:46:11,778 - INFO - 	217	885185265086.6396	0	1023.0888051986694	37965.34293842316	1031	633	0	0
2025-02-21 06:46:25,184 - INFO - 	218	867731232031.8994	0	1023.1049990653992	37978.748465538025	1034	633	0	0
2025-02-21 06:46:38,921 - INFO - 	219	854405537287.64	0	1023.1353962421417	37992.48578262329	1037	633	0	0
2025-02-21 06:46:50,985 - INFO - 	220	848196501732.9445	0	1023.1655261516571	38004.54937553406	1040	633	0	0
2025-02-21 06:47:03,273 - INFO - 	221	841885452516.2313	0	1023.1791801452637	38016.83704161644	1043	633	0	0
2025-02-21 06:47:15,645 - INFO - 	222	838264914494.0048	0	1023.2057683467865	38029.20975661278	1046	633	0	0
2025-02-21 06:47:27,604 - INFO - 	223	833626821892.815	0	1023.2266345024109	38041.168605566025	1049	633	0	0
2025-02-21 06:47:39,554 - INFO - 	224	826804746034.1514	0	1023.2542576789856	38053.11848258972	1052	633	0	0
2025-02-21 06:47:51,797 - INFO - 	225	815524011135.6179	0	1023.3011989593506	38065.36103439331	1055	633	0	0
2025-02-21 06:48:04,566 - INFO - 	226	808533298933.462	0	1023.3308339118958	38078.12949132919	1058	633	0	0
2025-02-21 06:48:17,089 - INFO - 	227	807939521090.5739	0	1023.3544390201569	38090.65253829956	1061	633	0	0
2025-02-21 06:48:29,355 - INFO - 	228	805231153859.3702	0	1023.3903548717499	38102.91821312904	1064	633	0	0
2025-02-21 06:48:42,104 - INFO - 	229	801419037539.3003	0	1023.4183037281036	38115.66753911972	1067	633	0	0
2025-02-21 06:48:55,174 - INFO - 	230	797932516373.529	0	1023.4498777389526	38128.73712396622	1070	633	0	0
2025-02-21 06:49:06,760 - INFO - 	231	791740134126.1816	0	1023.4722955226898	38140.32367825508	1073	633	0	0
2025-02-21 06:49:18,671 - INFO - 	232	787709059331.393	0	1023.4990494251251	38152.234089136124	1076	633	0	0
2025-02-21 06:49:30,619 - INFO - 	233	783725603243.5664	0	1023.5405514240265	38164.18231010437	1079	633	0	0
2025-02-21 06:49:42,273 - INFO - 	234	782013850065.2997	0	1023.5707485675812	38175.8361120224	1082	633	0	0
2025-02-21 06:49:54,650 - INFO - 	235	777748516126.3219	0	1023.5828313827515	38188.21323823929	1085	633	0	0
2025-02-21 06:50:06,103 - INFO - 	236	773831652176.6053	0	1023.6104753017426	38199.66593837738	1088	633	0	0
2025-02-21 06:50:18,214 - INFO - 	237	766425645922.9955	0	1023.6417582035065	38211.776337623596	1091	633	0	0
2025-02-21 06:50:30,757 - INFO - 	238	758669655467.3302	0	1023.6674783229828	38224.319688797	1094	633	0	0
2025-02-21 06:50:43,431 - INFO - 	239	754240356512.5586	0	1023.6962494850159	38236.99382472038	1097	633	0	0
2025-02-21 06:50:56,314 - INFO - 	240	747778343929.8444	0	1023.7269456386566	38249.87613987923	1100	633	0	0
2025-02-21 06:51:07,399 - INFO - 	241	740845477441.1722	0	1023.7483236789703	38260.96089267731	1103	633	0	0
2025-02-21 06:51:19,846 - INFO - 	242	734160542980.2561	0	1023.783593416214	38273.407935619354	1106	633	0	0
2025-02-21 06:51:32,433 - INFO - 	243	726824956199.8696	0	1023.8192212581635	38285.99437761307	1109	633	0	0
2025-02-21 06:51:44,015 - INFO - 	244	722296880095.4983	0	1023.8554494380951	38297.57586431503	1112	633	0	0
2025-02-21 06:51:55,913 - INFO - 	245	714018085809.2843	0	1023.8896594047546	38309.47452735901	1115	633	0	0
2025-02-21 06:52:06,653 - INFO - 	246	710517565160.6346	0	1023.9193954467773	38320.21365237236	1118	633	0	0
2025-02-21 06:52:17,498 - INFO - 	247	709972848966.3579	0	1023.9513914585114	38331.0587515831	1121	633	0	0
2025-02-21 06:52:28,336 - INFO - 	248	700782699372.5188	0	1023.9858644008636	38341.89662146568	1124	633	0	0
2025-02-21 06:52:40,332 - INFO - 	249	695870640730.0745	0	1024.0053465366364	38353.89264822006	1127	633	0	0
2025-02-21 06:52:51,260 - INFO - 	250	689375258547.1342	0	1024.0372378826141	38364.82052230835	1130	633	0	0
2025-02-21 06:53:02,509 - INFO - 	251	683638771171.2634	0	1024.0738561153412	38376.06966114044	1133	633	0	0
2025-02-21 06:53:13,155 - INFO - 	252	675096799560.4628	0	1024.1111071109772	38386.715952157974	1136	633	0	0
2025-02-21 06:53:24,399 - INFO - 	253	666805698857.1144	0	1024.138456106186	38397.95970606804	1139	633	0	0
2025-02-21 06:53:35,315 - INFO - 	254	664659404025.7094	0	1024.1699619293213	38408.87515616417	1142	633	0	0
2025-02-21 06:53:45,959 - INFO - 	255	661422291965.73	0	1024.2039120197296	38419.51940393448	1145	633	0	0
2025-02-21 06:53:57,698 - INFO - 	256	655600363628.1873	0	1024.2395720481873	38431.25852680206	1148	633	0	0
2025-02-21 06:54:10,529 - INFO - 	257	651897374389.1736	0	1024.2883858680725	38444.08913183212	1151	633	0	0
2025-02-21 06:54:23,095 - INFO - 	258	645728441273.4158	0	1024.3221068382263	38456.65521097183	1154	633	0	0
2025-02-21 06:54:34,442 - INFO - 	259	641291526558.6042	0	1024.3679640293121	38468.00155687332	1157	633	0	0
2025-02-21 06:54:45,788 - INFO - 	260	636378891032.0209	0	1024.400840997696	38479.34728693962	1160	633	0	0
2025-02-21 06:54:57,241 - INFO - 	261	636375793043.5043	0	1024.4206199645996	38490.80097866058	1163	633	0	0
2025-02-21 06:55:08,671 - INFO - 	262	630539694410.144	0	1024.4485630989075	38502.23037672043	1166	633	0	0
2025-02-21 06:55:20,050 - INFO - 	263	623531106500.2286	0	1024.4755947589874	38513.60932469368	1169	633	0	0
2025-02-21 06:55:31,648 - INFO - 	264	619054075988.1057	0	1024.5125358104706	38525.20703077316	1172	633	0	0
2025-02-21 06:55:43,248 - INFO - 	265	616139261444.426	0	1024.5424206256866	38536.80726957321	1175	633	0	0
2025-02-21 06:55:54,669 - INFO - 	266	608581028294.6826	0	1024.5685086250305	38548.22775053978	1178	633	0	0
2025-02-21 06:56:05,878 - INFO - 	267	603695561958.0433	0	1024.60005569458	38559.43700456619	1181	633	0	0
2025-02-21 07:12:05,161 - INFO - 	268	602594981955.7517	0	1024.6339485645294	39518.71988248825	1184	633	0	0
2025-02-21 07:33:21,194 - INFO - 	269	595288854185.191	0	1024.6745023727417	40794.75255274773	1187	633	0	0
2025-02-21 07:33:32,346 - INFO - 	270	588180915991.4916	0	1024.7044005393982	40805.904790878296	1190	633	0	0
2025-02-21 07:33:42,413 - INFO - 	271	585846245450.5114	0	1024.749151468277	40815.97175979614	1193	633	0	0
2025-02-21 07:33:52,257 - INFO - 	272	581595197456.1792	0	1024.7868564128876	40825.81568169594	1196	633	0	0
2025-02-21 07:34:02,613 - INFO - 	273	572372927015.0413	0	1024.816177368164	40836.17147874832	1199	633	0	0
2025-02-21 07:34:13,588 - INFO - 	274	567829651598.0035	0	1024.8529353141785	40847.14591765404	1202	633	0	0
2025-02-21 07:34:24,713 - INFO - 	275	567205048469.8275	0	1024.8839592933655	40858.27049779892	1205	633	0	0
2025-02-21 07:34:35,389 - INFO - 	276	562727798144.0762	0	1024.9260182380676	40868.94647192955	1208	633	0	0
2025-02-21 07:34:46,298 - INFO - 	277	560877316004.0254	0	1024.959133386612	40879.85533285141	1211	633	0	0
2025-02-21 07:34:57,790 - INFO - 	278	554774692707.0239	0	1024.9784574508667	40891.34750080109	1214	633	0	0
2025-02-21 07:35:09,638 - INFO - 	279	551168386137.068	0	1025.026382446289	40903.19593501091	1217	633	0	0
2025-02-21 07:35:20,226 - INFO - 	280	550618802552.2316	0	1025.067955493927	40913.783437252045	1220	633	0	0
2025-02-21 07:35:30,716 - INFO - 	281	547897154220.47156	0	1025.1166684627533	40924.27361822128	1223	633	0	0
2025-02-21 07:35:42,195 - INFO - 	282	544972136732.2464	0	1025.1389074325562	40935.75235700607	1226	633	0	0
2025-02-21 07:35:52,745 - INFO - 	283	537728654428.8943	0	1025.1781013011932	40946.30251789093	1229	633	0	0
2025-02-21 07:36:04,388 - INFO - 	284	532300748478.57794	0	1025.216251373291	40957.94506764412	1232	633	0	0
2025-02-21 07:36:15,285 - INFO - 	285	521998434122.6251	0	1025.257922410965	40968.84184169769	1235	633	0	0
2025-02-21 07:36:27,267 - INFO - 	286	517609581130.82794	0	1025.2870473861694	40980.824011564255	1238	633	0	0
2025-02-21 07:36:37,949 - INFO - 	287	514893822874.423	0	1025.3255772590637	40991.50562739372	1241	633	0	0
2025-02-21 07:36:48,256 - INFO - 	288	513742491976.88446	0	1025.3808133602142	41001.81250047684	1244	633	0	0
2025-02-21 07:36:58,149 - INFO - 	289	510657276433.5875	0	1025.4194042682648	41011.70572352409	1247	633	0	0
2025-02-21 07:37:08,085 - INFO - 	290	501395422748.21246	0	1025.4715774059296	41021.64154243469	1250	633	0	0
2025-02-21 07:37:18,848 - INFO - 	291	497365333828.8753	0	1025.5117983818054	41032.404368400574	1253	633	0	0
2025-02-21 07:37:29,514 - INFO - 	292	493498801032.18243	0	1025.555522441864	41043.07013440132	1256	633	0	0
2025-02-21 07:37:40,808 - INFO - 	293	490259019989.5292	0	1025.6018316745758	41054.36408162117	1259	633	0	0
2025-02-21 07:37:51,317 - INFO - 	294	487632728284.01904	0	1025.6393444538116	41064.873292684555	1262	633	0	0
2025-02-21 07:38:01,341 - INFO - 	295	485624998207.18994	0	1025.677737236023	41074.89656496048	1265	633	0	0
2025-02-21 07:38:11,388 - INFO - 	296	483637843128.698	0	1025.7152862548828	41084.944149017334	1268	633	0	0
2025-02-21 07:38:22,356 - INFO - 	297	478863827395.7211	0	1025.7680022716522	41095.91178393364	1271	633	0	0
2025-02-21 07:38:33,803 - INFO - 	298	472459254896.02185	0	1025.8123145103455	41107.3581969738	1274	633	0	0
2025-02-21 07:38:44,469 - INFO - 	299	465148809363.8531	0	1025.849185705185	41118.02373814583	1277	633	0	0
2025-02-21 07:38:56,265 - INFO - 	300	460267819918.3737	0	1025.8903465270996	41129.8196451664	1280	633	0	0
2025-02-21 07:39:08,244 - INFO - 	301	455552356400.2572	0	1025.9296834468842	41141.79883503914	1283	633	0	0
2025-02-21 07:39:20,094 - INFO - 	302	452813630485.9954	0	1025.971504688263	41153.64871311188	1286	633	0	0
2025-02-21 07:39:31,091 - INFO - 	303	447384978466.7342	0	1026.0327446460724	41164.64552330971	1289	633	0	0
2025-02-21 07:39:43,387 - INFO - 	304	440605290621.3631	0	1026.0796236991882	41176.94182634354	1292	633	0	0
2025-02-21 07:39:56,710 - INFO - 	305	435486231119.1343	0	1026.142918586731	41190.26490044594	1295	633	0	0
2025-02-21 07:40:09,884 - INFO - 	306	432426283695.7903	0	1026.1911566257477	41203.43880558014	1298	633	0	0
2025-02-21 07:40:22,543 - INFO - 	307	430057704400.0045	0	1026.2358317375183	41216.09733939171	1301	633	0	0
2025-02-21 07:40:35,185 - INFO - 	308	428989554280.7239	0	1026.2744510173798	41228.738864421844	1304	633	0	0
2025-02-21 07:40:47,348 - INFO - 	309	426141978458.6675	0	1026.3376791477203	41240.90220832825	1307	633	0	0
2025-02-21 07:40:58,346 - INFO - 	310	425505929070.76294	0	1026.3828990459442	41251.8998670578	1310	633	0	0
2025-02-21 07:41:09,894 - INFO - 	311	422763362230.62286	0	1026.4324660301208	41263.447566986084	1313	633	0	0
2025-02-21 07:41:21,643 - INFO - 	312	422763362230.6228	0	1026.4674851894379	41275.19685077667	1316	633	0	0
2025-02-21 07:41:33,397 - INFO - 	313	418684548545.6975	0	1026.5126821994781	41286.950902700424	1319	633	0	0
2025-02-21 07:41:43,869 - INFO - 	314	414393026017.239	0	1026.5585203170776	41297.42293262482	1322	633	0	0
2025-02-21 07:41:53,865 - INFO - 	315	412961065197.7233	0	1026.605729341507	41307.41894555092	1325	633	0	0
2025-02-21 07:42:05,607 - INFO - 	316	404123928607.86127	0	1026.6603603363037	41319.16044449806	1328	633	0	0
2025-02-21 07:42:16,749 - INFO - 	317	399747999937.63324	0	1026.7168924808502	41330.301953315735	1331	633	0	0
2025-02-21 07:42:27,219 - INFO - 	318	394059170634.3272	0	1026.7740471363068	41340.77197051048	1334	633	0	0
2025-02-21 07:42:37,358 - INFO - 	319	391749529377.91016	0	1026.7978022098541	41350.91068649292	1337	633	0	0
2025-02-21 07:42:47,766 - INFO - 	320	388843204655.195	0	1026.8462994098663	41361.31826543808	1340	633	0	0
2025-02-21 07:42:59,562 - INFO - 	321	386748850170.8102	0	1026.9005763530731	41373.11455345154	1343	633	0	0
2025-02-21 07:43:10,512 - INFO - 	322	383465720714.8287	0	1026.9519302845001	41384.06494617462	1346	633	0	0
2025-02-21 07:43:23,576 - INFO - 	323	379366057390.7111	0	1027.0100982189178	41397.128911972046	1349	633	0	0
2025-02-21 07:43:35,422 - INFO - 	324	375578462177.08	0	1027.057447195053	41408.97401404381	1352	633	0	0
2025-02-21 07:55:48,837 - INFO - 	325	373046298292.6674	0	1027.1244342327118	42142.389018297195	1355	633	0	0
2025-02-21 07:56:00,265 - INFO - 	326	370974740628.35333	0	1027.1773133277893	42153.81616926193	1358	633	0	0
2025-02-21 07:56:12,442 - INFO - 	327	370588008238.0218	0	1027.2297954559326	42165.99309515953	1361	633	0	0
2025-02-21 07:56:24,825 - INFO - 	328	369791087845.4788	0	1027.2795593738556	42178.37590384483	1364	633	0	0
2025-02-21 07:56:36,056 - INFO - 	329	359704180632.8151	0	1027.329020500183	42189.60683679581	1367	633	0	0
2025-02-21 07:56:47,481 - INFO - 	330	356598884886.337	0	1027.3508837223053	42201.03191781044	1370	633	0	0
2025-02-21 07:56:57,907 - INFO - 	331	354655942232.63965	0	1027.3972117900848	42211.45776677132	1373	633	0	0
2025-02-21 07:57:09,082 - INFO - 	332	350999998524.9099	0	1027.4304149150848	42222.63302183151	1376	633	0	0
2025-02-21 07:57:19,448 - INFO - 	333	350225349439.24963	0	1027.492556810379	42232.99881196022	1379	633	0	0
2025-02-21 07:57:29,760 - INFO - 	334	335572247438.6363	0	1027.516661643982	42243.31047606468	1382	633	0	0
2025-02-21 07:57:40,957 - INFO - 	335	331749195868.27966	0	1027.5753936767578	42254.50731110573	1385	633	0	0
2025-02-21 07:57:51,776 - INFO - 	336	329854524367.2394	0	1027.6424956321716	42265.32609915733	1388	633	0	0
2025-02-21 07:58:02,538 - INFO - 	337	329691492000.2205	0	1027.6816537380219	42276.088465213776	1391	633	0	0
2025-02-21 07:58:13,546 - INFO - 	338	329688947319.4098	0	1027.719289779663	42287.09586811066	1394	633	0	0
2025-02-21 07:58:24,555 - INFO - 	339	323739921558.5389	0	1027.7813439369202	42298.1048541069	1397	633	0	0
2025-02-21 07:58:34,801 - INFO - 	340	319776685853.5526	0	1027.832307100296	42308.35105204582	1400	633	0	0
2025-02-21 07:58:45,066 - INFO - 	341	315723296432.6113	0	1027.8778891563416	42318.61604809761	1403	633	0	0
2025-02-21 07:58:55,422 - INFO - 	342	309490564768.7735	0	1027.9029850959778	42328.97140312195	1406	633	0	0
2025-02-21 07:59:05,270 - INFO - 	343	305129402290.03033	0	1027.955307006836	42338.81943702698	1409	633	0	0
2025-02-21 07:59:17,634 - INFO - 	344	300446259292.23486	0	1028.0038621425629	42351.18302822113	1412	633	0	0
2025-02-21 07:59:30,317 - INFO - 	345	300145794859.3653	0	1028.0361862182617	42363.865839481354	1415	633	0	0
2025-02-21 07:59:42,811 - INFO - 	346	294941365064.0634	0	1028.0943892002106	42376.36057662964	1418	633	0	0
2025-02-21 07:59:54,082 - INFO - 	347	292143701698.57056	0	1028.1393060684204	42387.63064289093	1421	633	0	0
2025-02-21 08:00:04,037 - INFO - 	348	286757838405.8382	0	1028.1842880249023	42397.58642196655	1424	633	0	0
2025-02-21 08:00:15,431 - INFO - 	349	279353467560.76874	0	1028.244188785553	42408.97992396355	1427	633	0	0
2025-02-21 08:00:27,594 - INFO - 	350	271230551401.73993	0	1028.2992978096008	42421.143067121506	1430	633	0	0
2025-02-21 08:00:37,797 - INFO - 	351	265028453549.62732	0	1028.3135948181152	42431.34540224075	1433	633	0	0
2025-02-21 08:00:47,762 - INFO - 	352	263357926587.60608	0	1028.396633863449	42441.31047511101	1436	633	0	0
2025-02-21 08:00:57,757 - INFO - 	353	259659874370.77643	0	1028.4577322006226	42451.304247140884	1439	633	0	0
2025-02-21 08:01:09,294 - INFO - 	354	258283940345.34842	0	1028.508748292923	42462.842051029205	1442	633	0	0
2025-02-21 08:01:20,517 - INFO - 	355	253822142545.0158	0	1028.5608432292938	42474.064994096756	1445	633	0	0
2025-02-21 08:01:31,178 - INFO - 	356	247549812209.53384	0	1028.6067433357239	42484.7256860733	1448	633	0	0
2025-02-21 08:01:43,051 - INFO - 	357	243581710316.98413	0	1028.6710872650146	42496.59804701805	1451	633	0	0
2025-02-21 08:01:53,573 - INFO - 	358	242963529472.77493	0	1028.68106341362	42507.12025809288	1454	633	0	0
2025-02-21 08:02:04,040 - INFO - 	359	233164214257.89755	0	1028.741807460785	42517.58695912361	1457	633	0	0
2025-02-21 08:02:14,873 - INFO - 	360	226505330613.04977	0	1028.7874143123627	42528.42022228241	1460	633	0	0
2025-02-21 08:02:24,663 - INFO - 	361	222071040784.88864	0	1028.8543071746826	42538.20996236801	1463	633	0	0
2025-02-21 08:02:33,768 - INFO - 	362	218882334253.8082	0	1028.8930382728577	42547.31448841095	1466	633	0	0
2025-02-21 08:02:43,464 - INFO - 	363	217261495210.3127	0	1028.941918373108	42557.0110244751	1469	633	0	0
2025-02-21 08:02:52,441 - INFO - 	364	209056366570.74576	0	1028.9719004631042	42565.98766827583	1472	633	0	0
2025-02-21 08:03:04,878 - INFO - 	365	202773020837.98486	0	1029.0388565063477	42578.42483615875	1475	633	0	0
2025-02-21 08:03:15,027 - INFO - 	366	197646356631.92358	0	1029.1047096252441	42588.57353210449	1478	633	0	0
2025-02-21 08:03:24,056 - INFO - 	367	195456766024.33194	0	1029.149830341339	42597.60202407837	1481	633	0	0
2025-02-21 08:03:34,216 - INFO - 	368	190998828070.85077	0	1029.218118429184	42607.76189303398	1484	633	0	0
2025-02-21 08:03:43,293 - INFO - 	369	189504922511.989	0	1029.286628484726	42616.83911108971	1487	633	0	0
2025-02-21 08:03:52,373 - INFO - 	370	188816331091.5432	0	1029.3272364139557	42625.918633937836	1490	633	0	0
2025-02-21 08:04:01,578 - INFO - 	371	184804221525.1926	0	1029.3974702358246	42635.12399792671	1493	633	0	0
2025-02-21 08:04:10,987 - INFO - 	372	182506693809.23325	0	1029.4605684280396	42644.53316998482	1496	633	0	0
2025-02-21 08:04:21,090 - INFO - 	373	181954533203.1546	0	1029.514818429947	42654.63621997833	1499	633	0	0
2025-02-21 08:04:31,271 - INFO - 	374	179712641995.72647	0	1029.5703616142273	42664.817106962204	1502	633	0	0
2025-02-21 08:04:41,274 - INFO - 	375	173126605220.1345	0	1029.6295375823975	42674.81963086128	1505	633	0	0
2025-02-21 08:04:51,068 - INFO - 	376	168416507318.6161	0	1029.6786937713623	42684.61294913292	1508	633	0	0
2025-02-21 08:05:00,220 - INFO - 	377	165726568353.3101	0	1029.7196638584137	42693.76569509506	1511	633	0	0
2025-02-21 08:05:09,470 - INFO - 	378	163813041987.34222	0	1029.7680039405823	42703.0150642395	1514	633	0	0
2025-02-21 08:05:18,832 - INFO - 	379	160354746025.0701	0	1029.8072669506073	42712.37688922882	1517	633	0	0
2025-02-21 08:05:28,575 - INFO - 	380	156996463806.07413	0	1029.8744869232178	42722.11959195137	1520	633	0	0
2025-02-21 08:05:38,047 - INFO - 	381	153186845305.00732	0	1029.9306757450104	42731.59229207039	1523	633	0	0
2025-02-21 08:05:47,360 - INFO - 	382	146991523981.06055	0	1029.9724917411804	42740.905129909515	1526	633	0	0
2025-02-21 08:06:45,027 - INFO - 	383	145043850718.9425	0	1030.0167047977448	42798.57155561447	1529	633	0	0
2025-02-21 08:06:54,713 - INFO - 	384	143552771020.66193	0	1030.0799655914307	42808.25720357895	1532	633	0	0
2025-02-21 08:07:05,036 - INFO - 	385	139979436007.7801	0	1030.1465225219727	42818.57944083214	1535	633	0	0
2025-02-21 08:07:15,075 - INFO - 	386	137298900801.67014	0	1030.173921585083	42828.61791276932	1538	633	0	0
2025-02-21 08:07:25,386 - INFO - 	387	135810338546.26634	0	1030.22908949852	42838.92832183838	1541	633	0	0
2025-02-21 08:07:36,215 - INFO - 	388	130564506391.96974	0	1030.2711725234985	42849.75756263733	1544	633	0	0
2025-02-21 08:07:47,730 - INFO - 	389	124914432127.07947	0	1030.3456406593323	42861.27157664299	1547	633	0	0
2025-02-21 08:07:59,281 - INFO - 	390	123543298355.98004	0	1030.4062218666077	42872.82260656357	1550	633	0	0
2025-02-21 08:08:09,238 - INFO - 	391	121346169042.02464	0	1030.4725759029388	42882.779037714005	1553	633	0	0
2025-02-21 08:08:19,406 - INFO - 	392	118959202364.62177	0	1030.520931005478	42892.94772577286	1556	633	0	0
2025-02-21 08:08:29,930 - INFO - 	393	118188710989.36377	0	1030.5764458179474	42903.47106385231	1559	633	0	0
2025-02-21 08:08:40,437 - INFO - 	394	116379908705.4866	0	1030.647834777832	42913.97792387009	1562	633	0	0
2025-02-21 08:08:50,555 - INFO - 	395	115477937227.83705	0	1030.6956777572632	42924.096093177795	1565	633	0	0
2025-02-21 08:09:01,074 - INFO - 	396	114532207258.705	0	1030.7319557666779	42934.61508131027	1568	633	0	0
2025-02-21 08:09:10,779 - INFO - 	397	113142544663.51352	0	1030.7875127792358	42944.31923222542	1571	633	0	0
2025-02-21 08:09:20,533 - INFO - 	398	109960052413.214	0	1030.8437476158142	42954.07330298424	1574	633	0	0
2025-02-21 08:09:30,707 - INFO - 	399	107531757358.26137	0	1030.8956344127655	42964.247534036636	1577	633	0	0
2025-02-21 08:09:40,940 - INFO - 	400	106739709184.69278	0	1030.9554755687714	42974.48046207428	1580	633	0	0
2025-02-21 08:09:50,732 - INFO - 	401	103406234892.20366	0	1031.017177581787	42984.27228617668	1583	633	0	0
2025-02-21 08:10:00,965 - INFO - 	402	101938849224.95375	0	1031.0662822723389	42994.50550913811	1586	633	0	0
2025-02-21 08:10:11,207 - INFO - 	403	98501585284.95442	0	1031.1350004673004	43004.746582984924	1589	633	0	0
2025-02-21 08:10:22,914 - INFO - 	404	98047358403.64737	0	1031.2348322868347	43016.453630924225	1592	633	0	0
2025-02-21 08:10:33,457 - INFO - 	405	97079371608.00655	0	1031.283819437027	43026.996609926224	1595	633	0	0
2025-02-21 08:10:43,606 - INFO - 	406	97079371608.0065	0	1031.3266801834106	43037.14623880386	1598	633	0	0
2025-02-21 08:10:53,864 - INFO - 	407	96868650392.27345	0	1031.3369853496552	43047.40318274498	1601	633	0	0
2025-02-21 08:11:04,247 - INFO - 	408	93530245240.78813	0	1031.3883883953094	43057.78624153137	1604	633	0	0
2025-02-21 08:11:14,901 - INFO - 	409	91296878128.11565	0	1031.4202914237976	43068.44006252289	1607	633	0	0
2025-02-21 08:11:25,748 - INFO - 	410	90170670024.44196	0	1031.48525929451	43079.28703856468	1610	633	0	0
2025-02-21 08:11:37,194 - INFO - 	411	90170670024.442	0	1031.5456495285034	43090.73359847069	1613	633	0	0
2025-02-21 08:11:48,573 - INFO - 	412	89865963298.82921	0	1031.5858855247498	43102.11163067818	1616	633	0	0
2025-02-21 08:11:57,881 - INFO - 	413	82950632340.89815	0	1031.646309375763	43111.41960978508	1619	633	0	0
2025-02-21 08:12:08,683 - INFO - 	414	82158290066.22899	0	1031.7140674591064	43122.22185873985	1622	633	0	0
2025-02-21 08:12:19,092 - INFO - 	415	79430050502.02773	0	1031.783908367157	43132.63051080704	1625	633	0	0
2025-02-21 08:12:28,361 - INFO - 	416	79032887308.99432	0	1031.837289571762	43141.89846992493	1628	633	0	0
2025-02-21 08:12:37,901 - INFO - 	417	77601990474.19057	0	1031.8961913585663	43151.438603162766	1631	633	0	0
2025-02-21 08:12:47,153 - INFO - 	418	77405603102.8442	0	1031.9205844402313	43160.6900472641	1634	633	0	0
2025-02-21 08:12:55,873 - INFO - 	419	72646574049.31178	0	1031.9507853984833	43169.409306526184	1637	633	0	0
2025-02-21 08:13:05,514 - INFO - 	420	71124663120.86565	0	1032.027443408966	43179.05072879791	1640	633	0	0
2025-02-21 08:13:15,422 - INFO - 	421	68657877945.37997	0	1032.0991773605347	43188.95859980583	1643	633	0	0
2025-02-21 08:13:24,604 - INFO - 	422	64138399142.20899	0	1032.1773934364319	43198.14056444168	1646	633	0	0
2025-02-21 08:13:33,560 - INFO - 	423	60982901195.43663	0	1032.2241744995117	43207.096475601196	1649	633	0	0
2025-02-21 08:13:42,084 - INFO - 	424	57525199499.82581	0	1032.3004384040833	43215.62066245079	1652	633	0	0
2025-02-21 08:13:51,692 - INFO - 	425	55425265629.24058	0	1032.3598535060883	43225.228172540665	1655	633	0	0
2025-02-21 08:14:02,255 - INFO - 	426	54982076192.406136	0	1032.4000644683838	43235.79098033905	1658	633	0	0
2025-02-21 08:14:12,537 - INFO - 	427	54777189799.574585	0	1032.4597334861755	43246.07260751724	1661	633	0	0
2025-02-21 08:14:22,624 - INFO - 	428	49349889595.18391	0	1032.5540673732758	43256.159499406815	1664	633	0	0
2025-02-21 08:14:32,698 - INFO - 	429	48855149328.45946	0	1032.6079454421997	43266.23426437378	1667	633	0	0
2025-02-21 08:14:42,676 - INFO - 	430	48107163078.550064	0	1032.664169549942	43276.2115521431	1670	633	0	0
2025-02-21 08:14:52,427 - INFO - 	431	45355550786.86141	0	1032.7303335666656	43285.96219706535	1673	633	0	0
2025-02-21 08:15:02,425 - INFO - 	432	43952647613.71048	0	1032.7826194763184	43295.960346221924	1676	633	0	0
2025-02-21 08:15:11,571 - INFO - 	433	39161727435.665886	0	1032.8450615406036	43305.106768369675	1679	633	0	0
2025-02-21 08:15:21,433 - INFO - 	434	37723397403.58411	0	1032.9187576770782	43314.96855139732	1682	633	0	0
2025-02-21 08:15:31,170 - INFO - 	435	36452936309.82525	0	1032.995923757553	43324.70486617088	1685	633	0	0
2025-02-21 08:15:40,740 - INFO - 	436	33902446435.08966	0	1033.059895992279	43334.27542448044	1688	633	0	0
2025-02-21 08:15:50,356 - INFO - 	437	28401649746.44117	0	1033.1256368160248	43343.89099264145	1691	633	0	0
2025-02-21 08:16:00,164 - INFO - 	438	27129980344.72349	0	1033.1759548187256	43353.69904255867	1694	633	0	0
2025-02-21 08:16:09,100 - INFO - 	439	25719315013.43926	0	1033.2490766048431	43362.63453960419	1697	633	0	0
2025-02-21 08:16:19,915 - INFO - 	440	23144102569.450813	0	1033.322791337967	43373.44943571091	1700	633	0	0
2025-02-21 08:16:30,553 - INFO - 	441	21764158263.60024	0	1033.3740074634552	43384.08745479584	1703	633	0	0
2025-02-21 08:16:40,833 - INFO - 	442	19331758514.40655	0	1033.4293422698975	43394.367426633835	1706	633	0	0
2025-02-21 08:16:52,302 - INFO - 	443	11457264725.21514	0	1033.4582540988922	43405.836087703705	1709	633	0	0
2025-02-21 08:17:02,190 - INFO - 	444	9056107049.096804	0	1033.528188943863	43415.72424197197	1712	633	0	0
2025-02-21 08:17:11,883 - INFO - 	445	3796036545.4582934	0	1033.60098195076	43425.4174489975	1715	633	0	0
2025-02-21 08:17:22,466 - INFO - 	446	639407480.456666	0	1033.6563272476196	43435.999636888504	1718	633	0	0
2025-02-21 08:24:52,723 - INFO - 	447	617355419.4361347	0	1033.707534313202	43886.25649571419	1721	633	0	0
2025-02-21 08:25:02,871 - INFO - 	448	1860.1974302814751	0	1033.7394182682037	43896.4043366909	1724	633	0	0
2025-02-21 08:25:20,139 - INFO - 	449	1849.961327431808	0	1033.7454912662506	43913.672585725784	1727	633	0	0
2025-02-21 08:25:37,194 - INFO - 	450	1822.282829297639	0	1033.7537024021149	43930.727051734924	1730	633	0	0
2025-02-21 08:25:54,659 - INFO - 	451	1792.1453829533095	0	1033.7605843544006	43948.19190740585	1733	633	0	0
2025-02-21 08:26:12,381 - INFO - 	452	1779.8708937205845	0	1033.7746243476868	43965.91405534744	1736	633	0	0
2025-02-21 08:26:30,141 - INFO - 	453	1748.9433578864857	0	1033.7887783050537	43983.67357850075	1739	633	0	0
2025-02-21 08:26:47,809 - INFO - 	454	1736.4957259131668	0	1033.8076400756836	44001.3413336277	1742	633	0	0
2025-02-21 08:27:05,610 - INFO - 	455	1720.265730299743	0	1033.8180871009827	44019.14297556877	1745	633	0	0
2025-02-21 08:27:23,442 - INFO - 	456	1716.2818200460197	0	1033.8293480873108	44036.97486758232	1748	633	0	0
2025-02-21 08:27:41,007 - INFO - 	457	1704.503362294652	0	1033.8475770950317	44054.539026498795	1751	633	0	0
2025-02-21 08:27:58,958 - INFO - 	458	1696.821851523713	0	1033.8570520877838	44072.49052238464	1754	633	0	0
2025-02-21 08:28:16,835 - INFO - 	459	1680.446061455946	0	1033.8718719482422	44090.36683559418	1757	633	0	0
2025-02-21 08:28:34,633 - INFO - 	460	1669.0123340067037	0	1033.880777835846	44108.164551496506	1760	633	0	0
2025-02-21 08:28:52,528 - INFO - 	461	1658.029970465083	0	1033.8934965133667	44126.0597577095	1763	633	0	0
2025-02-21 08:29:10,748 - INFO - 	462	1651.6853567937555	0	1033.9014506340027	44144.28006482124	1766	633	0	0
2025-02-21 08:29:28,743 - INFO - 	463	1646.0001066509321	0	1033.9105415344238	44162.27495479584	1769	633	0	0
2025-02-21 08:29:46,563 - INFO - 	464	1640.273328467299	0	1033.9222106933594	44180.09412550926	1772	633	0	0
2025-02-21 08:30:04,309 - INFO - 	465	1636.3876610244695	0	1033.933670759201	44197.840948581696	1775	633	0	0
2025-02-21 08:30:21,845 - INFO - 	466	1622.8745812937432	0	1033.9507310390472	44215.37600064278	1778	633	0	0
2025-02-21 08:30:39,465 - INFO - 	467	1614.1189432269805	0	1033.9627742767334	44232.994369745255	1781	633	0	0
2025-02-21 08:30:57,178 - INFO - 	468	1605.3174634056124	0	1033.9727742671967	44250.707427978516	1784	633	0	0
2025-02-21 08:31:14,653 - INFO - 	469	1599.0150102032037	0	1033.9842653274536	44268.182763814926	1787	633	0	0
2025-02-21 08:31:32,661 - INFO - 	470	1595.2107673196306	0	1033.9965052604675	44286.190708875656	1790	633	0	0
2025-02-21 08:31:50,376 - INFO - 	471	1590.7059722241506	0	1034.0069651603699	44303.90584397316	1793	633	0	0
2025-02-21 08:32:08,091 - INFO - 	472	1587.0484231495304	0	1034.0142312049866	44321.61987614632	1796	633	0	0
2025-02-21 08:32:26,259 - INFO - 	473	1584.4376145938718	0	1034.0262610912323	44339.78800320625	1799	633	0	0
2025-02-21 08:32:44,325 - INFO - 	474	1578.785876162729	0	1034.042807340622	44357.85459923744	1802	633	0	0
2025-02-21 08:33:02,218 - INFO - 	475	1577.9294469193767	0	1034.049836397171	44375.74681329727	1805	633	0	0
2025-02-21 08:33:20,338 - INFO - 	476	1573.814107681945	0	1034.0609724521637	44393.86678814888	1808	633	0	0
2025-02-21 08:33:38,575 - INFO - 	477	1571.5468192035414	0	1034.0690684318542	44412.10373210907	1811	633	0	0
2025-02-21 08:33:56,605 - INFO - 	478	1568.9884134825409	0	1034.0820934772491	44430.13359904289	1814	633	0	0
2025-02-21 08:52:05,050 - INFO - 	479	1564.1969181067695	0	1034.0904924869537	45518.57855319977	1817	633	0	0
2025-02-21 08:52:22,352 - INFO - 	480	1564.176065393083	0	1034.0960252285004	45535.879245996475	1820	633	0	0
2025-02-21 08:52:39,439 - INFO - 	481	1560.0798901763776	0	1034.1079239845276	45552.96606492996	1823	633	0	0
2025-02-21 09:08:54,408 - INFO - 	482	1552.445018284203	0	1034.1220202445984	46527.934707164764	1826	633	0	0
2025-02-21 09:09:11,054 - INFO - 	483	1547.2908361410364	0	1034.1380033493042	46544.57976412773	1829	633	0	0
2025-02-21 09:09:27,852 - INFO - 	484	1543.3889746997643	0	1034.1509804725647	46561.37701225281	1832	633	0	0
2025-02-21 09:24:54,672 - INFO - 	485	1537.2643793552497	0	1034.1678974628448	47488.19679617882	1835	633	0	0
2025-02-21 09:25:12,746 - INFO - 	486	1531.6565791434057	0	1034.1814165115356	47506.26984834671	1838	633	0	0
2025-02-21 09:25:29,857 - INFO - 	487	1528.3343321773161	0	1034.1926093101501	47523.379925489426	1841	633	0	0
2025-02-21 09:25:46,517 - INFO - 	488	1520.8752956796754	0	1034.20268034935	47540.040499448776	1844	633	0	0
2025-02-21 09:26:03,218 - INFO - 	489	1518.5432786477318	0	1034.2130510807037	47556.740557193756	1847	633	0	0
2025-02-21 09:26:19,711 - INFO - 	490	1515.0477086479507	0	1034.228503227234	47573.233382463455	1850	633	0	0
2025-02-21 09:26:36,430 - INFO - 	491	1511.2432251314283	0	1034.2377843856812	47589.95185637474	1853	633	0	0
2025-02-21 09:26:53,191 - INFO - 	492	1509.3222436942533	0	1034.2502863407135	47606.712230205536	1856	633	0	0
2025-02-21 09:42:24,227 - INFO - 	493	1508.0366077881708	0	1034.2604022026062	48537.74817299843	1859	633	0	0
2025-02-21 09:42:41,743 - INFO - 	494	1506.8527686497084	0	1034.268419265747	48555.26385593414	1862	633	0	0
2025-02-21 09:42:59,215 - INFO - 	495	1505.244218795623	0	1034.2786712646484	48572.73523283005	1865	633	0	0
2025-02-21 09:43:16,418 - INFO - 	496	1502.1134152770596	0	1034.294013261795	48589.93804049492	1868	633	0	0
2025-02-21 09:43:34,172 - INFO - 	497	1499.7378752660056	0	1034.4243292808533	48607.69138932228	1871	633	0	0
2025-02-21 09:43:51,722 - INFO - 	498	1499.5952160371085	0	1034.4292268753052	48625.24081039429	1874	633	0	0
2025-02-21 09:44:09,223 - INFO - 	499	1497.2447664372785	0	1034.4388751983643	48642.74172639847	1877	633	0	0
2025-02-21 09:44:26,742 - INFO - 	500	1496.364611783229	0	1034.4492993354797	48660.26068162918	1880	633	0	0
2025-02-21 09:59:54,507 - INFO - 	501	1494.1625505909574	0	1034.4646604061127	49588.02507042885	1883	633	0	0
2025-02-21 10:00:11,551 - INFO - 	502	1493.3898767477374	0	1034.474853515625	49605.06845355034	1886	633	0	0
2025-02-21 10:00:28,542 - INFO - 	503	1490.897028607095	0	1034.4831566810608	49622.06009435654	1889	633	0	0
2025-02-21 10:17:06,265 - INFO - 	504	1490.5427456374714	0	1034.488632440567	50619.78220129013	1892	633	0	0
2025-02-21 10:17:23,036 - INFO - 	505	1487.441180724107	0	1034.4997155666351	50636.55313515663	1895	633	0	0
2025-02-21 10:17:39,670 - INFO - 	506	1483.4508969351464	0	1034.5114314556122	50653.18775200844	1898	633	0	0
2025-02-21 10:35:11,618 - INFO - 	507	1479.9692327293576	0	1034.5264031887054	51705.135601997375	1901	633	0	0
2025-02-21 10:35:28,798 - INFO - 	508	1477.73252337118	0	1034.5387952327728	51722.31430888176	1904	633	0	0
2025-02-21 10:51:21,111 - INFO - 	509	1474.4212950657675	0	1034.547924041748	52674.62645483017	1907	633	0	0
2025-02-21 10:51:37,595 - INFO - 	510	1472.7263270445812	0	1034.5584862232208	52691.1104118824	1910	633	0	0
2025-02-21 10:51:54,196 - INFO - 	511	1472.5940277339685	0	1034.562007188797	52707.71170282364	1913	633	0	0
2025-02-21 11:08:28,825 - INFO - 	512	1472.3450445224105	0	1034.5672373771667	53702.34106874466	1916	633	0	0
2025-02-21 11:08:45,582 - INFO - 	513	1470.7862711154928	0	1034.5771443843842	53719.09749484062	1919	633	0	0
2025-02-21 11:09:02,216 - INFO - 	514	1469.9750748934493	0	1034.5880904197693	53735.73111963272	1922	633	0	0
2025-02-21 11:24:50,423 - INFO - 	515	1468.8243150246376	0	1034.6005413532257	54683.93798470497	1925	633	0	0
2025-02-21 11:25:07,123 - INFO - 	516	1464.4915896631921	0	1034.611766576767	54700.637848854065	1928	633	0	0
2025-02-21 11:35:59,067 - INFO - 	517	1463.1877157603208	0	1034.6222405433655	55352.58156275749	1931	633	0	0
2025-02-21 11:36:17,280 - INFO - 	518	1461.6611564905368	0	1034.632200717926	55370.794333934784	1934	633	0	0
2025-02-21 11:36:34,201 - INFO - 	519	1460.4089410722113	0	1034.6425566673279	55387.7151427269	1937	633	0	0
2025-02-21 11:41:07,015 - INFO - 	520	1459.0291470753677	0	1034.6545865535736	55660.52954173088	1940	633	0	0
2025-02-21 11:41:24,191 - INFO - 	521	1457.4555697536548	0	1034.6627314090729	55677.70530962944	1943	633	0	0
2025-02-21 11:41:40,618 - INFO - 	522	1457.3444725559477	0	1034.6669721603394	55694.13215279579	1946	633	0	0
2025-02-21 11:58:12,326 - INFO - 	523	1454.0794611742328	0	1034.6782853603363	56685.84025669098	1949	633	0	0
2025-02-21 11:58:29,032 - INFO - 	524	1450.7377150141708	0	1034.6912293434143	56702.54542565346	1952	633	0	0
2025-02-21 11:58:46,242 - INFO - 	525	1449.1301426252392	0	1034.699717283249	56719.75536966324	1955	633	0	0
2025-02-21 12:15:58,060 - INFO - 	526	1448.671219158873	0	1034.7065210342407	57751.57369875908	1958	633	0	0
2025-02-21 12:16:15,407 - INFO - 	527	1447.8757442360914	0	1034.714793920517	57768.9202477932	1961	633	0	0
2025-02-21 12:32:07,526 - INFO - 	528	1447.0563208702126	0	1034.7266569137573	58721.0397939682	1964	633	0	0
2025-02-21 12:32:24,911 - INFO - 	529	1445.6998068164219	0	1034.7374789714813	58738.42404413223	1967	633	0	0
2025-02-21 12:32:41,817 - INFO - 	530	1444.9850139732102	0	1034.7490892410278	58755.32960629463	1970	633	0	0
2025-02-21 12:37:07,568 - INFO - 	531	1444.5477145267055	0	1034.7562613487244	59021.07990646362	1973	633	0	0
2025-02-21 12:37:24,651 - INFO - 	532	1444.1331019488316	0	1034.7654883861542	59038.163056612015	1976	633	0	0
2025-02-21 12:37:41,707 - INFO - 	533	1443.4713353641514	0	1034.7779703140259	59055.21887564659	1979	633	0	0
2025-02-21 12:54:08,613 - INFO - 	534	1443.1936597805231	0	1034.7828452587128	60042.125185489655	1982	633	0	0
2025-02-21 12:54:25,566 - INFO - 	535	1441.4098904294249	0	1034.7969062328339	60059.07779955864	1985	633	0	0
2025-02-21 13:11:27,606 - INFO - 	536	1438.9597196718228	0	1034.8065843582153	61081.117203474045	1988	633	0	0
2025-02-21 13:11:44,800 - INFO - 	537	1437.891764272205	0	1034.8174412250519	61098.3108215332	1991	633	0	0
2025-02-21 13:12:02,080 - INFO - 	538	1437.1090728063257	0	1034.830203294754	61115.59151959419	1994	633	0	0
2025-02-21 13:27:22,198 - INFO - 	539	1436.3491337218902	0	1034.8416755199432	62035.709250450134	1997	633	0	0
2025-02-21 13:27:39,731 - INFO - 	540	1435.4634290766965	0	1034.8498585224152	62053.241535425186	2000	633	0	0
2025-02-21 13:38:00,235 - INFO - 	541	1434.722268326863	0	1034.8604035377502	62673.745297670364	2003	633	0	0
2025-02-21 13:38:17,340 - INFO - 	542	1434.5336139205283	0	1034.9440443515778	62690.85015749931	2006	633	0	0
2025-02-21 13:38:34,408 - INFO - 	543	1434.0845277374315	0	1034.9519293308258	62707.91823863983	2009	633	0	0
2025-02-21 13:38:51,797 - INFO - 	544	1433.7058279427968	0	1034.9605541229248	62725.306550741196	2012	633	0	0
2025-02-21 13:39:08,979 - INFO - 	545	1432.880456317018	0	1034.9759480953217	62742.4885737896	2015	633	0	0
2025-02-21 13:39:26,610 - INFO - 	546	1432.036745316797	0	1034.9882068634033	62760.118718624115	2018	633	0	0
2025-02-21 13:39:44,079 - INFO - 	547	1431.1719547229247	0	1034.9991760253906	62777.587312459946	2021	633	0	0
2025-02-21 13:40:01,534 - INFO - 	548	1431.005014052647	0	1035.007243156433	62795.04247045517	2024	633	0	0
2025-02-21 13:40:19,044 - INFO - 	549	1430.7846917184017	0	1035.0164473056793	62812.551847457886	2027	633	0	0
2025-02-21 13:40:36,238 - INFO - 	550	1430.4084657453386	0	1035.0271604061127	62829.74615550041	2030	633	0	0
2025-02-21 13:40:53,820 - INFO - 	551	1429.9642589463265	0	1035.0346965789795	62847.32738351822	2033	633	0	0
2025-02-21 13:41:11,282 - INFO - 	552	1429.8159216866395	0	1035.0406894683838	62864.78944730759	2036	633	0	0
2025-02-21 13:41:28,513 - INFO - 	553	1429.2898367423468	0	1035.0513007640839	62882.019957304	2039	633	0	0
2025-02-21 13:41:45,287 - INFO - 	554	1428.926928955336	0	1035.058899641037	62898.79344344139	2042	633	0	0
2025-02-21 13:42:02,104 - INFO - 	555	1428.2413252054039	0	1035.0793297290802	62915.61091160774	2045	633	0	0
2025-02-21 13:42:19,302 - INFO - 	556	1428.2413252054043	0	1035.0846948623657	62932.80794978142	2048	633	0	0
2025-02-21 13:58:14,928 - INFO - 	557	1427.6869292231004	0	1035.0953249931335	63888.434500694275	2051	633	0	0
2025-02-21 13:58:31,775 - INFO - 	558	1426.731976778254	0	1035.114163160324	63905.281119823456	2054	633	0	0
2025-02-21 13:58:48,976 - INFO - 	559	1426.4033476560542	0	1035.123680114746	63922.48192715645	2057	633	0	0
2025-02-21 14:15:56,480 - INFO - 	560	1426.3292476111708	0	1035.1317200660706	64949.98511815071	2060	633	0	0
2025-02-21 14:16:13,782 - INFO - 	561	1426.0000000000005	0	1035.1401779651642	64967.28736901283	2063	633	0	0
2025-02-21 14:16:30,721 - INFO - 
ya no tiene columnas con costo reducido negative
2025-02-21 14:16:30,732 - INFO - Set parameter OutputFlag to value 1
2025-02-21 14:16:30,733 - INFO - Set parameter LogFile to value "logs_new/salida_modelo_caminos_380_567_noLR.log"
2025-02-21 14:16:30,734 - INFO - Set parameter TimeLimit to value 7200
2025-02-21 14:16:30,734 - INFO - Gurobi Optimizer version 11.0.1 build v11.0.1rc0 (mac64[arm] - Darwin 24.3.0 24D60)
2025-02-21 14:16:30,734 - INFO - 
2025-02-21 14:16:30,734 - INFO - CPU model: Apple M2
2025-02-21 14:16:30,735 - INFO - Thread count: 8 physical cores, 8 logical processors, using up to 8 threads
2025-02-21 14:16:30,735 - INFO - 
2025-02-21 14:16:30,735 - INFO - Optimize a model with 633 rows, 2063 columns and 8905 nonzeros
2025-02-21 14:16:30,735 - INFO - Coefficient statistics:
2025-02-21 14:16:30,736 - INFO -   Matrix range     [1e+00, 1e+00]
2025-02-21 14:16:30,736 - INFO -   Objective range  [2e+00, 1e+10]
2025-02-21 14:16:30,736 - INFO -   Bounds range     [0e+00, 0e+00]
2025-02-21 14:16:30,736 - INFO -   RHS range        [1e+00, 2e+02]
2025-02-21 14:16:30,736 - INFO - Warning: Model contains large objective coefficients
2025-02-21 14:16:30,737 - INFO -          Consider reformulating model or setting NumericFocus parameter
2025-02-21 14:16:30,737 - INFO -          to avoid numerical issues.
2025-02-21 14:16:30,737 - INFO - 
2025-02-21 14:16:30,737 - INFO - Solved in 0 iterations and 0.00 seconds (0.00 work units)
2025-02-21 14:16:30,737 - INFO - Optimal objective  1.426000000e+03
2025-02-21 14:16:30,741 - INFO - Gurobi Optimizer version 11.0.1 build v11.0.1rc0 (mac64[arm] - Darwin 24.3.0 24D60)
2025-02-21 14:16:30,742 - INFO - 
2025-02-21 14:16:30,742 - INFO - CPU model: Apple M2
2025-02-21 14:16:30,742 - INFO - Thread count: 8 physical cores, 8 logical processors, using up to 8 threads
2025-02-21 14:16:30,743 - INFO - 
2025-02-21 14:16:30,743 - INFO - Optimize a model with 633 rows, 2063 columns and 8905 nonzeros
2025-02-21 14:16:30,743 - INFO - Model fingerprint: 0x1dffe10b
2025-02-21 14:16:30,744 - INFO - Variable types: 0 continuous, 2063 integer (2063 binary)
2025-02-21 14:16:30,744 - INFO - Coefficient statistics:
2025-02-21 14:16:30,744 - INFO -   Matrix range     [1e+00, 1e+00]
2025-02-21 14:16:30,744 - INFO -   Objective range  [2e+00, 1e+10]
2025-02-21 14:16:30,745 - INFO -   Bounds range     [0e+00, 0e+00]
2025-02-21 14:16:30,745 - INFO -   RHS range        [1e+00, 2e+02]
2025-02-21 14:16:30,745 - INFO - Warning: Model contains large objective coefficients
2025-02-21 14:16:30,746 - INFO -          Consider reformulating model or setting NumericFocus parameter
2025-02-21 14:16:30,746 - INFO -          to avoid numerical issues.
2025-02-21 14:16:30,748 - INFO - Found heuristic solution: objective 3.800000e+12
2025-02-21 14:16:30,782 - INFO - Presolve removed 250 rows and 0 columns
2025-02-21 14:16:30,784 - INFO - Presolve time: 0.03s
2025-02-21 14:16:30,785 - INFO - Presolved: 383 rows, 2063 columns, 8453 nonzeros
2025-02-21 14:16:30,788 - INFO - Variable types: 0 continuous, 2063 integer (2063 binary)
2025-02-21 14:16:30,788 - INFO - Found heuristic solution: objective 3.690000e+12
2025-02-21 14:16:30,877 - INFO - 
2025-02-21 14:16:30,878 - INFO - Root relaxation: objective 1.426000e+03, 2420 iterations, 0.09 seconds (0.19 work units)
2025-02-21 14:16:30,899 - INFO - 
2025-02-21 14:16:30,900 - INFO -     Nodes    |    Current Node    |     Objective Bounds      |     Work
2025-02-21 14:16:30,900 - INFO -  Expl Unexpl |  Obj  Depth IntInf | Incumbent    BestBd   Gap | It/Node Time
2025-02-21 14:16:30,901 - INFO - 
2025-02-21 14:16:30,901 - INFO -      0     0 1426.00000    0  337 3.6900e+12 1426.00000   100%     -    0s
2025-02-21 14:16:30,902 - INFO - H    0     0                    5.300000e+11 1426.00000   100%     -    0s
2025-02-21 14:16:30,908 - INFO - H    0     0                    3.800000e+11 1426.00000   100%     -    0s
2025-02-21 14:16:30,993 - INFO - H    0     0                    3.700000e+11 1426.00000   100%     -    0s
2025-02-21 14:16:30,994 - INFO - H    0     0                    3.300000e+11 1426.00000   100%     -    0s
2025-02-21 14:16:31,080 - INFO -      0     0 1426.61478    0  342 3.3000e+11 1426.61478   100%     -    0s
2025-02-21 14:16:31,087 - INFO - H    0     0                    3.000000e+11 1426.61478   100%     -    0s
2025-02-21 14:16:31,220 - INFO -      0     0 1426.61478    0  354 3.0000e+11 1426.61478   100%     -    0s
2025-02-21 14:16:31,230 - INFO -      0     0 1427.25080    0  354 3.0000e+11 1427.25080   100%     -    0s
2025-02-21 14:16:31,356 - INFO - H    0     2                    2.800000e+11 1427.25080   100%     -    0s
2025-02-21 14:16:31,383 - INFO -      0     2 1427.25080    0  354 2.8000e+11 1427.25080   100%     -    0s
2025-02-21 14:16:31,559 - INFO - H   69    78                    2.300000e+11 1428.16628   100%   116    0s
2025-02-21 14:16:31,559 - INFO - H   70    78                    1.800000e+11 1428.16628   100%   116    0s
2025-02-21 14:16:31,742 - INFO - H  109   118                    1.700000e+11 1428.31734   100%   108    0s
2025-02-21 14:16:31,742 - INFO - H  113   118                    1.700000e+11 1428.54707   100%   111    0s
2025-02-21 14:16:31,743 - INFO - H  115   118                    1.600000e+11 1428.54707   100%   111    0s
2025-02-21 14:16:32,708 - INFO - H  148   156                    1.500000e+11 1428.54707   100%   113    1s
2025-02-21 14:16:32,708 - INFO - H  150   156                    1.500000e+11 1428.54707   100%   113    1s
2025-02-21 14:16:32,709 - INFO - H  151   156                    1.300000e+11 1428.54707   100%   114    1s
2025-02-21 14:16:33,219 - INFO - H  494   526                    1.200000e+11 1428.54707   100%   107    2s
2025-02-21 14:31:59,685 - INFO -    928   951 5.8571e+09   64  311 1.2000e+11 1428.54707   100%   108  928s
2025-02-21 14:32:01,354 - INFO -   1495  1511 4.0071e+10   89  286 1.2000e+11 1428.54707   100%   108  930s
2025-02-21 14:32:01,355 - INFO - H 1496  1511                    1.200000e+11 1428.54707   100%   108  930s
2025-02-21 14:32:01,355 - INFO - H 1498  1503                    1.100000e+11 1428.54707   100%   108  930s
2025-02-21 14:32:04,518 - INFO - H 2583  2373                    1.100000e+11 1429.10916   100%   107  933s
2025-02-21 14:32:05,745 - INFO -   2695  2461 1471.18683   31  333 1.1000e+11 1429.10916   100%   107  935s
2025-02-21 14:32:06,682 - INFO - H 2746  2371                    1.100000e+11 1429.10916   100%   108  935s
2025-02-21 14:32:10,830 - INFO -   4465  3462 2.1399e+10   72  290 1.1000e+11 1429.10916   100%   103  940s
2025-02-21 14:32:13,491 - INFO - H 5099  3589                    9.999999e+10 1429.10916   100%   104  942s
2025-02-21 14:32:15,995 - INFO -   6160  4319 1436.96674   25  335 1.0000e+11 1429.73957   100%   104  945s
2025-02-21 14:32:17,292 - INFO - H 6706  4414                    9.999999e+10 1429.73957   100%   105  946s
2025-02-21 14:32:20,784 - INFO -   7269  4765 5.9583e+10  102  277 1.0000e+11 1429.73957   100%   107  950s
2025-02-21 14:32:23,041 - INFO - H 7805  4985                    9.999999e+10 1430.45301   100%   107  952s
2025-02-21 14:32:25,847 - INFO -   8655  5622 4.9263e+10  118  266 1.0000e+11 1430.45301   100%   107  955s
2025-02-21 14:32:30,739 - INFO - H10722  7477                    9.999999e+10 1432.37293   100%   108  959s
2025-02-21 14:32:31,454 - INFO -  10798  7869 1530.75238   50  324 1.0000e+11 1432.37293   100%   108  960s
2025-02-21 14:32:36,575 - INFO -  13024 10054 4.9327e+10  103  268 1.0000e+11 1433.25123   100%   107  965s
2025-02-21 14:32:40,786 - INFO -  15844 12025 1.5234e+10   57  296 1.0000e+11 1433.75635   100%   107  970s
2025-02-21 14:38:59,676 - INFO -  16488 13154 8.2671e+10   89  250 1.0000e+11 1434.35019   100%   107 1348s
2025-02-21 14:39:00,834 - INFO -  17224 13790 1.6451e+10   66  275 1.0000e+11 1434.44576   100%   107 1350s
2025-02-21 14:39:06,134 - INFO -  20818 16462 1.0248e+10   64  310 1.0000e+11 1435.10102   100%   106 1355s
2025-02-21 14:39:11,526 - INFO -  21647 17738 1451.13279   26  338 1.0000e+11 1435.31645   100%   106 1360s
2025-02-21 14:39:16,217 - INFO -  24177 19269 2.8749e+10  120  318 1.0000e+11 1435.73665   100%   106 1365s
2025-02-21 14:39:20,936 - INFO -  27367 22592 1648.44571   56  282 1.0000e+11 1436.31741   100%   106 1370s
2025-02-21 14:39:20,938 - INFO - H27812 22592                    9.999999e+10 1436.31741   100%   106 1370s
2025-02-21 14:39:30,977 - INFO -  29933 24330 4.5545e+10  126  354 1.0000e+11 1436.65659   100%   106 1380s
2025-02-21 14:39:35,973 - INFO -  29949 24341 1501.85769   44  337 1.0000e+11 1436.65659   100%   106 1385s
2025-02-21 14:39:40,791 - INFO -  30310 24610 1559.67817   60  299 1.0000e+11 1436.65659   100%   107 1390s
2025-02-21 14:54:56,797 - INFO -  31383 25220 1516.91984   54  310 1.0000e+11 1436.65659   100%   107 2306s
2025-02-21 14:55:00,988 - INFO -  33149 26251 1471.76882   47  333 1.0000e+11 1436.65659   100%   107 2310s
2025-02-21 14:55:05,988 - INFO -  34841 27276 1.8706e+10   83  302 1.0000e+11 1436.65659   100%   107 2315s
2025-02-21 14:55:14,167 - INFO -  36348 28139 1438.68156   40  342 1.0000e+11 1436.65659   100%   108 2323s
2025-02-21 14:55:16,317 - INFO -  37201 28422 4.3493e+10   94  281 1.0000e+11 1436.65659   100%   108 2325s
2025-02-21 14:55:22,305 - INFO -  38941 29415 1436.65659   37  344 1.0000e+11 1436.65659   100%   108 2331s
2025-02-21 14:55:26,431 - INFO -  39245 29876 1496.94777   53  311 1.0000e+11 1436.65659   100%   108 2335s
2025-02-21 14:55:34,278 - INFO -  41409 30734 1.1795e+10   99  294 1.0000e+11 1436.65659   100%   107 2343s
2025-02-21 14:55:36,599 - INFO -  41886 31346 3.0194e+10  113  298 1.0000e+11 1436.65659   100%   107 2345s
2025-02-21 14:55:41,831 - INFO -  43487 32815 1447.88893   47  344 1.0000e+11 1436.65659   100%   107 2351s
2025-02-21 15:13:00,477 - INFO -  44587 33860 1452.97783   42  338 1.0000e+11 1436.65659   100%   107 3389s
2025-02-21 15:13:03,340 - INFO -  46161 33395 3.1727e+10  110  293 1.0000e+11 1436.65659   100%   107 3392s
2025-02-21 15:13:08,645 - INFO -  48586 34933 1481.30183   48  328 1.0000e+11 1436.65659   100%   106 3397s
2025-02-21 15:13:11,330 - INFO -  50848 36640 4.1648e+10   97  277 1.0000e+11 1436.65659   100%   106 3400s
2025-02-21 15:13:15,794 - INFO -  55034 39263 8.8201e+09  100  299 1.0000e+11 1436.65659   100%   106 3405s
2025-02-21 15:13:20,759 - INFO -  57406 40906 4.7022e+10  117  289 1.0000e+11 1436.65659   100%   105 3410s
2025-02-21 15:13:26,131 - INFO -  63205 42814 2.6553e+10  104  289 1.0000e+11 1436.81813   100%   103 3415s
2025-02-21 15:13:26,134 - INFO - H63211 38832                    8.000000e+10 1436.81813   100%   103 3415s
2025-02-21 15:13:31,649 - INFO -  69349 42490 1511.44733   56  336 8.0000e+10 1437.59416   100%   102 3420s
2025-02-21 15:13:36,382 - INFO -  74114 46653 3.7599e+10  118  259 8.0000e+10 1438.10457   100%   102 3425s
2025-02-21 15:13:40,863 - INFO -  81175 49480 4.4810e+09   78  304 8.0000e+10 1438.74806   100%   100 3430s
2025-02-21 15:13:43,048 - INFO - H82102 45280                    7.000000e+10 1438.74806   100%   100 3432s
2025-02-21 15:13:43,051 - INFO - H82108 40932                    6.000000e+10 1438.74806   100%   100 3432s
2025-02-21 15:29:43,963 - INFO -  84656 42903 1459.75553   45  326 6.0000e+10 1439.04479   100%  99.2 4393s
2025-02-21 15:29:45,749 - INFO -  87111 44048 1.1569e+10   65  297 6.0000e+10 1439.26142   100%  98.7 4395s
2025-02-21 15:29:51,076 - INFO -  91762 46779 5.5700e+10  135  297 6.0000e+10 1439.60517   100%  98.2 4400s
2025-02-21 15:29:57,595 - INFO -  92690 46793 3.3739e+10  110  296 6.0000e+10 1439.65359   100%  98.3 4406s
2025-02-21 15:30:01,207 - INFO -  97394 51588 4.8256e+08   74  316 6.0000e+10 1439.87213   100%  97.5 4410s
2025-02-21 15:30:06,228 - INFO -  100437 53897 infeasible  115      6.0000e+10 1440.16460   100%  97.0 4415s
2025-02-21 15:30:10,950 - INFO -  107882 60690 3.1962e+10   90  294 6.0000e+10 1440.68918   100%  96.5 4420s
2025-02-21 15:30:15,765 - INFO -  115485 67329 1572.63851   73  319 6.0000e+10 1441.09296   100%  96.0 4425s
2025-02-21 15:30:21,085 - INFO -  120995 72153 1469.36821   52  351 6.0000e+10 1441.38815   100%  95.7 4430s
2025-02-21 15:30:27,430 - INFO -  128852 78620 4.9910e+10  100  302 6.0000e+10 1441.72464   100%  95.2 4436s
2025-02-21 15:30:30,982 - INFO -  133732 84045 1462.19941   46  336 6.0000e+10 1442.01192   100%  94.9 4440s
2025-02-21 15:30:36,565 - INFO -  141134 89092 2.6096e+10   97  289 6.0000e+10 1442.33995   100%  94.5 4445s
2025-02-21 15:30:40,883 - INFO -  147056 94982 1504.09868   58  305 6.0000e+10 1442.73235   100%  94.4 4450s
2025-02-21 15:30:48,848 - INFO -  154221 100514 1.5206e+09   76  297 6.0000e+10 1442.96375   100%  93.6 4458s
2025-02-21 15:30:52,104 - INFO -  154336 100603 2.1156e+09   77  303 6.0000e+10 1442.96375   100%  93.6 4461s
2025-02-21 15:30:56,181 - INFO -  161045 107237 1508.34670   58  336 6.0000e+10 1443.19895   100%  92.7 4465s
2025-02-21 15:31:01,163 - INFO -  168140 113228 1572.32438   60  321 6.0000e+10 1443.44776   100%  91.7 4470s
2025-02-21 15:31:06,188 - INFO -  175846 120229 1.6478e+10  102  309 6.0000e+10 1443.70492   100%  90.9 4475s
2025-02-21 15:31:10,940 - INFO -  182098 125534 1559.62102   61  281 6.0000e+10 1443.87194   100%  90.1 4480s
2025-02-21 15:31:16,013 - INFO -  191486 133720 4.6892e+09   81  314 6.0000e+10 1444.26280   100%  89.2 4485s
2025-02-21 15:31:18,602 - INFO - H192915 134393                    6.000000e+10 1444.29702   100%  89.1 4487s
2025-02-21 15:31:20,751 - INFO -  193169 135388 1567.76237   68  311 6.0000e+10 1444.29702   100%  89.0 4490s
2025-02-21 15:31:20,756 - INFO - H193374 135388                    6.000000e+10 1444.29702   100%  89.0 4490s
2025-02-21 15:31:20,761 - INFO - H193759 135388                    5.999999e+10 1444.29702   100%  89.0 4490s
2025-02-21 15:31:28,482 - INFO -  203140 143198 3.5802e+10  110  294 6.0000e+10 1444.60691   100%  88.2 4497s
2025-02-21 15:31:31,529 - INFO -  207312 147935 4.7702e+09   92  306 6.0000e+10 1444.72914   100%  87.9 4500s
2025-02-21 15:31:35,859 - INFO -  209683 148951 2.4760e+10   96  268 6.0000e+10 1444.80405   100%  87.7 4505s
2025-02-21 15:31:35,865 - INFO - H209684 148951                    5.999999e+10 1444.80405   100%  87.7 4505s
2025-02-21 15:31:42,218 - INFO -  216011 154380 4.9369e+10  122  269 6.0000e+10 1444.96637   100%  87.2 4511s
2025-02-21 15:31:42,224 - INFO - H216123 154380                    5.999999e+10 1444.96637   100%  87.2 4511s
2025-02-21 15:31:46,462 - INFO -  222547 161259 2.2381e+10  102  284 6.0000e+10 1445.12113   100%  86.7 4515s
2025-02-21 15:31:50,847 - INFO -  231504 168493 2.6217e+10   93  280 6.0000e+10 1445.36768   100%  86.1 4520s
2025-02-21 15:31:54,804 - INFO - H234326 170291                    5.999999e+10 1445.41092   100%  85.9 4524s
2025-02-21 15:31:56,699 - INFO -  235206 171642 4.9620e+10   73  273 6.0000e+10 1445.44620   100%  85.8 4525s
2025-02-21 15:32:01,688 - INFO -  242154 177126 2.9787e+10  110  278 6.0000e+10 1445.64341   100%  85.5 4530s
2025-02-21 15:32:07,982 - INFO -  249115 182935     cutoff  128      6.0000e+10 1445.81880   100%  85.2 4537s
2025-02-21 15:32:10,981 - INFO -  254284 188140 1464.29807   43  327 6.0000e+10 1445.94752   100%  84.8 4540s
2025-02-21 15:32:16,167 - INFO -  264097 196617 1.0164e+10   78  297 6.0000e+10 1446.16733   100%  84.3 4545s
2025-02-21 15:32:21,775 - INFO -  267875 199338 1.7688e+10   88  284 6.0000e+10 1446.24048   100%  84.1 4551s
2025-02-21 15:32:26,144 - INFO -  269838 201991 1567.33172   64  332 6.0000e+10 1446.28111   100%  84.1 4555s
2025-02-21 15:32:32,695 - INFO -  278511 208377 1461.21423   42  340 6.0000e+10 1446.43746   100%  83.7 4561s
2025-02-21 15:32:35,877 - INFO -  284112 213804 5.4787e+10  128  287 6.0000e+10 1446.54018   100%  83.5 4565s
2025-02-21 15:32:41,069 - INFO -  291900 220797 1574.31069   67  313 6.0000e+10 1446.72095   100%  83.3 4570s
2025-02-21 15:32:45,850 - INFO -  296692 225089 2.5196e+10   62  303 6.0000e+10 1446.81657   100%  83.1 4575s
2025-02-21 15:32:50,890 - INFO -  304777 231899 1508.79561   50  332 6.0000e+10 1446.96989   100%  83.0 4580s
2025-02-21 15:32:55,990 - INFO -  310877 237162 1.5691e+10   82  306 6.0000e+10 1447.07158   100%  82.9 4585s
2025-02-21 15:33:03,255 - INFO -  318411 242949 1655.15655   64  288 6.0000e+10 1447.19395   100%  82.6 4592s
2025-02-21 15:33:06,860 - INFO -  318455 242954 3.1833e+09   71  303 6.0000e+10 1447.19395   100%  82.6 4596s
2025-02-21 15:33:10,947 - INFO -  325284 249921 2.9505e+10  103  294 6.0000e+10 1447.30946   100%  82.3 4600s
2025-02-21 15:33:19,474 - INFO -  326682 257101 1495.43670   58  323 6.0000e+10 1447.35132   100%  82.2 4608s
2025-02-21 15:33:21,117 - INFO -  336771 259816 1.8549e+10  105  295 6.0000e+10 1447.53027   100%  81.9 4610s
2025-02-21 15:33:27,644 - INFO -  345534 266648 1512.29651   58  320 6.0000e+10 1447.65943   100%  81.6 4616s
2025-02-21 15:33:31,007 - INFO -  350714 271867 1.0658e+10  100  312 6.0000e+10 1447.73761   100%  81.5 4620s
2025-02-21 15:33:35,905 - INFO -  358558 277870 1.0838e+10   92  305 6.0000e+10 1447.82202   100%  81.5 4625s
2025-02-21 15:33:41,475 - INFO -  364424 282790 1486.41130   54  336 6.0000e+10 1447.91006   100%  81.4 4630s
2025-02-21 15:33:46,127 - INFO -  371688 290299 1499.42530   59  304 6.0000e+10 1448.05240   100%  81.2 4635s
2025-02-21 15:33:52,173 - INFO -  376818 293480 1508.17386   47  330 6.0000e+10 1448.15103   100%  81.0 4641s
2025-02-21 15:33:57,935 - INFO -  382312 298206 1611.17771   54  310 6.0000e+10 1448.25835   100%  80.9 4647s
2025-02-21 15:34:01,288 - INFO -  387433 303902 1.4548e+09   73  293 6.0000e+10 1448.32798   100%  80.8 4650s
2025-02-21 15:34:05,892 - INFO -  396932 311821 1508.37033   64  338 6.0000e+10 1448.42528   100%  80.5 4655s
2025-02-21 15:34:14,842 - INFO -  401127 321625 1503.72071   54  316 6.0000e+10 1448.49204   100%  80.4 4664s
2025-02-21 15:34:17,855 - INFO -  409928 322362 1497.46958   57  325 6.0000e+10 1448.62162   100%  80.3 4667s
2025-02-21 15:34:23,870 - INFO -  414898 326510 1546.88735   65  324 6.0000e+10 1448.70172   100%  80.2 4673s
2025-02-21 15:34:26,061 - INFO -  418264 330104 1471.73748   48  323 6.0000e+10 1448.75965   100%  80.1 4675s
2025-02-21 15:34:30,745 - INFO -  426913 337554 1466.18229   44  333 6.0000e+10 1448.86283   100%  79.9 4680s
2025-02-21 15:34:37,618 - INFO -  436382 345150     cutoff  100      6.0000e+10 1449.00492   100%  79.7 4686s
2025-02-21 15:34:42,405 - INFO -  440326 348622 3.7818e+10  108  290 6.0000e+10 1449.07705   100%  79.6 4691s
2025-02-21 15:34:45,922 - INFO -  445723 354465 1471.92824   49  327 6.0000e+10 1449.14162   100%  79.5 4695s
2025-02-21 15:34:50,894 - INFO -  455051 362375 1507.24493   63  317 6.0000e+10 1449.25340   100%  79.3 4700s
2025-02-21 15:34:58,379 - INFO -  461902 367367 1524.57624   48  323 6.0000e+10 1449.38420   100%  79.2 4707s
2025-02-21 15:35:02,055 - INFO -  461910 367451 1531.61995   48  316 6.0000e+10 1449.38420   100%  79.2 4711s
2025-02-21 15:35:06,000 - INFO -  468758 374070 4.9376e+10  109  251 6.0000e+10 1449.45012   100%  79.0 4715s
2025-02-21 15:35:13,225 - INFO -  478292 382521 1477.64336   48  330 6.0000e+10 1449.55948   100%  78.8 4722s
2025-02-21 15:35:16,102 - INFO -  483856 387456 3.0047e+09   66  301 6.0000e+10 1449.62169   100%  78.7 4725s
2025-02-21 15:35:22,209 - INFO -  492880 394525 1.9789e+10  109  301 6.0000e+10 1449.70798   100%  78.5 4731s
2025-02-21 15:35:25,767 - INFO -  498376 400065 1549.08756   56  321 6.0000e+10 1449.78579   100%  78.5 4735s
2025-02-21 15:35:30,858 - INFO -  505711 406351 1.7854e+09   60  321 6.0000e+10 1449.87072   100%  78.4 4740s
2025-02-21 15:35:36,085 - INFO -  509375 409548 3.1774e+10  108  291 6.0000e+10 1449.91522   100%  78.3 4745s
2025-02-21 15:35:40,838 - INFO -  517886 416946 1497.68198   59  337 6.0000e+10 1450.01840   100%  78.3 4750s
2025-02-21 15:35:48,481 - INFO -  524145 421613 3.6700e+10  105  283 6.0000e+10 1450.06762   100%  78.2 4757s
2025-02-21 15:35:51,240 - INFO -  526358 424331 9.6585e+08   69  295 6.0000e+10 1450.08716   100%  78.2 4760s
2025-02-21 15:35:56,107 - INFO -  531238 427830 9.9878e+07   63  305 6.0000e+10 1450.14006   100%  78.1 4765s
2025-02-21 15:36:00,968 - INFO -  539137 435313 1470.61971   43  345 6.0000e+10 1450.23671   100%  78.1 4770s
2025-02-21 15:36:07,075 - INFO -  546153 440611 1.8294e+10   74  293 6.0000e+10 1450.31383   100%  78.1 4776s
2025-02-21 15:36:10,806 - INFO -  552065 446381 1550.57410   67  299 6.0000e+10 1450.36756   100%  78.0 4780s
2025-02-21 15:36:15,745 - INFO -  561048 454236 1513.82026   62  325 6.0000e+10 1450.44877   100%  77.9 4785s
2025-02-21 15:36:20,769 - INFO -  568727 461017 2.9942e+10   88  294 6.0000e+10 1450.52155   100%  77.8 4790s
2025-02-21 15:36:27,023 - INFO -  572552 463572 1666.70126   78  301 6.0000e+10 1450.55250   100%  77.7 4796s
2025-02-21 15:36:30,788 - INFO -  578217 469532 1488.05017   50  334 6.0000e+10 1450.62680   100%  77.7 4800s
2025-02-21 15:36:38,391 - INFO -  586264 475298 1524.74466   62  324 6.0000e+10 1450.70317   100%  77.7 4807s
2025-02-21 15:36:41,158 - INFO -  589974 479382 2.2113e+10   84  280 6.0000e+10 1450.73876   100%  77.7 4810s
2025-02-21 15:36:45,823 - INFO -  598809 486987 1520.60055   70  333 6.0000e+10 1450.80804   100%  77.6 4815s
2025-02-21 15:36:52,309 - INFO -  605370 491772 1652.82854   67  311 6.0000e+10 1450.88142   100%  77.5 4821s
2025-02-21 15:36:56,208 - INFO -  610989 497486 3.1370e+10   74  278 6.0000e+10 1450.93372   100%  77.5 4825s
2025-02-21 15:37:00,818 - INFO -  619230 504486     cutoff  115      6.0000e+10 1451.00635   100%  77.5 4830s
2025-02-21 15:37:07,616 - INFO -  620755 505192 4.1700e+09   77  297 6.0000e+10 1451.02499   100%  77.5 4836s
2025-02-21 15:37:10,850 - INFO -  625609 510180 5.4563e+10   87  276 6.0000e+10 1451.07933   100%  77.4 4840s
2025-02-21 15:37:17,055 - INFO -  635017 518191 1.4782e+10   93  288 6.0000e+10 1451.17903   100%  77.4 4846s
2025-02-21 15:37:21,002 - INFO -  641770 524189 1491.29758   45  326 6.0000e+10 1451.23605   100%  77.3 4850s
2025-02-21 15:37:25,793 - INFO -  648069 529641 1.1188e+10   82  279 6.0000e+10 1451.27386   100%  77.3 4855s
2025-02-21 15:37:30,993 - INFO -  656457 537049 1469.50837   46  339 6.0000e+10 1451.35355   100%  77.2 4860s
2025-02-21 15:37:36,255 - INFO -  663463 543140 2.3740e+10  104  310 6.0000e+10 1451.41885   100%  77.2 4865s
2025-02-21 15:37:42,130 - INFO -  668808 546838 1517.39717   48  322 6.0000e+10 1451.46171   100%  77.1 4871s
2025-02-21 15:37:46,135 - INFO -  675280 553324 1.3370e+09   67  312 6.0000e+10 1451.52053   100%  77.1 4875s
2025-02-21 15:37:51,287 - INFO -  682419 559763 3.6225e+10  123  290 6.0000e+10 1451.57598   100%  77.0 4880s
2025-02-21 15:37:56,204 - INFO -  690670 566571 1500.38581   49  320 6.0000e+10 1451.64260   100%  77.0 4885s
2025-02-21 15:38:01,128 - INFO -  695510 570897 3.9025e+10   84  306 6.0000e+10 1451.68989   100%  77.0 4890s
2025-02-21 15:38:06,411 - INFO -  698112 572332 1465.83894   53  357 6.0000e+10 1451.71682   100%  77.0 4895s
2025-02-21 15:38:11,141 - INFO -  705858 579657 1477.11426   44  330 6.0000e+10 1451.78577   100%  76.9 4900s
2025-02-21 15:38:15,959 - INFO -  709830 582915 1476.67793   47  317 6.0000e+10 1451.81302   100%  76.9 4905s
2025-02-21 15:38:21,150 - INFO -  715661 587440 1.0773e+10   70  286 6.0000e+10 1451.85748   100%  76.9 4910s
2025-02-21 15:38:25,825 - INFO -  722225 594000 1507.88272   55  330 6.0000e+10 1451.90915   100%  76.9 4915s
2025-02-21 15:38:32,785 - INFO -  730420 600133 1576.84137   60  320 6.0000e+10 1451.97726   100%  76.8 4922s
2025-02-21 15:38:36,250 - INFO -  734236 604496 2.7201e+10  130  303 6.0000e+10 1452.00472   100%  76.8 4925s
2025-02-21 15:38:42,403 - INFO -  739434 607964 1.6710e+09   83  317 6.0000e+10 1452.03779   100%  76.8 4931s
2025-02-21 15:38:48,391 - INFO -  742920 611852 1542.72348   64  327 6.0000e+10 1452.06891   100%  76.8 4937s
2025-02-21 15:38:51,134 - INFO -  744669 614041 1472.11401   54  350 6.0000e+10 1452.07398   100%  76.8 4940s
2025-02-21 15:38:56,381 - INFO -  753645 621283 1.8282e+09   65  309 6.0000e+10 1452.16357   100%  76.8 4945s
2025-02-21 15:39:01,203 - INFO -  762218 628534 1517.84837   49  318 6.0000e+10 1452.24271   100%  76.7 4950s
2025-02-21 15:39:06,685 - INFO -  769004 633746 4.8868e+10  111  248 6.0000e+10 1452.28556   100%  76.7 4955s
2025-02-21 15:39:10,858 - INFO -  775289 639522 1584.38379   51  297 6.0000e+10 1452.33053   100%  76.6 4960s
2025-02-21 15:39:16,032 - INFO -  780863 644746 2.2184e+10   86  300 6.0000e+10 1452.37702   100%  76.6 4965s
2025-02-21 15:39:21,243 - INFO -  784125 647232 1492.87406   54  315 6.0000e+10 1452.39310   100%  76.6 4970s
2025-02-21 15:39:26,441 - INFO -  786136 649403 5.3754e+10  120  271 6.0000e+10 1452.40851   100%  76.6 4975s
2025-02-21 15:39:31,063 - INFO -  793628 655452 1.0139e+09   63  323 6.0000e+10 1452.47376   100%  76.6 4980s
2025-02-21 15:39:37,561 - INFO -  801181 661415 1.2657e+10   85  310 6.0000e+10 1452.54011   100%  76.5 4986s
2025-02-21 15:39:42,364 - INFO -  801423 668330 3.8636e+10  103  311 6.0000e+10 1452.54123   100%  76.5 4991s
2025-02-21 15:39:48,387 - INFO -  814769 672979 2.9879e+10   88  277 6.0000e+10 1452.63790   100%  76.5 4997s
2025-02-21 15:39:51,105 - INFO -  818967 677431 2.6936e+10   90  302 6.0000e+10 1452.67374   100%  76.4 5000s
2025-02-21 15:39:56,215 - INFO -  822545 680720 4.4285e+10   99  275 6.0000e+10 1452.70507   100%  76.4 5005s
2025-02-21 15:40:01,183 - INFO -  829772 686767 6.4636e+08   56  323 6.0000e+10 1452.75658   100%  76.4 5010s
2025-02-21 15:40:06,081 - INFO -  834007 689738 5.0531e+10   99  256 6.0000e+10 1452.78721   100%  76.4 5015s
2025-02-21 15:40:11,204 - INFO -  841156 696460 1.0000e+10   54  282 6.0000e+10 1452.84535   100%  76.4 5020s
2025-02-21 15:41:45,258 - INFO -  845563 699972 4.9818e+10  125  314 6.0000e+10 1452.87522   100%  76.4 5114s
2025-02-21 15:41:46,463 - INFO -  846136 701886 5.5967e+09   82  308 6.0000e+10 1452.88292   100%  76.4 5115s
2025-02-21 15:59:49,986 - INFO -  852796 706792 1.0816e+09   65  300 6.0000e+10 1452.92524   100%  76.4 6199s
2025-02-21 15:59:51,203 - INFO -  855131 708713 1546.33464   59  298 6.0000e+10 1452.94106   100%  76.4 6200s
2025-02-21 16:16:57,740 - INFO -  861405 713214 8.9408e+09   83  307 6.0000e+10 1452.99064   100%  76.4 7226s
2025-02-21 16:16:57,743 - INFO - 
2025-02-21 16:16:57,744 - INFO - Cutting planes:
2025-02-21 16:16:57,744 - INFO -   Gomory: 2
2025-02-21 16:16:57,745 - INFO -   Clique: 9
2025-02-21 16:16:57,747 - INFO - 
2025-02-21 16:16:57,747 - INFO - Explored 861466 nodes (65820833 simplex iterations) in 7227.00 seconds (2265.96 work units)
2025-02-21 16:16:57,747 - INFO - Thread count was 8 (of 8 available processors)
2025-02-21 16:16:57,748 - INFO - 
2025-02-21 16:16:57,748 - INFO - Solution count 10: 6e+10 6e+10 7e+10 ... 1.1e+11
2025-02-21 16:16:57,749 - INFO - 
2025-02-21 16:16:57,749 - INFO - Time limit reached
2025-02-21 16:16:57,750 - INFO - Best objective 6.000000169300e+10, best bound 1.452990639641e+03, gap 100.0000%
