2025-02-10 21:59:19,971 - INFO - 	count	z_opt	time_spp	time_lp	time_total	ncols	nrows	time_spp_low_res	n_cols_low_res
2025-02-10 21:59:20,734 - INFO - 	1	3120000000006.0	0	0.00019216537475585938	0.7630159854888916	323	573	0.6231486797332764	3
2025-02-10 21:59:21,389 - INFO - 	2	3120000000006.0	0	0.00035643577575683594	1.4178948402404785	326	573	1.1269042491912842	6
2025-02-10 21:59:22,043 - INFO - 	3	3050000000008.0	0	0.0006864070892333984	2.0717897415161133	329	573	1.6309714317321777	9
2025-02-10 21:59:22,688 - INFO - 	4	2980000000016.0	0	0.0009703636169433594	2.7166805267333984	332	573	2.1271843910217285	12
2025-02-10 21:59:23,330 - INFO - 	5	2840000000038.0	0	0.0011355876922607422	3.3589563369750977	335	573	2.621326446533203	15
2025-02-10 21:59:24,049 - INFO - 	6	2840000000038.0	0	0.0013055801391601562	4.077388525009155	338	573	3.1919615268707275	18
2025-02-10 21:59:24,682 - INFO - 	7	2815000000044.5	0	0.0016064643859863281	4.709940433502197	341	573	3.676826238632202	21
2025-02-10 21:59:25,319 - INFO - 	8	2803333333376.3325	0	0.0019304752349853516	5.347067356109619	344	573	4.166406154632568	24
2025-02-10 21:59:25,977 - INFO - 	9	2785000000045.5	0	0.002259492874145508	6.004720449447632	347	573	4.67663311958313	27
2025-02-10 21:59:26,699 - INFO - 	10	2670000000059.0	0	0.002561330795288086	6.726641416549683	350	573	5.2513909339904785	30
2025-02-10 21:59:27,345 - INFO - 	11	2670000000059.0	0	0.0028650760650634766	7.372788667678833	353	573	5.750476598739624	33
2025-02-10 21:59:27,988 - INFO - 	12	2670000000059.0	0	0.0031719207763671875	8.015760660171509	356	573	6.245614528656006	36
2025-02-10 21:59:28,647 - INFO - 	13	2670000000059.0	0	0.0035169124603271484	8.674465894699097	359	573	6.756396532058716	39
2025-02-10 21:59:29,358 - INFO - 	14	2665000000060.0	0	0.003874063491821289	9.385407209396362	362	573	7.319543361663818	42
2025-02-10 21:59:30,003 - INFO - 	15	2665000000060.0	0	0.004209995269775391	10.030031442642212	365	573	7.815916538238525	45
2025-02-10 21:59:30,647 - INFO - 	16	2620000000073.0	0	0.004586935043334961	10.674015522003174	368	573	8.311594486236572	48
2025-02-10 21:59:31,284 - INFO - 	17	2620000000069.5	0	0.004963874816894531	11.311716318130493	371	573	8.801764726638794	51
2025-02-10 21:59:31,990 - INFO - 	18	2620000000069.5	0	0.0053288936614990234	12.017513513565063	374	573	9.36032247543335	54
2025-02-10 21:59:32,625 - INFO - 	19	2570000000079.0	0	0.005651712417602539	12.652200698852539	377	573	9.847336530685425	57
2025-02-10 21:59:33,256 - INFO - 	20	2570000000079.0	0	0.005975484848022461	13.282650470733643	380	573	10.33006238937378	60
2025-02-10 21:59:33,888 - INFO - 	21	2570000000079.0	0	0.006333351135253906	13.914861679077148	383	573	10.814634323120117	63
2025-02-10 21:59:34,605 - INFO - 	22	2556666666755.001	0	0.006698131561279297	14.63180661201477	386	573	11.383955717086792	66
2025-02-10 21:59:35,223 - INFO - 	23	2460000000099.0	0	0.007039308547973633	15.250197410583496	389	573	11.855599641799927	69
2025-02-10 21:59:35,843 - INFO - 	24	2460000000099.0	0	0.007381439208984375	15.870020389556885	392	573	12.32868504524231	72
2025-02-10 21:59:36,476 - INFO - 	25	2440000000104.335	0	0.007839441299438477	16.502979278564453	395	573	12.815162897109985	75
2025-02-10 21:59:37,097 - INFO - 	26	2430000000113.0	0	0.00831151008605957	17.12329649925232	398	573	13.288636445999146	78
2025-02-10 21:59:37,803 - INFO - 	27	2417142857254.4287	0	0.008856534957885742	17.82974362373352	401	573	13.84775447845459	81
2025-02-10 21:59:38,428 - INFO - 	28	2365000000125.25	0	0.00943446159362793	18.45434856414795	404	573	14.325037479400635	84
2025-02-10 21:59:39,130 - INFO - 	29	2365000000125.25	0	0.009791374206542969	19.156388521194458	407	573	14.87995719909668	87
2025-02-10 21:59:39,756 - INFO - 	30	2330000000125.0	0	0.01023244857788086	19.782034635543823	410	573	15.358354330062866	90
2025-02-10 21:59:40,373 - INFO - 	31	2295000000133.75	0	0.01079249382019043	20.399364709854126	413	573	15.82886028289795	93
2025-02-10 21:59:40,999 - INFO - 	32	2275000000132.0	0	0.011335372924804688	21.024526834487915	416	573	16.306761503219604	96
2025-02-10 21:59:41,624 - INFO - 	33	2240000000145.0	0	0.011948108673095703	21.649308919906616	419	573	16.784618377685547	99
2025-02-10 21:59:42,314 - INFO - 	34	2193333333488.6667	0	0.012434959411621094	22.339429140090942	422	573	17.32733726501465	102
2025-02-10 21:59:42,920 - INFO - 	35	2166666666825.3333	0	0.012943744659423828	22.94570016860962	425	573	17.787118196487427	105
2025-02-10 21:59:43,547 - INFO - 	36	2166666666825.3333	0	0.013729572296142578	23.57272434234619	428	573	18.2673819065094	108
2025-02-10 21:59:44,179 - INFO - 	37	2155000000160.25	0	0.014306306838989258	24.204715251922607	431	573	18.753140687942505	111
2025-02-10 21:59:44,794 - INFO - 	38	2142500000162.25	0	0.014776468276977539	24.81883144378662	434	573	19.220828533172607	114
2025-02-10 21:59:45,483 - INFO - 	39	2135000000162.25	0	0.015474319458007812	25.50854754447937	437	573	19.763279676437378	117
2025-02-10 21:59:46,113 - INFO - 	40	2095000000168.5	0	0.01625537872314453	26.13755440711975	440	573	20.24570655822754	120
2025-02-10 21:59:46,730 - INFO - 	41	2082500000173.0	0	0.01692056655883789	26.754862308502197	443	573	20.71598505973816	123
2025-02-10 21:59:47,349 - INFO - 	42	2082000000172.1997	0	0.01751255989074707	27.373570203781128	446	573	21.18825912475586	126
2025-02-10 21:59:48,042 - INFO - 	43	2070000000175.5	0	0.018411636352539062	28.066921949386597	449	573	21.734280347824097	129
2025-02-10 21:59:48,662 - INFO - 	44	2045000000180.0	0	0.018953800201416016	28.686861753463745	452	573	22.207256317138672	132
2025-02-10 21:59:49,281 - INFO - 	45	2040000000180.6667	0	0.01979994773864746	29.305423736572266	455	573	22.678475379943848	135
2025-02-10 21:59:49,899 - INFO - 	46	2023333333516.3335	0	0.020519018173217773	29.923683881759644	458	573	23.15050196647644	138
2025-02-10 21:59:50,591 - INFO - 	47	2021764706066.7058	0	0.021451950073242188	30.615845918655396	461	573	23.69521713256836	141
2025-02-10 21:59:51,269 - INFO - 	48	1997500000192.25	0	0.023016929626464844	31.293259859085083	464	573	24.199158430099487	144
2025-02-10 21:59:51,901 - INFO - 	49	1986666666865.5908	0	0.024477005004882812	31.925169944763184	467	573	24.683754444122314	147
2025-02-10 21:59:52,545 - INFO - 	50	1986500000198.8503	0	0.025118112564086914	32.56920671463013	470	573	25.18138027191162	150
2025-02-10 21:59:53,265 - INFO - 	51	1960714285924.571	0	0.026137113571166992	33.28892469406128	473	573	25.75384759902954	153
2025-02-10 21:59:53,893 - INFO - 	52	1923333333547.0833	0	0.02674102783203125	33.91639161109924	476	573	26.234429359436035	156
2025-02-10 21:59:54,515 - INFO - 	53	1900000000225.0	0	0.027517318725585938	34.53872275352478	479	573	26.710320234298706	159
2025-02-10 21:59:55,196 - INFO - 	54	1850000000227.0	0	0.02776336669921875	35.2194128036499	482	573	27.24445629119873	162
2025-02-10 21:59:55,803 - INFO - 	55	1850000000227.0	0	0.02830648422241211	35.82632851600647	485	573	27.70582938194275	165
2025-02-10 21:59:56,416 - INFO - 	56	1850000000227.0	0	0.02904057502746582	36.439504623413086	488	573	28.172422170639038	168
2025-02-10 21:59:57,039 - INFO - 	57	1841538461773.5376	0	0.03000950813293457	37.06190466880798	491	573	28.647942304611206	171
2025-02-10 21:59:57,741 - INFO - 	58	1790000000247.0	0	0.030924320220947266	37.764644622802734	494	573	29.20423150062561	174
2025-02-10 21:59:58,351 - INFO - 	59	1785000000248.75	0	0.03215646743774414	38.374353647232056	497	573	29.66696548461914	177
2025-02-10 21:59:58,990 - INFO - 	60	1784800000251.7598	0	0.03336143493652344	39.01304340362549	500	573	30.159300327301025	180
2025-02-10 21:59:59,626 - INFO - 	61	1784800000250.9597	0	0.03436136245727539	39.648916482925415	503	573	30.648073434829712	183
2025-02-10 22:00:00,335 - INFO - 	62	1784285714535.5713	0	0.035497188568115234	40.357810497283936	506	573	31.21061944961548	186
2025-02-10 22:00:00,970 - INFO - 	63	1781428571678.9993	0	0.03640103340148926	40.993027448654175	509	573	31.69940948486328	189
2025-02-10 22:00:01,599 - INFO - 	64	1761250000263.125	0	0.038107872009277344	41.62159752845764	512	573	32.18059778213501	192
2025-02-10 22:00:02,228 - INFO - 	65	1738571428843.999	0	0.0387730598449707	42.25069856643677	515	573	32.66353487968445	195
2025-02-10 22:00:02,920 - INFO - 	66	1731666666940.7512	0	0.039578914642333984	42.942402601242065	518	573	33.20820474624634	198
2025-02-10 22:00:03,545 - INFO - 	67	1727437722695.555	0	0.04073905944824219	43.56710362434387	521	573	33.68640184402466	201
2025-02-10 22:00:04,146 - INFO - 	68	1701666666958.8337	0	0.04224085807800293	44.16834330558777	524	573	34.14026856422424	204
2025-02-10 22:00:04,820 - INFO - 	69	1692142857433.9993	0	0.04480481147766113	44.84189510345459	527	573	34.665170669555664	207
2025-02-10 22:00:05,431 - INFO - 	70	1684166666961.7505	0	0.045923709869384766	45.452919244766235	530	573	35.13037872314453	210
2025-02-10 22:00:06,036 - INFO - 	71	1684166666961.7498	0	0.04694390296936035	46.05834221839905	533	573	35.588836431503296	213
2025-02-10 22:00:06,649 - INFO - 	72	1682978723700.4888	0	0.04871797561645508	46.67110729217529	536	573	36.05488133430481	216
2025-02-10 22:00:07,260 - INFO - 	73	1682978723700.4888	0	0.04971790313720703	47.28164553642273	539	573	36.51884412765503	219
2025-02-10 22:00:07,948 - INFO - 	74	1669333333646.3333	0	0.0511629581451416	47.969480752944946	542	573	37.05976676940918	222
2025-02-10 22:00:08,550 - INFO - 	75	1628000000318.5706	0	0.05237579345703125	48.571380853652954	545	573	37.5157196521759	225
2025-02-10 22:00:09,170 - INFO - 	76	1611481481804.0542	0	0.053749799728393555	49.191436767578125	548	573	37.98867678642273	228
2025-02-10 22:00:09,854 - INFO - 	77	1609000000325.6995	0	0.05589890480041504	49.87555193901062	551	573	38.5259964466095	231
2025-02-10 22:00:10,466 - INFO - 	78	1600000000335.5007	0	0.05721282958984375	50.48710560798645	554	573	38.9905424118042	234
2025-02-10 22:00:11,077 - INFO - 	79	1561000000341.0994	0	0.05882573127746582	51.09801387786865	557	573	39.45465588569641	237
2025-02-10 22:00:11,674 - INFO - 	80	1557000000341.199	0	0.06168484687805176	51.69506287574768	560	573	39.90393924713135	240
2025-02-10 22:00:12,357 - INFO - 	81	1546441718139.926	0	0.0647437572479248	52.378467082977295	563	573	40.439615964889526	243
2025-02-10 22:00:12,971 - INFO - 	82	1545714286064.6736	0	0.06900811195373535	52.991475105285645	566	573	40.90371012687683	246
2025-02-10 22:00:13,589 - INFO - 	83	1544625850693.443	0	0.07004618644714355	53.60991978645325	569	573	41.37558913230896	249
2025-02-10 22:00:14,207 - INFO - 	84	1525384615740.4607	0	0.07183098793029785	54.22761797904968	572	573	41.84615635871887	252
2025-02-10 22:00:14,903 - INFO - 	85	1521428571784.4072	0	0.0758829116821289	54.92368197441101	575	573	42.39349722862244	255
2025-02-10 22:00:15,505 - INFO - 	86	1501974596205.399	0	0.07901382446289062	55.526017904281616	578	573	42.848050594329834	258
2025-02-10 22:00:16,108 - INFO - 	87	1487611607505.2668	0	0.08057594299316406	56.128639936447144	581	573	43.304767370224	261
2025-02-10 22:00:16,719 - INFO - 	88	1466666667034.143	0	0.08495688438415527	56.73967003822327	584	573	43.76619219779968	264
2025-02-10 22:00:17,419 - INFO - 	89	1465106383348.5752	0	0.08879470825195312	57.43900537490845	587	573	44.31678104400635	267
2025-02-10 22:00:18,031 - INFO - 	90	1457267628576.9583	0	0.09289073944091797	58.05152440071106	590	573	44.780619859695435	270
2025-02-10 22:00:18,646 - INFO - 	91	1454065041023.199	0	0.09567093849182129	58.665998458862305	593	573	45.24699282646179	273
2025-02-10 22:00:19,275 - INFO - 	92	1447302490574.362	0	0.09974789619445801	59.29522132873535	596	573	45.72764015197754	276
2025-02-10 22:00:19,893 - INFO - 	93	1432173913420.4473	0	0.1032416820526123	59.91302537918091	599	573	46.19726037979126	279
2025-02-10 22:00:20,507 - INFO - 	94	1404380952760.685	0	0.10633659362792969	60.52715015411377	602	573	46.66421556472778	282
2025-02-10 22:00:21,186 - INFO - 	95	1392162162543.7432	0	0.11216950416564941	61.20603919029236	605	573	47.19268202781677	285
2025-02-10 22:00:21,788 - INFO - 	96	1390836673725.0574	0	0.11627864837646484	61.80753707885742	608	573	47.645238161087036	288
2025-02-10 22:00:22,394 - INFO - 	97	1386125541510.11	0	0.11965656280517578	62.41346192359924	611	573	48.10314702987671	291
2025-02-10 22:00:23,002 - INFO - 	98	1379830508865.5085	0	0.12485170364379883	63.02119183540344	614	573	48.561203479766846	294
2025-02-10 22:00:23,671 - INFO - 	99	1367151163183.9138	0	0.12633776664733887	63.69004487991333	617	573	49.08371090888977	297
2025-02-10 22:00:24,286 - INFO - 	100	1344168894038.5554	0	0.13175487518310547	64.30544471740723	620	573	49.54913592338562	300
2025-02-10 22:00:24,909 - INFO - 	101	1344168894038.1658	0	0.13319110870361328	64.92790699005127	623	573	50.02593684196472	303
2025-02-10 22:00:25,537 - INFO - 	102	1343767123686.081	0	0.13456296920776367	65.55607891082764	626	573	50.507582902908325	306
2025-02-10 22:00:26,234 - INFO - 	103	1332482054675.5103	0	0.13802003860473633	66.25267481803894	629	573	51.05648374557495	309
2025-02-10 22:00:26,836 - INFO - 	104	1313018868325.7166	0	0.14261317253112793	66.85464787483215	632	573	51.50888204574585	312
2025-02-10 22:00:27,430 - INFO - 	105	1293001004575.279	0	0.14677715301513672	67.44857501983643	635	573	51.95436215400696	315
2025-02-10 22:00:28,111 - INFO - 	106	1281529563407.877	0	0.15424823760986328	68.12969613075256	638	573	52.48382782936096	318
2025-02-10 22:00:28,728 - INFO - 	107	1272199257284.566	0	0.16157937049865723	68.74671626091003	641	573	52.94961094856262	321
2025-02-10 22:00:29,342 - INFO - 	108	1235977105935.348	0	0.16540217399597168	69.36032509803772	644	573	53.41469669342041	324
2025-02-10 22:00:30,018 - INFO - 	109	1231744756386.1619	0	0.17458224296569824	70.03660726547241	647	573	53.93717885017395	327
2025-02-10 22:00:30,624 - INFO - 	110	1213041820194.0967	0	0.17986488342285156	70.64243030548096	650	573	54.392951250076294	330
2025-02-10 22:00:31,226 - INFO - 	111	1197831377552.8186	0	0.18726706504821777	71.24395513534546	653	573	54.843024015426636	333
2025-02-10 22:00:31,845 - INFO - 	112	1190504293618.4348	0	0.19398188591003418	71.86319708824158	656	573	55.31145715713501	336
2025-02-10 22:00:32,477 - INFO - 	113	1171570424035.9834	0	0.1999669075012207	72.49535703659058	659	573	55.79305386543274	339
2025-02-10 22:00:33,155 - INFO - 	114	1147526814374.714	0	0.20842504501342773	73.1731288433075	662	573	56.3177764415741	342
2025-02-10 22:00:33,763 - INFO - 	115	1138635646455.9539	0	0.2122948169708252	73.78057074546814	665	573	56.77768921852112	345
2025-02-10 22:00:34,361 - INFO - 	116	1133714478016.6675	0	0.21528387069702148	74.37917065620422	668	573	57.228400230407715	348
2025-02-10 22:00:35,052 - INFO - 	117	1128648831220.0632	0	0.22556519508361816	75.0696804523468	671	573	57.764897108078	351
2025-02-10 22:00:35,668 - INFO - 	118	1128648831220.063	0	0.23042821884155273	75.68563318252563	674	573	58.23183822631836	354
2025-02-10 22:00:36,288 - INFO - 	119	1116818182336.2925	0	0.23371601104736328	76.30588126182556	677	573	58.70478320121765	357
2025-02-10 22:00:36,894 - INFO - 	120	1098862613818.8417	0	0.2416698932647705	76.91169238090515	680	573	59.15881156921387	360
2025-02-10 22:00:37,508 - INFO - 	121	1089279324605.6711	0	0.25087976455688477	77.52508854866028	683	573	59.618595361709595	363
2025-02-10 22:00:38,186 - INFO - 	122	1083909197693.1943	0	0.2573707103729248	78.20288872718811	686	573	60.14582109451294	366
2025-02-10 22:00:38,774 - INFO - 	123	1075620855359.2449	0	0.26328277587890625	78.7906186580658	689	573	60.58404564857483	369
2025-02-10 22:00:39,393 - INFO - 	124	1058100744422.0092	0	0.2674129009246826	79.40947842597961	692	573	61.05453157424927	372
2025-02-10 22:00:40,022 - INFO - 	125	1047444109500.1982	0	0.27372169494628906	80.0383973121643	695	573	61.53338170051575	375
2025-02-10 22:00:40,720 - INFO - 	126	1041747784122.1041	0	0.281618595123291	80.73638820648193	698	573	62.0797963142395	378
2025-02-10 22:00:41,351 - INFO - 	127	1033392794070.3218	0	0.29783082008361816	81.36758232116699	701	573	62.55108904838562	381
2025-02-10 22:00:41,960 - INFO - 	128	1025508060605.5928	0	0.30763792991638184	81.97645735740662	704	573	63.00645208358765	384
2025-02-10 22:00:42,579 - INFO - 	129	1010144504337.7795	0	0.3176686763763428	82.59575724601746	707	573	63.47197461128235	387
2025-02-10 22:00:43,252 - INFO - 	130	1002892651785.2308	0	0.3301880359649658	83.2679991722107	710	573	63.98727989196777	390
2025-02-10 22:00:43,837 - INFO - 	131	995813018556.9753	0	0.34001779556274414	83.85280299186707	713	573	64.41834259033203	393
2025-02-10 22:00:44,442 - INFO - 	132	973891188019.0619	0	0.34845972061157227	84.45839285850525	716	573	64.87174558639526	396
2025-02-10 22:00:45,037 - INFO - 	133	963085273292.2118	0	0.36054062843322754	85.05286478996277	719	573	65.30967712402344	399
2025-02-10 22:00:45,707 - INFO - 	134	956008128014.3506	0	0.3705315589904785	85.72245073318481	722	573	65.82549333572388	402
2025-02-10 22:00:46,315 - INFO - 	135	951736374602.3217	0	0.38416528701782227	86.3306999206543	725	573	66.2761287689209	405
2025-02-10 22:00:46,907 - INFO - 	136	944499887673.3308	0	0.3917865753173828	86.9230546951294	728	573	66.71696138381958	408
2025-02-10 22:00:47,527 - INFO - 	137	941141179711.7644	0	0.40355968475341797	87.54237675666809	731	573	67.18035650253296	411
2025-02-10 22:00:48,125 - INFO - 	138	934955556289.0157	0	0.4139575958251953	88.14092969894409	734	573	67.62451577186584	414
2025-02-10 22:00:48,788 - INFO - 	139	926432099730.9957	0	0.420316219329834	88.80364346504211	737	573	68.1364483833313	417
2025-02-10 22:00:49,392 - INFO - 	140	923517497636.5565	0	0.4311823844909668	89.40751457214355	740	573	68.58567643165588	420
2025-02-10 22:00:49,997 - INFO - 	141	917658190972.7128	0	0.44190549850463867	90.01213359832764	743	573	69.03525042533875	423
2025-02-10 22:00:50,583 - INFO - 	142	913280500971.8998	0	0.4486994743347168	90.59861469268799	746	573	69.47092270851135	426
2025-02-10 22:00:51,247 - INFO - 	143	905458989590.5925	0	0.454282283782959	91.26198935508728	749	573	69.98483777046204	429
2025-02-10 22:00:51,856 - INFO - 	144	903470071286.3047	0	0.4665951728820801	91.87117028236389	752	573	70.43736267089844	432
2025-02-10 22:00:52,486 - INFO - 	145	897049094481.2433	0	0.48036718368530273	92.50097823143005	755	573	70.90909266471863	435
2025-02-10 22:00:53,119 - INFO - 	146	895933995195.32	0	0.4907541275024414	93.13423323631287	758	573	71.3876805305481	438
2025-02-10 22:00:53,830 - INFO - 	147	886009800492.5049	0	0.5018882751464844	93.84509491920471	761	573	71.94411110877991	441
2025-02-10 22:00:54,437 - INFO - 	148	879992225562.4403	0	0.5166759490966797	94.45165681838989	764	573	72.39166498184204	444
2025-02-10 22:00:55,034 - INFO - 	149	874535935985.6406	0	0.5268118381500244	95.0482485294342	767	573	72.83447885513306	447
2025-02-10 22:00:55,623 - INFO - 	150	868886937240.975	0	0.5360937118530273	95.63722062110901	770	573	73.27057099342346	450
2025-02-10 22:00:56,289 - INFO - 	151	857064368433.3126	0	0.5465917587280273	96.30305337905884	773	573	73.78233528137207	453
2025-02-10 22:00:56,879 - INFO - 	152	854523667048.5596	0	0.5553267002105713	96.89364337921143	776	573	74.22045421600342	456
2025-02-10 22:00:57,472 - INFO - 	153	841251820376.1433	0	0.5626277923583984	97.48594546318054	779	573	74.66117453575134	459
2025-02-10 22:00:58,079 - INFO - 	154	827859928312.0757	0	0.5755598545074463	98.09289050102234	782	573	75.11101961135864	462
2025-02-10 22:00:58,686 - INFO - 	155	826878644446.853	0	0.5864791870117188	98.70014643669128	785	573	75.56352090835571	465
2025-02-10 22:00:59,383 - INFO - 	156	824533639195.4117	0	0.5980591773986816	99.39631843566895	788	573	76.10434365272522	468
2025-02-10 22:00:59,987 - INFO - 	157	822128579285.0797	0	0.6069214344024658	100.00061368942261	791	573	76.55567121505737	471
2025-02-10 22:01:00,597 - INFO - 	158	820941208436.4863	0	0.6182284355163574	100.6103925704956	794	573	77.01074600219727	474
2025-02-10 22:01:01,290 - INFO - 	159	809548313822.8977	0	0.6399674415588379	101.30322885513306	797	573	77.53795099258423	477
2025-02-10 22:01:01,901 - INFO - 	160	804122749001.3201	0	0.6557893753051758	101.91422700881958	800	573	77.98938632011414	480
2025-02-10 22:01:02,512 - INFO - 	161	801342326405.0083	0	0.6710152626037598	102.52556800842285	803	573	78.44118142127991	483
2025-02-10 22:01:03,108 - INFO - 	162	798414253957.2394	0	0.6860721111297607	103.12083220481873	806	573	78.87769865989685	486
2025-02-10 22:01:03,710 - INFO - 	163	790921204737.5591	0	0.6975181102752686	103.72314119338989	809	573	79.32471060752869	489
2025-02-10 22:01:04,390 - INFO - 	164	788253753630.9922	0	0.7103321552276611	104.40313816070557	812	573	79.84760046005249	492
2025-02-10 22:01:04,989 - INFO - 	165	778659321293.6176	0	0.7260441780090332	105.00223731994629	815	573	80.28671860694885	495
2025-02-10 22:01:05,607 - INFO - 	166	775327440170.6404	0	0.7380599975585938	105.61989736557007	818	573	80.74810361862183	498
2025-02-10 22:01:06,233 - INFO - 	167	762694045860.0625	0	0.7544708251953125	106.24571514129639	821	573	81.21389555931091	501
2025-02-10 22:01:06,909 - INFO - 	168	752909440064.2712	0	0.7620856761932373	106.92112302780151	824	573	81.73765516281128	504
2025-02-10 22:01:07,543 - INFO - 	169	749780335182.1144	0	0.7776687145233154	107.5552270412445	827	573	82.21219515800476	507
2025-02-10 22:01:08,147 - INFO - 	170	746375755361.2529	0	0.7881786823272705	108.1591260433197	830	573	82.66142392158508	510
2025-02-10 22:01:08,771 - INFO - 	171	742035716213.3438	0	0.8053138256072998	108.78338098526001	833	573	83.12428498268127	513
2025-02-10 22:01:09,375 - INFO - 	172	737130614943.6306	0	0.8190386295318604	109.38710188865662	836	573	83.57031607627869	516
2025-02-10 22:01:10,053 - INFO - 	173	735701551769.4116	0	0.8318548202514648	110.0647509098053	839	573	84.09093046188354	519
2025-02-10 22:01:10,659 - INFO - 	174	732276229677.4073	0	0.8439769744873047	110.67125701904297	842	573	84.54170370101929	522
2025-02-10 22:01:11,281 - INFO - 	175	726468560068.3369	0	0.857043981552124	111.29331994056702	845	573	85.00663018226624	525
2025-02-10 22:01:11,891 - INFO - 	176	718141174527.4215	0	0.8727538585662842	111.9031810760498	848	573	85.4569480419159	528
2025-02-10 22:01:12,564 - INFO - 	177	712481477806.9248	0	0.886207103729248	112.57572078704834	851	573	85.97167897224426	531
2025-02-10 22:01:13,174 - INFO - 	178	703100698746.1466	0	0.9038920402526855	113.18545460700989	854	573	86.41984105110168	534
2025-02-10 22:01:13,786 - INFO - 	179	696372665220.9962	0	0.922482967376709	113.79724478721619	857	573	86.86960434913635	537
2025-02-10 22:01:14,396 - INFO - 	180	692238268703.946	0	0.934967041015625	114.40770864486694	860	573	87.32439088821411	540
2025-02-10 22:01:15,069 - INFO - 	181	687342550875.5105	0	0.9452388286590576	115.08037972450256	863	573	87.84280371665955	543
2025-02-10 22:01:15,663 - INFO - 	182	685713291353.9462	0	0.9579858779907227	115.67459559440613	866	573	88.28085064888	546
2025-02-10 22:01:16,290 - INFO - 	183	678359623459.3943	0	0.9707560539245605	116.30138349533081	869	573	88.72639560699463	549
2025-02-10 22:01:16,931 - INFO - 	184	674199489046.6519	0	0.9884490966796875	116.94172859191895	872	573	89.20515155792236	552
2025-02-10 22:01:17,595 - INFO - 	185	665358834010.1366	0	1.0012240409851074	117.60558557510376	875	573	89.71270871162415	555
2025-02-10 22:01:18,189 - INFO - 	186	662688334688.302	0	1.015066146850586	118.19991755485535	878	573	90.14998865127563	558
2025-02-10 22:01:18,776 - INFO - 	187	659798196677.8436	0	1.0311462879180908	118.78652739524841	881	573	90.57665586471558	561
2025-02-10 22:01:19,452 - INFO - 	188	658117220247.9843	0	1.0463593006134033	119.46303224563599	884	573	91.09413146972656	564
2025-02-10 22:01:20,046 - INFO - 	189	647827102977.1744	0	1.0609331130981445	120.05699801445007	887	573	91.52993893623352	567
2025-02-10 22:01:20,641 - INFO - 	190	642858767065.9069	0	1.0752980709075928	120.65191102027893	890	573	91.96692681312561	570
2025-02-10 22:01:21,213 - INFO - 	191	642353500074.591	0	1.0835132598876953	121.22355318069458	893	573	92.38606572151184	573
2025-02-10 22:01:21,804 - INFO - 	192	635694244924.6252	0	1.105607271194458	121.8142340183258	896	573	92.81093859672546	576
2025-02-10 22:01:22,461 - INFO - 	193	630881523614.7295	0	1.123852252960205	122.47101402282715	899	573	93.30559968948364	579
2025-02-10 22:01:23,050 - INFO - 	194	629975909004.7368	0	1.1410861015319824	123.05966114997864	902	573	93.7333025932312	582
2025-02-10 22:01:23,641 - INFO - 	195	616042421631.9235	0	1.154900074005127	123.65093421936035	905	573	94.16652965545654	585
2025-02-10 22:01:24,229 - INFO - 	196	608719919092.4613	0	1.17140531539917	124.23919939994812	908	573	94.59038257598877	588
2025-02-10 22:01:24,818 - INFO - 	197	606390807260.0887	0	1.1864373683929443	124.82743334770203	911	573	95.01948952674866	591
2025-02-10 22:01:25,409 - INFO - 	198	605722722293.411	0	1.2035505771636963	125.41876029968262	914	573	95.45031380653381	594
2025-02-10 22:01:26,071 - INFO - 	199	601294551978.7018	0	1.220712423324585	126.08104228973389	917	573	95.95212006568909	597
2025-02-10 22:01:26,673 - INFO - 	200	590744140451.1447	0	1.2410485744476318	126.6821300983429	920	573	96.38863921165466	600
2025-02-10 22:01:27,264 - INFO - 	201	585777426914.0509	0	1.258467674255371	127.27312922477722	923	573	96.81831622123718	603
2025-02-10 22:01:27,872 - INFO - 	202	581847421382.7576	0	1.291428565979004	127.88133406639099	926	573	97.24994254112244	606
2025-02-10 22:01:28,555 - INFO - 	203	576356839739.5452	0	1.3147103786468506	128.56460523605347	929	573	97.76546955108643	609
2025-02-10 22:01:29,150 - INFO - 	204	573842796892.0149	0	1.3330051898956299	129.15926122665405	932	573	98.19787621498108	612
2025-02-10 22:01:29,729 - INFO - 	205	569898658021.3751	0	1.3441574573516846	129.7382628917694	935	573	98.62192678451538	615
2025-02-10 22:01:30,335 - INFO - 	206	568038318594.3799	0	1.3622233867645264	130.34401392936707	938	573	99.06546568870544	618
2025-02-10 22:01:31,009 - INFO - 	207	563984924809.9485	0	1.3863885402679443	131.01732897758484	941	573	99.57006311416626	621
2025-02-10 22:01:31,610 - INFO - 	208	555650990516.7262	0	1.3959944248199463	131.6190710067749	944	573	100.01863932609558	624
2025-02-10 22:01:32,216 - INFO - 	209	550976086744.9478	0	1.4171993732452393	132.22463083267212	947	573	100.4591965675354	627
2025-02-10 22:01:32,821 - INFO - 	210	548559865003.34753	0	1.4377233982086182	132.8291139602661	950	573	100.89901661872864	630
2025-02-10 22:01:33,499 - INFO - 	211	543129107420.99225	0	1.4635703563690186	133.5077610015869	953	573	101.40778350830078	633
2025-02-10 22:01:34,098 - INFO - 	212	533861933297.2686	0	1.493103265762329	134.10590291023254	956	573	101.83199858665466	636
2025-02-10 22:01:34,686 - INFO - 	213	528780212656.88745	0	1.516883373260498	134.69400787353516	959	573	102.25224947929382	639
2025-02-10 22:01:35,266 - INFO - 	214	525692859504.86346	0	1.5351343154907227	135.27366089820862	962	573	102.6697006225586	642
2025-02-10 22:01:35,930 - INFO - 	215	525692859504.8635	0	1.5572643280029297	135.9377477169037	965	573	103.16774368286133	645
2025-02-10 22:01:36,522 - INFO - 	216	523980140401.0278	0	1.5797414779663086	136.53006196022034	968	573	103.58875870704651	648
2025-02-10 22:01:37,119 - INFO - 	217	522874326501.5712	0	1.6046395301818848	137.1267409324646	971	573	104.01616263389587	651
2025-02-10 22:01:37,709 - INFO - 	218	517980659323.00275	0	1.622201681137085	137.7172610759735	974	573	104.44495797157288	654
2025-02-10 22:01:38,292 - INFO - 	219	513152021301.29596	0	1.6361708641052246	138.29916906356812	977	573	104.86975336074829	657
2025-02-10 22:01:38,966 - INFO - 	220	509530252474.35864	0	1.6535899639129639	138.9731478691101	980	573	105.3828513622284	660
2025-02-10 22:01:39,560 - INFO - 	221	504833461691.23535	0	1.6745667457580566	139.56750988960266	983	573	105.81213116645813	663
2025-02-10 22:01:40,155 - INFO - 	222	497573841330.92786	0	1.7048327922821045	140.16237592697144	986	573	106.23238444328308	666
2025-02-10 22:01:40,746 - INFO - 	223	496342839410.93005	0	1.7252576351165771	140.75299191474915	989	573	106.65898132324219	669
2025-02-10 22:01:41,399 - INFO - 	224	493387291464.95886	0	1.737945795059204	141.40579795837402	992	573	107.15569567680359	672
2025-02-10 22:01:41,987 - INFO - 	225	486434160152.0445	0	1.7613098621368408	141.99445390701294	995	573	107.57679677009583	675
2025-02-10 22:01:42,577 - INFO - 	226	483474499136.4129	0	1.7838969230651855	142.58357071876526	998	573	107.99976897239685	678
2025-02-10 22:01:43,234 - INFO - 	227	482637035051.2513	0	1.7987959384918213	143.24096775054932	1001	573	108.49828624725342	681
2025-02-10 22:01:43,823 - INFO - 	228	482424312868.75415	0	1.8216490745544434	143.82985496520996	1004	573	108.92041158676147	684
2025-02-10 22:01:44,409 - INFO - 	229	477925133897.9651	0	1.845005989074707	144.4154131412506	1007	573	109.33848071098328	687
2025-02-10 22:01:45,004 - INFO - 	230	473098569707.6112	0	1.8561451435089111	145.01108622550964	1010	573	109.77918577194214	690
2025-02-10 22:01:45,651 - INFO - 	231	461035305512.2657	0	1.8660120964050293	145.6573441028595	1013	573	110.27209305763245	693
2025-02-10 22:01:46,242 - INFO - 	232	459115178257.4507	0	1.8814430236816406	146.24833488464355	1016	573	110.7032790184021	696
2025-02-10 22:01:46,848 - INFO - 	233	457332431186.62103	0	1.905642032623291	146.85397696495056	1019	573	111.14063477516174	699
2025-02-10 22:01:47,423 - INFO - 	234	452181495149.9919	0	1.9213969707489014	147.4288260936737	1022	573	111.55560970306396	702
2025-02-10 22:01:48,086 - INFO - 	235	442872317591.7069	0	1.9446227550506592	148.09244322776794	1025	573	112.05142092704773	705
2025-02-10 22:01:48,685 - INFO - 	236	433960478325.83014	0	1.9745135307312012	148.69084334373474	1028	573	112.47594881057739	708
2025-02-10 22:01:49,272 - INFO - 	237	432126765689.8181	0	1.9947993755340576	149.27790927886963	1031	573	112.89884448051453	711
2025-02-10 22:01:49,852 - INFO - 	238	427702706343.99225	0	2.01061749458313	149.8575839996338	1034	573	113.31918954849243	714
2025-02-10 22:01:50,443 - INFO - 	239	427359809227.1392	0	2.0346174240112305	150.44870400428772	1037	573	113.74216151237488	717
2025-02-10 22:01:51,035 - INFO - 	240	422662682215.58704	0	2.0587363243103027	151.04102492332458	1040	573	114.1661593914032	720
2025-02-10 22:01:51,712 - INFO - 	241	415844809797.89655	0	2.0838682651519775	151.71728491783142	1043	573	114.67344164848328	723
2025-02-10 22:01:52,316 - INFO - 	242	402827560133.67474	0	2.114988088607788	152.32107520103455	1046	573	115.10235691070557	726
2025-02-10 22:01:52,915 - INFO - 	243	399541380680.02136	0	2.140791177749634	152.9200360774994	1049	573	115.5311348438263	729
2025-02-10 22:01:53,517 - INFO - 	244	392569719080.8054	0	2.171532154083252	153.5222418308258	1052	573	115.95833587646484	732
2025-02-10 22:01:54,171 - INFO - 	245	387368983581.68585	0	2.1829190254211426	154.1759548187256	1055	573	116.45667624473572	735
2025-02-10 22:01:54,749 - INFO - 	246	380451194933.8321	0	2.196282386779785	154.7538800239563	1058	573	116.87661504745483	738
2025-02-10 22:01:55,337 - INFO - 	247	376690668917.9002	0	2.2114202976226807	155.34147691726685	1061	573	117.30498194694519	741
2025-02-10 22:01:55,926 - INFO - 	248	371078207194.773	0	2.236687183380127	155.93090176582336	1064	573	117.72510957717896	744
2025-02-10 22:01:56,589 - INFO - 	249	356523619353.10504	0	2.2631802558898926	156.5938949584961	1067	573	118.21755170822144	747
2025-02-10 22:01:57,196 - INFO - 	250	349888041670.4477	0	2.2953503131866455	157.20027685165405	1070	573	118.64852499961853	750
2025-02-10 22:01:57,806 - INFO - 	251	344763047202.58484	0	2.3245794773101807	157.81026673316956	1073	573	119.08508920669556	753
2025-02-10 22:01:58,399 - INFO - 	252	321792654479.3949	0	2.343907356262207	158.4033486843109	1076	573	119.51545715332031	756
2025-02-10 22:01:58,985 - INFO - 	253	318095136208.5598	0	2.376225233078003	158.9895956516266	1079	573	119.92553520202637	759
2025-02-10 22:01:59,629 - INFO - 	254	315566034902.20685	0	2.39121413230896	159.63347387313843	1082	573	120.41077327728271	762
2025-02-10 22:02:00,219 - INFO - 	255	313727279034.81714	0	2.416090250015259	160.22301602363586	1085	573	120.8312783241272	765
2025-02-10 22:02:00,810 - INFO - 	256	309960964401.306	0	2.4489011764526367	160.81373620033264	1088	573	121.24485516548157	768
2025-02-10 22:02:01,378 - INFO - 	257	286579597367.5364	0	2.4619483947753906	161.38163805007935	1091	573	121.65585088729858	771
2025-02-10 22:02:01,960 - INFO - 	258	286579597367.5363	0	2.4824001789093018	161.9641077518463	1094	573	122.07416009902954	774
2025-02-10 22:02:02,627 - INFO - 	259	282820647589.68243	0	2.509164333343506	162.63113451004028	1097	573	122.57038879394531	777
2025-02-10 22:02:03,237 - INFO - 	260	280354253841.8855	0	2.5437421798706055	163.24075651168823	1100	573	123.00219678878784	780
2025-02-10 22:02:03,828 - INFO - 	261	278291503957.369	0	2.5660412311553955	163.83190035820007	1103	573	123.4266586303711	783
2025-02-10 22:02:04,508 - INFO - 	262	273468028133.15106	0	2.5954222679138184	164.51154041290283	1106	573	123.93286061286926	786
2025-02-10 22:02:05,113 - INFO - 	263	267521196717.67227	0	2.6254703998565674	165.11588048934937	1109	573	124.3632984161377	789
2025-02-10 22:02:05,705 - INFO - 	264	263318265394.44357	0	2.6475744247436523	165.70805740356445	1112	573	124.7894434928894	792
2025-02-10 22:02:06,302 - INFO - 	265	260749516346.0644	0	2.680938482284546	166.30555939674377	1115	573	125.20913553237915	795
2025-02-10 22:02:06,900 - INFO - 	266	257321720338.45834	0	2.7145254611968994	166.90334224700928	1118	573	125.6289553642273	798
2025-02-10 22:02:07,579 - INFO - 	267	247921557256.56006	0	2.7458205223083496	167.58231902122498	1121	573	126.13259434700012	801
2025-02-10 22:02:08,175 - INFO - 	268	244064933251.90042	0	2.77252459526062	168.17766213417053	1124	573	126.556969165802	804
2025-02-10 22:02:08,782 - INFO - 	269	236348434671.26837	0	2.8005335330963135	168.7844681739807	1127	573	126.991544008255	807
2025-02-10 22:02:09,374 - INFO - 	270	233410530670.01053	0	2.825847625732422	169.37662029266357	1130	573	127.41479992866516	810
2025-02-10 22:02:10,043 - INFO - 	271	229175965215.50668	0	2.8621034622192383	170.04577445983887	1133	573	127.90388774871826	813
2025-02-10 22:02:10,630 - INFO - 	272	226924541505.31015	0	2.893918752670288	170.632506608963	1136	573	128.31484150886536	816
2025-02-10 22:02:11,220 - INFO - 	273	224381011989.10162	0	2.9215447902679443	171.2223253250122	1139	573	128.73266315460205	819
2025-02-10 22:02:11,809 - INFO - 	274	221249633346.80557	0	2.9521689414978027	171.81153750419617	1142	573	129.1473205089569	822
2025-02-10 22:02:12,483 - INFO - 	275	220459432073.98987	0	2.985393762588501	172.4848563671112	1145	573	129.64347457885742	825
2025-02-10 22:02:13,093 - INFO - 	276	216094789138.2269	0	3.026693820953369	173.09472608566284	1148	573	130.068430185318	828
2025-02-10 22:02:13,702 - INFO - 	277	215599775407.0567	0	3.0518038272857666	173.70440793037415	1151	573	130.5088551044464	831
2025-02-10 22:02:14,297 - INFO - 	278	214477587564.34857	0	3.0807039737701416	174.29904699325562	1154	573	130.93046236038208	834
2025-02-10 22:02:14,894 - INFO - 	279	211478457794.5847	0	3.111624002456665	174.8959400653839	1157	573	131.35273575782776	837
2025-02-10 22:02:15,583 - INFO - 	280	208186455837.01953	0	3.1557669639587402	175.5851891040802	1160	573	131.85432291030884	840
2025-02-10 22:02:16,186 - INFO - 	281	206664155282.08905	0	3.1905019283294678	176.1878113746643	1163	573	132.2785530090332	843
2025-02-10 22:02:16,788 - INFO - 	282	205044662409.55002	0	3.230576992034912	176.78984260559082	1166	573	132.69662308692932	846
2025-02-10 22:02:17,375 - INFO - 	283	199778270786.094	0	3.2587709426879883	177.376868724823	1169	573	133.1122362613678	849
2025-02-10 22:02:17,987 - INFO - 	284	195917740521.6448	0	3.303454875946045	177.9886496067047	1172	573	133.535001039505	852
2025-02-10 22:02:18,586 - INFO - 	285	189408756006.91226	0	3.333361864089966	178.5873317718506	1175	573	133.9595308303833	855
2025-02-10 22:02:19,261 - INFO - 	286	185793625503.20215	0	3.3616867065429688	179.26259851455688	1178	573	134.46289372444153	858
2025-02-10 22:02:19,860 - INFO - 	287	182798110091.99603	0	3.3970837593078613	179.86100959777832	1181	573	134.88218450546265	861
2025-02-10 22:02:20,455 - INFO - 	288	180694857173.01074	0	3.429807662963867	180.45641541481018	1184	573	135.30076336860657	864
2025-02-10 22:02:21,047 - INFO - 	289	176300835631.7894	0	3.4566783905029297	181.04804039001465	1187	573	135.7216191291809	867
2025-02-10 22:02:21,726 - INFO - 	290	175069784423.04227	0	3.4949562549591064	181.72695636749268	1190	573	136.2185583114624	870
2025-02-10 22:02:22,334 - INFO - 	291	172098777985.25824	0	3.526628255844116	182.33427333831787	1193	573	136.65017533302307	873
2025-02-10 22:02:22,963 - INFO - 	292	166679766625.66086	0	3.5727932453155518	182.96326231956482	1196	573	137.08848333358765	876
2025-02-10 22:02:23,544 - INFO - 	293	164345726950.38837	0	3.600433111190796	183.54425430297852	1199	573	137.49816989898682	879
2025-02-10 22:02:24,134 - INFO - 	294	160094813644.96075	0	3.6200313568115234	184.13395738601685	1202	573	137.924702167511	882
2025-02-10 22:02:24,808 - INFO - 	295	158897453365.47437	0	3.6524603366851807	184.80842661857605	1205	573	138.42287302017212	885
2025-02-10 22:02:25,413 - INFO - 	296	157260933819.77292	0	3.6897523403167725	185.41352343559265	1208	573	138.84694647789001	888
2025-02-10 22:02:26,014 - INFO - 	297	156151346053.05063	0	3.727454423904419	186.0136411190033	1211	573	139.26601767539978	891
2025-02-10 22:02:26,620 - INFO - 	298	154966924209.76624	0	3.765371322631836	186.62040829658508	1214	573	139.69105768203735	894
2025-02-10 22:02:27,205 - INFO - 	299	149420390370.0566	0	3.7734193801879883	187.20529413223267	1217	573	140.1239504814148	897
2025-02-10 22:02:27,797 - INFO - 	300	149420390370.05667	0	3.7910044193267822	187.79634618759155	1220	573	140.55339169502258	900
2025-02-10 22:02:28,486 - INFO - 	301	147559090907.6487	0	3.8320562839508057	188.48612332344055	1223	573	141.05806016921997	903
2025-02-10 22:02:29,091 - INFO - 	302	145282740796.9581	0	3.8629260063171387	189.0905363559723	1226	573	141.4878602027893	906
2025-02-10 22:02:29,692 - INFO - 	303	144128991585.51694	0	3.893179178237915	189.69198346138	1229	573	141.91484689712524	909
2025-02-10 22:02:30,300 - INFO - 	304	138708904796.2376	0	3.9153120517730713	190.2991325855255	1232	573	142.35561203956604	912
2025-02-10 22:02:31,007 - INFO - 	305	132440487472.39703	0	3.9624569416046143	191.00627541542053	1235	573	142.87148070335388	915
2025-02-10 22:02:31,602 - INFO - 	306	129542784030.97389	0	3.9876959323883057	191.60127139091492	1238	573	143.2976188659668	918
2025-02-10 22:02:32,183 - INFO - 	307	125076278121.95229	0	4.012984752655029	192.18256759643555	1241	573	143.71017146110535	921
2025-02-10 22:02:32,785 - INFO - 	308	121713467333.97897	0	4.0560057163238525	192.78384351730347	1244	573	144.12509083747864	924
2025-02-10 22:02:33,471 - INFO - 	309	119526402645.97942	0	4.096421718597412	193.46951174736023	1247	573	144.62623715400696	927
2025-02-10 22:02:34,079 - INFO - 	310	117429546437.3401	0	4.13477349281311	194.07788276672363	1250	573	145.05201888084412	930
2025-02-10 22:02:34,681 - INFO - 	311	114965971964.98055	0	4.167574644088745	194.6799669265747	1253	573	145.47778987884521	933
2025-02-10 22:02:35,278 - INFO - 	312	112003769843.27782	0	4.189814805984497	195.27687883377075	1256	573	145.9081723690033	936
2025-02-10 22:02:35,961 - INFO - 	313	110696814556.44789	0	4.223177671432495	195.95946598052979	1259	573	146.4134225845337	939
2025-02-10 22:02:36,589 - INFO - 	314	108922055416.25493	0	4.273619651794434	196.5870771408081	1262	573	146.84214663505554	942
2025-02-10 22:02:37,181 - INFO - 	315	105006606592.04239	0	4.2847795486450195	197.1797342300415	1265	573	147.27958512306213	945
2025-02-10 22:02:37,785 - INFO - 	316	103345833559.61366	0	4.323751449584961	197.78299117088318	1268	573	147.70019030570984	948
2025-02-10 22:02:38,389 - INFO - 	317	101815848932.31938	0	4.356917381286621	198.38683533668518	1271	573	148.12644791603088	951
2025-02-10 22:02:38,978 - INFO - 	318	99217913079.48137	0	4.389570474624634	198.97587132453918	1274	573	148.53894877433777	954
2025-02-10 22:02:39,653 - INFO - 	319	97655859020.28432	0	4.431668281555176	199.65061926841736	1277	573	149.0281355381012	957
2025-02-10 22:02:40,240 - INFO - 	320	96356909301.14946	0	4.461949348449707	200.2384192943573	1280	573	149.44239163398743	960
2025-02-10 22:02:40,835 - INFO - 	321	91775173285.86803	0	4.5050742626190186	200.83328223228455	1283	573	149.84964656829834	963
2025-02-10 22:02:41,402 - INFO - 	322	87616108122.97067	0	4.518131256103516	201.3994390964508	1286	573	150.2593014240265	966
2025-02-10 22:02:42,104 - INFO - 	323	85056584325.47612	0	4.555650234222412	202.10216116905212	1289	573	150.78107857704163	969
2025-02-10 22:02:42,813 - INFO - 	324	82888291540.6849	0	4.574610471725464	202.8105490207672	1292	573	151.32676005363464	972
2025-02-10 22:02:43,427 - INFO - 	325	81387956190.19106	0	4.606173515319824	203.42427921295166	1295	573	151.7554829120636	975
2025-02-10 22:02:44,032 - INFO - 	326	77945075521.61299	0	4.646821737289429	204.02896523475647	1298	573	152.17607593536377	978
2025-02-10 22:02:44,634 - INFO - 	327	76459455060.39066	0	4.6772096157073975	204.63084316253662	1301	573	152.60394310951233	981
2025-02-10 22:02:45,240 - INFO - 	328	74233032855.66219	0	4.723061561584473	205.23751521110535	1304	573	153.02093243598938	984
2025-02-10 22:02:45,914 - INFO - 	329	70208035636.55354	0	4.754689693450928	205.9115002155304	1307	573	153.51985049247742	987
2025-02-10 22:02:46,527 - INFO - 	330	67529303735.381516	0	4.7992706298828125	206.52425122261047	1310	573	153.94460225105286	990
2025-02-10 22:02:47,101 - INFO - 	331	63469882664.54499	0	4.832936763763428	207.09754014015198	1313	573	154.34086918830872	993
2025-02-10 22:02:47,698 - INFO - 	332	62921541711.65366	0	4.85926365852356	207.69474411010742	1316	573	154.76802492141724	996
2025-02-10 22:02:48,288 - INFO - 	333	61463199408.16473	0	4.884221792221069	208.28469514846802	1319	573	155.18938302993774	999
2025-02-10 22:02:48,961 - INFO - 	334	60482097836.464165	0	4.921384811401367	208.9577510356903	1322	573	155.68174862861633	1002
2025-02-10 22:02:49,552 - INFO - 	335	56265044650.53233	0	4.952605962753296	209.54905605316162	1325	573	156.09855771064758	1005
2025-02-10 22:02:50,147 - INFO - 	336	54420003551.39754	0	4.9904749393463135	210.14403319358826	1328	573	156.51151204109192	1008
2025-02-10 22:02:50,755 - INFO - 	337	52022193163.79632	0	5.043819904327393	210.7514090538025	1331	573	156.9219250679016	1011
2025-02-10 22:02:51,412 - INFO - 	338	51755528955.79684	0	5.067253828048706	211.40808200836182	1334	573	157.41127729415894	1014
2025-02-10 22:02:52,012 - INFO - 	339	49643594539.53917	0	5.103048801422119	212.00791716575623	1337	573	157.83184933662415	1017
2025-02-10 22:02:52,610 - INFO - 	340	46650581081.25681	0	5.1474878787994385	212.60604119300842	1340	573	158.24186658859253	1020
2025-02-10 22:02:53,203 - INFO - 	341	43448629995.66888	0	5.192006826400757	213.1991400718689	1343	573	158.64701962471008	1023
2025-02-10 22:02:53,774 - INFO - 	342	43137656062.354126	0	5.219781160354614	213.7696270942688	1346	573	159.0464780330658	1026
2025-02-10 22:02:54,436 - INFO - 	343	38711860147.56207	0	5.262622356414795	214.43238711357117	1349	573	159.5230052471161	1029
2025-02-10 22:02:55,039 - INFO - 	344	36181642988.900375	0	5.297045469284058	215.03531312942505	1352	573	159.94781112670898	1032
2025-02-10 22:02:55,625 - INFO - 	345	33980490230.85259	0	5.334537506103516	215.62092995643616	1355	573	160.35189747810364	1035
2025-02-10 22:02:56,219 - INFO - 	346	30994202574.042084	0	5.370837450027466	216.2141559123993	1358	573	160.76541924476624	1038
2025-02-10 22:02:56,812 - INFO - 	347	27222415417.09613	0	5.4134743213653564	216.80760216712952	1361	573	161.17232632637024	1041
2025-02-10 22:02:57,412 - INFO - 	348	25510522032.835438	0	5.463069200515747	217.40733313560486	1364	573	161.57909846305847	1044
2025-02-10 22:02:58,078 - INFO - 	349	24656660153.1457	0	5.504892110824585	218.07312941551208	1367	573	162.0592405796051	1047
2025-02-10 22:02:58,670 - INFO - 	350	22384406055.2555	0	5.550410032272339	218.6651382446289	1370	573	162.46226739883423	1050
2025-02-10 22:02:59,264 - INFO - 	351	21556023323.051727	0	5.580668926239014	219.25921320915222	1373	573	162.88196325302124	1053
2025-02-10 22:02:59,934 - INFO - 	352	20211170719.18571	0	5.610589027404785	219.9289469718933	1376	573	163.3776924610138	1056
2025-02-10 22:03:00,519 - INFO - 	353	19086124701.006958	0	5.6395790576934814	220.51426529884338	1379	573	163.78969955444336	1059
2025-02-10 22:03:01,126 - INFO - 	354	16853652289.325417	0	5.6836278438568115	221.12124752998352	1382	573	164.20795845985413	1062
2025-02-10 22:03:01,728 - INFO - 	355	16012677504.487621	0	5.714296817779541	221.7232494354248	1385	573	164.63532876968384	1065
2025-02-10 22:03:02,312 - INFO - 	356	14071359500.399567	0	5.741197824478149	222.30640935897827	1388	573	165.04780077934265	1068
2025-02-10 22:03:02,931 - INFO - 	357	13138842865.898216	0	5.783892631530762	222.92615842819214	1391	573	165.4738531112671	1071
2025-02-10 22:03:03,539 - INFO - 	358	10800930399.034391	0	5.8160834312438965	223.53343176841736	1394	573	165.90531516075134	1074
2025-02-10 22:03:04,218 - INFO - 	359	7962443203.047553	0	5.857718467712402	224.2128279209137	1397	573	166.39973902702332	1077
2025-02-10 22:03:04,840 - INFO - 	360	7034968651.524175	0	5.90371561050415	224.83446097373962	1400	573	166.83168864250183	1080
2025-02-10 22:03:05,427 - INFO - 	361	5898114160.014702	0	5.919943809509277	225.4209418296814	1403	573	167.2585506439209	1083
2025-02-10 22:03:06,024 - INFO - 	362	4397487499.789558	0	5.9509499073028564	226.01853466033936	1406	573	167.6819474697113	1086
2025-02-10 22:03:06,647 - INFO - 	363	1523.0936922408814	0	5.9877448081970215	226.6414659023285	1409	573	168.12410235404968	1089
2025-02-10 22:03:07,344 - INFO - 	364	1510.851887068573	0	5.9943177700042725	227.33784794807434	1412	573	168.66993021965027	1092
2025-02-10 22:03:07,956 - INFO - 	365	1489.8630689923127	0	6.00196385383606	227.95024871826172	1415	573	169.13054037094116	1095
2025-02-10 22:03:08,585 - INFO - 	366	1477.5907642018587	0	6.01039981842041	228.5792145729065	1418	573	169.60750150680542	1098
2025-02-10 22:03:09,226 - INFO - 	367	1469.4160876147978	0	6.019823789596558	229.21944952011108	1421	573	170.09445977210999	1101
2025-02-10 22:03:09,932 - INFO - 	368	1464.0566849289114	0	6.028670787811279	229.92531752586365	1424	573	170.6479697227478	1104
2025-02-10 22:03:10,569 - INFO - 	369	1459.3820000138846	0	6.040789842605591	230.5627794265747	1427	573	171.12976384162903	1107
2025-02-10 22:03:11,204 - INFO - 	370	1442.9680760008027	0	6.0514137744903564	231.19772243499756	1430	573	171.6095278263092	1110
2025-02-10 22:03:11,828 - INFO - 	371	1435.5799724360184	0	6.062318563461304	231.8218445777893	1433	573	172.07860660552979	1113
2025-02-10 22:03:12,454 - INFO - 	372	1415.8838955379265	0	6.071919679641724	232.44727158546448	1436	573	172.550452709198	1116
2025-02-10 22:03:13,152 - INFO - 	373	1404.693267043306	0	6.080807685852051	233.14534258842468	1439	573	173.09497475624084	1119
2025-02-10 22:03:13,776 - INFO - 	374	1395.5733544600162	0	6.090678453445435	233.7694056034088	1442	573	173.5655162334442	1122
2025-02-10 22:03:14,397 - INFO - 	375	1390.2678571807053	0	6.098296642303467	234.39060854911804	1445	573	174.0355303287506	1125
2025-02-10 22:03:15,099 - INFO - 	376	1383.4395036776316	0	6.106369495391846	235.0922646522522	1448	573	174.58551740646362	1128
2025-02-10 22:03:15,724 - INFO - 	377	1379.8237866206139	0	6.113699436187744	235.7170968055725	1451	573	175.05945301055908	1131
2025-02-10 22:03:16,345 - INFO - 	378	1370.9655962700558	0	6.1197474002838135	236.3380320072174	1454	573	175.53093481063843	1134
2025-02-10 22:03:16,978 - INFO - 	379	1359.2617847217166	0	6.127672433853149	236.97047924995422	1457	573	176.01205730438232	1137
2025-02-10 22:03:17,677 - INFO - 	380	1353.0515917845346	0	6.13379168510437	237.66953325271606	1460	573	176.56153869628906	1140
2025-02-10 22:03:18,307 - INFO - 	381	1347.1745421016349	0	6.141416788101196	238.30019807815552	1463	573	177.041109085083	1143
2025-02-10 22:03:18,941 - INFO - 	382	1338.9496644614462	0	6.15071964263916	238.93386030197144	1466	573	177.52212738990784	1146
2025-02-10 22:03:19,566 - INFO - 	383	1336.9330622384061	0	6.158628940582275	239.55845832824707	1469	573	177.99539136886597	1149
2025-02-10 22:03:20,193 - INFO - 	384	1335.043952731971	0	6.16594672203064	240.18564748764038	1472	573	178.47166681289673	1152
2025-02-10 22:03:20,893 - INFO - 	385	1333.8891441982905	0	6.172313928604126	240.8853144645691	1475	573	179.02170658111572	1155
2025-02-10 22:03:21,521 - INFO - 	386	1331.7890544266688	0	6.180934906005859	241.51329231262207	1478	573	179.4977777004242	1158
2025-02-10 22:03:22,148 - INFO - 	387	1326.6799619976991	0	6.188541889190674	242.13988137245178	1481	573	179.97336959838867	1161
2025-02-10 22:03:22,854 - INFO - 	388	1324.1423950326648	0	6.196092844009399	242.84568524360657	1484	573	180.52785444259644	1164
2025-02-10 22:03:23,483 - INFO - 	389	1321.6038628470862	0	6.2020158767700195	243.47553634643555	1487	573	181.00777006149292	1167
2025-02-10 22:03:24,109 - INFO - 	390	1320.7488593423593	0	6.209060907363892	244.1013913154602	1490	573	181.48255610466003	1170
2025-02-10 22:03:24,737 - INFO - 	391	1319.9118685732387	0	6.2165207862854	244.72894048690796	1493	573	181.95896220207214	1173
2025-02-10 22:03:25,441 - INFO - 	392	1313.530907019445	0	6.224396705627441	245.43249344825745	1496	573	182.51114058494568	1176
2025-02-10 22:03:26,069 - INFO - 	393	1312.281443338583	0	6.231430530548096	246.06038641929626	1499	573	182.98859763145447	1179
2025-02-10 22:03:26,691 - INFO - 	394	1310.1349087269568	0	6.237456560134888	246.6826741695404	1502	573	183.46042203903198	1182
2025-02-10 22:03:27,389 - INFO - 	395	1308.383731512656	0	6.243738412857056	247.3802101612091	1505	573	184.00789713859558	1185
2025-02-10 22:03:28,023 - INFO - 	396	1305.4529883628234	0	6.249859809875488	248.01414704322815	1508	573	184.49169421195984	1188
2025-02-10 22:03:28,654 - INFO - 	397	1304.2998097990144	0	6.255887985229492	248.64557099342346	1511	573	184.9736340045929	1191
2025-02-10 22:03:29,366 - INFO - 	398	1302.8283649132986	0	6.26554799079895	249.35710096359253	1514	573	185.53178477287292	1194
2025-02-10 22:03:29,998 - INFO - 	399	1299.0670142569174	0	6.272230863571167	249.9888620376587	1517	573	186.01333689689636	1197
2025-02-10 22:03:30,622 - INFO - 	400	1297.8825010889143	0	6.27786922454834	250.61302709579468	1520	573	186.4881408214569	1200
2025-02-10 22:03:31,239 - INFO - 	401	1292.7401309856177	0	6.283967018127441	251.2298719882965	1523	573	186.95542407035828	1203
2025-02-10 22:03:31,938 - INFO - 	402	1291.276883858911	0	6.2906739711761475	251.92903995513916	1526	573	187.50445795059204	1206
2025-02-10 22:03:32,567 - INFO - 	403	1289.194237665283	0	6.298629999160767	252.5580439567566	1529	573	187.98195552825928	1209
2025-02-10 22:03:33,196 - INFO - 	404	1286.8162216611233	0	6.306954860687256	253.18651795387268	1532	573	188.4575231075287	1212
2025-02-10 22:03:33,823 - INFO - 	405	1286.3387686804251	0	6.311047077178955	253.81408190727234	1535	573	188.93698835372925	1215
2025-02-10 22:03:34,451 - INFO - 	406	1285.0723895763906	0	6.3180091381073	254.44214391708374	1538	573	189.41491651535034	1218
2025-02-10 22:03:35,153 - INFO - 	407	1283.3815562372536	0	6.327195167541504	255.1433608531952	1541	573	189.9630172252655	1221
2025-02-10 22:03:35,767 - INFO - 	408	1281.791553108039	0	6.332059144973755	255.75753664970398	1544	573	190.42895412445068	1224
2025-02-10 22:03:36,401 - INFO - 	409	1276.108208195524	0	6.342129230499268	256.3913025856018	1547	573	190.90819311141968	1227
2025-02-10 22:03:37,035 - INFO - 	410	1273.2842727396974	0	6.349767208099365	257.02502179145813	1550	573	191.38997411727905	1230
2025-02-10 22:03:37,739 - INFO - 	411	1271.2983054712186	0	6.35628604888916	257.72912406921387	1553	573	191.94330263137817	1233
2025-02-10 22:03:38,360 - INFO - 	412	1266.9930171192038	0	6.361951112747192	258.35039615631104	1556	573	192.41513562202454	1236
2025-02-10 22:03:38,980 - INFO - 	413	1261.8348352820415	0	6.3684821128845215	258.97031903266907	1559	573	192.8847599029541	1239
2025-02-10 22:03:39,606 - INFO - 	414	1260.5282587180109	0	6.374819040298462	259.59614992141724	1562	573	193.3604075908661	1242
2025-02-10 22:03:40,309 - INFO - 	415	1258.3250760949568	0	6.383552312850952	260.29882287979126	1565	573	193.9108922481537	1245
2025-02-10 22:03:40,929 - INFO - 	416	1256.7801054010058	0	6.390510082244873	260.9194428920746	1568	573	194.38055968284607	1248
2025-02-10 22:03:41,552 - INFO - 	417	1255.2003281257957	0	6.3986968994140625	261.5417408943176	1571	573	194.8507661819458	1251
2025-02-10 22:03:42,185 - INFO - 	418	1253.438106916241	0	6.405529975891113	262.1746678352356	1574	573	195.33302807807922	1254
2025-02-10 22:03:42,809 - INFO - 	419	1252.782447669136	0	6.411359071731567	262.79903173446655	1577	573	195.80779218673706	1257
2025-02-10 22:03:43,511 - INFO - 	420	1251.8501675047678	0	6.4169921875	263.5002706050873	1580	573	196.35931944847107	1260
2025-02-10 22:03:44,138 - INFO - 	421	1250.2736100820068	0	6.426654100418091	264.12734365463257	1583	573	196.83275151252747	1263
2025-02-10 22:03:44,767 - INFO - 	422	1249.590779104782	0	6.431734085083008	264.7563326358795	1586	573	197.3128867149353	1266
2025-02-10 22:03:45,466 - INFO - 	423	1247.1580793764972	0	6.438549995422363	265.4550025463104	1589	573	197.86043572425842	1269
2025-02-10 22:03:46,090 - INFO - 	424	1246.1461809473215	0	6.445318937301636	266.07962942123413	1592	573	198.33400535583496	1272
2025-02-10 22:03:46,717 - INFO - 	425	1245.62882688734	0	6.452110052108765	266.7067015171051	1595	573	198.810893535614	1275
2025-02-10 22:03:47,334 - INFO - 	426	1245.62882688734	0	6.455568075180054	267.32369470596313	1598	573	199.28082919120789	1278
2025-02-10 22:03:48,039 - INFO - 	427	1244.1605206030617	0	6.466158866882324	268.02867102622986	1601	573	199.83093094825745	1281
2025-02-10 22:03:48,659 - INFO - 	428	1244.1605206030627	0	6.470260143280029	268.64835500717163	1604	573	200.30304861068726	1284
2025-02-10 22:03:49,285 - INFO - 	429	1242.4140534184896	0	6.4804041385650635	269.27357292175293	1607	573	200.7739508152008	1287
2025-02-10 22:03:49,905 - INFO - 	430	1241.863297293266	0	6.487447023391724	269.8935339450836	1610	573	201.24328207969666	1290
2025-02-10 22:03:50,528 - INFO - 	431	1241.1708054027943	0	6.49403190612793	270.51688289642334	1613	573	201.71656131744385	1293
2025-02-10 22:03:51,224 - INFO - 	432	1240.7672654755816	0	6.499515771865845	271.2131550312042	1616	573	202.26371836662292	1296
2025-02-10 22:03:51,864 - INFO - 	433	1239.630290113306	0	6.507165431976318	271.85320711135864	1619	573	202.75226521492004	1299
2025-02-10 22:03:52,489 - INFO - 	434	1239.4447905667407	0	6.512025594711304	272.477343082428	1622	573	203.2273554801941	1302
2025-02-10 22:03:53,120 - INFO - 	435	1238.7501984197045	0	6.5208234786987305	273.1082320213318	1625	573	203.70508813858032	1305
2025-02-10 22:03:53,753 - INFO - 	436	1237.7837226056395	0	6.53019642829895	273.7415452003479	1628	573	204.1852719783783	1308
2025-02-10 22:03:54,452 - INFO - 	437	1237.1300324972235	0	6.53626561164856	274.440776348114	1631	573	204.73454904556274	1311
2025-02-10 22:03:55,082 - INFO - 	438	1237.022395605987	0	6.539494514465332	275.07027554512024	1634	573	205.21673583984375	1314
2025-02-10 22:03:55,714 - INFO - 	439	1236.5349081513182	0	6.545349359512329	275.70183062553406	1637	573	205.69854736328125	1317
2025-02-10 22:03:56,339 - INFO - 	440	1236.4803774086356	0	6.548692226409912	276.32739758491516	1640	573	206.17719531059265	1320
2025-02-10 22:03:56,968 - INFO - 	441	1236.014835944397	0	6.555870056152344	276.9561553001404	1643	573	206.65511345863342	1323
2025-02-10 22:03:57,672 - INFO - 	442	1235.2060955042778	0	6.562466144561768	277.6600251197815	1646	573	207.2085826396942	1326
2025-02-10 22:03:58,304 - INFO - 	443	1234.779008520731	0	6.579930305480957	278.29176020622253	1649	573	207.67945075035095	1329
2025-02-10 22:03:58,937 - INFO - 	444	1234.000000000001	0	6.592602252960205	278.9248752593994	1652	573	208.15654683113098	1332
2025-02-10 22:03:59,567 - INFO - 	445	1233.9999999999995	0	6.600985288619995	279.55434131622314	1655	573	208.63380980491638	1335
2025-02-10 22:04:00,279 - INFO - 	446	1233.2777556188335	0	6.609414339065552	280.26618337631226	1658	573	209.19367289543152	1338
2025-02-10 22:04:00,914 - INFO - 	447	1232.3502590210228	0	6.617223262786865	280.90185022354126	1661	573	209.67794752120972	1341
2025-02-10 22:04:01,541 - INFO - 	448	1232.2746303379545	0	6.620518207550049	281.52865624427795	1664	573	210.15774631500244	1344
2025-02-10 22:04:02,251 - INFO - 	449	1232.0639530362544	0	6.627773284912109	282.23814725875854	1667	573	210.71649527549744	1347
2025-02-10 22:04:02,894 - INFO - 	450	1230.715989916375	0	6.635979413986206	282.88124227523804	1670	573	211.20737767219543	1350
2025-02-10 22:04:03,532 - INFO - 	451	1230.2782370209175	0	6.646522521972656	283.51911544799805	1673	573	211.69112873077393	1353
2025-02-10 22:04:04,160 - INFO - 	452	1229.9999999999995	0	6.652791500091553	284.1473705768585	1676	573	212.16952085494995	1356
2025-02-10 22:04:12,407 - INFO - 	453	1229.9798248621687	7.61063289642334	6.657122611999512	292.3940405845642	1679	573	212.65769481658936	1357
2025-02-10 22:04:13,045 - INFO - 	454	1229.3983678356954	7.61063289642334	6.66658878326416	293.03142738342285	1682	573	213.1406626701355	1360
2025-02-10 22:04:13,674 - INFO - 	455	1228.8360450089137	7.61063289642334	6.678497552871704	293.6604354381561	1685	573	213.61393213272095	1363
2025-02-10 22:04:14,301 - INFO - 	456	1228.531868266293	7.61063289642334	6.683596611022949	294.28801250457764	1688	573	214.09289813041687	1366
2025-02-10 22:04:15,024 - INFO - 	457	1228.2403084331756	7.61063289642334	6.696242809295654	295.0105264186859	1691	573	214.6589915752411	1369
2025-02-10 22:04:15,648 - INFO - 	458	1228.0975599245992	7.61063289642334	6.703042030334473	295.63443422317505	1694	573	215.13222861289978	1372
2025-02-10 22:04:16,280 - INFO - 	459	1228.0000000000007	7.61063289642334	6.711731910705566	296.2659652233124	1697	573	215.6114628314972	1375
2025-02-10 22:04:24,728 - INFO - 	460	1226.8400046962577	15.418591976165771	6.720103025436401	304.714328289032	1700	573	216.09914684295654	1376
2025-02-10 22:04:25,362 - INFO - 	461	1226.1181368763264	15.418591976165771	6.726325273513794	305.34864139556885	1703	573	216.58291292190552	1379
2025-02-10 22:04:25,985 - INFO - 	462	1225.8144965915787	15.418591976165771	6.731290102005005	305.97110652923584	1706	573	217.05610513687134	1382
2025-02-10 22:04:26,613 - INFO - 	463	1224.8571800456327	15.418591976165771	6.738681077957153	306.5995614528656	1709	573	217.53251814842224	1385
2025-02-10 22:04:27,233 - INFO - 	464	1224.0927445468433	15.418591976165771	6.746621131896973	307.2185642719269	1712	573	217.99992609024048	1388
2025-02-10 22:04:27,930 - INFO - 	465	1223.104252491804	15.418591976165771	6.752165079116821	307.9162802696228	1715	573	218.5477650165558	1391
2025-02-10 22:04:28,555 - INFO - 	466	1222.5029130529945	15.418591976165771	6.760329246520996	308.54082322120667	1718	573	219.02055478096008	1394
2025-02-10 22:04:29,189 - INFO - 	467	1222.3858993169763	15.418591976165771	6.767624378204346	309.1743083000183	1721	573	219.50322580337524	1397
2025-02-10 22:04:29,888 - INFO - 	468	1222.1955235651767	15.418591976165771	6.775347471237183	309.8740875720978	1724	573	220.05113101005554	1400
2025-02-10 22:04:30,522 - INFO - 	469	1221.9999999999995	15.418591976165771	6.787468671798706	310.5077028274536	1727	573	220.52856397628784	1403
2025-02-10 22:04:43,169 - INFO - 	470	1222.0000000000002	27.423936367034912	6.793328762054443	323.15478563308716	1730	573	221.02074551582336	1403
2025-02-10 22:04:56,071 - INFO - 	471	1221.9999999999998	39.680668592453	6.799400568008423	336.0564076900482	1732	573	221.51530766487122	1403
2025-02-10 22:05:08,959 - INFO - 
ya no tiene columnas con costo reducido negative
2025-02-10 22:05:08,959 - INFO - Set parameter OutputFlag to value 1
2025-02-10 22:05:08,960 - INFO - Set parameter LogFile to value "logs_new/salida_modelo_caminos_320_567_25.log"
2025-02-10 22:05:08,960 - INFO - Set parameter TimeLimit to value 7200
2025-02-10 22:05:08,961 - INFO - Gurobi Optimizer version 11.0.1 build v11.0.1rc0 (mac64[arm] - Darwin 24.3.0 24D60)
2025-02-10 22:05:08,961 - INFO - 
2025-02-10 22:05:08,961 - INFO - CPU model: Apple M2
2025-02-10 22:05:08,962 - INFO - Thread count: 8 physical cores, 8 logical processors, using up to 8 threads
2025-02-10 22:05:08,962 - INFO - 
2025-02-10 22:05:08,962 - INFO - Optimize a model with 573 rows, 1732 columns and 7072 nonzeros
2025-02-10 22:05:08,963 - INFO - Coefficient statistics:
2025-02-10 22:05:08,963 - INFO -   Matrix range     [1e+00, 1e+00]
2025-02-10 22:05:08,964 - INFO -   Objective range  [2e+00, 1e+10]
2025-02-10 22:05:08,964 - INFO -   Bounds range     [0e+00, 0e+00]
2025-02-10 22:05:08,964 - INFO -   RHS range        [1e+00, 2e+02]
2025-02-10 22:05:08,965 - INFO - Warning: Model contains large objective coefficients
2025-02-10 22:05:08,965 - INFO -          Consider reformulating model or setting NumericFocus parameter
2025-02-10 22:05:08,965 - INFO -          to avoid numerical issues.
2025-02-10 22:05:08,966 - INFO - 
2025-02-10 22:05:08,966 - INFO - Solved in 0 iterations and 0.00 seconds (0.00 work units)
2025-02-10 22:05:08,966 - INFO - Optimal objective  1.222000000e+03
2025-02-10 22:05:08,968 - INFO - Gurobi Optimizer version 11.0.1 build v11.0.1rc0 (mac64[arm] - Darwin 24.3.0 24D60)
2025-02-10 22:05:08,969 - INFO - 
2025-02-10 22:05:08,969 - INFO - CPU model: Apple M2
2025-02-10 22:05:08,969 - INFO - Thread count: 8 physical cores, 8 logical processors, using up to 8 threads
2025-02-10 22:05:08,969 - INFO - 
2025-02-10 22:05:08,970 - INFO - Optimize a model with 573 rows, 1732 columns and 7072 nonzeros
2025-02-10 22:05:08,970 - INFO - Model fingerprint: 0x77af3fbc
2025-02-10 22:05:08,970 - INFO - Variable types: 0 continuous, 1732 integer (1732 binary)
2025-02-10 22:05:08,970 - INFO - Coefficient statistics:
2025-02-10 22:05:08,971 - INFO -   Matrix range     [1e+00, 1e+00]
2025-02-10 22:05:08,971 - INFO -   Objective range  [2e+00, 1e+10]
2025-02-10 22:05:08,971 - INFO -   Bounds range     [0e+00, 0e+00]
2025-02-10 22:05:08,972 - INFO -   RHS range        [1e+00, 2e+02]
2025-02-10 22:05:08,972 - INFO - Warning: Model contains large objective coefficients
2025-02-10 22:05:08,972 - INFO -          Consider reformulating model or setting NumericFocus parameter
2025-02-10 22:05:08,973 - INFO -          to avoid numerical issues.
2025-02-10 22:05:08,973 - INFO - Found heuristic solution: objective 3.200000e+12
2025-02-10 22:05:08,981 - INFO - Presolve removed 250 rows and 0 columns
2025-02-10 22:05:08,981 - INFO - Presolve time: 0.01s
2025-02-10 22:05:08,981 - INFO - Presolved: 323 rows, 1732 columns, 6905 nonzeros
2025-02-10 22:05:08,982 - INFO - Variable types: 0 continuous, 1732 integer (1732 binary)
2025-02-10 22:05:08,985 - INFO - Found heuristic solution: objective 3.120000e+12
2025-02-10 22:05:09,061 - INFO - 
2025-02-10 22:05:09,062 - INFO - Root relaxation: objective 1.222000e+03, 1892 iterations, 0.08 seconds (0.12 work units)
2025-02-10 22:05:09,086 - INFO - 
2025-02-10 22:05:09,086 - INFO -     Nodes    |    Current Node    |     Objective Bounds      |     Work
2025-02-10 22:05:09,087 - INFO -  Expl Unexpl |  Obj  Depth IntInf | Incumbent    BestBd   Gap | It/Node Time
2025-02-10 22:05:09,087 - INFO - 
2025-02-10 22:05:09,088 - INFO -      0     0 1222.00000    0  266 3.1200e+12 1222.00000   100%     -    0s
2025-02-10 22:05:09,089 - INFO - H    0     0                    2.800000e+11 1222.00000   100%     -    0s
2025-02-10 22:05:09,093 - INFO - H    0     0                    1.900000e+11 1222.00000   100%     -    0s
2025-02-10 22:05:09,101 - INFO - H    0     0                    1.800000e+11 1222.00000   100%     -    0s
2025-02-10 22:05:09,212 - INFO -      0     0 1222.00000    0  278 1.8000e+11 1222.00000   100%     -    0s
2025-02-10 22:05:09,247 - INFO - H    0     0                    1.700000e+11 1222.00000   100%     -    0s
2025-02-10 22:05:09,330 - INFO - H    0     0                    1.500000e+11 1222.00000   100%     -    0s
2025-02-10 22:05:09,334 - INFO -      0     0 1222.00000    0  280 1.5000e+11 1222.00000   100%     -    0s
2025-02-10 22:05:09,343 - INFO -      0     0 1222.40787    0  278 1.5000e+11 1222.40787   100%     -    0s
2025-02-10 22:05:09,424 - INFO -      0     0 1222.40787    0  286 1.5000e+11 1222.40787   100%     -    0s
2025-02-10 22:05:09,446 - INFO -      0     0 1222.40787    0  277 1.5000e+11 1222.40787   100%     -    0s
2025-02-10 22:05:09,533 - INFO -      0     2 1222.40787    0  277 1.5000e+11 1222.40787   100%     -    0s
2025-02-10 22:05:09,598 - INFO - H   33    40                    1.300000e+11 1222.96631   100%   103    0s
2025-02-10 22:05:09,669 - INFO - H   77    84                    1.300000e+11 1223.36903   100%   103    0s
2025-02-10 22:05:09,669 - INFO - H   80    84                    1.300000e+11 1223.36903   100%   103    0s
2025-02-10 22:05:09,817 - INFO - H  110   118                    9.000000e+10 1224.20111   100%  94.5    0s
2025-02-10 22:05:09,817 - INFO - H  115   118                    9.000000e+10 1224.23329   100%  92.3    0s
2025-02-10 22:05:10,174 - INFO - H  154   163                    9.000000e+10 1224.23922   100%  95.6    1s
2025-02-10 22:05:10,175 - INFO - H  160   163                    7.000000e+10 1224.23922   100%  94.6    1s
2025-02-10 22:05:10,661 - INFO - H  197   202                    6.000000e+10 1224.23922   100%  93.0    1s
2025-02-10 22:05:11,781 - INFO - H  979   987                    5.999999e+10 1224.23922   100%  84.9    2s
2025-02-10 22:05:11,782 - INFO - H  983   987                    5.999999e+10 1224.23922   100%  84.8    2s
2025-02-10 22:05:13,898 - INFO - H 2022  1840                    5.999998e+10 1224.25500   100%  81.0    4s
2025-02-10 22:05:13,976 - INFO -   2050  1866 1235.68701   23  278 6.0000e+10 1224.25500   100%  81.0    5s
2025-02-10 22:05:14,272 - INFO - H 2090  1797                    5.000000e+10 1224.25500   100%  80.7    5s
2025-02-10 22:05:15,378 - INFO - H 2184  1778                    5.000000e+10 1224.25500   100%  80.5    6s
2025-02-10 22:05:17,822 - INFO - H 3474  2442                    4.999999e+10 1224.25500   100%  77.3    8s
2025-02-10 22:05:17,822 - INFO - H 3477  2364                    4.999998e+10 1224.25500   100%  77.3    8s
2025-02-10 22:05:18,992 - INFO -   3975  2652 1226.58705   16  276 5.0000e+10 1224.25500   100%  77.1   10s
2025-02-10 22:05:24,177 - INFO -   7112  4617 1.8635e+10  103  226 5.0000e+10 1226.32104   100%  74.6   15s
2025-02-10 22:05:25,594 - INFO - H 7137  4625                    4.999998e+10 1226.32104   100%  74.6   16s
2025-02-10 22:05:29,894 - INFO -   9462  6695 4.4977e+10  102  208 5.0000e+10 1229.38591   100%  75.3   20s
2025-02-10 22:05:34,328 - INFO -  11092  8488 1.1367e+10   94  220 5.0000e+10 1229.44128   100%  75.0   25s
2025-02-10 22:05:39,128 - INFO -  14514 11609 4.9511e+08   55  258 5.0000e+10 1230.88014   100%  76.2   30s
2025-02-10 22:05:44,973 - INFO -  18169 14475 1276.52156   36  275 5.0000e+10 1231.75718   100%  74.9   36s
2025-02-10 22:05:47,993 - INFO - H20007 15157                    4.000000e+10 1231.93111   100%  74.9   39s
2025-02-10 22:05:49,241 - INFO -  20072 15149 2.5641e+10  124  229 4.0000e+10 1231.93111   100%  75.0   40s
2025-02-10 22:05:54,538 - INFO -  22944 18431 1280.72645   33  251 4.0000e+10 1232.69126   100%  74.1   45s
2025-02-10 22:05:55,563 - INFO - H24318 17616                    3.000000e+10 1232.86417   100%  74.0   46s
2025-02-10 22:05:59,480 - INFO -  27948 21140 1244.91973   25  283 3.0000e+10 1233.39027   100%  72.7   50s
2025-02-10 22:06:08,710 - INFO -  29021 21141 2.4369e+10   82  277 3.0000e+10 1233.48086   100%  72.1   59s
2025-02-10 22:06:09,200 - INFO -  29024 21143 1240.32341   21  301 3.0000e+10 1233.48086   100%  72.1   60s
2025-02-10 22:06:14,048 - INFO -  30664 22094 1250.76535   37  264 3.0000e+10 1233.48086   100%  72.8   65s
2025-02-10 22:06:15,010 - INFO - H31175 21232                    2.999999e+10 1233.48086   100%  73.0   66s
2025-02-10 22:06:17,657 - INFO - H31963 20624                    2.999998e+10 1233.48086   100%  73.4   68s
2025-02-10 22:06:17,658 - INFO - H31965 19670                    2.999998e+10 1233.48086   100%  73.4   68s
2025-02-10 22:06:18,262 - INFO - H32001 18772                    2.999998e+10 1233.48086   100%  73.4   69s
2025-02-10 22:06:19,161 - INFO -  32398 19091 8.1338e+09   48  231 3.0000e+10 1233.48086   100%  73.5   70s
2025-02-10 22:06:24,605 - INFO -  35695 20822 1.7428e+10   65  254 3.0000e+10 1233.48086   100%  74.4   75s
2025-02-10 22:06:24,606 - INFO - H35767 19937                    2.999997e+10 1233.48086   100%  74.5   75s
2025-02-10 22:06:29,294 - INFO -  38165 21287 1.7657e+10  119  196 3.0000e+10 1233.48086   100%  74.7   80s
2025-02-10 22:06:34,112 - INFO -  40247 22591 1272.57585   47  269 3.0000e+10 1233.48086   100%  74.3   85s
2025-02-10 22:06:39,873 - INFO -  43578 24685 2.3505e+10  110  234 3.0000e+10 1233.48086   100%  74.2   90s
2025-02-10 22:06:43,269 - INFO - H46588 24685                    2.999997e+10 1233.48086   100%  74.1   94s
2025-02-10 22:06:44,143 - INFO -  46602 25354 1.0947e+10   71  250 3.0000e+10 1233.48086   100%  74.1   95s
2025-02-10 22:06:49,058 - INFO -  50337 27232 9.5301e+08   48  248 3.0000e+10 1233.48086   100%  74.5  100s
2025-02-10 22:06:54,408 - INFO -  53796 28525 3.5342e+09   56  258 3.0000e+10 1233.48086   100%  75.2  105s
2025-02-10 22:07:00,529 - INFO -  58520 31362 infeasible   94      3.0000e+10 1233.62970   100%  74.8  111s
2025-02-10 22:07:04,493 - INFO -  61045 32584 1.1962e+10   79  232 3.0000e+10 1233.82167   100%  74.6  115s
2025-02-10 22:07:09,131 - INFO -  66371 35578 1.1565e+10   78  232 3.0000e+10 1234.40247   100%  74.0  120s
2025-02-10 22:07:14,450 - INFO -  72280 38895 4.9375e+09   73  256 3.0000e+10 1234.98920   100%  73.3  125s
2025-02-10 22:07:19,504 - INFO -  78092 42713 1.6661e+10   83  219 3.0000e+10 1235.41011   100%  72.8  130s
2025-02-10 22:07:24,542 - INFO -  83233 46990 infeasible  113      3.0000e+10 1235.65354   100%  72.6  135s
2025-02-10 22:07:28,983 - INFO -  90786 52632 1280.08704   47  239 3.0000e+10 1236.07892   100%  72.5  140s
2025-02-10 22:07:34,370 - INFO -  99313 60634 1.7339e+09   48  254 3.0000e+10 1236.43931   100%  71.9  145s
2025-02-10 22:07:39,310 - INFO -  107327 66399 4.8295e+09   83  253 3.0000e+10 1236.81196   100%  71.3  150s
2025-02-10 22:07:44,229 - INFO -  115908 74613 1305.56491   39  258 3.0000e+10 1237.17998   100%  70.8  155s
2025-02-10 22:07:48,996 - INFO -  125518 82459 1257.05063   35  263 3.0000e+10 1237.56827   100%  70.2  160s
2025-02-10 22:07:53,980 - INFO -  132174 88406 3.1717e+08   55  266 3.0000e+10 1237.79486   100%  70.1  165s
2025-02-10 22:07:59,097 - INFO -  141877 96882 1.6240e+10  105  257 3.0000e+10 1238.08371   100%  69.6  170s
2025-02-10 22:08:04,316 - INFO -  151682 104693 1257.57844   40  275 3.0000e+10 1238.35521   100%  69.1  175s
2025-02-10 22:08:09,187 - INFO -  161519 113514 2.8407e+08   57  268 3.0000e+10 1238.65329   100%  68.1  180s
2025-02-10 22:08:14,828 - INFO -  163437 120755 1309.71103   52  245 3.0000e+10 1238.69248   100%  68.1  185s
2025-02-10 22:08:19,178 - INFO -  175788 125653 1262.18048   44  277 3.0000e+10 1238.99680   100%  67.5  190s
2025-02-10 22:08:24,755 - INFO -  185401 133194 2.4836e+08   57  257 3.0000e+10 1239.26573   100%  67.4  195s
2025-02-10 22:08:29,782 - INFO -  195057 141434 1375.64427   56  254 3.0000e+10 1239.47807   100%  66.9  200s
2025-02-10 22:08:35,833 - INFO -  204677 149667 1.3152e+10   71  209 3.0000e+10 1239.67439   100%  66.4  206s
2025-02-10 22:08:39,007 - INFO -  210781 156068 8.0676e+09   61  267 3.0000e+10 1239.83077   100%  66.2  210s
2025-02-10 22:08:44,099 - INFO -  222066 166334 1.9879e+10   80  186 3.0000e+10 1240.03488   100%  65.6  215s
2025-02-10 22:08:49,285 - INFO -  233450 175182 1.7884e+10   68  234 3.0000e+10 1240.23483   100%  65.3  220s
2025-02-10 22:08:54,234 - INFO -  240592 181331 5.7575e+08   60  253 3.0000e+10 1240.34020   100%  65.2  225s
2025-02-10 22:08:59,525 - INFO -  251828 190317 2.0490e+10  119  241 3.0000e+10 1240.50590   100%  65.0  230s
2025-02-10 22:09:04,230 - INFO -  260900 198117 1271.09230   42  267 3.0000e+10 1240.65221   100%  64.9  235s
2025-02-10 22:09:08,973 - INFO -  270663 205837 1.0553e+10   60  248 3.0000e+10 1240.79529   100%  64.6  240s
2025-02-10 22:09:14,063 - INFO -  278643 212944 5.0696e+09   92  264 3.0000e+10 1240.88861   100%  64.7  245s
2025-02-10 22:09:14,819 - INFO - *281145 193607             104    2.000000e+10 1240.94194   100%  64.7  245s
2025-02-10 22:09:14,825 - INFO - *281150 193590             108    2.000000e+10 1240.94194   100%  64.7  245s
2025-02-10 22:09:19,073 - INFO -  288200 200114 2.8841e+09   65  254 2.0000e+10 1241.06908   100%  64.7  250s
2025-02-10 22:09:21,749 - INFO - H292231 202349                    2.000000e+10 1241.16006   100%  64.6  252s
2025-02-10 22:09:21,755 - INFO - H292233 202252                    2.000000e+10 1241.16006   100%  64.6  252s
2025-02-10 22:09:24,207 - INFO -  297921 207898 1.1623e+10   94  247 2.0000e+10 1241.23914   100%  64.4  255s
2025-02-10 22:09:26,403 - INFO - H300432 209166                    2.000000e+10 1241.25964   100%  64.4  257s
2025-02-10 22:09:26,409 - INFO - H300435 209154                    1.999999e+10 1241.25964   100%  64.4  257s
2025-02-10 22:09:29,000 - INFO -  306076 214310 1271.38505   47  275 2.0000e+10 1241.36180   100%  64.3  260s
2025-02-10 22:09:34,274 - INFO -  314450 221399 9.2431e+09  100  221 2.0000e+10 1241.48897   100%  64.3  265s
2025-02-10 22:09:39,303 - INFO -  323496 228441 1266.25665   48  275 2.0000e+10 1241.61783   100%  64.1  270s
2025-02-10 22:09:44,173 - INFO -  333350 237253 1299.34751   40  265 2.0000e+10 1241.76501   100%  64.0  275s
2025-02-10 22:09:49,016 - INFO -  339971 242412 1250.61750   36  251 2.0000e+10 1241.84480   100%  64.0  280s
2025-02-10 22:09:54,527 - INFO -  351234 251311 6.4924e+09   99  236 2.0000e+10 1242.00433   100%  64.0  285s
2025-02-10 22:09:59,102 - INFO -  358570 257262 1254.12936   33  265 2.0000e+10 1242.10386   100%  63.9  290s
2025-02-10 22:10:04,162 - INFO -  369690 267179 2.6060e+09   61  251 2.0000e+10 1242.25739   100%  63.7  295s
2025-02-10 22:10:09,519 - INFO -  370702 273725 1296.71364   54  260 2.0000e+10 1242.27152   100%  63.7  300s
2025-02-10 22:10:14,312 - INFO -  384778 279758 1268.52211   41  266 2.0000e+10 1242.45793   100%  63.6  305s
2025-02-10 22:10:19,200 - INFO -  395498 287675 1354.05641   56  235 2.0000e+10 1242.57768   100%  63.5  310s
2025-02-10 22:10:24,220 - INFO -  403408 294812 1251.87259   35  265 2.0000e+10 1242.66402   100%  63.4  315s
2025-02-10 22:10:30,020 - INFO -  413393 302517 1317.98858   52  266 2.0000e+10 1242.77636   100%  63.4  321s
2025-02-10 22:10:34,169 - INFO -  422217 310369 1272.24984   42  266 2.0000e+10 1242.89115   100%  63.3  325s
2025-02-10 22:10:39,049 - INFO -  429319 316142 1274.90790   44  282 2.0000e+10 1242.97595   100%  63.3  330s
2025-02-10 22:10:44,079 - INFO -  440613 325522 1.0433e+10   61  256 2.0000e+10 1243.11197   100%  63.2  335s
2025-02-10 22:10:48,992 - INFO -  450106 333310 1.9608e+07   52  262 2.0000e+10 1243.20018   100%  63.0  340s
2025-02-10 22:10:54,324 - INFO -  458506 340366 1316.55509   44  269 2.0000e+10 1243.29303   100%  62.8  345s
2025-02-10 22:10:59,968 - INFO -  467581 347050 8.8998e+08   58  268 2.0000e+10 1243.38017   100%  62.7  350s
2025-02-10 22:11:03,980 - INFO -  467601 347052 9.0781e+08   59  270 2.0000e+10 1243.38017   100%  62.7  355s
2025-02-10 22:11:12,989 - INFO -  474356 359148 9.7159e+09   59  242 2.0000e+10 1243.45125   100%  62.6  364s
2025-02-10 22:11:14,371 - INFO -  482419 360357 9.5551e+08   57  253 2.0000e+10 1243.53005   100%  62.6  365s
2025-02-10 22:11:19,064 - INFO -  492567 368472     cutoff  109      2.0000e+10 1243.62214   100%  62.4  370s
2025-02-10 22:11:24,242 - INFO -  501163 375569 1351.77544   43  252 2.0000e+10 1243.72512   100%  62.3  375s
2025-02-10 22:11:29,233 - INFO -  509843 382044 1266.60380   35  276 2.0000e+10 1243.80055   100%  62.1  380s
2025-02-10 22:11:35,237 - INFO -  520679 390913 1347.06515   53  228 2.0000e+10 1243.90105   100%  62.0  386s
2025-02-10 22:11:40,259 - INFO -  530103 398511 1301.60051   56  223 2.0000e+10 1243.98995   100%  61.8  391s
2025-02-10 22:11:44,175 - INFO -  538542 405719 6.9573e+08   51  257 2.0000e+10 1244.07458   100%  61.7  395s
2025-02-10 22:11:49,163 - INFO -  547215 413043 1.4404e+10   54  225 2.0000e+10 1244.14720   100%  61.6  400s
2025-02-10 22:11:54,054 - INFO -  557098 420814 4.5612e+09   70  232 2.0000e+10 1244.24035   100%  61.5  405s
2025-02-10 22:11:58,994 - INFO -  566079 429268 1306.32048   49  258 2.0000e+10 1244.32042   100%  61.3  410s
2025-02-10 22:12:04,438 - INFO -  577820 438017 9.4862e+09   93  244 2.0000e+10 1244.42118   100%  61.1  415s
2025-02-10 22:12:09,642 - INFO -  587294 445805 1258.52089   36  268 2.0000e+10 1244.51908   100%  61.0  420s
2025-02-10 22:12:14,346 - INFO -  595963 452762 6.8799e+09   46  257 2.0000e+10 1244.59050   100%  60.9  425s
2025-02-10 22:12:19,420 - INFO -  606061 461853 1300.09443   58  252 2.0000e+10 1244.67678   100%  60.8  430s
2025-02-10 22:12:24,022 - INFO -  616629 470199 7.4539e+09   73  227 2.0000e+10 1244.74836   100%  60.6  435s
2025-02-10 22:12:29,192 - INFO -  625628 477740 1286.89303   48  246 2.0000e+10 1244.81205   100%  60.4  440s
2025-02-10 22:12:34,247 - INFO -  635619 485640 9.4307e+09   79  238 2.0000e+10 1244.89341   100%  60.2  445s
2025-02-10 22:12:39,162 - INFO -  647521 495613 1375.95024   55  234 2.0000e+10 1244.99587   100%  59.9  450s
2025-02-10 22:12:44,216 - INFO -  659039 505869 1311.96544   56  239 2.0000e+10 1245.08355   100%  59.6  455s
2025-02-10 22:12:48,181 - INFO - H666869 511453                    1.999998e+10 1245.13663   100%  59.4  459s
2025-02-10 22:12:49,117 - INFO -  668369 513329 1.6053e+10   92  238 2.0000e+10 1245.15184   100%  59.4  460s
2025-02-10 22:12:54,270 - INFO -  678938 521715 2.4095e+09   62  258 2.0000e+10 1245.23103   100%  59.3  465s
2025-02-10 22:12:59,058 - INFO -  687882 528535 7.0859e+09   94  247 2.0000e+10 1245.28843   100%  59.2  470s
2025-02-10 22:13:04,287 - INFO -  698403 537030 1267.24322   36  264 2.0000e+10 1245.36635   100%  58.9  475s
2025-02-10 22:13:05,424 - INFO - H701129 432491                    1.000000e+10 1245.38178   100%  58.9  476s
2025-02-10 22:13:09,232 - INFO -  708165 438708 1263.46730   35  258 1.0000e+10 1245.45014   100%  58.8  480s
2025-02-10 22:13:14,495 - INFO -  718942 447077 1255.19996   41  275 1.0000e+10 1245.55088   100%  58.7  485s
2025-02-10 22:13:14,511 - INFO - H719223 446436                    1.000000e+10 1245.55088   100%  58.7  485s
2025-02-10 22:13:19,114 - INFO -  726518 453242 1267.63715   44  252 1.0000e+10 1245.61855   100%  58.6  490s
2025-02-10 22:13:24,228 - INFO -  733044 458344 1309.16265   50  245 1.0000e+10 1245.67851   100%  58.6  495s
2025-02-10 22:13:29,646 - INFO -  744570 466657 1294.94782   46  244 1.0000e+10 1245.78044   100%  58.5  500s
2025-02-10 22:13:31,669 - INFO - H747513 211081                    9.999999e+09 1245.80336   100%  58.4  502s
2025-02-10 22:13:31,729 - INFO - H747570 182353                    1416.0000000 1245.80336  12.0%  58.4  502s
2025-02-10 22:13:34,293 - INFO -  751895 185430 infeasible   47      1416.00000 1245.86984  12.0%  58.5  505s
2025-02-10 22:13:38,975 - INFO -  758043 188652 1245.96607   43  289 1416.00000 1245.96607  12.0%  58.6  510s
2025-02-10 22:13:44,045 - INFO -  760190 189672 1245.98444   42  283 1416.00000 1245.96607  12.0%  58.7  515s
2025-02-10 22:13:49,165 - INFO -  766634 192372     cutoff   83      1416.00000 1245.96607  12.0%  58.9  520s
2025-02-10 22:13:54,360 - INFO -  776782 195769 1311.93087   77  246 1416.00000 1245.96607  12.0%  59.2  525s
2025-02-10 22:13:59,370 - INFO -  786213 198935 1250.98404   42  276 1416.00000 1245.96607  12.0%  59.5  530s
2025-02-10 22:14:03,983 - INFO -  794821 201968 1245.96607   44  258 1416.00000 1245.96607  12.0%  59.8  535s
2025-02-10 22:14:09,259 - INFO -  804197 205027 1264.62014   53  271 1416.00000 1245.96607  12.0%  60.1  540s
2025-02-10 22:14:14,200 - INFO -  814257 208264 1333.33627   63  215 1416.00000 1245.96607  12.0%  60.4  545s
2025-02-10 22:14:19,217 - INFO -  822724 210645 1246.68241   48  283 1416.00000 1245.96607  12.0%  60.6  550s
2025-02-10 22:14:24,302 - INFO -  833128 213468 1267.25437   52  272 1416.00000 1245.96607  12.0%  60.9  555s
2025-02-10 22:14:29,233 - INFO -  843162 217052 1245.96607   42  285 1416.00000 1245.96607  12.0%  61.1  560s
2025-02-10 22:14:34,138 - INFO -  852609 220242 1349.83570   60  268 1416.00000 1245.96607  12.0%  61.4  565s
2025-02-10 22:14:39,040 - INFO -  862771 223077 1308.94248   49  275 1416.00000 1245.96607  12.0%  61.7  570s
2025-02-10 22:14:44,125 - INFO -  870755 225786 1270.75924   50  280 1416.00000 1245.96607  12.0%  61.9  575s
2025-02-10 22:14:49,084 - INFO -  881075 228536     cutoff   68      1416.00000 1245.96607  12.0%  62.1  580s
2025-02-10 22:14:54,452 - INFO -  891616 231383 1340.78119   65  243 1416.00000 1245.96607  12.0%  62.4  585s
2025-02-10 22:14:59,172 - INFO -  899301 233351 1246.96708   54  262 1416.00000 1245.96607  12.0%  62.5  590s
2025-02-10 22:15:04,554 - INFO -  908743 235946 1302.19138   60  252 1416.00000 1245.96607  12.0%  62.8  595s
2025-02-10 22:15:09,085 - INFO -  917430 238650     cutoff   86      1416.00000 1245.96607  12.0%  63.0  600s
2025-02-10 22:15:14,239 - INFO -  927699 241366 1273.90020   54  280 1416.00000 1245.96607  12.0%  63.2  605s
2025-02-10 22:15:19,043 - INFO -  936919 243736 1325.67172   55  258 1416.00000 1245.96607  12.0%  63.4  610s
2025-02-10 22:15:24,430 - INFO -  945903 246343 1338.13556   56  248 1416.00000 1245.96607  12.0%  63.7  615s
2025-02-10 22:15:29,037 - INFO -  953177 248391 1270.42729   53  227 1416.00000 1245.96607  12.0%  63.8  620s
2025-02-10 22:15:34,416 - INFO -  963917 251007 1284.38155   50  244 1416.00000 1245.96607  12.0%  64.1  625s
2025-02-10 22:15:39,263 - INFO -  973483 253815 1287.52594   61  277 1416.00000 1245.96607  12.0%  64.3  630s
2025-02-10 22:15:44,235 - INFO -  983170 256172 1259.20072   47  274 1416.00000 1246.16342  12.0%  64.5  635s
2025-02-10 22:15:49,007 - INFO -  992535 258927     cutoff   76      1416.00000 1246.35832  12.0%  64.7  640s
2025-02-10 22:15:54,462 - INFO -  1003083 261847 1327.02524   75  230 1416.00000 1246.59332  12.0%  64.9  645s
2025-02-10 22:15:59,001 - INFO -  1010732 263775 1267.75859   51  263 1416.00000 1246.73428  12.0%  65.0  650s
2025-02-10 22:16:04,184 - INFO -  1020917 266734 1277.04019   56  267 1416.00000 1246.94330  11.9%  65.2  655s
2025-02-10 22:16:09,285 - INFO -  1030649 269361 1288.85182   57  273 1416.00000 1247.11667  11.9%  65.4  660s
2025-02-10 22:16:14,182 - INFO -  1038950 271444 infeasible   73      1416.00000 1247.25300  11.9%  65.6  665s
2025-02-10 22:16:19,032 - INFO -  1048161 273885     cutoff   63      1416.00000 1247.40226  11.9%  65.8  670s
2025-02-10 22:16:24,216 - INFO -  1058748 276894 1261.73177   52  280 1416.00000 1247.60686  11.9%  65.9  675s
2025-02-10 22:16:29,190 - INFO -  1067399 279213 1309.95668   60  252 1416.00000 1247.74174  11.9%  66.1  680s
2025-02-10 22:16:33,980 - INFO -  1077171 281724 1262.50334   51  282 1416.00000 1247.90154  11.9%  66.2  685s
2025-02-10 22:16:39,293 - INFO -  1087207 284397 infeasible   60      1416.00000 1248.07142  11.9%  66.4  690s
2025-02-10 22:16:44,082 - INFO -  1096491 286888 1368.68395   67  232 1416.00000 1248.20157  11.9%  66.6  695s
2025-02-10 22:16:49,009 - INFO -  1106055 289087 1281.22167   50  247 1416.00000 1248.33631  11.8%  66.7  700s
2025-02-10 22:16:54,396 - INFO -  1116027 291630 1266.16662   52  279 1416.00000 1248.49482  11.8%  66.9  705s
2025-02-10 22:16:59,102 - INFO -  1125227 293983 1317.13123   65  261 1416.00000 1248.62593  11.8%  67.0  710s
2025-02-10 22:17:04,043 - INFO -  1135012 296531 1255.53581   49  288 1416.00000 1248.75916  11.8%  67.2  715s
2025-02-10 22:17:09,017 - INFO -  1143618 298589 1295.13728   61  262 1416.00000 1248.87768  11.8%  67.3  720s
2025-02-10 22:32:48,710 - INFO -  1150483 300745 1322.58929   70  271 1416.00000 1248.97397  11.8%  67.4 1659s
2025-02-10 22:32:49,294 - INFO -  1151771 301008 1327.55203   56  251 1416.00000 1248.99198  11.8%  67.4 1660s
2025-02-10 22:32:54,120 - INFO -  1160603 303261 1261.08037   52  255 1416.00000 1249.10173  11.8%  67.5 1665s
2025-02-10 22:32:59,115 - INFO -  1170005 305571 1289.63266   56  265 1416.00000 1249.23239  11.8%  67.7 1670s
2025-02-10 22:33:04,241 - INFO -  1180448 307935 1294.02225   54  248 1416.00000 1249.36841  11.8%  67.8 1675s
2025-02-10 22:33:09,042 - INFO -  1190141 310564 1263.33010   48  248 1416.00000 1249.49988  11.8%  68.0 1680s
2025-02-10 22:33:14,486 - INFO -  1200382 312902 1303.15142   58  281 1416.00000 1249.63297  11.7%  68.1 1685s
2025-02-10 22:33:19,076 - INFO -  1209473 315761 1375.57596   82  259 1416.00000 1249.74448  11.7%  68.2 1690s
2025-02-10 22:33:24,203 - INFO -  1220337 318526 1353.81129   75  267 1416.00000 1249.88491  11.7%  68.4 1695s
2025-02-10 22:33:28,983 - INFO -  1231262 321141 1292.49328   62  262 1416.00000 1250.01111  11.7%  68.5 1700s
2025-02-10 22:33:34,447 - INFO -  1242552 323821 1268.84199   53  270 1416.00000 1250.14029  11.7%  68.7 1705s
2025-02-10 22:33:39,280 - INFO -  1253157 326722 1258.14744   49  281 1416.00000 1250.25163  11.7%  68.8 1710s
2025-02-10 22:33:44,053 - INFO -  1263028 328956 1305.94739   57  280 1416.00000 1250.35593  11.7%  68.9 1715s
2025-02-10 22:33:49,217 - INFO -  1274314 332072 1304.85591   61  253 1416.00000 1250.48579  11.7%  69.1 1720s
2025-02-10 22:33:54,109 - INFO -  1284979 334594 1338.77847   69  255 1416.00000 1250.60413  11.7%  69.2 1725s
2025-02-10 22:50:37,040 - INFO -  1292059 336180 1278.48880   56  274 1416.00000 1250.68080  11.7%  69.3 2728s
2025-02-10 22:50:39,446 - INFO -  1296176 337092 1371.64735   73  269 1416.00000 1250.71088  11.7%  69.3 2730s
2025-02-10 23:07:05,185 - INFO -  1302173 337947 1257.46086   47  278 1416.00000 1250.77207  11.7%  69.4 3716s
2025-02-10 23:07:09,214 - INFO -  1309645 339881 1303.18771   67  243 1416.00000 1250.85249  11.7%  69.5 3720s
2025-02-10 23:23:22,430 - INFO -  1312158 340713 1298.71333   62  231 1416.00000 1250.87649  11.7%  69.6 4693s
2025-02-10 23:23:24,054 - INFO -  1315462 341364 1341.13883   65  257 1416.00000 1250.90877  11.7%  69.6 4695s
2025-02-10 23:39:05,826 - INFO -  1321612 342699     cutoff   64      1416.00000 1250.96666  11.7%  69.7 5636s
2025-02-10 23:39:09,246 - INFO -  1328679 345778     cutoff   79      1416.00000 1251.04002  11.6%  69.8 5640s
2025-02-10 23:54:39,860 - INFO -  1331829 347655 1307.95423   58  275 1416.00000 1251.07214  11.6%  69.8 6570s
2025-02-10 23:54:44,437 - INFO -  1341247 352837 1307.71161   66  264 1416.00000 1251.17009  11.6%  69.9 6575s
2025-02-10 23:55:27,359 - INFO -  1350442 358169 1320.33516   64  267 1416.00000 1251.25361  11.6%  70.0 6618s
2025-02-10 23:55:29,114 - INFO -  1354494 360486 1278.06804   50  279 1416.00000 1251.29520  11.6%  70.1 6620s
2025-02-11 00:13:30,823 - INFO -  1361672 364020 1309.67473   74  246 1416.00000 1251.36305  11.6%  70.2 7701s
2025-02-11 00:13:30,827 - INFO - 
2025-02-11 00:13:30,827 - INFO - Cutting planes:
2025-02-11 00:13:30,827 - INFO -   Clique: 3
2025-02-11 00:13:30,828 - INFO -   Flow cover: 1
2025-02-11 00:13:30,828 - INFO -   Zero half: 11
2025-02-11 00:13:30,830 - INFO - 
2025-02-11 00:13:30,830 - INFO - Explored 1361852 nodes (95575042 simplex iterations) in 7701.86 seconds (2051.92 work units)
2025-02-11 00:13:30,831 - INFO - Thread count was 8 (of 8 available processors)
2025-02-11 00:13:30,831 - INFO - 
2025-02-11 00:13:30,832 - INFO - Solution count 10: 1416 1e+10 1e+10 ... 2e+10
2025-02-11 00:13:30,833 - INFO - 
2025-02-11 00:13:30,834 - INFO - Time limit reached
2025-02-11 00:13:30,835 - INFO - Best objective 1.416000000000e+03, best bound 1.252000000000e+03, gap 11.5819%
