2025-02-12 07:21:49,344 - INFO - 	count	z_opt	time_spp	time_lp	time_total	ncols	nrows	time_spp_low_res	n_cols_low_res
2025-02-12 07:21:50,588 - INFO - 	1	3120000000006.0	0	0.00020813941955566406	1.2444078922271729	323	573	1.0995957851409912	3
2025-02-12 07:21:51,701 - INFO - 	2	3120000000006.0	0	0.0003743171691894531	2.356745958328247	326	573	2.0637588500976562	6
2025-02-12 07:21:52,809 - INFO - 	3	3050000000008.0	0	0.0006473064422607422	3.4652481079101562	329	573	3.0245697498321533	9
2025-02-12 07:21:53,913 - INFO - 	4	2980000000016.0	0	0.0009202957153320312	4.569274425506592	332	573	3.981226921081543	12
2025-02-12 07:21:55,079 - INFO - 	5	2840000000038.0	0	0.0010762214660644531	5.735220432281494	335	573	5.002198219299316	15
2025-02-12 07:21:56,167 - INFO - 	6	2840000000038.0	0	0.0012993812561035156	6.822409391403198	338	573	5.943475246429443	18
2025-02-12 07:21:57,311 - INFO - 	7	2815000000044.5	0	0.0016314983367919922	7.967180013656616	341	573	6.942495346069336	21
2025-02-12 07:21:58,393 - INFO - 	8	2803333333376.3325	0	0.0019505023956298828	9.0487699508667	344	573	7.878707647323608	24
2025-02-12 07:21:59,478 - INFO - 	9	2785000000045.5	0	0.002265453338623047	10.133471012115479	347	573	8.818048477172852	27
2025-02-12 07:22:00,654 - INFO - 	10	2670000000059.0	0	0.0025703907012939453	11.309510231018066	350	573	9.847566366195679	30
2025-02-12 07:22:01,755 - INFO - 	11	2670000000059.0	0	0.002946138381958008	12.41024136543274	353	573	10.802088737487793	33
2025-02-12 07:22:02,851 - INFO - 	12	2670000000059.0	0	0.0032567977905273438	13.506606578826904	356	573	11.752004146575928	36
2025-02-12 07:22:04,050 - INFO - 	13	2670000000059.0	0	0.0036089420318603516	14.704798460006714	359	573	12.804163455963135	39
2025-02-12 07:22:05,127 - INFO - 	14	2665000000060.0	0	0.003942966461181641	15.781539678573608	362	573	13.736151456832886	42
2025-02-12 07:22:06,223 - INFO - 	15	2665000000060.0	0	0.004281759262084961	16.87814950942993	365	573	14.685834169387817	45
2025-02-12 07:22:07,319 - INFO - 	16	2620000000073.0	0	0.004657745361328125	17.973989486694336	368	573	15.636597156524658	48
2025-02-12 07:22:08,486 - INFO - 	17	2620000000069.5	0	0.005041837692260742	19.1406192779541	371	573	16.652263879776	51
2025-02-12 07:22:09,554 - INFO - 	18	2620000000069.5	0	0.0054128170013427734	20.208142280578613	374	573	17.57403802871704	54
2025-02-12 07:22:10,719 - INFO - 	19	2570000000079.0	0	0.005743741989135742	21.37381339073181	377	573	18.594023942947388	57
2025-02-12 07:22:11,788 - INFO - 	20	2570000000079.0	0	0.0061187744140625	22.442692279815674	380	573	19.51705288887024	60
2025-02-12 07:22:12,857 - INFO - 	21	2570000000079.0	0	0.0064697265625	23.511624097824097	383	573	20.44054675102234	63
2025-02-12 07:22:14,008 - INFO - 	22	2556666666755.001	0	0.006829738616943359	24.662671089172363	386	573	21.44586157798767	66
2025-02-12 07:22:15,057 - INFO - 	23	2460000000099.0	0	0.007170677185058594	25.711517333984375	389	573	22.34947943687439	69
2025-02-12 07:22:16,178 - INFO - 	24	2460000000099.0	0	0.007500886917114258	26.831839561462402	392	573	23.324265718460083	72
2025-02-12 07:22:17,242 - INFO - 	25	2440000000104.335	0	0.007973670959472656	27.895710706710815	395	573	24.241788625717163	75
2025-02-12 07:22:18,287 - INFO - 	26	2430000000113.0	0	0.00844264030456543	28.941247701644897	398	573	25.14290142059326	78
2025-02-12 07:22:19,435 - INFO - 	27	2417142857254.4287	0	0.008980751037597656	30.088327646255493	401	573	26.143439769744873	81
2025-02-12 07:22:20,477 - INFO - 	28	2365000000125.25	0	0.009554624557495117	31.130919456481934	404	573	27.04019284248352	84
2025-02-12 07:22:21,606 - INFO - 	29	2365000000125.25	0	0.009907722473144531	32.2598774433136	407	573	28.02403998374939	87
2025-02-12 07:22:22,653 - INFO - 	30	2330000000125.0	0	0.010339498519897461	33.30670356750488	410	573	28.92522931098938	90
2025-02-12 07:22:23,698 - INFO - 	31	2295000000133.75	0	0.010899543762207031	34.351266622543335	413	573	29.8233642578125	93
2025-02-12 07:22:24,745 - INFO - 	32	2275000000132.0	0	0.011440753936767578	35.39841651916504	416	573	30.72424340248108	96
2025-02-12 07:22:25,874 - INFO - 	33	2240000000145.0	0	0.012041807174682617	36.52718472480774	419	573	31.707414388656616	99
2025-02-12 07:22:26,916 - INFO - 	34	2193333333488.6667	0	0.012543678283691406	37.56898379325867	422	573	32.60136437416077	102
2025-02-12 07:22:27,999 - INFO - 	35	2166666666825.3333	0	0.013047456741333008	38.6523175239563	425	573	33.54030966758728	105
2025-02-12 07:22:29,051 - INFO - 	36	2166666666825.3333	0	0.013814449310302734	39.70367646217346	428	573	34.4468355178833	108
2025-02-12 07:22:30,127 - INFO - 	37	2155000000160.25	0	0.014380455017089844	40.77977728843689	431	573	35.37711262702942	111
2025-02-12 07:22:31,156 - INFO - 	38	2142500000162.25	0	0.014841556549072266	41.8085253238678	434	573	36.25957775115967	114
2025-02-12 07:22:32,252 - INFO - 	39	2135000000162.25	0	0.01551961898803711	42.904765367507935	437	573	37.20958924293518	117
2025-02-12 07:22:33,313 - INFO - 	40	2095000000168.5	0	0.016287565231323242	43.96586346626282	440	573	38.1256787776947	120
2025-02-12 07:22:34,431 - INFO - 	41	2082500000173.0	0	0.01695847511291504	45.08349347114563	443	573	39.0980589389801	123
2025-02-12 07:22:35,473 - INFO - 	42	2082000000172.1997	0	0.017553329467773438	46.12515950202942	446	573	39.99336314201355	126
2025-02-12 07:22:36,513 - INFO - 	43	2070000000175.5	0	0.01843547821044922	47.165231466293335	449	573	40.888861894607544	129
2025-02-12 07:22:37,585 - INFO - 	44	2045000000180.0	0	0.018973588943481445	48.237117528915405	452	573	41.815409898757935	132
2025-02-12 07:22:38,693 - INFO - 	45	2040000000180.6667	0	0.019826412200927734	49.34514832496643	455	573	42.777533531188965	135
2025-02-12 07:22:39,734 - INFO - 	46	2023333333516.3335	0	0.020537376403808594	50.385836124420166	458	573	43.67308187484741	138
2025-02-12 07:22:40,761 - INFO - 	47	2021764706066.7058	0	0.021468162536621094	51.41244912147522	461	573	44.55554008483887	141
2025-02-12 07:22:41,938 - INFO - 	48	1997500000192.25	0	0.02299022674560547	52.58937335014343	464	573	45.58622717857361	144
2025-02-12 07:22:43,005 - INFO - 	49	1986666666865.5908	0	0.024483203887939453	53.656819343566895	467	573	46.507731199264526	147
2025-02-12 07:22:44,108 - INFO - 	50	1986500000198.8503	0	0.025089025497436523	54.75900149345398	470	573	47.463990211486816	150
2025-02-12 07:22:45,278 - INFO - 	51	1960714285924.571	0	0.02612924575805664	55.92957067489624	473	573	48.48923420906067	153
2025-02-12 07:22:46,337 - INFO - 	52	1923333333547.0833	0	0.02675342559814453	56.98807883262634	476	573	49.4020791053772	156
2025-02-12 07:22:47,380 - INFO - 	53	1900000000225.0	0	0.027506351470947266	58.031341791152954	479	573	50.30042314529419	159
2025-02-12 07:22:48,472 - INFO - 	54	1850000000227.0	0	0.027759313583374023	59.123533964157104	482	573	51.247812271118164	162
2025-02-12 07:22:49,491 - INFO - 	55	1850000000227.0	0	0.02829146385192871	60.1422700881958	485	573	52.12161636352539	165
2025-02-12 07:22:50,605 - INFO - 	56	1850000000227.0	0	0.02913355827331543	61.256020069122314	488	573	53.09035897254944	168
2025-02-12 07:22:51,653 - INFO - 	57	1841538461773.5376	0	0.030119657516479492	62.30415630340576	491	573	53.9936728477478	171
2025-02-12 07:22:52,729 - INFO - 	58	1790000000247.0	0	0.0310513973236084	63.38005208969116	494	573	54.92416834831238	174
2025-02-12 07:22:53,765 - INFO - 	59	1785000000248.75	0	0.032257080078125	64.41582727432251	497	573	55.814127683639526	177
2025-02-12 07:22:54,928 - INFO - 	60	1784800000251.7598	0	0.03345298767089844	65.57856321334839	500	573	56.830655574798584	180
2025-02-12 07:22:56,010 - INFO - 	61	1784800000250.9597	0	0.0344851016998291	66.66065430641174	503	573	57.768035650253296	183
2025-02-12 07:22:57,165 - INFO - 	62	1784285714535.5713	0	0.03566312789916992	67.81496024131775	506	573	58.776896238327026	186
2025-02-12 07:22:58,244 - INFO - 	63	1781428571678.9993	0	0.03657031059265137	68.8942883014679	509	573	59.711782455444336	189
2025-02-12 07:22:59,306 - INFO - 	64	1761250000263.125	0	0.03838706016540527	69.95595741271973	512	573	60.62801814079285	192
2025-02-12 07:23:00,428 - INFO - 	65	1738571428843.999	0	0.03901410102844238	71.07785034179688	515	573	61.605656147003174	195
2025-02-12 07:23:01,452 - INFO - 	66	1731666666940.7512	0	0.039826154708862305	72.10158634185791	518	573	62.484833002090454	198
2025-02-12 07:23:02,499 - INFO - 	67	1727437722695.555	0	0.04094815254211426	73.14886045455933	521	573	63.38625121116638	201
2025-02-12 07:23:03,571 - INFO - 	68	1701666666958.8337	0	0.04244828224182129	74.22062730789185	524	573	64.31130051612854	204
2025-02-12 07:23:04,564 - INFO - 	69	1692142857433.9993	0	0.04498124122619629	75.21328091621399	527	573	65.15701842308044	207
2025-02-12 07:23:05,610 - INFO - 	70	1684166666961.7505	0	0.04605245590209961	76.25928807258606	530	573	66.05756330490112	210
2025-02-12 07:23:06,688 - INFO - 	71	1684166666961.7498	0	0.04717135429382324	77.33780121803284	533	573	66.99037528038025	213
2025-02-12 07:23:07,715 - INFO - 	72	1682978723700.4888	0	0.04895949363708496	78.36453533172607	536	573	67.87161087989807	216
2025-02-12 07:23:08,731 - INFO - 	73	1682978723700.4888	0	0.04997372627258301	79.38042426109314	539	573	68.74194383621216	219
2025-02-12 07:23:09,824 - INFO - 	74	1669333333646.3333	0	0.05144762992858887	80.47352004051208	542	573	69.68918013572693	222
2025-02-12 07:23:10,835 - INFO - 	75	1628000000318.5706	0	0.0525975227355957	81.48396301269531	545	573	70.55507206916809	225
2025-02-12 07:23:11,881 - INFO - 	76	1611481481804.0542	0	0.0539708137512207	82.53006601333618	548	573	71.45594811439514	228
2025-02-12 07:23:12,972 - INFO - 	77	1609000000325.6995	0	0.05622673034667969	83.62037897109985	551	573	72.39930725097656	231
2025-02-12 07:23:14,000 - INFO - 	78	1600000000335.5007	0	0.05748891830444336	84.64862585067749	554	573	73.28213906288147	234
2025-02-12 07:23:15,091 - INFO - 	79	1561000000341.0994	0	0.059033870697021484	85.7393958568573	557	573	74.22694635391235	237
2025-02-12 07:23:16,082 - INFO - 	80	1557000000341.199	0	0.061847686767578125	86.73077273368835	560	573	75.07146310806274	240
2025-02-12 07:23:17,097 - INFO - 	81	1546441718139.926	0	0.06496787071228027	87.74583959579468	563	573	75.93962740898132	243
2025-02-12 07:23:18,192 - INFO - 	82	1545714286064.6736	0	0.0689840316772461	88.84054660797119	566	573	76.8872754573822	246
2025-02-12 07:23:19,228 - INFO - 	83	1544625850693.443	0	0.06998491287231445	89.87674069404602	569	573	77.77900218963623	249
2025-02-12 07:23:20,253 - INFO - 	84	1525384615740.4607	0	0.07181882858276367	90.90147876739502	572	573	78.65796256065369	252
2025-02-12 07:23:21,360 - INFO - 	85	1521428571784.4072	0	0.07572174072265625	92.00793552398682	575	573	79.6171567440033	255
2025-02-12 07:23:22,361 - INFO - 	86	1501974596205.399	0	0.07880687713623047	93.00906872749329	578	573	80.47151565551758	258
2025-02-12 07:23:23,436 - INFO - 	87	1487611607505.2668	0	0.08036088943481445	94.08418393135071	581	573	81.40083765983582	261
2025-02-12 07:23:24,450 - INFO - 	88	1466666667034.143	0	0.08463501930236816	95.09765815734863	584	573	82.26753044128418	264
2025-02-12 07:23:25,508 - INFO - 	89	1465106383348.5752	0	0.08846712112426758	96.15566849708557	587	573	83.17776679992676	267
2025-02-12 07:23:26,611 - INFO - 	90	1457267628576.9583	0	0.09258222579956055	97.258629322052	590	573	84.13304805755615	270
2025-02-12 07:23:27,643 - INFO - 	91	1454065041023.199	0	0.09535408020019531	98.29004240036011	593	573	85.01725506782532	273
2025-02-12 07:23:28,656 - INFO - 	92	1447302490574.362	0	0.09946513175964355	99.30291223526001	596	573	85.88253378868103	276
2025-02-12 07:23:29,767 - INFO - 	93	1432173913420.4473	0	0.10286116600036621	100.41478729248047	599	573	86.84706163406372	279
2025-02-12 07:23:30,794 - INFO - 	94	1404380952760.685	0	0.10593628883361816	101.44163537025452	602	573	87.72664546966553	282
2025-02-12 07:23:31,814 - INFO - 	95	1392162162543.7432	0	0.1116032600402832	102.46091818809509	605	573	88.59579491615295	285
2025-02-12 07:23:32,920 - INFO - 	96	1390836673725.0574	0	0.11551046371459961	103.56659030914307	608	573	89.55462145805359	288
2025-02-12 07:23:33,930 - INFO - 	97	1386125541510.11	0	0.11889410018920898	104.57737421989441	611	573	90.41822099685669	291
2025-02-12 07:23:35,022 - INFO - 	98	1379830508865.5085	0	0.12399101257324219	105.66929221153259	614	573	91.36204814910889	294
2025-02-12 07:23:36,021 - INFO - 	99	1367151163183.9138	0	0.12551188468933105	106.66786217689514	617	573	92.21511936187744	297
2025-02-12 07:23:37,053 - INFO - 	100	1344168894038.5554	0	0.13072896003723145	107.69917130470276	620	573	93.09779620170593	300
2025-02-12 07:23:38,177 - INFO - 	101	1344168894038.1658	0	0.1321399211883545	108.8232536315918	623	573	94.07675242424011	303
2025-02-12 07:23:39,235 - INFO - 	102	1343767123686.081	0	0.13351202011108398	109.88120555877686	626	573	94.99047636985779	306
2025-02-12 07:23:40,284 - INFO - 	103	1332482054675.5103	0	0.13684606552124023	110.93068170547485	629	573	95.89367055892944	309
2025-02-12 07:23:41,360 - INFO - 	104	1313018868325.7166	0	0.14120078086853027	112.00660371780396	632	573	96.82178378105164	312
2025-02-12 07:23:42,337 - INFO - 	105	1293001004575.279	0	0.14534687995910645	112.98359084129333	635	573	97.6517698764801	315
2025-02-12 07:23:43,347 - INFO - 	106	1281529563407.877	0	0.15278172492980957	113.9926438331604	638	573	98.51021265983582	318
2025-02-12 07:23:44,447 - INFO - 	107	1272199257284.566	0	0.16011381149291992	115.09320402145386	641	573	99.46026277542114	321
2025-02-12 07:23:45,475 - INFO - 	108	1235977105935.348	0	0.16393065452575684	116.12080001831055	644	573	100.33959317207336	324
2025-02-12 07:23:46,530 - INFO - 	109	1231744756386.1619	0	0.17282366752624512	117.17613124847412	647	573	101.24195599555969	327
2025-02-12 07:23:47,526 - INFO - 	110	1213041820194.0967	0	0.1781766414642334	118.17151951789856	650	573	102.0897536277771	330
2025-02-12 07:23:48,518 - INFO - 	111	1197831377552.8186	0	0.1854245662689209	119.16381645202637	653	573	102.93213748931885	333
2025-02-12 07:23:49,617 - INFO - 	112	1190504293618.4348	0	0.19197869300842285	120.26277041435242	656	573	103.88163161277771	336
2025-02-12 07:23:50,685 - INFO - 	113	1171570424035.9834	0	0.1977555751800537	121.33024334907532	659	573	104.80015540122986	339
2025-02-12 07:23:51,684 - INFO - 	114	1147526814374.714	0	0.20615458488464355	122.32877445220947	662	573	105.6474027633667	342
2025-02-12 07:23:52,772 - INFO - 	115	1138635646455.9539	0	0.2101306915283203	123.41669249534607	665	573	106.5872061252594	345
2025-02-12 07:23:53,759 - INFO - 	116	1133714478016.6675	0	0.2130718231201172	124.40368747711182	668	573	107.4285032749176	348
2025-02-12 07:23:54,845 - INFO - 	117	1128648831220.0632	0	0.22302794456481934	125.49023056030273	671	573	108.36129236221313	351
2025-02-12 07:23:55,872 - INFO - 	118	1128648831220.063	0	0.22782492637634277	126.51655268669128	674	573	109.24070405960083	354
2025-02-12 07:23:56,901 - INFO - 	119	1116818182336.2925	0	0.23102378845214844	127.5462486743927	677	573	110.12422108650208	357
2025-02-12 07:23:57,984 - INFO - 	120	1098862613818.8417	0	0.23901844024658203	128.62855458259583	680	573	111.0555169582367	360
2025-02-12 07:23:59,005 - INFO - 	121	1089279324605.6711	0	0.2480325698852539	129.6495726108551	683	573	111.92428803443909	363
2025-02-12 07:24:00,092 - INFO - 	122	1083909197693.1943	0	0.25449657440185547	130.7363042831421	686	573	112.86262106895447	366
2025-02-12 07:24:01,080 - INFO - 	123	1077937776217.5355	0	0.26170778274536133	131.72483110427856	689	573	113.6999351978302	369
2025-02-12 07:24:02,046 - INFO - 	124	1071874692962.1562	0	0.269350528717041	132.69061398506165	692	573	114.51533627510071	372
2025-02-12 07:24:03,079 - INFO - 	125	1069518483824.9032	0	0.27540159225463867	133.72284579277039	695	573	115.39859342575073	375
2025-02-12 07:24:04,058 - INFO - 	126	1065881309907.5312	0	0.2905614376068115	134.7017138004303	698	573	116.22011923789978	378
2025-02-12 07:24:05,093 - INFO - 	127	1063014473855.5835	0	0.2990543842315674	135.73665070533752	701	573	117.1041054725647	381
2025-02-12 07:24:06,170 - INFO - 	128	1056267548708.4099	0	0.3068501949310303	136.81422448158264	704	573	118.03057861328125	384
2025-02-12 07:24:07,147 - INFO - 	129	1049530683767.1958	0	0.31537914276123047	137.79062223434448	707	573	118.85532593727112	387
2025-02-12 07:24:08,231 - INFO - 	130	1043499168706.9502	0	0.3214762210845947	138.87459707260132	710	573	119.79094409942627	390
2025-02-12 07:24:09,202 - INFO - 	131	1034506844483.0474	0	0.3238062858581543	139.84524989128113	713	573	120.6161630153656	393
2025-02-12 07:24:10,203 - INFO - 	132	1020561831779.7784	0	0.33274245262145996	140.84667372703552	716	573	121.46606969833374	396
2025-02-12 07:24:11,271 - INFO - 	133	1017535627172.1522	0	0.3427305221557617	141.91451358795166	719	573	122.38107371330261	399
2025-02-12 07:24:12,310 - INFO - 	134	1016853554000.8789	0	0.35157155990600586	142.95368146896362	722	573	123.26824975013733	402
2025-02-12 07:24:13,306 - INFO - 	135	1013404528593.2701	0	0.36179542541503906	143.94915628433228	725	573	124.11177062988281	405
2025-02-12 07:24:14,378 - INFO - 	136	992753077319.9609	0	0.3714101314544678	145.0213303565979	728	573	125.03257608413696	408
2025-02-12 07:24:15,362 - INFO - 	137	988916872265.0479	0	0.3819429874420166	146.00550937652588	731	573	125.86321115493774	411
2025-02-12 07:24:16,354 - INFO - 	138	975218595358.5303	0	0.3929769992828369	146.99651050567627	734	573	126.69986057281494	414
2025-02-12 07:24:17,331 - INFO - 	139	945081079792.6176	0	0.4002249240875244	147.97376418113708	737	573	127.52647733688354	417
2025-02-12 07:24:18,366 - INFO - 	140	936187728233.4282	0	0.40868282318115234	149.00901913642883	740	573	128.4103672504425	420
2025-02-12 07:24:19,341 - INFO - 	141	930330499664.5109	0	0.41770362854003906	149.98401618003845	743	573	129.2333209514618	423
2025-02-12 07:24:20,371 - INFO - 	142	921427265592.1791	0	0.4264347553253174	151.01361513137817	746	573	130.11138677597046	426
2025-02-12 07:24:21,302 - INFO - 	143	921116201342.6476	0	0.4321439266204834	151.94420099258423	749	573	130.89341807365417	429
2025-02-12 07:24:22,232 - INFO - 	144	910628553045.5427	0	0.4434328079223633	152.87461686134338	752	573	131.67017340660095	432
2025-02-12 07:24:23,256 - INFO - 	145	906128451432.0223	0	0.45381855964660645	153.8985869884491	755	573	132.54142236709595	435
2025-02-12 07:24:24,213 - INFO - 	146	903893732153.2397	0	0.46359968185424805	154.85493326187134	758	573	133.34517240524292	438
2025-02-12 07:24:25,145 - INFO - 	147	894245789174.8976	0	0.47077274322509766	155.78726935386658	761	573	134.12749934196472	441
2025-02-12 07:24:26,138 - INFO - 	148	894038787858.2906	0	0.4802374839782715	156.78008818626404	764	573	134.96841049194336	444
2025-02-12 07:24:27,217 - INFO - 	149	885508854478.0923	0	0.4905986785888672	157.85929822921753	767	573	135.8942425251007	447
2025-02-12 07:24:28,172 - INFO - 	150	879800068853.6852	0	0.49665355682373047	158.81430435180664	770	573	136.70067763328552	450
2025-02-12 07:24:29,202 - INFO - 	151	875374173157.1396	0	0.5086064338684082	159.84347939491272	773	573	137.57529401779175	453
2025-02-12 07:24:30,238 - INFO - 	152	863130809223.7363	0	0.5180883407592773	160.8801462650299	776	573	138.45961618423462	456
2025-02-12 07:24:31,295 - INFO - 	153	859430048946.006	0	0.5295023918151855	161.9364230632782	779	573	139.36140036582947	459
2025-02-12 07:24:32,298 - INFO - 	154	854213666761.0969	0	0.5404143333435059	162.9394199848175	782	573	140.21016430854797	462
2025-02-12 07:24:33,363 - INFO - 	155	842712724151.5171	0	0.5462594032287598	164.0047037601471	785	573	141.12659978866577	465
2025-02-12 07:24:34,353 - INFO - 	156	833746024502.7424	0	0.5574436187744141	164.99426364898682	788	573	141.9624466896057	468
2025-02-12 07:24:35,343 - INFO - 	157	833746024502.7426	0	0.5643026828765869	165.9843888282776	791	573	142.80271291732788	471
2025-02-12 07:24:36,421 - INFO - 	158	826890916750.6456	0	0.5763938426971436	167.06204557418823	794	573	143.72592067718506	474
2025-02-12 07:24:37,389 - INFO - 	159	826890916750.6456	0	0.584913969039917	168.03024458885193	797	573	144.54247045516968	477
2025-02-12 07:24:38,352 - INFO - 	160	822667253157.4441	0	0.5903668403625488	168.9930136203766	800	573	145.3576352596283	480
2025-02-12 07:24:39,393 - INFO - 	161	817178048117.8037	0	0.6012728214263916	170.0341935157776	803	573	146.24579668045044	483
2025-02-12 07:24:40,471 - INFO - 	162	801680764622.8125	0	0.6124539375305176	171.1111924648285	806	573	147.1693136692047	486
2025-02-12 07:24:41,448 - INFO - 	163	799842564338.7109	0	0.6255450248718262	172.08876371383667	809	573	147.9906189441681	489
2025-02-12 07:24:42,493 - INFO - 	164	782190823495.7926	0	0.6394221782684326	173.13391995429993	812	573	148.87888407707214	492
2025-02-12 07:24:43,478 - INFO - 	165	778480474669.3795	0	0.6431009769439697	174.11840105056763	815	573	149.71730422973633	495
2025-02-12 07:24:44,459 - INFO - 	166	778415376790.0221	0	0.654059886932373	175.09965324401855	818	573	150.5442898273468	498
2025-02-12 07:24:45,536 - INFO - 	167	761649044923.8756	0	0.6648139953613281	176.17630529403687	821	573	151.46713590621948	501
2025-02-12 07:24:46,486 - INFO - 	168	744964790757.3662	0	0.6794757843017578	177.12604427337646	824	573	152.26003789901733	504
2025-02-12 07:24:47,464 - INFO - 	169	729749479479.6274	0	0.694329023361206	178.10438132286072	827	573	153.08027482032776	507
2025-02-12 07:24:48,492 - INFO - 	170	725183787940.5167	0	0.70908522605896	179.13143229484558	830	573	153.9498472213745	510
2025-02-12 07:24:49,435 - INFO - 	171	718928975471.2932	0	0.7232491970062256	180.07446455955505	833	573	154.73586702346802	513
2025-02-12 07:24:50,417 - INFO - 	172	716998282070.4962	0	0.7331013679504395	181.05643033981323	836	573	155.56503653526306	516
2025-02-12 07:24:51,392 - INFO - 	173	711696984626.5828	0	0.7470393180847168	182.03196716308594	839	573	156.3829333782196	519
2025-02-12 07:24:52,403 - INFO - 	174	707430774760.0638	0	0.7611141204833984	183.0430202484131	842	573	157.2364320755005	522
2025-02-12 07:24:53,409 - INFO - 	175	707428060434.4614	0	0.774165153503418	184.04802322387695	845	573	158.08508205413818	525
2025-02-12 07:24:54,410 - INFO - 	176	698083520031.0015	0	0.7872672080993652	185.04969930648804	848	573	158.93083143234253	528
2025-02-12 07:24:55,492 - INFO - 	177	690030353861.1786	0	0.8011353015899658	186.13087439537048	851	573	159.85566544532776	531
2025-02-12 07:24:56,514 - INFO - 	178	688807776018.6777	0	0.8209514617919922	187.15285778045654	854	573	160.71461486816406	534
2025-02-12 07:24:57,565 - INFO - 	179	686763211776.6554	0	0.8394334316253662	188.20360779762268	857	573	161.6040689945221	537
2025-02-12 07:24:58,554 - INFO - 	180	685847232148.0261	0	0.8502702713012695	189.19296598434448	860	573	162.4399619102478	540
2025-02-12 07:24:59,535 - INFO - 	181	682087755473.4312	0	0.8640294075012207	190.17433714866638	863	573	163.26481676101685	543
2025-02-12 07:25:00,508 - INFO - 	182	676382752037.9965	0	0.8794424533843994	191.1465311050415	866	573	164.07906079292297	546
2025-02-12 07:25:01,539 - INFO - 	183	668108427409.8481	0	0.8955004215240479	192.17763900756836	869	573	164.95228099822998	549
2025-02-12 07:25:02,450 - INFO - 	184	660315468290.3513	0	0.9092044830322266	193.08872199058533	872	573	165.70711660385132	552
2025-02-12 07:25:03,402 - INFO - 	185	650709633487.4773	0	0.9291315078735352	194.04075479507446	875	573	166.49681091308594	555
2025-02-12 07:25:04,430 - INFO - 	186	636261750460.7827	0	0.9431734085083008	195.0685658454895	878	573	167.3679769039154	558
2025-02-12 07:25:05,389 - INFO - 	187	635445792518.9775	0	0.953406572341919	196.0270266532898	881	573	168.17346715927124	561
2025-02-12 07:25:06,427 - INFO - 	188	620209843916.6652	0	0.9722676277160645	197.0651535987854	884	573	169.0506353378296	564
2025-02-12 07:25:07,354 - INFO - 	189	618055954476.637	0	0.9879145622253418	197.99204182624817	887	573	169.8191783428192	567
2025-02-12 07:25:08,273 - INFO - 	190	609549343317.5342	0	1.0051305294036865	198.91129398345947	890	573	170.5773184299469	570
2025-02-12 07:25:09,280 - INFO - 	191	605338976106.3657	0	1.0219154357910156	199.91754007339478	893	573	171.42381978034973	573
2025-02-12 07:25:10,203 - INFO - 	192	599316651333.4272	0	1.042149305343628	200.8412320613861	896	573	172.18401670455933	576
2025-02-12 07:25:11,146 - INFO - 	193	590223684762.4205	0	1.061164140701294	201.78400683403015	899	573	172.96542263031006	579
2025-02-12 07:25:12,162 - INFO - 	194	584278995720.803	0	1.0822081565856934	202.7992799282074	902	573	173.81637692451477	582
2025-02-12 07:25:13,076 - INFO - 	195	583333367576.0205	0	1.1007213592529297	203.71355199813843	905	573	174.5697159767151	585
2025-02-12 07:25:14,071 - INFO - 	196	582312216093.3209	0	1.118110179901123	204.7087917327881	908	573	175.404709815979	588
2025-02-12 07:25:15,013 - INFO - 	197	574587834316.0513	0	1.1373133659362793	205.6501908302307	911	573	176.18387579917908	591
2025-02-12 07:25:16,030 - INFO - 	198	572271658683.4023	0	1.1560544967651367	206.66717290878296	914	573	177.03991770744324	594
2025-02-12 07:25:16,945 - INFO - 	199	568823175276.4213	0	1.1623635292053223	207.58215999603271	917	573	177.80615282058716	597
2025-02-12 07:25:17,846 - INFO - 	200	564118858763.734	0	1.1782605648040771	208.48264694213867	920	573	178.54771852493286	600
2025-02-12 07:25:18,759 - INFO - 	201	558103144862.8297	0	1.1896047592163086	209.3962938785553	923	573	179.30758452415466	603
2025-02-12 07:25:19,749 - INFO - 	202	555256354847.3551	0	1.2091641426086426	210.38587403297424	926	573	180.13550353050232	606
2025-02-12 07:25:20,687 - INFO - 	203	548502754678.0921	0	1.2256250381469727	211.3235900402069	929	573	180.91394543647766	609
2025-02-12 07:25:21,592 - INFO - 	204	546272938457.4255	0	1.2458810806274414	212.22875571250916	932	573	181.65642285346985	612
2025-02-12 07:25:22,508 - INFO - 	205	538958268037.7909	0	1.2630689144134521	213.14470052719116	935	573	182.4121515750885	615
2025-02-12 07:25:23,504 - INFO - 	206	533685088829.2149	0	1.2919118404388428	214.13995242118835	938	573	183.23551225662231	618
2025-02-12 07:25:24,426 - INFO - 	207	528151587069.093	0	1.3087007999420166	215.06237125396729	941	573	183.99840807914734	621
2025-02-12 07:25:25,369 - INFO - 	208	519471629832.3524	0	1.3265659809112549	216.00511527061462	944	573	184.7806749343872	624
2025-02-12 07:25:26,390 - INFO - 	209	516841086377.7536	0	1.346130132675171	217.0259141921997	947	573	185.6385064125061	627
2025-02-12 07:25:27,332 - INFO - 	210	510014769950.66296	0	1.368304967880249	217.96830010414124	950	573	186.41605257987976	630
2025-02-12 07:25:28,318 - INFO - 	211	506252185940.52075	0	1.3892829418182373	218.9534170627594	953	573	187.23737382888794	633
2025-02-12 07:25:29,217 - INFO - 	212	503423282808.54193	0	1.404904842376709	219.85304713249207	956	573	187.97801876068115	636
2025-02-12 07:25:30,303 - INFO - 	213	498851946972.32935	0	1.4240598678588867	220.93831038475037	959	573	188.9018256664276	639
2025-02-12 07:25:31,264 - INFO - 	214	493447387304.99744	0	1.4495797157287598	221.89948225021362	962	573	189.68161463737488	642
2025-02-12 07:25:32,313 - INFO - 	215	487298100809.12756	0	1.4710595607757568	222.94838118553162	965	573	190.56538581848145	645
2025-02-12 07:25:33,271 - INFO - 	216	483555843405.06335	0	1.4874086380004883	223.90589714050293	968	573	191.3621301651001	648
2025-02-12 07:25:34,208 - INFO - 	217	483477112954.25714	0	1.4984123706817627	224.84357213974	971	573	192.14531445503235	651
2025-02-12 07:25:35,158 - INFO - 	218	479172286015.618	0	1.5241093635559082	225.79313826560974	974	573	192.92611956596375	654
2025-02-12 07:25:36,112 - INFO - 	219	473976430407.1836	0	1.5510921478271484	226.74698853492737	977	573	193.71006393432617	657
2025-02-12 07:25:37,133 - INFO - 	220	469273483119.61536	0	1.5810279846191406	227.76790142059326	980	573	194.55805706977844	660
2025-02-12 07:25:38,079 - INFO - 	221	469191636308.74567	0	1.6079058647155762	228.71353816986084	983	573	195.33375477790833	663
2025-02-12 07:25:39,094 - INFO - 	222	468074062525.5444	0	1.629523754119873	229.72907209396362	986	573	196.18469786643982	666
2025-02-12 07:25:40,048 - INFO - 	223	467349822536.74493	0	1.6539819240570068	230.68225812911987	989	573	196.97050142288208	669
2025-02-12 07:25:40,998 - INFO - 	224	467334017273.3239	0	1.6762559413909912	231.6320779323578	992	573	197.75231528282166	672
2025-02-12 07:25:42,002 - INFO - 	225	466911923693.1177	0	1.6878540515899658	232.63685202598572	995	573	198.60221195220947	675
2025-02-12 07:25:42,921 - INFO - 	226	463858098183.21124	0	1.6940951347351074	233.55524706840515	998	573	199.37081003189087	678
2025-02-12 07:25:43,922 - INFO - 	227	454060574947.6645	0	1.7006762027740479	234.55671191215515	1001	573	200.22191190719604	681
2025-02-12 07:25:44,891 - INFO - 	228	450857127968.8556	0	1.724966287612915	235.52537274360657	1004	573	201.02250695228577	684
2025-02-12 07:25:45,799 - INFO - 	229	442337128926.55725	0	1.744124412536621	236.43341851234436	1007	573	201.7678997516632	687
2025-02-12 07:25:46,803 - INFO - 	230	439495234403.3636	0	1.7692584991455078	237.43665552139282	1010	573	202.60246896743774	690
2025-02-12 07:25:47,741 - INFO - 	231	438827793927.72833	0	1.798546552658081	238.37520575523376	1013	573	203.36790108680725	693
2025-02-12 07:25:48,669 - INFO - 	232	433736763245.3138	0	1.8205394744873047	239.303124666214	1016	573	204.13062977790833	696
2025-02-12 07:25:49,602 - INFO - 	233	423651499229.97565	0	1.843374252319336	240.2356116771698	1019	573	204.8965609073639	699
2025-02-12 07:25:50,612 - INFO - 	234	421240274505.1224	0	1.8507671356201172	241.24585366249084	1022	573	205.75558185577393	702
2025-02-12 07:25:51,572 - INFO - 	235	412217425237.7022	0	1.873563289642334	242.2054045200348	1025	573	206.54914379119873	705
2025-02-12 07:25:52,512 - INFO - 	236	411087192171.3045	0	1.8967044353485107	243.14584350585938	1028	573	207.32259607315063	708
2025-02-12 07:25:53,506 - INFO - 	237	403320299199.99475	0	1.9198546409606934	244.13920044898987	1031	573	208.1494104862213	711
2025-02-12 07:25:54,472 - INFO - 	238	399536363858.3074	0	1.927377462387085	245.10580849647522	1034	573	208.96466040611267	714
2025-02-12 07:25:55,414 - INFO - 	239	398776740638.1802	0	1.9470546245574951	246.04690957069397	1037	573	209.74243831634521	717
2025-02-12 07:25:56,344 - INFO - 	240	392135097006.18616	0	1.9748988151550293	246.97690558433533	1040	573	210.5011932849884	720
2025-02-12 07:25:57,364 - INFO - 	241	383653202836.00385	0	1.9936418533325195	247.99755764007568	1043	573	211.35969948768616	723
2025-02-12 07:25:58,302 - INFO - 	242	377996646907.6724	0	2.021462917327881	248.93524360656738	1046	573	212.12639331817627	726
2025-02-12 07:25:59,261 - INFO - 	243	371616311312.29565	0	2.059221029281616	249.89346051216125	1049	573	212.90356302261353	729
2025-02-12 07:26:00,195 - INFO - 	244	370305190382.7643	0	2.0877697467803955	250.82798957824707	1052	573	213.6664092540741	732
2025-02-12 07:26:01,211 - INFO - 	245	364029532634.1922	0	2.106928825378418	251.8432068824768	1055	573	214.51922917366028	735
2025-02-12 07:26:02,154 - INFO - 	246	353507862061.5721	0	2.1399996280670166	252.7859377861023	1058	573	215.28550601005554	738
2025-02-12 07:26:03,156 - INFO - 	247	347802060744.28656	0	2.1641478538513184	253.7876148223877	1061	573	216.11955618858337	741
2025-02-12 07:26:04,089 - INFO - 	248	344090998990.6264	0	2.186762809753418	254.7209746837616	1064	573	216.88679957389832	744
2025-02-12 07:26:05,024 - INFO - 	249	337737550097.30273	0	2.2126989364624023	255.65559363365173	1067	573	217.65230536460876	747
2025-02-12 07:26:05,964 - INFO - 	250	337317017222.3613	0	2.2365987300872803	256.5952377319336	1070	573	218.4248595237732	750
2025-02-12 07:26:06,987 - INFO - 	251	334934381993.8764	0	2.2457966804504395	257.61825251579285	1073	573	219.2956051826477	753
2025-02-12 07:26:07,932 - INFO - 	252	332215237327.12195	0	2.2680139541625977	258.5638196468353	1076	573	220.07531642913818	756
2025-02-12 07:26:08,890 - INFO - 	253	325791141394.9184	0	2.2935256958007812	259.5212857723236	1079	573	220.86369395256042	759
2025-02-12 07:26:09,869 - INFO - 	254	325145610063.92523	0	2.3204638957977295	260.4999997615814	1082	573	221.67201590538025	762
2025-02-12 07:26:10,926 - INFO - 	255	305145610078.92523	0	2.338603973388672	261.5576150417328	1085	573	222.5678915977478	765
2025-02-12 07:26:11,915 - INFO - 	256	299789572515.9652	0	2.370290756225586	262.5459830760956	1088	573	223.38135147094727	768
2025-02-12 07:26:12,886 - INFO - 	257	298059695376.2487	0	2.3956658840179443	263.5166120529175	1091	573	224.18305802345276	771
2025-02-12 07:26:13,946 - INFO - 	258	285484963473.89185	0	2.4055280685424805	264.5768828392029	1094	573	225.08982014656067	774
2025-02-12 07:26:14,862 - INFO - 	259	282505954255.81665	0	2.4235682487487793	265.4926998615265	1097	573	225.84438252449036	777
2025-02-12 07:26:15,833 - INFO - 	260	273758312106.41302	0	2.455841064453125	266.4633598327637	1100	573	226.63948440551758	780
2025-02-12 07:26:16,877 - INFO - 	261	271509952666.4056	0	2.4920639991760254	267.50748085975647	1103	573	227.50391364097595	783
2025-02-12 07:26:17,858 - INFO - 	262	266976774974.63187	0	2.526827096939087	268.4889919757843	1106	573	228.30762386322021	786
2025-02-12 07:26:18,822 - INFO - 	263	265849580408.62656	0	2.559680223464966	269.45252203941345	1109	573	229.0949125289917	789
2025-02-12 07:26:19,837 - INFO - 	264	261070992947.42093	0	2.5858311653137207	270.4674708843231	1112	573	229.9398536682129	792
2025-02-12 07:26:20,811 - INFO - 	265	255825766643.45364	0	2.645465135574341	271.4416959285736	1115	573	230.71058416366577	795
2025-02-12 07:26:21,869 - INFO - 	266	252989679461.6719	0	2.6720974445343018	272.49905586242676	1118	573	231.59771919250488	798
2025-02-12 07:26:22,857 - INFO - 	267	247606578107.66452	0	2.7116315364837646	273.4874179363251	1121	573	232.4029130935669	801
2025-02-12 07:26:23,878 - INFO - 	268	240362033960.8311	0	2.75787353515625	274.50792694091797	1124	573	233.233562707901	804
2025-02-12 07:26:24,909 - INFO - 	269	236914747667.49173	0	2.7876687049865723	275.5393068790436	1127	573	234.0915584564209	807
2025-02-12 07:26:25,885 - INFO - 	270	232982709487.1506	0	2.829538345336914	276.51448583602905	1130	573	234.88143587112427	810
2025-02-12 07:26:26,809 - INFO - 	271	230078954949.37814	0	2.8585965633392334	277.4389429092407	1133	573	235.63113975524902	813
2025-02-12 07:26:27,844 - INFO - 	272	224573159818.2515	0	2.9017794132232666	278.47399711608887	1136	573	236.47971272468567	816
2025-02-12 07:26:28,778 - INFO - 	273	222218231299.67654	0	2.9389493465423584	279.40750217437744	1139	573	237.2323498725891	819
2025-02-12 07:26:29,798 - INFO - 	274	219671169760.3119	0	2.9579272270202637	280.4275801181793	1142	573	238.08976483345032	822
2025-02-12 07:26:30,751 - INFO - 	275	219188328018.8718	0	2.98992919921875	281.3803491592407	1145	573	238.86693477630615	825
2025-02-12 07:26:31,763 - INFO - 	276	218413024386.84146	0	3.0134623050689697	282.39234018325806	1148	573	239.7117052078247	828
2025-02-12 07:26:32,700 - INFO - 	277	217553047004.10834	0	3.0443575382232666	283.32905316352844	1151	573	240.47394323349	831
2025-02-12 07:26:33,675 - INFO - 	278	214115149673.47952	0	3.065295457839966	284.3042469024658	1154	573	241.2847752571106	834
2025-02-12 07:26:34,634 - INFO - 	279	213613537395.9378	0	3.104405164718628	285.2635200023651	1157	573	242.06114792823792	837
2025-02-12 07:26:35,552 - INFO - 	280	210356186137.72897	0	3.1362900733947754	286.1812958717346	1160	573	242.80363583564758	840
2025-02-12 07:26:36,497 - INFO - 	281	206296780254.57913	0	3.1708381175994873	287.1261577606201	1163	573	243.57020902633667	843
2025-02-12 07:26:37,558 - INFO - 	282	202568043961.55115	0	3.2017662525177	288.18678975105286	1166	573	244.4564552307129	846
2025-02-12 07:26:38,485 - INFO - 	283	202388995253.35007	0	3.212980270385742	289.1142416000366	1169	573	245.22926354408264	849
2025-02-12 07:26:39,493 - INFO - 	284	197678155902.668	0	3.244075298309326	290.121577501297	1172	573	246.06181454658508	852
2025-02-12 07:26:40,461 - INFO - 	285	194443930002.451	0	3.275660276412964	291.0899007320404	1175	573	246.85512232780457	855
2025-02-12 07:26:41,517 - INFO - 	286	189371429243.03107	0	3.305213451385498	292.1451334953308	1178	573	247.73715233802795	858
2025-02-12 07:26:42,486 - INFO - 	287	187081658916.0396	0	3.344158411026001	293.1145234107971	1181	573	248.52393531799316	861
2025-02-12 07:26:43,469 - INFO - 	288	183235158755.7362	0	3.37509822845459	294.0970642566681	1184	573	249.3318943977356	864
2025-02-12 07:26:44,503 - INFO - 	289	178590029137.559	0	3.411884069442749	295.13162541389465	1187	573	250.1861765384674	867
2025-02-12 07:26:45,443 - INFO - 	290	172244203977.47067	0	3.442826986312866	296.0715503692627	1190	573	250.9512848854065	870
2025-02-12 07:26:46,371 - INFO - 	291	164720556541.03952	0	3.4732167720794678	296.99936032295227	1193	573	251.70494866371155	873
2025-02-12 07:26:47,388 - INFO - 	292	163644799138.63098	0	3.5043234825134277	298.0158543586731	1196	573	252.5467278957367	876
2025-02-12 07:26:48,348 - INFO - 	293	162102695813.23526	0	3.536595582962036	298.9756681919098	1199	573	253.33073377609253	879
2025-02-12 07:26:49,358 - INFO - 	294	155737719004.85236	0	3.5671184062957764	299.9855463504791	1202	573	254.16666674613953	882
2025-02-12 07:26:50,425 - INFO - 	295	154587550268.5157	0	3.599367618560791	301.05271649360657	1205	573	255.0585217475891	885
2025-02-12 07:26:51,346 - INFO - 	296	153103281330.8948	0	3.6293365955352783	301.9739406108856	1208	573	255.80668807029724	888
2025-02-12 07:26:52,256 - INFO - 	297	148333590428.27377	0	3.6516988277435303	302.8833827972412	1211	573	256.5505452156067	891
2025-02-12 07:26:53,282 - INFO - 	298	146938292464.9027	0	3.680391788482666	303.90968680381775	1214	573	257.40455508232117	894
2025-02-12 07:26:54,225 - INFO - 	299	146141607710.6412	0	3.704932689666748	304.85210371017456	1217	573	258.1792721748352	897
2025-02-12 07:26:55,180 - INFO - 	300	142381877584.26816	0	3.7452445030212402	305.80707240104675	1220	573	258.9509460926056	900
2025-02-12 07:26:56,118 - INFO - 	301	135285306849.57428	0	3.779939651489258	306.74484729766846	1223	573	259.71101784706116	903
2025-02-12 07:26:57,054 - INFO - 	302	134144780208.89255	0	3.8183236122131348	307.6816711425781	1226	573	260.4663026332855	906
2025-02-12 07:26:58,125 - INFO - 	303	133262727994.30392	0	3.8515658378601074	308.75227999687195	1229	573	261.35995602607727	909
2025-02-12 07:26:59,037 - INFO - 	304	131213706247.52943	0	3.866926908493042	309.66377902030945	1232	573	262.11274123191833	912
2025-02-12 07:26:59,962 - INFO - 	305	127239149727.30397	0	3.899949789047241	310.5890669822693	1235	573	262.86136412620544	915
2025-02-12 07:27:00,865 - INFO - 	306	126675227235.7679	0	3.934943675994873	311.4922800064087	1238	573	263.5850851535797	918
2025-02-12 07:27:01,866 - INFO - 	307	124139224559.8894	0	3.9708666801452637	312.4929630756378	1241	573	264.406366109848	921
2025-02-12 07:27:02,787 - INFO - 	308	122444041911.21982	0	4.013701677322388	313.41399931907654	1244	573	265.1412513256073	924
2025-02-12 07:27:03,721 - INFO - 	309	118514608362.89078	0	4.047836542129517	314.34773445129395	1247	573	265.89703917503357	927
2025-02-12 07:27:04,643 - INFO - 	310	116922976928.92694	0	4.079166412353516	315.26996755599976	1250	573	266.6441969871521	930
2025-02-12 07:27:05,611 - INFO - 	311	116915964473.90817	0	4.105108022689819	316.23753786087036	1253	573	267.44250106811523	933
2025-02-12 07:27:06,510 - INFO - 	312	115581513748.84387	0	4.136059284210205	317.1359567642212	1256	573	268.16657042503357	936
2025-02-12 07:27:07,454 - INFO - 	313	113656959000.47577	0	4.17954421043396	318.0801136493683	1259	573	268.9236762523651	939
2025-02-12 07:27:08,419 - INFO - 	314	112337542086.96494	0	4.214024305343628	319.04542350769043	1262	573	269.71061730384827	942
2025-02-12 07:27:09,358 - INFO - 	315	111552661604.77612	0	4.248037338256836	319.9843804836273	1265	573	270.471777677536	945
2025-02-12 07:27:10,277 - INFO - 	316	109278724873.85695	0	4.276473522186279	320.90352272987366	1268	573	271.218386888504	948
2025-02-12 07:27:11,277 - INFO - 	317	108912602502.84933	0	4.3105833530426025	321.9025077819824	1271	573	272.0392379760742	951
2025-02-12 07:27:12,211 - INFO - 	318	107081553964.99313	0	4.341715335845947	322.8367187976837	1274	573	272.7983422279358	954
2025-02-12 07:27:13,139 - INFO - 	319	106246895654.11282	0	4.380821466445923	323.7648756504059	1277	573	273.5434021949768	957
2025-02-12 07:27:14,090 - INFO - 	320	103457470888.69685	0	4.4191436767578125	324.7155017852783	1280	573	274.3121483325958	960
2025-02-12 07:27:14,983 - INFO - 	321	102932148761.49516	0	4.448768615722656	325.6087455749512	1283	573	275.0322244167328	963
2025-02-12 07:27:15,966 - INFO - 	322	100605800817.50455	0	4.483353614807129	326.59171772003174	1286	573	275.83723068237305	966
2025-02-12 07:27:16,892 - INFO - 	323	98198549398.39859	0	4.5163984298706055	327.51745557785034	1289	573	276.5864255428314	969
2025-02-12 07:27:17,842 - INFO - 	324	94536289985.08691	0	4.556803464889526	328.4673447608948	1292	573	277.3525779247284	972
2025-02-12 07:27:18,828 - INFO - 	325	90074669040.46089	0	4.594898223876953	329.4536826610565	1295	573	278.157301902771	975
2025-02-12 07:27:19,756 - INFO - 	326	83751711933.43431	0	4.639793157577515	330.38168144226074	1298	573	278.89719796180725	978
2025-02-12 07:27:20,698 - INFO - 	327	81744662966.02274	0	4.67867112159729	331.32347536087036	1301	573	279.6565840244293	981
2025-02-12 07:27:21,714 - INFO - 	328	79928526104.55505	0	4.711642026901245	332.3387703895569	1304	573	280.4953181743622	984
2025-02-12 07:27:22,683 - INFO - 	329	77519096628.97708	0	4.76277494430542	333.30812430381775	1307	573	281.2703173160553	987
2025-02-12 07:27:23,659 - INFO - 	330	75763301531.01671	0	4.801115036010742	334.2834892272949	1310	573	282.06388449668884	990
2025-02-12 07:27:24,636 - INFO - 	331	74965600479.36494	0	4.821586847305298	335.26061034202576	1313	573	282.8772327899933	993
2025-02-12 07:27:25,574 - INFO - 	332	71670233661.6524	0	4.879467964172363	336.1985430717468	1316	573	283.61377596855164	996
2025-02-12 07:27:26,541 - INFO - 	333	71670233661.6524	0	4.9150190353393555	337.1652662754059	1319	573	284.401380777359	999
2025-02-12 07:27:27,531 - INFO - 	334	71086383510.12119	0	4.977306127548218	338.15527725219727	1322	573	285.1857051849365	1002
2025-02-12 07:27:28,541 - INFO - 	335	69453119974.85149	0	5.01301908493042	339.1654255390167	1325	573	286.0166630744934	1005
2025-02-12 07:27:29,498 - INFO - 	336	68259280896.593056	0	5.044655084609985	340.12234449386597	1328	573	286.7985339164734	1008
2025-02-12 07:27:30,482 - INFO - 	337	67322680436.84045	0	5.094790935516357	341.10664653778076	1331	573	287.5893340110779	1011
2025-02-12 07:27:31,508 - INFO - 	338	65614296863.80658	0	5.129534959793091	342.1325466632843	1334	573	288.43695425987244	1014
2025-02-12 07:27:32,509 - INFO - 	339	63685366669.290436	0	5.18335485458374	343.1327636241913	1337	573	289.2394642829895	1017
2025-02-12 07:27:33,553 - INFO - 	340	60006858694.69747	0	5.229506731033325	344.1774287223816	1340	573	290.09443712234497	1020
2025-02-12 07:27:34,512 - INFO - 	341	57263017371.664185	0	5.255246639251709	345.1359016895294	1343	573	290.8835289478302	1023
2025-02-12 07:27:35,529 - INFO - 	342	53069229241.886444	0	5.280974626541138	346.15255784988403	1346	573	291.73112392425537	1026
2025-02-12 07:27:36,435 - INFO - 	343	49993138263.23741	0	5.3192055225372314	347.05901193618774	1349	573	292.45608472824097	1029
2025-02-12 07:27:37,353 - INFO - 	344	47252498431.568016	0	5.348022699356079	347.97698187828064	1352	573	293.2010746002197	1032
2025-02-12 07:27:38,340 - INFO - 	345	40145615205.90806	0	5.362913608551025	348.9638628959656	1355	573	294.0293686389923	1035
2025-02-12 07:27:39,313 - INFO - 	346	37685889354.416794	0	5.394533634185791	349.9367847442627	1358	573	294.82712507247925	1038
2025-02-12 07:27:40,284 - INFO - 	347	35935443982.19196	0	5.434129476547241	350.90711665153503	1361	573	295.61445665359497	1041
2025-02-12 07:27:41,264 - INFO - 	348	32587818709.563416	0	5.4593186378479	351.88727259635925	1364	573	296.42580485343933	1044
2025-02-12 07:27:42,245 - INFO - 	349	27496738175.574562	0	5.508890628814697	352.86815071105957	1367	573	297.2137441635132	1047
2025-02-12 07:27:43,283 - INFO - 	350	24014754785.80325	0	5.546402931213379	353.9060344696045	1370	573	298.07070326805115	1050
2025-02-12 07:27:44,240 - INFO - 	351	22873778089.781555	0	5.594937086105347	354.8635106086731	1373	573	298.8361053466797	1053
2025-02-12 07:27:45,197 - INFO - 	352	20141952123.55818	0	5.631510972976685	355.81966948509216	1376	573	299.61195039749146	1056
2025-02-12 07:27:46,167 - INFO - 	353	18189065510.040062	0	5.688328981399536	356.7898864746094	1379	573	300.3819262981415	1059
2025-02-12 07:27:47,131 - INFO - 	354	17356471555.64509	0	5.728010177612305	357.7541563510895	1382	573	301.1628351211548	1062
2025-02-12 07:27:48,178 - INFO - 	355	10652203084.405176	0	5.769345283508301	358.80058240890503	1385	573	302.02461338043213	1065
2025-02-12 07:27:49,126 - INFO - 	356	8205375801.123189	0	5.8097193241119385	359.7492341995239	1388	573	302.7892282009125	1068
2025-02-12 07:27:50,204 - INFO - 	357	7416103639.633648	0	5.850839138031006	360.8272261619568	1391	573	303.6826055049896	1071
2025-02-12 07:27:51,180 - INFO - 	358	6177954215.008222	0	5.8967859745025635	361.8026399612427	1394	573	304.4681484699249	1074
2025-02-12 07:27:52,159 - INFO - 	359	5259931275.668937	0	5.942301034927368	362.7816700935364	1397	573	305.2582325935364	1077
2025-02-12 07:27:53,179 - INFO - 	360	5120830843.05196	0	5.9725940227508545	363.80175518989563	1400	573	306.10443902015686	1080
2025-02-12 07:27:54,109 - INFO - 	361	1532.3706011211034	0	5.982851028442383	364.7310423851013	1403	573	306.8800780773163	1083
2025-02-12 07:27:55,243 - INFO - 	362	1532.0115835862543	0	5.986084222793579	365.86490631103516	1406	573	307.86721444129944	1086
2025-02-12 07:27:56,312 - INFO - 	363	1529.1318701963157	0	5.991162300109863	366.93452048301697	1409	573	308.78834438323975	1089
2025-02-12 07:27:57,371 - INFO - 	364	1517.4507569772893	0	5.999050140380859	367.99289059638977	1412	573	309.6954712867737	1092
2025-02-12 07:27:58,502 - INFO - 	365	1502.0363568974524	0	6.008255243301392	369.12412452697754	1415	573	310.6735301017761	1095
2025-02-12 07:27:59,543 - INFO - 	366	1489.5882694151512	0	6.016954183578491	370.16537857055664	1418	573	311.5622797012329	1098
2025-02-12 07:28:00,590 - INFO - 	367	1459.4808144894298	0	6.024923086166382	371.21184945106506	1421	573	312.4575545787811	1101
2025-02-12 07:28:01,714 - INFO - 	368	1440.2083632117099	0	6.035733222961426	372.3356742858887	1424	573	313.42691445350647	1104
2025-02-12 07:28:02,755 - INFO - 	369	1418.3357664365597	0	6.046043395996094	373.3766334056854	1427	573	314.31395530700684	1107
2025-02-12 07:28:03,895 - INFO - 	370	1412.7570420256397	0	6.054007530212402	374.5168752670288	1430	573	315.3023829460144	1110
2025-02-12 07:28:04,960 - INFO - 	371	1406.7775856199585	0	6.0637125968933105	375.5813031196594	1433	573	316.21370792388916	1113
2025-02-12 07:28:06,021 - INFO - 	372	1394.852780895101	0	6.071276664733887	376.6426739692688	1436	573	317.12413144111633	1116
2025-02-12 07:28:07,152 - INFO - 	373	1384.0965248902273	0	6.0798256397247314	377.77314805984497	1439	573	318.1021821498871	1119
2025-02-12 07:28:08,226 - INFO - 	374	1375.813900269152	0	6.0926594734191895	378.84749388694763	1442	573	319.01970386505127	1122
2025-02-12 07:28:09,293 - INFO - 	375	1372.4957915581056	0	6.098984479904175	379.9139919281006	1445	573	319.93628549575806	1125
2025-02-12 07:28:10,439 - INFO - 	376	1363.5135821714773	0	6.104883670806885	381.0598237514496	1448	573	320.9327757358551	1128
2025-02-12 07:28:11,514 - INFO - 	377	1359.151977708469	0	6.112620830535889	382.13510370254517	1451	573	321.85655069351196	1131
2025-02-12 07:28:12,604 - INFO - 	378	1357.7616399387068	0	6.118896961212158	383.22549843788147	1454	573	322.79714822769165	1134
2025-02-12 07:28:13,760 - INFO - 	379	1351.2353520556503	0	6.127289056777954	384.38119435310364	1457	573	323.8006782531738	1137
2025-02-12 07:28:14,837 - INFO - 	380	1347.3036367532484	0	6.1342902183532715	385.4577214717865	1460	573	324.7269277572632	1140
2025-02-12 07:28:15,969 - INFO - 	381	1338.410330632939	0	6.140613555908203	386.5895345211029	1463	573	325.7087495326996	1143
2025-02-12 07:28:17,038 - INFO - 	382	1331.9911450201478	0	6.149281740188599	387.65879249572754	1466	573	326.6259264945984	1146
2025-02-12 07:28:18,116 - INFO - 	383	1328.6243074694844	0	6.157306432723999	388.7365415096283	1469	573	327.551762342453	1149
2025-02-12 07:28:19,251 - INFO - 	384	1323.0246556303568	0	6.164999485015869	389.871289730072	1472	573	328.535352230072	1152
2025-02-12 07:28:20,319 - INFO - 	385	1319.4665083882035	0	6.174710273742676	390.9396924972534	1475	573	329.45042085647583	1155
2025-02-12 07:28:21,416 - INFO - 	386	1314.4715000342328	0	6.1865763664245605	392.0366954803467	1478	573	330.39177775382996	1158
2025-02-12 07:28:22,581 - INFO - 	387	1312.975325823126	0	6.195423364639282	393.20177841186523	1481	573	331.40447187423706	1161
2025-02-12 07:28:23,663 - INFO - 	388	1308.780429878315	0	6.202879428863525	394.28360176086426	1484	573	332.33540892601013	1164
2025-02-12 07:28:24,723 - INFO - 	389	1306.3466594804318	0	6.211529731750488	395.3429219722748	1487	573	333.24280977249146	1167
2025-02-12 07:28:25,795 - INFO - 	390	1302.8712358565913	0	6.221092700958252	396.41514325141907	1490	573	334.16207575798035	1170
2025-02-12 07:28:26,922 - INFO - 	391	1300.2438693374768	0	6.22746467590332	397.54245829582214	1493	573	335.1397478580475	1173
2025-02-12 07:28:27,987 - INFO - 	392	1298.5135103260836	0	6.2324748039245605	398.6071844100952	1496	573	336.0559506416321	1176
2025-02-12 07:28:29,128 - INFO - 	393	1295.6377166551863	0	6.238138675689697	399.747926235199	1499	573	337.0472149848938	1179
2025-02-12 07:28:30,202 - INFO - 	394	1292.3463400657113	0	6.250127792358398	400.8216562271118	1502	573	337.96573090553284	1182
2025-02-12 07:28:31,280 - INFO - 	395	1290.2007446045577	0	6.255965709686279	401.8996202945709	1505	573	338.8938925266266	1185
2025-02-12 07:28:32,411 - INFO - 	396	1288.1236131368871	0	6.2633278369903564	403.03054332733154	1508	573	339.8737359046936	1188
2025-02-12 07:28:33,486 - INFO - 	397	1284.193252543977	0	6.271852016448975	404.1057951450348	1511	573	340.79720973968506	1191
2025-02-12 07:28:34,551 - INFO - 	398	1282.8346136810667	0	6.278954982757568	405.17041301727295	1514	573	341.7112612724304	1194
2025-02-12 07:28:35,623 - INFO - 	399	1279.5326672438496	0	6.288749933242798	406.24269795417786	1517	573	342.6303222179413	1197
2025-02-12 07:28:36,771 - INFO - 	400	1277.6162278246356	0	6.296924114227295	407.3903729915619	1520	573	343.62659215927124	1200
2025-02-12 07:28:37,850 - INFO - 	401	1274.492350498457	0	6.304176092147827	408.4689791202545	1523	573	344.5543625354767	1203
2025-02-12 07:28:38,926 - INFO - 	402	1271.6220622796825	0	6.31495213508606	409.54520988464355	1526	573	345.4764928817749	1206
2025-02-12 07:28:39,995 - INFO - 	403	1271.621104835652	0	6.319139003753662	410.61364364624023	1529	573	346.39755272865295	1209
2025-02-12 07:28:41,148 - INFO - 	404	1270.7541314991515	0	6.326051950454712	411.766708612442	1532	573	347.3993306159973	1212
2025-02-12 07:28:42,216 - INFO - 	405	1268.609809835034	0	6.333647012710571	412.8352725505829	1535	573	348.3169677257538	1215
2025-02-12 07:28:43,283 - INFO - 	406	1267.1711228325714	0	6.340190887451172	413.90222454071045	1538	573	349.23404335975647	1218
2025-02-12 07:28:44,355 - INFO - 	407	1265.6953924262598	0	6.349856853485107	414.97352933883667	1541	573	350.1522858142853	1221
2025-02-12 07:28:45,468 - INFO - 	408	1263.4187446532035	0	6.357572793960571	416.08612728118896	1544	573	351.1135218143463	1224
2025-02-12 07:28:46,533 - INFO - 	409	1261.6406932059883	0	6.364444971084595	417.15183424949646	1547	573	352.02900648117065	1227
2025-02-12 07:28:47,661 - INFO - 	410	1260.0934108987062	0	6.372610807418823	418.2798721790314	1550	573	353.0057022571564	1230
2025-02-12 07:28:48,737 - INFO - 	411	1258.8123360770796	0	6.380297899246216	419.3553342819214	1553	573	353.9304242134094	1233
2025-02-12 07:28:49,811 - INFO - 	412	1255.3688274020972	0	6.38749361038208	420.4294984340668	1556	573	354.8537001609802	1236
2025-02-12 07:28:50,890 - INFO - 	413	1253.4135608715171	0	6.398290634155273	421.50829553604126	1559	573	355.7781329154968	1239
2025-02-12 07:28:52,023 - INFO - 	414	1253.0256536041547	0	6.406137704849243	422.6406924724579	1562	573	356.7592740058899	1242
2025-02-12 07:28:53,075 - INFO - 	415	1252.2702574117106	0	6.412975788116455	423.6931121349335	1565	573	357.6611239910126	1245
2025-02-12 07:28:54,135 - INFO - 	416	1251.3476282480772	0	6.425788640975952	424.75259804725647	1568	573	358.56452536582947	1248
2025-02-12 07:28:55,272 - INFO - 	417	1250.540643558922	0	6.4330267906188965	425.88951563835144	1571	573	359.5509147644043	1251
2025-02-12 07:28:56,341 - INFO - 	418	1248.1147269308217	0	6.441703796386719	426.958863735199	1574	573	360.46813678741455	1254
2025-02-12 07:28:57,419 - INFO - 	419	1246.9810219736432	0	6.449647665023804	428.0370008945465	1577	573	361.39505529403687	1257
2025-02-12 07:28:58,476 - INFO - 	420	1245.768425575723	0	6.456719636917114	429.0932357311249	1580	573	362.30060052871704	1260
2025-02-12 07:28:59,604 - INFO - 	421	1244.086226724312	0	6.463268756866455	430.2211196422577	1583	573	363.2787895202637	1263
2025-02-12 07:29:00,649 - INFO - 	422	1242.6737201534158	0	6.470343589782715	431.2663598060608	1586	573	364.17340660095215	1266
2025-02-12 07:29:01,721 - INFO - 	423	1241.2030560464977	0	6.478022575378418	432.33830094337463	1589	573	365.0943102836609	1269
2025-02-12 07:29:02,840 - INFO - 	424	1240.3037755880832	0	6.484047889709473	433.4570941925049	1592	573	366.0633542537689	1272
2025-02-12 07:29:03,907 - INFO - 	425	1239.30645039884	0	6.489813804626465	434.52458000183105	1595	573	366.9816541671753	1275
2025-02-12 07:29:05,054 - INFO - 	426	1238.06765673806	0	6.49821662902832	435.6715769767761	1598	573	367.97710490226746	1278
2025-02-12 07:29:06,124 - INFO - 	427	1237.8572376659067	0	6.506222486495972	436.7412497997284	1601	573	368.8950705528259	1281
2025-02-12 07:29:07,202 - INFO - 	428	1237.2976947666223	0	6.512417316436768	437.8188488483429	1604	573	369.8231110572815	1284
2025-02-12 07:29:08,296 - INFO - 	429	1236.0695692527772	0	6.521682262420654	438.9131660461426	1607	573	370.7646200656891	1287
2025-02-12 07:29:09,439 - INFO - 	430	1235.5998539048735	0	6.530943393707275	440.0560071468353	1610	573	371.7549159526825	1290
2025-02-12 07:29:10,500 - INFO - 	431	1234.5978029628554	0	6.5381879806518555	441.11696600914	1613	573	372.66491961479187	1293
2025-02-12 07:29:11,638 - INFO - 	432	1234.5978029628545	0	6.540503025054932	442.2543468475342	1616	573	373.65623211860657	1296
2025-02-12 07:29:12,710 - INFO - 	433	1233.4899435658008	0	6.548882961273193	443.3262369632721	1619	573	374.5759208202362	1299
2025-02-12 07:29:13,852 - INFO - 	434	1233.4899435658006	0	6.551559925079346	444.46824502944946	1622	573	375.57188272476196	1302
2025-02-12 07:29:14,926 - INFO - 	435	1232.9474542252274	0	6.5563600063323975	445.54200983047485	1625	573	376.49712657928467	1305
2025-02-12 07:29:16,004 - INFO - 	436	1232.2389528073002	0	6.564263820648193	446.62020468711853	1628	573	377.42387866973877	1308
2025-02-12 07:29:17,101 - INFO - 	437	1231.1310106748786	0	6.5732808113098145	447.7167236804962	1631	573	378.3676254749298	1311
2025-02-12 07:29:18,252 - INFO - 	438	1230.2836579133161	0	6.580891847610474	448.86815667152405	1634	573	379.36782145500183	1314
2025-02-12 07:29:19,314 - INFO - 	439	1229.835858143076	0	6.586992025375366	449.92997646331787	1637	573	380.27985525131226	1317
2025-02-12 07:29:20,466 - INFO - 	440	1229.171633926981	0	6.594419717788696	451.0823395252228	1640	573	381.28150629997253	1320
2025-02-12 07:29:21,546 - INFO - 	441	1228.4151902840972	0	6.601940393447876	452.1616554260254	1643	573	382.2098174095154	1323
2025-02-12 07:29:22,649 - INFO - 	442	1228.1941416407512	0	6.608542442321777	453.2646744251251	1646	573	383.15237307548523	1326
2025-02-12 07:29:23,719 - INFO - 	443	1228.1503953649847	0	6.611820697784424	454.33480739593506	1649	573	384.0755777359009	1329
2025-02-12 07:29:24,874 - INFO - 	444	1227.6093365227	0	6.620406866073608	455.4895453453064	1652	573	385.07807636260986	1332
2025-02-12 07:29:25,936 - INFO - 	445	1226.8660341762195	0	6.626595973968506	456.5513014793396	1655	573	385.9900484085083	1335
2025-02-12 07:29:27,002 - INFO - 	446	1226.8660341762184	0	6.6295342445373535	457.61697244644165	1658	573	386.9038016796112	1338
2025-02-12 07:29:28,137 - INFO - 	447	1226.5736103595627	0	6.635404348373413	458.75225734710693	1661	573	387.88910722732544	1341
2025-02-12 07:29:29,191 - INFO - 	448	1225.8364730690814	0	6.643325328826904	459.80655241012573	1664	573	388.79170203208923	1344
2025-02-12 07:29:30,238 - INFO - 	449	1225.4556298177022	0	6.650353193283081	460.8534994125366	1667	573	389.68821692466736	1347
2025-02-12 07:29:31,378 - INFO - 	450	1225.230107989652	0	6.654202222824097	461.9930372238159	1670	573	390.6801128387451	1350
2025-02-12 07:29:32,463 - INFO - 	451	1225.1704395820127	0	6.658395290374756	463.0781042575836	1673	573	391.61754035949707	1353
2025-02-12 07:29:33,607 - INFO - 	452	1223.815737929503	0	6.666581153869629	464.221351146698	1676	573	392.60927414894104	1356
2025-02-12 07:29:34,673 - INFO - 	453	1223.3431815049669	0	6.674307346343994	465.28738284111023	1679	573	393.5238263607025	1359
2025-02-12 07:29:35,744 - INFO - 	454	1222.734413584152	0	6.682536363601685	466.35905289649963	1682	573	394.4436573982239	1362
2025-02-12 07:29:36,876 - INFO - 	455	1222.4329390778607	0	6.688774347305298	467.49089074134827	1685	573	395.42574524879456	1365
2025-02-12 07:29:37,937 - INFO - 	456	1222.0000000000005	0	6.696277379989624	468.5511736869812	1688	573	396.3345193862915	1368
2025-02-12 07:29:43,004 - INFO - 	457	1222.0	3.9205868244171143	6.705583572387695	473.61856484413147	1690	573	397.32841753959656	1370
2025-02-12 07:29:56,115 - INFO - 
ya no tiene columnas con costo reducido negative
2025-02-12 07:29:56,115 - INFO - Set parameter OutputFlag to value 1
2025-02-12 07:29:56,116 - INFO - Set parameter LogFile to value "logs_new/salida_modelo_caminos_320_567_10.log"
2025-02-12 07:29:56,116 - INFO - Set parameter TimeLimit to value 7200
2025-02-12 07:29:56,117 - INFO - Gurobi Optimizer version 11.0.1 build v11.0.1rc0 (mac64[arm] - Darwin 24.3.0 24D60)
2025-02-12 07:29:56,117 - INFO - 
2025-02-12 07:29:56,118 - INFO - CPU model: Apple M2
2025-02-12 07:29:56,118 - INFO - Thread count: 8 physical cores, 8 logical processors, using up to 8 threads
2025-02-12 07:29:56,118 - INFO - 
2025-02-12 07:29:56,119 - INFO - Optimize a model with 573 rows, 1690 columns and 6936 nonzeros
2025-02-12 07:29:56,119 - INFO - Coefficient statistics:
2025-02-12 07:29:56,119 - INFO -   Matrix range     [1e+00, 1e+00]
2025-02-12 07:29:56,120 - INFO -   Objective range  [2e+00, 1e+10]
2025-02-12 07:29:56,120 - INFO -   Bounds range     [0e+00, 0e+00]
2025-02-12 07:29:56,120 - INFO -   RHS range        [1e+00, 2e+02]
2025-02-12 07:29:56,121 - INFO - Warning: Model contains large objective coefficients
2025-02-12 07:29:56,121 - INFO -          Consider reformulating model or setting NumericFocus parameter
2025-02-12 07:29:56,121 - INFO -          to avoid numerical issues.
2025-02-12 07:29:56,122 - INFO - 
2025-02-12 07:29:56,122 - INFO - Solved in 0 iterations and 0.00 seconds (0.00 work units)
2025-02-12 07:29:56,122 - INFO - Optimal objective  1.222000000e+03
2025-02-12 07:29:56,124 - INFO - Gurobi Optimizer version 11.0.1 build v11.0.1rc0 (mac64[arm] - Darwin 24.3.0 24D60)
2025-02-12 07:29:56,124 - INFO - 
2025-02-12 07:29:56,124 - INFO - CPU model: Apple M2
2025-02-12 07:29:56,125 - INFO - Thread count: 8 physical cores, 8 logical processors, using up to 8 threads
2025-02-12 07:29:56,125 - INFO - 
2025-02-12 07:29:56,126 - INFO - Optimize a model with 573 rows, 1690 columns and 6936 nonzeros
2025-02-12 07:29:56,126 - INFO - Model fingerprint: 0x87add69a
2025-02-12 07:29:56,126 - INFO - Variable types: 0 continuous, 1690 integer (1690 binary)
2025-02-12 07:29:56,126 - INFO - Coefficient statistics:
2025-02-12 07:29:56,127 - INFO -   Matrix range     [1e+00, 1e+00]
2025-02-12 07:29:56,127 - INFO -   Objective range  [2e+00, 1e+10]
2025-02-12 07:29:56,127 - INFO -   Bounds range     [0e+00, 0e+00]
2025-02-12 07:29:56,128 - INFO -   RHS range        [1e+00, 2e+02]
2025-02-12 07:29:56,128 - INFO - Warning: Model contains large objective coefficients
2025-02-12 07:29:56,128 - INFO -          Consider reformulating model or setting NumericFocus parameter
2025-02-12 07:29:56,129 - INFO -          to avoid numerical issues.
2025-02-12 07:29:56,130 - INFO - Found heuristic solution: objective 3.200000e+12
2025-02-12 07:29:56,136 - INFO - Presolve removed 250 rows and 0 columns
2025-02-12 07:29:56,137 - INFO - Presolve time: 0.01s
2025-02-12 07:29:56,137 - INFO - Presolved: 323 rows, 1690 columns, 6738 nonzeros
2025-02-12 07:29:56,138 - INFO - Variable types: 0 continuous, 1690 integer (1690 binary)
2025-02-12 07:29:56,138 - INFO - Found heuristic solution: objective 3.130000e+12
2025-02-12 07:29:56,187 - INFO - 
2025-02-12 07:29:56,188 - INFO - Root relaxation: objective 1.222000e+03, 1690 iterations, 0.05 seconds (0.09 work units)
2025-02-12 07:29:56,204 - INFO - 
2025-02-12 07:29:56,205 - INFO -     Nodes    |    Current Node    |     Objective Bounds      |     Work
2025-02-12 07:29:56,206 - INFO -  Expl Unexpl |  Obj  Depth IntInf | Incumbent    BestBd   Gap | It/Node Time
2025-02-12 07:29:56,206 - INFO - 
2025-02-12 07:29:56,207 - INFO -      0     0 1222.00000    0  282 3.1300e+12 1222.00000   100%     -    0s
2025-02-12 07:29:56,208 - INFO - H    0     0                    4.800000e+11 1222.00000   100%     -    0s
2025-02-12 07:29:56,209 - INFO - H    0     0                    4.200000e+11 1222.00000   100%     -    0s
2025-02-12 07:29:56,216 - INFO - H    0     0                    2.300000e+11 1222.00000   100%     -    0s
2025-02-12 07:29:56,330 - INFO -      0     0 1223.65901    0  290 2.3000e+11 1223.65901   100%     -    0s
2025-02-12 07:29:56,431 - INFO -      0     0 1224.17491    0  287 2.3000e+11 1224.17491   100%     -    0s
2025-02-12 07:29:56,437 - INFO -      0     0 1224.17529    0  289 2.3000e+11 1224.17529   100%     -    0s
2025-02-12 07:29:56,479 - INFO -      0     0 1224.26871    0  306 2.3000e+11 1224.26871   100%     -    0s
2025-02-12 07:29:56,484 - INFO -      0     0 1224.26956    0  303 2.3000e+11 1224.26956   100%     -    0s
2025-02-12 07:29:56,501 - INFO -      0     0 1224.30783    0  312 2.3000e+11 1224.30783   100%     -    0s
2025-02-12 07:29:56,511 - INFO -      0     0 1224.31904    0  314 2.3000e+11 1224.31904   100%     -    0s
2025-02-12 07:29:56,514 - INFO -      0     0 1224.32082    0  314 2.3000e+11 1224.32082   100%     -    0s
2025-02-12 07:29:56,530 - INFO -      0     0 1224.34707    0  308 2.3000e+11 1224.34707   100%     -    0s
2025-02-12 07:29:56,537 - INFO -      0     0 1224.34875    0  312 2.3000e+11 1224.34875   100%     -    0s
2025-02-12 07:29:56,552 - INFO -      0     0 1224.36288    0  316 2.3000e+11 1224.36288   100%     -    0s
2025-02-12 07:29:56,568 - INFO -      0     0 1224.36653    0  316 2.3000e+11 1224.36653   100%     -    0s
2025-02-12 07:29:56,603 - INFO - H    0     0                    1.800000e+11 1224.36739   100%     -    0s
2025-02-12 07:29:56,611 - INFO - H    0     0                    1.600000e+11 1224.36873   100%     -    0s
2025-02-12 07:29:56,633 - INFO -      0     2 1224.36873    0  316 1.6000e+11 1224.36873   100%     -    0s
2025-02-12 07:29:56,721 - INFO - H   31    40                    1.500000e+11 1226.49900   100%   104    0s
2025-02-12 07:29:56,806 - INFO - H   71    79                    1.400000e+11 1227.10221   100%  97.1    0s
2025-02-12 07:29:57,014 - INFO - H  104   113                    1.300000e+11 1227.81131   100%  98.8    0s
2025-02-12 07:29:57,014 - INFO - H  109   113                    1.200000e+11 1227.81131   100%   102    0s
2025-02-12 07:29:57,956 - INFO - H  308   318                    1.100000e+11 1227.81131   100%  95.6    1s
2025-02-12 07:29:57,956 - INFO - H  310   318                    1.000000e+11 1227.81131   100%  95.4    1s
2025-02-12 07:29:57,957 - INFO - H  313   318                    9.000000e+10 1227.81131   100%  95.3    1s
2025-02-12 07:29:59,470 - INFO - H 1583  1559                    9.000000e+10 1227.81131   100%  70.6    3s
2025-02-12 07:29:59,471 - INFO - H 1584  1559                    9.000000e+10 1227.81131   100%  70.5    3s
2025-02-12 07:29:59,472 - INFO - H 1592  1529                    6.000000e+10 1227.81131   100%  70.4    3s
2025-02-12 07:30:01,147 - INFO -   2284  2153 1238.73170   12  299 6.0000e+10 1227.84674   100%  70.2    5s
2025-02-12 07:30:03,606 - INFO - H 2469  2175                    6.000000e+10 1227.86250   100%  72.6    7s
2025-02-12 07:30:06,277 - INFO - H 3222  2477                    5.000000e+10 1227.86250   100%  75.6   10s
2025-02-12 07:30:06,277 - INFO - H 3228  2290                    4.000000e+10 1227.86250   100%  75.6   10s
2025-02-12 07:30:06,419 - INFO - H 3283  2246                    4.000000e+10 1227.86250   100%  75.5   10s
2025-02-12 07:30:11,160 - INFO -   5939  3816 6.2429e+09   68  240 4.0000e+10 1229.28073   100%  80.4   15s
2025-02-12 07:30:17,197 - INFO -   8818  5816 2.2695e+10   85  218 4.0000e+10 1231.33300   100%  78.2   21s
2025-02-12 07:30:21,315 - INFO -  11752  8425 4.4477e+09   47  241 4.0000e+10 1232.75531   100%  79.4   25s
2025-02-12 07:30:23,821 - INFO - H14865 10056                    3.000000e+10 1233.73767   100%  76.0   27s
2025-02-12 07:30:28,291 - INFO -  16471 12234 1268.46655   37  254 3.0000e+10 1234.39685   100%  74.8   32s
2025-02-12 07:30:31,670 - INFO -  21168 15369 1282.43577   31  256 3.0000e+10 1235.26696   100%  74.1   35s
2025-02-12 07:30:33,773 - INFO - H22816 16648                    2.999999e+10 1235.58040   100%  73.5   37s
2025-02-12 07:30:36,129 - INFO -  23741 17978 1362.31925   32  254 3.0000e+10 1235.86143   100%  73.1   40s
2025-02-12 07:44:56,789 - INFO -  29352 22105 1.7689e+10  100  316 3.0000e+10 1236.89451   100%  72.3  900s
2025-02-12 07:45:01,560 - INFO -  29367 22115 2.6728e+10   69  325 3.0000e+10 1236.89451   100%  72.3  905s
2025-02-12 07:45:06,391 - INFO -  29378 22122 1270.96327   26  331 3.0000e+10 1236.89451   100%  72.3  910s
2025-02-12 07:45:11,279 - INFO -  29388 22129 1331.69440   39  338 3.0000e+10 1236.89451   100%  72.3  915s
2025-02-12 07:45:16,405 - INFO -  29397 22135 1324.37137   47  344 3.0000e+10 1236.89451   100%  72.2  920s
2025-02-12 07:45:21,482 - INFO -  29407 22142 1.0000e+10   89  337 3.0000e+10 1236.89451   100%  72.2  925s
2025-02-12 07:45:24,519 - INFO - H29414 21039                    2.999998e+10 1236.89451   100%  72.4  928s
2025-02-12 07:45:26,456 - INFO -  29553 21139 1252.82229   32  297 3.0000e+10 1236.89451   100%  72.6  930s
2025-02-12 07:45:26,456 - INFO - H29554 20086                    2.999998e+10 1236.89451   100%  72.5  930s
2025-02-12 07:45:27,564 - INFO - H29601 19118                    2.999998e+10 1236.89451   100%  72.6  931s
2025-02-12 07:45:31,244 - INFO -  30613 19673 4.7173e+09   55  245 3.0000e+10 1236.89451   100%  73.5  935s
2025-02-12 07:45:33,443 - INFO - H30818 18781                    2.999998e+10 1236.89451   100%  73.7  937s
2025-02-12 07:45:36,320 - INFO -  31865 19459 1321.74740   47  269 3.0000e+10 1236.89451   100%  74.7  940s
2025-02-12 07:45:41,271 - INFO -  34215 20719 1249.53144   27  277 3.0000e+10 1236.89451   100%  76.4  945s
2025-02-12 07:45:43,455 - INFO - H34919 20040                    2.999998e+10 1236.89451   100%  76.6  947s
2025-02-12 07:45:46,200 - INFO -  35450 20395 1.4574e+10   79  236 3.0000e+10 1236.89451   100%  76.9  950s
2025-02-12 07:45:51,840 - INFO -  38323 21963 1.1167e+10   71  229 3.0000e+10 1236.89451   100%  78.6  955s
2025-02-12 07:45:55,106 - INFO - H38606 21018                    2.999998e+10 1236.89451   100%  78.7  958s
2025-02-12 07:45:56,465 - INFO -  38608 21174 2.0223e+10   90  227 3.0000e+10 1236.89451   100%  78.7  960s
2025-02-12 07:46:01,434 - INFO -  41000 22720 9.5993e+09   72  275 3.0000e+10 1236.89451   100%  79.7  965s
2025-02-12 07:46:06,705 - INFO -  45692 25133 1443.28623   60  253 3.0000e+10 1237.39537   100%  81.4  970s
2025-02-12 07:46:11,862 - INFO -  50101 27663 1253.98203   37  276 3.0000e+10 1238.25354   100%  82.0  975s
2025-02-12 07:46:17,333 - INFO -  51621 27995 1254.09152   33  279 3.0000e+10 1238.46354   100%  82.0  981s
2025-02-12 07:46:21,708 - INFO -  55700 30299 3.8615e+09   64  255 3.0000e+10 1239.18490   100%  83.0  985s
2025-02-12 07:46:26,286 - INFO -  60285 32647 1260.50106   31  295 3.0000e+10 1239.99534   100%  83.7  990s
2025-02-12 07:46:30,318 - INFO - H63832 32844                    2.999998e+10 1240.29657   100%  83.6  994s
2025-02-12 07:46:31,620 - INFO -  65061 34257 4.9213e+09   80  254 3.0000e+10 1240.55570   100%  83.6  995s
2025-02-12 07:46:36,260 - INFO -  70495 36416 5.5562e+08   39  268 3.0000e+10 1241.16233   100%  84.2 1000s
2025-02-12 07:46:41,157 - INFO -  76665 40634 1245.49068   33  301 3.0000e+10 1241.66682   100%  84.7 1005s
2025-02-12 07:46:46,327 - INFO -  84851 47173 1.1524e+10   68  252 3.0000e+10 1242.35799   100%  84.7 1010s
2025-02-12 07:46:52,202 - INFO -  88705 49862 1.1517e+10  113  244 3.0000e+10 1242.76263   100%  84.8 1016s
2025-02-12 07:46:56,335 - INFO -  93462 54430 1296.59474   38  258 3.0000e+10 1243.17709   100%  84.9 1020s
2025-02-12 07:47:01,149 - INFO -  103361 62819 1372.01685   48  252 3.0000e+10 1243.71689   100%  85.0 1025s
2025-02-12 07:47:06,404 - INFO -  111025 69481 1279.12542   43  262 3.0000e+10 1244.27342   100%  84.9 1030s
2025-02-12 07:47:11,519 - INFO -  118653 76995 2.5886e+10  123  236 3.0000e+10 1244.71882   100%  84.5 1035s
2025-02-12 07:47:16,562 - INFO -  123086 80050 4.0674e+09   96  254 3.0000e+10 1244.90570   100%  84.0 1040s
2025-02-12 07:47:21,347 - INFO -  130087 85716 1338.83161   48  260 3.0000e+10 1245.19073   100%  83.7 1045s
2025-02-12 07:47:26,465 - INFO -  142298 95578 1272.76667   35  267 3.0000e+10 1245.73533   100%  82.9 1050s
2025-02-12 07:47:31,133 - INFO -  150434 102257 1.2605e+10   92  241 3.0000e+10 1246.14568   100%  82.5 1055s
2025-02-12 07:47:36,160 - INFO -  156946 107713 5.9773e+09   85  235 3.0000e+10 1246.44010   100%  82.0 1060s
2025-02-12 07:47:41,429 - INFO -  167903 117062 1278.54105   38  261 3.0000e+10 1246.77837   100%  80.7 1065s
2025-02-12 07:47:46,377 - INFO -  177642 126143 1263.35453   33  260 3.0000e+10 1247.12529   100%  79.8 1070s
2025-02-12 07:47:51,374 - INFO -  188747 134365 1376.33233   53  259 3.0000e+10 1247.52568   100%  78.3 1075s
2025-02-12 07:47:56,764 - INFO -  195186 139248 1.0000e+10   52  236 3.0000e+10 1247.65587   100%  77.5 1080s
2025-02-12 07:48:01,644 - INFO -  206873 150730 1343.22021   53  262 3.0000e+10 1248.04324   100%  76.5 1085s
2025-02-12 07:48:06,311 - INFO -  217791 159035 8.3149e+08   49  246 3.0000e+10 1248.32847   100%  75.6 1090s
2025-02-12 07:48:12,889 - INFO -  221683 168207 6.2067e+08   51  257 3.0000e+10 1248.41704   100%  75.3 1096s
2025-02-12 07:48:16,193 - INFO -  235021 173265 4.7884e+08   43  252 3.0000e+10 1248.75920   100%  74.4 1100s
2025-02-12 07:48:21,369 - INFO -  245309 182017 1354.18398   45  245 3.0000e+10 1249.01745   100%  73.6 1105s
2025-02-12 07:48:26,453 - INFO -  258190 192222 1313.02325   46  276 3.0000e+10 1249.29878   100%  72.7 1110s
2025-02-12 07:48:31,184 - INFO -  264804 198589 1.1332e+10   73  226 3.0000e+10 1249.47464   100%  72.2 1115s
2025-02-12 07:48:36,255 - INFO -  277773 209680 1388.19675   46  244 3.0000e+10 1249.74762   100%  71.4 1120s
2025-02-12 07:48:41,184 - INFO -  285988 216238 1.4143e+10   54  262 3.0000e+10 1249.91581   100%  70.9 1125s
2025-02-12 07:48:46,723 - INFO -  296650 226337 1342.59307   57  246 3.0000e+10 1250.12236   100%  70.4 1130s
2025-02-12 07:48:51,215 - INFO -  308009 234718 6.8989e+09   65  246 3.0000e+10 1250.38400   100%  70.0 1135s
2025-02-12 07:48:56,187 - INFO -  315506 240315 2.1481e+10  103  233 3.0000e+10 1250.53614   100%  69.8 1140s
2025-02-12 07:49:01,535 - INFO -  326717 250500 2.5023e+10   53  218 3.0000e+10 1250.73146   100%  69.4 1145s
2025-02-12 07:49:06,405 - INFO -  334908 257270 1.3649e+10   60  231 3.0000e+10 1250.88545   100%  69.0 1150s
2025-02-12 07:49:11,413 - INFO -  345854 265998 2.0938e+10  114  247 3.0000e+10 1251.09621   100%  68.7 1155s
2025-02-12 07:49:16,354 - INFO -  357537 276540 1308.17542   46  286 3.0000e+10 1251.32317   100%  68.3 1160s
2025-02-12 07:49:22,423 - INFO -  368486 284673 1.6908e+10  111  249 3.0000e+10 1251.48877   100%  67.9 1166s
2025-02-12 07:49:26,382 - INFO -  376453 291616 5.3337e+09   76  246 3.0000e+10 1251.61908   100%  67.6 1170s
2025-02-12 07:49:31,475 - INFO -  385448 299532 1344.99057   45  249 3.0000e+10 1251.81599   100%  67.2 1175s
2025-02-12 07:49:36,163 - INFO -  390437 302950 1332.83630   56  240 3.0000e+10 1251.87502   100%  67.1 1180s
2025-02-12 07:49:41,141 - INFO -  400380 311544 1361.71548   48  247 3.0000e+10 1252.02852   100%  66.8 1185s
2025-02-12 07:49:46,357 - INFO -  412117 321459 1259.81002   38  277 3.0000e+10 1252.23434   100%  66.5 1190s
2025-02-12 07:49:51,369 - INFO -  422623 330867 1.7788e+09   63  260 3.0000e+10 1252.40191   100%  66.3 1195s
2025-02-12 07:49:56,136 - INFO -  434166 340348 1328.67676   55  245 3.0000e+10 1252.56545   100%  65.9 1200s
2025-02-12 07:50:01,586 - INFO -  446370 350405 1.6444e+09   76  260 3.0000e+10 1252.73969   100%  65.6 1205s
2025-02-12 07:50:06,183 - INFO -  456357 359209 1286.87881   40  266 3.0000e+10 1252.86924   100%  65.4 1210s
2025-02-12 07:50:11,861 - INFO -  467185 367752 1403.74057   50  249 3.0000e+10 1252.99533   100%  65.1 1215s
2025-02-12 07:50:16,350 - INFO -  476218 375387 1.4502e+10   76  230 3.0000e+10 1253.12358   100%  64.8 1220s
2025-02-12 07:50:21,400 - INFO -  485124 383527 2.1555e+10  103  276 3.0000e+10 1253.22098   100%  64.6 1225s
2025-02-12 07:50:27,238 - INFO -  497490 393070 5.8678e+09   53  267 3.0000e+10 1253.37995   100%  64.3 1231s
2025-02-12 07:50:31,143 - INFO -  504178 399460 1347.21645   44  245 3.0000e+10 1253.44994   100%  64.1 1235s
2025-02-12 07:50:36,234 - INFO -  517358 410515 1392.94535   44  220 3.0000e+10 1253.60305   100%  63.8 1240s
2025-02-12 07:50:41,180 - INFO -  530488 421465 8.2974e+09   96  270 3.0000e+10 1253.78810   100%  63.4 1245s
2025-02-12 07:50:46,378 - INFO -  539977 429651 4.1820e+09   98  238 3.0000e+10 1253.91751   100%  63.2 1250s
2025-02-12 07:50:51,299 - INFO -  550316 438002 1.0770e+09   51  255 3.0000e+10 1254.02438   100%  63.0 1255s
2025-02-12 07:50:56,376 - INFO -  562974 448537 1.5346e+10   77  221 3.0000e+10 1254.17737   100%  62.9 1260s
2025-02-12 07:51:02,745 - INFO -  568121 457571 1.8326e+09   63  245 3.0000e+10 1254.23237   100%  62.8 1266s
2025-02-12 07:51:06,701 - INFO -  582574 463957 1313.43364   46  255 3.0000e+10 1254.38750   100%  62.5 1270s
2025-02-12 07:51:11,361 - INFO -  595443 475362 2.5737e+10   65  230 3.0000e+10 1254.53640   100%  62.3 1275s
2025-02-12 07:51:16,812 - INFO -  600954 479295 2.4717e+10  143  237 3.0000e+10 1254.59230   100%  62.2 1280s
2025-02-12 07:51:21,309 - INFO -  614465 491311     cutoff   68      3.0000e+10 1254.76541   100%  61.9 1285s
2025-02-12 07:51:26,430 - INFO -  626931 501513 1.8078e+09   50  254 3.0000e+10 1254.88888   100%  61.7 1290s
2025-02-12 07:51:31,159 - INFO -  637591 510477 2.2247e+10  119  266 3.0000e+10 1254.98053   100%  61.5 1295s
2025-02-12 07:51:36,317 - INFO -  647514 518886 2.6285e+10  105  236 3.0000e+10 1255.08067   100%  61.4 1300s
2025-02-12 07:51:41,496 - INFO -  659564 528331 4.0914e+09   54  239 3.0000e+10 1255.20126   100%  61.2 1305s
2025-02-12 07:51:46,552 - INFO -  668938 536341 2.4742e+10  103  229 3.0000e+10 1255.29358   100%  61.1 1310s
2025-02-12 07:51:51,221 - INFO -  679331 544899 1270.62470   36  262 3.0000e+10 1255.38672   100%  61.1 1315s
2025-02-12 07:51:54,429 - INFO - H686621 489875                    2.000000e+10 1255.45113   100%  61.1 1318s
2025-02-12 07:51:54,596 - INFO - *686622 354928              86    1.000000e+10 1255.45113   100%  61.1 1318s
2025-02-12 07:51:56,619 - INFO -  690153 357055 1.0000e+10   44  250 1.0000e+10 1255.51684   100%  61.1 1320s
2025-02-12 07:52:01,310 - INFO -  694052 360154 1364.97239   34  270 1.0000e+10 1255.57338   100%  61.1 1325s
2025-02-12 07:52:06,684 - INFO -  702766 366633 1304.21517   37  240 1.0000e+10 1255.70367   100%  61.2 1330s
2025-02-12 07:52:11,709 - INFO -  711922 373656 9.5463e+08   67  245 1.0000e+10 1255.83739   100%  61.3 1335s
2025-02-12 07:52:17,385 - INFO -  717267 377552 7.0864e+09   75  240 1.0000e+10 1255.91589   100%  61.3 1341s
2025-02-12 07:52:21,146 - INFO -  717379 383777 7.3322e+09   76  239 1.0000e+10 1255.92045   100%  61.3 1345s
2025-02-12 07:52:26,261 - INFO -  732041 389903     cutoff   88      1.0000e+10 1256.16519   100%  61.4 1350s
2025-02-12 07:52:31,691 - INFO -  742393 397329 1280.60685   38  286 1.0000e+10 1256.33151   100%  61.5 1355s
2025-02-12 07:52:36,133 - INFO -  751181 404716 1294.84993   47  258 1.0000e+10 1256.46108   100%  61.6 1360s
2025-02-12 07:52:41,378 - INFO -  760623 411957 1275.79335   39  281 1.0000e+10 1256.61075   100%  61.6 1365s
2025-02-12 07:52:46,460 - INFO -  766316 416797 1347.76207   48  269 1.0000e+10 1256.69132   100%  61.6 1370s
2025-02-12 07:52:54,086 - INFO -  775559 422607 1273.01382   41  285 1.0000e+10 1256.82415   100%  61.7 1377s
2025-02-12 07:52:56,558 - INFO -  779690 426205 1294.28892   48  272 1.0000e+10 1256.87639   100%  61.7 1380s
2025-02-12 07:53:01,139 - INFO -  787370 432341     cutoff   76      1.0000e+10 1256.98160   100%  61.8 1385s
2025-02-12 07:53:06,132 - INFO -  797503 439915 4.1629e+09   68  263 1.0000e+10 1257.12362   100%  61.8 1390s
2025-02-12 07:53:11,339 - INFO -  806754 447459 1303.92424   38  252 1.0000e+10 1257.27071   100%  61.9 1395s
2025-02-12 07:53:16,340 - INFO -  815846 453908 1.6911e+09   59  252 1.0000e+10 1257.38971   100%  61.9 1400s
2025-02-12 07:53:21,694 - INFO -  825478 460420 1337.47579   49  252 1.0000e+10 1257.50128   100%  62.0 1405s
2025-02-12 07:53:26,139 - INFO -  832415 466099 1362.85645   44  253 1.0000e+10 1257.60366   100%  62.1 1410s
2025-02-12 07:53:31,385 - INFO -  837791 470244 4.2718e+09   93  259 1.0000e+10 1257.66579   100%  62.1 1415s
2025-02-12 07:53:37,005 - INFO -  847812 477211 1263.61985   35  266 1.0000e+10 1257.78914   100%  62.1 1420s
2025-02-12 07:53:41,519 - INFO -  855677 483791 1267.09023   41  267 1.0000e+10 1257.89684   100%  62.2 1425s
2025-02-12 07:53:46,255 - INFO -  864288 490155 1269.90105   41  283 1.0000e+10 1257.99227   100%  62.2 1430s
2025-02-12 07:53:51,496 - INFO -  872770 496559 2.9564e+09   52  248 1.0000e+10 1258.10650   100%  62.3 1435s
2025-02-12 07:53:56,530 - INFO -  878627 501052 1306.97349   48  276 1.0000e+10 1258.17449   100%  62.3 1440s
2025-02-12 07:54:01,601 - INFO -  887903 508110 1333.59803   47  268 1.0000e+10 1258.28623   100%  62.3 1445s
2025-02-12 07:54:07,426 - INFO -  897579 514470 5.5982e+09   79  215 1.0000e+10 1258.38587   100%  62.3 1451s
2025-02-12 07:54:11,636 - INFO -  900676 516904 1353.16774   46  267 1.0000e+10 1258.42199   100%  62.3 1455s
2025-02-12 07:54:16,156 - INFO -  909248 523940 3.2672e+08   65  238 1.0000e+10 1258.52746   100%  62.3 1460s
2025-02-12 07:54:21,359 - INFO -  918380 530628 1277.07659   42  265 1.0000e+10 1258.63636   100%  62.4 1465s
2025-02-12 07:54:26,277 - INFO -  927213 537831     cutoff   85      1.0000e+10 1258.75166   100%  62.4 1470s
2025-02-12 07:54:31,605 - INFO -  933307 541759 1277.81262   38  270 1.0000e+10 1258.81242   100%  62.5 1475s
2025-02-12 07:54:36,228 - INFO -  940219 547796 1274.89533   43  278 1.0000e+10 1258.88655   100%  62.5 1480s
2025-02-12 07:54:41,244 - INFO -  948922 554124 8.1320e+08   63  281 1.0000e+10 1258.96919   100%  62.5 1485s
2025-02-12 07:54:46,512 - INFO -  956489 559865     cutoff   60      1.0000e+10 1259.04780   100%  62.5 1490s
2025-02-12 07:54:51,358 - INFO -  967440 567387     cutoff   52      1.0000e+10 1259.15433   100%  62.5 1495s
2025-02-12 07:54:56,256 - INFO -  973876 572802 1289.45055   42  278 1.0000e+10 1259.23206   100%  62.5 1500s
2025-02-12 07:55:01,181 - INFO -  982732 579085 6.0080e+08   53  244 1.0000e+10 1259.32703   100%  62.6 1505s
2025-02-12 07:55:07,671 - INFO -  990391 584900 1266.83109   41  295 1.0000e+10 1259.40381   100%  62.6 1511s
2025-02-12 07:55:11,371 - INFO -  997850 590540 1271.15799   35  253 1.0000e+10 1259.48430   100%  62.6 1515s
2025-02-12 07:55:16,498 - INFO -  1006619 597074 4.9560e+08   49  250 1.0000e+10 1259.57010   100%  62.7 1520s
2025-02-12 07:55:22,827 - INFO -  1013902 601868 1301.65937   37  252 1.0000e+10 1259.64369   100%  62.8 1526s
2025-02-12 07:55:26,551 - INFO -  1018413 605440 1266.87883   36  282 1.0000e+10 1259.68853   100%  62.8 1530s
2025-02-12 07:55:31,509 - INFO -  1026782 611752 1278.84772   30  280 1.0000e+10 1259.76238   100%  62.9 1535s
2025-02-12 08:13:00,411 - INFO -  1027934 612434 1306.27462   45  274 1.0000e+10 1259.77337   100%  62.9 2584s
2025-02-12 08:13:01,560 - INFO -  1030178 614435 1279.92286   38  268 1.0000e+10 1259.79838   100%  62.9 2585s
2025-02-12 08:30:28,297 - INFO -  1037361 619409 6.4269e+08   57  256 1.0000e+10 1259.87216   100%  62.9 3632s
2025-02-12 08:30:31,605 - INFO -  1043014 623968 1347.60947   37  257 1.0000e+10 1259.92646   100%  62.9 3635s
2025-02-12 08:31:56,080 - INFO -  1047971 627305 1281.20945   38  269 1.0000e+10 1259.97591   100%  62.9 3719s
2025-02-12 08:31:56,603 - INFO -  1048613 627931 1.1967e+09   64  255 1.0000e+10 1259.98086   100%  62.9 3720s
2025-02-12 08:32:01,364 - INFO -  1057767 634671 3.5282e+09   55  234 1.0000e+10 1260.05326   100%  63.0 3725s
2025-02-12 08:32:06,406 - INFO -  1066164 641229 1292.47047   53  268 1.0000e+10 1260.13577   100%  63.0 3730s
2025-02-12 08:32:11,296 - INFO -  1071382 644099 1273.83125   43  281 1.0000e+10 1260.18266   100%  63.0 3735s
2025-02-12 08:32:16,559 - INFO -  1080995 652079 1.1848e+08   55  278 1.0000e+10 1260.27162   100%  63.0 3740s
2025-02-12 08:32:21,496 - INFO -  1090762 659163 9.9765e+08   51  249 1.0000e+10 1260.35307   100%  63.1 3745s
2025-02-12 08:32:27,997 - INFO -  1098337 664798 1322.58912   44  270 1.0000e+10 1260.41905   100%  63.1 3751s
2025-02-12 08:32:33,029 - INFO -  1104216 672481     cutoff   68      1.0000e+10 1260.46697   100%  63.1 3756s
2025-02-12 08:32:36,302 - INFO -  1112918 675968 2.8996e+09   59  253 1.0000e+10 1260.53898   100%  63.1 3760s
2025-02-12 08:32:41,356 - INFO -  1125264 685300 1.0000e+10   44  276 1.0000e+10 1260.64773   100%  63.1 3765s
2025-02-12 08:32:46,152 - INFO -  1133521 691705     cutoff   76      1.0000e+10 1260.72508   100%  63.1 3770s
2025-02-12 08:32:52,713 - INFO -  1144317 699307 1291.76520   38  266 1.0000e+10 1260.81614   100%  63.2 3776s
2025-02-12 08:32:56,421 - INFO -  1150485 704372 1273.10126   37  265 1.0000e+10 1260.87070   100%  63.1 3780s
2025-02-12 08:33:01,198 - INFO -  1160504 711895 1408.41842   47  254 1.0000e+10 1260.95120   100%  63.2 3785s
2025-02-12 08:33:07,396 - INFO -  1169497 718161 1.5598e+08   50  258 1.0000e+10 1261.03766   100%  63.1 3791s
2025-02-12 08:33:11,497 - INFO -  1173157 721875 1306.47458   45  276 1.0000e+10 1261.07916   100%  63.2 3795s
2025-02-12 08:33:16,522 - INFO -  1183608 729517 1267.91972   40  280 1.0000e+10 1261.17900   100%  63.2 3800s
2025-02-12 08:33:21,356 - INFO -  1192325 736262 1.0489e+09   64  250 1.0000e+10 1261.25338   100%  63.2 3805s
2025-02-12 08:33:26,646 - INFO -  1202263 743745 1301.92884   39  267 1.0000e+10 1261.34577   100%  63.2 3810s
2025-02-12 08:33:31,285 - INFO -  1210344 749111     cutoff   74      1.0000e+10 1261.39685   100%  63.2 3815s
2025-02-12 08:33:36,289 - INFO -  1217233 755150 6.2135e+09   60  262 1.0000e+10 1261.44549   100%  63.2 3820s
2025-02-12 08:33:44,070 - INFO -  1224465 765772 1296.93108   39  265 1.0000e+10 1261.51315   100%  63.2 3827s
2025-02-12 08:33:46,483 - INFO -  1237138 770138 1327.15480   50  275 1.0000e+10 1261.61347   100%  63.2 3830s
2025-02-12 08:33:51,326 - INFO -  1242392 774443 1.7286e+09   74  250 1.0000e+10 1261.65296   100%  63.3 3835s
2025-02-12 08:33:56,565 - INFO -  1251636 781387 6.0130e+09   58  269 1.0000e+10 1261.72507   100%  63.3 3840s
2025-02-12 08:34:01,294 - INFO -  1255373 783894 4.4520e+09   46  245 1.0000e+10 1261.75749   100%  63.3 3845s
2025-02-12 08:34:06,317 - INFO -  1264886 791352 5851190.70   51  254 1.0000e+10 1261.84433   100%  63.3 3850s
2025-02-12 08:34:11,257 - INFO -  1273745 797675     cutoff   63      1.0000e+10 1261.90817   100%  63.3 3855s
2025-02-12 08:34:17,063 - INFO -  1282666 803709 1.6862e+09   41  254 1.0000e+10 1261.97714   100%  63.3 3860s
2025-02-12 08:34:21,519 - INFO -  1290742 810684 2.1513e+09   68  224 1.0000e+10 1262.03284   100%  63.3 3865s
2025-02-12 08:34:26,314 - INFO -  1300099 817748 1317.94059   48  253 1.0000e+10 1262.10118   100%  63.3 3870s
2025-02-12 08:34:31,181 - INFO -  1305605 822035 1271.90139   39  259 1.0000e+10 1262.13865   100%  63.3 3875s
2025-02-12 08:34:36,687 - INFO -  1314736 828733 1348.87094   47  234 1.0000e+10 1262.20132   100%  63.3 3880s
2025-02-12 08:34:41,262 - INFO -  1324486 835845 1287.58020   45  262 1.0000e+10 1262.26530   100%  63.3 3885s
2025-02-12 08:34:49,250 - INFO -  1333619 841589 4.1526e+07   48  273 1.0000e+10 1262.33392   100%  63.4 3893s
2025-02-12 08:34:51,394 - INFO -  1337464 845561 9.8750e+08   71  252 1.0000e+10 1262.37439   100%  63.4 3895s
2025-02-12 08:34:56,328 - INFO -  1345682 853492     cutoff   85      1.0000e+10 1262.42245   100%  63.3 3900s
2025-02-12 08:35:02,202 - INFO -  1357659 860013 1287.65346   38  268 1.0000e+10 1262.51310   100%  63.3 3906s
2025-02-12 08:35:06,356 - INFO -  1366399 867606 1285.52111   44  245 1.0000e+10 1262.57229   100%  63.3 3910s
2025-02-12 08:35:13,934 - INFO -  1377167 874800 1288.94757   41  264 1.0000e+10 1262.63872   100%  63.4 3917s
2025-02-12 08:35:16,632 - INFO -  1380979 878640 1300.00675   40  288 1.0000e+10 1262.66264   100%  63.4 3920s
2025-02-12 08:35:21,385 - INFO -  1390417 885100 1282.68462   40  288 1.0000e+10 1262.72902   100%  63.4 3925s
2025-02-12 08:35:26,237 - INFO -  1399833 892649 1294.00309   47  274 1.0000e+10 1262.79206   100%  63.4 3930s
2025-02-12 08:35:31,226 - INFO -  1409328 899608 1270.32422   34  289 1.0000e+10 1262.86272   100%  63.4 3935s
2025-02-12 08:35:36,506 - INFO -  1419155 907338 1317.24293   48  270 1.0000e+10 1262.91933   100%  63.4 3940s
2025-02-12 08:35:41,461 - INFO -  1429090 914626 1350.51095   52  249 1.0000e+10 1262.98116   100%  63.4 3945s
2025-02-12 08:35:46,328 - INFO -  1435343 919352 1271.72160   37  248 1.0000e+10 1263.02649   100%  63.4 3950s
2025-02-12 08:35:51,280 - INFO -  1444017 926047 8.3465e+08   48  253 1.0000e+10 1263.09135   100%  63.4 3955s
2025-02-12 08:35:56,172 - INFO -  1454686 934217 1281.74377   50  281 1.0000e+10 1263.15273   100%  63.4 3960s
2025-02-12 08:36:02,100 - INFO -  1463231 939843 1281.44979   31  270 1.0000e+10 1263.22179   100%  63.4 3965s
2025-02-12 08:36:06,509 - INFO -  1470326 945760     cutoff   66      1.0000e+10 1263.26617   100%  63.4 3970s
2025-02-12 08:36:11,425 - INFO -  1480371 952895 1269.04818   37  268 1.0000e+10 1263.33657   100%  63.4 3975s
2025-02-12 08:36:16,161 - INFO -  1488903 959766 2.1082e+09   87  238 1.0000e+10 1263.38281   100%  63.4 3980s
2025-02-12 08:36:22,435 - INFO -  1500064 967061 1.0000e+10   63  246 1.0000e+10 1263.44820   100%  63.4 3986s
2025-02-12 08:36:26,515 - INFO -  1503510 970604 1348.96144   49  255 1.0000e+10 1263.46833   100%  63.4 3990s
2025-02-12 08:36:31,397 - INFO -  1513003 977349 1396.09992   68  253 1.0000e+10 1263.52780   100%  63.4 3995s
2025-02-12 08:36:36,463 - INFO -  1522029 984160 1276.03388   44  279 1.0000e+10 1263.59314   100%  63.4 4000s
2025-02-12 08:36:41,278 - INFO -  1529591 989821 1303.60793   38  276 1.0000e+10 1263.64277   100%  63.5 4005s
2025-02-12 08:36:47,325 - INFO -  1536069 993842     cutoff   70      1.0000e+10 1263.67596   100%  63.5 4011s
2025-02-12 08:36:51,607 - INFO -  1545278 1001013     cutoff   61      1.0000e+10 1263.73269   100%  63.5 4015s
2025-02-12 08:36:56,520 - INFO -  1553343 1006634 1285.17291   43  263 1.0000e+10 1263.78095   100%  63.6 4020s
2025-02-12 08:37:01,491 - INFO -  1563154 1013852 6.5599e+08   60  255 1.0000e+10 1263.84139   100%  63.6 4025s
2025-02-12 08:37:07,399 - INFO -  1570985 1019265 1.1767e+09   47  241 1.0000e+10 1263.88856   100%  63.6 4031s
2025-02-12 08:37:11,608 - INFO -  1578639 1025931 9.1306e+08   65  256 1.0000e+10 1263.93420   100%  63.6 4035s
2025-02-12 08:37:16,307 - INFO -  1587800 1032793 1276.00612   41  273 1.0000e+10 1263.98320   100%  63.5 4040s
2025-02-12 08:37:22,522 - INFO -  1597072 1039282 1279.44165   40  282 1.0000e+10 1264.03872   100%  63.5 4046s
2025-02-12 08:37:26,310 - INFO -  1603110 1044262 5.1512e+09   72  251 1.0000e+10 1264.07067   100%  63.5 4050s
2025-02-12 08:37:31,982 - INFO -  1615463 1053456 1360.50150   56  251 1.0000e+10 1264.14194   100%  63.5 4055s
2025-02-12 08:37:37,705 - INFO -  1623325 1058758 1288.53268   43  270 1.0000e+10 1264.18704   100%  63.5 4061s
2025-02-12 08:37:41,264 - INFO -  1627834 1063039     cutoff   54      1.0000e+10 1264.21359   100%  63.5 4065s
2025-02-12 08:37:46,577 - INFO -  1639529 1070608     cutoff   53      1.0000e+10 1264.28416   100%  63.5 4070s
2025-02-12 08:37:51,251 - INFO -  1649664 1079039 1316.13980   47  253 1.0000e+10 1264.34674   100%  63.5 4075s
2025-02-12 08:37:56,197 - INFO -  1654302 1082587 1272.89377   35  276 1.0000e+10 1264.36972   100%  63.5 4080s
2025-02-12 08:38:01,575 - INFO -  1663518 1089926 2.7651e+09   64  234 1.0000e+10 1264.42389   100%  63.5 4085s
2025-02-12 08:38:06,481 - INFO -  1672621 1096607 1303.59554   51  268 1.0000e+10 1264.47876   100%  63.5 4090s
2025-02-12 08:38:11,340 - INFO -  1682713 1103457 1350.88447   42  268 1.0000e+10 1264.53508   100%  63.5 4095s
2025-02-12 08:38:16,561 - INFO -  1691766 1110784     cutoff   53      1.0000e+10 1264.59599   100%  63.6 4100s
2025-02-12 08:38:21,159 - INFO -  1701549 1118412 1329.37875   41  263 1.0000e+10 1264.64580   100%  63.6 4105s
2025-02-12 08:38:26,535 - INFO -  1708430 1123313 1281.63339   43  280 1.0000e+10 1264.68863   100%  63.6 4110s
2025-02-12 08:38:31,298 - INFO -  1718486 1131026 1.3143e+09   61  259 1.0000e+10 1264.74678   100%  63.6 4115s
2025-02-12 08:38:36,224 - INFO -  1721779 1132607 1313.48791   51  250 1.0000e+10 1264.76607   100%  63.6 4120s
2025-02-12 08:38:41,637 - INFO -  1729867 1139276 infeasible   60      1.0000e+10 1264.81068   100%  63.6 4125s
2025-02-12 08:38:46,525 - INFO -  1739444 1146784 6.3968e+09   58  256 1.0000e+10 1264.86508   100%  63.6 4130s
2025-02-12 08:38:51,615 - INFO -  1747788 1152669 1.2158e+09   51  234 1.0000e+10 1264.91199   100%  63.6 4135s
2025-02-12 08:38:56,459 - INFO -  1757660 1159935 2.1978e+09   55  248 1.0000e+10 1264.96698   100%  63.6 4140s
2025-02-12 08:39:01,259 - INFO -  1766543 1166462 4.1621e+09   49  272 1.0000e+10 1265.01509   100%  63.6 4145s
2025-02-12 08:39:06,517 - INFO -  1776786 1173735 1305.73425   50  287 1.0000e+10 1265.06765   100%  63.6 4150s
2025-02-12 08:39:13,030 - INFO -  1781409 1182218 1.0313e+08   59  243 1.0000e+10 1265.09486   100%  63.6 4156s
2025-02-12 08:39:16,342 - INFO -  1795136 1187535 1.1047e+08   51  259 1.0000e+10 1265.17604   100%  63.6 4160s
2025-02-12 08:39:21,409 - INFO -  1802076 1192642 1276.71900   41  262 1.0000e+10 1265.21301   100%  63.6 4165s
2025-02-12 08:39:24,420 - INFO - H1803870 513560                    1.000000e+10 1265.22019   100%  63.6 4168s
2025-02-12 08:39:26,451 - INFO -  1805975 514913 1284.03997   43  260 1.0000e+10 1265.24418   100%  63.7 4170s
2025-02-12 08:39:31,198 - INFO -  1811849 517150 1295.72275   49  316 1.0000e+10 1265.30054   100%  63.8 4175s
2025-02-12 08:39:36,433 - INFO -  1811864 517160 1282.00157   48  324 1.0000e+10 1265.30054   100%  63.8 4180s
2025-02-12 08:39:41,459 - INFO -  1811876 517168 3.3239e+09   65  334 1.0000e+10 1265.30054   100%  63.8 4185s
2025-02-12 08:39:46,150 - INFO -  1812215 517417 1265.30054   53  289 1.0000e+10 1265.30054   100%  63.7 4190s
2025-02-12 08:39:51,260 - INFO -  1813711 517984 1270.63525   54  260 1.0000e+10 1265.30054   100%  63.7 4195s
2025-02-12 08:39:56,131 - INFO -  1816941 519251 1286.97324   63  255 1.0000e+10 1265.30054   100%  63.7 4200s
2025-02-12 08:40:01,133 - INFO -  1825599 523149 1281.38730   57  273 1.0000e+10 1265.30054   100%  63.7 4205s
2025-02-12 08:40:06,358 - INFO -  1833457 525578 1339.19012   69  261 1.0000e+10 1265.30054   100%  63.7 4210s
2025-02-12 08:40:11,218 - INFO -  1840034 528670 1265.30054   55  274 1.0000e+10 1265.30054   100%  63.7 4215s
2025-02-12 08:40:16,470 - INFO -  1846904 530472 1270.88324   55  291 1.0000e+10 1265.30054   100%  63.7 4220s
2025-02-12 08:40:21,253 - INFO -  1855426 534165 1267.32245   61  274 1.0000e+10 1265.30054   100%  63.7 4225s
2025-02-12 08:40:27,240 - INFO -  1864419 536739 infeasible   68      1.0000e+10 1265.30054   100%  63.7 4231s
2025-02-12 08:40:31,162 - INFO -  1870800 539556 1266.36896   57  261 1.0000e+10 1265.30054   100%  63.7 4235s
2025-02-12 08:40:36,131 - INFO -  1880608 542882 1274.89021   53  272 1.0000e+10 1265.30054   100%  63.7 4240s
2025-02-12 08:40:41,474 - INFO -  1887801 545706 1349.58019   83  260 1.0000e+10 1265.30054   100%  63.7 4245s
2025-02-12 08:40:46,269 - INFO -  1897538 548851 1276.19072   54  275 1.0000e+10 1265.30054   100%  63.7 4250s
2025-02-12 08:40:52,412 - INFO -  1905664 550983 1280.36702   52  271 1.0000e+10 1265.30054   100%  63.8 4256s
2025-02-12 08:40:56,379 - INFO -  1911435 553609 1353.86275   77  264 1.0000e+10 1265.30054   100%  63.8 4260s
2025-02-12 08:41:01,303 - INFO -  1920064 556462 1274.35950   58  264 1.0000e+10 1265.30054   100%  63.8 4265s
2025-02-12 08:41:06,465 - INFO -  1929898 559653 1329.11099   58  256 1.0000e+10 1265.30054   100%  63.8 4270s
2025-02-12 08:41:11,355 - INFO -  1939636 562198 1275.22740   56  269 1.0000e+10 1265.30054   100%  63.8 4275s
2025-02-12 08:41:16,252 - INFO -  1946989 565308 1273.70421   51  270 1.0000e+10 1265.30054   100%  63.8 4280s
2025-02-12 08:41:21,246 - INFO -  1956529 568257 1294.26490   59  269 1.0000e+10 1265.30054   100%  63.8 4285s
2025-02-12 08:41:26,268 - INFO -  1961025 569853 infeasible   70      1.0000e+10 1265.30054   100%  63.8 4290s
2025-02-12 08:41:31,359 - INFO -  1970961 572824 1331.25483   62  244 1.0000e+10 1265.30054   100%  63.8 4295s
2025-02-12 08:41:36,444 - INFO -  1980508 575554 1326.14043   77  249 1.0000e+10 1265.30054   100%  63.8 4300s
2025-02-12 08:41:41,426 - INFO -  1989552 578303 1356.60528   63  249 1.0000e+10 1265.30054   100%  63.8 4305s
2025-02-12 08:41:46,662 - INFO -  1995477 579669 1281.11777   55  263 1.0000e+10 1265.30054   100%  63.8 4310s
2025-02-12 08:41:51,224 - INFO -  2003762 582599 1329.52536   68  264 1.0000e+10 1265.30054   100%  63.9 4315s
2025-02-12 08:41:56,248 - INFO -  2013255 585619 infeasible   74      1.0000e+10 1265.30054   100%  63.9 4320s
2025-02-12 08:42:01,476 - INFO -  2016957 586586 1265.30054   53  264 1.0000e+10 1265.30054   100%  63.9 4325s
2025-02-12 08:42:06,532 - INFO -  2026262 589674 1267.96154   52  272 1.0000e+10 1265.30054   100%  63.9 4330s
2025-02-12 08:42:11,546 - INFO -  2034986 592403 1267.12947   53  253 1.0000e+10 1265.30054   100%  63.9 4335s
2025-02-12 08:42:18,817 - INFO -  2045658 594954 1280.87406   66  271 1.0000e+10 1265.30054   100%  63.9 4342s
2025-02-12 08:42:21,438 - INFO -  2050102 597024 1274.56515   54  267 1.0000e+10 1265.30054   100%  63.9 4345s
2025-02-12 08:42:26,171 - INFO -  2059053 599212 infeasible   77      1.0000e+10 1265.30054   100%  63.9 4350s
2025-02-12 08:57:15,664 - INFO -  2066684 601883 1292.42391   55  259 1.0000e+10 1265.30054   100%  63.9 5239s
2025-02-12 08:57:17,267 - INFO -  2068720 602391 1298.15932   64  266 1.0000e+10 1265.30054   100%  63.9 5241s
2025-02-12 09:14:29,724 - INFO -  2072839 603877 1336.96896   75  254 1.0000e+10 1265.30054   100%  63.9 6273s
2025-02-12 09:14:31,404 - INFO -  2076229 604110 1271.35673   52  263 1.0000e+10 1265.30054   100%  63.9 6275s
2025-02-12 09:30:02,273 - INFO -  2082712 606802 infeasible   70      1.0000e+10 1265.30054   100%  63.9 7206s
2025-02-12 09:30:02,277 - INFO - 
2025-02-12 09:30:02,278 - INFO - Cutting planes:
2025-02-12 09:30:02,279 - INFO -   Gomory: 14
2025-02-12 09:30:02,280 - INFO -   Cover: 1
2025-02-12 09:30:02,280 - INFO -   Clique: 11
2025-02-12 09:30:02,281 - INFO -   Flow cover: 2
2025-02-12 09:30:02,282 - INFO -   Zero half: 22
2025-02-12 09:30:02,286 - INFO - 
2025-02-12 09:30:02,287 - INFO - Explored 2083624 nodes (133410482 simplex iterations) in 7206.16 seconds (3303.43 work units)
2025-02-12 09:30:02,292 - INFO - Thread count was 8 (of 8 available processors)
2025-02-12 09:30:02,292 - INFO - 
2025-02-12 09:30:02,293 - INFO - Solution count 10: 1e+10 1e+10 2e+10 ... 6e+10
2025-02-12 09:30:02,293 - INFO - 
2025-02-12 09:30:02,294 - INFO - Time limit reached
2025-02-12 09:30:02,294 - INFO - Best objective 1.000000135000e+10, best bound 1.266000000000e+03, gap 100.0000%
