
Gurobi 11.0.1 (mac64[arm]) logging started Wed Feb 12 22:16:25 2025

Set parameter LogFile to value "logs_new/salida_modelo_caminos_380_567_10.log"
Set parameter TimeLimit to value 7200
Gurobi Optimizer version 11.0.1 build v11.0.1rc0 (mac64[arm] - Darwin 24.3.0 24D60)

CPU model: Apple M2
Thread count: 8 physical cores, 8 logical processors, using up to 8 threads

Optimize a model with 633 rows, 2122 columns and 8930 nonzeros
Coefficient statistics:
  Matrix range     [1e+00, 1e+00]
  Objective range  [2e+00, 1e+10]
  Bounds range     [0e+00, 0e+00]
  RHS range        [1e+00, 2e+02]
Warning: Model contains large objective coefficients
         Consider reformulating model or setting NumericFocus parameter
         to avoid numerical issues.

Solved in 0 iterations and 0.00 seconds (0.00 work units)
Optimal objective  1.426000000e+03
Gurobi Optimizer version 11.0.1 build v11.0.1rc0 (mac64[arm] - Darwin 24.3.0 24D60)

CPU model: Apple M2
Thread count: 8 physical cores, 8 logical processors, using up to 8 threads

Optimize a model with 633 rows, 2122 columns and 8930 nonzeros
Model fingerprint: 0x3c06599e
Variable types: 0 continuous, 2122 integer (2122 binary)
Coefficient statistics:
  Matrix range     [1e+00, 1e+00]
  Objective range  [2e+00, 1e+10]
  Bounds range     [0e+00, 0e+00]
  RHS range        [1e+00, 2e+02]
Warning: Model contains large objective coefficients
         Consider reformulating model or setting NumericFocus parameter
         to avoid numerical issues.
Found heuristic solution: objective 3.800000e+12
Presolve removed 250 rows and 0 columns
Presolve time: 0.01s
Presolved: 383 rows, 2122 columns, 8611 nonzeros
Variable types: 0 continuous, 2122 integer (2122 binary)
Found heuristic solution: objective 3.720000e+12

Root relaxation: objective 1.426000e+03, 2337 iterations, 0.09 seconds (0.18 work units)

    Nodes    |    Current Node    |     Objective Bounds      |     Work
 Expl Unexpl |  Obj  Depth IntInf | Incumbent    BestBd   Gap | It/Node Time

     0     0 1426.00000    0  326 3.7200e+12 1426.00000   100%     -    0s
H    0     0                    7.100000e+11 1426.00000   100%     -    0s
H    0     0                    4.800000e+11 1426.00000   100%     -    0s
H    0     0                    3.400000e+11 1426.00000   100%     -    0s
H    0     0                    2.900000e+11 1426.00000   100%     -    0s
H    0     0                    2.700000e+11 1426.00000   100%     -    0s
     0     0 1426.17650    0  339 2.7000e+11 1426.17650   100%     -    0s
     0     0 1426.17661    0  338 2.7000e+11 1426.17661   100%     -    0s
     0     0 1426.37144    0  352 2.7000e+11 1426.37144   100%     -    0s
H    0     0                    2.500000e+11 1426.37144   100%     -    0s
     0     0 1426.49663    0  352 2.5000e+11 1426.49663   100%     -    0s
H    0     0                    2.300000e+11 1426.49663   100%     -    0s
H    0     0                    2.100000e+11 1426.49663   100%     -    0s
     0     0 1426.52799    0  348 2.1000e+11 1426.52799   100%     -    0s
     0     0 1426.52836    0  348 2.1000e+11 1426.52836   100%     -    0s
     0     0 1426.57233    0  358 2.1000e+11 1426.57233   100%     -    0s
H    0     0                    1.800000e+11 1426.57233   100%     -    0s
     0     0 1426.57272    0  357 1.8000e+11 1426.57272   100%     -    0s
     0     0 1426.60323    0  379 1.8000e+11 1426.60323   100%     -    0s
     0     0 1426.60323    0  379 1.8000e+11 1426.60323   100%     -    0s
     0     0 1426.64040    0  365 1.8000e+11 1426.64040   100%     -    0s
     0     0 1426.66889    0  365 1.8000e+11 1426.66889   100%     -    0s
     0     0 1426.66957    0  366 1.8000e+11 1426.66957   100%     -    0s
     0     0 1426.68610    0  383 1.8000e+11 1426.68610   100%     -    0s
     0     0 1426.71522    0  383 1.8000e+11 1426.71522   100%     -    0s
     0     2 1426.71583    0  381 1.8000e+11 1426.71583   100%     -    0s
H   31    40                    1.700000e+11 1427.83587   100%   125    0s
H   35    40                    1.500000e+11 1427.83587   100%   123    0s
H   74    80                    1.500000e+11 1428.36685   100%   118    1s
H   77    80                    1.400000e+11 1428.36685   100%   117    1s
H  118   126                    1.400000e+11 1428.36685   100%   122    1s
H  119   126                    1.200000e+11 1428.36685   100%   122    1s
H  564   593                    9.000000e+10 1428.36685   100%   102    3s
H 1142  1155                    8.000000e+10 1428.36685   100%  99.2    4s
H 1148  1155                    7.999999e+10 1428.36685   100%  99.0    4s
H 1149  1155                    7.000000e+10 1428.36685   100%  99.0    4s
  1579  1630 5.3117e+10  116  226 7.0000e+10 1428.36685   100%  93.1    5s
H 2256  2060                    7.000000e+10 1428.38425   100%  93.2    6s
  3025  2622 8.2001e+09   74  240 7.0000e+10 1428.38425   100%   101   10s
  4781  3638 1.2852e+10  128  273 7.0000e+10 1428.38425   100%  94.5   15s
  7714  5575 2.2098e+09   82  284 7.0000e+10 1429.63033   100%  89.8   20s
  9919  7418 1.7193e+09   81  278 7.0000e+10 1429.96167   100%  86.0   25s
 11616  9102 1512.17071   36  298 7.0000e+10 1431.29855   100%  84.9   30s
H12191  9527                    7.000000e+10 1431.29855   100%  85.3   31s
H12612  9574                    6.999996e+10 1431.29855   100%  85.4   33s
 13748 11546 2.0473e+10  141  302 7.0000e+10 1431.90017   100%  85.4   35s
H14906 11419                    5.000000e+10 1431.90017   100%  83.8   36s
 19199 15503 2.8148e+10  112  302 5.0000e+10 1432.48944   100%  81.9   40s
H23119 18509                    4.999990e+10 1433.39355   100%  80.2   44s
 23352 19477 1439.06721   27  344 5.0000e+10 1433.39355   100%  80.2   45s
H27558 22791                    4.999988e+10 1433.87823   100%  80.3   49s
 29053 24686 4.3536e+09   83  316 5.0000e+10 1434.09285   100%  80.0   50s
 30278 24687 1478.10412   52  383 5.0000e+10 1434.09285   100%  79.8   63s
 30287 24693 1517.46103   51  339 5.0000e+10 1434.09285   100%  79.8   65s
H30402 23544                    4.999988e+10 1434.09285   100%  80.2   68s
 30487 23601 1536.40157   40  341 5.0000e+10 1434.09285   100%  80.3   71s
 31497 24209 1470.98966   48  301 5.0000e+10 1434.09285   100%  81.1   75s
 33452 25250 1447.79216   37  323 5.0000e+10 1434.09285   100%  82.8   82s
 34741 26059 1474.47830   52  324 5.0000e+10 1434.09285   100%  84.1   85s
 36360 26898 3.3743e+10  102  265 5.0000e+10 1434.09285   100%  85.4   91s
 37827 27563 3.2622e+09   72  289 5.0000e+10 1434.09285   100%  86.6   95s
 39985 28714 1.2669e+10   77  277 5.0000e+10 1434.09285   100%  88.2  102s
 40781 29670 3.2120e+10  114  239 5.0000e+10 1434.09285   100%  88.2  105s
 43796 31537 4.4886e+10  148  283 5.0000e+10 1434.09285   100%  89.5  110s
 48096 33311 2.8938e+10  135  291 5.0000e+10 1434.79855   100%  90.9  115s
 51794 35735 1470.78427   48  338 5.0000e+10 1435.37909   100%  91.6  120s
 56711 38822 1.5645e+10  146  287 5.0000e+10 1435.82248   100%  90.8  125s
 62953 41442 1494.40652   52  328 5.0000e+10 1436.36532   100%  90.1  131s
H63313 40501                    4.999988e+10 1436.36532   100%  90.1  132s
 66123 43143 4.1547e+10  125  300 5.0000e+10 1436.58800   100%  89.6  135s
 72539 46011 1.3078e+10  114  287 5.0000e+10 1436.78950   100%  89.0  140s
 81757 51301 1553.36415   66  303 5.0000e+10 1437.53079   100%  86.2  145s
 86403 54165 4.5124e+08   78  294 5.0000e+10 1437.79938   100%  85.3  150s
 93539 58134 1462.31068   47  325 5.0000e+10 1438.16501   100%  84.3  155s
 100397 62870 2.1453e+08   75  298 5.0000e+10 1438.48877   100%  84.2  160s
 110091 71239 1571.57976   66  304 5.0000e+10 1438.85342   100%  82.2  165s
 115376 75163 1.8668e+10  174  293 5.0000e+10 1438.93801   100%  82.0  170s
 122353 81667 1.2558e+10  138  301 5.0000e+10 1439.20938   100%  81.6  175s
 127716 85975 1558.74178   64  312 5.0000e+10 1439.37591   100%  80.9  180s
 135223 94471 1.0162e+10   78  290 5.0000e+10 1439.55087   100%  80.0  185s
 145619 101963 2.5955e+08   71  282 5.0000e+10 1439.84149   100%  78.9  190s
 154317 110120 3.8542e+09   63  291 5.0000e+10 1440.02555   100%  78.1  195s
 163014 117964 1514.02242   55  314 5.0000e+10 1440.28732   100%  77.5  200s
 169218 123690 1458.89396   46  329 5.0000e+10 1440.45364   100%  77.0  205s
 177889 130724 1.8990e+09   78  283 5.0000e+10 1440.62846   100%  76.5  210s
 179810 138634 4.4851e+10  113  282 5.0000e+10 1440.68288   100%  76.4  217s
 190096 141656 3.4615e+09   81  285 5.0000e+10 1440.88568   100%  75.9  220s
 201598 151573 1.4514e+10   77  300 5.0000e+10 1441.10590   100%  74.9  225s
 211952 161379 1528.02333   58  323 5.0000e+10 1441.32422   100%  74.0  230s
 215830 163547 2.6330e+09  102  299 5.0000e+10 1441.36015   100%  73.7  235s
 223427 170893 1450.15016   40  346 5.0000e+10 1441.46991   100%  73.5  240s
 232688 178335 1479.78887   51  328 5.0000e+10 1441.59825   100%  73.0  245s
 240894 186364 1593.96339   47  298 5.0000e+10 1441.73673   100%  72.8  250s
 250888 194851 2.0000e+10   87  306 5.0000e+10 1441.87696   100%  72.4  255s
 260382 202742 1476.17488   48  322 5.0000e+10 1442.02695   100%  72.3  260s
 269644 212166 1460.25860   44  333 5.0000e+10 1442.14235   100%  72.0  265s
 278571 219094 1576.40948   48  306 5.0000e+10 1442.26330   100%  71.8  270s
 283516 230013 1625.69198   74  291 5.0000e+10 1442.32853   100%  71.7  277s
 294981 234039 2.6298e+09  108  304 5.0000e+10 1442.48687   100%  71.1  280s
 303865 240856 1478.97563   43  321 5.0000e+10 1442.57100   100%  71.1  287s
 308320 244566 1449.07673   34  355 5.0000e+10 1442.65546   100%  71.0  290s
 314684 251442 1629.12985   82  306 5.0000e+10 1442.70560   100%  70.9  295s
 322926 258425 2.2568e+10  163  296 5.0000e+10 1442.83985   100%  70.8  300s
 331469 265227 1530.93470   62  309 5.0000e+10 1442.91613   100%  70.5  305s
 339743 272900 1.1135e+10  122  307 5.0000e+10 1443.01630   100%  70.5  310s
 348581 280065 2.3754e+10   87  305 5.0000e+10 1443.09946   100%  70.3  316s
 353915 284721 5.5683e+09  132  309 5.0000e+10 1443.14003   100%  70.1  320s
 363002 293779 6.1154e+08   71  279 5.0000e+10 1443.27976   100%  69.9  325s
 372094 301551 6.7268e+08   63  275 5.0000e+10 1443.35013   100%  69.8  330s
 376859 305849 1.8962e+10  132  255 5.0000e+10 1443.39722   100%  69.7  335s
 388167 314848 2.4745e+10  106  252 5.0000e+10 1443.51836   100%  69.5  340s
 398317 324522 1526.25932   53  315 5.0000e+10 1443.60413   100%  69.3  345s
 403565 328728 1451.99590   41  351 5.0000e+10 1443.65811   100%  69.1  350s
 411939 336463 1.1816e+10  152  294 5.0000e+10 1443.73063   100%  68.9  355s
 421689 345175 7.3999e+09  117  290 5.0000e+10 1443.81101   100%  68.7  360s
 431023 353704 1515.80566   59  340 5.0000e+10 1443.91046   100%  68.5  365s
 442088 362632 1.4013e+10  114  270 5.0000e+10 1443.99522   100%  68.2  372s
 446235 366266 2.4880e+10  131  261 5.0000e+10 1444.03776   100%  68.2  375s
 456257 376088 3.1479e+10  173  269 5.0000e+10 1444.12697   100%  67.9  380s
 466993 385430 1495.56477   41  329 5.0000e+10 1444.22977   100%  67.7  385s
 475051 391850 1.1279e+10  140  296 5.0000e+10 1444.28022   100%  67.5  391s
 480505 396716 1487.33484   52  324 5.0000e+10 1444.32310   100%  67.4  395s
 490318 406312 1474.82101   54  339 5.0000e+10 1444.40344   100%  67.2  400s
 500917 415754 1486.93840   44  339 5.0000e+10 1444.50378   100%  67.0  405s
 510290 423823 7.5858e+09  107  293 5.0000e+10 1444.55736   100%  66.8  410s
 514946 428253 3.7989e+08   76  312 5.0000e+10 1444.59415   100%  66.8  415s
 526192 437515 4.1679e+10   66  293 5.0000e+10 1444.66755   100%  66.7  420s
 532836 443592 1.8518e+10  130  264 5.0000e+10 1444.73928   100%  66.7  425s
 541222 450204 1500.99334   46  329 5.0000e+10 1444.80412   100%  66.6  431s
 547976 456916 1488.25030   50  332 5.0000e+10 1444.86663   100%  66.4  435s
 555749 464208 1492.10588   50  313 5.0000e+10 1444.93618   100%  66.4  440s
 566910 473386 1503.44158   52  320 5.0000e+10 1445.00903   100%  66.2  445s
 576406 482637 1485.82264   46  324 5.0000e+10 1445.06962   100%  66.1  450s
 585099 490175 1470.94991   52  327 5.0000e+10 1445.14997   100%  66.0  455s
 595540 498770 1464.90254   40  329 5.0000e+10 1445.20756   100%  65.9  462s
 602365 504577 1499.12313   55  312 5.0000e+10 1445.24038   100%  65.8  465s
 612577 514120 1516.44770   55  326 5.0000e+10 1445.29905   100%  65.6  470s
 618170 519486 1507.70901   57  304 5.0000e+10 1445.35723   100%  65.5  475s
 628670 527894 1.0000e+10   71  291 5.0000e+10 1445.42588   100%  65.4  480s
 637893 536124 1651.67573   77  311 5.0000e+10 1445.48382   100%  65.4  486s
 643664 540932 1538.64543   62  328 5.0000e+10 1445.52308   100%  65.5  490s
 651621 548780 1.0000e+10   70  305 5.0000e+10 1445.56740   100%  65.5  495s
 661144 556333 1451.01704   38  327 5.0000e+10 1445.62183   100%  65.4  502s
 662695 558049 1582.75869   68  302 5.0000e+10 1445.64055   100%  65.5  505s
 673266 566929 1584.89165   57  294 5.0000e+10 1445.71968   100%  65.4  510s
 683737 576381 4.2793e+10  121  269 5.0000e+10 1445.76699   100%  65.2  515s
 691937 584056 1.2134e+10   97  301 5.0000e+10 1445.81011   100%  65.2  520s
 703004 592904 1497.98319   50  323 5.0000e+10 1445.87217   100%  65.1  525s
H710841 576497                    4.000000e+10 1445.91499   100%  65.0  529s
 712082 578576 1521.63692   54  285 4.0000e+10 1445.92527   100%  65.0  530s
H716940 531183                    3.000000e+10 1445.94742   100%  64.9  533s
H717296 530919                    3.000000e+10 1445.94742   100%  64.9  533s
H717333 530825                    3.000000e+10 1445.94742   100%  64.9  533s
 719587 533303 1.0000e+10   65  284 3.0000e+10 1445.97384   100%  64.9  535s
 726107 539763 8.9431e+08   88  293 3.0000e+10 1446.02560   100%  64.8  540s
 737022 547981 1460.07472   41  341 3.0000e+10 1446.08146   100%  64.8  547s
 742861 553855     cutoff  121      3.0000e+10 1446.11359   100%  64.8  550s
 746781 556331 1469.23495   45  331 3.0000e+10 1446.13507   100%  64.8  555s
H746792 555703                    3.000000e+10 1446.13507   100%  64.8  558s
 747335 557678 1574.73001   66  318 3.0000e+10 1446.14314   100%  64.8  560s
H749034 558911                    2.999999e+10 1446.15250   100%  64.8  561s
 757227 565711 1554.51812   58  299 3.0000e+10 1446.21280   100%  64.8  565s
 766490 573172 1468.55100   41  325 3.0000e+10 1446.27633   100%  64.7  570s
 774455 581184 3.0023e+09   89  295 3.0000e+10 1446.32781   100%  64.7  575s
 783381 587859 1488.64104   58  323 3.0000e+10 1446.38495   100%  64.6  582s
 787826 592982 1450.81547   41  332 3.0000e+10 1446.40664   100%  64.6  585s
 797238 600246 2.5744e+10  131  284 3.0000e+10 1446.45132   100%  64.5  592s
H797344 600246                    2.999999e+10 1446.45132   100%  64.5  592s
 800088 603557 1.0096e+10  126  304 3.0000e+10 1446.46142   100%  64.5  595s
 807970 609039 1463.27978   42  328 3.0000e+10 1446.50498   100%  64.6  600s
 814865 616099 1490.97855   53  323 3.0000e+10 1446.53814   100%  64.6  605s
 822727 623012 1.9691e+10  128  304 3.0000e+10 1446.58819   100%  64.5  610s
 831596 630069 1540.70612   63  309 3.0000e+10 1446.63390   100%  64.5  615s
 842316 640294 1618.74115   76  306 3.0000e+10 1446.69430   100%  64.4  620s
 848812 646634 1.4452e+09   82  285 3.0000e+10 1446.73693   100%  64.4  625s
 858109 653813 8.4268e+08   81  308 3.0000e+10 1446.79301   100%  64.3  631s
 862774 658352 infeasible   69      3.0000e+10 1446.81423   100%  64.3  635s
 873173 666574 1.0000e+10   87  276 3.0000e+10 1446.86911   100%  64.3  640s
 877603 670456 infeasible  132      3.0000e+10 1446.89147   100%  64.3  646s
 878640 678551 5.0833e+09   92  270 3.0000e+10 1446.89261   100%  64.3  651s
 894689 685795 1482.82278   58  342 3.0000e+10 1446.97846   100%  64.2  656s
 902963 694110 1472.66032   50  340 3.0000e+10 1447.01862   100%  64.1  660s
 906737 696727 1574.97178   72  308 3.0000e+10 1447.03728   100%  64.1  665s
 917649 706697 1.8964e+10   95  267 3.0000e+10 1447.09420   100%  64.1  670s
 927320 714909 1633.73769   62  323 3.0000e+10 1447.13723   100%  64.2  675s
 936311 721727 1611.99613   79  302 3.0000e+10 1447.17861   100%  64.2  680s
 941204 725762 1582.65717   53  302 3.0000e+10 1447.20457   100%  64.2  686s
 944863 730327 8.5581e+08   94  310 3.0000e+10 1447.22286   100%  64.2  690s
 956254 739528 1571.08682   60  314 3.0000e+10 1447.27769   100%  64.1  695s
 964605 746542 2.7801e+10  121  295 3.0000e+10 1447.31405   100%  64.1  700s
 971509 752898 3.5914e+09   92  294 3.0000e+10 1447.35644   100%  64.1  705s
 982694 762175 1570.34953   58  316 3.0000e+10 1447.40692   100%  64.1  710s
 988216 767242 1453.97226   44  325 3.0000e+10 1447.43579   100%  64.1  715s
 999630 777052 1.0000e+10   47  309 3.0000e+10 1447.47681   100%  64.1  720s
 1006387 782945 7.2070e+08   78  284 3.0000e+10 1447.50634   100%  64.1  725s
 1016603 791941 1.0104e+10   94  287 3.0000e+10 1447.56576   100%  64.1  730s
 1024244 798626 1511.84029   64  328 3.0000e+10 1447.59675   100%  64.1  735s
 1033046 806089 1494.65044   41  324 3.0000e+10 1447.63698   100%  64.0  740s
 1041887 813762 2.4865e+10  150  282 3.0000e+10 1447.68121   100%  64.0  745s
 1049771 819982 1475.74157   42  339 3.0000e+10 1447.72026   100%  64.0  751s
 1053759 824066 1508.35399   56  311 3.0000e+10 1447.73955   100%  63.9  755s
 1065965 834116 1593.20322   54  298 3.0000e+10 1447.78818   100%  63.9  761s
 1074244 842121 1520.46433   58  329 3.0000e+10 1447.81808   100%  63.8  765s
 1081056 848197 1619.55571   66  276 3.0000e+10 1447.84756   100%  63.8  770s
 1093520 858169 9.9319e+08   93  321 3.0000e+10 1447.90481   100%  63.8  779s
 1094240 859038 1533.16287   44  315 3.0000e+10 1447.91040   100%  63.8  780s
 1099012 863760 1533.16138   56  310 3.0000e+10 1447.93560   100%  63.8  785s
 1110283 873391 5.0578e+08   77  300 3.0000e+10 1447.98252   100%  63.8  790s
 1116181 877440 1494.28460   48  328 3.0000e+10 1448.01893   100%  63.8  796s
 1124594 885093 1473.42363   41  351 3.0000e+10 1448.05543   100%  63.7  800s
 1135540 895187 4.8141e+09   94  288 3.0000e+10 1448.09818   100%  63.7  805s
 1145125 902654     cutoff  135      3.0000e+10 1448.13397   100%  63.7  810s
 1155607 911532 2.2434e+10  106  292 3.0000e+10 1448.17619   100%  63.6  817s
 1161067 917213     cutoff  167      3.0000e+10 1448.19639   100%  63.6  820s
 1171436 926233 1558.78281   72  291 3.0000e+10 1448.24012   100%  63.6  825s
 1181857 935317 2.2730e+10  117  281 3.0000e+10 1448.27040   100%  63.6  830s
 1191338 943320 1458.67701   45  326 3.0000e+10 1448.31027   100%  63.6  835s
 1195706 947740 1466.93898   38  342 3.0000e+10 1448.32486   100%  63.6  840s
 1204146 955106 1573.24078   61  313 3.0000e+10 1448.36902   100%  63.5  845s
 1210839 959470 1460.33955   41  341 3.0000e+10 1448.38964   100%  63.5  851s
 1211868 961479 1502.15657   48  320 3.0000e+10 1448.39976   100%  63.5  855s
 1222454 971398 1460.55376   44  333 3.0000e+10 1448.43826   100%  63.5  860s
 1233944 980557 2.3663e+10   71  293 3.0000e+10 1448.47486   100%  63.5  865s
 1241441 986838 1532.21182   54  294 3.0000e+10 1448.50595   100%  63.5  870s
 1250499 994415 1520.25853   52  331 3.0000e+10 1448.54353   100%  63.6  875s
 1258430 1000188 1.1457e+10  146  285 3.0000e+10 1448.56720   100%  63.6  880s
 1268502 1010496 1616.04601   59  297 3.0000e+10 1448.61342   100%  63.6  885s
 1277759 1018150 3.7515e+09  117  287 3.0000e+10 1448.64652   100%  63.5  890s
 1287194 1026114 2.1780e+10  159  291 3.0000e+10 1448.69060   100%  63.5  895s
 1292857 1030472 1563.16091   66  320 3.0000e+10 1448.71400   100%  63.5  900s
 1302918 1039125 1497.01921   48  314 3.0000e+10 1448.74860   100%  63.5  905s
H1307048 1042190                    2.999998e+10 1448.76077   100%  63.5  907s
 1310413 1046279 1493.30050   48  323 3.0000e+10 1448.77683   100%  63.5  910s
H1311342 1046279                    2.999997e+10 1448.77951   100%  63.5  910s
 1317570 1052376 9.4061e+09  125  287 3.0000e+10 1448.79699   100%  63.5  915s
 1326443 1059167 1.3740e+10  137  287 3.0000e+10 1448.83067   100%  63.5  921s
 1330561 1062710 6.4367e+09  133  280 3.0000e+10 1448.84410   100%  63.5  925s
 1338410 1070187 1.0806e+09   59  301 3.0000e+10 1448.87682   100%  63.5  930s
 1349429 1079698 1542.96060   58  292 3.0000e+10 1448.90821   100%  63.5  935s
 1358985 1088861 2.2002e+10  123  268 3.0000e+10 1448.93859   100%  63.5  940s
 1361732 1089664 5.9536e+09  101  290 3.0000e+10 1448.95375   100%  63.4  946s
 1370572 1098459 2.8036e+10  128  281 3.0000e+10 1448.98229   100%  63.4  950s
 1376908 1103867 1.6522e+10  124  280 3.0000e+10 1449.00146   100%  63.4  955s
 1388148 1113204 1487.20764   51  323 3.0000e+10 1449.03681   100%  63.4  960s
 1395998 1120902 4.7277e+08   88  306 3.0000e+10 1449.05989   100%  63.4  965s
 1404290 1126657 5.4573e+09  116  313 3.0000e+10 1449.08573   100%  63.4  970s
 1412542 1133972 1.2430e+10  125  280 3.0000e+10 1449.10816   100%  63.3  976s
 1421978 1142995 5.0314e+08   84  323 3.0000e+10 1449.13422   100%  63.3  980s
 1432742 1151271 9.7801e+09   67  291 3.0000e+10 1449.16686   100%  63.3  989s
 1433551 1153032 1568.96044   77  326 3.0000e+10 1449.17714   100%  63.3  990s
 1445755 1163692 1485.85552   61  330 3.0000e+10 1449.20761   100%  63.2  995s
 1454370 1170715 1487.34425   46  320 3.0000e+10 1449.23605   100%  63.2 1000s
 1461302 1176710 1.0633e+10  129  313 3.0000e+10 1449.25848   100%  63.2 1005s
 1470226 1183905 1636.67412   71  316 3.0000e+10 1449.27706   100%  63.3 1011s
 1476938 1190353 1590.70032   77  289 3.0000e+10 1449.29815   100%  63.3 1015s
 1484573 1196661 1478.42247   48  332 3.0000e+10 1449.32561   100%  63.2 1023s
 1487280 1200160 3.6305e+09  122  322 3.0000e+10 1449.33305   100%  63.2 1025s
 1495779 1206477 1.0000e+10   82  282 3.0000e+10 1449.35955   100%  63.2 1030s
 1506489 1216072 1554.05652   82  299 3.0000e+10 1449.39144   100%  63.2 1035s
 1515180 1223445 8.7330e+09  129  274 3.0000e+10 1449.42042   100%  63.2 1040s
 1524689 1231604 1461.93916   46  338 3.0000e+10 1449.44892   100%  63.2 1045s
 1533288 1238655 1.6757e+09   66  280 3.0000e+10 1449.47194   100%  63.2 1050s
 1543031 1247678 2.2395e+10  122  303 3.0000e+10 1449.49876   100%  63.1 1055s
 1552098 1255570 1506.03283   51  324 3.0000e+10 1449.52682   100%  63.1 1060s
 1561678 1263494 7.0793e+09  103  296 3.0000e+10 1449.55332   100%  63.1 1065s
 1568108 1269185 1.8946e+10  142  293 3.0000e+10 1449.56967   100%  63.1 1070s
 1574817 1275509 3.9513e+08   82  307 3.0000e+10 1449.59375   100%  63.1 1075s
 1582877 1282619 1.9978e+10  149  302 3.0000e+10 1449.61932   100%  63.0 1080s
 1592217 1290630 1.5067e+09   67  295 3.0000e+10 1449.65291   100%  63.1 1085s
 1600042 1297288 7.8453e+09   96  296 3.0000e+10 1449.67096   100%  63.0 1090s
 1602516 1299695 1461.07298   41  331 3.0000e+10 1449.68044   100%  63.0 1095s
 1612068 1307904 6.7080e+08   78  299 3.0000e+10 1449.70892   100%  63.0 1100s
 1621900 1316822 1558.69838   69  303 3.0000e+10 1449.73792   100%  63.0 1105s
 1631165 1323821 1492.16185   58  354 3.0000e+10 1449.76033   100%  63.0 1110s
 1641891 1334210 1476.57059   49  325 3.0000e+10 1449.79193   100%  62.9 1115s
 1652100 1343230     cutoff  158      3.0000e+10 1449.81325   100%  62.9 1120s
 1660263 1350814 1460.44758   38  354 3.0000e+10 1449.83680   100%  62.9 1125s
 1669967 1358137 1.6067e+10  162  310 3.0000e+10 1449.85817   100%  62.9 1130s
 1673985 1362786 1677.34197   57  296 3.0000e+10 1449.87465   100%  62.9 1135s
 1684928 1371812 1507.93906   49  323 3.0000e+10 1449.90360   100%  62.8 1140s
 1690661 1378800 1525.86678   54  313 3.0000e+10 1449.92301   100%  62.8 1145s
 1697202 1382162 1520.39122   56  330 3.0000e+10 1449.93779   100%  62.8 1150s
 1699876 1384140 1.3013e+08   87  293 3.0000e+10 1449.94562   100%  62.8 1157s
 1704765 1388865 8.1008e+08   59  317 3.0000e+10 1449.95805   100%  62.8 1160s
 1711580 1395321 1517.06985   52  330 3.0000e+10 1449.98141   100%  62.9 1165s
 1719771 1403459 1532.46455   63  319 3.0000e+10 1450.00678   100%  62.8 1171s
 1726624 1407632 6.9742e+09  106  298 3.0000e+10 1450.02792   100%  62.8 1176s
 1736223 1417116 1.3721e+10   94  277 3.0000e+10 1450.05506   100%  62.8 1180s
 1746441 1424533 4.8087e+09   87  280 3.0000e+10 1450.08339   100%  62.8 1185s
 1749001 1426971 1517.00734   47  319 3.0000e+10 1450.08840   100%  62.8 1190s
 1758069 1434915 1695.30480   77  316 3.0000e+10 1450.11625   100%  62.8 1195s
 1767334 1443586 1596.72838   60  291 3.0000e+10 1450.13855   100%  62.7 1200s
 1771821 1447962 1463.52440   44  329 3.0000e+10 1450.14883   100%  62.7 1205s
 1782871 1457542 2.6783e+10  117  289 3.0000e+10 1450.17740   100%  62.7 1210s
 1788624 1462654 2.0794e+10  138  266 3.0000e+10 1450.19374   100%  62.7 1215s
 1795442 1467239 1477.28049   48  325 3.0000e+10 1450.21186   100%  62.7 1220s
 1803525 1474610 infeasible  133      3.0000e+10 1450.22938   100%  62.7 1225s
 1811268 1480863 1543.69393   58  319 3.0000e+10 1450.25299   100%  62.7 1232s
 1811489 1482329 1564.45122   60  315 3.0000e+10 1450.25341   100%  62.7 1235s
 1821455 1489420 2.7773e+10   74  296 3.0000e+10 1450.27233   100%  62.7 1242s
 1825295 1493928 4.4642e+08   68  307 3.0000e+10 1450.28627   100%  62.7 1245s
 1835602 1502405 1541.68346   66  319 3.0000e+10 1450.31298   100%  62.7 1250s
 1845381 1511398 2.7618e+09   76  294 3.0000e+10 1450.34053   100%  62.7 1255s
 1850773 1515938 1546.48642   59  309 3.0000e+10 1450.35707   100%  62.7 1260s
 1859882 1524111     cutoff  102      3.0000e+10 1450.38001   100%  62.6 1265s
 1867398 1529961 2.2706e+10   78  261 3.0000e+10 1450.40303   100%  62.7 1270s
 1871690 1538819 1465.61562   42  335 3.0000e+10 1450.41533   100%  62.7 1276s
 1883910 1543707 2.0030e+10  151  291 3.0000e+10 1450.43927   100%  62.7 1283s
 1884364 1544981 1491.16669   64  321 3.0000e+10 1450.44131   100%  62.7 1285s
 1894570 1553854 1513.79192   54  341 3.0000e+10 1450.46508   100%  62.6 1290s
 1901824 1560509 1606.18621   66  309 3.0000e+10 1450.49115   100%  62.6 1295s
 1915051 1571988 1524.94225   62  326 3.0000e+10 1450.51948   100%  62.6 1300s
 1922487 1578596 4.0731e+09  110  310 3.0000e+10 1450.53765   100%  62.5 1305s
 1932025 1587541 2.0000e+10   72  281 3.0000e+10 1450.56489   100%  62.5 1310s
 1940707 1594208 1543.06187   60  327 3.0000e+10 1450.58720   100%  62.5 1315s
 1946899 1600168 1590.56086   63  289 3.0000e+10 1450.60366   100%  62.5 1320s
 1956857 1608510 2.1315e+10  121  263 3.0000e+10 1450.62258   100%  62.5 1325s
 1966489 1617028 1498.43975   49  308 3.0000e+10 1450.64818   100%  62.5 1330s
H1975136 1455360                    2.000000e+10 1450.66619   100%  62.5 1337s
 1979010 1459049 5.2042e+09   93  286 2.0000e+10 1450.67606   100%  62.4 1340s
 1985409 1464517 3.3410e+09   68  299 2.0000e+10 1450.69415   100%  62.5 1346s
 1994879 1473081 1530.43338   67  320 2.0000e+10 1450.71363   100%  62.4 1350s
 2001607 1479411 6.3355e+09  160  297 2.0000e+10 1450.73129   100%  62.4 1355s
 2012096 1487413 1.9841e+10  144  287 2.0000e+10 1450.76247   100%  62.4 1360s
 2022460 1497128 1506.72420   58  337 2.0000e+10 1450.78729   100%  62.4 1365s
 2030579 1504568 1511.95379   52  308 2.0000e+10 1450.80572   100%  62.4 1370s
H2033879 1496840                    2.000000e+10 1450.81212   100%  62.4 1374s
 2034244 1498015 1493.78624   57  336 2.0000e+10 1450.81242   100%  62.4 1375s
 2045189 1506273 1.3224e+08   85  302 2.0000e+10 1450.83923   100%  62.4 1383s
H2045190 1505926                    1.999999e+10 1450.83923   100%  62.4 1383s
 2047352 1507806 1483.48462   51  303 2.0000e+10 1450.84350   100%  62.4 1386s
 2052499 1513044 1596.69217   73  324 2.0000e+10 1450.86039   100%  62.4 1390s
 2062916 1521585 1490.82036   54  325 2.0000e+10 1450.88823   100%  62.4 1395s
 2071361 1529325 1.1043e+09   68  272 2.0000e+10 1450.91570   100%  62.4 1400s
 2078018 1534531 1477.14320   40  326 2.0000e+10 1450.93512   100%  62.5 1405s
 2086903 1542409 1591.58617   76  324 2.0000e+10 1450.96357   100%  62.5 1410s
 2094765 1548719 2.9926e+08   64  315 2.0000e+10 1450.98573   100%  62.5 1415s
 2106305 1557202 1535.90476   50  319 2.0000e+10 1451.01806   100%  62.5 1421s
 2111618 1562162 1546.40566   73  312 2.0000e+10 1451.03229   100%  62.5 1425s
 2122939 1571285 1650.06602   83  296 2.0000e+10 1451.06634   100%  62.5 1431s
 2130270 1578379 1.7866e+08   68  319 2.0000e+10 1451.08236   100%  62.5 1435s
H2133598 1580077                    1.999999e+10 1451.09225   100%  62.5 1440s
 2139586 1586453 1.4767e+10  128  304 2.0000e+10 1451.10611   100%  62.5 1445s
 2146014 1591810 1581.24599   66  296 2.0000e+10 1451.12004   100%  62.5 1450s
 2155999 1599363 1496.46394   56  321 2.0000e+10 1451.15084   100%  62.5 1455s
 2165267 1607068 1481.60452   56  340 2.0000e+10 1451.17237   100%  62.5 1461s
 2171274 1612549 1676.25895   60  270 2.0000e+10 1451.18496   100%  62.5 1465s
 2181435 1621626 1563.07380   80  320 2.0000e+10 1451.20929   100%  62.5 1470s
 2189496 1629177 1470.79841   58  340 2.0000e+10 1451.22363   100%  62.5 1475s
 2198220 1635722 4.2448e+09  120  302 2.0000e+10 1451.24905   100%  62.5 1481s
 2205368 1642007 1536.23935   49  324 2.0000e+10 1451.27169   100%  62.5 1485s
 2213300 1647892 1478.16925   48  331 2.0000e+10 1451.29561   100%  62.6 1491s
 2216044 1651339 1540.27700   73  306 2.0000e+10 1451.30628   100%  62.6 1495s
 2223499 1657406 1552.10084   64  307 2.0000e+10 1451.32301   100%  62.6 1500s
 2233268 1664908 1.1488e+09   92  286 2.0000e+10 1451.34777   100%  62.6 1506s
 2240647 1671365 1623.02097   72  308 2.0000e+10 1451.36781   100%  62.6 1510s
 2250960 1680599 1.3155e+10  110  296 2.0000e+10 1451.39407   100%  62.6 1515s
 2256160 1684476 8.5437e+08   75  294 2.0000e+10 1451.40959   100%  62.6 1520s
 2265351 1693080 5.4547e+09  113  277 2.0000e+10 1451.43000   100%  62.6 1525s
 2266969 1699129 1513.79425   69  317 2.0000e+10 1451.43326   100%  62.6 1530s
 2274414 1701108 infeasible   73      2.0000e+10 1451.45355   100%  62.6 1535s
 2284212 1707978 1567.62421   65  312 2.0000e+10 1451.47810   100%  62.6 1540s
 2292780 1716120 1650.49511   83  303 2.0000e+10 1451.49787   100%  62.6 1545s
 2300025 1722117 1.0000e+10   58  272 2.0000e+10 1451.51434   100%  62.6 1550s
 2310489 1729969 7.6523e+09   88  293 2.0000e+10 1451.54096   100%  62.6 1556s
 2310694 1736492 1687.27638   65  300 2.0000e+10 1451.54193   100%  62.6 1561s
 2320451 1737989 infeasible   89      2.0000e+10 1451.56176   100%  62.6 1565s
 2325039 1742657 1.0000e+10   59  284 2.0000e+10 1451.57367   100%  62.6 1570s
 2334793 1750206 1549.42822   66  325 2.0000e+10 1451.59231   100%  62.6 1576s
 2343252 1758150 5.1281e+08   92  303 2.0000e+10 1451.61119   100%  62.6 1580s
 2348851 1763086 7.6715e+09  127  300 2.0000e+10 1451.62162   100%  62.6 1585s
 2359902 1772832 1541.43189   61  319 2.0000e+10 1451.64972   100%  62.6 1590s
 2366394 1777130 1469.90453   42  337 2.0000e+10 1451.66487   100%  62.6 1595s
 2375196 1785910 1496.83362   52  327 2.0000e+10 1451.68606   100%  62.6 1600s
 2385973 1795276 1628.25014   67  292 2.0000e+10 1451.71351   100%  62.6 1605s
 2390578 1797716 1463.99554   48  353 2.0000e+10 1451.72460   100%  62.6 1613s
 2393119 1801455 1552.75811   58  310 2.0000e+10 1451.73133   100%  62.6 1615s
 2405259 1811739 2.9848e+09   93  306 2.0000e+10 1451.76322   100%  62.6 1620s
 2415955 1821094 1494.74617   56  330 2.0000e+10 1451.78976   100%  62.6 1625s
 2423130 1826996 1486.21080   49  319 2.0000e+10 1451.80599   100%  62.6 1630s
 2433224 1835035 1578.90595   63  295 2.0000e+10 1451.82442   100%  62.6 1635s
 2436461 1837585 1579.56417   58  278 2.0000e+10 1451.83352   100%  62.6 1640s
 2444240 1844224 3.2205e+09   74  298 2.0000e+10 1451.85064   100%  62.6 1645s
 2451605 1849782 1516.71528   47  315 2.0000e+10 1451.86636   100%  62.6 1650s
 2461409 1859368 1534.16607   64  322 2.0000e+10 1451.88841   100%  62.6 1655s
 2467820 1864245 1.2696e+10  123  310 2.0000e+10 1451.90737   100%  62.6 1660s
 2479466 1874640 1548.51436   62  298 2.0000e+10 1451.93499   100%  62.6 1665s
 2485436 1878817 1606.24336   59  292 2.0000e+10 1451.94852   100%  62.6 1670s
 2491580 1885500 3.9253e+09   74  288 2.0000e+10 1451.96261   100%  62.6 1675s
 2502712 1894834 1622.24728   75  311 2.0000e+10 1451.98713   100%  62.6 1680s
 2509450 1900622 1454.57179   47  333 2.0000e+10 1451.99976   100%  62.6 1685s
 2515908 1905023 1513.29196   59  320 2.0000e+10 1452.01187   100%  62.5 1690s
 2519404 1908961 1509.65107   45  326 2.0000e+10 1452.02072   100%  62.5 1695s
 2529852 1918291 1470.42076   47  340 2.0000e+10 1452.04193   100%  62.5 1700s
 2538282 1925567 1577.70004   71  314 2.0000e+10 1452.06000   100%  62.5 1705s
 2546115 1931980 1.1663e+09   90  270 2.0000e+10 1452.07320   100%  62.5 1710s
 2550608 1935947     cutoff   71      2.0000e+10 1452.08291   100%  62.5 2767s
 2556113 1940357 1499.41609   52  314 2.0000e+10 1452.09509   100%  62.5 2770s
 2558500 1942618 1.3390e+10  114  306 2.0000e+10 1452.09887   100%  62.5 3783s
 2563055 1946680 1.4787e+09   95  308 2.0000e+10 1452.10617   100%  62.5 3785s
 2567120 1948928 2.0907e+09   98  301 2.0000e+10 1452.11346   100%  62.5 4766s
 2569851 1952297 1545.64490   61  297 2.0000e+10 1452.11987   100%  62.5 4770s
 2571397 1953211 1499.07117   49  322 2.0000e+10 1452.12342   100%  62.5 5761s
 2579164 1959040 2.7905e+09   95  273 2.0000e+10 1452.14024   100%  62.5 5765s
 2579476 1959800 1.2811e+10   62  271 2.0000e+10 1452.14167   100%  62.5 6700s
 2585284 1963855 9.4765e+09  131  267 2.0000e+10 1452.15358   100%  62.6 7692s

Cutting planes:
  Gomory: 1
  Clique: 7
  MIR: 1
  Flow cover: 2
  Zero half: 4

Explored 2585555 nodes (161781517 simplex iterations) in 7692.12 seconds (4412.51 work units)
Thread count was 8 (of 8 available processors)

Solution count 10: 2e+10 2e+10 3e+10 ... 4.99999e+10

Time limit reached
Best objective 2.000000167700e+10, best bound 1.452153575093e+03, gap 100.0000%
