
Gurobi 11.0.1 (mac64[arm]) logging started Thu Feb 13 08:30:36 2025

Set parameter LogFile to value "logs_new/salida_modelo_caminos_400_567_10.log"
Set parameter TimeLimit to value 7200
Gurobi Optimizer version 11.0.1 build v11.0.1rc0 (mac64[arm] - Darwin 24.3.0 24D60)

CPU model: Apple M2
Thread count: 8 physical cores, 8 logical processors, using up to 8 threads

Optimize a model with 653 rows, 2220 columns and 9484 nonzeros
Coefficient statistics:
  Matrix range     [1e+00, 1e+00]
  Objective range  [2e+00, 1e+10]
  Bounds range     [0e+00, 0e+00]
  RHS range        [1e+00, 2e+02]
Warning: Model contains large objective coefficients
         Consider reformulating model or setting NumericFocus parameter
         to avoid numerical issues.

Solved in 0 iterations and 0.01 seconds (0.00 work units)
Optimal objective  1.509000000e+03
Gurobi Optimizer version 11.0.1 build v11.0.1rc0 (mac64[arm] - Darwin 24.3.0 24D60)

CPU model: Apple M2
Thread count: 8 physical cores, 8 logical processors, using up to 8 threads

Optimize a model with 653 rows, 2220 columns and 9484 nonzeros
Model fingerprint: 0xce25ee63
Variable types: 0 continuous, 2220 integer (2220 binary)
Coefficient statistics:
  Matrix range     [1e+00, 1e+00]
  Objective range  [2e+00, 1e+10]
  Bounds range     [0e+00, 0e+00]
  RHS range        [1e+00, 2e+02]
Warning: Model contains large objective coefficients
         Consider reformulating model or setting NumericFocus parameter
         to avoid numerical issues.
Found heuristic solution: objective 4.000000e+12
Presolve removed 250 rows and 2 columns
Presolve time: 0.02s
Presolved: 403 rows, 2218 columns, 9162 nonzeros
Variable types: 0 continuous, 2218 integer (2218 binary)
Found heuristic solution: objective 3.910000e+12

Root relaxation: objective 1.509000e+03, 2488 iterations, 0.10 seconds (0.21 work units)

    Nodes    |    Current Node    |     Objective Bounds      |     Work
 Expl Unexpl |  Obj  Depth IntInf | Incumbent    BestBd   Gap | It/Node Time

     0     0 1509.00000    0  344 3.9100e+12 1509.00000   100%     -    0s
H    0     0                    7.400000e+11 1509.00000   100%     -    0s
H    0     0                    5.800000e+11 1509.00000   100%     -    0s
H    0     0                    5.400000e+11 1509.00000   100%     -    0s
H    0     0                    3.200000e+11 1509.00000   100%     -    0s
H    0     0                    3.000000e+11 1509.00000   100%     -    0s
     0     0 1509.23956    0  368 3.0000e+11 1509.23956   100%     -    0s
     0     0 1509.66990    0  371 3.0000e+11 1509.66990   100%     -    0s
     0     0 1509.74609    0  387 3.0000e+11 1509.74609   100%     -    0s
     0     0 1509.77817    0  382 3.0000e+11 1509.77817   100%     -    0s
H    0     0                    2.800000e+11 1509.77817   100%     -    0s
     0     0 1509.77899    0  385 2.8000e+11 1509.77899   100%     -    0s
H    0     0                    2.700000e+11 1509.77899   100%     -    0s
H    0     0                    2.600000e+11 1509.77899   100%     -    0s
     0     0 1509.81822    0  386 2.6000e+11 1509.81822   100%     -    0s
H    0     0                    2.500000e+11 1509.81822   100%     -    0s
     0     0 1509.91423    0  384 2.5000e+11 1509.91423   100%     -    0s
H    0     0                    2.400000e+11 1509.91423   100%     -    0s
     0     0 1509.91670    0  382 2.4000e+11 1509.91670   100%     -    0s
     0     0 1509.91827    0  383 2.4000e+11 1509.91827   100%     -    0s
     0     0 1509.91893    0  384 2.4000e+11 1509.91893   100%     -    0s
     0     0 1509.93363    0  384 2.4000e+11 1509.93363   100%     -    0s
     0     0 1509.93388    0  385 2.4000e+11 1509.93388   100%     -    0s
H    0     0                    2.200000e+11 1509.93388   100%     -    0s
     0     0 1509.96637    0  381 2.2000e+11 1509.96637   100%     -    0s
     0     0 1509.98732    0  385 2.2000e+11 1509.98732   100%     -    0s
     0     0 1509.98738    0  390 2.2000e+11 1509.98738   100%     -    0s
     0     0 1509.98738    0  391 2.2000e+11 1509.98738   100%     -    0s
     0     0 1510.00508    0  391 2.2000e+11 1510.00508   100%     -    0s
H    0     0                    2.100000e+11 1510.00710   100%     -    1s
H    0     2                    2.100000e+11 1510.00710   100%     -    1s
     0     2 1510.00710    0  391 2.1000e+11 1510.00710   100%     -    1s
H   31    40                    1.900000e+11 1510.74677   100%   138    1s
H   67    74                    1.800000e+11 1511.67867   100%   138    1s
H   72    74                    1.600000e+11 1511.67867   100%   137    1s
H   98   107                    1.300000e+11 1511.95589   100%   144    2s
H  102   107                    1.100000e+11 1511.95589   100%   140    2s
H  106   115                    1.100000e+11 1511.95589   100%   141    2s
H  109   115                    1.100000e+11 1511.95589   100%   142    2s
  1412  1462 3.6415e+10  100  275 1.1000e+11 1511.95589   100%   106    5s
H 1925  1965                    1.000000e+11 1511.95589   100%  97.8    5s
H 2241  2231                    1.000000e+11 1511.95589   100%  97.5    7s
H 2242  2231                    1.000000e+11 1511.95589   100%  97.4    7s
H 2244  2192                    9.000000e+10 1511.95589   100%  97.4    7s
H 2925  2731                    8.000000e+10 1512.06081   100%  93.9    8s
H 2963  2627                    7.000000e+10 1512.06081   100%  95.7    9s
  3077  2705 1513.65864   27  356 7.0000e+10 1512.06081   100%  97.7   10s
H 3112  2593                    7.000000e+10 1512.06081   100%  98.2   11s
  4433  3526 1.8655e+10  137  287 7.0000e+10 1512.06081   100%   102   15s
H 5399  3891                    6.000000e+10 1512.06081   100%   100   19s
  5439  3980 1.0350e+10   82  293 6.0000e+10 1512.06081   100%   100   20s
H 6970  4696                    5.999999e+10 1512.06081   100%  98.3   23s
  7698  5309 5.4558e+10  148  284 6.0000e+10 1512.06081   100%  97.6   25s
H 9103  5711                    5.999999e+10 1512.59348   100%  95.0   27s
 10333  6867 1568.87361   44  348 6.0000e+10 1513.33545   100%  93.1   30s
 11787  8159 1.1004e+10  102  300 6.0000e+10 1513.40319   100%  92.8   36s
 12449  9175 5.0074e+10  133  277 6.0000e+10 1514.12076   100%  93.1   40s
H13802 10055                    5.999999e+10 1514.80017   100%  91.8   42s
 14115 10582 2.7808e+10  102  306 6.0000e+10 1514.80017   100%  91.9   45s
H18086 13719                    5.999999e+10 1515.41182   100%  88.6   49s
 18987 15245 2.0918e+10  140  310 6.0000e+10 1515.41182   100%  87.8   50s
 24019 20411 1525.16638   36  336 6.0000e+10 1517.57772   100%  82.5   55s
 29179 23411 1551.24333   37  391 6.0000e+10 1518.17175   100%  78.4   70s
 29193 23420 1.8160e+10  118  400 6.0000e+10 1518.17175   100%  78.4   75s
 29208 23430 2.5316e+10  167  409 6.0000e+10 1518.17175   100%  78.3   80s
 29312 23510 1539.99557   41  379 6.0000e+10 1518.17175   100%  78.6   85s
 30216 24070 2.5701e+10   94  309 6.0000e+10 1518.17175   100%  80.3   90s
 30585 24235 1518.17175   38  368 6.0000e+10 1518.17175   100%  80.8   95s
 32070 25070 1518.17175   36  354 6.0000e+10 1518.17175   100%  83.1  100s
 33872 26123 1568.00295   56  345 6.0000e+10 1518.17175   100%  84.4  105s
 34317 26345 5.6169e+09   80  329 6.0000e+10 1518.17175   100%  84.9  111s
 35788 27636 1604.10406   59  348 6.0000e+10 1518.17175   100%  85.2  115s
 36343 27753 1588.20776   61  314 6.0000e+10 1518.17175   100%  85.2  122s
 37569 28879 1.7380e+10  136  309 6.0000e+10 1518.17175   100%  85.5  125s
 39870 30305 1587.29435   58  324 6.0000e+10 1518.17175   100%  85.5  130s
 43900 33831 1597.15824   74  333 6.0000e+10 1518.17175   100%  86.0  135s
 50838 35990 1718.92594   68  320 6.0000e+10 1518.93632   100%  86.2  140s
 55612 39178 1645.21069   74  322 6.0000e+10 1519.62065   100%  86.6  145s
 62907 42086 4.3016e+10  148  286 6.0000e+10 1520.09999   100%  85.4  151s
 65556 43548 2.5504e+09   91  313 6.0000e+10 1520.55875   100%  85.6  157s
 69579 45824 1620.79095   59  324 6.0000e+10 1520.81630   100%  85.5  161s
 74381 50132 1541.88542   48  359 6.0000e+10 1521.20354   100%  85.6  166s
 80544 52717 1621.23185   62  336 6.0000e+10 1521.57107   100%  84.8  170s
 89032 57800 1558.48272   53  336 6.0000e+10 1522.06437   100%  83.8  175s
 95870 61280 1.2368e+10   84  287 6.0000e+10 1522.45094   100%  83.4  180s
 101202 64645 1578.23490   53  330 6.0000e+10 1522.84852   100%  83.0  185s
 108720 71344 5.2215e+07   75  323 6.0000e+10 1523.13245   100%  82.8  190s
 111205 73305     cutoff   74      6.0000e+10 1523.22269   100%  82.8  195s
 119108 81671 1545.05827   48  369 6.0000e+10 1523.54986   100%  82.1  200s
 129279 89834 2.2230e+10  156  322 6.0000e+10 1523.96961   100%  81.1  205s
 138002 97338 4.8964e+09   79  324 6.0000e+10 1524.21371   100%  80.5  210s
 144815 103391 1558.82587   48  338 6.0000e+10 1524.44745   100%  80.1  215s
 149863 107766 1.3212e+09   78  327 6.0000e+10 1524.65602   100%  79.8  220s
 156221 113721 1565.35984   55  348 6.0000e+10 1524.88429   100%  79.4  225s
 165067 121731 1.4118e+10  148  330 6.0000e+10 1525.11239   100%  79.1  230s
 167291 123359 1542.77345   51  364 6.0000e+10 1525.14730   100%  78.8  235s
 169946 125033 1538.27467   47  363 6.0000e+10 1525.19069   100%  78.6  240s
 177809 132574 4.0000e+10   83  301 6.0000e+10 1525.45345   100%  78.4  245s
 186375 140321 3.3921e+10  122  305 6.0000e+10 1525.70696   100%  78.3  250s
 192813 146155 2.5864e+10  116  275 6.0000e+10 1525.85547   100%  78.0  255s
 202384 153716 3.3920e+10  165  313 6.0000e+10 1526.03526   100%  77.6  262s
 206236 157878 1584.08492   55  347 6.0000e+10 1526.19850   100%  77.6  265s
 215789 166283 1540.26303   46  351 6.0000e+10 1526.41772   100%  77.1  270s
 222388 172203 1741.11615   72  282 6.0000e+10 1526.58603   100%  76.9  275s
 230975 179863 1567.61169   60  330 6.0000e+10 1526.79983   100%  76.7  280s
 235060 182697 1594.35009   64  335 6.0000e+10 1526.86889   100%  76.6  286s
 236903 185208 9.5904e+09  122  296 6.0000e+10 1526.90540   100%  76.5  290s
 246179 192839 1586.81161   61  352 6.0000e+10 1527.09961   100%  76.1  295s
 255830 201541 2.3413e+10   79  300 6.0000e+10 1527.24183   100%  76.0  300s
 262244 206398 1633.50614   62  326 6.0000e+10 1527.37014   100%  75.7  305s
 270162 214265 1.4727e+10  152  301 6.0000e+10 1527.49421   100%  75.3  310s
 280297 222465 1.2855e+10  103  305 6.0000e+10 1527.65727   100%  74.9  318s
 283510 226691 8.5471e+09  103  311 6.0000e+10 1527.70351   100%  74.9  320s
 293091 233869 1629.21799   64  348 6.0000e+10 1527.90649   100%  74.6  327s
 296860 237796 1544.89008   52  353 6.0000e+10 1527.96060   100%  74.6  330s
 306353 245948 2.8877e+08   85  319 6.0000e+10 1528.12099   100%  74.1  335s
 315479 253454 1633.91643   70  322 6.0000e+10 1528.26350   100%  73.8  340s
 323538 261320 3.6065e+10  118  329 6.0000e+10 1528.38449   100%  73.7  345s
 325287 262078 1545.98272   55  344 6.0000e+10 1528.39706   100%  73.6  351s
 326381 263596 1.0000e+10  121  327 6.0000e+10 1528.40124   100%  73.6  355s
 334455 271086 2.6741e+10  147  305 6.0000e+10 1528.50846   100%  73.5  360s
 338460 273911 1587.50410   69  343 6.0000e+10 1528.59294   100%  73.5  365s
 345768 281135 3.5799e+10  136  305 6.0000e+10 1528.71565   100%  73.5  370s
 352892 287248 1597.57537   59  330 6.0000e+10 1528.79150   100%  73.6  375s
 358284 291008 1585.20407   54  339 6.0000e+10 1528.84503   100%  73.4  380s
 358292 298023 1587.21622   55  342 6.0000e+10 1528.84542   100%  73.4  385s
 367286 298796     cutoff  140      6.0000e+10 1528.94461   100%  73.3  394s
 367519 299513 1625.40497   57  334 6.0000e+10 1528.94778   100%  73.3  395s
 372827 304464 1553.25320   54  350 6.0000e+10 1529.00067   100%  73.3  400s
 381990 312433 1597.23786   70  345 6.0000e+10 1529.12810   100%  73.2  509s
 382941 313466 1551.05272   52  344 6.0000e+10 1529.13601   100%  73.2  510s
 388240 318170 3.3364e+07   72  314 6.0000e+10 1529.20622   100%  73.0  515s
 396322 324673 1584.44137   63  325 6.0000e+10 1529.27359   100%  73.2  520s
 401922 329658 1558.38125   62  353 6.0000e+10 1529.34585   100%  73.2  525s
 411083 337269 1602.19111   67  341 6.0000e+10 1529.46864   100%  73.3  531s
 414612 340046 6.4975e+09   89  315 6.0000e+10 1529.49452   100%  73.2  535s
 423209 348462 4.4575e+10  145  291 6.0000e+10 1529.62335   100%  73.2  540s
 431545 355556     cutoff  176      6.0000e+10 1529.72353   100%  73.3  545s
 433592 356703 3.4874e+09   86  313 6.0000e+10 1529.75105   100%  73.3  550s
 433774 357881 3.8375e+09   88  307 6.0000e+10 1529.75137   100%  73.3  555s
 443016 365777 1623.96136   63  353 6.0000e+10 1529.85913   100%  73.2  560s
 452930 374468 1571.57054   52  350 6.0000e+10 1529.95244   100%  73.2  565s
 456880 376817 1689.20090   72  301 6.0000e+10 1529.98942   100%  73.2  571s
 460546 380949 3.7809e+10  140  288 6.0000e+10 1530.00904   100%  73.2  575s
 468978 388002 1591.47244   68  339 6.0000e+10 1530.09018   100%  73.0  580s
 476716 395497 1602.75445   64  312 6.0000e+10 1530.15344   100%  72.9  585s
 487137 403438 1600.90082   65  336 6.0000e+10 1530.22837   100%  72.7  592s
 491201 408719 1578.90941   58  352 6.0000e+10 1530.26798   100%  72.6  595s
 501041 416491 1772.66268   82  341 6.0000e+10 1530.35959   100%  72.5  600s
 508846 422794 1692.72375   73  317 6.0000e+10 1530.40925   100%  72.5  607s
 511113 424589 6.4122e+07   53  305 6.0000e+10 1530.43192   100%  72.4  613s
 512781 427046 2.2500e+08   88  326 6.0000e+10 1530.45266   100%  72.5  615s
 521477 435030 9.4475e+09  112  319 6.0000e+10 1530.52954   100%  72.3  620s
 533155 444705 4.7916e+10  177  310 6.0000e+10 1530.63399   100%  72.1  625s
 540567 451221 4.3250e+10  170  288 6.0000e+10 1530.69993   100%  72.3  630s
 550237 458766 1641.70943   67  348 6.0000e+10 1530.77751   100%  72.1  639s
 550245 465821 1647.83574   68  346 6.0000e+10 1530.78112   100%  72.1  647s
 562547 470938 1643.03311   78  340 6.0000e+10 1530.87857   100%  72.1  650s
 569790 476815 1550.16765   51  349 6.0000e+10 1530.92853   100%  72.0  655s
 580791 487235 1627.85727   62  347 6.0000e+10 1531.01500   100%  71.7  660s
 589784 493911 1541.35084   50  359 6.0000e+10 1531.08738   100%  71.5  665s
 598516 502393 1550.80031   55  343 6.0000e+10 1531.14053   100%  71.4  670s
 607742 509584 4.9045e+10  184  277 6.0000e+10 1531.21866   100%  71.3  676s
 614954 516446 1539.73432   49  324 6.0000e+10 1531.27266   100%  71.2  680s
 624850 526019 3.8580e+10  156  298 6.0000e+10 1531.35521   100%  71.0  685s
 628365 527867 1704.96038   76  318 6.0000e+10 1531.38280   100%  71.0  690s
 632868 532073 1537.48896   48  359 6.0000e+10 1531.42085   100%  70.9  695s
 642650 541504 1588.99282   54  339 6.0000e+10 1531.49143   100%  70.9  700s
 649741 546680 1589.24466   55  349 6.0000e+10 1531.55648   100%  70.8  707s
 653793 550994 1574.03291   57  352 6.0000e+10 1531.59279   100%  70.8  710s
 664582 560950 1566.96753   53  345 6.0000e+10 1531.65796   100%  70.6  715s
 670889 566440 1676.70951   68  324 6.0000e+10 1531.70646   100%  70.6  720s
 680797 574942 1.9298e+10  159  317 6.0000e+10 1531.77163   100%  70.4  725s
 686963 579835 1569.50491   60  347 6.0000e+10 1531.82242   100%  70.4  730s
 695681 588254 2.5220e+10  144  311 6.0000e+10 1531.88903   100%  70.3  735s
 705578 597263 3.5195e+09   76  316 6.0000e+10 1531.95614   100%  70.3  740s
 713065 603964 4.9261e+09   84  318 6.0000e+10 1531.99870   100%  70.2  745s
 722862 612020 1553.29157   49  354 6.0000e+10 1532.05280   100%  70.1  750s
 726728 615091 1673.38282   67  331 6.0000e+10 1532.07469   100%  70.1  758s
 726835 615098 1723.06597   68  323 6.0000e+10 1532.07469   100%  70.1  762s
 732140 620606 3.4479e+10  104  298 6.0000e+10 1532.10700   100%  70.0  765s
 741206 628369 2.8544e+10   79  303 6.0000e+10 1532.14854   100%  70.0  770s
 746059 632975 1.2525e+09   74  334 6.0000e+10 1532.17822   100%  70.0  775s
 757491 642784 1536.24493   51  343 6.0000e+10 1532.23808   100%  70.0  780s
 763799 648327 1565.86682   62  333 6.0000e+10 1532.28079   100%  69.9  785s
 772452 656004 1552.19396   51  351 6.0000e+10 1532.32634   100%  69.9  790s
 780587 662410 4.3242e+10  106  327 6.0000e+10 1532.37699   100%  69.8  795s
 786488 668266 1595.06291   56  332 6.0000e+10 1532.40065   100%  69.8  800s
 795682 676631 1.1421e+10  130  293 6.0000e+10 1532.45691   100%  69.7  809s
 796722 677162 1.7911e+09   63  329 6.0000e+10 1532.46033   100%  69.7  810s
 801433 681240 3.9924e+09  101  301 6.0000e+10 1532.48494   100%  69.7  815s
 809996 689221 5.3662e+10  166  284 6.0000e+10 1532.52608   100%  69.5  820s
 818818 697321 1537.69590   50  362 6.0000e+10 1532.58873   100%  69.5  825s
 827147 704079 1691.96706   61  317 6.0000e+10 1532.64012   100%  69.4  830s
 834296 709886 1709.32036   77  322 6.0000e+10 1532.69082   100%  69.4  835s
 841065 716897 1.9758e+10  161  319 6.0000e+10 1532.73526   100%  69.4  840s
 845576 720628 2.2934e+10  115  325 6.0000e+10 1532.75631   100%  69.4  845s
 853095 727123 1.9688e+10   80  312 6.0000e+10 1532.79936   100%  69.3  850s
 862208 734492 1538.84929   49  361 6.0000e+10 1532.84442   100%  69.3  856s
 868667 740767 9.0218e+09  117  315 6.0000e+10 1532.87982   100%  69.3  860s
 876085 746603 1580.21912   57  338 6.0000e+10 1532.93635   100%  69.2  867s
 876093 746725 1587.94284   58  351 6.0000e+10 1532.93635   100%  69.2  870s
 883830 754200 1.9470e+10  109  326 6.0000e+10 1532.96794   100%  69.3  875s
 894175 763612 1547.63316   51  346 6.0000e+10 1533.01398   100%  69.2  880s
 904033 772155 1563.90833   54  345 6.0000e+10 1533.06873   100%  69.1  885s
 910282 777383 4.9404e+10  158  287 6.0000e+10 1533.09925   100%  69.0  892s
 910946 784541 3.2141e+08   68  318 6.0000e+10 1533.10864   100%  69.0  897s
 920713 786131 1740.02213   78  311 6.0000e+10 1533.15661   100%  69.0  902s
 926419 792110 1.7623e+10   91  320 6.0000e+10 1533.17890   100%  68.9  905s
 935912 800477 1557.35674   60  348 6.0000e+10 1533.22174   100%  68.9  910s
 945959 809022     cutoff   81      6.0000e+10 1533.26784   100%  68.9  915s
 954024 815485 1.0365e+10  134  303 6.0000e+10 1533.30224   100%  68.9  924s
 954855 817491 1601.74206   58  349 6.0000e+10 1533.30697   100%  68.9  925s
 964306 825194 4.1021e+10  136  311 6.0000e+10 1533.35122   100%  68.9  930s
 974259 834415 3.7839e+08   74  333 6.0000e+10 1533.40236   100%  68.8  935s
 983930 842541 1.3781e+10  129  325 6.0000e+10 1533.44994   100%  68.8  940s
 985512 846813 2.6715e+10  145  306 6.0000e+10 1533.45450   100%  68.8  946s
 996239 852683 1553.07327   47  349 6.0000e+10 1533.50882   100%  68.7  953s
 998926 855913     cutoff  176      6.0000e+10 1533.52041   100%  68.7  955s
 1008004 864116 2.3575e+10  204  307 6.0000e+10 1533.55377   100%  68.6  960s
 1018158 872959     cutoff  199      6.0000e+10 1533.60319   100%  68.6  965s
 1025721 878755 1.4215e+09   94  307 6.0000e+10 1533.63820   100%  68.5  972s
 1028777 882155 5.5870e+08   82  315 6.0000e+10 1533.65136   100%  68.5  975s
 1035333 887133 1576.46116   56  347 6.0000e+10 1533.67803   100%  68.5  984s
 1035341 887966 1578.16662   57  339 6.0000e+10 1533.67803   100%  68.5  985s
 1044929 896894 8.0431e+09  117  333 6.0000e+10 1533.72496   100%  68.6  990s
 1054913 905229 1.2337e+09   91  311 6.0000e+10 1533.77470   100%  68.5  995s
 1064769 913592 1610.45346   67  318 6.0000e+10 1533.82394   100%  68.5 1000s
 1074581 922968 1581.20363   62  336 6.0000e+10 1533.86418   100%  68.4 1005s
 1079134 926888 1.8691e+09   89  318 6.0000e+10 1533.88846   100%  68.4 1010s
 1088272 934563 4.8376e+10  115  250 6.0000e+10 1533.91802   100%  68.4 1015s
 1099245 944512 1550.33717   46  349 6.0000e+10 1533.95852   100%  68.3 1020s
 1102096 946200 1661.47307   67  319 6.0000e+10 1533.97555   100%  68.3 1026s
 1103083 947703 1725.33044   81  333 6.0000e+10 1533.97925   100%  68.3 1030s
 1112231 956121 1555.08635   48  354 6.0000e+10 1534.01530   100%  68.2 1035s
 1123357 965903 3.1992e+10  139  307 6.0000e+10 1534.06348   100%  68.1 1040s
 1133568 975478 2.7877e+10  165  287 6.0000e+10 1534.10915   100%  68.0 1045s
 1136304 977223 1572.05189   64  350 6.0000e+10 1534.11642   100%  68.0 1050s
 1145792 985481 1637.14855   73  328 6.0000e+10 1534.16357   100%  68.0 1055s
 1155364 994142 2.1082e+10  127  328 6.0000e+10 1534.20491   100%  68.0 1060s
 1164091 1000782 1711.16790   65  314 6.0000e+10 1534.24977   100%  68.0 1066s
 1164099 1007863 1718.12768   66  308 6.0000e+10 1534.24985   100%  68.0 1071s
 1179671 1016391 1623.50179   63  346 6.0000e+10 1534.31111   100%  67.8 1075s
 1190246 1024251 3.0536e+10   78  317 6.0000e+10 1534.34609   100%  67.8 1082s
 1190667 1024259 2.5177e+10   77  313 6.0000e+10 1534.34609   100%  67.8 1086s
 1196927 1030550 1585.05850   54  347 6.0000e+10 1534.37157   100%  67.8 1090s
 1205451 1038135 2.0088e+09  106  309 6.0000e+10 1534.39549   100%  67.9 1095s
 1215014 1046020 1607.11699   62  333 6.0000e+10 1534.42716   100%  67.8 1100s
 1216749 1047111 1569.18413   49  354 6.0000e+10 1534.43934   100%  67.8 1105s
 1220216 1050843 1706.55110   71  308 6.0000e+10 1534.45405   100%  67.8 1110s
 1229876 1059601 2.0661e+10  117  311 6.0000e+10 1534.49612   100%  67.8 1115s
 1240263 1068431 3.0000e+10   79  290 6.0000e+10 1534.53140   100%  67.8 1120s
 1243586 1070762 5.6045e+09   92  316 6.0000e+10 1534.53981   100%  67.7 1125s
 1252009 1079057 1551.61471   49  353 6.0000e+10 1534.57456   100%  67.7 1130s
 1262034 1087711 1.3565e+09   81  315 6.0000e+10 1534.61519   100%  67.7 1135s
 1271143 1095902 5.0000e+10   78  308 6.0000e+10 1534.64217   100%  67.7 1140s
 1279911 1103424 1652.47207   55  306 6.0000e+10 1534.67856   100%  67.8 1145s
 1281006 1104170     cutoff   78      6.0000e+10 1534.67946   100%  67.8 1150s
 1287411 1109104 1.1070e+10  122  314 6.0000e+10 1534.70112   100%  67.8 1158s
H1287418 1071301                    5.000000e+10 1534.70112   100%  67.8 1158s
 1290116 1074393 2.0000e+10  151  315 5.0000e+10 1534.71721   100%  67.8 1160s
 1296999 1080034 1556.07903   45  338 5.0000e+10 1534.74588   100%  67.9 1165s
 1305685 1087661 2.8718e+10  162  313 5.0000e+10 1534.78546   100%  67.9 1170s
 1314715 1095991 2.9186e+09   96  308 5.0000e+10 1534.81196   100%  67.8 1175s
 1319338 1100611 1.0419e+10   90  321 5.0000e+10 1534.83434   100%  67.8 1180s
 1328998 1108456 5.4024e+08   84  336 5.0000e+10 1534.87629   100%  67.8 1185s
 1336421 1114399 1.1185e+10   84  337 5.0000e+10 1534.89865   100%  67.8 1190s
 1344380 1123001 9.2756e+09  116  311 5.0000e+10 1534.93133   100%  67.8 1195s
 1354071 1130927 4.7774e+09  109  318 5.0000e+10 1534.97200   100%  67.7 1200s
 1358658 1135013 1589.93920   68  324 5.0000e+10 1534.99266   100%  67.7 1205s
 1367970 1143295 1614.91713   68  333 5.0000e+10 1535.02612   100%  67.7 1210s
 1377454 1150429 5.3382e+09  104  308 5.0000e+10 1535.05970   100%  67.7 1216s
 1384223 1156775 1667.09283   84  325 5.0000e+10 1535.08842   100%  67.7 1221s
H1384225 1156668                    5.000000e+10 1535.08842   100%  67.7 1221s
 1390630 1163137 1673.82801   76  323 5.0000e+10 1535.11251   100%  67.7 1225s
H1393175 1164286                    4.999999e+10 1535.11880   100%  67.6 1227s
H1393177 1164286                    4.999999e+10 1535.11880   100%  67.6 1227s
H1393179 1164284                    4.999998e+10 1535.11880   100%  67.6 1227s
 1397740 1168885 1.3935e+10  137  315 5.0000e+10 1535.13282   100%  67.6 1230s
 1406411 1177109 1.9007e+10  125  293 5.0000e+10 1535.16884   100%  67.6 1235s
H1410597 1179669                    4.999998e+10 1535.18472   100%  67.6 1238s
H1410742 1180414                    4.999998e+10 1535.18522   100%  67.6 1238s
 1411531 1180420 1552.36296   56  337 5.0000e+10 1535.18620   100%  67.6 1244s
 1412271 1181738 2.0299e+08   84  319 5.0000e+10 1535.18890   100%  67.6 1245s
 1417684 1187073 1625.07104   68  330 5.0000e+10 1535.21527   100%  67.6 1250s
 1427800 1195647 2.4045e+10  137  297 5.0000e+10 1535.24852   100%  67.6 1255s
 1432182 1199999 1545.32243   59  353 5.0000e+10 1535.26312   100%  67.6 1260s
 1442275 1208288 1.7280e+10  168  328 5.0000e+10 1535.29806   100%  67.5 1265s
 1450614 1215952 1.1971e+10  129  314 5.0000e+10 1535.33306   100%  67.5 1270s
 1453338 1217779 1617.21435   65  333 5.0000e+10 1535.34414   100%  67.5 1275s
 1463379 1226620 8.7150e+08   65  336 5.0000e+10 1535.38808   100%  67.5 1280s
 1472555 1234764 1683.92960   71  323 5.0000e+10 1535.42449   100%  67.5 1285s
 1479211 1240780 1717.24524   79  305 5.0000e+10 1535.45106   100%  67.5 1472s
 1482978 1242993 1574.27417   65  333 5.0000e+10 1535.46120   100%  67.5 1478s
 1485197 1245925 1678.80227   61  307 5.0000e+10 1535.47888   100%  67.5 1480s
 1495474 1254807 1569.50183   59  358 5.0000e+10 1535.50704   100%  67.5 1485s
 1506312 1265003 1545.60979   59  368 5.0000e+10 1535.55009   100%  67.4 1490s
 1517367 1274271 1633.93611   61  333 5.0000e+10 1535.60096   100%  67.4 1495s
 1519415 1275281 2.1944e+10  161  294 5.0000e+10 1535.60151   100%  67.4 1500s
 1526109 1281895 3.2384e+10  128  314 5.0000e+10 1535.63162   100%  67.4 1505s
 1535679 1290797 1.3773e+10  143  326 5.0000e+10 1535.66714   100%  67.4 1510s
 1540134 1294046 2.0971e+10  128  302 5.0000e+10 1535.68012   100%  67.4 1515s
 1549989 1302965 1721.10593   81  322 5.0000e+10 1535.71871   100%  67.4 1520s
 1558319 1310090 2.2653e+10   78  299 5.0000e+10 1535.74650   100%  67.4 1528s
 1561557 1313751 1.0081e+10   83  301 5.0000e+10 1535.75415   100%  67.3 1530s
 1565139 1315568 1599.89693   63  329 5.0000e+10 1535.75776   100%  67.3 1535s
 1573319 1323713 1557.05396   50  348 5.0000e+10 1535.78604   100%  67.3 1540s
 1582829 1331925 1552.25662   50  337 5.0000e+10 1535.80955   100%  67.3 1545s
 1593207 1341084 1573.68928   55  350 5.0000e+10 1535.84109   100%  67.3 1550s
 1597826 1344801 3.1095e+10  183  313 5.0000e+10 1535.85439   100%  67.3 1555s
 1607912 1354356 2.2412e+10  140  328 5.0000e+10 1535.89191   100%  67.3 1560s
 1617684 1362037 1547.68977   46  353 5.0000e+10 1535.91970   100%  67.2 1566s
 1623920 1368149 2.0761e+09   86  306 5.0000e+10 1535.93993   100%  67.2 1570s
 1627557 1370780 5.2380e+08   61  319 5.0000e+10 1535.95628   100%  67.2 1575s
 1637741 1380294 3.1300e+10  108  304 5.0000e+10 1535.98398   100%  67.2 1580s
 1642637 1383661 1.0043e+10  141  286 5.0000e+10 1535.99610   100%  67.2 1588s
H1642639 1383661                    4.999998e+10 1535.99610   100%  67.2 1588s
 1643633 1385554 8.2001e+09  113  319 5.0000e+10 1536.00067   100%  67.2 1590s
 1651820 1391830 4.2348e+09  111  317 5.0000e+10 1536.02581   100%  67.2 1597s
 1656438 1396968 1.7044e+08   77  335 5.0000e+10 1536.04216   100%  67.2 1600s
 1666370 1405750 4.6042e+08   71  321 5.0000e+10 1536.07748   100%  67.2 1605s
 1673935 1412370 3.2153e+10  144  282 5.0000e+10 1536.10213   100%  67.3 1610s
 1685277 1422530 2.0000e+10  134  308 5.0000e+10 1536.13137   100%  67.2 1615s
 1687910 1423842 1669.15236   71  328 5.0000e+10 1536.13924   100%  67.2 1620s
 1698183 1433523 5.3007e+08   89  334 5.0000e+10 1536.17054   100%  67.1 1625s
 1708822 1442681 9.1178e+09  158  336 5.0000e+10 1536.20451   100%  67.1 1630s
 1719403 1452365 1.0177e+10  104  328 5.0000e+10 1536.23454   100%  67.0 1635s
 1727750 1458789 7.7667e+08   69  291 5.0000e+10 1536.25969   100%  67.0 1641s
 1733481 1464890 1567.28941   55  341 5.0000e+10 1536.27660   100%  67.0 1645s
 1742869 1473148 1725.70976   62  314 5.0000e+10 1536.31565   100%  67.0 1650s
 1749987 1478494 1.4716e+09   65  333 5.0000e+10 1536.33967   100%  67.0 1655s
 1756883 1485472 2.4911e+10  147  297 5.0000e+10 1536.36239   100%  67.0 1660s
 1763428 1491313 1687.73365   70  325 5.0000e+10 1536.38793   100%  67.0 1665s
 1765738 1493375 3.7472e+10  129  302 5.0000e+10 1536.39410   100%  67.0 1664s
 1768430 1495631 2.1932e+10  144  322 5.0000e+10 1536.40692   100%  66.9 1665s
 1769583 1496314 1.0695e+10   86  306 5.0000e+10 1536.41031   100%  66.9 1670s
 1775998 1502233 1613.22198   60  329 5.0000e+10 1536.43296   100%  67.0 1675s
 1780361 1504763 1559.02949   49  362 5.0000e+10 1536.44861   100%  67.0 1680s
 1784747 1508366 7.5648e+09   64  329 5.0000e+10 1536.46165   100%  67.0 1687s
 1788161 1511867 1.0000e+10   66  334 5.0000e+10 1536.47629   100%  67.1 1690s
 1795930 1519292 1633.75559   61  316 5.0000e+10 1536.49847   100%  67.1 1695s
 1804531 1526622 1562.36702   48  330 5.0000e+10 1536.52428   100%  67.1 1700s
 1810605 1531148 1696.71107   73  310 5.0000e+10 1536.53664   100%  67.0 1708s
 1810694 1531156 1709.37482   74  318 5.0000e+10 1536.53664   100%  67.0 1712s
 1812246 1533950 1.2896e+09   83  308 5.0000e+10 1536.54464   100%  67.1 1715s
 1820113 1540279 1726.97876   78  321 5.0000e+10 1536.56602   100%  67.1 1720s
 1828521 1547119 3.1081e+10  104  309 5.0000e+10 1536.59538   100%  67.1 1725s
 1834004 1551630 3.7134e+09   97  323 5.0000e+10 1536.60808   100%  67.1 1730s
 1841891 1558981 1577.30444   54  353 5.0000e+10 1536.62850   100%  67.1 1735s
 1844953 1562034 7.0792e+09   87  309 5.0000e+10 1536.64032   100%  67.1 1740s
