
Gurobi 11.0.1 (mac64[arm]) logging started Sun Feb 23 07:11:37 2025

Set parameter LogFile to value "logs_new/salida_modelo_caminos_400_567_noLR.log"
Set parameter TimeLimit to value 7200
Gurobi Optimizer version 11.0.1 build v11.0.1rc0 (mac64[arm] - Darwin 24.3.0 24D60)

CPU model: Apple M2
Thread count: 8 physical cores, 8 logical processors, using up to 8 threads

Optimize a model with 653 rows, 2266 columns and 9831 nonzeros
Coefficient statistics:
  Matrix range     [1e+00, 1e+00]
  Objective range  [2e+00, 1e+10]
  Bounds range     [0e+00, 0e+00]
  RHS range        [1e+00, 2e+02]
Warning: Model contains large objective coefficients
         Consider reformulating model or setting NumericFocus parameter
         to avoid numerical issues.

Solved in 0 iterations and 0.00 seconds (0.00 work units)
Optimal objective  1.509000000e+03
Gurobi Optimizer version 11.0.1 build v11.0.1rc0 (mac64[arm] - Darwin 24.3.0 24D60)

CPU model: Apple M2
Thread count: 8 physical cores, 8 logical processors, using up to 8 threads

Optimize a model with 653 rows, 2266 columns and 9831 nonzeros
Model fingerprint: 0xa8d957ab
Variable types: 0 continuous, 2266 integer (2266 binary)
Coefficient statistics:
  Matrix range     [1e+00, 1e+00]
  Objective range  [2e+00, 1e+10]
  Bounds range     [0e+00, 0e+00]
  RHS range        [1e+00, 2e+02]
Warning: Model contains large objective coefficients
         Consider reformulating model or setting NumericFocus parameter
         to avoid numerical issues.
Found heuristic solution: objective 4.000000e+12
Presolve removed 250 rows and 0 columns
Presolve time: 0.02s
Presolved: 403 rows, 2266 columns, 9405 nonzeros
Variable types: 0 continuous, 2266 integer (2266 binary)
Found heuristic solution: objective 3.850000e+12

Root relaxation: objective 1.509000e+03, 2538 iterations, 0.11 seconds (0.22 work units)

    Nodes    |    Current Node    |     Objective Bounds      |     Work
 Expl Unexpl |  Obj  Depth IntInf | Incumbent    BestBd   Gap | It/Node Time

     0     0 1509.00000    0  353 3.8500e+12 1509.00000   100%     -    0s
H    0     0                    7.700000e+11 1509.00000   100%     -    0s
H    0     0                    6.100000e+11 1509.00000   100%     -    0s
H    0     0                    4.500000e+11 1509.00000   100%     -    0s
H    0     0                    3.700000e+11 1509.00000   100%     -    0s
H    0     0                    3.600000e+11 1509.00000   100%     -    0s
     0     0 1509.69693    0  372 3.6000e+11 1509.69693   100%     -    0s
     0     0 1509.89484    0  377 3.6000e+11 1509.89484   100%     -    0s
H    0     0                    3.500000e+11 1509.89484   100%     -    0s
     0     0 1510.45949    0  378 3.5000e+11 1510.45949   100%     -    0s
     0     0 1510.48865    0  392 3.5000e+11 1510.48865   100%     -    0s
     0     0 1510.48865    0  384 3.5000e+11 1510.48865   100%     -    0s
H    0     0                    3.300000e+11 1510.48865   100%     -    0s
     0     0 1510.48865    0  386 3.3000e+11 1510.48865   100%     -    0s
     0     0 1510.48865    0  386 3.3000e+11 1510.48865   100%     -    0s
H    0     0                    3.100000e+11 1510.48865   100%     -    0s
     0     0 1510.48865    0  390 3.1000e+11 1510.48865   100%     -    0s
     0     0 1510.48865    0  390 3.1000e+11 1510.48865   100%     -    0s
H    0     0                    2.900000e+11 1510.48865   100%     -    0s
H    0     0                    2.500000e+11 1510.48865   100%     -    0s
     0     2 1510.48865    0  390 2.5000e+11 1510.48865   100%     -    0s
H   32    40                    2.100000e+11 1511.39803   100%   119    1s
H   66    75                    2.000000e+11 1512.73775   100%   130    1s
H   71    75                    1.800000e+11 1512.73775   100%   131    1s
H  102   111                    1.500000e+11 1512.73775   100%   134    1s
H  108   111                    1.400000e+11 1512.73775   100%   132    1s
H 1123  1131                    1.300000e+11 1512.73775   100%   113    4s
H 1129  1131                    1.200000e+11 1512.73775   100%   113    4s
  1314  1356 1.4753e+10   98  271 1.2000e+11 1512.73775   100%   112    5s
  2434  2366 1516.96359    9  352 1.2000e+11 1512.75307   100%   100   10s
H 2589  2356                    1.100000e+11 1512.75307   100%   105   12s
  2941  2595 1576.70775   45  332 1.1000e+11 1512.75307   100%   111   15s
H 2943  2483                    1.000000e+11 1512.75307   100%   111   15s
  4329  3325 1516.81292   22  352 1.0000e+11 1512.75307   100%   107   20s
  6151  4595 5.4148e+10  208  294 1.0000e+11 1512.75307   100%   100   25s
  6877  4910 6.1443e+09   86  316 1.0000e+11 1512.75307   100%   100   32s
  6989  4887 1.4253e+10   99  301 1.0000e+11 1512.75307   100%   100   35s
  8704  6311 1.6272e+09   79  284 1.0000e+11 1513.02883   100%  96.4   40s
H 9607  6690                    1.000000e+11 1513.02883   100%  93.1   42s
H 9636  6599                    9.000000e+10 1513.02883   100%  93.4   42s
 10123  7284 infeasible  170      9.0000e+10 1513.28624   100%  92.9   45s
 13545 10784 1529.45315   24  350 9.0000e+10 1515.39724   100%  91.4   50s
H16783 13526                    9.000000e+10 1515.80022   100%  88.7   54s
 17539 14363 2.6519e+10  112  304 9.0000e+10 1515.80022   100%  87.4   55s
H18754 15053                    9.000000e+10 1516.16946   100%  85.4   56s
 20326 17358 8.3880e+08   64  305 9.0000e+10 1516.16946   100%  83.7   60s
 26808 22031 1.4616e+10  108  310 9.0000e+10 1517.60010   100%  78.3   65s
 29694 24399 6.1880e+10  131  390 9.0000e+10 1517.77026   100%  77.4   81s
 29711 24410 1598.94712   54  397 9.0000e+10 1517.77026   100%  77.3   85s
 29728 24422 1686.97181   94  410 9.0000e+10 1517.77026   100%  77.3   90s
 29743 24432 1541.33678   23  420 9.0000e+10 1517.77026   100%  77.3   95s
H29851 23289                    9.000000e+10 1517.77026   100%  77.7   99s
 30046 23437 1551.94413   42  362 9.0000e+10 1517.77026   100%  77.9  100s
H30539 22590                    8.999999e+10 1517.77026   100%  78.8  102s
 31381 23035 8.1006e+10  124  276 9.0000e+10 1517.77026   100%  79.4  106s
H31390 21936                    8.999999e+10 1517.77026   100%  79.4  111s
 32648 22883 3.4016e+10  121  276 9.0000e+10 1517.77026   100%  81.6  115s
H33025 21871                    8.999999e+10 1517.77026   100%  81.7  117s
 33949 22612 7.6086e+10  142  303 9.0000e+10 1517.77026   100%  82.0  120s
 35908 23840 3.5486e+10  129  310 9.0000e+10 1517.77026   100%  82.8  125s
 37427 24878 1.0000e+10   61  312 9.0000e+10 1517.77026   100%  83.5  130s
 39243 25856 1619.32641   43  322 9.0000e+10 1517.99704   100%  83.5  139s
 39771 25765 1542.20028   39  353 9.0000e+10 1517.99704   100%  83.7  142s
 42356 28606 1628.23970   63  328 9.0000e+10 1519.01269   100%  82.7  145s
 48672 30667 1749.86631   85  317 9.0000e+10 1519.58440   100%  80.4  156s
 48680 30672 1.9925e+09   86  310 9.0000e+10 1519.58440   100%  80.4  162s
H48687 28696                    7.000000e+10 1519.58440   100%  80.4  162s
 50342 30125 1.0490e+10  106  314 7.0000e+10 1520.14387   100%  79.9  165s
 55740 33529 4.4210e+10  132  314 7.0000e+10 1521.01659   100%  78.3  170s
 64300 37299 1606.52670   44  333 7.0000e+10 1521.85469   100%  76.0  176s
 69428 40711 1568.97089   42  346 7.0000e+10 1522.21986   100%  75.0  180s
 79791 46951 1711.49638   78  298 7.0000e+10 1522.92865   100%  72.0  185s
 89913 53083 1.0428e+10   91  313 7.0000e+10 1523.45806   100%  69.8  191s
 90158 60264     cutoff  172      7.0000e+10 1523.46858   100%  69.7  195s
 104555 67628 2.7407e+10  106  340 7.0000e+10 1524.31234   100%  67.5  200s
 112236 73702 1608.10855   61  323 7.0000e+10 1524.69536   100%  66.5  205s
 121981 82427 1554.68773   43  348 7.0000e+10 1525.01484   100%  65.3  210s
 128251 87065 1.6878e+09   79  323 7.0000e+10 1525.21293   100%  64.8  215s
 136983 95681 5.6021e+10  141  297 7.0000e+10 1525.58292   100%  63.8  220s
 146431 103644 1538.33968   44  346 7.0000e+10 1525.89130   100%  63.1  225s
 148801 106615 1644.79282   63  331 7.0000e+10 1525.97156   100%  63.0  230s
H153737 109397                    7.000000e+10 1526.08671   100%  62.6  234s
 154978 110975 1.5214e+10  140  297 7.0000e+10 1526.15310   100%  62.7  235s
 163394 119523 1612.53143   59  325 7.0000e+10 1526.42963   100%  62.3  240s
 167202 121298 1540.49310   36  342 7.0000e+10 1526.50637   100%  62.1  245s
H167203 121297                    6.999999e+10 1526.50637   100%  62.1  245s
 176505 130271 3.1322e+10  115  314 7.0000e+10 1526.77346   100%  61.5  250s
 186252 138942 3.4666e+10  168  295 7.0000e+10 1526.93961   100%  61.0  255s
 195281 146535 1626.14672   68  320 7.0000e+10 1527.22391   100%  60.6  262s
H195282 142682                    6.000000e+10 1527.22391   100%  60.6  262s
 200916 148424 1.3736e+09   84  314 6.0000e+10 1527.34533   100%  60.3  265s
 206920 152900 2.0545e+10  159  319 6.0000e+10 1527.43063   100%  60.1  270s
 215016 160550 2.5351e+10  136  315 6.0000e+10 1527.64771   100%  59.7  275s
 224253 168696 4.2823e+10   96  286 6.0000e+10 1527.83703   100%  59.4  280s
 232475 176389 1.0043e+10  117  294 6.0000e+10 1527.99616   100%  59.0  285s
 233567 176397 1671.16292   68  318 6.0000e+10 1528.00033   100%  59.0  291s
 236129 179501 1.5633e+10  142  309 6.0000e+10 1528.03552   100%  58.8  295s
 243551 185362 4.2790e+08   85  299 6.0000e+10 1528.18341   100%  58.5  301s
 250419 192315 1.2198e+10  109  298 6.0000e+10 1528.35280   100%  58.3  305s
 260646 201574 1683.47942   73  333 6.0000e+10 1528.56088   100%  58.1  310s
 266208 206380 1739.91679   75  312 6.0000e+10 1528.64436   100%  58.0  315s
 275303 214287 4.5176e+09   93  299 6.0000e+10 1528.82456   100%  58.1  320s
 285756 222797 1.0552e+09   82  334 6.0000e+10 1529.02811   100%  57.8  328s
 287543 225032 1534.86852   35  350 6.0000e+10 1529.04462   100%  57.7  330s
 296259 232705 1712.90187   83  327 6.0000e+10 1529.18733   100%  57.8  335s
 305865 241139 1553.23411   42  330 6.0000e+10 1529.31278   100%  57.8  340s
 312178 249782 1587.26624   54  349 6.0000e+10 1529.41245   100%  57.6  346s
 323021 256367 1534.58656   34  356 6.0000e+10 1529.59095   100%  57.5  350s
 327899 261050 1617.96164   57  348 6.0000e+10 1529.65065   100%  57.5  355s
 337224 268943 1549.16887   41  336 6.0000e+10 1529.79123   100%  57.4  360s
 345394 275896 1.9637e+10  138  313 6.0000e+10 1529.89334   100%  57.2  369s
 345631 276409 1537.58023   38  341 6.0000e+10 1529.89334   100%  57.2  370s
 354871 284929 1573.78641   36  334 6.0000e+10 1530.00380   100%  57.2  375s
 364980 293739 1641.59156   56  328 6.0000e+10 1530.11785   100%  57.1  380s
 367587 296053 1596.30649   52  344 6.0000e+10 1530.16565   100%  57.0  385s
 377446 304698 6.3720e+09   83  333 6.0000e+10 1530.27298   100%  57.1  390s
 386472 313208 1566.80278   43  351 6.0000e+10 1530.38347   100%  57.0  395s
 395071 319426 5.2057e+10  123  299 6.0000e+10 1530.46144   100%  57.1  402s
 398562 323573 1707.20495   58  328 6.0000e+10 1530.50002   100%  57.2  405s
 409053 332762 1.4309e+09   91  325 6.0000e+10 1530.59677   100%  57.0  410s
 414852 337342 1604.47456   55  335 6.0000e+10 1530.65615   100%  57.0  415s
 419464 341521 1754.44464   67  301 6.0000e+10 1530.69370   100%  56.9  422s
 425614 347398 1.6256e+09  108  323 6.0000e+10 1530.78813   100%  56.8  425s
 426566 348022 1566.18016   46  351 6.0000e+10 1530.78861   100%  56.8  430s
 436140 356968 1.9843e+09   71  345 6.0000e+10 1530.91373   100%  56.6  435s
 447863 367259 1767.53974   81  320 6.0000e+10 1531.05329   100%  56.4  440s
 456166 374451 1648.98436   56  354 6.0000e+10 1531.13338   100%  56.5  445s
 467035 384219 9.0232e+08   84  299 6.0000e+10 1531.26293   100%  56.3  450s
 473757 389275 1721.75533   70  324 6.0000e+10 1531.32928   100%  56.2  455s
 480503 395201 1751.69869   76  297 6.0000e+10 1531.40617   100%  56.2  466s
H480538 395015                    6.000000e+10 1531.40617   100%  56.2  466s
 481985 397139 9.1023e+09   74  322 6.0000e+10 1531.42637   100%  56.2  470s
 492470 406050 1608.89601   62  343 6.0000e+10 1531.50835   100%  56.1  475s
 498968 411300 1596.76887   54  329 6.0000e+10 1531.55956   100%  56.0  481s
H498975 411257                    5.999999e+10 1531.55956   100%  56.0  481s
 507419 419470 1630.63290   61  324 6.0000e+10 1531.62558   100%  55.9  485s
 517650 428751 3.5790e+10  152  327 6.0000e+10 1531.71997   100%  55.8  490s
 527577 437498 7.3302e+08   73  318 6.0000e+10 1531.78962   100%  55.6  495s
 531462 440983 1665.35280   73  359 6.0000e+10 1531.82000   100%  55.6  500s
 542468 450880 1621.53313   59  342 6.0000e+10 1531.91227   100%  55.5  505s
 550046 457319 1582.58066   40  333 6.0000e+10 1531.95933   100%  55.6  510s
H550973 457327                    5.999999e+10 1531.95933   100%  55.7  513s
 553507 460646 1562.18634   38  343 6.0000e+10 1531.98214   100%  55.6  515s
 564740 470910 2.7809e+10  160  337 6.0000e+10 1532.07388   100%  55.5  520s
 574158 478540 5.1992e+10  102  312 6.0000e+10 1532.14564   100%  55.5  525s
 580034 483983 3.2335e+10  172  302 6.0000e+10 1532.19768   100%  55.4  530s
 589573 492254 1577.95077   44  343 6.0000e+10 1532.26428   100%  55.4  535s
 594085 496462 1575.88847   47  338 6.0000e+10 1532.29715   100%  55.3  540s
 604753 505913 2.8281e+10  147  323 6.0000e+10 1532.38417   100%  55.2  545s
 610663 517141 1556.92073   37  355 6.0000e+10 1532.42725   100%  55.2  554s
 618671 517149 1.4448e+10   83  328 6.0000e+10 1532.46865   100%  55.2  560s
 623540 521278 1.0000e+10   69  313 6.0000e+10 1532.50277   100%  55.2  565s
 630511 528255 1670.87028   60  302 6.0000e+10 1532.55004   100%  55.1  570s
 640090 537278 6.8844e+09  121  314 6.0000e+10 1532.62339   100%  55.1  575s
 650436 546140 5.4025e+10  162  291 6.0000e+10 1532.68372   100%  54.9  580s
 654343 549769 1553.78723   51  324 6.0000e+10 1532.70642   100%  54.9  585s
 665166 559410 1715.81650   66  336 6.0000e+10 1532.75990   100%  54.8  590s
 669991 562896 4.5480e+10  139  323 6.0000e+10 1532.77557   100%  54.7  595s
 670054 570077 3.8622e+10  139  313 6.0000e+10 1532.79548   100%  54.7  600s
 685438 577983 1592.38201   42  321 6.0000e+10 1532.89298   100%  54.7  605s
 695762 586586 1690.40452   63  335 6.0000e+10 1532.98326   100%  54.6  610s
 699559 590390 1585.72570   60  338 6.0000e+10 1533.00610   100%  54.6  615s
 708367 597056 1654.06234   53  312 6.0000e+10 1533.05717   100%  54.4  624s
 708435 597696 1663.12488   53  323 6.0000e+10 1533.05854   100%  54.5  625s
 716589 604319 1630.74725   66  339 6.0000e+10 1533.10385   100%  54.4  631s
 724645 612494 1.5255e+09   71  324 6.0000e+10 1533.14446   100%  54.3  635s
 734780 621164 1751.59738   60  309 6.0000e+10 1533.19611   100%  54.3  640s
 737696 623214 1.0212e+10   63  314 6.0000e+10 1533.21528   100%  54.3  645s
 748377 633227 1613.37124   62  333 6.0000e+10 1533.26001   100%  54.2  650s
 759615 643022 1.1205e+10   59  309 6.0000e+10 1533.32875   100%  54.1  655s
 764634 647662 1577.00434   56  333 6.0000e+10 1533.36565   100%  54.1  660s
 774516 656380 1593.72585   45  343 6.0000e+10 1533.43268   100%  54.1  665s
 779874 661134 1600.05042   64  327 6.0000e+10 1533.45464   100%  54.0  670s
 788646 669403 1580.42138   63  339 6.0000e+10 1533.51448   100%  54.1  675s
 794882 674477 1.1968e+10  141  314 6.0000e+10 1533.53902   100%  54.0 1603s
 798111 676438 1553.41379   47  335 6.0000e+10 1533.56197   100%  54.0 1608s
 801087 680031 1548.85041   39  352 6.0000e+10 1533.56874   100%  53.9 1610s
 812091 689312 1.2671e+10  111  320 6.0000e+10 1533.62808   100%  53.9 1615s
 821975 698323 1.0000e+10   72  327 6.0000e+10 1533.67973   100%  53.8 1620s
 823899 699093 1.7971e+10  122  305 6.0000e+10 1533.69696   100%  53.9 1627s
 823915 699901 1.8033e+10  123  304 6.0000e+10 1533.70002   100%  53.9 1630s
 833296 708876 2.3463e+10   87  320 6.0000e+10 1533.74779   100%  53.8 1635s
 842504 715572 1587.97041   54  348 6.0000e+10 1533.79852   100%  53.8 1642s
 846097 719801 1554.50839   47  345 6.0000e+10 1533.81883   100%  53.8 1645s
 851841 724916 4.3224e+10  158  304 6.0000e+10 1533.83831   100%  53.8 2574s
 853760 726406 1556.52706   50  330 6.0000e+10 1533.84610   100%  53.7 2575s
 863227 735406 1587.92744   53  354 6.0000e+10 1533.90428   100%  53.7 2580s
 870554 740617 1668.81450   63  319 6.0000e+10 1533.93232   100%  53.6 2585s
 880601 750562 3.8962e+10  186  310 6.0000e+10 1533.99978   100%  53.6 2590s
 892317 760793 1707.34180   66  315 6.0000e+10 1534.07699   100%  53.5 2595s
 897066 765040 1561.51278   48  336 6.0000e+10 1534.09687   100%  53.5 2600s
 908455 775529 6.3471e+09   93  304 6.0000e+10 1534.17390   100%  53.5 2605s
 915993 781030 3.0358e+10  146  325 6.0000e+10 1534.19406   100%  53.4 2610s
 923141 788670 4.6482e+09   85  329 6.0000e+10 1534.23693   100%  53.4 2615s
 931133 794894 3.5629e+10   66  279 6.0000e+10 1534.26816   100%  53.4 3519s
 932954 797066 1587.21806   51  337 6.0000e+10 1534.27301   100%  53.4 3520s
 942246 804223 3.1743e+10  190  319 6.0000e+10 1534.31119   100%  53.3 3527s
 946917 809399 1659.60304   52  345 6.0000e+10 1534.33504   100%  53.3 3530s
 958131 819069 1580.35334   53  344 6.0000e+10 1534.37857   100%  53.2 3535s
 969856 829621 3.1676e+08   59  325 6.0000e+10 1534.43798   100%  53.2 3540s
 974952 834078 5.4706e+09  110  348 6.0000e+10 1534.45927   100%  53.2 3545s
 986149 843667 1664.97788   49  318 6.0000e+10 1534.50074   100%  53.1 3550s
 988469 845112 1706.15047   57  331 6.0000e+10 1534.50890   100%  53.1 3555s
 996678 853237 1619.95928   43  313 6.0000e+10 1534.54649   100%  53.1 4485s
 1001480 857313 1546.78385   34  357 6.0000e+10 1534.56466   100%  53.1 4490s
 1011717 866357 1599.96060   36  324 6.0000e+10 1534.60778   100%  53.1 4495s
 1018402 872686 3.2302e+10  132  320 6.0000e+10 1534.63878   100%  53.1 4500s
 1030104 882861 2.2500e+10  123  324 6.0000e+10 1534.68604   100%  53.1 4505s
 1035207 887613 1728.46507   81  316 6.0000e+10 1534.71359   100%  53.1 4510s
 1045920 896706 1544.17912   34  337 6.0000e+10 1534.75152   100%  53.1 4515s
 1057450 906017 1596.29539   52  336 6.0000e+10 1534.80227   100%  53.0 4522s
 1058260 906875 3.2842e+10  144  314 6.0000e+10 1534.80227   100%  53.0 5433s
 1058394 914077 2.7653e+10  146  309 6.0000e+10 1534.80459   100%  53.0 5436s
 1073327 921544 1803.98066   70  312 6.0000e+10 1534.86721   100%  52.9 5440s
 1077716 924924 8.1441e+08   67  349 6.0000e+10 1534.89152   100%  52.9 5445s
 1087803 934373 1716.97744   85  314 6.0000e+10 1534.93295   100%  52.9 5450s
 1099913 944546 1581.99516   57  341 6.0000e+10 1534.97834   100%  52.9 5455s
 1108535 951326 1.1813e+10   72  307 6.0000e+10 1535.01674   100%  52.8 5461s
 1116482 959109 1620.38375   58  345 6.0000e+10 1535.04960   100%  52.8 5465s
 1123396 964714 2.8059e+10  107  316 6.0000e+10 1535.10489   100%  52.9 5713s
 1127106 968655 3.1339e+10  130  320 6.0000e+10 1535.12535   100%  52.9 5715s
 1134522 974400 1557.28844   42  341 6.0000e+10 1535.15802   100%  52.9 6647s
 1139762 979401 1655.41726   66  343 6.0000e+10 1535.17745   100%  52.9 6650s
 1140781 979409 1771.73346   68  305 6.0000e+10 1535.18834   100%  52.9 6656s
 1145635 983739 1.0422e+08   85  312 6.0000e+10 1535.19669   100%  52.9 6662s
 1151614 990019 2.2254e+10  125  325 6.0000e+10 1535.23808   100%  52.9 6665s
 1163335 1000721 5.5110e+08   79  330 6.0000e+10 1535.28635   100%  52.8 6670s
 1174215 1009067 1539.33192   33  361 6.0000e+10 1535.31504   100%  52.8 6676s
 1181741 1016533 1.0558e+09   93  334 6.0000e+10 1535.34780   100%  52.8 6680s
 1190800 1024922 1546.53803   37  345 6.0000e+10 1535.38151   100%  52.7 6685s
 1195336 1027763 2.6409e+09  104  309 6.0000e+10 1535.39781   100%  52.8 7613s

Cutting planes:
  Gomory: 25
  Clique: 17
  Flow cover: 1
  Zero half: 6

Explored 1195344 nodes (63094415 simplex iterations) in 7613.39 seconds (2480.81 work units)
Thread count was 8 (of 8 available processors)

Solution count 10: 6e+10 6e+10 6e+10 ... 1e+11

Time limit reached
Best objective 6.000000178200e+10, best bound 1.535397807658e+03, gap 100.0000%
