
Gurobi 11.0.1 (mac64[arm]) logging started Tue Feb 18 10:56:48 2025

Set parameter LogFile to value "logs_new/salida_modelo_caminos_320_567_noLR.log"
Set parameter TimeLimit to value 7200
Gurobi Optimizer version 11.0.1 build v11.0.1rc0 (mac64[arm] - Darwin 24.3.0 24D60)

CPU model: Apple M2
Thread count: 8 physical cores, 8 logical processors, using up to 8 threads

Optimize a model with 573 rows, 1715 columns and 7182 nonzeros
Coefficient statistics:
  Matrix range     [1e+00, 1e+00]
  Objective range  [2e+00, 1e+10]
  Bounds range     [0e+00, 0e+00]
  RHS range        [1e+00, 2e+02]
Warning: Model contains large objective coefficients
         Consider reformulating model or setting NumericFocus parameter
         to avoid numerical issues.

Solved in 0 iterations and 0.00 seconds (0.00 work units)
Optimal objective  1.222000000e+03
Gurobi Optimizer version 11.0.1 build v11.0.1rc0 (mac64[arm] - Darwin 24.3.0 24D60)

CPU model: Apple M2
Thread count: 8 physical cores, 8 logical processors, using up to 8 threads

Optimize a model with 573 rows, 1715 columns and 7182 nonzeros
Model fingerprint: 0xd425790c
Variable types: 0 continuous, 1715 integer (1715 binary)
Coefficient statistics:
  Matrix range     [1e+00, 1e+00]
  Objective range  [2e+00, 1e+10]
  Bounds range     [0e+00, 0e+00]
  RHS range        [1e+00, 2e+02]
Warning: Model contains large objective coefficients
         Consider reformulating model or setting NumericFocus parameter
         to avoid numerical issues.
Found heuristic solution: objective 3.200000e+12
Presolve removed 250 rows and 0 columns
Presolve time: 0.01s
Presolved: 323 rows, 1715 columns, 6851 nonzeros
Variable types: 0 continuous, 1715 integer (1715 binary)
Found heuristic solution: objective 3.120000e+12

Root relaxation: objective 1.222000e+03, 1662 iterations, 0.05 seconds (0.09 work units)

    Nodes    |    Current Node    |     Objective Bounds      |     Work
 Expl Unexpl |  Obj  Depth IntInf | Incumbent    BestBd   Gap | It/Node Time

     0     0 1222.00000    0  268 3.1200e+12 1222.00000   100%     -    0s
H    0     0                    5.400000e+11 1222.00000   100%     -    0s
H    0     0                    3.200000e+11 1222.00000   100%     -    0s
H    0     0                    2.400000e+11 1222.00000   100%     -    0s
H    0     0                    2.100000e+11 1222.00000   100%     -    0s
     0     0 1222.36108    0  285 2.1000e+11 1222.36108   100%     -    0s
H    0     0                    2.100000e+11 1222.69849   100%     -    0s
     0     0 1222.69849    0  280 2.1000e+11 1222.69849   100%     -    0s
H    0     0                    1.900000e+11 1222.69849   100%     -    0s
     0     0 1222.77388    0  302 1.9000e+11 1222.77388   100%     -    0s
H    0     0                    1.700000e+11 1222.77388   100%     -    0s
     0     0 1222.78202    0  309 1.7000e+11 1222.78202   100%     -    0s
     0     0 1222.81734    0  313 1.7000e+11 1222.81734   100%     -    0s
H    0     0                    1.600000e+11 1222.81734   100%     -    0s
     0     0 1222.81930    0  313 1.6000e+11 1222.81930   100%     -    0s
     0     0 1222.81964    0  313 1.6000e+11 1222.81964   100%     -    0s
     0     0 1222.82077    0  303 1.6000e+11 1222.82077   100%     -    0s
     0     0 1222.83151    0  303 1.6000e+11 1222.83151   100%     -    0s
     0     2 1222.83580    0  303 1.6000e+11 1222.83580   100%     -    0s
H   33    40                    1.500000e+11 1223.69981   100%   116    0s
H   38    40                    1.400000e+11 1223.69981   100%   107    0s
H   76    85                    1.200000e+11 1223.91532   100%   101    0s
H   78    85                    1.200000e+11 1223.91532   100%   100    0s
H  119   128                    1.100000e+11 1223.91532   100%  92.3    0s
H  120   128                    1.000000e+11 1223.91532   100%  91.5    0s
H  123   128                    9.000000e+10 1223.91532   100%  92.3    0s
H  490   501                    6.000000e+10 1223.91532   100%  84.0    2s
H 1734  1566                    6.000000e+10 1224.70466   100%  79.1    4s
  1821  1633 1242.97747   25  279 6.0000e+10 1224.70466   100%  80.6    5s
H 1841  1561                    5.000000e+10 1224.70466   100%  80.9    5s
H 1872  1515                    5.000000e+10 1224.70466   100%  81.5    5s
H 1873  1446                    5.000000e+10 1224.70466   100%  81.5    5s
  4539  3029 7.1177e+09   84  231 5.0000e+10 1226.37493   100%  78.7   10s
H 4593  2971                    4.000000e+10 1226.37493   100%  78.5   10s
H 5356  3162                    3.000000e+10 1227.53367   100%  78.5   11s
  6889  4406 1361.81762   42  247 3.0000e+10 1228.59725   100%  77.4   15s
 10110  7221 1308.89554   45  253 3.0000e+10 1229.72270   100%  75.8   20s
 12955 10174 1359.16647   53  241 3.0000e+10 1230.53358   100%  74.5   25s
 16196 13025 2.0119e+10  117  255 3.0000e+10 1230.87762   100%  74.5   30s
H19160 14936                    3.000000e+10 1231.40251   100%  74.0   32s
H19168 15244                    3.000000e+10 1231.40251   100%  74.0   33s
 21609 17623 1304.31671   42  259 3.0000e+10 1231.96236   100%  74.3   35s
H22701 18140                    2.999999e+10 1232.01687   100%  73.9   36s
H26076 20930                    2.999998e+10 1232.48118   100%  73.3   39s
H26088 20930                    2.999998e+10 1232.48118   100%  73.3   39s
 26091 21637 3.4852e+09   90  250 3.0000e+10 1232.50145   100%  73.4   40s
H28292 23489                    2.999997e+10 1232.75505   100%  73.4   41s
 29625 24013 2.2510e+10   87  303 3.0000e+10 1232.75505   100%  72.7   50s
 30176 24336 1.2301e+10   67  257 3.0000e+10 1232.75505   100%  73.3   55s
 31364 25042 1232.75505   33  282 3.0000e+10 1232.75505   100%  74.0   60s
 33864 26401 2.3721e+09   85  256 3.0000e+10 1232.75505   100%  75.7   65s
 36365 27640 1.0000e+10   74  250 3.0000e+10 1232.75505   100%  76.5   70s
 38262 28996 1.1342e+10   68  252 3.0000e+10 1232.75505   100%  76.7   75s
 41859 30324 2.1358e+10   57  240 3.0000e+10 1232.75505   100%  76.6   80s
 45711 32399 3.6099e+08   67  253 3.0000e+10 1232.75505   100%  76.2   86s
 47719 34075 2.7787e+10  142  217 3.0000e+10 1232.75505   100%  75.9   90s
 54713 37415 1.9544e+10  123  245 3.0000e+10 1232.75505   100%  75.1   95s
 62065 41936 1.5310e+10   99  261 3.0000e+10 1232.75505   100%  73.9  100s
 65923 43783 1.3760e+09   80  252 3.0000e+10 1232.75505   100%  73.1  105s
 72988 46779 1265.99915   54  269 3.0000e+10 1232.90124   100%  72.9  110s
 74501 54427 1318.78093   61  268 3.0000e+10 1233.08991   100%  72.6  117s
 85999 53916 1.7586e+09   73  226 3.0000e+10 1233.55007   100%  71.5  121s
 92451 57347 1261.94882   46  287 3.0000e+10 1233.89220   100%  70.9  126s
 98426 60667 8.4843e+09  149  275 3.0000e+10 1234.15610   100%  70.4  130s
 105367 65545 1243.07932   36  274 3.0000e+10 1234.57435   100%  69.7  135s
 114400 73812 1.3431e+10   97  248 3.0000e+10 1234.85690   100%  68.9  141s
 118598 77959 1374.01197   67  224 3.0000e+10 1235.06515   100%  68.7 1121s
 125489 83456 1403.88764   76  240 3.0000e+10 1235.29578   100%  68.1 1125s
 127689 84474 1262.87062   51  272 3.0000e+10 1235.34249   100%  67.7 2050s
 140865 96518 1340.33292   66  249 3.0000e+10 1235.74815   100%  66.3 3054s
 141789 97320 1290.76467   63  235 3.0000e+10 1235.75634   100%  66.1 3055s
 148056 102062 6.9199e+09  101  256 3.0000e+10 1235.87616   100%  65.2 4035s
 159636 112745 1251.39850   46  259 3.0000e+10 1236.22466   100%  64.2 4040s
 165417 117042 1243.90228   46  271 3.0000e+10 1236.37524   100%  63.5 5100s
H168617 108959                    2.000000e+10 1236.43327   100%  63.2 5103s
 172545 112734 1283.50827   51  269 2.0000e+10 1236.56426   100%  63.0 6025s
 182871 121622 4.2437e+09   89  259 2.0000e+10 1236.78450   100%  62.4 6030s
 184748 123093 1284.28213   58  263 2.0000e+10 1236.82547   100%  62.3 7095s
 192926 130945 1251.97787   47  263 2.0000e+10 1237.02443   100%  61.7 7100s
 196441 132807 1268.40915   54  269 2.0000e+10 1237.11171   100%  61.5 7398s

Cutting planes:
  Gomory: 1
  Clique: 2
  Zero half: 2

Explored 196904 nodes (12107066 simplex iterations) in 7398.77 seconds (473.16 work units)
Thread count was 8 (of 8 available processors)

Solution count 10: 2e+10 3e+10 3e+10 ... 5e+10

Time limit reached
Best objective 2.000000136000e+10, best bound 1.237128870888e+03, gap 100.0000%
