
Gurobi 11.0.1 (mac64[arm]) logging started Thu Feb 13 19:45:57 2025

Set parameter LogFile to value "logs_new/salida_modelo_caminos_300_567_5.log"
Set parameter TimeLimit to value 7200
Gurobi Optimizer version 11.0.1 build v11.0.1rc0 (mac64[arm] - Darwin 24.3.0 24D60)

CPU model: Apple M2
Thread count: 8 physical cores, 8 logical processors, using up to 8 threads

Optimize a model with 553 rows, 1573 columns and 6428 nonzeros
Coefficient statistics:
  Matrix range     [1e+00, 1e+00]
  Objective range  [2e+00, 1e+10]
  Bounds range     [0e+00, 0e+00]
  RHS range        [1e+00, 2e+02]
Warning: Model contains large objective coefficients
         Consider reformulating model or setting NumericFocus parameter
         to avoid numerical issues.

Solved in 0 iterations and 0.00 seconds (0.00 work units)
Optimal objective  1.177000000e+03
Gurobi Optimizer version 11.0.1 build v11.0.1rc0 (mac64[arm] - Darwin 24.3.0 24D60)

CPU model: Apple M2
Thread count: 8 physical cores, 8 logical processors, using up to 8 threads

Optimize a model with 553 rows, 1573 columns and 6428 nonzeros
Model fingerprint: 0x8d921ba7
Variable types: 0 continuous, 1573 integer (1573 binary)
Coefficient statistics:
  Matrix range     [1e+00, 1e+00]
  Objective range  [2e+00, 1e+10]
  Bounds range     [0e+00, 0e+00]
  RHS range        [1e+00, 2e+02]
Warning: Model contains large objective coefficients
         Consider reformulating model or setting NumericFocus parameter
         to avoid numerical issues.
Found heuristic solution: objective 3.000000e+12
Presolve removed 250 rows and 0 columns
Presolve time: 0.01s
Presolved: 303 rows, 1573 columns, 6179 nonzeros
Variable types: 0 continuous, 1573 integer (1573 binary)
Found heuristic solution: objective 2.920000e+12

Root relaxation: objective 1.177000e+03, 1433 iterations, 0.04 seconds (0.07 work units)

    Nodes    |    Current Node    |     Objective Bounds      |     Work
 Expl Unexpl |  Obj  Depth IntInf | Incumbent    BestBd   Gap | It/Node Time

     0     0 1177.00000    0  264 2.9200e+12 1177.00000   100%     -    0s
H    0     0                    4.200000e+11 1177.00000   100%     -    0s
H    0     0                    3.300000e+11 1177.00000   100%     -    0s
H    0     0                    2.000000e+11 1177.00000   100%     -    0s
H    0     0                    1.700000e+11 1177.00000   100%     -    0s
     0     0 1178.33623    0  280 1.7000e+11 1178.33623   100%     -    0s
H    0     0                    1.600000e+11 1178.33623   100%     -    0s
H    0     0                    1.300000e+11 1178.33623   100%     -    0s
     0     0 1178.67558    0  293 1.3000e+11 1178.67558   100%     -    0s
     0     0 1178.86669    0  298 1.3000e+11 1178.86669   100%     -    0s
     0     0 1178.86740    0  300 1.3000e+11 1178.86740   100%     -    0s
     0     0 1178.92116    0  299 1.3000e+11 1178.92116   100%     -    0s
     0     0 1178.92480    0  304 1.3000e+11 1178.92480   100%     -    0s
     0     0 1178.92573    0  305 1.3000e+11 1178.92573   100%     -    0s
     0     0 1178.92752    0  305 1.3000e+11 1178.92752   100%     -    0s
H    0     0                    1.100000e+11 1178.92795   100%     -    0s
     0     2 1178.92944    0  305 1.1000e+11 1178.92944   100%     -    0s
H   36    40                    1.000000e+11 1179.54862   100%  87.9    0s
H   66    79                    9.000000e+10 1179.54862   100%  84.4    0s
H  115   122                    9.000000e+10 1179.54862   100%  86.8    0s
H  153   161                    7.000000e+10 1179.54862   100%  86.6    1s
H  460   472                    6.000000e+10 1179.54862   100%  80.3    1s
H  461   472                    5.000000e+10 1179.54862   100%  80.2    1s
H 1515  1471                    4.000000e+10 1180.96850   100%  66.4    2s
H 1723  1511                    3.999996e+10 1180.96850   100%  68.7    4s
  1753  1540 1245.03351   30  213 4.0000e+10 1180.96850   100%  69.4    5s
  4311  3006 2.9946e+10   77  209 4.0000e+10 1182.74164   100%  78.6   10s
  7888  5401 9.3689e+08   38  207 4.0000e+10 1184.53508   100%  81.6   15s
 10365  7864 1310.15849   41  232 4.0000e+10 1185.42549   100%  83.5   20s
 12480  9695     cutoff   84      4.0000e+10 1185.82183   100%  84.1   25s
 15207 11555 1.2356e+10   75  201 4.0000e+10 1186.81410   100%  84.7   30s
 18366 14866 3.2669e+10   98  231 4.0000e+10 1187.32309   100%  85.2   35s
 21535 17750     cutoff  112      4.0000e+10 1187.54368   100%  84.8   40s
 25841 20819 1.6275e+10   87  209 4.0000e+10 1188.30159   100%  84.7   45s
 29800 23795 1.3201e+10   73  305 4.0000e+10 1188.57371   100%  85.4   57s
 29812 23803 1.0000e+10   65  302 4.0000e+10 1188.57371   100%  85.4   60s
 29824 23811 3.7369e+10   74  318 4.0000e+10 1188.57371   100%  85.4   65s
 29836 23819 1225.81363   28  323 4.0000e+10 1188.57371   100%  85.3   70s
H29842 22631                    3.000000e+10 1188.57371   100%  85.3   72s
 29990 22739 1190.39945   41  262 3.0000e+10 1188.57371   100%  85.5   75s
H29992 21605                    3.000000e+10 1188.57371   100%  85.5   75s
H30191 20663                    3.000000e+10 1188.57371   100%  85.5   77s
 31241 21229 2.2090e+10   71  245 3.0000e+10 1188.57371   100%  85.3   80s
H31331 20251                    3.000000e+10 1188.57371   100%  85.3   80s
 34241 21774 infeasible   91      3.0000e+10 1188.57371   100%  84.8   85s
 36902 23356 1.9388e+09   69  247 3.0000e+10 1188.57371   100%  84.6   90s
 39126 24474 1.8503e+10   65  247 3.0000e+10 1188.57371   100%  84.1   95s
H39601 23371                    3.000000e+10 1188.57371   100%  84.1   98s
H39948 21692                    2.000000e+10 1188.57371   100%  84.0   99s
 40874 22346 4.4377e+09   83  226 2.0000e+10 1188.57371   100%  83.7  100s
 44871 24761 1.3527e+09   52  237 2.0000e+10 1188.57371   100%  82.6  105s
 50401 27431 1.6497e+10   73  211 2.0000e+10 1188.65562   100%  81.6  110s
 53637 28096 1.5173e+10   81  222 2.0000e+10 1189.08578   100%  81.6  115s
*55532 28428              87    2.000000e+10 1189.32637   100%  81.2  117s
 57172 29749 1.9975e+09   72  245 2.0000e+10 1189.50457   100%  80.8  120s
 60584 30968 1.1767e+09   59  250 2.0000e+10 1189.87833   100%  80.1  125s
 63587 33182 1.2177e+10   93  225 2.0000e+10 1190.14619   100%  79.6  130s
 69088 35681 1.5259e+10  100  233 2.0000e+10 1190.69581   100%  78.7  135s
 72983 37689 1.8544e+10   92  211 2.0000e+10 1191.01644   100%  78.0  140s
 78192 39866 6.6259e+09   99  230 2.0000e+10 1191.40665   100%  78.0  145s
 85387 45433 8.9638e+08   57  247 2.0000e+10 1191.93200   100%  77.2  150s
 92338 50953 1233.54987   53  234 2.0000e+10 1192.47660   100%  76.4  155s
 101170 58268 1208.49021   39  254 2.0000e+10 1192.97253   100%  75.6  160s
 108164 64041 7.3524e+08   57  239 2.0000e+10 1193.36359   100%  75.0  165s
 118225 71761 1208.15261   37  254 2.0000e+10 1193.78248   100%  74.1  170s
H121237 74009                    2.000000e+10 1193.90076   100%  73.9  173s
 123051 76363 1.5342e+09   68  244 2.0000e+10 1193.96128   100%  73.8  175s
H128697 80654                    1.999999e+10 1194.16738   100%  73.2  177s
H128975 80654                    1.999999e+10 1194.16738   100%  73.2  177s
 133991 86385 1226.50433   50  267 2.0000e+10 1194.38124   100%  72.7  180s
 145791 94951 9.7598e+09   86  239 2.0000e+10 1194.84946   100%  71.6  185s
 153664 101244 1.0224e+08   60  243 2.0000e+10 1195.11574   100%  71.0  191s
H153710 101243                    1.999998e+10 1195.11574   100%  71.0  191s
 162065 109041 1201.34621   40  258 2.0000e+10 1195.37975   100%  70.6  195s
 171636 116613 1205.88511   40  262 2.0000e+10 1195.62015   100%  70.1  200s
 177385 120431 2.4259e+09   68  234 2.0000e+10 1195.83217   100%  69.8  205s
 183131 126139 1215.37246   44  241 2.0000e+10 1195.99675   100%  69.5  210s
 195086 135560 9.1269e+09  100  235 2.0000e+10 1196.33998   100%  68.9  215s
 206828 145443 1.8202e+09   86  230 2.0000e+10 1196.65894   100%  68.4  220s
 218003 154568 5.1171e+09   65  251 2.0000e+10 1196.95957   100%  68.0  225s
 229108 163499 1268.74324   55  243 2.0000e+10 1197.25451   100%  67.6  230s
 238134 172982 1.2397e+10   90  238 2.0000e+10 1197.43466   100%  67.3  235s
 251318 181843 8.4670e+09  101  223 2.0000e+10 1197.72939   100%  66.9  240s
 261576 190402 4.6795e+09   53  238 2.0000e+10 1197.89046   100%  66.5  245s
 273261 199892 8.6897e+09  118  237 2.0000e+10 1198.09844   100%  66.1  250s
 278828 204491 2.8526e+09   66  231 2.0000e+10 1198.20549   100%  66.0  255s
 293696 216392 1323.30321   51  226 2.0000e+10 1198.45704   100%  65.4  260s
 301299 223442 7.8463e+08   63  227 2.0000e+10 1198.58419   100%  65.2  265s
 312456 232436 1258.81483   56  247 2.0000e+10 1198.78082   100%  64.9  270s
 324467 241810 1.2589e+10  104  227 2.0000e+10 1198.95851   100%  64.4  275s
 333929 249222 7.8332e+09   74  228 2.0000e+10 1199.10311   100%  64.2  280s
 345262 258536 2.2138e+08   63  243 2.0000e+10 1199.26065   100%  64.0  285s
 351029 263077 1231.26432   44  229 2.0000e+10 1199.35243   100%  63.9  290s
 363946 273683 1.0053e+10  107  243 2.0000e+10 1199.54172   100%  63.5  295s
 376009 283356     cutoff   88      2.0000e+10 1199.71431   100%  63.3  300s
 383354 289457 1232.85011   48  256 2.0000e+10 1199.82902   100%  63.2  305s
 395135 299261 1.6848e+10   95  219 2.0000e+10 1199.97187   100%  62.9  310s
 404983 307090 2.0257e+09   86  245 2.0000e+10 1200.09766   100%  62.8  315s
 417182 316689 1358.31269   68  258 2.0000e+10 1200.24320   100%  62.5  320s
 425328 323842 1275.06736   52  245 2.0000e+10 1200.35035   100%  62.4  325s
 435417 332127 4.0457e+09   82  219 2.0000e+10 1200.49149   100%  62.2  330s
H441324 336330                    1.999998e+10 1200.55299   100%  62.1  333s
 443238 338580 1.2155e+09   61  243 2.0000e+10 1200.56861   100%  62.1  335s
 455312 348420 1263.28158   51  237 2.0000e+10 1200.70153   100%  61.9  340s
 464866 356210 2.7148e+09   70  217 2.0000e+10 1200.79372   100%  61.8  345s
 475395 364921 1209.50322   48  254 2.0000e+10 1200.91665   100%  61.7  350s
 481267 369379 7.8356e+08   54  227 2.0000e+10 1200.98934   100%  61.7  355s
 492552 378316 1234.95440   44  238 2.0000e+10 1201.13388   100%  61.5  360s
 498924 383469 1.2950e+09   53  232 2.0000e+10 1201.21118   100%  61.4  365s
 509502 392219 infeasible   86      2.0000e+10 1201.31021   100%  61.5  370s
 522622 402824 5.5260e+09   77  215 2.0000e+10 1201.43414   100%  61.3  375s
 533633 411543 7.4389e+09  102  233 2.0000e+10 1201.54423   100%  61.1  380s
 544946 420909 9.8454e+09   83  225 2.0000e+10 1201.66413   100%  61.0  385s
 553441 427929 1235.20438   47  247 2.0000e+10 1201.74636   100%  60.9  390s
 565097 437823 1.6318e+10   93  240 2.0000e+10 1201.85229   100%  60.8  395s
 577429 447659 1223.91970   46  254 2.0000e+10 1201.95224   100%  60.7  400s
 585719 454067 1238.37814   50  231 2.0000e+10 1202.02277   100%  60.7  406s
 595173 462100 1.0948e+09   68  235 2.0000e+10 1202.11346   100%  60.6 1449s
 597374 463523 8.8396e+09   75  217 2.0000e+10 1202.13070   100%  60.6 1450s
 605071 469701 1258.82189   50  244 2.0000e+10 1202.20765   100%  60.5 1464s
 606987 471256 infeasible   55      2.0000e+10 1202.22857   100%  60.5 1465s
 614410 477380 1.4090e+10   96  215 2.0000e+10 1202.30585   100%  60.5 1470s
 627556 487189 4.2466e+08   64  251 2.0000e+10 1202.40336   100%  60.3 1476s
 636662 495312 1.1043e+10  102  220 2.0000e+10 1202.48821   100%  60.2 1480s
 648738 504815 1.5074e+09   60  219 2.0000e+10 1202.59620   100%  60.1 1485s
 662137 516284 1.7369e+10   66  255 2.0000e+10 1202.69176   100%  60.0 1490s
 672019 524415 1256.60500   54  252 2.0000e+10 1202.76945   100%  59.9 1495s
 682611 532888 5.1200e+09   59  252 2.0000e+10 1202.85229   100%  59.8 1500s
 694658 542942 1.6805e+10  110  231 2.0000e+10 1202.95939   100%  59.7 1505s
 704850 551024 1.1407e+10  105  243 2.0000e+10 1203.03358   100%  59.7 1510s
 713538 557388 1213.80351   43  261 2.0000e+10 1203.10651   100%  59.6 1515s
 713908 563688 1234.41953   49  257 2.0000e+10 1203.11038   100%  59.7 1520s
 734847 575089 1250.49108   49  241 2.0000e+10 1203.24772   100%  59.6 1525s
 746903 584536 1219.21714   43  253 2.0000e+10 1203.31707   100%  59.6 1530s
 759331 595102 1.1705e+10   91  240 2.0000e+10 1203.40350   100%  59.6 1535s
 766659 600226 infeasible  105      2.0000e+10 1203.45531   100%  59.6 1540s
 778718 609526 1220.95560   51  258 2.0000e+10 1203.54153   100%  59.5 1545s
 788679 617603 1.5190e+10   80  226 2.0000e+10 1203.61066   100%  59.5 1550s
 799597 626029 1279.18890   65  252 2.0000e+10 1203.68654   100%  59.5 1555s
 805762 631397 1.2370e+10  100  228 2.0000e+10 1203.72564   100%  59.5 1560s
 816525 638689     cutoff   92      2.0000e+10 1203.80033   100%  59.5 1565s
 830512 650986 7.9564e+09   99  235 2.0000e+10 1203.88974   100%  59.4 1570s
 841041 659781 infeasible  109      2.0000e+10 1203.95746   100%  59.3 1575s
 849049 666754 3.6183e+09   71  245 2.0000e+10 1204.00457   100%  59.2 1580s
 857385 672100 8.0710e+09   65  250 2.0000e+10 1204.05624   100%  59.1 1585s
 864261 678846 infeasible  104      2.0000e+10 1204.10469   100%  59.0 1590s
 880888 691600 1312.02983   60  240 2.0000e+10 1204.20425   100%  58.9 1595s
 892578 701700 1289.96102   63  241 2.0000e+10 1204.28004   100%  58.8 1600s
 904373 710061 7.1940e+08   69  245 2.0000e+10 1204.35015   100%  58.8 1605s
 917132 721197 1.5339e+10   87  246 2.0000e+10 1204.42087   100%  58.6 1610s
 931037 731852 1222.90751   47  262 2.0000e+10 1204.49750   100%  58.4 1615s
 945029 743937 1.7337e+10   67  219 2.0000e+10 1204.57937   100%  58.2 1620s
 954213 752721 3.7735e+09   82  232 2.0000e+10 1204.61864   100%  58.1 1625s
 968833 762167 1247.31755   57  231 2.0000e+10 1204.70928   100%  57.9 1632s
 968843 768619 1250.06435   58  220 2.0000e+10 1204.71072   100%  57.9 1636s
 985867 776586 1279.68556   63  243 2.0000e+10 1204.80809   100%  57.7 1640s
 989296 779456 1213.91747   44  269 2.0000e+10 1204.83110   100%  57.7 1645s
 1001556 789384 1234.16082   46  259 2.0000e+10 1204.90561   100%  57.6 1650s
 1014984 800527 1247.16848   51  226 2.0000e+10 1204.98667   100%  57.4 1655s
 1028321 811118 1235.33172   47  255 2.0000e+10 1205.06144   100%  57.3 1660s
 1042455 822166 5.7162e+09   58  234 2.0000e+10 1205.14750   100%  57.1 1665s
 1057928 834399 1303.12045   59  272 2.0000e+10 1205.23438   100%  56.9 1670s
 1071035 845017 1227.54057   45  253 2.0000e+10 1205.29518   100%  56.8 1675s
 1084257 855646 1252.86259   52  254 2.0000e+10 1205.36194   100%  56.6 1680s
 1095410 864471 6.9174e+08   59  228 2.0000e+10 1205.42708   100%  56.5 1685s
 1105798 873414     cutoff  114      2.0000e+10 1205.47965   100%  56.4 1690s
 1122853 885820 1230.49492   47  242 2.0000e+10 1205.56305   100%  56.3 1695s
 1125884 888310 1219.10657   47  248 2.0000e+10 1205.57939   100%  56.2 1700s
 1138315 898001 infeasible   57      2.0000e+10 1205.64285   100%  56.1 1705s
 1149672 907502 5.1499e+08   58  234 2.0000e+10 1205.69249   100%  56.0 1710s
 1158599 914785 1.4623e+10   61  204 2.0000e+10 1205.73897   100%  56.0 1715s
 1171317 924506 1.0162e+10  100  245 2.0000e+10 1205.79388   100%  55.8 1720s
 1182443 934730 4.5530e+09   64  238 2.0000e+10 1205.84740   100%  55.7 1725s
 1189571 940132 1214.18169   40  238 2.0000e+10 1205.88237   100%  55.7 1730s
 1201327 949390 1261.33253   56  212 2.0000e+10 1205.93221   100%  55.5 1735s
 1212873 958918 2.2836e+09   60  251 2.0000e+10 1205.99120   100%  55.4 1740s
 1225333 968567 1275.59071   56  248 2.0000e+10 1206.04863   100%  55.3 1745s
 1236255 977405 1252.53480   53  247 2.0000e+10 1206.09603   100%  55.2 1750s
 1245525 984090 1244.09662   52  263 2.0000e+10 1206.14199   100%  55.1 1755s
 1257335 994625 1218.91659   45  265 2.0000e+10 1206.19532   100%  55.1 1760s
 1270836 1004912 1266.19494   53  240 2.0000e+10 1206.26314   100%  55.0 1765s
 1283271 1014969 1.1357e+10   69  250 2.0000e+10 1206.31738   100%  54.9 1770s
 1291656 1020375 4.6107e+09   63  231 2.0000e+10 1206.35018   100%  54.9 1775s
 1302777 1030572 5.2658e+09   72  237 2.0000e+10 1206.40131   100%  54.8 1780s
 1318260 1041742 9.2190e+09   87  213 2.0000e+10 1206.46703   100%  54.7 1785s
 1329639 1052303 8.6433e+08   61  264 2.0000e+10 1206.51344   100%  54.6 1790s
 1341745 1061955 1279.47133   63  249 2.0000e+10 1206.56365   100%  54.5 1795s
 1354388 1071395 1.2552e+10  119  224 2.0000e+10 1206.62169   100%  54.4 1800s
 1365975 1080380 1276.68929   61  254 2.0000e+10 1206.67266   100%  54.3 1805s
 1380288 1092637 1276.89267   59  221 2.0000e+10 1206.74212   100%  54.2 1810s
 1392085 1102186 1.7409e+10   63  224 2.0000e+10 1206.79028   100%  54.1 1815s
 1400427 1109437 4.6041e+09   84  233 2.0000e+10 1206.82422   100%  54.1 1820s
 1415247 1120504 1270.59727   53  248 2.0000e+10 1206.88845   100%  54.0 1825s
 1426520 1130672 8.3964e+09   83  234 2.0000e+10 1206.93620   100%  53.9 1830s
 1432320 1135245 9.4759e+09   93  219 2.0000e+10 1206.96333   100%  53.9 1835s
 1446413 1146153 1275.89142   53  243 2.0000e+10 1207.02396   100%  53.8 1840s
 1458992 1156139 1224.40157   44  249 2.0000e+10 1207.08022   100%  53.7 1845s
 1472363 1167154 1223.85427   41  266 2.0000e+10 1207.13877   100%  53.6 1850s
 1486041 1177368 8.9102e+09   99  226 2.0000e+10 1207.18988   100%  53.5 1856s
 1495690 1185030 1218.33860   45  241 2.0000e+10 1207.23319   100%  53.5 1860s
 1509909 1197662 1.2418e+10   77  233 2.0000e+10 1207.28836   100%  53.4 1865s
 1513401 1200423 1212.57625   46  245 2.0000e+10 1207.30277   100%  53.4 1870s
 1526916 1210965 8.4326e+08   57  248 2.0000e+10 1207.36511   100%  53.3 1875s
 1539859 1221487 1254.83227   70  253 2.0000e+10 1207.41208   100%  53.2 1880s
 1555296 1233759 1296.27961   69  232 2.0000e+10 1207.46394   100%  53.2 1885s
 1559014 1241158 3.1620e+09   64  241 2.0000e+10 1207.47600   100%  53.2 1890s
 1580668 1253986     cutoff  100      2.0000e+10 1207.55150   100%  53.1 1895s
 1594306 1264463 4.6627e+08   53  233 2.0000e+10 1207.61280   100%  53.0 1901s
 1602891 1271835 1.0000e+10   56  223 2.0000e+10 1207.64096   100%  53.0 1905s
 1612566 1279382 6.4767e+09   82  249 2.0000e+10 1207.67076   100%  52.9 1910s
 1625170 1289575 1247.50976   51  257 2.0000e+10 1207.71322   100%  52.9 1915s
 1638377 1299741 1213.14782   43  235 2.0000e+10 1207.76744   100%  52.8 1920s
 1647289 1307009 6.2864e+09   78  229 2.0000e+10 1207.79916   100%  52.8 1925s
 1661247 1317898 9.3689e+09  100  224 2.0000e+10 1207.85713   100%  52.7 1930s
 1669985 1325280 1.0000e+10   53  231 2.0000e+10 1207.88829   100%  52.7 1935s
 1680105 1332305 1272.05178   61  239 2.0000e+10 1207.92506   100%  52.6 1940s
 1690908 1341394 1273.15024   65  229 2.0000e+10 1207.95910   100%  52.6 1945s
 1707148 1354353 8.1014e+09   62  233 2.0000e+10 1208.02227   100%  52.5 1950s
 1715909 1361068 1278.36884   55  232 2.0000e+10 1208.05145   100%  52.5 1955s
 1728577 1371385 1.9253e+09   77  232 2.0000e+10 1208.09390   100%  52.5 1960s
 1741882 1381295 1.2089e+10   59  215 2.0000e+10 1208.13885   100%  52.5 1965s
 1753481 1390250 7.4276e+08   59  238 2.0000e+10 1208.18693   100%  52.4 1971s
 1759452 1395456 7.1237e+09   78  238 2.0000e+10 1208.20892   100%  52.4 1975s
 1775166 1407706 1275.57042   50  229 2.0000e+10 1208.26748   100%  52.3 1980s
 1788642 1418630 1.8804e+10   84  198 2.0000e+10 1208.31175   100%  52.3 1985s
 1796509 1424632 1221.39129   46  247 2.0000e+10 1208.33911   100%  52.2 1990s
 1812248 1437295 6.3094e+09   72  230 2.0000e+10 1208.39535   100%  52.2 1995s
 1822253 1445181 1230.91883   45  250 2.0000e+10 1208.42894   100%  52.2 2000s
 1835611 1455995 1249.24677   44  253 2.0000e+10 1208.47290   100%  52.1 2005s
 1845616 1463962 1287.30972   63  224 2.0000e+10 1208.50324   100%  52.1 2010s
 1857858 1474404 4.1258e+09   77  232 2.0000e+10 1208.55060   100%  52.0 2015s
 1867493 1481949 4.6566e+09   58  232 2.0000e+10 1208.57738   100%  52.0 2020s
 1880400 1492089 1259.46378   53  247 2.0000e+10 1208.61960   100%  52.0 2025s
 1891772 1500891 1257.80244   54  221 2.0000e+10 1208.65890   100%  51.9 2031s
 1899815 1506774 5.8383e+09   88  245 2.0000e+10 1208.68588   100%  51.9 2035s
 1915302 1519711 3.8746e+09   76  229 2.0000e+10 1208.73446   100%  51.8 2040s
 1928437 1531193 7.1931e+09   56  225 2.0000e+10 1208.77384   100%  51.8 2045s
 1941854 1542116 5.3044e+09   67  222 2.0000e+10 1208.81506   100%  51.7 2050s
 1952018 1549541 1228.69350   47  256 2.0000e+10 1208.84768   100%  51.7 2055s
 1961684 1557930 1.4845e+10   90  214 2.0000e+10 1208.87657   100%  51.7 2060s
 1972780 1566757 2.8492e+09   78  244 2.0000e+10 1208.90901   100%  51.6 2065s
 1981695 1572959 1241.98265   55  248 2.0000e+10 1208.93672   100%  51.6 2070s
 1995602 1585090     cutoff   71      2.0000e+10 1208.98059   100%  51.5 2075s
 2008574 1595860 1318.59022   63  233 2.0000e+10 1209.01737   100%  51.5 2080s
 2022680 1607288 8.3483e+08   52  237 2.0000e+10 1209.06039   100%  51.4 2085s
 2034339 1615697 8.0739e+08   68  240 2.0000e+10 1209.09204   100%  51.4 2090s
 2042296 1622579 3.7545e+09   75  227 2.0000e+10 1209.11980   100%  51.4 2095s
 2055109 1633342 7.1680e+08   58  232 2.0000e+10 1209.16169   100%  51.3 2100s
 2067884 1643367 1297.57788   52  239 2.0000e+10 1209.19414   100%  51.3 2105s
 2081537 1653709 1263.54981   63  230 2.0000e+10 1209.23037   100%  51.3 2110s
 2089664 1659850 8.4261e+08   63  241 2.0000e+10 1209.25414   100%  51.2 2117s
 2094343 1664534 1235.62413   44  248 2.0000e+10 1209.26615   100%  51.2 2120s
 2106868 1675064 1.0774e+09   51  228 2.0000e+10 1209.30418   100%  51.2 2125s
 2120786 1685436 1253.81894   53  256 2.0000e+10 1209.34769   100%  51.1 2130s
 2130669 1693458 2.0187e+09   81  248 2.0000e+10 1209.38469   100%  51.1 2135s
 2143974 1704466 1257.80293   50  249 2.0000e+10 1209.42897   100%  51.1 2140s
 2154579 1713541 1230.75335   48  247 2.0000e+10 1209.45674   100%  51.0 2145s
 2166333 1722133 1268.46465   49  268 2.0000e+10 1209.49001   100%  51.0 2150s
 2177823 1732610 1.3032e+09   66  232 2.0000e+10 1209.52524   100%  50.9 2155s
 2192340 1744098 6.1300e+09   57  242 2.0000e+10 1209.56314   100%  50.9 2160s
 2203741 1752849 6.0639e+09   79  222 2.0000e+10 1209.59877   100%  50.9 2165s
 2218470 1763664 1.2686e+09   64  231 2.0000e+10 1209.63905   100%  50.8 2171s
 2225325 1769882 2.7108e+09   72  255 2.0000e+10 1209.66177   100%  50.8 2175s
 2240536 1782055 1215.94792   43  245 2.0000e+10 1209.70180   100%  50.7 2180s
 2250671 1790223 1258.20528   51  242 2.0000e+10 1209.72352   100%  50.7 2185s
 2265054 1800864     cutoff   99      2.0000e+10 1209.75785   100%  50.6 2190s
 2278201 1812258 1283.30518   57  244 2.0000e+10 1209.79648   100%  50.6 2195s
 2286373 1819156 3.7261e+09   76  247 2.0000e+10 1209.81776   100%  50.6 2200s
 2298984 1828081 1.2846e+10  100  229 2.0000e+10 1209.84901   100%  50.5 2205s
 2310379 1836725 1235.10398   46  251 2.0000e+10 1209.87899   100%  50.5 2210s
 2324728 1848268     cutoff  118      2.0000e+10 1209.91357   100%  50.4 2216s
 2333004 1855707 1222.49683   45  252 2.0000e+10 1209.93345   100%  50.4 2220s
 2346580 1865434     cutoff  108      2.0000e+10 1209.96614   100%  50.4 2225s
 2356588 1874203 1.2694e+10   55  221 2.0000e+10 1209.99146   100%  50.3 2230s
 2371251 1885985 6.8669e+09   89  247 2.0000e+10 1210.03047   100%  50.3 2235s
 2384641 1897029 8.0482e+09   49  224 2.0000e+10 1210.06611   100%  50.2 2240s
 2395316 1905642 2.1514e+09   76  244 2.0000e+10 1210.09534   100%  50.2 2245s
 2406115 1913497 1221.76046   43  258 2.0000e+10 1210.12040   100%  50.2 2251s
 2415330 1920545 1.0000e+10   60  231 2.0000e+10 1210.14278   100%  50.1 2255s
 2428704 1932180 1234.65444   42  266 2.0000e+10 1210.17746   100%  50.1 2260s
 2441479 1942587 8.5217e+08   61  215 2.0000e+10 1210.20416   100%  50.1 2265s
 2457435 1954315     cutoff  109      2.0000e+10 1210.23757   100%  50.0 2271s
 2463650 1960411 9.9089e+09   97  199 2.0000e+10 1210.25961   100%  50.0 2275s
 2478861 1972299 5.7494e+09   68  233 2.0000e+10 1210.29890   100%  49.9 2280s
 2491397 1981453 1317.65947   51  242 2.0000e+10 1210.32799   100%  49.9 2285s
 2500661 1988805 1.4086e+10  104  220 2.0000e+10 1210.35275   100%  49.9 2290s
 2510368 2002465 1219.88047   54  261 2.0000e+10 1210.37354   100%  49.9 2298s
 2524557 2008604 2.0194e+09   62  248 2.0000e+10 1210.40954   100%  49.8 2300s
 2536619 2017443 1.5138e+09   62  253 2.0000e+10 1210.43668   100%  49.8 2305s
 2548358 2027532 4.4630e+08   47  255 2.0000e+10 1210.46707   100%  49.8 2310s
 2559642 2036575 1.4844e+10   90  218 2.0000e+10 1210.49392   100%  49.7 2315s
 2572980 2047158 1228.73351   45  259 2.0000e+10 1210.52734   100%  49.7 2320s
 2583870 2055844 1249.60427   52  243 2.0000e+10 1210.55197   100%  49.7 2325s
 2591920 2062312 1221.80930   46  237 2.0000e+10 1210.56683   100%  49.6 2330s
 2605873 2073821 7.5187e+09   66  233 2.0000e+10 1210.59987   100%  49.6 2335s
 2621896 2086172 1264.22151   51  231 2.0000e+10 1210.63759   100%  49.5 2340s
 2629443 2091988 1276.68467   46  200 2.0000e+10 1210.65417   100%  49.5 2345s
 2640716 2101899 1262.30578   54  229 2.0000e+10 1210.68094   100%  49.5 2350s
 2653957 2112195 1333.64744   63  252 2.0000e+10 1210.71061   100%  49.5 2355s
 2666706 2122184 3.5083e+09   87  230 2.0000e+10 1210.73983   100%  49.4 2360s
 2682154 2134668 1279.86685   53  236 2.0000e+10 1210.78192   100%  49.4 2365s
 2689750 2139610 5.8599e+09   82  225 2.0000e+10 1210.79798   100%  49.4 2370s
 2700134 2148529 3.5497e+07   46  253 2.0000e+10 1210.82398   100%  49.4 2375s
 2713523 2158113 6.8127e+09  118  219 2.0000e+10 1210.85986   100%  49.3 2380s
H2714559 1722406                    1.000000e+10 1210.86245   100%  49.3 2381s
 2721112 1727585 1251.19642   57  249 1.0000e+10 1210.88183   100%  49.3 2385s
 2732567 1736899 8.2009e+08   54  226 1.0000e+10 1210.91757   100%  49.3 2390s
 2742194 1744408 1217.42947   48  262 1.0000e+10 1210.94804   100%  49.3 2395s
 2751943 1750787 1240.22566   46  223 1.0000e+10 1210.98059   100%  49.3 2400s
H2757458 766475                    1.000000e+10 1210.99441   100%  49.3 2405s
 2763944 770562 infeasible   64      1.0000e+10 1211.03973   100%  49.3 2410s
 2767369 771826 1227.21912   47  308 1.0000e+10 1211.06080   100%  49.4 2415s
 2767383 771835 1247.77144   58  333 1.0000e+10 1211.06080   100%  49.4 2420s
 2767399 771846 1218.55583   43  329 1.0000e+10 1211.06080   100%  49.4 2425s
 2767411 771854 1215.17903   46  323 1.0000e+10 1211.06080   100%  49.4 2430s
 2767426 771864 1249.16266   50  326 1.0000e+10 1211.06080   100%  49.4 2435s
 2767442 771874 1249.04714   54  322 1.0000e+10 1211.06080   100%  49.4 2440s
 2767857 772132 1226.49169   62  211 1.0000e+10 1211.06080   100%  49.3 2445s
 2770598 773075 1211.06080   48  245 1.0000e+10 1211.06080   100%  49.4 2450s
 2777863 776065 1243.49699   67  227 1.0000e+10 1211.06080   100%  49.4 2455s
 2786147 778941 1237.50765   65  246 1.0000e+10 1211.06080   100%  49.4 2460s
 2796777 783020 1301.54588   63  189 1.0000e+10 1211.06080   100%  49.4 2465s
 2807797 786798 1211.95418   54  258 1.0000e+10 1211.06080   100%  49.5 2470s
 2818685 789845 1211.06080   52  239 1.0000e+10 1211.06080   100%  49.5 2475s
 2827843 793598 1232.34485   61  220 1.0000e+10 1211.06080   100%  49.5 2480s
 2835986 795979 1239.12727   51  223 1.0000e+10 1211.06080   100%  49.6 2485s
 2846074 799352 1211.06080   48  233 1.0000e+10 1211.06080   100%  49.6 2490s
 2853792 801712 1211.06080   45  250 1.0000e+10 1211.06080   100%  49.6 2495s
 2865308 805244 1220.02028   62  263 1.0000e+10 1211.06080   100%  49.7 2500s
 2875812 808794 1223.74480   59  213 1.0000e+10 1211.06080   100%  49.7 2505s
 2885619 811758 1252.21681   69  233 1.0000e+10 1211.06080   100%  49.7 2510s
 2896027 815079 1211.06080   54  255 1.0000e+10 1211.06080   100%  49.8 2515s
 2904131 818056 1299.58177   65  191 1.0000e+10 1211.06080   100%  49.8 2520s
 2915449 820983 1266.10689   64  223 1.0000e+10 1211.06080   100%  49.8 2525s
 2925025 823645 infeasible   69      1.0000e+10 1211.06080   100%  49.9 2530s
 2933013 826262 1258.26583   67  250 1.0000e+10 1211.06080   100%  49.9 2535s
 2941815 828932 1224.79331   50  222 1.0000e+10 1211.06080   100%  49.9 2540s
 2951426 831662 1258.05784   72  244 1.0000e+10 1211.06080   100%  49.9 2545s
 2959210 833359 1254.69055   62  237 1.0000e+10 1211.06080   100%  50.0 2550s
 2970504 837133 infeasible   72      1.0000e+10 1211.06080   100%  50.0 2555s
 2978851 839938 1211.06080   58  227 1.0000e+10 1211.06080   100%  50.0 2560s
 2989918 843079 1211.06080   53  235 1.0000e+10 1211.06080   100%  50.1 2565s
 2997099 845466 infeasible   78      1.0000e+10 1211.06080   100%  50.1 2570s
 3009355 848478 1260.40664   68  216 1.0000e+10 1211.06080   100%  50.1 2575s
 3017585 850812 1312.71737   72  243 1.0000e+10 1211.06080   100%  50.1 2580s
 3027496 854225 1225.95400   56  246 1.0000e+10 1211.06080   100%  50.2 2585s
 3035250 856478 1211.06080   48  250 1.0000e+10 1211.06080   100%  50.2 2590s
 3043276 858283 1248.93376   55  219 1.0000e+10 1211.06080   100%  50.2 2595s
 3055343 861978 1244.29075   57  230 1.0000e+10 1211.06080   100%  50.3 2600s
 3063386 864330 1211.06080   58  253 1.0000e+10 1211.06080   100%  50.3 2605s
 3072062 866935 1286.69871   63  214 1.0000e+10 1211.06080   100%  50.3 2610s
 3082151 869578 1293.51448   74  246 1.0000e+10 1211.06080   100%  50.4 2615s
 3089759 871328 1224.26520   59  257 1.0000e+10 1211.06080   100%  50.4 2620s
 3098802 874211 1276.83641   62  187 1.0000e+10 1211.06080   100%  50.4 2625s
 3108430 876694 infeasible   80      1.0000e+10 1211.06080   100%  50.5 2630s
 3117298 879167 infeasible   79      1.0000e+10 1211.06080   100%  50.5 2635s
 3126549 881529 1217.47871   53  242 1.0000e+10 1211.06080   100%  50.5 2640s
 3136185 884287 infeasible   78      1.0000e+10 1211.06080   100%  50.5 2645s
 3143929 886379 1247.95757   69  242 1.0000e+10 1211.06080   100%  50.6 2650s
 3153153 888718 1229.27366   62  261 1.0000e+10 1211.06080   100%  50.6 2655s
 3164454 892072 1220.38642   59  252 1.0000e+10 1211.06080   100%  50.6 2660s
 3173428 894143 1227.89488   58  252 1.0000e+10 1211.06080   100%  50.7 2665s
 3181302 896368 1252.25190   71  227 1.0000e+10 1211.06080   100%  50.7 2670s
 3189105 902613 1241.09006   74  241 1.0000e+10 1211.06080   100%  50.7 2679s
 3197113 900752 infeasible   74      1.0000e+10 1211.06080   100%  50.8 2680s
 3205706 904264 1211.06080   51  264 1.0000e+10 1211.06080   100%  50.8 2685s
 3220064 906500 1230.52061   65  251 1.0000e+10 1211.06080   100%  50.8 2690s
 3230899 909380 1299.05948   66  238 1.0000e+10 1211.06080   100%  50.9 2695s
 3236453 910691 infeasible   65      1.0000e+10 1211.06080   100%  50.9 2700s
 3245427 913267 1256.71152   67  236 1.0000e+10 1211.06080   100%  50.9 2705s
 3256083 915911 1294.37815   68  234 1.0000e+10 1211.06080   100%  50.9 2710s
 3264878 918580 1230.62717   56  246 1.0000e+10 1211.06080   100%  51.0 2715s
 3274407 920972 infeasible   65      1.0000e+10 1211.06080   100%  51.0 2720s
 3280595 922765 1218.22705   61  254 1.0000e+10 1211.06080   100%  51.0 2725s
 3291440 925156 infeasible   70      1.0000e+10 1211.06080   100%  51.1 2730s
 3300472 927896 1249.25567   64  247 1.0000e+10 1211.06080   100%  51.1 2735s
 3310444 930695 infeasible   68      1.0000e+10 1211.06080   100%  51.1 2740s
 3320719 933094 1238.96766   66  234 1.0000e+10 1211.06080   100%  51.1 2745s
 3327903 934799 1214.90708   57  250 1.0000e+10 1211.06080   100%  51.2 2750s
 3337681 937643 infeasible   58      1.0000e+10 1211.06080   100%  51.2 2755s
 3349712 940440 1301.83172   69  246 1.0000e+10 1211.06080   100%  51.2 2760s
 3358815 942150 infeasible   86      1.0000e+10 1211.06080   100%  51.3 2765s
 3367201 944732 infeasible   66      1.0000e+10 1211.06080   100%  51.3 2770s
 3376992 946825 1230.30011   56  238 1.0000e+10 1211.06080   100%  51.3 2775s
 3384436 949177 1233.95015   54  240 1.0000e+10 1211.06080   100%  51.3 2780s
 3394958 951564 1231.11231   61  252 1.0000e+10 1211.06080   100%  51.4 2785s
 3404084 954218 infeasible   65      1.0000e+10 1211.06080   100%  51.4 2790s
 3411742 956115 1224.88818   59  264 1.0000e+10 1211.06080   100%  51.4 2795s
 3422604 958205 1216.77822   54  260 1.0000e+10 1211.06080   100%  51.5 2800s
 3433210 960854 1250.38831   64  216 1.0000e+10 1211.06080   100%  51.5 2805s
 3442075 963892 infeasible   66      1.0000e+10 1211.06080   100%  51.5 2810s
 3451425 965639 1308.75631   64  200 1.0000e+10 1211.06080   100%  51.5 2815s
 3458692 968309 1211.21953   55  248 1.0000e+10 1211.06080   100%  51.6 2820s
 3468493 970317 infeasible   84      1.0000e+10 1211.06080   100%  51.6 2825s
 3480261 973387 1242.55514   68  241 1.0000e+10 1211.06080   100%  51.6 2830s
 3487352 975063 1295.15984   76  240 1.0000e+10 1211.06080   100%  51.6 2835s
 3492535 976591 1247.05710   60  235 1.0000e+10 1211.06080   100%  51.7 2840s
 3505169 979641 1308.00908   76  243 1.0000e+10 1211.06080   100%  51.7 2845s
 3516290 981491 1279.22037   54  189 1.0000e+10 1211.06080   100%  51.7 2851s
 3522001 983520 1320.43843   62  216 1.0000e+10 1211.06080   100%  51.7 2855s
 3532180 986345 infeasible   72      1.0000e+10 1211.06080   100%  51.8 2860s
 3542945 988725 infeasible   64      1.0000e+10 1211.06080   100%  51.8 2865s
 3551054 992141 infeasible   63      1.0000e+10 1211.06080   100%  51.8 2870s
 3562456 993510 1231.00100   58  257 1.0000e+10 1211.06080   100%  51.9 2875s
 3571063 995690 1272.74952   74  213 1.0000e+10 1211.06080   100%  51.9 2880s
 3580530 997583 1215.76895   56  233 1.0000e+10 1211.06080   100%  51.9 2886s
 3589821 1000363 1239.66329   69  215 1.0000e+10 1211.06080   100%  51.9 2890s
 3598367 1002364 1293.59766   79  250 1.0000e+10 1211.06080   100%  51.9 2895s
 3608425 1004339 1275.10946   63  234 1.0000e+10 1211.06080   100%  52.0 2900s
 3617131 1006921 1288.12832   80  252 1.0000e+10 1211.06080   100%  52.0 2905s
 3627066 1008856 1217.44860   56  259 1.0000e+10 1211.06080   100%  52.0 2910s
 3635474 1011120 1257.18837   64  237 1.0000e+10 1211.06080   100%  52.1 2915s
 3644110 1012702 1220.49275   52  251 1.0000e+10 1211.06080   100%  52.1 2920s
 3653569 1015418 1289.85841   80  254 1.0000e+10 1211.06080   100%  52.1 2925s
 3658856 1016624 1220.82990   59  255 1.0000e+10 1211.06080   100%  52.1 2930s
 3670865 1018883 1270.47689   70  230 1.0000e+10 1211.06080   100%  52.1 2935s
 3680258 1021999 1285.04187   68  243 1.0000e+10 1211.06080   100%  52.2 2940s
 3690377 1024093 infeasible   58      1.0000e+10 1211.06080   100%  52.2 2945s
 3696603 1025596 1285.37876   67  215 1.0000e+10 1211.06080   100%  52.2 2950s
 3708054 1028057 infeasible   64      1.0000e+10 1211.06080   100%  52.2 2955s
 3716162 1030700 1224.09221   62  253 1.0000e+10 1211.06080   100%  52.3 2960s
 3725550 1031792 1284.87249   59  197 1.0000e+10 1211.06080   100%  52.3 2965s
 3733657 1034599 1226.01158   56  214 1.0000e+10 1211.06080   100%  52.3 2970s
 3745198 1037001 1213.46711   62  242 1.0000e+10 1211.06080   100%  52.3 2975s
 3749662 1038587 1259.02588   50  247 1.0000e+10 1211.06080   100%  52.4 2980s
 3761333 1040927 1216.76892   54  241 1.0000e+10 1211.06080   100%  52.4 2985s
 3772114 1043358 infeasible   79      1.0000e+10 1211.06080   100%  52.4 2990s
 3782366 1045740 1267.96771   57  205 1.0000e+10 1211.06080   100%  52.4 2995s
 3787820 1046684 1229.10876   63  253 1.0000e+10 1211.06080   100%  52.5 3000s
 3798534 1049597 1289.26176   79  241 1.0000e+10 1211.06080   100%  52.5 3005s
 3809498 1052127 infeasible   72      1.0000e+10 1211.06080   100%  52.5 3010s
 3816412 1053858 1226.84350   60  233 1.0000e+10 1211.06080   100%  52.5 3015s
 3825065 1055169 1220.67158   63  249 1.0000e+10 1211.06080   100%  52.6 3020s
 3834181 1058044 1284.14659   65  229 1.0000e+10 1211.06080   100%  52.6 3025s
 3839519 1059346 infeasible   63      1.0000e+10 1211.06080   100%  52.6 3030s
 3850471 1061911 1296.77304   78  241 1.0000e+10 1211.06080   100%  52.6 3035s
 3860083 1063797 1279.05095   64  221 1.0000e+10 1211.06080   100%  52.7 3040s
 3870563 1066035 1221.70944   58  269 1.0000e+10 1211.06080   100%  52.7 3045s
 3879749 1067923 1248.86019   65  229 1.0000e+10 1211.06080   100%  52.7 3050s
 3887832 1069896 1249.37555   64  251 1.0000e+10 1211.06080   100%  52.7 3055s
 3895525 1071198 1228.09377   63  219 1.0000e+10 1211.06080   100%  52.7 3061s
 3903714 1073558 1242.26253   60  246 1.0000e+10 1211.06080   100%  52.8 3065s
 3913132 1075884 1219.48404   58  254 1.0000e+10 1211.06080   100%  52.8 3070s
 3923001 1078043 1268.03795   61  232 1.0000e+10 1211.06080   100%  52.8 3075s
 3932457 1079701 1246.30165   61  233 1.0000e+10 1211.06080   100%  52.8 3080s
 3940562 1081902 1237.96886   61  231 1.0000e+10 1211.06080   100%  52.9 3085s
 3950927 1083770 1288.79129   65  224 1.0000e+10 1211.10783   100%  52.9 3090s
 3955858 1088679 infeasible   76      1.0000e+10 1211.13524   100%  52.9 3097s
 3966833 1087589 1234.54984   58  229 1.0000e+10 1211.19198   100%  52.9 3100s
 3976721 1089497 infeasible   59      1.0000e+10 1211.24444   100%  53.0 3105s
 3983179 1090777 infeasible   57      1.0000e+10 1211.27588   100%  53.0 3110s
 3994244 1093021 1228.55369   60  244 1.0000e+10 1211.34054   100%  53.0 3115s
 4003380 1094313 1229.47492   55  247 1.0000e+10 1211.39162   100%  53.0 3121s
 4009944 1096377 1224.31739   63  258 1.0000e+10 1211.42266   100%  53.1 3125s
 4015153 1101091 1228.01185   59  227 1.0000e+10 1211.45386   100%  53.1 3132s
 4024800 1099679 1311.91166   61  201 1.0000e+10 1211.50394   100%  53.1 3135s
 4034696 1101177 1327.60168   67  243 1.0000e+10 1211.55256   100%  53.1 3140s
 4043833 1103174 1223.47436   51  239 1.0000e+10 1211.60382   100%  53.2 3145s
 4051219 1104758 1252.80346   64  235 1.0000e+10 1211.64131   100%  53.2 3150s
 4061060 1107059 1241.20611   52  241 1.0000e+10 1211.68772   100%  53.2 3155s
 4071169 1108919 1292.39137   63  237 1.0000e+10 1211.73841   100%  53.2 3160s
 4078429 1110761 1273.50563   68  236 1.0000e+10 1211.77574   100%  53.2 3165s
 4086413 1112077 1257.48359   64  257 1.0000e+10 1211.81340   100%  53.3 3170s
 4096414 1113787 1264.49989   68  241 1.0000e+10 1211.86478   100%  53.3 3175s
 4104915 1115479 1231.71553   62  248 1.0000e+10 1211.90675   100%  53.3 3180s
 4112961 1117890 1246.98558   66  262 1.0000e+10 1211.94129   100%  53.3 3185s
 4120900 1122941 1326.11888   58  199 1.0000e+10 1211.98055   100%  53.4 3192s
 4132776 1121502 1294.45875   68  214 1.0000e+10 1212.03810   100%  53.4 3195s
 4136015 1126168 1217.20749   58  252 1.0000e+10 1212.05656   100%  53.4 3201s
 4149206 1125497 1233.25760   66  248 1.0000e+10 1212.11863   100%  53.4 3205s
 4158398 1127274 1241.60288   62  256 1.0000e+10 1212.16386   100%  53.5 3210s
 4164348 1128401 infeasible   58      1.0000e+10 1212.18823   100%  53.5 3215s
 4175495 1130968 infeasible   73      1.0000e+10 1212.24855   100%  53.5 3220s
 4185404 1133092 1241.35063   70  242 1.0000e+10 1212.29452   100%  53.5 3225s
 4194934 1134386 infeasible   76      1.0000e+10 1212.33994   100%  53.6 3230s
 4202760 1135729 1266.38540   59  213 1.0000e+10 1212.37783   100%  53.6 3235s
 4210451 1138006 1266.43768   68  243 1.0000e+10 1212.41408   100%  53.6 3240s
 4220564 1140076 1242.36819   62  257 1.0000e+10 1212.46238   100%  53.6 3245s
 4229297 1141500 1283.50667   76  230 1.0000e+10 1212.50288   100%  53.6 3250s
 4239950 1143327 1240.71210   61  236 1.0000e+10 1212.55148   100%  53.7 3255s
 4248115 1145050 1320.11970   70  227 1.0000e+10 1212.58561   100%  53.7 3261s
 4252021 1146423 infeasible   67      1.0000e+10 1212.60549   100%  53.7 3265s
 4254599 1151007 1235.95689   67  243 1.0000e+10 1212.61809   100%  53.7 3270s
 4268303 1150423 1272.03770   65  218 1.0000e+10 1212.67484   100%  53.7 3275s
 4278861 1152467 1239.45734   63  228 1.0000e+10 1212.72447   100%  53.8 3280s
 4287685 1153489 1254.27445   58  238 1.0000e+10 1212.76393   100%  53.8 3285s
 4295249 1155676 1258.37773   64  237 1.0000e+10 1212.79951   100%  53.8 3290s
 4305889 1158097 1265.38402   63  260 1.0000e+10 1212.84461   100%  53.8 3295s
 4312600 1159640 1293.54399   74  248 1.0000e+10 1212.87559   100%  53.8 3300s
 4323453 1161618 1231.05421   55  242 1.0000e+10 1212.92282   100%  53.9 3305s
 4332436 1163456 infeasible   72      1.0000e+10 1212.96131   100%  53.9 3310s
 4341861 1164928 infeasible   74      1.0000e+10 1213.00189   100%  53.9 3315s
 4350588 1166888 1332.73633   63  228 1.0000e+10 1213.03574   100%  53.9 3320s
 4357634 1168487 1224.75514   55  259 1.0000e+10 1213.06856   100%  53.9 3325s
 4369987 1170747 1246.38703   65  223 1.0000e+10 1213.11926   100%  54.0 3330s
 4378257 1172511 1268.09349   73  252 1.0000e+10 1213.15163   100%  54.0 3335s
 4386554 1174672 1238.12894   62  243 1.0000e+10 1213.18654   100%  54.0 3340s
 4390552 1178858 1240.11548   62  246 1.0000e+10 1213.20222   100%  54.0 3345s
 4403113 1177737 1269.30543   70  220 1.0000e+10 1213.24923   100%  54.0 3350s
 4413437 1179709 1298.78288   72  231 1.0000e+10 1213.29081   100%  54.1 3355s
 4422505 1180930 1229.54905   62  229 1.0000e+10 1213.32761   100%  54.1 3360s
 4428735 1182217 1253.04135   65  241 1.0000e+10 1213.35220   100%  54.1 3365s
 4438859 1185031 1258.19212   67  245 1.0000e+10 1213.39141   100%  54.1 3370s
 4446936 1186559 1244.16354   62  234 1.0000e+10 1213.42064   100%  54.1 3375s
 4458721 1189189 1270.55417   60  204 1.0000e+10 1213.46890   100%  54.2 3380s
 4466310 1189996 1306.19531   71  221 1.0000e+10 1213.49842   100%  54.2 3385s
 4476344 1192200 infeasible   79      1.0000e+10 1213.53540   100%  54.2 3390s
 4484620 1193791 1216.84986   56  262 1.0000e+10 1213.56177   100%  54.2 3395s
 4493973 1196074 1255.23252   56  243 1.0000e+10 1213.60354   100%  54.3 3400s
 4500077 1197367 1251.05833   60  254 1.0000e+10 1213.63166   100%  54.3 3405s
 4510255 1199463 1242.65568   55  222 1.0000e+10 1213.67111   100%  54.3 3410s
 4517633 1201309 infeasible   77      1.0000e+10 1213.69747   100%  54.3 3415s
 4528745 1203287 1229.11735   60  224 1.0000e+10 1213.73662   100%  54.3 3420s
 4536163 1204874 1224.29033   59  241 1.0000e+10 1213.76236   100%  54.3 3425s
 4546425 1207107 1253.72421   59  244 1.0000e+10 1213.80033   100%  54.4 3430s
 4555182 1208585 1326.11996   75  254 1.0000e+10 1213.83292   100%  54.4 3435s
 4564187 1210227 1331.20053   65  225 1.0000e+10 1213.86852   100%  54.4 3440s
 4572002 1211777 1217.06869   65  237 1.0000e+10 1213.89964   100%  54.4 3445s
 4582542 1213700 1222.53951   56  235 1.0000e+10 1213.94066   100%  54.4 3450s
 4589141 1215368 1289.49292   63  220 1.0000e+10 1213.96738   100%  54.4 3455s
 4600039 1216894 1287.46646   79  245 1.0000e+10 1214.00694   100%  54.5 3460s
 4608014 1218467 1278.59944   72  234 1.0000e+10 1214.03744   100%  54.5 3465s
 4616030 1220011 1275.40446   69  228 1.0000e+10 1214.07128   100%  54.5 3470s
 4624342 1222325 1230.33299   61  240 1.0000e+10 1214.10023   100%  54.5 3475s
 4632110 1223899 1296.33334   64  248 1.0000e+10 1214.12509   100%  54.5 3480s
 4644261 1225472 1295.97113   65  224 1.0000e+10 1214.16800   100%  54.6 3485s
 4648011 1230424 1232.82113   58  243 1.0000e+10 1214.18004   100%  54.6 3491s
 4660752 1229106 infeasible   68      1.0000e+10 1214.23003   100%  54.6 3495s
 4669965 1230501 1231.49277   57  236 1.0000e+10 1214.26519   100%  54.6 3500s
 4679443 1232400 1225.15015   60  245 1.0000e+10 1214.29875   100%  54.6 3505s
 4687170 1233288 1231.35527   60  257 1.0000e+10 1214.32436   100%  54.7 3510s
 4697243 1235851 infeasible   71      1.0000e+10 1214.36380   100%  54.7 3515s
 4703743 1236884 infeasible   63      1.0000e+10 1214.38738   100%  54.7 3520s
 4712677 1239025 1303.81412   69  218 1.0000e+10 1214.41581   100%  54.7 3525s
 4722531 1240000 1261.04962   59  232 1.0000e+10 1214.45424   100%  54.7 3530s
 4731516 1242106 1226.91839   61  234 1.0000e+10 1214.48557   100%  54.7 3535s
 4740207 1244307 1276.55315   65  230 1.0000e+10 1214.51732   100%  54.8 3540s
 4747754 1245126 1297.12324   75  250 1.0000e+10 1214.54397   100%  54.8 3545s
 4756985 1246319 infeasible   70      1.0000e+10 1214.57705   100%  54.8 3551s
 4764927 1248898 1251.89411   65  187 1.0000e+10 1214.60591   100%  54.8 3555s
 4773862 1250018 1291.69195   59  235 1.0000e+10 1214.63743   100%  54.8 3560s
 4781864 1251968 1239.48697   59  241 1.0000e+10 1214.66425   100%  54.9 3565s
 4793938 1254232 1244.05663   62  231 1.0000e+10 1214.70502   100%  54.9 3570s
 4802098 1255925 1254.98631   70  250 1.0000e+10 1214.73058   100%  54.9 3575s
 4809121 1257380 1217.46703   57  254 1.0000e+10 1214.75560   100%  54.9 3580s
 4818086 1259195 1366.21972   71  222 1.0000e+10 1214.78318   100%  54.9 3585s
 4827678 1260837 1227.04003   54  240 1.0000e+10 1214.81918   100%  54.9 3590s
 4834268 1262406 1293.93179   71  240 1.0000e+10 1214.84108   100%  55.0 3595s
 4843723 1264111 1318.81551   68  222 1.0000e+10 1214.87173   100%  55.0 3600s
 4849498 1264978 1233.01201   58  229 1.0000e+10 1214.89220   100%  55.0 3605s
 4858845 1266672 infeasible   65      1.0000e+10 1214.92428   100%  55.0 3610s
 4868838 1268619 1243.03213   60  225 1.0000e+10 1214.95817   100%  55.0 3615s
 4876278 1269964 infeasible   68      1.0000e+10 1214.98406   100%  55.0 3620s
 4882324 1271452 1255.52701   60  247 1.0000e+10 1215.00396   100%  55.0 3625s
 4892389 1272482 1239.60435   60  247 1.0000e+10 1215.04049   100%  55.1 3630s
 4901836 1274548 1315.90885   63  241 1.0000e+10 1215.07083   100%  55.1 3635s
 4907498 1276110 1227.58584   56  253 1.0000e+10 1215.08720   100%  55.1 3640s
 4917720 1277398 1244.99274   56  237 1.0000e+10 1215.12029   100%  55.1 3645s
 4925924 1279268 1269.63084   68  233 1.0000e+10 1215.14660   100%  55.1 3650s
 4934362 1280829 1259.46111   67  244 1.0000e+10 1215.17211   100%  55.1 3655s
 4943647 1282554 1224.55138   59  244 1.0000e+10 1215.20016   100%  55.2 3660s
 4953587 1283689 1256.22186   72  232 1.0000e+10 1215.23055   100%  55.2 3665s
 4961454 1285186 infeasible   64      1.0000e+10 1215.25219   100%  55.2 3670s
 4969719 1287120 1230.11943   57  237 1.0000e+10 1215.27927   100%  55.2 3675s
 4978817 1288688 1314.78708   58  220 1.0000e+10 1215.30943   100%  55.2 3680s
 4986015 1289853 1226.00868   58  256 1.0000e+10 1215.32830   100%  55.2 3685s
 4994888 1291290 1234.82033   60  235 1.0000e+10 1215.35764   100%  55.3 3690s
 5003355 1292272 infeasible   77      1.0000e+10 1215.38393   100%  55.3 3695s
 5011563 1294250 infeasible   66      1.0000e+10 1215.40947   100%  55.3 3700s
 5020579 1295933 infeasible   72      1.0000e+10 1215.43573   100%  55.3 3705s
 5030404 1297632 infeasible   65      1.0000e+10 1215.46772   100%  55.3 3710s
 5038783 1299126 1219.42209   50  241 1.0000e+10 1215.49529   100%  55.3 3715s
 5044000 1300202 1227.58689   63  255 1.0000e+10 1215.51331   100%  55.4 3720s
 5053307 1302075 1312.91604   64  214 1.0000e+10 1215.54202   100%  55.4 3725s
 5061242 1303534 1258.96471   59  227 1.0000e+10 1215.56471   100%  55.4 3730s
 5069961 1305140 1318.89013   68  220 1.0000e+10 1215.58800   100%  55.4 3735s
 5078643 1306648 infeasible   64      1.0000e+10 1215.61866   100%  55.4 3740s
 5087518 1309384 1261.39156   62  225 1.0000e+10 1215.64658   100%  55.4 3745s
 5095776 1313868 1265.86445   58  223 1.0000e+10 1215.67314   100%  55.4 3750s
 5104064 1318854 1224.07801   55  257 1.0000e+10 1215.69923   100%  55.5 3755s
 5113283 1322723 1275.83678   75  251 1.0000e+10 1215.72745   100%  55.5 3760s
 5121344 1326965 1237.90285   70  230 1.0000e+10 1215.74951   100%  55.5 3765s
 5131497 1332260 1247.79428   61  230 1.0000e+10 1215.78134   100%  55.5 3770s
 5136081 1335056 1252.57330   67  246 1.0000e+10 1215.79441   100%  55.5 3775s
 5148054 1341470 1311.63253   74  203 1.0000e+10 1215.82827   100%  55.5 3781s
 5156760 1345614 1277.16381   66  236 1.0000e+10 1215.85500   100%  55.5 3785s
 5166780 1349965 infeasible   66      1.0000e+10 1215.88539   100%  55.6 3790s
 5174042 1354481 infeasible   62      1.0000e+10 1215.90657   100%  55.6 3795s
 5184290 1359597 infeasible   81      1.0000e+10 1215.93776   100%  55.6 3800s
 5192577 1364022 1267.05555   69  238 1.0000e+10 1215.96355   100%  55.6 3805s
 5201646 1368647 1268.64265   60  223 1.0000e+10 1215.99171   100%  55.6 3810s
 5210901 1373364 infeasible   60      1.0000e+10 1216.01735   100%  55.6 3815s
 5216918 1376778 1318.00093   75  226 1.0000e+10 1216.03405   100%  55.6 3820s
 5224000 1381977 1220.76005   62  259 1.0000e+10 1216.05568   100%  55.7 3825s
 5235763 1386028 1345.33602   79  232 1.0000e+10 1216.08635   100%  55.7 3830s
 5242743 1389645 infeasible   60      1.0000e+10 1216.10777   100%  55.7 3835s
 5252902 1394627 1304.74849   64  231 1.0000e+10 1216.13712   100%  55.7 3840s
 5262345 1399123 infeasible   62      1.0000e+10 1216.16399   100%  55.7 3846s
 5269795 1403623 1260.31019   65  228 1.0000e+10 1216.18858   100%  55.7 3850s
 5280651 1409123 1245.06765   57  232 1.0000e+10 1216.22287   100%  55.8 3855s
 5286138 1412086 1266.68500   61  219 1.0000e+10 1216.23939   100%  55.8 3860s
 5295600 1417044 infeasible   72      1.0000e+10 1216.26859   100%  55.8 3865s
 5303921 1421301 1302.18831   71  231 1.0000e+10 1216.29075   100%  55.8 3870s
 5311590 1425402 1245.19585   58  262 1.0000e+10 1216.31390   100%  55.8 3875s
 5321331 1430171 1224.20605   60  258 1.0000e+10 1216.34048   100%  55.8 3880s
 5330167 1434233 1250.56198   62  231 1.0000e+10 1216.36628   100%  55.8 3885s
 5337953 1438614 1285.35759   73  243 1.0000e+10 1216.38783   100%  55.9 3890s
 5347498 1443711 1259.42032   59  209 1.0000e+10 1216.41563   100%  55.9 3895s
 5354705 1447324 1295.77813   72  229 1.0000e+10 1216.43305   100%  55.9 3900s
 5364569 1452023 infeasible   69      1.0000e+10 1216.46015   100%  55.9 3905s
 5373358 1456467 infeasible   64      1.0000e+10 1216.48358   100%  55.9 3910s
 5380797 1460102 1243.72648   61  238 1.0000e+10 1216.50653   100%  55.9 3915s
 5391846 1465515 1223.03219   61  254 1.0000e+10 1216.53957   100%  55.9 3921s
 5398738 1469494 1230.45185   59  239 1.0000e+10 1216.55718   100%  56.0 3925s
 5407457 1473503 infeasible   65      1.0000e+10 1216.58286   100%  56.0 3930s
 5415783 1478173 1260.96761   61  239 1.0000e+10 1216.60359   100%  56.0 3935s
 5423729 1482484 1221.21996   63  255 1.0000e+10 1216.62525   100%  56.0 3940s
 5431674 1486676 infeasible   72      1.0000e+10 1216.64494   100%  56.0 3945s
 5440892 1490909 infeasible   78      1.0000e+10 1216.67110   100%  56.0 3950s
 5448070 1495028 1274.16257   71  235 1.0000e+10 1216.69060   100%  56.0 3955s
 5459133 1500139 infeasible   62      1.0000e+10 1216.72073   100%  56.0 3960s
 5466225 1503142 1230.75651   59  249 1.0000e+10 1216.74036   100%  56.1 3965s
 5472979 1507065 1251.44418   56  246 1.0000e+10 1216.75857   100%  56.1 3970s
 5481286 1510976 1269.34282   59  238 1.0000e+10 1216.78166   100%  56.1 3975s
 5490841 1516265 1282.97911   68  226 1.0000e+10 1216.80766   100%  56.1 3980s
 5497662 1519463 1300.22844   54  224 1.0000e+10 1216.82581   100%  56.1 3985s
 5506638 1523954 1252.82213   62  234 1.0000e+10 1216.85110   100%  56.1 3990s
 5514104 1527372 1227.55445   66  241 1.0000e+10 1216.86988   100%  56.1 3995s
 5520787 1532915 1255.42117   61  227 1.0000e+10 1216.88983   100%  56.1 4000s
 5531638 1536093 1271.67141   60  232 1.0000e+10 1216.91955   100%  56.2 4005s
 5540149 1540742 1223.05275   61  231 1.0000e+10 1216.94170   100%  56.2 4010s
 5548655 1545021 1304.04478   71  219 1.0000e+10 1216.96612   100%  56.2 4016s
 5556701 1549281 1230.19752   56  228 1.0000e+10 1216.98598   100%  56.2 4020s
 5565776 1553631 1253.60128   68  217 1.0000e+10 1217.01043   100%  56.2 4025s
 5573269 1557263 1271.90126   66  244 1.0000e+10 1217.03086   100%  56.2 4030s
 5582545 1561573 1289.28124   68  225 1.0000e+10 1217.05511   100%  56.2 4035s
 5590354 1566109 1235.92813   64  263 1.0000e+10 1217.07512   100%  56.3 4040s
 5597344 1569361 1315.26823   74  228 1.0000e+10 1217.09246   100%  56.3 4045s
 5604581 1573390 infeasible   68      1.0000e+10 1217.11188   100%  56.3 4050s
 5615117 1578742 1302.81139   67  210 1.0000e+10 1217.13731   100%  56.3 4055s
 5624074 1583053 1302.29789   71  227 1.0000e+10 1217.16038   100%  56.3 4060s
 5631740 1586657 1291.36604   67  223 1.0000e+10 1217.18057   100%  56.3 4065s
 5638692 1590660 infeasible   75      1.0000e+10 1217.19851   100%  56.3 4070s
 5646870 1594563 1243.17522   63  237 1.0000e+10 1217.22226   100%  56.4 4075s
 5657149 1599985 1255.93540   61  234 1.0000e+10 1217.24736   100%  56.4 4080s
 5667665 1605191 1271.07957   67  247 1.0000e+10 1217.27611   100%  56.4 4085s
 5677380 1609997 infeasible   74      1.0000e+10 1217.30170   100%  56.4 4090s
 5683213 1613193 1290.19796   69  234 1.0000e+10 1217.31604   100%  56.4 4095s
 5692581 1617646 1249.16506   68  269 1.0000e+10 1217.34281   100%  56.4 4100s
 5700813 1621929 1269.30515   68  253 1.0000e+10 1217.36397   100%  56.4 4105s
 5711333 1626943 1231.37234   62  225 1.0000e+10 1217.39347   100%  56.5 4110s
 5719118 1630666 1230.18446   62  242 1.0000e+10 1217.41004   100%  56.5 4115s
 5726987 1634839 infeasible   77      1.0000e+10 1217.42959   100%  56.5 4120s
 5734554 1638648 1294.74436   81  236 1.0000e+10 1217.44960   100%  56.5 4125s
 5743156 1642503 infeasible   67      1.0000e+10 1217.46778   100%  56.5 4130s
 5746431 1647451 1239.59715   59  209 1.0000e+10 1217.47638   100%  56.5 4135s
 5760901 1652147 1273.66037   73  256 1.0000e+10 1217.51164   100%  56.5 4140s
 5768583 1655529 1276.30916   65  254 1.0000e+10 1217.53004   100%  56.5 4145s
 5775701 1659390 infeasible   57      1.0000e+10 1217.54989   100%  56.5 4150s
 5785860 1664146 1222.79855   56  233 1.0000e+10 1217.57328   100%  56.6 4155s
 5791491 1670455 1307.76088   68  256 1.0000e+10 1217.58431   100%  56.6 4163s
 5800402 1671664 1265.11300   57  212 1.0000e+10 1217.60489   100%  56.6 4165s
 5810639 1676636 infeasible   71      1.0000e+10 1217.63073   100%  56.6 4170s
 5819369 1681084 1235.14094   54  212 1.0000e+10 1217.65189   100%  56.6 4175s
 5824867 1683904 infeasible   71      1.0000e+10 1217.66651   100%  56.6 4180s
 5835038 1688691 1304.65355   68  245 1.0000e+10 1217.69264   100%  56.6 4185s
 5842465 1692286 1274.76474   67  227 1.0000e+10 1217.71132   100%  56.6 4190s
 5852968 1697016 1231.52679   64  243 1.0000e+10 1217.73906   100%  56.7 4195s
 5861789 1701445 1237.43069   55  245 1.0000e+10 1217.75879   100%  56.7 4200s
 5866750 1704440 1235.58851   65  236 1.0000e+10 1217.76987   100%  56.7 4205s
 5876971 1709173 1304.20254   66  198 1.0000e+10 1217.79458   100%  56.7 4210s
 5883124 1712415 infeasible   70      1.0000e+10 1217.80951   100%  56.7 4215s
 5892908 1716858 1278.54771   72  247 1.0000e+10 1217.83266   100%  56.7 4220s
 5901881 1721247 1274.81198   71  228 1.0000e+10 1217.85384   100%  56.7 4225s
 5907858 1724493 1229.54130   56  244 1.0000e+10 1217.86951   100%  56.7 4230s
 5917730 1728978 1250.12978   69  249 1.0000e+10 1217.89013   100%  56.8 4235s
 5924601 1732977 1272.99540   72  227 1.0000e+10 1217.90828   100%  56.8 4674s
 5927139 1734171 1306.56663   71  239 1.0000e+10 1217.91531   100%  56.8 4675s
 5935768 1738622 1274.18512   60  240 1.0000e+10 1217.93537   100%  56.8 4680s
 5942635 1741659 infeasible   76      1.0000e+10 1217.95155   100%  56.8 4685s
 5952752 1747105 infeasible   65      1.0000e+10 1217.97443   100%  56.8 4690s
 5961151 1750690 1241.12686   63  246 1.0000e+10 1217.99533   100%  56.8 4695s
 5972154 1756509 1333.49320   66  197 1.0000e+10 1218.02164   100%  56.8 4700s
*5979593 1610456              73    1295.0000000 1218.04062  5.94%  56.8 4705s
 5994313 1616874     cutoff   67      1295.00000 1218.07850  5.94%  56.8 4710s
 6008071 1622584     cutoff   71      1295.00000 1218.11690  5.94%  56.8 4715s
 6023162 1628885     cutoff   57      1295.00000 1218.15518  5.93%  56.8 4720s
 6036875 1634282 1248.83487   67  236 1295.00000 1218.18873  5.93%  56.8 4725s
 6051397 1640257 1282.82406   60  233 1295.00000 1218.22981  5.93%  56.8 4730s
 6065283 1645763 1240.46908   68  229 1295.00000 1218.26440  5.93%  56.8 4735s
 6080268 1651629 1235.60714   58  235 1295.00000 1218.30491  5.92%  56.8 4740s
 6093822 1657029     cutoff   60      1295.00000 1218.34191  5.92%  56.8 4745s
 6108841 1663134 1245.24125   60  243 1295.00000 1218.38177  5.92%  56.8 4750s
 6122092 1668738     cutoff   65      1295.00000 1218.41493  5.91%  56.8 4755s
 6133607 1673254 1227.23365   53  230 1295.00000 1218.44299  5.91%  56.8 4760s
 6147569 1678961 1240.77517   62  247 1295.00000 1218.47803  5.91%  56.8 4765s
 6162511 1685027 1237.30958   60  229 1295.00000 1218.51644  5.91%  56.8 4770s
 6175956 1690504 1291.94838   68  222 1295.00000 1218.54980  5.90%  56.7 4775s
 6189695 1696009 1287.30514   59  211 1295.00000 1218.58526  5.90%  56.7 4780s
 6203363 1701463 1258.23269   56  231 1295.00000 1218.61654  5.90%  56.7 4785s
 6217219 1707161 1276.28686   66  236 1295.00000 1218.65118  5.90%  56.7 4790s
 6230619 1712575 1255.17330   60  225 1295.00000 1218.68814  5.89%  56.7 4795s
 6244469 1718278 1265.86278   66  259 1295.00000 1218.72371  5.89%  56.7 4800s
 6258198 1723878     cutoff   62      1295.00000 1218.75537  5.89%  56.7 4805s
 6271487 1729336     cutoff   72      1295.00000 1218.78534  5.89%  56.7 4810s
 6286158 1735169     cutoff   70      1295.00000 1218.82144  5.88%  56.7 4815s
 6299711 1740461 1273.85822   52  225 1295.00000 1218.85458  5.88%  56.7 4820s
 6313370 1745949 1244.00483   72  249 1295.00000 1218.88647  5.88%  56.7 4825s
 6326715 1751446 1233.20477   55  224 1295.00000 1218.91951  5.87%  56.7 4830s
 6340067 1756847 1232.42927   62  243 1295.00000 1218.94962  5.87%  56.7 4835s
 6353854 1762227 1251.91325   62  243 1295.00000 1218.98172  5.87%  56.7 4840s
 6367407 1767714 infeasible   69      1295.00000 1219.01564  5.87%  56.7 4845s
 6382280 1773766 1248.69408   54  234 1295.00000 1219.05083  5.86%  56.7 4850s
 6395839 1779087 1265.46234   62  202 1295.00000 1219.08263  5.86%  56.6 4855s
 6409401 1784367     cutoff   64      1295.00000 1219.11457  5.86%  56.6 4860s
 6422828 1789715 1254.79146   70  257 1295.00000 1219.14716  5.86%  56.6 4865s
 6436717 1795127 1285.71359   66  218 1295.00000 1219.18008  5.85%  56.6 4870s
 6450296 1800506 1242.46366   63  253 1295.00000 1219.21337  5.85%  56.6 4875s
 6463632 1805935 1228.90215   66  246 1295.00000 1219.24606  5.85%  56.6 4880s
 6478235 1811690 1243.38392   65  232 1295.00000 1219.28146  5.85%  56.6 4885s
 6489666 1815933 1247.17714   67  264 1295.00000 1219.30941  5.84%  56.6 4890s
 6503433 1821371 1242.75619   59  221 1295.00000 1219.34305  5.84%  56.6 4895s
 6516931 1826756 1245.98479   57  237 1295.00000 1219.37434  5.84%  56.6 4900s
 6531637 1832620     cutoff   65      1295.00000 1219.40793  5.84%  56.6 4905s
 6545154 1837853 1267.43370   69  238 1295.00000 1219.43884  5.83%  56.6 4910s
 6558821 1843295 1261.30660   71  223 1295.00000 1219.47004  5.83%  56.6 4915s
 6572720 1848702 1231.47778   61  230 1295.00000 1219.50080  5.83%  56.6 4920s
 6586247 1854022 1270.08217   62  225 1295.00000 1219.52980  5.83%  56.6 4925s
 6600044 1859536 1262.92872   60  227 1295.00000 1219.55715  5.83%  56.5 4930s
 6613299 1864733 1281.48744   66  228 1295.00000 1219.58658  5.82%  56.5 4935s
 6626369 1870183 1289.53404   61  209 1295.00000 1219.61635  5.82%  56.5 4940s
 6641234 1875908 1233.17973   53  254 1295.00000 1219.65125  5.82%  56.5 4945s
 6654920 1881205 1274.47949   65  221 1295.00000 1219.68165  5.82%  56.5 4950s
 6668609 1886619 1290.62900   76  236 1295.00000 1219.71209  5.81%  56.5 4955s
 6682320 1892024 1256.88688   61  234 1295.00000 1219.74238  5.81%  56.5 4960s
 6695979 1897235     cutoff   65      1295.00000 1219.77297  5.81%  56.5 4965s
 6709480 1902613     cutoff   67      1295.00000 1219.80265  5.81%  56.5 4970s
 6723182 1908034 1232.44916   68  267 1295.00000 1219.83457  5.80%  56.5 4975s
 6735814 1913033 1246.04542   59  252 1295.00000 1219.86089  5.80%  56.5 4980s
 6748295 1917763 1240.87411   57  237 1295.00000 1219.88663  5.80%  56.5 4985s
 6762064 1923002 1281.28432   74  237 1295.00000 1219.91647  5.80%  56.5 4990s
 6775156 1928256     cutoff   63      1295.00000 1219.94548  5.80%  56.5 4995s
*6779189 1893422              63    1291.0000000 1219.95560  5.50%  56.5 4996s
 6788891 1897123 1271.42190   77  247 1291.00000 1219.97646  5.50%  56.5 5000s
 6801068 1901608     cutoff   57      1291.00000 1220.00268  5.50%  56.4 5005s
 6814819 1906754 1275.53300   76  259 1291.00000 1220.03141  5.50%  56.4 5010s
 6828342 1912052     cutoff   63      1291.00000 1220.06040  5.49%  56.4 5015s
 6842120 1917513 1237.83183   62  229 1291.00000 1220.09021  5.49%  56.4 5020s
 6855737 1922815 1279.59084   76  226 1291.00000 1220.12132  5.49%  56.4 5025s
 6869299 1928022 1272.91726   64  231 1291.00000 1220.15033  5.49%  56.4 5030s
 6882808 1933003     cutoff   66      1291.00000 1220.17893  5.49%  56.4 5035s
 6896360 1938042 1234.26193   63  231 1291.00000 1220.20809  5.48%  56.4 5040s
 6909864 1943201 1264.66502   57  259 1291.00000 1220.23717  5.48%  56.4 5045s
 6923126 1948544 1279.08942   71  251 1291.00000 1220.26717  5.48%  56.4 5050s
 6936785 1953526 1225.95947   58  247 1291.00000 1220.29555  5.48%  56.4 5055s
 6950394 1958519     cutoff   64      1291.00000 1220.32373  5.47%  56.4 5060s
 6963996 1963711     cutoff   77      1291.00000 1220.35466  5.47%  56.4 5065s
 6977626 1968743 1242.56101   58  226 1291.00000 1220.38171  5.47%  56.4 5070s
 6988735 1972535 1236.92448   61  258 1291.00000 1220.40331  5.47%  56.4 5075s
 6999843 1977139 1237.38140   60  242 1291.00000 1220.42643  5.47%  56.4 5080s
 7013455 1982366 1246.17496   58  234 1291.00000 1220.45482  5.46%  56.3 5085s
 7026796 1987713 1235.84107   66  230 1291.00000 1220.48360  5.46%  56.3 5090s
 7040433 1992844 1248.78864   56  232 1291.00000 1220.51174  5.46%  56.3 5095s
 7052950 1997421 1232.34116   58  238 1291.00000 1220.53757  5.46%  56.3 5100s
 7066361 2002578 1248.76095   59  241 1291.00000 1220.56584  5.46%  56.3 5105s
 7079947 2007774 1240.34929   59  241 1291.00000 1220.59489  5.45%  56.3 5110s
 7093527 2012956 1230.62134   60  242 1291.00000 1220.62479  5.45%  56.3 5115s
 7107252 2018111 1288.17648   59  226 1291.00000 1220.65469  5.45%  56.3 5120s
 7121028 2023178 1236.97745   55  252 1291.00000 1220.68372  5.45%  56.3 5125s
 7134843 2028481     cutoff   68      1291.00000 1220.71036  5.44%  56.3 5130s
 7148431 2033572 1254.81525   66  224 1291.00000 1220.73851  5.44%  56.3 5135s
 7162011 2038731 1242.77351   58  242 1291.00000 1220.76728  5.44%  56.3 5140s
 7175214 2044014 1247.99756   63  233 1291.00000 1220.79585  5.44%  56.3 5145s
 7188855 2048995 1234.45233   60  253 1291.00000 1220.82133  5.44%  56.3 5150s
 7202602 2054201     cutoff   75      1291.00000 1220.84905  5.43%  56.3 5155s
 7216163 2059415 1233.20375   54  252 1291.00000 1220.87497  5.43%  56.2 5160s
 7228651 2064120     cutoff   59      1291.00000 1220.89817  5.43%  56.2 5165s
 7242124 2069084 1229.07103   54  239 1291.00000 1220.92663  5.43%  56.2 5170s
 7255787 2073953 1235.46396   65  240 1291.00000 1220.95502  5.43%  56.2 5175s
 7269413 2078892 1247.30424   64  240 1291.00000 1220.98264  5.42%  56.2 5180s
 7282962 2084099 1256.70055   60  238 1291.00000 1221.01016  5.42%  56.2 5185s
 7296559 2089124 1238.49492   52  251 1291.00000 1221.03611  5.42%  56.2 5190s
 7308508 2093621 1241.53412   62  220 1291.00000 1221.06071  5.42%  56.2 5195s
 7323257 2099062 1276.13805   64  246 1291.00000 1221.08891  5.42%  56.2 5200s
 7336764 2103955 1272.99455   60  233 1291.00000 1221.11679  5.41%  56.2 5205s
 7350281 2109051 1285.62612   79  250 1291.00000 1221.14432  5.41%  56.2 5210s
 7363719 2114042     cutoff   69      1291.00000 1221.17158  5.41%  56.2 5215s
 7377439 2118977     cutoff   69      1291.00000 1221.19897  5.41%  56.2 5220s
 7390981 2124052 1257.63225   62  226 1291.00000 1221.22722  5.40%  56.2 5225s
 7403522 2128669 1246.72812   58  228 1291.00000 1221.25163  5.40%  56.2 5230s
 7418339 2134310 1226.51158   63  231 1291.00000 1221.28185  5.40%  56.2 5235s
 7430749 2138923 1278.39715   60  208 1291.00000 1221.30827  5.40%  56.1 5240s
 7444308 2143963 1246.59846   65  238 1291.00000 1221.33479  5.40%  56.1 5245s
 7457986 2149152 1274.57254   80  242 1291.00000 1221.36182  5.39%  56.1 5250s
 7471060 2154225 1230.81674   57  237 1291.00000 1221.38696  5.39%  56.1 5255s
 7484545 2159091 1233.99753   58  261 1291.00000 1221.41375  5.39%  56.1 5260s
 7498331 2164250 1265.54897   68  240 1291.00000 1221.43948  5.39%  56.1 5265s
 7511979 2169298 1265.29699   60  231 1291.00000 1221.46506  5.39%  56.1 5270s
 7525513 2174422 1236.94616   63  270 1291.00000 1221.49021  5.38%  56.1 5275s
 7539096 2179576 1277.38091   63  240 1291.00000 1221.51754  5.38%  56.1 5280s
 7552724 2184692 1247.96753   66  232 1291.00000 1221.54316  5.38%  56.1 5285s
 7564979 2189124     cutoff   63      1291.00000 1221.56688  5.38%  56.1 5290s
 7578450 2194037     cutoff   67      1291.00000 1221.59039  5.38%  56.1 5295s
 7579628 2194458     cutoff   79      1291.00000 1221.59225  5.38%  56.1 5313s
 7583210 2195870 1258.38781   66  217 1291.00000 1221.59922  5.38%  56.1 5315s
 7596833 2201060 1284.72927   72  240 1291.00000 1221.62441  5.37%  56.1 5320s
 7611871 2206614 1239.17286   60  250 1291.00000 1221.65265  5.37%  56.1 5325s
 7625492 2211879     cutoff   67      1291.00000 1221.67774  5.37%  56.1 5330s
 7640118 2217420 1251.11473   59  250 1291.00000 1221.70662  5.37%  56.1 5335s
 7653793 2222361 1266.82081   64  249 1291.00000 1221.73365  5.37%  56.0 5340s
 7668649 2228011 1247.33015   68  222 1291.00000 1221.76182  5.36%  56.0 5345s
 7682280 2233148 1267.25192   60  237 1291.00000 1221.78723  5.36%  56.0 5350s
 7695856 2238291 1257.27425   70  247 1291.00000 1221.81231  5.36%  56.0 5355s
 7708598 2243301 1284.85430   73  209 1291.00000 1221.83474  5.36%  56.0 5360s
 7723450 2248815 1235.60217   58  243 1291.00000 1221.86181  5.36%  56.0 5365s
 7737057 2253508 1258.76522   76  218 1291.00000 1221.88859  5.35%  56.0 5370s
 7750623 2258353 1260.44905   71  257 1291.00000 1221.91525  5.35%  56.0 5375s
 7764307 2263340 1272.13197   76  224 1291.00000 1221.94021  5.35%  56.0 5380s
 7778031 2268399 1284.96050   69  233 1291.00000 1221.96413  5.35%  56.0 5385s
 7791615 2273221 1254.19765   63  220 1291.00000 1221.98926  5.35%  56.0 5390s
 7806337 2278685     cutoff   65      1291.00000 1222.01672  5.34%  56.0 5395s
 7819937 2283563     cutoff   71      1291.00000 1222.04367  5.34%  56.0 5400s
 7833585 2288439 1265.49938   68  239 1291.00000 1222.06736  5.34%  56.0 5405s
 7847284 2293378 1236.53133   60  249 1291.00000 1222.09250  5.34%  56.0 5410s
 7860737 2298166 1239.22068   64  229 1291.00000 1222.11583  5.34%  56.0 5415s
 7875432 2303670 1270.28674   65  232 1291.00000 1222.14302  5.33%  56.0 5420s
 7889154 2308753 1259.69422   71  238 1291.00000 1222.16690  5.33%  55.9 5425s
 7902638 2313390 1272.31843   67  237 1291.00000 1222.19138  5.33%  55.9 5430s
 7913777 2317878 1269.23071   66  237 1291.00000 1222.21163  5.33%  55.9 5435s
 7927594 2322832 1252.18684   55  234 1291.00000 1222.23873  5.33%  55.9 5440s
 7942337 2328058 1273.08272   63  244 1291.00000 1222.26540  5.32%  55.9 5445s
 7955892 2332999 1251.82579   68  249 1291.00000 1222.29158  5.32%  55.9 5450s
 7969674 2338059 1246.25646   54  238 1291.00000 1222.31587  5.32%  55.9 5455s
 7983199 2342855 1253.31495   59  248 1291.00000 1222.34032  5.32%  55.9 5460s
 7996771 2347675 1278.07179   56  220 1291.00000 1222.36440  5.32%  55.9 5465s
 8010435 2352726 1234.63833   63  245 1291.00000 1222.38917  5.31%  55.9 5470s
 8023904 2357538 1276.83514   67  209 1291.00000 1222.41350  5.31%  55.9 5475s
 8037585 2362636 1260.52140   63  227 1291.00000 1222.43728  5.31%  55.9 5480s
 8052228 2367924 1278.28582   66  234 1291.00000 1222.46187  5.31%  55.9 5485s
 8065383 2372747 1237.07217   63  251 1291.00000 1222.48494  5.31%  55.9 5490s
 8078831 2377730 1247.67087   62  239 1291.00000 1222.50840  5.31%  55.9 5495s
 8093640 2383072     cutoff   68      1291.00000 1222.53308  5.30%  55.9 5500s
 8107181 2387908 1248.83085   64  251 1291.00000 1222.55620  5.30%  55.9 5505s
 8121920 2393134     cutoff   64      1291.00000 1222.58138  5.30%  55.8 5510s
 8135467 2398123 1255.39439   60  249 1291.00000 1222.60413  5.30%  55.8 5515s
 8148869 2403073 1230.68936   62  252 1291.00000 1222.62721  5.30%  55.8 5520s
 8162917 2408245 1276.45494   69  238 1291.00000 1222.65128  5.29%  55.8 5525s
 8176480 2412989 1256.73527   75  234 1291.00000 1222.67399  5.29%  55.8 5530s
 8190050 2417864 1249.47462   60  223 1291.00000 1222.69720  5.29%  55.8 5535s
 8203508 2422708 1256.27834   71  246 1291.00000 1222.72064  5.29%  55.8 5540s
 8218087 2427959 1239.01370   57  223 1291.00000 1222.74577  5.29%  55.8 5545s
 8231712 2432659 1252.86684   58  203 1291.00000 1222.77097  5.28%  55.8 5550s
 8245275 2437051     cutoff   62      1291.00000 1222.79503  5.28%  55.8 5556s
 8255002 2441093 1264.65811   65  230 1291.00000 1222.81241  5.28%  55.8 5560s
 8268481 2446092 1251.91034   59  242 1291.00000 1222.83551  5.28%  55.8 5565s
 8282140 2451041 1231.45269   69  245 1291.00000 1222.85840  5.28%  55.8 5570s
 8295869 2456092 1247.83205   66  243 1291.00000 1222.88096  5.28%  55.8 5575s
 8310571 2461327     cutoff   68      1291.00000 1222.90573  5.27%  55.8 5580s
 8323994 2466149 1230.46886   67  244 1291.00000 1222.92905  5.27%  55.8 5585s
 8337471 2470892 1234.04421   49  254 1291.00000 1222.95132  5.27%  55.8 5590s
 8350885 2475565     cutoff   58      1291.00000 1222.97455  5.27%  55.8 5595s
 8365721 2480912 1248.14787   70  238 1291.00000 1222.99986  5.27%  55.7 5600s
 8379451 2485846 1255.04748   53  236 1291.00000 1223.02166  5.27%  55.7 5605s
 8392850 2490697 1225.34835   58  252 1291.00000 1223.04567  5.26%  55.7 5610s
 8406477 2495507 1249.79607   61  238 1291.00000 1223.06905  5.26%  55.7 5615s
 8419976 2500318 1232.96244   62  236 1291.00000 1223.09009  5.26%  55.7 5620s
 8428441 2503285 1248.33927   72  244 1291.00000 1223.10508  5.26%  55.7 5625s
 8434905 2505748 1247.45544   65  219 1291.00000 1223.11622  5.26%  55.7 5630s
 8441347 2508020 1235.96809   67  241 1291.00000 1223.12806  5.26%  55.7 5635s
 8449894 2511097 1265.83765   63  231 1291.00000 1223.14119  5.26%  55.7 5640s
 8461005 2515118 1289.41272   63  234 1291.00000 1223.16013  5.25%  55.7 5645s
 8474570 2519853 1241.32067   67  248 1291.00000 1223.18112  5.25%  55.7 5650s
 8487126 2524140 1283.99336   57  241 1291.00000 1223.20312  5.25%  55.7 5655s
 8499904 2528494 1249.80374   64  270 1291.00000 1223.22431  5.25%  55.7 5660s
 8512481 2532757 1263.58779   62  228 1291.00000 1223.24354  5.25%  55.7 5665s
 8525074 2536966 1242.30960   66  248 1291.00000 1223.26410  5.25%  55.7 5670s
 8538085 2541531     cutoff   68      1291.00000 1223.28566  5.25%  55.7 5675s
 8550922 2546385 1248.81639   60  224 1291.00000 1223.30749  5.24%  55.7 5680s
 8563434 2550378 1231.92140   64  249 1291.00000 1223.32690  5.24%  55.7 5685s
 8574995 2554572 infeasible   66      1291.00000 1223.34616  5.24%  55.7 5690s
 8588485 2559254     cutoff   80      1291.00000 1223.36774  5.24%  55.7 5695s
 8601500 2563848     cutoff   66      1291.00000 1223.38826  5.24%  55.7 5700s
 8612926 2568485 1283.57855   64  220 1291.00000 1223.40696  5.24%  55.7 5705s
 8627322 2573354     cutoff   67      1291.00000 1223.43038  5.23%  55.7 5710s
 8639377 2577496 1242.35498   62  231 1291.00000 1223.45082  5.23%  55.7 5715s
 8652192 2581967 infeasible   63      1291.00000 1223.47100  5.23%  55.7 5720s
 8665857 2586616 1264.67955   70  230 1291.00000 1223.49132  5.23%  55.7 5725s
 8678245 2590937 1284.05459   62  240 1291.00000 1223.51012  5.23%  55.7 5730s
 8690943 2595225 infeasible   62      1291.00000 1223.53059  5.23%  55.7 5735s
 8703223 2599420 1257.63527   76  242 1291.00000 1223.54777  5.22%  55.7 5740s
 8716021 2603946     cutoff   75      1291.00000 1223.56706  5.22%  55.7 5745s
 8728817 2608644 1265.49439   59  238 1291.00000 1223.58808  5.22%  55.7 5750s
 8740561 2612620 1268.51094   73  237 1291.00000 1223.60555  5.22%  55.6 5755s
 8752559 2616827 1276.75201   61  218 1291.00000 1223.62264  5.22%  55.6 5760s
 8764309 2620960 1263.26057   60  212 1291.00000 1223.64039  5.22%  55.6 5765s
 8778277 2625878 1238.75826   59  249 1291.00000 1223.66425  5.22%  55.6 5770s
 8790400 2630047 1245.50417   62  230 1291.00000 1223.68248  5.21%  55.6 5775s
 8801962 2633978 1259.21419   72  238 1291.00000 1223.70100  5.21%  55.6 5780s
 8813911 2638151     cutoff   67      1291.00000 1223.71971  5.21%  55.6 5785s
 8827690 2642931     cutoff   66      1291.00000 1223.74242  5.21%  55.6 5790s
 8839885 2647266 1260.87551   78  260 1291.00000 1223.76166  5.21%  55.6 5795s
 8852279 2652181 1241.13977   63  215 1291.00000 1223.78110  5.21%  55.6 5800s
 8864760 2655884 1269.48215   66  248 1291.00000 1223.80030  5.21%  55.6 5805s
 8878031 2660634 1288.79568   75  206 1291.00000 1223.81997  5.20%  55.6 5810s
 8889744 2664721 1232.10264   54  242 1291.00000 1223.83834  5.20%  55.6 5815s
 8903167 2669464 1241.45374   50  242 1291.00000 1223.86035  5.20%  55.6 5820s
 8915309 2673648 1287.97989   66  230 1291.00000 1223.87810  5.20%  55.6 5825s
 8926636 2677854 1247.24880   61  236 1291.00000 1223.89517  5.20%  55.6 5830s
 8938899 2682330 1272.89393   67  245 1291.00000 1223.91173  5.20%  55.6 5835s
 8952213 2686756 1282.57746   67  213 1291.00000 1223.93120  5.20%  55.6 5840s
 8964002 2691044 1242.47768   70  252 1291.00000 1223.94702  5.19%  55.6 5845s
 8976195 2695207     cutoff   62      1291.00000 1223.96506  5.19%  55.6 5850s
 8989323 2699222 1261.10289   59  226 1291.00000 1223.98506  5.19%  55.6 5855s
 9001191 2703330 1264.85393   62  244 1291.00000 1224.00487  5.19%  55.6 5860s
 9014448 2707807 1259.16202   65  228 1291.00000 1224.02211  5.19%  55.6 5865s
 9026426 2711677 1246.64877   63  247 1291.00000 1224.04001  5.19%  55.6 5870s
 9039137 2716185 1273.09666   79  245 1291.00000 1224.05856  5.19%  55.6 5875s
 9052963 2720599 1280.61745   71  223 1291.00000 1224.07931  5.18%  55.6 5880s
 9064977 2724836 1255.14664   60  243 1291.00000 1224.09808  5.18%  55.6 5885s
 9077707 2729690     cutoff   83      1291.00000 1224.11669  5.18%  55.6 5890s
 9090800 2734003 1282.46382   74  243 1291.00000 1224.13489  5.18%  55.6 5895s
 9102806 2738272 1266.21246   61  195 1291.00000 1224.15332  5.18%  55.6 5900s
 9114456 2742394 1241.00196   55  220 1291.00000 1224.17086  5.18%  55.6 5905s
 9127989 2747048 1250.26704   71  242 1291.00000 1224.19257  5.17%  55.5 5910s
 9141007 2751442 1266.34633   63  245 1291.00000 1224.21199  5.17%  55.5 5915s
 9153277 2755772 1260.17695   56  222 1291.00000 1224.23151  5.17%  55.5 5920s
 9166679 2760085 1232.73274   57  228 1291.00000 1224.25146  5.17%  55.5 5925s
 9178925 2764103 infeasible   67      1291.00000 1224.26879  5.17%  55.5 5930s
 9191309 2768164 1240.25208   65  254 1291.00000 1224.28744  5.17%  55.5 5935s
 9203648 2772518 1236.06298   63  261 1291.00000 1224.30513  5.17%  55.5 5940s
 9215344 2776853 1237.05964   55  250 1291.00000 1224.32269  5.16%  55.5 5945s
 9228040 2781267     cutoff   66      1291.00000 1224.34171  5.16%  55.5 5950s
 9241286 2785769 1227.80013   59  229 1291.00000 1224.36027  5.16%  55.5 5955s
 9254632 2790094 1237.43541   61  253 1291.00000 1224.38064  5.16%  55.5 5960s
 9266038 2794195 1238.64588   69  231 1291.00000 1224.39726  5.16%  55.5 5965s
 9279380 2798597 1278.86125   71  224 1291.00000 1224.41708  5.16%  55.5 5970s
 9280902 2801424 1242.55915   62  234 1291.00000 1224.41868  5.16%  55.5 5975s
 9301044 2805857 1232.75557   61  266 1291.00000 1224.44578  5.16%  55.5 5980s
 9314885 2810816 1241.05624   72  202 1291.00000 1224.46717  5.15%  55.5 5985s
 9327179 2814964 1233.94133   62  252 1291.00000 1224.48439  5.15%  55.5 5990s
 9339984 2819023 1244.18670   64  235 1291.00000 1224.50441  5.15%  55.5 5995s
 9352449 2823016 1229.17432   58  214 1291.00000 1224.52241  5.15%  55.5 6000s
 9365393 2827432 1252.95430   70  258 1291.00000 1224.54104  5.15%  55.5 6005s
 9377079 2831517 1272.54908   59  249 1291.00000 1224.55834  5.15%  55.5 6010s
 9390569 2835972 1274.32247   79  220 1291.00000 1224.57907  5.14%  55.5 6015s
 9402391 2839979 1269.70152   65  244 1291.00000 1224.59619  5.14%  55.5 6020s
 9415893 2844506 1278.25408   69  219 1291.00000 1224.61450  5.14%  55.5 6025s
 9427923 2848644 1263.47685   67  240 1291.00000 1224.63176  5.14%  55.5 6030s
 9441354 2853063 1240.88620   60  231 1291.00000 1224.65077  5.14%  55.5 6035s
 9453306 2857400     cutoff   64      1291.00000 1224.67003  5.14%  55.5 6040s
 9465967 2861798 1282.73133   59  230 1291.00000 1224.68867  5.14%  55.5 6045s
 9478251 2865639 1259.89806   67  260 1291.00000 1224.70559  5.14%  55.5 6050s
 9491120 2870190 1267.99676   65  237 1291.00000 1224.72456  5.13%  55.5 6055s
 9503144 2874264 1249.90098   69  241 1291.00000 1224.74267  5.13%  55.5 6060s
 9516875 2878869 1285.94019   76  236 1291.00000 1224.76252  5.13%  55.5 6065s
 9529905 2883254 1282.94396   66  239 1291.00000 1224.78169  5.13%  55.4 6070s
 9541982 2887276 1237.07196   65  241 1291.00000 1224.79728  5.13%  55.4 6075s
 9554894 2891831 1258.79938   61  244 1291.00000 1224.81478  5.13%  55.4 6080s
 9568240 2896474 1255.72610   61  246 1291.00000 1224.83372  5.13%  55.4 6085s
 9580168 2900445 1254.06859   65  249 1291.00000 1224.85025  5.12%  55.4 6090s
 9592782 2904807     cutoff   59      1291.00000 1224.86654  5.12%  55.4 6095s
 9605033 2908927 infeasible   71      1291.00000 1224.88227  5.12%  55.4 6100s
 9618269 2913107 1279.86262   61  245 1291.00000 1224.89988  5.12%  55.4 6105s
 9630747 2917180 1245.64935   71  249 1291.00000 1224.91739  5.12%  55.4 6110s
 9643047 2921277 1233.92171   55  232 1291.00000 1224.93497  5.12%  55.4 6115s
 9656114 2925676 1242.80137   64  245 1291.00000 1224.95333  5.12%  55.4 6120s
 9668197 2929947 1271.66389   66  219 1291.00000 1224.97038  5.11%  55.4 6125s
 9681754 2934321 1258.05644   59  243 1291.00000 1224.99058  5.11%  55.4 6130s
 9691744 2937548 1249.99863   61  229 1291.00000 1225.00396  5.11%  55.4 6135s
 9704106 2941637 1231.54236   63  251 1291.00000 1225.02087  5.11%  55.4 6140s
 9716258 2945829 1256.16657   74  200 1291.00000 1225.03770  5.11%  55.4 6145s
 9728194 2949977 1240.81458   72  227 1291.00000 1225.05462  5.11%  55.4 6150s
 9741562 2954443 1273.99310   67  238 1291.00000 1225.07341  5.11%  55.4 6155s
 9753706 2958620 1241.96106   57  238 1291.00000 1225.09111  5.11%  55.4 6160s
 9765405 2962533 1261.48327   67  237 1291.00000 1225.10649  5.10%  55.4 6165s
 9778953 2967098     cutoff   77      1291.00000 1225.12559  5.10%  55.4 6170s
 9790773 2971157 1254.44038   60  253 1291.00000 1225.14116  5.10%  55.4 6175s
 9802882 2975454 1263.14593   60  236 1291.00000 1225.15930  5.10%  55.4 6180s
 9815594 2979615 1234.75589   63  235 1291.00000 1225.17868  5.10%  55.4 6185s
 9827574 2983739 1229.83398   64  259 1291.00000 1225.19440  5.10%  55.4 6190s
 9841034 2988183 1239.58750   63  240 1291.00000 1225.21161  5.10%  55.4 6195s
 9853264 2992133     cutoff   70      1291.00000 1225.22960  5.09%  55.4 6200s
 9863268 2995557 1259.17462   62  236 1291.00000 1225.24252  5.09%  55.4 6205s
 9876686 3000067     cutoff   64      1291.00000 1225.26184  5.09%  55.4 6210s
 9888498 3003910 1256.20798   63  227 1291.00000 1225.27857  5.09%  55.4 6215s
 9901755 3008364 1234.37830   67  254 1291.00000 1225.29629  5.09%  55.4 6220s
 9913901 3012363 1260.25579   62  245 1291.00000 1225.31376  5.09%  55.4 6225s
 9926255 3016398 1247.14240   60  239 1291.00000 1225.33116  5.09%  55.4 6230s
 9938640 3020472 infeasible   74      1291.00000 1225.34716  5.09%  55.4 6235s
 9952182 3025158 1237.47101   58  243 1291.00000 1225.36479  5.08%  55.4 6240s
 9961236 3028861 1238.63764   62  213 1291.00000 1225.37728  5.08%  55.4 6245s
 9975959 3032957 1256.86509   69  227 1291.00000 1225.39517  5.08%  55.3 6250s
 9989313 3037303 1280.54941   69  232 1291.00000 1225.41268  5.08%  55.3 6255s
 10001594 3041441 1255.43207   61  237 1291.00000 1225.43064  5.08%  55.3 6260s
 10013557 3045316 1226.86716   67  266 1291.00000 1225.44690  5.08%  55.3 6265s
 10027302 3050035 1248.88525   66  264 1291.00000 1225.46608  5.08%  55.3 6270s
 10039533 3054265 1245.24805   60  228 1291.00000 1225.48345  5.07%  55.3 6275s
 10051528 3058412 1241.80159   63  239 1291.00000 1225.49982  5.07%  55.3 6280s
 10064752 3062831 1229.45874   60  247 1291.00000 1225.51602  5.07%  55.3 6285s
 10076694 3066718     cutoff   63      1291.00000 1225.53145  5.07%  55.3 6290s
 10089047 3070815 1261.45539   61  187 1291.00000 1225.54767  5.07%  55.3 6295s
 10101259 3074853     cutoff   71      1291.00000 1225.56294  5.07%  55.3 6300s
 10114287 3079206 1259.31567   66  219 1291.00000 1225.57959  5.07%  55.3 6305s
 10127008 3083405 1243.46660   60  241 1291.00000 1225.59546  5.07%  55.3 6310s
 10139050 3087540 1269.91009   55  244 1291.00000 1225.60998  5.07%  55.3 6315s
 10150824 3091270 1289.06290   65  213 1291.00000 1225.62582  5.06%  55.3 6320s
 10164203 3095778 1237.50332   60  231 1291.00000 1225.64371  5.06%  55.3 6325s
 10177626 3100461 1237.04712   60  223 1291.00000 1225.66084  5.06%  55.3 6330s
 10189163 3104358     cutoff   69      1291.00000 1225.67530  5.06%  55.3 6335s
 10201843 3108445 infeasible   70      1291.00000 1225.69211  5.06%  55.3 6340s
 10214020 3112548 1247.31175   58  237 1291.00000 1225.70841  5.06%  55.3 6345s
 10227403 3116878 1241.05504   59  258 1291.00000 1225.72592  5.06%  55.3 6350s
 10239649 3120828 1282.07353   73  245 1291.00000 1225.74251  5.05%  55.3 6355s
 10251684 3124849 infeasible   68      1291.00000 1225.75781  5.05%  55.3 6360s
 10264131 3128914 1253.03046   65  225 1291.00000 1225.77386  5.05%  55.3 6365s
 10275936 3132652 1273.19494   67  231 1291.00000 1225.79011  5.05%  55.3 6370s
 10289386 3137059 1281.48513   70  240 1291.00000 1225.80732  5.05%  55.3 6375s
 10300786 3140823 1238.92070   63  246 1291.00000 1225.82293  5.05%  55.3 6380s
 10314208 3145119 1264.96522   70  221 1291.00000 1225.84000  5.05%  55.3 6385s
 10326498 3149138 1268.89176   65  214 1291.00000 1225.85497  5.05%  55.3 6390s
 10339458 3153433 1254.87972   60  232 1291.00000 1225.87143  5.04%  55.3 6395s
 10351710 3157456 1289.85644   72  227 1291.00000 1225.88729  5.04%  55.3 6400s
 10364324 3161674 1250.09658   59  218 1291.00000 1225.90386  5.04%  55.3 6405s
 10377062 3165844 1239.40459   68  243 1291.00000 1225.91893  5.04%  55.3 6410s
 10389340 3169502 1231.99530   56  254 1291.00000 1225.93357  5.04%  55.3 6415s
 10402742 3173660     cutoff   69      1291.00000 1225.95025  5.04%  55.3 6420s
 10414559 3177529 1239.57038   64  252 1291.00000 1225.96440  5.04%  55.3 6425s
 10427009 3181228 1251.90528   75  233 1291.00000 1225.97926  5.04%  55.2 6430s
 10439102 3185330 1261.87037   62  227 1291.00000 1225.99527  5.04%  55.2 6435s
 10450663 3189209 1262.53454   57  225 1291.00000 1226.01030  5.03%  55.2 6440s
 10462911 3193171 1281.68584   72  215 1291.00000 1226.02474  5.03%  55.2 6445s
 10467737 3194925 1250.35683   61  248 1291.00000 1226.03105  5.03%  55.2 6837s
 10474007 3196986 1272.12228   62  239 1291.00000 1226.03877  5.03%  55.2 6840s
 10485536 3200698 1239.58106   75  253 1291.00000 1226.05271  5.03%  55.2 6845s
 10499793 3205277     cutoff   60      1291.00000 1226.07056  5.03%  55.2 6850s
 10513170 3209797 1257.28771   68  198 1291.00000 1226.08802  5.03%  55.2 6855s
 10523414 3213206     cutoff   76      1291.00000 1226.10046  5.03%  55.2 6860s
 10537219 3217395 1249.63982   59  227 1291.00000 1226.11873  5.03%  55.2 6865s
 10551627 3222172 1250.00203   65  229 1291.00000 1226.13638  5.02%  55.2 6870s
 10564724 3226413 1274.02816   68  217 1291.00000 1226.15335  5.02%  55.2 6875s
 10579689 3231250 1242.54272   68  240 1291.00000 1226.17259  5.02%  55.2 6880s
 10593087 3235769 1284.73478   67  147 1291.00000 1226.18877  5.02%  55.2 6885s
 10607352 3240420 1268.19762   62  239 1291.00000 1226.20658  5.02%  55.2 6890s
 10620744 3244892 infeasible   72      1291.00000 1226.22417  5.02%  55.2 6895s
 10634966 3249355     cutoff   68      1291.00000 1226.24328  5.02%  55.2 6900s
 10648346 3253759 1253.34393   60  224 1291.00000 1226.25995  5.01%  55.2 6905s
 10663071 3258331 1281.16630   71  234 1291.00000 1226.27881  5.01%  55.2 6910s
 10676037 3262711     cutoff   65      1291.00000 1226.29524  5.01%  55.2 6915s
 10689315 3267152 1243.55203   67  248 1291.00000 1226.31106  5.01%  55.2 6920s
 10704036 3271902 1243.50262   59  253 1291.00000 1226.32884  5.01%  55.2 6925s
 10715982 3275929 1246.06411   61  246 1291.00000 1226.34447  5.01%  55.2 6930s
 10730740 3280370 1248.58760   63  250 1291.00000 1226.36300  5.01%  55.2 6935s
 10744173 3284730 1266.67459   57  236 1291.00000 1226.38009  5.01%  55.2 6940s
 10757017 3288790 1279.30499   71  215 1291.00000 1226.39646  5.00%  55.2 6945s
 10770421 3293290 1247.29909   60  244 1291.00000 1226.41437  5.00%  55.2 6950s
 10783862 3297588 1238.76944   64  237 1291.00000 1226.43098  5.00%  55.2 6955s
 10797181 3302005 1247.90870   58  236 1291.00000 1226.44736  5.00%  55.2 6960s
 10810599 3306397 1259.61353   66  220 1291.00000 1226.46436  5.00%  55.2 6965s
 10823222 3310628 infeasible   68      1291.00000 1226.47993  5.00%  55.2 6970s
 10836632 3314848 infeasible   69      1291.00000 1226.49776  5.00%  55.2 6975s
 10851188 3319722     cutoff   63      1291.00000 1226.51679  4.99%  55.2 6980s
 10863404 3323655 1284.92112   68  229 1291.00000 1226.53216  4.99%  55.2 6985s
 10877013 3328257     cutoff   64      1291.00000 1226.54887  4.99%  55.2 6990s
 10890487 3332501 1260.67588   66  245 1291.00000 1226.56469  4.99%  55.2 6995s
 10902492 3336424 1246.10901   65  213 1291.00000 1226.57933  4.99%  55.2 7000s
 10915837 3340818     cutoff   65      1291.00000 1226.59589  4.99%  55.1 7005s
 10927499 3344937 1282.51262   67  201 1291.00000 1226.61028  4.99%  55.1 7010s
 10941384 3349082 1235.36956   64  240 1291.00000 1226.62838  4.99%  55.1 7015s
 10954945 3353443     cutoff   62      1291.00000 1226.64409  4.98%  55.1 7020s
 10967772 3357526 1232.86888   69  256 1291.00000 1226.66007  4.98%  55.1 7025s
 10981414 3361979 1268.68339   65  247 1291.00000 1226.67739  4.98%  55.1 7030s
 10994728 3366381 1284.60997   62  236 1291.00000 1226.69381  4.98%  55.1 7035s
 11008149 3370533 1234.52773   55  239 1291.00000 1226.70907  4.98%  55.1 7040s
 11020733 3374528     cutoff   65      1291.00000 1226.72405  4.98%  55.1 7045s
 11034278 3378758 1239.73301   56  257 1291.00000 1226.74087  4.98%  55.1 7050s
 11047367 3383006 1231.54218   59  243 1291.00000 1226.75773  4.98%  55.1 7055s
 11059709 3387073 1255.66316   68  245 1291.00000 1226.77315  4.97%  55.1 7060s
 11072524 3391188 1266.07065   61  230 1291.00000 1226.78848  4.97%  55.1 7065s
 11086096 3395394     cutoff   63      1291.00000 1226.80435  4.97%  55.1 7070s
 11099459 3399699 1230.99300   62  256 1291.00000 1226.82124  4.97%  55.1 7075s
 11111262 3403497 1243.38392   63  252 1291.00000 1226.83477  4.97%  55.1 7080s
 11125537 3407779 1286.58896   88  238 1291.00000 1226.85130  4.97%  55.1 7085s
 11138941 3412191     cutoff   74      1291.00000 1226.86809  4.97%  55.1 7090s
 11152467 3416061 1257.39605   64  229 1291.00000 1226.88497  4.97%  55.1 7095s
 11164450 3420174 1280.17406   75  220 1291.00000 1226.89946  4.97%  55.1 7100s
 11178024 3424320 1258.93845   65  222 1291.00000 1226.91495  4.96%  55.1 7105s
 11191504 3428564 infeasible   64      1291.00000 1226.93057  4.96%  55.1 7110s
 11204347 3432901 1275.25235   64  210 1291.00000 1226.94618  4.96%  55.1 7115s
 11217809 3437152 1258.70102   67  206 1291.00000 1226.96283  4.96%  55.1 7120s
 11230004 3441150     cutoff   74      1291.00000 1226.97685  4.96%  55.1 7125s
 11243158 3445422 1242.76175   57  244 1291.00000 1226.99232  4.96%  55.1 7130s
 11256633 3449811 1239.34542   59  229 1291.00000 1227.00785  4.96%  55.1 7135s
 11269978 3453979 1282.76694   73  196 1291.00000 1227.02315  4.96%  55.1 7140s
 11282013 3457672 1250.57285   68  259 1291.00000 1227.03737  4.95%  55.1 7145s
 11293016 3461200 1258.14364   66  235 1291.00000 1227.05017  4.95%  55.1 7150s
 11306483 3465533 infeasible   66      1291.00000 1227.06554  4.95%  55.1 7155s
 11318142 3469179 1254.32239   52  240 1291.00000 1227.07928  4.95%  55.1 7160s
 11331432 3473598 1240.20250   65  243 1291.00000 1227.09556  4.95%  55.1 7165s
 11343784 3477467 1232.19887   67  235 1291.00000 1227.11023  4.95%  55.1 7170s
 11355363 3481214 1231.24611   60  249 1291.00000 1227.12303  4.95%  55.1 7175s
 11367656 3484921 1262.60646   63  233 1291.00000 1227.13636  4.95%  55.1 7180s
 11381042 3489133 1271.89631   67  241 1291.00000 1227.15142  4.95%  55.1 7185s
 11392896 3492966 1233.88956   66  218 1291.00000 1227.16489  4.94%  55.0 7190s
 11405746 3497002 1239.40106   56  256 1291.00000 1227.18012  4.94%  55.0 7195s
 11418109 3500863 1275.43545   76  236 1291.00000 1227.19400  4.94%  55.0 7200s

Cutting planes:
  Clique: 13
  Flow cover: 2
  Inf proof: 1
  Zero half: 39

Explored 11419203 nodes (628661530 simplex iterations) in 7200.01 seconds (12581.46 work units)
Thread count was 8 (of 8 available processors)

Solution count 10: 1291 1295 1e+10 ... 3e+10

Time limit reached
Best objective 1.291000000000e+03, best bound 1.228000000000e+03, gap 4.8799%
