
Gurobi 11.0.1 (mac64[arm]) logging started Sat Feb  8 22:19:14 2025

Set parameter LogFile to value "logs_new/salida_modelo_caminos_320_567_2.log"
Set parameter TimeLimit to value 7200
Gurobi Optimizer version 11.0.1 build v11.0.1rc0 (mac64[arm] - Darwin 24.3.0 24D60)

CPU model: Apple M2
Thread count: 8 physical cores, 8 logical processors, using up to 8 threads

Optimize a model with 573 rows, 1704 columns and 7092 nonzeros
Coefficient statistics:
  Matrix range     [1e+00, 1e+00]
  Objective range  [2e+00, 1e+10]
  Bounds range     [0e+00, 0e+00]
  RHS range        [1e+00, 2e+02]
Warning: Model contains large objective coefficients
         Consider reformulating model or setting NumericFocus parameter
         to avoid numerical issues.

Solved in 0 iterations and 0.00 seconds (0.00 work units)
Optimal objective  1.222000000e+03
Gurobi Optimizer version 11.0.1 build v11.0.1rc0 (mac64[arm] - Darwin 24.3.0 24D60)

CPU model: Apple M2
Thread count: 8 physical cores, 8 logical processors, using up to 8 threads

Optimize a model with 573 rows, 1704 columns and 7092 nonzeros
Model fingerprint: 0x5a6eeb0b
Variable types: 0 continuous, 1704 integer (1704 binary)
Coefficient statistics:
  Matrix range     [1e+00, 1e+00]
  Objective range  [2e+00, 1e+10]
  Bounds range     [0e+00, 0e+00]
  RHS range        [1e+00, 2e+02]
Warning: Model contains large objective coefficients
         Consider reformulating model or setting NumericFocus parameter
         to avoid numerical issues.
Found heuristic solution: objective 3.200000e+12
Presolve removed 250 rows and 0 columns
Presolve time: 0.01s
Presolved: 323 rows, 1704 columns, 6803 nonzeros
Variable types: 0 continuous, 1704 integer (1704 binary)
Found heuristic solution: objective 3.170000e+12

Root relaxation: objective 1.222000e+03, 1762 iterations, 0.05 seconds (0.10 work units)

    Nodes    |    Current Node    |     Objective Bounds      |     Work
 Expl Unexpl |  Obj  Depth IntInf | Incumbent    BestBd   Gap | It/Node Time

     0     0 1222.00000    0  283 3.1700e+12 1222.00000   100%     -    0s
H    0     0                    4.700000e+11 1222.00000   100%     -    0s
H    0     0                    4.300000e+11 1222.00000   100%     -    0s
H    0     0                    3.700000e+11 1222.00000   100%     -    0s
H    0     0                    2.800000e+11 1222.00000   100%     -    0s
H    0     0                    2.700000e+11 1222.00000   100%     -    0s
H    0     0                    2.500000e+11 1222.00000   100%     -    0s
     0     0 1223.80066    0  277 2.5000e+11 1223.80066   100%     -    0s
H    0     0                    2.000000e+11 1223.80066   100%     -    0s
     0     0 1223.80066    0  292 2.0000e+11 1223.80066   100%     -    0s
     0     0 1223.80066    0  292 2.0000e+11 1223.80066   100%     -    0s
H    0     0                    1.600000e+11 1223.80066   100%     -    0s
H    0     0                    1.500000e+11 1223.80066   100%     -    0s
     0     2 1223.80066    0  292 1.5000e+11 1223.80066   100%     -    0s
H   38    40                    1.400000e+11 1224.59407   100%  88.6    0s
H   77    83                    1.300000e+11 1224.71205   100%  87.2    0s
H  109   117                    1.100000e+11 1224.71205   100%  83.4    0s
H  150   159                    9.000000e+10 1224.71205   100%  85.1    1s
H  188   197                    6.000000e+10 1224.71205   100%  84.7    1s
  1933  1815 1266.84529   37  261 6.0000e+10 1224.71205   100%  87.6    5s
H 1936  1729                    6.000000e+10 1224.71205   100%  87.6    5s
  4294  3072 1230.88340   23  299 6.0000e+10 1224.77204   100%  83.2   10s
* 5451  3581              90    6.000000e+10 1225.09766   100%  83.3   11s
* 6372  4244             126    6.000000e+10 1225.87788   100%  82.6   13s
H 7162  4583                    5.000000e+10 1226.29011   100%  82.8   14s
  7211  4641 1.3698e+10   54  242 5.0000e+10 1226.29011   100%  82.8   15s
H 9992  7069                    5.000000e+10 1227.86400   100%  83.3   19s
H10127  5638                    3.000000e+10 1227.86400   100%  83.4   19s
 10644  6442 1.9519e+10   55  264 3.0000e+10 1228.21769   100%  83.6   20s
 12249  7900 infeasible   58      3.0000e+10 1228.54838   100%  83.1   25s
 14610 11463 1.1901e+10   79  255 3.0000e+10 1229.19940   100%  81.1   30s
 21458 15862 2.5118e+10   84  219 3.0000e+10 1230.41525   100%  76.7   35s
 25261 19550 1270.80948   42  253 3.0000e+10 1230.82932   100%  75.7   40s
 28912 21500 2.4502e+10  115  292 3.0000e+10 1231.19438   100%  74.6   51s
 28925 21509 1.4417e+10   78  282 3.0000e+10 1231.19438   100%  74.5   55s
H29107 20563                    3.000000e+10 1231.19438   100%  74.8   57s
 29576 20821 1243.34187   42  266 3.0000e+10 1231.19438   100%  75.1   60s
 32094 22195 9.9257e+09   84  240 3.0000e+10 1231.19438   100%  75.8   65s
 33493 22756 1.5583e+10   60  254 3.0000e+10 1231.19438   100%  76.2   70s
 36370 24264 5.9740e+09   70  211 3.0000e+10 1232.44682   100%  76.9   78s
 36602 24656 2.7209e+10   96  184 3.0000e+10 1232.50078   100%  76.9   80s
 39758 26353 1.8923e+10   98  212 3.0000e+10 1233.85156   100%  77.6   85s
 42181 27679 1.1883e+10  103  239 3.0000e+10 1234.24114   100%  77.7   90s
 46180 29785 2.2544e+10  113  223 3.0000e+10 1234.74061   100%  78.1   95s
 49232 31553 1.7625e+10   82  236 3.0000e+10 1235.38383   100%  77.7  100s
 53391 33740 1.9055e+10  107  251 3.0000e+10 1236.02185   100%  77.4  105s
 57246 35733 2.1805e+09   70  240 3.0000e+10 1236.51366   100%  77.0  110s
 61529 37289 9.7513e+09  106  233 3.0000e+10 1236.84430   100%  76.9  116s
 63938 38995 2.4098e+10   67  266 3.0000e+10 1236.97622   100%  77.0  120s
 67989 41222 1.9094e+10   95  253 3.0000e+10 1237.42662   100%  77.2  125s
H69231 36019                    2.000000e+10 1237.47243   100%  77.2  128s
 70154 37493 3.2654e+08   78  213 2.0000e+10 1237.55912   100%  77.1  130s
H71429 37032                    2.000000e+10 1237.64006   100%  77.1  131s
 76837 39516 8.2954e+09   94  248 2.0000e+10 1238.08181   100%  77.0  135s
 82590 41736 1.6565e+09   64  253 2.0000e+10 1238.37814   100%  77.2  140s
 89705 47847 1.0000e+10   67  259 2.0000e+10 1238.78482   100%  76.5  145s
 96040 52898 4.4415e+08   54  261 2.0000e+10 1239.22134   100%  76.2  150s
 102967 59850 7.8242e+08   67  254 2.0000e+10 1239.54960   100%  76.1  155s
 105637 60564 1295.04572   57  256 2.0000e+10 1239.63247   100%  75.7  160s
 116858 70192 5.9174e+09   92  219 2.0000e+10 1240.14932   100%  74.5  165s
 126186 77090 1251.75911   48  273 2.0000e+10 1240.48195   100%  73.7  173s
 126268 77891 1258.33672   50  278 2.0000e+10 1240.48195   100%  73.7  175s
H134198 83401                    2.000000e+10 1240.73575   100%  73.3  179s
 135466 84879 1330.65584   68  236 2.0000e+10 1240.84144   100%  73.3  180s
 143539 91542 1.7909e+10   76  235 2.0000e+10 1241.13906   100%  72.8  185s
 153551 100069 8.4107e+09  107  234 2.0000e+10 1241.43795   100%  71.9  190s
 161289 105783 1.0705e+10  135  254 2.0000e+10 1241.64520   100%  71.4  195s
 171122 114342 infeasible  120      2.0000e+10 1241.93783   100%  70.7  200s
 180076 121031 7.1207e+09   81  240 2.0000e+10 1242.16920   100%  70.5  207s
H180133 121028                    2.000000e+10 1242.16920   100%  70.5  207s
 185611 125258 infeasible  101      2.0000e+10 1242.28065   100%  70.2  210s
 195012 132693 1.7509e+10  118  233 2.0000e+10 1242.45124   100%  69.7  215s
 204846 141450 1277.01119   60  235 2.0000e+10 1242.69781   100%  69.1  220s
 214063 149113 9.9424e+09  119  235 2.0000e+10 1242.90003   100%  68.5  225s
 222688 157047 1.4768e+10   65  249 2.0000e+10 1243.09989   100%  68.0  230s
 227550 159165 1.8100e+10   88  253 2.0000e+10 1243.18141   100%  67.6  235s
 239744 169099 1.5495e+10  119  218 2.0000e+10 1243.42269   100%  66.7  240s
 251776 179692 1.3262e+08   65  258 2.0000e+10 1243.64310   100%  65.8  245s
 263436 188704 4.5553e+09   80  226 2.0000e+10 1243.82171   100%  65.1  250s
 274634 198555 1267.89715   49  265 2.0000e+10 1244.00556   100%  64.5  255s
 285145 206548 1.0624e+07   55  243 2.0000e+10 1244.14934   100%  64.0  261s
 290988 211907 1293.68834   65  260 2.0000e+10 1244.21573   100%  63.6  265s
 303711 222459     cutoff  121      2.0000e+10 1244.38927   100%  63.0  270s
 313827 230776 4.9742e+09   73  252 2.0000e+10 1244.52823   100%  62.6  275s
 328552 241836 1264.64510   52  269 2.0000e+10 1244.72938   100%  62.0  281s
 340957 252761 5.8411e+09   78  241 2.0000e+10 1244.90920   100%  61.5  285s
 353379 262433 9.2814e+08   67  269 2.0000e+10 1245.07099   100%  61.1  290s
 356127 265647 4.9701e+09   61  263 2.0000e+10 1245.11470   100%  61.0  295s
 368748 274447 infeasible   67      2.0000e+10 1245.26953   100%  60.8  300s
 379180 283679 1253.09815   49  253 2.0000e+10 1245.37418   100%  60.7  305s
 390395 292500 1279.04130   59  260 2.0000e+10 1245.50046   100%  60.4  310s
 403474 303768 5.3335e+09  101  253 2.0000e+10 1245.62286   100%  60.1  315s
 415042 312743 5.6110e+09   88  231 2.0000e+10 1245.75584   100%  59.7  320s
 421358 317087 1279.11778   58  245 2.0000e+10 1245.81486   100%  59.7  325s
 429910 324492 1.0989e+10  114  267 2.0000e+10 1245.88727   100%  59.5  330s
 443602 335138 1285.13094   63  242 2.0000e+10 1246.00787   100%  59.2  336s
 453737 343925 7.8172e+09   93  260 2.0000e+10 1246.11979   100%  59.0  340s
 465985 353777 2.9220e+08   74  228 2.0000e+10 1246.23937   100%  58.8  345s
 474836 361874 7.9525e+08   78  257 2.0000e+10 1246.32237   100%  58.6  350s
 489589 373886 3.2906e+09   78  245 2.0000e+10 1246.45310   100%  58.3  355s
 499671 380869 1.9621e+09   68  235 2.0000e+10 1246.54640   100%  58.0  360s
 509958 389344 1272.45793   57  247 2.0000e+10 1246.63729   100%  57.8  365s
 520613 397338 1292.90440   50  255 2.0000e+10 1246.73150   100%  57.6  370s
 526771 403203 1319.68698   67  238 2.0000e+10 1246.78801   100%  57.5  375s
 537143 410678 1.1865e+09   68  247 2.0000e+10 1246.89358   100%  57.4  380s
 550141 421118 1300.99623   54  231 2.0000e+10 1246.99915   100%  57.1  385s
 559309 429346 2.2944e+09   79  270 2.0000e+10 1247.08057   100%  57.0  390s
 571802 438421 1252.66673   50  285 2.0000e+10 1247.19400   100%  56.8  397s
 575065 441983 1270.13928   60  254 2.0000e+10 1247.23325   100%  56.7  400s
 588290 452053 1.4438e+10  109  217 2.0000e+10 1247.32525   100%  56.5  405s
 600843 461734 8.2654e+09  124  259 2.0000e+10 1247.43183   100%  56.3  410s
 615225 473501 1320.52467   55  252 2.0000e+10 1247.54974   100%  55.9  416s
 623121 480937 1.3316e+10  109  261 2.0000e+10 1247.60394   100%  55.9  420s
 624846 481091 5.1630e+08   68  268 2.0000e+10 1247.61056   100%  55.8  898s
 626885 483866 3.7084e+09   60  227 2.0000e+10 1247.62717   100%  55.8  900s
 637101 490826 1253.35338   49  263 2.0000e+10 1247.69373   100%  55.6  905s
 649572 501475 1281.78159   51  256 2.0000e+10 1247.77344   100%  55.5  910s
 660958 510117 1.6375e+10   56  251 2.0000e+10 1247.86352   100%  55.3  915s
 674325 521279 1315.36713   69  273 2.0000e+10 1247.95824   100%  55.1  920s
 685956 530163 1299.65108   57  254 2.0000e+10 1248.04680   100%  55.0  925s
 695195 536949 1259.35059   50  268 2.0000e+10 1248.10482   100%  54.8  930s
 706511 546115 1296.42188   52  249 2.0000e+10 1248.18919   100%  54.7  935s
 717934 555544 1306.18901   56  277 2.0000e+10 1248.25275   100%  54.6  940s
 728115 563792 4.6990e+08   68  239 2.0000e+10 1248.32173   100%  54.4  946s
 737410 571710 1259.29277   56  269 2.0000e+10 1248.38700   100%  54.2  950s
 748673 580539 1.2970e+10   97  210 2.0000e+10 1248.46413   100%  54.0  955s
 756026 585877 1322.85982   63  251 2.0000e+10 1248.50615   100%  54.0  960s
 765752 594610 1276.11117   51  266 2.0000e+10 1248.57514   100%  53.8  965s
 783104 607773 1264.87125   55  268 2.0000e+10 1248.67186   100%  53.6  970s
 792763 616024 1259.35204   48  268 2.0000e+10 1248.73186   100%  53.6  975s
 807841 627375 8.9267e+08   66  267 2.0000e+10 1248.81810   100%  53.4  980s
 820299 638157 6.3543e+09   76  242 2.0000e+10 1248.90114   100%  53.3  985s
 827272 643883 1.5648e+09   78  231 2.0000e+10 1248.94041   100%  53.2  990s
 840709 654582 1281.49777   55  254 2.0000e+10 1249.00935   100%  53.0  995s
H853331 664092                    1.999995e+10 1249.08585   100%  52.8  999s
 853464 664401 1264.40068   48  264 2.0000e+10 1249.08685   100%  52.8 1001s
H859225 669219                    1.999995e+10 1249.11298   100%  52.8 1003s
 865242 674834 1290.54341   49  254 2.0000e+10 1249.15070   100%  52.7 1005s
H866050 674834                    1.999995e+10 1249.15331   100%  52.7 1005s
 880438 687137 1253.04869   53  283 2.0000e+10 1249.21961   100%  52.5 1010s
 884447 689277 3.1596e+09  103  232 2.0000e+10 1249.23553   100%  52.5 1015s
 897461 700629 5.1937e+09   81  237 2.0000e+10 1249.31242   100%  52.3 1020s
 913139 713674 1266.16970   55  243 2.0000e+10 1249.40794   100%  52.2 1025s
 929654 726686 1.7007e+09   67  260 2.0000e+10 1249.49325   100%  51.9 1030s
H935736 731310                    1.999995e+10 1249.52129   100%  51.9 1032s
 942099 737370 1.3419e+10  129  252 2.0000e+10 1249.55108   100%  51.8 1035s
 950386 742902 1314.49543   55  247 2.0000e+10 1249.59207   100%  51.8 1041s
H950401 742902                    1.999995e+10 1249.59207   100%  51.8 1041s
 960444 751236 2.0781e+09   63  248 2.0000e+10 1249.64856   100%  51.7 1045s
 974785 763570 1314.22357   61  236 2.0000e+10 1249.71381   100%  51.6 1050s
 990824 776572 4.9582e+09  105  262 2.0000e+10 1249.79576   100%  51.4 1055s
 1005144 787779 1261.80048   42  263 2.0000e+10 1249.86753   100%  51.4 1060s
 1009225 790683 1262.55742   52  262 2.0000e+10 1249.88801   100%  51.4 1065s
 1021928 801884 1.1134e+10  101  222 2.0000e+10 1249.94850   100%  51.3 1070s
 1036505 813389 1.0260e+10   94  239 2.0000e+10 1250.01667   100%  51.2 1075s
 1049407 823353 1253.08104   50  264 2.0000e+10 1250.07145   100%  51.1 1080s
 1057087 829290 1258.91757   50  258 2.0000e+10 1250.10497   100%  51.0 1085s
 1070227 840192     cutoff   89      2.0000e+10 1250.16417   100%  50.9 1090s
 1082677 850137 3.3333e+09   63  251 2.0000e+10 1250.22406   100%  50.8 1095s
 1096785 861150 1257.57087   51  253 2.0000e+10 1250.29330   100%  50.8 1100s
 1108930 870046 1324.04165   68  257 2.0000e+10 1250.34555   100%  50.8 1108s
 1112182 873856 4.6259e+09   82  233 2.0000e+10 1250.36028   100%  50.8 1110s
 1128643 886743 4.9760e+08   59  252 2.0000e+10 1250.43111   100%  50.7 1115s
H1134773 890907                    1.999995e+10 1250.45793   100%  50.6 1117s
 1142351 897845 1345.34603   65  232 2.0000e+10 1250.49135   100%  50.5 1120s
 1158132 911013 3.2286e+09  106  224 2.0000e+10 1250.55355   100%  50.4 1125s
 1165963 916526 1.0000e+10   59  226 2.0000e+10 1250.58591   100%  50.4 1131s
H1174875 923950                    1.999995e+10 1250.63080   100%  50.3 1134s
 1175378 925419 4.6242e+09   91  202 2.0000e+10 1250.63456   100%  50.3 1135s
 1191981 938849 1.3412e+10  142  273 2.0000e+10 1250.69575   100%  50.2 1140s
 1206066 950163 1279.18488   53  270 2.0000e+10 1250.74525   100%  50.1 1145s
 1212510 956476 1257.30498   55  252 2.0000e+10 1250.76855   100%  50.1 1150s
 1227618 967507 2.8593e+09   74  244 2.0000e+10 1250.83050   100%  50.0 1155s
 1242715 978968 1282.70766   57  278 2.0000e+10 1250.89333   100%  49.9 1160s
 1246807 982665 7.1752e+09   60  261 2.0000e+10 1250.91119   100%  49.8 1165s
 1257877 991744 1269.16867   56  253 2.0000e+10 1250.96066   100%  49.8 1170s
 1273749 1004693 1327.68609   59  250 2.0000e+10 1251.02686   100%  49.7 1175s
 1287706 1015053 1265.70060   57  260 2.0000e+10 1251.08113   100%  49.6 1180s
 1301871 1027471 3.5011e+09   89  242 2.0000e+10 1251.14149   100%  49.5 1185s
 1315593 1039196 8.2017e+09   99  243 2.0000e+10 1251.18943   100%  49.5 1190s
 1330496 1051703 1326.85847   60  228 2.0000e+10 1251.24379   100%  49.4 1195s
 1337942 1056356 4.3321e+08   68  236 2.0000e+10 1251.26834   100%  49.4 1200s
 1349806 1066583 2.7137e+08   70  260 2.0000e+10 1251.32167   100%  49.3 1205s
 1362485 1077049 1.0000e+10   81  258 2.0000e+10 1251.36453   100%  49.2 1210s
 1370427 1083365 2.9839e+09   75  246 2.0000e+10 1251.39655   100%  49.2 1215s
 1383004 1093441 8.3625e+08   66  243 2.0000e+10 1251.44365   100%  49.2 1220s
 1397650 1104274 3.3721e+08   66  251 2.0000e+10 1251.49798   100%  49.1 1225s
 1409987 1114845 1.4215e+09   67  266 2.0000e+10 1251.54134   100%  49.1 1230s
 1424868 1126092 8.6557e+09   89  257 2.0000e+10 1251.59777   100%  49.0 1235s
 1434235 1133924 1305.34327   47  253 2.0000e+10 1251.63050   100%  49.0 1240s
 1446537 1143408 1.1772e+10  102  249 2.0000e+10 1251.67241   100%  48.9 1246s
 1453349 1149598 1.4906e+10  117  225 2.0000e+10 1251.69752   100%  48.9 1250s
 1468697 1162308 1256.59895   50  262 2.0000e+10 1251.74968   100%  48.8 1255s
 1481382 1174128 1.5943e+10   93  229 2.0000e+10 1251.78724   100%  48.8 1261s
 1496927 1183597 4.0994e+08   57  242 2.0000e+10 1251.83902   100%  48.8 1265s
 1506975 1193156 1282.48573   57  257 2.0000e+10 1251.87473   100%  48.8 1270s
 1518672 1201665 1283.80394   51  264 2.0000e+10 1251.91350   100%  48.7 1275s
 1531061 1211808 1310.00071   63  236 2.0000e+10 1251.96029   100%  48.7 1280s
 1536521 1215857     cutoff  106      2.0000e+10 1251.97706   100%  48.7 1285s
 1548859 1225739 infeasible   67      2.0000e+10 1252.01952   100%  48.6 1290s
 1561483 1235835 infeasible   60      2.0000e+10 1252.05791   100%  48.6 1295s
 1571793 1243153 1278.50202   55  267 2.0000e+10 1252.10146   100%  48.6 1300s
 1582688 1252308 1292.39450   57  259 2.0000e+10 1252.13523   100%  48.6 1305s
 1596853 1263224 1297.42521   51  256 2.0000e+10 1252.18455   100%  48.5 1310s
 1606952 1271334 5.7126e+08   69  255 2.0000e+10 1252.21996   100%  48.5 1315s
 1618204 1280119 infeasible   79      2.0000e+10 1252.25288   100%  48.5 1321s
 1627761 1287267 1305.71306   60  255 2.0000e+10 1252.28405   100%  48.4 1327s
H1627763 1036280                    1.000000e+10 1252.28405   100%  48.4 1327s
 1632597 1041204 1327.36277   59  256 1.0000e+10 1252.30868   100%  48.4 1330s
 1643404 1049062 1267.26472   51  267 1.0000e+10 1252.35719   100%  48.4 1335s
 1646312 1055280 1270.54948   51  285 1.0000e+10 1252.36865   100%  48.5 1340s
 1663509 1065093 8.1712e+09   84  258 1.0000e+10 1252.45133   100%  48.5 1345s
 1674914 1072904 1309.31589   56  254 1.0000e+10 1252.49975   100%  48.5 1351s
 1680978 1078631 8.5938e+08   73  253 1.0000e+10 1252.52763   100%  48.5 1355s
 1691318 1085624 1262.57390   47  274 1.0000e+10 1252.57417   100%  48.5 1360s
 1698360 1091875 1.0727e+09   68  267 1.0000e+10 1252.60327   100%  48.5 1365s
 1709640 1099244 5.5414e+08   67  259 1.0000e+10 1252.65974   100%  48.6 1370s
 1715988 1104001     cutoff   80      1.0000e+10 1252.68762   100%  48.6 1376s
 1719675 1108020 1296.84587   56  278 1.0000e+10 1252.70571   100%  48.6 1380s
 1731335 1116508 1302.18800   56  239 1.0000e+10 1252.75764   100%  48.6 1385s
 1741294 1124404 1275.68161   53  252 1.0000e+10 1252.79588   100%  48.6 1390s
 1749972 1131014 8.0882e+09   69  252 1.0000e+10 1252.83379   100%  48.6 1395s
 1760771 1138807 1281.79537   62  253 1.0000e+10 1252.88216   100%  48.7 1400s
 1765593 1148091 1268.80860   52  240 1.0000e+10 1252.90010   100%  48.7 1406s
 1781929 1155710 1325.56293   61  229 1.0000e+10 1252.96365   100%  48.7 1410s
 1791142 1161921     cutoff   89      1.0000e+10 1253.00326   100%  48.7 1415s
 1803364 1172141 1334.57310   56  257 1.0000e+10 1253.05974   100%  48.7 1420s
 1809828 1176616 1277.95530   54  257 1.0000e+10 1253.08702   100%  48.7 1426s
 1817968 1183477 4.4903e+09   85  262 1.0000e+10 1253.12374   100%  48.7 1430s
 1827185 1195609 1268.49588   60  274 1.0000e+10 1253.16089   100%  48.7 1437s
 1839061 1198723 6.2620e+07   65  257 1.0000e+10 1253.20691   100%  48.8 1441s
 1841512 1201138 1256.56915   50  262 1.0000e+10 1253.21955   100%  48.8 1445s
 1852174 1208348 1296.57319   63  250 1.0000e+10 1253.26151   100%  48.8 1451s
 1861709 1216654 4.4935e+08   63  241 1.0000e+10 1253.30435   100%  48.8 1455s
 1872919 1225202 2.5373e+09   73  237 1.0000e+10 1253.35146   100%  48.8 1460s
 1881749 1232087     cutoff   99      1.0000e+10 1253.38244   100%  48.8 1465s
 1891646 1239756 1266.86094   50  270 1.0000e+10 1253.41839   100%  48.8 1470s
 1903250 1248076 1348.12758   64  241 1.0000e+10 1253.46665   100%  48.8 1475s
H1906871 511968                    1.000000e+10 1253.47932   100%  48.8 1479s
 1906907 512237 infeasible   63      1.0000e+10 1253.47941   100%  48.8 1480s
 1913016 515516 1299.75670   60  266 1.0000e+10 1253.52850   100%  48.9 1485s
 1916877 517091 1346.09222   70  285 1.0000e+10 1253.55704   100%  49.0 1490s
 1917825 517584 1328.57467   79  259 1.0000e+10 1253.55704   100%  48.9 1495s
 1920298 518607 1253.55704   63  273 1.0000e+10 1253.55704   100%  49.0 1500s
 1926181 520914 1253.55704   65  290 1.0000e+10 1253.55704   100%  49.0 1505s
 1934075 524289 1260.70633   61  261 1.0000e+10 1253.55704   100%  49.1 1510s
 1937602 526439 1253.55704   61  277 1.0000e+10 1253.55704   100%  49.1 1515s
 1948829 529861 1253.55704   56  287 1.0000e+10 1253.55704   100%  49.2 1520s
 1956350 533183 1253.55704   61  277 1.0000e+10 1253.55704   100%  49.3 1525s
 1963867 535811 1255.44699   73  262 1.0000e+10 1253.55704   100%  49.4 1530s
 1972665 538643 1298.94108   67  252 1.0000e+10 1253.55704   100%  49.4 1536s
 1977811 542681 1263.61616   78  273 1.0000e+10 1253.55704   100%  49.5 1541s
 1988810 544884 1253.55704   58  268 1.0000e+10 1253.55704   100%  49.6 1545s
 1999346 548149 1253.55704   58  245 1.0000e+10 1253.55704   100%  49.7 1550s
 2006540 550651 infeasible   86      1.0000e+10 1253.55704   100%  49.7 1556s
 2010333 552609 1263.61719   77  257 1.0000e+10 1253.55704   100%  49.8 1560s
 2019362 555876 1253.55704   67  270 1.0000e+10 1253.55704   100%  49.8 1565s
 2028120 558414 1253.55704   64  279 1.0000e+10 1253.55704   100%  49.9 1570s
 2036885 561813 1335.17966   95  275 1.0000e+10 1253.55704   100%  50.0 1575s
 2043817 564595 1256.14433   65  269 1.0000e+10 1253.55704   100%  50.0 1580s
 2053231 567906 infeasible   84      1.0000e+10 1253.55704   100%  50.1 1585s
 2063240 570617 1285.80855   75  285 1.0000e+10 1253.55704   100%  50.2 1590s
 2071412 573925 1253.55704   67  281 1.0000e+10 1253.55704   100%  50.3 1595s
 2077760 575919 1256.89523   65  276 1.0000e+10 1253.55704   100%  50.3 1600s
 2088216 579540 1292.22564   83  268 1.0000e+10 1253.55704   100%  50.4 1605s
 2098620 582594 infeasible   93      1.0000e+10 1253.55704   100%  50.5 1610s
 2105230 585507 1281.99963   73  267 1.0000e+10 1253.55704   100%  50.5 1615s
 2112983 587532 1328.72548   70  239 1.0000e+10 1253.55704   100%  50.6 1620s
 2123192 591286 infeasible   73      1.0000e+10 1253.55704   100%  50.7 1625s
 2131408 593949 1362.12930   85  244 1.0000e+10 1253.55704   100%  50.7 1630s
 2137850 596389 1253.55704   65  268 1.0000e+10 1253.55704   100%  50.8 1635s
 2147706 599740 1317.95162   70  263 1.0000e+10 1253.55704   100%  50.9 1640s
 2154847 601787 1320.63233   86  250 1.0000e+10 1253.55704   100%  50.9 1645s
 2163031 604685 1269.87596   74  272 1.0000e+10 1253.55704   100%  51.0 1650s
 2170820 607463 1291.74170   78  272 1.0000e+10 1253.55704   100%  51.0 1655s
 2181097 610252 infeasible   85      1.0000e+10 1253.55704   100%  51.1 1661s
 2188591 612826 1290.09316   83  268 1.0000e+10 1253.55704   100%  51.2 1665s
 2196338 615235 1273.06230   64  271 1.0000e+10 1253.55704   100%  51.2 1670s
 2205872 618941 1253.79863   61  285 1.0000e+10 1253.55704   100%  51.3 1675s
 2212508 621287 1263.51531   68  264 1.0000e+10 1253.55704   100%  51.3 1680s
 2221553 624295 1259.12841   69  284 1.0000e+10 1253.55704   100%  51.4 1685s
 2228738 626641 1255.43885   62  275 1.0000e+10 1253.55704   100%  51.5 1690s
 2237835 629407 1259.60338   63  276 1.0000e+10 1253.55704   100%  51.5 1695s
 2244761 631733 1280.12332   78  267 1.0000e+10 1253.55704   100%  51.6 1700s
 2254504 634894 1283.92204   75  278 1.0000e+10 1253.55704   100%  51.6 1705s
 2264288 638668 1356.07510   80  255 1.0000e+10 1253.55704   100%  51.7 1710s
 2271750 640759 1253.55704   61  252 1.0000e+10 1253.55704   100%  51.7 1715s
 2279926 642399 1366.74081   99  254 1.0000e+10 1253.55704   100%  51.8 1720s
 2286679 645517 1277.56536   69  258 1.0000e+10 1253.55704   100%  51.8 1725s
 2292473 648675 1276.18108   73  281 1.0000e+10 1253.55704   100%  51.9 1730s
 2301447 650047 1282.05835   62  270 1.0000e+10 1253.55704   100%  51.9 1735s
 2310209 652832 1289.65037   81  271 1.0000e+10 1253.55704   100%  52.0 1740s
 2316980 655035 1297.34062   68  258 1.0000e+10 1253.55704   100%  52.1 1745s
 2326232 657152 1332.46023   82  275 1.0000e+10 1253.55704   100%  52.1 1750s
 2334872 660376 1253.55704   61  271 1.0000e+10 1253.55704   100%  52.2 1755s
 2344113 662995 1287.04431   73  265 1.0000e+10 1253.55704   100%  52.2 1760s
 2350318 664482 1294.01272   73  273 1.0000e+10 1253.55704   100%  52.3 1765s
 2359019 667719 1340.38931   81  272 1.0000e+10 1253.55704   100%  52.3 1770s
 2368118 670059 1340.27006   72  247 1.0000e+10 1253.55704   100%  52.4 1775s
 2375811 672581 infeasible   90      1.0000e+10 1253.55704   100%  52.5 1780s
 2383840 675588 1291.36903   75  241 1.0000e+10 1253.55704   100%  52.5 1785s
 2391740 677784 1285.81479   72  251 1.0000e+10 1253.55704   100%  52.6 1790s
 2397676 680595 infeasible   96      1.0000e+10 1253.55704   100%  52.6 1795s
 2410161 683260 1304.51322   77  251 1.0000e+10 1253.55704   100%  52.7 1800s
 2417726 685580 1265.06063   75  249 1.0000e+10 1253.55704   100%  52.7 1805s
 2425196 687536 1293.73687   73  266 1.0000e+10 1253.55704   100%  52.8 1810s
 2433878 690081 1253.55704   57  254 1.0000e+10 1253.55704   100%  52.8 1815s
 2441494 692830 1273.77661   76  283 1.0000e+10 1253.55704   100%  52.9 1820s
 2451813 695806 1324.02110   81  275 1.0000e+10 1253.55704   100%  52.9 1825s
 2460209 697852 1274.28685   76  260 1.0000e+10 1253.55704   100%  53.0 1830s
 2466136 700041 1280.45737   66  260 1.0000e+10 1253.55704   100%  53.0 1835s
 2476238 703273 1297.60601   69  273 1.0000e+10 1253.55704   100%  53.1 1840s
 2482902 704585 infeasible   68      1.0000e+10 1253.55704   100%  53.1 1845s
 2491466 707656 1287.48113   62  267 1.0000e+10 1253.55704   100%  53.2 1850s
 2501545 710728 1292.50276   68  252 1.0000e+10 1253.55704   100%  53.2 1855s
 2508902 713327 1262.44834   64  267 1.0000e+10 1253.55704   100%  53.3 1860s
 2516278 715380 infeasible   90      1.0000e+10 1253.55704   100%  53.3 1865s
 2523229 716862 1269.48989   72  259 1.0000e+10 1253.55704   100%  53.4 1870s
 2532264 719950 infeasible   84      1.0000e+10 1253.55704   100%  53.4 1875s
 2539155 721148 1253.55704   62  280 1.0000e+10 1253.55704   100%  53.5 1881s
 2546466 724139 1289.88506   84  278 1.0000e+10 1253.55704   100%  53.5 1885s
 2556574 726419 1275.85176   68  292 1.0000e+10 1253.55704   100%  53.5 1890s
 2563645 733282 1295.93303   62  265 1.0000e+10 1253.55704   100%  53.6 1897s
 2572630 731519 infeasible   84      1.0000e+10 1253.55704   100%  53.6 1900s
 2578608 734878 infeasible   89      1.0000e+10 1253.55704   100%  53.7 1905s
 2588250 735954 infeasible   74      1.0000e+10 1253.55704   100%  53.7 1910s
 2598047 739016 1273.09503   71  256 1.0000e+10 1253.55704   100%  53.8 1915s
 2604828 741244 infeasible   93      1.0000e+10 1253.55704   100%  53.8 1920s
 2613133 743579 1323.25129   90  256 1.0000e+10 1253.55704   100%  53.9 1925s
 2620864 745636 1343.17452   73  248 1.0000e+10 1253.55704   100%  53.9 1930s
 2630154 748015 1257.78030   63  271 1.0000e+10 1253.55704   100%  54.0 1935s
 2637404 750673 1324.18643   84  254 1.0000e+10 1253.55704   100%  54.0 1940s
 2646634 752739 1335.91780   81  250 1.0000e+10 1253.55704   100%  54.1 1945s
 2655959 756046 1308.86821   80  263 1.0000e+10 1253.55704   100%  54.1 1950s
 2662863 757907 1330.54020   72  253 1.0000e+10 1253.55704   100%  54.1 1955s
 2673068 760239 infeasible   86      1.0000e+10 1253.55704   100%  54.2 1960s
 2679188 762505 1253.86277   64  292 1.0000e+10 1253.55704   100%  54.2 1965s
 2687836 765354 1280.26480   72  288 1.0000e+10 1253.55704   100%  54.3 1970s
 2696227 767024 infeasible   87      1.0000e+10 1253.55704   100%  54.3 1975s
 2701964 770408 1342.03215   83  233 1.0000e+10 1253.55704   100%  54.4 1980s
 2713703 772006 1264.14963   70  276 1.0000e+10 1253.55704   100%  54.4 1985s
 2720231 774538 1305.72506   77  256 1.0000e+10 1253.55704   100%  54.5 1990s
 2728693 776474 1258.95443   72  251 1.0000e+10 1253.55704   100%  54.5 1995s
 2737302 779603 1303.88759   80  242 1.0000e+10 1253.55704   100%  54.5 2000s
 2745792 781312 1285.33566   74  266 1.0000e+10 1253.55704   100%  54.6 2005s
 2754916 783873 1280.94197   69  259 1.0000e+10 1253.55704   100%  54.6 2010s
 2761547 786020 infeasible   71      1.0000e+10 1253.55704   100%  54.7 2015s
 2772180 788467 1322.57746   71  227 1.0000e+10 1253.55704   100%  54.7 2021s
 2777211 790685 1397.41610   91  262 1.0000e+10 1253.55704   100%  54.7 2025s
 2786367 792994 infeasible   68      1.0000e+10 1253.55704   100%  54.8 2030s
 2795025 796065 1286.09819   75  284 1.0000e+10 1253.55704   100%  54.8 2035s
 2803943 797377 1316.35980   85  263 1.0000e+10 1253.55704   100%  54.9 2040s
 2809796 798796 1264.32235   69  275 1.0000e+10 1253.55704   100%  54.9 2046s
 2810051 799390 1265.89141   70  278 1.0000e+10 1253.55704   100%  54.9 3026s
 2817218 801631 1329.60858   72  254 1.0000e+10 1253.55704   100%  54.9 3030s
 2824982 802842 infeasible   71      1.0000e+10 1253.55704   100%  55.0 3035s
 2834743 806288 1296.24585   86  285 1.0000e+10 1253.55704   100%  55.0 3040s
 2841601 808614 1290.92008   73  267 1.0000e+10 1253.55704   100%  55.1 3045s
 2851668 811297 1271.78227   69  264 1.0000e+10 1253.55704   100%  55.1 3050s
 2859637 813168 1297.94259   84  264 1.0000e+10 1253.55704   100%  55.1 3055s
 2866258 815481 1285.22344   68  251 1.0000e+10 1253.55704   100%  55.2 3060s
 2873004 817029 1322.69112   85  265 1.0000e+10 1253.55704   100%  55.2 3065s
 2880989 819019 1306.84715   75  255 1.0000e+10 1253.55704   100%  55.2 3071s
 2883267 819494 1271.95486   73  252 1.0000e+10 1253.55704   100%  55.3 3867s
 2887768 821050 1334.22695   91  240 1.0000e+10 1253.55704   100%  55.3 3870s
 2895876 823619 1267.96915   67  245 1.0000e+10 1253.55704   100%  55.3 3875s
 2902231 824551 infeasible   95      1.0000e+10 1253.55704   100%  55.3 3880s
 2910976 827551 1267.37528   64  252 1.0000e+10 1253.55704   100%  55.4 3885s
 2920587 830292 1271.24989   67  291 1.0000e+10 1253.55704   100%  55.4 3890s
 2928602 831987 1380.70574   83  261 1.0000e+10 1253.55704   100%  55.5 3895s
 2939073 834825 1256.99943   68  282 1.0000e+10 1253.55704   100%  55.5 3900s
 2946763 836419 1266.44319   66  277 1.0000e+10 1253.55704   100%  55.6 3905s
 2954373 838798 1293.16285   83  277 1.0000e+10 1253.55704   100%  55.6 3910s
 2963917 841469 1284.52739   70  264 1.0000e+10 1253.55704   100%  55.6 3915s
 2971395 843751 infeasible   79      1.0000e+10 1253.55704   100%  55.7 3920s
 2980355 845906 1305.95791   67  289 1.0000e+10 1253.55704   100%  55.7 3925s
 2989878 847781 1256.87844   73  267 1.0000e+10 1253.55704   100%  55.8 3931s
 2995952 850085 infeasible   80      1.0000e+10 1253.55704   100%  55.8 3935s
 3006863 852800 1307.11335   77  243 1.0000e+10 1253.55704   100%  55.8 3940s
 3014482 854683 1256.84390   71  266 1.0000e+10 1253.55704   100%  55.9 3946s
 3022472 856688 1321.83541   80  255 1.0000e+10 1253.55704   100%  55.9 3950s
 3030575 859433 1270.58460   68  259 1.0000e+10 1253.55704   100%  55.9 3955s
 3039063 861898 1264.36351   70  260 1.0000e+10 1253.55704   100%  56.0 3960s
 3044858 862660 infeasible   80      1.0000e+10 1253.55704   100%  56.0 3965s
 3053649 865521 infeasible   84      1.0000e+10 1253.55704   100%  56.0 3970s
 3062310 867861 1325.61783   89  262 1.0000e+10 1253.55704   100%  56.1 3975s
 3070158 869260 infeasible   91      1.0000e+10 1253.55704   100%  56.1 3980s
 3078762 872207 1295.03689   77  275 1.0000e+10 1253.55704   100%  56.2 3985s
 3081498 872215 1291.68154   75  250 1.0000e+10 1253.55704   100%  56.2 4988s
 3081861 875322 1270.46688   76  279 1.0000e+10 1253.55704   100%  56.2 4991s
 3089734 875167 infeasible   86      1.0000e+10 1253.55704   100%  56.2 6029s
 3091395 875585 1285.13077   71  254 1.0000e+10 1253.55704   100%  56.2 6030s
 3100260 877062 1296.92308   64  253 1.0000e+10 1253.55704   100%  56.3 6982s
 3100589 877751 1287.40959   85  283 1.0000e+10 1253.55704   100%  56.3 6985s
 3106048 878549 1293.28555   74  258 1.0000e+10 1253.55704   100%  56.3 7884s

Cutting planes:
  Gomory: 2
  Clique: 7
  Zero half: 5

Explored 3106059 nodes (174966980 simplex iterations) in 7884.07 seconds (4531.56 work units)
Thread count was 8 (of 8 available processors)

Solution count 10: 1e+10 1e+10 1.99999e+10 ... 5e+10

Time limit reached
Best objective 1.000000135300e+10, best bound 1.254000000000e+03, gap 100.0000%
