
Gurobi 11.0.1 (mac64[arm]) logging started Fri Feb 14 13:32:35 2025

Set parameter LogFile to value "logs_new/salida_modelo_caminos_360_567_5.log"
Set parameter TimeLimit to value 7200
Gurobi Optimizer version 11.0.1 build v11.0.1rc0 (mac64[arm] - Darwin 24.3.0 24D60)

CPU model: Apple M2
Thread count: 8 physical cores, 8 logical processors, using up to 8 threads

Optimize a model with 613 rows, 1988 columns and 8528 nonzeros
Coefficient statistics:
  Matrix range     [1e+00, 1e+00]
  Objective range  [2e+00, 1e+10]
  Bounds range     [0e+00, 0e+00]
  RHS range        [1e+00, 2e+02]
Warning: Model contains large objective coefficients
         Consider reformulating model or setting NumericFocus parameter
         to avoid numerical issues.

Solved in 0 iterations and 0.00 seconds (0.00 work units)
Optimal objective  1.392000000e+03
Gurobi Optimizer version 11.0.1 build v11.0.1rc0 (mac64[arm] - Darwin 24.3.0 24D60)

CPU model: Apple M2
Thread count: 8 physical cores, 8 logical processors, using up to 8 threads

Optimize a model with 613 rows, 1988 columns and 8528 nonzeros
Model fingerprint: 0x7a39008a
Variable types: 0 continuous, 1988 integer (1988 binary)
Coefficient statistics:
  Matrix range     [1e+00, 1e+00]
  Objective range  [2e+00, 1e+10]
  Bounds range     [0e+00, 0e+00]
  RHS range        [1e+00, 2e+02]
Warning: Model contains large objective coefficients
         Consider reformulating model or setting NumericFocus parameter
         to avoid numerical issues.
Found heuristic solution: objective 3.600000e+12
Presolve removed 250 rows and 0 columns
Presolve time: 0.01s
Presolved: 363 rows, 1988 columns, 8162 nonzeros
Variable types: 0 continuous, 1988 integer (1988 binary)
Found heuristic solution: objective 3.530000e+12

Root relaxation: objective 1.392000e+03, 2119 iterations, 0.08 seconds (0.15 work units)

    Nodes    |    Current Node    |     Objective Bounds      |     Work
 Expl Unexpl |  Obj  Depth IntInf | Incumbent    BestBd   Gap | It/Node Time

     0     0 1392.00000    0  313 3.5300e+12 1392.00000   100%     -    0s
H    0     0                    5.400000e+11 1392.00000   100%     -    0s
H    0     0                    4.500000e+11 1392.00000   100%     -    0s
H    0     0                    3.300000e+11 1392.00000   100%     -    0s
H    0     0                    3.200000e+11 1392.00000   100%     -    0s
H    0     0                    2.400000e+11 1392.00000   100%     -    0s
     0     0 1393.49226    0  329 2.4000e+11 1393.49226   100%     -    0s
     0     0 1393.85544    0  335 2.4000e+11 1393.85544   100%     -    0s
H    0     0                    2.200000e+11 1393.85544   100%     -    0s
     0     0 1393.85894    0  339 2.2000e+11 1393.85894   100%     -    0s
     0     0 1394.02631    0  349 2.2000e+11 1394.02631   100%     -    0s
     0     0 1394.04654    0  346 2.2000e+11 1394.04654   100%     -    0s
     0     0 1394.04887    0  348 2.2000e+11 1394.04887   100%     -    0s
H    0     0                    1.800000e+11 1394.10762   100%     -    0s
     0     0 1394.10762    0  351 1.8000e+11 1394.10762   100%     -    0s
H    0     0                    1.600000e+11 1394.10762   100%     -    0s
     0     0 1394.11147    0  352 1.6000e+11 1394.11147   100%     -    0s
     0     0 1394.11157    0  349 1.6000e+11 1394.11157   100%     -    0s
     0     0 1394.13485    0  350 1.6000e+11 1394.13485   100%     -    0s
     0     0 1394.15474    0  350 1.6000e+11 1394.15474   100%     -    0s
     0     2 1394.15512    0  349 1.6000e+11 1394.15512   100%     -    0s
H   31    40                    1.500000e+11 1395.67239   100%   121    0s
H   32    40                    1.300000e+11 1395.67239   100%   119    0s
H   67    75                    1.200000e+11 1395.89630   100%   113    0s
H   70    75                    1.200000e+11 1395.89630   100%   110    0s
H  101   110                    1.200000e+11 1397.17325   100%   111    1s
H  103   110                    1.100000e+11 1397.17325   100%   111    1s
H  134   143                    1.100000e+11 1397.17325   100%   108    1s
H  135   143                    1.100000e+11 1397.17325   100%   108    1s
H  466   473                    1.100000e+11 1397.17325   100%   115    3s
  1573  1630 6.7227e+10  125  229 1.1000e+11 1397.17325   100%   104    5s
  2403  2332 7.6468e+10  139  358 1.1000e+11 1397.17700   100%  98.7   10s
H 2516  2297                    9.000000e+10 1397.43086   100%   101   10s
H 2547  2212                    9.000000e+10 1397.43086   100%   101   10s
H 2589  2132                    9.000000e+10 1397.43086   100%   101   13s
  3547  2724 6.5021e+10   88  284 9.0000e+10 1397.43086   100%   100   15s
H 3949  2818                    8.999998e+10 1398.22422   100%   100   16s
  5615  3768 1.7031e+10   65  268 9.0000e+10 1400.14416   100%   100   20s
H 5626  3571                    8.000000e+10 1400.14416   100%   100   23s
  6447  4161 1430.89405   33  332 8.0000e+10 1400.64071   100%   101   25s
  7800  5048 8.8421e+09   50  281 8.0000e+10 1400.66203   100%   100   31s
 10847  8052 3.8529e+09   50  281 8.0000e+10 1402.40965   100%  93.8   35s
 14985 12264 1454.75473   32  313 8.0000e+10 1404.00435   100%  90.0   40s
 19066 14636 1444.34473   31  336 8.0000e+10 1404.92102   100%  88.7   45s
 19506 15871 4.5345e+09   56  299 8.0000e+10 1404.95289   100%  88.6   50s
 22682 18558 5.5087e+10   76  273 8.0000e+10 1405.80925   100%  89.2   55s
 29026 23239 1444.43400   35  322 8.0000e+10 1406.92706   100%  89.1   63s
 29656 23803 1.7343e+10   56  350 8.0000e+10 1406.92706   100%  88.9   73s
 29663 23808 1.7852e+10   64  359 8.0000e+10 1406.92706   100%  88.9   75s
 29672 23814 1.3551e+10   74  373 8.0000e+10 1406.92706   100%  88.8   80s
H29674 22623                    7.000000e+10 1406.92706   100%  88.8   82s
H29675 21493                    6.000000e+10 1406.92706   100%  88.8   82s
 29681 21497 5.8165e+10  108  377 6.0000e+10 1406.92706   100%  88.8   85s
H29688 20425                    5.000000e+10 1406.92706   100%  88.8   90s
 29698 20432 1436.94580   29  365 5.0000e+10 1406.92706   100%  88.8   95s
 29708 20439 5.0000e+10   97  384 5.0000e+10 1406.92706   100%  88.7  100s
 29717 20445 5.0000e+10  121  387 5.0000e+10 1406.92706   100%  88.7  105s
 29890 20579 1428.96899   45  314 5.0000e+10 1406.92706   100%  89.0  110s
 31168 21320 1418.12725   47  300 5.0000e+10 1406.92706   100%  89.7  115s
 32555 22091 1.1667e+10   72  278 5.0000e+10 1406.92706   100%  90.3  120s
 34352 23155 1471.66911   53  311 5.0000e+10 1406.92706   100%  91.2  125s
 35382 23538 3.1657e+10   85  250 5.0000e+10 1406.92706   100%  91.7  130s
 37227 24883 2.5983e+10   97  269 5.0000e+10 1406.92706   100%  92.3  135s
 38568 25534 1.0652e+10   67  272 5.0000e+10 1406.92706   100%  92.8  140s
 39290 25789 1412.12306   44  336 5.0000e+10 1406.92706   100%  93.0  145s
 41419 27287 3.2762e+10   73  268 5.0000e+10 1406.92706   100%  93.9  150s
 42481 27287 1476.77775   57  313 5.0000e+10 1406.92706   100%  94.1  156s
H43225 26713                    5.000000e+10 1406.92706   100%  94.3  159s
H43314 25711                    5.000000e+10 1406.92706   100%  94.3  159s
 43315 26088 3.4724e+10   94  253 5.0000e+10 1406.92706   100%  94.3  161s
 45730 27471 1430.86228   37  309 5.0000e+10 1406.92706   100%  94.8  165s
H46123 26416                    4.999999e+10 1406.92706   100%  94.6  165s
 47688 27554 3.6880e+10   96  284 5.0000e+10 1406.92706   100%  94.6  172s
 50182 29627 2.7564e+10   92  258 5.0000e+10 1406.92706   100%  94.8  176s
H53944 30338                    4.999999e+10 1407.31714   100%  94.6  179s
 54886 31158 1547.11862   65  278 5.0000e+10 1407.48662   100%  94.5  181s
 58748 32902 1512.81552   48  298 5.0000e+10 1407.88971   100%  94.5  185s
H61250 32781                    4.999999e+10 1407.88971   100%  94.1  189s
 61723 33950 4.8522e+10   76  274 5.0000e+10 1408.24323   100%  94.2  191s
 66380 35884 4.0043e+10  117  273 5.0000e+10 1408.66111   100%  93.9  195s
 72011 38023 2.3846e+10   89  269 5.0000e+10 1409.29714   100%  93.5  200s
 77545 41693 1453.41477   53  306 5.0000e+10 1409.63344   100%  93.1  205s
 80262 43875 1419.53669   38  320 5.0000e+10 1409.92335   100%  92.9  210s
 85869 48776 1435.52150   45  313 5.0000e+10 1410.37598   100%  92.0  215s
 89978 53493 6.9149e+09   72  299 5.0000e+10 1410.65394   100%  91.1  220s
 99662 60237 2.5019e+10  105  281 5.0000e+10 1411.10058   100%  89.5  225s
 103192 63584 2.4044e+10   97  298 5.0000e+10 1411.35261   100%  89.3  230s
 107112 66763 1484.38988   54  309 5.0000e+10 1411.47549   100%  88.7  235s
 116043 74691 1534.81612   63  295 5.0000e+10 1411.92304   100%  87.6  240s
 120054 77936 8.8132e+09   84  281 5.0000e+10 1412.07201   100%  87.3  245s
 127341 84484 3.1929e+10  107  280 5.0000e+10 1412.41912   100%  86.8  250s
 132889 89224 1475.79267   52  305 5.0000e+10 1412.65249   100%  86.2  255s
 141626 96250 1452.62298   53  316 5.0000e+10 1412.96969   100%  85.7  260s
 148314 101786 1478.73118   47  276 5.0000e+10 1413.23163   100%  85.0  265s
 155297 108110 1546.87785   66  301 5.0000e+10 1413.44136   100%  84.6  270s
 162225 113912 1476.03942   56  324 5.0000e+10 1413.71496   100%  83.9  275s
 170031 120181 1545.16152   60  299 5.0000e+10 1413.93200   100%  83.3  280s
 170936 120709 4.4226e+10  105  293 5.0000e+10 1413.96181   100%  83.2  286s
 176334 126093 1458.50646   54  334 5.0000e+10 1414.13080   100%  82.7  290s
 183732 132393 1438.82744   47  311 5.0000e+10 1414.36919   100%  82.1  295s
 193206 140408 1514.16472   60  280 5.0000e+10 1414.61268   100%  81.4  300s
 200478 146784 4.8121e+10  107  285 5.0000e+10 1414.75558   100%  80.9  305s
 207819 152918 1499.88287   67  305 5.0000e+10 1414.92331   100%  80.4  310s
 216232 160173 1.2460e+10  101  299 5.0000e+10 1415.09433   100%  80.0  315s
 222429 165494 2.4177e+10   70  256 5.0000e+10 1415.22439   100%  79.7  320s
 229316 171582 1.8361e+09   73  320 5.0000e+10 1415.35494   100%  79.3  325s
 233692 175311 1.2728e+10   93  280 5.0000e+10 1415.43381   100%  79.1  330s
 242544 182371 1426.73335   51  323 5.0000e+10 1415.64594   100%  78.8  335s
 247319 186741 3.3267e+10  104  287 5.0000e+10 1415.74156   100%  78.5  340s
 254854 193622 1.6348e+10   68  295 5.0000e+10 1415.89673   100%  78.2  345s
 259484 197013 2.5770e+10   96  299 5.0000e+10 1415.99668   100%  78.2  350s
 265004 200912 1.9620e+10   95  285 5.0000e+10 1416.14803   100%  78.1  355s
 269858 206460 1454.26619   47  308 5.0000e+10 1416.25540   100%  77.9  360s
 278706 213390 2.0447e+10   85  274 5.0000e+10 1416.39744   100%  77.5  365s
 283810 217613 9.9170e+08   60  305 5.0000e+10 1416.51099   100%  77.2  370s
 289435 222888 3.0264e+10   98  283 5.0000e+10 1416.59361   100%  77.1  375s
 298765 229775 1433.61706   43  325 5.0000e+10 1416.77326   100%  76.7  380s
 304551 234686 1491.15856   53  295 5.0000e+10 1416.85985   100%  76.7  385s
 310347 240126 1.5000e+10   56  285 5.0000e+10 1416.97112   100%  76.5  390s
 318387 246288 4.6852e+10  172  300 5.0000e+10 1417.10502   100%  76.2  396s
 322262 249615 1.1558e+10   74  302 5.0000e+10 1417.17034   100%  76.1  400s
 328423 255685 2.3384e+10  110  291 5.0000e+10 1417.23817   100%  75.8  405s
 336345 261494     cutoff  112      5.0000e+10 1417.36128   100%  75.6  410s
 344312 269717 1429.18052   42  318 5.0000e+10 1417.52859   100%  75.3  415s
 350156 274205 3.9995e+10  107  290 5.0000e+10 1417.59947   100%  75.2  420s
 358951 282121     cutoff   98      5.0000e+10 1417.72621   100%  74.9  425s
 361398 282911 3.7584e+10   61  295 5.0000e+10 1417.75205   100%  74.9  430s
 369700 290754 1.9836e+09   66  274 5.0000e+10 1417.88357   100%  74.8  435s
 378198 298090 6.8591e+09   89  319 5.0000e+10 1418.01286   100%  74.5  440s
 383955 303011 1.0000e+10   73  290 5.0000e+10 1418.08891   100%  74.4  445s
 391326 308854 3.4303e+10  116  303 5.0000e+10 1418.16975   100%  74.2  450s
 399525 316283 1423.60436   42  327 5.0000e+10 1418.26718   100%  74.0  455s
 405507 320756 1440.40627   48  305 5.0000e+10 1418.35042   100%  73.8  460s
 410664 325929 3.9683e+10  102  258 5.0000e+10 1418.42708   100%  73.6  465s
 414564 328359 1481.53250   62  309 5.0000e+10 1418.47373   100%  73.6  470s
 423622 336608 2.4562e+09   67  310 5.0000e+10 1418.59492   100%  73.5  475s
 424449 336682 8.7958e+09   59  318 5.0000e+10 1418.59810   100%  73.5  480s
 433303 345272 1433.15858   52  306 5.0000e+10 1418.70665   100%  73.4  486s
 440527 350704 8.8157e+08   68  278 5.0000e+10 1418.78490   100%  73.3  490s
 448317 358035 3.6350e+10   80  277 5.0000e+10 1418.87643   100%  73.2  495s
 454392 362735 1457.61973   50  322 5.0000e+10 1418.95419   100%  73.1  500s
 464579 371254 7.3875e+09   85  292 5.0000e+10 1419.05464   100%  73.0  505s
 471966 377690 1.0000e+10   85  277 5.0000e+10 1419.14010   100%  72.9  510s
 478344 382310 2.9563e+10  108  258 5.0000e+10 1419.21298   100%  72.8  515s
 478415 389039 3.1275e+10  107  268 5.0000e+10 1419.21504   100%  72.8  520s
 491493 394256 1504.97332   53  299 5.0000e+10 1419.34206   100%  72.7  525s
 497746 399204 1499.39002   55  309 5.0000e+10 1419.39101   100%  72.7  530s
 503846 404649 1442.63257   43  322 5.0000e+10 1419.47404   100%  72.7  535s
 508446 409179 1486.20518   56  321 5.0000e+10 1419.52185   100%  72.6  540s
 518051 416265 5.4896e+09   72  309 5.0000e+10 1419.60949   100%  72.5  546s
 525478 422327 2.3681e+09   68  291 5.0000e+10 1419.71902   100%  72.4  550s
 531701 427779 2.9515e+10   92  291 5.0000e+10 1419.78343   100%  72.4  556s
 537731 433674 1532.31571   60  314 5.0000e+10 1419.84898   100%  72.3  560s
 538969 433682 1500.86142   64  318 5.0000e+10 1419.86111   100%  72.3  565s
 542772 437772 1.6600e+10   80  284 5.0000e+10 1419.89625   100%  72.4  570s
 552597 445985 2.1711e+10   78  293 5.0000e+10 1420.00875   100%  72.3  575s
 561428 453257 3.5310e+10  116  255 5.0000e+10 1420.09347   100%  72.2  580s
 566259 456333 1.2957e+09   77  313 5.0000e+10 1420.12992   100%  72.3  585s
 574090 463242 1497.17097   60  301 5.0000e+10 1420.21980   100%  72.2  591s
 581051 469718 2.1857e+10   75  276 5.0000e+10 1420.27863   100%  72.1  595s
 583522 471195 1.9267e+10   68  270 5.0000e+10 1420.30137   100%  72.1  600s
 592604 478987 2.6381e+10   79  290 5.0000e+10 1420.38175   100%  72.0  606s
 598524 484204 1434.50968   46  324 5.0000e+10 1420.43692   100%  72.0  610s
 607668 491563 1.8088e+10  114  303 5.0000e+10 1420.52147   100%  71.9  616s
 610604 493869 1450.69994   52  327 5.0000e+10 1420.54524   100%  71.9  621s
 613870 497503 8.4735e+09   77  279 5.0000e+10 1420.57219   100%  71.9  625s
 622829 505222 1.7693e+10   95  299 5.0000e+10 1420.63928   100%  71.8  630s
 626409 508392 1.3383e+10   75  294 5.0000e+10 1420.66570   100%  71.8  635s
 635537 515674 1495.70568   56  292 5.0000e+10 1420.74668   100%  71.8  640s
 644483 523460 9.7145e+08   61  265 5.0000e+10 1420.82764   100%  71.8  645s
 650052 528500 2.0296e+10   84  291 5.0000e+10 1420.87404   100%  71.8  650s
 659295 536042     cutoff   87      5.0000e+10 1420.94444   100%  71.7  655s
 665468 541180 7.3869e+09   74  295 5.0000e+10 1420.98789   100%  71.7  660s
 669961 544599 1439.35610   47  312 5.0000e+10 1421.02967   100%  71.7  666s
 676510 550762 1543.79918   61  299 5.0000e+10 1421.08068   100%  71.6  670s
 683443 556711 5.2042e+09   80  294 5.0000e+10 1421.16143   100%  71.6  675s
 687486 560886 1.4338e+10   71  291 5.0000e+10 1421.19023   100%  71.6  680s
 695755 566475 7.0335e+09   80  296 5.0000e+10 1421.24961   100%  71.6  687s
 698250 569089 1532.05648   58  306 5.0000e+10 1421.26385   100%  71.6  690s
 706347 576060 1.0756e+10   78  300 5.0000e+10 1421.32133   100%  71.6  695s
 712519 581146 1477.72588   60  309 5.0000e+10 1421.36901   100%  71.5  700s
 716817 588120 1475.54281   51  296 5.0000e+10 1421.40746   100%  71.5  708s
 721868 588509 1.5949e+09   57  283 5.0000e+10 1421.45038   100%  71.6  710s
 728051 593532 1422.47909   49  336 5.0000e+10 1421.49732   100%  71.6  715s
 735022 600221 1.0000e+10   77  295 5.0000e+10 1421.54412   100%  71.6  720s
 737784 601562 3.3833e+10  116  271 5.0000e+10 1421.56380   100%  71.6  726s
 741792 605826 9.8919e+09   87  298 5.0000e+10 1421.58882   100%  71.6  730s
 748749 612036 1.7614e+09   59  299 5.0000e+10 1421.64513   100%  71.6  735s
 754179 616596 1.3165e+08   58  294 5.0000e+10 1421.67886   100%  71.6  740s
 760849 622224 3.3774e+10   96  289 5.0000e+10 1421.72036   100%  71.6  745s
 769592 629058 1434.21368   51  306 5.0000e+10 1421.77570   100%  71.6  750s
 774690 633440 3.1031e+10   78  240 5.0000e+10 1421.80887   100%  71.6  755s
 783971 640682 1.4237e+09   56  298 5.0000e+10 1421.88661   100%  71.6  761s
 787701 644400 1431.43090   44  309 5.0000e+10 1421.90899   100%  71.6  765s
 793439 649118 3.0613e+10   60  294 5.0000e+10 1421.93829   100%  71.6  770s
 802394 656838 1.7676e+10   89  273 5.0000e+10 1422.01654   100%  71.6  775s
 804659 657758 4.1614e+10   98  263 5.0000e+10 1422.02696   100%  71.6  780s
 804667 664653     cutoff   96      5.0000e+10 1422.02796   100%  71.6  785s
 818840 670844 3.4149e+09   68  287 5.0000e+10 1422.12197   100%  71.5  790s
 825382 676360 3.1244e+10   99  262 5.0000e+10 1422.18299   100%  71.5  795s
 834640 683817 1.7584e+10   76  301 5.0000e+10 1422.24455   100%  71.5  801s
 841877 690420 1513.87005   63  306 5.0000e+10 1422.28924   100%  71.4  805s
 847244 694809 4.8286e+10   99  262 5.0000e+10 1422.32809   100%  71.4  810s
 856513 702625 1437.56587   46  317 5.0000e+10 1422.37999   100%  71.4  815s
 860386 705276     cutoff   93      5.0000e+10 1422.40340   100%  71.4  821s
 867103 711633 2.5432e+10   88  293 5.0000e+10 1422.44343   100%  71.3  825s
 873764 716441 1.0000e+10   59  283 5.0000e+10 1422.48507   100%  71.3  830s
 881165 723446 3.6228e+10  108  278 5.0000e+10 1422.52924   100%  71.3  835s
 887524 728000 1.2487e+10   88  298 5.0000e+10 1422.56006   100%  71.3  844s
 888518 729763 1505.39040   64  313 5.0000e+10 1422.56922   100%  71.3  845s
 897946 737699 2.4123e+10   92  286 5.0000e+10 1422.62026   100%  71.2  850s
 907122 745427     cutoff  113      5.0000e+10 1422.67654   100%  71.2  855s
 912027 749374 3.6856e+10  124  293 5.0000e+10 1422.71023   100%  71.2  861s
 919461 756010 3.2287e+09   86  311 5.0000e+10 1422.75828   100%  71.2  865s
 926670 761233 1471.08390   63  316 5.0000e+10 1422.79766   100%  71.2  872s
 931161 765727 1427.50360   55  312 5.0000e+10 1422.83210   100%  71.2  875s
 934734 769011 2.8220e+10  109  281 5.0000e+10 1422.85771   100%  71.2  880s
 942126 774568 1433.76580   42  324 5.0000e+10 1422.89885   100%  71.2  885s
 949390 780753 6.3146e+08   65  288 5.0000e+10 1422.93280   100%  71.2  890s
 955752 786599 3.3530e+10   91  296 5.0000e+10 1422.97044   100%  71.2  895s
 960680 790371 1522.97802   65  314 5.0000e+10 1423.00639   100%  71.2  900s
 966606 796141 3.4752e+10   90  273 5.0000e+10 1423.04803   100%  71.2  905s
 973759 801196 1.7868e+09   65  294 5.0000e+10 1423.08787   100%  71.1  911s
 978694 806329 1494.68008   51  296 5.0000e+10 1423.11834   100%  71.1  915s
 988606 814652 3.6067e+10   93  264 5.0000e+10 1423.17037   100%  71.1  920s
 995891 820624     cutoff  103      5.0000e+10 1423.20125   100%  71.1  925s
 1003371 827346 2.6096e+10   90  280 5.0000e+10 1423.23968   100%  71.1  930s
 1010648 833534 1466.18800   49  302 5.0000e+10 1423.28255   100%  71.0  935s
 1017580 839152 1.4184e+10   78  272 5.0000e+10 1423.31529   100%  71.0  940s
 1023472 844442 3.4922e+09   81  272 5.0000e+10 1423.35110   100%  71.0  945s
H1026858 765136                    4.000000e+10 1423.37005   100%  71.0  949s
 1028648 767044 1431.60905   45  322 4.0000e+10 1423.38676   100%  71.0  950s
 1029641 767743 1471.19481   55  313 4.0000e+10 1423.39081   100%  71.0 1453s
 1031078 769258 1444.00960   45  314 4.0000e+10 1423.40233   100%  71.0 1455s
 1038207 775246 1544.22047   65  297 4.0000e+10 1423.44140   100%  71.0 1460s
 1045269 781351 1441.13257   55  314 4.0000e+10 1423.48758   100%  71.0 1465s
 1046784 781471     cutoff  104      4.0000e+10 1423.49574   100%  71.0 1470s
 1049738 784966 1492.22972   62  280 4.0000e+10 1423.52265   100%  71.0 1475s
 1058958 792546 1.7400e+10   81  285 4.0000e+10 1423.58005   100%  71.0 1480s
 1066131 798310 1431.32191   42  312 4.0000e+10 1423.61369   100%  71.1 1485s
 1074744 805828 2.6723e+09   70  305 4.0000e+10 1423.65771   100%  71.1 1490s
 1081712 811388 1457.64643   52  311 4.0000e+10 1423.70362   100%  71.1 1495s
 1088914 816661 1.4311e+10   82  273 4.0000e+10 1423.74076   100%  71.1 1500s
 1097138 824518 1.1890e+10   78  295 4.0000e+10 1423.78069   100%  71.1 1505s
 1104855 830448 3.5476e+10   77  254 4.0000e+10 1423.83451   100%  71.1 1510s
 1112429 837158     cutoff  101      4.0000e+10 1423.87952   100%  71.1 1515s
 1119810 843227 2.0910e+08   72  319 4.0000e+10 1423.93460   100%  71.2 1520s
H1124240 845954                    4.000000e+10 1423.96033   100%  71.2 1523s
 1126465 848545 1431.29316   47  332 4.0000e+10 1423.98043   100%  71.2 1525s
H1132268 852813                    3.999999e+10 1424.01176   100%  71.2 1529s
 1132467 852861 1495.20819   56  317 4.0000e+10 1424.01176   100%  71.2 1532s
H1132472 724690                    3.000000e+10 1424.01176   100%  71.2 1532s
 1134083 727935 1431.47996   48  321 3.0000e+10 1424.02507   100%  71.2 1535s
 1142746 733715 1.7211e+10   70  291 3.0000e+10 1424.07228   100%  71.2 1540s
 1148508 738776 1486.66260   55  301 3.0000e+10 1424.10839   100%  71.2 1545s
 1157492 745987 1499.51759   59  273 3.0000e+10 1424.18649   100%  71.2 1550s
 1166170 752518 2.5445e+10   91  256 3.0000e+10 1424.23211   100%  71.2 1555s
 1173020 758824 1549.55588   60  282 3.0000e+10 1424.27205   100%  71.2 1560s
 1178291 762954     cutoff   72      3.0000e+10 1424.30865   100%  71.2 1565s
 1186037 769588 4.9212e+09   71  306 3.0000e+10 1424.36224   100%  71.2 1570s
 1193703 775242 1.2956e+10   88  299 3.0000e+10 1424.40445   100%  71.3 1576s
 1198427 779732 1476.35080   64  334 3.0000e+10 1424.43030   100%  71.3 1580s
 1207163 786021 1475.75567   49  294 3.0000e+10 1424.48066   100%  71.3 1588s
 1209690 788245 1579.80796   59  303 3.0000e+10 1424.50537   100%  71.3 1591s
 1216111 793163 2.1107e+10   78  290 3.0000e+10 1424.53868   100%  71.3 1598s
 1217752 795037 1426.46634   47  323 3.0000e+10 1424.54887   100%  71.3 1600s
 1223240 799921 1444.26541   50  326 3.0000e+10 1424.57135   100%  71.4 1605s
 1229527 804007 1434.35795   42  320 3.0000e+10 1424.60475   100%  71.4 1611s
 1234458 808973 2.3553e+10   69  286 3.0000e+10 1424.63138   100%  71.4 1615s
 1241328 814740 1.0476e+09   70  286 3.0000e+10 1424.67770   100%  71.4 1620s
 1247295 819613 2.0449e+10   87  289 3.0000e+10 1424.70973   100%  71.4 1625s
 1255712 826606 3.7052e+09   65  280 3.0000e+10 1424.76085   100%  71.4 1630s
 1263310 831858 2.6132e+10   72  286 3.0000e+10 1424.78344   100%  71.4 1635s
 1269049 838033 1433.99939   43  324 3.0000e+10 1424.82780   100%  71.5 1641s
 1275687 843067 1450.79885   47  311 3.0000e+10 1424.86876   100%  71.5 1645s
 1282275 847729 4.1369e+08   59  274 3.0000e+10 1424.89754   100%  71.5 1652s
 1287322 852493 2.2942e+10   82  287 3.0000e+10 1424.92712   100%  71.5 1655s
 1290971 855312 1437.18067   50  322 3.0000e+10 1424.94233   100%  71.5 1660s
 1297385 860965 2.4772e+10  101  268 3.0000e+10 1424.96600   100%  71.5 1665s
H1305079 864891                    2.999999e+10 1425.00434   100%  71.6 1670s
 1311284 869885 1.0544e+10   74  277 3.0000e+10 1425.03626   100%  71.6 1678s
 1311795 870698 1534.41287   55  258 3.0000e+10 1425.03804   100%  71.6 1680s
 1318765 876601 8.6844e+09   68  298 3.0000e+10 1425.07647   100%  71.6 1685s
 1325997 882748 1462.45627   54  310 3.0000e+10 1425.11142   100%  71.6 1690s
 1331362 887566 1468.02350   58  306 3.0000e+10 1425.15123   100%  71.6 1695s
 1340232 894545 1.2077e+10   78  289 3.0000e+10 1425.20482   100%  71.6 1700s
 1347270 900047 1.8162e+09   65  292 3.0000e+10 1425.23712   100%  71.6 1705s
 1354382 906302 1436.05297   43  327 3.0000e+10 1425.28584   100%  71.6 1710s
 1359525 910035 1460.09801   51  318 3.0000e+10 1425.30720   100%  71.6 1715s
 1368962 917886 1522.26890   65  302 3.0000e+10 1425.36073   100%  71.6 1720s
 1376280 923810 1.5527e+10   94  286 3.0000e+10 1425.39504   100%  71.6 1725s
 1382999 928362 1494.27345   56  319 3.0000e+10 1425.42865   100%  71.6 1732s
 1388282 933714 1550.42928   81  313 3.0000e+10 1425.45813   100%  71.6 1735s
 1396483 939853 1459.04537   52  299 3.0000e+10 1425.49594   100%  71.6 1740s
H1396689 939853                    2.999999e+10 1425.49594   100%  71.6 1740s
 1400485 944002 1461.03191   47  329 3.0000e+10 1425.52041   100%  71.6 1745s
 1407486 948487 7.4873e+09   73  300 3.0000e+10 1425.55351   100%  71.7 1750s
H1407616 948486                    2.999998e+10 1425.55351   100%  71.7 1750s
 1413350 953702 1474.03933   57  283 3.0000e+10 1425.58218   100%  71.6 1755s
 1419991 959478 1545.94416   63  314 3.0000e+10 1425.61957   100%  71.6 1760s
 1426679 964833 4.5903e+09   55  295 3.0000e+10 1425.65442   100%  71.6 1766s
 1428945 966979 1446.79682   49  315 3.0000e+10 1425.66488   100%  71.6 1770s
 1437511 973660 1516.74627   59  280 3.0000e+10 1425.71031   100%  71.7 1775s
 1445032 980299 1514.37604   58  304 3.0000e+10 1425.74789   100%  71.7 1780s
 1451727 984526 1.0450e+10   81  282 3.0000e+10 1425.78185   100%  71.7 1787s
 1455305 988517 8.7162e+08   68  317 3.0000e+10 1425.80106   100%  71.6 1790s
 1459755 997610 2.0055e+10   86  251 3.0000e+10 1425.82144   100%  71.6 1798s
 1470153 1000422 7.2042e+08   75  309 3.0000e+10 1425.87615   100%  71.6 1800s
 1477656 1006152 2.3459e+10  123  268 3.0000e+10 1425.90249   100%  71.6 1805s
 1483388 1010641     cutoff   61      3.0000e+10 1425.93606   100%  71.7 1812s
 1485838 1013680 1605.76829   68  283 3.0000e+10 1425.94909   100%  71.7 1815s
 1492543 1019109 5.6725e+09   80  277 3.0000e+10 1425.97423   100%  71.7 1820s
 1499918 1024939 1.3161e+10   70  272 3.0000e+10 1426.01139   100%  71.7 1825s
 1505007 1029028 8.8128e+09   72  278 3.0000e+10 1426.02810   100%  71.7 1831s
 1511359 1034580 1500.28414   70  312 3.0000e+10 1426.05721   100%  71.7 1835s
 1518716 1040680 1432.26814   50  333 3.0000e+10 1426.09591   100%  71.7 1840s
 1521453 1041802 1.0608e+10   56  275 3.0000e+10 1426.10822   100%  71.7 1845s
 1529928 1049614 1443.19336   48  318 3.0000e+10 1426.15107   100%  71.7 1850s
 1537570 1055120 1535.18442   60  297 3.0000e+10 1426.18460   100%  71.7 1856s
 1541257 1058741 1530.60607   61  289 3.0000e+10 1426.19606   100%  71.7 1860s
 1547166 1063659 1436.35767   43  323 3.0000e+10 1426.22238   100%  71.7 1865s
 1552364 1066797     cutoff   74      3.0000e+10 1426.23955   100%  71.7 1873s
 1553027 1068704 1434.48516   48  315 3.0000e+10 1426.24816   100%  71.7 1875s
 1560428 1073759 1550.20363   71  299 3.0000e+10 1426.27936   100%  71.7 1881s
 1564993 1078154 2.1285e+10   90  283 3.0000e+10 1426.29862   100%  71.7 1885s
 1570717 1082339 1460.15421   51  301 3.0000e+10 1426.32369   100%  71.8 1890s
 1577554 1088005 3.6354e+09   60  294 3.0000e+10 1426.34837   100%  71.8 1895s
 1583934 1093498 1438.79188   48  305 3.0000e+10 1426.37445   100%  71.8 1900s
 1590705 1098657 1.5256e+10   84  291 3.0000e+10 1426.39719   100%  71.8 1905s
 1596309 1102359 2.7854e+09   60  300 3.0000e+10 1426.42584   100%  71.8 1910s
 1602940 1108691 1518.82465   60  301 3.0000e+10 1426.45853   100%  71.8 1915s
 1608982 1117755 1.9606e+10   61  281 3.0000e+10 1426.48343   100%  71.8 1923s
 1615994 1119131 1548.05765   69  297 3.0000e+10 1426.51889   100%  71.8 1925s
 1620942 1123267 1431.85196   44  307 3.0000e+10 1426.53881   100%  71.8 1930s
 1630012 1129673     cutoff  109      3.0000e+10 1426.57920   100%  71.8 1936s
 1634742 1134329 5.7949e+09   80  306 3.0000e+10 1426.59911   100%  71.8 1940s
 1640108 1138876 2.7424e+09   69  305 3.0000e+10 1426.61714   100%  71.8 1945s
 1645884 1142453 1434.56907   43  302 3.0000e+10 1426.64523   100%  71.8 1954s
H1645889 1142453                    2.999998e+10 1426.64523   100%  71.8 1954s
 1645892 1142546 1437.91113   44  307 3.0000e+10 1426.64523   100%  71.8 1957s
 1650586 1147534 2.0002e+09   74  300 3.0000e+10 1426.66694   100%  71.8 1960s
 1656979 1151750 2.0885e+10   78  273 3.0000e+10 1426.69736   100%  71.8 1965s
 1662879 1157448 1546.05803   57  313 3.0000e+10 1426.71775   100%  71.8 1970s
 1668795 1162329 1.7334e+09   60  283 3.0000e+10 1426.74393   100%  71.8 1976s
 1675174 1167660 1435.08140   44  322 3.0000e+10 1426.76515   100%  71.8 1980s
 1678650 1170451 2.8024e+10   71  277 3.0000e+10 1426.78038   100%  71.8 1985s
 1686804 1176794 2.4925e+10   93  289 3.0000e+10 1426.81124   100%  71.9 1990s
 1694117 1182774 1447.37599   53  288 3.0000e+10 1426.84193   100%  71.9 1995s
 1697863 1185887 1.7554e+10  105  303 3.0000e+10 1426.85369   100%  71.9 2000s
 1705406 1191901 2.7776e+10   80  280 3.0000e+10 1426.88345   100%  71.9 2005s
 1711342 1196731 1511.55619   67  297 3.0000e+10 1426.90832   100%  71.9 2010s
 1718827 1202225 1.2579e+07   61  309 3.0000e+10 1426.94109   100%  71.9 2015s
 1722633 1205976 1498.90979   62  296 3.0000e+10 1426.95518   100%  71.9 2020s
 1730254 1212835 1.4312e+09   63  299 3.0000e+10 1426.99253   100%  71.9 2026s
 1735348 1216215 1435.83859   46  310 3.0000e+10 1427.01338   100%  71.9 2030s
 1742110 1221053 1522.25368   60  297 3.0000e+10 1427.03785   100%  72.0 2035s
 1744389 1228734 1441.97153   48  312 3.0000e+10 1427.04477   100%  72.0 2046s
 1755746 1232679 2.6408e+10   68  277 3.0000e+10 1427.08766   100%  72.0 2050s
 1761932 1237058 2.2440e+10   97  298 3.0000e+10 1427.11606   100%  72.0 2056s
 1768856 1242990 1482.88946   60  306 3.0000e+10 1427.14267   100%  72.0 2060s
 1775358 1247611 1474.58492   55  319 3.0000e+10 1427.16738   100%  72.0 2065s
 1780366 1252225 2.6096e+09   65  291 3.0000e+10 1427.18928   100%  72.0 2695s
 1787850 1258276     cutoff   75      3.0000e+10 1427.22520   100%  72.0 2700s
 1794004 1262452 1.0000e+10   56  288 3.0000e+10 1427.25102   100%  72.0 2707s
 1796966 1265701 1443.82060   51  322 3.0000e+10 1427.26017   100%  72.0 2710s
 1803304 1270828 1457.57534   50  311 3.0000e+10 1427.29216   100%  72.0 2715s
 1812759 1278733 9.5127e+09   75  285 3.0000e+10 1427.33155   100%  72.0 2720s
 1820022 1284259 1516.30673   68  295 3.0000e+10 1427.36127   100%  72.0 2725s
 1827047 1290377 3.3935e+09   64  304 3.0000e+10 1427.38595   100%  72.0 2730s
 1834652 1296347 1446.30009   44  315 3.0000e+10 1427.42004   100%  72.0 2735s
 1837326 1299910 4.5988e+09   65  302 3.0000e+10 1427.43384   100%  72.0 2740s
 1847546 1307041 3.9384e+09   68  286 3.0000e+10 1427.47434   100%  72.0 2745s
 1854295 1311654 1598.74760   64  306 3.0000e+10 1427.49765   100%  72.0 2750s
 1862182 1318765 1471.44291   48  310 3.0000e+10 1427.52720   100%  72.0 2755s
 1864231 1320444 1468.95915   55  309 3.0000e+10 1427.53286   100%  72.0 2760s
 1872567 1327381 1439.26364   47  323 3.0000e+10 1427.56527   100%  72.0 2765s
 1876540 1330614 1.1487e+10   87  289 3.0000e+10 1427.58081   100%  72.0 2770s
 1885545 1337015 infeasible  112      3.0000e+10 1427.61195   100%  72.0 2775s
 1892380 1343090     cutoff   92      3.0000e+10 1427.63996   100%  72.0 2780s
 1899608 1348752 2.3010e+10  112  279 3.0000e+10 1427.67228   100%  72.0 2786s
 1903344 1351357 8.2921e+09   80  287 3.0000e+10 1427.68454   100%  72.0 2793s
 1904337 1352757 1434.81877   49  327 3.0000e+10 1427.68696   100%  72.0 2796s
 1910473 1358614 8.7472e+09   61  305 3.0000e+10 1427.70742   100%  72.0 2800s
 1917899 1363402 1463.20060   52  311 3.0000e+10 1427.72998   100%  71.9 2805s
 1925781 1370911 1530.67717   62  269 3.0000e+10 1427.76167   100%  71.9 2810s
 1934350 1377245 1446.62487   50  317 3.0000e+10 1427.78395   100%  71.9 2815s
 1939831 1382224 3.7036e+09   64  288 3.0000e+10 1427.80005   100%  71.9 2820s
 1944095 1385903 1459.34242   51  312 3.0000e+10 1427.81274   100%  71.9 2825s
 1954015 1393790 1495.55809   58  311 3.0000e+10 1427.84071   100%  71.9 2830s
 1959409 1397150 1.3458e+10   72  269 3.0000e+10 1427.85671   100%  71.9 2835s
 1968262 1405279 1440.40602   46  324 3.0000e+10 1427.89100   100%  71.9 2840s
 1976568 1412036 1482.61686   48  320 3.0000e+10 1427.91897   100%  71.9 2846s
 1983796 1418290 1493.14534   61  310 3.0000e+10 1427.93926   100%  71.9 2850s
 1987874 1420472 1457.42758   49  321 3.0000e+10 1427.95667   100%  71.9 2857s
H1987919 1420472                    2.999998e+10 1427.95667   100%  71.9 2857s
 1988108 1422001 1460.09734   50  310 3.0000e+10 1427.95718   100%  71.9 2860s
 1996741 1428440 5.2540e+09   55  303 3.0000e+10 1427.98936   100%  71.9 2865s
 2002910 1434000 1520.50038   66  309 3.0000e+10 1428.00933   100%  71.9 2870s
 2011387 1439850 9.5008e+08   51  311 3.0000e+10 1428.03853   100%  71.9 2875s
 2018222 1446413 1482.19657   54  320 3.0000e+10 1428.05840   100%  71.9 2880s
 2025684 1452443 1598.43189   74  299 3.0000e+10 1428.08401   100%  71.9 2885s
 2032598 1458138 1492.37048   56  294 3.0000e+10 1428.11180   100%  71.9 2890s
 2039942 1463759 1.7942e+09   61  310 3.0000e+10 1428.14263   100%  71.9 2895s
 2048781 1471040 1469.30860   52  290 3.0000e+10 1428.17330   100%  71.9 2900s
H2055084 1475283                    2.999997e+10 1428.19423   100%  71.9 2905s
 2063142 1482768 1461.03710   51  326 3.0000e+10 1428.22398   100%  71.9 2910s
 2066953 1486102 2.2632e+09   86  310 3.0000e+10 1428.23673   100%  71.8 2915s
 2071786 1489790 5.9580e+09   68  290 3.0000e+10 1428.25181   100%  71.9 2920s
 2080883 1497360 8.3258e+08   60  295 3.0000e+10 1428.27630   100%  71.9 2925s
 2086594 1501087 1453.41225   49  324 3.0000e+10 1428.29055   100%  71.9 2933s
 2087356 1501804 1.4723e+10   97  279 3.0000e+10 1428.29450   100%  71.9 2935s
 2093127 1506792 2.3125e+09   62  287 3.0000e+10 1428.31509   100%  71.9 2940s
 2102151 1514237 1454.16356   51  293 3.0000e+10 1428.34639   100%  71.8 2946s
 2108457 1518682 2.5091e+10   98  284 3.0000e+10 1428.36699   100%  71.8 2954s
 2109576 1520276 1514.91792   61  315 3.0000e+10 1428.36898   100%  71.8 2955s
 2116896 1526484 1449.32118   56  326 3.0000e+10 1428.39367   100%  71.8 2960s
 2123282 1532052 2.2443e+10   90  293 3.0000e+10 1428.41131   100%  71.8 2965s
 2131787 1538645 1.1239e+10   89  287 3.0000e+10 1428.43914   100%  71.8 2970s
 2139005 1544305 1.0000e+10   64  266 3.0000e+10 1428.46462   100%  71.8 2975s
 2145549 1549065 1441.59792   47  316 3.0000e+10 1428.48345   100%  71.8 2980s
 2152707 1555811 1489.82265   63  283 3.0000e+10 1428.50563   100%  71.8 2985s
 2159500 1560838 infeasible  105      3.0000e+10 1428.52619   100%  71.8 2990s
 2167193 1567377 1.1807e+10   89  297 3.0000e+10 1428.55000   100%  71.8 2995s
 2172850 1571491 3.6525e+09   67  285 3.0000e+10 1428.56862   100%  71.8 3000s
 2180190 1576915 1489.96394   58  303 3.0000e+10 1428.58810   100%  71.8 3006s
 2183944 1581382 1.8114e+10  117  297 3.0000e+10 1428.59889   100%  71.8 3010s
 2190616 1586641 6.5082e+09   62  286 3.0000e+10 1428.62053   100%  71.8 3015s
 2197975 1592608 1494.58609   56  303 3.0000e+10 1428.63717   100%  71.8 3020s
 2201968 1595049 2.4518e+10   71  234 3.0000e+10 1428.64916   100%  71.8 3025s
 2208255 1600742 1526.99650   62  310 3.0000e+10 1428.66566   100%  71.8 3030s
 2216682 1607553 8.9366e+09   72  288 3.0000e+10 1428.68845   100%  71.8 3035s
 2221771 1611720 3.8718e+09   65  280 3.0000e+10 1428.70482   100%  71.8 3040s
 2231470 1619254 1.0000e+10   66  303 3.0000e+10 1428.73645   100%  71.8 3045s
 2237282 1623448 1489.79408   63  308 3.0000e+10 1428.74926   100%  71.8 3051s
 2241076 1627866 2.1456e+10   92  303 3.0000e+10 1428.76111   100%  71.8 3055s
 2248294 1633653 1444.89895   50  315 3.0000e+10 1428.78636   100%  71.8 3060s
 2255312 1639257 1493.93196   51  282 3.0000e+10 1428.81432   100%  71.8 3065s
 2261451 1643638 8.9086e+09   84  287 3.0000e+10 1428.83250   100%  71.8 3070s
 2267450 1648571 1436.99248   44  294 3.0000e+10 1428.85285   100%  71.8 3075s
 2274019 1653217 1472.61671   60  323 3.0000e+10 1428.87221   100%  71.8 3082s
 2279274 1657428 1453.16538   52  311 3.0000e+10 1428.88634   100%  71.8 3089s
 2280515 1659507 1476.83849   53  293 3.0000e+10 1428.88729   100%  71.8 3090s
 2289549 1666056 1456.32132   51  320 3.0000e+10 1428.91567   100%  71.8 3096s
 2296855 1672998 1443.73098   45  311 3.0000e+10 1428.94000   100%  71.8 3100s
 2303820 1678458 2.8242e+10   95  273 3.0000e+10 1428.96056   100%  71.8 3106s
 2310381 1684073 2.3076e+10   96  272 3.0000e+10 1428.98276   100%  71.8 3110s
 2316616 1688361 1461.79564   48  312 3.0000e+10 1428.99647   100%  71.8 3115s
 2322733 1693959 1499.93823   53  302 3.0000e+10 1429.01788   100%  71.8 3120s
 2332381 1701781 1494.52624   65  301 3.0000e+10 1429.04708   100%  71.8 3125s
 2338929 1706949 1522.90712   52  267 3.0000e+10 1429.06400   100%  71.8 3130s
 2345632 1712824 1444.89770   46  318 3.0000e+10 1429.08441   100%  71.8 3135s
 2353059 1718717 8.9163e+09   67  294 3.0000e+10 1429.10287   100%  71.8 3140s
 2355352 1720152 1.3385e+10   65  300 3.0000e+10 1429.10753   100%  71.8 3145s
 2363359 1726410 1444.07804   56  333 3.0000e+10 1429.13169   100%  71.7 3151s
 2368839 1731477 8.0852e+09   91  288 3.0000e+10 1429.14943   100%  71.7 3155s
 2377657 1738727 1.9589e+10   77  261 3.0000e+10 1429.17190   100%  71.7 3160s
 2383706 1743770 3.9882e+09   74  309 3.0000e+10 1429.19128   100%  71.7 3165s
 2390171 1748777 1533.09831   63  283 3.0000e+10 1429.20631   100%  71.7 3170s
 2395293 1752264 1446.30092   55  319 3.0000e+10 1429.22534   100%  71.7 3175s
 2401811 1758375 2.0165e+09   57  284 3.0000e+10 1429.24020   100%  71.7 3180s
 2408288 1763005 9.7627e+08   70  301 3.0000e+10 1429.25564   100%  71.7 3185s
 2415439 1768547 5.4635e+09   61  294 3.0000e+10 1429.27444   100%  71.7 3192s
 2418033 1771061     cutoff   65      3.0000e+10 1429.28153   100%  71.7 3195s
 2425983 1777189 1445.00710   49  305 3.0000e+10 1429.30133   100%  71.7 3200s
 2432738 1783041 1491.88825   60  300 3.0000e+10 1429.31927   100%  71.7 3205s
 2438629 1791681 1521.16040   64  296 3.0000e+10 1429.33790   100%  71.7 3212s
 2447900 1795667 2.3815e+09   60  277 3.0000e+10 1429.36751   100%  71.7 3215s
 2451202 1798073 1451.62815   49  314 3.0000e+10 1429.37599   100%  71.7 3220s
 2458987 1804248 1.9262e+10   71  266 3.0000e+10 1429.39607   100%  71.7 3227s
 2463917 1808782 1.3340e+10   80  309 3.0000e+10 1429.41018   100%  71.7 3230s
 2471474 1815035 1483.82990   63  325 3.0000e+10 1429.42603   100%  71.7 3235s
 2475889 1818280 2.6640e+10   89  280 3.0000e+10 1429.43725   100%  71.7 3241s
 2483211 1824912 8.2680e+09   79  298 3.0000e+10 1429.45920   100%  71.7 3245s
 2491601 1830765 1462.52068   49  310 3.0000e+10 1429.48137   100%  71.7 3250s
 2496153 1834187 1438.48853   49  317 3.0000e+10 1429.49262   100%  71.7 3256s
 2499828 1837581 1582.33413   71  274 3.0000e+10 1429.50331   100%  71.7 3260s
 2505798 1842266 1.2241e+10   94  264 3.0000e+10 1429.51958   100%  71.7 3265s
 2514737 1849699 1590.52765   70  302 3.0000e+10 1429.54294   100%  71.7 3270s
 2520723 1855218 5.1075e+09   71  292 3.0000e+10 1429.55908   100%  71.7 3275s
 2527454 1860551 1499.62557   65  295 3.0000e+10 1429.57341   100%  71.7 3280s
 2535084 1866004 5.5049e+09   69  311 3.0000e+10 1429.59172   100%  71.7 3285s
 2542313 1872714 1.3604e+09   68  270 3.0000e+10 1429.61318   100%  71.7 3290s
 2547953 1876477 1441.97995   43  305 3.0000e+10 1429.62460   100%  71.7 3296s
 2554252 1882123 2.4939e+10   94  302 3.0000e+10 1429.64057   100%  71.7 3300s
 2560118 1887741 1484.49721   51  299 3.0000e+10 1429.65449   100%  71.7 3305s
 2566768 1892417 1466.88600   54  293 3.0000e+10 1429.67147   100%  71.7 3310s
 2570381 1895974 9.2247e+09   78  300 3.0000e+10 1429.67846   100%  71.7 3315s
 2577365 1901629 1.0613e+10   72  300 3.0000e+10 1429.69600   100%  71.7 3320s
 2584997 1907209 2.1286e+10  100  263 3.0000e+10 1429.71268   100%  71.7 3325s
 2591272 1912216 1.3745e+10   69  264 3.0000e+10 1429.72661   100%  71.6 3330s
 2597741 1918354 6.3482e+09   71  312 3.0000e+10 1429.74538   100%  71.6 3335s
 2603396 1923336 4.0675e+09   71  300 3.0000e+10 1429.76053   100%  71.6 3340s
 2612985 1930171 1579.13610   68  300 3.0000e+10 1429.78547   100%  71.6 3345s
 2616040 1932509 1526.17000   59  287 3.0000e+10 1429.79261   100%  71.6 3350s
 2620693 1936926 2.7214e+10   86  268 3.0000e+10 1429.80321   100%  71.6 3355s
 2629267 1943206 2.8795e+09   66  254 3.0000e+10 1429.82451   100%  71.6 3360s
 2635903 1948973 2.9088e+10   81  279 3.0000e+10 1429.84057   100%  71.6 3365s
 2640398 1953221 1436.21689   51  326 3.0000e+10 1429.85407   100%  71.6 3370s
 2648344 1959841 2.9570e+09   64  295 3.0000e+10 1429.86988   100%  71.6 3375s
 2653991 1963357 1443.55267   48  315 3.0000e+10 1429.88439   100%  71.6 3381s
 2660319 1968475 1437.98087   49  299 3.0000e+10 1429.89978   100%  71.6 3388s
 2662105 1970458 1.8204e+09   78  300 3.0000e+10 1429.90419   100%  71.6 3390s
 2670180 1976746 1486.74052   58  311 3.0000e+10 1429.92057   100%  71.6 3396s
 2677247 1982817 1.6427e+10  104  307 3.0000e+10 1429.93777   100%  71.6 3400s
 2684523 1988597 1432.27131   50  333 3.0000e+10 1429.95555   100%  71.6 3405s
 2691231 1994471 1.4712e+10   93  303 3.0000e+10 1429.97374   100%  71.6 3410s
 2696829 1999105 2.6796e+10  100  288 3.0000e+10 1429.98529   100%  71.6 3415s
 2702579 2002632 6.3669e+08   68  290 3.0000e+10 1429.99878   100%  71.6 3420s
 2708465 2008114 1463.27476   53  314 3.0000e+10 1430.01617   100%  71.6 3426s
 2715050 2013957 1.0000e+10   73  309 3.0000e+10 1430.02955   100%  71.6 3430s
 2721955 2018665     cutoff  107      3.0000e+10 1430.04670   100%  71.6 3435s
 2728926 2024381 5.9456e+09   58  298 3.0000e+10 1430.06277   100%  71.6 3441s
 2734160 2029389 1483.93586   53  289 3.0000e+10 1430.07500   100%  71.5 3445s
 2741178 2035061 1436.42631   48  317 3.0000e+10 1430.09124   100%  71.5 3450s
 2746390 2039481 1560.14287   71  310 3.0000e+10 1430.10546   100%  71.6 3455s
 2753624 2045502 1495.47312   56  303 3.0000e+10 1430.12137   100%  71.6 3460s
 2759089 2049791 1488.37499   55  312 3.0000e+10 1430.13540   100%  71.5 3465s
 2767790 2056720 1515.40696   58  317 3.0000e+10 1430.15397   100%  71.5 3470s
 2769315 2061647 1.9424e+10  112  306 3.0000e+10 1430.15693   100%  71.5 3476s
 2778754 2065938 8.3725e+09   75  295 3.0000e+10 1430.18194   100%  71.5 3480s
 2784929 2070321 1.4175e+10   85  274 3.0000e+10 1430.19729   100%  71.5 3485s
 2788237 2074140 1446.70634   51  314 3.0000e+10 1430.19989   100%  71.5 3490s
 2797264 2079790 4.4393e+09   69  284 3.0000e+10 1430.22173   100%  71.5 3495s
 2805578 2087270 1.4824e+10   71  289 3.0000e+10 1430.24634   100%  71.5 3500s
 2812134 2092725 1.3147e+10   88  283 3.0000e+10 1430.25966   100%  71.5 3505s
 2814056 2094290 1463.54275   54  323 3.0000e+10 1430.26426   100%  71.5 3510s
 2822626 2100626 8.5159e+09   82  286 3.0000e+10 1430.28319   100%  71.5 3516s
 2829651 2107469 4.3588e+09   69  278 3.0000e+10 1430.29620   100%  71.5 3520s
 2836440 2112428 1518.33426   58  294 3.0000e+10 1430.31154   100%  71.5 3527s
 2841008 2116710 1.7088e+10   84  306 3.0000e+10 1430.32070   100%  71.5 3530s
H2842768 2117335                    2.999996e+10 1430.32603   100%  71.5 3531s
 2847512 2121428 1436.91875   50  311 3.0000e+10 1430.34081   100%  71.5 3535s
 2855577 2128263 5.7295e+09   66  288 3.0000e+10 1430.36279   100%  71.5 3540s
 2858218 2130574 1500.51106   53  275 3.0000e+10 1430.36793   100%  71.5 3545s
 2867185 2137818 1534.85992   57  278 3.0000e+10 1430.38739   100%  71.5 3550s
 2873923 2142644 1479.83286   62  318 3.0000e+10 1430.40625   100%  71.5 3555s
 2879513 2147942 8.2447e+08   66  274 3.0000e+10 1430.41750   100%  71.5 3560s
 2885936 2152330 1469.28398   45  301 3.0000e+10 1430.43531   100%  71.5 3566s
 2889639 2155411 1436.99476   47  307 3.0000e+10 1430.44493   100%  71.5 3571s
 2890004 2161230 1467.89423   58  295 3.0000e+10 1430.44505   100%  71.5 3575s
 2903347 2167232 1440.01581   49  339 3.0000e+10 1430.47289   100%  71.5 3580s
 2909856 2172532 2.9012e+09   71  285 3.0000e+10 1430.48683   100%  71.5 3585s
 2919005 2179168 1.3825e+09   62  293 3.0000e+10 1430.50508   100%  71.5 3593s
 2919101 2185677 1.7657e+10   67  278 3.0000e+10 1430.50582   100%  71.5 3599s
 2927109 2185771 8.1584e+09   75  297 3.0000e+10 1430.52543   100%  71.5 3600s
 2934051 2192649 3.0957e+09   62  313 3.0000e+10 1430.53800   100%  71.5 3605s
 2940340 2196700 1453.88378   52  314 3.0000e+10 1430.55241   100%  71.5 3610s
 2948427 2203997 2.0000e+10   64  271 3.0000e+10 1430.56865   100%  71.5 3615s
 2956074 2209239 2.7606e+10  120  292 3.0000e+10 1430.58659   100%  71.5 3622s
 2959718 2213035 1558.29422   62  309 3.0000e+10 1430.59599   100%  71.5 3625s
 2968520 2220028 8.3068e+08   59  282 3.0000e+10 1430.61976   100%  71.5 3630s
 2971412 2222542 1480.93409   53  301 3.0000e+10 1430.62309   100%  71.5 3635s
 2979511 2229331 2.7853e+10   95  311 3.0000e+10 1430.64866   100%  71.5 3640s
 2986706 2234270 9.5319e+09   82  298 3.0000e+10 1430.66734   100%  71.5 3646s
 2992472 2239529 1468.35479   53  307 3.0000e+10 1430.67995   100%  71.5 3650s
 2995259 2247301 7.4828e+09   72  296 3.0000e+10 1430.68453   100%  71.5 3656s
 3005104 2249901 1483.81141   47  303 3.0000e+10 1430.70176   100%  71.5 3660s
 3012551 2256041 1492.95557   55  309 3.0000e+10 1430.72411   100%  71.5 3665s
 3019044 2260191 7.6988e+08   63  296 3.0000e+10 1430.73726   100%  71.5 3672s
 3021098 2262907 1459.28148   53  302 3.0000e+10 1430.74203   100%  71.4 3675s
 3028421 2268008 1.0025e+10   56  279 3.0000e+10 1430.75642   100%  71.5 3681s
 3034633 2273786 8.0447e+09   76  281 3.0000e+10 1430.76911   100%  71.4 3685s
 3041577 2279016 1455.46316   51  289 3.0000e+10 1430.78329   100%  71.4 3690s
 3049199 2285483 2.0469e+10   79  296 3.0000e+10 1430.80250   100%  71.4 3695s
 3056495 2291570 1453.88234   51  328 3.0000e+10 1430.81832   100%  71.4 3700s
 3061947 2295911 2.2572e+10  102  291 3.0000e+10 1430.83028   100%  71.4 3705s
 3069881 2302304 1451.44961   45  301 3.0000e+10 1430.84947   100%  71.4 3710s
 3074004 2304575 1455.06559   54  309 3.0000e+10 1430.85973   100%  71.4 3717s
 3074349 2305923 1468.81025   54  298 3.0000e+10 1430.86021   100%  71.4 3720s
 3080419 2310925 1433.90692   38  333 3.0000e+10 1430.87533   100%  71.4 3725s
 3088407 2316609 2.8553e+10   67  289 3.0000e+10 1430.89361   100%  71.5 3730s
 3093482 2320997 1.6241e+10   90  275 3.0000e+10 1430.90213   100%  71.5 3735s
 3099878 2326164 1471.62713   53  329 3.0000e+10 1430.91757   100%  71.4 3740s
 3106437 2331900 1484.76539   73  316 3.0000e+10 1430.93344   100%  71.4 3745s
 3114163 2337676 2.3463e+09   57  291 3.0000e+10 1430.95216   100%  71.4 3750s
 3115409 2342335 2.2311e+10   97  280 3.0000e+10 1430.95513   100%  71.4 3757s
 3124372 2346810 1439.79578   48  324 3.0000e+10 1430.97545   100%  71.4 3760s
 3133645 2354033 1524.55438   62  298 3.0000e+10 1430.99405   100%  71.4 3765s
 3139651 2358773 1457.74570   45  293 3.0000e+10 1431.00481   100%  71.4 3770s
 3144262 2362629 1498.68742   51  299 3.0000e+10 1431.01728   100%  71.4 3775s
 3153180 2369281 4.8096e+08   70  311 3.0000e+10 1431.03961   100%  71.4 3780s
 3157467 2373302 4.8098e+09   69  297 3.0000e+10 1431.05091   100%  71.4 3785s
 3162298 2377307 5.9590e+08   61  315 3.0000e+10 1431.05876   100%  71.4 3790s
 3167076 2381241 1534.47308   65  296 3.0000e+10 1431.06641   100%  71.4 3795s
 3176929 2388767 1451.60426   51  311 3.0000e+10 1431.08805   100%  71.4 3800s
 3183536 2393790     cutoff   76      3.0000e+10 1431.10115   100%  71.4 3805s
 3189172 2399350 5.8139e+09   87  292 3.0000e+10 1431.11143   100%  71.4 3810s
 3194210 2402965 1575.73046   56  286 3.0000e+10 1431.12217   100%  71.4 3815s
 3202354 2408565 1.8738e+10   88  290 3.0000e+10 1431.13736   100%  71.4 3824s
 3202362 2409041 1.3527e+10   91  290 3.0000e+10 1431.13754   100%  71.4 3825s
 3207993 2414024 9.4179e+08   72  294 3.0000e+10 1431.14676   100%  71.4 3830s
 3214845 2419923 6.8240e+09   69  294 3.0000e+10 1431.16070   100%  71.4 3835s
 3222431 2426040 1.2491e+10   90  283 3.0000e+10 1431.17635   100%  71.4 3840s
 3229087 2431561 1.2052e+08   67  289 3.0000e+10 1431.18824   100%  71.4 3845s
 3234350 2441345 3.1841e+09   67  291 3.0000e+10 1431.20154   100%  71.4 3854s
 3242358 2442181 6.3110e+09   62  297 3.0000e+10 1431.21631   100%  71.4 3855s
 3250559 2448869 1468.67037   56  319 3.0000e+10 1431.23441   100%  71.4 3860s
 3256734 2454095 1.1835e+10   77  270 3.0000e+10 1431.24679   100%  71.4 3865s
 3264732 2460668 1.9844e+10   86  292 3.0000e+10 1431.26302   100%  71.4 3870s
 3271734 2466104 1442.38821   53  321 3.0000e+10 1431.27637   100%  71.4 3875s
 3277254 2469621 2.8738e+10   80  271 3.0000e+10 1431.28477   100%  71.4 3880s
 3285025 2476919 1.4975e+10  102  291 3.0000e+10 1431.30066   100%  71.4 3885s
 3294160 2484496 1436.41008   49  316 3.0000e+10 1431.32310   100%  71.4 4851s
 3297734 2487704 1.1537e+10   91  271 3.0000e+10 1431.33256   100%  71.4 4855s
 3304689 2492546 1451.33045   47  319 3.0000e+10 1431.34759   100%  71.4 4860s
 3310946 2498361 6.3488e+09   80  292 3.0000e+10 1431.35893   100%  71.4 4866s
 3312870 2499867 1.0211e+10   71  299 3.0000e+10 1431.36184   100%  71.4 4870s
 3315880 2502448 1.8207e+10   85  290 3.0000e+10 1431.36968   100%  71.4 4875s
 3320199 2505947 1459.40722   45  319 3.0000e+10 1431.37735   100%  71.4 4880s
 3325926 2510379 1545.92962   64  312 3.0000e+10 1431.39205   100%  71.3 4885s
 3329996 2513150 1623.79373   75  317 3.0000e+10 1431.40000   100%  71.4 4890s
 3332741 2515360 1503.28642   58  303 3.0000e+10 1431.40469   100%  71.4 4895s
 3336641 2518978 1438.14494   47  317 3.0000e+10 1431.41299   100%  71.4 4900s
 3340151 2521924 7.0407e+09   61  276 3.0000e+10 1431.41876   100%  71.4 4905s
 3342795 2523865 2.0342e+10  101  302 3.0000e+10 1431.42277   100%  71.4 4911s
 3347183 2527836 6.0298e+09   69  285 3.0000e+10 1431.42989   100%  71.4 4916s
 3349483 2529729 8.1605e+09   71  320 3.0000e+10 1431.43464   100%  71.3 4920s
 3355581 2533661 1447.45063   44  316 3.0000e+10 1431.44702   100%  71.3 4928s
 3357308 2535844 1527.02149   62  313 3.0000e+10 1431.45016   100%  71.3 4930s
 3361009 2537841 2.5514e+10   95  292 3.0000e+10 1431.45487   100%  71.3 4937s
 3362389 2540046     cutoff  118      3.0000e+10 1431.45751   100%  71.3 4940s
 3366613 2543540 1.7881e+10   81  265 3.0000e+10 1431.46752   100%  71.3 4945s
 3370294 2545578 4.2869e+09   75  289 3.0000e+10 1431.47414   100%  71.3 4950s
 3375654 2550805 1462.76864   55  306 3.0000e+10 1431.48393   100%  71.3 4955s
 3379861 2553878 1461.99515   57  323 3.0000e+10 1431.49125   100%  71.3 4960s
 3383086 2555889 5.8030e+08   54  286 3.0000e+10 1431.49699   100%  71.3 4966s
 3385837 2559256 1458.25976   55  316 3.0000e+10 1431.50135   100%  71.3 4970s
 3390791 2562937 1530.27020   57  300 3.0000e+10 1431.51085   100%  71.3 4975s
 3395981 2567165 1.6133e+10   83  286 3.0000e+10 1431.52206   100%  71.3 4980s
 3399593 2570079 5.7330e+09   66  292 3.0000e+10 1431.52826   100%  71.3 4985s
 3402249 2571686 3.5651e+08   58  288 3.0000e+10 1431.53255   100%  71.3 4992s
 3402479 2571811 1.0142e+09   72  316 3.0000e+10 1431.53255   100%  71.3 4995s
 3405967 2575822 1.0000e+10   58  287 3.0000e+10 1431.53910   100%  71.3 5000s
 3411680 2580325 1487.72537   57  292 3.0000e+10 1431.54741   100%  71.3 5006s
 3415626 2583578 1.1994e+10   90  265 3.0000e+10 1431.55549   100%  71.3 5010s
 3420664 2586629 2.5509e+09   69  298 3.0000e+10 1431.56653   100%  71.3 5018s
 3422330 2589067 1.3974e+09   61  302 3.0000e+10 1431.56896   100%  71.3 5020s
 3427880 2593433 1470.12331   46  311 3.0000e+10 1431.57982   100%  71.3 5025s
 3433281 2597788 2.3256e+10   73  276 3.0000e+10 1431.58868   100%  71.3 5030s
 3437848 2600670 1508.27472   69  315 3.0000e+10 1431.59814   100%  71.3 5035s
 3442020 2604869 9.2545e+09   75  292 3.0000e+10 1431.60565   100%  71.3 5040s
 3446128 2607628 5.9921e+09   75  282 3.0000e+10 1431.61460   100%  71.3 5046s
 3446880 2608473 1527.21229   64  295 3.0000e+10 1431.61550   100%  71.3 5052s
 3447898 2612813 1532.44164   65  293 3.0000e+10 1431.61753   100%  71.3 5057s
 3454739 2615086 1.0000e+10   64  309 3.0000e+10 1431.63197   100%  71.3 5060s
 3457933 2618037 1600.77923   67  289 3.0000e+10 1431.63862   100%  71.3 5066s
 3462845 2621523 4.8110e+07   69  311 3.0000e+10 1431.64749   100%  71.3 5070s
 3467205 2625257 1474.45261   55  301 3.0000e+10 1431.65655   100%  71.3 5075s
 3471591 2628842 5.1509e+09   74  291 3.0000e+10 1431.66320   100%  71.3 5080s
 3475494 2631005 1455.70010   51  298 3.0000e+10 1431.67096   100%  71.3 5087s
 3478354 2634365 1.6703e+10  104  299 3.0000e+10 1431.67734   100%  71.3 5090s
 3484348 2639056 1.1373e+10   82  287 3.0000e+10 1431.69072   100%  71.3 5095s
 3490367 2643426 1.0920e+10   82  278 3.0000e+10 1431.70136   100%  71.3 5100s
 3495115 2647481 3.9210e+09   79  310 3.0000e+10 1431.70978   100%  71.3 5106s
 3499780 2651202 2.4918e+10   81  257 3.0000e+10 1431.71682   100%  71.3 5111s
 3502129 2653786 1450.34844   53  320 3.0000e+10 1431.72213   100%  71.3 5115s
 3507489 2657406 2.1531e+10  105  275 3.0000e+10 1431.73031   100%  71.3 5123s
 3507869 2663678 2.1689e+10  106  279 3.0000e+10 1431.73058   100%  71.3 5131s
 3518608 2667509 7.0574e+09   74  297 3.0000e+10 1431.75115   100%  71.3 5136s
 3522085 2670359     cutoff   98      3.0000e+10 1431.75935   100%  71.3 5140s
 3528617 2675292 1489.04710   56  289 3.0000e+10 1431.76881   100%  71.3 5145s
 3533479 2679259 1450.71025   54  289 3.0000e+10 1431.77802   100%  71.3 5150s
 3538362 2682843 3.4913e+09   82  297 3.0000e+10 1431.78701   100%  71.3 5155s
 3538977 2683611 1.8318e+09   73  294 3.0000e+10 1431.78763   100%  71.3 5161s
 3539889 2683931 2.6188e+09   76  301 3.0000e+10 1431.79008   100%  71.3 5165s
 3542807 2687562 1479.22622   59  325 3.0000e+10 1431.79523   100%  71.3 5170s
 3547839 2691254 2.1759e+10   99  291 3.0000e+10 1431.80583   100%  71.3 5177s
 3550684 2693319 1505.06034   67  301 3.0000e+10 1431.81228   100%  71.3 5181s
 3554776 2696579 1.1665e+09   57  258 3.0000e+10 1431.82117   100%  71.3 5185s
 3559156 2700107 2.9129e+10   93  266 3.0000e+10 1431.83127   100%  71.3 5190s
 3563461 2703400 1544.88674   57  312 3.0000e+10 1431.84043   100%  71.3 5196s
 3567151 2706788 1527.80517   60  299 3.0000e+10 1431.84831   100%  71.3 5200s
 3569634 2707782 1487.16539   62  324 3.0000e+10 1431.85357   100%  71.3 5205s
 3573989 2712367 1557.75963   70  318 3.0000e+10 1431.86077   100%  71.3 5210s
 3577591 2715377     cutoff   71      3.0000e+10 1431.86600   100%  71.3 5215s
 3581371 2718313 3.1560e+09   69  282 3.0000e+10 1431.87627   100%  71.3 5220s
 3583959 2719342 1443.89955   47  325 3.0000e+10 1431.88094   100%  71.3 5232s
 3585330 2721674 2.0643e+10   94  296 3.0000e+10 1431.88376   100%  71.3 5235s
 3591747 2726841 1.5730e+10   81  269 3.0000e+10 1431.89317   100%  71.3 5241s
 3597029 2730971 1612.37796   78  278 3.0000e+10 1431.90147   100%  71.3 5245s
 3598553 2737690 1451.37485   54  320 3.0000e+10 1431.90390   100%  71.3 5256s
 3609135 2740801 2.2616e+10  107  271 3.0000e+10 1431.92613   100%  71.3 5260s
 3614258 2744415 7.4959e+09   78  282 3.0000e+10 1431.93604   100%  71.3 5265s
 3620077 2749745 2.8979e+10   91  273 3.0000e+10 1431.94776   100%  71.3 5270s
 3628116 2756234 2.7068e+10   71  275 3.0000e+10 1431.96422   100%  71.3 5275s
 3630427 2757619 2.3099e+10   92  259 3.0000e+10 1431.96978   100%  71.3 5280s
 3636945 2763469 1.0451e+10   74  279 3.0000e+10 1431.98152   100%  71.3 5285s
 3645909 2770274 1586.16622   72  297 3.0000e+10 1431.99656   100%  71.3 5290s
 3650945 2774578 1.5866e+10  101  287 3.0000e+10 1432.00580   100%  71.3 5295s
 3655401 2777586 2.6048e+09   77  291 3.0000e+10 1432.01349   100%  71.3 5300s
 3660695 2782441 1470.75514   52  316 3.0000e+10 1432.02336   100%  71.3 5305s
 3666839 2787496 9.4616e+08   76  301 3.0000e+10 1432.03626   100%  71.3 5310s
 3673903 2793304 1.4273e+10   81  274 3.0000e+10 1432.04838   100%  71.3 5315s
 3678864 2796311 infeasible  105      3.0000e+10 1432.05809   100%  71.3 5322s
 3679399 2796963 1471.31672   44  305 3.0000e+10 1432.05948   100%  71.3 5325s
 3687861 2804630 2.6391e+10  100  300 3.0000e+10 1432.07340   100%  71.3 5330s
 3692695 2808690 1.8209e+10   93  284 3.0000e+10 1432.08110   100%  71.3 5335s
 3701030 2815075 1.5156e+10   66  296 3.0000e+10 1432.09712   100%  71.3 5340s
 3707384 2820282 1552.71078   63  290 3.0000e+10 1432.10839   100%  71.3 5345s
 3712585 2824722 1447.28430   50  306 3.0000e+10 1432.11583   100%  71.3 5350s
 3720889 2830159 1.1507e+09   68  298 3.0000e+10 1432.13121   100%  71.3 5356s
 3727540 2835956 2.1209e+09   75  320 3.0000e+10 1432.14181   100%  71.3 5360s
 3733592 2841241 1511.34318   54  297 3.0000e+10 1432.15145   100%  71.3 5365s
 3737480 2844485 1477.90757   56  296 3.0000e+10 1432.15693   100%  71.3 5370s
 3745855 2851139 1.0691e+09   59  299 3.0000e+10 1432.17163   100%  71.3 5375s
 3751902 2855563 1.2932e+10   77  278 3.0000e+10 1432.18270   100%  71.3 5380s
 3757821 2860080 1444.36496   55  304 3.0000e+10 1432.19266   100%  71.3 5386s
 3762678 2864849 2.2685e+10  101  283 3.0000e+10 1432.20141   100%  71.3 5390s
 3765387 2872561 1457.35926   53  309 3.0000e+10 1432.20777   100%  71.3 5398s
 3775426 2875077 1.0726e+10   70  273 3.0000e+10 1432.22483   100%  71.3 5400s
 3781855 2879450 1.3201e+10   94  262 3.0000e+10 1432.23846   100%  71.3 5405s
 3783178 2881824 1476.17965   54  301 3.0000e+10 1432.24034   100%  71.3 5410s
 3792583 2888831 1492.79374   57  297 3.0000e+10 1432.25791   100%  71.3 5415s
 3799623 2894666 1.9574e+09   64  296 3.0000e+10 1432.26932   100%  71.3 5420s
 3805108 2899134 1497.13104   58  320 3.0000e+10 1432.28016   100%  71.3 5425s
 3808989 2901263 1470.60144   61  325 3.0000e+10 1432.28578   100%  71.3 5430s
 3812709 2905020 1.8101e+10   80  277 3.0000e+10 1432.29019   100%  71.3 5435s
 3818803 2909881 8.1212e+08   55  289 3.0000e+10 1432.29922   100%  71.3 5440s
 3826360 2916139 1571.59310   65  308 3.0000e+10 1432.31403   100%  71.3 5445s
 3832389 2920510 2.0169e+10   79  264 3.0000e+10 1432.32272   100%  71.3 5450s
 3839103 2926397 1480.47574   58  304 3.0000e+10 1432.33341   100%  71.3 5455s
 3845593 2931276 1473.56281   57  317 3.0000e+10 1432.34498   100%  71.3 5460s
 3853810 2938402 1501.92146   63  303 3.0000e+10 1432.35891   100%  71.3 5465s
 3859534 2941859 2.7598e+10   80  278 3.0000e+10 1432.36861   100%  71.3 5470s
 3862922 2945441 1.8153e+10   97  263 3.0000e+10 1432.37407   100%  71.3 5475s
 3871119 2951039 1440.58139   49  311 3.0000e+10 1432.38539   100%  71.3 5482s
 3874948 2954943 3.3477e+09   75  288 3.0000e+10 1432.39219   100%  71.3 5485s
 3882682 2961265 7.6974e+09   93  309 3.0000e+10 1432.40661   100%  71.3 5490s
 3886542 2964671 1.4521e+10   79  273 3.0000e+10 1432.41503   100%  71.3 5495s
 3892198 2969183 1521.61244   61  299 3.0000e+10 1432.42468   100%  71.3 5500s
 3897647 2973679 1.4370e+10   96  287 3.0000e+10 1432.43342   100%  71.3 5505s
 3905465 2979505 1.1109e+10   52  279 3.0000e+10 1432.44539   100%  71.3 5510s
 3912093 2984571 1.3818e+10   86  266 3.0000e+10 1432.45695   100%  71.3 5517s
 3914354 2987024 1.9717e+09   66  287 3.0000e+10 1432.46094   100%  71.3 5520s
 3920673 2991290 1587.64298   59  285 3.0000e+10 1432.47053   100%  71.3 5525s
 3926368 2996682 1.5445e+10   82  294 3.0000e+10 1432.47958   100%  71.3 5530s
 3930059 2998704 2.2235e+10   77  249 3.0000e+10 1432.48413   100%  71.3 5535s
 3937601 3005583 1.2225e+10   91  314 3.0000e+10 1432.49906   100%  71.3 5540s
 3942404 3008852 1481.00311   50  329 3.0000e+10 1432.50547   100%  71.3 5547s
 3946388 3012954 2.8033e+09   57  284 3.0000e+10 1432.51216   100%  71.3 5550s
 3952773 3018214 1461.32682   49  316 3.0000e+10 1432.51985   100%  71.3 5555s
 3960132 3023574 2.0791e+10   90  275 3.0000e+10 1432.53170   100%  71.3 5560s
 3964398 3027657 2.6510e+10   93  292 3.0000e+10 1432.53769   100%  71.3 5565s
 3972525 3033530 3.5190e+09   69  306 3.0000e+10 1432.55186   100%  71.3 5571s
 3975354 3036355 5.6120e+09   76  312 3.0000e+10 1432.55640   100%  71.3 5575s
 3981679 3041626 1480.29303   53  298 3.0000e+10 1432.56624   100%  71.3 5580s
 3988531 3047185 1.2836e+10   83  291 3.0000e+10 1432.57694   100%  71.3 5585s
 3993261 3049901 1459.17015   51  312 3.0000e+10 1432.58411   100%  71.3 5593s
 3994441 3051986 2.5263e+10   96  273 3.0000e+10 1432.58549   100%  71.3 5595s
 3999964 3056445 1.6813e+10  100  309 3.0000e+10 1432.59610   100%  71.3 5600s
 4005086 3059988 2.6611e+10   73  269 3.0000e+10 1432.60598   100%  71.3 5606s
 4011116 3065102 1561.75164   61  300 3.0000e+10 1432.61497   100%  71.3 5610s
 4016989 3070003 infeasible  112      3.0000e+10 1432.62380   100%  71.3 5615s
 4021595 3074995 1548.57321   56  286 3.0000e+10 1432.63109   100%  71.3 5620s
 4028955 3079845 1548.55676   63  306 3.0000e+10 1432.64327   100%  71.3 5625s
 4035506 3084283 2.1419e+10   63  277 3.0000e+10 1432.65438   100%  71.3 5631s
 4038250 3088103 2.7362e+10   94  302 3.0000e+10 1432.65849   100%  71.3 5635s
 4046331 3092814 1439.32151   44  314 3.0000e+10 1432.67185   100%  71.4 5640s
 4053042 3097738 1474.09846   53  310 3.0000e+10 1432.68243   100%  71.4 5645s
 4059869 3103238 1494.85115   49  317 3.0000e+10 1432.69102   100%  71.3 5651s
 4061251 3104469 1.5126e+10   70  282 3.0000e+10 1432.69471   100%  71.3 5655s
 4067723 3109775 1444.15436   53  313 3.0000e+10 1432.70509   100%  71.3 5660s
 4073901 3115489 1.0675e+09   69  298 3.0000e+10 1432.71642   100%  71.3 5665s
 4081641 3122027 1.4838e+10   87  302 3.0000e+10 1432.72963   100%  71.3 5670s
 4086799 3125974 5.1898e+08   72  302 3.0000e+10 1432.73882   100%  71.3 5675s
 4095064 3131754 2.8637e+08   75  318 3.0000e+10 1432.75168   100%  71.3 5681s
 4100292 3137016 1463.27519   50  303 3.0000e+10 1432.76070   100%  71.3 5685s
 4107359 3141960 1.9474e+10   80  286 3.0000e+10 1432.77135   100%  71.3 5690s
 4109939 3144941 2.7029e+10   98  290 3.0000e+10 1432.77610   100%  71.4 5695s
 4117652 3150854 1560.68127   63  293 3.0000e+10 1432.78800   100%  71.4 5700s
 4123354 3154685 2.7851e+09   90  285 3.0000e+10 1432.79665   100%  71.4 5705s
 4126367 3158292 1470.04696   53  311 3.0000e+10 1432.80247   100%  71.4 5710s
 4134004 3163319 1.2991e+10   78  297 3.0000e+10 1432.81475   100%  71.4 5717s
 4138822 3168439 1497.42041   62  303 3.0000e+10 1432.82321   100%  71.4 5720s
 4147579 3175387 1471.69093   54  302 3.0000e+10 1432.83770   100%  71.4 5725s
 4154450 3181021 5.6259e+09   67  299 3.0000e+10 1432.84911   100%  71.4 5730s
 4162833 3187070 1454.59153   51  307 3.0000e+10 1432.86613   100%  71.4 5736s
 4166403 3190668 5.3337e+09   78  303 3.0000e+10 1432.87001   100%  71.4 5740s
 4171751 3197470 1550.35119   69  313 3.0000e+10 1432.87828   100%  71.4 5745s
 4179186 3201477 2.1278e+10  101  275 3.0000e+10 1432.88911   100%  71.4 5750s
 4185514 3206563     cutoff   88      3.0000e+10 1432.90041   100%  71.4 5755s
 4189944 3208889 1.7971e+10   79  286 3.0000e+10 1432.90569   100%  71.4 5761s
 4191482 3211402 3.5712e+09   71  299 3.0000e+10 1432.90843   100%  71.4 5765s
 4198221 3216663 1.1065e+10   74  294 3.0000e+10 1432.92146   100%  71.4 5770s
 4207546 3223989 2.3875e+10   88  271 3.0000e+10 1432.93765   100%  71.4 5775s
 4212687 3228426 1.4248e+08   58  308 3.0000e+10 1432.94733   100%  71.4 5780s
 4218190 3236317 1535.51375   61  272 3.0000e+10 1432.95662   100%  71.4 5787s
 4227678 3239775 3.0811e+09   77  311 3.0000e+10 1432.97308   100%  71.4 5791s
 4233791 3245367 7.9354e+09   91  308 3.0000e+10 1432.98363   100%  71.3 5795s
 4240593 3251172 2.5169e+10   89  287 3.0000e+10 1432.99210   100%  71.3 5800s
 4248395 3256783 2.2856e+10   62  303 3.0000e+10 1433.00330   100%  71.3 5806s
 4255828 3263626 1453.06731   56  305 3.0000e+10 1433.01364   100%  71.3 5810s
 4263062 3268877 8.0893e+09   68  279 3.0000e+10 1433.02442   100%  71.3 5816s
 4268853 3274304 2.7121e+10   83  291 3.0000e+10 1433.03374   100%  71.3 5820s
 4275481 3278696 1449.78563   52  324 3.0000e+10 1433.04531   100%  71.3 5825s
 4279465 3283566 1443.70808   46  320 3.0000e+10 1433.05044   100%  71.3 5830s
 4286346 3288436 1467.64135   50  320 3.0000e+10 1433.06035   100%  71.3 5835s
 4294452 3294962     cutoff  103      3.0000e+10 1433.07393   100%  71.3 5840s
 4300312 3299886 1.1621e+10   97  297 3.0000e+10 1433.08226   100%  71.3 6771s
 4303774 3301601 1436.21932   51  310 3.0000e+10 1433.08628   100%  71.3 6775s
 4306300 3304624 2.0915e+10   78  278 3.0000e+10 1433.08927   100%  71.3 6780s
 4316007 3312353 1487.70948   58  292 3.0000e+10 1433.10435   100%  71.3 6785s
 4321014 3316310     cutoff   72      3.0000e+10 1433.11227   100%  71.3 6790s
 4328310 3322148 1471.11167   55  317 3.0000e+10 1433.12291   100%  71.3 6795s
 4337435 3329844 1476.84509   57  318 3.0000e+10 1433.13706   100%  71.3 6800s
 4341586 3332772 7.1096e+08   62  307 3.0000e+10 1433.14324   100%  71.3 6805s
 4348513 3338306 3.3206e+09   67  276 3.0000e+10 1433.15484   100%  71.3 6810s
 4350675 3339286 1.5116e+10   91  294 3.0000e+10 1433.15665   100%  71.3 6815s
 4350988 3339505 1.7650e+10   89  292 3.0000e+10 1433.15672   100%  71.3 7021s
 4354271 3342893 1.5244e+10   81  272 3.0000e+10 1433.16264   100%  71.3 7025s
 4360632 3348119 1.2583e+10   65  292 3.0000e+10 1433.17123   100%  71.3 7030s
 4367865 3353701 7.5944e+09   69  302 3.0000e+10 1433.18079   100%  71.3 7035s
 4376413 3360288 8.4554e+09   78  240 3.0000e+10 1433.19326   100%  71.3 7041s
 4382750 3366140 1567.42301   66  304 3.0000e+10 1433.20300   100%  71.3 7045s
 4386772 3368381 1.8183e+10   98  290 3.0000e+10 1433.20964   100%  71.3 7051s
 4392761 3374117 5.2757e+09   68  288 3.0000e+10 1433.21847   100%  71.3 7055s
 4400402 3380212 1604.47554   71  308 3.0000e+10 1433.22982   100%  71.3 7060s
 4407123 3385018 1489.61096   53  303 3.0000e+10 1433.24181   100%  71.3 7066s
 4411702 3389636 1.2328e+10   75  277 3.0000e+10 1433.24981   100%  71.3 7070s
 4419412 3395999 2.0857e+09   72  312 3.0000e+10 1433.26170   100%  71.3 7075s
 4427162 3402451 1496.95342   59  304 3.0000e+10 1433.27396   100%  71.3 7080s
 4434554 3407431 2.6127e+10   77  295 3.0000e+10 1433.28486   100%  71.3 7086s
 4435102 3408938 5.2916e+08   59  294 3.0000e+10 1433.28571   100%  71.3 7090s
 4445020 3416755     cutoff   93      3.0000e+10 1433.30041   100%  71.3 7095s
 4453136 3423336 1454.42464   53  295 3.0000e+10 1433.31316   100%  71.3 7100s
 4460608 3428993 1459.08016   57  309 3.0000e+10 1433.32342   100%  71.3 7105s
 4466475 3433727 1.5805e+10   75  259 3.0000e+10 1433.33096   100%  71.3 7110s
 4471493 3438379 1.4248e+10   69  308 3.0000e+10 1433.33892   100%  71.3 7115s
 4480482 3445407 8.4063e+08   66  284 3.0000e+10 1433.35009   100%  71.3 7120s
 4486628 3451072 2.6325e+10  111  258 3.0000e+10 1433.35839   100%  71.3 7125s
 4494260 3457463     cutoff   86      3.0000e+10 1433.36929   100%  71.3 7130s
 4498524 3460846 1464.30386   51  311 3.0000e+10 1433.37559   100%  71.3 7135s
 4504866 3468169 1468.83097   55  316 3.0000e+10 1433.38395   100%  71.2 7141s
 4513024 3471838 8.7838e+08   58  312 3.0000e+10 1433.39605   100%  71.2 7148s
 4513249 3471991 1.7506e+09   62  297 3.0000e+10 1433.39605   100%  71.2 7150s
 4519372 3479168 2.2324e+09   63  298 3.0000e+10 1433.40539   100%  71.3 7155s
 4528911 3485230 1.4316e+10   91  287 3.0000e+10 1433.42114   100%  71.2 7160s
 4535464 3490862 2.7652e+09   88  321 3.0000e+10 1433.43015   100%  71.2 7165s
 4543989 3497820 1512.04130   72  304 3.0000e+10 1433.44201   100%  71.2 7170s
 4549238 3502179 1.1951e+10   74  297 3.0000e+10 1433.44944   100%  71.3 7175s
 4557262 3508538 1438.56152   52  331 3.0000e+10 1433.46027   100%  71.3 7180s
 4564393 3514192 9.0810e+08   60  303 3.0000e+10 1433.46966   100%  71.2 7185s
 4569425 3517662 6.8390e+09   80  299 3.0000e+10 1433.47724   100%  71.2 7190s
 4576932 3524331 8.1189e+09   84  297 3.0000e+10 1433.48851   100%  71.2 7195s
 4583354 3528857 1448.03307   42  333 3.0000e+10 1433.49550   100%  71.2 7200s

Cutting planes:
  Gomory: 11
  Clique: 15
  Zero half: 27

Explored 4583562 nodes (326564222 simplex iterations) in 7200.01 seconds (10049.47 work units)
Thread count was 8 (of 8 available processors)

Solution count 10: 3e+10 3e+10 3e+10 ... 5e+10

Time limit reached
Best objective 2.999996438692e+10, best bound 1.433495496614e+03, gap 100.0000%
