
Gurobi 11.0.1 (mac64[arm]) logging started Sat Feb 15 19:00:53 2025

Set parameter LogFile to value "logs_new/salida_modelo_caminos_280_567_noLR.log"
Set parameter TimeLimit to value 7200
Gurobi Optimizer version 11.0.1 build v11.0.1rc0 (mac64[arm] - Darwin 24.3.0 24D60)

CPU model: Apple M2
Thread count: 8 physical cores, 8 logical processors, using up to 8 threads

Optimize a model with 533 rows, 1480 columns and 6032 nonzeros
Coefficient statistics:
  Matrix range     [1e+00, 1e+00]
  Objective range  [2e+00, 1e+10]
  Bounds range     [0e+00, 0e+00]
  RHS range        [1e+00, 2e+02]
Warning: Model contains large objective coefficients
         Consider reformulating model or setting NumericFocus parameter
         to avoid numerical issues.

Solved in 0 iterations and 0.00 seconds (0.00 work units)
Optimal objective  1.092000000e+03
Gurobi Optimizer version 11.0.1 build v11.0.1rc0 (mac64[arm] - Darwin 24.3.0 24D60)

CPU model: Apple M2
Thread count: 8 physical cores, 8 logical processors, using up to 8 threads

Optimize a model with 533 rows, 1480 columns and 6032 nonzeros
Model fingerprint: 0xbc5e743f
Variable types: 0 continuous, 1480 integer (1480 binary)
Coefficient statistics:
  Matrix range     [1e+00, 1e+00]
  Objective range  [2e+00, 1e+10]
  Bounds range     [0e+00, 0e+00]
  RHS range        [1e+00, 2e+02]
Warning: Model contains large objective coefficients
         Consider reformulating model or setting NumericFocus parameter
         to avoid numerical issues.
Found heuristic solution: objective 2.800000e+12
Presolve removed 250 rows and 0 columns
Presolve time: 0.01s
Presolved: 283 rows, 1480 columns, 5760 nonzeros
Variable types: 0 continuous, 1480 integer (1480 binary)
Found heuristic solution: objective 2.720000e+12

Root relaxation: objective 1.092000e+03, 1273 iterations, 0.04 seconds (0.06 work units)

    Nodes    |    Current Node    |     Objective Bounds      |     Work
 Expl Unexpl |  Obj  Depth IntInf | Incumbent    BestBd   Gap | It/Node Time

     0     0 1092.00000    0  237 2.7200e+12 1092.00000   100%     -    0s
H    0     0                    3.800000e+11 1092.00000   100%     -    0s
H    0     0                    2.800000e+11 1092.00000   100%     -    0s
H    0     0                    2.400000e+11 1092.00000   100%     -    0s
H    0     0                    2.000000e+11 1092.00000   100%     -    0s
H    0     0                    1.800000e+11 1092.00000   100%     -    0s
H    0     0                    1.700000e+11 1092.00000   100%     -    0s
     0     0 1092.33959    0  241 1.7000e+11 1092.33959   100%     -    0s
H    0     0                    1.300000e+11 1094.00000   100%     -    0s
     0     0 1094.00000    0  254 1.3000e+11 1094.00000   100%     -    0s
H    0     0                    9.000000e+10 1094.00000   100%     -    0s
     0     0 1094.43288    0  253 9.0000e+10 1094.43288   100%     -    0s
     0     0 1094.43288    0  238 9.0000e+10 1094.43288   100%     -    0s
     0     0 1094.43288    0  238 9.0000e+10 1094.43288   100%     -    0s
     0     2 1094.43288    0  238 9.0000e+10 1094.43288   100%     -    0s
H   34    40                    8.000000e+10 1095.47305   100%   102    0s
H   79    88                    7.000000e+10 1096.21780   100%  90.6    0s
H  121   127                    5.000000e+10 1096.21780   100%  83.3    0s
H  157   165                    4.000000e+10 1096.21780   100%  82.1    1s
H  240   249                    3.999999e+10 1096.21780   100%  76.4    1s
H  241   249                    3.000000e+10 1096.21780   100%  76.3    1s
H  242   249                    2.000000e+10 1096.21780   100%  76.5    1s
H 1289  1269                    2.000000e+10 1096.40280   100%  64.5    1s
H 1700  1491                    2.000000e+10 1096.40280   100%  65.2    3s
H 1738  1442                    2.000000e+10 1096.40280   100%  65.2    3s
H 1774  1404                    2.000000e+10 1096.40280   100%  65.4    4s
  2022  1577 2.4971e+09   52  219 2.0000e+10 1096.40280   100%  66.2    5s
H 2024  1496                    1.000000e+10 1096.40280   100%  66.1    5s
  6872  4345 5.7161e+09   65  201 1.0000e+10 1101.20549   100%  65.8   10s
H 9797  6625                    1.000000e+10 1102.58712   100%  63.7   13s
 12518  9261 1138.40942   24  242 1.0000e+10 1103.81268   100%  62.9   15s
H15767 11278                    1.000000e+10 1104.64072   100%  63.3   18s
H15771  6519                    1212.0000000 1104.64072  8.86%  63.3   18s
 19888  9748 1140.53498   31  241 1212.00000 1106.18963  8.73%  61.0   20s
 30119 15716 1116.93025   37  236 1212.00000 1108.38066  8.55%  58.9   25s
 37181 18036 1126.18607   42  231 1212.00000 1108.38066  8.55%  59.7   30s
 44396 19573 1113.51129   39  238 1212.00000 1108.38066  8.55%  60.7   38s
 44403 19578 1171.26757   45  260 1212.00000 1108.38066  8.55%  60.7   40s
H44590 18729                    1200.0000000 1108.38066  7.63%  60.9   42s
 46199 19408 1108.57478   40  226 1200.00000 1108.38066  7.63%  61.1   45s
 58616 23027 1132.50688   51  208 1200.00000 1108.38066  7.63%  60.4   50s
 73462 25983 1122.03920   45  239 1200.00000 1110.94453  7.42%  59.8   55s
 89397 28790     cutoff   58      1200.00000 1113.25724  7.23%  59.3   60s
H103741 30384                    1186.0000000 1114.91507  5.99%  59.0   65s
 116482 36442     cutoff   48      1186.00000 1116.26775  5.88%  58.8   70s
*126418 37747              54    1174.0000000 1117.05963  4.85%  58.6   73s
 131500 39914     cutoff   57      1174.00000 1117.58153  4.81%  58.5   75s
 149115 46445 1143.81228   45  244 1174.00000 1119.08210  4.68%  58.0   80s
 164022 51595 1170.02527   47  214 1174.00000 1120.20757  4.58%  57.7   85s
*165674 45715              57    1162.0000000 1120.31189  3.59%  57.6   85s
 181370 49621     cutoff   51      1162.00000 1121.43458  3.49%  57.1   90s
 199803 53827 1133.94812   51  235 1162.00000 1122.57357  3.39%  56.6   95s
 217638 57657     cutoff   52      1162.00000 1123.55414  3.31%  56.2  100s
 235914 61260 1151.27869   54  186 1162.00000 1124.50883  3.23%  55.8  105s
 250738 64052 1143.35731   51  218 1162.00000 1125.20310  3.17%  55.5  110s
 269617 67468 1137.60677   46  229 1162.00000 1126.06540  3.09%  55.1  115s
 289006 70497     cutoff   51      1162.00000 1126.86706  3.02%  54.8  120s
 306804 73197 1130.68649   39  252 1162.00000 1127.56455  2.96%  54.5  125s
 324687 75641     cutoff   48      1162.00000 1128.20942  2.91%  54.2  130s
 342775 78051     cutoff   51      1162.00000 1128.85676  2.85%  54.0  135s
 359515 80161 1141.05093   48  234 1162.00000 1129.44034  2.80%  53.8  140s
 374699 82033 1141.44173   46  225 1162.00000 1129.96359  2.76%  53.8  145s
*375890 80018              54    1160.0000000 1129.99032  2.59%  53.7  145s
 390578 81205 1138.34547   52  215 1160.00000 1130.49021  2.54%  53.7  150s
 408693 82728     cutoff   56      1160.00000 1131.06651  2.49%  53.5  155s
 427758 84104 1150.82997   50  230 1160.00000 1131.65318  2.44%  53.3  160s
 447554 85365     cutoff   56      1160.00000 1132.27657  2.39%  53.1  165s
 466608 86227 1147.46520   55  228 1160.00000 1132.87595  2.34%  52.8  170s
 485162 86753     cutoff   55      1160.00000 1133.44129  2.29%  52.7  175s
 504800 87212 1150.90814   51  241 1160.00000 1134.00973  2.24%  52.5  180s
 522240 87333 1154.58886   49  214 1160.00000 1134.50367  2.20%  52.3  185s
 541789 87349 1147.43128   53  238 1160.00000 1135.05478  2.15%  52.2  190s
 559954 87279     cutoff   48      1160.00000 1135.56125  2.11%  52.0  195s
 580250 86872 1145.59831   56  243 1160.00000 1136.13674  2.06%  51.8  200s
 600894 86198 1156.31020   51  217 1160.00000 1136.70408  2.01%  51.7  205s
 619434 85610 infeasible   69      1160.00000 1137.18265  1.97%  51.5  210s
 639122 84603     cutoff   56      1160.00000 1137.73138  1.92%  51.4  215s
 659655 83396 1150.48955   54  232 1160.00000 1138.29610  1.87%  51.2  220s
 676703 82071     cutoff   53      1160.00000 1138.77280  1.83%  51.1  225s
 695491 80557 1147.74129   53  239 1160.00000 1139.30238  1.78%  50.9  230s
 712201 79001     cutoff   48      1160.00000 1139.76628  1.74%  50.8  235s
 733078 76797 1152.18747   48  230 1160.00000 1140.35198  1.69%  50.7  240s
 753787 74196 1151.25424   51  221 1160.00000 1140.95555  1.64%  50.5  245s
 772086 71637 1154.06412   57  238 1160.00000 1141.48677  1.60%  50.4  250s
 792992 68501     cutoff   58      1160.00000 1142.12490  1.54%  50.2  255s
 813666 64811     cutoff   52      1160.00000 1142.79642  1.48%  50.1  260s
 835530 60462 1152.03165   53  229 1160.00000 1143.53587  1.42%  50.0  265s
 853025 56564 1152.06234   49  220 1160.00000 1144.16423  1.37%  49.8  270s
*866143 50352              57    1158.0000000 1144.68388  1.15%  49.7  273s
 871532 48161     cutoff   46      1158.00000 1144.93679  1.13%  49.7  275s
 894096 40030 1153.54071   48  240 1158.00000 1146.13514  1.02%  49.5  280s
 917190 30250 1151.46434   48  236 1158.00000 1147.64966  0.89%  49.2  285s
 937077 18949 1151.41555   53  241 1158.00000 1149.72380  0.71%  49.0  290s

Cutting planes:
  Gomory: 4
  Clique: 6
  Flow cover: 1
  Inf proof: 1
  Zero half: 9

Explored 962574 nodes (46645299 simplex iterations) in 294.61 seconds (709.54 work units)
Thread count was 8 (of 8 available processors)

Solution count 10: 1158 1160 1162 ... 1e+10

Optimal solution found (tolerance 1.00e-04)
Best objective 1.158000000000e+03, best bound 1.158000000000e+03, gap 0.0000%
