
Gurobi 11.0.1 (mac64[arm]) logging started Mon Feb 10 00:15:27 2025

Set parameter LogFile to value "logs_new/salida_modelo_caminos_360_567_2.log"
Set parameter TimeLimit to value 7200
Gurobi Optimizer version 11.0.1 build v11.0.1rc0 (mac64[arm] - Darwin 24.3.0 24D60)

CPU model: Apple M2
Thread count: 8 physical cores, 8 logical processors, using up to 8 threads

Optimize a model with 613 rows, 1988 columns and 8537 nonzeros
Coefficient statistics:
  Matrix range     [1e+00, 1e+00]
  Objective range  [2e+00, 1e+10]
  Bounds range     [0e+00, 0e+00]
  RHS range        [1e+00, 2e+02]
Warning: Model contains large objective coefficients
         Consider reformulating model or setting NumericFocus parameter
         to avoid numerical issues.

Solved in 0 iterations and 0.00 seconds (0.00 work units)
Optimal objective  1.392000000e+03
Gurobi Optimizer version 11.0.1 build v11.0.1rc0 (mac64[arm] - Darwin 24.3.0 24D60)

CPU model: Apple M2
Thread count: 8 physical cores, 8 logical processors, using up to 8 threads

Optimize a model with 613 rows, 1988 columns and 8537 nonzeros
Model fingerprint: 0xf0661455
Variable types: 0 continuous, 1988 integer (1988 binary)
Coefficient statistics:
  Matrix range     [1e+00, 1e+00]
  Objective range  [2e+00, 1e+10]
  Bounds range     [0e+00, 0e+00]
  RHS range        [1e+00, 2e+02]
Warning: Model contains large objective coefficients
         Consider reformulating model or setting NumericFocus parameter
         to avoid numerical issues.
Found heuristic solution: objective 3.600000e+12
Presolve removed 250 rows and 0 columns
Presolve time: 0.01s
Presolved: 363 rows, 1988 columns, 8139 nonzeros
Variable types: 0 continuous, 1988 integer (1988 binary)
Found heuristic solution: objective 3.510000e+12

Root relaxation: objective 1.392000e+03, 2162 iterations, 0.08 seconds (0.16 work units)

    Nodes    |    Current Node    |     Objective Bounds      |     Work
 Expl Unexpl |  Obj  Depth IntInf | Incumbent    BestBd   Gap | It/Node Time

     0     0 1392.00000    0  312 3.5100e+12 1392.00000   100%     -    0s
H    0     0                    6.400000e+11 1392.00000   100%     -    0s
H    0     0                    5.200000e+11 1392.00000   100%     -    0s
H    0     0                    4.400000e+11 1392.00000   100%     -    0s
H    0     0                    3.300000e+11 1392.00000   100%     -    0s
H    0     0                    2.500000e+11 1392.41966   100%     -    0s
     0     0 1392.63291    0  321 2.5000e+11 1392.63291   100%     -    0s
     0     0 1392.98559    0  332 2.5000e+11 1392.98559   100%     -    0s
H    0     0                    2.400000e+11 1392.98559   100%     -    0s
     0     0 1394.00000    0  322 2.4000e+11 1394.00000   100%     -    0s
     0     0 1394.00000    0  324 2.4000e+11 1394.00000   100%     -    0s
H    0     0                    2.300000e+11 1394.00000   100%     -    0s
H    0     0                    2.100000e+11 1394.00000   100%     -    0s
     0     0 1394.00000    0  315 2.1000e+11 1394.00000   100%     -    0s
     0     0 1394.00000    0  315 2.1000e+11 1394.00000   100%     -    0s
H    0     0                    2.000000e+11 1394.00000   100%     -    0s
     0     2 1394.00000    0  315 2.0000e+11 1394.00000   100%     -    0s
H   32    40                    1.900000e+11 1394.63319   100%   154    0s
H   34    40                    1.800000e+11 1394.63319   100%   148    0s
H   69    77                    1.700000e+11 1395.50614   100%   135    0s
H   70    77                    1.500000e+11 1395.50614   100%   134    0s
H   74    77                    1.400000e+11 1395.50614   100%   135    0s
H  103   112                    1.300000e+11 1395.50614   100%   130    1s
H  107   112                    1.300000e+11 1395.50614   100%   130    1s
H  109   112                    1.100000e+11 1395.50614   100%   129    1s
H  150   156                    1.100000e+11 1395.50614   100%   121    1s
H  183   192                    1.000000e+11 1395.50614   100%   115    2s
   376   385 1430.84176   30  326 1.0000e+11 1395.50614   100%   103  943s
H 1223  1260                    9.999998e+10 1395.50614   100%  95.2  944s
H 1242  1260                    9.999998e+10 1395.50614   100%  95.2  944s
  1450  1512 6.8698e+10  108  227 1.0000e+11 1395.50614   100%  92.2  945s
H 2613  2395                    9.999998e+10 1395.71285   100%  90.0  948s
H 2648  2300                    9.000000e+10 1395.71285   100%  89.6  949s
H 2679  2217                    8.000000e+10 1395.71285   100%  89.6  949s
H 2685  2109                    6.000000e+10 1395.71285   100%  89.6  949s
H 2687  2015                    6.000000e+10 1395.71285   100%  89.6  950s
  4122  2851 1.0325e+10   78  277 6.0000e+10 1395.71285   100%  89.9  955s
  6524  4124 3.0948e+10   54  287 6.0000e+10 1395.77545   100%  91.7  962s
  8164  5247 1555.73881   49  289 6.0000e+10 1397.69673   100%  92.5  965s
 10229  7072 1413.06079   22  339 6.0000e+10 1399.22951   100%  92.9  970s
 13239  9539 2.2011e+10   81  264 6.0000e+10 1400.17666   100%  93.3  975s
 15547 11469 2.3177e+10   71  274 6.0000e+10 1400.67267   100%  94.5  981s
 16788 12709 1.5446e+10   82  266 6.0000e+10 1401.31139   100%  94.3  985s
 17315 13794 3.4437e+10   62  268 6.0000e+10 1401.34948   100%  94.4 1244s
 18149 14332 3.2382e+10   76  257 6.0000e+10 1401.66470   100%  94.5 1246s
 19579 15680 1424.17157   26  301 6.0000e+10 1401.74351   100%  95.4 1252s
 20289 15826 3.1843e+10   83  237 6.0000e+10 1401.74351   100%  95.6 1255s
H20419 15826                    6.000000e+10 1401.74351   100%  95.6 1255s
H20653 16157                    5.999999e+10 1401.83670   100%  95.6 1258s
H20710 16157                    5.999997e+10 1401.83670   100%  95.6 1258s
 20832 17187 1413.19838   29  329 6.0000e+10 1401.90507   100%  95.6 1260s
 25165 21434 3.8902e+10   88  280 6.0000e+10 1402.57220   100%  93.6 1265s
 28898 24404 1412.31334   22  322 6.0000e+10 1402.91347   100%  91.3 1270s
 30276 24405 1462.00802   45  315 6.0000e+10 1402.91347   100%  90.4 1282s
 30284 24410 2.1904e+10   75  346 6.0000e+10 1402.91347   100%  90.4 1285s
 30296 24418 1.1036e+10   70  364 6.0000e+10 1402.91347   100%  90.3 1545s
 30304 24424 1446.05045   35  377 6.0000e+10 1402.91347   100%  90.3 1550s
 30313 24430 4.0068e+10  114  384 6.0000e+10 1402.91347   100%  90.3 1555s
H30430 23294                    5.999997e+10 1402.91347   100%  90.5 1559s
H30437 22130                    5.999996e+10 1402.91347   100%  90.5 1559s
 30501 22180 1413.07869   39  319 6.0000e+10 1402.91347   100%  90.5 1560s
 31500 22757 1419.28851   45  314 6.0000e+10 1402.91347   100%  90.8 1567s
H31509 21667                    5.999995e+10 1402.91347   100%  90.8 1567s
H31577 20657                    5.999995e+10 1402.91347   100%  90.8 1568s
H31580 19660                    5.999995e+10 1402.91347   100%  90.8 1568s
H31581 18714                    5.999995e+10 1402.91347   100%  90.8 1568s
 32101 19096 2.2353e+10   93  273 6.0000e+10 1402.91347   100%  91.3 1570s
H32834 18502                    5.999995e+10 1402.91347   100%  91.9 1572s
H32839 17647                    5.999995e+10 1402.91347   100%  91.9 1572s
 33922 18396 2.9386e+10   80  277 6.0000e+10 1402.91347   100%  92.5 1575s
H34333 17656                    5.999995e+10 1402.91347   100%  92.7 1577s
 35615 18506 1.8322e+09   59  310 6.0000e+10 1402.91347   100%  93.1 1580s
H36130 17890                    5.999995e+10 1402.91347   100%  93.1 1583s
H36245 17119                    5.999995e+10 1402.91347   100%  93.1 1583s
 36872 17761 1.7861e+10   97  255 6.0000e+10 1402.91347   100%  93.0 1585s
 39484 19127 3.4268e+08   65  282 6.0000e+10 1402.91347   100%  93.2 1590s
H39524 18418                    5.999995e+10 1402.91347   100%  93.2 1590s
H40376 18351                    5.999995e+10 1402.91347   100%  93.3 1594s
 40767 18333 7.0662e+09   70  291 6.0000e+10 1402.91347   100%  93.4 1595s
H40900 17662                    5.999995e+10 1402.91347   100%  93.5 1595s
 41327 18624 1.4085e+10   92  284 6.0000e+10 1402.91347   100%  93.4 1600s
 42910 19661 2.8273e+09   73  305 6.0000e+10 1402.91347   100%  92.9 1605s
 47581 21942 8.2468e+09   99  283 6.0000e+10 1402.91347   100%  92.1 1610s
 51349 24441 1460.74780   50  305 6.0000e+10 1402.91347   100%  90.9 1615s
 54459 25064 5.3345e+10  128  261 6.0000e+10 1402.91347   100%  89.7 1624s
 54467 25424 infeasible  129      6.0000e+10 1403.00812   100%  89.7 1625s
H54945 25611                    5.999995e+10 1403.00812   100%  89.7 1626s
H57383 25602                    5.999995e+10 1403.19753   100%  88.9 1629s
 57517 26798 1485.93920   58  314 6.0000e+10 1403.28474   100%  88.8 1630s
 63631 29860 1445.13462   50  303 6.0000e+10 1403.85463   100%  87.3 1637s
 68642 34480 2.4957e+10  118  276 6.0000e+10 1404.26538   100%  85.7 1640s
H69834 34977                    5.999995e+10 1404.35598   100%  85.5 1644s
 70124 35856 5.4905e+10  101  264 6.0000e+10 1404.37196   100%  85.3 1645s
 75147 41652 1410.34587   35  329 6.0000e+10 1404.77755   100%  84.4 1650s
 83435 46601 1557.01662   64  283 6.0000e+10 1405.18230   100%  82.7 1656s
 89767 53935 4.0178e+10  133  264 6.0000e+10 1405.54165   100%  81.5 1660s
 94770 57303 1460.04202   50  302 6.0000e+10 1405.80358   100%  80.6 1665s
 103268 64774 3.6881e+10  119  294 6.0000e+10 1406.25160   100%  79.3 1670s
 107825 68930 5.9567e+09   65  273 6.0000e+10 1406.49184   100%  78.2 1675s
 116958 76590 1440.13214   42  323 6.0000e+10 1406.79941   100%  76.9 1680s
 119533 81195 1425.90666   38  316 6.0000e+10 1406.85665   100%  76.5 1685s
 129135 87452 5.4950e+10  150  285 6.0000e+10 1407.18897   100%  74.9 1690s
 138731 95917     cutoff  118      6.0000e+10 1407.47382   100%  73.5 1695s
 139696 96214 6.6070e+09   71  295 6.0000e+10 1407.53250   100%  73.4 1702s
 145903 102408 1546.77439   60  281 6.0000e+10 1407.66714   100%  72.6 1705s
H149368 104708                    5.999995e+10 1407.74754   100%  72.4 1708s
 149447 111548 2.3141e+10  106  278 6.0000e+10 1407.75467   100%  72.4 1712s
 161718 116255 1479.55200   52  292 6.0000e+10 1408.02331   100%  70.9 1715s
 168190 121216 2.8247e+10  127  268 6.0000e+10 1408.24155   100%  70.4 1720s
 176613 129410 1.0602e+10   66  287 6.0000e+10 1408.40489   100%  69.4 1725s
 187051 137869     cutoff  134      6.0000e+10 1408.65876   100%  68.2 1732s
 191689 142608 1.0000e+10   58  309 6.0000e+10 1408.75872   100%  67.7 1735s
 202284 152143 2.4198e+09   70  279 6.0000e+10 1409.07277   100%  66.7 1740s
 214285 162503 1445.28667   41  297 6.0000e+10 1409.32637   100%  65.6 1745s
H217819 165211                    5.999995e+10 1409.36981   100%  65.3 1749s
 218935 166506 1.6651e+10   91  260 6.0000e+10 1409.43302   100%  65.2 1751s
 222708 170536 4.9068e+08   66  296 6.0000e+10 1409.49960   100%  64.9 1755s
 233198 179392 1.0000e+10   60  276 6.0000e+10 1409.65817   100%  64.3 1760s
 238850 183703 1419.42425   43  324 6.0000e+10 1409.74672   100%  63.8 1766s
 238858 190806 1425.27264   44  323 6.0000e+10 1409.74742   100%  63.8 1773s
 250911 195402 1497.58088   55  296 6.0000e+10 1409.96318   100%  63.0 1775s
 264359 207014 4.2537e+10  181  269 6.0000e+10 1410.14134   100%  62.1 1780s
 272707 214590 2.3513e+09   65  277 6.0000e+10 1410.26483   100%  61.7 1785s
 279952 220997 1440.41912   43  306 6.0000e+10 1410.39596   100%  61.4 1790s
 290812 229921 4.6689e+09   82  280 6.0000e+10 1410.53573   100%  60.8 1795s
 297938 236241 3.9477e+10  152  269 6.0000e+10 1410.66565   100%  60.4 1801s
 305280 243218 1428.38031   47  330 6.0000e+10 1410.77153   100%  60.1 1805s
 312511 249817     cutoff  165      6.0000e+10 1410.86414   100%  59.7 1810s
 321536 257725 1552.14666   67  321 6.0000e+10 1411.00170   100%  59.4 1815s
 325545 260340 1537.60840   60  286 6.0000e+10 1411.03136   100%  59.2 1820s
 334299 268959 4.4089e+10  105  278 6.0000e+10 1411.15810   100%  59.0 1825s
 338238 272262 1541.17186   61  295 6.0000e+10 1411.20781   100%  58.9 1830s
 348625 280561 4.5634e+10  101  280 6.0000e+10 1411.32246   100%  58.6 1836s
 357523 289690 1.2682e+10   89  299 6.0000e+10 1411.41692   100%  58.2 1840s
 366708 297437 1487.72235   58  292 6.0000e+10 1411.51394   100%  58.1 1845s
 375504 304333 5.5305e+10  124  290 6.0000e+10 1411.59921   100%  57.8 2149s
 376807 306458 3.6076e+09   58  286 6.0000e+10 1411.61956   100%  57.8 2150s
 392275 319819 3.0731e+10  130  274 6.0000e+10 1411.76845   100%  57.2 2155s
 400312 326795 1.6526e+10   86  270 6.0000e+10 1411.84643   100%  57.1 2160s
 403802 329681 1440.56634   44  316 6.0000e+10 1411.87193   100%  57.0 2165s
 416753 341950 1.0000e+10   63  293 6.0000e+10 1411.99913   100%  56.7 2170s
 428476 352031 1498.05723   55  288 6.0000e+10 1412.12606   100%  56.3 2175s
 441014 362578 1550.27508   59  278 6.0000e+10 1412.23473   100%  56.0 2180s
 446131 367957 infeasible  159      6.0000e+10 1412.26214   100%  55.9 2185s
 453482 373979 1480.88705   56  294 6.0000e+10 1412.32721   100%  55.8 2190s
 464667 383534 1469.48920   55  302 6.0000e+10 1412.42703   100%  55.5 2195s
 474391 391320 1481.44326   53  313 6.0000e+10 1412.50418   100%  55.4 2200s
 481402 398213 1.7198e+10   83  285 6.0000e+10 1412.56022   100%  55.3 2205s
 490292 405172 1429.27018   42  314 6.0000e+10 1412.64627   100%  55.1 2211s
H490294 386719                    5.000000e+10 1412.64627   100%  55.1 2211s
 491444 389045 2.8062e+10  128  284 5.0000e+10 1412.65897   100%  55.1 2449s
 493066 389847 1441.57515   43  317 5.0000e+10 1412.67479   100%  55.1 2450s
 506139 401655 5.6033e+08   59  294 5.0000e+10 1412.81022   100%  54.7 2455s
 515325 409662 1.3335e+10  103  289 5.0000e+10 1412.88993   100%  54.6 2460s
H523765 377998                    4.000000e+10 1412.96542   100%  54.5 2464s
 524782 379650 1515.59727   56  294 4.0000e+10 1412.97396   100%  54.4 2465s
 530501 383879 1487.13709   61  295 4.0000e+10 1413.02115   100%  54.4 2470s
 540004 392532 1.6301e+10  105  288 4.0000e+10 1413.09135   100%  54.2 2476s
 547812 399986 1519.54081   62  296 4.0000e+10 1413.16083   100%  54.1 2480s
 557048 407894     cutoff  141      4.0000e+10 1413.23283   100%  54.0 2485s
 566984 415994 8.9886e+08   49  259 4.0000e+10 1413.32372   100%  53.9 2490s
 568768 417489 1455.82558   48  316 4.0000e+10 1413.33457   100%  53.9 2750s
 572601 422192 3.1257e+10  117  284 4.0000e+10 1413.37116   100%  53.8 2755s
 584872 431440 8.6198e+09   71  299 4.0000e+10 1413.47660   100%  53.8 2760s
 593638 439285 1495.27289   57  295 4.0000e+10 1413.55563   100%  53.8 2765s
 603419 447450 1557.38486   71  285 4.0000e+10 1413.62901   100%  53.8 2770s
 609954 453687 1432.63265   45  311 4.0000e+10 1413.68568   100%  53.8 2776s
 619588 461799 1.0097e+10   60  288 4.0000e+10 1413.75862   100%  53.7 2780s
 629781 470135 1434.42853   38  303 4.0000e+10 1413.82833   100%  53.6 2785s
 634562 475021 1550.41273   61  294 4.0000e+10 1413.87249   100%  53.6 2790s
 640445 480726 1502.41165   65  305 4.0000e+10 1413.91632   100%  53.5 2795s
 653150 491199 1.0000e+10   64  286 4.0000e+10 1414.00807   100%  53.3 2800s
 661793 498989 4.6951e+09  105  296 4.0000e+10 1414.08082   100%  53.2 2805s
 669105 505600 4.2559e+09   59  291 4.0000e+10 1414.12984   100%  53.2 2810s
 675122 509962 1420.38784   39  330 4.0000e+10 1414.15915   100%  53.1 2816s
 681990 515811 2.4600e+10  152  297 4.0000e+10 1414.19549   100%  53.1 2823s
 684963 519794 1432.15971   41  299 4.0000e+10 1414.21945   100%  53.0 2825s
 699145 531167 1443.63527   47  287 4.0000e+10 1414.30278   100%  52.9 2830s
 709106 540217 2.3929e+10  117  280 4.0000e+10 1414.36511   100%  52.9 2835s
 720166 549150 1591.05024   63  278 4.0000e+10 1414.43454   100%  52.8 2842s
 722831 552431 3.1552e+10  133  270 4.0000e+10 1414.44582   100%  52.8 2845s
 726505 555340 1543.60614   52  299 4.0000e+10 1414.46421   100%  52.8 2850s
 737771 565112 1482.15813   59  296 4.0000e+10 1414.53305   100%  52.7 2855s
 749860 575998 2.7470e+09   84  286 4.0000e+10 1414.58974   100%  52.5 2860s
 761376 585544 1429.20778   48  313 4.0000e+10 1414.65517   100%  52.4 2865s
 771029 594797 6.0702e+09   91  272 4.0000e+10 1414.71055   100%  52.3 2870s
 780937 603555 1.3611e+09   89  295 4.0000e+10 1414.77492   100%  52.2 2875s
H784949 606304                    4.000000e+10 1414.79989   100%  52.2 2878s
 787444 608959 2.8447e+09   72  285 4.0000e+10 1414.81998   100%  52.2 2880s
H789193 609869                    3.999999e+10 1414.82648   100%  52.2 2881s
H789262 609869                    3.999999e+10 1414.82648   100%  52.2 2881s
 795974 616473 1478.42646   60  310 4.0000e+10 1414.86363   100%  52.1 2885s
 805061 624319 1.7504e+08   60  297 4.0000e+10 1414.92320   100%  52.1 2890s
 809834 627888 1.7212e+10  121  289 4.0000e+10 1414.94505   100%  52.1 2895s
H809836 627888                    3.999999e+10 1414.94505   100%  52.1 2896s
 814125 632007 3.2469e+10   57  270 4.0000e+10 1414.96659   100%  52.1 2900s
 826283 642628 1423.25456   39  336 4.0000e+10 1415.04391   100%  52.0 2905s
 836686 651613 1453.62106   48  317 4.0000e+10 1415.09253   100%  52.0 2910s
 845179 658986 1428.33533   43  316 4.0000e+10 1415.13493   100%  51.9 2915s
 854617 666849 1460.64168   52  320 4.0000e+10 1415.18165   100%  51.8 2920s
 859351 671118 1472.19949   51  300 4.0000e+10 1415.20686   100%  51.7 2925s
 865683 679773 3.0128e+10  112  256 4.0000e+10 1415.24780   100%  51.7 2931s
 875556 684775 1510.94227   62  311 4.0000e+10 1415.30223   100%  51.7 2935s
 884739 693484 3.9107e+08   66  298 4.0000e+10 1415.35145   100%  51.6 2940s
 893932 700572 1471.12441   47  306 4.0000e+10 1415.38666   100%  51.6 2945s
 902740 707957 1577.06820   59  279 4.0000e+10 1415.42605   100%  51.6 2950s
 907656 713095 2.0000e+10   61  299 4.0000e+10 1415.45643   100%  51.6 2955s
 915683 719404 1431.64320   44  330 4.0000e+10 1415.49134   100%  51.6 2960s
 926842 729046 1441.11993   45  309 4.0000e+10 1415.53637   100%  51.5 2968s
 927569 731313 7.2670e+09   76  275 4.0000e+10 1415.54066   100%  51.5 2970s
 935476 736480 1.4812e+10  129  287 4.0000e+10 1415.57367   100%  51.5 2975s
 945360 745639 1439.14161   39  306 4.0000e+10 1415.61720   100%  51.4 2980s
 952872 752067 1443.81489   51  309 4.0000e+10 1415.66579   100%  51.4 2985s
 964073 761475 4.9958e+09   87  297 4.0000e+10 1415.73199   100%  51.4 2990s
 970284 767555 1502.15513   66  303 4.0000e+10 1415.75336   100%  51.3 2995s
 981904 776892 1.0000e+10   68  280 4.0000e+10 1415.80244   100%  51.3 3003s
 982257 777022 1.0000e+10   69  275 4.0000e+10 1415.80517   100%  51.3 3005s
 991567 785576 1548.70335   70  298 4.0000e+10 1415.84509   100%  51.2 3010s
 998122 791783 1420.10847   42  314 4.0000e+10 1415.87109   100%  51.3 3015s
 1004925 796714 2.9085e+10  147  293 4.0000e+10 1415.90839   100%  51.2 3020s
 1015288 806103 1528.52934   45  282 4.0000e+10 1415.95235   100%  51.2 3025s
 1020299 810399 5.4217e+09   93  293 4.0000e+10 1415.97591   100%  51.2 3030s
 1029200 818351 1478.62310   51  307 4.0000e+10 1416.01096   100%  51.2 3035s
 1036741 824587 1442.42637   51  305 4.0000e+10 1416.04492   100%  51.1 3040s
 1046337 833597 1.4067e+10   74  283 4.0000e+10 1416.09213   100%  51.1 3045s
 1052405 838212 2.2072e+10   98  260 4.0000e+10 1416.11802   100%  51.1 3050s
 1060094 844657 4.9694e+09   95  279 4.0000e+10 1416.15206   100%  51.2 3055s
 1068807 851726 1.8398e+10  136  269 4.0000e+10 1416.19843   100%  51.1 3061s
 1076767 859084 7.1124e+09   63  286 4.0000e+10 1416.23037   100%  51.1 3067s
 1082435 864828 3.2294e+09   78  287 4.0000e+10 1416.25138   100%  51.1 3070s
 1086329 868152 1538.41920   58  288 4.0000e+10 1416.27054   100%  51.0 3075s
 1096638 876744 1429.84699   43  325 4.0000e+10 1416.31421   100%  51.0 3080s
 1107845 886708 3.4635e+10  138  296 4.0000e+10 1416.35981   100%  51.0 3085s
 1113591 890651 1419.75686   42  327 4.0000e+10 1416.38192   100%  50.9 3091s
 1122335 899271 7.7835e+09  102  292 4.0000e+10 1416.41844   100%  50.9 3095s
 1127185 903506 1440.54965   44  301 4.0000e+10 1416.43649   100%  50.9 3100s
 1133573 908488 1459.15627   47  315 4.0000e+10 1416.46495   100%  50.9 3105s
 1144737 918540 1493.20815   66  310 4.0000e+10 1416.50389   100%  50.9 3110s
 1149123 922427 7.1795e+09   87  282 4.0000e+10 1416.51518   100%  50.9 3115s
 1158346 930531 1431.16625   39  313 4.0000e+10 1416.55475   100%  50.8 3120s
 1169025 939372 1444.80504   55  323 4.0000e+10 1416.59173   100%  50.7 3125s
 1177913 946782 1.9579e+10   70  289 4.0000e+10 1416.62193   100%  50.8 3132s
 1184357 952933 1.6698e+10  116  281 4.0000e+10 1416.65265   100%  50.7 3135s
 1191665 959006 1513.68925   53  283 4.0000e+10 1416.68469   100%  50.7 3142s
 1196949 963734 1455.11964   47  299 4.0000e+10 1416.70799   100%  50.7 3145s
 1207382 972502 1.0206e+09   66  291 4.0000e+10 1416.75382   100%  50.7 3150s
 1209325 973916 467394.094   63  301 4.0000e+10 1416.76112   100%  50.7 3156s
 1214451 979246 3.1812e+09   84  279 4.0000e+10 1416.77473   100%  50.7 3160s
 1222625 984713 1511.21457   65  313 4.0000e+10 1416.80120   100%  50.7 3167s
 1222701 991760 1513.35801   66  309 4.0000e+10 1416.80305   100%  50.7 3170s
 1236047 996686 5.4992e+08   66  288 4.0000e+10 1416.84848   100%  50.6 3175s
 1244739 1004788 9.7030e+08   68  281 4.0000e+10 1416.87302   100%  50.6 3181s
 1252760 1011981 1.9777e+10  116  277 4.0000e+10 1416.90495   100%  50.5 3185s
 1257983 1015857 9.5407e+08   68  284 4.0000e+10 1416.92006   100%  50.5 3190s
 1267369 1025447 1450.21169   47  311 4.0000e+10 1416.95456   100%  50.5 3195s
 1274875 1030456 3.0000e+10  108  297 4.0000e+10 1416.98050   100%  50.4 3202s
 1280347 1036190 1.8606e+08   62  317 4.0000e+10 1417.00503   100%  50.4 3205s
 1286210 1042189 7.2819e+09   89  264 4.0000e+10 1417.02563   100%  50.4 3210s
 1296237 1049776 5.7155e+09   53  283 4.0000e+10 1417.06358   100%  50.4 3215s
 1305847 1057273 1465.68936   40  293 4.0000e+10 1417.09370   100%  50.4 3222s
 1307723 1059909 3.2059e+10   60  283 4.0000e+10 1417.09947   100%  50.4 3225s
 1315605 1066900 1.6215e+09   62  289 4.0000e+10 1417.12602   100%  50.4 3230s
 1324536 1073329 2.8510e+10  123  259 4.0000e+10 1417.15493   100%  50.4 3235s
 1332952 1081375 4.5339e+09   70  288 4.0000e+10 1417.19188   100%  50.4 3240s
 1340914 1088165 2.5331e+10  134  291 4.0000e+10 1417.22011   100%  50.4 3245s
 1351059 1096430 1.8054e+10   79  268 4.0000e+10 1417.25649   100%  50.3 3252s
 1357456 1102648 1.5774e+10  112  284 4.0000e+10 1417.28665   100%  50.3 3255s
 1363634 1107838 1444.70712   46  323 4.0000e+10 1417.30988   100%  50.3 3260s
 1374365 1116376 1.0130e+09   52  293 4.0000e+10 1417.35456   100%  50.3 3266s
 1379066 1121519 1471.72548   55  315 4.0000e+10 1417.37192   100%  50.3 3270s
 1388738 1129284 2.0435e+10  129  294 4.0000e+10 1417.39704   100%  50.3 3275s
 1398784 1137899 1453.85197   47  312 4.0000e+10 1417.43637   100%  50.2 3280s
 1404491 1143026 1529.00769   60  282 4.0000e+10 1417.44818   100%  50.2 3285s
 1414264 1150717 1443.46577   46  314 4.0000e+10 1417.47663   100%  50.2 3290s
 1416512 1152060 1599.56289   62  281 4.0000e+10 1417.48331   100%  50.2 3295s
 1424411 1159623 1.6250e+09   66  300 4.0000e+10 1417.50916   100%  50.1 3300s
 1430507 1165428 1.1158e+10  100  270 4.0000e+10 1417.52491   100%  50.1 3305s
 1439270 1171759 1432.09850   45  299 4.0000e+10 1417.54983   100%  50.1 3310s
 1449617 1181883 1429.97595   36  314 4.0000e+10 1417.58520   100%  50.1 3315s
 1456854 1187450     cutoff   68      4.0000e+10 1417.60695   100%  50.1 3320s
 1467955 1196897 9.2592e+09   99  286 4.0000e+10 1417.64882   100%  50.1 3327s
 1472006 1201100 1.7738e+10   66  285 4.0000e+10 1417.66148   100%  50.1 3330s
 1486232 1213323 1437.35997   43  310 4.0000e+10 1417.70906   100%  50.0 3335s
 1494015 1219705 1427.09097   42  306 4.0000e+10 1417.73399   100%  50.0 3340s
 1502344 1227005 1462.84661   54  326 4.0000e+10 1417.75514   100%  50.0 3345s
 1508235 1231419 1546.64165   53  282 4.0000e+10 1417.77179   100%  50.0 3352s
 1509394 1232650 7.4475e+09   86  287 4.0000e+10 1417.77470   100%  49.9 3355s
 1522168 1244227     cutoff  122      4.0000e+10 1417.81025   100%  49.9 3360s
 1528490 1250166 1458.40833   42  312 4.0000e+10 1417.83042   100%  49.9 3365s
 1536730 1256100 1518.69518   72  288 4.0000e+10 1417.85012   100%  49.9 3371s
 1544632 1263472 1437.06940   44  313 4.0000e+10 1417.87730   100%  49.9 3375s
 1556044 1273792 2.1859e+08   65  294 4.0000e+10 1417.90928   100%  49.8 3380s
 1563770 1280341 6.0472e+09   98  278 4.0000e+10 1417.93042   100%  49.8 3385s
 1572406 1288493 1434.89023   47  324 4.0000e+10 1417.95773   100%  49.8 3390s
 1578065 1291836 1538.37171   66  302 4.0000e+10 1417.96901   100%  49.8 3395s
 1586506 1300481 1.1339e+09   74  287 4.0000e+10 1417.98935   100%  49.8 3400s
 1590810 1304601 4.6423e+09   85  282 4.0000e+10 1418.00450   100%  49.8 3405s
 1603295 1315198 7.9268e+09  103  298 4.0000e+10 1418.04208   100%  49.8 3410s
 1614460 1323482 6.1239e+09   84  282 4.0000e+10 1418.06806   100%  49.7 3417s
 1617868 1327648 1444.66101   55  322 4.0000e+10 1418.08174   100%  49.7 3421s
 1625193 1334162 3.3604e+09   55  295 4.0000e+10 1418.10138   100%  49.7 3425s
 1638274 1345625 1440.27702   41  314 4.0000e+10 1418.14115   100%  49.6 3430s
 1644565 1351259 6.6960e+08   74  312 4.0000e+10 1418.15826   100%  49.6 3435s
 1653106 1357741 1562.95852   58  279 4.0000e+10 1418.18148   100%  49.6 3441s
 1660415 1363938 2.3363e+08   65  285 4.0000e+10 1418.19647   100%  49.6 3446s
 1667376 1370793 8.0358e+09   77  284 4.0000e+10 1418.22404   100%  49.6 3450s
 1678003 1380893 1491.60067   56  286 4.0000e+10 1418.25753   100%  49.6 3455s
 1685262 1386454 3.8530e+10   66  285 4.0000e+10 1418.27637   100%  49.5 3460s
 1694260 1394562 1436.52951   47  298 4.0000e+10 1418.29961   100%  49.5 3465s
 1701908 1401165 8.7800e+09   68  320 4.0000e+10 1418.31982   100%  49.5 3470s
 1707864 1410294 1.4744e+10  114  294 4.0000e+10 1418.33159   100%  49.5 3476s
 1717659 1414810 1451.57430   43  335 4.0000e+10 1418.35796   100%  49.5 3480s
 1723018 1424020 1.5157e+10  106  263 4.0000e+10 1418.36776   100%  49.5 3486s
 1732821 1426503 1457.95382   51  292 4.0000e+10 1418.39709   100%  49.5 3492s
 1737943 1431729 2.7974e+09   72  276 4.0000e+10 1418.41160   100%  49.5 3495s
 1744500 1436220 6.7266e+09   82  274 4.0000e+10 1418.42330   100%  49.5 3500s
 1755576 1446731 1561.53148   58  283 4.0000e+10 1418.45567   100%  49.4 3505s
 1758768 1449409 9.0841e+09  116  301 4.0000e+10 1418.46308   100%  49.4 3510s
 1766627 1455305 6.2023e+09  110  264 4.0000e+10 1418.48339   100%  49.4 3515s
 1774841 1462406 1446.66393   42  328 4.0000e+10 1418.50627   100%  49.5 3520s
 1784703 1470867 1462.47396   52  312 4.0000e+10 1418.52930   100%  49.4 3525s
 1795582 1480590 1.6195e+10  103  265 4.0000e+10 1418.56609   100%  49.4 3530s
 1803283 1486384 1.6600e+09   81  304 4.0000e+10 1418.58432   100%  49.4 3537s
 1805198 1489156 1.5139e+10  109  268 4.0000e+10 1418.58902   100%  49.4 3540s
 1815300 1496460 1466.86896   50  293 4.0000e+10 1418.61672   100%  49.4 3546s
 1822230 1503129 2.0948e+10  120  271 4.0000e+10 1418.64262   100%  49.4 3550s
 1832237 1512110 1.4529e+10  117  269 4.0000e+10 1418.66590   100%  49.4 3555s
 1839195 1517243 2.1086e+10  142  289 4.0000e+10 1418.67978   100%  49.4 3561s
 1840712 1519658 1481.85571   58  304 4.0000e+10 1418.68665   100%  49.4 3565s
 1852553 1529903 1.0443e+10   91  291 4.0000e+10 1418.71323   100%  49.3 3570s
 1859235 1534411 1443.16752   43  315 4.0000e+10 1418.73330   100%  49.3 3575s
 1868254 1543571 1488.93608   53  271 4.0000e+10 1418.75873   100%  49.3 3580s
 1879295 1551475 7.0188e+09   61  284 4.0000e+10 1418.78505   100%  49.3 3586s
 1885164 1557286 1468.30607   52  306 4.0000e+10 1418.80161   100%  49.3 3590s
 1896421 1567056 1.3612e+10  107  260 4.0000e+10 1418.83482   100%  49.3 3596s
 1901098 1570172 8.3822e+09   63  281 4.0000e+10 1418.84965   100%  49.3 3604s
 1901943 1571572 3.8697e+10  125  246 4.0000e+10 1418.85394   100%  49.3 3605s
 1904333 1579988 1433.77218   41  298 4.0000e+10 1418.85999   100%  49.3 3611s
 1912341 1580083 1.5874e+10  131  290 4.0000e+10 1418.87655   100%  49.2 3615s
 1921870 1588251 1522.91236   68  304 4.0000e+10 1418.89818   100%  49.2 3620s
 1930853 1596735 1430.85067   38  298 4.0000e+10 1418.92102   100%  49.2 3625s
 1936455 1600781 3.0541e+10  119  296 4.0000e+10 1418.93041   100%  49.2 3630s
 1944033 1607523 5.5913e+09   89  275 4.0000e+10 1418.95654   100%  49.2 3635s
 1954151 1616580 2.8317e+10  170  294 4.0000e+10 1418.98498   100%  49.2 3640s
 1961889 1623770 1457.93036   44  303 4.0000e+10 1419.00728   100%  49.2 3645s
 1972192 1631749 7.2335e+09  113  296 4.0000e+10 1419.02832   100%  49.1 3653s
 1973392 1633052 1442.11069   50  310 4.0000e+10 1419.03053   100%  49.1 3655s
 1982123 1640686 1.8290e+09   53  303 4.0000e+10 1419.05515   100%  49.1 3661s
 1989965 1648192 1450.67748   55  327 4.0000e+10 1419.07593   100%  49.1 3665s
 2000073 1657117 1.9718e+09   75  296 4.0000e+10 1419.10017   100%  49.1 3670s
 2008938 1664550 1522.45035   64  305 4.0000e+10 1419.11750   100%  49.1 3675s
 2018556 1673267 1495.31579   58  306 4.0000e+10 1419.13866   100%  49.1 3680s
 2025138 1681552 1434.33405   36  328 4.0000e+10 1419.15171   100%  49.1 3686s
 2035818 1687046 1571.90785   61  304 4.0000e+10 1419.17646   100%  49.1 3690s
 2043862 1693900 3.0000e+10   73  248 4.0000e+10 1419.19741   100%  49.1 3696s
 2050026 1699269     cutoff  153      4.0000e+10 1419.21350   100%  49.1 3700s
 2060257 1707633 1486.80921   55  288 4.0000e+10 1419.23408   100%  49.0 3705s
 2067867 1714704 1451.54448   47  288 4.0000e+10 1419.24809   100%  49.0 3712s
 2069951 1717754 1487.24147   63  300 4.0000e+10 1419.25521   100%  49.0 3715s
 2080508 1725068 1498.30305   56  286 4.0000e+10 1419.27880   100%  49.0 3720s
 2088468 1732355 1.7786e+09   50  279 4.0000e+10 1419.29386   100%  49.0 3725s
 2097091 1740369 1512.47196   58  277 4.0000e+10 1419.30786   100%  49.0 3730s
 2106492 1747673 1451.09325   43  306 4.0000e+10 1419.33089   100%  49.0 3735s
 2112658 1753403 2.6379e+09   83  285 4.0000e+10 1419.34448   100%  49.0 3740s
 2120231 1760272 1434.61156   42  331 4.0000e+10 1419.36109   100%  49.0 3745s
 2129746 1767681 1.6839e+10  102  277 4.0000e+10 1419.38264   100%  49.0 3751s
 2130174 1774608 1429.86644   46  316 4.0000e+10 1419.38336   100%  49.0 3755s
 2139698 1776380 1446.70374   50  311 4.0000e+10 1419.40462   100%  49.0 3761s
 2148024 1784257 4.4431e+08   59  287 4.0000e+10 1419.42166   100%  49.0 3765s
 2155817 1791296 1436.00650   46  326 4.0000e+10 1419.43691   100%  48.9 3770s
 2165001 1798910 1534.98995   58  286 4.0000e+10 1419.45094   100%  48.9 3775s
 2171785 1803903 1426.98672   45  316 4.0000e+10 1419.46565   100%  48.9 3781s
 2180266 1812308 5.4054e+08   73  291 4.0000e+10 1419.48577   100%  48.9 3785s
 2189513 1820469 6.5756e+09   79  268 4.0000e+10 1419.50566   100%  48.9 3790s
 2201730 1830469 1463.30031   42  315 4.0000e+10 1419.53830   100%  48.9 3795s
 2210015 1837802 2.8830e+08   66  314 4.0000e+10 1419.55689   100%  48.9 3800s
 2218037 1844472 3.2218e+09   63  270 4.0000e+10 1419.57737   100%  48.9 3805s
 2223703 1848673 1517.71416   57  289 4.0000e+10 1419.59042   100%  48.9 3811s
 2231925 1857074 1492.51673   64  291 4.0000e+10 1419.61336   100%  48.9 3815s
 2241312 1864565 7.6763e+09  108  288 4.0000e+10 1419.63601   100%  48.9 3821s
 2249915 1872247 1463.85777   54  311 4.0000e+10 1419.65186   100%  48.9 3825s
 2251290 1879467 1555.08179   59  279 4.0000e+10 1419.65329   100%  48.8 3830s
 2263372 1883313     cutoff  118      4.0000e+10 1419.67659   100%  48.8 3837s
 2269123 1889014 1489.67471   56  301 4.0000e+10 1419.69060   100%  48.8 3840s
 2281449 1898996 1504.28221   57  322 4.0000e+10 1419.71136   100%  48.8 3846s
 2281717 1905981 1516.44064   57  316 4.0000e+10 1419.71143   100%  48.8 3850s
 2293396 1909709 2.7194e+09   74  288 4.0000e+10 1419.73192   100%  48.8 3856s
 2301878 1917703 3.1105e+10  121  293 4.0000e+10 1419.75424   100%  48.7 3860s
 2312180 1927513 2.3244e+10  156  288 4.0000e+10 1419.77119   100%  48.7 3865s
 2320522 1934167 4.3788e+09  107  283 4.0000e+10 1419.79430   100%  48.7 3870s
 2326191 1938884 1422.79733   47  312 4.0000e+10 1419.80531   100%  48.7 3875s
 2336724 1947913 1525.60367   58  279 4.0000e+10 1419.82701   100%  48.7 3880s
 2342842 1952977 1489.53259   57  289 4.0000e+10 1419.83843   100%  48.7 3885s
 2352910 1960836 1449.32659   46  286 4.0000e+10 1419.85710   100%  48.7 3896s
 2355326 1963015 1425.90435   41  315 4.0000e+10 1419.86049   100%  48.7 3901s
 2363740 1971297 1557.25774   63  285 4.0000e+10 1419.87420   100%  48.6 3905s
 2370895 1976613 1451.03052   45  317 4.0000e+10 1419.88649   100%  48.6 3910s
 2381388 1986627 3.4630e+09   51  277 4.0000e+10 1419.90870   100%  48.6 3915s
 2392373 1995376     cutoff  148      4.0000e+10 1419.93151   100%  48.6 3921s
 2401583 2004902 1466.06212   48  307 4.0000e+10 1419.94632   100%  48.6 3925s
 2407241 2009843 1485.01128   53  285 4.0000e+10 1419.95902   100%  48.6 3930s
 2416204 2016491 5.5137e+09   85  297 4.0000e+10 1419.97661   100%  48.6 3935s
 2428299 2026595 1.4530e+10   87  301 4.0000e+10 1419.99804   100%  48.5 3941s
 2436301 2034837 1.0000e+10  105  284 4.0000e+10 1420.01625   100%  48.5 3945s
 2441279 2037816 1435.81642   46  309 4.0000e+10 1420.02504   100%  48.5 3950s
 2449859 2046049 1481.02960   62  292 4.0000e+10 1420.04415   100%  48.5 3955s
 2462063 2057012 1435.26197   45  313 4.0000e+10 1420.06675   100%  48.5 3960s
 2472411 2065191     cutoff  146      4.0000e+10 1420.08694   100%  48.5 3965s
 2479978 2071707 2.3230e+10   61  267 4.0000e+10 1420.10193   100%  48.5 3970s
 2490449 2080901 5.6468e+09   81  288 4.0000e+10 1420.12584   100%  48.5 3976s
 2496505 2086825 2.4430e+10  114  278 4.0000e+10 1420.13701   100%  48.5 3980s
 2503611 2093067 2.6611e+10  112  276 4.0000e+10 1420.15034   100%  48.5 3985s
 2515204 2102678 2.3775e+10  115  293 4.0000e+10 1420.16967   100%  48.4 3990s
 2523386 2108658 1487.41220   62  311 4.0000e+10 1420.19157   100%  48.4 3996s
 2523595 2108794 1489.96852   63  310 4.0000e+10 1420.19157   100%  48.4 4001s
 2530129 2115424 1479.11530   55  306 4.0000e+10 1420.20453   100%  48.4 4005s
 2535568 2120361 1.8748e+10  139  263 4.0000e+10 1420.21257   100%  48.4 4010s
 2547531 2129776 1517.55843   45  282 4.0000e+10 1420.23991   100%  48.4 4015s
 2558722 2139177 2.3364e+08   69  308 4.0000e+10 1420.26148   100%  48.4 4021s
 2566889 2146655 1.2106e+10   83  289 4.0000e+10 1420.27649   100%  48.4 4025s
 2573437 2152844 8.3650e+08   77  296 4.0000e+10 1420.29014   100%  48.4 4030s
 2583886 2161953 1453.61183   57  308 4.0000e+10 1420.30498   100%  48.4 4035s
 2593635 2169350 1467.87456   45  304 4.0000e+10 1420.32270   100%  48.3 4040s
 2602361 2177914 5.6951e+09   85  278 4.0000e+10 1420.33948   100%  48.3 4045s
 2614301 2187451 2.7760e+10  119  257 4.0000e+10 1420.35656   100%  48.3 4050s
 2623480 2195296 1482.82218   58  293 4.0000e+10 1420.37306   100%  48.3 4056s
 2623561 2202248 1496.02219   59  292 4.0000e+10 1420.37336   100%  48.3 4060s
 2635280 2205488 5.5692e+09   84  297 4.0000e+10 1420.39494   100%  48.3 4068s
 2637999 2208587 1432.93183   38  330 4.0000e+10 1420.40005   100%  48.3 4070s
 2649083 2218148 1484.21346   53  300 4.0000e+10 1420.41517   100%  48.3 4075s
 2659145 2226922 1430.27374   46  305 4.0000e+10 1420.43167   100%  48.3 4080s
 2668472 2237784 3.3100e+09  100  275 4.0000e+10 1420.44317   100%  48.3 4086s
 2676740 2241593 1546.18162   69  274 4.0000e+10 1420.45741   100%  48.3 4091s
 2682716 2247149 5.3368e+09   76  280 4.0000e+10 1420.46674   100%  48.3 4096s
 2691058 2254620 1568.77965   62  288 4.0000e+10 1420.47731   100%  48.3 4101s
 2699359 2260692 3.0205e+10  134  291 4.0000e+10 1420.48861   100%  48.2 4107s
 2703654 2265767 1426.32458   39  321 4.0000e+10 1420.49694   100%  48.2 4110s
 2711292 2271251 1455.07852   54  309 4.0000e+10 1420.51012   100%  48.2 4115s
 2721511 2281306 5.4248e+08   64  300 4.0000e+10 1420.52689   100%  48.2 4120s
 2731109 2289345 1458.93158   53  305 4.0000e+10 1420.53893   100%  48.2 4125s
 2739910 2297331 1508.97666   63  298 4.0000e+10 1420.55075   100%  48.2 4130s
 2747584 2303494 2.6423e+09   88  292 4.0000e+10 1420.56504   100%  48.1 4136s
 2750764 2306120 4.4944e+08   66  293 4.0000e+10 1420.56883   100%  48.1 4141s
 2758946 2313992 2.6758e+09   66  282 4.0000e+10 1420.58314   100%  48.1 4145s
 2770575 2322900 1556.94527   63  279 4.0000e+10 1420.60373   100%  48.1 4151s
 2778761 2331231 1.6655e+10  140  259 4.0000e+10 1420.61759   100%  48.1 4155s
 2787076 2337695     cutoff  113      4.0000e+10 1420.63403   100%  48.1 4160s
 2791323 2342519 3.1675e+10  175  268 4.0000e+10 1420.63665   100%  48.1 4165s
 2800312 2350326 1488.89500   49  304 4.0000e+10 1420.65822   100%  48.1 4170s
 2809577 2358119 1.8080e+09   78  306 4.0000e+10 1420.67424   100%  48.1 4175s
 2811348 2358667 9.7206e+09   75  289 4.0000e+10 1420.67642   100%  48.1 4180s
 2818149 2365607 3.4737e+10  152  265 4.0000e+10 1420.68888   100%  48.1 4185s
 2825829 2371381 1447.11918   57  305 4.0000e+10 1420.69906   100%  48.1 4190s
 2833806 2378752 1473.04742   60  298 4.0000e+10 1420.71202   100%  48.1 4195s
 2840929 2384970 1.5034e+10  110  285 4.0000e+10 1420.72536   100%  48.1 4200s
 2849016 2390771 1454.23404   41  309 4.0000e+10 1420.73573   100%  48.1 4205s
 2857376 2399161 1452.22362   44  300 4.0000e+10 1420.75065   100%  48.1 4210s
 2866080 2406805 3.1464e+10   74  278 4.0000e+10 1420.76332   100%  48.0 4218s
 2871189 2411203 1.0618e+09   69  287 4.0000e+10 1420.77290   100%  48.0 4220s
 2879872 2418808 1558.82177   56  282 4.0000e+10 1420.78512   100%  48.0 4225s
 2890063 2427646 1529.61555   57  305 4.0000e+10 1420.80136   100%  48.0 4230s
 2899444 2435898 1453.19021   49  314 4.0000e+10 1420.81569   100%  48.0 4235s
 2900962 2436168 1.1952e+09   70  296 4.0000e+10 1420.81748   100%  48.0 4240s
 2906414 2442060 8.4992e+08   50  287 4.0000e+10 1420.82854   100%  48.0 4245s
 2911916 2446616     cutoff  103      4.0000e+10 1420.83914   100%  48.0 4250s
 2921949 2455585 1426.92168   43  325 4.0000e+10 1420.85843   100%  48.0 4255s
 2931330 2462413     cutoff  165      4.0000e+10 1420.87456   100%  48.0 4261s
 2939024 2470000 1460.03901   44  318 4.0000e+10 1420.88644   100%  48.0 4265s
 2948856 2478286 1437.26817   47  317 4.0000e+10 1420.90283   100%  47.9 4270s
 2954804 2484085 2.4593e+09   88  298 4.0000e+10 1420.91317   100%  47.9 4275s
 2964763 2492453 3.3853e+10  108  287 4.0000e+10 1420.93102   100%  47.9 4280s
 2973252 2499108 1470.93890   55  313 4.0000e+10 1420.94097   100%  47.9 4285s
 2982543 2508027 1426.85186   45  321 4.0000e+10 1420.96063   100%  47.9 4290s
 2983985 2508288 2.7565e+10  115  287 4.0000e+10 1420.96285   100%  47.9 4298s
 2984023 2508372 2.8030e+10  116  288 4.0000e+10 1420.96293   100%  47.9 4300s
 2991009 2515579 2.8535e+10  170  284 4.0000e+10 1420.97341   100%  47.9 4305s
 3000314 2523636 1547.33076   58  288 4.0000e+10 1420.98442   100%  47.9 4310s
 3003794 2526139 1431.88804   39  321 4.0000e+10 1420.99035   100%  47.9 4315s
 3014409 2535371 1448.92768   45  312 4.0000e+10 1421.00448   100%  47.9 4320s
 3022139 2542173     cutoff   95      4.0000e+10 1421.01685   100%  47.9 4325s
 3032088 2550628 1520.04076   59  289 4.0000e+10 1421.02832   100%  47.9 4330s
 3038663 2556755 2.1976e+09   72  286 4.0000e+10 1421.04002   100%  47.9 4335s
 3046841 2563305 1.5152e+09   64  300 4.0000e+10 1421.05167   100%  47.9 4340s
 3053970 2568513 1514.32249   55  285 4.0000e+10 1421.06076   100%  47.9 4346s
 3060437 2575612 2.1509e+10  100  257 4.0000e+10 1421.07022   100%  47.8 4350s
 3073179 2586658 1458.88840   48  303 4.0000e+10 1421.09275   100%  47.8 4355s
 3084738 2595915 1442.17668   46  318 4.0000e+10 1421.10906   100%  47.8 4361s
 3093224 2603658 1569.71177   63  291 4.0000e+10 1421.12202   100%  47.8 4365s
 3100804 2610643 6.9689e+08   90  296 4.0000e+10 1421.13235   100%  47.8 4370s
 3109927 2617589 3.7907e+09   80  268 4.0000e+10 1421.14390   100%  47.8 4375s
 3117245 2624739     cutoff  129      4.0000e+10 1421.15608   100%  47.8 4380s
 3120660 2632740 1426.85225   40  323 4.0000e+10 1421.16123   100%  47.8 4387s
 3131805 2637670 1433.49900   52  317 4.0000e+10 1421.17705   100%  47.8 4390s
 3140005 2643890 1.1221e+10   69  289 4.0000e+10 1421.18926   100%  47.8 4395s
 3148745 2650679 1466.32607   53  322 4.0000e+10 1421.20103   100%  47.8 4402s
 3148936 2651791 1.9464e+10  128  296 4.0000e+10 1421.20113   100%  47.8 4405s
 3160207 2661815 7.9210e+09  108  289 4.0000e+10 1421.22123   100%  47.7 4410s
 3171905 2672121 1.1734e+10   76  323 4.0000e+10 1421.23941   100%  47.7 4415s
 3181725 2679543 3.1708e+09   78  264 4.0000e+10 1421.25651   100%  47.7 4421s
 3189387 2687225 1469.05202   59  290 4.0000e+10 1421.26830   100%  47.7 4425s
 3195714 2692520 4.7460e+09  106  298 4.0000e+10 1421.27986   100%  47.7 4430s
 3199696 2696224 1.0000e+10   64  291 4.0000e+10 1421.28737   100%  47.7 4435s
 3209928 2705029 1458.46754   52  305 4.0000e+10 1421.30213   100%  47.7 4440s
 3219075 2712682 1484.41812   47  293 4.0000e+10 1421.31612   100%  47.7 4445s
 3226033 2718764 1.0591e+09   58  309 4.0000e+10 1421.32808   100%  47.7 4450s
 3238101 2728380 1493.56483   58  284 4.0000e+10 1421.34405   100%  47.7 4456s
 3240590 2730495 1441.09841   38  291 4.0000e+10 1421.34924   100%  47.7 4462s
 3240979 2737354 1430.83442   43  339 4.0000e+10 1421.34971   100%  47.7 4468s
 3250465 2738736 1454.42361   51  289 4.0000e+10 1421.36422   100%  47.7 4472s
 3254604 2743722     cutoff  179      4.0000e+10 1421.36764   100%  47.7 4475s
 3267070 2754097 4.6483e+07   66  276 4.0000e+10 1421.38462   100%  47.7 4480s
 3278481 2764262 1.0289e+09   72  300 4.0000e+10 1421.40195   100%  47.7 4485s
 3284653 2768897 1494.00145   63  324 4.0000e+10 1421.41091   100%  47.7 4490s
 3294942 2777711 1.9858e+10  136  272 4.0000e+10 1421.42502   100%  47.7 4495s
 3304579 2786450 1460.37376   51  300 4.0000e+10 1421.43688   100%  47.7 4500s
 3311813 2792458 1557.86561   74  291 4.0000e+10 1421.44582   100%  47.7 4505s
 3323098 2802122 1.1310e+10  104  301 4.0000e+10 1421.46044   100%  47.7 4510s
 3332374 2810685     cutoff  138      4.0000e+10 1421.47520   100%  47.7 4515s
 3337756 2815230 1473.93930   55  294 4.0000e+10 1421.48459   100%  47.7 4520s
 3341053 2818141 2.4859e+10   59  271 4.0000e+10 1421.48947   100%  47.7 4525s
 3347153 2828889 1.5252e+10  120  281 4.0000e+10 1421.49818   100%  47.7 4533s
 3358195 2832918 1.0780e+09   68  294 4.0000e+10 1421.51303   100%  47.7 4535s
 3364686 2837516 1471.95670   46  304 4.0000e+10 1421.52215   100%  47.7 4540s
 3376626 2848968 1443.61649   41  314 4.0000e+10 1421.54023   100%  47.7 4545s
 3385492 2856280 4.8800e+08   59  284 4.0000e+10 1421.55352   100%  47.7 4550s
 3390343 2860788 1.0941e+10   66  282 4.0000e+10 1421.55906   100%  47.6 4555s
 3399941 2868798 9.4548e+08   71  299 4.0000e+10 1421.57396   100%  47.6 4560s
 3407576 2875263 1483.97179   52  308 4.0000e+10 1421.58678   100%  47.6 4565s
 3412585 2880281 3.4162e+09   96  281 4.0000e+10 1421.59354   100%  47.6 4570s
 3420772 2886908 1553.54348   67  303 4.0000e+10 1421.60405   100%  47.6 4575s
 3430836 2895721 1453.41610   48  296 4.0000e+10 1421.61407   100%  47.6 4580s
 3437480 2901379 6.8335e+08   73  286 4.0000e+10 1421.62617   100%  47.6 4585s
 3444589 2907271 3.0000e+10   57  264 4.0000e+10 1421.63611   100%  47.6 4590s
 3452792 2913804 1.7661e+09   66  294 4.0000e+10 1421.64837   100%  47.6 4595s
 3456976 2918275 1.0000e+10   61  299 4.0000e+10 1421.65460   100%  47.6 4600s
 3466004 2926231 1.9012e+10  135  293 4.0000e+10 1421.66416   100%  47.6 4605s
 3474523 2932222 3.7662e+10  122  262 4.0000e+10 1421.67485   100%  47.6 4611s
 3482069 2939719 6.0811e+09   84  289 4.0000e+10 1421.68687   100%  47.6 4615s
 3491535 2948008 1532.97717   68  309 4.0000e+10 1421.69916   100%  47.6 4620s
 3497841 2953636 1506.80938   55  315 4.0000e+10 1421.70437   100%  47.6 4625s
 3499803 2958816 6.2314e+09  100  267 4.0000e+10 1421.70698   100%  47.6 4630s
 3512002 2966183 1432.19574   44  320 4.0000e+10 1421.72219   100%  47.6 4635s
 3522357 2974548 1430.95290   43  331 4.0000e+10 1421.73208   100%  47.6 4640s
 3531734 2982489 1576.33258   66  301 4.0000e+10 1421.74318   100%  47.6 4645s
 3537652 2987409     cutoff  138      4.0000e+10 1421.75259   100%  47.5 4651s
 3544412 2994580 1550.53160   65  279 4.0000e+10 1421.76089   100%  47.6 4655s
 3549554 2997617 1517.69441   63  293 4.0000e+10 1421.76880   100%  47.5 4660s
 3557042 3004722 2.5769e+10  120  281 4.0000e+10 1421.77758   100%  47.5 4665s
 3564710 3010337 1.2253e+10  109  297 4.0000e+10 1421.78666   100%  47.5 4671s
 3571087 3016652 3.5636e+10  147  293 4.0000e+10 1421.79466   100%  47.5 4675s
 3581547 3025943 1.0471e+09   64  303 4.0000e+10 1421.80768   100%  47.5 4680s
 3593871 3036495 3.3364e+10  123  260 4.0000e+10 1421.82589   100%  47.5 4685s
 3600298 3041431 1463.88809   65  301 4.0000e+10 1421.83066   100%  47.5 4690s
 3609645 3049132 2.2975e+10   68  284 4.0000e+10 1421.84470   100%  47.5 4695s
 3615957 3054680 1.0000e+10   66  296 4.0000e+10 1421.85207   100%  47.5 4701s
 3620826 3058991 3.0854e+10  160  281 4.0000e+10 1421.86068   100%  47.5 4706s
 3627919 3066085 1458.94855   69  315 4.0000e+10 1421.86906   100%  47.5 4710s
 3639033 3075016 2.5630e+10  155  278 4.0000e+10 1421.88492   100%  47.5 4715s
 3646658 3081936 2.4864e+10   98  290 4.0000e+10 1421.89689   100%  47.5 4720s
 3654210 3088755 1.9753e+09   57  298 4.0000e+10 1421.90417   100%  47.5 4725s
 3666433 3099096 1449.14244   49  307 4.0000e+10 1421.92011   100%  47.5 4730s
 3675561 3106673 2.1833e+10  112  306 4.0000e+10 1421.93094   100%  47.4 4735s
 3683879 3114292 1.6583e+10  117  287 4.0000e+10 1421.94373   100%  47.4 4740s
 3685533 3115807 1.7133e+10   99  283 4.0000e+10 1421.94547   100%  47.4 4745s
 3696667 3125152 1.9385e+08   63  284 4.0000e+10 1421.95677   100%  47.4 4750s
 3705696 3133171 1447.12710   47  320 4.0000e+10 1421.96724   100%  47.4 4755s
 3712144 3139422 2.0072e+10  141  288 4.0000e+10 1421.97347   100%  47.4 4760s
 3724402 3150308 1.6251e+09   65  292 4.0000e+10 1421.98773   100%  47.4 4765s
 3730390 3154179 1450.84999   50  304 4.0000e+10 1421.99452   100%  47.4 4772s
 3732349 3157294 1.1470e+10   67  283 4.0000e+10 1421.99908   100%  47.4 4775s
 3743782 3166405 2.6556e+09   54  297 4.0000e+10 1422.01360   100%  47.4 4780s
 3750950 3172118 1.3150e+10   83  283 4.0000e+10 1422.02425   100%  47.4 4786s
 3756846 3178165 5.9952e+09  114  299 4.0000e+10 1422.03293   100%  47.4 4790s
 3769639 3188321 2.1298e+10  129  289 4.0000e+10 1422.04809   100%  47.4 4795s
 3776339 3194856 1441.11700   45  313 4.0000e+10 1422.05722   100%  47.4 4800s
 3783366 3200680 1458.13341   55  302 4.0000e+10 1422.06771   100%  47.4 4805s
 3792313 3208643 3.0739e+08   80  290 4.0000e+10 1422.07949   100%  47.4 4810s
 3797531 3211982 3.8203e+10  145  287 4.0000e+10 1422.08425   100%  47.4 4817s
 3801539 3216152 1.2749e+10   65  286 4.0000e+10 1422.09442   100%  47.4 4820s
 3812637 3224819 1433.77060   47  319 4.0000e+10 1422.10695   100%  47.4 4825s
 3822514 3233937 1.5950e+10  107  291 4.0000e+10 1422.12154   100%  47.4 4830s
 3829890 3239245 1.1497e+10  102  283 4.0000e+10 1422.13024   100%  47.4 4838s
 3831139 3241546 1424.81325   44  323 4.0000e+10 1422.13214   100%  47.4 4840s
 3842425 3251097 1.8776e+10  132  270 4.0000e+10 1422.14597   100%  47.4 4845s
 3847880 3254698 1.7592e+10  119  287 4.0000e+10 1422.15045   100%  47.4 4850s
 3858170 3264613 1.6731e+10  112  257 4.0000e+10 1422.16526   100%  47.3 4855s
 3868308 3273812 2.1768e+10  122  282 4.0000e+10 1422.17687   100%  47.3 4860s
 3877664 3281797 1440.98038   44  302 4.0000e+10 1422.18996   100%  47.3 4865s
 3885943 3287576 7.7811e+09   81  275 4.0000e+10 1422.19931   100%  47.3 4871s
 3895403 3296509 1431.08436   36  314 4.0000e+10 1422.20766   100%  47.3 4875s
 3899277 3299977 1434.80291   54  319 4.0000e+10 1422.21387   100%  47.3 4880s
 3909336 3309268 5.0702e+09   90  271 4.0000e+10 1422.22574   100%  47.3 4885s
 3919207 3317677 1480.69587   45  292 4.0000e+10 1422.23842   100%  47.3 4890s
 3927984 3324151 3.2949e+10   91  263 4.0000e+10 1422.24933   100%  47.3 4896s
 3929866 3326174 1581.60325   81  315 4.0000e+10 1422.25179   100%  47.3 4900s
 3939951 3335391 1426.21843   45  326 4.0000e+10 1422.26453   100%  47.3 4905s
 3949278 3343276 1436.68250   41  319 4.0000e+10 1422.27707   100%  47.3 4910s
 3957680 3350791 6.5643e+08   58  297 4.0000e+10 1422.28615   100%  47.3 4915s
 3963054 3354444 5.5871e+09   95  299 4.0000e+10 1422.29260   100%  47.3 4920s
 3965068 3355935 1.1666e+09   72  275 4.0000e+10 1422.29345   100%  47.3 4926s
 3967840 3364912 3.5072e+10  121  285 4.0000e+10 1422.29695   100%  47.3 4932s
 3977633 3367147 1438.32368   50  315 4.0000e+10 1422.30912   100%  47.3 4935s
 3981406 3371429 1501.05547   50  288 4.0000e+10 1422.31405   100%  47.3 4940s
 3988041 3375937 1.2153e+10  142  279 4.0000e+10 1422.32094   100%  47.3 4945s
 3995851 3383579 1533.45676   59  292 4.0000e+10 1422.33119   100%  47.3 4950s
 4002250 3387934 1433.80344   43  325 4.0000e+10 1422.33754   100%  47.3 4956s
 4007668 3393660 2.9873e+09   72  271 4.0000e+10 1422.34313   100%  47.3 4960s
 4015951 3401046 1461.62485   50  321 4.0000e+10 1422.35239   100%  47.3 4965s
 4024691 3407722 1466.08525   51  309 4.0000e+10 1422.36375   100%  47.3 4970s
 4034082 3416530 1428.12035   43  308 4.0000e+10 1422.37562   100%  47.3 4975s
 4041754 3423035 5.6001e+09   68  292 4.0000e+10 1422.38433   100%  47.3 4980s
 4049186 3428783 1467.17875   49  300 4.0000e+10 1422.39252   100%  47.3 4985s
 4057726 3437193 1.1547e+10   97  318 4.0000e+10 1422.40100   100%  47.3 4990s
 4067771 3445854 3.6505e+08   65  267 4.0000e+10 1422.41073   100%  47.2 4995s
 4073206 3454129 1494.46115   62  301 4.0000e+10 1422.41676   100%  47.2 5000s
 4081845 3458345 1462.03766   50  279 4.0000e+10 1422.42642   100%  47.2 5005s
 4087951 3465148     cutoff   72      4.0000e+10 1422.43404   100%  47.2 5010s
 4096541 3470811 1562.19073   68  292 4.0000e+10 1422.44479   100%  47.2 5015s
 4106114 3478909 6.5339e+09   73  287 4.0000e+10 1422.45439   100%  47.2 5020s
 4115198 3485999 1.0889e+10   98  270 4.0000e+10 1422.46421   100%  47.2 5026s
 4120426 3491125 1466.54114   45  290 4.0000e+10 1422.47002   100%  47.2 5030s
 4127784 3496850 2.2346e+10   93  267 4.0000e+10 1422.47846   100%  47.2 5035s
 4136350 3503896     cutoff   54      4.0000e+10 1422.48849   100%  47.2 5042s
 4141678 3509658 3.8163e+10  116  275 4.0000e+10 1422.49664   100%  47.2 5045s
 4152356 3517915 3.2596e+10   53  279 4.0000e+10 1422.50861   100%  47.2 5052s
 4154389 3520693 1497.01709   53  294 4.0000e+10 1422.50987   100%  47.2 5055s
 4162426 3527318 5.7701e+08   50  299 4.0000e+10 1422.51967   100%  47.2 5060s
 4171347 3535141 1.0000e+10   67  287 4.0000e+10 1422.52729   100%  47.2 5065s
 4179596 3542648     cutoff  121      4.0000e+10 1422.53512   100%  47.2 5070s
 4188282 3549554 1498.55313   55  296 4.0000e+10 1422.54528   100%  47.2 5075s
 4193096 3554672 1534.77872   61  286 4.0000e+10 1422.55172   100%  47.2 5080s
 4203277 3562041 2.9177e+10   86  277 4.0000e+10 1422.56331   100%  47.2 5085s
 4214314 3572306 1552.89863   54  284 4.0000e+10 1422.57832   100%  47.2 5090s
 4217976 3575771 1543.37371   59  275 4.0000e+10 1422.58175   100%  47.2 5095s
 4229590 3585914 2.1180e+09   96  300 4.0000e+10 1422.59492   100%  47.2 5100s
 4234544 3590241 2.5327e+07   68  311 4.0000e+10 1422.59947   100%  47.2 5105s
 4244381 3597899 2.1166e+10   99  258 4.0000e+10 1422.61008   100%  47.2 5110s
 4252839 3605222 1454.97846   52  305 4.0000e+10 1422.61984   100%  47.2 5115s
 4261342 3612961 1.6831e+10  154  285 4.0000e+10 1422.62818   100%  47.2 5120s
 4265508 3616011 2.4468e+10  143  277 4.0000e+10 1422.63276   100%  47.2 5126s
 4273409 3623398 1544.09867   68  263 4.0000e+10 1422.64284   100%  47.2 5130s
 4279312 3627481 1438.94603   48  306 4.0000e+10 1422.64962   100%  47.2 5136s
 4286203 3634056 1440.91140   52  300 4.0000e+10 1422.65677   100%  47.2 5140s
 4295412 3641910 1499.16601   60  292 4.0000e+10 1422.66659   100%  47.2 5145s
 4302654 3650524 1466.98934   47  286 4.0000e+10 1422.67489   100%  47.2 5151s
 4313288 3657823 1476.70122   51  305 4.0000e+10 1422.68871   100%  47.2 5155s
 4317153 3664416 1474.69913   50  307 4.0000e+10 1422.69214   100%  47.2 5160s
 4326690 3668078 1427.74526   48  325 4.0000e+10 1422.70048   100%  47.1 5167s
 4329162 3671139 3.0689e+10  142  284 4.0000e+10 1422.70303   100%  47.1 5170s
 4338668 3678854 2.2418e+10  159  287 4.0000e+10 1422.71331   100%  47.1 5175s
 4348009 3688080 1491.24235   59  323 4.0000e+10 1422.72604   100%  47.1 5180s
 4354728 3693601 1.8653e+09   79  289 4.0000e+10 1422.73328   100%  47.1 5185s
 4365555 3703169 9.7056e+09  109  275 4.0000e+10 1422.74646   100%  47.1 5190s
 4372069 3708030 2.7849e+09   67  272 4.0000e+10 1422.75497   100%  47.1 5195s
 4383184 3718172 2.7220e+10  135  283 4.0000e+10 1422.76676   100%  47.1 5200s
 4389575 3722543 2.4250e+10  142  283 4.0000e+10 1422.77273   100%  47.1 5205s
 4399828 3732493 1435.13739   43  328 4.0000e+10 1422.78452   100%  47.1 5210s
 4406898 3744474 1563.61374   61  279 4.0000e+10 1422.79285   100%  47.1 5218s
 4418094 3748506 1.1264e+10   92  284 4.0000e+10 1422.80520   100%  47.1 5220s
 4426743 3755813 3.0569e+10  146  282 4.0000e+10 1422.81540   100%  47.1 5225s
 4432043 3760496 3.0344e+09   87  290 4.0000e+10 1422.82135   100%  47.1 5230s
 4440786 3767722 1.6371e+10   77  274 4.0000e+10 1422.83120   100%  47.1 5235s
 4448776 3773982 1469.58535   47  304 4.0000e+10 1422.84099   100%  47.1 5240s
 4458062 3783120 4.0224e+08   65  270 4.0000e+10 1422.85060   100%  47.1 5245s
 4464946 3788424 1.7565e+10  123  272 4.0000e+10 1422.85651   100%  47.1 5252s
 4472401 3795335     cutoff  135      4.0000e+10 1422.86242   100%  47.1 5255s
 4482095 3803109 1527.03878   49  291 4.0000e+10 1422.87457   100%  47.1 5260s
 4482265 3809820 1558.48434   50  282 4.0000e+10 1422.87517   100%  47.1 5265s
 4494806 3814429 8.0596e+09  105  292 4.0000e+10 1422.88975   100%  47.1 5270s
 4502497 3821863 5.7537e+08   74  313 4.0000e+10 1422.89679   100%  47.0 5275s
 4513469 3830315 1580.16091   66  258 4.0000e+10 1422.90724   100%  47.0 5280s
 4518666 3836038 1.0402e+10  134  288 4.0000e+10 1422.91336   100%  47.0 5285s
 4525512 3840821 3.1105e+10  147  293 4.0000e+10 1422.91976   100%  47.0 5291s
 4530386 3845817 1573.89993   68  296 4.0000e+10 1422.92524   100%  47.0 5295s
 4538730 3852705 4.9770e+09   90  299 4.0000e+10 1422.93395   100%  47.0 5300s
 4546175 3858637 1435.12219   45  315 4.0000e+10 1422.94088   100%  47.0 5305s
 4552659 3863890 1469.08839   51  315 4.0000e+10 1422.94848   100%  47.0 5310s
 4563922 3874055 3.5446e+08   63  296 4.0000e+10 1422.95970   100%  47.0 5315s
 4565297 3874533 1542.59898   55  302 4.0000e+10 1422.96061   100%  47.0 5320s
 4575080 3883758 1.0005e+10   61  288 4.0000e+10 1422.97334   100%  47.0 5325s
 4584186 3891755 1.4399e+10   95  260 4.0000e+10 1422.98164   100%  47.0 5330s
 4590369 3896277 1.3182e+09   84  298 4.0000e+10 1422.98862   100%  47.0 5335s
 4602123 3907446 1559.05478   62  298 4.0000e+10 1422.99923   100%  47.0 5340s
 4609221 3913059 8.8723e+09  133  278 4.0000e+10 1423.00500   100%  47.0 5345s
 4618501 3921722 2.3704e+10  136  286 4.0000e+10 1423.01459   100%  47.0 5350s
 4624194 3926289 2.6616e+10   92  280 4.0000e+10 1423.02123   100%  47.0 5355s
 4627356 3929745 7.4500e+09   83  264 4.0000e+10 1423.02364   100%  47.0 5360s
 4639709 3940035 2.8954e+10  150  276 4.0000e+10 1423.03605   100%  47.0 5365s
 4647652 3946320 1.1516e+09   60  297 4.0000e+10 1423.04427   100%  47.0 5370s
 4656207 3954988 8.5996e+09  119  282 4.0000e+10 1423.05350   100%  47.0 5375s
 4663691 3961152 3.7129e+10  130  259 4.0000e+10 1423.06002   100%  47.0 5380s
 4674698 3970482 1.9917e+09   75  290 4.0000e+10 1423.07123   100%  47.0 5385s
 4681999 3976845 1464.68152   50  308 4.0000e+10 1423.07796   100%  47.0 5390s
 4689420 3983553 1531.30866   61  287 4.0000e+10 1423.08655   100%  47.0 5395s
 4697998 3991056 1453.40239   46  305 4.0000e+10 1423.09586   100%  47.0 5400s
 4702113 3994794 1464.12658   59  293 4.0000e+10 1423.09971   100%  47.0 5405s
 4714207 4004925 1601.69940   63  298 4.0000e+10 1423.11343   100%  47.0 5410s
 4720947 4011179 1515.45649   59  285 4.0000e+10 1423.12059   100%  46.9 5415s
 4730470 4017610     cutoff   89      4.0000e+10 1423.13175   100%  46.9 5420s
 4732975 4019763 2.4018e+10   79  277 4.0000e+10 1423.13405   100%  46.9 5426s
 4738849 4025034 1.0021e+09   70  284 4.0000e+10 1423.13907   100%  46.9 5430s
 4748590 4034263 1496.25144   51  287 4.0000e+10 1423.14882   100%  46.9 5435s
 4757333 4041298 infeasible  154      4.0000e+10 1423.16035   100%  46.9 5440s
 4766490 4049835 1457.00428   42  305 4.0000e+10 1423.16880   100%  46.9 5445s
 4775785 4057968 1514.44694   61  299 4.0000e+10 1423.17811   100%  46.9 5450s
 4784850 4065225 1511.06010   58  294 4.0000e+10 1423.18651   100%  46.9 5455s
 4792820 4071325 1.2181e+10  130  254 4.0000e+10 1423.19590   100%  46.9 5460s
 4801331 4079099 1.3532e+10   68  261 4.0000e+10 1423.20459   100%  46.9 5465s
 4809596 4086514 1.3485e+07   76  312 4.0000e+10 1423.21257   100%  46.9 5470s
 4817032 4092676 6.1719e+09  105  273 4.0000e+10 1423.21930   100%  46.9 5475s
 4820337 4094891 1602.87207   58  276 4.0000e+10 1423.22268   100%  46.9 5481s
 4829045 4103055 1488.48449   52  305 4.0000e+10 1423.23014   100%  46.9 5485s
 4837921 4110630 3.1108e+07   72  298 4.0000e+10 1423.24063   100%  46.9 5490s
 4848767 4119286 3.1733e+10   60  273 4.0000e+10 1423.25102   100%  46.9 5496s
 4856509 4126868 1.4470e+10  141  284 4.0000e+10 1423.25893   100%  46.9 5500s
 4865406 4134453 1433.42012   40  317 4.0000e+10 1423.26774   100%  46.9 5505s
 4869471 4138684 1451.01356   53  315 4.0000e+10 1423.27114   100%  46.9 5510s
 4879262 4146524 1.5107e+10  115  287 4.0000e+10 1423.28023   100%  46.9 5515s
 4885851 4152598 1443.41422   55  310 4.0000e+10 1423.28797   100%  46.9 5520s
 4894147 4158746 1427.52612   39  315 4.0000e+10 1423.29473   100%  46.9 5525s
 4905526 4169136 1.7349e+10  102  285 4.0000e+10 1423.30429   100%  46.9 5530s
 4914269 4177321 1432.29594   44  318 4.0000e+10 1423.31390   100%  46.9 5535s
 4920630 4181607 1428.45186   45  318 4.0000e+10 1423.31922   100%  46.9 5541s
 4927148 4188161 1.3658e+10  106  289 4.0000e+10 1423.32525   100%  46.9 5545s
 4938361 4197322 1.5548e+10   62  292 4.0000e+10 1423.33519   100%  46.9 5551s
 4941869 4201485 3.5005e+08   67  291 4.0000e+10 1423.33975   100%  46.9 5555s
 4951108 4208718 1.4435e+10  117  273 4.0000e+10 1423.34931   100%  46.9 5560s
 4956616 4214007 2.7847e+09   79  292 4.0000e+10 1423.35460   100%  46.9 5565s
 4966045 4221527 3.1594e+08   62  288 4.0000e+10 1423.36467   100%  46.9 5570s
 4972262 4226288 1501.17918   63  292 4.0000e+10 1423.37144   100%  46.9 5578s
 4974249 4229146 1439.49952   49  318 4.0000e+10 1423.37451   100%  46.8 5580s
 4983272 4236682 5.0754e+08   63  288 4.0000e+10 1423.38467   100%  46.8 5585s
 4992814 4245758 8.4187e+09   99  280 4.0000e+10 1423.39329   100%  46.8 5590s
 5000307 4252070 6.8688e+09   82  287 4.0000e+10 1423.39993   100%  46.8 5595s
 5011308 4261451 1441.69711   42  291 4.0000e+10 1423.40887   100%  46.8 5600s
 5020833 4269869 1.0784e+09   68  277 4.0000e+10 1423.41746   100%  46.8 5605s
 5029687 4277464 1557.88313   62  297 4.0000e+10 1423.42526   100%  46.8 5610s
 5038428 4285783 1542.79919   65  269 4.0000e+10 1423.43278   100%  46.8 5615s
 5045901 4290698 1555.00685   65  304 4.0000e+10 1423.44002   100%  46.8 5620s
 5054886 4299483 1479.44528   44  304 4.0000e+10 1423.44909   100%  46.8 5625s
 5065976 4308418 1580.21251   58  298 4.0000e+10 1423.45963   100%  46.8 5630s
 5072021 4314055 8.0966e+09  134  253 4.0000e+10 1423.46388   100%  46.8 5635s
 5083301 4323155 1429.47200   36  312 4.0000e+10 1423.47492   100%  46.8 5641s
 5088384 4328030 2.6687e+10  163  258 4.0000e+10 1423.48223   100%  46.8 5645s
 5096912 4335682 2.1830e+09   64  282 4.0000e+10 1423.49275   100%  46.8 5650s
 5100870 4337983 1437.42045   50  324 4.0000e+10 1423.49764   100%  46.8 5655s
 5105946 4342480 2.2532e+09  103  296 4.0000e+10 1423.50135   100%  46.8 5661s
 5113501 4350344 2.9635e+09   89  272 4.0000e+10 1423.51083   100%  46.8 5665s
 5121790 4356709 1521.48576   69  316 4.0000e+10 1423.51849   100%  46.8 5672s
 5127700 4362265 1595.73850   63  263 4.0000e+10 1423.52536   100%  46.8 5675s
 5139146 4372058 1450.42516   42  286 4.0000e+10 1423.53783   100%  46.8 5680s
 5150084 4380556 1557.08222   57  309 4.0000e+10 1423.55046   100%  46.8 5685s
 5158666 4388845 1469.03987   43  294 4.0000e+10 1423.55762   100%  46.8 5690s
 5166816 4395850 7.3463e+08   62  285 4.0000e+10 1423.56535   100%  46.8 5695s
 5177319 4404310 1.7635e+10  132  275 4.0000e+10 1423.57524   100%  46.8 5701s
 5181837 4409395 1555.04525   56  279 4.0000e+10 1423.57920   100%  46.8 5705s
 5191484 4417676 1532.63153   68  302 4.0000e+10 1423.58925   100%  46.7 5710s
 5202262 4426828 1434.23091   40  318 4.0000e+10 1423.59786   100%  46.7 5715s
 5203480 4426892 1.4787e+09   76  285 4.0000e+10 1423.59977   100%  46.7 5721s
 5209095 4431762 1539.23384   75  311 4.0000e+10 1423.60482   100%  46.7 5727s
 5214563 4437034 1477.84629   50  298 4.0000e+10 1423.61038   100%  46.7 5730s
 5224492 4445459 1476.10087   52  291 4.0000e+10 1423.62005   100%  46.7 5735s
 5235315 4455502 3.7512e+10  103  294 4.0000e+10 1423.63003   100%  46.7 5740s
 5243818 4463072 1505.11329   61  290 4.0000e+10 1423.63870   100%  46.7 5745s
 5253440 4470166 1477.81645   58  306 4.0000e+10 1423.64731   100%  46.7 5751s
 5261122 4477661 1511.77307   65  295 4.0000e+10 1423.65357   100%  46.7 5755s
 5271902 4487062 1.0368e+09   64  282 4.0000e+10 1423.66523   100%  46.7 5760s
 5282807 4496866 2.9093e+10  121  288 4.0000e+10 1423.67589   100%  46.7 5765s
 5286941 4499993 1488.96599   55  296 4.0000e+10 1423.68063   100%  46.7 5770s
 5298588 4509960 1439.17309   43  308 4.0000e+10 1423.68973   100%  46.7 5775s
 5300821 4511617 1536.91535   56  287 4.0000e+10 1423.69247   100%  46.7 5780s
 5312370 4521885 1.7993e+10  133  266 4.0000e+10 1423.70109   100%  46.7 5785s
 5319723 4528552 1506.90731   50  299 4.0000e+10 1423.70799   100%  46.7 5790s
 5328234 4535258 3.2521e+09   87  280 4.0000e+10 1423.71752   100%  46.7 5795s
 5336671 4542193     cutoff  104      4.0000e+10 1423.72644   100%  46.7 5800s
 5341313 4545822 4.2680e+09   85  310 4.0000e+10 1423.72989   100%  46.7 5805s
 5346860 4549710 2.1534e+10  120  289 4.0000e+10 1423.73644   100%  46.7 5810s
 5355897 4558289 1425.68831   42  318 4.0000e+10 1423.74499   100%  46.7 5815s
 5361027 4562505 1486.42675   49  304 4.0000e+10 1423.74845   100%  46.7 5820s
 5367504 4568409 1.3393e+10  110  290 4.0000e+10 1423.75507   100%  46.7 5825s
 5378786 4577529 1472.57546   49  303 4.0000e+10 1423.76607   100%  46.7 5830s
 5386445 4586177 1439.38902   47  300 4.0000e+10 1423.77321   100%  46.7 5835s
 5394845 4591445 2.6767e+10  112  289 4.0000e+10 1423.78079   100%  46.7 5840s
 5398646 4595432 1.1268e+10   55  276 4.0000e+10 1423.78507   100%  46.7 5845s
 5409442 4605022 1.0939e+10   78  288 4.0000e+10 1423.79444   100%  46.7 5850s
 5416043 4610472 8.0585e+09   81  282 4.0000e+10 1423.80037   100%  46.7 5855s
 5425879 4619503 2.5050e+10   99  282 4.0000e+10 1423.81011   100%  46.7 5860s
 5432041 4624838 6.6234e+09   81  292 4.0000e+10 1423.81633   100%  46.7 5865s
 5435255 4626309 9.2455e+09  101  294 4.0000e+10 1423.82002   100%  46.7 5872s
 5441708 4632350 6.1199e+09   87  288 4.0000e+10 1423.82648   100%  46.7 5875s
 5450293 4640616 1.4374e+09   78  286 4.0000e+10 1423.83566   100%  46.7 5880s
 5457525 4646548     cutoff  176      4.0000e+10 1423.84212   100%  46.7 5885s
 5468535 4655844 2.1416e+10  114  303 4.0000e+10 1423.85046   100%  46.7 5890s
 5475175 4661516 2.8898e+10  147  291 4.0000e+10 1423.85663   100%  46.7 5895s
 5486441 4671073     cutoff  127      4.0000e+10 1423.86808   100%  46.7 5900s
 5494485 4678531 4.0586e+09   73  294 4.0000e+10 1423.87577   100%  46.7 5905s
 5503984 4687118 1519.14725   68  295 4.0000e+10 1423.88431   100%  46.7 5910s
 5512582 4694041 2.2053e+10   78  271 4.0000e+10 1423.89198   100%  46.7 5915s
 5517815 4698367 1431.63935   48  320 4.0000e+10 1423.89537   100%  46.7 5920s
 5528836 4708163 2.1633e+09   65  310 4.0000e+10 1423.90507   100%  46.7 5925s
 5539021 4716122 2.6093e+10  133  274 4.0000e+10 1423.91405   100%  46.7 5930s
 5546523 4722994 1458.12598   53  302 4.0000e+10 1423.92156   100%  46.7 5935s
 5558042 4732190     cutoff  104      4.0000e+10 1423.93113   100%  46.6 5942s
 5562995 4736501 2.8821e+10  136  288 4.0000e+10 1423.93602   100%  46.6 5946s
 5571040 4744205 4.3098e+09   80  300 4.0000e+10 1423.94340   100%  46.7 5950s
 5578831 4751098 2.9343e+09   80  309 4.0000e+10 1423.95248   100%  46.7 5955s
 5580533 4757936 1434.39019   49  324 4.0000e+10 1423.95351   100%  46.6 5966s
 5596408 4766558 2.3743e+09   70  301 4.0000e+10 1423.96870   100%  46.7 5970s
 5608704 4775606 3.8421e+09   83  294 4.0000e+10 1423.97924   100%  46.6 5980s
 5613115 4779810 1.3259e+10  122  303 4.0000e+10 1423.98353   100%  46.6 5987s
 5619152 4785583 1499.00706   64  321 4.0000e+10 1423.98790   100%  46.6 5990s
 5627456 4793650 1482.67742   58  314 4.0000e+10 1423.99781   100%  46.6 5995s
 5636748 4801351 4.0993e+08   74  298 4.0000e+10 1424.00532   100%  46.6 6000s
 5647111 4810709 2.8295e+10  125  249 4.0000e+10 1424.01527   100%  46.6 6005s
 5649874 4812570 3.2077e+09  105  296 4.0000e+10 1424.01728   100%  46.6 6010s
 5658430 4819063 6.5467e+09  104  257 4.0000e+10 1424.02334   100%  46.6 6019s
 5658579 4825857 6.5952e+09  105  252 4.0000e+10 1424.02346   100%  46.6 6024s
 5666587 4827248 3.1061e+10  150  293 4.0000e+10 1424.03078   100%  46.6 6025s
 5679047 4836966 6.4241e+08   48  297 4.0000e+10 1424.04464   100%  46.6 6031s
 5686948 4844836 4.5901e+09   68  300 4.0000e+10 1424.05280   100%  46.6 6035s
 5695254 4851869 1436.05362   46  309 4.0000e+10 1424.05918   100%  46.6 6040s
 5706581 4861455 1.8780e+10  127  287 4.0000e+10 1424.06913   100%  46.6 6045s
 5715672 4868883 2.6516e+10  117  270 4.0000e+10 1424.07935   100%  46.6 6050s
 5723771 4876327 infeasible   72      4.0000e+10 1424.08300   100%  46.6 6055s
 5733257 4884656 4.2644e+09   75  281 4.0000e+10 1424.09284   100%  46.6 6060s
 5740806 4890341     cutoff  107      4.0000e+10 1424.10000   100%  46.6 6065s
 5748424 4897851 7.5493e+09   93  295 4.0000e+10 1424.10727   100%  46.6 6070s
 5758586 4905360 1459.76041   48  304 4.0000e+10 1424.11559   100%  46.6 6076s
 5759207 4906180 3.2688e+10   62  246 4.0000e+10 1424.11576   100%  46.6 6080s
 5769224 4914865 1551.76947   65  290 4.0000e+10 1424.12564   100%  46.6 6085s
 5780698 4925109 7.0675e+07   87  306 4.0000e+10 1424.13551   100%  46.6 6090s
 5788972 4931580 4.2620e+07   69  298 4.0000e+10 1424.14093   100%  46.6 6097s
 5789495 4931588 1452.95668   47  306 4.0000e+10 1424.14093   100%  46.6 6101s
 5796408 4938739 1470.59584   48  294 4.0000e+10 1424.14659   100%  46.6 6105s
 5805380 4946295 1624.21082   60  254 4.0000e+10 1424.15784   100%  46.6 6110s
 5817202 4956503 1453.85108   49  301 4.0000e+10 1424.16868   100%  46.6 6115s
 5825982 4964760 1.8325e+09   66  315 4.0000e+10 1424.17666   100%  46.6 6120s
 5831332 4967925 1.8615e+10   90  280 4.0000e+10 1424.18200   100%  46.6 6125s
 5834976 4971685 1598.00609   53  275 4.0000e+10 1424.18518   100%  46.6 6130s
 5844080 4979707 1.2384e+10  107  271 4.0000e+10 1424.19199   100%  46.6 6135s
 5851320 4985083 1470.95041   49  303 4.0000e+10 1424.19889   100%  46.6 6140s
 5860212 4993481 1.0000e+10   56  276 4.0000e+10 1424.20790   100%  46.6 6145s
 5870880 5002768 1.6307e+10   98  299 4.0000e+10 1424.21569   100%  46.6 6150s
 5878162 5009215 6.3450e+09  130  302 4.0000e+10 1424.22165   100%  46.6 6155s
 5890078 5018664 1460.44071   46  291 4.0000e+10 1424.23360   100%  46.6 6162s
 5892163 5021371 1466.73888   50  289 4.0000e+10 1424.23618   100%  46.6 6165s
 5902349 5030728 1477.12231   50  305 4.0000e+10 1424.24525   100%  46.6 6170s
 5912388 5037619 3.0000e+10   68  275 4.0000e+10 1424.25218   100%  46.6 6176s
 5915259 5041300 2.0706e+09   67  297 4.0000e+10 1424.25493   100%  46.6 6180s
 5926792 5050940 2.0000e+10   87  288 4.0000e+10 1424.26478   100%  46.6 6185s
 5934097 5057044 1501.57324   57  309 4.0000e+10 1424.27079   100%  46.6 6190s
 5944272 5066117 1443.98032   46  295 4.0000e+10 1424.27968   100%  46.6 6195s
 5947895 5068322 1.9443e+09   76  269 4.0000e+10 1424.28272   100%  46.6 6202s
 5948180 5075173 1.9959e+10  106  267 4.0000e+10 1424.28280   100%  46.6 6207s
 5960550 5080353 6.9580e+09   88  278 4.0000e+10 1424.29411   100%  46.6 6210s
 5971754 5089720 1526.97429   60  290 4.0000e+10 1424.30172   100%  46.6 6215s
 5980234 5095737 5.7124e+09   61  298 4.0000e+10 1424.30786   100%  46.6 6221s
 5987875 5103179 5.4055e+09   84  277 4.0000e+10 1424.31484   100%  46.6 6225s
 5993280 5113843 1.5820e+09   85  278 4.0000e+10 1424.31855   100%  46.6 6232s
 6006314 5119434 1.6504e+09   84  293 4.0000e+10 1424.33131   100%  46.6 6235s
 6008476 5125302 1.7665e+10  137  276 4.0000e+10 1424.33297   100%  46.6 6240s
 6021847 5132898 1450.71872   47  315 4.0000e+10 1424.34623   100%  46.6 6245s
 6026260 5135788 3.2254e+09   66  289 4.0000e+10 1424.34990   100%  46.6 6251s
 6026825 5135796 1430.08863   45  317 4.0000e+10 1424.34990   100%  46.6 6256s
 6035052 5144368 2.8157e+08   68  296 4.0000e+10 1424.35627   100%  46.5 6260s
 6047770 5154998     cutoff  163      4.0000e+10 1424.36940   100%  46.5 6265s
 6056857 5162660 1510.49001   64  292 4.0000e+10 1424.37854   100%  46.5 6270s
 6065473 5170406 2.8568e+10  147  285 4.0000e+10 1424.38592   100%  46.5 6275s
 6075494 5179721 1.1307e+10  107  311 4.0000e+10 1424.39567   100%  46.5 6280s
 6085624 5187464 1479.07594   49  318 4.0000e+10 1424.40356   100%  46.5 6285s
 6093691 5194552 2.2556e+10  146  259 4.0000e+10 1424.40893   100%  46.5 6290s
 6103221 5202535 3.9172e+10  130  288 4.0000e+10 1424.41557   100%  46.5 6295s
 6107238 5205910 1.3179e+09   76  301 4.0000e+10 1424.41856   100%  46.5 6300s
 6112455 5210902 9.6665e+08   61  294 4.0000e+10 1424.42350   100%  46.5 6306s
 6120826 5218243 3.0292e+10   68  264 4.0000e+10 1424.42959   100%  46.5 6310s
 6131429 5226891 1448.62806   38  319 4.0000e+10 1424.43760   100%  46.5 6315s
 6132187 5228257 3.8024e+09   65  284 4.0000e+10 1424.43919   100%  46.5 6320s
 6144605 5238559 1430.67949   42  326 4.0000e+10 1424.44890   100%  46.5 6325s
 6156662 5249311 1459.57888   47  310 4.0000e+10 1424.46050   100%  46.5 6330s
 6162683 5253771 5.8160e+09  128  282 4.0000e+10 1424.46454   100%  46.5 6335s
 6172625 5262570 1531.47929   58  280 4.0000e+10 1424.47274   100%  46.5 6341s
 6180090 5268800 1.9555e+10   95  290 4.0000e+10 1424.47854   100%  46.5 6350s
 6185309 5274316 1497.60391   46  275 4.0000e+10 1424.48381   100%  46.5 6355s
 6195441 5282072 3.2384e+10   65  273 4.0000e+10 1424.49279   100%  46.5 7125s
 6205769 5291836 3.4746e+10  154  291 4.0000e+10 1424.50258   100%  46.5 7130s
 6216324 5300950 1548.52136   69  312 4.0000e+10 1424.51255   100%  46.5 7135s
 6224693 5308700 1.2762e+09   75  269 4.0000e+10 1424.51912   100%  46.5 7140s
 6240057 5321787 1.0000e+10   65  291 4.0000e+10 1424.53135   100%  46.5 7145s
 6246774 5327406 1539.56880   54  291 4.0000e+10 1424.53637   100%  46.5 7150s
 6260325 5339102 1494.58684   47  301 4.0000e+10 1424.54861   100%  46.5 7155s
 6265852 5343976 3.0229e+10  159  268 4.0000e+10 1424.55244   100%  46.5 7160s
 6270140 5346599 1.5477e+09   71  266 4.0000e+10 1424.55614   100%  46.5 7165s
 6279638 5355787 1470.36368   51  318 4.0000e+10 1424.56458   100%  46.5 7170s
 6280948 5356490 1.9894e+10   72  273 4.0000e+10 1424.56543   100%  46.5 8100s

Cutting planes:
  Gomory: 5
  Cover: 1
  Clique: 11
  Flow cover: 2
  Zero half: 29

Explored 6281723 nodes (291818756 simplex iterations) in 8100.57 seconds (9661.29 work units)
Thread count was 8 (of 8 available processors)

Solution count 10: 4e+10 4e+10 5e+10 ... 6e+10

Time limit reached
Best objective 4.000000152800e+10, best bound 1.424566000518e+03, gap 100.0000%
