
Gurobi 11.0.1 (mac64[arm]) logging started Mon Feb 10 04:33:00 2025

Set parameter LogFile to value "logs_new/salida_modelo_caminos_380_567_2.log"
Set parameter TimeLimit to value 7200
Gurobi Optimizer version 11.0.1 build v11.0.1rc0 (mac64[arm] - Darwin 24.3.0 24D60)

CPU model: Apple M2
Thread count: 8 physical cores, 8 logical processors, using up to 8 threads

Optimize a model with 633 rows, 2020 columns and 8631 nonzeros
Coefficient statistics:
  Matrix range     [1e+00, 1e+00]
  Objective range  [2e+00, 1e+10]
  Bounds range     [0e+00, 0e+00]
  RHS range        [1e+00, 2e+02]
Warning: Model contains large objective coefficients
         Consider reformulating model or setting NumericFocus parameter
         to avoid numerical issues.

Solved in 0 iterations and 0.00 seconds (0.00 work units)
Optimal objective  1.426000000e+03
Gurobi Optimizer version 11.0.1 build v11.0.1rc0 (mac64[arm] - Darwin 24.3.0 24D60)

CPU model: Apple M2
Thread count: 8 physical cores, 8 logical processors, using up to 8 threads

Optimize a model with 633 rows, 2020 columns and 8631 nonzeros
Model fingerprint: 0xd664c5f0
Variable types: 0 continuous, 2020 integer (2020 binary)
Coefficient statistics:
  Matrix range     [1e+00, 1e+00]
  Objective range  [2e+00, 1e+10]
  Bounds range     [0e+00, 0e+00]
  RHS range        [1e+00, 2e+02]
Warning: Model contains large objective coefficients
         Consider reformulating model or setting NumericFocus parameter
         to avoid numerical issues.
Found heuristic solution: objective 3.800000e+12
Presolve removed 250 rows and 0 columns
Presolve time: 0.03s
Presolved: 383 rows, 2020 columns, 8235 nonzeros
Variable types: 0 continuous, 2020 integer (2020 binary)
Found heuristic solution: objective 3.710000e+12

Root relaxation: objective 1.426000e+03, 2220 iterations, 0.09 seconds (0.18 work units)

    Nodes    |    Current Node    |     Objective Bounds      |     Work
 Expl Unexpl |  Obj  Depth IntInf | Incumbent    BestBd   Gap | It/Node Time

     0     0 1426.00000    0  335 3.7100e+12 1426.00000   100%     -    0s
H    0     0                    7.000000e+11 1426.00000   100%     -    0s
H    0     0                    4.800000e+11 1426.00000   100%     -    0s
H    0     0                    3.100000e+11 1426.00000   100%     -    0s
H    0     0                    3.000000e+11 1426.00000   100%     -    0s
H    0     0                    2.800000e+11 1426.00000   100%     -    0s
     0     0 1426.24083    0  344 2.8000e+11 1426.24083   100%     -    0s
     0     0 1426.24763    0  344 2.8000e+11 1426.24763   100%     -    0s
     0     0 1426.24793    0  345 2.8000e+11 1426.24793   100%     -    0s
     0     0 1426.83913    0  357 2.8000e+11 1426.83913   100%     -    0s
     0     0 1427.00032    0  353 2.8000e+11 1427.00032   100%     -    0s
     0     0 1427.13888    0  367 2.8000e+11 1427.13888   100%     -    0s
H    0     0                    2.700000e+11 1427.13888   100%     -    0s
     0     0 1427.14283    0  368 2.7000e+11 1427.14283   100%     -    0s
     0     0 1427.14435    0  370 2.7000e+11 1427.14435   100%     -    0s
     0     0 1427.21029    0  369 2.7000e+11 1427.21029   100%     -    0s
H    0     0                    2.600000e+11 1427.21029   100%     -    0s
     0     0 1427.23279    0  375 2.6000e+11 1427.23279   100%     -    0s
     0     0 1427.25251    0  375 2.6000e+11 1427.25251   100%     -    0s
H    0     0                    2.500000e+11 1427.25324   100%     -    0s
H    0     2                    2.200000e+11 1427.25324   100%     -    0s
     0     2 1427.25324    0  373 2.2000e+11 1427.25324   100%     -    0s
H   35    40                    2.100000e+11 1429.80573   100%   134    0s
H   65    73                    1.900000e+11 1429.89043   100%   129    1s
H   67    73                    1.900000e+11 1429.89043   100%   128    1s
H  102   111                    1.700000e+11 1429.89043   100%   120    1s
H  105   111                    1.400000e+11 1429.89043   100%   120    1s
H  160   169                    1.200000e+11 1429.89043   100%   120    2s
H 1131  1140                    1.100000e+11 1429.89043   100%   105    4s
  1385  1437 6.7282e+10  117  257 1.1000e+11 1429.89043   100%   100    5s
H 2546  2310                    1.100000e+11 1431.03503   100%   104    9s
H 2574  2224                    1.100000e+11 1431.03503   100%   104   10s
H 2579  2118                    1.100000e+11 1431.03503   100%   104   10s
H 3605  2691                    1.000000e+11 1431.03503   100%   108   16s
H 3609  2594                    1.000000e+11 1431.03503   100%   108   16s
H 3611  2504                    1.000000e+11 1431.03503   100%   108   16s
  5030  3437 2.1078e+10   97  293 1.0000e+11 1431.03503   100%   100   20s
  7716  5300 5.8980e+10  103  298 1.0000e+11 1431.03503   100%  92.0   25s
  8377  5906 9.1653e+10  123  300 1.0000e+11 1431.03503   100%  90.9  937s
  9066  6188 2.0000e+10   44  320 1.0000e+11 1433.46190   100%  90.7  940s
 12764  9658 1516.62600   61  323 1.0000e+11 1435.88092   100%  85.4  947s
 12968  9688 1628.86588   79  280 1.0000e+11 1435.88092   100%  86.1  950s
 17034 13235 4.3105e+10  108  310 1.0000e+11 1436.45542   100%  85.0  956s
 21401 17411 6.5048e+10  190  303 1.0000e+11 1438.48737   100%  83.5  960s
 25901 22143     cutoff  125      1.0000e+11 1439.29555   100%  80.9  965s
 30429 24918 1.0000e+10   90  375 1.0000e+11 1440.00532   100%  78.1  980s
 30523 24990 1465.84127   40  320 1.0000e+11 1440.00532   100%  78.4 1924s
 30607 25057 1533.33452   49  336 1.0000e+11 1440.00532   100%  78.4 1925s
H31278 24208                    9.999999e+10 1440.00532   100%  79.3 1928s
 31887 24610 1517.94956   69  303 1.0000e+11 1440.00532   100%  79.6 1930s
H31955 23411                    9.999999e+10 1440.00532   100%  79.6 1930s
H31956 22287                    9.999998e+10 1440.00532   100%  79.6 1930s
H31959 21217                    9.999998e+10 1440.00532   100%  79.6 1930s
H32269 20427                    9.999998e+10 1440.00532   100%  79.8 1932s
H32287 19457                    9.999998e+10 1440.00532   100%  79.8 1932s
 33255 19976 6.8488e+10  181  270 1.0000e+11 1440.00532   100%  80.4 1935s
 34376 20806 3.1780e+10  132  298 1.0000e+11 1440.00532   100%  81.1 1942s
 35467 21456 4.3962e+09   93  307 1.0000e+11 1440.00532   100%  81.6 1945s
H35974 20636                    9.999998e+10 1440.00532   100%  82.0 1946s
 37268 21603 5.4161e+09   99  299 1.0000e+11 1440.00532   100%  82.5 1953s
 37599 21501 1.2788e+10  133  298 1.0000e+11 1440.00532   100%  82.4 1956s
 39661 23251 2.3110e+10  129  311 1.0000e+11 1440.00532   100%  83.3 1960s
 43605 25954 infeasible  152      1.0000e+11 1440.00532   100%  83.4 1965s
 47865 27125 1598.41093   78  293 1.0000e+11 1440.00532   100%  82.5 2596s
 53820 31411 8.3592e+08   70  300 1.0000e+11 1440.00532   100%  80.9 2600s
 62146 35492 1464.59043   48  315 1.0000e+11 1440.00532   100%  80.0 2605s
 65902 37389 1.3944e+10   60  298 1.0000e+11 1440.00532   100%  78.9 2610s
 73968 43561 7.9991e+10  137  287 1.0000e+11 1440.00532   100%  76.8 2615s
 85250 48996 1.4860e+09   69  303 1.0000e+11 1440.61872   100%  73.9 2620s
 86467 49791 1521.75041   48  345 1.0000e+11 1440.75271   100%  73.6 2625s
 98194 60758 1505.50651   61  348 1.0000e+11 1441.37745   100%  70.9 2630s
 106286 68157 1.0000e+10   64  307 1.0000e+11 1441.96569   100%  70.1 2635s
 115100 75674 1597.55774   69  317 1.0000e+11 1442.34328   100%  69.2 2640s
 117675 77029 1519.19849   53  323 1.0000e+11 1442.46864   100%  68.8 2646s
H117720 75734                    9.000000e+10 1442.46864   100%  68.8 2646s
 117727 82791 1529.47918   54  312 9.0000e+10 1442.56424   100%  68.8 2651s
 134618 90709 2.0000e+10   76  268 9.0000e+10 1443.32575   100%  66.2 2655s
H134622 88075                    8.000000e+10 1443.32575   100%  66.2 2655s
 143509 96614 1537.22420   61  328 8.0000e+10 1443.84936   100%  65.5 2660s
 151166 103299 1599.84828   60  319 8.0000e+10 1444.11151   100%  64.7 2665s
H156987 107684                    8.000000e+10 1444.40357   100%  64.4 2667s
 160776 111692     cutoff  181      8.0000e+10 1444.50461   100%  64.3 2670s
H165664 115219                    7.999999e+10 1444.64688   100%  63.9 2673s
H165669 115219                    7.999999e+10 1444.64688   100%  63.9 2673s
 165671 115227 2.1569e+10   73  305 8.0000e+10 1444.64688   100%  63.9 2678s
H165674 115227                    7.999999e+10 1444.64688   100%  63.9 2678s
 167191 117255 5.1110e+10   71  293 8.0000e+10 1444.74983   100%  63.9 2680s
 177510 126989 1546.61630   63  309 8.0000e+10 1445.12378   100%  63.2 2685s
H186972 134024                    7.999999e+10 1445.39074   100%  62.5 2689s
 187497 135256 1.0236e+09   74  321 8.0000e+10 1445.43378   100%  62.6 2690s
 195020 141979 6.1270e+09   97  304 8.0000e+10 1445.70276   100%  62.3 2695s
 205569 150201 2.3580e+10  134  291 8.0000e+10 1446.00893   100%  61.6 2703s
 209734 154855 1482.11231   55  344 8.0000e+10 1446.11496   100%  61.3 2705s
 218816 162475 1471.94005   47  328 8.0000e+10 1446.38387   100%  60.8 2710s
 227871 170413 4.1907e+10  168  308 8.0000e+10 1446.56295   100%  60.3 2715s
 236997 179336 2.0313e+10   91  317 8.0000e+10 1446.78470   100%  60.1 2720s
 246822 186738 1532.67332   54  317 8.0000e+10 1447.04758   100%  59.6 2726s
 252219 192400 1.3898e+09   65  311 8.0000e+10 1447.19957   100%  59.5 2730s
 260051 198277 1516.68559   60  323 8.0000e+10 1447.35938   100%  59.1 2738s
 260677 198851 1.4951e+10  117  267 8.0000e+10 1447.35938   100%  59.1 2744s
 262034 200848 3.4132e+10  128  273 8.0000e+10 1447.39081   100%  59.1 2745s
 270886 208416 1.8360e+09   80  292 8.0000e+10 1447.61497   100%  58.8 2750s
 279255 215239 1.7214e+10   75  302 8.0000e+10 1447.83313   100%  58.6 2755s
 284845 220658 1536.73844   60  323 8.0000e+10 1447.93069   100%  58.5 2760s
 296100 230930 7.8110e+09   85  325 8.0000e+10 1448.17285   100%  58.1 2765s
 300880 234370 7.4642e+10  136  294 8.0000e+10 1448.21162   100%  57.9 2770s
 309643 242731 1496.03853   51  331 8.0000e+10 1448.41147   100%  57.8 2775s
 318612 250755     cutoff  169      8.0000e+10 1448.56036   100%  57.6 2780s
 324756 255365 1554.02158   54  300 8.0000e+10 1448.64641   100%  57.6 2785s
 332485 262787 1497.01478   53  333 8.0000e+10 1448.77704   100%  57.5 2790s
 340070 268909 1.1265e+10   87  300 8.0000e+10 1448.92212   100%  57.4 2796s
 347781 275714 6.3228e+10  163  294 8.0000e+10 1449.04146   100%  57.3 2800s
 355940 282997 1471.09622   58  355 8.0000e+10 1449.21844   100%  57.1 2807s
 359979 287213 8.1549e+09   71  317 8.0000e+10 1449.27473   100%  57.0 2810s
 369445 295627 1527.05032   70  328 8.0000e+10 1449.43782   100%  56.8 2815s
 375298 301276 1.7234e+10  137  313 8.0000e+10 1449.53629   100%  56.8 2820s
 380742 304670 2.3298e+10  131  275 8.0000e+10 1449.61337   100%  56.7 2826s
 387216 311073 2.8507e+10  113  293 8.0000e+10 1449.68965   100%  56.6 2830s
 394811 317459 3.4412e+10  129  294 8.0000e+10 1449.80344   100%  56.5 2835s
 404505 326293 5.7622e+10  183  312 8.0000e+10 1449.92805   100%  56.5 2840s
 415701 335276 1507.66332   52  345 8.0000e+10 1450.08903   100%  56.3 2845s
H415954 335520                    7.999996e+10 1450.08903   100%  56.3 2848s
 416079 342633 1.5018e+10  139  281 8.0000e+10 1450.10935   100%  56.3 2853s
 427867 347250 2.1724e+09   72  312 8.0000e+10 1450.26273   100%  56.1 2855s
 437914 354940 4.7579e+10  137  318 8.0000e+10 1450.38038   100%  55.9 2862s
 442341 359392 7.1621e+10   88  282 8.0000e+10 1450.44113   100%  55.9 2865s
 449044 364734 1571.78989   70  320 8.0000e+10 1450.57656   100%  56.1 2870s
 459651 373992 1529.36467   56  340 8.0000e+10 1450.68954   100%  56.0 2875s
H459810 364040                    7.000000e+10 1450.68954   100%  56.0 2875s
 463321 367215 4.0144e+10  150  297 7.0000e+10 1450.73111   100%  55.9 2880s
H463388 367184                    7.000000e+10 1450.73111   100%  55.9 2880s
 472055 375608 6.2464e+10   77  288 7.0000e+10 1450.87374   100%  55.9 2885s
H474055 376794                    7.000000e+10 1450.90127   100%  55.9 2887s
 479093 381736 4.5009e+10   60  312 7.0000e+10 1450.96715   100%  55.8 2890s
 489606 391019 1532.20233   68  330 7.0000e+10 1451.09547   100%  55.8 2895s
 494519 395400 1522.69935   74  331 7.0000e+10 1451.15733   100%  55.7 2900s
 502530 402547 1.4884e+10  129  294 7.0000e+10 1451.27642   100%  55.7 2905s
 507556 407242 5.1553e+09   94  329 7.0000e+10 1451.34148   100%  55.7 2910s
 520076 417478 1473.37679   53  325 7.0000e+10 1451.47107   100%  55.5 2915s
H520854 417881                    7.000000e+10 1451.48879   100%  55.5 2916s
H525331 421621                    6.999998e+10 1451.54314   100%  55.5 2921s
 529490 426094 1600.84294   67  328 7.0000e+10 1451.60412   100%  55.4 2925s
 538340 433247 1.7408e+09   58  296 7.0000e+10 1451.73009   100%  55.5 2930s
 548167 442396 4.4296e+10  123  292 7.0000e+10 1451.83572   100%  55.5 2935s
 552231 445381 5.4764e+09   75  318 7.0000e+10 1451.87930   100%  55.4 2940s
 552651 452378 2.1456e+10  146  318 7.0000e+10 1451.88797   100%  55.4 2945s
 567349 459669 1531.40040   68  324 7.0000e+10 1452.06211   100%  55.2 2950s
 579874 470214 1.0140e+10   83  295 7.0000e+10 1452.19643   100%  55.1 2955s
 584788 473760 1478.23296   54  312 7.0000e+10 1452.24018   100%  55.1 2961s
 589622 479074 1473.83118   56  339 7.0000e+10 1452.31940   100%  55.0 2965s
 599661 487771 3.7478e+09  107  325 7.0000e+10 1452.43342   100%  54.9 2970s
 608518 495783 1523.17990   59  330 7.0000e+10 1452.50804   100%  54.8 2975s
 618572 504620 3.6658e+10  113  297 7.0000e+10 1452.58591   100%  54.8 2980s
 630951 515675 1.6490e+08   77  311 7.0000e+10 1452.73699   100%  54.6 2985s
 635087 519184 1498.43395   47  319 7.0000e+10 1452.76630   100%  54.6 2990s
 644914 528308 1.1712e+10  123  304 7.0000e+10 1452.88792   100%  54.5 2995s
 646411 528316 1492.69531   52  316 7.0000e+10 1452.90040   100%  54.5 3000s
 653155 535560 1558.32562   69  314 7.0000e+10 1452.97423   100%  54.4 3005s
 663385 543900 1563.99746   60  323 7.0000e+10 1453.06912   100%  54.4 3010s
 673115 552896 2.7640e+10  133  307 7.0000e+10 1453.13696   100%  54.3 3015s
 683789 561931 1565.37493   53  306 7.0000e+10 1453.23405   100%  54.2 3020s
 693001 570038 4.5183e+10   76  305 7.0000e+10 1453.29421   100%  54.1 3025s
 700667 576234 1.5801e+08   69  307 7.0000e+10 1453.36107   100%  54.0 3032s
 706301 582020 1604.92305   67  328 7.0000e+10 1453.41713   100%  54.0 3035s
 717756 592411 1599.87094   67  286 7.0000e+10 1453.51286   100%  53.8 3040s
H720379 593638                    6.999998e+10 1453.52458   100%  53.8 3041s
 724693 597512 1502.01757   53  323 7.0000e+10 1453.55969   100%  53.8 3045s
H731758 603772                    6.999998e+10 1453.60913   100%  53.7 3049s
 732612 605936 1502.00860   59  332 7.0000e+10 1453.62498   100%  53.7 3050s
 737862 609150 1.3847e+10  138  295 7.0000e+10 1453.65585   100%  53.6 3055s
 746935 617863 3.7373e+10  185  305 7.0000e+10 1453.74337   100%  53.6 3060s
 747945 624874 1.9004e+10   53  308 7.0000e+10 1453.75764   100%  53.6 3066s
 758518 627909 1.7308e+10  131  309 7.0000e+10 1453.86854   100%  53.7 3070s
 769409 637469 3.6773e+09   71  301 7.0000e+10 1453.95701   100%  53.6 3075s
H770591 637929                    6.999998e+10 1453.96385   100%  53.6 3076s
 774873 641448 1471.21064   51  319 7.0000e+10 1454.00326   100%  53.6 3081s
 780288 647027 1533.20622   66  315 7.0000e+10 1454.05653   100%  53.5 3085s
 791121 656197 1.4816e+10  142  322 7.0000e+10 1454.14508   100%  53.5 3090s
 799162 663441 8.1615e+09  105  300 7.0000e+10 1454.20215   100%  53.5 3095s
 801022 665048 1567.19749   70  317 7.0000e+10 1454.21727   100%  53.5 3100s
 810872 673626 4.1982e+10  159  283 7.0000e+10 1454.32953   100%  53.4 3105s
 820854 681980 7.8178e+09   93  314 7.0000e+10 1454.41099   100%  53.3 3110s
 829905 690114 1486.32446   54  345 7.0000e+10 1454.48483   100%  53.3 3115s
 836097 695017 9.1232e+09  100  313 7.0000e+10 1454.52837   100%  53.3 3120s
 845584 703570 1505.88264   57  333 7.0000e+10 1454.60433   100%  53.2 3125s
 849310 707204 1476.89200   45  315 7.0000e+10 1454.62742   100%  53.2 3130s
 855006 712511 5.2212e+10  162  295 7.0000e+10 1454.66422   100%  53.3 3135s
 865422 720443 5.2044e+10   83  313 7.0000e+10 1454.73222   100%  53.2 3143s
 866763 722914 1496.75082   56  326 7.0000e+10 1454.76105   100%  53.2 3145s
 876671 730668 1.8158e+10   98  306 7.0000e+10 1454.82321   100%  53.2 3150s
 885464 738420 1675.87873   50  288 7.0000e+10 1454.89473   100%  53.1 3155s
 887539 739805 4.6520e+10  133  285 7.0000e+10 1454.90854   100%  53.2 3160s
 894606 747125 1666.54939   75  314 7.0000e+10 1454.97088   100%  53.1 3165s
 904560 755700 5.9939e+08   66  319 7.0000e+10 1455.03871   100%  53.1 3170s
 914612 764669 1494.91121   53  327 7.0000e+10 1455.10628   100%  53.0 3175s
 916959 765845 2.6211e+10  104  294 7.0000e+10 1455.11895   100%  53.0 3180s
 926310 774800 3.5619e+08   70  317 7.0000e+10 1455.18676   100%  52.9 3185s
 934338 781813 4.8155e+10  188  332 7.0000e+10 1455.23580   100%  52.9 3190s
 943390 790139 6.7678e+10  158  329 7.0000e+10 1455.28668   100%  52.8 3195s
 950735 795665 1478.28407   50  321 7.0000e+10 1455.33493   100%  52.8 3200s
 958996 803488 3.9983e+09   69  313 7.0000e+10 1455.40735   100%  52.8 3205s
 969576 812936 2.5067e+10   90  307 7.0000e+10 1455.48263   100%  52.7 3210s
 974178 816210 2.7803e+10   75  285 7.0000e+10 1455.49682   100%  52.7 3217s
 978962 820633 1.0000e+10   71  317 7.0000e+10 1455.52664   100%  52.8 3220s
 988957 829428 1570.32339   65  324 7.0000e+10 1455.59721   100%  52.8 3225s
 996501 835521 1.3424e+08   80  327 7.0000e+10 1455.65685   100%  52.8 3232s
H996529 835521                    6.999994e+10 1455.65685   100%  52.8 3232s
 999349 839071 6.1503e+09  104  315 7.0000e+10 1455.67162   100%  52.8 3235s
 1010985 849091 1575.24345   60  296 7.0000e+10 1455.74253   100%  52.7 3240s
 1015597 852261 1527.11864   50  313 7.0000e+10 1455.76354   100%  52.7 3247s
 1020420 857497 1489.90068   54  340 7.0000e+10 1455.79824   100%  52.7 3250s
 1031737 867260 1461.63455   49  343 7.0000e+10 1455.87424   100%  52.6 3255s
 1040410 874831 5.5012e+10  177  301 7.0000e+10 1455.93139   100%  52.6 3260s
 1048709 882198 1.5000e+09   89  314 7.0000e+10 1455.98760   100%  52.5 3265s
 1059264 891629 3.0003e+10  140  289 7.0000e+10 1456.07229   100%  52.5 3270s
 1065001 895570 5.0000e+10   78  302 7.0000e+10 1456.09645   100%  52.5 3275s
 1073653 904128 1494.51290   54  339 7.0000e+10 1456.17363   100%  52.5 3280s
 1083399 912663 1.0262e+10   69  317 7.0000e+10 1456.23363   100%  52.4 3285s
H1090725 886349                    6.000000e+10 1456.26213   100%  52.4 3289s
 1090730 889360 4.7440e+10  188  302 6.0000e+10 1456.27259   100%  52.4 3291s
H1094449 889322                    5.999999e+10 1456.30438   100%  52.4 3294s
 1094454 890608 1505.66014   54  327 6.0000e+10 1456.30544   100%  52.4 3295s
 1105407 899200 5.3610e+09  102  305 6.0000e+10 1456.35058   100%  52.4 3300s
H1105524 899200                    5.999999e+10 1456.35058   100%  52.4 3300s
 1113857 906520 2.9645e+09   80  300 6.0000e+10 1456.39883   100%  52.4 3305s
 1122274 915063 1.0851e+10   86  307 6.0000e+10 1456.45743   100%  52.3 3310s
H1123624 915072                    5.999999e+10 1456.45743   100%  52.3 3312s
 1128403 920134 7.9463e+09  134  327 6.0000e+10 1456.49885   100%  52.3 3315s
 1137572 927495 4.4910e+10  102  271 6.0000e+10 1456.55705   100%  52.3 3321s
H1137705 927745                    5.999999e+10 1456.55705   100%  52.3 3322s
 1142525 932070 1.0000e+10   66  290 6.0000e+10 1456.58068   100%  52.2 3325s
 1153127 942015 2.4419e+10  111  317 6.0000e+10 1456.64572   100%  52.2 3330s
 1159752 947593 4.8361e+10  100  295 6.0000e+10 1456.68726   100%  52.2 3335s
 1166368 952575 1467.79543   52  340 6.0000e+10 1456.72739   100%  52.2 3340s
 1173557 959788 6.2588e+09  106  298 6.0000e+10 1456.76974   100%  52.2 3345s
 1184020 968796 3.9026e+10  177  279 6.0000e+10 1456.82891   100%  52.2 3350s
 1189964 973135 1512.28879   55  327 6.0000e+10 1456.86911   100%  52.2 3356s
 1194329 977850 1466.89494   59  330 6.0000e+10 1456.90500   100%  52.2 3360s
 1205366 987349 4.9255e+09   80  308 6.0000e+10 1456.97750   100%  52.2 3365s
 1208408 989437 3.0783e+10  148  278 6.0000e+10 1456.99645   100%  52.2 3370s
 1218145 999015 2.0646e+10  107  295 6.0000e+10 1457.04961   100%  52.2 3375s
 1226456 1006201 1462.86250   46  343 6.0000e+10 1457.09963   100%  52.1 3380s
 1229309 1008683 2.7734e+10  141  313 6.0000e+10 1457.11559   100%  52.1 3385s
 1240132 1018299 1580.08257   60  300 6.0000e+10 1457.17918   100%  52.1 3390s
 1249889 1026660 1520.57320   56  297 6.0000e+10 1457.22738   100%  52.1 3395s
 1257146 1033014 1563.62832   58  323 6.0000e+10 1457.25657   100%  52.1 3400s
 1263873 1039080 1.5127e+10  109  311 6.0000e+10 1457.29567   100%  52.1 3405s
 1273368 1047564 1509.09171   63  332 6.0000e+10 1457.34211   100%  52.0 3410s
 1279994 1052821 1.6131e+10  108  291 6.0000e+10 1457.37939   100%  52.0 3417s
 1283963 1056525 1532.39534   61  319 6.0000e+10 1457.40291   100%  52.0 3420s
 1295420 1066415 2.1809e+10  124  316 6.0000e+10 1457.46569   100%  52.0 3425s
 1304732 1074864 1532.49556   62  317 6.0000e+10 1457.51903   100%  51.9 3430s
 1306883 1075783 1562.96605   60  314 6.0000e+10 1457.52919   100%  51.9 3435s
 1314793 1083774 2.4811e+10  139  296 6.0000e+10 1457.57224   100%  51.9 3440s
 1325332 1092990 1489.81572   48  324 6.0000e+10 1457.63633   100%  51.9 3445s
 1334417 1100649 1538.93960   58  322 6.0000e+10 1457.68270   100%  51.8 3450s
 1345291 1109857 1483.67945   53  320 6.0000e+10 1457.74017   100%  51.8 3455s
 1354365 1118440 8.8847e+09  154  302 6.0000e+10 1457.79897   100%  51.7 3461s
 1362339 1125711 5.3310e+10  151  292 6.0000e+10 1457.84597   100%  51.7 3465s
 1371521 1133644 1566.85363   66  315 6.0000e+10 1457.90054   100%  51.6 3470s
 1373470 1141559 2.9946e+09   78  315 6.0000e+10 1457.91431   100%  51.6 3478s
 1382142 1143631 3.3002e+08   61  320 6.0000e+10 1457.95495   100%  51.6 3480s
 1393679 1153249 1.4826e+10  105  268 6.0000e+10 1458.00735   100%  51.6 3485s
 1396356 1155280 1.8122e+10   87  299 6.0000e+10 1458.01936   100%  51.6 3490s
 1405618 1163547 2.6000e+10  141  302 6.0000e+10 1458.06753   100%  51.6 3495s
 1415180 1172183 1.5074e+10  127  314 6.0000e+10 1458.11224   100%  51.6 3500s
 1418404 1180527 1515.24501   58  325 6.0000e+10 1458.12565   100%  51.6 3510s
 1433856 1187628 1.0313e+10  103  307 6.0000e+10 1458.21119   100%  51.6 3515s
 1443742 1195476 9.5519e+09   56  328 6.0000e+10 1458.25528   100%  51.7 3520s
 1444010 1195558 1631.20305   55  315 6.0000e+10 1458.25528   100%  51.7 3525s
 1453763 1204545 4.0016e+10  144  303 6.0000e+10 1458.29794   100%  51.7 3530s
 1461054 1211337 1477.46013   51  324 6.0000e+10 1458.32444   100%  51.7 3535s
 1472048 1221046 1.7529e+10  119  320 6.0000e+10 1458.39382   100%  51.6 3540s
 1482412 1229359 1498.23532   57  322 6.0000e+10 1458.45715   100%  51.6 3548s
 1483707 1231778 2.2287e+10  167  307 6.0000e+10 1458.46646   100%  51.6 3550s
 1493457 1239921 2.0990e+08   81  318 6.0000e+10 1458.50736   100%  51.6 3555s
 1502735 1248001 2.3296e+10  140  299 6.0000e+10 1458.53567   100%  51.6 3560s
 1511511 1254962 4.8696e+08   78  304 6.0000e+10 1458.57497   100%  51.5 3566s
 1516906 1260592 1476.36990   49  330 6.0000e+10 1458.60141   100%  51.5 3570s
 1527601 1269860 1.2569e+09   90  287 6.0000e+10 1458.64967   100%  51.5 3575s
 1534421 1274723 1500.76891   62  330 6.0000e+10 1458.67370   100%  51.5 3582s
H1534586 1274953                    5.999999e+10 1458.67370   100%  51.5 3583s
 1536856 1277485 2.0099e+09   63  324 6.0000e+10 1458.68257   100%  51.5 3585s
 1546634 1286404 7.4386e+09   90  311 6.0000e+10 1458.71934   100%  51.5 3590s
 1556246 1295019 1.5662e+10  149  310 6.0000e+10 1458.75542   100%  51.5 3595s
 1562041 1298847 1547.04507   60  325 6.0000e+10 1458.77900   100%  51.5 3601s
H1565018 1301333                    5.999999e+10 1458.79064   100%  51.5 3603s
 1567687 1304523 3.6109e+10  140  316 6.0000e+10 1458.80320   100%  51.5 3605s
 1576927 1312497 6.6456e+08   69  310 6.0000e+10 1458.84344   100%  51.5 3610s
 1585543 1320772 9.9721e+08  110  308 6.0000e+10 1458.87219   100%  51.4 3615s
 1590957 1324736 2.3150e+10  175  335 6.0000e+10 1458.89569   100%  51.4 3620s
 1599308 1331143 1531.19339   55  311 6.0000e+10 1458.93498   100%  51.4 3625s
 1609968 1341119 1.7468e+10  109  314 6.0000e+10 1458.97188   100%  51.4 3630s
 1616946 1347779 1.7058e+10  128  307 6.0000e+10 1459.00799   100%  51.4 3635s
 1625981 1354673 1522.11041   57  309 6.0000e+10 1459.04309   100%  51.4 3641s
 1630033 1359830 2.6546e+08   59  313 6.0000e+10 1459.05612   100%  51.3 3645s
 1643314 1371042 1.1350e+10  123  305 6.0000e+10 1459.11130   100%  51.3 3650s
 1648717 1375094 7.4626e+09   97  310 6.0000e+10 1459.13367   100%  51.3 3655s
 1657230 1383207 infeasible   74      6.0000e+10 1459.17374   100%  51.2 3660s
 1664219 1389124 1566.99445   58  317 6.0000e+10 1459.19880   100%  51.2 3665s
 1671788 1395869 1530.33448   63  325 6.0000e+10 1459.23712   100%  51.3 3670s
 1676978 1399413 3.4990e+10  157  304 6.0000e+10 1459.25422   100%  51.3 3677s
 1683409 1406293 6.2995e+09  105  328 6.0000e+10 1459.28378   100%  51.2 3680s
 1689417 1411259 6.2295e+08   65  295 6.0000e+10 1459.31618   100%  51.3 3685s
 1701619 1421491     cutoff  144      6.0000e+10 1459.35803   100%  51.2 3690s
 1709743 1429281 1667.93770   52  287 6.0000e+10 1459.40068   100%  51.2 3695s
 1714005 1432176 4.6286e+08   64  310 6.0000e+10 1459.41984   100%  51.2 3700s
 1722879 1440545 3.5817e+09   94  298 6.0000e+10 1459.45160   100%  51.2 3705s
 1731628 1447085 1.6301e+08   69  325 6.0000e+10 1459.47582   100%  51.3 3710s
 1738691 1453047 1487.33477   51  343 6.0000e+10 1459.50110   100%  51.3 3716s
 1746832 1461101 1600.01586   69  309 6.0000e+10 1459.53423   100%  51.2 3720s
 1756748 1469830 1.6941e+10   81  285 6.0000e+10 1459.56902   100%  51.2 3725s
 1760557 1472241 3.2827e+10  107  286 6.0000e+10 1459.57951   100%  51.2 3732s
 1764128 1475951 8.1496e+09   74  309 6.0000e+10 1459.59497   100%  51.2 3735s
 1774723 1485780 1487.57378   47  332 6.0000e+10 1459.64651   100%  51.2 3740s
 1784807 1494535 1611.62519   68  309 6.0000e+10 1459.68755   100%  51.1 3745s
 1795978 1504392 4.3785e+10  148  311 6.0000e+10 1459.73176   100%  51.1 3750s
 1797480 1505763 1470.12568   58  342 6.0000e+10 1459.73532   100%  51.1 3755s
 1808534 1514370 1510.06972   53  314 6.0000e+10 1459.77788   100%  51.1 3760s
 1816510 1522202 1.3123e+09   72  296 6.0000e+10 1459.80643   100%  51.1 3765s
 1828604 1532982 8.7512e+08   79  323 6.0000e+10 1459.84940   100%  51.0 3770s
 1834113 1537040 1570.53236   60  307 6.0000e+10 1459.87428   100%  51.0 3775s
 1840622 1543406 1517.02610   62  319 6.0000e+10 1459.89800   100%  51.0 3780s
 1851326 1553180 2.0822e+10   63  315 6.0000e+10 1459.93759   100%  51.0 3785s
 1860922 1561096 1502.01789   52  334 6.0000e+10 1459.97265   100%  51.0 3790s
 1864983 1564387 3.5889e+09   66  312 6.0000e+10 1459.99177   100%  51.0 3795s
 1872948 1572066 4.3577e+10  187  298 6.0000e+10 1460.02353   100%  50.9 3800s
 1884141 1582117 1465.33200   54  327 6.0000e+10 1460.06979   100%  50.9 3805s
 1889668 1585996 2.0499e+09   90  279 6.0000e+10 1460.08959   100%  50.9 3811s
 1896939 1593462 2.2645e+10   79  305 6.0000e+10 1460.11498   100%  50.9 3815s
 1906076 1600586 3.4183e+10  117  306 6.0000e+10 1460.14170   100%  50.9 3821s
 1911722 1606614 1557.46496   68  319 6.0000e+10 1460.16661   100%  50.9 3825s
 1918916 1613027 1507.04690   57  324 6.0000e+10 1460.19547   100%  50.9 3830s
 1925620 1617533 infeasible   69      6.0000e+10 1460.21240   100%  50.9 3837s
 1928981 1621120 1572.91872   74  310 6.0000e+10 1460.22616   100%  50.9 3840s
 1939531 1630429 1.4489e+10   75  321 6.0000e+10 1460.26080   100%  50.9 3845s
 1947129 1637286 1511.73831   54  321 6.0000e+10 1460.28707   100%  50.9 3850s
 1958002 1646343 1558.34200   73  300 6.0000e+10 1460.32487   100%  50.9 3855s
 1967537 1654043 1525.18023   58  323 6.0000e+10 1460.35765   100%  50.8 3861s
 1974150 1661052 1535.53240   65  329 6.0000e+10 1460.37683   100%  50.8 3865s
 1982211 1667673 1479.94017   58  344 6.0000e+10 1460.40699   100%  50.8 3870s
 1988130 1672284 3.4858e+09  108  299 6.0000e+10 1460.42766   100%  50.8 3876s
 1993412 1677166 5.4440e+07   71  316 6.0000e+10 1460.44398   100%  50.8 3880s
 2002220 1685483 1552.91419   57  319 6.0000e+10 1460.47483   100%  50.8 3885s
 2009298 1691233 1468.23652   46  341 6.0000e+10 1460.50220   100%  50.8 3891s
 2015867 1697810 1475.79239   50  344 6.0000e+10 1460.52794   100%  50.8 3895s
 2023873 1703642 1504.68342   53  318 6.0000e+10 1460.55378   100%  50.8 3903s
 2025252 1705715 1.1564e+10   78  290 6.0000e+10 1460.55739   100%  50.8 3905s
 2035637 1715093 1.6931e+10  123  303 6.0000e+10 1460.59522   100%  50.8 3910s
 2046498 1724731 2.9355e+10  149  310 6.0000e+10 1460.63574   100%  50.7 3915s
 2051798 1728404 2.0653e+10  134  294 6.0000e+10 1460.65756   100%  50.7 3920s
 2057106 1732884 1565.92021   55  311 6.0000e+10 1460.67281   100%  50.7 3926s
 2065434 1741445 5.3193e+10  143  322 6.0000e+10 1460.69413   100%  50.7 3930s
 2073257 1747497 1481.73846   47  328 6.0000e+10 1460.72577   100%  50.7 3935s
 2074777 1748000 1539.66126   65  324 6.0000e+10 1460.73284   100%  50.8 3940s
 2081032 1754638 4.2693e+10  147  302 6.0000e+10 1460.75262   100%  50.8 3945s
 2089744 1761579 1.4630e+10  116  318 6.0000e+10 1460.78720   100%  50.8 3950s
 2094743 1766362 6.3487e+08   58  317 6.0000e+10 1460.80374   100%  50.8 3955s
 2101696 1771034 4.5519e+09  107  314 6.0000e+10 1460.82119   100%  50.8 3962s
 2105490 1775443 3.2274e+10  133  299 6.0000e+10 1460.83754   100%  50.8 3965s
 2115002 1783845 3.2773e+09   78  292 6.0000e+10 1460.87083   100%  50.8 3970s
 2124933 1792181 1.6329e+10   94  304 6.0000e+10 1460.89970   100%  50.8 3975s
 2131745 1798493 1570.83916   77  315 6.0000e+10 1460.93034   100%  50.8 3980s
 2140354 1805087 1551.20432   66  331 6.0000e+10 1460.95638   100%  50.8 3985s
 2140596 1811883 1521.68389   65  322 6.0000e+10 1460.95675   100%  50.8 3990s
 2148661 1812976     cutoff  145      6.0000e+10 1460.98688   100%  50.8 3995s
 2159510 1822258 1567.07382   66  316 6.0000e+10 1461.02830   100%  50.8 4000s
 2167319 1828490 7.1033e+09  100  305 6.0000e+10 1461.05791   100%  50.8 4005s
 2170678 1833474 2.9274e+09   81  310 6.0000e+10 1461.07049   100%  50.9 4010s
 2182871 1843074 9.6518e+09   84  313 6.0000e+10 1461.11122   100%  50.8 4015s
 2188866 1846889 4.0924e+09  107  322 6.0000e+10 1461.12902   100%  50.8 4020s
 2198254 1855937 1529.22832   60  329 6.0000e+10 1461.15722   100%  50.8 4025s
 2208345 1865111 1.8461e+10  122  306 6.0000e+10 1461.18716   100%  50.8 4030s
 2211562 1867585 1525.28138   59  317 6.0000e+10 1461.19614   100%  50.8 4035s
 2220175 1875524 8.4613e+08   78  318 6.0000e+10 1461.23336   100%  50.8 4040s
 2228823 1882832 2.9290e+10  169  301 6.0000e+10 1461.25602   100%  50.8 4045s
 2230672 1888313 4.6959e+08   65  313 6.0000e+10 1461.25904   100%  50.8 4051s
 2242076 1894634 8.5923e+08   67  330 6.0000e+10 1461.28978   100%  50.8 4055s
 2247072 1898795 5.2068e+08   75  315 6.0000e+10 1461.30620   100%  50.8 4060s
 2255129 1905828 4.2062e+10  161  311 6.0000e+10 1461.32670   100%  50.8 4065s
 2265648 1914887 1557.87208   72  334 6.0000e+10 1461.35692   100%  50.8 4070s
 2268730 1916531 9.5687e+09   93  293 6.0000e+10 1461.36109   100%  50.8 4076s
 2272911 1921516 3.6124e+08   85  325 6.0000e+10 1461.37415   100%  50.8 4080s
 2282934 1928978 1479.24577   48  330 6.0000e+10 1461.40360   100%  50.8 4092s
 2283641 1930446 1.1039e+10   68  304 6.0000e+10 1461.40500   100%  50.8 4095s
 2290132 1939653 1546.31026   54  326 6.0000e+10 1461.42026   100%  50.8 4102s
 2300566 1944406 1466.25111   47  340 6.0000e+10 1461.45384   100%  50.8 4109s
 2300575 1945263 1467.24793   48  337 6.0000e+10 1461.45431   100%  50.8 4110s
 2311151 1953710 2.7373e+10   65  305 6.0000e+10 1461.49070   100%  50.8 4115s
 2319691 1962324 1.1337e+10  101  288 6.0000e+10 1461.51348   100%  50.8 4120s
 2329769 1970658 1535.90276   69  320 6.0000e+10 1461.53114   100%  50.7 4125s
 2337048 1978189 1.0000e+10   90  292 6.0000e+10 1461.56299   100%  50.7 4130s
 2345516 1985031 2.0943e+09  112  309 6.0000e+10 1461.58913   100%  50.7 4135s
 2353479 1991617 8.4011e+09  107  296 6.0000e+10 1461.60961   100%  50.7 4140s
 2361657 1998669 3.6973e+10  144  319 6.0000e+10 1461.62771   100%  50.7 4145s
 2366143 2001769 4.3508e+10  102  298 6.0000e+10 1461.64053   100%  50.7 4150s
 2372626 2008892 1512.61066   57  317 6.0000e+10 1461.65718   100%  50.7 4155s
 2381410 2015578 2.6996e+10  161  311 6.0000e+10 1461.68914   100%  50.8 4160s
 2388969 2021531 5.4897e+10  121  309 6.0000e+10 1461.70982   100%  50.7 4166s
 2395024 2027707 4.6784e+10  178  297 6.0000e+10 1461.73164   100%  50.7 4170s
 2404509 2036087 7.7728e+09   76  312 6.0000e+10 1461.75640   100%  50.7 4175s
 2411102 2040737 5.3546e+10  133  290 6.0000e+10 1461.77216   100%  50.7 4180s
 2418999 2048164 1.8458e+10  148  313 6.0000e+10 1461.79547   100%  50.7 4185s
 2427897 2056401 3.9085e+10  128  299 6.0000e+10 1461.81906   100%  50.7 4190s
 2434211 2060679 4.1755e+10   67  308 6.0000e+10 1461.83666   100%  50.7 4195s
 2440717 2067216 2.0388e+10  117  298 6.0000e+10 1461.85543   100%  50.7 4200s
 2449306 2073795     cutoff  174      6.0000e+10 1461.87656   100%  50.7 4206s
 2453214 2078965 1542.27160   60  328 6.0000e+10 1461.88746   100%  50.7 4210s
 2464426 2088152 1.9808e+09  105  334 6.0000e+10 1461.91875   100%  50.7 4215s
 2469834 2092747 1528.97677   59  300 6.0000e+10 1461.92814   100%  50.7 4220s
 2478965 2100752 1607.34437   73  316 6.0000e+10 1461.95478   100%  50.7 4225s
 2485648 2105740 1663.58605   69  316 6.0000e+10 1461.97730   100%  50.7 4230s
 2492197 2112736 1498.89992   71  347 6.0000e+10 1461.99513   100%  50.7 4235s
 2500933 2118961 1.0000e+10   68  307 6.0000e+10 1462.01814   100%  50.7 4241s
 2508309 2125570 2.6031e+09   61  323 6.0000e+10 1462.03688   100%  50.7 4245s
 2516911 2132340 2.4964e+10  156  300 6.0000e+10 1462.06113   100%  50.7 4254s
 2516920 2132812 1.5414e+10  153  306 6.0000e+10 1462.06161   100%  50.7 4255s
 2524668 2140124 5.4477e+10  120  312 6.0000e+10 1462.08779   100%  50.7 4260s
 2534277 2148346 1491.85597   60  333 6.0000e+10 1462.12088   100%  50.7 4265s
 2542490 2155514 2.4859e+09   92  302 6.0000e+10 1462.14645   100%  50.7 4270s
 2552805 2164433 3.9879e+08   87  310 6.0000e+10 1462.18136   100%  50.7 4275s
 2555134 2166145 1516.27255   56  330 6.0000e+10 1462.18859   100%  50.7 4280s
 2558753 2175238 1.0743e+10   99  300 6.0000e+10 1462.20186   100%  50.7 4286s
 2573191 2181974 3.3464e+10   71  295 6.0000e+10 1462.24250   100%  50.7 4290s
 2581306 2188952 3.8294e+10   86  307 6.0000e+10 1462.26820   100%  50.7 4295s
 2588855 2195769 5.7878e+10   67  286 6.0000e+10 1462.28622   100%  50.7 4300s
 2599190 2204005 9.8992e+08  105  294 6.0000e+10 1462.31089   100%  50.7 4307s
 2602486 2208489 1516.26857   56  332 6.0000e+10 1462.32415   100%  50.7 4310s
 2610551 2214847 2.8795e+07   78  322 6.0000e+10 1462.34813   100%  50.7 4315s
 2619600 2222201 3.7464e+10  182  321 6.0000e+10 1462.37198   100%  50.7 4320s
 2624695 2227077 1475.04439   53  323 6.0000e+10 1462.39416   100%  50.7 4325s
 2633444 2234316 1485.87120   51  344 6.0000e+10 1462.42188   100%  50.7 4330s
 2642149 2242055 5.1426e+10  160  302 6.0000e+10 1462.45013   100%  50.7 4335s
 2648496 2247887 1.9272e+10  148  287 6.0000e+10 1462.46429   100%  50.7 4340s
 2657292 2254068 1.2037e+09   76  308 6.0000e+10 1462.48894   100%  50.7 4346s
 2662878 2260099 9.2193e+09   92  302 6.0000e+10 1462.50320   100%  50.7 4350s
 2669483 2265616 3.1647e+09   55  305 6.0000e+10 1462.52198   100%  50.7 4355s
 2678185 2273579 1.8151e+09   98  308 6.0000e+10 1462.54265   100%  50.7 4360s
 2685698 2279807 4.6779e+10   77  310 6.0000e+10 1462.55810   100%  50.7 4365s
 2693848 2287050 2.9019e+09  124  299 6.0000e+10 1462.57858   100%  50.7 4370s
 2701633 2293320 1508.10986   53  338 6.0000e+10 1462.60422   100%  50.7 4375s
 2710268 2301675 1547.37998   68  335 6.0000e+10 1462.62686   100%  50.7 4380s
 2712467 2303028 1612.33652   68  314 6.0000e+10 1462.63353   100%  50.7 4385s
 2720689 2310134 3.4004e+09   73  316 6.0000e+10 1462.65786   100%  50.7 4390s
 2731401 2319645 4.5067e+10  147  327 6.0000e+10 1462.67892   100%  50.7 4395s
 2739440 2326852 3.9425e+09   75  307 6.0000e+10 1462.69695   100%  50.7 4400s
 2745739 2332137 1540.97365   57  313 6.0000e+10 1462.71677   100%  50.7 4405s
 2755329 2340781 1.1488e+10   86  303 6.0000e+10 1462.73674   100%  50.7 4410s
 2765358 2348414 1473.04341   56  320 6.0000e+10 1462.76186   100%  50.7 4416s
 2769896 2356116 5.0009e+10  157  279 6.0000e+10 1462.77742   100%  50.7 4421s
 2780401 2361684 1584.54068   71  312 6.0000e+10 1462.80929   100%  50.6 4427s
 2784385 2366383 3.1798e+10   69  278 6.0000e+10 1462.82071   100%  50.6 4430s
 2793624 2373879 1.6973e+09   72  311 6.0000e+10 1462.84343   100%  50.6 4435s
 2802554 2381683 1481.12119   57  341 6.0000e+10 1462.87106   100%  50.6 4440s
 2810659 2388976 3.3866e+10  164  333 6.0000e+10 1462.88859   100%  50.6 4445s
 2818858 2395142 1527.93571   63  334 6.0000e+10 1462.90953   100%  50.6 4451s
 2824567 2401351 5.1391e+10  111  290 6.0000e+10 1462.92601   100%  50.6 4455s
 2835871 2410498 2.5164e+09   67  313 6.0000e+10 1462.94827   100%  50.6 4460s
 2839115 2413446 1.8232e+09   66  308 6.0000e+10 1462.95733   100%  50.6 4465s
 2847383 2420957 1598.37919   60  268 6.0000e+10 1462.98135   100%  50.6 4470s
 2858194 2430313     cutoff  124      6.0000e+10 1463.00795   100%  50.6 4475s
 2860372 2431842 1528.95917   61  315 6.0000e+10 1463.01414   100%  50.6 4480s
 2871668 2441330 1.8290e+10  116  305 6.0000e+10 1463.04118   100%  50.6 4486s
 2879824 2449573 1682.03351   91  281 6.0000e+10 1463.06332   100%  50.6 4490s
 2885899 2454694 1531.43922   61  306 6.0000e+10 1463.07771   100%  50.5 4495s
 2894264 2462113 1543.67509   62  301 6.0000e+10 1463.10136   100%  50.5 4500s
 2902929 2468534 6.3378e+07   68  305 6.0000e+10 1463.11832   100%  50.5 4508s
 2905158 2472267 5.8018e+09  102  294 6.0000e+10 1463.12741   100%  50.5 4510s
 2915655 2480491 2.0478e+10  108  312 6.0000e+10 1463.15493   100%  50.5 4515s
 2923521 2487789 1.1818e+10  137  315 6.0000e+10 1463.17497   100%  50.5 4520s
 2933245 2495126 2.0071e+10  129  310 6.0000e+10 1463.20047   100%  50.5 4525s
 2940329 2502822 4.7529e+09   71  316 6.0000e+10 1463.21890   100%  50.5 4530s
 2948589 2508666 1.8435e+09   60  311 6.0000e+10 1463.23468   100%  50.5 4536s
 2953207 2513594 1484.82213   47  325 6.0000e+10 1463.24317   100%  50.5 4540s
 2964452 2524124 1503.23990   54  328 6.0000e+10 1463.27182   100%  50.5 4545s
 2968400 2525879 4.4884e+10  159  285 6.0000e+10 1463.27716   100%  50.5 4551s
 2974961 2532256 1.4585e+10  134  308 6.0000e+10 1463.29645   100%  50.5 4555s
 2982668 2539398 1508.41353   64  320 6.0000e+10 1463.31584   100%  50.5 4560s
 2993180 2548089 1605.51196   58  320 6.0000e+10 1463.34351   100%  50.5 4565s
 2999922 2553171 1468.52082   50  330 6.0000e+10 1463.35821   100%  50.5 4570s
 3008838 2562180 1558.44066   65  333 6.0000e+10 1463.38030   100%  50.5 4575s
H3012828 2451971                    5.000000e+10 1463.39061   100%  50.4 4578s
 3015582 2454934 5.0000e+10   71  284 5.0000e+10 1463.39768   100%  50.5 4580s
 3023362 2461876 1523.22889   70  320 5.0000e+10 1463.41813   100%  50.5 4585s
 3031097 2467649 1499.01933   45  320 5.0000e+10 1463.43900   100%  50.5 4591s
H3033983 2469634                    5.000000e+10 1463.44827   100%  50.5 4592s
 3037846 2472858 1519.01776   65  317 5.0000e+10 1463.46078   100%  50.4 4595s
 3046136 2480950 1513.73707   53  314 5.0000e+10 1463.48244   100%  50.4 4600s
 3055247 2489808 5.4421e+08   76  313 5.0000e+10 1463.50646   100%  50.4 4605s
 3061254 2493644 3.0188e+10  115  309 5.0000e+10 1463.52285   100%  50.5 4610s
H3061519 2493333                    4.999998e+10 1463.52322   100%  50.5 4610s
 3071126 2501581 1488.30118   57  319 5.0000e+10 1463.54185   100%  50.4 4615s
H3071131 2501581                    4.999998e+10 1463.54185   100%  50.4 4615s
 3071134 2508495 1494.11528   58  318 5.0000e+10 1463.54235   100%  50.4 4620s
H3079143 2508539                    4.999998e+10 1463.55690   100%  50.4 4622s
 3083382 2513616 1511.36335   57  331 5.0000e+10 1463.56657   100%  50.4 4625s
 3091301 2520214 1.8808e+10  139  306 5.0000e+10 1463.58790   100%  50.4 4630s
 3099312 2527428 1608.07570   63  318 5.0000e+10 1463.60640   100%  50.4 4635s
H3103916 2530092                    4.999998e+10 1463.61526   100%  50.4 4638s
H3103982 2530092                    4.999997e+10 1463.61526   100%  50.4 4638s
 3106432 2533609 7.5834e+09   98  311 5.0000e+10 1463.62278   100%  50.4 4640s
 3116188 2540829 2.3375e+10  148  300 5.0000e+10 1463.64399   100%  50.4 4646s
 3122688 2547535 1626.95282   66  310 5.0000e+10 1463.66049   100%  50.4 4650s
 3127387 2551161 3.6222e+10  149  289 5.0000e+10 1463.67005   100%  50.4 4655s
 3135570 2558190 3.2833e+10   98  276 5.0000e+10 1463.69365   100%  50.4 4660s
 3140826 2562187 1583.44815   70  318 5.0000e+10 1463.70865   100%  50.5 4667s
 3143342 2565383 9.9446e+09  120  316 5.0000e+10 1463.71279   100%  50.5 4670s
 3154378 2574062 2.6464e+10  151  310 5.0000e+10 1463.73767   100%  50.5 4675s
 3162327 2581260 2.2591e+10  150  313 5.0000e+10 1463.75787   100%  50.5 4680s
 3172537 2590251 3.9603e+10   93  304 5.0000e+10 1463.78490   100%  50.5 4685s
 3179426 2596634 2.8000e+09   95  330 5.0000e+10 1463.80319   100%  50.4 4692s
 3186799 2603359 9.8594e+09  140  315 5.0000e+10 1463.81918   100%  50.4 4695s
 3195441 2609662 1.8616e+08   60  310 5.0000e+10 1463.83595   100%  50.4 4700s
 3201952 2614675 1528.16441   57  333 5.0000e+10 1463.84968   100%  50.4 4705s
 3208816 2621779 2.3540e+10  135  311 5.0000e+10 1463.86407   100%  50.4 4710s
 3218300 2629793 7.3554e+09  102  303 5.0000e+10 1463.88334   100%  50.4 4715s
 3226452 2635898     cutoff  166      5.0000e+10 1463.89943   100%  50.4 4723s
 3229196 2639646 2.0078e+10  143  313 5.0000e+10 1463.90887   100%  50.4 4725s
 3237273 2646131 1.2586e+10   74  291 5.0000e+10 1463.92652   100%  50.4 4730s
 3248905 2656264 3.6560e+10  143  299 5.0000e+10 1463.95249   100%  50.4 4735s
 3259691 2665613 1.7739e+09   61  300 5.0000e+10 1463.97375   100%  50.4 4741s
 3265260 2671307 1532.44928   60  324 5.0000e+10 1463.98758   100%  50.4 4745s
 3274675 2679837 1610.50211   62  317 5.0000e+10 1464.00876   100%  50.4 4750s
 3278483 2682368 9.2663e+09   90  308 5.0000e+10 1464.01487   100%  50.4 4755s
 3288450 2690566 2.4333e+10  155  315 5.0000e+10 1464.03713   100%  50.4 4760s
 3296925 2698689 8.0262e+09  132  286 5.0000e+10 1464.05593   100%  50.4 4765s
 3302150 2701725 1.8905e+10  118  297 5.0000e+10 1464.06586   100%  50.4 4770s
 3311354 2711198 1.0540e+10   78  323 5.0000e+10 1464.08246   100%  50.4 4775s
 3318681 2717482 8.1061e+09  131  308 5.0000e+10 1464.09751   100%  50.4 4780s
 3326888 2723474 3.8183e+10  151  301 5.0000e+10 1464.11481   100%  50.3 4785s
 3334616 2731239 9.3147e+08   97  311 5.0000e+10 1464.13760   100%  50.3 4790s
 3340926 2735419 1611.86371   63  298 5.0000e+10 1464.15547   100%  50.3 4796s
 3345064 2740863 1566.57813   75  325 5.0000e+10 1464.16170   100%  50.3 4800s
 3353429 2747337 3.3558e+09  131  318 5.0000e+10 1464.18216   100%  50.4 4805s
 3363604 2755481 1.7314e+10   79  304 5.0000e+10 1464.20663   100%  50.4 4810s
 3368042 2759198 4.5010e+09  101  306 5.0000e+10 1464.22042   100%  50.4 4815s
 3378816 2768785 1.6671e+10  120  290 5.0000e+10 1464.24956   100%  50.4 4820s
 3380861 2770444 6.3172e+09   99  287 5.0000e+10 1464.25345   100%  50.4 4825s
 3390655 2779623 1.4466e+10   95  329 5.0000e+10 1464.27290   100%  50.4 4830s
 3399190 2786814 1479.13248   58  345 5.0000e+10 1464.29291   100%  50.4 4835s
 3403839 2790331 1592.61005   76  317 5.0000e+10 1464.30136   100%  50.4 4840s
H3404382 2790331                    4.999997e+10 1464.30136   100%  50.4 4841s
 3410800 2797254 1676.07006   71  324 5.0000e+10 1464.31557   100%  50.4 4845s
 3422220 2807072 1491.69472   49  333 5.0000e+10 1464.34458   100%  50.3 4850s
 3427821 2811133 1539.00334   55  323 5.0000e+10 1464.36140   100%  50.3 4855s
 3435403 2819126 1.2071e+10  137  321 5.0000e+10 1464.38111   100%  50.3 4860s
 3443688 2824832 1505.23892   59  336 5.0000e+10 1464.39794   100%  50.3 4867s
 3447998 2829338 1533.74608   52  326 5.0000e+10 1464.40963   100%  50.3 4870s
 3458314 2837945 1558.57798   74  317 5.0000e+10 1464.43242   100%  50.3 4875s
 3467383 2845641 1.6458e+08   73  284 5.0000e+10 1464.45653   100%  50.3 4880s
 3477335 2855162 1624.21566   57  321 5.0000e+10 1464.48073   100%  50.3 4885s
 3479174 2856926 2.3781e+10  161  307 5.0000e+10 1464.48434   100%  50.3 4890s
 3489254 2866118 4.8217e+08   72  318 5.0000e+10 1464.50337   100%  50.3 4895s
 3497350 2872878 1.0246e+09   73  307 5.0000e+10 1464.52068   100%  50.3 4900s
 3507065 2880450 1543.12876   55  306 5.0000e+10 1464.54003   100%  50.3 4905s
 3513358 2886066 1571.95876   66  321 5.0000e+10 1464.55718   100%  50.3 4910s
 3517877 2890204 4.5476e+10  105  290 5.0000e+10 1464.56775   100%  50.3 4915s
 3525207 2895033 8.4882e+09  105  297 5.0000e+10 1464.58535   100%  50.3 4920s
 3525321 2902010 2.9949e+10  105  298 5.0000e+10 1464.58600   100%  50.3 4925s
 3538686 2907156 1.6882e+10  105  331 5.0000e+10 1464.62023   100%  50.3 4930s
 3546029 2912391 2.4269e+09  115  305 5.0000e+10 1464.63917   100%  50.4 4937s
 3549860 2916268 1.4269e+10  115  303 5.0000e+10 1464.64787   100%  50.4 4940s
 3556975 2923772 1.9414e+09   84  345 5.0000e+10 1464.66647   100%  50.4 4945s
 3567498 2930886     cutoff   85      5.0000e+10 1464.68569   100%  50.4 4950s
 3574450 2936917 4.0804e+10  159  277 5.0000e+10 1464.70483   100%  50.4 4955s
 3584124 2945439 6.6600e+09  116  314 5.0000e+10 1464.72412   100%  50.4 4960s
 3593315 2953394 6.2952e+09   98  293 5.0000e+10 1464.73959   100%  50.4 4968s
 3596996 2957701 1512.63571   54  316 5.0000e+10 1464.74767   100%  50.3 4970s
 3603991 2963869 1594.80693   65  329 5.0000e+10 1464.76209   100%  50.3 4975s
 3611089 2969690 1477.23463   54  335 5.0000e+10 1464.77501   100%  50.3 4980s
 3621884 2979129 9.0127e+09   90  296 5.0000e+10 1464.79690   100%  50.3 4985s
 3627582 2983777 3.4258e+10  143  311 5.0000e+10 1464.80515   100%  50.3 4990s
 3635845 2991405 4.5333e+09   94  277 5.0000e+10 1464.82579   100%  50.3 4998s
 3637690 2993520 1.0386e+10   84  305 5.0000e+10 1464.82837   100%  50.3 5000s
 3647361 3001455 2.0054e+10  124  321 5.0000e+10 1464.84865   100%  50.3 5005s
 3657197 3009659 2.1278e+10   55  311 5.0000e+10 1464.86691   100%  50.3 5010s
 3660565 3018880 1.7644e+10  110  317 5.0000e+10 1464.87511   100%  50.3 5017s
 3668573 3018894 1.0620e+10   86  319 5.0000e+10 1464.88903   100%  50.3 5021s
 3676204 3026648 3.4281e+10  109  306 5.0000e+10 1464.90829   100%  50.3 5025s
 3686584 3035826 4.1700e+10  143  303 5.0000e+10 1464.93162   100%  50.3 5030s
 3695294 3043420 1560.76940   67  332 5.0000e+10 1464.95051   100%  50.3 5035s
 3702276 3047859 1.7570e+10  123  311 5.0000e+10 1464.96445   100%  50.3 5042s
 3704637 3050560 1504.48604   59  327 5.0000e+10 1464.97118   100%  50.3 5045s
 3713830 3058793 1572.82183   67  311 5.0000e+10 1464.98885   100%  50.4 5050s
 3722584 3066009 1503.07010   56  346 5.0000e+10 1465.01134   100%  50.4 5055s
 3731958 3073570 1522.52202   62  314 5.0000e+10 1465.02904   100%  50.4 5061s
 3735064 3077246 1.5640e+10   80  282 5.0000e+10 1465.03307   100%  50.4 5065s
 3744857 3085640 7.4295e+09  102  296 5.0000e+10 1465.05524   100%  50.4 5070s
 3751740 3090439 1.9198e+10  135  292 5.0000e+10 1465.06766   100%  50.4 5077s
 3755611 3094736 1591.88474   64  312 5.0000e+10 1465.07645   100%  50.4 5080s
 3764537 3103263 1521.31969   60  327 5.0000e+10 1465.09504   100%  50.4 5085s
 3775636 3112237 8.0547e+09  110  315 5.0000e+10 1465.11859   100%  50.4 5090s
 3779514 3121487     cutoff  185      5.0000e+10 1465.12437   100%  50.3 5099s
 3787522 3122649 7.3373e+09   98  298 5.0000e+10 1465.14484   100%  50.4 5100s
 3795408 3129644 1501.34928   55  319 5.0000e+10 1465.16563   100%  50.4 5105s
 3804661 3136515 2.4603e+09   66  299 5.0000e+10 1465.18223   100%  50.3 5112s
 3809493 3141839 2.1543e+10  109  279 5.0000e+10 1465.19290   100%  50.3 5115s
 3817272 3148496 2.2954e+10   97  290 5.0000e+10 1465.21263   100%  50.3 5120s
 3825337 3155461 1586.02020   80  312 5.0000e+10 1465.22681   100%  50.3 5125s
 3836957 3165156 1475.75227   63  325 5.0000e+10 1465.24981   100%  50.3 5130s
 3843749 3171204 1.0792e+10   95  312 5.0000e+10 1465.26591   100%  50.3 5135s
 3849811 3176737 1.0000e+10   69  332 5.0000e+10 1465.27751   100%  50.3 5140s
 3858494 3184873 1629.83021   61  316 5.0000e+10 1465.29210   100%  50.3 5145s
 3870403 3193774 1504.70675   53  323 5.0000e+10 1465.32098   100%  50.3 5153s
 3870547 3194776 1506.81101   67  318 5.0000e+10 1465.32121   100%  50.3 5155s
 3880090 3203143 1533.27816   68  315 5.0000e+10 1465.34043   100%  50.3 5160s
 3889482 3211302 1516.32727   50  327 5.0000e+10 1465.35340   100%  50.3 5165s
 3897951 3217627 2.6224e+09   83  318 5.0000e+10 1465.36575   100%  50.3 5172s
 3900495 3220578 9.9820e+09   96  303 5.0000e+10 1465.36995   100%  50.3 5175s
 3909173 3228384 8.2371e+09  115  297 5.0000e+10 1465.38758   100%  50.3 5180s
 3916506 3234616 5.0056e+09   89  302 5.0000e+10 1465.39979   100%  50.3 5185s
 3925237 3241468 infeasible   71      5.0000e+10 1465.42102   100%  50.3 5190s
 3927335 3242930 2.3289e+10  151  317 5.0000e+10 1465.42430   100%  50.3 5195s
 3935816 3251421 1.3674e+09   75  323 5.0000e+10 1465.43845   100%  50.3 5200s
 3943643 3257668 1567.03448   70  327 5.0000e+10 1465.45495   100%  50.3 5205s
 3952108 3264075 4.0316e+10  186  301 5.0000e+10 1465.47093   100%  50.3 5212s
 3956478 3268834 2.0696e+10  129  303 5.0000e+10 1465.48376   100%  50.3 5215s
 3965310 3276285 2.3650e+10  161  327 5.0000e+10 1465.50017   100%  50.3 5220s
 3969660 3279154 1484.26462   57  323 5.0000e+10 1465.50608   100%  50.3 5225s
 3976617 3286482 1508.77711   53  334 5.0000e+10 1465.52139   100%  50.3 5230s
 3988244 3296255 1490.69399   48  336 5.0000e+10 1465.54452   100%  50.3 5235s
 3994053 3300767 1516.64071   52  324 5.0000e+10 1465.55709   100%  50.3 5240s
 4001374 3306465 1.7709e+10  118  312 5.0000e+10 1465.57483   100%  50.4 5248s
 4003295 3309852 3.9358e+09   73  314 5.0000e+10 1465.57711   100%  50.4 5250s
 4008650 3319799 1470.87488   55  349 5.0000e+10 1465.58545   100%  50.3 5256s
 4022874 3325867 1600.96611   77  327 5.0000e+10 1465.61023   100%  50.3 5260s
 4029672 3332450 1.7357e+10   71  300 5.0000e+10 1465.62232   100%  50.3 5265s
 4035907 3336655 2.6164e+10   75  317 5.0000e+10 1465.63079   100%  50.3 5271s
 4041296 3342162 1526.90352   55  314 5.0000e+10 1465.64113   100%  50.3 5275s
 4051501 3350558 1.9311e+10  120  317 5.0000e+10 1465.66287   100%  50.3 5280s
 4059770 3358156 1.0000e+10   59  290 5.0000e+10 1465.67846   100%  50.3 5285s
 4064472 3361922 1557.32479   66  324 5.0000e+10 1465.68936   100%  50.3 5290s
 4073654 3369385 1.1038e+10   71  308 5.0000e+10 1465.71050   100%  50.3 5296s
 4082131 3377592 1629.18487   75  295 5.0000e+10 1465.72640   100%  50.3 5300s
 4086113 3380197 5.9519e+08   73  320 5.0000e+10 1465.73310   100%  50.3 5306s
 4092032 3386316 1.1344e+09   59  325 5.0000e+10 1465.74323   100%  50.3 5310s
 4101223 3394724 1534.50082   70  329 5.0000e+10 1465.76139   100%  50.3 5315s
 4111151 3403273 4.5577e+10  171  293 5.0000e+10 1465.77613   100%  50.3 5320s
 4115264 3406463 3.4144e+10  178  313 5.0000e+10 1465.78323   100%  50.3 5325s
 4125925 3416048 7.9606e+09  122  314 5.0000e+10 1465.80747   100%  50.3 5330s
 4133447 3422652 1.6856e+08   88  329 5.0000e+10 1465.82112   100%  50.3 5335s
 4138994 3427269 1497.83216   51  333 5.0000e+10 1465.83386   100%  50.3 5340s
 4148879 3435290 1489.66834   61  341 5.0000e+10 1465.84959   100%  50.3 5345s
 4153209 3438680 1572.27112   64  322 5.0000e+10 1465.85784   100%  50.3 5350s
 4159109 3450840 1586.19941   63  323 5.0000e+10 1465.86922   100%  50.3 5357s
 4170429 3454379 1.1305e+10   87  325 5.0000e+10 1465.88814   100%  50.3 5360s
 4174944 3461531 4.1735e+10  125  293 5.0000e+10 1465.89530   100%  50.3 5366s
 4183882 3465889 1504.87418   58  336 5.0000e+10 1465.91323   100%  50.3 5372s
 4185824 3468650 1.7186e+10   95  292 5.0000e+10 1465.91730   100%  50.3 5375s
 4196996 3478210 1534.44224   66  311 5.0000e+10 1465.93820   100%  50.3 5380s
 4208593 3488259 4.0186e+09   74  283 5.0000e+10 1465.95722   100%  50.3 5385s
 4218206 3496260 1473.27808   56  344 5.0000e+10 1465.97508   100%  50.3 5390s
 4226759 3502915 1518.36662   61  306 5.0000e+10 1465.99068   100%  50.3 5398s
 4229313 3506004 2.2409e+08   60  330 5.0000e+10 1465.99427   100%  50.3 5400s
 4237740 3513732 5.1576e+09   67  306 5.0000e+10 1466.01219   100%  50.3 5405s
 4248124 3521831 1473.92150   54  330 5.0000e+10 1466.03282   100%  50.3 5410s
 4253561 3527511 1477.59975   54  334 5.0000e+10 1466.04449   100%  50.3 5415s
 4264113 3535002 2.2922e+10  168  305 5.0000e+10 1466.06145   100%  50.3 5420s
 4267935 3545076 2.3166e+10  109  288 5.0000e+10 1466.06789   100%  50.3 5428s
 4277837 3547854 2.2224e+09   92  315 5.0000e+10 1466.08793   100%  50.3 5430s
 4285406 3553602 4.5795e+10  135  296 5.0000e+10 1466.10048   100%  50.3 5435s
 4294894 3562749 3.0000e+10   97  306 5.0000e+10 1466.11600   100%  50.2 5440s
 4300770 3567653 3.1465e+10  163  301 5.0000e+10 1466.12424   100%  50.2 5445s
 4311468 3577117 8.9389e+09   94  285 5.0000e+10 1466.14166   100%  50.2 5450s
 4315974 3580277 2.2674e+09   71  321 5.0000e+10 1466.15080   100%  50.2 5455s
 4321478 3585950     cutoff  155      5.0000e+10 1466.15979   100%  50.2 5460s
 4327127 3590868 1.3018e+10   62  312 5.0000e+10 1466.16699   100%  50.2 5465s
 4336489 3597692 2.1222e+10   69  286 5.0000e+10 1466.18747   100%  50.3 5472s
 4339001 3600182 1.0738e+10  128  302 5.0000e+10 1466.19305   100%  50.3 5475s
 4347842 3608481 8.0801e+09   71  312 5.0000e+10 1466.20643   100%  50.3 5480s
 4353959 3612729 1547.32385   60  329 5.0000e+10 1466.21772   100%  50.3 5487s
 4355880 3615133 1474.66748   61  330 5.0000e+10 1466.22509   100%  50.3 5490s
 4359019 3621169 1494.85639   56  326 5.0000e+10 1466.23024   100%  50.3 5495s
 4370955 3628559 4.5131e+10  161  302 5.0000e+10 1466.25204   100%  50.3 5500s
 4378075 3634212 1478.03255   49  319 5.0000e+10 1466.26475   100%  50.3 5505s
 4387093 3641906 1542.04079   55  320 5.0000e+10 1466.27885   100%  50.3 5510s
 4388645 3648383 1492.46083   47  327 5.0000e+10 1466.28249   100%  50.3 5516s
 4398930 3652556 9.7725e+08   78  297 5.0000e+10 1466.30130   100%  50.3 5520s
 4402978 3655002 1496.10759   54  326 5.0000e+10 1466.30610   100%  50.3 5525s
 4411241 3662001 2.4025e+10  153  294 5.0000e+10 1466.32128   100%  50.3 5530s
 4420172 3669788 1.0313e+10   79  291 5.0000e+10 1466.33822   100%  50.3 5535s
 4426704 3676600 infeasible  129      5.0000e+10 1466.35086   100%  50.3 5540s
 4435649 3683194 1537.09329   68  319 5.0000e+10 1466.36599   100%  50.3 5549s
 4435657 3683840 1547.93685   69  329 5.0000e+10 1466.36599   100%  50.3 5550s
 4444954 3692165 1483.72840   54  349 5.0000e+10 1466.38366   100%  50.3 5555s
 4453133 3699596 3.3642e+10  104  314 5.0000e+10 1466.39638   100%  50.3 5560s
 4457499 3702162 1.0000e+10   59  301 5.0000e+10 1466.40349   100%  50.3 5565s
 4461419 3706657 2.3521e+10  137  287 5.0000e+10 1466.41439   100%  50.3 5570s
 4470989 3715046 2.3243e+09   67  318 5.0000e+10 1466.43455   100%  50.3 5575s
 4479106 3721979 9.7906e+09   88  300 5.0000e+10 1466.44745   100%  50.3 5580s
 4482770 3724016 4.3082e+10  168  274 5.0000e+10 1466.45684   100%  50.3 5585s
 4490941 3732116 1612.47658   65  300 5.0000e+10 1466.46997   100%  50.3 5590s
 4498848 3738042 1527.43309   52  328 5.0000e+10 1466.48349   100%  50.3 5596s
 4503976 3743654 3.9324e+09   65  296 5.0000e+10 1466.49082   100%  50.3 5600s
 4512209 3750307 1606.14808   70  319 5.0000e+10 1466.50399   100%  50.3 5605s
 4516149 3753750 9.4073e+09  140  277 5.0000e+10 1466.51091   100%  50.3 5610s
H4523807 3759573                    4.999997e+10 1466.52364   100%  50.3 5615s
 4530794 3766595 3.4389e+09   69  312 5.0000e+10 1466.53521   100%  50.3 5620s
 4533466 3767862 1492.64137   57  323 5.0000e+10 1466.54143   100%  50.3 5625s
 4540109 3774701 3.3826e+10  160  296 5.0000e+10 1466.55252   100%  50.3 5630s
 4550089 3783100 3.7883e+10  137  302 5.0000e+10 1466.56759   100%  50.3 5635s
 4554270 3787204 1.4394e+10  126  309 5.0000e+10 1466.57538   100%  50.3 5640s
 4562251 3792285 1581.28755   68  324 5.0000e+10 1466.58977   100%  50.3 5646s
 4565042 3795795 1482.36100   55  334 5.0000e+10 1466.59462   100%  50.3 5650s
 4571756 3800933 4.2574e+10   69  271 5.0000e+10 1466.60760   100%  50.3 5655s
 4581163 3809629 1.2993e+10  102  305 5.0000e+10 1466.62314   100%  50.3 5660s
 4582555 3816660 1522.25498   66  336 5.0000e+10 1466.62505   100%  50.3 5669s
 4590563 3817444 3.1901e+10  152  296 5.0000e+10 1466.64141   100%  50.3 5670s
 4599646 3825563 1534.25657   68  328 5.0000e+10 1466.65574   100%  50.3 5675s
 4605250 3830671 2.5512e+09  134  314 5.0000e+10 1466.66632   100%  50.3 5680s
 4608996 3833547 1523.30892   61  328 5.0000e+10 1466.67270   100%  50.3 5685s
 4618169 3841423 9.8668e+08   69  327 5.0000e+10 1466.69217   100%  50.3 5690s
 4626336 3847529 1.2024e+10  158  331 5.0000e+10 1466.70475   100%  50.3 5695s
 4630566 3851179 1.6567e+10   98  307 5.0000e+10 1466.71239   100%  50.3 5701s
 4636273 3857491 2.8068e+10  144  308 5.0000e+10 1466.72061   100%  50.3 5705s
 4647043 3865428 1.2458e+10  125  304 5.0000e+10 1466.74444   100%  50.3 5710s
 4653596 3871721 1.3465e+09   88  285 5.0000e+10 1466.75543   100%  50.3 5715s
 4661561 3878786 1.4366e+10  102  311 5.0000e+10 1466.76976   100%  50.3 5720s
 4664294 3880675     cutoff  182      5.0000e+10 1466.77380   100%  50.3 5725s
 4672027 3888488 1546.10212   61  323 5.0000e+10 1466.78425   100%  50.3 5730s
 4683074 3897471 2.7446e+10  187  317 5.0000e+10 1466.80235   100%  50.3 5735s
 4685330 3899899 1508.72421   58  334 5.0000e+10 1466.80811   100%  50.3 5740s
 4694796 3907751 1572.62905   79  319 5.0000e+10 1466.82147   100%  50.3 5745s
 4703825 3915696 1542.12767   57  328 5.0000e+10 1466.83469   100%  50.3 5750s
 4710439 3920967 2.3430e+10   71  296 5.0000e+10 1466.84714   100%  50.3 5755s
 4716488 3932181 3.8097e+09  110  312 5.0000e+10 1466.85959   100%  50.3 5763s
 4724973 3934093 2.8192e+10  131  297 5.0000e+10 1466.87260   100%  50.3 5765s
 4732085 3938822 3.7448e+10   73  309 5.0000e+10 1466.88466   100%  50.3 5771s
 4737388 3945193 2.5935e+10  121  291 5.0000e+10 1466.89584   100%  50.3 5775s
 4745692 3951597 1.0306e+10  121  298 5.0000e+10 1466.91028   100%  50.3 5780s
 4754848 3959617 1646.18830   62  307 5.0000e+10 1466.92496   100%  50.3 5785s
 4760802 3963879 6.3827e+09  100  282 5.0000e+10 1466.92997   100%  50.3 5790s
 4761072 3970737 1.2454e+10  100  283 5.0000e+10 1466.93167   100%  50.3 5795s
 4775587 3977862 3.0219e+09   72  310 5.0000e+10 1466.95355   100%  50.3 5800s
 4780286 3980629 3.5185e+10  155  259 5.0000e+10 1466.96269   100%  50.3 5807s
 4783826 3985005 1524.15463   55  333 5.0000e+10 1466.96731   100%  50.3 5810s
 4792232 3991782 2.6517e+10  133  317 5.0000e+10 1466.97894   100%  50.3 5815s
 4801838 4000164 2.6992e+09   99  287 5.0000e+10 1466.99761   100%  50.3 5820s
 4808546 4006191 4.5527e+10   68  305 5.0000e+10 1467.00432   100%  50.3 5825s
 4816421 4011546 2.1299e+10   71  283 5.0000e+10 1467.01555   100%  50.3 5832s
 4818848 4014895 1500.46533   56  329 5.0000e+10 1467.01998   100%  50.3 5835s
 4830399 4024236 3.7194e+10  134  248 5.0000e+10 1467.03759   100%  50.3 5840s
 4839013 4031410 1523.50582   56  326 5.0000e+10 1467.05477   100%  50.3 5845s
 4843007 4035662 1596.18601   66  304 5.0000e+10 1467.06021   100%  50.3 5850s
 4853056 4044087 9.1872e+09   99  303 5.0000e+10 1467.07603   100%  50.3 5855s
 4860823 4049856 3.4907e+08   72  315 5.0000e+10 1467.08799   100%  50.3 5860s
 4867194 4057281 1.7442e+10  120  293 5.0000e+10 1467.09731   100%  50.3 5865s
 4876683 4063735 3.1589e+10  136  332 5.0000e+10 1467.11187   100%  50.3 5870s
 4880409 4067874 1518.43087   54  314 5.0000e+10 1467.11882   100%  50.3 5875s
 4891132 4077414 1505.66893   61  336 5.0000e+10 1467.13487   100%  50.3 5880s
 4899312 4083548     cutoff  186      5.0000e+10 1467.14803   100%  50.3 5892s
 4899954 4084188 1481.13037   53  316 5.0000e+10 1467.14803   100%  50.3 5895s
 4904423 4089880 1516.96789   57  329 5.0000e+10 1467.15861   100%  50.3 5900s
 4914079 4097360 2.7985e+10  121  320 5.0000e+10 1467.17598   100%  50.3 5906s
 4919040 4101847 3.6607e+10  171  299 5.0000e+10 1467.18341   100%  50.3 5910s
 4925856 4107412 1538.35905   48  335 5.0000e+10 1467.19797   100%  50.3 5915s
 4935390 4115416 8.4546e+09  125  282 5.0000e+10 1467.21415   100%  50.3 5920s
 4939013 4118542 2.7169e+10   93  296 5.0000e+10 1467.21865   100%  50.3 5925s
 4948794 4127813 1.8359e+09  105  299 5.0000e+10 1467.23371   100%  50.3 5930s
 4956644 4133348 1473.57353   58  334 5.0000e+10 1467.24824   100%  50.3 5937s
 4956808 4140329 1480.14586   59  336 5.0000e+10 1467.24834   100%  50.3 5941s
 4971018 4146870 2.4986e+09   87  324 5.0000e+10 1467.27198   100%  50.3 5945s
 4977774 4151746 4.5739e+08   74  311 5.0000e+10 1467.28048   100%  50.3 5950s
 4985195 4159403 1.4081e+10   86  325 5.0000e+10 1467.29029   100%  50.3 5955s
 4993689 4167096 1.3051e+09  106  326 5.0000e+10 1467.30460   100%  50.3 5960s
 4999981 4171772 1559.03833   61  330 5.0000e+10 1467.31371   100%  50.3 5965s
 5006686 4178150 2.8765e+08   60  311 5.0000e+10 1467.32404   100%  50.3 5970s
 5014542 4184777 2.3000e+10  119  298 5.0000e+10 1467.33212   100%  50.3 5975s
 5022765 4192292 3.9020e+09   87  292 5.0000e+10 1467.34291   100%  50.3 5980s
 5024895 4192711 1.4875e+10   77  310 5.0000e+10 1467.34687   100%  50.3 5985s
 5035351 4202099 3.9142e+10  134  268 5.0000e+10 1467.36104   100%  50.3 5990s
 5045233 4209756 1469.21011   57  331 5.0000e+10 1467.37534   100%  50.3 5996s
 5052532 4217066 8.9833e+09   85  314 5.0000e+10 1467.39079   100%  50.3 6000s
 5057932 4221676 1.6891e+10  102  294 5.0000e+10 1467.39884   100%  50.3 6005s
 5069595 4231851 6.4759e+08   76  312 5.0000e+10 1467.41706   100%  50.3 6010s
 5074094 4234805 4.8099e+10   64  277 5.0000e+10 1467.42616   100%  50.3 6016s
 5078714 4239579 1526.26971   57  304 5.0000e+10 1467.43294   100%  50.3 6020s
 5087625 4247780 1.9801e+10  108  292 5.0000e+10 1467.44631   100%  50.3 6025s
 5097768 4255961 1653.20577   73  310 5.0000e+10 1467.46240   100%  50.3 6030s
 5099825 4257237 1491.85383   56  315 5.0000e+10 1467.46509   100%  50.3 6037s
 5102331 4260390 1561.52996   77  300 5.0000e+10 1467.47040   100%  50.3 6040s
 5112514 4269011 1475.38129   57  339 5.0000e+10 1467.48758   100%  50.3 6045s
 5123739 4278558 1604.28884   57  281 5.0000e+10 1467.50319   100%  50.3 6050s
 5133039 4287275 2.1090e+08   56  322 5.0000e+10 1467.51665   100%  50.2 6055s
 5141075 4294662 1583.28577   64  322 5.0000e+10 1467.52668   100%  50.2 6060s
 5151277 4303742 1.1885e+09   72  306 5.0000e+10 1467.54177   100%  50.2 6065s
 5157724 4309457 3.7074e+10  151  305 5.0000e+10 1467.55269   100%  50.2 6070s
 5167077 4317521 2.2596e+10  109  296 5.0000e+10 1467.56576   100%  50.2 6075s
 5171336 4320077 1601.35341   70  296 5.0000e+10 1467.57187   100%  50.2 6080s
 5179813 4328865 1543.23111   69  314 5.0000e+10 1467.58421   100%  50.2 6085s
 5190076 4337554 1662.05627   80  325 5.0000e+10 1467.59966   100%  50.2 6090s
 5198251 4343717 1529.29807   56  303 5.0000e+10 1467.60905   100%  50.2 6097s
 5198340 4350655 1545.24739   55  294 5.0000e+10 1467.60954   100%  50.2 6102s
 5210109 4354952 2.5444e+10  129  270 5.0000e+10 1467.62808   100%  50.2 6105s
 5216226 4360475 4.5377e+10  112  284 5.0000e+10 1467.63757   100%  50.2 6110s
 5224957 4367147 2.5710e+10   89  285 5.0000e+10 1467.64953   100%  50.2 6115s
 5228459 4370718 1.0917e+09   85  307 5.0000e+10 1467.65754   100%  50.2 6120s
 5236424 4377641 1539.44339   61  334 5.0000e+10 1467.66971   100%  50.2 6125s
 5247719 4387859 6.2025e+07   56  328 5.0000e+10 1467.68587   100%  50.2 6130s
 5255195 4393255 2.0760e+10   91  295 5.0000e+10 1467.69846   100%  50.2 6136s
 5261126 4399218 1491.39139   53  329 5.0000e+10 1467.70229   100%  50.2 6140s
 5268323 4406181 1.4300e+10   78  325 5.0000e+10 1467.71299   100%  50.2 6145s
 5272825 4408509 2.7923e+10   66  310 5.0000e+10 1467.71953   100%  50.2 6151s
 5279904 4415321 1618.91167   75  323 5.0000e+10 1467.73099   100%  50.2 6155s
 5286184 4420013 4.1606e+08   69  310 5.0000e+10 1467.73928   100%  50.2 6160s
 5296999 4430024 3.4976e+10  164  321 5.0000e+10 1467.75254   100%  50.2 6165s
 5305559 4437572 5.4309e+08   75  326 5.0000e+10 1467.76568   100%  50.2 6170s
 5311063 4441138 8.5587e+09  114  313 5.0000e+10 1467.77533   100%  50.2 6175s
 5320340 4450529 3.0908e+10  178  285 5.0000e+10 1467.78622   100%  50.2 6180s
 5327023 4455918 2.3413e+10  121  292 5.0000e+10 1467.79588   100%  50.2 6185s
 5337395 4464173 1.0010e+09   75  306 5.0000e+10 1467.80878   100%  50.2 6192s
 5340860 4467866 1492.53694   49  328 5.0000e+10 1467.81365   100%  50.2 6195s
 5347624 4474348 3.9332e+09  108  307 5.0000e+10 1467.82418   100%  50.2 6200s
 5357828 4482746 1.0194e+10  113  314 5.0000e+10 1467.83656   100%  50.2 6205s
 5359769 4484195 1.5942e+09   85  322 5.0000e+10 1467.83908   100%  50.2 6210s
 5371560 4494513 7.1131e+08   64  333 5.0000e+10 1467.85983   100%  50.2 6215s
 5379865 4502362 1.9117e+10  135  305 5.0000e+10 1467.86989   100%  50.2 6220s
 5382421 4503311 3.2768e+10   75  295 5.0000e+10 1467.87178   100%  50.2 7201s

Cutting planes:
  Gomory: 1
  Clique: 1
  Flow cover: 1
  Zero half: 11

Explored 5382640 nodes (270145380 simplex iterations) in 7201.72 seconds (8607.87 work units)
Thread count was 8 (of 8 available processors)

Solution count 10: 5e+10 5e+10 5e+10 ... 7e+10

Time limit reached
Best objective 5.000000161300e+10, best bound 1.467872134233e+03, gap 100.0000%
