
Gurobi 11.0.1 (mac64[arm]) logging started Tue Feb 11 15:03:17 2025

Set parameter LogFile to value "logs_new/salida_modelo_caminos_400_567_25.log"
Set parameter TimeLimit to value 7200
Gurobi Optimizer version 11.0.1 build v11.0.1rc0 (mac64[arm] - Darwin 24.3.0 24D60)

CPU model: Apple M2
Thread count: 8 physical cores, 8 logical processors, using up to 8 threads

Optimize a model with 653 rows, 2276 columns and 9649 nonzeros
Coefficient statistics:
  Matrix range     [1e+00, 1e+00]
  Objective range  [2e+00, 1e+10]
  Bounds range     [0e+00, 0e+00]
  RHS range        [1e+00, 2e+02]
Warning: Model contains large objective coefficients
         Consider reformulating model or setting NumericFocus parameter
         to avoid numerical issues.

Solved in 0 iterations and 0.00 seconds (0.00 work units)
Optimal objective  1.509000000e+03
Gurobi Optimizer version 11.0.1 build v11.0.1rc0 (mac64[arm] - Darwin 24.3.0 24D60)

CPU model: Apple M2
Thread count: 8 physical cores, 8 logical processors, using up to 8 threads

Optimize a model with 653 rows, 2276 columns and 9649 nonzeros
Model fingerprint: 0x7725ff0c
Variable types: 0 continuous, 2276 integer (2276 binary)
Coefficient statistics:
  Matrix range     [1e+00, 1e+00]
  Objective range  [2e+00, 1e+10]
  Bounds range     [0e+00, 0e+00]
  RHS range        [1e+00, 2e+02]
Warning: Model contains large objective coefficients
         Consider reformulating model or setting NumericFocus parameter
         to avoid numerical issues.
Found heuristic solution: objective 4.000000e+12
Presolve removed 250 rows and 0 columns
Presolve time: 0.01s
Presolved: 403 rows, 2276 columns, 9427 nonzeros
Variable types: 0 continuous, 2276 integer (2276 binary)
Found heuristic solution: objective 3.900000e+12

Root relaxation: objective 1.509000e+03, 2722 iterations, 0.12 seconds (0.25 work units)

    Nodes    |    Current Node    |     Objective Bounds      |     Work
 Expl Unexpl |  Obj  Depth IntInf | Incumbent    BestBd   Gap | It/Node Time

     0     0 1509.00000    0  339 3.9000e+12 1509.00000   100%     -    0s
H    0     0                    6.100000e+11 1509.00000   100%     -    0s
H    0     0                    6.000000e+11 1509.00000   100%     -    0s
H    0     0                    4.300000e+11 1509.00000   100%     -    0s
H    0     0                    3.200000e+11 1509.00000   100%     -    0s
H    0     0                    2.700000e+11 1509.00000   100%     -    0s
     0     0 1510.45535    0  366 2.7000e+11 1510.45535   100%     -    0s
     0     0 1510.60954    0  376 2.7000e+11 1510.60954   100%     -    0s
H    0     0                    2.600000e+11 1510.60954   100%     -    0s
     0     0 1510.70788    0  380 2.6000e+11 1510.70788   100%     -    0s
     0     0 1510.74989    0  388 2.6000e+11 1510.74989   100%     -    0s
     0     0 1510.76171    0  388 2.6000e+11 1510.76171   100%     -    0s
     0     0 1510.77033    0  388 2.6000e+11 1510.77033   100%     -    0s
H    0     0                    2.500000e+11 1510.77033   100%     -    0s
     0     2 1510.77090    0  388 2.5000e+11 1510.77090   100%     -    0s
H   31    40                    2.400000e+11 1512.59983   100%   131    0s
H   38    40                    2.300000e+11 1512.59983   100%   120    0s
H   64    74                    2.100000e+11 1513.69861   100%   136    1s
H   65    74                    1.700000e+11 1513.69861   100%   136    1s
H  103   111                    1.600000e+11 1513.87665   100%   139    1s
H  149   158                    1.500000e+11 1513.87665   100%   134    2s
  1283  1331 2.6609e+10   97  298 1.5000e+11 1513.87665   100%   118    5s
H 1581  1586                    1.200000e+11 1513.87665   100%   111    5s
H 2297  2108                    1.000000e+11 1514.10296   100%   103    7s
  2305  2116 1514.10822   11  362 1.0000e+11 1514.10822   100%   105   10s
H 2410  2085                    9.000000e+10 1514.10822   100%   106   11s
H 2482  2033                    9.000000e+10 1514.10822   100%   105   11s
H 2489  1936                    8.000000e+10 1514.10822   100%   105   11s
H 3290  2356                    7.000000e+10 1514.10822   100%   107   16s
H 3292  2211                    6.000000e+10 1514.10822   100%   107   16s
  3926  2619 4.5889e+09   61  288 6.0000e+10 1514.10822   100%   108   20s
  6152  3767 5.2673e+10  150  275 6.0000e+10 1514.10822   100%   107   25s
  8516  5855 8.2200e+09   55  299 6.0000e+10 1515.81294   100%   103   30s
  9488  6401 1.9552e+10   75  294 6.0000e+10 1516.86321   100%   101   35s
 10720  7843 3.0435e+10  101  261 6.0000e+10 1517.41498   100%   101   40s
H11140  7440                    5.000000e+10 1517.76670   100%   100   43s
 11632  8483 1.7602e+10   73  300 5.0000e+10 1517.76670   100%   101   48s
 12839  9641 1577.00441   31  339 5.0000e+10 1518.92793   100%  99.2   50s
 16943 13027 1.2014e+10   82  273 5.0000e+10 1519.39211   100%  94.4   55s
 19589 15242 1525.92417   21  351 5.0000e+10 1520.08822   100%  92.7   61s
 20980 17187 1547.61865   24  341 5.0000e+10 1520.81763   100%  92.6   65s
 24912 19568 4.3403e+09   63  301 5.0000e+10 1521.53673   100%  89.3   70s
 29537 23724 9.5687e+08   52  388 5.0000e+10 1522.16481   100%  86.6   87s
 29544 23729 1553.74013   26  398 5.0000e+10 1522.16481   100%  86.5   90s
 29551 23733 1533.16658   22  399 5.0000e+10 1522.16481   100%  86.5   95s
 29560 23739 1.0000e+10   44  412 5.0000e+10 1522.16481   100%  86.5  100s
 29566 23743 1564.88160   32  412 5.0000e+10 1522.16481   100%  86.5  105s
 29679 23828 1543.66827   32  352 5.0000e+10 1522.16481   100%  86.8  111s
 29721 23856 1548.50646   35  356 5.0000e+10 1522.16481   100%  86.8  115s
 30985 24583 1629.94910   60  304 5.0000e+10 1522.16481   100%  88.2  120s
 32348 25304 1.4420e+10   72  294 5.0000e+10 1522.16481   100%  89.7  125s
 33820 26251 1659.53480   68  323 5.0000e+10 1522.16481   100%  91.4  130s
H34805 25485                    4.999999e+10 1522.16481   100%  92.2  134s
H34893 24335                    4.999998e+10 1522.16481   100%  92.2  138s
H34899 23261                    4.999998e+10 1522.16481   100%  92.2  138s
 35410 23755 1.0680e+10   78  290 5.0000e+10 1522.16481   100%  92.8  140s
 37448 25048 1536.30366   37  343 5.0000e+10 1522.16481   100%  94.2  145s
 38322 25347 3.5697e+10   94  297 5.0000e+10 1522.16481   100%  95.1  150s
 38629 25251 infeasible  105      5.0000e+10 1522.16481   100%  95.4  156s
 39617 25863 1569.76478   36  335 5.0000e+10 1522.16481   100%  96.1  162s
 40872 26989 1523.90912   29  355 5.0000e+10 1522.16481   100%  97.1  165s
 43393 28426 1.4172e+10   74  291 5.0000e+10 1522.16481   100%  98.6  171s
 45816 29767 1592.32404   47  320 5.0000e+10 1522.16481   100%   100  176s
 47725 31365 1531.15568   30  341 5.0000e+10 1522.16481   100%   101  180s
 51866 33304 7.9188e+09   65  313 5.0000e+10 1522.16481   100%  99.5  185s
 53745 34542 1.1944e+10   67  299 5.0000e+10 1522.16481   100%  99.0  190s
 59065 38308 6.4159e+09   70  319 5.0000e+10 1522.16481   100%  97.6  196s
 66296 40875 1537.89956   29  333 5.0000e+10 1522.16481   100%  95.0  200s
 72085 43349 3.4164e+10  117  295 5.0000e+10 1522.41713   100%  93.7  206s
 76612 46536 1577.27814   49  325 5.0000e+10 1522.73602   100%  93.0  210s
 83385 49362 1578.23764   46  321 5.0000e+10 1523.27150   100%  91.4  215s
 88466 53698 1.5010e+09   51  306 5.0000e+10 1523.62226   100%  90.2  220s
 96381 58125 1624.35440   49  319 5.0000e+10 1524.08161   100%  89.2  226s
 96738 59090 1535.50757   33  335 5.0000e+10 1524.13031   100%  89.1  230s
 105581 66461 1562.78831   41  344 5.0000e+10 1524.65704   100%  87.5  235s
H106168 67167                    4.999996e+10 1524.71652   100%  87.5  238s
H106621 67167                    4.999996e+10 1524.71652   100%  87.4  238s
 108884 70135 1537.34614   39  358 5.0000e+10 1524.86708   100%  87.1  240s
 115835 75253 1573.65789   52  335 5.0000e+10 1525.12963   100%  86.1  247s
 118423 79046 1547.90397   40  340 5.0000e+10 1525.20090   100%  85.9  250s
 123798 82882 3.0081e+10  113  305 5.0000e+10 1525.48361   100%  85.2  255s
 131679 89636 3.4046e+10  112  291 5.0000e+10 1525.74923   100%  84.0  260s
 136362 92956 5.6503e+09   62  312 5.0000e+10 1525.90933   100%  83.6  265s
 142973 99253 3.5101e+10  117  290 5.0000e+10 1526.13535   100%  83.0  270s
 150923 106306 1551.98383   42  352 5.0000e+10 1526.37952   100%  82.0  275s
 158121 112110 6.8200e+09   73  294 5.0000e+10 1526.62145   100%  81.3  281s
 161959 116126 1565.50576   46  314 5.0000e+10 1526.77209   100%  80.8  289s
 162956 119921 1.0336e+10   66  291 5.0000e+10 1526.77975   100%  80.7  291s
 169248 122208 1571.88599   44  330 5.0000e+10 1526.92034   100%  80.2  295s
 176782 129467 1552.47410   40  340 5.0000e+10 1527.11186   100%  79.8  300s
 182642 133255 1534.40566   33  340 5.0000e+10 1527.33628   100%  79.2  305s
 188712 139380 1534.95286   35  335 5.0000e+10 1527.50500   100%  78.7  310s
 196481 146263 1567.04018   46  335 5.0000e+10 1527.71432   100%  78.0  315s
 202247 150556 1536.18803   33  335 5.0000e+10 1527.82462   100%  77.6  320s
 209112 157354 1689.79160   61  304 5.0000e+10 1527.97204   100%  77.2  325s
 212728 159835 3.1452e+10  111  291 5.0000e+10 1528.02443   100%  76.9  332s
 212824 159843 2.6788e+10  114  286 5.0000e+10 1528.02443   100%  76.9  335s
 218921 166061 infeasible  140      5.0000e+10 1528.13669   100%  76.5  340s
 227087 173301 1690.11978   66  324 5.0000e+10 1528.28897   100%  76.0  345s
 230726 176486 1.3013e+10   75  305 5.0000e+10 1528.36123   100%  75.8  350s
 240189 184622 1548.49793   39  341 5.0000e+10 1528.58476   100%  75.1  355s
 249541 192971 3.0949e+09   74  304 5.0000e+10 1528.74525   100%  74.6  360s
 255571 198196 1560.92104   44  343 5.0000e+10 1528.85519   100%  74.3  365s
 264092 205527 2.8610e+10  101  282 5.0000e+10 1529.02062   100%  73.8  370s
 268819 209535 2.1203e+10  135  290 5.0000e+10 1529.10574   100%  73.5  375s
 277727 217710 1560.26589   38  313 5.0000e+10 1529.26725   100%  73.1  380s
 283757 223028 1590.55494   56  333 5.0000e+10 1529.36837   100%  72.8  385s
 291354 229159 1559.62468   40  316 5.0000e+10 1529.45886   100%  72.6  390s
 298685 235330 4.4907e+10  126  321 5.0000e+10 1529.55869   100%  72.4  399s
 298895 235338 4.6351e+10  127  319 5.0000e+10 1529.55869   100%  72.4  402s
 302269 239525 1585.07334   46  313 5.0000e+10 1529.64950   100%  72.3  405s
 310096 246077 4.0546e+10  138  290 5.0000e+10 1529.75530   100%  72.1  410s
 316073 251054 2.7365e+10  125  298 5.0000e+10 1529.84403   100%  71.8  415s
 323000 257040 1603.03851   51  316 5.0000e+10 1529.93518   100%  71.7  420s
 330597 263287 1542.01377   41  320 5.0000e+10 1530.02791   100%  71.5  425s
 338725 270938 1549.30504   38  337 5.0000e+10 1530.16710   100%  71.3  430s
 342908 274398 2.3144e+10   95  274 5.0000e+10 1530.21061   100%  71.1  435s
 352281 282533 1.2281e+10   82  303 5.0000e+10 1530.31933   100%  70.8  440s
 360334 289401 4.8091e+10  101  287 5.0000e+10 1530.42336   100%  70.7  445s
 363418 291600 1544.89350   38  339 5.0000e+10 1530.46482   100%  70.6  450s
 369645 298087 1669.54643   52  308 5.0000e+10 1530.53404   100%  70.5  455s
 375097 301831 1586.54477   40  321 5.0000e+10 1530.60558   100%  70.4  463s
 377202 304713 1.4406e+09   59  315 5.0000e+10 1530.62567   100%  70.4  465s
 385783 312430 6.5545e+08   72  303 5.0000e+10 1530.74060   100%  70.1  470s
 393607 318878 1.0351e+09   58  312 5.0000e+10 1530.81274   100%  69.9  475s
 400552 325678 6.9875e+08   67  316 5.0000e+10 1530.87510   100%  69.7  480s
 408605 332179 1.4265e+10   91  310 5.0000e+10 1530.96673   100%  69.6  485s
 415551 337405 1589.08421   46  321 5.0000e+10 1531.03429   100%  69.4  491s
 415559 344529 1590.10699   46  337 5.0000e+10 1531.04562   100%  69.4  497s
 427044 347580 1610.94516   44  331 5.0000e+10 1531.15597   100%  69.1  501s
 433103 353724 2.6027e+10  104  318 5.0000e+10 1531.22541   100%  69.0  505s
 437508 356924 1565.02444   42  334 5.0000e+10 1531.26479   100%  68.9  511s
 439354 359294 2.0000e+10   99  317 5.0000e+10 1531.28858   100%  68.8  515s
 447082 365100 1.6499e+09   54  281 5.0000e+10 1531.36272   100%  68.7  520s
 453560 371428 3.3780e+10  123  304 5.0000e+10 1531.42805   100%  68.7  525s
 461029 378928 9.3042e+09   87  311 5.0000e+10 1531.47893   100%  68.5  530s
 468583 384603 1561.20400   41  334 5.0000e+10 1531.56752   100%  68.4  535s
 474944 390166 1669.17734   52  303 5.0000e+10 1531.62554   100%  68.3  656s
 475747 397190 1564.86613   44  314 5.0000e+10 1531.64175   100%  68.3  662s
 487465 401109 1551.45127   35  322 5.0000e+10 1531.75285   100%  68.1  665s
 494598 407510 1.2089e+07   61  303 5.0000e+10 1531.83826   100%  68.0  670s
 501479 413462 2.1396e+10   62  316 5.0000e+10 1531.88573   100%  68.0  675s
 504689 415586 3.3831e+10   65  297 5.0000e+10 1531.89987   100%  68.1  682s
 504868 422546 3.4608e+10   66  305 5.0000e+10 1531.91339   100%  68.1  688s
 514315 424866 3.6853e+10   67  289 5.0000e+10 1532.00258   100%  68.0  690s
 521994 431340 2.3734e+10   94  286 5.0000e+10 1532.06569   100%  67.8  695s
 531579 439049 1.1858e+09   59  308 5.0000e+10 1532.18586   100%  67.7  700s
 539470 446893 1591.39794   46  326 5.0000e+10 1532.24297   100%  67.6  705s
 545740 452256 6.2285e+09   79  308 5.0000e+10 1532.30194   100%  67.5  710s
 555394 460715 1625.05912   43  316 5.0000e+10 1532.37864   100%  67.4  715s
H558128 462218                    4.999996e+10 1532.39330   100%  67.3  717s
 561937 466580 4.6946e+10  138  292 5.0000e+10 1532.44117   100%  67.3  720s
 571229 473676 1.2919e+10   87  305 5.0000e+10 1532.50938   100%  67.2  726s
 578046 480749 1575.54251   48  339 5.0000e+10 1532.54963   100%  67.1  730s
 580596 482105 1544.12305   33  341 5.0000e+10 1532.56369   100%  67.0  735s
 586490 488088 1624.51746   56  327 5.0000e+10 1532.60771   100%  67.0  740s
 592429 493008 1.2926e+10   68  307 5.0000e+10 1532.64049   100%  66.9  745s
 601481 501068 1.4647e+09   59  312 5.0000e+10 1532.70614   100%  66.7  750s
 611003 509286     cutoff  107      5.0000e+10 1532.77424   100%  66.6  755s
 617629 515386     cutoff  172      5.0000e+10 1532.83828   100%  66.4  760s
 624387 521128     cutoff   78      5.0000e+10 1532.89084   100%  66.4  765s
 633789 529126 1539.71260   37  335 5.0000e+10 1532.95738   100%  66.3  770s
 640946 534739 4.0922e+09   82  308 5.0000e+10 1533.01613   100%  66.3  776s
 644270 537656 1589.27360   56  327 5.0000e+10 1533.04092   100%  66.3  784s
 645669 538767 1575.62659   45  319 5.0000e+10 1533.05746   100%  66.2  786s
 651977 544728 1629.32953   47  330 5.0000e+10 1533.10159   100%  66.2  790s
 658662 551013 1653.30161   58  301 5.0000e+10 1533.15523   100%  66.2  795s
 663998 555518 2.2973e+10  109  324 5.0000e+10 1533.18660   100%  66.1  800s
 672768 563252 1571.72935   40  340 5.0000e+10 1533.24294   100%  66.0  805s
 678670 568408 2.9452e+08   57  298 5.0000e+10 1533.29432   100%  65.9  810s
 687109 575910 1586.71406   41  322 5.0000e+10 1533.36281   100%  65.7  815s
 693758 581587 1626.89326   57  296 5.0000e+10 1533.40573   100%  65.7  820s
 702152 588295 1709.45100   58  296 5.0000e+10 1533.46145   100%  65.5  826s
 707113 593594 8.0292e+07   59  332 5.0000e+10 1533.49139   100%  65.5  830s
 714772 599897 1.4974e+09   61  312 5.0000e+10 1533.53698   100%  65.4  835s
H714945 599897                    4.999996e+10 1533.53698   100%  65.4  835s
 722679 607109 1649.00373   55  319 5.0000e+10 1533.58039   100%  65.3  840s
 726550 610458 1.7485e+10  108  305 5.0000e+10 1533.61505   100%  65.4  845s
 736257 618756 1541.15164   38  330 5.0000e+10 1533.67073   100%  65.3  850s
H739960 621027                    4.999995e+10 1533.69748   100%  65.2  853s
 741098 622598 1649.18126   49  333 5.0000e+10 1533.69748   100%  65.3  855s
 750446 630105 1586.32283   53  302 5.0000e+10 1533.75011   100%  65.2  865s
 754025 634341 1621.18293   53  301 5.0000e+10 1533.77068   100%  65.2  870s
 764741 642867 1663.46470   53  337 5.0000e+10 1533.83096   100%  65.0  876s
 770639 648515     cutoff   68      5.0000e+10 1533.86321   100%  65.0  880s
 777138 653599 1.1818e+10   86  310 5.0000e+10 1533.90259   100%  65.0  885s
 784221 660024 1563.96648   39  345 5.0000e+10 1533.95719   100%  64.9  890s
 790517 664907 1581.86710   44  332 5.0000e+10 1533.98360   100%  65.0  895s
 797363 671624 1582.37347   45  332 5.0000e+10 1534.02237   100%  64.9  900s
 806130 679295 1620.31220   55  309 5.0000e+10 1534.08380   100%  64.9  905s
 810485 682889 2.0338e+10  110  318 5.0000e+10 1534.11426   100%  64.9  910s
 818981 690345 4.1774e+08   65  309 5.0000e+10 1534.15443   100%  64.9  915s
 824875 694357 1547.24155   37  359 5.0000e+10 1534.18188   100%  64.9  920s
 832527 702426 1544.55375   39  337 5.0000e+10 1534.21733   100%  64.8  925s
 842725 710858 1618.19746   56  329 5.0000e+10 1534.26893   100%  64.7  930s
 847028 714354 1.5607e+10  114  294 5.0000e+10 1534.29909   100%  64.7  939s
 847778 721320 1578.39438   44  315 5.0000e+10 1534.30244   100%  64.7  944s
 855773 721371     cutoff  136      5.0000e+10 1534.34759   100%  64.7  945s
 863385 728537 1580.11250   48  318 5.0000e+10 1534.38109   100%  64.6  950s
 870319 734349 1540.17086   39  330 5.0000e+10 1534.42195   100%  64.6  955s
 879728 743075 4.3913e+10  143  322 5.0000e+10 1534.46442   100%  64.5  960s
 884373 746546 5.5354e+09   91  316 5.0000e+10 1534.50204   100%  64.4  965s
 892565 755156 3.9618e+10  106  320 5.0000e+10 1534.54993   100%  64.4  970s
 901970 762869 1667.82059   57  344 5.0000e+10 1534.60139   100%  64.3  975s
 907339 766556     cutoff  186      5.0000e+10 1534.62268   100%  64.3  980s
 907356 773634 1540.36390   38  357 5.0000e+10 1534.62733   100%  64.3  986s
 919456 778453 2.8345e+10  122  295 5.0000e+10 1534.67985   100%  64.2  990s
 928780 786388 1665.66045   54  312 5.0000e+10 1534.71646   100%  64.1  995s
 936719 794004 4.6105e+10  104  303 5.0000e+10 1534.75349   100%  64.0 1000s
 944534 800335 4.7599e+09   77  284 5.0000e+10 1534.79364   100%  64.0 1005s
 945799 800351 1673.13107   55  295 5.0000e+10 1534.79641   100%  64.0 1011s
 952185 807416 1758.80793   68  327 5.0000e+10 1534.82283   100%  63.9 1015s
 960697 814569 1.2638e+10   70  288 5.0000e+10 1534.86328   100%  63.8 1020s
 966667 819584 1616.31348   45  344 5.0000e+10 1534.89221   100%  63.8 1025s
 974449 826509 4.0000e+10   59  311 5.0000e+10 1534.93325   100%  63.8 1030s
 982020 831994 2.3337e+10   89  288 5.0000e+10 1534.96486   100%  63.8 1035s
 990091 839568 2.2492e+09   85  325 5.0000e+10 1535.00496   100%  63.7 1040s
 993913 842242 1711.17145   62  321 5.0000e+10 1535.02791   100%  63.7 1045s
 1000504 848935 2.1902e+10  134  320 5.0000e+10 1535.05606   100%  63.7 1050s
 1006911 853713 1583.42907   46  315 5.0000e+10 1535.08557   100%  63.6 1057s
 1010168 857591 1.6561e+10  101  332 5.0000e+10 1535.10212   100%  63.6 1060s
 1015116 860815 1.1410e+10   83  269 5.0000e+10 1535.12386   100%  63.6 1065s
 1020022 866337 7.6408e+09   82  332 5.0000e+10 1535.15087   100%  63.5 1070s
 1028556 874246 1589.19510   57  338 5.0000e+10 1535.19013   100%  63.5 1075s
 1035992 880421 1669.84945   66  339 5.0000e+10 1535.22591   100%  63.4 1080s
 1044201 886433 2.1713e+10  110  294 5.0000e+10 1535.25576   100%  63.3 1086s
 1050065 892599 2.0508e+09   74  327 5.0000e+10 1535.28573   100%  63.3 1090s
 1059081 900738 1564.90892   42  341 5.0000e+10 1535.33107   100%  63.3 1095s
 1060507 900846 1640.49745   62  315 5.0000e+10 1535.33623   100%  63.2 1101s
 1060635 901822 1640.90461   63  312 5.0000e+10 1535.33646   100%  63.2 1105s
 1069867 910002 1562.99867   42  328 5.0000e+10 1535.36994   100%  63.2 1110s
 1078263 917205 2.7447e+09   71  335 5.0000e+10 1535.39666   100%  63.2 1115s
 1083941 922169 1597.91679   51  330 5.0000e+10 1535.41886   100%  63.1 1120s
 1092447 929835 7.0225e+09   87  286 5.0000e+10 1535.45715   100%  63.0 1125s
 1101500 937711 1.8198e+10  104  308 5.0000e+10 1535.49330   100%  63.0 1130s
 1105455 940273 3.8941e+10   94  289 5.0000e+10 1535.49819   100%  63.0 1135s
 1109733 944041 1.0632e+09   67  308 5.0000e+10 1535.52131   100%  63.0 1142s
 1113320 947904 6.2814e+09  120  337 5.0000e+10 1535.53676   100%  62.9 1145s
 1121421 954735 1.4006e+09   56  304 5.0000e+10 1535.56336   100%  63.0 1150s
 1127213 959721 1555.06573   35  336 5.0000e+10 1535.58732   100%  63.0 1155s
 1134533 966562 8.7230e+08   68  299 5.0000e+10 1535.61951   100%  63.0 1160s
 1145435 975043 3.6528e+10  141  305 5.0000e+10 1535.66193   100%  62.9 1167s
 1148532 979031 4.1495e+10  100  298 5.0000e+10 1535.67678   100%  62.9 1170s
 1158705 987389 1.3144e+10   93  295 5.0000e+10 1535.71576   100%  62.8 1175s
 1164458 992130 1568.82627   56  327 5.0000e+10 1535.74004   100%  62.8 1180s
 1165276 992305 2.4134e+09   91  322 5.0000e+10 1535.74004   100%  62.8 1186s
 1168958 995398 2.9718e+10  146  312 5.0000e+10 1535.75268   100%  62.8 1190s
 1175560 1002442 2.5148e+10  120  293 5.0000e+10 1535.78588   100%  62.8 1195s
 1184050 1009753 1610.96375   55  299 5.0000e+10 1535.82093   100%  62.7 1200s
 1190713 1015670 1.5147e+10  129  303 5.0000e+10 1535.84744   100%  62.7 1205s
 1199537 1023319 1.0933e+09   62  309 5.0000e+10 1535.88080   100%  62.7 1210s
 1208296 1030703 4.1204e+09   72  299 5.0000e+10 1535.91767   100%  62.7 1215s
 1212234 1034154 1.4403e+10   99  320 5.0000e+10 1535.93083   100%  62.6 1220s
 1222251 1042985 1594.23952   54  330 5.0000e+10 1535.97173   100%  62.5 1225s
 1230892 1050946 1611.18725   57  333 5.0000e+10 1536.00158   100%  62.5 1230s
H1234321 1052974                    4.999995e+10 1536.00893   100%  62.5 1233s
 1236639 1055839 1607.40899   51  295 5.0000e+10 1536.01597   100%  62.4 1235s
 1244171 1062383 9.2973e+08   60  287 5.0000e+10 1536.04395   100%  62.4 1240s
 1252444 1068592 1577.31016   46  346 5.0000e+10 1536.07303   100%  62.4 1246s
 1252457 1075691 1581.95226   47  338 5.0000e+10 1536.07514   100%  62.4 1254s
 1260465 1077461 3.8126e+10  137  300 5.0000e+10 1536.10668   100%  62.4 1255s
 1269581 1084428 3.0203e+10   70  327 5.0000e+10 1536.11435   100%  62.3 1260s
 1275124 1089026 1606.59048   56  305 5.0000e+10 1536.15874   100%  62.3 1265s
 1282564 1096408 4.1390e+10  112  285 5.0000e+10 1536.18311   100%  62.3 1270s
 1292757 1104680 1600.26053   52  334 5.0000e+10 1536.20343   100%  62.2 1366s
 1295681 1107594 1544.87710   36  336 5.0000e+10 1536.21800   100%  62.2 1370s
 1296888 1107602 1556.62855   40  325 5.0000e+10 1536.22202   100%  62.2 1375s
 1303229 1113038 7.6159e+09   55  299 5.0000e+10 1536.24370   100%  62.2 1380s
 1311601 1121281 7.3041e+09   60  319 5.0000e+10 1536.27121   100%  62.1 1385s
 1318955 1127459 9.1661e+09   82  322 5.0000e+10 1536.29236   100%  62.1 1390s
 1328212 1136421 1576.26891   47  341 5.0000e+10 1536.32871   100%  62.1 1395s
 1334896 1141591 1597.98079   44  326 5.0000e+10 1536.35442   100%  62.0 1400s
 1342717 1148732 1564.39063   52  350 5.0000e+10 1536.38631   100%  62.0 1405s
 1349716 1154607 infeasible  128      5.0000e+10 1536.41062   100%  62.0 1410s
 1360092 1163303 2.7301e+10  131  304 5.0000e+10 1536.45379   100%  61.9 1415s
 1368903 1170202 1668.41219   59  310 5.0000e+10 1536.48386   100%  61.9 1420s
 1376256 1177206 1543.02720   35  343 5.0000e+10 1536.51158   100%  61.9 1426s
 1381133 1180964 2.8086e+10  112  323 5.0000e+10 1536.53065   100%  61.9 1430s
 1387890 1188083 2.3333e+10   80  314 5.0000e+10 1536.55577   100%  61.9 1435s
 1389388 1188189 1547.76204   32  350 5.0000e+10 1536.56000   100%  61.8 1440s
 1395042 1194004 4.6352e+10   99  313 5.0000e+10 1536.58137   100%  61.8 1445s
 1404018 1202137 8.5845e+09   90  311 5.0000e+10 1536.61918   100%  61.8 1450s
 1409914 1207210 1591.06670   60  326 5.0000e+10 1536.63722   100%  61.8 1455s
 1420262 1216332 1.8254e+10   74  310 5.0000e+10 1536.66939   100%  61.7 1460s
 1426189 1221719 1.0137e+10  106  338 5.0000e+10 1536.69214   100%  61.7 1465s
 1435700 1229810 1692.87268   68  304 5.0000e+10 1536.72206   100%  61.7 1470s
 1441828 1235399 5.7286e+09   61  309 5.0000e+10 1536.73693   100%  61.7 1475s
 1452066 1244152 1610.82275   53  327 5.0000e+10 1536.77670   100%  61.6 1480s
 1459723 1250078 1637.71257   58  307 5.0000e+10 1536.79967   100%  61.5 1485s
 1467156 1257326 1561.25004   40  360 5.0000e+10 1536.81331   100%  61.5 1496s
 1469544 1259591 1569.50703   37  325 5.0000e+10 1536.82347   100%  61.5 1500s
 1478005 1267222 1651.35650   56  309 5.0000e+10 1536.84751   100%  61.5 1505s
 1483995 1272347 8.3466e+09   93  293 5.0000e+10 1536.86476   100%  61.4 1510s
 1492829 1279911 1592.31759   49  328 5.0000e+10 1536.89070   100%  61.4 1515s
 1501514 1287606 1605.83170   46  316 5.0000e+10 1536.92525   100%  61.4 1520s
 1508261 1293801 1.1046e+10   84  309 5.0000e+10 1536.94897   100%  61.4 1525s
 1517386 1301829 1701.97092   72  310 5.0000e+10 1536.98096   100%  61.3 1530s
 1526086 1308425 3.0493e+09   65  328 5.0000e+10 1537.00674   100%  61.3 1535s
 1531990 1314655 1597.59393   46  322 5.0000e+10 1537.02563   100%  61.2 1540s
 1540832 1322380 1645.25015   62  331 5.0000e+10 1537.05031   100%  61.2 1545s
 1547196 1327077 1573.37261   46  334 5.0000e+10 1537.06672   100%  61.2 1550s
 1555537 1335364 1745.15075   59  278 5.0000e+10 1537.08955   100%  61.2 1555s
 1564856 1343606 1541.37486   36  335 5.0000e+10 1537.11392   100%  61.1 1560s
 1567407 1352009 1.5930e+10  124  319 5.0000e+10 1537.12222   100%  61.1 1567s
 1579216 1356390 3.4049e+08   67  325 5.0000e+10 1537.16279   100%  61.1 1570s
 1587153 1362411 2.6521e+10  127  303 5.0000e+10 1537.19405   100%  61.0 1575s
 1593768 1368439 1.0638e+10   58  305 5.0000e+10 1537.21842   100%  61.0 1583s
 1595850 1370942 6.3144e+09   91  297 5.0000e+10 1537.22749   100%  61.0 1585s
 1603555 1376696 4.9568e+09   65  331 5.0000e+10 1537.24760   100%  61.0 1590s
 1611790 1385037 2.3049e+10  162  327 5.0000e+10 1537.26750   100%  60.9 1595s
 1619612 1391962 2.5412e+10  154  315 5.0000e+10 1537.29481   100%  60.9 1600s
 1624513 1395882 2.3463e+10  115  309 5.0000e+10 1537.30598   100%  60.9 1605s
 1633692 1404122 1597.67389   57  310 5.0000e+10 1537.34491   100%  60.9 1610s
 1642398 1411917 1602.75817   54  317 5.0000e+10 1537.36930   100%  60.9 1615s
 1645398 1414423 1576.17271   47  331 5.0000e+10 1537.37400   100%  60.9 1620s
 1652013 1419846 1728.92165   53  313 5.0000e+10 1537.39225   100%  60.8 1625s
 1659736 1426200 1637.75499   63  331 5.0000e+10 1537.40940   100%  60.9 1632s
 1662919 1429997 1640.36881   56  326 5.0000e+10 1537.41737   100%  60.9 1635s
 1667601 1432700 1555.11213   43  338 5.0000e+10 1537.42890   100%  60.8 1640s
 1674823 1439822 4.7098e+10  166  304 5.0000e+10 1537.45257   100%  60.8 1645s
 1681845 1446287 1686.40207   64  308 5.0000e+10 1537.47267   100%  60.8 1650s
 1689249 1452664 3.7722e+09   55  306 5.0000e+10 1537.49548   100%  60.8 1655s
 1694988 1457607 2.4031e+10  135  302 5.0000e+10 1537.50988   100%  60.8 1660s
 1703473 1464004 3.3906e+10  124  270 5.0000e+10 1537.53110   100%  60.8 1671s
 1703481 1471057 2.4427e+10  124  267 5.0000e+10 1537.53110   100%  60.8 1680s
H1712389 1472345                    4.999995e+10 1537.55806   100%  60.7 1682s
 1713038 1472353 1621.80855   60  322 5.0000e+10 1537.55939   100%  60.7 1689s
 1715121 1475547 3.4560e+10  138  278 5.0000e+10 1537.56655   100%  60.7 1690s
 1722309 1481775 2.2113e+10   98  303 5.0000e+10 1537.58263   100%  60.7 1695s
H1727672 1485263                    4.999995e+10 1537.59787   100%  60.7 1698s
 1729123 1487669 1549.32994   39  319 5.0000e+10 1537.60037   100%  60.7 1700s
 1739170 1496567 1718.64145   69  319 5.0000e+10 1537.62875   100%  60.6 1705s
 1746178 1502801 1559.48986   36  329 5.0000e+10 1537.64783   100%  60.6 1710s
 1755045 1510603 2.4693e+10  136  315 5.0000e+10 1537.67401   100%  60.5 1715s
 1761787 1516599 2.5555e+10  133  291 5.0000e+10 1537.69448   100%  60.5 1720s
 1769716 1522542 2.2393e+10  148  297 5.0000e+10 1537.71525   100%  60.5 1726s
 1775496 1528507 2.6442e+09   78  309 5.0000e+10 1537.73466   100%  60.5 1730s
 1782679 1534753 1575.34503   49  350 5.0000e+10 1537.75571   100%  60.5 1735s
 1787192 1538233 1696.50326   58  311 5.0000e+10 1537.77214   100%  60.5 1740s
 1796673 1546976 2.0318e+10  123  299 5.0000e+10 1537.80070   100%  60.4 1745s
 1803748 1553319 1548.30791   38  325 5.0000e+10 1537.81822   100%  60.4 1750s
 1812489 1560529 1.0000e+10   64  283 5.0000e+10 1537.83878   100%  60.4 1755s
 1818560 1566533 1648.79952   62  301 5.0000e+10 1537.85368   100%  60.4 1760s
 1827499 1573991 1620.56077   50  301 5.0000e+10 1537.87889   100%  60.4 1765s
 1832863 1578555 3.1857e+08   78  308 5.0000e+10 1537.89659   100%  60.4 1770s
 1840943 1585369 1626.08755   54  336 5.0000e+10 1537.92050   100%  60.4 1775s
 1847247 1590912 2.0000e+10   79  306 5.0000e+10 1537.93795   100%  60.3 1780s
 1853035 1595983 9.5333e+09  118  316 5.0000e+10 1537.95248   100%  60.4 1785s
 1861924 1602673 1680.79922   60  301 5.0000e+10 1537.97548   100%  60.3 1791s
 1867328 1608109 1.1602e+10   75  293 5.0000e+10 1537.98725   100%  60.3 1795s
 1874852 1613587 1592.02654   50  334 5.0000e+10 1538.00416   100%  60.4 1801s
 1877306 1615840 4.1786e+10   67  310 5.0000e+10 1538.01143   100%  60.4 1807s
 1882134 1621270 1581.09883   51  309 5.0000e+10 1538.02211   100%  60.4 1810s
 1887836 1626442 1.2018e+10   67  289 5.0000e+10 1538.03646   100%  60.4 1815s
 1897239 1633886 2.3917e+10   56  318 5.0000e+10 1538.05875   100%  60.3 1820s
 1903467 1638535 1564.26627   43  328 5.0000e+10 1538.07321   100%  60.3 1825s
 1911315 1647030 1592.84086   51  330 5.0000e+10 1538.09467   100%  60.3 1830s
 1918400 1653165 2.7513e+10  114  328 5.0000e+10 1538.10914   100%  60.4 1835s
 1924712 1658185 1590.60921   44  343 5.0000e+10 1538.12485   100%  60.3 1840s
 1927668 1659742 1621.98975   50  331 5.0000e+10 1538.13018   100%  60.3 1846s
 1931124 1663341 1590.05495   46  342 5.0000e+10 1538.13822   100%  60.3 1850s
 1940096 1671404 1.4679e+10   76  293 5.0000e+10 1538.15656   100%  60.3 1855s
 1944984 1676339 1586.85142   47  331 5.0000e+10 1538.16732   100%  60.3 1860s
 1956123 1685383 1712.37910   65  321 5.0000e+10 1538.19186   100%  60.2 1865s
 1962821 1690377 1542.38548   35  344 5.0000e+10 1538.20241   100%  60.2 1870s
 1969211 1697028 3.2293e+10   64  314 5.0000e+10 1538.21806   100%  60.2 1875s
 1978155 1705097 1704.91064   54  315 5.0000e+10 1538.23687   100%  60.2 1880s
 1984139 1709957 1559.07513   33  337 5.0000e+10 1538.25327   100%  60.2 1885s
 1992274 1717855 2.4988e+10  146  319 5.0000e+10 1538.27551   100%  60.2 1890s
 1998775 1722777 1575.71084   44  342 5.0000e+10 1538.28972   100%  60.2 1895s
 2007447 1729591 1644.28522   51  329 5.0000e+10 1538.31258   100%  60.1 1903s
 2010122 1731840 1644.66696   67  299 5.0000e+10 1538.32289   100%  60.1 1906s
 2017733 1739756 7.0768e+09   78  299 5.0000e+10 1538.33791   100%  60.1 1910s
 2025808 1745438 1559.69967   36  343 5.0000e+10 1538.35876   100%  60.1 1916s
 2031928 1751733 1546.99574   40  351 5.0000e+10 1538.37337   100%  60.1 1920s
 2042018 1760560 1590.36734   60  339 5.0000e+10 1538.39288   100%  60.1 1925s
 2048255 1766105 1.2858e+09   57  295 5.0000e+10 1538.40529   100%  60.1 1930s
 2056299 1772786 1619.51641   57  318 5.0000e+10 1538.42282   100%  60.1 1936s
 2061528 1776303 4.8495e+09   85  330 5.0000e+10 1538.43155   100%  60.1 1945s
 2067212 1782110 1678.53580   61  317 5.0000e+10 1538.45478   100%  60.0 1950s
 2076509 1790862 1584.39518   45  340 5.0000e+10 1538.47235   100%  60.0 1955s
 2079962 1793901 1.4244e+09   68  308 5.0000e+10 1538.48372   100%  60.0 1960s
 2090345 1802467     cutoff   68      5.0000e+10 1538.51199   100%  60.0 1965s
 2098255 1809430 1574.31772   43  334 5.0000e+10 1538.52725   100%  60.0 1970s
 2105720 1815663 1569.75295   42  321 5.0000e+10 1538.54174   100%  60.0 1975s
 2111135 1819492 1592.60998   45  328 5.0000e+10 1538.55734   100%  60.0 1980s
 2118168 1826158 1564.69795   40  332 5.0000e+10 1538.57343   100%  60.0 1985s
 2125500 1833279 1.0212e+10   71  333 5.0000e+10 1538.59266   100%  60.0 1990s
 2136150 1841108 1616.80425   46  326 5.0000e+10 1538.61321   100%  60.0 1997s
 2141614 1846931 2.3874e+09   48  323 5.0000e+10 1538.62839   100%  60.0 2000s
 2149552 1853878 1586.95496   46  326 5.0000e+10 1538.64897   100%  60.0 2005s
 2154652 1857202 1602.50059   56  346 5.0000e+10 1538.66065   100%  60.0 2013s
 2154814 1864286 1607.63209   57  347 5.0000e+10 1538.66066   100%  60.0 2020s
 2172461 1873686 1623.98088   54  309 5.0000e+10 1538.69952   100%  59.9 2025s
 2175121 1876146 3.6404e+10  157  298 5.0000e+10 1538.70448   100%  59.9 2302s
 2181473 1881859 1547.55535   38  332 5.0000e+10 1538.71778   100%  59.9 2305s
 2190668 1889947 1.3537e+10  124  294 5.0000e+10 1538.73647   100%  59.9 2310s
 2197778 1894933 1.5238e+10  101  308 5.0000e+10 1538.75627   100%  59.9 2316s
 2205417 1902644 2.2193e+10  129  312 5.0000e+10 1538.77802   100%  59.9 2320s
 2213475 1909750 2.2211e+10  133  305 5.0000e+10 1538.79754   100%  59.8 2325s
 2221571 1916987 1694.74940   69  316 5.0000e+10 1538.81791   100%  59.8 2330s
 2225632 1919244 1.2714e+09   73  296 5.0000e+10 1538.83244   100%  59.8 2336s
 2229745 1924091 1600.34527   51  312 5.0000e+10 1538.83994   100%  59.8 2340s
 2237329 1930618 6.5311e+09   91  304 5.0000e+10 1538.86005   100%  59.8 2345s
 2241233 1933050 1561.19925   39  340 5.0000e+10 1538.86844   100%  59.8 2397s
 2246400 1937367 2.1644e+09   84  298 5.0000e+10 1538.87885   100%  59.8 2402s
 2250913 1941926 1755.05745   78  306 5.0000e+10 1538.88562   100%  59.8 2405s
 2260755 1950854 1555.44210   45  329 5.0000e+10 1538.90615   100%  59.8 2410s
 2267027 1955840 1662.05283   55  309 5.0000e+10 1538.91763   100%  59.8 2415s
 2277611 1965204 1.3675e+10   91  320 5.0000e+10 1538.94182   100%  59.8 2420s
 2278900 1965212 1.2227e+09   69  308 5.0000e+10 1538.94382   100%  59.8 2425s
 2280349 1967655 1.2602e+10   62  323 5.0000e+10 1538.94707   100%  59.8 2430s
 2290500 1976831 4.0623e+10  112  303 5.0000e+10 1538.97388   100%  59.7 2435s
 2302868 1986810 2.0000e+10   90  287 5.0000e+10 1539.00536   100%  59.7 2440s
 2305077 1994896 1733.49472   66  317 5.0000e+10 1539.00989   100%  59.7 2447s
 2316551 1999019 1545.03383   42  335 5.0000e+10 1539.03498   100%  59.7 2450s
 2324621 2005661 2.5179e+10  170  302 5.0000e+10 1539.05465   100%  59.7 2455s
 2334653 2014542 8.6929e+09   82  317 5.0000e+10 1539.07766   100%  59.7 2460s
 2338897 2018168 8.5178e+09   82  282 5.0000e+10 1539.08401   100%  59.7 2465s
 2349745 2026840 1555.52515   37  315 5.0000e+10 1539.10541   100%  59.7 2474s
 2350114 2033970 6.8021e+07   51  307 5.0000e+10 1539.10584   100%  59.7 2478s
 2358122 2034099 6.3211e+08   65  329 5.0000e+10 1539.12032   100%  59.6 2480s
 2368739 2043401     cutoff  173      5.0000e+10 1539.15190   100%  59.6 2487s
 2372441 2047735 1547.08414   38  346 5.0000e+10 1539.15620   100%  59.6 2490s
 2383008 2056759 2.4035e+10  137  317 5.0000e+10 1539.18002   100%  59.6 2495s
 2393198 2065734 2.5069e+10  121  307 5.0000e+10 1539.20284   100%  59.5 2500s
 2400885 2072470 1587.60433   49  295 5.0000e+10 1539.21646   100%  59.5 2505s
 2408729 2078624 1611.56885   49  336 5.0000e+10 1539.23246   100%  59.5 2510s
 2414820 2084310 1.5439e+10  121  303 5.0000e+10 1539.24180   100%  59.5 2515s
H2417714 2086773                    4.999995e+10 1539.24931   100%  59.5 2516s
 2421992 2089759 1729.06726   65  319 5.0000e+10 1539.25633   100%  59.5 2524s
 2423324 2091050 1622.77063   54  330 5.0000e+10 1539.25685   100%  59.5 2526s
 2429738 2097095 1.1472e+09   58  303 5.0000e+10 1539.26936   100%  59.5 2530s
 2439579 2106191 2.7137e+10  161  304 5.0000e+10 1539.28853   100%  59.5 2535s
 2445319 2111083 1634.02910   49  329 5.0000e+10 1539.29878   100%  59.5 2540s
 2454027 2118731 1632.78671   46  331 5.0000e+10 1539.31555   100%  59.5 2545s
 2457969 2128202 1573.59744   44  335 5.0000e+10 1539.32427   100%  59.5 2551s
 2471818 2133333 1554.05138   44  328 5.0000e+10 1539.35024   100%  59.5 2556s
 2478463 2139976 1578.16336   46  334 5.0000e+10 1539.36239   100%  59.4 2560s
 2487613 2147994 4.0759e+10   61  302 5.0000e+10 1539.38107   100%  59.4 2565s
 2493230 2153085 1683.94219   53  295 5.0000e+10 1539.38984   100%  59.4 2570s
 2501727 2159868 4.5515e+10  160  309 5.0000e+10 1539.40872   100%  59.4 2575s
 2508587 2166122 3.0811e+10  120  300 5.0000e+10 1539.42135   100%  59.4 2580s
 2516043 2171793 1.3870e+10  114  324 5.0000e+10 1539.44103   100%  59.4 2591s
 2517196 2174015 3.8936e+09   73  292 5.0000e+10 1539.44384   100%  59.4 2595s
 2527394 2182774 2.7616e+10  105  302 5.0000e+10 1539.46480   100%  59.4 2600s
 2534723 2189325 1556.23234   37  341 5.0000e+10 1539.48081   100%  59.4 2605s
 2544946 2197604 1.8884e+10   50  294 5.0000e+10 1539.50218   100%  59.3 2610s
 2548081 2201337 2.4591e+10  141  318 5.0000e+10 1539.50786   100%  59.4 2615s
 2558217 2209923 1652.78212   54  300 5.0000e+10 1539.52500   100%  59.3 2620s
 2568880 2219065 1623.48837   54  312 5.0000e+10 1539.54707   100%  59.3 2625s
 2574814 2223932 2.0000e+10   58  314 5.0000e+10 1539.55656   100%  59.3 2630s
 2583683 2232429 1580.20198   51  328 5.0000e+10 1539.57399   100%  59.3 2635s
 2591697 2237960 1554.80938   36  353 5.0000e+10 1539.59298   100%  59.3 2640s
 2599374 2246072 1718.50764   65  334 5.0000e+10 1539.60790   100%  59.2 2645s
 2609595 2253564 1.8003e+09   68  307 5.0000e+10 1539.62435   100%  59.2 2651s
 2615659 2259902 8.9935e+08   62  312 5.0000e+10 1539.63643   100%  59.2 2655s
 2623373 2265562 1557.64905   52  341 5.0000e+10 1539.64730   100%  59.2 2660s
 2631423 2273627 6.3451e+09  120  321 5.0000e+10 1539.66775   100%  59.2 2665s
 2642446 2282420 9.9725e+08   58  294 5.0000e+10 1539.69489   100%  59.2 2671s
 2646393 2285867 1593.95073   46  310 5.0000e+10 1539.70162   100%  59.1 2677s
 2649122 2289257 1612.78038   49  335 5.0000e+10 1539.70559   100%  59.1 2680s
 2651604 2290503 1655.09895   63  310 5.0000e+10 1539.71042   100%  59.1 2685s
 2656499 2296117 1575.13546   45  347 5.0000e+10 1539.72045   100%  59.1 2690s
 2664510 2303165 1.5932e+10   95  306 5.0000e+10 1539.73684   100%  59.1 2695s
 2671479 2307917 3.2859e+10  149  305 5.0000e+10 1539.74854   100%  59.1 2700s
 2679832 2315698 1610.27738   51  310 5.0000e+10 1539.76552   100%  59.1 2705s
 2686769 2321077 2.0675e+10  103  323 5.0000e+10 1539.77978   100%  59.1 2710s
 2695184 2329099 1713.83632   59  311 5.0000e+10 1539.79628   100%  59.1 2715s
 2705042 2336951     cutoff  174      5.0000e+10 1539.81716   100%  59.1 2721s
 2710998 2343124 1551.94323   43  347 5.0000e+10 1539.82561   100%  59.1 2725s
 2718892 2350111 1612.96276   48  313 5.0000e+10 1539.84176   100%  59.0 2730s
 2728353 2357930 1603.10524   44  315 5.0000e+10 1539.85470   100%  59.0 2736s
 2728782 2363403 1609.47267   45  329 5.0000e+10 1539.85573   100%  59.0 2740s
 2741669 2370452 1.2206e+10  129  304 5.0000e+10 1539.88157   100%  59.0 2745s
H2744987 2372224                    4.999994e+10 1539.88836   100%  59.0 2748s
 2746436 2373904 1568.06297   44  334 5.0000e+10 1539.89068   100%  59.0 2750s
 2750021 2376285 1.1324e+09   68  347 5.0000e+10 1539.89694   100%  59.0 2757s
 2751647 2379072 1554.02820   43  324 5.0000e+10 1539.90018   100%  59.0 2760s
 2758022 2390278 6.0740e+09   90  303 5.0000e+10 1539.91030   100%  59.0 2768s
 2767165 2392169 2.7757e+10  170  298 5.0000e+10 1539.93109   100%  59.0 2770s
 2777428 2400156 3.0000e+10   66  272 5.0000e+10 1539.95197   100%  59.0 2776s
 2783625 2406190 1599.47689   46  319 5.0000e+10 1539.96366   100%  59.0 2780s
 2793043 2413801 1661.43283   60  332 5.0000e+10 1539.98267   100%  58.9 2786s
 2798627 2419678 1.2110e+09   75  328 5.0000e+10 1539.99054   100%  58.9 2790s
 2807802 2427739 5.3645e+08   57  320 5.0000e+10 1540.00883   100%  58.9 2795s
 2812745 2432051 7.0183e+08   61  331 5.0000e+10 1540.01572   100%  58.9 2800s
 2820976 2439643 1.8006e+10  109  310 5.0000e+10 1540.02827   100%  58.9 2805s
 2827430 2444423 4.5221e+10   80  307 5.0000e+10 1540.03993   100%  58.9 2810s
 2830708 2446727 1648.09970   57  305 5.0000e+10 1540.04855   100%  58.9 2817s
 2835189 2450495 1.1765e+10  117  330 5.0000e+10 1540.05828   100%  58.9 2820s
 2843054 2457902 1631.13181   52  325 5.0000e+10 1540.07038   100%  58.9 2825s
 2848671 2463493 3.5994e+10  148  288 5.0000e+10 1540.07988   100%  58.9 2830s
 2857631 2471105 1735.88948   56  310 5.0000e+10 1540.09797   100%  58.9 2835s
 2863412 2476076 1.4866e+10  111  302 5.0000e+10 1540.10977   100%  58.9 2840s
 2870846 2482588 1.0535e+10   69  318 5.0000e+10 1540.12308   100%  58.9 2845s
 2881941 2492275 3.1070e+08   58  310 5.0000e+10 1540.14262   100%  58.9 2850s
 2887871 2497051 1556.34659   43  349 5.0000e+10 1540.15186   100%  58.9 2855s
 2897165 2505227 3.5306e+10  144  308 5.0000e+10 1540.16839   100%  58.9 2860s
 2902926 2510609 1574.05233   38  337 5.0000e+10 1540.17865   100%  58.9 2865s
 2913185 2518988 2.4291e+08   64  321 5.0000e+10 1540.19625   100%  58.8 2870s
 2917046 2521995 1.1021e+10   57  286 5.0000e+10 1540.20248   100%  58.8 2875s
 2926541 2530662 4.5190e+09   72  331 5.0000e+10 1540.21821   100%  58.9 2880s
 2927729 2531241 1609.03234   61  316 5.0000e+10 1540.21904   100%  58.9 2886s
 2929485 2533037 1.1090e+10   58  311 5.0000e+10 1540.22280   100%  58.9 2890s
 2936717 2538956 3.4615e+09   59  305 5.0000e+10 1540.23453   100%  58.8 2895s
 2945873 2546690 1.0851e+10   52  323 5.0000e+10 1540.25551   100%  58.9 2900s
 2952522 2552286 1554.36859   37  354 5.0000e+10 1540.26519   100%  58.9 2905s
 2960009 2558361 1560.22158   38  351 5.0000e+10 1540.28033   100%  58.9 2910s
 2967405 2564602 1674.37648   46  309 5.0000e+10 1540.29107   100%  58.9 2915s
 2976393 2573067 3.7050e+10  164  330 5.0000e+10 1540.30356   100%  58.9 2920s
 2980948 2577954 1.0000e+10   65  311 5.0000e+10 1540.31112   100%  58.8 2925s
 2991865 2586388 1592.83134   40  319 5.0000e+10 1540.32943   100%  58.8 2930s
 2994814 2588193 2.6922e+09   68  316 5.0000e+10 1540.33307   100%  58.8 2937s
 2994985 2595178 1714.83738   71  315 5.0000e+10 1540.33323   100%  58.8 2945s
 3011220 2603449 1.5036e+10  109  318 5.0000e+10 1540.35722   100%  58.8 2950s
 3022128 2612956 2.7097e+10  130  299 5.0000e+10 1540.37945   100%  58.8 2955s
 3027700 2618196 4.0801e+10  150  321 5.0000e+10 1540.38927   100%  58.8 2960s
 3037809 2626804 1.1276e+10   97  299 5.0000e+10 1540.40554   100%  58.8 2965s
 3041931 2630285 1546.89797   48  359 5.0000e+10 1540.40991   100%  58.8 2970s
 3051120 2638132 7.1946e+09   84  339 5.0000e+10 1540.42204   100%  58.8 2975s
 3057961 2643247 1593.70510   46  340 5.0000e+10 1540.43153   100%  58.8 2985s
 3064996 2650430 1674.76233   72  291 5.0000e+10 1540.44207   100%  58.8 2990s
 3071289 2656128 2.4736e+10  122  320 5.0000e+10 1540.45092   100%  58.8 2995s
 3081230 2664483 3.6637e+10  137  301 5.0000e+10 1540.46700   100%  58.8 3000s
 3087573 2668727 1.6414e+10   89  301 5.0000e+10 1540.47461   100%  58.8 3005s
 3094515 2675746 1.7860e+09   77  321 5.0000e+10 1540.48683   100%  58.8 3010s
 3099394 2685870 1.1612e+10   72  313 5.0000e+10 1540.49375   100%  58.8 3018s
 3108920 2688466 1547.33295   36  360 5.0000e+10 1540.50506   100%  58.8 3020s
 3116661 2695136 1575.04873   44  339 5.0000e+10 1540.51878   100%  58.8 3025s
 3126561 2703890 1554.42064   44  343 5.0000e+10 1540.53302   100%  58.7 3030s
 3133722 2710314 2.9122e+08   60  333 5.0000e+10 1540.54442   100%  58.7 3035s
 3142987 2718477 6.2160e+09   76  279 5.0000e+10 1540.55958   100%  58.7 3040s
 3149793 2723490 2.2009e+10  113  304 5.0000e+10 1540.56916   100%  58.7 3050s
 3157461 2730077 1.3725e+09   70  304 5.0000e+10 1540.57897   100%  58.7 3055s
 3164168 2736344 1579.70323   47  344 5.0000e+10 1540.59170   100%  58.7 3060s
 3172987 2744620 2.4325e+09   90  321 5.0000e+10 1540.60420   100%  58.7 3065s
 3179403 2750016 5.6941e+09  113  294 5.0000e+10 1540.61889   100%  58.7 3070s
 3188822 2758357 1562.32839   42  337 5.0000e+10 1540.63256   100%  58.6 3075s
 3195967 2763552 1.6372e+10  107  299 5.0000e+10 1540.63951   100%  58.6 3080s
 3203177 2771010 6.1404e+09   98  303 5.0000e+10 1540.64978   100%  58.6 3085s
 3211762 2777412 4.0397e+10  143  322 5.0000e+10 1540.66409   100%  58.6 3090s
 3215356 2780717 1663.55938   52  280 5.0000e+10 1540.66856   100%  58.6 3097s
 3219431 2785745 1.5098e+09   87  306 5.0000e+10 1540.67289   100%  58.6 3100s
 3227818 2792648 1575.58737   40  350 5.0000e+10 1540.68594   100%  58.6 3105s
 3233114 2797115 1637.97951   52  339 5.0000e+10 1540.69706   100%  58.6 3110s
 3243186 2805259 1593.00197   51  325 5.0000e+10 1540.70949   100%  58.6 3115s
 3250840 2811365 1642.13035   51  300 5.0000e+10 1540.72153   100%  58.6 3120s
 3259501 2820146 1553.38174   43  344 5.0000e+10 1540.73952   100%  58.6 3125s
 3261746 2821805     cutoff   93      5.0000e+10 1540.74142   100%  58.6 3130s
 3268758 2828369 7.1387e+08   55  313 5.0000e+10 1540.75535   100%  58.6 3135s
 3276555 2835074 9.4016e+08   66  333 5.0000e+10 1540.76768   100%  58.6 3141s
 3284675 2842008 2.0680e+10  124  272 5.0000e+10 1540.78084   100%  58.5 3145s
 3293317 2850310 3.4861e+08   57  331 5.0000e+10 1540.79726   100%  58.5 3150s
 3300078 2854319 3.7521e+10  146  302 5.0000e+10 1540.80837   100%  58.5 3161s
 3303693 2858395 1547.71071   37  311 5.0000e+10 1540.81254   100%  58.5 3165s
 3313170 2866748 1575.32172   43  332 5.0000e+10 1540.82442   100%  58.5 3170s
 3319859 2872412 1.9090e+10  105  320 5.0000e+10 1540.83637   100%  58.5 3175s
 3327909 2879748 1704.64799   58  323 5.0000e+10 1540.84702   100%  58.5 3180s
 3334671 2885562 3.5430e+09   89  315 5.0000e+10 1540.85722   100%  58.5 3185s
 3342925 2892208 2.7869e+09   85  300 5.0000e+10 1540.86950   100%  58.5 3190s
 3348475 2896770 1556.45839   40  346 5.0000e+10 1540.87802   100%  58.5 3196s
 3356447 2903697 1604.95529   52  318 5.0000e+10 1540.89310   100%  58.5 3200s
 3365418 2911514 1616.51276   49  340 5.0000e+10 1540.90192   100%  58.5 3205s
H3366637 2912209                    4.999993e+10 1540.90203   100%  58.5 3206s
 3369043 2915144 1.2193e+10  113  305 5.0000e+10 1540.90652   100%  58.5 3210s
 3379999 2924385 1681.44881   56  288 5.0000e+10 1540.92394   100%  58.5 3215s
 3386948 2930265 2.0000e+10   74  298 5.0000e+10 1540.93801   100%  58.5 3220s
 3396476 2938972 2.2394e+10   67  309 5.0000e+10 1540.95502   100%  58.5 3227s
 3402264 2943816 1650.97619   56  333 5.0000e+10 1540.96445   100%  58.5 3230s
 3412089 2951819 6.0487e+08   54  312 5.0000e+10 1540.97801   100%  58.4 3239s
 3413781 2952976 2.6614e+09   57  340 5.0000e+10 1540.98071   100%  58.4 3241s
 3420083 2959675 1560.55965   41  323 5.0000e+10 1540.99271   100%  58.4 3245s
 3427899 2965239 2.9064e+10  139  312 5.0000e+10 1541.00343   100%  58.4 3250s
 3435553 2972556 5.6315e+09   92  319 5.0000e+10 1541.01699   100%  58.4 3255s
 3443554 2979356 1576.10904   46  313 5.0000e+10 1541.03100   100%  58.4 3260s
H3446621 2981148                    4.999993e+10 1541.03437   100%  58.4 3264s
 3447811 2983726 1621.62404   48  334 5.0000e+10 1541.03660   100%  58.4 3265s
 3454661 2988229 2.4184e+10  130  319 5.0000e+10 1541.04520   100%  58.4 3274s
 3454671 2988280 2.5528e+10  134  317 5.0000e+10 1541.04520   100%  58.4 3277s
H3454748 2988280                    4.999993e+10 1541.04520   100%  58.4 3277s
 3457369 2992076     cutoff  146      5.0000e+10 1541.04990   100%  58.4 3280s
 3467032 3000495 4.6209e+10   71  321 5.0000e+10 1541.06488   100%  58.4 3285s
 3477307 3009547 1558.53490   38  334 5.0000e+10 1541.07752   100%  58.4 3290s
 3483529 3014725 1.4372e+09   74  293 5.0000e+10 1541.09046   100%  58.4 3295s
 3493874 3023946 9.0693e+09   90  300 5.0000e+10 1541.10461   100%  58.4 3300s
 3499141 3028843 1668.69555   68  324 5.0000e+10 1541.11240   100%  58.3 3305s
 3508639 3036973 1.0214e+10   78  316 5.0000e+10 1541.12257   100%  58.3 3310s
 3517532 3044731 1570.76489   52  342 5.0000e+10 1541.13728   100%  58.3 3315s
 3522064 3048701     cutoff   67      5.0000e+10 1541.14467   100%  58.3 3320s
 3531703 3056431 3.0000e+10   54  292 5.0000e+10 1541.16321   100%  58.3 3325s
 3536891 3060335 1605.91300   46  316 5.0000e+10 1541.17057   100%  58.3 3333s
 3537064 3060384 1.9850e+10  109  313 5.0000e+10 1541.17155   100%  58.3 3335s
 3544927 3068263 1588.52470   41  332 5.0000e+10 1541.18270   100%  58.3 3340s
 3551882 3074282 4.8799e+08   65  324 5.0000e+10 1541.18984   100%  58.3 3345s
 3560674 3081552 1635.90426   54  313 5.0000e+10 1541.20196   100%  58.3 3350s
 3567773 3088034 7.9599e+09   89  297 5.0000e+10 1541.21053   100%  58.3 3355s
 3577568 3096442 1560.71052   44  326 5.0000e+10 1541.22727   100%  58.3 3360s
 3584113 3102643 2.0000e+10   84  308 5.0000e+10 1541.23706   100%  58.3 3365s
 3594125 3110142 1.7171e+10  108  329 5.0000e+10 1541.25296   100%  58.3 3374s
 3594133 3110150 2.0743e+10  106  325 5.0000e+10 1541.25296   100%  58.3 3377s
 3598228 3114520 1609.05270   57  313 5.0000e+10 1541.25754   100%  58.3 3380s
 3607630 3123301 2.6247e+09   69  318 5.0000e+10 1541.27224   100%  58.2 3385s
 3616596 3131057 2.2175e+08   74  328 5.0000e+10 1541.28286   100%  58.2 3390s
 3620621 3133363 2.1763e+10  128  306 5.0000e+10 1541.28725   100%  58.2 3395s
 3626159 3139790 1.8976e+10  114  325 5.0000e+10 1541.29440   100%  58.2 3400s
 3628063 3139797 1645.86861   52  337 5.0000e+10 1541.29634   100%  58.2 3409s
 3628072 3140415 1646.98786   52  318 5.0000e+10 1541.29683   100%  58.2 3410s
 3635439 3147582 3.6009e+08   47  310 5.0000e+10 1541.30738   100%  58.2 4182s
 3639162 3150898 4.2396e+10  154  299 5.0000e+10 1541.31092   100%  58.2 4185s
 3642203 3152641 1.0978e+10   87  302 5.0000e+10 1541.31508   100%  58.2 4190s
 3647697 3158941 2.2458e+10  160  329 5.0000e+10 1541.32480   100%  58.2 4195s
 3654342 3164312 1697.23765   62  313 5.0000e+10 1541.33468   100%  58.2 4200s
 3664096 3172353 1757.18437   66  293 5.0000e+10 1541.35200   100%  58.2 4205s
 3671830 3179050 8.6265e+09  107  307 5.0000e+10 1541.36552   100%  58.2 4210s
 3679961 3185342 1579.09447   40  341 5.0000e+10 1541.37665   100%  58.2 4215s
 3688660 3192511 4.4450e+10   89  278 5.0000e+10 1541.38942   100%  58.2 4220s
 3695759 3199342     cutoff  121      5.0000e+10 1541.40113   100%  58.2 4225s
 3699311 3201771 9.2098e+09   81  308 5.0000e+10 1541.40618   100%  58.2 4230s
 3705543 3207142 1572.20483   48  329 5.0000e+10 1541.41464   100%  58.2 4235s
 3713736 3215436 2.2914e+08   64  312 5.0000e+10 1541.42221   100%  58.2 4240s
 3721558 3222380 4.8814e+09   82  318 5.0000e+10 1541.43318   100%  58.2 4245s
 3730522 3230496 1571.44656   39  343 5.0000e+10 1541.44676   100%  58.2 4250s
 3737763 3236416 1717.62121   63  322 5.0000e+10 1541.45695   100%  58.2 4255s
 3748140 3244269 1571.21164   53  325 5.0000e+10 1541.46980   100%  58.1 4260s
 3757271 3253352 1573.88346   44  343 5.0000e+10 1541.48280   100%  58.1 4265s
 3764606 3259290 1.0000e+10   45  322 5.0000e+10 1541.49266   100%  58.1 4270s
 3774658 3268079 1697.90224   48  322 5.0000e+10 1541.50410   100%  58.1 4276s
 3779040 3273463     cutoff  177      5.0000e+10 1541.51099   100%  58.1 4280s
 3787054 3279108 5.4866e+09   81  318 5.0000e+10 1541.52511   100%  58.1 4285s
 3795748 3287006 4.6226e+10  160  299 5.0000e+10 1541.53547   100%  58.1 4290s
 3798313 3288238 2.9821e+10  115  311 5.0000e+10 1541.53820   100%  58.1 4296s
 3804426 3294706 2.4535e+09   94  317 5.0000e+10 1541.54775   100%  58.1 4300s
 3809705 3298740 1556.00428   43  334 5.0000e+10 1541.55475   100%  58.1 4305s
 3819236 3307592 1718.57604   60  317 5.0000e+10 1541.56985   100%  58.1 4310s
 3827229 3313433 2.8210e+10  118  288 5.0000e+10 1541.57783   100%  58.1 4315s
 3834479 3321632 1.1564e+09   72  313 5.0000e+10 1541.58903   100%  58.0 4320s
 3840949 3326683 1581.39375   45  321 5.0000e+10 1541.59482   100%  58.0 4325s
 3848538 3333379 1577.80055   48  346 5.0000e+10 1541.60439   100%  58.0 4330s
H3852844 3335851                    4.999992e+10 1541.61288   100%  58.0 4334s
 3852853 3337052 1557.16609   39  348 5.0000e+10 1541.61288   100%  58.0 4335s
 3859579 3341880 2.4613e+10  146  316 5.0000e+10 1541.62052   100%  58.0 4342s
 3860901 3343965 infeasible   89      5.0000e+10 1541.62242   100%  58.0 4345s
 3866295 3348433 1617.66597   54  321 5.0000e+10 1541.63304   100%  58.0 4350s
 3874816 3356029 1592.15568   47  325 5.0000e+10 1541.64251   100%  58.0 4355s
 3882000 3361801 1.3446e+08   58  303 5.0000e+10 1541.65613   100%  58.0 4360s
 3890448 3369660 1586.50706   43  327 5.0000e+10 1541.66797   100%  58.0 4365s
 3899860 3377890 1717.53967   70  326 5.0000e+10 1541.68033   100%  58.0 4370s
H3901033 3377894                    4.999992e+10 1541.68158   100%  58.0 4373s
 3903247 3380899 2.8476e+10  142  322 5.0000e+10 1541.68411   100%  58.0 4375s
H3905090 3381695                    4.999992e+10 1541.68713   100%  58.0 4376s
 3910919 3387690 1582.99260   44  324 5.0000e+10 1541.69640   100%  58.0 4380s
 3920025 3395553 1726.96982   57  290 5.0000e+10 1541.70652   100%  58.0 4385s
 3926171 3401495 1.5775e+10  109  304 5.0000e+10 1541.71333   100%  58.0 4390s
 3934962 3408841 2.2688e+10  117  307 5.0000e+10 1541.72248   100%  57.9 4395s
 3941074 3413747 1.5585e+10  105  256 5.0000e+10 1541.72958   100%  57.9 4400s
 3944349 3415918 1551.84730   43  360 5.0000e+10 1541.73316   100%  57.9 4408s
 3945004 3417524 2.0000e+10   62  318 5.0000e+10 1541.73376   100%  57.9 4410s
 3949538 3421671 1.8232e+10  132  319 5.0000e+10 1541.73929   100%  57.9 4415s
 3959657 3430235 1562.25796   47  319 5.0000e+10 1541.75118   100%  57.9 4420s
 3967046 3435709 1.5655e+09   75  303 5.0000e+10 1541.76022   100%  57.9 4425s
 3973944 3442850 1549.52762   41  361 5.0000e+10 1541.76874   100%  57.9 4430s
 3984024 3450891 1643.54749   51  336 5.0000e+10 1541.78062   100%  57.9 4438s
 3986659 3454533 2.7087e+09   75  305 5.0000e+10 1541.78247   100%  57.9 4440s
 3996693 3462878 2.0183e+10  143  312 5.0000e+10 1541.79269   100%  57.9 4445s
 4004607 3470406 2.4254e+10  133  323 5.0000e+10 1541.80581   100%  57.9 4450s
 4010054 3474971 1.1122e+10   75  317 5.0000e+10 1541.81412   100%  57.9 4455s
 4019079 3482160 1.0000e+10   47  294 5.0000e+10 1541.82778   100%  57.8 4460s
 4025319 3488159 6.5240e+09   63  318 5.0000e+10 1541.83548   100%  57.8 4465s
 4033751 3495248 1558.84361   45  324 5.0000e+10 1541.84480   100%  57.8 4470s
 4036986 3497427 1607.78327   45  340 5.0000e+10 1541.84984   100%  57.8 4479s
 4037200 3497584 1608.01628   46  340 5.0000e+10 1541.84984   100%  57.8 4481s
 4040458 3501797 2.1352e+10  161  318 5.0000e+10 1541.85495   100%  57.8 4485s
 4046906 3507378 1.0000e+10   56  291 5.0000e+10 1541.86459   100%  57.9 4490s
 4053568 3512416 1588.00699   46  324 5.0000e+10 1541.87287   100%  57.9 4495s
 4061114 3519703 2.6146e+10  135  330 5.0000e+10 1541.88261   100%  57.9 4500s
 4070788 3526604 3.6121e+09   70  299 5.0000e+10 1541.89691   100%  57.8 4506s
 4076100 3532867 1658.17563   68  316 5.0000e+10 1541.90293   100%  57.8 4510s
 4085676 3539714 1662.34564   53  319 5.0000e+10 1541.91573   100%  57.8 4516s
 4090779 3544727 1547.46512   37  345 5.0000e+10 1541.92287   100%  57.8 4520s
 4098010 3551771 2.7129e+09   75  302 5.0000e+10 1541.93422   100%  57.8 4525s
 4101355 3553238 1563.81675   49  333 5.0000e+10 1541.93692   100%  57.8 4530s
 4107133 3559469 5.1731e+09  102  326 5.0000e+10 1541.94584   100%  57.8 4535s
 4115198 3566178 6.7087e+09   72  301 5.0000e+10 1541.95482   100%  57.8 4540s
 4125553 3574903 1653.45983   56  331 5.0000e+10 1541.96386   100%  57.8 4545s
 4133402 3581866 1573.35834   42  332 5.0000e+10 1541.97222   100%  57.8 4550s
 4139428 3587670 3.6279e+08   62  313 5.0000e+10 1541.98011   100%  57.8 4555s
 4149355 3596159 1569.01407   43  324 5.0000e+10 1541.99109   100%  57.8 4560s
 4151838 3597617 1557.98351   41  318 5.0000e+10 1541.99417   100%  57.8 4565s
 4157047 3603611 2.4898e+10  123  309 5.0000e+10 1542.00120   100%  57.8 4570s
 4166587 3611335     cutoff  139      5.0000e+10 1542.01174   100%  57.8 4575s
 4177141 3619856 2.3553e+10  117  301 5.0000e+10 1542.02745   100%  57.7 4581s
 4184281 3626522 7.7565e+08   58  331 5.0000e+10 1542.03699   100%  57.7 4585s
 4190110 3631961     cutoff   72      5.0000e+10 1542.04393   100%  57.7 4590s
 4195541 3636333 3.5408e+10  149  285 5.0000e+10 1542.04954   100%  57.7 4595s
 4200579 3640160 1.0000e+10   87  315 5.0000e+10 1542.05343   100%  57.7 4603s
 4202874 3643648 1677.23645   55  317 5.0000e+10 1542.05673   100%  57.7 4605s
 4208118 3648002 1715.99642   52  286 5.0000e+10 1542.06448   100%  57.7 4610s
 4217580 3655503 2.9178e+10  117  309 5.0000e+10 1542.07717   100%  57.7 4615s
 4225703 3663467 2.2266e+10  103  294 5.0000e+10 1542.08728   100%  57.7 4620s
 4232932 3669390 1584.74241   41  330 5.0000e+10 1542.09854   100%  57.7 4625s
 4242014 3678018 4.2244e+09   73  300 5.0000e+10 1542.11161   100%  57.7 4630s
 4252214 3685080 1.4281e+10   88  310 5.0000e+10 1542.12369   100%  57.7 4637s
 4256451 3690069 3.3696e+10  142  311 5.0000e+10 1542.13078   100%  57.7 4640s
 4266187 3697596 1650.08211   70  320 5.0000e+10 1542.14226   100%  57.7 4645s
 4276702 3707498     cutoff  198      5.0000e+10 1542.15249   100%  57.7 4650s
 4283640 3713677 1604.47784   56  346 5.0000e+10 1542.15963   100%  57.7 4655s
 4293649 3722429 5.4897e+09   61  300 5.0000e+10 1542.17325   100%  57.6 4660s
 4297876 3725137 1605.93788   51  325 5.0000e+10 1542.17645   100%  57.6 4665s
 4306916 3733970 1555.33044   36  333 5.0000e+10 1542.18712   100%  57.6 4670s
 4316227 3743123 1.9994e+10  162  307 5.0000e+10 1542.19873   100%  57.6 4675s
 4327526 3752264 1601.21335   54  336 5.0000e+10 1542.20898   100%  57.6 4680s
H4330911 3534857                    4.000000e+10 1542.21142   100%  57.6 4685s
 4331161 3541602 3.8743e+10  145  321 4.0000e+10 1542.21166   100%  57.6 4691s
 4342950 3546433 7.4694e+08   64  334 4.0000e+10 1542.22610   100%  57.6 4695s
 4349125 3551499 1591.08287   49  328 4.0000e+10 1542.23233   100%  57.6 4700s
 4358739 3559425 1.0219e+10  141  307 4.0000e+10 1542.24494   100%  57.6 4705s
 4367996 3567955 1637.41461   52  325 4.0000e+10 1542.25430   100%  57.6 4710s
 4371695 3569970 1.0551e+10  103  329 4.0000e+10 1542.26020   100%  57.6 4716s
 4377145 3574657 3.4839e+10   58  322 4.0000e+10 1542.26954   100%  57.6 4724s
 4377204 3575666 3.5099e+10   59  318 4.0000e+10 1542.26974   100%  57.6 4725s
 4387567 3584828 1645.53862   68  358 4.0000e+10 1542.28370   100%  57.6 4730s
 4397622 3592454     cutoff  139      4.0000e+10 1542.29437   100%  57.6 4737s
 4402414 3597656 1567.34295   38  332 4.0000e+10 1542.29941   100%  57.5 4740s
 4410680 3605084 6.3649e+09   79  299 4.0000e+10 1542.30933   100%  57.5 4745s
 4420782 3614086 8.1881e+08   65  305 4.0000e+10 1542.32216   100%  57.5 4750s
 4427798 3620200 2.5876e+10  154  310 4.0000e+10 1542.33058   100%  57.5 4755s
 4435165 3625417 1568.73407   49  325 4.0000e+10 1542.34019   100%  57.5 4760s
 4443163 3633373 1650.11920   55  320 4.0000e+10 1542.35430   100%  57.5 4765s
 4448919 3637434 2.6621e+09   72  321 4.0000e+10 1542.36144   100%  57.5 4770s
 4458662 3647142 1.5949e+10  124  328 4.0000e+10 1542.37581   100%  57.5 4775s
 4465383 3652166 6.8875e+09   81  311 4.0000e+10 1542.38341   100%  57.5 4781s
 4465875 3658583 7.8375e+09   82  315 4.0000e+10 1542.38351   100%  57.5 4786s
 4473482 3660094 1.1286e+10  117  319 4.0000e+10 1542.39517   100%  57.5 4790s
 4482498 3667277 1643.84006   55  332 4.0000e+10 1542.40656   100%  57.5 4795s
 4491537 3674297 1651.56454   64  333 4.0000e+10 1542.41957   100%  57.5 4802s
 4495899 3679360 1644.22450   56  324 4.0000e+10 1542.42716   100%  57.5 4805s
 4504159 3685374 2.5787e+09   68  294 4.0000e+10 1542.43677   100%  57.5 4815s
H4504165 3685161                    4.000000e+10 1542.43677   100%  57.5 4816s
 4508560 3689892 1652.90723   61  317 4.0000e+10 1542.44291   100%  57.5 4820s
 4516795 3697093 1.2633e+10   72  279 4.0000e+10 1542.45382   100%  57.5 4825s
 4526951 3705597 1.3243e+10  126  305 4.0000e+10 1542.46836   100%  57.5 4830s
 4529708 3708157 3.4234e+10  155  330 4.0000e+10 1542.47149   100%  57.5 4835s
 4538396 3715835 3.4791e+10  139  318 4.0000e+10 1542.48403   100%  57.5 4840s
 4543299 3719123 1.0962e+10   96  319 4.0000e+10 1542.48920   100%  57.5 4845s
 4552722 3727456 4.0025e+09   90  319 4.0000e+10 1542.50119   100%  57.5 4850s
 4560379 3733262 3.0304e+10  105  302 4.0000e+10 1542.51069   100%  57.5 4855s
 4567647 3740520 9.7116e+09   96  319 4.0000e+10 1542.52065   100%  57.5 4860s
 4577554 3749174 1550.94195   41  346 4.0000e+10 1542.53074   100%  57.5 4865s
 4578853 3749182 2.0834e+08   62  316 4.0000e+10 1542.53180   100%  57.5 4870s
 4587784 3757784 1566.21445   44  352 4.0000e+10 1542.54178   100%  57.5 4875s
 4595438 3764811 8.3594e+09  112  305 4.0000e+10 1542.55051   100%  57.5 4880s
 4603952 3772321 1600.14453   53  324 4.0000e+10 1542.56171   100%  57.5 4885s
 4614754 3781571 2.6347e+09   57  326 4.0000e+10 1542.57550   100%  57.5 4890s
 4623330 3788827 1582.79450   51  320 4.0000e+10 1542.58776   100%  57.5 4895s
 4627577 3792609 1568.36382   42  336 4.0000e+10 1542.59307   100%  57.5 4900s
 4638392 3802018 4.1087e+09   69  295 4.0000e+10 1542.60597   100%  57.5 4905s
 4640936 3803249 1.1950e+10  100  315 4.0000e+10 1542.60837   100%  57.5 4912s
 4641065 3804027 1.2048e+10  102  319 4.0000e+10 1542.60837   100%  57.5 4915s
 4650656 3812325 2.4711e+10   66  282 4.0000e+10 1542.62066   100%  57.5 4920s
 4657322 3818146 1639.43518   53  314 4.0000e+10 1542.63044   100%  57.5 4925s
 4667606 3827479 1559.72748   38  352 4.0000e+10 1542.64278   100%  57.4 4930s
 4676877 3834431 2.9692e+10  109  289 4.0000e+10 1542.65327   100%  57.4 4938s
 4676885 3841460 3.0368e+10  110  295 4.0000e+10 1542.65403   100%  57.4 4943s
 4685969 3843482 1.2322e+10   70  321 4.0000e+10 1542.66485   100%  57.4 4945s
 4696982 3853172 6.5542e+08   59  318 4.0000e+10 1542.67653   100%  57.4 4950s
 4704657 3859621 1.7806e+10  131  289 4.0000e+10 1542.68693   100%  57.4 4955s
 4714321 3868086 1.9122e+10   69  304 4.0000e+10 1542.69820   100%  57.4 4960s
 4720452 3873565 1549.09623   40  341 4.0000e+10 1542.70549   100%  57.4 4965s
 4730511 3882176 1551.92151   42  335 4.0000e+10 1542.71727   100%  57.4 4970s
 4733886 3884252 1.0000e+10   57  307 4.0000e+10 1542.72033   100%  57.4 4979s
 4733983 3884740 8.8957e+08   57  301 4.0000e+10 1542.72132   100%  57.4 4980s
 4736483 3887486 1604.74398   55  335 4.0000e+10 1542.72365   100%  57.4 4985s
 4748549 3897851 1691.76309   62  319 4.0000e+10 1542.73723   100%  57.4 4990s
 4755762 3904306 3.5687e+10   82  293 4.0000e+10 1542.74503   100%  57.4 4995s
 4762660 3909542 1593.66540   48  331 4.0000e+10 1542.75515   100%  57.4 5000s
 4771476 3917887 1619.01483   53  335 4.0000e+10 1542.76555   100%  57.4 5005s
 4779738 3924654 1.0298e+10   98  311 4.0000e+10 1542.77506   100%  57.4 5010s
 4780672 3924662 3.6799e+10   71  290 4.0000e+10 1542.77508   100%  57.4 5015s
 4786644 3930572 1658.97749   50  326 4.0000e+10 1542.78567   100%  57.4 5020s
 4796424 3939050 1566.04655   42  334 4.0000e+10 1542.79752   100%  57.4 5025s
 4806160 3947896 1.4715e+09   61  313 4.0000e+10 1542.80831   100%  57.4 5030s
 4816942 3957079 1578.72521   49  318 4.0000e+10 1542.82292   100%  57.4 5035s
 4819561 3958247 1.3305e+10  107  301 4.0000e+10 1542.82729   100%  57.4 5044s
 4819571 3958255 1.3398e+10  108  302 4.0000e+10 1542.82729   100%  57.4 5047s
 4823167 3962564 1605.55132   48  317 4.0000e+10 1542.83370   100%  57.4 5050s
 4831562 3969922 3.5944e+09   96  309 4.0000e+10 1542.84597   100%  57.4 5055s
 4841734 3978538 2.8405e+10  132  296 4.0000e+10 1542.85945   100%  57.4 5060s
 4845987 3982199 1595.39876   52  336 4.0000e+10 1542.86650   100%  57.4 5065s
 4855605 3990528 1551.23887   36  342 4.0000e+10 1542.87539   100%  57.3 5070s
 4863959 3997741 1631.63387   61  292 4.0000e+10 1542.88434   100%  57.4 5075s
 4869651 4002435 1551.32323   43  361 4.0000e+10 1542.89014   100%  57.3 5080s
 4878567 4010307 1.0100e+10   97  316 4.0000e+10 1542.90246   100%  57.3 5085s
 4886430 4015986 1561.38761   43  345 4.0000e+10 1542.91216   100%  57.3 5092s
 4890947 4020152 1586.69343   46  317 4.0000e+10 1542.91901   100%  57.3 5095s
 4899821 4028111 1609.88627   53  324 4.0000e+10 1542.92988   100%  57.3 5100s
 4907184 4034745 2.5061e+10  132  312 4.0000e+10 1542.94000   100%  57.4 5105s
 4914629 4040222 1660.33606   52  328 4.0000e+10 1542.95060   100%  57.4 5111s
 4921479 4047472 1594.10001   46  320 4.0000e+10 1542.95800   100%  57.3 5115s
 4930970 4055529 1613.10481   57  324 4.0000e+10 1542.96917   100%  57.3 5120s
 4938273 4061018 1658.44881   53  334 4.0000e+10 1542.97689   100%  57.3 5125s
 4946535 4069791 1.6282e+09   68  326 4.0000e+10 1542.98708   100%  57.3 5130s
 4956078 4077490 1.5209e+10  117  317 4.0000e+10 1542.99892   100%  57.3 5135s
 4959681 4079816 2.8957e+08   55  313 4.0000e+10 1543.00398   100%  57.3 5141s
H4959818 4076850                    4.000000e+10 1543.00398   100%  57.3 5144s
 4960942 4078904 3.7224e+09   70  309 4.0000e+10 1543.00592   100%  57.3 5145s
 4970756 4087699 1.0055e+10  107  325 4.0000e+10 1543.01526   100%  57.3 5150s
H4973295 4088605                    3.999999e+10 1543.01755   100%  57.3 5155s
 4981371 4096696 1.0512e+10   87  291 4.0000e+10 1543.02665   100%  57.3 5160s
 4991822 4105987 2.9127e+10   88  299 4.0000e+10 1543.04012   100%  57.3 5165s
H5001539 4113192                    3.999998e+10 1543.05250   100%  57.3 5176s
 5001547 4113200 5.9867e+09  105  319 4.0000e+10 1543.05250   100%  57.3 5180s
 5008878 4121085 1656.58846   66  324 4.0000e+10 1543.05914   100%  57.3 5185s
 5020074 4130160 1555.19171   43  337 4.0000e+10 1543.07036   100%  57.3 5190s
 5022009 4132644 1565.37754   48  335 4.0000e+10 1543.07513   100%  57.3 5195s
 5031575 4140452 1.4675e+10  143  336 4.0000e+10 1543.08516   100%  57.3 5200s
 5041548 4148949 1.9624e+10  127  323 4.0000e+10 1543.09426   100%  57.3 5205s
 5048792 4154233 1676.32245   59  289 4.0000e+10 1543.10276   100%  57.3 5211s
 5055860 4161670 1559.52031   48  352 4.0000e+10 1543.11124   100%  57.3 5215s
 5066550 4169965 3.6742e+09   79  321 4.0000e+10 1543.12167   100%  57.3 5221s
 5071366 4175057 1584.30034   43  312 4.0000e+10 1543.12935   100%  57.3 5225s
 5081198 4183677 1.3903e+10  146  298 4.0000e+10 1543.14203   100%  57.3 5230s
 5085295 4186185 8.6183e+09   95  293 4.0000e+10 1543.14555   100%  57.3 5235s
 5092301 4192952 1617.48471   41  337 4.0000e+10 1543.15677   100%  57.3 5240s
 5099035 4198077 3.1225e+08   73  319 4.0000e+10 1543.16243   100%  57.3 5249s
 5099045 4198935 2.6424e+09   74  324 4.0000e+10 1543.16249   100%  57.3 5250s
 5100987 4201176 1579.60010   41  339 4.0000e+10 1543.16562   100%  57.3 5255s
 5112727 4211626 3.2154e+10  136  295 4.0000e+10 1543.17836   100%  57.2 5260s
 5120085 4216651 1571.48735   43  313 4.0000e+10 1543.18822   100%  57.2 5266s
 5126535 4223345 1718.07528   57  308 4.0000e+10 1543.19490   100%  57.2 5270s
 5136601 4231993 1574.00111   48  320 4.0000e+10 1543.20535   100%  57.2 5275s
 5145251 4239635 1637.44946   51  345 4.0000e+10 1543.21467   100%  57.2 5280s
 5147932 4241007 1.9483e+10  129  319 4.0000e+10 1543.21886   100%  57.2 5285s
 5157086 4249968 1.4020e+10   74  305 4.0000e+10 1543.22803   100%  57.2 5290s
 5167427 4259006 1.6138e+10  133  311 4.0000e+10 1543.23953   100%  57.2 5295s
 5176109 4266482 1549.26926   40  320 4.0000e+10 1543.24852   100%  57.2 5300s
 5183167 4272470 1685.55391   62  318 4.0000e+10 1543.25825   100%  57.2 5305s
 5193889 4282054 3.6715e+10  144  299 4.0000e+10 1543.27057   100%  57.2 5310s
 5198251 4284979 2.3253e+10  158  328 4.0000e+10 1543.27502   100%  57.2 5315s
 5203394 4290481 1556.43617   41  340 4.0000e+10 1543.28348   100%  57.2 5324s
 5204951 4293884 8.6377e+07   76  333 4.0000e+10 1543.28514   100%  57.2 5326s
 5214542 4299200 3.5195e+10  114  300 4.0000e+10 1543.29460   100%  57.2 5330s
 5224576 4308713 2.3976e+10  126  302 4.0000e+10 1543.30621   100%  57.2 5335s
 5229236 4312762 1556.22775   48  334 4.0000e+10 1543.31335   100%  57.1 5340s
 5239447 4321958 2.9134e+10  150  296 4.0000e+10 1543.32432   100%  57.1 5345s
 5246363 4326962 8.8624e+09   86  301 4.0000e+10 1543.33096   100%  57.1 5351s
 5251350 4332371 1.2487e+10  107  313 4.0000e+10 1543.33705   100%  57.1 5355s
 5259183 4339577 2.1754e+09   75  301 4.0000e+10 1543.34505   100%  57.1 5360s
 5260819 4339797 1584.01443   40  311 4.0000e+10 1543.34634   100%  57.1 5366s
 5263134 4342663 1547.60169   39  337 4.0000e+10 1543.34842   100%  57.1 5370s
 5272690 4351361 1589.27561   42  325 4.0000e+10 1543.35850   100%  57.1 5375s
 5276715 4360396 6.9619e+08   58  347 4.0000e+10 1543.36321   100%  57.1 5383s
 5287942 4364390 1580.27212   46  337 4.0000e+10 1543.37503   100%  57.1 5385s
 5293797 4368646 1.3448e+10  114  303 4.0000e+10 1543.38080   100%  57.1 5390s
 5304299 4378705 1560.38779   40  354 4.0000e+10 1543.39417   100%  57.1 5395s
 5313382 4386340 1691.49439   54  319 4.0000e+10 1543.40504   100%  57.1 5400s
 5315143 4388144 1555.16332   37  330 4.0000e+10 1543.40855   100%  57.1 5405s
 5324580 4396128 1646.80901   52  322 4.0000e+10 1543.42100   100%  57.1 5410s
 5334787 4405149 1572.61346   42  353 4.0000e+10 1543.43162   100%  57.1 5415s
 5342180 4410416 1576.41083   45  325 4.0000e+10 1543.44214   100%  57.1 5422s
 5344513 4413437 1.0000e+10   74  308 4.0000e+10 1543.44485   100%  57.1 5430s
 5350930 4419000 1.0320e+10   74  261 4.0000e+10 1543.45148   100%  57.1 5435s
 5361818 4428284 3.2970e+09   89  315 4.0000e+10 1543.46632   100%  57.1 5440s
 5367652 4433805 infeasible  157      4.0000e+10 1543.47189   100%  57.1 5445s
 5376953 4441608 1565.40679   41  331 4.0000e+10 1543.48144   100%  57.1 5450s
 5381875 4446135 1702.71319   61  322 4.0000e+10 1543.48630   100%  57.1 5455s
 5391155 4453916 1588.11174   54  341 4.0000e+10 1543.49756   100%  57.1 5460s
 5398146 4458882 1569.40865   47  334 4.0000e+10 1543.50262   100%  57.0 5465s
 5398186 4465908 1570.39133   48  339 4.0000e+10 1543.50305   100%  57.0 5470s
 5414723 4474554 1.0000e+10   68  288 4.0000e+10 1543.52021   100%  57.0 5475s
 5421720 4480412 1602.83377   56  334 4.0000e+10 1543.52726   100%  57.0 5480s
 5430874 4488437 3.6485e+08   58  310 4.0000e+10 1543.53872   100%  57.0 5485s
 5439054 4494485 1641.93614   53  345 4.0000e+10 1543.54625   100%  57.0 5491s
 5444799 4500688 3.0000e+10   57  297 4.0000e+10 1543.55402   100%  57.0 5495s
 5453395 4506881 6.2972e+08   66  325 4.0000e+10 1543.56657   100%  57.0 5502s
 5456315 4510530 1.5774e+10  124  301 4.0000e+10 1543.57040   100%  57.0 5505s
 5464705 4516471 3.2914e+10   86  291 4.0000e+10 1543.57735   100%  57.0 5513s
 5467632 4520375 5.8574e+09   77  311 4.0000e+10 1543.58174   100%  57.0 5515s
 5476591 4528203 1571.36222   37  332 4.0000e+10 1543.59144   100%  57.0 5520s
 5485634 4535498 1565.99327   43  331 4.0000e+10 1543.59989   100%  57.0 5525s
 5489764 4538678 1637.43506   41  327 4.0000e+10 1543.60291   100%  57.0 5532s
 5493106 4542847 6.7878e+09  100  323 4.0000e+10 1543.60670   100%  57.0 5535s
 5499030 4546194 1570.99255   44  331 4.0000e+10 1543.61114   100%  57.0 5541s
 5505304 4552426 1585.35212   41  322 4.0000e+10 1543.61826   100%  57.0 5545s
 5514177 4560265 1622.82342   57  312 4.0000e+10 1543.62962   100%  57.0 5550s
 5523204 4568455 1565.56216   39  350 4.0000e+10 1543.63769   100%  57.0 5555s
 5530413 4574468 1556.70743   42  339 4.0000e+10 1543.64350   100%  57.0 5560s
 5538259 4580503 2.1620e+09   65  342 4.0000e+10 1543.65015   100%  57.0 5565s
 5545377 4587409 3.5533e+08   64  305 4.0000e+10 1543.65888   100%  57.0 5570s
 5554970 4595297 9.0145e+08   51  340 4.0000e+10 1543.66943   100%  57.0 5575s
 5559375 4599458 5.7523e+09   79  307 4.0000e+10 1543.67335   100%  57.0 5580s
 5569084 4607596 9.7497e+09   67  307 4.0000e+10 1543.68543   100%  57.0 5585s
 5574605 4611432 1555.94385   37  325 4.0000e+10 1543.69278   100%  57.0 5591s
 5578978 4615596 1566.75041   45  340 4.0000e+10 1543.69666   100%  57.0 5595s
 5586587 4622737 1.3710e+09   71  319 4.0000e+10 1543.70757   100%  57.0 5600s
 5596740 4631579 1669.56950   53  314 4.0000e+10 1543.71697   100%  57.0 5605s
 5601806 4636130 1602.84169   55  313 4.0000e+10 1543.72319   100%  57.0 5610s
 5612284 4644718 2.0743e+10   62  300 4.0000e+10 1543.73452   100%  57.0 5615s
 5616113 4647619 1.0000e+10   53  306 4.0000e+10 1543.73713   100%  57.0 5625s
 5624208 4654576 1.1995e+10   74  275 4.0000e+10 1543.74878   100%  57.0 5631s
 5630343 4661053 3.7342e+10  120  288 4.0000e+10 1543.75521   100%  57.0 5635s
 5641674 4670678 1621.28820   60  320 4.0000e+10 1543.77064   100%  56.9 5640s
 5646407 4674801 3.4150e+10  117  317 4.0000e+10 1543.77628   100%  56.9 5645s
 5657116 4684178 1620.12301   54  326 4.0000e+10 1543.78755   100%  56.9 5650s
 5664090 4689438 1.4134e+09   80  333 4.0000e+10 1543.79591   100%  56.9 5657s
 5667852 4694206 1.0726e+10  107  314 4.0000e+10 1543.79963   100%  56.9 5660s
 5677546 4702384 1563.51542   42  347 4.0000e+10 1543.81046   100%  56.9 5665s
 5686141 4710118 1569.14456   49  312 4.0000e+10 1543.81853   100%  56.9 5670s
 5689727 4712003 2.1401e+08   78  322 4.0000e+10 1543.82154   100%  56.9 5675s
 5696868 4719078 2.9486e+10  138  313 4.0000e+10 1543.83010   100%  56.9 5680s
 5706004 4726961 1555.96306   39  335 4.0000e+10 1543.83978   100%  56.9 5685s
 5709262 4728672 2.0000e+10   56  297 4.0000e+10 1543.84324   100%  56.9 5692s
 5709280 4729121 1.0000e+10   55  302 4.0000e+10 1543.84328   100%  56.9 5695s
 5718792 4738080 1.5245e+09   78  332 4.0000e+10 1543.85279   100%  56.9 5700s
 5728023 4745405 6.9993e+09   98  307 4.0000e+10 1543.86340   100%  56.9 5707s
 5728240 4752499 7.2991e+09   99  306 4.0000e+10 1543.86359   100%  56.9 5711s
 5742245 4758484 1666.68794   59  337 4.0000e+10 1543.87849   100%  56.9 5715s
 5747858 4762413 1.2231e+10   98  299 4.0000e+10 1543.88462   100%  56.9 5720s
 5756849 4771476 1670.40767   64  315 4.0000e+10 1543.89375   100%  56.9 5725s
 5766359 4778674 1573.67807   44  335 4.0000e+10 1543.90142   100%  56.9 5732s
 5769570 4782136     cutoff  150      4.0000e+10 1543.90422   100%  56.9 5735s
 5778946 4790866 1.2683e+10   75  305 4.0000e+10 1543.91510   100%  56.9 5740s
 5789415 4799993 1609.41103   43  324 4.0000e+10 1543.92626   100%  56.9 5745s
 5795791 4805608 2.1610e+10   97  256 4.0000e+10 1543.93277   100%  56.8 5750s
 5805327 4814233 7.2769e+09   76  314 4.0000e+10 1543.94249   100%  56.8 5755s
 5809256 4816165 1674.54493   58  311 4.0000e+10 1543.94674   100%  56.8 5764s
 5809265 4817041 1674.58204   59  311 4.0000e+10 1543.94679   100%  56.8 5765s
 5818471 4825391 1694.00406   48  307 4.0000e+10 1543.95763   100%  56.8 5770s
 5827416 4832648     cutoff   69      4.0000e+10 1543.96433   100%  56.8 5775s
 5834376 4839035 3.2349e+09   54  323 4.0000e+10 1543.97202   100%  56.8 5780s
 5840434 4843931 1566.15719   46  348 4.0000e+10 1543.97755   100%  56.8 5785s
 5849975 4852915 1.4204e+07   55  337 4.0000e+10 1543.98835   100%  56.8 5790s
 5856007 4857922 2.8191e+10   96  303 4.0000e+10 1543.99516   100%  56.8 5795s
 5864849 4865200 5.1131e+09   78  305 4.0000e+10 1544.00264   100%  56.8 5800s
 5868171 4867401 1596.46707   47  330 4.0000e+10 1544.00514   100%  56.8 5805s
 5871841 4871626 2.8178e+10  127  325 4.0000e+10 1544.00824   100%  56.8 5810s
 5882352 4880683 4.9596e+08   64  295 4.0000e+10 1544.01728   100%  56.8 5815s
 5888384 4885115 8.0471e+08   60  319 4.0000e+10 1544.02220   100%  56.8 5820s
 5895923 4892664 1693.54697   54  327 4.0000e+10 1544.02974   100%  56.8 5825s
 5904695 4899654 2.9881e+10  115  270 4.0000e+10 1544.03948   100%  56.8 5830s
 5909046 4903428 3.5036e+09   59  314 4.0000e+10 1544.04491   100%  56.8 5836s
 5910449 4903567 1.0630e+09   96  316 4.0000e+10 1544.04578   100%  56.8 5840s
 5919475 4912504 1577.59867   40  330 4.0000e+10 1544.05560   100%  56.8 5845s
 5928725 4920224 1.2497e+10  125  304 4.0000e+10 1544.06498   100%  56.8 5850s
 5937711 4928509 1564.20294   44  315 4.0000e+10 1544.07690   100%  56.8 5855s
 5944218 4933851 1705.61511   61  328 4.0000e+10 1544.08178   100%  56.8 5860s
 5954528 4943380 2.5687e+09   83  320 4.0000e+10 1544.08987   100%  56.8 5865s
 5958017 4945313 2.2859e+08   64  314 4.0000e+10 1544.09327   100%  56.8 5872s
 5958208 4946349 3.7698e+10  124  304 4.0000e+10 1544.09340   100%  56.8 5875s
 5968203 4955150 1645.59791   58  331 4.0000e+10 1544.10332   100%  56.8 5880s
 5973864 4958655 4.5326e+09   56  325 4.0000e+10 1544.10971   100%  56.8 5887s
 5978047 4963235 1677.98216   70  309 4.0000e+10 1544.11319   100%  56.8 5890s
 5987970 4971811 1651.11541   57  325 4.0000e+10 1544.12337   100%  56.8 5895s
 5997418 4980031 5.1032e+08   61  326 4.0000e+10 1544.13049   100%  56.8 5900s
 6001362 4984452 1603.97293   48  304 4.0000e+10 1544.13531   100%  56.8 5905s
 6012797 4993698 2.2748e+10  114  322 4.0000e+10 1544.14769   100%  56.8 5910s
 6017094 4996405 2.5451e+09   59  306 4.0000e+10 1544.15035   100%  56.8 5917s
 6018456 4998608 7.8091e+09   86  319 4.0000e+10 1544.15318   100%  56.8 5920s
 6027394 5006530     cutoff  160      4.0000e+10 1544.16052   100%  56.8 5925s
 6033780 5011520 1.6962e+09   66  314 4.0000e+10 1544.16622   100%  56.8 5930s
 6043991 5020642 1571.36113   43  333 4.0000e+10 1544.17701   100%  56.8 5935s
 6049675 5024755 1.8173e+10  109  315 4.0000e+10 1544.18065   100%  56.8 5941s
 6055613 5030877     cutoff  168      4.0000e+10 1544.18627   100%  56.8 5945s
 6065500 5039658 1.1296e+09   76  315 4.0000e+10 1544.19549   100%  56.7 5950s
 6071723 5046762 1713.76087   60  335 4.0000e+10 1544.20179   100%  56.7 5959s
 6074966 5050026 1.1488e+09   69  312 4.0000e+10 1544.20269   100%  56.8 5961s
 6078673 5050054 1599.39799   49  330 4.0000e+10 1544.20840   100%  56.8 5965s
 6082231 5054559 1.0495e+10   97  315 4.0000e+10 1544.21287   100%  56.8 6963s
 6085932 5058018 1.3443e+09   53  303 4.0000e+10 1544.21637   100%  56.8 6965s
 6093414 5063344 1.7698e+10  151  279 4.0000e+10 1544.22301   100%  56.7 7652s

Cutting planes:
  Gomory: 25
  Clique: 9
  Flow cover: 1
  Zero half: 16

Explored 6093752 nodes (345778657 simplex iterations) in 7652.51 seconds (12192.99 work units)
Thread count was 8 (of 8 available processors)

Solution count 10: 4e+10 4e+10 4e+10 ... 6e+10

Time limit reached
Best objective 4.000000170300e+10, best bound 1.544223005684e+03, gap 100.0000%
