
Gurobi 11.0.1 (mac64[arm]) logging started Wed Feb 12 19:41:55 2025

Set parameter LogFile to value "logs_new/salida_modelo_caminos_360_567_10.log"
Set parameter TimeLimit to value 7200
Gurobi Optimizer version 11.0.1 build v11.0.1rc0 (mac64[arm] - Darwin 24.3.0 24D60)

CPU model: Apple M2
Thread count: 8 physical cores, 8 logical processors, using up to 8 threads

Optimize a model with 613 rows, 2015 columns and 8589 nonzeros
Coefficient statistics:
  Matrix range     [1e+00, 1e+00]
  Objective range  [2e+00, 1e+10]
  Bounds range     [0e+00, 0e+00]
  RHS range        [1e+00, 2e+02]
Warning: Model contains large objective coefficients
         Consider reformulating model or setting NumericFocus parameter
         to avoid numerical issues.

Solved in 0 iterations and 0.00 seconds (0.00 work units)
Optimal objective  1.392000000e+03
Gurobi Optimizer version 11.0.1 build v11.0.1rc0 (mac64[arm] - Darwin 24.3.0 24D60)

CPU model: Apple M2
Thread count: 8 physical cores, 8 logical processors, using up to 8 threads

Optimize a model with 613 rows, 2015 columns and 8589 nonzeros
Model fingerprint: 0xc722013d
Variable types: 0 continuous, 2015 integer (2015 binary)
Coefficient statistics:
  Matrix range     [1e+00, 1e+00]
  Objective range  [2e+00, 1e+10]
  Bounds range     [0e+00, 0e+00]
  RHS range        [1e+00, 2e+02]
Warning: Model contains large objective coefficients
         Consider reformulating model or setting NumericFocus parameter
         to avoid numerical issues.
Found heuristic solution: objective 3.600000e+12
Presolve removed 250 rows and 0 columns
Presolve time: 0.01s
Presolved: 363 rows, 2015 columns, 8323 nonzeros
Variable types: 0 continuous, 2015 integer (2015 binary)
Found heuristic solution: objective 3.550000e+12

Root relaxation: objective 1.392000e+03, 1988 iterations, 0.07 seconds (0.14 work units)

    Nodes    |    Current Node    |     Objective Bounds      |     Work
 Expl Unexpl |  Obj  Depth IntInf | Incumbent    BestBd   Gap | It/Node Time

     0     0 1392.00000    0  297 3.5500e+12 1392.00000   100%     -    0s
H    0     0                    3.400000e+11 1392.00000   100%     -    0s
H    0     0                    3.200000e+11 1392.00000   100%     -    0s
H    0     0                    2.500000e+11 1392.00000   100%     -    0s
H    0     0                    2.000000e+11 1392.00000   100%     -    0s
H    0     0                    1.900000e+11 1392.00000   100%     -    0s
     0     0 1392.00000    0  320 1.9000e+11 1392.00000   100%     -    0s
H    0     0                    1.800000e+11 1392.00000   100%     -    0s
     0     0 1392.01191    0  308 1.8000e+11 1392.01191   100%     -    0s
     0     0 1392.01191    0  325 1.8000e+11 1392.01191   100%     -    0s
     0     0 1392.05314    0  328 1.8000e+11 1392.05314   100%     -    0s
     0     0 1392.05910    0  325 1.8000e+11 1392.05910   100%     -    0s
     0     0 1392.05998    0  330 1.8000e+11 1392.05998   100%     -    0s
     0     0 1392.06010    0  326 1.8000e+11 1392.06010   100%     -    0s
     0     0 1392.11440    0  343 1.8000e+11 1392.11440   100%     -    0s
     0     0 1392.12855    0  348 1.8000e+11 1392.12855   100%     -    0s
     0     0 1392.12943    0  348 1.8000e+11 1392.12943   100%     -    0s
     0     0 1392.15121    0  346 1.8000e+11 1392.15121   100%     -    0s
     0     0 1392.15166    0  349 1.8000e+11 1392.15166   100%     -    0s
     0     0 1392.15166    0  350 1.8000e+11 1392.15166   100%     -    0s
     0     0 1392.15865    0  348 1.8000e+11 1392.15865   100%     -    0s
     0     2 1392.16836    0  348 1.8000e+11 1392.16836   100%     -    0s
H   33    40                    1.700000e+11 1393.37755   100%   144    0s
H   65    74                    1.600000e+11 1393.92190   100%   149    0s
H   66    74                    1.500000e+11 1393.92190   100%   148    0s
H   70    74                    1.400000e+11 1393.92190   100%   145    0s
H   71    74                    1.100000e+11 1393.93351   100%   143    0s
H   98   110                    1.100000e+11 1394.14755   100%   133    1s
H  102   110                    9.000000e+10 1394.14755   100%   134    1s
H  163   171                    8.000000e+10 1394.66539   100%   136    2s
H  166   171                    8.000000e+10 1394.66539   100%   135    2s
H  202   210                    7.000000e+10 1394.66539   100%   133    2s
H 1203  1240                    7.000000e+10 1394.66539   100%   108    4s
  1786  1837 1451.88698   28  290 7.0000e+10 1394.66539   100%  98.6    5s
H 2005  1838                    6.000000e+10 1394.66539   100%  96.7    5s
H 2079  1804                    6.000000e+10 1394.66539   100%   100    6s
H 2080  1716                    4.000000e+10 1394.66539   100%   100    6s
H 2192  1708                    4.000000e+10 1394.66539   100%   101    7s
H 2615  1910                    4.000000e+10 1394.66539   100%   104    9s
H 2616  1835                    3.999999e+10 1394.66539   100%   104    9s
H 2618  1763                    3.999998e+10 1394.66539   100%   104    9s
  2762  1896 6.3843e+09   71  269 4.0000e+10 1394.66539   100%   105   10s
H 4614  2798                    3.999998e+10 1394.66539   100%  95.0   13s
  5298  3316 1.3368e+10  110  253 4.0000e+10 1394.85797   100%  91.7   15s
  7829  5327 4.2860e+09   61  260 4.0000e+10 1397.41851   100%  90.8   20s
  9925  7167 3.0000e+10   54  272 4.0000e+10 1398.26714   100%  90.8   25s
 11758  8660 3.4603e+10  110  271 4.0000e+10 1398.89945   100%  89.5   30s
 14819 12076 1.4628e+10   54  276 4.0000e+10 1399.53402   100%  86.7   35s
 17715 13639 3.1681e+10   48  300 4.0000e+10 1400.06153   100%  85.1   41s
 18654 14677 1415.16978   28  303 4.0000e+10 1400.14192   100%  84.5   48s
 19798 16323 2.1325e+10   98  284 4.0000e+10 1400.48765   100%  83.8   50s
 23180 19728 1.4115e+10   78  279 4.0000e+10 1401.22652   100%  81.1   55s
 28218 24080 2.6649e+10   81  279 4.0000e+10 1401.97303   100%  79.8   60s
 29606 24081 1.3905e+10   75  348 4.0000e+10 1401.99782   100%  79.3   71s
 29622 24092 1.7364e+10  103  306 4.0000e+10 1401.99782   100%  79.2   75s
 29812 24227 1451.35399   47  314 4.0000e+10 1401.99782   100%  79.7   83s
 29855 24256 1.8291e+09   51  306 4.0000e+10 1401.99782   100%  79.7   86s
 30968 24865 infeasible   98      4.0000e+10 1401.99782   100%  80.9   90s
 32748 25914 1492.05582   66  282 4.0000e+10 1401.99782   100%  82.2   95s
 34432 26884 2.8719e+10  106  273 4.0000e+10 1401.99782   100%  83.0  100s
 35890 27680 2.7501e+10  107  288 4.0000e+10 1401.99782   100%  83.8  105s
 38071 29291 1460.27144   47  317 4.0000e+10 1401.99782   100%  83.9  110s
 41644 30620 1430.33586   46  304 4.0000e+10 1401.99782   100%  82.6  115s
 44158 32484 2.3624e+10  121  281 4.0000e+10 1401.99782   100%  82.2  123s
 44854 34127 1.8150e+09   70  296 4.0000e+10 1402.00170   100%  82.3  126s
 47551 34987 1433.73908   49  289 4.0000e+10 1402.29977   100%  82.0  131s
 52221 36549 1417.80150   47  305 4.0000e+10 1403.35929   100%  81.8  136s
 56326 39487 1.0000e+10   63  276 4.0000e+10 1403.80902   100%  81.3  140s
 61264 40969 1442.99183   49  314 4.0000e+10 1404.19167   100%  81.0  145s
 70129 46660 2.1804e+10  122  293 4.0000e+10 1405.12287   100%  79.4  150s
 74358 49448 1424.79573   47  305 4.0000e+10 1405.67487   100%  79.1  155s
 76320 50006 1431.83079   53  304 4.0000e+10 1405.79688   100%  78.9  160s
 85184 54488 2.6583e+10  127  283 4.0000e+10 1406.55572   100%  77.7  165s
 93128 58616 1457.47666   53  310 4.0000e+10 1406.99039   100%  76.6  170s
 100131 62267 2.3218e+10  127  273 4.0000e+10 1407.38620   100%  75.9  175s
 107716 68536     cutoff  103      4.0000e+10 1407.64614   100%  75.1  180s
 114971 74876 1456.21473   48  303 4.0000e+10 1408.10924   100%  74.7  185s
 123581 82388 1.6876e+10  128  301 4.0000e+10 1408.44686   100%  74.2  190s
 127429 85485 6.2879e+09   95  274 4.0000e+10 1408.64287   100%  74.0  195s
 136341 92370     cutoff  144      4.0000e+10 1409.03062   100%  73.7  202s
 139090 94794 1.4012e+09   74  288 4.0000e+10 1409.16146   100%  73.4  205s
 147428 102767 5.1589e+09   74  268 4.0000e+10 1409.51034   100%  72.8  210s
 156409 110701 1.0781e+10   89  294 4.0000e+10 1409.79933   100%  71.9  215s
 166841 118836 3.0841e+10   61  294 4.0000e+10 1410.02768   100%  71.2  221s
 174414 126077 1491.60740   64  289 4.0000e+10 1410.34581   100%  70.7  225s
 178257 130185 1542.71554   68  302 4.0000e+10 1410.43456   100%  70.3  760s
 182305 133029 4.8981e+09   86  279 4.0000e+10 1410.58728   100%  70.0  765s
 192832 142801 1478.05166   68  317 4.0000e+10 1410.90601   100%  69.4  770s
 199427 147377 2.3989e+10  115  283 4.0000e+10 1411.05400   100%  69.1  775s
 202289 149984 4.8863e+09  105  301 4.0000e+10 1411.10519   100%  69.2  780s
 212776 158952 1485.38778   60  293 4.0000e+10 1411.30798   100%  68.5  785s
 224109 168418 2.8406e+10   93  273 4.0000e+10 1411.54850   100%  67.5  790s
 235880 178660 1490.71499   61  294 4.0000e+10 1411.83101   100%  66.7  795s
 245804 187381 1451.35090   49  311 4.0000e+10 1412.04152   100%  66.0  800s
 254250 195344 1.0249e+10   86  302 4.0000e+10 1412.21123   100%  65.6  805s
 262901 202506 1432.81314   52  308 4.0000e+10 1412.35646   100%  65.0  810s
 271527 210668 3.4027e+10  136  296 4.0000e+10 1412.51894   100%  64.3  815s
 276900 214502 1518.74888   61  296 4.0000e+10 1412.61942   100%  64.2  820s
 283667 220997 9.6671e+09  106  264 4.0000e+10 1412.74271   100%  64.0  825s
 295847 231255 2.3069e+10  152  293 4.0000e+10 1412.95344   100%  63.3  830s
 305926 239728 2.1717e+10  141  281 4.0000e+10 1413.09029   100%  62.7  835s
 318006 250288 4.3899e+09   92  286 4.0000e+10 1413.30827   100%  62.0  842s
 325587 258095 1441.25975   49  313 4.0000e+10 1413.41379   100%  61.6  845s
 335046 265725 1436.50023   56  293 4.0000e+10 1413.55136   100%  61.2  850s
 345232 274310 3.5993e+10  112  274 4.0000e+10 1413.70841   100%  60.7  855s
 354953 283975 1452.62427   57  305 4.0000e+10 1413.86451   100%  60.3  860s
 365234 292022 5.7137e+09   86  307 4.0000e+10 1413.98810   100%  60.0  865s
 375344 300063 1426.02633   53  314 4.0000e+10 1414.09269   100%  59.6  870s
 386258 310670 1440.64697   42  297 4.0000e+10 1414.24051   100%  59.2  875s
 389170 312258 5.3329e+09   88  295 4.0000e+10 1414.25463   100%  59.0  880s
 399418 322005 1.5183e+09   92  309 4.0000e+10 1414.38748   100%  58.7  885s
 406680 328041 3.0000e+10   72  298 4.0000e+10 1414.49174   100%  58.6  890s
 420965 340692 1469.25097   53  320 4.0000e+10 1414.67571   100%  58.1  895s
 432068 349670 1.6362e+10  108  259 4.0000e+10 1414.79514   100%  57.7  900s
 444299 361406 2.3561e+10  130  292 4.0000e+10 1414.93179   100%  57.3  905s
 455627 370854 1487.70273   54  295 4.0000e+10 1415.05231   100%  57.0  910s
 464957 377954 1.0950e+10  116  284 4.0000e+10 1415.15470   100%  57.0  916s
 467172 380428 1565.58818   59  288 4.0000e+10 1415.19164   100%  57.0  920s
 481715 392864 1.1034e+10  158  316 4.0000e+10 1415.36227   100%  56.7  926s
 492363 402351 5.6239e+09   81  265 4.0000e+10 1415.45649   100%  56.5  930s
 494848 404439 6.0560e+08   75  301 4.0000e+10 1415.47844   100%  56.4  935s
 507844 415983 6.6321e+09   77  282 4.0000e+10 1415.60704   100%  56.3  940s
 518799 425543 2.0406e+10  100  293 4.0000e+10 1415.71931   100%  56.1  945s
 527282 431815 1.2046e+10  121  296 4.0000e+10 1415.77408   100%  55.9  951s
 535915 440245 6.2743e+08   74  310 4.0000e+10 1415.85701   100%  55.8  955s
 545546 448025 1.0174e+10   69  293 4.0000e+10 1415.95586   100%  55.6  960s
 549423 450903 1448.28055   55  325 4.0000e+10 1415.98104   100%  55.6  965s
 560054 461476 6.1102e+09  118  294 4.0000e+10 1416.07186   100%  55.4  970s
 570941 470534 1434.25318   46  301 4.0000e+10 1416.17295   100%  55.1  975s
 583779 481654 2.3678e+09   70  298 4.0000e+10 1416.27904   100%  54.9  980s
 595919 492232 2.8911e+10  160  305 4.0000e+10 1416.36747   100%  54.8  985s
 606983 502009 4.9541e+07   64  295 4.0000e+10 1416.46215   100%  54.6  990s
 611925 505358 2.3866e+10  108  303 4.0000e+10 1416.48893   100%  54.5  997s
 613120 507093 1517.61178   57  311 4.0000e+10 1416.50178   100%  54.5 1000s
 626213 518691 1435.89166   52  301 4.0000e+10 1416.59826   100%  54.4 1005s
 636192 526630 1.8183e+10  145  275 4.0000e+10 1416.67458   100%  54.2 1010s
 643765 533341 1.2349e+09   73  305 4.0000e+10 1416.73635   100%  54.1 1015s
 651673 540691 1.3889e+09   73  313 4.0000e+10 1416.80029   100%  54.0 1020s
 665764 552553 1.4324e+10  115  282 4.0000e+10 1416.91293   100%  53.8 1025s
 669717 556520 1422.44036   46  305 4.0000e+10 1416.94985   100%  53.9 1030s
 680105 565324 1481.69101   60  287 4.0000e+10 1417.03479   100%  53.7 1035s
 689045 572796 1.5421e+10  107  272 4.0000e+10 1417.10161   100%  53.6 1040s
 697767 579734 1.0046e+09   55  311 4.0000e+10 1417.16122   100%  53.6 1048s
 697811 586737 1.4467e+09   56  304 4.0000e+10 1417.16824   100%  53.5 1054s
 705819 588329 4.1336e+09   76  301 4.0000e+10 1417.22399   100%  53.4 1055s
 717882 598126 1456.80052   49  296 4.0000e+10 1417.30932   100%  53.3 1060s
 728413 607859 3.7103e+10   94  274 4.0000e+10 1417.36940   100%  53.2 1065s
 738767 616054 9.4470e+08   68  297 4.0000e+10 1417.44034   100%  53.1 1070s
 751820 627127 1490.43292   50  311 4.0000e+10 1417.51873   100%  53.0 1075s
 761642 635636 1457.35907   49  307 4.0000e+10 1417.60695   100%  52.9 1080s
 767267 641092 1.8515e+10  176  292 4.0000e+10 1417.65131   100%  52.9 1085s
 776865 649215 4.7389e+09   79  263 4.0000e+10 1417.71247   100%  52.7 1090s
 789641 659365 1539.71967   54  268 4.0000e+10 1417.78178   100%  52.6 1098s
 794497 664170 1.5240e+10  143  277 4.0000e+10 1417.80726   100%  52.6 1100s
 807650 674858 1519.16099   60  283 4.0000e+10 1417.89428   100%  52.5 1108s
 813143 680754 3.6360e+09   73  306 4.0000e+10 1417.92624   100%  52.4 1110s
 822143 687515 1454.38097   61  301 4.0000e+10 1417.97402   100%  52.3 1115s
 832470 697604 1585.70626   65  301 4.0000e+10 1418.03919   100%  52.3 1120s
 843395 706780 2.3356e+10  150  272 4.0000e+10 1418.09584   100%  52.2 1125s
 858593 720298 1428.40200   45  304 4.0000e+10 1418.18354   100%  52.0 1130s
 868435 728418 1432.19061   50  322 4.0000e+10 1418.23638   100%  51.9 1135s
 876812 735945 2.5464e+10  186  323 4.0000e+10 1418.28365   100%  51.9 1140s
 886064 743873 1.1094e+10  105  297 4.0000e+10 1418.34766   100%  51.8 1145s
 895128 751921 1443.06546   56  307 4.0000e+10 1418.40100   100%  51.7 1150s
 904742 758739 1442.10418   50  302 4.0000e+10 1418.45388   100%  51.7 1155s
 914547 767331 1.5137e+10   58  302 4.0000e+10 1418.49526   100%  51.7 1161s
 918758 770465 1.4400e+09   71  299 4.0000e+10 1418.51679   100%  51.7 1165s
 930445 781257 1.5896e+10   93  294 4.0000e+10 1418.57028   100%  51.7 1170s
 942019 791169 1500.90000   70  301 4.0000e+10 1418.63559   100%  51.6 1175s
 951719 799108 1435.30800   50  319 4.0000e+10 1418.68273   100%  51.6 1180s
 954117 800514 4.1706e+09   63  290 4.0000e+10 1418.69111   100%  51.7 1185s
 964485 810833 2.8122e+10  179  304 4.0000e+10 1418.74750   100%  51.6 1190s
 974496 819173 1430.96051   54  298 4.0000e+10 1418.79186   100%  51.5 1195s
 987097 830224 2.5214e+09   74  298 4.0000e+10 1418.86141   100%  51.3 1200s
 994426 837095 5.6467e+09  128  295 4.0000e+10 1418.89017   100%  51.3 1205s
 1008143 848839 5.4780e+09   93  268 4.0000e+10 1418.95855   100%  51.2 1210s
 1018831 856903 1.4393e+09   74  291 4.0000e+10 1419.01941   100%  51.2 1216s
 1029071 866430 1.4383e+09   59  306 4.0000e+10 1419.07131   100%  51.1 1220s
 1043252 879143 7.1970e+09   81  299 4.0000e+10 1419.13205   100%  51.0 1225s
 1047279 882683 3.2112e+10  135  294 4.0000e+10 1419.14350   100%  51.0 1230s
 1061586 894987 1519.35233   62  291 4.0000e+10 1419.20664   100%  50.9 1235s
 1067464 899699 1518.23466   71  313 4.0000e+10 1419.22977   100%  50.9 1241s
 1076232 906991 2.0000e+10   87  292 4.0000e+10 1419.25529   100%  50.8 1246s
 1085271 915209 1437.44811   51  294 4.0000e+10 1419.30887   100%  50.8 1250s
 1097550 925502 1430.49141   49  320 4.0000e+10 1419.36663   100%  50.7 1256s
 1107123 934904 1.0449e+09   67  305 4.0000e+10 1419.41158   100%  50.7 1260s
 1118094 943223 3.7438e+09   76  270 4.0000e+10 1419.46405   100%  50.7 1265s
 1125680 950595 1.6522e+09   80  300 4.0000e+10 1419.50444   100%  50.6 1270s
 1135573 959085 7.4713e+09  102  281 4.0000e+10 1419.54590   100%  50.6 1275s
 1146768 967797 2.1732e+10  112  292 4.0000e+10 1419.59120   100%  50.5 1282s
 1146780 974743 2.2500e+10  113  292 4.0000e+10 1419.59599   100%  50.5 1287s
 1161675 982170 1.7389e+09   65  305 4.0000e+10 1419.66141   100%  50.5 1290s
 1172625 991315 3.8182e+09   85  295 4.0000e+10 1419.70670   100%  50.4 1295s
 1185445 1001659 2.7391e+09   93  279 4.0000e+10 1419.76318   100%  50.4 1300s
 1195521 1011110 1505.43221   59  301 4.0000e+10 1419.82094   100%  50.4 1305s
 1202428 1015547 5.0861e+09   75  304 4.0000e+10 1419.84686   100%  50.4 1310s
 1209106 1022654 1458.74934   58  308 4.0000e+10 1419.87834   100%  50.4 1315s
 1221611 1032607     cutoff  168      4.0000e+10 1419.92824   100%  50.3 1320s
 1232385 1041463 1463.20771   48  299 4.0000e+10 1419.98090   100%  50.3 1326s
 1234357 1043933 1.2587e+09   68  307 4.0000e+10 1419.99288   100%  50.3 1330s
 1247365 1055136 7.5877e+09   86  321 4.0000e+10 1420.04963   100%  50.3 1335s
 1255022 1061480 5.6188e+09   79  273 4.0000e+10 1420.07953   100%  50.3 1340s
 1265216 1070634 9.4941e+08   72  308 4.0000e+10 1420.13282   100%  50.3 1345s
 1272817 1076242 1538.71098   58  302 4.0000e+10 1420.16145   100%  50.2 1350s
 1284515 1086425 1480.48850   59  301 4.0000e+10 1420.20242   100%  50.2 1355s
 1296682 1097700 1509.79065   70  302 4.0000e+10 1420.25580   100%  50.1 1360s
 1301127 1102274 1483.75299   57  297 4.0000e+10 1420.27766   100%  50.2 1365s
 1313922 1112242 7.4920e+09   74  262 4.0000e+10 1420.32923   100%  50.1 1370s
 1320435 1118301 1.2524e+10   94  292 4.0000e+10 1420.35885   100%  50.1 1375s
 1325869 1122706 5.0596e+08   65  304 4.0000e+10 1420.38172   100%  50.1 1380s
 1336996 1132471 2.8889e+10  145  280 4.0000e+10 1420.43231   100%  50.0 1385s
 1347830 1142092 3.7107e+09   99  294 4.0000e+10 1420.47688   100%  50.0 1390s
 1358406 1151478 1.1785e+10  139  283 4.0000e+10 1420.51812   100%  49.9 1395s
 1366413 1157399 1470.09756   58  315 4.0000e+10 1420.55320   100%  49.9 1400s
 1381068 1171042 1487.41505   70  282 4.0000e+10 1420.61111   100%  49.8 1405s
 1388291 1176626 2.1078e+10  125  294 4.0000e+10 1420.63541   100%  49.8 1410s
 1399585 1187366 2.1462e+09  104  310 4.0000e+10 1420.67566   100%  49.8 1415s
 1411645 1197552 1477.76982   65  292 4.0000e+10 1420.71901   100%  49.7 1420s
 1418039 1202246 1445.81183   50  306 4.0000e+10 1420.73762   100%  49.7 1428s
 1418047 1202267 1456.43938   50  287 4.0000e+10 1420.73762   100%  49.7 1431s
 1424255 1208624 3.2281e+10  154  279 4.0000e+10 1420.76186   100%  49.7 1435s
 1433092 1216353 2.2090e+10  131  272 4.0000e+10 1420.79244   100%  49.7 1440s
 1447393 1227853 1434.58725   47  305 4.0000e+10 1420.83808   100%  49.6 1447s
 1452055 1231957 1.1564e+10   76  302 4.0000e+10 1420.85657   100%  49.6 1450s
 1461965 1240573 3.3918e+10   79  271 4.0000e+10 1420.89610   100%  49.6 1456s
 1472624 1250754 1459.14564   64  301 4.0000e+10 1420.93505   100%  49.5 1460s
 1480512 1257231 1.2879e+10  106  267 4.0000e+10 1420.96801   100%  49.5 1465s
 1492861 1267226 1509.32382   70  296 4.0000e+10 1420.99875   100%  49.5 1471s
 1500141 1274743 1585.45710   78  304 4.0000e+10 1421.02981   100%  49.5 1475s
 1512482 1284638     cutoff  157      4.0000e+10 1421.06996   100%  49.4 1480s
 1522322 1292617 1.4068e+09   66  297 4.0000e+10 1421.10000   100%  49.4 1486s
 1528933 1299208     cutoff  171      4.0000e+10 1421.12027   100%  49.3 1490s
 1540912 1310312 2.4479e+10  143  280 4.0000e+10 1421.15705   100%  49.3 1495s
 1550803 1324302 1477.89370   55  301 4.0000e+10 1421.20116   100%  49.3 1503s
 1560523 1325880 1460.06369   58  312 4.0000e+10 1421.23331   100%  49.2 1506s
 1565694 1331798 1525.14074   51  289 4.0000e+10 1421.25843   100%  49.2 1510s
 1576989 1341171 9.7029e+09  149  289 4.0000e+10 1421.29357   100%  49.2 1515s
 1588447 1351167 1530.89852   63  301 4.0000e+10 1421.33510   100%  49.2 1520s
 1601066 1361100 9585679.02   65  306 4.0000e+10 1421.36782   100%  49.1 1525s
 1613903 1372363 1509.26665   53  311 4.0000e+10 1421.41739   100%  49.1 1531s
 1616991 1376474 1475.39108   57  310 4.0000e+10 1421.43398   100%  49.1 1535s
 1626186 1389772 1.6658e+10   84  277 4.0000e+10 1421.45953   100%  49.0 1541s
 1640408 1396660     cutoff   72      4.0000e+10 1421.51426   100%  49.0 1545s
 1647594 1402088 1.4509e+10  109  292 4.0000e+10 1421.54119   100%  49.0 1551s
 1654077 1407268 1.9761e+09   68  286 4.0000e+10 1421.56295   100%  49.0 1556s
 1664282 1417088 3.8328e+09   70  290 4.0000e+10 1421.60277   100%  48.9 1560s
 1673191 1424898 1.3876e+10  133  277 4.0000e+10 1421.62922   100%  48.9 1565s
 1684221 1433201 1429.36796   54  299 4.0000e+10 1421.66367   100%  48.9 1571s
 1694572 1443279 3.4205e+10  147  301 4.0000e+10 1421.69111   100%  48.9 1575s
 1709546 1456417 1507.87103   74  292 4.0000e+10 1421.73625   100%  48.8 1580s
 1721638 1467046 1545.72810   78  295 4.0000e+10 1421.77359   100%  48.8 1585s
 1728566 1471955 1469.41928   48  308 4.0000e+10 1421.78904   100%  48.8 1591s
 1739381 1482525 4.3492e+08   75  291 4.0000e+10 1421.81739   100%  48.7 1595s
 1749884 1491636 1.1570e+09   63  291 4.0000e+10 1421.85036   100%  48.7 1600s
 1760147 1501444 1458.88301   59  320 4.0000e+10 1421.87734   100%  48.6 1605s
H1762433 1501973                    3.999995e+10 1421.88227   100%  48.6 1609s
 1762558 1503296 1.1198e+10   77  284 4.0000e+10 1421.88449   100%  48.6 1610s
H1768482 1507351                    3.999995e+10 1421.90311   100%  48.6 1612s
 1773971 1512294 1.6687e+10  121  290 4.0000e+10 1421.92364   100%  48.6 1615s
 1780012 1517139 1475.23775   63  285 4.0000e+10 1421.94061   100%  48.6 1622s
 1783764 1521356 3.6908e+10  154  304 4.0000e+10 1421.94764   100%  48.6 1625s
H1791224 1527889                    3.999995e+10 1421.97212   100%  48.6 1628s
 1795165 1531409 1463.44719   54  314 4.0000e+10 1421.98166   100%  48.5 1630s
 1801827 1536362 1.1994e+09   70  273 4.0000e+10 1422.00281   100%  48.5 1635s
 1811439 1545327 1.5943e+10  118  301 4.0000e+10 1422.02513   100%  48.5 1640s
 1820002 1552690 2.4670e+10  173  278 4.0000e+10 1422.04630   100%  48.5 1645s
 1831826 1562763 2.7263e+09   59  301 4.0000e+10 1422.08348   100%  48.5 1650s
 1843303 1572824 5.4085e+08   60  304 4.0000e+10 1422.11733   100%  48.5 1655s
 1848590 1576484 1438.14187   47  309 4.0000e+10 1422.13338   100%  48.5 1660s
H1848664 1458292                    3.000000e+10 1422.13338   100%  48.5 1660s
 1857086 1466221     cutoff   93      3.0000e+10 1422.15838   100%  48.5 1665s
 1869919 1477296 1484.61108   63  309 3.0000e+10 1422.20792   100%  48.5 1670s
 1879631 1485422 1480.67863   57  303 3.0000e+10 1422.24271   100%  48.5 1675s
H1883994 1486800                    3.000000e+10 1422.25247   100%  48.5 1676s
H1892916 1494495                    2.999998e+10 1422.27902   100%  48.4 1680s
 1901015 1501603 1.1311e+10  105  311 3.0000e+10 1422.30350   100%  48.4 1685s
 1907380 1507941     cutoff  114      3.0000e+10 1422.33325   100%  48.4 1690s
 1919074 1517694 infeasible  102      3.0000e+10 1422.36714   100%  48.4 1695s
 1922089 1519427 2.0612e+10   79  291 3.0000e+10 1422.37926   100%  48.4 1700s
 1935812 1532248 1445.46693   48  309 3.0000e+10 1422.42472   100%  48.4 1705s
 1941338 1536643 1572.31092   65  295 3.0000e+10 1422.44599   100%  48.4 1710s
 1954791 1548743 1501.80992   58  296 3.0000e+10 1422.48411   100%  48.3 1715s
 1964739 1557686 1456.90395   62  307 3.0000e+10 1422.51127   100%  48.3 1720s
 1970139 1567183 1430.33259   42  311 3.0000e+10 1422.52630   100%  48.3 1728s
 1977678 1567357 5.2576e+09   99  309 3.0000e+10 1422.55143   100%  48.3 1730s
 1988781 1577605 2.1372e+10  138  305 3.0000e+10 1422.58005   100%  48.3 1735s
 2000775 1588677 1449.79075   54  317 3.0000e+10 1422.61474   100%  48.3 1740s
 2008263 1594560 5.4626e+09  105  299 3.0000e+10 1422.63754   100%  48.3 1745s
 2021279 1605897 1.0000e+10   54  319 3.0000e+10 1422.67662   100%  48.3 1750s
H2022937 1605949                    2.999998e+10 1422.67902   100%  48.3 1752s
 2024118 1607102 1503.71110   58  278 3.0000e+10 1422.68200   100%  48.2 1755s
 2032897 1614423 1432.81477   52  295 3.0000e+10 1422.70552   100%  48.2 1760s
 2042820 1624014 1.9502e+10  130  287 3.0000e+10 1422.73931   100%  48.2 1765s
 2055894 1634787 1536.59257   51  303 3.0000e+10 1422.78094   100%  48.2 1770s
 2068490 1645278 1478.82166   62  306 3.0000e+10 1422.81620   100%  48.2 1775s
 2077953 1653249 1.1832e+09   87  291 3.0000e+10 1422.84008   100%  48.2 1780s
 2087830 1661937 1.0000e+10   63  310 3.0000e+10 1422.87339   100%  48.2 1785s
 2095803 1667652 1440.90879   53  306 3.0000e+10 1422.89396   100%  48.2 1792s
 2100006 1672810 2.3116e+10   70  258 3.0000e+10 1422.90382   100%  48.2 1795s
 2110505 1681197 9.8949e+08   83  296 3.0000e+10 1422.94140   100%  48.2 1800s
 2119420 1688673 1.4560e+10  154  286 3.0000e+10 1422.96783   100%  48.1 1805s
 2134704 1702010 2.8278e+09   94  269 3.0000e+10 1423.01185   100%  48.1 1810s
 2144402 1710364 1.2103e+09   77  292 3.0000e+10 1423.04145   100%  48.1 1815s
 2153651 1718204 1435.87664   51  308 3.0000e+10 1423.06805   100%  48.1 1820s
 2161781 1724967 2.3582e+10  152  292 3.0000e+10 1423.08858   100%  48.1 1825s
 2173579 1735495 1475.36283   56  301 3.0000e+10 1423.11961   100%  48.0 1830s
 2185091 1745432 5.3155e+09   86  291 3.0000e+10 1423.14499   100%  48.0 1835s
 2190105 1749567 1.1485e+10  109  298 3.0000e+10 1423.15719   100%  48.0 1840s
 2201527 1758573 2.2546e+09   61  312 3.0000e+10 1423.18691   100%  48.0 1845s
 2211395 1767906 1.6003e+10   91  288 3.0000e+10 1423.21175   100%  48.0 1850s
 2223858 1777224 5.7697e+08   82  310 3.0000e+10 1423.24840   100%  48.0 1855s
 2229581 1783674 4.5498e+09   94  297 3.0000e+10 1423.26592   100%  47.9 1860s
 2239712 1791582 3.6610e+09  109  304 3.0000e+10 1423.30499   100%  47.9 1865s
 2250896 1801133 1.3465e+10  114  294 3.0000e+10 1423.33310   100%  47.9 1870s
 2254765 1803689 1.4886e+10   84  289 3.0000e+10 1423.34469   100%  47.9 1875s
 2259667 1809336 1509.49892   57  281 3.0000e+10 1423.36106   100%  47.9 1880s
 2273851 1821385 1.0000e+10   72  306 3.0000e+10 1423.39582   100%  47.9 1885s
 2285649 1831514 3.5675e+09   74  295 3.0000e+10 1423.42779   100%  47.9 1890s
 2296951 1840111 6.1385e+09  136  303 3.0000e+10 1423.45578   100%  47.9 1895s
 2306227 1848317 1531.03971   67  301 3.0000e+10 1423.48319   100%  47.9 1900s
 2314653 1854678 3.5610e+09   79  302 3.0000e+10 1423.51068   100%  47.9 1905s
 2326910 1866324 1.9788e+10  134  290 3.0000e+10 1423.54136   100%  47.9 1910s
H2329662 1868417                    2.999998e+10 1423.55013   100%  47.8 1914s
 2330545 1869242 2.2825e+10   74  300 3.0000e+10 1423.55476   100%  47.8 1915s
 2339196 1877124 5.8610e+09  118  286 3.0000e+10 1423.57836   100%  47.8 1920s
 2353720 1888611 3.9379e+09   91  303 3.0000e+10 1423.62470   100%  47.8 1925s
 2364745 1898196 2.6310e+10  101  287 3.0000e+10 1423.65479   100%  47.8 1931s
 2372336 1905655 1437.44869   51  318 3.0000e+10 1423.67426   100%  47.7 1935s
 2387161 1917599 1.0517e+10  110  285 3.0000e+10 1423.71011   100%  47.7 1940s
 2394210 1923416 1.3711e+10  118  292 3.0000e+10 1423.72895   100%  47.7 1947s
 2398748 1928390 2.1854e+10  121  286 3.0000e+10 1423.74185   100%  47.7 1950s
 2406329 1940469 7.2674e+08   60  305 3.0000e+10 1423.76410   100%  47.7 1957s
 2420687 1947554 1441.30534   47  294 3.0000e+10 1423.79927   100%  47.7 1960s
 2430641 1955117 3.0422e+09  109  292 3.0000e+10 1423.82701   100%  47.7 1965s
 2442263 1964808     cutoff   65      3.0000e+10 1423.85822   100%  47.7 1970s
 2444969 1968190 1425.99403   50  314 3.0000e+10 1423.86521   100%  47.7 1975s
 2455953 1976962 2.1809e+10   67  279 3.0000e+10 1423.89405   100%  47.7 1980s
 2467328 1986531 1.2333e+10  123  303 3.0000e+10 1423.91935   100%  47.6 1985s
 2477925 1996008 1.4682e+10  140  274 3.0000e+10 1423.95259   100%  47.7 1990s
 2487396 2002553 5.9777e+09   97  291 3.0000e+10 1423.97147   100%  47.7 1995s
 2498140 2012923 1.9198e+10   98  284 3.0000e+10 1423.99802   100%  47.6 2000s
 2505644 2019519 1507.76849   61  314 3.0000e+10 1424.01819   100%  47.6 2005s
 2511822 2025315 1554.14827   66  287 3.0000e+10 1424.03246   100%  47.6 2010s
 2522548 2032777 1458.67395   52  297 3.0000e+10 1424.05946   100%  47.6 2015s
 2535525 2044835 1.1203e+10   72  284 3.0000e+10 1424.09576   100%  47.6 2020s
 2542396 2049710 1456.98416   61  290 3.0000e+10 1424.11339   100%  47.6 2025s
 2545305 2053233 1.3766e+09   61  300 3.0000e+10 1424.12020   100%  47.6 2030s
 2557004 2062226 1446.63866   56  303 3.0000e+10 1424.14407   100%  47.6 2035s
 2566692 2071329 4.7094e+09   77  292 3.0000e+10 1424.17068   100%  47.6 2040s
 2577414 2079166 1433.94250   47  313 3.0000e+10 1424.19598   100%  47.6 2046s
 2586932 2088264 4.3256e+08   62  289 3.0000e+10 1424.21913   100%  47.5 2050s
 2600958 2100736 1484.47897   58  307 3.0000e+10 1424.25335   100%  47.5 2055s
 2604949 2103017 1.0533e+10   94  287 3.0000e+10 1424.25881   100%  47.5 2060s
 2614494 2111271 1465.86432   53  303 3.0000e+10 1424.28006   100%  47.5 2065s
 2627921 2121947 2.4328e+09  104  304 3.0000e+10 1424.31402   100%  47.5 2071s
 2634092 2127749 1477.20482   55  305 3.0000e+10 1424.33098   100%  47.5 2075s
 2643697 2136284 2.5101e+10   61  287 3.0000e+10 1424.35959   100%  47.5 2080s
 2654760 2144370 1432.30571   53  316 3.0000e+10 1424.38381   100%  47.5 2087s
 2658485 2148666 1483.66062   61  311 3.0000e+10 1424.39436   100%  47.5 2090s
 2665803 2154738     cutoff  109      3.0000e+10 1424.40907   100%  47.5 2095s
 2679787 2166701 3.9834e+09   73  284 3.0000e+10 1424.44404   100%  47.5 2100s
 2686559 2172231 2.0000e+10   64  284 3.0000e+10 1424.45966   100%  47.5 2105s
 2699786 2183614 1530.06999   67  298 3.0000e+10 1424.49360   100%  47.5 2110s
 2706739 2188874 1573.67439   73  290 3.0000e+10 1424.50855   100%  47.5 2115s
 2720181 2201110 1449.66152   59  309 3.0000e+10 1424.54322   100%  47.5 2120s
 2728287 2207592 2.0000e+10   73  275 3.0000e+10 1424.55955   100%  47.5 2125s
 2738615 2215689 1451.86652   60  306 3.0000e+10 1424.58126   100%  47.5 2130s
 2749177 2225030 2.2336e+09   80  288 3.0000e+10 1424.60941   100%  47.5 2135s
 2753882 2228007 9.7747e+09   89  301 3.0000e+10 1424.61749   100%  47.5 2141s
 2760209 2234521 8.3516e+09  130  309 3.0000e+10 1424.63013   100%  47.5 2145s
 2772211 2244771 6.3622e+09   81  296 3.0000e+10 1424.65562   100%  47.5 2150s
 2784224 2254659 2.3755e+09   92  306 3.0000e+10 1424.68023   100%  47.5 2155s
 2793276 2262324 1447.30652   55  293 3.0000e+10 1424.70315   100%  47.5 2160s
 2804932 2271720 5.1924e+09   95  302 3.0000e+10 1424.72981   100%  47.4 2168s
 2805279 2271826 5.5192e+09   96  298 3.0000e+10 1424.72981   100%  47.4 2170s
 2814425 2280450 1.0613e+10  180  294 3.0000e+10 1424.75190   100%  47.4 2175s
 2826419 2290788 2.9637e+09   70  267 3.0000e+10 1424.78202   100%  47.4 2180s
 2836173 2298705 1438.65575   50  313 3.0000e+10 1424.80209   100%  47.4 2185s
 2847117 2308618 1442.82013   51  314 3.0000e+10 1424.82864   100%  47.4 2190s
 2855743 2320360 1.7224e+10   77  291 3.0000e+10 1424.84491   100%  47.4 2197s
 2867418 2325706 1468.99125   53  301 3.0000e+10 1424.87253   100%  47.4 2200s
 2878186 2333441 1485.98771   64  294 3.0000e+10 1424.89365   100%  47.4 2206s
 2887153 2341776 1464.50891   57  301 3.0000e+10 1424.91628   100%  47.4 2210s
 2889867 2344194 2.1608e+09   88  285 3.0000e+10 1424.92389   100%  47.4 2215s
 2901612 2354229 3.8802e+09   86  281 3.0000e+10 1424.94806   100%  47.4 2220s
 2911316 2362695 1448.64520   52  317 3.0000e+10 1424.96377   100%  47.4 2225s
 2923965 2374056 2.0110e+10  122  286 3.0000e+10 1424.98958   100%  47.4 2230s
 2932600 2381995 1.5434e+10  110  293 3.0000e+10 1425.00805   100%  47.4 2235s
 2944773 2390157 1444.15118   49  304 3.0000e+10 1425.03806   100%  47.4 2241s
 2952997 2398177 1.0572e+10   93  295 3.0000e+10 1425.05650   100%  47.4 2245s
 2960685 2404486 1457.18373   50  309 3.0000e+10 1425.07354   100%  47.4 2250s
 2970163 2412289 2.0000e+10   62  300 3.0000e+10 1425.09652   100%  47.4 2255s
 2972621 2413484 1441.65817   55  316 3.0000e+10 1425.10189   100%  47.4 2260s
 2979573 2420064 1446.91207   65  307 3.0000e+10 1425.12258   100%  47.4 2265s
 2989488 2434080 1507.28873   66  314 3.0000e+10 1425.14213   100%  47.4 2273s
 3002420 2439433 4.9092e+09  100  290 3.0000e+10 1425.17088   100%  47.4 2275s
 3010224 2447071 3.1280e+09  106  293 3.0000e+10 1425.18945   100%  47.4 2280s
 3020293 2460207 1.9695e+09   55  285 3.0000e+10 1425.21196   100%  47.4 2288s
 3030725 2463665 5.1652e+09   83  303 3.0000e+10 1425.23709   100%  47.4 2314s
 3032302 2463672 1474.50302   58  319 3.0000e+10 1425.23914   100%  47.4 2317s
 3037598 2469433 1467.39315   52  295 3.0000e+10 1425.25173   100%  47.4 2320s
 3051455 2480004 2.1087e+10  130  301 3.0000e+10 1425.27613   100%  47.4 2325s
 3062488 2490352 1432.54675   43  302 3.0000e+10 1425.30489   100%  47.4 2330s
 3073817 2500116 1506.66100   74  327 3.0000e+10 1425.32590   100%  47.4 2335s
 3078087 2502476 infeasible   73      3.0000e+10 1425.33547   100%  47.4 2340s
 3084249 2508818 1495.99720   62  286 3.0000e+10 1425.34833   100%  47.4 2345s
 3097091 2518425 1480.99384   61  305 3.0000e+10 1425.37572   100%  47.4 2350s
 3108001 2528862 9.8885e+09   92  292 3.0000e+10 1425.39432   100%  47.4 2355s
 3119339 2538571 1475.78795   56  302 3.0000e+10 1425.41729   100%  47.3 2360s
 3131978 2549128 4.0030e+09  111  286 3.0000e+10 1425.44113   100%  47.3 2366s
 3142047 2558500 9.9098e+09  101  294 3.0000e+10 1425.46125   100%  47.3 2370s
 3153633 2566843 1.9242e+08   70  289 3.0000e+10 1425.48468   100%  47.3 2376s
 3162002 2574383 8.2363e+09  116  288 3.0000e+10 1425.50083   100%  47.3 2380s
 3172028 2582296 6.7157e+09   72  285 3.0000e+10 1425.51873   100%  47.3 2387s
 3178156 2589156 1533.76677   74  294 3.0000e+10 1425.52739   100%  47.3 2390s
 3189811 2598358 infeasible   82      3.0000e+10 1425.54709   100%  47.3 2395s
 3200362 2607448 1526.52192   54  284 3.0000e+10 1425.56708   100%  47.3 2400s
 3210488 2616170 2.9818e+09   99  284 3.0000e+10 1425.58955   100%  47.3 2405s
 3221795 2625036 1482.05023   54  296 3.0000e+10 1425.60499   100%  47.3 2412s
H3221796 2625036                    2.999998e+10 1425.60499   100%  47.3 2412s
 3228864 2632319 1441.79217   49  314 3.0000e+10 1425.62081   100%  47.2 2415s
 3231559 2640067 1518.22014   62  304 3.0000e+10 1425.62576   100%  47.2 2421s
 3248721 2648450 1449.19970   53  305 3.0000e+10 1425.66327   100%  47.2 2425s
 3257703 2656508 2.1545e+10  143  295 3.0000e+10 1425.67947   100%  47.2 2430s
 3263267 2660232 1433.05610   53  327 3.0000e+10 1425.69065   100%  47.2 2435s
 3265736 2663635 9.6606e+08   54  301 3.0000e+10 1425.69775   100%  47.2 2440s
 3279513 2674502 2.0000e+10   56  285 3.0000e+10 1425.72684   100%  47.2 2445s
 3291959 2685531 1565.19412   79  310 3.0000e+10 1425.75301   100%  47.2 2450s
 3302052 2693770 1534.85689   71  264 3.0000e+10 1425.77712   100%  47.2 2455s
 3311350 2701956 1.3254e+10   79  296 3.0000e+10 1425.79769   100%  47.2 2460s
 3321426 2709434 1526.92933   63  292 3.0000e+10 1425.81752   100%  47.2 2465s
 3321543 2709442 1538.98137   64  297 3.0000e+10 1425.81752   100%  47.2 2470s
 3329259 2717231 2.1860e+10  116  269 3.0000e+10 1425.83323   100%  47.2 2475s
 3333904 2720923 1495.32654   63  302 3.0000e+10 1425.84032   100%  47.2 2480s
 3345977 2730872 2.0000e+10   69  291 3.0000e+10 1425.86206   100%  47.2 2485s
 3355918 2739641 2.1831e+10  172  302 3.0000e+10 1425.88001   100%  47.2 2490s
 3366820 2749235 1510.42081   69  291 3.0000e+10 1425.90020   100%  47.2 2495s
 3376475 2756853 2.1186e+10  142  291 3.0000e+10 1425.91998   100%  47.2 2500s
 3384421 2762394 1443.97424   57  290 3.0000e+10 1425.93621   100%  47.2 2505s
 3392073 2770146 1449.26185   55  322 3.0000e+10 1425.95028   100%  47.2 2510s
 3403805 2779067 1506.76461   58  296 3.0000e+10 1425.97006   100%  47.2 2515s
 3416032 2790586 1.3313e+10  119  292 3.0000e+10 1425.98964   100%  47.2 2520s
 3424803 2798086 3.3431e+09   82  297 3.0000e+10 1426.00460   100%  47.2 2525s
 3429121 2800615 1449.20059   50  296 3.0000e+10 1426.01083   100%  47.2 2530s
 3435269 2807245 1486.91142   63  299 3.0000e+10 1426.02418   100%  47.2 2535s
 3450713 2819948 1561.03800   51  290 3.0000e+10 1426.04798   100%  47.1 2540s
 3459976 2827809 1532.68995   67  296 3.0000e+10 1426.06696   100%  47.1 2545s
 3471306 2836731 1477.72207   64  302 3.0000e+10 1426.08384   100%  47.1 2550s
 3482571 2847254 1457.11105   54  283 3.0000e+10 1426.10552   100%  47.1 2555s
 3492247 2855905 1495.79426   62  303 3.0000e+10 1426.12677   100%  47.1 2560s
 3504664 2866185 1548.33443   58  292 3.0000e+10 1426.15062   100%  47.1 2565s
 3516271 2877051 8.4389e+07   73  274 3.0000e+10 1426.17001   100%  47.1 2570s
 3525933 2884851 1444.51336   50  290 3.0000e+10 1426.18603   100%  47.1 2575s
 3532127 2890571 7.4877e+09   75  304 3.0000e+10 1426.19692   100%  47.1 2580s
 3538812 2895723 1.0874e+10   84  273 3.0000e+10 1426.20644   100%  47.1 2585s
 3553367 2908077 4.8741e+09   84  286 3.0000e+10 1426.23373   100%  47.0 2590s
 3561527 2915696 1435.68143   58  291 3.0000e+10 1426.25064   100%  47.0 2595s
 3568923 2921458 5.8990e+09  104  300 3.0000e+10 1426.25983   100%  47.0 2600s
 3576949 2926963 1.0585e+09  103  289 3.0000e+10 1426.27491   100%  47.0 2605s
 3587887 2937298 1.3004e+10   92  296 3.0000e+10 1426.29090   100%  47.0 2610s
 3590542 2945321 2.8701e+10  120  264 3.0000e+10 1426.29562   100%  47.0 2616s
 3608994 2954337 1522.24044   67  289 3.0000e+10 1426.32720   100%  47.0 2622s
 3609026 2954457 1525.02829   66  298 3.0000e+10 1426.32720   100%  47.0 2626s
 3618606 2963667 1559.32950   64  289 3.0000e+10 1426.34977   100%  47.0 2630s
 3631973 2974167 1486.67752   58  305 3.0000e+10 1426.36473   100%  47.0 2636s
 3641944 2983396 1509.81657   72  296 3.0000e+10 1426.38134   100%  47.0 2640s
 3647232 2987634     cutoff  152      3.0000e+10 1426.39070   100%  47.0 2645s
 3662644 3001208 1459.90435   55  331 3.0000e+10 1426.41761   100%  47.0 2650s
 3669578 3007212 1.7376e+10  123  282 3.0000e+10 1426.43035   100%  47.0 2655s
 3683843 3018996 1556.63854   60  292 3.0000e+10 1426.45194   100%  47.0 2660s
 3687396 3021492 1468.37291   58  304 3.0000e+10 1426.45735   100%  47.0 2665s
H3692685 3026002                    2.999998e+10 1426.46778   100%  47.0 2669s
 3692748 3026950 1455.88467   56  318 3.0000e+10 1426.46838   100%  47.0 2670s
 3707869 3039780 1.5470e+10  123  290 3.0000e+10 1426.49330   100%  46.9 2675s
 3718328 3049198 1467.94900   53  304 3.0000e+10 1426.51375   100%  46.9 2680s
H3725023 3053815                    2.999997e+10 1426.52252   100%  46.9 2683s
H3725028 3053815                    2.999997e+10 1426.52252   100%  46.9 2683s
 3727192 3057140 8.4240e+09   85  284 3.0000e+10 1426.52640   100%  46.9 2685s
 3741599 3067957 8.7238e+09  107  309 3.0000e+10 1426.54810   100%  46.9 2691s
 3746684 3072947 1522.43795   56  288 3.0000e+10 1426.55421   100%  46.9 2695s
 3758267 3083084 7.4046e+08   68  293 3.0000e+10 1426.57570   100%  46.9 2700s
 3768757 3091177     cutoff  138      3.0000e+10 1426.59132   100%  46.9 2705s
 3775273 3097199 2.0000e+10   74  290 3.0000e+10 1426.60217   100%  46.9 2710s
 3783525 3105279 1459.17590   55  305 3.0000e+10 1426.61562   100%  46.9 2715s
 3795445 3114836 1528.59788   59  298 3.0000e+10 1426.63709   100%  46.9 2720s
 3805768 3122805 1459.06439   54  308 3.0000e+10 1426.65184   100%  46.8 2727s
 3805859 3123902 1461.63382   56  307 3.0000e+10 1426.65227   100%  46.8 2730s
 3817829 3132628 2.3838e+10   91  275 3.0000e+10 1426.67356   100%  46.9 2735s
 3828314 3142291 1519.67355   59  299 3.0000e+10 1426.69545   100%  46.9 2740s
 3839690 3152659 1452.12852   47  282 3.0000e+10 1426.71583   100%  46.9 2745s
 3849841 3161179 1519.37902   51  281 3.0000e+10 1426.73532   100%  46.8 2750s
 3860190 3169766 1446.05396   58  309 3.0000e+10 1426.75391   100%  46.8 2755s
 3872253 3179381 3.3322e+09   85  273 3.0000e+10 1426.77903   100%  46.8 2760s
 3879748 3186721 1452.71413   52  314 3.0000e+10 1426.79309   100%  46.8 2765s
 3891693 3195741 1.5043e+10  124  309 3.0000e+10 1426.81560   100%  46.8 2771s
 3896703 3201563 4.5768e+09   84  293 3.0000e+10 1426.82448   100%  46.8 2775s
 3906298 3209149 1443.66037   54  301 3.0000e+10 1426.84058   100%  46.8 2780s
 3913766 3214547 1470.77268   64  293 3.0000e+10 1426.85138   100%  46.8 2785s
 3920317 3219658 1428.84366   47  325 3.0000e+10 1426.86207   100%  46.9 2790s
 3920633 3226368 1438.29645   48  320 3.0000e+10 1426.86216   100%  46.9 2796s
 3934524 3232970 2.0211e+09   76  285 3.0000e+10 1426.88518   100%  46.9 2800s
 3943123 3238397 2.8309e+10   81  286 3.0000e+10 1426.89851   100%  46.9 2805s
 3952373 3247517 1.2721e+10  101  289 3.0000e+10 1426.91177   100%  46.9 2810s
 3961404 3253773 6.5613e+09   89  274 3.0000e+10 1426.92789   100%  46.9 2815s
 3969181 3260495 2.7025e+10  145  287 3.0000e+10 1426.93965   100%  46.9 2822s
 3971547 3263554 6.2644e+09   64  276 3.0000e+10 1426.94560   100%  46.9 2825s
 3982807 3272281 1.2256e+10   66  301 3.0000e+10 1426.96128   100%  46.9 2830s
 3992243 3280151 5.2994e+08   62  297 3.0000e+10 1426.97697   100%  46.9 2835s
 3999334 3286758 1.0428e+10   60  315 3.0000e+10 1426.98767   100%  46.9 2840s
 4006715 3292067 1449.01799   52  305 3.0000e+10 1426.99907   100%  46.9 2845s
 4016922 3299704 1476.58558   57  316 3.0000e+10 1427.01921   100%  46.9 2851s
 4025668 3308068 1507.66285   59  289 3.0000e+10 1427.03172   100%  46.9 2855s
 4036391 3317735 1.7908e+10  119  287 3.0000e+10 1427.04687   100%  46.9 2860s
 4042377 3322745     cutoff  120      3.0000e+10 1427.05552   100%  46.9 2865s
 4053587 3332029 1566.34340   55  282 3.0000e+10 1427.07184   100%  46.9 2870s
 4058283 3339826 1495.16689   65  307 3.0000e+10 1427.07958   100%  46.9 2875s
 4068281 3344743 4.9734e+09   83  286 3.0000e+10 1427.09513   100%  46.9 2880s
 4069774 3344972 6.3718e+08   69  298 3.0000e+10 1427.09666   100%  46.9 2885s
 4080545 3354348 1466.43881   53  299 3.0000e+10 1427.10901   100%  46.9 2890s
 4088837 3361211 1522.74368   59  294 3.0000e+10 1427.12522   100%  46.9 2895s
 4099254 3370942 2.3179e+10  115  297 3.0000e+10 1427.13799   100%  46.9 2900s
 4109081 3379524 8.8828e+08   69  305 3.0000e+10 1427.15786   100%  46.9 2905s
 4120241 3388297 1.7267e+10   80  306 3.0000e+10 1427.17182   100%  46.9 2910s
 4130760 3397414     cutoff  164      3.0000e+10 1427.18986   100%  46.9 2915s
 4139464 3404891 1535.27849   63  309 3.0000e+10 1427.20665   100%  46.8 2920s
 4153164 3416317 1545.21529   50  309 3.0000e+10 1427.23040   100%  46.8 2925s
 4163139 3425612 1477.15708   60  303 3.0000e+10 1427.24676   100%  46.8 2931s
 4172739 3432352 9.7544e+09  125  276 3.0000e+10 1427.26393   100%  46.8 2937s
 4172997 3433403 9.9164e+09  126  279 3.0000e+10 1427.26419   100%  46.8 3852s
 4179247 3438824 6.9280e+09   78  288 3.0000e+10 1427.27125   100%  46.8 3855s
 4188368 3446068 3.3630e+09   56  291 3.0000e+10 1427.28396   100%  46.8 3860s
 4202886 3459312 2.1029e+10  127  286 3.0000e+10 1427.30466   100%  46.8 3865s
 4213443 3468072 5.9761e+09   77  316 3.0000e+10 1427.31876   100%  46.8 3870s
 4222642 3477037 1491.49951   59  286 3.0000e+10 1427.33038   100%  46.8 3875s
 4236757 3487394 2.0000e+10   68  293 3.0000e+10 1427.35251   100%  46.8 3883s
 4238901 3490857 1545.04639   64  279 3.0000e+10 1427.35745   100%  46.8 3885s
 4249645 3499665 1.8268e+10  111  271 3.0000e+10 1427.37304   100%  46.7 3890s
 4256141 3505448 1562.20744   69  287 3.0000e+10 1427.38412   100%  46.7 3895s
 4259879 3508836 1.0966e+10   89  280 3.0000e+10 1427.38662   100%  46.7 4003s
 4262384 3510882 1521.08247   68  303 3.0000e+10 1427.39037   100%  46.7 4005s
 4275712 3521521 1439.25853   54  305 3.0000e+10 1427.41009   100%  46.7 4010s
 4284349 3529676 1.0190e+10   96  289 3.0000e+10 1427.42296   100%  46.7 4015s
 4296002 3538011 1.3931e+09   82  307 3.0000e+10 1427.44140   100%  46.7 4021s
 4301863 3543555     cutoff   80      3.0000e+10 1427.45211   100%  46.7 4025s
 4315297 3554609 1506.38278   68  293 3.0000e+10 1427.47130   100%  46.7 4032s
 4315842 3554823 1500.92197   68  288 3.0000e+10 1427.47130   100%  46.7 4035s
 4328600 3566963 4.0619e+09  118  275 3.0000e+10 1427.48817   100%  46.7 4040s
 4341205 3576408 1446.68546   47  303 3.0000e+10 1427.51067   100%  46.7 4045s
 4353579 3587835 5.3229e+09   65  281 3.0000e+10 1427.52616   100%  46.7 4050s
 4359687 3599193 1445.97010   55  299 3.0000e+10 1427.53321   100%  46.7 4057s
 4367695 3599204 2.0496e+10  175  242 3.0000e+10 1427.54238   100%  46.7 4060s
 4374700 3610707     cutoff   68      3.0000e+10 1427.55226   100%  46.7 4066s
 4389440 3618978 8.3195e+08   58  306 3.0000e+10 1427.57236   100%  46.7 4070s
 4401980 3629856 2.4113e+10  159  299 3.0000e+10 1427.59064   100%  46.7 4075s
 4412865 3637867 1.6831e+10  114  289 3.0000e+10 1427.60830   100%  46.7 4080s
 4425254 3649439 4.4583e+08   76  300 3.0000e+10 1427.62660   100%  46.6 4085s
 4431823 3655254 1.5386e+10  142  279 3.0000e+10 1427.63517   100%  46.6 4090s
 4445563 3666567 1.0000e+10   72  281 3.0000e+10 1427.65679   100%  46.6 4095s
 4456663 3676237 1437.26650   51  297 3.0000e+10 1427.66915   100%  46.6 4100s
 4460147 3678166 1491.99415   77  297 3.0000e+10 1427.67463   100%  46.6 4105s
 4466342 3684430 1.7626e+10  130  294 3.0000e+10 1427.68394   100%  46.6 4110s
 4478071 3694803 2.2917e+09   99  318 3.0000e+10 1427.69778   100%  46.6 4115s
 4491236 3705360     cutoff  153      3.0000e+10 1427.71260   100%  46.6 4120s
 4502851 3715716 1.1793e+10  106  278 3.0000e+10 1427.72884   100%  46.6 4125s
 4514152 3724948 1504.34148   65  307 3.0000e+10 1427.74512   100%  46.6 4130s
 4525055 3735773 7.5062e+09  134  283 3.0000e+10 1427.75763   100%  46.6 4135s
 4536146 3743730 1486.32937   65  302 3.0000e+10 1427.77687   100%  46.6 4140s
 4546018 3751906 1.1904e+10   65  297 3.0000e+10 1427.79420   100%  46.6 4145s
 4551470 3756802 1441.39207   52  304 3.0000e+10 1427.80203   100%  46.6 4150s
 4560945 3764716 1512.12388   62  303 3.0000e+10 1427.81471   100%  46.6 4155s
 4573078 3775173 7.3239e+09  100  305 3.0000e+10 1427.83013   100%  46.6 4160s
 4585417 3784440 1446.77701   50  314 3.0000e+10 1427.84929   100%  46.6 4167s
 4591725 3790068 1464.90049   61  320 3.0000e+10 1427.85893   100%  46.6 4170s
 4606550 3802203 1.8781e+10  129  270 3.0000e+10 1427.88084   100%  46.6 4178s
 4610388 3806669 1480.05737   61  323 3.0000e+10 1427.88948   100%  46.6 4180s
 4624463 3818264 2.3237e+10   60  306 3.0000e+10 1427.90675   100%  46.6 4185s
 4634308 3827009 1521.57044   63  298 3.0000e+10 1427.92040   100%  46.6 4190s
 4646421 3836476 1433.31099   49  311 3.0000e+10 1427.93282   100%  46.6 4195s
 4657979 3847275 1482.01545   64  287 3.0000e+10 1427.95283   100%  46.6 4200s
 4659466 3854180 6.0754e+08   79  304 3.0000e+10 1427.95489   100%  46.6 4205s
 4673870 3866455 1485.57531   61  304 3.0000e+10 1427.97293   100%  46.6 4211s
 4682575 3867584 1482.40309   61  296 3.0000e+10 1427.98617   100%  46.6 4215s
 4696032 3879950 8.6494e+09   75  297 3.0000e+10 1428.00552   100%  46.6 4220s
 4699015 3881255 9.8693e+09  103  292 3.0000e+10 1428.00900   100%  46.5 4226s
 4707133 3889193 1501.10032   64  301 3.0000e+10 1428.01991   100%  46.5 4230s
 4718455 3898997 1.1386e+09   66  273 3.0000e+10 1428.03428   100%  46.5 4235s
 4730469 3909737 1.7562e+09   94  292 3.0000e+10 1428.05018   100%  46.5 4240s
 4742737 3919572 1.5978e+10  106  294 3.0000e+10 1428.06289   100%  46.5 4245s
 4753827 3929055 1463.79984   62  308 3.0000e+10 1428.07896   100%  46.5 4250s
 4763415 3941580 1543.08698   63  310 3.0000e+10 1428.09180   100%  46.5 4256s
 4773198 3944607 infeasible   68      3.0000e+10 1428.10341   100%  46.5 4260s
 4785722 3956231 1.2988e+10  105  299 3.0000e+10 1428.11929   100%  46.5 4265s
 4796152 3965520 3.9727e+08   72  303 3.0000e+10 1428.13234   100%  46.5 4270s
 4804016 3970950 2.0812e+09   97  292 3.0000e+10 1428.14040   100%  46.5 4275s
 4813687 3979049 1530.14667   63  301 3.0000e+10 1428.15401   100%  46.5 4280s
 4824687 3990519 1.6444e+10  128  283 3.0000e+10 1428.16738   100%  46.5 4285s
 4830009 3993099 1456.63190   47  296 3.0000e+10 1428.17502   100%  46.5 4291s
 4836723 3999691 1534.87785   84  292 3.0000e+10 1428.18116   100%  46.5 4295s
 4850615 4011084 1.8293e+10  127  304 3.0000e+10 1428.20173   100%  46.5 4300s
 4861489 4020776 1483.66165   60  302 3.0000e+10 1428.21411   100%  46.5 4305s
 4868543 4032594 1.5160e+10  153  262 3.0000e+10 1428.22366   100%  46.5 4313s
 4881052 4036894 2.1916e+10   63  278 3.0000e+10 1428.24142   100%  46.5 4317s
 4882644 4038395 3.9554e+09   92  294 3.0000e+10 1428.24367   100%  46.5 4320s
 4897060 4049510 1.1026e+09   76  293 3.0000e+10 1428.26473   100%  46.5 4327s
 4901857 4054891 2.0647e+10   70  296 3.0000e+10 1428.27136   100%  46.5 4330s
 4913434 4063071 5.6889e+09   77  288 3.0000e+10 1428.28878   100%  46.5 4336s
 4921074 4071069 1465.81141   66  299 3.0000e+10 1428.29778   100%  46.5 4341s
 4930516 4079199 1447.94443   57  316 3.0000e+10 1428.30991   100%  46.5 4345s
 4940766 4087653 1513.69258   56  316 3.0000e+10 1428.32537   100%  46.5 4350s
 4952223 4096976 1554.01972   62  291 3.0000e+10 1428.33945   100%  46.5 4355s
 4962667 4105790 1499.39224   60  307 3.0000e+10 1428.34883   100%  46.5 4360s
 4974806 4116441 1493.06682   67  299 3.0000e+10 1428.36249   100%  46.5 4365s
 4986250 4126081 1525.23817   67  294 3.0000e+10 1428.37934   100%  46.5 4370s
 4991854 4129716 1.0840e+10   62  283 3.0000e+10 1428.38635   100%  46.5 4376s
 4995626 4133890 1472.34715   57  295 3.0000e+10 1428.39286   100%  46.5 4380s
 5008881 4145280 1485.71477   58  286 3.0000e+10 1428.41065   100%  46.5 4385s
 5020037 4160555 1447.23568   50  308 3.0000e+10 1428.42401   100%  46.4 4393s
 5030016 4163531 1535.16051   64  296 3.0000e+10 1428.43677   100%  46.4 4395s
 5038937 4170675 1434.18000   49  298 3.0000e+10 1428.44890   100%  46.4 4400s
 5053594 4183703 1458.60797   57  314 3.0000e+10 1428.46635   100%  46.4 4405s
 5055080 4183739 8.2049e+08   75  291 3.0000e+10 1428.46862   100%  46.4 4410s
 5064901 4193450 3.6385e+09  141  292 3.0000e+10 1428.48001   100%  46.4 4415s
 5074135 4201035 2.1066e+10  111  316 3.0000e+10 1428.49156   100%  46.4 4420s
 5083353 4208871 8.5076e+09  112  305 3.0000e+10 1428.50691   100%  46.4 4425s
 5097204 4220512 1507.01955   78  301 3.0000e+10 1428.52544   100%  46.4 4430s
 5103253 4225978 1.8016e+10  142  286 3.0000e+10 1428.53249   100%  46.4 4435s
 5115777 4236432 1508.98499   59  281 3.0000e+10 1428.54795   100%  46.4 4440s
 5127184 4245608 1467.24279   53  308 3.0000e+10 1428.56250   100%  46.4 4445s
 5129727 4247935     cutoff  136      3.0000e+10 1428.56504   100%  46.4 4450s
 5140541 4257962 1454.43853   64  286 3.0000e+10 1428.58129   100%  46.4 4455s
 5151632 4267122 1552.46093   60  279 3.0000e+10 1428.59565   100%  46.4 4460s
 5163053 4275838 1504.37723   59  318 3.0000e+10 1428.60916   100%  46.4 4465s
 5171464 4284535 1.3032e+09   62  295 3.0000e+10 1428.61749   100%  46.4 4470s
 5180192 4290384 2.4384e+10   61  290 3.0000e+10 1428.62958   100%  46.4 4475s
 5190896 4299844 4.3787e+09   73  292 3.0000e+10 1428.64020   100%  46.4 4480s
 5192107 4299964 2.6472e+10  137  304 3.0000e+10 1428.64223   100%  46.4 4485s
 5200459 4308463 1483.89623   57  291 3.0000e+10 1428.65244   100%  46.4 4490s
 5210616 4315787 2.0000e+10   95  278 3.0000e+10 1428.66580   100%  46.4 4495s
 5222123 4326384 1469.74245   73  299 3.0000e+10 1428.67770   100%  46.4 4500s
 5234150 4335601 2.8522e+09  113  304 3.0000e+10 1428.69334   100%  46.4 4505s
 5243863 4345314 1464.16212   59  297 3.0000e+10 1428.70470   100%  46.4 4511s
 5253729 4353559 1.4989e+10  151  312 3.0000e+10 1428.71599   100%  46.4 4515s
 5266989 4363522 6.8825e+09   76  239 3.0000e+10 1428.73243   100%  46.4 4520s
 5275201 4371662 1516.17026   73  314 3.0000e+10 1428.74419   100%  46.4 4525s
 5286475 4380580 1.7572e+10  136  259 3.0000e+10 1428.75690   100%  46.4 4530s
 5296163 4388134 1.5913e+10   81  272 3.0000e+10 1428.77009   100%  46.4 4535s
 5301808 4394158 1447.14044   60  302 3.0000e+10 1428.77633   100%  46.4 4540s
 5311294 4401836 1433.72695   52  308 3.0000e+10 1428.78569   100%  46.3 4545s
 5324942 4413689 1472.80492   56  287 3.0000e+10 1428.80340   100%  46.3 4550s
 5333732 4420711 5.3122e+08   57  294 3.0000e+10 1428.81627   100%  46.3 4555s
 5345834 4431391 1.5644e+09   75  301 3.0000e+10 1428.83256   100%  46.3 4560s
 5348474 4433311 1.3679e+09   74  286 3.0000e+10 1428.83526   100%  46.3 4565s
H5355356 4438323                    2.999997e+10 1428.84214   100%  46.3 4570s
 5364672 4446304 1454.99559   55  287 3.0000e+10 1428.85348   100%  46.3 4575s
 5377824 4459166 1.4685e+10  110  253 3.0000e+10 1428.86681   100%  46.3 4580s
 5388150 4467373 1472.02899   68  307 3.0000e+10 1428.87949   100%  46.3 4585s
 5398468 4475930     cutoff   57      3.0000e+10 1428.89196   100%  46.3 4590s
 5403202 4480312 3.2419e+09  103  287 3.0000e+10 1428.89994   100%  46.3 4595s
 5407902 4489814 8.0628e+09  141  304 3.0000e+10 1428.90397   100%  46.3 4600s
 5421733 4495230 1572.87848   65  292 3.0000e+10 1428.91912   100%  46.3 4605s
 5433626 4504841 1466.28195   55  326 3.0000e+10 1428.93456   100%  46.3 4612s
 5433634 4504849 1466.59703   56  328 3.0000e+10 1428.93456   100%  46.3 4615s
 5435192 4506143 1.7248e+09   68  272 3.0000e+10 1428.93642   100%  46.3 4620s
 5440709 4511936 4.2632e+08   64  285 3.0000e+10 1428.94278   100%  46.3 4778s
 5444673 4514854     cutoff  109      3.0000e+10 1428.94988   100%  46.3 4780s
 5458101 4525749 1539.86686   72  302 3.0000e+10 1428.96441   100%  46.3 4785s
 5468715 4534927 1433.42088   55  304 3.0000e+10 1428.97678   100%  46.3 4792s
 5474795 4541096 7.2653e+09  104  285 3.0000e+10 1428.98399   100%  46.3 4795s
 5490363 4553795 1536.89881   61  304 3.0000e+10 1429.00141   100%  46.3 4800s
 5500671 4562496 1.8055e+10  159  295 3.0000e+10 1429.01443   100%  46.3 4805s
 5509791 4570352 1.6231e+09   79  283 3.0000e+10 1429.02615   100%  46.3 4810s
 5518835 4577029 9.3467e+09   87  298 3.0000e+10 1429.03726   100%  46.3 4815s
H5518916 4577029                    2.999997e+10 1429.03726   100%  46.3 4816s
 5528091 4586363 2.2913e+10  114  286 3.0000e+10 1429.04708   100%  46.3 4820s
 5532867 4590018 2.1810e+09   92  282 3.0000e+10 1429.05296   100%  46.3 4825s
 5547132 4602047 1.3356e+10  134  281 3.0000e+10 1429.06863   100%  46.3 4830s
 5557595 4611366 1548.68950   65  305 3.0000e+10 1429.07999   100%  46.3 4835s
 5566660 4618635 1562.78942   56  297 3.0000e+10 1429.09029   100%  46.3 4840s
 5579193 4628018 1462.22668   60  300 3.0000e+10 1429.10664   100%  46.3 4845s
 5583285 4632823 1459.42199   55  298 3.0000e+10 1429.11129   100%  46.3 4850s
 5595837 4643063 5.0531e+09   87  278 3.0000e+10 1429.12454   100%  46.3 4855s
 5606195 4651718 1.0774e+10  101  296 3.0000e+10 1429.13830   100%  46.3 4860s
 5616572 4661293 1452.62427   56  320 3.0000e+10 1429.14873   100%  46.3 4865s
 5625019 4667764 1.7668e+10  133  276 3.0000e+10 1429.15726   100%  46.3 4870s
 5636933 4678147 1431.11800   55  308 3.0000e+10 1429.17232   100%  46.3 4875s
 5646211 4686296 1.4820e+10   85  274 3.0000e+10 1429.18109   100%  46.3 4880s
 5658245 4695926 1499.59521   73  304 3.0000e+10 1429.19551   100%  46.3 4887s
 5664529 4702267 3.9088e+08   86  310 3.0000e+10 1429.20186   100%  46.3 4890s
 5675441 4710090 2.2412e+10  129  306 3.0000e+10 1429.21647   100%  46.3 4895s
 5685928 4718940     cutoff  134      3.0000e+10 1429.22724   100%  46.3 4901s
 5690872 4723984 1469.67703   59  299 3.0000e+10 1429.23395   100%  46.3 4905s
 5702973 4734625 1.5478e+10   98  285 3.0000e+10 1429.24916   100%  46.2 4910s
 5714818 4745114 9.6054e+07   65  309 3.0000e+10 1429.26345   100%  46.2 4915s
 5721217 4749357 1486.82520   60  296 3.0000e+10 1429.27151   100%  46.2 4920s
 5731922 4758476 1445.60557   51  307 3.0000e+10 1429.28557   100%  46.2 4925s
 5741665 4766845 1.6694e+10   99  283 3.0000e+10 1429.29388   100%  46.2 4930s
 5752736 4776115 1.0284e+10  113  282 3.0000e+10 1429.30895   100%  46.2 4935s
 5763823 4785617 1444.24099   53  311 3.0000e+10 1429.32231   100%  46.2 4940s
 5773522 4794294 1.4206e+09   69  290 3.0000e+10 1429.33178   100%  46.2 4945s
 5779045 4798335     cutoff  148      3.0000e+10 1429.34025   100%  46.2 4950s
 5789396 4808454 1459.75978   50  305 3.0000e+10 1429.34950   100%  46.2 4956s
 5798981 4816683 1500.83799   73  300 3.0000e+10 1429.35866   100%  46.2 4960s
 5810574 4826536 infeasible  126      3.0000e+10 1429.37195   100%  46.2 4965s
 5820949 4833839 1508.59836   64  292 3.0000e+10 1429.38186   100%  46.2 4970s
 5830906 4841794 1482.39783   52  305 3.0000e+10 1429.39372   100%  46.2 4976s
 5840936 4850382 2.2188e+10   99  270 3.0000e+10 1429.40252   100%  46.2 4982s
 5841052 4851189 2.3283e+10  101  274 3.0000e+10 1429.40266   100%  46.2 4985s
 5854341 4862848 1.1932e+10   98  289 3.0000e+10 1429.41816   100%  46.2 4990s
 5866034 4872866 4.1847e+08   82  290 3.0000e+10 1429.43189   100%  46.2 4995s
 5878697 4883836 1545.07064   67  293 3.0000e+10 1429.44605   100%  46.2 5000s
 5889419 4891732 1464.42304   58  309 3.0000e+10 1429.45977   100%  46.2 5008s
 5893197 4895735 2.1278e+09   76  301 3.0000e+10 1429.46428   100%  46.2 5010s
 5902580 4904758 4.7358e+08   89  303 3.0000e+10 1429.47536   100%  46.2 5015s
 5914414 4914042 2.5960e+10  148  283 3.0000e+10 1429.48789   100%  46.2 5020s
 5926794 4924016 1585.79921   83  294 3.0000e+10 1429.50274   100%  46.2 5026s
 5937274 4933331 2.0822e+10  121  302 3.0000e+10 1429.51517   100%  46.2 5030s
 5945235 4939935 1465.38452   53  308 3.0000e+10 1429.52438   100%  46.2 5035s
 5951304 4945353 1458.29698   50  315 3.0000e+10 1429.53143   100%  46.2 5040s
 5962872 4954690 1479.27318   60  296 3.0000e+10 1429.54205   100%  46.2 5045s
 5972115 4962595 8.1388e+09  110  295 3.0000e+10 1429.55202   100%  46.2 5052s
 5973014 4963448 1.0494e+10  130  297 3.0000e+10 1429.55224   100%  46.2 5055s
 5985041 4973540 1.0692e+09   75  311 3.0000e+10 1429.56544   100%  46.2 5060s
 5994296 4986885 1446.53581   54  304 3.0000e+10 1429.57386   100%  46.2 5068s
 6007522 4992578 1492.31457   61  298 3.0000e+10 1429.58823   100%  46.2 5070s
 6015684 4999065 1512.80744   66  281 3.0000e+10 1429.59697   100%  46.2 5075s
 6026895 5008019 1596.56729   84  284 3.0000e+10 1429.60585   100%  46.2 5080s
 6038172 5017763 4.4773e+09  118  287 3.0000e+10 1429.61834   100%  46.2 5087s
 6044522 5024502 1439.18525   53  323 3.0000e+10 1429.62539   100%  46.2 5090s
 6052972 5031397 8.4193e+08   75  311 3.0000e+10 1429.63463   100%  46.2 5095s
 6062610 5038648 1556.90889   79  308 3.0000e+10 1429.64461   100%  46.2 5102s
 6069884 5046628 1.1375e+09   84  289 3.0000e+10 1429.65321   100%  46.2 5105s
 6083716 5057691 1445.62711   46  317 3.0000e+10 1429.66661   100%  46.2 5110s
 6092355 5064811 1572.31246   83  289 3.0000e+10 1429.67568   100%  46.2 5115s
 6099597 5070738 2.6092e+10  126  285 3.0000e+10 1429.68245   100%  46.2 5120s
 6108126 5077718 1459.97116   53  294 3.0000e+10 1429.69044   100%  46.2 5126s
 6116656 5085719 1527.23635   67  310 3.0000e+10 1429.69935   100%  46.2 5130s
 6130920 5097284 1516.41192   63  289 3.0000e+10 1429.71257   100%  46.2 5137s
 6137299 5103827 1490.33073   68  297 3.0000e+10 1429.71818   100%  46.2 5140s
 6150067 5113502 1538.28986   63  295 3.0000e+10 1429.73093   100%  46.2 5145s
 6151170 5114938 1.6125e+10   65  278 3.0000e+10 1429.73210   100%  46.2 5150s
 6157705 5121186 2.1610e+10  136  282 3.0000e+10 1429.73929   100%  46.2 5155s
 6170925 5132118 2.5418e+10  119  300 3.0000e+10 1429.75221   100%  46.2 5160s
 6181771 5140752 8.0498e+09   91  284 3.0000e+10 1429.76270   100%  46.2 5165s
 6192058 5149450 1461.45410   56  291 3.0000e+10 1429.77222   100%  46.2 5170s
 6203503 5159269 1432.69328   53  317 3.0000e+10 1429.78188   100%  46.2 5175s
 6212594 5165969 1.1580e+10  123  304 3.0000e+10 1429.79247   100%  46.2 5180s
 6225181 5176978 5.1705e+09  104  292 3.0000e+10 1429.80800   100%  46.2 5185s
 6235519 5185050 1.2874e+10   87  282 3.0000e+10 1429.81926   100%  46.2 5190s
 6247692 5196788 3.0638e+09   93  286 3.0000e+10 1429.83220   100%  46.1 5195s
 6253738 5202014 1538.76888   74  305 3.0000e+10 1429.83768   100%  46.1 5202s
 6255183 5205821 2.2460e+09   59  310 3.0000e+10 1429.84097   100%  46.1 5205s
 6266482 5213035 1588.64738   63  302 3.0000e+10 1429.85098   100%  46.1 5210s
 6279099 5222939 1445.79513   56  293 3.0000e+10 1429.86546   100%  46.1 5215s
 6291885 5232899 2.1696e+10  140  287 3.0000e+10 1429.87825   100%  46.1 5220s
 6302134 5242854 1.1284e+09   76  291 3.0000e+10 1429.89105   100%  46.1 5225s
 6308963 5248217 1446.95755   53  281 3.0000e+10 1429.90004   100%  46.1 5230s
 6323164 5260103     cutoff  109      3.0000e+10 1429.91386   100%  46.1 5235s
 6328184 5264677 1530.12962   64  300 3.0000e+10 1429.91911   100%  46.1 5240s
 6340879 5275344 1479.51119   61  320 3.0000e+10 1429.93334   100%  46.1 5245s
 6349086 5282346 1.0000e+10   67  295 3.0000e+10 1429.94203   100%  46.1 5250s
 6359096 5291431 1.5564e+09   87  294 3.0000e+10 1429.95104   100%  46.1 5255s
 6369468 5300328 1.9722e+10  119  262 3.0000e+10 1429.96351   100%  46.1 5260s
 6377852 5306155 2.0899e+10  133  260 3.0000e+10 1429.97123   100%  46.1 5265s
 6387471 5315219 4.8897e+09   84  301 3.0000e+10 1429.98113   100%  46.1 5270s
 6397339 5322893 4.4990e+08   74  297 3.0000e+10 1429.99010   100%  46.1 5275s
 6408227 5332063 9.3413e+09   94  313 3.0000e+10 1430.00158   100%  46.1 5282s
 6408235 5332071 9.3799e+09   95  309 3.0000e+10 1430.00158   100%  46.1 5285s
 6419410 5342712 3.3704e+09   85  283 3.0000e+10 1430.01426   100%  46.1 5290s
 6428833 5351156 2.2506e+10   98  283 3.0000e+10 1430.02303   100%  46.1 5295s
 6442508 5362175 5.4854e+09   91  288 3.0000e+10 1430.03571   100%  46.1 5300s
 6452614 5369779 6.7201e+09   99  249 3.0000e+10 1430.04578   100%  46.1 5307s
 6458785 5376462 1459.70891   56  309 3.0000e+10 1430.05348   100%  46.1 5310s
 6473031 5388459 5.6808e+08   78  286 3.0000e+10 1430.06572   100%  46.1 5315s
 6476737 5390498 1503.52230   59  288 3.0000e+10 1430.06813   100%  46.1 5320s
 6489112 5400949 1514.83335   72  299 3.0000e+10 1430.08375   100%  46.1 5325s
 6499705 5410029 1496.02258   66  288 3.0000e+10 1430.09374   100%  46.1 5330s
 6509672 5419903 1459.66626   60  288 3.0000e+10 1430.10452   100%  46.1 5335s
 6521919 5430039 1468.79226   56  305 3.0000e+10 1430.11550   100%  46.1 5340s
 6527555 5433888 1.1718e+09   61  261 3.0000e+10 1430.12002   100%  46.1 5346s
 6535594 5440725 1.1783e+10  116  297 3.0000e+10 1430.12943   100%  46.1 5352s
 6543609 5448512 1.4055e+10  104  303 3.0000e+10 1430.13849   100%  46.1 5355s
 6556827 5460409 3.5636e+09   85  302 3.0000e+10 1430.15283   100%  46.1 5362s
 6564583 5467279 1516.89492   68  314 3.0000e+10 1430.16025   100%  46.1 5365s
 6578009 5477423 1.0000e+10   59  269 3.0000e+10 1430.17466   100%  46.0 5370s
 6589419 5487148 1454.71382   51  289 3.0000e+10 1430.18574   100%  46.0 5375s
 6598872 5496934 1.8515e+10  136  282 3.0000e+10 1430.19527   100%  46.0 5380s
 6603083 5499841 1444.06191   52  307 3.0000e+10 1430.19912   100%  46.0 5385s
 6613800 5509904 1465.45781   57  289 3.0000e+10 1430.21006   100%  46.0 5390s
 6622763 5516666     cutoff   73      3.0000e+10 1430.22100   100%  46.0 6323s
 6623832 5517760 1484.72087   65  298 3.0000e+10 1430.22174   100%  46.0 6325s
 6632357 5524821 2.8979e+10  121  271 3.0000e+10 1430.23228   100%  46.0 6330s
 6645311 5535894     cutoff  154      3.0000e+10 1430.24638   100%  46.0 6335s
 6649579 5538766 1.0284e+10   98  291 3.0000e+10 1430.25073   100%  46.0 6340s
 6661587 5549614     cutoff  137      3.0000e+10 1430.26344   100%  46.0 6345s
 6672049 5557643 2.0889e+10  130  291 3.0000e+10 1430.27237   100%  46.0 6350s
 6680661 5565700 1.6828e+10   97  280 3.0000e+10 1430.28099   100%  46.0 6355s
 6691289 5574330 1502.10812   62  318 3.0000e+10 1430.29179   100%  46.0 6361s
 6697504 5580240 1.0536e+10  114  312 3.0000e+10 1430.29768   100%  46.0 6365s
 6708019 5587828 1557.03628   69  294 3.0000e+10 1430.30916   100%  46.0 6370s
 6715185 5593990 9.8610e+09   89  286 3.0000e+10 1430.31468   100%  46.0 6375s
 6724034 5602396 2.0658e+10  135  275 3.0000e+10 1430.32369   100%  46.0 6380s
 6733491 5611039 1.6448e+10  104  308 3.0000e+10 1430.33295   100%  46.0 6385s
 6746600 5621736 1474.16543   59  302 3.0000e+10 1430.34611   100%  46.0 6390s
 6759602 5632355 1515.17791   65  316 3.0000e+10 1430.35725   100%  46.0 6395s
 6765962 5638206 1491.62518   68  298 3.0000e+10 1430.36422   100%  46.0 6400s
 6773759 5644829 1520.54400   57  280 3.0000e+10 1430.37197   100%  46.0 6405s
 6782538 5652202 1497.45899   60  302 3.0000e+10 1430.37962   100%  46.0 6410s
 6797759 5665052 2.7025e+10  137  300 3.0000e+10 1430.39412   100%  46.0 6415s
 6806658 5672773 1.0018e+09   86  283 3.0000e+10 1430.40313   100%  46.0 6420s
 6814308 5678210 1567.51264   61  293 3.0000e+10 1430.40960   100%  46.0 6426s
 6818571 5683034 1.2221e+10   81  288 3.0000e+10 1430.41378   100%  46.0 6430s
 6824851 5687849 2.1433e+09   83  279 3.0000e+10 1430.42130   100%  46.0 6435s
 6839959 5700707 5.4141e+08   66  292 3.0000e+10 1430.43663   100%  46.0 6440s
 6854872 5713948 1448.02560   57  313 3.0000e+10 1430.44809   100%  46.0 6445s
 6866151 5723596 1518.73853   67  296 3.0000e+10 1430.45882   100%  46.0 6450s
H6871094 5727189                    2.999997e+10 1430.46256   100%  46.0 6482s
 6878416 5733739 6.5515e+09   83  298 3.0000e+10 1430.47022   100%  46.0 6485s
H6879462 5733794                    2.999996e+10 1430.47031   100%  46.0 6504s
 6879532 5734674 1467.69507   53  307 3.0000e+10 1430.47080   100%  46.0 6505s
 6894245 5747180 1545.39349   71  313 3.0000e+10 1430.48787   100%  46.0 6510s
 6905723 5757320 8.3077e+09  103  314 3.0000e+10 1430.49820   100%  46.0 6515s
 6908040 5759054 1507.05864   64  299 3.0000e+10 1430.50043   100%  46.0 6520s
 6919332 5767935 1.1454e+09   72  270 3.0000e+10 1430.51043   100%  46.0 6525s
 6931251 5778178 8.5614e+08   73  292 3.0000e+10 1430.52172   100%  46.0 6530s
 6941774 5786841 1.2968e+10  157  300 3.0000e+10 1430.53353   100%  46.0 6535s
 6952783 5797256 2.2873e+08   73  295 3.0000e+10 1430.54369   100%  46.0 6540s
 6958280 5807636 1461.04936   55  309 3.0000e+10 1430.55009   100%  46.0 6547s
 6971111 5811748 1480.05331   61  295 3.0000e+10 1430.56196   100%  46.0 6551s
 6976097 5817169 9.9188e+09  110  295 3.0000e+10 1430.56662   100%  46.0 6555s
 6984124 5822687 7.2638e+09  124  306 3.0000e+10 1430.57392   100%  46.0 6560s
 6988497 5827475 1515.72115   53  300 3.0000e+10 1430.57719   100%  46.0 6565s
 7000282 5836381 5.0155e+09   64  305 3.0000e+10 1430.58754   100%  46.0 6570s
 7012985 5847891 1.1863e+10   64  291 3.0000e+10 1430.60043   100%  46.0 6575s
 7019613 5853585 1.6873e+10   92  248 3.0000e+10 1430.60619   100%  46.0 6580s
 7033895 5865908 1.1036e+08   82  278 3.0000e+10 1430.62091   100%  46.0 6585s
 7044311 5874106 1434.07148   51  289 3.0000e+10 1430.63240   100%  46.0 6590s
 7051181 5879617 1462.14795   59  312 3.0000e+10 1430.63907   100%  46.0 6595s
 7058177 5885975 1.5168e+10   78  281 3.0000e+10 1430.64638   100%  46.0 6600s
 7070652 5896703 6.7694e+09  107  280 3.0000e+10 1430.65833   100%  45.9 6605s
 7079958 5905046 1.0716e+09   72  300 3.0000e+10 1430.66688   100%  45.9 6610s
 7091947 5915156 1529.53245   66  310 3.0000e+10 1430.67794   100%  45.9 6615s
 7098973 5920263 1.4633e+09   69  312 3.0000e+10 1430.68554   100%  45.9 6621s
 7111696 5931792 1452.17474   49  306 3.0000e+10 1430.69588   100%  45.9 6625s
 7122741 5940547 2.0499e+09   82  306 3.0000e+10 1430.70605   100%  45.9 6634s
 7123177 5940818 3.8953e+09   94  299 3.0000e+10 1430.70605   100%  45.9 6635s
 7134044 5950080 1.1927e+10   78  297 3.0000e+10 1430.71622   100%  45.9 6640s
 7143797 5959544 1.0000e+10   53  309 3.0000e+10 1430.72394   100%  45.9 6645s
 7152178 5965406 1457.26251   52  304 3.0000e+10 1430.73034   100%  45.9 6650s
 7162934 5975169 2.4562e+10   82  269 3.0000e+10 1430.73998   100%  45.9 6655s
 7172577 5983363 7.7108e+09   77  305 3.0000e+10 1430.74936   100%  45.9 6660s
 7184594 5993678 5.9486e+09   92  279 3.0000e+10 1430.76348   100%  45.9 6665s
 7193454 6001031 1488.63606   56  278 3.0000e+10 1430.77328   100%  45.9 6670s
 7202285 6007781 1492.24077   57  281 3.0000e+10 1430.78006   100%  45.9 6675s
 7207980 6013018 1.4933e+10   86  300 3.0000e+10 1430.78598   100%  45.9 6680s
 7218311 6021692 1495.27791   73  281 3.0000e+10 1430.79369   100%  45.9 6685s
 7229183 6030865 1.0320e+10   91  300 3.0000e+10 1430.80373   100%  45.9 6690s
 7239300 6039234 1.1889e+10  118  311 3.0000e+10 1430.81404   100%  45.9 6695s
 7249316 6048393 1.8930e+09   93  314 3.0000e+10 1430.82280   100%  45.9 6700s
 7260303 6058171 1464.86363   62  307 3.0000e+10 1430.83450   100%  45.9 6705s
 7270204 6066940 1446.56721   59  301 3.0000e+10 1430.84360   100%  45.9 6710s
 7281994 6076469 1553.59793   70  301 3.0000e+10 1430.85319   100%  45.9 6715s
 7292605 6085068 1.3101e+10  137  284 3.0000e+10 1430.86128   100%  45.9 6721s
 7300529 6092690 2.1866e+10  132  290 3.0000e+10 1430.86753   100%  45.9 6725s
 7311149 6101495 2.1764e+10  165  299 3.0000e+10 1430.87721   100%  45.9 6730s
 7315695 6104171 5.9380e+08   66  285 3.0000e+10 1430.88072   100%  45.9 6740s
 7318790 6107874 1529.89328   60  292 3.0000e+10 1430.88451   100%  45.9 6745s
 7325005 6112471 1535.42767   77  310 3.0000e+10 1430.89036   100%  45.9 6750s
 7332462 6118886 1480.96634   56  308 3.0000e+10 1430.89914   100%  45.9 6755s
 7345739 6129399 1543.18830   61  270 3.0000e+10 1430.90922   100%  45.9 6760s
 7355991 6139084 2.1283e+10  121  279 3.0000e+10 1430.92069   100%  45.9 6765s
 7364596 6146734 1442.83292   56  306 3.0000e+10 1430.92672   100%  45.9 6770s
 7378264 6158575 2.4262e+10  131  282 3.0000e+10 1430.93866   100%  45.9 6775s
 7385596 6165185 1462.34716   55  285 3.0000e+10 1430.94532   100%  45.9 6780s
 7399317 6176414 3.6422e+09  109  288 3.0000e+10 1430.95687   100%  45.9 6785s
 7410150 6184971 2.9970e+10  123  282 3.0000e+10 1430.96791   100%  45.9 6790s
 7412765 6187937 2.3155e+10  126  294 3.0000e+10 1430.96987   100%  45.9 6795s
 7422850 6196154 1446.11232   55  303 3.0000e+10 1430.97930   100%  45.9 6800s
 7432801 6204056 1525.39645   76  310 3.0000e+10 1430.98707   100%  45.9 6805s
 7442408 6211182 1487.56692   63  302 3.0000e+10 1430.99681   100%  45.9 6811s
 7449828 6219036 9.2455e+08   79  298 3.0000e+10 1431.00424   100%  45.9 6815s
 7462565 6228906 2.0122e+10  159  291 3.0000e+10 1431.01581   100%  45.9 6823s
 7463101 6229925 1.3641e+10  121  281 3.0000e+10 1431.01630   100%  45.9 6825s
 7475771 6240678 5.9751e+09  128  284 3.0000e+10 1431.02558   100%  45.9 6830s
 7483799 6247433 7.2517e+09  123  290 3.0000e+10 1431.03335   100%  45.9 6835s
 7495639 6257621 1480.18752   58  297 3.0000e+10 1431.04322   100%  45.9 6840s
 7506215 6266467 1449.74055   49  310 3.0000e+10 1431.05252   100%  45.9 6845s
 7514547 6272424 8.1080e+09  132  295 3.0000e+10 1431.05881   100%  45.8 6850s
 7514687 6273184     cutoff  152      3.0000e+10 1431.05893   100%  45.8 6855s
 7524365 6282076 1439.61821   51  305 3.0000e+10 1431.06666   100%  45.8 6860s
 7534517 6290658 1.7010e+10  100  301 3.0000e+10 1431.07678   100%  45.8 6865s
 7544454 6297860 2.3319e+10   81  291 3.0000e+10 1431.08379   100%  45.8 6871s
 7552641 6305897 1526.28976   67  295 3.0000e+10 1431.09318   100%  45.8 6875s
 7563320 6314286 1457.20291   53  296 3.0000e+10 1431.10232   100%  45.8 6880s
 7574706 6324478 1501.32450   59  314 3.0000e+10 1431.11250   100%  45.8 6885s
 7583494 6332001 1.0143e+10   66  276 3.0000e+10 1431.12067   100%  45.8 6890s
 7588644 6336229 1544.55739   56  288 3.0000e+10 1431.12490   100%  45.8 6895s
 7599330 6345096 1523.34829   57  306 3.0000e+10 1431.13486   100%  45.8 6900s
 7609999 6354694 1455.99702   58  307 3.0000e+10 1431.14529   100%  45.8 6905s
 7619099 6362367 1.4961e+10  124  264 3.0000e+10 1431.15324   100%  45.8 6910s
 7624734 6367274 2.5347e+10  118  293 3.0000e+10 1431.15771   100%  45.8 6915s
 7635279 6375638 1456.24164   52  325 3.0000e+10 1431.16566   100%  45.8 6920s
 7647160 6386469 2.4455e+09   60  305 3.0000e+10 1431.17630   100%  45.8 6926s
 7656064 6393936 1.5404e+09   79  306 3.0000e+10 1431.18391   100%  45.8 6930s
 7664005 6400853 1456.87275   56  303 3.0000e+10 1431.19177   100%  45.8 6935s
 7675978 6410556 1478.41667   57  303 3.0000e+10 1431.20202   100%  45.8 6940s
 7680188 6414578 1.4619e+09   60  300 3.0000e+10 1431.20726   100%  45.8 6945s
 7683120 6415507 9.1646e+09   79  274 3.0000e+10 1431.21096   100%  45.8 7902s

Cutting planes:
  Gomory: 1
  Clique: 14
  Zero half: 2

Explored 7683128 nodes (352002110 simplex iterations) in 7902.50 seconds (10931.74 work units)
Thread count was 8 (of 8 available processors)

Solution count 10: 3e+10 3e+10 3e+10 ... 3e+10

Time limit reached
Best objective 2.999996155102e+10, best bound 1.431210962755e+03, gap 100.0000%
