
Gurobi 11.0.1 (mac64[arm]) logging started Tue Feb 11 12:13:35 2025

Set parameter LogFile to value "logs_new/salida_modelo_caminos_380_567_25.log"
Set parameter TimeLimit to value 7200
Gurobi Optimizer version 11.0.1 build v11.0.1rc0 (mac64[arm] - Darwin 24.3.0 24D60)

CPU model: Apple M2
Thread count: 8 physical cores, 8 logical processors, using up to 8 threads

Optimize a model with 633 rows, 2120 columns and 8878 nonzeros
Coefficient statistics:
  Matrix range     [1e+00, 1e+00]
  Objective range  [2e+00, 1e+10]
  Bounds range     [0e+00, 0e+00]
  RHS range        [1e+00, 2e+02]
Warning: Model contains large objective coefficients
         Consider reformulating model or setting NumericFocus parameter
         to avoid numerical issues.

Solved in 0 iterations and 0.00 seconds (0.00 work units)
Optimal objective  1.426000000e+03
Gurobi Optimizer version 11.0.1 build v11.0.1rc0 (mac64[arm] - Darwin 24.3.0 24D60)

CPU model: Apple M2
Thread count: 8 physical cores, 8 logical processors, using up to 8 threads

Optimize a model with 633 rows, 2120 columns and 8878 nonzeros
Model fingerprint: 0xec14082c
Variable types: 0 continuous, 2120 integer (2120 binary)
Coefficient statistics:
  Matrix range     [1e+00, 1e+00]
  Objective range  [2e+00, 1e+10]
  Bounds range     [0e+00, 0e+00]
  RHS range        [1e+00, 2e+02]
Warning: Model contains large objective coefficients
         Consider reformulating model or setting NumericFocus parameter
         to avoid numerical issues.
Found heuristic solution: objective 3.800000e+12
Presolve removed 250 rows and 0 columns
Presolve time: 0.01s
Presolved: 383 rows, 2120 columns, 8658 nonzeros
Variable types: 0 continuous, 2120 integer (2120 binary)
Found heuristic solution: objective 3.690000e+12

Root relaxation: objective 1.426000e+03, 2375 iterations, 0.09 seconds (0.19 work units)

    Nodes    |    Current Node    |     Objective Bounds      |     Work
 Expl Unexpl |  Obj  Depth IntInf | Incumbent    BestBd   Gap | It/Node Time

     0     0 1426.00000    0  340 3.6900e+12 1426.00000   100%     -    0s
H    0     0                    5.600000e+11 1426.00000   100%     -    0s
H    0     0                    3.800000e+11 1426.00000   100%     -    0s
H    0     0                    2.700000e+11 1426.00000   100%     -    0s
H    0     0                    2.500000e+11 1426.00000   100%     -    0s
     0     0 1427.20906    0  352 2.5000e+11 1427.20906   100%     -    0s
H    0     0                    2.300000e+11 1427.20906   100%     -    0s
     0     0 1427.84847    0  362 2.3000e+11 1427.84847   100%     -    0s
     0     0 1427.84847    0  361 2.3000e+11 1427.84847   100%     -    0s
     0     0 1427.84847    0  372 2.3000e+11 1427.84847   100%     -    0s
     0     0 1427.84847    0  369 2.3000e+11 1427.84847   100%     -    0s
H    0     0                    1.800000e+11 1427.84847   100%     -    0s
     0     0 1427.84847    0  375 1.8000e+11 1427.84847   100%     -    0s
H    0     0                    1.400000e+11 1427.84847   100%     -    0s
H    0     0                    1.300000e+11 1427.84847   100%     -    0s
     0     0 1427.84847    0  375 1.3000e+11 1427.84847   100%     -    0s
     0     0 1427.84847    0  372 1.3000e+11 1427.84847   100%     -    0s
     0     0 1427.84847    0  373 1.3000e+11 1427.84847   100%     -    0s
     0     0 1427.84847    0  373 1.3000e+11 1427.84847   100%     -    0s
     0     2 1427.85921    0  373 1.3000e+11 1427.85921   100%     -    0s
H   32    40                    1.300000e+11 1430.34868   100%   116    0s
H   68    77                    1.200000e+11 1431.03699   100%   115    0s
H  106   113                    1.100000e+11 1431.03699   100%   115    1s
H  175   181                    1.100000e+11 1431.03699   100%   113    1s
H  183   189                    1.100000e+11 1431.03699   100%   113    2s
H  216   225                    1.000000e+11 1431.03699   100%   111    3s
H  220   225                    9.000000e+10 1431.03699   100%   110    3s
  1344  1403 3.9040e+10  109  251 9.0000e+10 1431.03699   100%   107    5s
H 2174  1996                    7.000000e+10 1431.57468   100%   107    7s
  2282  2070 1449.73640   29  340 7.0000e+10 1431.57468   100%   108   10s
  4477  3524 3.1259e+09   89  277 7.0000e+10 1431.57468   100%   101   15s
  6201  4528 1606.39515   65  251 7.0000e+10 1431.57468   100%  96.2   20s
  7857  5438 3.6212e+09   79  319 7.0000e+10 1431.82213   100%  95.7   26s
 10717  8462 6.7632e+10  115  279 7.0000e+10 1433.08865   100%  92.6   30s
 14760 12431 1462.06445   40  318 7.0000e+10 1434.35982   100%  90.0   35s
H15975 12561                    6.999999e+10 1434.39844   100%  90.4   39s
 16106 12606 2.0899e+09   43  302 7.0000e+10 1434.39844   100%  90.8   40s
 23042 19532 1443.20800   30  335 7.0000e+10 1436.03722   100%  83.7   45s
H27708 22796                    6.999999e+10 1436.50315   100%  80.4   48s
 28449 23460 1558.91852   56  316 7.0000e+10 1436.58790   100%  80.3   50s
H28450 23460                    6.999999e+10 1436.58790   100%  80.3   50s
H28455 23460                    6.999999e+10 1436.58790   100%  80.3   50s
 29981 24793 1.0000e+10   69  373 7.0000e+10 1436.73954   100%  80.0   62s
 29994 24802 1.8031e+10   83  386 7.0000e+10 1436.73954   100%  79.9   65s
 30010 24812 1.0000e+10  116  394 7.0000e+10 1436.73954   100%  79.9   70s
 30123 24897 1448.28748   42  348 7.0000e+10 1436.73954   100%  80.2   75s
 31363 25645 1450.13195   45  338 7.0000e+10 1436.73954   100%  81.8   80s
H31893 24698                    6.999998e+10 1436.73954   100%  82.6   82s
 32549 25054 5.0232e+10  135  270 7.0000e+10 1436.73954   100%  83.0   87s
 32668 25203 4.6027e+10  148  283 7.0000e+10 1436.73954   100%  83.1   90s
 34642 26427 1456.09153   49  344 7.0000e+10 1436.73954   100%  84.1   95s
 36656 27891 1438.99436   40  339 7.0000e+10 1436.73954   100%  84.5  100s
 37253 28223 6.2382e+08   71  314 7.0000e+10 1436.73954   100%  84.4  105s
 40135 30569 1553.84509   71  294 7.0000e+10 1436.73954   100%  85.0  110s
 47103 33078 1443.83056   42  340 7.0000e+10 1437.35745   100%  83.3  123s
 47506 33311 1448.15611   44  345 7.0000e+10 1437.35745   100%  83.1  125s
 53546 37529 1.1711e+09   58  317 7.0000e+10 1438.34894   100%  83.0  130s
 56481 39276 1658.45097   78  295 7.0000e+10 1438.68276   100%  82.2  135s
 64098 42628 1.0000e+10   83  287 7.0000e+10 1439.29738   100%  81.5  142s
 68388 45671 6.0793e+09  110  303 7.0000e+10 1439.76834   100%  80.8  145s
 76954 49480     cutoff  199      7.0000e+10 1440.55536   100%  79.4  150s
 86061 55170 1518.70703   67  317 7.0000e+10 1441.26620   100%  77.9  156s
 89890 57899 1482.79438   60  343 7.0000e+10 1441.64982   100%  78.2  160s
 96698 60299 4.0773e+10   79  290 7.0000e+10 1441.93414   100%  77.5  167s
 101602 63987 1487.36364   57  322 7.0000e+10 1442.16528   100%  77.2  170s
 104321 67168 2.4172e+10  157  289 7.0000e+10 1442.29254   100%  77.0  175s
 113815 74894 1657.10875   76  305 7.0000e+10 1442.81586   100%  76.1  180s
 124955 84829 2.1165e+10  105  296 7.0000e+10 1443.27738   100%  74.7  185s
 131877 90749 9.5029e+09  137  308 7.0000e+10 1443.61706   100%  73.9  190s
 140068 97945 1476.57387   46  331 7.0000e+10 1443.89065   100%  73.6  195s
 144565 101422 1529.16468   68  310 7.0000e+10 1444.02968   100%  73.3  200s
 145531 102165 1482.96146   57  339 7.0000e+10 1444.08294   100%  73.3  205s
 154799 110863 1467.89571   50  350 7.0000e+10 1444.35486   100%  72.8  210s
 161616 117413 1502.32963   56  306 7.0000e+10 1444.51183   100%  72.9  215s
 168488 122638 1477.03078   53  330 7.0000e+10 1444.73664   100%  72.5  221s
 174642 129083 1.0170e+10   83  309 7.0000e+10 1444.95526   100%  72.2  225s
 185793 138634 2.4252e+10  160  293 7.0000e+10 1445.26148   100%  71.4  230s
 194251 145477 1464.02158   53  352 7.0000e+10 1445.54975   100%  70.9  235s
 202420 153292 1.3675e+10  119  320 7.0000e+10 1445.73917   100%  70.7  240s
 206235 156226 5.9429e+10  173  249 7.0000e+10 1445.83699   100%  70.7  245s
 216632 165622 2.5561e+09   87  311 7.0000e+10 1446.10721   100%  70.3  250s
 227439 175266 1574.59448   66  301 7.0000e+10 1446.36719   100%  69.8  255s
 232248 179128 1.0644e+09  100  298 7.0000e+10 1446.47989   100%  69.7  260s
 234397 181522 1451.47695   51  351 7.0000e+10 1446.52397   100%  69.6  265s
 245959 192025 7.8074e+09  109  287 7.0000e+10 1446.76479   100%  69.0  270s
 256254 201108 1549.67326   60  312 7.0000e+10 1446.95377   100%  68.6  275s
 267755 210428 1525.89394   60  306 7.0000e+10 1447.19939   100%  68.0  283s
 267763 210436 1529.02128   61  305 7.0000e+10 1447.19939   100%  68.0  285s
 277806 220185 1675.16633   84  299 7.0000e+10 1447.37507   100%  67.5  290s
 288077 229136 1453.19179   44  335 7.0000e+10 1447.56331   100%  67.3  295s
 295160 235544 1.2195e+10  122  327 7.0000e+10 1447.69760   100%  67.0  300s
 305302 244169 2.0836e+10   71  299 7.0000e+10 1447.86973   100%  67.0  305s
 309579 248140 5.1957e+10  131  283 7.0000e+10 1447.93408   100%  67.0  310s
 318462 255902 3.5302e+10  152  299 7.0000e+10 1448.08240   100%  67.0  315s
 325561 261951 1490.94266   59  338 7.0000e+10 1448.18523   100%  66.9  320s
 328089 267539 3.4214e+10   66  298 7.0000e+10 1448.23922   100%  67.0  327s
*331562 230332             142    4.000000e+10 1448.27483   100%  67.0  327s
 338227 235396 5.9034e+08  101  299 4.0000e+10 1448.42823   100%  67.0  330s
H339319 235334                    3.999996e+10 1448.43077   100%  66.9  333s
 342255 239009 2.2202e+09   92  305 4.0000e+10 1448.50443   100%  66.9  335s
H343632 239845                    3.999995e+10 1448.52535   100%  66.9  335s
 349457 244255 1481.61448   44  324 4.0000e+10 1448.65205   100%  66.8  341s
 356030 250711 2.1715e+09   99  302 4.0000e+10 1448.75475   100%  66.6  345s
 364107 257939 1462.37091   44  336 4.0000e+10 1448.90114   100%  66.7  350s
 365278 259053 1504.01524   49  331 4.0000e+10 1448.91985   100%  66.7  355s
 374045 266241 1500.95690   55  328 4.0000e+10 1449.04014   100%  66.6  360s
 382270 273738 4.1585e+08   75  298 4.0000e+10 1449.15770   100%  66.6  365s
 389007 279251 2.1412e+10  175  288 4.0000e+10 1449.25960   100%  66.6  372s
 394569 285042 3.3417e+09   97  307 4.0000e+10 1449.35795   100%  66.5  375s
 403765 292703     cutoff  188      4.0000e+10 1449.47583   100%  66.4  380s
 409536 297612 1.7954e+09   71  284 4.0000e+10 1449.56596   100%  66.4  385s
 418563 304969 1.7008e+09   75  319 4.0000e+10 1449.67672   100%  66.4  390s
 423245 309274 1587.23351   75  298 4.0000e+10 1449.71672   100%  66.5  395s
 428942 313822 2.0000e+10   94  288 4.0000e+10 1449.78364   100%  66.4  401s
 433070 317255 1.3096e+10  101  299 4.0000e+10 1449.87673   100%  66.4  405s
 441498 325308 1533.51457   63  326 4.0000e+10 1449.99223   100%  66.3  410s
 450457 333623 1604.04536   69  290 4.0000e+10 1450.08924   100%  66.3  415s
 453807 336527 1504.88703   64  333 4.0000e+10 1450.12512   100%  66.2  420s
 465833 347235 2.7994e+10  168  291 4.0000e+10 1450.25435   100%  66.0  425s
 474946 355027 1478.26805   50  320 4.0000e+10 1450.36897   100%  66.0  430s
 482431 361749 1542.15047   71  330 4.0000e+10 1450.46989   100%  65.9  435s
 491278 369944 1.0000e+10   71  298 4.0000e+10 1450.61052   100%  65.9  440s
 496788 374065 1467.90951   49  332 4.0000e+10 1450.69076   100%  66.2  445s
 507339 382410 2.0032e+09   87  312 4.0000e+10 1450.79691   100%  66.0  450s
 507347 382447 1.2452e+10   87  301 4.0000e+10 1450.79691   100%  66.0  455s
 514871 389886 1586.67349   70  292 4.0000e+10 1450.91085   100%  66.1  460s
 521525 395686 1.1983e+09   71  310 4.0000e+10 1450.98016   100%  66.0  465s
 530776 402884 4.8889e+09   92  318 4.0000e+10 1451.06927   100%  65.9  471s
 536100 408771 1.7488e+10   58  281 4.0000e+10 1451.12808   100%  65.9  475s
 545896 416719 1.0000e+10   84  308 4.0000e+10 1451.23889   100%  66.0  480s
 553953 423012 1469.73211   55  342 4.0000e+10 1451.32123   100%  65.9  485s
 560210 429390 3.7357e+08   80  322 4.0000e+10 1451.39409   100%  66.0  490s
 568244 435901     cutoff   69      4.0000e+10 1451.47386   100%  66.2  495s
 575049 441047 9.7859e+09   71  299 4.0000e+10 1451.54988   100%  66.1  500s
 578115 443794 1475.23219   52  330 4.0000e+10 1451.57791   100%  66.1  506s
 583923 449663 1515.16887   64  323 4.0000e+10 1451.64082   100%  66.1  510s
 589234 453960 1564.78750   58  309 4.0000e+10 1451.68048   100%  66.0  515s
 598567 462566 1497.46848   58  342 4.0000e+10 1451.78318   100%  66.1  520s
 603396 466456 1.7739e+10  136  305 4.0000e+10 1451.84763   100%  66.1  525s
 613325 475671 1568.77032   60  320 4.0000e+10 1451.96718   100%  66.0  530s
 622876 483841 1565.07099   70  328 4.0000e+10 1452.04074   100%  66.0  535s
 631482 491663 1.8583e+10  119  303 4.0000e+10 1452.10810   100%  65.9  540s
 637131 495654 3.2537e+10   72  308 4.0000e+10 1452.15698   100%  65.9  545s
 644200 502999 infeasible   79      4.0000e+10 1452.23208   100%  66.0  550s
 652069 509702 2.9173e+10  113  294 4.0000e+10 1452.32158   100%  65.9  555s
 656266 513366 3.2121e+10  124  291 4.0000e+10 1452.34790   100%  65.8  560s
 665700 521467 1564.44784   67  316 4.0000e+10 1452.46184   100%  65.9  565s
 666639 521482 1497.34240   68  332 4.0000e+10 1452.46984   100%  65.8  570s
 676024 530705 5.6301e+08   74  322 4.0000e+10 1452.56446   100%  65.8  575s
 684315 537768 1487.45357   62  358 4.0000e+10 1452.61204   100%  65.8  580s
 694721 546321 1604.04436   84  296 4.0000e+10 1452.68849   100%  65.7  586s
 701592 552767 1530.07538   67  335 4.0000e+10 1452.75402   100%  65.6  590s
 710094 559810 1474.42863   48  332 4.0000e+10 1452.82715   100%  65.6  595s
H710098 559810                    3.999995e+10 1452.82715   100%  65.6  595s
 718518 567686 2.0015e+09  110  298 4.0000e+10 1452.88743   100%  65.6  600s
 726369 574900 2.9536e+10  150  288 4.0000e+10 1452.95238   100%  65.5  605s
 730788 584785 6.8946e+08  104  310 4.0000e+10 1452.99518   100%  65.5  616s
 741606 588422 1551.32677   64  328 4.0000e+10 1453.09259   100%  65.5  621s
 750804 596129 1561.03693   57  298 4.0000e+10 1453.18179   100%  65.5  625s
 761019 605159 1601.57101   65  296 4.0000e+10 1453.25843   100%  65.5  630s
 766903 610142 1.3591e+10  130  284 4.0000e+10 1453.30220   100%  65.5  635s
 775181 617652 1.8586e+09   96  299 4.0000e+10 1453.36637   100%  65.6  640s
 778152 618829 1534.21044   53  327 4.0000e+10 1453.38129   100%  65.6  646s
 785658 626224 1.8320e+10  177  317 4.0000e+10 1453.43116   100%  65.5  650s
 795933 635450 5.7935e+09  107  302 4.0000e+10 1453.50065   100%  65.5  655s
 802407 640944 9.7971e+09   82  312 4.0000e+10 1453.54422   100%  65.4  660s
 810983 648385 8.6038e+09  136  302 4.0000e+10 1453.59898   100%  65.4  665s
 816259 652289 1519.06173   64  327 4.0000e+10 1453.62830   100%  65.4  674s
 816267 652296 1501.06753   64  309 4.0000e+10 1453.62830   100%  65.4  677s
 818250 655066 1488.14171   55  337 4.0000e+10 1453.64910   100%  65.4  680s
 826210 661865 4.3829e+07   84  309 4.0000e+10 1453.70181   100%  65.4  685s
 834773 668397 1651.15489   71  299 4.0000e+10 1453.75196   100%  65.4  692s
 837215 671153 1471.95071   56  323 4.0000e+10 1453.76824   100%  65.4  695s
 846635 679543 1515.49769   54  327 4.0000e+10 1453.82399   100%  65.4  700s
 854919 686794 1637.07926   78  297 4.0000e+10 1453.86703   100%  65.4  705s
 860207 691149 2.1329e+10  160  262 4.0000e+10 1453.90101   100%  65.4  710s
 867473 697249 2.4291e+10  166  321 4.0000e+10 1453.96151   100%  65.4  715s
 876581 704545 4.9671e+08   81  309 4.0000e+10 1454.02301   100%  65.4  722s
 880915 709618 1.7025e+10  139  297 4.0000e+10 1454.04392   100%  65.4  725s
 891936 719210 2.7073e+10  110  308 4.0000e+10 1454.12348   100%  65.3  730s
 896814 723077 2.7744e+10  135  308 4.0000e+10 1454.15103   100%  65.3  735s
 906452 731617 1476.27189   54  350 4.0000e+10 1454.21205   100%  65.3  740s
 915715 739709 1.7482e+10  164  308 4.0000e+10 1454.26505   100%  65.2  745s
 922488 745689 3.0000e+10   69  295 4.0000e+10 1454.30650   100%  65.3  750s
 932503 754736 1.5099e+09   70  288 4.0000e+10 1454.37156   100%  65.2  755s
 938188 758702 1.5544e+10  154  312 4.0000e+10 1454.41019   100%  65.2  760s
 945545 765863 1.0645e+09   88  297 4.0000e+10 1454.46011   100%  65.2  765s
 955660 774953 1561.07646   55  315 4.0000e+10 1454.51305   100%  65.2  770s
 965971 784100 4.1182e+09  117  307 4.0000e+10 1454.58139   100%  65.1  775s
 975030 791534 1464.40815   50  342 4.0000e+10 1454.63397   100%  65.1  780s
 983004 798946 1473.15548   51  328 4.0000e+10 1454.67820   100%  65.0  785s
 990627 805215 1499.41788   54  340 4.0000e+10 1454.72146   100%  65.1  790s
 996416 809640 5.2479e+09  103  306 4.0000e+10 1454.75830   100%  65.1  796s
 1001650 814443 2.1899e+10   66  303 4.0000e+10 1454.79106   100%  65.1  800s
 1011636 822747 1591.39823   72  312 4.0000e+10 1454.85248   100%  65.1  806s
 1019465 830721 1.7846e+10  100  304 4.0000e+10 1454.90606   100%  65.0  810s
 1026250 836206 1510.32985   59  327 4.0000e+10 1454.93652   100%  65.0  815s
 1036558 845558 6.4625e+09  103  304 4.0000e+10 1454.98419   100%  64.9  820s
 1039320 847234 1545.81044   60  316 4.0000e+10 1454.99233   100%  64.9  825s
 1046956 853989 6.9577e+08   89  315 4.0000e+10 1455.05876   100%  64.9  831s
 1053907 860641 1.9324e+10  139  255 4.0000e+10 1455.09334   100%  64.9  835s
 1056245 868960 1472.06675   45  334 4.0000e+10 1455.10478   100%  64.9  842s
 1070532 875644 3.3667e+09   97  303 4.0000e+10 1455.18760   100%  64.9  845s
 1078838 882813 1472.74467   52  334 4.0000e+10 1455.23356   100%  64.8  850s
 1087244 889330 1567.91257   67  323 4.0000e+10 1455.29317   100%  64.8  855s
 1095464 896927 1.8343e+10  114  294 4.0000e+10 1455.34532   100%  64.8  860s
 1100938 901934 4.7248e+08   69  323 4.0000e+10 1455.38629   100%  64.8  865s
 1103295 903204 1522.21912   70  321 4.0000e+10 1455.39421   100%  64.8  870s
 1113347 912423 1616.37952   65  308 4.0000e+10 1455.45943   100%  64.7  875s
 1119923 918373 1542.99436   61  321 4.0000e+10 1455.48829   100%  64.7  880s
 1130009 927373 2.6510e+10  133  285 4.0000e+10 1455.54204   100%  64.6  885s
 1136778 933448 1573.41255   65  289 4.0000e+10 1455.58456   100%  64.6  890s
 1145655 940843 7.1827e+09  141  308 4.0000e+10 1455.63508   100%  64.7  895s
 1151324 944922 1566.51432   70  337 4.0000e+10 1455.65888   100%  64.6  903s
 1153061 947529 1562.29817   68  283 4.0000e+10 1455.67871   100%  64.6  905s
 1164456 956688 1.0534e+10   72  300 4.0000e+10 1455.73201   100%  64.6  911s
 1170370 962493 8.2299e+07   79  315 4.0000e+10 1455.74820   100%  64.6  915s
 1181118 972320 1522.54427   58  329 4.0000e+10 1455.79765   100%  64.5  920s
 1187158 977544 3.3169e+09   92  311 4.0000e+10 1455.82851   100%  64.6  925s
 1196968 985771 1509.16475   65  312 4.0000e+10 1455.88781   100%  64.5  930s
 1199409 987651 1492.33657   58  323 4.0000e+10 1455.89715   100%  64.6  935s
 1205943 992874 1480.08097   57  335 4.0000e+10 1455.92910   100%  64.5  942s
 1206039 999805 1485.46439   58  330 4.0000e+10 1455.92943   100%  64.5  947s
 1216774 1002263 1529.28921   73  317 4.0000e+10 1455.98648   100%  64.6  950s
 1226032 1011326 1561.73238   73  318 4.0000e+10 1456.02381   100%  64.5  955s
 1233545 1017938 2.7023e+10  123  320 4.0000e+10 1456.05788   100%  64.5  960s
 1244601 1027892 1539.95709   70  324 4.0000e+10 1456.10250   100%  64.4  965s
 1250433 1032954 1466.21659   47  330 4.0000e+10 1456.12122   100%  64.4  970s
 1261039 1042234 1.0832e+10   64  314 4.0000e+10 1456.18174   100%  64.3  975s
 1269958 1050233 1.6505e+08   98  310 4.0000e+10 1456.22264   100%  64.3  980s
 1275985 1055518 1518.24205   73  326 4.0000e+10 1456.26256   100%  64.3  985s
 1283781 1062681 8.4256e+09   96  294 4.0000e+10 1456.29116   100%  64.4  990s
 1288819 1066529 1489.85890   49  339 4.0000e+10 1456.30546   100%  64.3  995s
 1298864 1075111 2.0884e+10  155  308 4.0000e+10 1456.34797   100%  64.3 1000s
 1305446 1081143 2.6972e+08   85  320 4.0000e+10 1456.37477   100%  64.3 1005s
 1307861 1082203 1.1095e+10   64  319 4.0000e+10 1456.38555   100%  64.3 1010s
 1311549 1085910 3.0000e+10   69  296 4.0000e+10 1456.40520   100%  64.4 1015s
 1321659 1094941 1474.02185   43  353 4.0000e+10 1456.46413   100%  64.4 1020s
 1326980 1098605 3.3050e+09   66  322 4.0000e+10 1456.48656   100%  64.4 1025s
 1335784 1107518 1.7502e+10  139  327 4.0000e+10 1456.52492   100%  64.4 1030s
 1345108 1115402 1505.87866   61  333 4.0000e+10 1456.56893   100%  64.4 1035s
 1351578 1120969 1506.21019   63  318 4.0000e+10 1456.60452   100%  64.3 1041s
 1358873 1127405 1605.63688   75  322 4.0000e+10 1456.62825   100%  64.4 1045s
 1368174 1135507 1474.29017   52  336 4.0000e+10 1456.67348   100%  64.4 1050s
 1378503 1143561 1635.02114   59  310 4.0000e+10 1456.71537   100%  64.3 1056s
 1379359 1144238 2.5523e+10  138  311 4.0000e+10 1456.71537   100%  64.3 1061s
 1386559 1151826 2.7096e+09   77  327 4.0000e+10 1456.75319   100%  64.3 1065s
 1392836 1156962 1587.40685   83  327 4.0000e+10 1456.78033   100%  64.3 1070s
 1400801 1163535 2.0474e+10   76  303 4.0000e+10 1456.80721   100%  64.3 1075s
 1407098 1169146 1.1259e+09   76  314 4.0000e+10 1456.83042   100%  64.3 1080s
 1417140 1177879 2.2438e+09   77  317 4.0000e+10 1456.87985   100%  64.3 1085s
 1426693 1185246 1480.46964   59  360 4.0000e+10 1456.91315   100%  64.3 1092s
 1430789 1189631 2.2778e+08   89  302 4.0000e+10 1456.92503   100%  64.3 1095s
 1439189 1197287 8.2004e+08   77  314 4.0000e+10 1456.96599   100%  64.3 1100s
 1444538 1200548 1484.52676   67  335 4.0000e+10 1456.99026   100%  64.3 1105s
 1446770 1204055 1540.38788   64  325 4.0000e+10 1457.00008   100%  64.3 1110s
 1457587 1212350 1470.33695   52  344 4.0000e+10 1457.03830   100%  64.3 1115s
 1465187 1218309 1469.67603   56  327 4.0000e+10 1457.07025   100%  64.4 1122s
 1468578 1222019 1476.64076   48  339 4.0000e+10 1457.08217   100%  64.3 1125s
 1477936 1230489 1620.08979   79  300 4.0000e+10 1457.12219   100%  64.3 1130s
 1488056 1239240 1524.33341   60  330 4.0000e+10 1457.16348   100%  64.3 1135s
 1498561 1248735 1631.95529   77  303 4.0000e+10 1457.19913   100%  64.2 1140s
 1502834 1252123 9.0276e+09  124  288 4.0000e+10 1457.22309   100%  64.2 1145s
 1509993 1257940 1533.18776   60  326 4.0000e+10 1457.25061   100%  64.2 1150s
 1519021 1266441 1473.01408   50  345 4.0000e+10 1457.28537   100%  64.2 1155s
 1525879 1272688 1.1664e+09   80  297 4.0000e+10 1457.31247   100%  64.2 1160s
 1535233 1280822 1624.43435   75  301 4.0000e+10 1457.35353   100%  64.2 1165s
 1541056 1285175 1.9615e+08   95  329 4.0000e+10 1457.37543   100%  64.2 1173s
H1541172 1197866                    3.000000e+10 1457.37543   100%  64.2 1173s
 1543169 1201022 3.2525e+09   91  315 3.0000e+10 1457.38528   100%  64.2 1175s
H1545016 1201678                    3.000000e+10 1457.39138   100%  64.2 1176s
 1549444 1206227 1511.15828   61  305 3.0000e+10 1457.42070   100%  64.2 1180s
 1558587 1212876 1574.46559   78  335 3.0000e+10 1457.45589   100%  64.2 1185s
 1565716 1220021 2.4042e+08   80  317 3.0000e+10 1457.48960   100%  64.2 1190s
 1572677 1225613 1.3361e+09   86  299 3.0000e+10 1457.52163   100%  64.2 1195s
 1580912 1232173 6.6026e+09  103  315 3.0000e+10 1457.55246   100%  64.2 1200s
 1581177 1239029 1470.91894   48  338 3.0000e+10 1457.55280   100%  64.2 1206s
H1589173 1239018                    3.000000e+10 1457.59152   100%  64.3 1212s
 1589181 1239063 1.0381e+09   65  316 3.0000e+10 1457.59152   100%  64.3 1215s
 1598787 1247687 2.5468e+10  173  299 3.0000e+10 1457.62513   100%  64.3 1220s
 1608185 1256276 1.3722e+09  111  317 3.0000e+10 1457.66733   100%  64.3 1225s
 1614140 1261320 1477.11979   54  331 3.0000e+10 1457.69292   100%  64.3 1230s
 1624104 1270380 1522.61819   63  321 3.0000e+10 1457.72530   100%  64.3 1235s
 1631867 1276979 1508.89597   55  352 3.0000e+10 1457.75703   100%  64.2 1240s
 1638718 1282430 3.6883e+09   69  327 3.0000e+10 1457.78491   100%  64.2 1245s
 1646560 1289419 1655.67236   72  280 3.0000e+10 1457.81054   100%  64.3 1250s
 1650553 1293075 9.6397e+09  150  315 3.0000e+10 1457.82893   100%  64.3 1255s
 1660713 1301829 2.1288e+10  136  288 3.0000e+10 1457.86108   100%  64.3 1260s
 1664064 1303631 1539.69048   69  313 3.0000e+10 1457.87055   100%  64.3 1267s
H1664104 1300816                    3.000000e+10 1457.87055   100%  64.3 1267s
 1664108 1300824 1545.15285   70  312 3.0000e+10 1457.87055   100%  64.3 1270s
H1664109 1300610                    2.999999e+10 1457.87055   100%  64.3 1270s
 1671380 1308417 1486.00665   52  343 3.0000e+10 1457.90112   100%  64.3 1275s
 1681273 1316256 2.5102e+10   60  307 3.0000e+10 1457.94258   100%  64.3 1280s
 1683059 1317069 7.6489e+07   72  326 3.0000e+10 1457.94411   100%  64.3 1285s
 1690584 1324349 7.4359e+08   88  319 3.0000e+10 1457.98288   100%  64.3 1290s
 1700771 1333711 1549.55869   61  322 3.0000e+10 1458.02622   100%  64.3 1295s
 1710530 1341621 1515.30689   65  342 3.0000e+10 1458.06481   100%  64.3 1300s
 1719508 1349544 1667.58776   80  301 3.0000e+10 1458.09957   100%  64.3 1305s
 1722775 1352063 4.8635e+07   84  320 3.0000e+10 1458.11313   100%  64.3 1310s
 1732160 1360356 6.0593e+09   98  314 3.0000e+10 1458.15974   100%  64.3 1315s
 1740287 1367725 1467.76087   48  344 3.0000e+10 1458.18927   100%  64.3 1320s
 1746871 1373079 1632.50684   84  312 3.0000e+10 1458.21134   100%  64.4 1325s
 1754830 1380272 3.8935e+08   81  316 3.0000e+10 1458.23723   100%  64.4 1330s
 1762056 1386174 1495.72209   55  317 3.0000e+10 1458.27307   100%  64.4 1335s
 1771122 1393179 1570.35363   60  312 3.0000e+10 1458.31589   100%  64.4 1341s
 1772166 1394033 1502.78516   58  339 3.0000e+10 1458.32010   100%  64.4 1348s
 1774083 1395668 1.3652e+10   60  302 3.0000e+10 1458.32843   100%  64.4 1351s
 1780097 1402117 1484.18126   62  339 3.0000e+10 1458.34853   100%  64.4 1355s
 1787715 1407441 1462.33469   53  342 3.0000e+10 1458.37865   100%  64.4 1360s
 1796019 1415613 1558.17295   78  327 3.0000e+10 1458.40481   100%  64.4 1365s
 1803157 1420902 1.9434e+10  140  281 3.0000e+10 1458.43575   100%  64.4 1371s
 1809138 1426968 7.4031e+09   88  324 3.0000e+10 1458.45879   100%  64.4 1375s
 1819217 1435869     cutoff  189      3.0000e+10 1458.49407   100%  64.4 1380s
 1826936 1441892 5.0065e+08   59  320 3.0000e+10 1458.52081   100%  64.4 1385s
 1835591 1450114 1.0456e+10   91  284 3.0000e+10 1458.55467   100%  64.4 1390s
 1842423 1455704 1583.84138   76  295 3.0000e+10 1458.58642   100%  64.4 1395s
 1851961 1463753 1.9179e+10  120  265 3.0000e+10 1458.61661   100%  64.3 1400s
 1855671 1466775 1465.82622   55  329 3.0000e+10 1458.63159   100%  64.3 1405s
 1863205 1473626 1574.44092   63  298 3.0000e+10 1458.66114   100%  64.4 1410s
 1872323 1481297 1.0969e+09   76  305 3.0000e+10 1458.68952   100%  64.4 1415s
 1880017 1487848 1479.86107   52  351 3.0000e+10 1458.71548   100%  64.4 1420s
 1885571 1492954 1.6150e+10  111  281 3.0000e+10 1458.73584   100%  64.4 1425s
 1895339 1501009 1490.82749   43  326 3.0000e+10 1458.76750   100%  64.4 1430s
 1901264 1506102 4.8428e+09  109  316 3.0000e+10 1458.78568   100%  64.4 1435s
 1908124 1511361 2.3490e+09   84  291 3.0000e+10 1458.80661   100%  64.4 1442s
 1909184 1512052 2.7839e+10  197  279 3.0000e+10 1458.80661   100%  64.4 1445s
 1915423 1517856 1.5650e+10  145  314 3.0000e+10 1458.83431   100%  64.4 1450s
 1923756 1525207 1583.37171   74  308 3.0000e+10 1458.85722   100%  64.4 1455s
 1930749 1531062 1635.81094   74  318 3.0000e+10 1458.87765   100%  64.4 1460s
 1935397 1535267 1549.05665   58  325 3.0000e+10 1458.90266   100%  64.4 1465s
 1942352 1541434 9.8780e+08   91  269 3.0000e+10 1458.93140   100%  64.4 1470s
 1945008 1542687 1468.78843   51  343 3.0000e+10 1458.94080   100%  64.4 1475s
 1949018 1547281 1473.65939   49  338 3.0000e+10 1458.95541   100%  64.4 1480s
 1956040 1553140 1461.44450   46  341 3.0000e+10 1458.98716   100%  64.4 1485s
 1964950 1560490 1.3262e+10  102  304 3.0000e+10 1459.01646   100%  64.4 1490s
 1970375 1564956 1531.35157   64  319 3.0000e+10 1459.03861   100%  64.4 1495s
 1977960 1571611 5.4493e+09  164  300 3.0000e+10 1459.05943   100%  64.5 1500s
 1982675 1575326 1467.92217   55  315 3.0000e+10 1459.07731   100%  64.5 1505s
 1991280 1582965 1.1959e+09  100  280 3.0000e+10 1459.10430   100%  64.5 1510s
 1996137 1586375 1593.29353   61  293 3.0000e+10 1459.11736   100%  64.5 1515s
 2000595 1591070 1505.43091   45  333 3.0000e+10 1459.13512   100%  64.5 1520s
 2010108 1598463 1481.21114   47  329 3.0000e+10 1459.15992   100%  64.5 1528s
 2012325 1601370 7.9361e+08   69  325 3.0000e+10 1459.16806   100%  64.5 1530s
 2020544 1608183 1559.58701   68  303 3.0000e+10 1459.19756   100%  64.5 1535s
 2025362 1612639 1500.84249   66  346 3.0000e+10 1459.21231   100%  64.5 1540s
 2032962 1619120 1.7453e+09   81  324 3.0000e+10 1459.23860   100%  64.5 1545s
 2040758 1625211 2.3104e+09   89  308 3.0000e+10 1459.27236   100%  64.5 1552s
 2044760 1629251 1.6298e+10  185  304 3.0000e+10 1459.28718   100%  64.5 1555s
 2053956 1637287 1531.34953   64  301 3.0000e+10 1459.31802   100%  64.5 1560s
 2058103 1639686 1.9299e+10  141  318 3.0000e+10 1459.32968   100%  64.5 1619s
 2059434 1641647 1.8159e+10   66  285 3.0000e+10 1459.33369   100%  64.5 1620s
 2065701 1646209 6.2138e+09  100  310 3.0000e+10 1459.35442   100%  64.6 1627s
 2070401 1651524 1.2099e+10  135  299 3.0000e+10 1459.37254   100%  64.6 1630s
 2082491 1661456 1505.63173   50  322 3.0000e+10 1459.40969   100%  64.6 1635s
 2089970 1667977 1556.25870   75  313 3.0000e+10 1459.43436   100%  64.6 1640s
 2092642 1670019 1518.33706   67  339 3.0000e+10 1459.44475   100%  64.6 1645s
 2098825 1675560 1635.32330   77  316 3.0000e+10 1459.46636   100%  64.6 1650s
 2106542 1682310 1.7543e+09  101  296 3.0000e+10 1459.49051   100%  64.6 1655s
 2116328 1690926 1684.37249   77  310 3.0000e+10 1459.52201   100%  64.6 1660s
 2118050 1691783 1555.07903   62  314 3.0000e+10 1459.52807   100%  64.6 1738s
 2120601 1694461 infeasible  169      3.0000e+10 1459.53632   100%  64.6 1740s
 2132344 1704271 1495.90627   53  326 3.0000e+10 1459.57601   100%  64.6 1745s
 2140499 1711858 1504.75377   60  326 3.0000e+10 1459.60227   100%  64.5 1750s
 2147513 1717698 1500.73988   49  345 3.0000e+10 1459.61977   100%  64.5 1755s
 2152201 1721978 1551.01879   72  310 3.0000e+10 1459.63300   100%  64.5 1760s
 2162846 1730848 5.1014e+08   93  330 3.0000e+10 1459.65967   100%  64.5 1765s
 2173554 1740353 2.0803e+10  129  277 3.0000e+10 1459.69608   100%  64.5 1770s
 2175421 1741057 1571.84983   89  330 3.0000e+10 1459.69951   100%  64.5 1775s
 2184998 1750042 1524.51780   60  321 3.0000e+10 1459.73644   100%  64.5 1780s
 2190261 1753940 1560.43990   70  308 3.0000e+10 1459.75116   100%  64.5 1860s
 2197190 1760743 1505.15692   60  341 3.0000e+10 1459.77266   100%  64.6 1865s
 2208656 1769581 1495.21627   57  316 3.0000e+10 1459.80613   100%  64.5 1870s
 2217115 1776934 1641.24927   78  325 3.0000e+10 1459.83775   100%  64.5 1879s
 2217334 1777649 1645.15861   79  313 3.0000e+10 1459.83948   100%  64.5 1880s
 2223815 1782864 5.5084e+08   67  321 3.0000e+10 1459.85774   100%  64.5 1888s
 2225490 1785752 1573.75826   95  307 3.0000e+10 1459.86141   100%  64.5 1890s
 2231350 1790285 1549.34155   74  325 3.0000e+10 1459.87916   100%  64.5 1895s
 2238764 1796489 1545.42018   72  337 3.0000e+10 1459.90219   100%  64.5 1900s
 2245688 1801553 1520.01631   57  314 3.0000e+10 1459.92110   100%  64.5 1981s
 2250023 1806288 1588.07152   67  275 3.0000e+10 1459.93688   100%  64.6 1985s
 2260271 1815032 1553.39711   74  302 3.0000e+10 1459.97278   100%  64.6 1992s
 2265662 1819312 4.6302e+09  129  286 3.0000e+10 1459.98700   100%  64.6 1995s
 2275477 1828426 4.7869e+09  100  303 3.0000e+10 1460.02107   100%  64.6 2000s
 2284291 1834664 1488.20709   48  332 3.0000e+10 1460.04795   100%  64.6 2014s
 2284826 1835733 1513.32747   64  321 3.0000e+10 1460.05549   100%  64.6 2015s
 2290974 1840328 1678.57475   91  308 3.0000e+10 1460.08300   100%  64.6 2021s
 2296323 1846245 9.5549e+08   95  314 3.0000e+10 1460.09898   100%  64.6 2025s
 2300152 1849456 9.6989e+08   85  315 3.0000e+10 1460.10825   100%  64.6 2103s
 2303901 1852463 1.9817e+10  115  330 3.0000e+10 1460.11648   100%  64.6 2105s
 2310481 1857844 1579.00890   57  315 3.0000e+10 1460.13782   100%  64.5 2110s
 2319335 1865956 2.4125e+10  130  307 3.0000e+10 1460.16607   100%  64.6 2115s
 2330390 1875621 1518.55936   64  340 3.0000e+10 1460.19646   100%  64.6 2120s
 2337053 1881450 5.4293e+09  163  305 3.0000e+10 1460.21643   100%  64.6 2125s
 2347117 1889493 1592.70930   68  309 3.0000e+10 1460.23873   100%  64.6 2130s
 2351993 1894482 1496.28160   59  321 3.0000e+10 1460.25135   100%  64.5 2136s
 2357212 1898333 1597.17458   67  300 3.0000e+10 1460.26525   100%  64.5 2140s
 2364560 1903965 1.9074e+08   89  294 3.0000e+10 1460.28224   100%  64.5 2146s
 2365740 1905960 1.6433e+10  137  307 3.0000e+10 1460.28604   100%  64.5 2224s
 2366929 1907144 1500.44333   55  332 3.0000e+10 1460.28926   100%  64.5 2225s
 2377401 1916027 1.0000e+10   94  292 3.0000e+10 1460.32415   100%  64.5 2230s
 2381076 1918925 1496.70343   57  324 3.0000e+10 1460.33043   100%  64.5 2235s
 2391240 1928372 1598.26444   83  302 3.0000e+10 1460.36459   100%  64.5 2240s
 2394360 1930605 1492.26118   56  330 3.0000e+10 1460.36897   100%  64.5 2245s
 2400194 1936123 2.3554e+10  119  296 3.0000e+10 1460.38168   100%  64.5 2250s
 2408013 1942656 1686.39727   71  263 3.0000e+10 1460.39955   100%  64.5 2255s
 2415846 1949310 2.1620e+10  185  257 3.0000e+10 1460.42155   100%  64.5 2261s
 2419399 1951407 1469.68615   47  353 3.0000e+10 1460.43094   100%  64.5 2267s
 2421925 1954711 1650.81975   78  303 3.0000e+10 1460.43639   100%  64.5 2345s
 2428635 1960483 2.4028e+09   90  292 3.0000e+10 1460.45132   100%  64.5 2350s
 2438577 1968991 5.8890e+08   84  304 3.0000e+10 1460.47750   100%  64.5 2355s
 2447139 1976539 6.8081e+09   92  320 3.0000e+10 1460.50113   100%  64.5 2360s
 2458273 1986467 2.2908e+10  100  276 3.0000e+10 1460.52719   100%  64.5 2365s
 2463774 1991363 1504.01176   55  320 3.0000e+10 1460.54143   100%  64.5 2370s
 2472250 1998176 1.5775e+09   70  305 3.0000e+10 1460.56154   100%  64.5 2375s
 2479787 2003804 2.2351e+09   97  301 3.0000e+10 1460.57999   100%  64.5 2383s
 2480925 2005855     cutoff  106      3.0000e+10 1460.58211   100%  64.5 2386s
 2484563 2008787 2.1735e+10  159  296 3.0000e+10 1460.59253   100%  64.4 2467s
 2485539 2008795 1.1719e+10  107  318 3.0000e+10 1460.59448   100%  64.4 2473s
 2488136 2012211 1.7294e+10  135  298 3.0000e+10 1460.60207   100%  64.4 2475s
 2497050 2019878 1.1965e+10   87  301 3.0000e+10 1460.62097   100%  64.4 2480s
 2505190 2026975 2.0776e+10  176  276 3.0000e+10 1460.64435   100%  64.5 2485s
 2515963 2035041 1642.03802   81  305 3.0000e+10 1460.67000   100%  64.5 2492s
 2519852 2039502 1478.02848   52  307 3.0000e+10 1460.68160   100%  64.4 2495s
 2529103 2047646 1.7537e+10   99  303 3.0000e+10 1460.71299   100%  64.4 2500s
 2534749 2052408 2.0515e+09   89  311 3.0000e+10 1460.72747   100%  64.5 2505s
 2542878 2059186 2.2903e+10  189  319 3.0000e+10 1460.74425   100%  64.4 2510s
 2545861 2060639 1.5818e+10   90  304 3.0000e+10 1460.75355   100%  64.4 2591s
 2551814 2066831 infeasible   61      3.0000e+10 1460.76621   100%  64.5 2595s
 2562102 2074323 4.9958e+08   67  334 3.0000e+10 1460.79419   100%  64.5 2602s
 2563280 2076911 1669.79937   84  294 3.0000e+10 1460.79796   100%  64.5 2605s
 2571381 2082399 1497.26315   51  333 3.0000e+10 1460.81957   100%  64.5 2610s
 2578632 2089363 1500.40018   66  326 3.0000e+10 1460.83828   100%  64.5 2615s
 2587198 2096792 5.9145e+08   87  302 3.0000e+10 1460.85899   100%  64.5 2620s
 2589594 2098771 1578.96467   67  295 3.0000e+10 1460.86441   100%  64.5 2625s
 2596007 2104740 6.3508e+09  113  307 3.0000e+10 1460.88188   100%  64.5 2630s
 2602978 2110799 1568.90998   70  310 3.0000e+10 1460.89796   100%  64.4 2710s
 2612204 2118964 1521.21945   51  322 3.0000e+10 1460.92483   100%  64.4 2718s
 2614954 2121160 2.5996e+09   79  307 3.0000e+10 1460.93340   100%  64.4 2720s
 2626651 2131322 1533.67473   65  288 3.0000e+10 1460.96535   100%  64.4 2725s
 2630155 2133242 1502.91454   61  343 3.0000e+10 1460.97505   100%  64.4 2730s
 2636274 2139713 1531.14377   72  313 3.0000e+10 1460.99395   100%  64.4 2735s
 2640537 2143506 5.4908e+09   99  306 3.0000e+10 1461.00408   100%  64.4 2740s
 2648100 2150050 1.9513e+09   86  299 3.0000e+10 1461.02106   100%  64.4 2745s
 2656259 2156722 4.4806e+09  147  294 3.0000e+10 1461.04350   100%  64.4 2752s
 2659645 2159996 1.4941e+10   65  279 3.0000e+10 1461.05053   100%  64.4 2755s
 2661285 2161332 1501.15021   50  332 3.0000e+10 1461.05338   100%  64.4 2832s
 2667145 2166545 1554.06137   66  300 3.0000e+10 1461.06913   100%  64.4 2835s
 2675268 2172198 1578.24735   59  333 3.0000e+10 1461.08971   100%  64.4 2840s
 2683577 2180632 5.4380e+08   74  311 3.0000e+10 1461.10677   100%  64.4 2845s
 2693457 2188517 2.0000e+10   77  311 3.0000e+10 1461.14121   100%  64.4 2850s
H2697352 2191184                    2.999999e+10 1461.14817   100%  64.4 2854s
 2697481 2192260 1578.72747   77  290 3.0000e+10 1461.15029   100%  64.4 2855s
 2705615 2199361 1.6675e+09   70  312 3.0000e+10 1461.16794   100%  64.4 2860s
 2712394 2204199 1492.39106   56  326 3.0000e+10 1461.18402   100%  64.4 2866s
 2717399 2209191 1476.55958   49  346 3.0000e+10 1461.19855   100%  64.4 2870s
H2718347 2209195                    2.999998e+10 1461.20132   100%  64.4 2873s
 2718949 2210989 1527.22887   62  313 3.0000e+10 1461.20652   100%  64.4 2875s
 2723020 2214750 1472.98829   52  344 3.0000e+10 1461.21501   100%  64.4 2907s
 2726950 2217549 1.0267e+07   78  322 3.0000e+10 1461.22580   100%  64.4 2910s
 2736857 2226149 1558.61534   72  318 3.0000e+10 1461.25110   100%  64.4 2915s
 2740867 2229572 1562.37906   75  307 3.0000e+10 1461.26039   100%  64.4 2920s
 2751128 2238464 1.9409e+10   86  307 3.0000e+10 1461.28653   100%  64.4 2925s
 2759242 2248071 1.4174e+10   87  305 3.0000e+10 1461.30844   100%  64.4 2931s
 2768646 2253603 1.4342e+07   95  315 3.0000e+10 1461.33293   100%  64.4 2935s
 2773914 2264086 2.9543e+09   88  312 3.0000e+10 1461.34712   100%  64.4 2943s
 2781922 2264319 2.6517e+09   66  323 3.0000e+10 1461.36625   100%  64.4 2947s
 2782303 2265916 2.3508e+09   67  319 3.0000e+10 1461.36663   100%  64.4 2950s
 2794150 2275813 1.3077e+10   98  290 3.0000e+10 1461.39566   100%  64.4 2955s
 2801764 2282614 1.2887e+08   66  305 3.0000e+10 1461.41703   100%  64.4 2960s
 2811803 2290530 2.0703e+10  149  291 3.0000e+10 1461.44219   100%  64.4 2965s
 2819407 2297671 2.8483e+09   79  303 3.0000e+10 1461.46051   100%  64.4 2970s
 2828132 2304040 1640.49621   79  309 3.0000e+10 1461.47583   100%  64.4 2976s
 2834130 2310726 6.2748e+09  114  278 3.0000e+10 1461.49239   100%  64.4 2980s
 2843794 2317915 1470.38000   58  338 3.0000e+10 1461.51341   100%  64.4 2985s
 2849702 2322079 1504.46560   63  327 3.0000e+10 1461.52922   100%  64.4 2990s
 2849710 2329001 1508.35518   64  326 3.0000e+10 1461.52926   100%  64.4 2999s
H2853714 2033466                    2.000000e+10 1461.53020   100%  64.4 2999s
 2857718 2034551 4.0219e+08   72  308 2.0000e+10 1461.54630   100%  64.4 3001s
 2866975 2042237 1.6562e+10   83  290 2.0000e+10 1461.57741   100%  64.4 3005s
H2868794 2027700                    1.999999e+10 1461.58188   100%  64.4 3008s
 2870365 2030160 1476.66254   49  337 2.0000e+10 1461.58796   100%  64.4 3010s
 2879324 2037262 1.0000e+10   71  283 2.0000e+10 1461.61030   100%  64.4 3015s
 2889517 2045825 1578.67795   61  319 2.0000e+10 1461.64029   100%  64.4 3020s
 2897352 2051495 5.0380e+08   79  300 2.0000e+10 1461.66309   100%  64.4 3025s
 2903753 2057625 1596.65212   76  329 2.0000e+10 1461.67892   100%  64.5 3030s
 2912393 2064572 1.6979e+09   81  316 2.0000e+10 1461.70029   100%  64.5 3035s
 2918942 2069936 8.4664e+09   92  313 2.0000e+10 1461.72070   100%  64.5 3040s
 2925501 2075199 2.2622e+09   82  340 2.0000e+10 1461.73751   100%  64.5 3045s
 2933787 2082518 4.7173e+08   91  294 2.0000e+10 1461.76334   100%  64.6 3050s
 2935437 2082534 1492.49755   57  336 2.0000e+10 1461.76621   100%  64.6 3056s
 2939166 2086949 1476.32577   59  320 2.0000e+10 1461.77782   100%  64.6 3060s
 2947215 2093443 1487.90647   53  328 2.0000e+10 1461.79819   100%  64.6 3065s
 2955151 2100031 2.6435e+08   80  313 2.0000e+10 1461.82099   100%  64.6 3070s
 2963754 2107451 1.0594e+10  116  303 2.0000e+10 1461.84041   100%  64.6 3075s
 2971127 2114171 1517.08853   55  311 2.0000e+10 1461.85998   100%  64.6 3080s
 2980538 2121444 1551.22872   61  294 2.0000e+10 1461.88292   100%  64.6 3085s
 2986210 2125459 1493.96417   52  337 2.0000e+10 1461.89856   100%  64.6 3092s
 2989343 2128751 infeasible   71      2.0000e+10 1461.90626   100%  64.6 3095s
 2997898 2135327 1499.98362   56  323 2.0000e+10 1461.92979   100%  64.6 3100s
 3005977 2142813 1494.58718   61  334 2.0000e+10 1461.95305   100%  64.6 3105s
 3013816 2149160 1477.12223   56  312 2.0000e+10 1461.97564   100%  64.6 3110s
 3015470 2156242 1490.61063   57  352 2.0000e+10 1461.97965   100%  64.6 3117s
 3027859 2161107 6.1745e+08   89  326 2.0000e+10 1462.01561   100%  64.7 3120s
 3037476 2168748 1666.39800   80  313 2.0000e+10 1462.03787   100%  64.7 3125s
 3041921 2172180 4.9787e+09  108  305 2.0000e+10 1462.04705   100%  64.7 3132s
 3044953 2175659     cutoff  116      2.0000e+10 1462.05662   100%  64.7 3135s
 3054076 2183306 1576.19730   75  304 2.0000e+10 1462.08455   100%  64.7 3140s
 3061795 2192564 1476.67085   60  319 2.0000e+10 1462.10093   100%  64.7 3146s
 3070058 2197012 7.1560e+08   86  312 2.0000e+10 1462.12321   100%  64.7 3150s
 3077139 2202869 1584.88841   80  325 2.0000e+10 1462.14423   100%  64.7 3155s
 3085900 2209114 7.7452e+08   72  295 2.0000e+10 1462.16131   100%  64.7 3160s
 3093529 2216214 7.6885e+08   71  315 2.0000e+10 1462.17984   100%  64.7 3165s
 3098011 2219020 1480.01259   59  347 2.0000e+10 1462.18874   100%  64.7 3173s
 3100084 2221959 1539.61365   63  316 2.0000e+10 1462.19292   100%  64.7 3175s
 3106791 2227494 2.9879e+09  122  322 2.0000e+10 1462.20989   100%  64.7 3180s
 3115008 2233414 1599.52692   76  314 2.0000e+10 1462.23039   100%  64.7 3185s
 3122228 2241110 1490.76464   58  335 2.0000e+10 1462.25015   100%  64.7 3190s
 3132018 2248525 3.0539e+09   70  298 2.0000e+10 1462.26871   100%  64.7 3195s
 3139863 2255008 1478.56874   58  337 2.0000e+10 1462.29005   100%  64.7 3200s
 3148915 2262730 1505.19964   64  326 2.0000e+10 1462.31808   100%  64.7 3205s
 3155450 2268101 1.1291e+10  132  310 2.0000e+10 1462.33830   100%  64.7 3210s
 3161290 2273109 3.4671e+08   79  312 2.0000e+10 1462.35429   100%  64.8 3215s
 3170190 2279367 1636.07795   79  324 2.0000e+10 1462.37581   100%  64.8 3220s
 3176737 2284738 1481.93146   54  336 2.0000e+10 1462.39062   100%  64.8 3228s
 3179048 2286540 9.9869e+08  109  307 2.0000e+10 1462.39689   100%  64.8 3232s
 3183155 2291799 1473.02571   49  342 2.0000e+10 1462.40615   100%  64.8 3235s
 3190584 2296139 1531.67706   64  316 2.0000e+10 1462.42552   100%  64.8 3241s
 3195118 2301175 1497.28028   59  336 2.0000e+10 1462.43826   100%  64.8 3245s
 3203087 2307943 3.8936e+08   75  322 2.0000e+10 1462.46115   100%  64.8 3250s
 3211131 2314527 1.4560e+10  138  279 2.0000e+10 1462.48251   100%  64.8 3255s
 3219010 2321307 1490.05719   58  338 2.0000e+10 1462.50043   100%  64.8 3260s
 3227576 2328451 1489.92044   52  328 2.0000e+10 1462.51931   100%  64.8 3265s
 3235429 2334717 1481.50157   56  328 2.0000e+10 1462.54180   100%  64.8 3270s
 3242562 2340049 8.5429e+09  120  301 2.0000e+10 1462.55783   100%  64.8 3275s
 3247491 2343961 8.2920e+08  101  307 2.0000e+10 1462.56569   100%  64.8 3282s
 3250776 2347997 1485.17223   53  332 2.0000e+10 1462.57482   100%  64.8 3285s
 3258955 2354620     cutoff  123      2.0000e+10 1462.59699   100%  64.8 3290s
 3267138 2360982 1493.92369   62  326 2.0000e+10 1462.61768   100%  64.8 3295s
 3273626 2368271 1572.09577   78  317 2.0000e+10 1462.63043   100%  64.8 3300s
 3282256 2374304 1.7991e+10  127  299 2.0000e+10 1462.65032   100%  64.8 3305s
 3290135 2380263 2.0215e+08   61  334 2.0000e+10 1462.66873   100%  64.9 3310s
 3297990 2387172 7.7768e+09  116  324 2.0000e+10 1462.69235   100%  64.9 3315s
 3306087 2393957 1.5451e+10  166  321 2.0000e+10 1462.71053   100%  64.9 3320s
 3313293 2399455 2.0784e+09  105  316 2.0000e+10 1462.72541   100%  64.9 3325s
 3321652 2406088 1581.40975   59  307 2.0000e+10 1462.74596   100%  64.9 3330s
 3328002 2410050 1553.26096   68  327 2.0000e+10 1462.75799   100%  64.9 3335s
 3330993 2413318 1514.30032   50  323 2.0000e+10 1462.76494   100%  64.9 3340s
 3337812 2419609 1.4586e+09   82  303 2.0000e+10 1462.77835   100%  65.0 3345s
 3346372 2426617 2.5512e+08   98  281 2.0000e+10 1462.79773   100%  65.0 3350s
 3354635 2433775 1548.87023   79  308 2.0000e+10 1462.81707   100%  65.0 3355s
 3364478 2441112 1503.42364   53  330 2.0000e+10 1462.84377   100%  64.9 3360s
 3371958 2448540 3.8896e+08   88  313 2.0000e+10 1462.86001   100%  65.0 3365s
 3376815 2452490 1635.14527   68  308 2.0000e+10 1462.87127   100%  64.9 3370s
 3382345 2457381 1607.77806   67  323 2.0000e+10 1462.88622   100%  64.9 3375s
 3390128 2463135 1570.09246   69  337 2.0000e+10 1462.90614   100%  65.0 3380s
 3397923 2470156 1480.62357   48  300 2.0000e+10 1462.92457   100%  65.0 3385s
 3402721 2473000 3.1709e+09  112  312 2.0000e+10 1462.93225   100%  65.0 3392s
 3406506 2477091 1540.06144   62  318 2.0000e+10 1462.94356   100%  65.0 3395s
 3412724 2481853 2.0240e+09   93  308 2.0000e+10 1462.95591   100%  65.0 3400s
 3420999 2488665 1.0449e+10  152  323 2.0000e+10 1462.97806   100%  65.0 3405s
 3427733 2494111 1549.77088   56  301 2.0000e+10 1462.99343   100%  65.0 3410s
 3436236 2499811 2.6385e+09   66  314 2.0000e+10 1463.01273   100%  65.1 3416s
 3437756 2503545 1503.96811   62  320 2.0000e+10 1463.01700   100%  65.1 3420s
 3447435 2510106 1522.59075   60  319 2.0000e+10 1463.04264   100%  65.1 3425s
 3456648 2517352 1.0940e+09   71  302 2.0000e+10 1463.06471   100%  65.1 3430s
 3463117 2521991 1562.76792   67  318 2.0000e+10 1463.07914   100%  65.1 3435s
 3469568 2526586 5.3727e+08   65  309 2.0000e+10 1463.09209   100%  65.2 3443s
 3471388 2529221 1497.36209   60  335 2.0000e+10 1463.09675   100%  65.2 3445s
 3479222 2535786 1529.86660   65  332 2.0000e+10 1463.11462   100%  65.2 3450s
 3485485 2540492 1490.93590   66  330 2.0000e+10 1463.13051   100%  65.2 3455s
 3494087 2547418 1.0771e+10  150  293 2.0000e+10 1463.14623   100%  65.2 3460s
 3500551 2553428 1488.89669   59  329 2.0000e+10 1463.16452   100%  65.2 3465s
 3507395 2559427 1546.29015   62  311 2.0000e+10 1463.18248   100%  65.2 3470s
 3509051 2559435 1505.84966   62  323 2.0000e+10 1463.18686   100%  65.2 3476s
 3510288 2561136 3.9240e+09   58  297 2.0000e+10 1463.18835   100%  65.2 3480s
 3517382 2567381 1557.43229   69  325 2.0000e+10 1463.20255   100%  65.2 3485s
 3526428 2575346 1634.70485   82  293 2.0000e+10 1463.22654   100%  65.2 3490s
 3535509 2582047 1481.93362   61  328 2.0000e+10 1463.24921   100%  65.2 3495s
 3541656 2587580     cutoff   74      2.0000e+10 1463.26662   100%  65.2 3500s
 3547947 2592921 1553.91761   51  313 2.0000e+10 1463.28279   100%  65.2 3505s
 3556674 2600481 1.0000e+10  134  314 2.0000e+10 1463.29824   100%  65.2 3510s
 3564271 2606187 1480.85818   60  332 2.0000e+10 1463.31380   100%  65.2 3515s
 3569883 2610688 1484.91341   53  338 2.0000e+10 1463.32633   100%  65.3 3520s
 3578832 2618524 1485.69437   60  323 2.0000e+10 1463.34878   100%  65.2 3525s
 3586425 2625024 8.4816e+08   79  306 2.0000e+10 1463.36253   100%  65.3 3530s
 3593946 2631224 1526.99024   66  332 2.0000e+10 1463.38217   100%  65.3 3535s
 3602433 2638270 3.7582e+09   93  273 2.0000e+10 1463.39730   100%  65.3 3540s
 3608333 2643004 1.0000e+10   67  311 2.0000e+10 1463.40985   100%  65.3 3545s
 3613038 2647252 1553.62066   72  305 2.0000e+10 1463.42054   100%  65.3 3550s
 3621564 2654210 1572.91173   66  306 2.0000e+10 1463.43858   100%  65.3 3555s
 3628707 2660550 1491.74291   60  335 2.0000e+10 1463.45340   100%  65.3 3560s
 3634799 2664447 5.3919e+09   91  309 2.0000e+10 1463.46384   100%  65.3 3569s
 3634807 2664624 4.3327e+09   93  299 2.0000e+10 1463.46511   100%  65.3 3572s
 3637626 2668052 1.4437e+10  140  316 2.0000e+10 1463.47030   100%  65.3 3575s
 3644503 2673797 2.0447e+09  124  326 2.0000e+10 1463.48925   100%  65.3 3580s
 3652947 2680016 2.8802e+09   78  304 2.0000e+10 1463.50857   100%  65.3 3585s
 3659183 2685783     cutoff   87      2.0000e+10 1463.51849   100%  65.3 3590s
 3668372 2692766 1650.24288   57  297 2.0000e+10 1463.54165   100%  65.3 3595s
 3675822 2699277 1512.84319   51  300 2.0000e+10 1463.55971   100%  65.3 3600s
 3683782 2705695 1.8189e+08   74  316 2.0000e+10 1463.57565   100%  65.4 3605s
 3692718 2713386 1.2533e+10  109  274 2.0000e+10 1463.59427   100%  65.3 3610s
 3699946 2719697 3.2603e+09  119  306 2.0000e+10 1463.60850   100%  65.4 3615s
 3708298 2726635 1572.03241   81  322 2.0000e+10 1463.62382   100%  65.3 3620s
 3714180 2731130 1471.43844   54  346 2.0000e+10 1463.63532   100%  65.3 3625s
 3722078 2738340 1579.52560   63  320 2.0000e+10 1463.65522   100%  65.4 3630s
 3730427 2744974 1.0000e+10  103  305 2.0000e+10 1463.67312   100%  65.3 3635s
 3737537 2750231 1.5455e+10  135  284 2.0000e+10 1463.68773   100%  65.4 3640s
 3744859 2757035 1643.91122   76  317 2.0000e+10 1463.70053   100%  65.4 3645s
 3752503 2763756 1.7745e+10  131  307 2.0000e+10 1463.71636   100%  65.4 3650s
 3761649 2769965 1544.06591   82  346 2.0000e+10 1463.73223   100%  65.4 3660s
 3767026 2774339 1.0000e+10   55  326 2.0000e+10 1463.74080   100%  65.4 3667s
 3770144 2778408 1661.45805   82  296 2.0000e+10 1463.75062   100%  65.4 3670s
 3777611 2783629 1.0000e+10   67  308 2.0000e+10 1463.76345   100%  65.4 3675s
 3786124 2791160 1590.26073   78  318 2.0000e+10 1463.78226   100%  65.4 3680s
 3795116 2798601 1537.26054   59  338 2.0000e+10 1463.80216   100%  65.4 3685s
 3802121 2804771 1655.91760   77  309 2.0000e+10 1463.81447   100%  65.4 3690s
 3809883 2811309 1554.09846   58  326 2.0000e+10 1463.83009   100%  65.4 3695s
 3817460 2818265 3.0013e+08   76  305 2.0000e+10 1463.84509   100%  65.4 3700s
 3825769 2824626 8.1939e+09   99  290 2.0000e+10 1463.86218   100%  65.4 3705s
 3831912 2829323 2.1438e+09   94  317 2.0000e+10 1463.87092   100%  65.4 3710s
 3837533 2834071 1499.55479   53  340 2.0000e+10 1463.88118   100%  65.4 3715s
 3845291 2841047 1473.81594   54  347 2.0000e+10 1463.90145   100%  65.4 3720s
 3846627 2841054 1.6038e+10  101  304 2.0000e+10 1463.90278   100%  65.4 3727s
 3846791 2842081 1510.69003   54  336 2.0000e+10 1463.90431   100%  65.4 3730s
 3855653 2849248 1.3324e+10  137  321 2.0000e+10 1463.91942   100%  65.4 3735s
 3862486 2855493 4.5616e+09   89  308 2.0000e+10 1463.93551   100%  65.4 3740s
 3871017 2862466 6.9036e+09  140  295 2.0000e+10 1463.95432   100%  65.4 3745s
 3879466 2868961 1487.67885   53  333 2.0000e+10 1463.96674   100%  65.4 3750s
 3885559 2873720 1.4585e+09   95  297 2.0000e+10 1463.98011   100%  65.4 3755s
 3891452 2879850 7.0442e+08   97  317 2.0000e+10 1463.99472   100%  65.5 3760s
 3899802 2886631 1480.53829   52  326 2.0000e+10 1464.00820   100%  65.5 3765s
 3906957 2893079 1587.96297   79  312 2.0000e+10 1464.02121   100%  65.5 3770s
 3915577 2899728 1.0000e+10   59  303 2.0000e+10 1464.03692   100%  65.5 3775s
 3923562 2906596 2.9573e+09  107  284 2.0000e+10 1464.05269   100%  65.5 3780s
 3932208 2913556 1490.50355   56  329 2.0000e+10 1464.07305   100%  65.5 3785s
 3939258 2919095 1494.01244   71  347 2.0000e+10 1464.08632   100%  65.5 3790s
 3942263 2922165 1.1461e+10   95  296 2.0000e+10 1464.09201   100%  65.5 3819s
 3943720 2922975 1.7084e+10   90  272 2.0000e+10 1464.09703   100%  65.5 3820s
 3948392 2926900 1530.03822   63  322 2.0000e+10 1464.10656   100%  65.5 3825s
 3957427 2933531 2.1220e+09   63  313 2.0000e+10 1464.12369   100%  65.5 3830s
 3963624 2938359 1.4530e+10   99  310 2.0000e+10 1464.13740   100%  65.5 3835s
 3970358 2945539 1.0000e+10   56  331 2.0000e+10 1464.15114   100%  65.5 3840s
 3979033 2952521 1473.08097   51  343 2.0000e+10 1464.16891   100%  65.5 3845s
 3986776 2958029 1.5417e+10   73  299 2.0000e+10 1464.18676   100%  65.5 3850s
 3993215 2964042 1487.56804   58  345 2.0000e+10 1464.19857   100%  65.5 3855s
 3998002 2968516 3.5034e+09  156  326 2.0000e+10 1464.20666   100%  65.5 3860s
 4003921 2973454 1521.34050   65  325 2.0000e+10 1464.21904   100%  65.5 3865s
 4012343 2979884 1.3508e+09  105  319 2.0000e+10 1464.23512   100%  65.5 3870s
 4020857 2987025 1561.90075   62  305 2.0000e+10 1464.25191   100%  65.5 3875s
 4027909 2993349 1547.66327   63  318 2.0000e+10 1464.26536   100%  65.5 3880s
 4035479 2999539 1606.32463   96  328 2.0000e+10 1464.28136   100%  65.5 3885s
 4039230 3001766 1480.11092   52  332 2.0000e+10 1464.28781   100%  65.5 3892s
 4042469 3005905 1522.15300   59  326 2.0000e+10 1464.29741   100%  65.6 3895s
 4048810 3010236 1.2416e+10   93  271 2.0000e+10 1464.31100   100%  65.6 3900s
 4054476 3015141 5.8747e+09   89  270 2.0000e+10 1464.32174   100%  65.6 3905s
 4063620 3023003 1575.82475   69  318 2.0000e+10 1464.33848   100%  65.6 3910s
 4070117 3028376 1600.13297   77  314 2.0000e+10 1464.35157   100%  65.6 3915s
 4078074 3034435 1526.53592   72  319 2.0000e+10 1464.36409   100%  65.6 3920s
 4084049 3039431 1.3571e+10  122  312 2.0000e+10 1464.37655   100%  65.6 3925s
 4091280 3046149 1522.37345   61  315 2.0000e+10 1464.39243   100%  65.6 3930s
 4098161 3052086 6.1113e+09  107  318 2.0000e+10 1464.40619   100%  65.6 3935s
 4104763 3057519 1.0421e+10  122  304 2.0000e+10 1464.41852   100%  65.6 3940s
 4109261 3060004 1.0637e+09  124  300 2.0000e+10 1464.42488   100%  65.6 3949s
 4109327 3060135 1498.03939   64  337 2.0000e+10 1464.42488   100%  65.6 3951s
 4114853 3065250 1575.09723   74  315 2.0000e+10 1464.43412   100%  65.6 3955s
 4121963 3070409 1490.09998   50  330 2.0000e+10 1464.44828   100%  65.6 3960s
 4128425 3076974 1610.61587   72  295 2.0000e+10 1464.46267   100%  65.6 3965s
 4135866 3083108 1497.12518   74  348 2.0000e+10 1464.47632   100%  65.6 3970s
 4143908 3089162 1.0000e+10   84  299 2.0000e+10 1464.49057   100%  65.6 3975s
 4150196 3095235 1493.06068   45  331 2.0000e+10 1464.50099   100%  65.6 3980s
 4157710 3101502 1572.50598   66  300 2.0000e+10 1464.51688   100%  65.6 3985s
 4164660 3107477 1481.95610   47  334 2.0000e+10 1464.53042   100%  65.6 3990s
 4168025 3110128 1.3089e+09   90  316 2.0000e+10 1464.53617   100%  65.6 3995s
 4176892 3117358 1484.88272   54  330 2.0000e+10 1464.55303   100%  65.6 4000s
 4183610 3123194 1473.16916   49  344 2.0000e+10 1464.57054   100%  65.6 4005s
 4190749 3128741 1591.56741   60  322 2.0000e+10 1464.58398   100%  65.6 4010s
 4197505 3133873 1485.34927   51  326 2.0000e+10 1464.59430   100%  65.7 4015s
 4204199 3140376 1.0581e+10  144  315 2.0000e+10 1464.60771   100%  65.7 4020s
 4212026 3146697 1612.04933   60  282 2.0000e+10 1464.62188   100%  65.7 4025s
 4219549 3153108 1.4284e+10   92  293 2.0000e+10 1464.63593   100%  65.7 4030s
 4227427 3159492 1478.16034   53  336 2.0000e+10 1464.64850   100%  65.7 4035s
 4229453 3160860 1483.51076   60  350 2.0000e+10 1464.65259   100%  65.7 4040s
 4233659 3164653 5.3687e+08   78  327 2.0000e+10 1464.66176   100%  65.7 4045s
 4240843 3169759 1.0000e+10  112  314 2.0000e+10 1464.67464   100%  65.7 4050s
 4249190 3177299 2.4266e+09   65  317 2.0000e+10 1464.68778   100%  65.7 4055s
H4252045 3178388                    1.999999e+10 1464.69282   100%  65.7 4058s
 4252371 3179275 1464.90855   53  353 2.0000e+10 1464.69282   100%  65.7 4060s
 4261051 3186892 1.0000e+10  102  303 2.0000e+10 1464.70904   100%  65.7 4065s
 4266047 3190245 5.4698e+09  160  305 2.0000e+10 1464.71818   100%  65.7 4073s
 4266164 3190449 5.5854e+09  161  306 2.0000e+10 1464.71880   100%  65.7 4076s
 4271963 3195499 1552.60313   64  329 2.0000e+10 1464.72791   100%  65.7 4080s
 4279301 3202745 1483.68402   55  334 2.0000e+10 1464.74171   100%  65.7 4085s
 4288589 3210293 1.9211e+10  126  291 2.0000e+10 1464.75989   100%  65.7 4090s
 4295340 3214628     cutoff  131      2.0000e+10 1464.76937   100%  65.7 4095s
 4300023 3218675 3.0394e+09   98  311 2.0000e+10 1464.77784   100%  65.7 4100s
 4306989 3225434 6.5912e+09   92  286 2.0000e+10 1464.78865   100%  65.7 4105s
 4312928 3229090 1486.98155   51  317 2.0000e+10 1464.79945   100%  65.7 4110s
 4319595 3235834 6.9383e+09  106  320 2.0000e+10 1464.81227   100%  65.7 4115s
 4327121 3241831 1532.89446   63  324 2.0000e+10 1464.82653   100%  65.7 4120s
 4331713 3246198 1487.67808   63  328 2.0000e+10 1464.83422   100%  65.7 4125s
 4339542 3252144 1473.30343   55  333 2.0000e+10 1464.84572   100%  65.7 4130s
 4345628 3256738 1566.03263   71  320 2.0000e+10 1464.85755   100%  65.8 4135s
 4346446 3257040 1572.18362   74  321 2.0000e+10 1464.85755   100%  65.8 4141s
 4350478 3261793 1662.98191   70  296 2.0000e+10 1464.86562   100%  65.8 4145s
 4359009 3268178 6.8521e+07   66  312 2.0000e+10 1464.87951   100%  65.8 4150s
 4366553 3274917 2.9386e+09   72  322 2.0000e+10 1464.89605   100%  65.8 4155s
 4374814 3281268 1482.88482   55  319 2.0000e+10 1464.91222   100%  65.8 4160s
 4380885 3286520 1477.74692   60  347 2.0000e+10 1464.92156   100%  65.8 4165s
 4389937 3294404 1493.13651   59  328 2.0000e+10 1464.93329   100%  65.8 4170s
 4397117 3300102 1670.27732   70  301 2.0000e+10 1464.94481   100%  65.8 4175s
 4402979 3305419 1561.40498   63  290 2.0000e+10 1464.95538   100%  65.8 4180s
 4411366 3312741 1471.97545   51  339 2.0000e+10 1464.96884   100%  65.8 4185s
 4419979 3319234 9.0162e+09   71  314 2.0000e+10 1464.98413   100%  65.8 4190s
 4422241 3320426 6.5975e+07   83  334 2.0000e+10 1464.98819   100%  65.8 4197s
 4426814 3325270 1508.13139   55  329 2.0000e+10 1464.99496   100%  65.8 4200s
 4434047 3330188 2.3470e+09  103  307 2.0000e+10 1465.00854   100%  65.8 4205s
 4440017 3335631 1568.54541   75  291 2.0000e+10 1465.01958   100%  65.8 4210s
 4447804 3342649 1.1483e+10  134  316 2.0000e+10 1465.03689   100%  65.8 4215s
 4455225 3349025 1519.58148   61  321 2.0000e+10 1465.04943   100%  65.8 4220s
 4462485 3354931 1529.05772   69  326 2.0000e+10 1465.05997   100%  65.8 4225s
 4469938 3360980 1492.03565   53  328 2.0000e+10 1465.06914   100%  65.8 4230s
 4474840 3370875 2.1052e+09   59  311 2.0000e+10 1465.07965   100%  65.8 4238s
 4482848 3370953 1616.46209   71  314 2.0000e+10 1465.08977   100%  65.8 4241s
 4487714 3374998 1.1320e+10   85  299 2.0000e+10 1465.09938   100%  65.8 4245s
 4493574 3380209 1484.17627   52  343 2.0000e+10 1465.11147   100%  65.8 4250s
 4501888 3387508 1533.92379   72  327 2.0000e+10 1465.12340   100%  65.8 4255s
 4505584 3396210 1517.78336   56  338 2.0000e+10 1465.13069   100%  65.8 4264s
 4513592 3397339 1.7211e+10  124  282 2.0000e+10 1465.14574   100%  65.8 4265s
 4519669 3401842 8.8901e+08   71  309 2.0000e+10 1465.15659   100%  65.8 4270s
 4526938 3407969 1532.02855   67  313 2.0000e+10 1465.17078   100%  65.8 4275s
 4532265 3413007 1560.96671   60  293 2.0000e+10 1465.17963   100%  65.9 4280s
 4536433 3417010 1653.73520   78  316 2.0000e+10 1465.18687   100%  65.8 4285s
 4543845 3422028 1477.10090   46  355 2.0000e+10 1465.19693   100%  65.9 4293s
 4544173 3422035 1478.96834   47  355 2.0000e+10 1465.19693   100%  65.9 4295s
 4550286 3427989 1570.02948   74  326 2.0000e+10 1465.20727   100%  65.9 4300s
 4558031 3434122 7.5873e+09  116  310 2.0000e+10 1465.21954   100%  65.9 4305s
 4562282 3438175 1492.84636   61  320 2.0000e+10 1465.23084   100%  65.9 4310s
 4569797 3444658 1477.31412   48  318 2.0000e+10 1465.24202   100%  65.9 4315s
 4579248 3452205 1648.32942   88  316 2.0000e+10 1465.25799   100%  65.9 4320s
 4586154 3457828 1.1697e+10  122  302 2.0000e+10 1465.26875   100%  65.9 4325s
 4592472 3462392 1557.54231   69  317 2.0000e+10 1465.27647   100%  65.9 4330s
 4598508 3468282 1475.28755   58  331 2.0000e+10 1465.28502   100%  65.9 4335s
 4605671 3474668 2.2880e+08   98  311 2.0000e+10 1465.29823   100%  65.9 4340s
 4613522 3481013 1528.18465   76  321 2.0000e+10 1465.31448   100%  65.9 4345s
 4614590 3481021 2.4112e+09   81  309 2.0000e+10 1465.31669   100%  65.9 4351s
 4618136 3485365 1.7408e+09  100  302 2.0000e+10 1465.32347   100%  65.9 4355s
 4626389 3492057 9.9695e+09  121  280 2.0000e+10 1465.33997   100%  65.9 4360s
 4634789 3499134 1645.17755   66  317 2.0000e+10 1465.35159   100%  65.9 4365s
 4640748 3503888 infeasible   76      2.0000e+10 1465.36117   100%  65.9 4370s
 4649327 3511382 1502.38115   56  322 2.0000e+10 1465.37434   100%  65.9 4375s
 4656948 3517734 1580.47145   61  298 2.0000e+10 1465.38669   100%  65.9 4380s
 4663284 3522689 1562.90581   75  315 2.0000e+10 1465.39767   100%  65.9 4385s
 4670605 3529031 1497.95636   60  334 2.0000e+10 1465.41034   100%  65.9 4390s
 4679212 3535017 1496.96908   58  333 2.0000e+10 1465.42384   100%  65.9 4396s
 4684108 3539418 1.0000e+10   56  311 2.0000e+10 1465.43060   100%  65.9 4404s
 4684514 3545904 1510.89638   51  300 2.0000e+10 1465.43228   100%  65.9 4410s
 4697754 3550934 1.2932e+10  143  310 2.0000e+10 1465.45477   100%  65.9 4415s
 4705549 3557994 2.0401e+09  101  316 2.0000e+10 1465.46715   100%  65.9 4420s
 4714063 3565368 1490.70083   56  325 2.0000e+10 1465.47848   100%  65.9 4425s
 4715322 3571867 1.9571e+10  115  300 2.0000e+10 1465.48150   100%  65.9 4433s
 4726642 3576027 4.4550e+09   99  319 2.0000e+10 1465.49983   100%  65.9 4435s
 4733965 3580840 1643.08276   81  323 2.0000e+10 1465.50793   100%  65.9 4440s
 4741753 3588309     cutoff   64      2.0000e+10 1465.52011   100%  65.9 4445s
 4748201 3594230 1.8285e+09   95  308 2.0000e+10 1465.52928   100%  65.9 4450s
 4751330 3595426 1570.36724   85  312 2.0000e+10 1465.53616   100%  65.9 4456s
 4753624 3597928 5.9321e+09  112  297 2.0000e+10 1465.53911   100%  65.9 4460s
 4759855 3602214 1502.74704   52  335 2.0000e+10 1465.54808   100%  65.9 4466s
 4760703 3609485 infeasible   64      2.0000e+10 1465.54939   100%  65.9 4475s
 4776068 3617902 1468.98746   47  355 2.0000e+10 1465.57336   100%  65.9 4481s
 4783862 3622226 9.4853e+08   82  313 2.0000e+10 1465.58399   100%  65.9 4485s
 4790418 3628977 4.4736e+09   93  318 2.0000e+10 1465.59492   100%  65.9 4490s
 4798420 3635043     cutoff   69      2.0000e+10 1465.60705   100%  66.0 4495s
 4804587 3639645 1554.21190   53  302 2.0000e+10 1465.61804   100%  66.0 4500s
 4811372 3646351 9.8431e+08   84  315 2.0000e+10 1465.62759   100%  66.0 4505s
 4821005 3653998     cutoff  128      2.0000e+10 1465.63972   100%  66.0 4510s
 4828047 3660204 1667.23719   71  293 2.0000e+10 1465.65318   100%  66.0 4515s
 4836496 3667345     cutoff  155      2.0000e+10 1465.66525   100%  66.0 4520s
 4840993 3670604 6.4115e+09   68  307 2.0000e+10 1465.67101   100%  66.0 4525s
 4848921 3677510     cutoff  122      2.0000e+10 1465.68301   100%  66.0 4530s
 4851750 3678882 1625.77150   66  295 2.0000e+10 1465.68590   100%  66.0 4537s
 4851901 3685277 1600.55932   66  286 2.0000e+10 1465.68618   100%  66.0 4544s
 4859909 3685579 4800900.84   73  337 2.0000e+10 1465.70076   100%  66.0 4546s
 4866118 3692359 1483.84184   54  311 2.0000e+10 1465.71148   100%  66.0 4550s
 4874484 3698777 1509.38394   68  342 2.0000e+10 1465.72296   100%  66.0 4555s
 4882820 3704487 1587.80203   57  329 2.0000e+10 1465.73540   100%  66.0 4560s
 4882832 3711136 1605.37452   58  320 2.0000e+10 1465.73547   100%  66.0 4566s
 4895974 3716281 8.5069e+08  120  319 2.0000e+10 1465.75527   100%  66.0 4570s
 4901787 3721543 8.0186e+09   78  315 2.0000e+10 1465.76596   100%  66.0 4575s
 4908072 3726236 1541.63005   62  315 2.0000e+10 1465.77511   100%  66.0 4580s
 4915687 3732700     cutoff  103      2.0000e+10 1465.78809   100%  66.0 4585s
 4923627 3739313 1.0038e+10  123  312 2.0000e+10 1465.80465   100%  66.0 4590s
 4929302 3744170 1.7443e+08   84  302 2.0000e+10 1465.81310   100%  66.0 4595s
 4936531 3750538 1.4482e+10  153  315 2.0000e+10 1465.82484   100%  66.1 4600s
 4945797 3757091 1525.90003   65  327 2.0000e+10 1465.84165   100%  66.1 4605s
 4947844 3758603 1.4580e+10  141  288 2.0000e+10 1465.84416   100%  66.1 4610s
 4952348 3763144 1489.36988   55  346 2.0000e+10 1465.85142   100%  66.1 4615s
 4961793 3771324 1570.24426   69  311 2.0000e+10 1465.86690   100%  66.1 4620s
 4969023 3776904 1480.87191   63  340 2.0000e+10 1465.87968   100%  66.1 4625s
 4975544 3783087 1541.25713   65  307 2.0000e+10 1465.88706   100%  66.1 4630s
 4982742 3788649 1.0060e+08   76  311 2.0000e+10 1465.89734   100%  66.1 4635s
 4987631 3792461 1.0000e+10   80  318 2.0000e+10 1465.90599   100%  66.1 4641s
 4993794 3798038     cutoff  139      2.0000e+10 1465.91354   100%  66.1 4645s
 5000822 3803088 7.3934e+09   96  313 2.0000e+10 1465.92528   100%  66.1 4650s
 5008040 3810474 1.2993e+10  134  311 2.0000e+10 1465.93638   100%  66.1 4655s
 5015730 3815844 1607.59924   63  331 2.0000e+10 1465.94611   100%  66.1 4660s
 5022932 3822496 1.0000e+10   66  321 2.0000e+10 1465.95486   100%  66.1 4665s
 5024169 3822503 1502.32645   54  308 2.0000e+10 1465.95586   100%  66.1 4672s
 5025458 3824539 4.0873e+09  125  313 2.0000e+10 1465.95711   100%  66.1 4675s
 5029841 3828169 9.7889e+09  137  330 2.0000e+10 1465.96258   100%  66.1 4680s
 5035947 3834303 1487.29278   58  331 2.0000e+10 1465.97376   100%  66.1 4685s
 5044626 3840832 1490.94254   55  326 2.0000e+10 1465.98998   100%  66.1 4690s
 5053198 3847216 1553.10259   64  317 2.0000e+10 1466.00473   100%  66.1 4695s
 5060121 3853782 1542.04581   71  336 2.0000e+10 1466.01562   100%  66.1 4700s
 5066457 3862162 infeasible   97      2.0000e+10 1466.02502   100%  66.1 4706s
 5075291 3866565 1.1147e+10  135  277 2.0000e+10 1466.03740   100%  66.1 4710s
 5083187 3873125 1.3323e+08   84  316 2.0000e+10 1466.04810   100%  66.1 4715s
 5089633 3877960 1567.72441   49  311 2.0000e+10 1466.05670   100%  66.1 4720s
 5097108 3884953 1.2777e+10   89  284 2.0000e+10 1466.06881   100%  66.1 4725s
 5105012 3891080 1497.85072   55  336 2.0000e+10 1466.08446   100%  66.1 4730s
 5110358 3895274 1.1177e+10   88  292 2.0000e+10 1466.09164   100%  66.1 4735s
 5117544 3901530 1571.47484   76  319 2.0000e+10 1466.10486   100%  66.1 4740s
 5125772 3908640 1473.92752   52  342 2.0000e+10 1466.11798   100%  66.1 4745s
 5133732 3914443 9.7824e+09  109  305 2.0000e+10 1466.12931   100%  66.1 4750s
 5141977 3922196 1.4667e+10  130  297 2.0000e+10 1466.14367   100%  66.1 4755s
 5144498 3924503 9.0400e+08   91  305 2.0000e+10 1466.14927   100%  66.1 4760s
 5153360 3931447 1482.31056   61  340 2.0000e+10 1466.15914   100%  66.1 4765s
 5159932 3936822 1557.83561   59  320 2.0000e+10 1466.17143   100%  66.1 4770s
 5167093 3943037 1471.56008   51  340 2.0000e+10 1466.18196   100%  66.1 4775s
 5173478 3948395 1.0000e+10   49  324 2.0000e+10 1466.19126   100%  66.1 4780s
 5182673 3955286 1538.19093   68  335 2.0000e+10 1466.20428   100%  66.1 4785s
 5183148 3955394 1635.66544   80  319 2.0000e+10 1466.20428   100%  66.1 4790s
 5185553 3958430 1487.02384   59  337 2.0000e+10 1466.20856   100%  66.1 4795s
 5193974 3964857 1468.25375   47  334 2.0000e+10 1466.21913   100%  66.1 4800s
 5201347 3971171 1.1464e+10   75  304 2.0000e+10 1466.22780   100%  66.1 4805s
 5210175 3978379 1.9463e+08   61  318 2.0000e+10 1466.23991   100%  66.1 4810s
 5217560 3985231 1.0000e+10   76  317 2.0000e+10 1466.25087   100%  66.1 4815s
 5224348 3990167 2.7004e+09   81  305 2.0000e+10 1466.26031   100%  66.1 4820s
 5231201 3996472 1480.61298   55  334 2.0000e+10 1466.26959   100%  66.1 4825s
 5239625 4003625     cutoff  132      2.0000e+10 1466.28475   100%  66.1 4830s
 5245844 4009070 1.3914e+09   86  304 2.0000e+10 1466.29626   100%  66.1 4835s
 5254000 4014518 1493.32827   55  329 2.0000e+10 1466.30740   100%  66.1 4844s
 5254124 4014580 1502.22576   54  311 2.0000e+10 1466.30740   100%  66.1 4845s
 5260393 4021303 infeasible   92      2.0000e+10 1466.31678   100%  66.1 4850s
 5269445 4028087 7.8886e+09  148  301 2.0000e+10 1466.33048   100%  66.1 4855s
 5275090 4031774 3.2320e+09  107  311 2.0000e+10 1466.33802   100%  66.1 4860s
 5282607 4038921 1487.38100   61  332 2.0000e+10 1466.34867   100%  66.1 4865s
 5289968 4044828 1.2255e+10  130  334 2.0000e+10 1466.35759   100%  66.1 4870s
 5293365 4053272 1487.60109   51  326 2.0000e+10 1466.36177   100%  66.1 4879s
 5301373 4054889 1.0000e+10   88  281 2.0000e+10 1466.37422   100%  66.1 4880s
 5310681 4061145 5.0530e+09  121  288 2.0000e+10 1466.38844   100%  66.1 4885s
 5314742 4064603 1.2690e+09   86  320 2.0000e+10 1466.39515   100%  66.1 4893s
 5315876 4066233 1531.28889   53  305 2.0000e+10 1466.39717   100%  66.1 4895s
 5322787 4072236 1612.41574   89  309 2.0000e+10 1466.40594   100%  66.1 4900s
 5329407 4076821 1501.08768   58  320 2.0000e+10 1466.41621   100%  66.2 4906s
 5335353 4082212 3.5359e+07   76  346 2.0000e+10 1466.42361   100%  66.1 4910s
 5342867 4089158 1596.34881   94  325 2.0000e+10 1466.43231   100%  66.2 4915s
 5351276 4096389 1.0000e+10   83  306 2.0000e+10 1466.44416   100%  66.1 4920s
 5359926 4103606 1517.22839   63  323 2.0000e+10 1466.45423   100%  66.1 4925s
 5365816 4107859 1674.55223  100  320 2.0000e+10 1466.46547   100%  66.2 4930s
 5373739 4114548 1.6790e+10  119  316 2.0000e+10 1466.47618   100%  66.2 4935s
 5378682 4118635 1580.32746   77  320 2.0000e+10 1466.48162   100%  66.2 4940s
 5385281 4124352 1586.73679   69  293 2.0000e+10 1466.49231   100%  66.2 5948s
 5387831 4125988 1573.80551   76  317 2.0000e+10 1466.49520   100%  66.2 5950s
 5389926 4127223 1.6319e+10   75  294 2.0000e+10 1466.49841   100%  66.2 5955s
 5395276 4132780 1493.36349   64  329 2.0000e+10 1466.50768   100%  66.2 5960s
 5404804 4140333 1552.60345   69  318 2.0000e+10 1466.52034   100%  66.2 5965s
 5410919 4145640 1543.00425   68  285 2.0000e+10 1466.52775   100%  66.2 5970s
 5419017 4151859 8.1283e+09  113  322 2.0000e+10 1466.53740   100%  66.2 5975s
 5428226 4159598 1.2500e+09   81  312 2.0000e+10 1466.55015   100%  66.2 5980s
 5435122 4165726 1486.66220   62  334 2.0000e+10 1466.56057   100%  66.2 5985s
 5440811 4169190 1548.44330   55  323 2.0000e+10 1466.56967   100%  66.2 5992s
 5440819 4169448 1551.12259   56  324 2.0000e+10 1466.57008   100%  66.2 5997s
 5445430 4174365 6.0758e+09  131  318 2.0000e+10 1466.57525   100%  66.2 6000s
 5454092 4181249 1501.45454   69  326 2.0000e+10 1466.58599   100%  66.2 6005s
 5462670 4188961 1585.93966   77  309 2.0000e+10 1466.59926   100%  66.2 6010s
 5472121 4195291 5.0589e+09   68  280 2.0000e+10 1466.61280   100%  66.2 6016s
 5477431 4200015 5.4183e+08   77  290 2.0000e+10 1466.62298   100%  66.2 6020s
 5484351 4205096 1.4458e+10  123  326 2.0000e+10 1466.63035   100%  66.2 6025s
 5486419 4206807 1618.32696   61  315 2.0000e+10 1466.63488   100%  66.2 6032s
 5487823 4208931 1491.65666   59  325 2.0000e+10 1466.63656   100%  66.2 6035s
 5495521 4214243 6.5149e+09   93  314 2.0000e+10 1466.64706   100%  66.2 6041s
 5501252 4219950 1500.59353   57  323 2.0000e+10 1466.65720   100%  66.3 6045s
 5508553 4225958 3.0100e+09   70  305 2.0000e+10 1466.66737   100%  66.3 6050s
 5517906 4233900     cutoff  106      2.0000e+10 1466.68081   100%  66.3 6055s
 5526935 4240577 1520.34645   60  332 2.0000e+10 1466.69342   100%  66.3 6060s
 5533872 4246700 2.2275e+09   78  310 2.0000e+10 1466.69925   100%  66.3 6065s
 5542539 4254021 1.4993e+10  181  311 2.0000e+10 1466.71232   100%  66.3 6070s
H5546930 4256433                    1.999998e+10 1466.71721   100%  66.3 6074s
 5546954 4257621 1.0000e+10   76  319 2.0000e+10 1466.71727   100%  66.3 6075s
 5556072 4265059 1483.61191   57  350 2.0000e+10 1466.72887   100%  66.3 6080s
 5562400 4270488 2.3392e+09  100  315 2.0000e+10 1466.73937   100%  66.3 6085s
 5570777 4277621 1.7063e+09   85  337 2.0000e+10 1466.75017   100%  66.3 6090s
 5579557 4284241 1542.59226   58  317 2.0000e+10 1466.76273   100%  66.3 6095s
 5585371 4289690 5.0990e+08   77  308 2.0000e+10 1466.76872   100%  66.3 6100s
 5594202 4296531 1525.68606   74  326 2.0000e+10 1466.77988   100%  66.3 6105s
 5603243 4304826 1492.79667   52  324 2.0000e+10 1466.79053   100%  66.3 6110s
 5612061 4311391 1.0000e+10   67  313 2.0000e+10 1466.80257   100%  66.3 6115s
 5618508 4317369 3.9685e+09   97  285 2.0000e+10 1466.81221   100%  66.3 6120s
 5626548 4324590 1.6458e+10   89  270 2.0000e+10 1466.82305   100%  66.3 6125s
 5631259 4326623 1513.56603   73  330 2.0000e+10 1466.83166   100%  66.3 6131s
 5636009 4331717 1503.50980   56  330 2.0000e+10 1466.83630   100%  66.3 6135s
 5645556 4339580     cutoff   94      2.0000e+10 1466.85034   100%  66.3 6140s
 5651005 4344070 1508.37222   54  311 2.0000e+10 1466.85740   100%  66.3 6145s
 5659967 4351932 3.8974e+09  114  303 2.0000e+10 1466.87052   100%  66.3 6150s
 5668972 4359172 1.7669e+10  100  281 2.0000e+10 1466.88260   100%  66.3 6155s
 5676873 4365648 7.0579e+09   98  317 2.0000e+10 1466.89338   100%  66.3 6160s
 5683001 4370727 1482.97111   55  343 2.0000e+10 1466.90040   100%  66.3 6165s
 5691108 4378023 1.6161e+10  123  234 2.0000e+10 1466.91194   100%  66.3 6170s
 5697795 4382342     cutoff  168      2.0000e+10 1466.91884   100%  66.3 6176s
 5699772 4384587 4.6382e+09   82  293 2.0000e+10 1466.92161   100%  66.3 6180s
 5707859 4391665 8.9532e+08   82  327 2.0000e+10 1466.93439   100%  66.3 6185s
 5717474 4399897 1.1883e+09   85  326 2.0000e+10 1466.94530   100%  66.3 6190s
 5723864 4405049 1543.94159   68  280 2.0000e+10 1466.95570   100%  66.3 6195s
 5732055 4411675 1551.20256   49  304 2.0000e+10 1466.96478   100%  66.3 6200s
 5740577 4418068 1483.24009   52  349 2.0000e+10 1466.97612   100%  66.3 6205s
 5747374 4424026 1584.13183   78  327 2.0000e+10 1466.98405   100%  66.3 6210s
 5754909 4430020 7.5522e+09  140  313 2.0000e+10 1466.99321   100%  66.3 6215s
 5763725 4437570 1483.70861   60  340 2.0000e+10 1467.00408   100%  66.3 6220s
 5765601 4439215 6.7314e+09   80  314 2.0000e+10 1467.00806   100%  66.3 6225s
 5771898 4444527 1506.23338   74  336 2.0000e+10 1467.01651   100%  66.3 6230s
 5781684 4452252 1.0088e+10  140  316 2.0000e+10 1467.03032   100%  66.3 6235s
 5788396 4458249 1.0000e+10   86  310 2.0000e+10 1467.03889   100%  66.3 6240s
 5798720 4467176 1644.63629   82  296 2.0000e+10 1467.05388   100%  66.3 6245s
 5803647 4470469 1509.59043   63  344 2.0000e+10 1467.06185   100%  66.3 6250s
 5804377 4470474 1497.53749   57  325 2.0000e+10 1467.06325   100%  66.3 6255s
 5808653 4474955 1484.13129   53  341 2.0000e+10 1467.06880   100%  66.3 6260s
 5816930 4481781 infeasible   71      2.0000e+10 1467.07808   100%  66.3 6265s
 5825151 4489794 1536.58384   70  318 2.0000e+10 1467.08894   100%  66.3 6270s
 5831302 4493887 3.5398e+09  107  295 2.0000e+10 1467.09649   100%  66.3 6275s
 5840435 4501675 1474.06734   49  328 2.0000e+10 1467.10776   100%  66.3 6280s
 5848471 4507266 3.5373e+09   87  289 2.0000e+10 1467.11696   100%  66.3 6285s
 5853733 4513177 4.9759e+09   97  318 2.0000e+10 1467.12458   100%  66.3 6290s
 5861769 4519154 1477.43205   48  333 2.0000e+10 1467.13496   100%  66.3 6295s
 5869736 4525798 1.2382e+08   84  325 2.0000e+10 1467.14353   100%  66.3 6300s
 5876412 4530584 1510.44930   57  330 2.0000e+10 1467.15108   100%  66.3 6307s
 5877496 4532187 1.0000e+10  103  331 2.0000e+10 1467.15306   100%  66.3 6310s
 5884985 4537929 1573.29823   69  323 2.0000e+10 1467.16439   100%  66.4 6315s
 5893089 4545479 1641.29547   63  322 2.0000e+10 1467.17607   100%  66.4 6320s
 5901419 4551138 1589.34440   71  329 2.0000e+10 1467.18582   100%  66.4 6325s
 5907444 4556900 1562.04481   70  321 2.0000e+10 1467.19191   100%  66.4 6330s
 5916900 4564528 8.6716e+09  128  323 2.0000e+10 1467.20331   100%  66.4 6335s
 5922528 4569498 2.8525e+09  102  291 2.0000e+10 1467.21085   100%  66.4 6340s
 5931287 4576511 1515.58609   55  321 2.0000e+10 1467.22426   100%  66.4 6345s
 5937554 4581467     cutoff   65      2.0000e+10 1467.23228   100%  66.4 6350s
 5942924 4586046 1.1981e+09   66  336 2.0000e+10 1467.24040   100%  66.4 6356s
 5948834 4590786     cutoff   66      2.0000e+10 1467.24814   100%  66.4 6360s
 5956497 4597292 1617.74432   65  325 2.0000e+10 1467.25770   100%  66.4 6365s
 5965247 4605236 1543.16932   62  327 2.0000e+10 1467.26852   100%  66.4 6370s
 5973138 4610281 1.5728e+10   63  313 2.0000e+10 1467.27749   100%  66.4 6377s
 5973216 4610321 1.6021e+10   64  316 2.0000e+10 1467.27749   100%  66.4 6383s
 5975517 4613064 1513.85710   56  318 2.0000e+10 1467.28254   100%  66.4 6385s
 5983697 4619908 2.0472e+09   73  311 2.0000e+10 1467.29242   100%  66.4 6390s
 5991143 4625310 1.7315e+10  109  302 2.0000e+10 1467.30104   100%  66.4 6395s
 5995935 4630071 6.0096e+09   99  298 2.0000e+10 1467.30616   100%  66.4 6400s
 6004288 4637049 2.1693e+09   92  325 2.0000e+10 1467.31672   100%  66.4 6405s
 6014221 4645451 1628.08656   77  325 2.0000e+10 1467.32840   100%  66.4 6410s
 6022791 4652289 1508.85568   62  327 2.0000e+10 1467.33793   100%  66.4 6415s
 6031141 4659462 1.0000e+10   62  310 2.0000e+10 1467.34674   100%  66.4 6420s
 6039207 4665057 8.7692e+09  147  307 2.0000e+10 1467.35810   100%  66.4 6427s
 6042807 4669242 1525.84223   64  320 2.0000e+10 1467.36460   100%  66.4 6430s
 6051404 4675497 1.7069e+10  158  310 2.0000e+10 1467.37391   100%  66.4 6435s
 6059683 4682762 1518.19912   71  323 2.0000e+10 1467.38260   100%  66.4 6440s
 6068206 4689775 1476.86261   65  336 2.0000e+10 1467.39304   100%  66.4 6445s
 6075548 4695976 1.6824e+10  111  314 2.0000e+10 1467.40284   100%  66.4 6450s
 6081724 4700125 1650.78325   70  316 2.0000e+10 1467.41023   100%  66.4 6458s
 6081876 4701214 3.2738e+08   72  302 2.0000e+10 1467.41025   100%  66.4 6460s
 6089810 4707193 1516.01346   67  327 2.0000e+10 1467.41926   100%  66.4 6465s
 6096516 4712931 1.0000e+10   60  316 2.0000e+10 1467.42865   100%  66.4 6470s
 6101492 4717307 1614.49303   78  301 2.0000e+10 1467.43543   100%  66.4 6475s
 6110099 4724634 1486.98079   47  332 2.0000e+10 1467.44673   100%  66.4 6480s
 6118390 4731110 1602.42962   60  316 2.0000e+10 1467.45657   100%  66.4 6485s
 6122099 4734083 1527.22134   55  319 2.0000e+10 1467.46174   100%  66.4 6490s
 6125878 4738178 1563.43084   82  327 2.0000e+10 1467.46607   100%  66.5 6495s
 6135568 4745599 1495.94599   63  320 2.0000e+10 1467.47853   100%  66.4 6500s
 6143358 4751627 1560.43335   68  331 2.0000e+10 1467.48688   100%  66.4 6505s
 6152264 4758655 1623.30268   72  304 2.0000e+10 1467.49539   100%  66.4 6511s
 6152476 4765469 2.3377e+08   74  314 2.0000e+10 1467.49645   100%  66.4 6516s
 6163262 4768744 2.8689e+09   91  287 2.0000e+10 1467.50941   100%  66.5 6520s
 6172738 4776151 1.6604e+10  127  274 2.0000e+10 1467.52063   100%  66.5 6525s
 6178540 4781469 5.0776e+09  105  314 2.0000e+10 1467.52820   100%  66.4 6530s
 6185757 4787105 1.0000e+10   69  312 2.0000e+10 1467.53642   100%  66.4 6538s
 6187818 4789697 1.0000e+10   64  320 2.0000e+10 1467.53957   100%  66.4 6540s
 6195354 4795355 1516.47132   70  319 2.0000e+10 1467.55122   100%  66.4 6545s
 6203271 4802072 1519.97603   64  319 2.0000e+10 1467.56180   100%  66.5 6550s
 6211868 4809156 1546.75474   60  311 2.0000e+10 1467.57237   100%  66.5 6555s
 6220085 4815620 1524.11604   64  325 2.0000e+10 1467.58295   100%  66.5 6560s
 6224699 4820008 5.3228e+09  106  296 2.0000e+10 1467.58785   100%  66.5 6565s
 6231796 4826034 1.5973e+10  121  297 2.0000e+10 1467.59832   100%  66.5 6570s
 6233698 4826042 1560.35299   70  323 2.0000e+10 1467.60030   100%  66.5 6576s
 6235204 4828213 1535.04473   53  320 2.0000e+10 1467.60141   100%  66.5 6580s
 6242843 4834569 1.4357e+10  154  304 2.0000e+10 1467.61121   100%  66.5 6585s
 6249548 4839311 3.9037e+08   79  305 2.0000e+10 1467.62010   100%  66.5 6590s
 6256990 4846999 1584.28841   82  324 2.0000e+10 1467.62950   100%  66.5 6595s
 6264272 4852630 1.1855e+10   77  293 2.0000e+10 1467.63898   100%  66.5 6600s
 6269482 4857143 1519.86146   59  321 2.0000e+10 1467.64651   100%  66.5 6605s
 6272664 4859764 1.8962e+08   68  324 2.0000e+10 1467.65179   100%  66.5 6984s
 6274228 4860492 1.7738e+09   81  315 2.0000e+10 1467.65337   100%  66.5 6985s
 6282229 4867401 8.9933e+09   75  285 2.0000e+10 1467.66490   100%  66.5 6990s
 6289316 4872299 1506.60835   60  330 2.0000e+10 1467.67381   100%  66.5 6995s
 6297386 4879921 1542.16842   69  314 2.0000e+10 1467.68404   100%  66.5 7000s
 6304342 4884536 6.4030e+09  121  294 2.0000e+10 1467.69157   100%  66.5 7005s
 6304350 4891003 6.8676e+09  122  297 2.0000e+10 1467.69187   100%  66.5 7010s
 6321942 4900233 1491.71690   57  335 2.0000e+10 1467.71285   100%  66.5 7015s
 6329161 4906396 1486.54859   49  322 2.0000e+10 1467.72092   100%  66.5 7020s
 6337256 4912264 1483.99657   58  316 2.0000e+10 1467.73077   100%  66.5 7025s
 6344873 4919320 1479.62936   53  329 2.0000e+10 1467.74114   100%  66.5 7030s
 6354664 4927500 1497.70639   59  338 2.0000e+10 1467.75343   100%  66.5 7035s
 6361943 4933359 1557.78493   60  315 2.0000e+10 1467.76382   100%  66.5 7040s
 6371645 4940479 8.5320e+08   83  305 2.0000e+10 1467.77450   100%  66.5 7046s
 6377576 4946014 2.3095e+09   76  285 2.0000e+10 1467.78305   100%  66.5 7054s
 6379534 4948440 1499.06979   54  337 2.0000e+10 1467.78555   100%  66.5 7055s
 6386709 4953559 1.6977e+10  115  305 2.0000e+10 1467.79228   100%  66.5 7060s
 6393893 4959889 4.0415e+09  111  320 2.0000e+10 1467.80066   100%  66.5 7065s
 6401917 4966916 1588.04466   82  312 2.0000e+10 1467.81112   100%  66.5 7070s
 6411215 4974370 1533.49451   65  331 2.0000e+10 1467.82109   100%  66.5 7075s
 6417322 4979584 1497.31678   54  326 2.0000e+10 1467.82733   100%  66.6 7080s
 6426164 4986132 5.5776e+09  100  319 2.0000e+10 1467.83695   100%  66.6 7090s
 6430670 4991364 7.5362e+09  112  308 2.0000e+10 1467.84298   100%  66.6 7095s
 6438266 4997153 1575.25678   69  294 2.0000e+10 1467.85195   100%  66.6 7100s
 6447750 5003930 1484.19826   54  324 2.0000e+10 1467.86251   100%  66.6 7106s
 6452943 5008978 1516.08798   62  331 2.0000e+10 1467.86937   100%  66.6 7110s
 6461984 5016209 1577.04433   64  325 2.0000e+10 1467.87840   100%  66.6 7115s
 6468957 5021283 1509.11321   63  335 2.0000e+10 1467.88756   100%  66.6 7121s
 6474779 5026689 1487.18908   55  340 2.0000e+10 1467.89286   100%  66.6 7125s
 6484170 5034542 1657.04362   70  298 2.0000e+10 1467.90350   100%  66.6 7130s
 6492456 5040880 1528.45180   57  318 2.0000e+10 1467.91321   100%  66.6 7135s
 6500718 5048782 1530.06190   63  319 2.0000e+10 1467.92240   100%  66.6 7140s
 6507711 5054797 1666.04745   67  297 2.0000e+10 1467.92967   100%  66.6 7145s
 6516252 5061795 6.2996e+07   83  329 2.0000e+10 1467.93890   100%  66.6 7150s
 6521398 5065692 1617.49643   86  320 2.0000e+10 1467.94406   100%  66.6 7155s
 6529758 5072786 1.0000e+10   72  315 2.0000e+10 1467.95410   100%  66.6 7160s
 6538058 5079313 1.4549e+09  102  320 2.0000e+10 1467.96305   100%  66.6 7167s
 6540363 5081749 7.2565e+09   99  271 2.0000e+10 1467.96534   100%  66.6 7170s
 6548343 5087853 1506.32814   55  325 2.0000e+10 1467.97568   100%  66.6 7175s
 6554982 5093302 1509.56309   56  314 2.0000e+10 1467.98396   100%  66.6 7180s
 6562984 5099561 1705.12088   53  306 2.0000e+10 1467.99281   100%  66.6 7185s
 6570151 5106353 1517.14091   66  333 2.0000e+10 1468.00099   100%  66.6 7190s
 6574766 5108639 6.1755e+07   77  320 2.0000e+10 1468.00637   100%  66.6 7198s
 6576022 5110777     cutoff  118      2.0000e+10 1468.00727   100%  66.6 7200s

Cutting planes:
  Gomory: 17
  Clique: 18
  Flow cover: 2
  Zero half: 8

Explored 6577298 nodes (438099829 simplex iterations) in 7200.02 seconds (11881.18 work units)
Thread count was 8 (of 8 available processors)

Solution count 10: 2e+10 2e+10 2e+10 ... 3.99999e+10

Time limit reached
Best objective 2.000000171500e+10, best bound 1.468009931954e+03, gap 100.0000%
