
Gurobi 11.0.1 (mac64[arm]) logging started Sat Feb  8 18:00:22 2025

Set parameter LogFile to value "logs_new/salida_modelo_caminos_300_567_2.log"
Set parameter TimeLimit to value 7200
Gurobi Optimizer version 11.0.1 build v11.0.1rc0 (mac64[arm] - Darwin 24.3.0 24D60)

CPU model: Apple M2
Thread count: 8 physical cores, 8 logical processors, using up to 8 threads

Optimize a model with 553 rows, 1578 columns and 6502 nonzeros
Coefficient statistics:
  Matrix range     [1e+00, 1e+00]
  Objective range  [2e+00, 1e+10]
  Bounds range     [0e+00, 0e+00]
  RHS range        [1e+00, 2e+02]
Warning: Model contains large objective coefficients
         Consider reformulating model or setting NumericFocus parameter
         to avoid numerical issues.

Solved in 0 iterations and 0.00 seconds (0.00 work units)
Optimal objective  1.177000000e+03
Gurobi Optimizer version 11.0.1 build v11.0.1rc0 (mac64[arm] - Darwin 24.3.0 24D60)

CPU model: Apple M2
Thread count: 8 physical cores, 8 logical processors, using up to 8 threads

Optimize a model with 553 rows, 1578 columns and 6502 nonzeros
Model fingerprint: 0xabd43d66
Variable types: 0 continuous, 1578 integer (1578 binary)
Coefficient statistics:
  Matrix range     [1e+00, 1e+00]
  Objective range  [2e+00, 1e+10]
  Bounds range     [0e+00, 0e+00]
  RHS range        [1e+00, 2e+02]
Warning: Model contains large objective coefficients
         Consider reformulating model or setting NumericFocus parameter
         to avoid numerical issues.
Found heuristic solution: objective 3.000000e+12
Presolve removed 250 rows and 0 columns
Presolve time: 0.01s
Presolved: 303 rows, 1578 columns, 6217 nonzeros
Variable types: 0 continuous, 1578 integer (1578 binary)
Found heuristic solution: objective 2.900000e+12

Root relaxation: objective 1.177000e+03, 1555 iterations, 0.05 seconds (0.08 work units)

    Nodes    |    Current Node    |     Objective Bounds      |     Work
 Expl Unexpl |  Obj  Depth IntInf | Incumbent    BestBd   Gap | It/Node Time

     0     0 1177.00000    0  251 2.9000e+12 1177.00000   100%     -    0s
H    0     0                    3.800000e+11 1177.00000   100%     -    0s
H    0     0                    3.100000e+11 1177.00000   100%     -    0s
H    0     0                    2.400000e+11 1177.00000   100%     -    0s
H    0     0                    2.300000e+11 1177.00000   100%     -    0s
H    0     0                    1.900000e+11 1177.00000   100%     -    0s
     0     0 1178.61334    0  279 1.9000e+11 1178.61334   100%     -    0s
     0     0 1178.90246    0  286 1.9000e+11 1178.90246   100%     -    0s
H    0     0                    1.400000e+11 1178.90246   100%     -    0s
     0     0 1179.00123    0  286 1.4000e+11 1179.00123   100%     -    0s
     0     0 1179.00206    0  286 1.4000e+11 1179.00206   100%     -    0s
     0     0 1179.05811    0  287 1.4000e+11 1179.05811   100%     -    0s
     0     0 1179.06101    0  288 1.4000e+11 1179.06101   100%     -    0s
     0     0 1179.06157    0  286 1.4000e+11 1179.06157   100%     -    0s
     0     0 1179.08222    0  291 1.4000e+11 1179.08222   100%     -    0s
     0     0 1179.08438    0  294 1.4000e+11 1179.08438   100%     -    0s
     0     0 1179.08502    0  296 1.4000e+11 1179.08502   100%     -    0s
     0     0 1179.09710    0  294 1.4000e+11 1179.09710   100%     -    0s
     0     0 1179.09710    0  294 1.4000e+11 1179.09710   100%     -    0s
     0     2 1179.10303    0  294 1.4000e+11 1179.10303   100%     -    0s
H   36    40                    1.300000e+11 1180.46627   100%  87.6    0s
H  111   120                    1.200000e+11 1180.68502   100%  93.9    0s
H  113   120                    9.000000e+10 1180.68502   100%  93.2    0s
H  380   385                    7.000000e+10 1180.68502   100%  76.4    1s
H  604   622                    6.000000e+10 1180.68502   100%  74.8    1s
  1838  1714 1221.55360   30  246 6.0000e+10 1180.73342   100%  74.2    5s
H 1839  1633                    5.000000e+10 1180.73342   100%  74.2    5s
H 1984  1654                    4.000000e+10 1180.73342   100%  73.0    6s
  4499  3126 1206.30614   25  259 4.0000e+10 1181.47236   100%  72.3   10s
H 4789  3102                    4.000000e+10 1181.47236   100%  72.9   11s
H 4795  3031                    4.000000e+10 1181.47236   100%  73.0   11s
H 4942  3044                    3.999998e+10 1181.47236   100%  73.2   11s
H 5169  3102                    3.999998e+10 1181.47236   100%  72.8   12s
  7249  5121 infeasible   88      4.0000e+10 1183.03499   100%  72.1   16s
  8835  6321 1.2632e+10   88  243 4.0000e+10 1183.39046   100%  71.0   20s
  9930  7510 1.3154e+10   79  229 4.0000e+10 1183.82897   100%  71.0   25s
 14376 11064 1.6233e+10   69  222 4.0000e+10 1185.13924   100%  69.9   30s
 18217 14242 1198.66749   34  253 4.0000e+10 1186.03796   100%  69.2   36s
 21578 17190 infeasible  133      4.0000e+10 1186.58766   100%  68.9   41s
 24052 19846 1211.02798   25  243 4.0000e+10 1186.77565   100%  68.4   45s
 28766 24228 4.8582e+09   66  213 4.0000e+10 1187.32692   100%  68.3   50s
 29768 24229 2.0680e+10  112  294 4.0000e+10 1187.32692   100%  68.3   58s
 29777 24235 2.0567e+10   93  301 4.0000e+10 1187.32692   100%  68.2   60s
 29789 24243 1223.31491   29  304 4.0000e+10 1187.32692   100%  68.2   65s
H29798 23036                    3.000000e+10 1187.32692   100%  68.2   69s
 29800 23037 1.8719e+10   96  306 3.0000e+10 1187.32692   100%  68.2   70s
 29812 23045 3.0000e+10   76  318 3.0000e+10 1187.32692   100%  68.2   75s
H29815 21893                    3.000000e+10 1187.32692   100%  68.1   77s
H29822 20803                    3.000000e+10 1187.32692   100%  68.1   80s
H29823 19762                    2.999999e+10 1187.32692   100%  68.1   80s
H29831 18778                    2.999999e+10 1187.32692   100%  68.1   84s
H29832 17839                    2.999998e+10 1187.32692   100%  68.1   84s
 29833 17839 2.0856e+10   91  319 3.0000e+10 1187.32692   100%  68.1   85s
H29842 16951                    2.999997e+10 1187.32692   100%  68.1   90s
H29955 16186                    2.999997e+10 1187.32692   100%  68.4   91s
 30196 16347 1228.02157   47  259 3.0000e+10 1187.32692   100%  68.4   95s
 32266 17505 1.6227e+10   99  216 3.0000e+10 1187.32692   100%  68.5  100s
 34567 18772 4.4013e+09   78  229 3.0000e+10 1187.32692   100%  68.9  105s
 38070 20359 1.0119e+10  113  224 3.0000e+10 1187.32692   100%  68.9  111s
 42835 22666 2.0161e+10   77  219 3.0000e+10 1187.32692   100%  68.6  117s
 42900 22738 2.0598e+10   79  232 3.0000e+10 1187.32692   100%  68.6  120s
 48618 26495 2.5080e+10  124  245 3.0000e+10 1188.06740   100%  67.8  125s
 58447 31109 1.0494e+10   78  245 3.0000e+10 1189.65206   100%  66.0  130s
 68354 36658 1289.98950   64  236 3.0000e+10 1190.52262   100%  64.4  135s
 73310 39300 5.2273e+09  100  220 3.0000e+10 1190.88989   100%  63.8  140s
 85888 47921 2.5231e+10   79  224 3.0000e+10 1191.91351   100%  61.9  145s
 95333 56411 2.1876e+10   67  237 3.0000e+10 1192.47326   100%  61.3  150s
 110497 69450 2.1934e+10  109  221 3.0000e+10 1193.28862   100%  59.5  155s
 120415 77112 2.6425e+08   49  232 3.0000e+10 1193.82140   100%  58.4  160s
H125869 81817                    2.999996e+10 1194.08702   100%  58.0  161s
 131460 87118 1265.58043   58  233 3.0000e+10 1194.31169   100%  57.7  165s
 142820 96023 8.2220e+09  100  234 3.0000e+10 1194.70029   100%  57.1  171s
 151511 103699 1.5805e+10   91  251 3.0000e+10 1195.03534   100%  56.6  175s
 164554 114698 5.6721e+08   58  214 3.0000e+10 1195.48524   100%  55.9  180s
 177464 126001 9.1733e+09  101  230 3.0000e+10 1195.87063   100%  55.3  186s
 187751 134469 1262.11735   50  237 3.0000e+10 1196.16014   100%  54.9  190s
 200512 145333 1201.05527   35  263 3.0000e+10 1196.50944   100%  54.7  195s
 209553 152459 1244.23073   40  250 3.0000e+10 1196.70003   100%  54.4  200s
 219996 161506 1270.76186   56  238 3.0000e+10 1196.95284   100%  54.2  205s
 222529 169342 2.2929e+10   61  232 3.0000e+10 1197.00642   100%  54.2  211s
 240602 178141 1250.37909   60  232 3.0000e+10 1197.38540   100%  53.8  216s
 252464 188715     cutoff  146      3.0000e+10 1197.65368   100%  53.4  220s
H258064 192748                    2.999996e+10 1197.78999   100%  53.3  224s
 259743 195016 7.3999e+08   63  258 3.0000e+10 1197.83697   100%  53.2  225s
 271489 203958 1236.35551   55  232 3.0000e+10 1198.04778   100%  52.8  230s
 285207 216575 1295.39782   54  252 3.0000e+10 1198.34350   100%  52.4  235s
 296534 225307 1302.42383   47  204 3.0000e+10 1198.54276   100%  52.0  240s
 305910 234127 2.0606e+10  128  205 3.0000e+10 1198.71129   100%  51.6  245s
 324247 249692 9.9546e+09   79  223 3.0000e+10 1199.02454   100%  51.1  250s
 333692 256880 2.5826e+10   85  213 3.0000e+10 1199.13569   100%  50.9  255s
 346749 268200 3.8133e+09   69  242 3.0000e+10 1199.34031   100%  50.5  261s
 358184 278641 1.1272e+08   59  211 3.0000e+10 1199.49794   100%  50.4  265s
 372264 290062 4.3058e+09   55  230 3.0000e+10 1199.70690   100%  50.2  270s
 381003 297213 9.1091e+08   79  222 3.0000e+10 1199.86031   100%  50.0  275s
 392665 306439 1248.62173   45  230 3.0000e+10 1200.00682   100%  49.7  280s
 405612 317827 1269.18632   52  223 3.0000e+10 1200.16785   100%  49.5  285s
 419655 329701 1302.71732   47  225 3.0000e+10 1200.36394   100%  49.3  290s
 428825 337541 1205.48026   40  264 3.0000e+10 1200.50319   100%  49.3  295s
 442960 349539 4.7828e+08   75  250 3.0000e+10 1200.70676   100%  49.1  300s
 453854 358000 1302.82279   56  231 3.0000e+10 1200.82974   100%  49.0  305s
 462779 365684 1.1467e+10   47  227 3.0000e+10 1200.93201   100%  48.9  310s
 476074 377313 1208.55937   45  257 3.0000e+10 1201.07704   100%  48.7  315s
 492149 390558 1224.83386   41  251 3.0000e+10 1201.24715   100%  48.4  320s
 499835 396200 7.3233e+08   70  228 3.0000e+10 1201.32698   100%  48.3  325s
 511358 406522 2.5653e+10  118  221 3.0000e+10 1201.46202   100%  48.1  330s
 526755 419337 1.3492e+10   95  243 3.0000e+10 1201.63232   100%  47.9  335s
 545168 434657 1316.42174   65  213 3.0000e+10 1201.82921   100%  47.6  340s
 556555 444610 1253.26457   43  240 3.0000e+10 1201.94558   100%  47.4  345s
 572572 457605 1.4151e+10   81  238 3.0000e+10 1202.09491   100%  47.3  350s
 585351 468498 1245.68130   48  235 3.0000e+10 1202.22299   100%  47.1  355s
 596933 477808 1220.99940   43  259 3.0000e+10 1202.34221   100%  47.1  360s
 610175 488350 1264.97892   67  246 3.0000e+10 1202.47125   100%  46.9  365s
 615690 492644 2.4106e+09   78  221 3.0000e+10 1202.51127   100%  46.9  371s
 629661 505446 1209.03486   43  256 3.0000e+10 1202.63797   100%  46.7  375s
 648307 520970 1251.77728   58  231 3.0000e+10 1202.76922   100%  46.5  380s
 660052 531262 2.0644e+10  119  208 3.0000e+10 1202.85843   100%  46.4  385s
 666402 536182 1231.54462   47  229 3.0000e+10 1202.91065   100%  46.3  390s
 674997 544231 2.2400e+10  129  227 3.0000e+10 1202.97653   100%  46.2  395s
 689860 555363 3.5303e+09   65  241 3.0000e+10 1203.09456   100%  46.2  400s
 704933 568191 1266.74178   40  240 3.0000e+10 1203.20305   100%  46.0  405s
 715095 577914 1.0000e+10   54  212 3.0000e+10 1203.28523   100%  45.9  410s
 730156 589801 1.1703e+10   88  252 3.0000e+10 1203.42374   100%  45.8  415s
 744252 603980 2.7799e+09   72  229 3.0000e+10 1203.53502   100%  45.7  420s
 755751 611892 6.4238e+08   50  236 3.0000e+10 1203.60884   100%  45.6  425s
 768190 621251 1278.20857   60  245 3.0000e+10 1203.68230   100%  45.5  432s
 778338 630471 5.8853e+09  130  243 3.0000e+10 1203.76703   100%  45.4  435s
 792411 642353 1.2387e+09   74  232 3.0000e+10 1203.86803   100%  45.3  440s
 806415 654308 1.3798e+10   83  188 3.0000e+10 1203.96381   100%  45.1  445s
 821011 666647 1295.30905   75  254 3.0000e+10 1204.05435   100%  45.0  450s
 833195 675874 1276.59254   50  216 3.0000e+10 1204.13275   100%  44.8  455s
 840558 683233 1.1568e+10   90  237 3.0000e+10 1204.17855   100%  44.8  460s
 860795 700531     cutoff  110      3.0000e+10 1204.30999   100%  44.5  465s
 871903 709776 2.2877e+10  125  223 3.0000e+10 1204.37552   100%  44.5  470s
 886774 722037 8.3754e+09   87  217 3.0000e+10 1204.48261   100%  44.3  475s
 903021 735725 2.7887e+08   65  235 3.0000e+10 1204.58067   100%  44.2  480s
 914333 745104 8.8742e+08   70  240 3.0000e+10 1204.65769   100%  44.1  485s
 929881 758122 6.1462e+08   56  220 3.0000e+10 1204.74518   100%  44.0  490s
 945833 770785 1.0933e+10   60  229 3.0000e+10 1204.83834   100%  43.9  498s
 945841 770969 1.0991e+10   61  229 3.0000e+10 1204.84079   100%  43.9  500s
 956998 781139 1219.59850   39  253 3.0000e+10 1204.90834   100%  43.8  505s
 971014 792951 2.6819e+09   48  229 3.0000e+10 1204.98761   100%  43.7  510s
 976642 798199 1.5693e+10  100  211 3.0000e+10 1205.03239   100%  43.7  515s
 995937 813391 1.6192e+10  109  202 3.0000e+10 1205.14556   100%  43.5  520s
 1009480 825254 9.5346e+08   57  246 3.0000e+10 1205.21668   100%  43.4  525s
 1025433 838787 1.0237e+10  103  240 3.0000e+10 1205.31263   100%  43.3  530s
 1038549 849987 1287.31856   66  240 3.0000e+10 1205.38461   100%  43.2  535s
 1046726 856435 2.0206e+08   50  246 3.0000e+10 1205.43285   100%  43.2  540s
 1064005 870772 1221.59192   43  260 3.0000e+10 1205.53036   100%  43.1  545s
 1077301 881789 4.2817e+08   51  242 3.0000e+10 1205.61184   100%  43.0  550s
 1087679 890359 6.1330e+08   48  232 3.0000e+10 1205.65988   100%  43.0  555s
 1102159 902888 1287.09540   63  239 3.0000e+10 1205.72766   100%  42.9  560s
 1120411 918185 1320.90868   67  255 3.0000e+10 1205.81000   100%  42.8  565s
 1126313 924256 2.4987e+10  119  238 3.0000e+10 1205.83080   100%  42.8  570s
 1139855 935235 9.1936e+08   64  258 3.0000e+10 1205.89212   100%  42.7  575s
 1156817 948342 2.0911e+09   53  232 3.0000e+10 1205.97920   100%  42.6  580s
 1170375 959439 1303.55517   45  236 3.0000e+10 1206.04135   100%  42.6  586s
 1175245 964185 2.0000e+10   66  225 3.0000e+10 1206.06659   100%  42.6  590s
 1192645 978720 1236.76873   45  248 3.0000e+10 1206.14828   100%  42.5  595s
 1204952 989277 1285.78500   50  228 3.0000e+10 1206.21071   100%  42.4  600s
 1223695 1004720 4.6136e+09   64  233 3.0000e+10 1206.31138   100%  42.3  605s
 1237662 1016743 1279.60925   44  238 3.0000e+10 1206.38254   100%  42.2  610s
 1250975 1028059 1229.11879   47  245 3.0000e+10 1206.45489   100%  42.2  615s
 1261486 1036443 2.3211e+10  125  231 3.0000e+10 1206.50944   100%  42.1  620s
 1274130 1046414 1.4703e+10   82  197 3.0000e+10 1206.57141   100%  42.1  626s
 1283419 1054087 1.7679e+10  110  217 3.0000e+10 1206.61181   100%  42.1  630s
 1299961 1068198 1.0000e+10   52  252 3.0000e+10 1206.69180   100%  42.0  635s
 1311534 1077458 1274.66476   49  233 3.0000e+10 1206.74383   100%  42.0  640s
 1323162 1087192 1.5394e+10   53  225 3.0000e+10 1206.79608   100%  42.0  645s
 1335095 1096996 1252.83224   51  222 3.0000e+10 1206.85045   100%  41.9  652s
 1338062 1099853 1228.73238   41  241 3.0000e+10 1206.86884   100%  41.9  655s
 1353715 1112227 1260.44291   48  235 3.0000e+10 1206.92913   100%  41.9  660s
 1369529 1126558 2.9573e+08   71  236 3.0000e+10 1206.99556   100%  41.8  665s
 1382730 1136581 1234.89576   47  248 3.0000e+10 1207.05719   100%  41.8  671s
 1396712 1149121 1274.89315   60  224 3.0000e+10 1207.11595   100%  41.7  675s
 1416040 1165211     cutoff  128      3.0000e+10 1207.20201   100%  41.7  680s
 1428400 1175114 2.5551e+09   78  238 3.0000e+10 1207.24901   100%  41.6  685s
 1438998 1184298 1.5296e+10  114  218 3.0000e+10 1207.28888   100%  41.6  690s
 1451446 1194856 1.3222e+09   64  250 3.0000e+10 1207.34612   100%  41.5  695s
 1464885 1206035 1.7757e+09   66  246 3.0000e+10 1207.39527   100%  41.5  700s
 1471155 1210129     cutoff  119      3.0000e+10 1207.42163   100%  41.5  705s
 1479438 1218482 1240.12341   54  252 3.0000e+10 1207.45608   100%  41.5  710s
 1491666 1228326 1.6349e+10   57  234 3.0000e+10 1207.50113   100%  41.5  715s
 1509645 1244178 1218.75712   47  264 3.0000e+10 1207.56971   100%  41.4  720s
 1522830 1253640 1214.99183   42  255 3.0000e+10 1207.62589   100%  41.3  725s
 1539910 1269576 1.1638e+10   88  247 3.0000e+10 1207.69601   100%  41.2  730s
 1555431 1282395 1.3213e+10   61  241 3.0000e+10 1207.74801   100%  41.2  735s
 1567277 1291715 1.3401e+10  108  260 3.0000e+10 1207.79403   100%  41.2  740s
 1581410 1303069 1.5507e+10   89  216 3.0000e+10 1207.83854   100%  41.1  746s
 1591271 1312224 2.2565e+10  105  229 3.0000e+10 1207.87193   100%  41.1  750s
 1601494 1323887 1253.10619   41  212 3.0000e+10 1207.90883   100%  41.1  756s
 1615870 1332388 1224.20630   50  249 3.0000e+10 1207.95924   100%  41.0  761s
 1624781 1340755 1233.16729   40  255 3.0000e+10 1207.98851   100%  41.0  765s
 1631372 1351595 1.6771e+10   96  234 3.0000e+10 1208.01281   100%  41.0  770s
 1651031 1362078 3.4115e+08   57  240 3.0000e+10 1208.07786   100%  41.0  775s
 1666511 1375263 9.7609e+09  104  248 3.0000e+10 1208.12834   100%  40.9  780s
 1681510 1387704 1251.31727   50  244 3.0000e+10 1208.17722   100%  40.9  785s
 1685283 1390396 2.3174e+10  125  231 3.0000e+10 1208.19207   100%  40.9  790s
 1701004 1403544 2.8962e+09   58  221 3.0000e+10 1208.24805   100%  40.8  795s
 1715832 1415940 1.0080e+08   59  237 3.0000e+10 1208.30450   100%  40.8  800s
 1729110 1427145 5.6920e+09   63  244 3.0000e+10 1208.34802   100%  40.8  805s
 1740383 1435568 5.7373e+09   46  245 3.0000e+10 1208.39094   100%  40.8  810s
 1757486 1449845     cutoff  154      3.0000e+10 1208.45168   100%  40.7  815s
 1771181 1461397     cutoff   61      3.0000e+10 1208.50655   100%  40.7  820s
 1781136 1469364 2.5959e+08   63  257 3.0000e+10 1208.54037   100%  40.7  826s
 1790791 1478665 1.0474e+10  113  235 3.0000e+10 1208.57014   100%  40.7  830s
 1806108 1490090 2.1614e+10  143  210 3.0000e+10 1208.62306   100%  40.6  835s
 1819310 1502034 2.1365e+10  130  244 3.0000e+10 1208.66675   100%  40.6  840s
 1834692 1514387 4.8944e+09   61  248 3.0000e+10 1208.72037   100%  40.6  845s
 1849241 1526734 7.7802e+08   79  226 3.0000e+10 1208.77137   100%  40.6  850s
 1860269 1536047 1221.94080   47  258 3.0000e+10 1208.80036   100%  40.5  855s
 1875672 1549513 1230.10772   43  270 3.0000e+10 1208.84772   100%  40.5  860s
 1886889 1558020 2.7858e+08   53  228 3.0000e+10 1208.88028   100%  40.5  865s
 1900592 1569993 1.2610e+10   68  211 3.0000e+10 1208.92799   100%  40.5  870s
 1910195 1576807 4.6506e+09   58  205 3.0000e+10 1208.95758   100%  40.5  875s
 1925722 1590462 1298.44872   52  228 3.0000e+10 1209.00448   100%  40.4  880s
 1937428 1600833     cutoff  128      3.0000e+10 1209.03860   100%  40.4  885s
 1953901 1613578 infeasible   63      3.0000e+10 1209.08254   100%  40.4  890s
 1959919 1619167 1.0000e+10   52  210 3.0000e+10 1209.10623   100%  40.4  895s
 1974680 1630210     cutoff   82      3.0000e+10 1209.14949   100%  40.4  900s
 1989273 1643777 1218.00724   47  258 3.0000e+10 1209.20051   100%  40.4  905s
 1999845 1652417 1279.91957   46  240 3.0000e+10 1209.22465   100%  40.3  910s
 2011220 1662217 1218.11785   46  234 3.0000e+10 1209.26786   100%  40.3  915s
 2031795 1679140 1.6711e+10  108  250 3.0000e+10 1209.32005   100%  40.3  920s
 2045705 1689824 1226.71820   48  247 3.0000e+10 1209.36211   100%  40.2  925s
 2052059 1696105     cutoff  128      3.0000e+10 1209.38101   100%  40.3  930s
 2065892 1707589 8.8095e+08   62  223 3.0000e+10 1209.41954   100%  40.3  935s
 2080594 1719110 1265.55854   56  218 3.0000e+10 1209.46069   100%  40.3  940s
 2091229 1728142 1254.50450   56  254 3.0000e+10 1209.49395   100%  40.3  945s
 2103875 1737701 6.6240e+08   63  249 3.0000e+10 1209.53045   100%  40.3  950s
 2119976 1751847 4.6092e+08   55  235 3.0000e+10 1209.57387   100%  40.2  955s
 2133692 1762488 1.5356e+09   64  247 3.0000e+10 1209.61228   100%  40.2  960s
 2142048 1769682 1.5006e+10   66  233 3.0000e+10 1209.63532   100%  40.2  965s
 2156021 1781657 4.0324e+08   54  239 3.0000e+10 1209.68037   100%  40.2  970s
 2166357 1790518 1.4990e+09   64  230 3.0000e+10 1209.71286   100%  40.2  975s
 2179573 1801451     cutoff  159      3.0000e+10 1209.74905   100%  40.1  980s
 2196072 1814532 1.0028e+10  120  248 3.0000e+10 1209.79622   100%  40.1  985s
 2211505 1827358 1.7832e+10   63  242 3.0000e+10 1209.83435   100%  40.1  990s
 2220882 1834480 1239.37885   48  252 3.0000e+10 1209.85547   100%  40.1  995s
 2233785 1847569 2.0315e+09   59  220 3.0000e+10 1209.88629   100%  40.1 1000s
 2245825 1855093 2.1608e+09   54  229 3.0000e+10 1209.91337   100%  40.1 1006s
 2256750 1864892 1300.65507   53  227 3.0000e+10 1209.94118   100%  40.0 1010s
 2271604 1876977 9.6087e+08   69  219 3.0000e+10 1209.98643   100%  40.0 1015s
 2286690 1890398 8.3689e+09  122  228 3.0000e+10 1210.02515   100%  40.0 1020s
 2301693 1902361 6.2776e+08   63  234 3.0000e+10 1210.06463   100%  40.0 1025s
 2312801 1911734 3.8667e+09  103  238 3.0000e+10 1210.10067   100%  40.0 1030s
 2332126 1928097 2.4966e+09   59  241 3.0000e+10 1210.14843   100%  39.9 1035s
 2348007 1941405 1.4327e+10   91  224 3.0000e+10 1210.19144   100%  39.9 1040s
 2355516 1947285 1240.12518   36  260 3.0000e+10 1210.21708   100%  39.9 1045s
 2373546 1962823 4.8988e+09   64  213 3.0000e+10 1210.26044   100%  39.9 1050s
 2387070 1974305 1.4936e+10   53  237 3.0000e+10 1210.29691   100%  39.8 1055s
 2395515 1979922 1.4408e+10   99  249 3.0000e+10 1210.31696   100%  39.8 1060s
 2405734 1989518 5.3045e+08   63  230 3.0000e+10 1210.34396   100%  39.8 1065s
 2412243 2000393 1215.36529   40  257 3.0000e+10 1210.36162   100%  39.8 1071s
 2436470 2015151 1228.60652   37  259 3.0000e+10 1210.42995   100%  39.8 1075s
 2454034 2030134     cutoff  102      3.0000e+10 1210.47140   100%  39.7 1080s
 2468315 2041874 2.1006e+09   67  222 3.0000e+10 1210.51091   100%  39.7 1085s
 2476916 2048737 3.3632e+09   68  221 3.0000e+10 1210.52884   100%  39.7 1090s
 2494487 2062498 2.2843e+10   93  205 3.0000e+10 1210.57569   100%  39.7 1095s
 2501724 2068559 1235.38294   46  251 3.0000e+10 1210.59111   100%  39.7 1100s
 2522782 2086557 1226.41957   48  243 3.0000e+10 1210.63971   100%  39.7 1105s
 2533015 2095775 1224.07575   47  248 3.0000e+10 1210.66502   100%  39.7 1110s
 2548645 2108491 1234.88987   43  251 3.0000e+10 1210.70503   100%  39.7 1115s
 2564363 2120845 1223.20643   44  250 3.0000e+10 1210.74145   100%  39.7 1120s
 2569368 2124877 1220.34762   42  262 3.0000e+10 1210.75580   100%  39.7 1125s
 2588460 2140387 7.9628e+09  149  216 3.0000e+10 1210.79944   100%  39.7 1130s
 2603420 2152474 1238.64141   49  252 3.0000e+10 1210.84327   100%  39.7 1135s
 2612118 2159386 1239.90285   51  244 3.0000e+10 1210.86099   100%  39.7 1140s
 2628071 2173021 1.4366e+10  114  226 3.0000e+10 1210.89946   100%  39.6 1145s
 2640393 2189258 8.8643e+07   59  233 3.0000e+10 1210.92812   100%  39.6 1151s
 2655784 2197906 1.2962e+10   93  226 3.0000e+10 1210.96765   100%  39.6 1155s
 2670998 2207979 1241.89973   48  237 3.0000e+10 1211.00340   100%  39.6 1160s
 2679310 2214788 1230.55192   45  229 3.0000e+10 1211.02494   100%  39.6 1166s
 2691785 2225874 1.1581e+10  114  249 3.0000e+10 1211.05235   100%  39.6 1170s
 2710564 2241421 1224.48208   36  253 3.0000e+10 1211.09333   100%  39.6 1175s
 2724399 2253165 2.0000e+09   62  213 3.0000e+10 1211.12426   100%  39.6 1180s
 2738007 2263747     cutoff  118      3.0000e+10 1211.15284   100%  39.5 1185s
 2751881 2275886 1.5428e+10   79  169 3.0000e+10 1211.18593   100%  39.5 1190s
 2758314 2281131 1.3753e+10   59  229 3.0000e+10 1211.20043   100%  39.5 1195s
 2773858 2294168 5.0000e+09   47  249 3.0000e+10 1211.23785   100%  39.5 1200s
 2783690 2301403 1.5586e+09   68  240 3.0000e+10 1211.26038   100%  39.5 1206s
 2791287 2309038 1.7644e+10   90  220 3.0000e+10 1211.27921   100%  39.5 1210s
 2810471 2324157 6.2345e+07   72  236 3.0000e+10 1211.31958   100%  39.5 1215s
 2821439 2333378 1246.57889   55  237 3.0000e+10 1211.34218   100%  39.5 1220s
 2839670 2348937 1241.67023   44  248 3.0000e+10 1211.37828   100%  39.5 1225s
 2854036 2360549 3.0798e+09   75  238 3.0000e+10 1211.40615   100%  39.5 1230s
 2865016 2369771 1.9641e+09   70  244 3.0000e+10 1211.42974   100%  39.4 1235s
 2884649 2385604 1.0000e+10   48  224 3.0000e+10 1211.47597   100%  39.4 1240s
 2896555 2396540 1275.78055   56  236 3.0000e+10 1211.50221   100%  39.4 1245s
H2905786 2177827                    2.000000e+10 1211.52285   100%  39.4 1248s
 2908597 2181022 1293.57021   63  253 2.0000e+10 1211.53227   100%  39.4 1250s
 2919198 2188591 1.0095e+10  107  242 2.0000e+10 1211.55535   100%  39.4 1257s
 2921333 2190903 1278.22004   56  243 2.0000e+10 1211.56377   100%  39.4 1260s
 2935290 2203160 5.4449e+09   84  192 2.0000e+10 1211.60011   100%  39.4 1265s
 2945890 2210860 1225.89339   53  225 2.0000e+10 1211.62097   100%  39.4 1270s
H2946238 2198008                    2.000000e+10 1211.62105   100%  39.4 1270s
H2946304 2198215                    1.999999e+10 1211.62105   100%  39.4 1271s
 2956746 2206567 1269.47390   64  228 2.0000e+10 1211.65039   100%  39.4 1275s
 2971757 2219477 1.0993e+09   63  242 2.0000e+10 1211.68983   100%  39.4 1280s
H2974837 2221216                    1.999999e+10 1211.69554   100%  39.4 1281s
 2984339 2230169 4.3814e+08   75  245 2.0000e+10 1211.72265   100%  39.4 1285s
 2998269 2241290 1.2288e+09   69  242 2.0000e+10 1211.75890   100%  39.4 1290s
H3010291 2250335                    1.999999e+10 1211.79637   100%  39.4 1293s
 3010795 2250340     cutoff   74      2.0000e+10 1211.79818   100%  39.4 1295s
 3024706 2261788 1.0000e+10   51  215 2.0000e+10 1211.83448   100%  39.4 1300s
 3037341 2272452 8.5339e+08   57  235 2.0000e+10 1211.86917   100%  39.4 1305s
 3046027 2279529 1.6460e+09   55  248 2.0000e+10 1211.89618   100%  39.4 1310s
 3057195 2289053 1.2084e+10  113  221 2.0000e+10 1211.92439   100%  39.4 1315s
 3072892 2300799 2.7647e+09   71  240 2.0000e+10 1211.96292   100%  39.4 1320s
 3087475 2312332 1217.17196   48  245 2.0000e+10 1211.99607   100%  39.4 1325s
 3099957 2323138 8.3774e+09   96  224 2.0000e+10 1212.02631   100%  39.4 1331s
 3112251 2332647 1252.08511   57  247 2.0000e+10 1212.05825   100%  39.4 1336s
 3118216 2338237 1225.36444   44  259 2.0000e+10 1212.07142   100%  39.4 1340s
 3134291 2351783 1.6981e+10   67  229 2.0000e+10 1212.10966   100%  39.3 1345s
 3151455 2364334 4.3126e+09   68  208 2.0000e+10 1212.15300   100%  39.3 1350s
 3164064 2374638 1284.46097   52  234 2.0000e+10 1212.18381   100%  39.4 1357s
 3170624 2380894 1232.00740   53  249 2.0000e+10 1212.20011   100%  39.3 1360s
 3184469 2392077 1.1180e+09   69  228 2.0000e+10 1212.23399   100%  39.3 1365s
 3197816 2402411 1249.81443   49  260 2.0000e+10 1212.26407   100%  39.4 1370s
 3214165 2414595 2.1547e+07   75  239 2.0000e+10 1212.30504   100%  39.4 1375s
 3228867 2426830 1.1118e+08   56  248 2.0000e+10 1212.34081   100%  39.4 1380s
 3232887 2431038 1241.61737   52  262 2.0000e+10 1212.35056   100%  39.4 1385s
 3246797 2441668 2.5327e+08   55  250 2.0000e+10 1212.38630   100%  39.4 1390s
 3262832 2454427 1307.94015   69  255 2.0000e+10 1212.42609   100%  39.4 1395s
 3279534 2467707 1.0557e+09   67  258 2.0000e+10 1212.46229   100%  39.4 1400s
 3292578 2478004 1214.30402   40  245 2.0000e+10 1212.48876   100%  39.4 1405s
 3297988 2482708 1299.36988   62  223 2.0000e+10 1212.49820   100%  39.4 1410s
 3313170 2494844 1235.64161   45  256 2.0000e+10 1212.53386   100%  39.4 1415s
 3327736 2506758 1289.36388   62  227 2.0000e+10 1212.57080   100%  39.4 1420s
 3344012 2519045 1308.47933   57  219 2.0000e+10 1212.60366   100%  39.4 1425s
 3358271 2531345 3.3287e+07   56  248 2.0000e+10 1212.63572   100%  39.4 1430s
 3363329 2535755 4.6317e+09   98  217 2.0000e+10 1212.64465   100%  39.4 1435s
 3380353 2549066 3.3762e+09   66  236 2.0000e+10 1212.68200   100%  39.4 1440s
 3394833 2561045 1267.34681   52  234 2.0000e+10 1212.71812   100%  39.4 1445s
 3411292 2574016 1293.93650   63  251 2.0000e+10 1212.75073   100%  39.3 1450s
 3424628 2585357 1233.59106   43  241 2.0000e+10 1212.77872   100%  39.3 1455s
 3439700 2596552 1.0850e+10   76  230 2.0000e+10 1212.81150   100%  39.3 1460s
 3447556 2603938 4.7845e+08   46  255 2.0000e+10 1212.82877   100%  39.3 1465s
 3462516 2615221 3.0231e+09   59  254 2.0000e+10 1212.85625   100%  39.3 1470s
 3472890 2623810 1276.94802   56  228 2.0000e+10 1212.88327   100%  39.3 1476s
H3473833 2623781                    1.999999e+10 1212.88490   100%  39.3 1476s
 3483610 2631865 1284.02845   54  253 2.0000e+10 1212.90338   100%  39.3 1482s
 3491008 2638711 1238.20190   40  224 2.0000e+10 1212.91748   100%  39.3 1485s
 3504382 2648829 1.0000e+10   75  246 2.0000e+10 1212.94853   100%  39.3 1490s
 3517867 2660262 1349.64259   49  216 2.0000e+10 1212.97695   100%  39.3 1495s
 3531332 2671189 1313.30899   59  237 2.0000e+10 1213.00250   100%  39.3 1500s
 3539969 2677927 1.2642e+10   63  229 2.0000e+10 1213.02384   100%  39.3 1505s
 3550334 2686215     cutoff   66      2.0000e+10 1213.04639   100%  39.3 1510s
 3565310 2697349 1223.35181   52  244 2.0000e+10 1213.07335   100%  39.3 1516s
 3576022 2706536     cutoff  123      2.0000e+10 1213.10155   100%  39.3 1520s
 3589215 2716407 1224.46372   53  260 2.0000e+10 1213.12835   100%  39.3 1525s
 3601587 2727260 1243.93639   42  244 2.0000e+10 1213.15362   100%  39.3 1530s
 3609734 2732766 3.1274e+09   95  227 2.0000e+10 1213.17111   100%  39.3 1535s
 3621235 2742319 1316.67246   50  235 2.0000e+10 1213.19720   100%  39.3 1540s
 3632250 2750821 1.0836e+10  131  242 2.0000e+10 1213.22126   100%  39.3 1545s
 3640948 2758276 1.0000e+10   53  217 2.0000e+10 1213.23817   100%  39.3 1550s
 3659805 2772435 1.8612e+10   97  240 2.0000e+10 1213.27577   100%  39.3 1555s
 3667813 2779929 1247.16427   44  258 2.0000e+10 1213.29448   100%  39.3 1560s
 3683805 2791567 1267.33934   44  227 2.0000e+10 1213.32883   100%  39.3 1565s
 3697944 2803452 1258.56355   55  240 2.0000e+10 1213.35758   100%  39.3 1570s
 3706141 2810743 7.0253e+08   55  262 2.0000e+10 1213.37556   100%  39.3 1575s
 3720882 2822461 1.7880e+10   82  229 2.0000e+10 1213.40629   100%  39.3 1580s
 3736587 2834390 5.7730e+09   98  213 2.0000e+10 1213.43908   100%  39.3 1586s
 3744199 2840994 1.8831e+09   52  244 2.0000e+10 1213.45268   100%  39.3 1590s
 3760284 2853625 6.5667e+09  106  235 2.0000e+10 1213.48708   100%  39.3 1595s
 3772490 2862952 8.5050e+08   64  252 2.0000e+10 1213.51381   100%  39.3 1600s
 3786171 2874756 3.5297e+08   67  255 2.0000e+10 1213.53981   100%  39.3 1605s
 3801082 2886482 1.6102e+10  112  192 2.0000e+10 1213.57072   100%  39.3 1611s
 3809775 2894066 7.4669e+08   58  253 2.0000e+10 1213.58854   100%  39.3 1615s
 3823847 2904323 1.3743e+10  115  230 2.0000e+10 1213.61698   100%  39.3 1621s
 3826134 2907339 1291.39470   63  209 2.0000e+10 1213.62147   100%  39.3 2162s
 3834045 2913468 1.9961e+08   50  257 2.0000e+10 1213.63520   100%  39.3 2165s
 3846626 2923518 3.1215e+09   94  263 2.0000e+10 1213.66089   100%  39.3 2170s
 3857203 2934161 1.4202e+09   59  245 2.0000e+10 1213.68146   100%  39.3 2175s
 3863738 2935791 1253.64174   51  240 2.0000e+10 1213.69540   100%  39.4 2180s
 3876896 2946898 1333.53473   62  263 2.0000e+10 1213.72250   100%  39.4 2185s
 3887536 2954916 1231.21257   50  253 2.0000e+10 1213.74391   100%  39.4 2190s
 3906910 2969301 1245.32563   56  252 2.0000e+10 1213.78137   100%  39.4 2195s
 3921701 2982068 1294.61098   58  248 2.0000e+10 1213.81456   100%  39.4 2200s
 3934785 2991502 1297.01891   57  238 2.0000e+10 1213.83746   100%  39.4 2205s
 3948690 3003167 1268.74927   56  244 2.0000e+10 1213.86617   100%  39.4 2212s
 3955883 3009657 1.0000e+10   56  242 2.0000e+10 1213.87745   100%  39.4 2215s
 3974160 3023613 1245.23088   47  240 2.0000e+10 1213.91418   100%  39.4 2220s
 3989669 3037035 6.9734e+09   75  219 2.0000e+10 1213.94402   100%  39.4 2225s
 4005796 3050339 1232.39282   45  242 2.0000e+10 1213.97130   100%  39.4 2230s
 4019976 3061719 1.4698e+08   56  255 2.0000e+10 1213.99838   100%  39.3 2235s
 4026218 3066276 8.7968e+09   82  206 2.0000e+10 1214.00870   100%  39.3 2240s
 4039973 3078547 7.2195e+09   68  221 2.0000e+10 1214.03989   100%  39.4 2245s
 4055843 3090287 7.2517e+09  104  237 2.0000e+10 1214.07059   100%  39.3 2250s
 4068624 3100692 1299.98375   58  221 2.0000e+10 1214.09801   100%  39.3 2255s
 4087720 3116465 5.8139e+09   79  226 2.0000e+10 1214.13139   100%  39.4 2260s
 4101949 3127915 1.0546e+10   83  236 2.0000e+10 1214.15700   100%  39.4 2265s
 4117776 3139925 1.2772e+09   73  229 2.0000e+10 1214.18590   100%  39.4 2270s
 4129173 3149545 1.3274e+10   82  198 2.0000e+10 1214.20660   100%  39.4 3298s
 4133935 3152547 5.0017e+08   65  242 2.0000e+10 1214.21485   100%  39.4 3302s
 4134158 3153242 5.7524e+08   67  242 2.0000e+10 1214.21512   100%  39.4 3337s
 4144393 3161984 1.1624e+09   60  232 2.0000e+10 1214.23281   100%  39.3 3340s
 4156342 3170879 1233.64890   41  237 2.0000e+10 1214.25505   100%  39.3 3404s
 4156959 3172049 infeasible   91      2.0000e+10 1214.25510   100%  39.3 3405s
 4169585 3182139 1.2310e+10   78  254 2.0000e+10 1214.28124   100%  39.4 3410s
 4185087 3194305 5.5031e+09   80  253 2.0000e+10 1214.30842   100%  39.3 3415s
 4195342 3201848 infeasible   71      2.0000e+10 1214.32945   100%  39.4 3420s
 4210008 3214048 1.8733e+10   57  226 2.0000e+10 1214.35189   100%  39.4 3425s
 4219582 3221799 1327.27502   56  233 2.0000e+10 1214.37298   100%  39.4 3430s
 4233458 3232139 7.0777e+09   90  248 2.0000e+10 1214.39393   100%  39.4 3435s
 4249516 3244594 1281.91749   52  235 2.0000e+10 1214.42312   100%  39.4 3440s
 4263641 3256810 1.0746e+09   74  243 2.0000e+10 1214.44781   100%  39.4 3445s
 4273269 3264238 2.2251e+08   52  251 2.0000e+10 1214.46375   100%  39.4 3450s
 4285158 3274293 1267.95417   50  229 2.0000e+10 1214.48360   100%  39.4 3455s
 4299333 3285574 5.2567e+09   94  244 2.0000e+10 1214.50814   100%  39.4 3460s
 4314212 3296892 3.1579e+09   53  212 2.0000e+10 1214.53383   100%  39.4 3465s
 4326003 3306290 1.5704e+09  101  237 2.0000e+10 1214.55434   100%  39.4 3471s
 4338462 3315973 1226.13202   45  247 2.0000e+10 1214.57720   100%  39.4 3475s
 4352161 3326566 1.0467e+09   62  219 2.0000e+10 1214.60036   100%  39.4 3480s
 4361206 3333939 1.1266e+10  106  242 2.0000e+10 1214.61964   100%  39.4 3485s
 4375774 3345605 1280.21225   47  240 2.0000e+10 1214.64688   100%  39.4 3490s
 4386450 3353400 1257.81236   39  213 2.0000e+10 1214.66208   100%  39.4 3495s
 4399877 3364417 1284.73255   56  249 2.0000e+10 1214.68319   100%  39.4 3500s
 4413441 3375104 1.7020e+09   60  217 2.0000e+10 1214.70431   100%  39.4 3505s
 4427617 3386454 1304.05387   58  228 2.0000e+10 1214.73143   100%  39.4 3510s
 4442886 3399067 1.0865e+10   79  207 2.0000e+10 1214.75856   100%  39.4 3515s
 4448764 3403035 1.8461e+09   62  216 2.0000e+10 1214.76923   100%  39.4 3520s
 4462962 3414911 8.9031e+08   54  245 2.0000e+10 1214.79427   100%  39.4 3525s
 4479824 3428004 1240.14187   43  254 2.0000e+10 1214.82293   100%  39.4 3530s
 4481798 3430156 4.3700e+08   73  249 2.0000e+10 1214.82635   100%  39.4 3535s
 4494604 3440273 6.6824e+09  100  242 2.0000e+10 1214.84903   100%  39.4 3540s
 4507656 3450509 1218.58532   45  243 2.0000e+10 1214.87481   100%  39.4 3545s
 4520801 3461012 1271.07400   57  253 2.0000e+10 1214.89680   100%  39.4 3550s
 4532655 3469742 5.6669e+09   76  205 2.0000e+10 1214.91665   100%  39.4 3556s
 4540932 3477114 1264.97652   46  219 2.0000e+10 1214.92827   100%  39.4 3560s
 4554626 3487963 2.4550e+09   96  228 2.0000e+10 1214.94978   100%  39.4 3565s
 4568877 3499324 1227.02844   40  249 2.0000e+10 1214.97409   100%  39.4 3570s
 4585395 3512656 1284.64667   47  245 2.0000e+10 1215.00039   100%  39.4 3575s
 4598707 3522224 1243.49182   53  243 2.0000e+10 1215.02476   100%  39.4 3580s
 4612829 3534019 5.1334e+09   79  223 2.0000e+10 1215.05107   100%  39.4 3585s
 4619696 3539467 1.0000e+10   44  233 2.0000e+10 1215.06033   100%  39.4 3590s
 4633946 3551458 1231.69149   42  224 2.0000e+10 1215.08443   100%  39.4 3595s
 4646277 3560192 1.0000e+10   53  241 2.0000e+10 1215.10554   100%  39.4 3600s
 4662530 3573873 1298.59615   58  222 2.0000e+10 1215.13254   100%  39.4 3605s
 4673080 3581720 1.0000e+10   66  231 2.0000e+10 1215.14839   100%  39.4 3610s
 4689577 3596225 1.3118e+10   75  207 2.0000e+10 1215.17573   100%  39.4 3615s
 4701166 3605453 infeasible   79      2.0000e+10 1215.19648   100%  39.4 3620s
 4715687 3616816 1248.52677   53  245 2.0000e+10 1215.21992   100%  39.4 3625s
 4732003 3629442 6.9424e+08   60  243 2.0000e+10 1215.24194   100%  39.4 3630s
 4735648 3632775 2.7513e+09   72  234 2.0000e+10 1215.25097   100%  39.4 3635s
 4753734 3647976 1266.79311   56  235 2.0000e+10 1215.27904   100%  39.4 3640s
 4766314 3657773 3.2007e+09   61  234 2.0000e+10 1215.29882   100%  39.4 3645s
 4782657 3669978 1233.47242   45  246 2.0000e+10 1215.32877   100%  39.4 3650s
 4793816 3679613 1.0000e+10   57  243 2.0000e+10 1215.34886   100%  39.4 3655s
 4809693 3692505 1312.60151   56  239 2.0000e+10 1215.37421   100%  39.4 3660s
 4821922 3701720 1.0000e+10   53  246 2.0000e+10 1215.39431   100%  39.4 3665s
 4836637 3712866 1.3232e+10  105  231 2.0000e+10 1215.41896   100%  39.4 3670s
 4846128 3721132 1.5032e+10  104  225 2.0000e+10 1215.43707   100%  39.4 3675s
 4857155 3730197 1.3404e+10  104  225 2.0000e+10 1215.45632   100%  39.4 3680s
 4870016 3740073 1.0000e+10   54  226 2.0000e+10 1215.47448   100%  39.4 3685s
 4889188 3755190 1.6010e+10  106  239 2.0000e+10 1215.50344   100%  39.4 3690s
 4902649 3765824 1.3451e+09   76  250 2.0000e+10 1215.52426   100%  39.4 3695s
 4913713 3775571 4.9786e+09   88  233 2.0000e+10 1215.53977   100%  39.4 3700s
 4921990 3781904 1286.11492   55  251 2.0000e+10 1215.55077   100%  39.4 3705s
 4939576 3795719 1.3350e+10   48  237 2.0000e+10 1215.57768   100%  39.4 3710s
 4952378 3806095 1315.35893   55  259 2.0000e+10 1215.59202   100%  39.4 3715s
 4965925 3817419 3.3148e+09   76  252 2.0000e+10 1215.61299   100%  39.4 3720s
 4981535 3829042 1308.03050   47  217 2.0000e+10 1215.63564   100%  39.4 3725s
 4994644 3839850 1230.41021   52  264 2.0000e+10 1215.65689   100%  39.4 3730s
 5006352 3849529 1288.47852   58  256 2.0000e+10 1215.67481   100%  39.4 3735s
 5019803 3860366 1258.43580   57  237 2.0000e+10 1215.69408   100%  39.4 3740s
 5031806 3869564 1282.79115   56  243 2.0000e+10 1215.71163   100%  39.4 3745s
 5045869 3881066 infeasible  122      2.0000e+10 1215.73556   100%  39.4 3750s
 5061737 3893599 5.2099e+08   60  230 2.0000e+10 1215.75952   100%  39.4 3755s
 5070485 3900054 1244.21101   48  237 2.0000e+10 1215.77065   100%  39.4 3760s
 5080832 3909248 1296.27741   60  251 2.0000e+10 1215.78564   100%  39.4 3765s
 5097610 3922726 1243.36091   62  254 2.0000e+10 1215.80898   100%  39.4 3770s
 5112897 3934593 5.9125e+09   78  232 2.0000e+10 1215.82958   100%  39.4 3776s
 5121749 3942189 1.1293e+09   77  225 2.0000e+10 1215.84136   100%  39.4 3780s
 5136608 3953146 3.8895e+09   69  210 2.0000e+10 1215.86136   100%  39.4 3787s
 5145303 3960166 3.1044e+08   48  238 2.0000e+10 1215.87238   100%  39.4 3790s
 5161022 3973735 1254.27341   45  235 2.0000e+10 1215.89445   100%  39.4 3795s
 5172912 3983332 1230.08739   47  254 2.0000e+10 1215.91234   100%  39.4 3800s
 5187458 3993626 1.7666e+09   53  233 2.0000e+10 1215.93474   100%  39.4 3805s
 5200294 4004505 1248.83991   46  241 2.0000e+10 1215.95274   100%  39.4 3810s
 5212252 4013576 1230.64489   39  241 2.0000e+10 1215.96830   100%  39.4 3815s
 5224451 4024354 1263.17184   59  242 2.0000e+10 1215.98697   100%  39.4 3820s
 5237268 4039959 1.1996e+09   51  233 2.0000e+10 1216.00348   100%  39.4 3827s
 5254795 4047782 1286.72132   59  235 2.0000e+10 1216.02865   100%  39.4 3830s
 5263737 4055740 1308.33055   59  214 2.0000e+10 1216.04492   100%  39.4 3835s
 5275577 4065131 1225.17128   46  256 2.0000e+10 1216.06193   100%  39.4 3840s
 5292667 4077712 1291.33366   61  239 2.0000e+10 1216.08565   100%  39.4 3845s
 5305889 4088590 1.1466e+10   67  246 2.0000e+10 1216.10363   100%  39.4 3850s
 5319709 4099901 1302.76940   57  200 2.0000e+10 1216.12306   100%  39.4 3855s
 5330389 4108943 8.4867e+09   94  235 2.0000e+10 1216.13749   100%  39.4 3860s
 5343945 4118793 1260.19847   48  254 2.0000e+10 1216.15582   100%  39.4 3867s
 5350100 4124311 9.9541e+09   74  237 2.0000e+10 1216.16459   100%  39.4 3870s
 5364780 4136023 1225.78704   41  253 2.0000e+10 1216.18386   100%  39.4 3875s
*5377883 3264426              94    1.000000e+10 1216.20086   100%  39.4 3880s
 5389631 3273781 7.5628e+09   78  219 1.0000e+10 1216.22294   100%  39.4 3885s
 5401532 3283046 1250.13856   45  243 1.0000e+10 1216.24806   100%  39.4 3890s
 5413656 3291990 1326.67388   59  237 1.0000e+10 1216.27313   100%  39.4 3895s
 5424543 3299601 1.2320e+09   47  238 1.0000e+10 1216.29606   100%  39.4 3900s
 5429261 3304043 3.1677e+09   82  239 1.0000e+10 1216.30400   100%  39.4 3905s
 5441857 3313359 1.3966e+09   55  236 1.0000e+10 1216.33355   100%  39.4 3910s
 5454636 3323214 1270.01537   50  211 1.0000e+10 1216.35853   100%  39.5 3915s
 5466271 3331656 1237.00824   49  249 1.0000e+10 1216.37978   100%  39.5 3920s
 5473970 3337812 1273.37659   65  258 1.0000e+10 1216.39566   100%  39.5 3925s
 5483251 3343990 1312.63294   61  248 1.0000e+10 1216.41430   100%  39.5 3931s
 5491700 3351174 1.5369e+09   76  224 1.0000e+10 1216.43291   100%  39.5 3935s
 5501818 3358809 1225.12273   44  249 1.0000e+10 1216.45251   100%  39.5 3940s
 5514876 3368816 1236.58459   43  236 1.0000e+10 1216.48211   100%  39.5 3945s
 5525190 3376483 1317.76670   57  234 1.0000e+10 1216.50297   100%  39.6 3950s
 5535629 3384425 1.0580e+09   57  237 1.0000e+10 1216.52184   100%  39.6 3955s
 5547107 3393256 7.9372e+08   47  220 1.0000e+10 1216.54535   100%  39.6 3960s
 5551368 3396299 1292.99361   64  228 1.0000e+10 1216.55389   100%  39.6 3965s
 5561338 3404232 2.0205e+08   56  247 1.0000e+10 1216.57225   100%  39.6 3970s
 5569227 3415085 9.2432e+09   85  206 1.0000e+10 1216.58616   100%  39.6 3976s
 5586016 3422531 1240.44357   46  255 1.0000e+10 1216.61810   100%  39.6 3980s
 5596441 3430644 1286.99161   57  242 1.0000e+10 1216.63747   100%  39.7 3985s
 5607277 3438963 1286.85334   55  232 1.0000e+10 1216.65957   100%  39.7 3990s
 5615179 3444102 2.3261e+09   88  249 1.0000e+10 1216.67327   100%  39.7 3995s
 5627713 3454573 1303.74387   70  226 1.0000e+10 1216.70003   100%  39.7 4000s
 5637799 3462433 1235.60276   45  246 1.0000e+10 1216.71773   100%  39.7 4005s
 5645335 3467182 1294.51264   69  245 1.0000e+10 1216.73366   100%  39.7 4010s
 5656949 3476698 1264.36886   58  241 1.0000e+10 1216.75609   100%  39.7 4015s
 5665484 3483519 1.1692e+09   85  222 1.0000e+10 1216.77129   100%  39.8 4020s
 5680072 3494582     cutoff   69      1.0000e+10 1216.80011   100%  39.8 4025s
 5687021 3499990 1229.91878   38  247 1.0000e+10 1216.81609   100%  39.8 5027s
 5694105 3504408 1256.38845   51  237 1.0000e+10 1216.82881   100%  39.8 5031s
 5695913 3506729 1269.68367   48  219 1.0000e+10 1216.83324   100%  39.8 5984s
 5697336 3507082 1249.31116   48  246 1.0000e+10 1216.83470   100%  39.8 5985s
 5704559 3516078 1238.61708   53  253 1.0000e+10 1216.84907   100%  39.8 6525s
 5718583 3524091 1263.17596   58  220 1.0000e+10 1216.87786   100%  39.8 6530s
 5727638 3531240 1266.69889   49  237 1.0000e+10 1216.89408   100%  39.8 6535s
 5739804 3540502 2.5395e+09   59  251 1.0000e+10 1216.91800   100%  39.8 6540s
 5751525 3549402 5.6128e+08   67  236 1.0000e+10 1216.94051   100%  39.8 6545s
 5756584 3552702 1236.08789   44  240 1.0000e+10 1216.94882   100%  39.8 6550s
 5769413 3563197 2.8119e+09   68  225 1.0000e+10 1216.97456   100%  39.9 6555s
 5781343 3571638     cutoff   73      1.0000e+10 1216.99511   100%  39.9 6560s
 5791151 3579510 1.4831e+09   79  235 1.0000e+10 1217.01318   100%  39.9 6565s
 5799607 3585982 1.0000e+10   46  229 1.0000e+10 1217.02557   100%  39.9 6570s
 5811607 3595400 1325.45650   63  202 1.0000e+10 1217.05114   100%  39.9 6575s
 5819958 3601868 2.5798e+08   71  239 1.0000e+10 1217.06477   100%  39.9 6580s
 5830127 3609940 1.7034e+09   71  245 1.0000e+10 1217.08256   100%  39.9 6585s
 5840771 3623139 6.6980e+08   69  243 1.0000e+10 1217.09943   100%  39.9 6591s
 5854038 3628143 5.9452e+08   57  228 1.0000e+10 1217.12561   100%  40.0 6595s
 5863663 3634372 1273.92363   49  234 1.0000e+10 1217.14297   100%  40.0 6600s
 5874122 3642012 1256.24339   49  213 1.0000e+10 1217.16226   100%  40.0 6605s
 5884248 3649532 1272.27736   65  244 1.0000e+10 1217.18095   100%  40.0 6610s
 5896086 3658461 8.8705e+08   69  249 1.0000e+10 1217.20572   100%  40.0 6616s
 5902585 3664556 1235.78909   42  227 1.0000e+10 1217.21632   100%  40.0 6620s
 5912473 3671586 4.5290e+08   60  255 1.0000e+10 1217.23311   100%  40.1 6625s
 5928089 3682401 1298.55399   61  237 1.0000e+10 1217.26480   100%  40.1 6631s
 5934753 3688037 1.2405e+09   64  243 1.0000e+10 1217.27597   100%  40.1 6635s
 5944501 3695045 1256.16321   53  233 1.0000e+10 1217.29329   100%  40.1 6640s
 5958325 3705280 3.6402e+08   61  247 1.0000e+10 1217.32228   100%  40.1 6645s
 5970970 3715786 6.6565e+09   81  236 1.0000e+10 1217.34079   100%  40.1 6650s
 5977952 3721101 8.6483e+07   59  229 1.0000e+10 1217.35433   100%  40.1 6655s
 5990704 3729877 3.3737e+09   68  214 1.0000e+10 1217.37772   100%  40.1 6660s
 6001051 3738242 1230.50543   50  240 1.0000e+10 1217.39745   100%  40.1 6665s
 6008127 3743416 8.2866e+08   63  233 1.0000e+10 1217.40861   100%  40.2 6670s
 6018122 3750740 1283.92813   60  221 1.0000e+10 1217.42659   100%  40.2 6675s
 6030395 3758706 1304.04338   64  218 1.0000e+10 1217.44773   100%  40.2 6680s
 6040706 3767188 1250.45937   52  243 1.0000e+10 1217.46770   100%  40.2 6685s
 6051713 3775248     cutoff   78      1.0000e+10 1217.48520   100%  40.2 6690s
 6062751 3782801 1230.26588   46  238 1.0000e+10 1217.50411   100%  40.2 6696s
 6068659 3787860 1250.91849   48  240 1.0000e+10 1217.51339   100%  40.2 6700s
 6080054 3796033 1257.92078   50  236 1.0000e+10 1217.53528   100%  40.3 6705s
 6090552 3803425 1274.64539   61  259 1.0000e+10 1217.55246   100%  40.3 6710s
 6102514 3812879 1272.85679   42  222 1.0000e+10 1217.57280   100%  40.3 6715s
 6113537 3821906 4.5884e+09   66  203 1.0000e+10 1217.59257   100%  40.3 6720s
 6121589 3827941 4.9094e+09   96  235 1.0000e+10 1217.60599   100%  40.3 6725s
 6134858 3837549 1297.91302   59  222 1.0000e+10 1217.63189   100%  40.3 6730s
 6142242 3842395 1231.02078   48  260 1.0000e+10 1217.64578   100%  40.3 6735s
 6152000 3849605 1303.39593   49  242 1.0000e+10 1217.66439   100%  40.3 6740s
 6166910 3861010 1266.55496   65  234 1.0000e+10 1217.68820   100%  40.3 6745s
 6178788 3870598 5.5555e+08   68  238 1.0000e+10 1217.70633   100%  40.4 6750s
 6185469 3876124 1.8480e+09   63  242 1.0000e+10 1217.71749   100%  40.4 6755s
 6194624 3883041 4.4911e+09   55  238 1.0000e+10 1217.73601   100%  40.4 6760s
 6208506 3893671 1291.40745   54  252 1.0000e+10 1217.76180   100%  40.4 6765s
 6219093 3900767 1288.49881   41  235 1.0000e+10 1217.78112   100%  40.4 6770s
 6229320 3909560 1223.08552   43  257 1.0000e+10 1217.79952   100%  40.4 6775s
 6241137 3917714 1225.79977   48  258 1.0000e+10 1217.81985   100%  40.4 6781s
 6249236 3924559 4.7249e+09   92  245 1.0000e+10 1217.83488   100%  40.4 6785s
 6261889 3933718 1.2070e+09   66  239 1.0000e+10 1217.85970   100%  40.4 6790s
H6265694 3911020                    1.000000e+10 1217.86471   100%  40.4 6793s
H6265697 3904679                    1.000000e+10 1217.86471   100%  40.4 6794s
 6267128 3905244 1258.92527   57  226 1.0000e+10 1217.86629   100%  40.4 6795s
 6278860 3913170 2.3056e+08   59  237 1.0000e+10 1217.88876   100%  40.5 6800s
 6290232 3922444 1238.48166   49  259 1.0000e+10 1217.91004   100%  40.5 6805s
 6300554 3929748 1300.89799   61  231 1.0000e+10 1217.92648   100%  40.5 6810s
 6307255 3934001 1249.71391   48  259 1.0000e+10 1217.93622   100%  40.5 6815s
 6320519 3944248 5.6284e+08   45  254 1.0000e+10 1217.96471   100%  40.5 6820s
 6328383 3950459 7.9616e+08   57  220 1.0000e+10 1217.97636   100%  40.5 6825s
 6341011 3960107     cutoff   93      1.0000e+10 1217.99545   100%  40.5 6830s
 6350952 3967725 2.1027e+08   66  254 1.0000e+10 1218.01350   100%  40.5 6835s
 6355025 3969969 9.5130e+08   51  222 1.0000e+10 1218.02154   100%  40.5 6841s
 6361257 3975366 1.6876e+08   63  230 1.0000e+10 1218.03475   100%  40.5 6845s
 6372257 3983595 1275.20420   75  241 1.0000e+10 1218.05289   100%  40.6 6850s
 6382305 3990356 3.4057e+08   58  213 1.0000e+10 1218.07197   100%  40.6 6855s
 6394138 3999922     cutoff   91      1.0000e+10 1218.09076   100%  40.6 6860s
 6406907 4009420 7.4789e+08   66  233 1.0000e+10 1218.11278   100%  40.6 6865s
 6418709 4018442 1223.48767   43  243 1.0000e+10 1218.13322   100%  40.6 6870s
 6428900 4025791 1290.82259   67  256 1.0000e+10 1218.14985   100%  40.6 6875s
 6440679 4033806 2.5771e+09   59  218 1.0000e+10 1218.16990   100%  40.6 6881s
 6449149 4041003 1267.15763   52  239 1.0000e+10 1218.18494   100%  40.6 6885s
 6460099 4048533 2.3233e+08   52  238 1.0000e+10 1218.20338   100%  40.7 6890s
 6470771 4056487 1.4222e+09   65  240 1.0000e+10 1218.21879   100%  40.7 6896s
 6479427 4063562 1246.62079   53  263 1.0000e+10 1218.23376   100%  40.7 6900s
 6490042 4071416 8.5153e+09   66  253 1.0000e+10 1218.25152   100%  40.7 6905s
 6501317 4079398 1298.79057   49  244 1.0000e+10 1218.27021   100%  40.7 6910s
 6511988 4088107 3.7663e+09   89  247 1.0000e+10 1218.28807   100%  40.7 6915s
 6518739 4093313 2.9852e+09   69  247 1.0000e+10 1218.29940   100%  40.7 6920s
 6531082 4102539 1.1565e+09   47  225 1.0000e+10 1218.32250   100%  40.7 6925s
 6541383 4110266 1269.83954   61  247 1.0000e+10 1218.33871   100%  40.7 6930s
 6554697 4119909 1239.73499   41  221 1.0000e+10 1218.35998   100%  40.7 6935s
 6563770 4125869 1272.68608   54  228 1.0000e+10 1218.37546   100%  40.8 6941s
 6570893 4131477 1293.03048   46  228 1.0000e+10 1218.38912   100%  40.8 6945s
 6582495 4140520 4.8363e+08   51  233 1.0000e+10 1218.40736   100%  40.8 6950s
 6594562 4149351 1253.91206   42  259 1.0000e+10 1218.42656   100%  40.8 6955s
 6606262 4158073 1284.42247   64  230 1.0000e+10 1218.44552   100%  40.8 6960s
 6618261 4166566 1252.34966   53  240 1.0000e+10 1218.46377   100%  40.8 6965s
 6630223 4175572 4.6386e+09   73  229 1.0000e+10 1218.48108   100%  40.8 6970s
 6636054 4180159 1235.57629   45  244 1.0000e+10 1218.49103   100%  40.8 6975s
 6649137 4189779 1222.47407   49  243 1.0000e+10 1218.51382   100%  40.8 6980s
 6657185 4194582 1274.50698   44  227 1.0000e+10 1218.52605   100%  40.9 6985s
 6668947 4204090 1272.64177   45  229 1.0000e+10 1218.54750   100%  40.9 6990s
 6677660 4210547 1262.42834   45  219 1.0000e+10 1218.56393   100%  40.9 6995s
 6690050 4218531 1234.95782   49  247 1.0000e+10 1218.58359   100%  40.9 7000s
 6699303 4226115 1232.45563   49  242 1.0000e+10 1218.59536   100%  40.9 7005s
 6707277 4232872 1278.33628   44  249 1.0000e+10 1218.61123   100%  40.9 7010s
 6721368 4242747 1.1981e+08   79  238 1.0000e+10 1218.63339   100%  40.9 7016s
 6730669 4249882 5.3126e+08   66  242 1.0000e+10 1218.64994   100%  40.9 7020s
 6738415 4255537 8.8412e+08   54  252 1.0000e+10 1218.66292   100%  40.9 7025s
 6748124 4262971 3.6057e+08   56  224 1.0000e+10 1218.67579   100%  41.0 7030s
 6761564 4272586 1294.58852   53  223 1.0000e+10 1218.69535   100%  41.0 7035s
 6772278 4280967 1236.79891   50  224 1.0000e+10 1218.71198   100%  41.0 7040s
 6781390 4290798 1283.73569   48  214 1.0000e+10 1218.72752   100%  41.0 7045s
 6793728 4297072 4.3430e+08   64  261 1.0000e+10 1218.74702   100%  41.0 7050s
 6804295 4305137 2.0771e+08   62  247 1.0000e+10 1218.76148   100%  41.0 7055s
 6809947 4309496 1251.81787   60  245 1.0000e+10 1218.77110   100%  41.0 7060s
 6815989 4313709 1.5492e+09   76  236 1.0000e+10 1218.78041   100%  41.0 7065s
 6823129 4318131 1229.15989   46  238 1.0000e+10 1218.79058   100%  41.0 7070s
 6826402 4324184 1256.11897   53  248 1.0000e+10 1218.79635   100%  41.0 7077s
 6834480 4327541 1273.05714   48  250 1.0000e+10 1218.81062   100%  41.0 7080s
 6841757 4333143 1240.66162   56  249 1.0000e+10 1218.82376   100%  41.1 7085s
 6848279 4337108 1229.28024   51  230 1.0000e+10 1218.83415   100%  41.1 7090s
 6856876 4343982 1231.86539   40  237 1.0000e+10 1218.84843   100%  41.1 7095s
 6864503 4349799 1249.55707   48  244 1.0000e+10 1218.86121   100%  41.1 7100s
 6868563 4352760 1255.52650   56  262 1.0000e+10 1218.86795   100%  41.1 7105s
 6878375 4358836 2.6013e+09   78  226 1.0000e+10 1218.88358   100%  41.1 7111s
 6885522 4364811     cutoff   95      1.0000e+10 1218.89426   100%  41.1 7115s
 6894070 4371175 1.2230e+09   71  220 1.0000e+10 1218.91151   100%  41.1 7120s
 6903263 4377557 1260.56848   53  227 1.0000e+10 1218.92658   100%  41.1 7127s
 6907382 4380801 1229.64936   52  233 1.0000e+10 1218.93354   100%  41.1 7130s
 6916278 4387306 1258.78577   60  237 1.0000e+10 1218.94835   100%  41.2 7136s
 6921479 4391322 1237.24489   45  254 1.0000e+10 1218.95695   100%  41.2 7140s
 6926852 4395747 1.0000e+10   54  227 1.0000e+10 1218.96537   100%  41.2 8123s

Cutting planes:
  Gomory: 5
  Clique: 8
  Flow cover: 3
  Zero half: 33

Explored 6928012 nodes (285228490 simplex iterations) in 8123.43 seconds (7320.38 work units)
Thread count was 8 (of 8 available processors)

Solution count 10: 1e+10 1e+10 1e+10 ... 3e+10

Time limit reached
Best objective 1.000000128500e+10, best bound 1.218967507183e+03, gap 100.0000%
