
Gurobi 11.0.1 (mac64[arm]) logging started Thu Feb 13 22:16:42 2025

Set parameter LogFile to value "logs_new/salida_modelo_caminos_320_567_5.log"
Set parameter TimeLimit to value 7200
Gurobi Optimizer version 11.0.1 build v11.0.1rc0 (mac64[arm] - Darwin 24.3.0 24D60)

CPU model: Apple M2
Thread count: 8 physical cores, 8 logical processors, using up to 8 threads

Optimize a model with 573 rows, 1706 columns and 7059 nonzeros
Coefficient statistics:
  Matrix range     [1e+00, 1e+00]
  Objective range  [2e+00, 1e+10]
  Bounds range     [0e+00, 0e+00]
  RHS range        [1e+00, 2e+02]
Warning: Model contains large objective coefficients
         Consider reformulating model or setting NumericFocus parameter
         to avoid numerical issues.

Solved in 0 iterations and 0.00 seconds (0.00 work units)
Optimal objective  1.222000000e+03
Gurobi Optimizer version 11.0.1 build v11.0.1rc0 (mac64[arm] - Darwin 24.3.0 24D60)

CPU model: Apple M2
Thread count: 8 physical cores, 8 logical processors, using up to 8 threads

Optimize a model with 573 rows, 1706 columns and 7059 nonzeros
Model fingerprint: 0x5c8a9088
Variable types: 0 continuous, 1706 integer (1706 binary)
Coefficient statistics:
  Matrix range     [1e+00, 1e+00]
  Objective range  [2e+00, 1e+10]
  Bounds range     [0e+00, 0e+00]
  RHS range        [1e+00, 2e+02]
Warning: Model contains large objective coefficients
         Consider reformulating model or setting NumericFocus parameter
         to avoid numerical issues.
Found heuristic solution: objective 3.200000e+12
Presolve removed 250 rows and 0 columns
Presolve time: 0.01s
Presolved: 323 rows, 1706 columns, 6824 nonzeros
Variable types: 0 continuous, 1706 integer (1706 binary)
Found heuristic solution: objective 3.150000e+12

Root relaxation: objective 1.222000e+03, 1574 iterations, 0.05 seconds (0.09 work units)

    Nodes    |    Current Node    |     Objective Bounds      |     Work
 Expl Unexpl |  Obj  Depth IntInf | Incumbent    BestBd   Gap | It/Node Time

     0     0 1222.00000    0  253 3.1500e+12 1222.00000   100%     -    0s
H    0     0                    3.900000e+11 1222.00000   100%     -    0s
H    0     0                    3.700000e+11 1222.00000   100%     -    0s
H    0     0                    3.100000e+11 1222.00000   100%     -    0s
H    0     0                    2.500000e+11 1222.00000   100%     -    0s
     0     0 1222.29718    0  283 2.5000e+11 1222.29718   100%     -    0s
H    0     0                    2.400000e+11 1222.74546   100%     -    0s
     0     0 1222.78455    0  288 2.4000e+11 1222.78455   100%     -    0s
H    0     0                    2.000000e+11 1222.78455   100%     -    0s
     0     0 1222.78455    0  289 2.0000e+11 1222.78455   100%     -    0s
     0     0 1222.78455    0  291 2.0000e+11 1222.78455   100%     -    0s
     0     0 1223.20495    0  289 2.0000e+11 1223.20495   100%     -    0s
     0     0 1223.26965    0  285 2.0000e+11 1223.26965   100%     -    0s
     0     0 1223.38070    0  303 2.0000e+11 1223.38070   100%     -    0s
H    0     0                    1.900000e+11 1223.38070   100%     -    0s
     0     0 1223.38602    0  304 1.9000e+11 1223.38602   100%     -    0s
     0     0 1223.47731    0  303 1.9000e+11 1223.47731   100%     -    0s
     0     0 1223.48504    0  300 1.9000e+11 1223.48504   100%     -    0s
     0     0 1223.49243    0  302 1.9000e+11 1223.49243   100%     -    0s
     0     0 1223.49280    0  306 1.9000e+11 1223.49280   100%     -    0s
     0     0 1223.54514    0  306 1.9000e+11 1223.54514   100%     -    0s
H    0     0                    1.900000e+11 1223.54514   100%     -    0s
     0     2 1223.54610    0  306 1.9000e+11 1223.54610   100%     -    0s
H   31    40                    1.800000e+11 1225.37416   100%   106    0s
H   32    40                    1.600000e+11 1225.38299   100%   104    0s
H   79    82                    1.500000e+11 1226.46866   100%  97.4    0s
H  113   116                    1.400000e+11 1226.46866   100%  92.6    1s
H  114   116                    1.200000e+11 1226.46866   100%  92.9    1s
H  148   157                    9.000000e+10 1226.46866   100%  94.2    1s
H  920   929                    9.000000e+10 1226.46866   100%  84.0    2s
H  929   938                    8.999999e+10 1226.46866   100%  83.8    2s
H  952   967                    7.000000e+10 1226.46866   100%  84.1    2s
H 1772  1591                    6.999987e+10 1226.88639   100%  80.9    4s
  1803  1616 1229.57775   24  266 7.0000e+10 1226.88639   100%  81.4    5s
  3544  2671 1.6828e+10   86  242 7.0000e+10 1226.88639   100%  78.2   10s
H 4984  3366                    6.000000e+10 1226.88639   100%  76.0   13s
H 5015  3127                    5.000000e+10 1226.88639   100%  76.0   13s
H 6302  4079                    4.999997e+10 1226.88639   100%  75.2   14s
  6413  4159 1.8018e+10   95  255 5.0000e+10 1226.88639   100%  74.8   15s
H 6492  4159                    4.999996e+10 1226.88639   100%  74.7   15s
  9110  6420 3.3523e+09   60  245 5.0000e+10 1228.03957   100%  72.9   20s
 12453  9267 1303.67701   42  223 5.0000e+10 1229.38538   100%  74.2   25s
 16456 12932 3.4126e+10   88  258 5.0000e+10 1230.22516   100%  71.2   30s
 19958 15730 1245.63141   26  280 5.0000e+10 1230.82303   100%  70.2   35s
 23412 19567 1.2982e+10  109  239 5.0000e+10 1231.28163   100%  69.6   40s
 29514 24113 1244.52288   26  306 5.0000e+10 1231.84979   100%  69.3   53s
 29591 24173 1248.25097   34  271 5.0000e+10 1231.84979   100%  69.4   55s
 31056 25106 1.7923e+10   91  243 5.0000e+10 1231.84979   100%  70.1   60s
 33527 26457 3.3104e+10   94  178 5.0000e+10 1231.84979   100%  71.4   65s
 35645 27694 2.3879e+07   54  250 5.0000e+10 1231.84979   100%  71.9   70s
H36435 26670                    4.999996e+10 1231.84979   100%  72.0   71s
 37753 27317 1380.35445   61  256 5.0000e+10 1231.84979   100%  72.6   76s
 38715 27875 1241.64680   36  281 5.0000e+10 1231.84979   100%  73.1   80s
 41750 29997 4.4443e+10   75  236 5.0000e+10 1232.01311   100%  74.1   85s
 44596 31615 1.9677e+10  101  261 5.0000e+10 1232.64411   100%  74.7   90s
 47863 33631 2.4558e+10   99  245 5.0000e+10 1233.26648   100%  75.0   95s
 51979 36058 3.1455e+10  118  249 5.0000e+10 1233.72975   100%  75.2  100s
 57246 38487 2.5675e+10  148  272 5.0000e+10 1234.35637   100%  74.5  106s
 63268 40960 3.4405e+09   72  235 5.0000e+10 1234.81301   100%  73.7  110s
 69719 44453 1.6772e+10  108  244 5.0000e+10 1235.42068   100%  72.6  115s
 79772 50441 2.9827e+10  109  236 5.0000e+10 1236.00405   100%  71.1  120s
 86598 54522 8.4207e+09   76  233 5.0000e+10 1236.44596   100%  70.9  125s
 89155 56337 9.1294e+09   90  236 5.0000e+10 1236.53107   100%  70.3  130s
 100090 61939 infeasible  167      5.0000e+10 1236.90198   100%  68.4  135s
 108916 68833 1266.83802   42  267 5.0000e+10 1237.19484   100%  68.0  140s
 118826 79283 1321.09124   56  250 5.0000e+10 1237.65483   100%  66.6  145s
 130970 88521 2.2436e+08   61  247 5.0000e+10 1238.07388   100%  65.1  150s
 140948 97136 1346.71789   47  230 5.0000e+10 1238.47425   100%  64.2  155s
 151273 105922 4.3440e+09   90  236 5.0000e+10 1238.66857   100%  63.3  160s
 162079 114743 1.5812e+10   63  255 5.0000e+10 1238.99003   100%  63.0  165s
 170786 122107 3.3637e+10  150  246 5.0000e+10 1239.24501   100%  62.5  170s
 183229 133540 1279.70612   52  266 5.0000e+10 1239.56432   100%  61.6  175s
 192226 141064 3.1614e+10  115  251 5.0000e+10 1239.79339   100%  61.2  180s
 200557 148833 1.0679e+10   92  262 5.0000e+10 1239.94711   100%  60.5  185s
 213483 159753 1278.59365   42  265 5.0000e+10 1240.21868   100%  59.6  190s
H217707 156525                    4.000000e+10 1240.30517   100%  59.3  191s
 225556 163482 2.0000e+10   67  257 4.0000e+10 1240.45428   100%  58.8  195s
H226310 126186                    2.000000e+10 1240.45428   100%  58.7  195s
 235018 133958 1283.11800   47  254 2.0000e+10 1240.77919   100%  58.6  200s
 245222 141635 1337.52289   53  254 2.0000e+10 1241.02013   100%  58.3  205s
 252796 149877 1349.11075   58  256 2.0000e+10 1241.20577   100%  58.2  210s
H252903 149464                    2.000000e+10 1241.20577   100%  58.2  210s
H260057 153333                    2.000000e+10 1241.35604   100%  58.0  212s
H261542 154488                    2.000000e+10 1241.41874   100%  58.0  213s
 263864 157275 9.6921e+07   62  249 2.0000e+10 1241.48446   100%  57.9  215s
 277577 168509 1.0165e+10   74  248 2.0000e+10 1241.78541   100%  57.4  220s
 288200 177464 1337.98461   46  253 2.0000e+10 1242.04595   100%  57.1  225s
 298864 186123 5.8200e+08   61  242 2.0000e+10 1242.25168   100%  56.7  230s
 306296 192076 1.0000e+10   56  256 2.0000e+10 1242.41194   100%  56.5  235s
 309379 194570 1269.42740   40  273 2.0000e+10 1242.45353   100%  56.5 1210s
 318629 202307 1334.39662   55  233 2.0000e+10 1242.66534   100%  56.4 1215s
 330962 212296 1.3110e+10   90  229 2.0000e+10 1242.90325   100%  56.1 1220s
H336650 216630                    2.000000e+10 1243.00563   100%  55.8 1222s
 342607 221800     cutoff   52      2.0000e+10 1243.13096   100%  55.7 1225s
H348447 226604                    2.000000e+10 1243.21142   100%  55.6 1227s
 353602 231226 9.5609e+09   84  254 2.0000e+10 1243.31456   100%  55.5 1230s
 363379 238487 2.2109e+09   64  232 2.0000e+10 1243.48070   100%  55.5 1235s
 371820 246698 1389.00795   64  258 2.0000e+10 1243.61841   100%  55.2 1240s
 381690 254240 1331.49726   54  252 2.0000e+10 1243.75194   100%  55.1 1245s
 390540 260804 1321.94700   53  232 2.0000e+10 1243.88696   100%  54.8 1250s
 400673 270090 1282.51509   46  240 2.0000e+10 1244.02512   100%  54.6 1255s
 401471 271402 1295.32994   47  253 2.0000e+10 1244.03708   100%  54.6 2156s
 407494 275768 1252.59705   37  270 2.0000e+10 1244.12070   100%  54.5 2160s
 420047 286703 1.2920e+10  113  231 2.0000e+10 1244.25746   100%  54.3 2165s
 434075 297459 1285.96580   52  260 2.0000e+10 1244.45949   100%  54.0 2170s
 446354 308582 1269.23904   45  264 2.0000e+10 1244.62921   100%  53.9 2175s
 457397 316567 6.4247e+09   76  225 2.0000e+10 1244.76132   100%  53.7 2180s
 466636 324138 1299.32913   52  250 2.0000e+10 1244.86597   100%  53.5 2185s
 480906 336056 1261.48088   38  262 2.0000e+10 1245.05256   100%  53.2 2190s
 492851 347040 1392.35464   74  238 2.0000e+10 1245.17528   100%  53.0 2195s
 502480 354807 4.7545e+09   92  261 2.0000e+10 1245.28514   100%  52.9 2200s
 510225 361176 1321.63043   58  277 2.0000e+10 1245.37928   100%  52.8 2205s
 522435 370630 6.6809e+09   56  240 2.0000e+10 1245.50680   100%  52.6 2210s
 534102 381132 4.9356e+09   96  270 2.0000e+10 1245.61995   100%  52.5 2215s
 542818 388417 9.6881e+08   77  256 2.0000e+10 1245.70538   100%  52.4 2220s
 553099 396384 9.6671e+09  120  255 2.0000e+10 1245.79457   100%  52.4 2225s
 561929 402970 1259.58432   42  270 2.0000e+10 1245.89702   100%  52.3 2230s
H575269 414057                    1.999999e+10 1246.01003   100%  52.2 2234s
H575317 414056                    1.999998e+10 1246.01003   100%  52.2 2234s
 575404 414693 1290.77561   53  268 2.0000e+10 1246.01181   100%  52.2 2235s
H579461 417538                    1.999998e+10 1246.03713   100%  52.1 2236s
 585598 423358 1336.88076   53  242 2.0000e+10 1246.12119   100%  52.0 2240s
 599956 434626 1333.44689   46  249 2.0000e+10 1246.24767   100%  51.8 2245s
 610883 443783 infeasible  122      2.0000e+10 1246.34442   100%  51.6 2250s
 624645 460390 1270.71482   40  270 2.0000e+10 1246.44876   100%  51.3 2257s
 634590 463917 1264.40408   44  280 2.0000e+10 1246.52953   100%  51.3 2260s
H643803 471274                    1.999998e+10 1246.60637   100%  51.3 2263s
 647596 473733 5.2002e+09  107  258 2.0000e+10 1246.63322   100%  51.2 2265s
 660145 484229 1296.57154   59  247 2.0000e+10 1246.73675   100%  51.1 2270s
 670983 497861 1284.70977   48  240 2.0000e+10 1246.82299   100%  50.9 2276s
 682769 503980 1290.24829   56  247 2.0000e+10 1246.91453   100%  50.8 2280s
 697738 516442 1276.87258   49  271 2.0000e+10 1247.02085   100%  50.6 2285s
 708660 525539 4.8149e+09   72  267 2.0000e+10 1247.11656   100%  50.5 2290s
 716608 537811 3.7087e+09   72  245 2.0000e+10 1247.16812   100%  50.4 2295s
 731186 544981 1307.01711   50  241 2.0000e+10 1247.27990   100%  50.3 2300s
 743605 554251 1297.56931   47  252 2.0000e+10 1247.37176   100%  50.2 2305s
 753983 563245 1281.01698   43  266 2.0000e+10 1247.43307   100%  50.1 2310s
 769416 576008 1254.83669   44  263 2.0000e+10 1247.54753   100%  49.9 2315s
 780002 584430 1.0372e+09   71  253 2.0000e+10 1247.63045   100%  49.9 2320s
 792256 595272 infeasible   51      2.0000e+10 1247.70471   100%  49.7 2325s
 802567 603139 1327.39187   51  244 2.0000e+10 1247.76440   100%  49.6 2330s
 816974 615629 6.1779e+08   60  260 2.0000e+10 1247.85865   100%  49.4 2335s
 831811 628016 1.1065e+10   98  239 2.0000e+10 1247.95176   100%  49.3 2340s
 843555 637615 1264.15929   43  255 2.0000e+10 1248.01494   100%  49.1 2345s
 852337 647425 1.0000e+10   48  248 2.0000e+10 1248.07108   100%  49.1 2350s
 866303 656792 1.1933e+09   76  257 2.0000e+10 1248.16450   100%  49.0 2355s
 880329 668393 1309.70848   54  260 2.0000e+10 1248.24649   100%  48.9 2360s
 891867 678038 1388.77235   39  236 2.0000e+10 1248.31059   100%  48.8 2365s
 905034 688640 1298.99440   45  271 2.0000e+10 1248.39016   100%  48.6 2370s
 919007 700921 1252.74013   43  279 2.0000e+10 1248.46287   100%  48.5 2375s
 931445 711055 3.5587e+09   85  254 2.0000e+10 1248.53534   100%  48.5 2380s
 942694 720858 1279.81106   49  254 2.0000e+10 1248.59803   100%  48.4 2385s
 957857 733460 4.4935e+08   65  261 2.0000e+10 1248.69090   100%  48.2 2390s
 970310 743318 1.1386e+09   58  253 2.0000e+10 1248.76273   100%  48.2 2395s
 973233 751284 1295.72257   44  278 2.0000e+10 1248.77224   100%  48.2 2401s
 991997 760823 1265.28316   51  272 2.0000e+10 1248.87607   100%  48.1 2405s
 1006963 772641 9.9907e+09   90  241 2.0000e+10 1248.94183   100%  48.0 2410s
H1007361 772995                    1.999998e+10 1248.94364   100%  48.0 2411s
 1017919 781853 3.4932e+09   78  251 2.0000e+10 1248.99477   100%  47.9 2415s
 1026791 789399 1276.84451   53  270 2.0000e+10 1249.03743   100%  47.9 2420s
 1041828 801512 9.6859e+08   79  257 2.0000e+10 1249.10662   100%  47.8 2426s
 1051365 810361 1293.30520   52  227 2.0000e+10 1249.15594   100%  47.7 2430s
 1063559 820936 1311.18219   57  256 2.0000e+10 1249.21195   100%  47.6 2435s
 1075863 830290 1340.73792   54  251 2.0000e+10 1249.26989   100%  47.5 2440s
 1085189 838236 1286.34105   47  248 2.0000e+10 1249.31901   100%  47.5 2445s
 1101149 851062 6.3980e+08   63  252 2.0000e+10 1249.40059   100%  47.4 2450s
 1110573 858354 1354.64133   68  240 2.0000e+10 1249.44280   100%  47.4 2455s
 1122509 868210 1262.03323   46  276 2.0000e+10 1249.50120   100%  47.4 2460s
 1131336 874448 1314.15012   55  243 2.0000e+10 1249.54653   100%  47.4 2465s
 1145240 886976 1293.43262   50  267 2.0000e+10 1249.60974   100%  47.4 2470s
 1158156 897749 2.4925e+08   63  240 2.0000e+10 1249.67257   100%  47.3 2475s
 1171488 908584 7.6051e+09  133  240 2.0000e+10 1249.72564   100%  47.3 2480s
 1182579 918591 3.6249e+09   98  249 2.0000e+10 1249.77646   100%  47.2 2485s
 1193892 927639 1274.90106   47  263 2.0000e+10 1249.82818   100%  47.1 2490s
 1206183 936587 1321.77021   49  255 2.0000e+10 1249.87386   100%  47.0 2495s
 1219343 948353 1287.50173   50  239 2.0000e+10 1249.93524   100%  47.0 2500s
 1232925 959797 3.3945e+08   61  256 2.0000e+10 1249.98952   100%  46.9 2505s
 1242195 967340 1359.23880   48  255 2.0000e+10 1250.01733   100%  46.9 2510s
 1256252 978748 6.4452e+09   89  235 2.0000e+10 1250.07938   100%  46.8 2515s
 1270071 990298 1341.86798   62  252 2.0000e+10 1250.14092   100%  46.7 2520s
 1277311 996543 1265.94438   47  253 2.0000e+10 1250.17046   100%  46.7 2525s
 1288425 1005915 7.5455e+08   52  268 2.0000e+10 1250.21140   100%  46.7 2530s
 1298078 1013408 6.2541e+08   56  263 2.0000e+10 1250.25070   100%  46.7 2535s
 1307577 1020715 1330.13323   69  251 2.0000e+10 1250.29249   100%  46.7 2540s
 1318990 1030370 1295.47414   51  268 2.0000e+10 1250.34692   100%  46.7 2545s
 1327540 1036752 2.3779e+09   62  261 2.0000e+10 1250.38262   100%  46.7 2550s
 1338584 1044900 1.0690e+10   82  238 2.0000e+10 1250.42612   100%  46.6 2555s
 1348866 1053603 7.0855e+08   74  230 2.0000e+10 1250.46429   100%  46.6 2560s
 1359126 1062729 1.3117e+10  107  243 2.0000e+10 1250.49972   100%  46.6 2565s
 1370632 1072978 1.4818e+10  118  229 2.0000e+10 1250.54804   100%  46.6 2570s
 1381231 1081502 2.3301e+09   69  265 2.0000e+10 1250.59657   100%  46.5 2575s
 1386209 1084566 1380.71218   71  248 2.0000e+10 1250.61938   100%  46.5 2580s
 1397441 1093537 2.6211e+09   78  250 2.0000e+10 1250.65663   100%  46.5 2585s
 1407757 1102766 1288.54813   48  256 2.0000e+10 1250.69437   100%  46.4 2590s
 1423072 1115931 1356.24818   63  255 2.0000e+10 1250.75594   100%  46.4 2595s
 1433749 1124324 7.8147e+09  108  260 2.0000e+10 1250.79101   100%  46.4 2601s
 1442897 1132049 1.2293e+10   55  250 2.0000e+10 1250.82470   100%  46.3 2605s
 1456174 1147806 1264.37279   47  260 2.0000e+10 1250.87226   100%  46.3 2611s
 1470273 1154957 1260.00400   48  265 2.0000e+10 1250.92464   100%  46.2 2615s
 1484533 1166136 1276.99883   42  263 2.0000e+10 1250.97115   100%  46.2 2620s
 1493715 1173564 1.2423e+10   58  253 2.0000e+10 1251.00558   100%  46.2 2625s
 1509134 1186516 1271.67442   42  258 2.0000e+10 1251.06371   100%  46.1 2630s
 1517573 1193576     cutoff  118      2.0000e+10 1251.09888   100%  46.1 2636s
 1528048 1201662 1328.04739   63  259 2.0000e+10 1251.12906   100%  46.1 2640s
 1538752 1211351 1.7144e+10   98  191 2.0000e+10 1251.16434   100%  46.1 2645s
 1550231 1221177 1281.61397   43  267 2.0000e+10 1251.20904   100%  46.1 2650s
 1561948 1230620 1254.77082   46  250 2.0000e+10 1251.24493   100%  46.0 2655s
 1578179 1242466 1255.84194   40  265 2.0000e+10 1251.29160   100%  46.0 2661s
 1588037 1251938 1270.21899   47  272 2.0000e+10 1251.33228   100%  46.0 2665s
 1597068 1259451     cutoff   84      2.0000e+10 1251.36279   100%  46.0 2670s
 1612958 1271654 1306.26617   50  255 2.0000e+10 1251.41947   100%  45.9 2675s
 1623046 1280500 4.9682e+08   58  248 2.0000e+10 1251.45311   100%  45.9 2680s
 1637177 1290980 1269.98585   54  269 2.0000e+10 1251.49982   100%  45.9 2685s
 1648611 1300162 1334.91976   63  269 2.0000e+10 1251.54134   100%  45.9 2690s
 1660578 1311388 9.3219e+09  101  256 2.0000e+10 1251.57758   100%  45.9 2695s
 1670195 1319688 1390.36575   55  233 2.0000e+10 1251.60506   100%  45.9 2700s
 1685538 1332090 1323.88575   53  256 2.0000e+10 1251.64870   100%  45.8 2705s
 1698118 1341625 1319.41340   47  259 2.0000e+10 1251.68493   100%  45.7 2710s
 1707515 1350377 1336.60014   56  251 2.0000e+10 1251.71721   100%  45.7 2715s
 1718861 1358451 1.2719e+10  113  246 2.0000e+10 1251.75476   100%  45.7 2720s
 1728431 1370157 7.4802e+08   59  237 2.0000e+10 1251.78608   100%  45.7 2725s
 1741795 1378151 6.9768e+08   55  248 2.0000e+10 1251.82627   100%  45.7 2730s
 1750977 1384695 7.4058e+08   78  263 2.0000e+10 1251.85573   100%  45.7 2735s
 1765695 1397111 1320.57545   55  236 2.0000e+10 1251.89652   100%  45.7 2740s
 1778301 1406608     cutoff  101      2.0000e+10 1251.93398   100%  45.7 2745s
 1791455 1417238 1327.96392   57  261 2.0000e+10 1251.97245   100%  45.6 2750s
 1804738 1428595 1.2693e+10   99  223 2.0000e+10 1252.01137   100%  45.6 2755s
 1815952 1437889 5.9395e+09   88  237 2.0000e+10 1252.04417   100%  45.6 2761s
 1826918 1447874 1340.88090   61  228 2.0000e+10 1252.07461   100%  45.6 2765s
 1839112 1457685 6.5704e+08   69  265 2.0000e+10 1252.11201   100%  45.5 2770s
 1849303 1466212 1.5187e+10   95  233 2.0000e+10 1252.13589   100%  45.5 2775s
 1861102 1475000 1366.21364   47  232 2.0000e+10 1252.17403   100%  45.5 2780s
 1875338 1487139 infeasible   79      2.0000e+10 1252.21216   100%  45.5 2785s
 1886199 1495471     cutoff   60      2.0000e+10 1252.24011   100%  45.5 2790s
 1898148 1505471 1362.76795   66  277 2.0000e+10 1252.27235   100%  45.5 2795s
 1910533 1515771 1.3469e+10  117  245 2.0000e+10 1252.30516   100%  45.4 2800s
 1924693 1526491 7.1942e+09   84  220 2.0000e+10 1252.34201   100%  45.4 2806s
 1933026 1534625 5.9966e+08   78  229 2.0000e+10 1252.36904   100%  45.4 2810s
 1946625 1544217 7.9754e+09  106  269 2.0000e+10 1252.40361   100%  45.4 2815s
 1958959 1555209 1328.99316   59  259 2.0000e+10 1252.43463   100%  45.4 2820s
 1965077 1559294 9.1042e+09   90  239 2.0000e+10 1252.44797   100%  45.3 3733s
 1969075 1563899 1284.15346   44  264 2.0000e+10 1252.45699   100%  45.3 3735s
 1978935 1571304 1296.05926   52  256 2.0000e+10 1252.48679   100%  45.3 4800s
 1987336 1577766 9.0255e+08   62  250 2.0000e+10 1252.51065   100%  45.3 4805s
 1988661 1578193 1349.89667   62  256 2.0000e+10 1252.51556   100%  45.3 5717s
 1996522 1585703 3.3019e+09   86  259 2.0000e+10 1252.53129   100%  45.3 5720s
 2001291 1589401 1311.47752   51  232 2.0000e+10 1252.54363   100%  45.3 6698s
 2008823 1595773 1255.74701   42  277 2.0000e+10 1252.56459   100%  45.3 6700s
 2013752 1600362 1355.75016   55  227 2.0000e+10 1252.57641   100%  45.3 7698s

Cutting planes:
  Clique: 5
  Zero half: 16

Explored 2015507 nodes (91232141 simplex iterations) in 7698.10 seconds (2481.73 work units)
Thread count was 8 (of 8 available processors)

Solution count 10: 2e+10 2e+10 2e+10 ... 5e+10

Time limit reached
Best objective 1.999997831781e+10, best bound 1.252581219716e+03, gap 100.0000%
