
Gurobi 11.0.1 (mac64[arm]) logging started Tue Feb 11 09:57:12 2025

Set parameter LogFile to value "logs_new/salida_modelo_caminos_360_567_25.log"
Set parameter TimeLimit to value 7200
Gurobi Optimizer version 11.0.1 build v11.0.1rc0 (mac64[arm] - Darwin 24.3.0 24D60)

CPU model: Apple M2
Thread count: 8 physical cores, 8 logical processors, using up to 8 threads

Optimize a model with 613 rows, 1968 columns and 8302 nonzeros
Coefficient statistics:
  Matrix range     [1e+00, 1e+00]
  Objective range  [2e+00, 1e+10]
  Bounds range     [0e+00, 0e+00]
  RHS range        [1e+00, 2e+02]
Warning: Model contains large objective coefficients
         Consider reformulating model or setting NumericFocus parameter
         to avoid numerical issues.

Solved in 0 iterations and 0.00 seconds (0.00 work units)
Optimal objective  1.392000000e+03
Gurobi Optimizer version 11.0.1 build v11.0.1rc0 (mac64[arm] - Darwin 24.3.0 24D60)

CPU model: Apple M2
Thread count: 8 physical cores, 8 logical processors, using up to 8 threads

Optimize a model with 613 rows, 1968 columns and 8302 nonzeros
Model fingerprint: 0x92f82f55
Variable types: 0 continuous, 1968 integer (1968 binary)
Coefficient statistics:
  Matrix range     [1e+00, 1e+00]
  Objective range  [2e+00, 1e+10]
  Bounds range     [0e+00, 0e+00]
  RHS range        [1e+00, 2e+02]
Warning: Model contains large objective coefficients
         Consider reformulating model or setting NumericFocus parameter
         to avoid numerical issues.
Found heuristic solution: objective 3.600000e+12
Presolve removed 250 rows and 0 columns
Presolve time: 0.03s
Presolved: 363 rows, 1968 columns, 8078 nonzeros
Variable types: 0 continuous, 1968 integer (1968 binary)
Found heuristic solution: objective 3.540000e+12

Root relaxation: objective 1.392000e+03, 2086 iterations, 0.07 seconds (0.15 work units)

    Nodes    |    Current Node    |     Objective Bounds      |     Work
 Expl Unexpl |  Obj  Depth IntInf | Incumbent    BestBd   Gap | It/Node Time

     0     0 1392.00000    0  308 3.5400e+12 1392.00000   100%     -    0s
H    0     0                    6.100000e+11 1392.00000   100%     -    0s
H    0     0                    4.600000e+11 1392.00000   100%     -    0s
H    0     0                    3.900000e+11 1392.00000   100%     -    0s
H    0     0                    3.000000e+11 1392.00000   100%     -    0s
H    0     0                    2.900000e+11 1392.00000   100%     -    0s
H    0     0                    2.600000e+11 1392.00000   100%     -    0s
     0     0 1392.00000    0  329 2.6000e+11 1392.00000   100%     -    0s
H    0     0                    2.500000e+11 1392.00000   100%     -    0s
     0     0 1392.00000    0  318 2.5000e+11 1392.00000   100%     -    0s
     0     0 1392.00000    0  314 2.5000e+11 1392.00000   100%     -    0s
H    0     0                    2.400000e+11 1392.00000   100%     -    0s
H    0     0                    2.200000e+11 1392.00000   100%     -    0s
     0     0 1392.00000    0  333 2.2000e+11 1392.00000   100%     -    0s
     0     0 1392.00000    0  323 2.2000e+11 1392.00000   100%     -    0s
     0     0 1392.00000    0  323 2.2000e+11 1392.00000   100%     -    0s
H    0     0                    2.000000e+11 1392.00000   100%     -    0s
     0     2 1392.00000    0  317 2.0000e+11 1392.00000   100%     -    0s
H   32    40                    1.900000e+11 1392.00000   100%   195    0s
H   36    40                    1.800000e+11 1392.00000   100%   184    0s
H   70    79                    1.500000e+11 1392.00000   100%   159    1s
H  114   122                    1.100000e+11 1392.26873   100%   149    1s
H  165   174                    1.000000e+11 1392.43480   100%   139    2s
H  171   174                    1.000000e+11 1392.43480   100%   139    2s
H 1232  1241                    9.000000e+10 1392.43480   100%   113    4s
  1240  1299 4.1891e+10  102  236 9.0000e+10 1392.43480   100%   113    5s
H 2662  2424                    8.000000e+10 1392.43821   100%   110    8s
  2735  2477 1.1959e+09   34  302 8.0000e+10 1392.43821   100%   110   10s
H 3442  2790                    8.000000e+10 1392.43821   100%   109   12s
H 4061  3008                    7.999998e+10 1392.43821   100%   110   14s
  4489  3343 5.6793e+10   78  241 8.0000e+10 1392.43821   100%   111   15s
  6635  4531 6.7446e+10  105  256 8.0000e+10 1393.16447   100%   112   20s
  7830  5046 1.5569e+09   51  284 8.0000e+10 1393.27864   100%   115  950s
* 7859  4660              97    7.000000e+10 1393.27864   100%   115  950s
 10365  6966 9.6243e+09   53  291 7.0000e+10 1394.68532   100%   117  955s
H12407  8559                    7.000000e+10 1394.86765   100%   119  959s
H12484  7949                    6.000000e+10 1394.86765   100%   119  959s
H12573  7232                    5.000000e+10 1394.86765   100%   120  959s
 12610  7535 4.3571e+10   75  272 5.0000e+10 1395.00421   100%   120  960s
H14399  9029                    5.000000e+10 1395.28961   100%   120  965s
 18790 12568 7.4586e+09   58  271 5.0000e+10 1396.38693   100%   118  972s
 19578 13904 7.9218e+08   44  284 5.0000e+10 1396.69107   100%   118  975s
 23914 17722 1414.07500   32  319 5.0000e+10 1397.19525   100%   117  980s
 28375 20558 4.5666e+10   76  277 5.0000e+10 1397.88553   100%   118  985s
 29701 22701 4.2673e+10   91  276 5.0000e+10 1398.08515   100%   118 1926s
 32097 24199 3.9583e+10   68  267 5.0000e+10 1398.33462   100%   117 1930s
 36738 28501 2.1565e+10   73  280 5.0000e+10 1398.80052   100%   117 1935s
 41855 32986 2.3706e+10   46  286 5.0000e+10 1399.34215   100%   117 1940s
 44667 35742 4.1328e+10   85  246 5.0000e+10 1399.57619   100%   117 1945s
 48752 38587 1555.60815   37  305 5.0000e+10 1399.96012   100%   118 1950s
 56146 44743 5.5418e+09   83  285 5.0000e+10 1400.57933   100%   119 1955s
 57909 45632 1486.75746   44  303 5.0000e+10 1400.66917   100%   119 2883s
 59736 48389 2.8403e+10   71  280 5.0000e+10 1400.83505   100%   119 2886s
 64946 52369 1.4863e+10   53  285 5.0000e+10 1401.12672   100%   119 2890s
 70600 56736 2.3045e+10   61  282 5.0000e+10 1401.42869   100%   119 2896s
H70968 56722                    5.000000e+10 1401.42869   100%   119 2896s
 73109 59313 1440.32156   33  292 5.0000e+10 1401.59560   100%   119 2900s
H79898 64629                    5.000000e+10 1401.90289   100%   119 2905s
H80528 65313                    4.999998e+10 1401.94602   100%   118 2907s
 83152 67312 2.5948e+09   50  279 5.0000e+10 1402.07892   100%   118 2910s
 89407 73414 1448.94020   35  302 5.0000e+10 1402.37632   100%   118 2916s
 94916 77160 3.3832e+10   98  272 5.0000e+10 1402.66916   100%   118 2921s
 98082 80573 4.3604e+09   43  276 5.0000e+10 1402.74130   100%   118 3844s
 99125 81396 1473.42892   38  297 5.0000e+10 1402.80300   100%   118 3845s
 104514 86266 1498.98091   42  300 5.0000e+10 1402.95253   100%   118 3850s
 107710 87857 1.4342e+10   58  270 5.0000e+10 1403.04810   100%   118 3855s
 115150 94867 1459.23538   44  300 5.0000e+10 1403.47635   100%   118 3860s
 118846 98078 1500.99871   49  302 5.0000e+10 1403.61002   100%   118 3865s
 123883 101979 1.9242e+10   50  274 5.0000e+10 1403.77499   100%   118 3870s
 128712 106476 1418.88118   31  314 5.0000e+10 1403.92732   100%   118 3875s
 133103 110201 1.3880e+10   60  286 5.0000e+10 1404.05617   100%   118 3880s
 139218 115402 1424.22091   31  317 5.0000e+10 1404.24762   100%   118 4811s
 143670 118455 1427.41805   40  317 5.0000e+10 1404.41244   100%   118 4815s
 148196 122585 2.0000e+10   43  304 5.0000e+10 1404.54046   100%   118 4820s
H148564 122585                    4.999997e+10 1404.54147   100%   118 4820s
 153692 127671 1409.22003   27  324 5.0000e+10 1404.64985   100%   118 4825s
 159171 132451 1.0086e+10   41  290 5.0000e+10 1404.77315   100%   118 4830s
 164009 136716 1503.67700   44  309 5.0000e+10 1404.89603   100%   117 4835s
 169848 140677 1.7811e+10   64  273 5.0000e+10 1405.09447   100%   117 4840s
 175310 146036 1472.60253   45  301 5.0000e+10 1405.21586   100%   117 4845s
 180826 150667 1.0000e+10   46  263 5.0000e+10 1405.33975   100%   117 4850s
 183926 153190 1441.87042   34  297 5.0000e+10 1405.43277   100%   117 5778s
 185575 153917 1436.14730   34  306 5.0000e+10 1405.47396   100%   117 5783s
 185954 155088 1441.39340   36  303 5.0000e+10 1405.48501   100%   117 5785s
 193162 161301 9.7863e+09   55  275 5.0000e+10 1405.65206   100%   117 5790s
 199734 166560 2.2699e+10   72  283 5.0000e+10 1405.79306   100%   117 5795s
 206163 171527 2.0201e+10   64  247 5.0000e+10 1405.92138   100%   116 5800s
 210741 176025 1482.42746   53  307 5.0000e+10 1406.03946   100%   116 5805s
 217163 181259 3.5989e+10   77  257 5.0000e+10 1406.19344   100%   116 5810s
 221888 185253 1409.78854   26  330 5.0000e+10 1406.31337   100%   116 5815s
H223107 185709                    4.999997e+10 1406.33688   100%   116 5817s
 223299 187946 1586.44836   44  286 5.0000e+10 1406.35598   100%   116 5957s
 226943 189892 4.2407e+10   82  238 5.0000e+10 1406.45098   100%   116 5960s
 232195 194145 4.4442e+10   77  265 5.0000e+10 1406.57795   100%   116 5965s
 237649 198968 6.4718e+09   47  301 5.0000e+10 1406.69001   100%   116 5970s
 242946 203161 infeasible   62      5.0000e+10 1406.81183   100%   116 5975s
 248594 207679 3.1894e+10   76  311 5.0000e+10 1406.92406   100%   116 5980s
 254689 212121 4.0695e+09   46  297 5.0000e+10 1407.01875   100%   116 5986s
 259158 216603 1456.18723   47  280 5.0000e+10 1407.10273   100%   116 5990s
 266988 222825 1417.29491   35  323 5.0000e+10 1407.25093   100%   115 5996s
 271361 226332 1423.51317   35  313 5.0000e+10 1407.33599   100%   115 6000s
 277045 231698 1422.16815   28  304 5.0000e+10 1407.43935   100%   115 6005s
 280122 233619 5.1435e+09   69  297 5.0000e+10 1407.50026   100%   115 6013s
 281178 235255 2.9154e+10   55  285 5.0000e+10 1407.51408   100%   115 6015s
 287668 240824 1411.18284   28  306 5.0000e+10 1407.61452   100%   115 6020s
 293069 245380 1506.97464   51  290 5.0000e+10 1407.70864   100%   115 6025s
 301363 251696 1.9334e+10   56  273 5.0000e+10 1407.88990   100%   114 6030s
 303613 254234 3.1882e+10   72  291 5.0000e+10 1407.93237   100%   114 6036s
 309808 259446 3.8320e+10  106  257 5.0000e+10 1408.03360   100%   114 6040s
 312412 265026 4.6416e+09   52  282 5.0000e+10 1408.05809   100%   114 6045s
 320587 268500 4.2158e+10  100  286 5.0000e+10 1408.13939   100%   114 6050s
 326647 272832 1419.95219   33  329 5.0000e+10 1408.22124   100%   114 6055s
H326661 272832                    4.999995e+10 1408.22124   100%   114 6055s
 326873 279499 1426.18394   34  333 5.0000e+10 1408.23140   100%   114 6061s
 340718 285205 3.3028e+08   55  299 5.0000e+10 1408.45462   100%   114 6065s
 345106 288458 3.3974e+10   99  266 5.0000e+10 1408.51028   100%   114 6070s
H345107 288458                    4.999995e+10 1408.51028   100%   114 6070s
H345108 288458                    4.999995e+10 1408.51028   100%   114 6070s
H345130 288458                    4.999995e+10 1408.51028   100%   114 6070s
 351153 294430 1453.22441   38  292 5.0000e+10 1408.60139   100%   113 6075s
 357451 299682 2.9903e+10   64  291 5.0000e+10 1408.67428   100%   113 6080s
 363593 304242 4.2227e+10   57  247 5.0000e+10 1408.74306   100%   113 6085s
 368578 309188 3.2791e+10   74  285 5.0000e+10 1408.82754   100%   113 6090s
H373161 312284                    4.999995e+10 1408.87914   100%   113 6094s
 373226 313326 9.4846e+07   57  280 5.0000e+10 1408.88269   100%   113 6095s
 380360 319157 1481.31669   43  282 5.0000e+10 1408.95878   100%   113 6100s
 384804 322809 1417.84010   30  319 5.0000e+10 1409.01097   100%   113 6105s
H385381 322809                    4.999995e+10 1409.02412   100%   113 6105s
 389994 327219 1.5406e+10   47  265 5.0000e+10 1409.06453   100%   113 6110s
 397820 333941 1449.29997   34  316 5.0000e+10 1409.15310   100%   113 6115s
H398883 334127                    4.999995e+10 1409.16119   100%   113 6116s
 403385 337899 3.3719e+10   94  245 5.0000e+10 1409.20523   100%   113 6120s
H404860 339087                    4.999995e+10 1409.22394   100%   113 6122s
 408033 342758 3.8211e+10   74  255 5.0000e+10 1409.25777   100%   113 6125s
 414906 348691 1493.84010   39  292 5.0000e+10 1409.33754   100%   112 6130s
 419742 352099 1.0856e+10   61  288 5.0000e+10 1409.38471   100%   112 6135s
 427097 358744 4.8141e+10   94  243 5.0000e+10 1409.48807   100%   112 6140s
H430468 360973                    4.999995e+10 1409.51752   100%   112 6142s
 433786 364545 1.1888e+10   46  274 5.0000e+10 1409.55249   100%   112 6145s
 440151 369682 4.4663e+09   48  295 5.0000e+10 1409.64421   100%   112 6150s
 444653 373092 1457.92847   43  301 5.0000e+10 1409.69794   100%   112 6155s
 450828 378927 3.3499e+10   65  268 5.0000e+10 1409.77111   100%   112 6160s
 458228 385157 4.2069e+10   76  248 5.0000e+10 1409.83466   100%   112 6165s
 463378 388600 1440.20596   38  308 5.0000e+10 1409.87993   100%   111 6170s
 469816 394770 4.4601e+09   52  286 5.0000e+10 1409.94810   100%   111 6175s
 475136 400533 4.8773e+10   51  275 5.0000e+10 1410.00772   100%   111 6180s
 481799 405122 1.5542e+10   58  298 5.0000e+10 1410.07136   100%   111 6185s
H487223 408712                    4.999994e+10 1410.11790   100%   111 6189s
 487225 409545     cutoff   88      5.0000e+10 1410.12047   100%   111 6190s
 493903 415256 2.7321e+10   71  276 5.0000e+10 1410.18968   100%   111 6195s
 500976 421207 1458.87427   41  292 5.0000e+10 1410.26405   100%   111 6200s
 507431 426121 1467.35790   40  288 5.0000e+10 1410.33090   100%   111 6205s
H507653 426121                    4.999994e+10 1410.33090   100%   111 6205s
 513504 431069 7.7189e+09   45  296 5.0000e+10 1410.38063   100%   111 6210s
 517585 435365 2.8922e+10   70  278 5.0000e+10 1410.42262   100%   111 6215s
 520381 440775 1456.62620   47  305 5.0000e+10 1410.45033   100%   111 6220s
 529793 445359 1444.43156   39  297 5.0000e+10 1410.52240   100%   110 6225s
 534002 448909 3.7422e+09   53  317 5.0000e+10 1410.55573   100%   110 6230s
 540152 453439 1433.41551   33  289 5.0000e+10 1410.62814   100%   110 6235s
 545719 458202 4.1729e+10   85  268 5.0000e+10 1410.69901   100%   110 6240s
H545734 458202                    4.999993e+10 1410.69901   100%   110 6240s
 551796 464066 1414.24489   32  329 5.0000e+10 1410.75361   100%   110 6245s
 556263 467183 1438.82842   39  287 5.0000e+10 1410.78271   100%   110 6250s
 562541 473057 1455.37608   50  316 5.0000e+10 1410.82782   100%   110 6255s
 566962 475856 2.1561e+10   59  264 5.0000e+10 1410.85905   100%   110 6260s
 571890 480216 1.8283e+10   84  301 5.0000e+10 1410.89907   100%   110 6265s
 578272 485332 1473.26326   42  274 5.0000e+10 1410.96630   100%   110 6270s
 583178 490376 4.8349e+09   47  296 5.0000e+10 1411.00624   100%   110 6275s
 589027 495534 1443.21567   40  297 5.0000e+10 1411.05895   100%   110 6280s
 595141 500767 3.4352e+10   63  256 5.0000e+10 1411.10804   100%   110 6285s
 600752 505078 1566.80998   50  298 5.0000e+10 1411.14718   100%   109 6290s
 606600 510082 1.4741e+10   51  282 5.0000e+10 1411.18875   100%   109 6295s
 613393 515887 1475.35071   36  311 5.0000e+10 1411.25434   100%   109 6300s
 619533 521039 7.8932e+09   57  306 5.0000e+10 1411.30647   100%   109 6305s
 624813 526018 1.6495e+10   59  290 5.0000e+10 1411.34443   100%   109 6310s
 632621 532075 3.8745e+10   52  276 5.0000e+10 1411.39324   100%   109 6315s
 637176 536075 1.8097e+09   47  285 5.0000e+10 1411.42708   100%   109 6320s
 644505 542204 8.8536e+09   50  284 5.0000e+10 1411.47152   100%   109 6325s
 651108 547972 1.1584e+10   53  272 5.0000e+10 1411.52483   100%   109 6330s
H656695 551691                    4.999993e+10 1411.55312   100%   108 6334s
 656700 552554 4.9003e+10   78  237 5.0000e+10 1411.55327   100%   108 6335s
 664105 558590 3.2628e+10   53  274 5.0000e+10 1411.61237   100%   108 6340s
 667791 561700 1489.04640   53  305 5.0000e+10 1411.63473   100%   108 6345s
 674359 567207 2.3716e+10   74  287 5.0000e+10 1411.68954   100%   108 6350s
 681706 572851 1477.36299   40  290 5.0000e+10 1411.72956   100%   108 6355s
 686494 577397 1.3912e+10   58  267 5.0000e+10 1411.75726   100%   108 6360s
 692902 582586 4.0532e+10   76  256 5.0000e+10 1411.80363   100%   108 6365s
 697695 586575 1423.98795   29  303 5.0000e+10 1411.84260   100%   108 6370s
 705070 592681 1.6430e+10   52  290 5.0000e+10 1411.90019   100%   108 6375s
 710217 596348 1494.76154   46  307 5.0000e+10 1411.93539   100%   108 6380s
 714083 602303 1467.11932   41  292 5.0000e+10 1411.97102   100%   108 6385s
 722947 607965 9.8346e+09   56  292 5.0000e+10 1412.03518   100%   108 6390s
 730412 613432 1445.96007   39  317 5.0000e+10 1412.07390   100%   108 6396s
 735579 618389 1451.63513   32  294 5.0000e+10 1412.10947   100%   108 6400s
 739122 621560 1461.60827   40  270 5.0000e+10 1412.13331   100%   108 6405s
 747014 627982 1.9443e+10   52  289 5.0000e+10 1412.18939   100%   107 6410s
 753683 633535 2.5630e+09   52  283 5.0000e+10 1412.23842   100%   107 6415s
 760027 638998 1476.30936   54  282 5.0000e+10 1412.28339   100%   107 6420s
 765085 643448 7.4620e+09   67  296 5.0000e+10 1412.31217   100%   107 6425s
 772006 649051 1495.07211   42  294 5.0000e+10 1412.35864   100%   107 6430s
 778490 654466 2.2333e+10   76  279 5.0000e+10 1412.41362   100%   107 6435s
H782855 657394                    4.999993e+10 1412.43909   100%   107 6438s
 784525 659590 3.4446e+09   52  295 5.0000e+10 1412.44897   100%   107 6440s
 791819 665096 2.8088e+10   83  285 5.0000e+10 1412.49938   100%   107 6446s
 796974 670186 3.3849e+10   78  252 5.0000e+10 1412.54290   100%   107 6450s
 801658 674137 2.2837e+10   75  276 5.0000e+10 1412.57938   100%   107 6455s
 809108 679690 5.9399e+08   39  314 5.0000e+10 1412.63280   100%   107 6461s
 814718 685211 8.5285e+09   53  266 5.0000e+10 1412.67222   100%   107 6465s
H817516 686645                    4.999993e+10 1412.69347   100%   107 6467s
 820435 689830 4.3866e+10   75  207 5.0000e+10 1412.71103   100%   107 6470s
 827544 695197 1.8982e+10   63  265 5.0000e+10 1412.75188   100%   107 6476s
 832054 699102 2.7281e+10   59  269 5.0000e+10 1412.78184   100%   107 6480s
 839078 705715 1422.91106   31  331 5.0000e+10 1412.83560   100%   106 6485s
 845599 711013 1456.33231   37  308 5.0000e+10 1412.87660   100%   106 6490s
*850144 639816              67    4.000000e+10 1412.89700   100%   106 6493s
 851571 641440 2.4835e+10   63  285 4.0000e+10 1412.91541   100%   106 6495s
 856956 646047 1.7767e+10   60  259 4.0000e+10 1412.94588   100%   106 6500s
 863934 650926 1432.88173   36  292 4.0000e+10 1412.99197   100%   106 6507s
H863937 650705                    4.000000e+10 1412.99197   100%   106 6507s
 867341 654389 1441.19193   35  315 4.0000e+10 1413.01456   100%   106 6510s
 873312 659418 1499.18266   47  289 4.0000e+10 1413.06466   100%   106 6515s
H874521 659624                    3.999997e+10 1413.07061   100%   106 6517s
 878533 663770 1570.48026   54  302 4.0000e+10 1413.09667   100%   106 6520s
 885266 668598 7.3307e+09   48  290 4.0000e+10 1413.14213   100%   106 6526s
 891022 674178 1525.80360   52  295 4.0000e+10 1413.18757   100%   106 6530s
H892690 674863                    3.999997e+10 1413.19968   100%   106 6531s
 897327 679479 2.6380e+10   74  261 4.0000e+10 1413.23164   100%   106 6535s
H898531 679613                    3.999996e+10 1413.23675   100%   106 6537s
 899968 681725 1.8585e+10   58  282 4.0000e+10 1413.24440   100%   106 6540s
 908833 688262 1.0228e+10   54  279 4.0000e+10 1413.30540   100%   106 6547s
H908892 688262                    3.999995e+10 1413.30540   100%   106 6547s
H908961 688262                    3.999995e+10 1413.30570   100%   106 6547s
 913015 692606 3.0180e+10   60  237 4.0000e+10 1413.32283   100%   106 6550s
 919097 697601 1444.46651   28  301 4.0000e+10 1413.36855   100%   106 6555s
 925559 702219 1465.87255   32  310 4.0000e+10 1413.40357   100%   106 6560s
 931171 707577 2.4803e+10   80  273 4.0000e+10 1413.43609   100%   106 6565s
 937071 711968 8.4787e+09   62  287 4.0000e+10 1413.48394   100%   106 6571s
 942497 717156 1.6754e+08   43  287 4.0000e+10 1413.51289   100%   106 6575s
 948608 721700 3.0157e+10   83  293 4.0000e+10 1413.56587   100%   106 6580s
 952882 724876 9.9698e+09   37  297 4.0000e+10 1413.58802   100%   106 6586s
 957035 729238 2.5545e+09   44  299 4.0000e+10 1413.60945   100%   106 6590s
 964611 735582 3.5265e+10   71  253 4.0000e+10 1413.64855   100%   106 6595s
 971023 740666 3.0514e+09   37  290 4.0000e+10 1413.68854   100%   106 6600s
 976454 745420 1479.79492   39  289 4.0000e+10 1413.71077   100%   105 6605s
 981331 749205 1470.38021   41  299 4.0000e+10 1413.73945   100%   105 6610s
 987602 754492 2.1634e+10   68  279 4.0000e+10 1413.78037   100%   105 6615s
 994075 759883 1428.15627   36  317 4.0000e+10 1413.81608   100%   105 6620s
 999443 764683 2.0000e+10   56  262 4.0000e+10 1413.84958   100%   105 6625s
 1005128 769307 2.3589e+10   63  295 4.0000e+10 1413.89081   100%   105 6630s
 1010291 773460 1433.06777   31  315 4.0000e+10 1413.92395   100%   105 6635s
 1016349 778349 1487.98472   36  296 4.0000e+10 1413.95461   100%   105 6640s
 1024011 784531 1.2427e+10   44  283 4.0000e+10 1413.99951   100%   105 6645s
 1029167 788650 3.0857e+10   69  269 4.0000e+10 1414.02213   100%   105 6650s
 1036418 793885     cutoff   87      4.0000e+10 1414.06568   100%   105 6656s
 1041983 799217 1.7107e+10   68  267 4.0000e+10 1414.10348   100%   105 6660s
 1043235 804700 1446.32807   44  274 4.0000e+10 1414.10793   100%   105 6666s
 1054079 809446 1519.83337   53  288 4.0000e+10 1414.17569   100%   105 6670s
 1060304 813733 1.6815e+10   63  282 4.0000e+10 1414.20478   100%   105 6675s
 1065819 818368 2.1519e+10   54  278 4.0000e+10 1414.24112   100%   105 6680s
 1072236 824742 1.9443e+09   39  298 4.0000e+10 1414.29011   100%   105 6685s
 1077618 828881 9.2660e+09   47  282 4.0000e+10 1414.31693   100%   105 6690s
 1082264 831950 3.3757e+10   65  248 4.0000e+10 1414.33656   100%   105 6695s
 1088528 837905 7.3863e+08   47  292 4.0000e+10 1414.37007   100%   105 6701s
 1091957 841261 1424.40832   29  299 4.0000e+10 1414.39080   100%   105 6705s
 1100395 847681 1.3197e+10   64  288 4.0000e+10 1414.43673   100%   105 6710s
 1101789 854336 1.0639e+10   67  290 4.0000e+10 1414.44463   100%   105 6717s
 1111977 856569 2.5135e+10   63  266 4.0000e+10 1414.50600   100%   105 6720s
 1115149 859866 3.8348e+10   73  256 4.0000e+10 1414.52111   100%   105 6725s
 1123510 865935 1521.51487   40  274 4.0000e+10 1414.56131   100%   105 6731s
 1129367 871622 2.5753e+09   51  279 4.0000e+10 1414.60498   100%   105 6735s
 1131972 876843 1.6191e+09   49  282 4.0000e+10 1414.61605   100%   105 6741s
 1141737 881627 2.0075e+10   90  269 4.0000e+10 1414.66659   100%   105 6745s
 1146933 885343 1422.72815   34  296 4.0000e+10 1414.69777   100%   105 6750s
 1147044 892013 1426.53976   35  300 4.0000e+10 1414.70027   100%   105 6757s
 1155052 892217 3.2553e+09   55  299 4.0000e+10 1414.74382   100%   105 6760s
 1163219 898724 1544.34073   35  289 4.0000e+10 1414.78570   100%   105 6767s
 1166075 902062 8.9550e+09   58  292 4.0000e+10 1414.80197   100%   105 6770s
*1170999 766342              69    3.000000e+10 1414.82211   100%   105 6772s
H1172680 767612                    3.000000e+10 1414.83248   100%   105 6774s
 1173288 768632 4.9406e+08   50  301 3.0000e+10 1414.83761   100%   105 6775s
 1177239 776873 1.3354e+10   51  292 3.0000e+10 1414.85850   100%   105 6783s
 1185063 778253 9.2203e+09   51  263 3.0000e+10 1414.90029   100%   105 6785s
 1189118 781361 1.8725e+10   48  300 3.0000e+10 1414.93310   100%   105 6790s
 1194791 785960 1.7415e+10   48  280 3.0000e+10 1414.96895   100%   105 6795s
 1202571 791286 1.5781e+10   70  277 3.0000e+10 1415.00578   100%   105 6801s
H1204025 791956                    3.000000e+10 1415.01317   100%   105 6803s
 1205339 794041 1.2267e+10   51  282 3.0000e+10 1415.02187   100%   105 6805s
 1212670 799833 6.2355e+08   44  301 3.0000e+10 1415.06961   100%   105 6810s
H1216172 801473                    3.000000e+10 1415.09147   100%   104 6814s
H1216177 801467                    3.000000e+10 1415.09147   100%   104 6814s
 1216182 802238 1.2735e+10   55  283 3.0000e+10 1415.09382   100%   104 6815s
H1221650 806301                    3.000000e+10 1415.12001   100%   104 6819s
H1221728 806300                    3.000000e+10 1415.12368   100%   104 6819s
 1222291 808619 1455.13425   50  314 3.0000e+10 1415.12522   100%   104 6821s
 1230161 813707 1437.67053   31  319 3.0000e+10 1415.16830   100%   104 6825s
 1233948 816011 1532.51730   44  287 3.0000e+10 1415.19460   100%   104 6830s
H1235501 818011                    3.000000e+10 1415.20394   100%   104 6831s
 1240366 821889 1421.40635   30  293 3.0000e+10 1415.23124   100%   104 6835s
 1244849 825446 1517.11581   46  248 3.0000e+10 1415.25810   100%   104 6840s
 1252271 831576 1443.33626   44  289 3.0000e+10 1415.29552   100%   104 6845s
H1253869 831611                    2.999999e+10 1415.30162   100%   104 6846s
 1255607 834069 2.0191e+10   67  280 3.0000e+10 1415.31557   100%   104 6850s
 1262902 839277 8.7862e+08   51  289 3.0000e+10 1415.35598   100%   104 6855s
 1267638 848240 1454.00852   37  308 3.0000e+10 1415.38687   100%   104 6864s
 1274625 848382 1441.03844   37  312 3.0000e+10 1415.42102   100%   104 6865s
 1278238 852273 1432.01472   34  298 3.0000e+10 1415.44920   100%   104 6870s
 1286089 857555 1.5075e+10   54  287 3.0000e+10 1415.49693   100%   104 6882s
 1288483 860120 1514.85978   41  259 3.0000e+10 1415.50450   100%   104 6885s
H1292854 863084                    2.999999e+10 1415.52422   100%   104 6888s
 1294568 865514 6.3805e+09   56  263 3.0000e+10 1415.53395   100%   104 6890s
H1296052 865949                    2.999999e+10 1415.54113   100%   104 6891s
H1296348 865949                    2.999999e+10 1415.54345   100%   104 6891s
 1298427 870891     cutoff   71      3.0000e+10 1415.55200   100%   104 6896s
 1304832 873675 1.7659e+10   53  290 3.0000e+10 1415.58798   100%   104 6900s
 1310653 878152 5.8281e+08   43  300 3.0000e+10 1415.61007   100%   104 6905s
 1315515 881915 1442.50433   37  312 3.0000e+10 1415.64786   100%   104 6911s
 1320157 885948 1.2277e+10   61  295 3.0000e+10 1415.67221   100%   104 6915s
 1327022 890579 1.2177e+10   63  267 3.0000e+10 1415.70166   100%   104 6921s
 1332043 895549 1429.33168   28  324 3.0000e+10 1415.72985   100%   104 6925s
 1337089 898792 2.2475e+10   53  292 3.0000e+10 1415.74974   100%   104 6930s
 1342335 903895 1.5817e+10   54  289 3.0000e+10 1415.78161   100%   104 6935s
 1347277 908140 3.2475e+09   53  267 3.0000e+10 1415.80578   100%   104 6940s
H1351681 910521                    2.999998e+10 1415.82207   100%   104 6944s
 1351682 911587 1496.72282   45  280 3.0000e+10 1415.82446   100%   104 6945s
 1356490 915224 1.5505e+10   47  281 3.0000e+10 1415.85422   100%   104 6950s
 1361737 919640 2.1154e+10   50  252 3.0000e+10 1415.88202   100%   104 6955s
 1362986 919935 1485.20654   45  308 3.0000e+10 1415.88745   100%   104 7123s
 1364677 921928 1.5984e+10   56  288 3.0000e+10 1415.89603   100%   104 7125s
 1370948 926978 1457.14440   36  265 3.0000e+10 1415.92967   100%   104 7130s
 1376298 931023 1425.94478   32  297 3.0000e+10 1415.95427   100%   104 7135s
 1381281 935444 1481.36556   46  301 3.0000e+10 1415.97968   100%   104 7140s
 1387490 940650 1.8779e+10   69  260 3.0000e+10 1416.01310   100%   104 7145s
 1393255 944138 1.9280e+10   73  251 3.0000e+10 1416.03827   100%   104 7151s
 1396510 947338 1.0662e+10   44  297 3.0000e+10 1416.05587   100%   104 7155s
 1401071 950985 1.1370e+10   51  286 3.0000e+10 1416.08260   100%   104 7160s
 1407643 955300 1469.97543   38  292 3.0000e+10 1416.11759   100%   104 7165s
 1413622 960806 1501.88054   43  286 3.0000e+10 1416.14987   100%   104 7170s
 1417615 965196 5.3195e+09   55  300 3.0000e+10 1416.17098   100%   104 7175s
 1422948 968787 1532.29939   55  302 3.0000e+10 1416.19399   100%   104 7180s
 1430845 974142 1488.48915   34  296 3.0000e+10 1416.23167   100%   104 7186s
 1434601 977676 3.7271e+09   58  286 3.0000e+10 1416.25560   100%   104 7190s
 1438798 981189 5.0728e+09   52  276 3.0000e+10 1416.27270   100%   104 7195s
 1444561 985401 1.6175e+10   61  270 3.0000e+10 1416.30510   100%   104 7200s

Cutting planes:
  Clique: 14
  Zero half: 1

Explored 1445351 nodes (150742354 simplex iterations) in 7200.01 seconds (3427.80 work units)
Thread count was 8 (of 8 available processors)

Solution count 10: 3e+10 3e+10 3e+10 ... 4e+10

Time limit reached
Best objective 3.000000153200e+10, best bound 1.416306371613e+03, gap 100.0000%
