
Gurobi 11.0.1 (mac64[arm]) logging started Tue Feb 11 06:33:21 2025

Set parameter LogFile to value "logs_new/salida_modelo_caminos_340_567_25.log"
Set parameter TimeLimit to value 7200
Gurobi Optimizer version 11.0.1 build v11.0.1rc0 (mac64[arm] - Darwin 24.3.0 24D60)

CPU model: Apple M2
Thread count: 8 physical cores, 8 logical processors, using up to 8 threads

Optimize a model with 593 rows, 1869 columns and 7766 nonzeros
Coefficient statistics:
  Matrix range     [1e+00, 1e+00]
  Objective range  [2e+00, 1e+10]
  Bounds range     [0e+00, 0e+00]
  RHS range        [1e+00, 2e+02]
Warning: Model contains large objective coefficients
         Consider reformulating model or setting NumericFocus parameter
         to avoid numerical issues.

Solved in 0 iterations and 0.01 seconds (0.00 work units)
Optimal objective  1.300000000e+03
Gurobi Optimizer version 11.0.1 build v11.0.1rc0 (mac64[arm] - Darwin 24.3.0 24D60)

CPU model: Apple M2
Thread count: 8 physical cores, 8 logical processors, using up to 8 threads

Optimize a model with 593 rows, 1869 columns and 7766 nonzeros
Model fingerprint: 0x69a75a86
Variable types: 0 continuous, 1869 integer (1869 binary)
Coefficient statistics:
  Matrix range     [1e+00, 1e+00]
  Objective range  [2e+00, 1e+10]
  Bounds range     [0e+00, 0e+00]
  RHS range        [1e+00, 2e+02]
Warning: Model contains large objective coefficients
         Consider reformulating model or setting NumericFocus parameter
         to avoid numerical issues.
Found heuristic solution: objective 3.400000e+12
Presolve removed 250 rows and 0 columns
Presolve time: 0.02s
Presolved: 343 rows, 1869 columns, 7524 nonzeros
Variable types: 0 continuous, 1869 integer (1869 binary)
Found heuristic solution: objective 3.300000e+12

Root relaxation: objective 1.300000e+03, 1904 iterations, 0.10 seconds (0.12 work units)

    Nodes    |    Current Node    |     Objective Bounds      |     Work
 Expl Unexpl |  Obj  Depth IntInf | Incumbent    BestBd   Gap | It/Node Time

     0     0 1300.00000    0  284 3.3000e+12 1300.00000   100%     -    0s
H    0     0                    5.500000e+11 1300.00000   100%     -    0s
H    0     0                    4.400000e+11 1300.00000   100%     -    0s
H    0     0                    3.000000e+11 1300.00000   100%     -    0s
H    0     0                    2.700000e+11 1300.00000   100%     -    0s
     0     0 1300.00000    0  311 2.7000e+11 1300.00000   100%     -    0s
H    0     0                    2.600000e+11 1300.00000   100%     -    0s
H    0     0                    1.400000e+11 1300.00000   100%     -    0s
     0     0 1300.00000    0  301 1.4000e+11 1300.00000   100%     -    0s
     0     0 1300.00000    0  296 1.4000e+11 1300.00000   100%     -    0s
     0     0 1300.00000    0  301 1.4000e+11 1300.00000   100%     -    0s
     0     0 1300.00000    0  295 1.4000e+11 1300.00000   100%     -    0s
     0     0 1300.00000    0  298 1.4000e+11 1300.00000   100%     -    0s
     0     0 1300.00000    0  298 1.4000e+11 1300.00000   100%     -    0s
     0     0 1300.00000    0  298 1.4000e+11 1300.00000   100%     -    0s
     0     2 1300.00000    0  288 1.4000e+11 1300.00000   100%     -    0s
H   33    40                    1.300000e+11 1300.05280   100%   210    0s
H   36    40                    1.200000e+11 1300.05280   100%   196    0s
H   70    79                    1.100000e+11 1300.06043   100%   152    1s
H   71    79                    9.000000e+10 1300.06043   100%   150    1s
H   76    79                    8.000000e+10 1300.25619   100%   146    1s
H  116   123                    7.000000e+10 1300.25619   100%   133    1s
H  150   160                    7.000000e+10 1300.25619   100%   124    1s
H  193   201                    6.000000e+10 1300.25619   100%   116    1s
H  196   201                    5.000000e+10 1300.25619   100%   115    1s
  1764  1694 2.1746e+10  109  301 5.0000e+10 1300.25644   100%  81.2    5s
H 1948  1741                    5.000000e+10 1300.25644   100%  83.1    6s
H 2111  1768                    4.999999e+10 1300.25644   100%  84.3    7s
H 2116  1691                    4.999998e+10 1300.25644   100%  84.2    7s
H 3098  2173                    4.999997e+10 1300.58511   100%  85.2    9s
  3295  2354 1366.90500   40  276 5.0000e+10 1300.58511   100%  85.8   10s
H 4692  2990                    4.999997e+10 1301.20084   100%  89.3   12s
  6181  4134 1.1114e+10   86  248 5.0000e+10 1301.73685   100%  91.6   15s
  8283  6062 3.1315e+10   91  229 5.0000e+10 1302.93116   100%  92.7   20s
 10798  8193 1.3792e+10  104  265 5.0000e+10 1303.21709   100%  93.6   27s
 11529  8718 1351.16697   44  281 5.0000e+10 1303.25182   100%  93.4   30s
 14705 11533 1390.93089   48  264 5.0000e+10 1304.00555   100%  92.4   35s
 18491 14811 1414.67407   56  270 5.0000e+10 1304.37656   100%  91.2   42s
 19854 17347 3.1456e+10  102  258 5.0000e+10 1304.60310   100%  90.8   45s
 26727 22963 1314.66460   30  291 5.0000e+10 1305.18537   100%  88.9   50s
 29538 24853 3.7329e+10  140  223 5.0000e+10 1305.44463   100%  87.2   63s
 29986 27844 7.2723e+08   62  263 5.0000e+10 1305.47919   100%  87.3   65s
 37261 32458 2.5661e+10   96  253 5.0000e+10 1306.12921   100%  85.8   70s
 46394 39162 1414.36320   37  273 5.0000e+10 1306.65750   100%  83.3   76s
 51979 44249 1441.52483   52  277 5.0000e+10 1306.96616   100%  83.0   80s
 59296 51828 1.0000e+10   58  246 5.0000e+10 1307.24170   100%  81.4   85s
*63573 46082             125    3.000000e+10 1307.41427   100%  80.5   88s
 68615 51099 1.4997e+10  110  259 3.0000e+10 1307.67053   100%  79.3   90s
 78014 59248 1368.06850   46  254 3.0000e+10 1308.04194   100%  78.0   95s
 85582 65936 1445.87935   65  239 3.0000e+10 1308.21987   100%  76.8  100s
H86493 66475                    3.000000e+10 1308.22367   100%  76.6  100s
H86635 66462                    3.000000e+10 1308.23622   100%  76.7  100s
H86902 66413                    3.000000e+10 1308.23622   100%  76.6  100s
H89470 60052                    2.000000e+10 1308.28765   100%  76.5  102s
 92286 62826 1325.67092   28  290 2.0000e+10 1308.42119   100%  76.3  105s
 102682 70835 1.1006e+10   55  275 2.0000e+10 1308.81950   100%  75.7  110s
 109590 76506 infeasible  119      2.0000e+10 1309.06237   100%  75.8  115s
 119411 86480 1335.83199   28  271 2.0000e+10 1309.36260   100%  75.1  120s
H123372 87975                    2.000000e+10 1309.44147   100%  74.8  122s
H126341 91034                    1.999998e+10 1309.54440   100%  74.6  124s
 127957 92650 1389.58919   48  285 2.0000e+10 1309.57813   100%  74.4  125s
H131645 94955                    1.999997e+10 1309.67463   100%  74.4  128s
 134759 98895 1.7360e+10  117  270 2.0000e+10 1309.75956   100%  74.2  130s
 143591 105815 1369.10218   47  268 2.0000e+10 1309.92375   100%  74.3  135s
H148151 108890                    1.999997e+10 1310.05575   100%  74.3  137s
 153001 112973 1351.45820   42  261 2.0000e+10 1310.13996   100%  73.9  140s
 158822 118394 1330.07410   41  288 2.0000e+10 1310.24852   100%  74.1  145s
H166982 124609                    1.999996e+10 1310.40156   100%  73.9  149s
 168371 126403 1312.96619   24  277 2.0000e+10 1310.42403   100%  73.8  150s
 175515 132253 1.8047e+09   58  254 2.0000e+10 1310.56413   100%  73.6  155s
 184325 138980 1.3231e+10  122  239 2.0000e+10 1310.71580   100%  73.6  160s
 193253 147368 2.5166e+09   60  239 2.0000e+10 1310.87600   100%  73.4  165s
 200567 153145 1346.34180   35  284 2.0000e+10 1310.97726   100%  73.3  170s
 209291 161292 1328.62355   32  271 2.0000e+10 1311.11677   100%  72.9  175s
 217710 167128 1332.53822   49  289 2.0000e+10 1311.24424   100%  72.8  180s
 224382 173998 1.3500e+10   84  244 2.0000e+10 1311.34732   100%  72.7  185s
 235619 182596 1331.23576   35  307 2.0000e+10 1311.52565   100%  72.4  190s
 242346 188291 1391.59154   51  265 2.0000e+10 1311.59885   100%  72.4  195s
 250181 195023 1330.21428   33  278 2.0000e+10 1311.67304   100%  72.2  200s
 259103 202458 2.5873e+09   76  244 2.0000e+10 1311.80080   100%  72.1  206s
 267073 208862 1.5432e+09   54  262 2.0000e+10 1311.89480   100%  72.0  210s
 267913 208963 1421.97119   45  266 2.0000e+10 1311.90355   100%  72.0  215s
 274577 215232 4.9056e+08   55  276 2.0000e+10 1312.00089   100%  72.1  220s
 283202 222746 1.1396e+10  124  253 2.0000e+10 1312.12527   100%  71.9  225s
 293054 230012 1.3260e+10  143  263 2.0000e+10 1312.23486   100%  71.7  230s
 299422 235494 1359.25595   39  288 2.0000e+10 1312.29243   100%  71.6  235s
 308458 244081 1377.62690   57  248 2.0000e+10 1312.37027   100%  71.5  240s
 318656 252448 9.1301e+09  105  277 2.0000e+10 1312.47244   100%  71.4  245s
 325987 258461 1326.74083   33  279 2.0000e+10 1312.54523   100%  71.2  250s
 336427 266685 1329.07664   41  260 2.0000e+10 1312.65379   100%  71.0  255s
 344182 273751 1423.61232   65  271 2.0000e+10 1312.73533   100%  71.0  260s
 353418 281870 6.7816e+09   74  261 2.0000e+10 1312.81578   100%  70.8  265s
 358441 291067 1350.34341   47  275 2.0000e+10 1312.84750   100%  70.8  271s
 368690 294976 1346.93813   48  276 2.0000e+10 1312.94576   100%  70.8  275s
 377087 300851 2.0323e+08   46  266 2.0000e+10 1313.01996   100%  70.7  280s
 386344 308820 1.1682e+10  101  257 2.0000e+10 1313.13060   100%  70.5  286s
 394762 316145 1375.67676   40  262 2.0000e+10 1313.21659   100%  70.4  290s
 401105 321623 1377.28058   40  249 2.0000e+10 1313.25226   100%  70.5  295s
 408791 327398 6.5311e+08   63  279 2.0000e+10 1313.31112   100%  70.3  300s
 419794 337310     cutoff  120      2.0000e+10 1313.39501   100%  70.2  305s
 427400 343497 3.1538e+08   65  269 2.0000e+10 1313.46069   100%  70.2  310s
 437969 351730 1321.00983   31  285 2.0000e+10 1313.53713   100%  69.9  384s
 438148 351828 1323.80834   32  277 2.0000e+10 1313.53713   100%  69.9  385s
 446235 358679 1319.14297   31  283 2.0000e+10 1313.59844   100%  69.8  390s
 456136 367019 1.5826e+09   80  260 2.0000e+10 1313.66661   100%  69.6  395s
 464886 374781 5.9740e+09   91  262 2.0000e+10 1313.73917   100%  69.6  400s
 472488 381442 1378.08460   49  285 2.0000e+10 1313.79316   100%  69.5  405s
 473451 382476 1329.09231   38  286 2.0000e+10 1313.80338   100%  69.5  505s
 479947 388053 1374.12421   54  260 2.0000e+10 1313.86326   100%  69.3  510s
 491574 398203 4.7187e+09  112  260 2.0000e+10 1313.94026   100%  69.2  515s
 500197 404275 1413.60988   50  281 2.0000e+10 1313.99713   100%  69.2  520s
 511257 413469 1.0135e+10  119  265 2.0000e+10 1314.07407   100%  69.0  525s
 514796 417417 1349.45881   39  282 2.0000e+10 1314.09706   100%  68.9  626s
 521021 423352 1332.37424   42  293 2.0000e+10 1314.13536   100%  68.8  630s
 530433 429753 9446630.08   62  266 2.0000e+10 1314.19236   100%  68.6  635s
 542272 440435 6.0982e+09  102  255 2.0000e+10 1314.27337   100%  68.5  640s
 550253 447240 5.9513e+09   83  273 2.0000e+10 1314.31646   100%  68.4  645s
 554702 451068     cutoff  112      2.0000e+10 1314.32671   100%  68.5  747s
 557794 453075 1.3750e+10  101  257 2.0000e+10 1314.34928   100%  68.4  750s
 563853 458070 infeasible   54      2.0000e+10 1314.39830   100%  68.6  755s
 572544 465292 1.4658e+10  108  251 2.0000e+10 1314.44307   100%  68.5  760s
 582373 473064 1429.43633   65  245 2.0000e+10 1314.50241   100%  68.5  765s
 594856 483075 1.8485e+10  121  270 2.0000e+10 1314.57240   100%  68.3  870s
 602471 489116 1333.76253   34  271 2.0000e+10 1314.60814   100%  68.4  875s
 609764 500426 1373.39579   41  268 2.0000e+10 1314.65093   100%  68.3  881s
 619201 503183 1402.06941   69  262 2.0000e+10 1314.69953   100%  68.2  885s
 628928 512152 1357.70015   33  282 2.0000e+10 1314.74529   100%  68.2  890s
 633058 515051 8.9440e+09   84  250 2.0000e+10 1314.75934   100%  68.1  992s
 635996 517937 7.5139e+09   96  255 2.0000e+10 1314.78835   100%  68.1  995s
 645756 525659 1.9581e+10   46  241 2.0000e+10 1314.83288   100%  68.0 1000s
 654694 533343 1337.89135   41  253 2.0000e+10 1314.87927   100%  68.0 1005s
 661275 539395 1.3198e+10  130  254 2.0000e+10 1314.91383   100%  68.0 1010s
 669190 545662 1419.74572   51  272 2.0000e+10 1314.95035   100%  68.0 2031s
 676511 550901 1.7584e+10   81  251 2.0000e+10 1314.98099   100%  67.9 2035s
 686055 558540 1.0369e+08   37  278 2.0000e+10 1315.02914   100%  67.8 2041s
 694860 566742 1320.00145   32  288 2.0000e+10 1315.06490   100%  67.7 2045s
 708148 577771 7.1542e+09   52  281 2.0000e+10 1315.11494   100%  67.4 2050s
 719981 586950 4.5143e+09   56  239 2.0000e+10 1315.17272   100%  67.2 2055s
 729121 594879     cutoff  113      2.0000e+10 1315.22941   100%  67.0 2060s
 737311 602347 1331.91222   38  288 2.0000e+10 1315.27600   100%  67.0 2065s
 746932 609620 9.2835e+09   47  270 2.0000e+10 1315.31790   100%  66.8 2172s
 752618 615366 1390.69399   48  271 2.0000e+10 1315.34765   100%  66.8 2175s
 764133 624998 1324.79854   33  277 2.0000e+10 1315.39690   100%  66.6 2180s
 772131 631410 1.0994e+10  107  262 2.0000e+10 1315.43484   100%  66.5 2185s
 782182 639703 1319.19360   33  290 2.0000e+10 1315.47564   100%  66.4 2190s
 787116 642951 4.7088e+09   66  266 2.0000e+10 1315.50250   100%  66.3 3118s
 789780 646019 1338.68279   42  284 2.0000e+10 1315.52080   100%  66.3 3120s
 799750 654294 1.3463e+10  105  277 2.0000e+10 1315.56418   100%  66.1 3125s
 810253 663185 1323.42716   32  285 2.0000e+10 1315.61216   100%  66.0 3130s
 818791 670620 1.4609e+10   89  271 2.0000e+10 1315.64121   100%  65.9 3135s
 831108 679775 9.4001e+07   59  288 2.0000e+10 1315.69012   100%  65.7 3140s
 841936 690058 1457.77520   37  252 2.0000e+10 1315.73322   100%  65.6 3145s
 850037 696905 1414.81378   54  261 2.0000e+10 1315.76223   100%  65.5 3150s
 859330 704709 8.8125e+08   84  255 2.0000e+10 1315.79436   100%  65.4 3155s
 869792 712323 8.9943e+09  105  236 2.0000e+10 1315.84095   100%  65.3 4086s
 877597 719946 4.5472e+09   76  264 2.0000e+10 1315.86914   100%  65.2 4090s
 889589 730215 1375.62458   54  275 2.0000e+10 1315.91935   100%  65.1 4095s
 900343 737695 1327.75452   33  282 2.0000e+10 1315.95919   100%  65.0 4101s
 906316 743681 1.2556e+09   66  261 2.0000e+10 1315.97883   100%  65.0 4105s
 918755 753972 5.5053e+08   45  268 2.0000e+10 1316.02210   100%  64.9 4110s
 929816 762333 1354.13094   51  268 2.0000e+10 1316.06381   100%  64.8 4116s
 939956 771022 1326.40963   35  289 2.0000e+10 1316.10027   100%  64.7 4120s
 941961 779004 1324.99512   35  287 2.0000e+10 1316.10599   100%  64.7 4125s
 949920 779493 3.2732e+09   99  256 2.0000e+10 1316.13777   100%  64.6 5052s
 954697 784504 1.0000e+10   68  263 2.0000e+10 1316.15472   100%  64.6 5055s
 968876 795340 5.2977e+09   99  283 2.0000e+10 1316.19804   100%  64.4 5060s
 976699 802723 3.8658e+09   78  257 2.0000e+10 1316.22319   100%  64.3 5065s
 984668 809339 1345.65939   30  271 2.0000e+10 1316.25038   100%  64.3 5070s
 995845 818385 1320.78486   29  276 2.0000e+10 1316.29920   100%  64.1 5075s
 1007119 828189 1339.65101   40  259 2.0000e+10 1316.33171   100%  64.1 5080s
 1017670 835902 1.9985e+09   70  275 2.0000e+10 1316.36799   100%  64.0 5085s
 1028549 846114 1.0000e+10   82  235 2.0000e+10 1316.40553   100%  63.9 5090s
 1030508 850901 1.0000e+10   70  257 2.0000e+10 1316.41544   100%  63.9 5706s
 1043299 857066 1341.23079   40  290 2.0000e+10 1316.45709   100%  63.8 5710s
 1052793 866126 1342.31090   42  274 2.0000e+10 1316.48867   100%  63.8 5715s
 1063030 873690 1.5702e+10  101  270 2.0000e+10 1316.52325   100%  63.7 5720s
 1072478 882535 1336.72808   46  274 2.0000e+10 1316.55138   100%  63.6 5725s
 1085789 892835 1340.92794   46  285 2.0000e+10 1316.59288   100%  63.5 5730s
 1096753 903168 1384.80724   56  262 2.0000e+10 1316.63261   100%  63.4 5735s
 1103784 909177 1320.56413   34  301 2.0000e+10 1316.65554   100%  63.3 5740s
 1117166 919789 1.8102e+10   74  240 2.0000e+10 1316.69405   100%  63.2 6659s
 1117859 920845 1.0794e+10   97  277 2.0000e+10 1316.69637   100%  63.2 6660s
 1127744 928888 1350.99729   44  276 2.0000e+10 1316.72341   100%  63.1 6665s
 1135381 935658 1325.16955   34  282 2.0000e+10 1316.74999   100%  63.1 6670s
 1147552 945351 7.1667e+09   72  257 2.0000e+10 1316.79067   100%  63.0 6675s
 1155684 952085 1340.26450   41  265 2.0000e+10 1316.81244   100%  62.9 6680s
 1167643 961618 3.2963e+09   89  267 2.0000e+10 1316.84396   100%  62.8 6685s
 1175850 968382 6.5424e+09   92  281 2.0000e+10 1316.86707   100%  62.8 6690s
 1186281 977910 1.4310e+10  116  253 2.0000e+10 1316.90519   100%  62.7 6695s
 1198728 989072 1.0000e+10   43  263 2.0000e+10 1316.94327   100%  62.7 6700s
 1200880 989080 1387.44923   58  291 2.0000e+10 1316.94837   100%  62.6 7259s

Cutting planes:
  Clique: 7
  Zero half: 5

Explored 1200888 nodes (75238397 simplex iterations) in 7259.27 seconds (1776.40 work units)
Thread count was 8 (of 8 available processors)

Solution count 10: 2e+10 2e+10 2e+10 ... 5e+10

Time limit reached
Best objective 1.999996343215e+10, best bound 1.316948365197e+03, gap 100.0000%
