
Gurobi 11.0.1 (mac64[arm]) logging started Thu Feb 20 07:55:11 2025

Set parameter LogFile to value "logs_new/salida_modelo_caminos_360_567_noLR.log"
Set parameter TimeLimit to value 7200
Gurobi Optimizer version 11.0.1 build v11.0.1rc0 (mac64[arm] - Darwin 24.3.0 24D60)

CPU model: Apple M2
Thread count: 8 physical cores, 8 logical processors, using up to 8 threads

Optimize a model with 613 rows, 1992 columns and 8638 nonzeros
Coefficient statistics:
  Matrix range     [1e+00, 1e+00]
  Objective range  [2e+00, 1e+10]
  Bounds range     [0e+00, 0e+00]
  RHS range        [1e+00, 2e+02]
Warning: Model contains large objective coefficients
         Consider reformulating model or setting NumericFocus parameter
         to avoid numerical issues.

Solved in 0 iterations and 0.00 seconds (0.00 work units)
Optimal objective  1.392000000e+03
Gurobi Optimizer version 11.0.1 build v11.0.1rc0 (mac64[arm] - Darwin 24.3.0 24D60)

CPU model: Apple M2
Thread count: 8 physical cores, 8 logical processors, using up to 8 threads

Optimize a model with 613 rows, 1992 columns and 8638 nonzeros
Model fingerprint: 0x7b8c0d6d
Variable types: 0 continuous, 1992 integer (1992 binary)
Coefficient statistics:
  Matrix range     [1e+00, 1e+00]
  Objective range  [2e+00, 1e+10]
  Bounds range     [0e+00, 0e+00]
  RHS range        [1e+00, 2e+02]
Warning: Model contains large objective coefficients
         Consider reformulating model or setting NumericFocus parameter
         to avoid numerical issues.
Found heuristic solution: objective 3.600000e+12
Presolve removed 250 rows and 0 columns
Presolve time: 0.01s
Presolved: 363 rows, 1992 columns, 8217 nonzeros
Variable types: 0 continuous, 1992 integer (1992 binary)
Found heuristic solution: objective 3.560000e+12

Root relaxation: objective 1.392000e+03, 2147 iterations, 0.08 seconds (0.16 work units)

    Nodes    |    Current Node    |     Objective Bounds      |     Work
 Expl Unexpl |  Obj  Depth IntInf | Incumbent    BestBd   Gap | It/Node Time

     0     0 1392.00000    0  308 3.5600e+12 1392.00000   100%     -    0s
H    0     0                    5.400000e+11 1392.00000   100%     -    0s
H    0     0                    4.400000e+11 1392.00000   100%     -    0s
H    0     0                    4.200000e+11 1392.00000   100%     -    0s
H    0     0                    3.200000e+11 1392.00000   100%     -    0s
H    0     0                    3.000000e+11 1392.00000   100%     -    0s
H    0     0                    2.900000e+11 1392.00000   100%     -    0s
     0     0 1392.19803    0  328 2.9000e+11 1392.19803   100%     -    0s
     0     0 1392.43740    0  328 2.9000e+11 1392.43740   100%     -    0s
     0     0 1392.43740    0  330 2.9000e+11 1392.43740   100%     -    0s
     0     0 1392.50777    0  347 2.9000e+11 1392.50777   100%     -    0s
     0     0 1392.51287    0  347 2.9000e+11 1392.51287   100%     -    0s
     0     0 1392.52569    0  349 2.9000e+11 1392.52569   100%     -    0s
     0     0 1392.53591    0  348 2.9000e+11 1392.53591   100%     -    0s
H    0     0                    2.800000e+11 1392.54615   100%     -    0s
H    0     2                    2.700000e+11 1392.54736   100%     -    0s
     0     2 1392.54736    0  348 2.7000e+11 1392.54736   100%     -    0s
H   31    40                    2.500000e+11 1393.27675   100%   114    0s
H   32    40                    2.200000e+11 1393.29790   100%   114    0s
H   69    78                    1.900000e+11 1393.74037   100%   114    0s
H   73    78                    1.800000e+11 1393.82440   100%   114    0s
H  105   114                    1.500000e+11 1393.87790   100%   121    1s
H  105   114                    1.300000e+11 1393.87790   100%   121    1s
H  109   114                    1.300000e+11 1394.01656   100%   123    1s
H  240   249                    1.200000e+11 1394.13879   100%   117    2s
  2139  2175 1.0114e+11  151  201 1.2000e+11 1394.13879   100%  94.4    5s
H 2370  2198                    1.100000e+11 1394.13879   100%  96.7    5s
H 2484  2167                    1.100000e+11 1394.13879   100%  99.2    6s
H 2514  2088                    1.000000e+11 1394.13879   100%   100    8s
H 2516  1988                    8.000000e+10 1394.13879   100%   100    8s
  3357  2556 1.2332e+10   88  262 8.0000e+10 1394.13879   100%   105   10s
H 3594  2639                    8.000000e+10 1394.13879   100%   101   11s
  3956  2883 5.3912e+10  148  243 8.0000e+10 1394.13879   100%  96.5   15s
  6122  4204 1.1209e+10   82  276 8.0000e+10 1394.13879   100%  90.7   20s
  8470  5889 2.5043e+10  115  259 8.0000e+10 1394.13879   100%  85.9   25s
 11819  8609 1.3873e+09   74  270 8.0000e+10 1395.94997   100%  82.7   31s
 16321 13098 5.6678e+10  153  286 8.0000e+10 1396.97471   100%  78.5   35s
H17624 13652                    8.000000e+10 1397.09375   100%  79.0   38s
 17733 13662 6.8277e+09   71  256 8.0000e+10 1397.09375   100%  79.1   41s
H17734 13661                    7.999999e+10 1397.09375   100%  79.1   41s
 23287 19129 1400.10043   22  318 8.0000e+10 1397.58224   100%  75.4   45s
 29809 24407 1.0000e+10   90  348 8.0000e+10 1398.19653   100%  73.4   60s
 29820 24414 1439.13901   34  295 8.0000e+10 1398.19653   100%  73.4   65s
H29963 23298                    7.999998e+10 1398.19653   100%  73.9   66s
H30005 22170                    7.999998e+10 1398.19653   100%  73.9   67s
 30049 22196 1476.50947   48  312 8.0000e+10 1398.19653   100%  73.9   70s
 31684 23215 1.7324e+10   86  277 8.0000e+10 1398.19653   100%  75.2   75s
 33516 24175 3.3643e+10  113  272 8.0000e+10 1398.19653   100%  76.7   80s
 35454 25224 6.7063e+10  109  229 8.0000e+10 1398.19653   100%  78.2   87s
 36083 25670 1.0000e+10   59  266 8.0000e+10 1398.19653   100%  78.5   90s
 37226 26503 7.9397e+09   87  252 8.0000e+10 1398.19653   100%  79.0   95s
 40566 28440 6.6404e+09   64  304 8.0000e+10 1398.92467   100%  80.4  100s
 43301 29467 4.8140e+10  104  254 8.0000e+10 1399.50472   100%  81.3  108s
 43613 30436 1515.18168   55  279 8.0000e+10 1399.76863   100%  81.4  110s
 46840 31814 1484.16468   53  292 8.0000e+10 1400.23647   100%  82.0  116s
 50301 34451 1.6887e+10   77  269 8.0000e+10 1400.57569   100%  82.8  120s
 54897 36040 5.7860e+10   62  262 8.0000e+10 1401.07275   100%  83.5  127s
 58296 38235 5.1419e+10   92  278 8.0000e+10 1401.50835   100%  84.0  132s
 63194 40982 5.1174e+10  101  274 8.0000e+10 1402.10608   100%  83.6  135s
 69524 44150 1414.03814   39  319 8.0000e+10 1402.68286   100%  83.7  140s
 73736 47839 1420.60434   46  304 8.0000e+10 1403.01506   100%  84.0  145s
 80239 49782 1493.73750   55  321 8.0000e+10 1403.46688   100%  83.7  150s
 83032 51666 2.7706e+10  103  288 8.0000e+10 1403.71975   100%  83.5  155s
 88162 55669 2.0032e+10   96  262 8.0000e+10 1403.89828   100%  82.9  160s
 95400 58387 3.2665e+10   94  283 8.0000e+10 1404.35729   100%  82.7  165s
 100828 63201 1530.31476   54  286 8.0000e+10 1404.61419   100%  82.6  170s
 107439 69069     cutoff  150      8.0000e+10 1404.76793   100%  82.0  175s
 114083 74821 1429.83419   47  298 8.0000e+10 1405.02724   100%  81.4  180s
 120691 80626 3.6755e+10  131  277 8.0000e+10 1405.32806   100%  80.8  185s
 129336 87408 1418.90220   45  313 8.0000e+10 1405.51405   100%  80.3  191s
 135220 93134 1.4910e+10   55  268 8.0000e+10 1405.74606   100%  80.1  195s
 140533 97737 1436.42396   43  309 8.0000e+10 1405.89219   100%  80.0  201s
 146230 103249 1.2550e+10   83  241 8.0000e+10 1406.08374   100%  79.9  205s
 154157 110025 1489.17962   72  315 8.0000e+10 1406.31736   100%  79.6  210s
 162019 117520 7.4553e+10  141  265 8.0000e+10 1406.49639   100%  79.2  215s
 170535 124240 1500.62635   54  295 8.0000e+10 1406.69918   100%  79.0  220s
 179219 131786 1429.67602   51  320 8.0000e+10 1406.95284   100%  78.4  225s
 188337 139765 2.4936e+10  103  277 8.0000e+10 1407.16605   100%  77.6  230s
 195545 146194 5.8056e+10  140  244 8.0000e+10 1407.34276   100%  77.2  235s
 204739 153950 7.0634e+10  141  281 8.0000e+10 1407.48927   100%  76.5  240s
 209451 157614 1.2307e+10   54  294 8.0000e+10 1407.53996   100%  76.2  245s
 218538 165506 3.3026e+10   94  265 8.0000e+10 1407.71137   100%  75.8  250s
 227118 173125 1431.85594   50  319 8.0000e+10 1407.88075   100%  75.3  255s
 234191 179203 5.9666e+09   68  271 8.0000e+10 1408.00066   100%  75.1  262s
 234199 179211 5.9666e+09   69  275 8.0000e+10 1408.00066   100%  75.1  265s
 242883 187502 5.1899e+10  105  269 8.0000e+10 1408.17577   100%  74.5  270s
 253583 196860 6.6066e+10   93  273 8.0000e+10 1408.30072   100%  74.1  275s
 258501 200441 1461.45866   52  297 8.0000e+10 1408.37744   100%  73.9  280s
 266434 208784 1471.86115   52  287 8.0000e+10 1408.47274   100%  73.7  285s
 274183 214275 3.6785e+10   92  257 8.0000e+10 1408.58428   100%  73.6  290s
 284361 223944 2.4366e+10   81  260 8.0000e+10 1408.73364   100%  73.1  295s
 290782 229555 1496.88708   62  284 8.0000e+10 1408.82352   100%  73.0  300s
 292647 230426     cutoff  109      8.0000e+10 1408.82352   100%  72.9  305s
 302768 240003 7.3527e+10  131  250 8.0000e+10 1409.00462   100%  72.6  310s
 309693 246067 1534.77768   61  312 8.0000e+10 1409.08975   100%  72.3  315s
 320505 255527 1424.70382   49  320 8.0000e+10 1409.26978   100%  72.0  320s
 327257 260985 1457.77539   58  318 8.0000e+10 1409.35593   100%  71.8  325s
 337304 270083 2.1172e+10   52  288 8.0000e+10 1409.47655   100%  71.6  330s
 343840 275400 7.2945e+10  148  243 8.0000e+10 1409.56032   100%  71.4  335s
 351665 282048 1.3693e+09   78  293 8.0000e+10 1409.64805   100%  71.3  341s
H353768 271109                    7.000000e+10 1409.65536   100%  71.2  344s
 353769 271920 7.8677e+08   63  292 7.0000e+10 1409.66243   100%  71.2  345s
 364993 281722 4.0389e+09   57  288 7.0000e+10 1409.84118   100%  70.9  350s
 373159 288740 1415.73215   40  307 7.0000e+10 1409.91791   100%  70.7  355s
H378552 292752                    7.000000e+10 1409.98693   100%  70.7  360s
H378634 292924                    6.999999e+10 1409.98693   100%  70.7  362s
 382816 297112 1.9274e+10   55  273 7.0000e+10 1410.00154   100%  70.7  365s
H386511 299608                    6.999999e+10 1410.06581   100%  70.7  367s
 386512 306412 4.2613e+10   98  272 7.0000e+10 1410.07969   100%  70.7  371s
 399800 312064 1511.24010   61  272 7.0000e+10 1410.23179   100%  70.5  375s
 407415 318299 3.5688e+10   69  267 7.0000e+10 1410.33778   100%  70.4  380s
 416730 325851 1418.74013   46  306 7.0000e+10 1410.44496   100%  70.2  386s
 422907 331810     cutoff   94      7.0000e+10 1410.54230   100%  70.3  390s
 434046 340684 1441.62351   55  309 7.0000e+10 1410.66418   100%  70.0  397s
 434178 341463 1446.02030   56  314 7.0000e+10 1410.66418   100%  70.0  400s
 443342 349386 infeasible  119      7.0000e+10 1410.76315   100%  70.1  405s
 450182 355447     cutoff  109      7.0000e+10 1410.84690   100%  70.0  410s
 457152 360693 1465.29744   51  293 7.0000e+10 1410.92593   100%  69.9  415s
 461386 364321 5.2386e+10   93  261 7.0000e+10 1410.97896   100%  69.8  421s
 469581 372183 1555.68409   56  286 7.0000e+10 1411.04906   100%  69.7  425s
 480626 381923 3.0365e+10   99  263 7.0000e+10 1411.16875   100%  69.6  430s
 489450 390025 4.1350e+09   71  275 7.0000e+10 1411.23790   100%  69.5  435s
 494403 393693 1579.60534   56  293 7.0000e+10 1411.28475   100%  69.4  440s
 506188 404277 2.2624e+10   80  280 7.0000e+10 1411.38795   100%  69.3  445s
 508283 405790 3.7078e+10   90  276 7.0000e+10 1411.41367   100%  69.2  450s
 514315 410736 1419.49833   44  315 7.0000e+10 1411.46141   100%  69.2  455s
 524748 420362 2.9697e+10  105  269 7.0000e+10 1411.52873   100%  69.1  460s
 535097 429239 1.6587e+10  109  294 7.0000e+10 1411.59358   100%  69.0  465s
 537729 431565 6.2623e+10  116  263 7.0000e+10 1411.61288   100%  69.0  470s
 545584 438502 1493.74875   64  288 7.0000e+10 1411.68361   100%  68.9  475s
 555948 447415 1460.92619   54  320 7.0000e+10 1411.76468   100%  68.9  480s
H557860 448300                    6.999998e+10 1411.76947   100%  68.8  481s
 563247 453942 2.5393e+10   78  251 7.0000e+10 1411.82392   100%  68.8  485s
 570703 460168 1509.31737   58  295 7.0000e+10 1411.87381   100%  68.8  490s
 576276 465080 2.3346e+10   96  289 7.0000e+10 1411.91772   100%  68.8  495s
 582503 470267 6.4248e+09   59  275 7.0000e+10 1411.96937   100%  68.8  500s
 590840 477334 2.2079e+10   92  244 7.0000e+10 1412.02574   100%  68.8  505s
 600712 485866 1483.52869   53  308 7.0000e+10 1412.11073   100%  68.8  510s
 609197 492916 1435.43466   47  323 7.0000e+10 1412.18239   100%  68.8  516s
 610012 494601 3.4063e+10  118  286 7.0000e+10 1412.19328   100%  68.8  520s
 619220 501184 1.1212e+10   87  275 7.0000e+10 1412.26703   100%  68.8  525s
 626068 507343     cutoff  134      7.0000e+10 1412.32248   100%  68.7  531s
 632241 512606 1.9761e+10   92  278 7.0000e+10 1412.37360   100%  68.7  535s
 641503 521301 1430.29756   54  321 7.0000e+10 1412.43114   100%  68.7  540s
 645861 524359 2.0466e+10  115  279 7.0000e+10 1412.45863   100%  68.6  545s
 653732 531202 2.3488e+10   73  277 7.0000e+10 1412.51576   100%  68.6  552s
 657244 535049 1557.84242   62  285 7.0000e+10 1412.52998   100%  68.6  555s
 666334 542185 1519.08264   67  306 7.0000e+10 1412.60921   100%  68.6  561s
 672755 548320 3.5981e+10   90  285 7.0000e+10 1412.64992   100%  68.6  565s
 680318 555065 3.3839e+10  122  269 7.0000e+10 1412.70092   100%  68.6  570s
 684998 559223 5.6920e+10   76  280 7.0000e+10 1412.73695   100%  68.7  575s
 695357 567744 1.4778e+08   71  276 7.0000e+10 1412.80108   100%  68.6  580s
 698392 570193 1450.39974   47  302 7.0000e+10 1412.81051   100%  68.6  587s
 703543 575473 1.8375e+10  109  270 7.0000e+10 1412.84518   100%  68.6  590s
 712981 583458 1476.36820   55  275 7.0000e+10 1412.90596   100%  68.6  595s
 717369 586393 1543.98929   59  283 7.0000e+10 1412.92728   100%  68.5  600s
 724299 593093 4.4249e+10  119  284 7.0000e+10 1412.96857   100%  68.5  605s
 731383 598561 3.4526e+10   89  271 7.0000e+10 1413.02016   100%  68.5  610s
 741156 607615 2.3529e+10   75  285 7.0000e+10 1413.07658   100%  68.5  615s
 748167 613891 1.1387e+10  103  281 7.0000e+10 1413.12010   100%  68.5  620s
 755483 619213 1445.49695   49  310 7.0000e+10 1413.16556   100%  68.5  626s
 761745 625647 5.5648e+10  112  284 7.0000e+10 1413.19740   100%  68.5  630s
 767798 630688 4.6837e+10  161  263 7.0000e+10 1413.23787   100%  68.5  635s
 771933 634752 1485.87405   67  302 7.0000e+10 1413.26499   100%  68.5  640s
 779970 640516 1444.50154   56  308 7.0000e+10 1413.30359   100%  68.5  645s
 785443 646169 1.4539e+10   76  306 7.0000e+10 1413.33584   100%  68.5  650s
*793279 606153             108    6.000000e+10 1413.37673   100%  68.5  654s
 793924 606880 5.9657e+10  123  281 6.0000e+10 1413.37858   100%  68.5  655s
 801554 613668 1.7948e+10   86  265 6.0000e+10 1413.44351   100%  68.5  660s
 808991 619852 1439.02839   46  308 6.0000e+10 1413.49070   100%  68.5  665s
H812615 622211                    6.000000e+10 1413.50955   100%  68.5  669s
 813685 624131 2.0428e+10   95  281 6.0000e+10 1413.52116   100%  68.5  670s
H817294 626204                    5.999999e+10 1413.53615   100%  68.5  672s
H817295 626204                    5.999999e+10 1413.53615   100%  68.5  672s
 821611 630590 1.1092e+09   57  294 6.0000e+10 1413.56423   100%  68.5  675s
 829414 637416 1444.74453   56  305 6.0000e+10 1413.63058   100%  68.5  680s
 836040 642984 1443.22389   47  299 6.0000e+10 1413.66777   100%  68.5  685s
 844881 649650 7.2558e+09   63  288 6.0000e+10 1413.72482   100%  68.5  691s
H844885 649650                    5.999999e+10 1413.72482   100%  68.5  691s
H844885 583733                    5.000000e+10 1413.72482   100%  68.5  691s
H847299 586102                    5.000000e+10 1413.73598   100%  68.5  692s
 849767 587901 1419.81520   44  317 5.0000e+10 1413.75823   100%  68.5  695s
H849782 587901                    5.000000e+10 1413.75823   100%  68.5  695s
H849793 587900                    5.000000e+10 1413.75823   100%  68.5  695s
 857576 595460 1433.34596   43  310 5.0000e+10 1413.82541   100%  68.6  700s
H859800 596454                    4.999999e+10 1413.83829   100%  68.6  701s
H859829 596454                    4.999999e+10 1413.83829   100%  68.6  701s
 860977 604116 4.7175e+10  102  243 5.0000e+10 1413.85087   100%  68.6  707s
 872137 606750 1.7357e+10   81  234 5.0000e+10 1413.90983   100%  68.6  712s
H875079 609324                    4.999999e+10 1413.92729   100%  68.6  717s
 880557 614885 1429.76672   48  327 5.0000e+10 1413.95714   100%  68.6  720s
 890250 623184 1474.39972   52  307 5.0000e+10 1414.02826   100%  68.6  725s
 891431 630092 2.1418e+10   69  284 5.0000e+10 1414.03277   100%  68.6  731s
 903885 634724 3.8795e+10   60  279 5.0000e+10 1414.12066   100%  68.6  735s
 912325 641151 2.3239e+10  110  267 5.0000e+10 1414.16273   100%  68.6  740s
 921952 650085 1471.81864   48  308 5.0000e+10 1414.24113   100%  68.6  745s
 928115 655341 2.2246e+10   82  293 5.0000e+10 1414.28276   100%  68.6 1088s
 931212 657248 1498.08431   71  305 5.0000e+10 1414.30614   100%  68.6 1091s
 931254 657256 1514.37779   72  305 5.0000e+10 1414.30614   100%  68.6 1095s
 938124 663824 1448.87031   48  305 5.0000e+10 1414.35384   100%  68.5 1100s
 948274 672652 9.7094e+09   65  283 5.0000e+10 1414.41831   100%  68.5 1105s
 951723 675688 1.6803e+09   70  292 5.0000e+10 1414.44183   100%  68.6 1110s
 962541 684947 3.6124e+08   69  290 5.0000e+10 1414.50374   100%  68.5 1115s
 972249 692979 1.4837e+10   73  289 5.0000e+10 1414.56692   100%  68.6 1120s
 981925 700556 1451.18528   45  304 5.0000e+10 1414.62619   100%  68.6 1126s
 987345 706102 1521.01322   56  289 5.0000e+10 1414.66755   100%  68.6 1130s
 996728 713823 1480.60459   60  298 5.0000e+10 1414.72520   100%  68.6 1135s
 1003502 719751 1515.58563   55  278 5.0000e+10 1414.76457   100%  68.7 1140s
 1010853 728122     cutoff  101      5.0000e+10 1414.80502   100%  68.7 1146s
 1017879 731781 3.3424e+10   83  270 5.0000e+10 1414.85446   100%  68.7 1150s
 1025044 737098 1470.21804   48  293 5.0000e+10 1414.89299   100%  68.7 1155s
 1028931 741502 1525.95494   52  278 5.0000e+10 1414.89950   100%  68.7 1160s
 1037647 748803 2.6719e+08   55  297 5.0000e+10 1414.96578   100%  68.8 1165s
 1047159 756556 1.8628e+10  108  286 5.0000e+10 1415.02032   100%  68.7 1170s
 1053853 762350 1444.27995   58  293 5.0000e+10 1415.06403   100%  68.8 1175s
 1062555 768894 1.7247e+10   82  231 5.0000e+10 1415.10404   100%  68.8 1180s
H1066323 681933                    4.000000e+10 1415.12075   100%  68.7 1184s
 1066371 682789 1.2972e+10   82  264 4.0000e+10 1415.12122   100%  68.7 1185s
 1073266 688840 3.0650e+10  123  253 4.0000e+10 1415.15833   100%  68.8 1190s
 1078785 693456 1442.13295   48  288 4.0000e+10 1415.18874   100%  68.8 1195s
 1089017 701919 1424.00359   55  315 4.0000e+10 1415.25285   100%  68.8 1200s
 1096625 708288 2.6793e+09   70  288 4.0000e+10 1415.30317   100%  68.8 1205s
 1101421 712623 1421.87251   42  310 4.0000e+10 1415.33596   100%  68.8 1210s
 1109864 719229 1.9055e+10   62  281 4.0000e+10 1415.38884   100%  68.9 1215s
H1113743 721583                    3.999994e+10 1415.40886   100%  68.9 1218s
 1115209 723945 2.8420e+10   95  263 4.0000e+10 1415.41619   100%  68.9 1220s
 1123351 729731 1520.84669   66  293 4.0000e+10 1415.46126   100%  68.9 1226s
 1130247 736692     cutoff  103      4.0000e+10 1415.49347   100%  68.9 1230s
 1138343 743151 1601.72003   69  294 4.0000e+10 1415.53906   100%  68.9 1235s
 1141307 745465     cutoff  101      4.0000e+10 1415.54608   100%  68.9 1240s
 1149993 752812 2.4993e+10   97  277 4.0000e+10 1415.59727   100%  68.9 1245s
 1157331 758104 8.2660e+09   61  291 4.0000e+10 1415.65036   100%  69.0 1253s
 1159372 760751 2.9790e+09   66  280 4.0000e+10 1415.66647   100%  69.0 1255s
 1166215 766450 2.2796e+10   76  284 4.0000e+10 1415.69955   100%  69.0 1260s
 1176503 775344 1.0035e+09   70  284 4.0000e+10 1415.75611   100%  69.0 1265s
 1182778 780642 3.3516e+09   56  292 4.0000e+10 1415.79270   100%  69.0 1270s
 1189730 786372 1547.46924   59  277 4.0000e+10 1415.82191   100%  69.0 1275s
 1200864 795515 1573.35743   56  270 4.0000e+10 1415.88344   100%  69.0 1280s
 1205252 798552 1466.05860   58  308 4.0000e+10 1415.91136   100%  69.0 1286s
 1210940 803329 1534.13834   58  275 4.0000e+10 1415.94212   100%  69.1 1291s
 1215791 808379 1540.88456   54  298 4.0000e+10 1415.96498   100%  69.1 1295s
 1225903 816788 3.4835e+10  139  279 4.0000e+10 1416.02440   100%  69.1 1300s
 1229444 819635 4.6831e+08   54  306 4.0000e+10 1416.04010   100%  69.1 1305s
 1239877 828234 2.8579e+10  114  275 4.0000e+10 1416.09605   100%  69.1 1310s
 1240982 828565 1544.63598   62  279 4.0000e+10 1416.09797   100%  69.1 1317s
 1242314 829705 9.5797e+08   66  296 4.0000e+10 1416.11007   100%  69.1 1320s
 1252084 838467 7.6113e+09   71  271 4.0000e+10 1416.15697   100%  69.1 1325s
 1258534 844101 1455.20092   55  314 4.0000e+10 1416.19643   100%  69.2 1330s
 1265851 852198 1442.32898   54  297 4.0000e+10 1416.24120   100%  69.2 1336s
 1274131 856851 2.2495e+10   93  258 4.0000e+10 1416.28042   100%  69.2 1341s
 1276757 859397 1505.99515   59  295 4.0000e+10 1416.29352   100%  69.2 1345s
 1285756 866488 9.0576e+09   77  280 4.0000e+10 1416.34462   100%  69.2 1350s
 1294491 873614 1431.79382   50  307 4.0000e+10 1416.38298   100%  69.2 1355s
 1300535 878672 3.5706e+10   80  268 4.0000e+10 1416.41955   100%  69.3 1360s
 1305077 881425     cutoff  104      4.0000e+10 1416.44044   100%  69.3 1366s
 1309403 885031 2.8201e+10  106  255 4.0000e+10 1416.45721   100%  69.3 1370s
 1316743 892188     cutoff   93      4.0000e+10 1416.49934   100%  69.3 1375s
 1324927 898964 1428.60192   43  320 4.0000e+10 1416.54261   100%  69.3 1380s
 1329876 903391 1.1610e+09   59  300 4.0000e+10 1416.56475   100%  69.3 1385s
 1337871 909073 1.0000e+10   56  291 4.0000e+10 1416.60902   100%  69.3 1390s
 1345401 916215 7.1577e+08   57  308 4.0000e+10 1416.64316   100%  69.4 1395s
 1353739 923331 5.7048e+09   66  283 4.0000e+10 1416.68669   100%  69.4 1400s
 1362246 930371 1519.87522   63  297 4.0000e+10 1416.72162   100%  69.4 1405s
 1368927 935784 1.9596e+10   82  293 4.0000e+10 1416.75969   100%  69.4 1410s
 1376240 942027 1424.73533   51  318 4.0000e+10 1416.79920   100%  69.4 1415s
 1384531 949154 1449.02965   44  295 4.0000e+10 1416.83250   100%  69.4 1420s
 1391612 955219 1437.31554   48  319 4.0000e+10 1416.85952   100%  69.4 1425s
 1398187 959527 1450.29633   44  291 4.0000e+10 1416.88925   100%  69.4 1431s
 1404991 966181 1542.71995   56  285 4.0000e+10 1416.92015   100%  69.4 1435s
 1410793 971067 1446.66155   46  280 4.0000e+10 1416.95013   100%  69.5 1440s
 1419120 977290 1539.74579   60  287 4.0000e+10 1416.98016   100%  69.5 1446s
 1421147 979887 1.5586e+09   65  288 4.0000e+10 1416.98984   100%  69.5 1450s
 1431123 988061 1.1068e+10   74  302 4.0000e+10 1417.03247   100%  69.5 1455s
 1435455 991794 1.0835e+10   88  301 4.0000e+10 1417.05204   100%  69.5 1460s
 1442458 996731 1.3077e+10   60  288 4.0000e+10 1417.08726   100%  69.5 1465s
 1446535 1000907     cutoff  100      4.0000e+10 1417.10300   100%  69.5 1470s
 1453369 1005764 1.5023e+10   83  290 4.0000e+10 1417.13478   100%  69.5 1475s
 1460753 1012844 1439.27855   46  286 4.0000e+10 1417.17258   100%  69.6 1480s
 1462125 1019613 2.2481e+10   92  276 4.0000e+10 1417.17752   100%  69.6 1486s
 1470133 1019621 1436.75066   47  311 4.0000e+10 1417.21379   100%  69.6 1491s
 1473600 1023502 1.2614e+10   58  275 4.0000e+10 1417.22989   100%  69.6 1495s
 1478953 1028022 1464.30432   60  296 4.0000e+10 1417.25820   100%  69.6 1500s
 1487366 1034951 7.0412e+08   65  294 4.0000e+10 1417.30292   100%  69.6 1505s
 1493981 1040352 1430.23538   43  311 4.0000e+10 1417.32831   100%  69.6 1510s
 1501578 1046733 1493.23191   56  282 4.0000e+10 1417.36292   100%  69.6 1515s
 1506899 1051681 1423.83896   52  312 4.0000e+10 1417.38636   100%  69.6 1520s
 1514103 1056540 9.5616e+09   77  290 4.0000e+10 1417.42085   100%  69.7 1525s
 1520202 1060996 1494.37015   54  293 4.0000e+10 1417.44125   100%  69.7 1531s
 1520244 1067692 1495.55904   54  294 4.0000e+10 1417.44174   100%  69.7 1536s
 1531233 1071173 1423.57927   50  306 4.0000e+10 1417.49052   100%  69.7 1540s
 1535492 1078472 2.8633e+09   66  292 4.0000e+10 1417.49978   100%  69.7 1547s
 1544123 1080971 1.8042e+10   74  268 4.0000e+10 1417.52681   100%  69.7 1550s
 1548542 1085707 2.9232e+10   75  247 4.0000e+10 1417.54584   100%  69.7 1555s
 1553519 1089618 1543.96650   73  295 4.0000e+10 1417.56126   100%  69.8 1560s
 1558718 1093173 1602.19190   69  294 4.0000e+10 1417.58101   100%  69.8 1565s
 1564915 1098318 1.0000e+10   62  266 4.0000e+10 1417.61425   100%  69.8 1570s
 1570379 1103581 1493.95218   61  310 4.0000e+10 1417.63349   100%  69.8 1575s
 1578808 1109546 3.4233e+10   97  275 4.0000e+10 1417.66887   100%  69.8 1581s
 1585581 1115928 4.3800e+09   72  301 4.0000e+10 1417.69590   100%  69.8 1585s
 1592366 1120660 3.5172e+10   73  262 4.0000e+10 1417.72044   100%  69.9 1590s
 1599628 1127601 1612.42090   73  298 4.0000e+10 1417.75352   100%  69.9 1595s
 1603079 1129561 1.8021e+10   84  274 4.0000e+10 1417.76704   100%  69.9 1602s
 1606372 1133223 1537.11732   68  283 4.0000e+10 1417.77515   100%  69.9 1605s
 1613858 1138484 2.2847e+10   78  276 4.0000e+10 1417.80383   100%  69.9 1610s
 1621642 1145724 9.0018e+09   77  285 4.0000e+10 1417.83464   100%  70.0 1615s
 1629675 1151422 1467.36913   58  280 4.0000e+10 1417.86037   100%  70.0 1620s
 1637817 1159308 1462.32651   55  314 4.0000e+10 1417.89162   100%  70.0 1625s
 1643778 1164498 1579.58686   63  285 4.0000e+10 1417.91398   100%  70.0 1630s
 1649636 1169269 7.2767e+09   84  294 4.0000e+10 1417.93740   100%  70.0 1635s
 1656148 1174852 3.6044e+10  111  273 4.0000e+10 1417.96826   100%  70.0 1640s
 1665741 1182352 1529.94986   51  275 4.0000e+10 1418.00619   100%  70.0 1645s
 1670646 1186191 1563.76370   76  295 4.0000e+10 1418.01984   100%  70.0 1652s
 1671109 1192869 2.1821e+10  130  271 4.0000e+10 1418.02200   100%  70.0 1656s
 1683566 1197712 9.7712e+08   71  290 4.0000e+10 1418.07146   100%  70.0 1660s
 1686724 1205922 1424.44226   45  320 4.0000e+10 1418.08325   100%  69.9 1667s
 1697434 1209371 1505.33839   56  292 4.0000e+10 1418.11334   100%  69.9 1670s
 1707714 1217231 1549.07304   64  278 4.0000e+10 1418.14904   100%  69.9 1675s
 1711058 1220642 1495.23517   54  299 4.0000e+10 1418.16192   100%  69.9 1680s
 1716659 1225447 4.3112e+09   70  254 4.0000e+10 1418.18202   100%  69.9 1685s
 1725059 1232003 1524.88769   75  298 4.0000e+10 1418.20936   100%  70.0 1690s
 1732727 1239251 1.0113e+10   92  269 4.0000e+10 1418.23324   100%  70.0 1696s
 1736799 1240580 1563.80787   70  274 4.0000e+10 1418.25060   100%  70.0 1700s
 1742994 1246689 1438.74795   46  320 4.0000e+10 1418.27522   100%  70.0 1705s
 1751265 1253684 1498.19680   54  301 4.0000e+10 1418.30876   100%  70.0 1710s
 1758762 1260021 1426.32861   49  309 4.0000e+10 1418.33457   100%  70.0 1715s
 1765152 1264313 1435.03854   46  308 4.0000e+10 1418.35114   100%  70.1 1720s
 1771561 1269590 3.6097e+10   80  265 4.0000e+10 1418.37087   100%  70.1 1726s
 1775789 1273180     cutoff  109      4.0000e+10 1418.37996   100%  70.1 1730s
 1784387 1281132 2.5089e+10   64  271 4.0000e+10 1418.40928   100%  70.1 1735s
 1791252 1287347 1.1707e+10   79  270 4.0000e+10 1418.43279   100%  70.1 1740s
 1799182 1293415 1.7291e+10   86  270 4.0000e+10 1418.46074   100%  70.1 1745s
 1804956 1298231 1443.36224   59  296 4.0000e+10 1418.48097   100%  70.1 1750s
 1814775 1306466 1.7670e+10   69  282 4.0000e+10 1418.51538   100%  70.1 1755s
 1821146 1311504 2.6889e+10   78  284 4.0000e+10 1418.53516   100%  70.1 1762s
 1822075 1314566 2.4894e+10   94  267 4.0000e+10 1418.53639   100%  70.1 1765s
 1832250 1321218 1.0000e+10   56  278 4.0000e+10 1418.56658   100%  70.1 1770s
 1839757 1327320 1.3159e+09   74  289 4.0000e+10 1418.58769   100%  70.1 1775s
 1847487 1333724 1494.91750   61  301 4.0000e+10 1418.61101   100%  70.1 1780s
 1853339 1338820 1454.70351   58  307 4.0000e+10 1418.63659   100%  70.1 1785s
 1859669 1343249 1551.40521   70  294 4.0000e+10 1418.65578   100%  70.1 1790s
 1865639 1349192 1487.34360   57  315 4.0000e+10 1418.67931   100%  70.1 1795s
 1873599 1355766 1.1000e+10   70  283 4.0000e+10 1418.70369   100%  70.1 1800s
 1881664 1362474 1.1073e+10   60  279 4.0000e+10 1418.72621   100%  70.1 1805s
 1890031 1368342 1556.41146   77  283 4.0000e+10 1418.74491   100%  70.1 1810s
 1891351 1370460 1.1690e+10   84  293 4.0000e+10 1418.74775   100%  70.1 1815s
 1898874 1376769 2.1827e+10   98  280 4.0000e+10 1418.77594   100%  70.1 1820s
 1907536 1383840 1.3742e+10   80  283 4.0000e+10 1418.80415   100%  70.1 1825s
 1913824 1389425 3.1753e+10   92  267 4.0000e+10 1418.82393   100%  70.1 1830s
 1919305 1393859 1505.53848   67  302 4.0000e+10 1418.84843   100%  70.2 1835s
 1920595 1393866 1429.70917   49  293 4.0000e+10 1418.85103   100%  70.2 1840s
 1926530 1399887 1424.95908   43  316 4.0000e+10 1418.86958   100%  70.1 1845s
 1933390 1405884 1510.94906   60  284 4.0000e+10 1418.88868   100%  70.2 1850s
 1939714 1410386 1439.12691   47  324 4.0000e+10 1418.91032   100%  70.2 1855s
 1946019 1416271 1.1846e+09   58  292 4.0000e+10 1418.93011   100%  70.2 1860s
 1953901 1422613 2.6585e+10   81  277 4.0000e+10 1418.95133   100%  70.2 1865s
 1957224 1427050 4.2307e+09   74  295 4.0000e+10 1418.96001   100%  70.2 1870s
 1967791 1434402 1429.52859   48  316 4.0000e+10 1418.99149   100%  70.2 1875s
 1973545 1438248 1585.92087   45  302 4.0000e+10 1419.01107   100%  70.2 1880s
 1978812 1443698 1563.25855   58  290 4.0000e+10 1419.02475   100%  70.2 1885s
 1986907 1450041 1.9187e+10   95  283 4.0000e+10 1419.05016   100%  70.2 1890s
 1993723 1454834 2.9681e+10   92  256 4.0000e+10 1419.06827   100%  70.2 1897s
 1995753 1457258 567755.372   62  286 4.0000e+10 1419.07399   100%  70.2 1900s
 2003032 1463385 1541.48031   55  287 4.0000e+10 1419.09363   100%  70.3 1905s
 2010096 1468653 1.9542e+10  118  281 4.0000e+10 1419.11560   100%  70.3 1910s
 2018614 1476267 1521.75590   56  290 4.0000e+10 1419.14384   100%  70.3 1915s
 2025634 1482086 1522.27921   60  305 4.0000e+10 1419.16390   100%  70.3 1920s
 2033585 1487990 1460.31094   46  315 4.0000e+10 1419.18662   100%  70.3 1925s
 2041140 1494169 2.6612e+10   84  267 4.0000e+10 1419.21067   100%  70.3 1930s
 2047905 1499861 2.9394e+10  103  265 4.0000e+10 1419.23127   100%  70.3 1935s
 2048125 1506587 1467.53149   52  306 4.0000e+10 1419.23386   100%  70.3 1940s
 2059563 1510482 1.4925e+10   82  256 4.0000e+10 1419.26714   100%  70.3 1945s
 2069986 1518138 1.5695e+10   77  286 4.0000e+10 1419.29410   100%  70.3 1953s
 2073556 1521216 1469.83096   58  311 4.0000e+10 1419.30467   100%  70.3 1957s
 2077973 1525896 1557.10647   58  286 4.0000e+10 1419.31519   100%  70.3 1960s
H2082864 1529104                    3.999994e+10 1419.33120   100%  70.3 1962s
 2086627 1533074 1502.56071   67  298 4.0000e+10 1419.34371   100%  70.3 1965s
 2095294 1539545 3.8017e+09   79  290 4.0000e+10 1419.36865   100%  70.3 1970s
 2102961 1545917 1633.99731   69  294 4.0000e+10 1419.38512   100%  70.3 1975s
 2107719 1551706 1434.28202   49  319 4.0000e+10 1419.39707   100%  70.3 1981s
 2115740 1557789 3.7828e+09   58  291 4.0000e+10 1419.42487   100%  70.3 1985s
 2123865 1564390 9.9934e+09   67  289 4.0000e+10 1419.44938   100%  70.3 1990s
 2126066 1566278 1460.13405   53  303 4.0000e+10 1419.45735   100%  70.3 1995s
 2133852 1572998 2.6401e+09   78  287 4.0000e+10 1419.47935   100%  70.3 2000s
 2143708 1579825 3.8225e+10   98  251 4.0000e+10 1419.50747   100%  70.3 2005s
 2150983 1586157 2.6759e+10   99  250 4.0000e+10 1419.53201   100%  70.3 2011s
 2156711 1591560 1517.54776   78  286 4.0000e+10 1419.54986   100%  70.3 2015s
 2162282 1595095 3.3208e+09   67  300 4.0000e+10 1419.56807   100%  70.3 2020s
 2168897 1601405 2.5815e+10   69  255 4.0000e+10 1419.58629   100%  70.3 2025s
 2172871 1604920 1597.42182   63  288 4.0000e+10 1419.59687   100%  70.3 2030s
 2182913 1613701 1559.61924   65  297 4.0000e+10 1419.62732   100%  70.3 2035s
 2190793 1620014 1.7815e+10   94  275 4.0000e+10 1419.64775   100%  70.3 2040s
 2194425 1622869 6.3153e+09   80  289 4.0000e+10 1419.65427   100%  70.3 2045s
 2200675 1628278 2.9092e+10   86  289 4.0000e+10 1419.67120   100%  70.3 2050s
 2208513 1634581 1.2223e+10   77  273 4.0000e+10 1419.69417   100%  70.3 2055s
 2216120 1640966 4.6773e+09   55  277 4.0000e+10 1419.71790   100%  70.3 2060s
 2223169 1647001 1459.59662   50  300 4.0000e+10 1419.73714   100%  70.3 2065s
 2228799 1654307 1429.65120   46  319 4.0000e+10 1419.75160   100%  70.3 2071s
H2233853 1655323                    3.999994e+10 1419.76939   100%  70.3 2071s
 2235140 1656556 2.7159e+10  123  258 4.0000e+10 1419.77172   100%  70.3 2075s
 2243913 1664339 2.1411e+10   83  277 4.0000e+10 1419.79658   100%  70.3 2080s
 2251181 1669368     cutoff   89      4.0000e+10 1419.81740   100%  70.3 2085s
H2254308 1672428                    3.999994e+10 1419.82512   100%  70.3 2088s
 2257299 1674457 9.6980e+09   80  271 4.0000e+10 1419.83297   100%  70.4 3053s
 2257929 1675498 1492.03641   61  296 4.0000e+10 1419.83471   100%  70.4 3055s
 2261645 1678907 7.0835e+08   67  275 4.0000e+10 1419.84472   100%  70.4 3999s
 2263048 1679992 1492.52272   54  303 4.0000e+10 1419.84731   100%  70.4 4000s
 2269554 1685411 1445.43955   48  298 4.0000e+10 1419.86861   100%  70.4 4982s
 2273904 1690793 1436.18837   52  320 4.0000e+10 1419.87839   100%  70.4 4986s
 2278689 1692399 2.1891e+10   79  289 4.0000e+10 1419.88944   100%  70.4 6021s
 2286711 1699040 2.1168e+10   92  265 4.0000e+10 1419.90880   100%  70.4 6936s
 2291293 1702694 1468.40020   47  319 4.0000e+10 1419.92417   100%  70.4 6940s
H2291431 1702694                    3.999993e+10 1419.92417   100%  70.4 6940s
 2291647 1702697 1470.81182   48  316 4.0000e+10 1419.92417   100%  70.4 8011s

Cutting planes:
  Gomory: 1
  Clique: 12

Explored 2291660 nodes (161278175 simplex iterations) in 8011.29 seconds (4744.74 work units)
Thread count was 8 (of 8 available processors)

Solution count 10: 3.99999e+10 3.99999e+10 3.99999e+10 ... 6e+10

Time limit reached
Best objective 3.999993475098e+10, best bound 1.419924171909e+03, gap 100.0000%
