
Gurobi 11.0.1 (mac64[arm]) logging started Wed Feb 19 16:48:43 2025

Set parameter LogFile to value "logs_new/salida_modelo_caminos_340_567_noLR.log"
Set parameter TimeLimit to value 7200
Gurobi Optimizer version 11.0.1 build v11.0.1rc0 (mac64[arm] - Darwin 24.3.0 24D60)

CPU model: Apple M2
Thread count: 8 physical cores, 8 logical processors, using up to 8 threads

Optimize a model with 593 rows, 1831 columns and 7824 nonzeros
Coefficient statistics:
  Matrix range     [1e+00, 1e+00]
  Objective range  [2e+00, 1e+10]
  Bounds range     [0e+00, 0e+00]
  RHS range        [1e+00, 2e+02]
Warning: Model contains large objective coefficients
         Consider reformulating model or setting NumericFocus parameter
         to avoid numerical issues.

Solved in 0 iterations and 0.00 seconds (0.00 work units)
Optimal objective  1.300000000e+03
Gurobi Optimizer version 11.0.1 build v11.0.1rc0 (mac64[arm] - Darwin 24.3.0 24D60)

CPU model: Apple M2
Thread count: 8 physical cores, 8 logical processors, using up to 8 threads

Optimize a model with 593 rows, 1831 columns and 7824 nonzeros
Model fingerprint: 0x7f7ed8ff
Variable types: 0 continuous, 1831 integer (1831 binary)
Coefficient statistics:
  Matrix range     [1e+00, 1e+00]
  Objective range  [2e+00, 1e+10]
  Bounds range     [0e+00, 0e+00]
  RHS range        [1e+00, 2e+02]
Warning: Model contains large objective coefficients
         Consider reformulating model or setting NumericFocus parameter
         to avoid numerical issues.
Found heuristic solution: objective 3.400000e+12
Presolve removed 250 rows and 0 columns
Presolve time: 0.01s
Presolved: 343 rows, 1831 columns, 7434 nonzeros
Variable types: 0 continuous, 1831 integer (1831 binary)
Found heuristic solution: objective 3.290000e+12

Root relaxation: objective 1.300000e+03, 1812 iterations, 0.06 seconds (0.12 work units)

    Nodes    |    Current Node    |     Objective Bounds      |     Work
 Expl Unexpl |  Obj  Depth IntInf | Incumbent    BestBd   Gap | It/Node Time

     0     0 1300.00000    0  282 3.2900e+12 1300.00000   100%     -    0s
H    0     0                    5.500000e+11 1300.00000   100%     -    0s
H    0     0                    4.300000e+11 1300.00000   100%     -    0s
H    0     0                    3.500000e+11 1300.00000   100%     -    0s
H    0     0                    3.300000e+11 1300.00000   100%     -    0s
H    0     0                    2.600000e+11 1300.00000   100%     -    0s
     0     0 1301.02685    0  287 2.6000e+11 1301.02685   100%     -    0s
     0     0 1301.02685    0  288 2.6000e+11 1301.02685   100%     -    0s
H    0     0                    2.000000e+11 1301.02685   100%     -    0s
     0     0 1301.02685    0  293 2.0000e+11 1301.02685   100%     -    0s
H    0     0                    1.500000e+11 1301.02685   100%     -    0s
     0     0 1301.02685    0  297 1.5000e+11 1301.02685   100%     -    0s
     0     0 1301.58813    0  321 1.5000e+11 1301.58813   100%     -    0s
     0     0 1301.58813    0  321 1.5000e+11 1301.58813   100%     -    0s
     0     2 1301.58813    0  321 1.5000e+11 1301.58813   100%     -    0s
H  114   122                    1.200000e+11 1305.99130   100%   129    0s
H  148   155                    1.100000e+11 1305.99130   100%   123    0s
H  179   194                    1.000000e+11 1305.99130   100%   123    2s
H  187   194                    7.000000e+10 1305.99130   100%   120    2s
H  292   298                    7.000000e+10 1305.99130   100%   114    2s
H 1384  1316                    6.000000e+10 1305.99130   100%  96.9    3s
H 1688  1485                    5.000000e+10 1306.49686   100%   101    4s
H 1727  1440                    4.000000e+10 1306.49686   100%   102    4s
  1763  1466 1306.49686   23  305 4.0000e+10 1306.49686   100%   102    5s
  3403  2492 1.8486e+09   84  280 4.0000e+10 1306.49686   100%  95.8   10s
H 4024  2703                    4.000000e+10 1306.49686   100%  92.7   11s
H 4245  2768                    3.999999e+10 1306.49686   100%  92.2   13s
  5150  3411 1410.10189   49  269 4.0000e+10 1306.78774   100%  91.0   15s
  7373  5302 3.0144e+10  109  282 4.0000e+10 1308.08673   100%  86.3   20s
 10165  7807 6.1426e+09   72  279 4.0000e+10 1311.74008   100%  86.4   25s
H13013 10457                    3.999999e+10 1313.13586   100%  81.4   28s
 13704 10770 3.0000e+10   51  259 4.0000e+10 1313.64789   100%  81.3   31s
 17578 13886 1344.32813   25  290 4.0000e+10 1314.68125   100%  77.2   38s
 18462 14792 3.7374e+10   95  246 4.0000e+10 1314.80671   100%  76.8   40s
 20529 16840     cutoff  117      4.0000e+10 1314.95351   100%  75.9   45s
 24238 20602 2.7434e+10  129  272 4.0000e+10 1315.96227   100%  74.8   50s
 26065 21528 1.4439e+10   99  257 4.0000e+10 1315.96227   100%  74.5   55s
 29725 24131 1.0000e+10   51  321 4.0000e+10 1316.77852   100%  74.6   62s
 29735 24138 1.0000e+10   71  300 4.0000e+10 1316.77852   100%  74.5   65s
 29963 24300 1359.79923   42  294 4.0000e+10 1316.77852   100%  74.9   70s
 31714 25273 1337.36695   40  289 4.0000e+10 1316.77852   100%  77.3   75s
 33697 26343 4.2258e+09   60  275 4.0000e+10 1316.77852   100%  79.3   80s
 34886 26953 1329.52561   41  298 4.0000e+10 1316.77852   100%  80.5   85s
 37663 28316 4.2928e+09   58  264 4.0000e+10 1316.77852   100%  82.9   90s
 38626 28884 1.4204e+09   61  269 4.0000e+10 1316.77852   100%  84.0   95s
 41393 30652 1.6397e+10   91  272 4.0000e+10 1316.77852   100%  85.8  100s
 43567 31609 3.3590e+10   97  244 4.0000e+10 1316.77852   100%  87.4  107s
 45813 32882 1.3290e+10  106  278 4.0000e+10 1316.77852   100%  88.5  110s
 48244 34293 1.6584e+10   76  291 4.0000e+10 1316.77852   100%  89.6  115s
 50868 35382 2.5202e+10  120  266 4.0000e+10 1316.77852   100%  90.4  121s
 53221 36663 5.5705e+09   54  284 4.0000e+10 1316.77852   100%  91.4  125s
 56129 38194 1.5167e+10  104  249 4.0000e+10 1316.77852   100%  92.6  130s
 60329 40868 3.3088e+10   95  249 4.0000e+10 1316.77852   100%  93.3  136s
 62119 41807 4.3120e+09   72  294 4.0000e+10 1316.89497   100%  93.5  141s
 65822 43216 2.1471e+09   70  285 4.0000e+10 1317.20992   100%  94.3  145s
 70468 45589 9.7751e+09   95  268 4.0000e+10 1317.68511   100%  94.3  150s
 76030 49771 1384.73341   54  285 4.0000e+10 1318.09738   100%  93.8  155s
 82307 52273 2.1509e+10   96  262 4.0000e+10 1318.54791   100%  93.7  160s
 87808 55166 1382.07719   45  294 4.0000e+10 1318.93199   100%  93.4  165s
 94858 58093 1.3497e+10  104  273 4.0000e+10 1319.40862   100%  92.5  172s
 95541 59081 3.0121e+09   53  290 4.0000e+10 1319.52048   100%  92.6  175s
 102409 62862 2.5786e+10   76  234 4.0000e+10 1319.92495   100%  92.3  180s
 106460 67599 2.4967e+10  100  274 4.0000e+10 1320.13841   100%  92.0  185s
 113797 72588 1.0501e+10   75  289 4.0000e+10 1320.57889   100%  91.2  190s
 123881 80614 1355.47632   40  283 4.0000e+10 1321.05564   100%  89.8  195s
 132388 88401 3.2763e+10   56  256 4.0000e+10 1321.58187   100%  88.9  200s
 139672 94968 1.1761e+09   50  274 4.0000e+10 1321.89391   100%  88.2  205s
 150178 102946 1424.74980   49  274 4.0000e+10 1322.33103   100%  87.3  210s
 151107 110525 2.0000e+10   56  261 4.0000e+10 1322.37896   100%  87.2  217s
 161102 113031 1434.72786   60  292 4.0000e+10 1322.80602   100%  86.3  220s
 168585 120010 5.7084e+09   73  262 4.0000e+10 1323.00903   100%  85.9  225s
 175427 125015 1343.66818   36  287 4.0000e+10 1323.25823   100%  85.6  230s
 185179 132766 1.8582e+10  101  275 4.0000e+10 1323.52017   100%  84.8  235s
H185334 120126                    3.000000e+10 1323.52017   100%  84.8  235s
 191067 125587 1344.95033   39  275 3.0000e+10 1323.78551   100%  84.3  240s
 201183 133455 1425.13820   54  275 3.0000e+10 1324.07118   100%  83.7  245s
H203696 135685                    3.000000e+10 1324.11026   100%  83.6  248s
H203983 135680                    3.000000e+10 1324.11026   100%  83.7  248s
 206958 138887 1.3644e+10   83  267 3.0000e+10 1324.25223   100%  83.4  250s
 216131 146773 1.5886e+10   87  263 3.0000e+10 1324.53049   100%  82.8  255s
 223340 152104 2.1030e+09   55  288 3.0000e+10 1324.75302   100%  82.5  261s
H223342 152104                    3.000000e+10 1324.75302   100%  82.5  261s
 227043 155993 9.8780e+09   99  275 3.0000e+10 1324.86389   100%  82.3  265s
 237590 164692 1397.75494   44  298 3.0000e+10 1325.13375   100%  81.5  271s
 245010 171341 2.0919e+09   73  276 3.0000e+10 1325.32881   100%  81.1  275s
 253223 178258 1.6846e+10  120  284 3.0000e+10 1325.51401   100%  80.8  280s
 263800 187179 1475.11179   51  269 3.0000e+10 1325.78892   100%  80.1  285s
 272481 194572 1393.60927   47  270 3.0000e+10 1325.94723   100%  79.5  290s
H275019 195905                    3.000000e+10 1325.99765   100%  79.3  293s
 275835 197309 1378.86015   52  285 3.0000e+10 1326.02538   100%  79.3  295s
 285790 205940 1332.63975   38  297 3.0000e+10 1326.22074   100%  78.6  300s
 293900 212110 1356.60710   43  295 3.0000e+10 1326.37255   100%  78.3  305s
 302899 220129 1.3013e+08   53  270 3.0000e+10 1326.56979   100%  78.1  310s
 313583 230083 1.6510e+10  108  284 3.0000e+10 1326.78203   100%  77.8  315s
 322372 236605 2.2104e+10   90  281 3.0000e+10 1326.95591   100%  77.4  320s
 332321 245221 1454.38391   53  291 3.0000e+10 1327.12696   100%  77.0  325s
 342189 253365 7.1381e+09   53  287 3.0000e+10 1327.33813   100%  76.5  330s
H346874 216593                    2.000000e+10 1327.42745   100%  76.4  333s
 348918 219015 1348.70356   40  305 2.0000e+10 1327.51059   100%  76.3  335s
H350619 219648                    1.999999e+10 1327.54571   100%  76.3  337s
H350626 219648                    1.999999e+10 1327.54571   100%  76.3  337s
 355477 224513 1.9761e+09  100  275 2.0000e+10 1327.67579   100%  76.2  340s
 366277 233587 6.0088e+09   62  276 2.0000e+10 1327.88921   100%  75.9  345s
 371937 237961 6.2118e+08   56  285 2.0000e+10 1328.00708   100%  75.8  350s
 383135 247232 2.2472e+09   60  297 2.0000e+10 1328.20070   100%  75.4  355s
 383838 247247 1.7943e+09   64  297 2.0000e+10 1328.21672   100%  75.4  360s
 392432 254643 1440.72402   65  279 2.0000e+10 1328.40638   100%  75.3  365s
 399524 260943 1398.93627   53  275 2.0000e+10 1328.54401   100%  75.1  370s
 411112 270178 1.0423e+10   57  286 2.0000e+10 1328.73744   100%  74.9  375s
H412013 270186                    1.999999e+10 1328.74753   100%  74.9  376s
H412016 270186                    1.999999e+10 1328.74753   100%  74.9  376s
 419828 277007 1355.99427   35  271 2.0000e+10 1328.86257   100%  74.7  380s
H423394 279419                    1.999998e+10 1328.91739   100%  74.6  383s
 427188 283472 1372.18659   43  270 2.0000e+10 1328.97474   100%  74.5  385s
 437665 291760 1.2926e+10  104  253 2.0000e+10 1329.14022   100%  74.4  391s
H438085 291760                    1.999998e+10 1329.14440   100%  74.4  392s
H438193 291760                    1.999998e+10 1329.14640   100%  74.4  392s
 438902 292950 1408.50944   50  287 2.0000e+10 1329.15709   100%  74.4  395s
 451062 302698 1370.42888   41  275 2.0000e+10 1329.34737   100%  74.0  400s
H454271 304726                    1.999998e+10 1329.38947   100%  74.0  403s
 456725 307230 1355.22906   46  290 2.0000e+10 1329.43788   100%  74.0  405s
 461539 317294 1.5718e+10  136  270 2.0000e+10 1329.48105   100%  73.9  414s
 469547 317391 1.3009e+10   67  280 2.0000e+10 1329.61527   100%  73.9  415s
H469644 317391                    1.999998e+10 1329.61527   100%  73.9  415s
 480166 325883 3.2714e+09   57  270 2.0000e+10 1329.77607   100%  73.7  421s
 486377 331749 1388.74685   45  299 2.0000e+10 1329.87078   100%  73.6  425s
 496817 340071 1.0841e+09   65  277 2.0000e+10 1330.02562   100%  73.5  430s
H498909 341462                    1.999998e+10 1330.05195   100%  73.4  431s
 505191 346934 1380.25819   53  293 2.0000e+10 1330.13984   100%  73.3  435s
 511426 351547 1415.43285   47  268 2.0000e+10 1330.21592   100%  73.3  441s
 519943 358855 1341.40690   41  278 2.0000e+10 1330.31929   100%  73.1  446s
 526233 363909 infeasible   51      2.0000e+10 1330.40870   100%  73.2  450s
 535095 370979 1434.40753   41  297 2.0000e+10 1330.53279   100%  73.1  455s
 538612 373889 infeasible   54      2.0000e+10 1330.57156   100%  73.2  460s
 545408 379460 1408.02268   49  257 2.0000e+10 1330.66819   100%  73.1  465s
H553463 385253                    1.999998e+10 1330.76925   100%  73.1  469s
 554633 387060 1399.35800   51  273 2.0000e+10 1330.78478   100%  73.0  470s
 558875 389696 5.9470e+09   80  249 2.0000e+10 1330.84220   100%  73.0  475s
 569009 398133 1.6963e+08   56  262 2.0000e+10 1330.95614   100%  72.8  481s
 577577 406070 5.1939e+08   57  282 2.0000e+10 1331.04680   100%  72.7  485s
 583620 410789 1373.89597   45  299 2.0000e+10 1331.10303   100%  72.7  490s
 595723 421193 2.0675e+09   66  259 2.0000e+10 1331.22934   100%  72.6  495s
 604666 427733 1919684.05   55  288 2.0000e+10 1331.32714   100%  72.5  500s
 614425 435817 1340.80404   39  300 2.0000e+10 1331.44418   100%  72.4  505s
 622589 442588 1.5661e+10   83  269 2.0000e+10 1331.53282   100%  72.2  510s
 634417 451684 1438.91128   60  273 2.0000e+10 1331.66044   100%  72.1  517s
 638745 456010 1363.06846   42  287 2.0000e+10 1331.72032   100%  72.0  520s
 646711 462608 4.2913e+09   61  283 2.0000e+10 1331.80106   100%  71.9  525s
 656314 469527 8.1475e+09   95  277 2.0000e+10 1331.88978   100%  71.8  530s
 666273 477677 1379.47020   47  290 2.0000e+10 1331.96554   100%  71.7  536s
 673312 483589 9.1506e+08   64  282 2.0000e+10 1332.03274   100%  71.6  542s
 676759 486244 1.4007e+09   53  273 2.0000e+10 1332.07551   100%  71.6  546s
 683865 492587 1362.68345   43  287 2.0000e+10 1332.14641   100%  71.5  550s
 692924 499182 1.4405e+10   98  267 2.0000e+10 1332.23891   100%  71.4  555s
 702339 507085 9.0267e+09   77  270 2.0000e+10 1332.31153   100%  71.3  561s
 709665 513869 2.8272e+08   47  260 2.0000e+10 1332.38210   100%  71.3  565s
 714973 523770 7.5695e+09   77  287 2.0000e+10 1332.43549   100%  71.3  573s
 724175 525509 1.4061e+10   89  267 2.0000e+10 1332.53582   100%  71.2  575s
 735883 535381 1383.29136   43  291 2.0000e+10 1332.63545   100%  71.1  580s
 738822 537603 1410.83323   55  289 2.0000e+10 1332.66089   100%  71.0  585s
 747706 543759 1421.05831   44  277 2.0000e+10 1332.73445   100%  71.0  591s
 756569 552133 1368.70648   43  283 2.0000e+10 1332.79768   100%  71.0  595s
 764962 558406 1395.06059   46  275 2.0000e+10 1332.86718   100%  70.9  600s
 775266 567566 1342.46502   38  293 2.0000e+10 1332.96181   100%  70.8  605s
 785051 574033 1.9096e+10   51  265 2.0000e+10 1333.03453   100%  70.8  611s
 789678 578332 1405.90224   49  288 2.0000e+10 1333.07501   100%  70.8  615s
 797640 584671 1343.18187   42  296 2.0000e+10 1333.14985   100%  70.7  620s
 802657 588902 9.7832e+09  100  253 2.0000e+10 1333.19307   100%  70.7  625s
 810037 594500 1482.51266   68  278 2.0000e+10 1333.24676   100%  70.7  630s
 821572 604364 3.2852e+09   53  280 2.0000e+10 1333.34104   100%  70.6  635s
 827166 608695 1360.36998   47  294 2.0000e+10 1333.37547   100%  70.6  640s
 838574 617700 1399.98604   58  291 2.0000e+10 1333.46318   100%  70.6  645s
 847364 624777 1340.54496   42  297 2.0000e+10 1333.54307   100%  70.5  650s
 857640 632028 infeasible   63      2.0000e+10 1333.62714   100%  70.5  658s
H857641 632028                    1.999998e+10 1333.62714   100%  70.5  658s
 860530 635438 1362.73925   52  287 2.0000e+10 1333.65103   100%  70.5  660s
 871686 643550 4.2398e+08   56  273 2.0000e+10 1333.73616   100%  70.4  665s
 881242 652545 2.1111e+09   76  276 2.0000e+10 1333.81676   100%  70.3  670s
 891149 660435 1418.95054   47  279 2.0000e+10 1333.89703   100%  70.2  675s
 898309 665385 4.1218e+09   80  269 2.0000e+10 1333.95166   100%  70.2  680s
 906907 672330 1384.41376   45  283 2.0000e+10 1334.00888   100%  70.1  685s
 916847 681449 1.1895e+10   95  250 2.0000e+10 1334.09680   100%  70.1  690s
 925067 687550 1.1751e+10   65  272 2.0000e+10 1334.15101   100%  70.0  695s
 933547 694893 1.4085e+09   60  284 2.0000e+10 1334.21985   100%  70.0  700s
 942203 702166 1365.22099   45  297 2.0000e+10 1334.28054   100%  69.9  705s
 952101 709282 1.2920e+10   66  273 2.0000e+10 1334.35017   100%  69.9  712s
 955072 712237 1383.08125   44  287 2.0000e+10 1334.37644   100%  69.9  715s
 964460 720208     cutoff  113      2.0000e+10 1334.44558   100%  69.9  720s
 976723 729385 1.5525e+10  106  281 2.0000e+10 1334.53336   100%  69.8  725s
 984880 736885 4.3401e+09   63  273 2.0000e+10 1334.59994   100%  69.7  730s
 995853 745765 1356.94439   47  296 2.0000e+10 1334.66273   100%  69.6  735s
 1004647 752781 5.1605e+09   81  255 2.0000e+10 1334.72158   100%  69.6  740s
 1011524 757762 1399.90059   49  281 2.0000e+10 1334.75936   100%  69.6  745s
 1017226 763180 1385.25370   49  285 2.0000e+10 1334.79949   100%  69.6  750s
 1027311 770847 1.6550e+10   49  287 2.0000e+10 1334.86880   100%  69.6  755s
 1037600 778928 infeasible   69      2.0000e+10 1334.93265   100%  69.5  760s
 1042334 782281 1376.89553   51  295 2.0000e+10 1334.96524   100%  69.6  765s
 1050115 789200 1.0000e+10   67  275 2.0000e+10 1335.01124   100%  69.6  770s
 1058149 795388 7.7966e+08   68  287 2.0000e+10 1335.06303   100%  69.6  775s
 1067725 802869 1350.43564   37  285 2.0000e+10 1335.11752   100%  69.6  780s
 1077151 810519     cutoff   93      2.0000e+10 1335.18621   100%  69.5  785s
 1083034 815739 9.8836e+09   96  276 2.0000e+10 1335.22531   100%  69.5  791s
 1088715 820084 1393.34877   48  272 2.0000e+10 1335.26342   100%  69.5  795s
 1098733 827754 1348.49553   39  291 2.0000e+10 1335.32706   100%  69.4  800s
 1109329 836396 1382.95421   43  291 2.0000e+10 1335.39152   100%  69.4  805s
 1118188 843779 1.9973e+09   56  292 2.0000e+10 1335.43775   100%  69.3  810s
 1128363 852209     cutoff   79      2.0000e+10 1335.50750   100%  69.3  815s
 1138368 860712 6.0740e+08   56  288 2.0000e+10 1335.55907   100%  69.3  820s
 1145730 866043 1.0397e+10   51  278 2.0000e+10 1335.60146   100%  69.3  825s
 1154345 873317 6.9030e+09   95  296 2.0000e+10 1335.64423   100%  69.3  830s
 1162063 879583 1394.63574   47  294 2.0000e+10 1335.69092   100%  69.2  835s
 1168300 883440 1355.25674   43  288 2.0000e+10 1335.72261   100%  69.2  840s
 1175984 890940 1.3755e+09   57  262 2.0000e+10 1335.77917   100%  69.2  845s
H1186733 898264                    1.999998e+10 1335.83575   100%  69.2  850s
 1194231 904869 1.9594e+10   55  260 2.0000e+10 1335.87979   100%  69.2  855s
 1201692 909968 1349.61161   41  288 2.0000e+10 1335.91751   100%  69.2  862s
 1204114 913431 2.0592e+09   72  280 2.0000e+10 1335.93445   100%  69.2  865s
 1212303 919887 1365.93869   47  300 2.0000e+10 1335.97186   100%  69.2  870s
 1224311 929355 1424.16269   47  284 2.0000e+10 1336.04660   100%  69.1  875s
 1234413 937887 5.3266e+08   50  300 2.0000e+10 1336.09849   100%  69.0  880s
 1243535 945236 1364.07211   44  288 2.0000e+10 1336.15126   100%  69.0  885s
 1253460 953443 1.4405e+10   90  276 2.0000e+10 1336.20542   100%  69.0  890s
 1264704 962663 1.3776e+09   65  267 2.0000e+10 1336.26794   100%  68.9  895s
 1274113 970776 1396.01677   50  276 2.0000e+10 1336.31549   100%  68.8  900s
 1280585 974681 1371.72039   47  282 2.0000e+10 1336.35264   100%  68.8  905s
 1290639 983528 1.1791e+09   64  290 2.0000e+10 1336.41147   100%  68.8  910s
 1298340 988850 1.6362e+10   52  269 2.0000e+10 1336.44882   100%  68.8  915s
 1306035 994834 7.4911e+09   65  294 2.0000e+10 1336.48357   100%  68.8  920s
 1313105 1001627 7.1092e+09   78  274 2.0000e+10 1336.51902   100%  68.8  925s
 1322194 1008875 1376.22611   42  285 2.0000e+10 1336.56482   100%  68.7  930s
 1325718 1010840 1358.26523   46  268 2.0000e+10 1336.57952   100%  68.7  935s
 1332049 1015723 1395.93799   53  288 2.0000e+10 1336.61069   100%  68.7  940s
 1337144 1021064 1.3661e+10  100  252 2.0000e+10 1336.63867   100%  68.7  945s
 1347568 1029772 1350.20454   38  282 2.0000e+10 1336.70337   100%  68.7  950s
 1359686 1038194 6.9383e+09   74  280 2.0000e+10 1336.75670   100%  68.6  955s
 1368320 1046287 1400.88263   45  287 2.0000e+10 1336.80346   100%  68.6  960s
 1377946 1053789 1432.82144   52  279 2.0000e+10 1336.84795   100%  68.6  965s
 1385870 1059716 4.0262e+07   48  286 2.0000e+10 1336.87914   100%  68.5  970s
 1391487 1064299 1364.43286   48  270 2.0000e+10 1336.90459   100%  68.6  975s
 1401330 1072137 1368.65291   43  297 2.0000e+10 1336.95993   100%  68.5  980s
 1412399 1081128 1345.92336   34  290 2.0000e+10 1337.00977   100%  68.5  985s
 1422756 1088568 1.9250e+09   48  273 2.0000e+10 1337.05416   100%  68.5  992s
 1429873 1094459 6.9067e+09   73  284 2.0000e+10 1337.08649   100%  68.5  995s
 1439557 1102411 1389.13403   56  281 2.0000e+10 1337.12627   100%  68.4 1000s
 1450976 1111854 2.0149e+07   55  286 2.0000e+10 1337.17212   100%  68.3 1005s
 1456304 1116167 1406.63861   46  274 2.0000e+10 1337.19567   100%  68.3 1010s
 1464744 1123998 1364.79409   41  280 2.0000e+10 1337.22848   100%  68.3 1015s
 1473258 1131167 5.7130e+09   72  277 2.0000e+10 1337.27084   100%  68.2 1020s
 1484006 1139177 1371.33278   43  276 2.0000e+10 1337.32573   100%  68.2 1026s
 1492211 1146708 1387.21189   43  296 2.0000e+10 1337.35646   100%  68.2 1030s
 1502360 1155007 1403.88866   51  272 2.0000e+10 1337.40255   100%  68.1 1035s
 1512015 1162449 5.7198e+09   93  275 2.0000e+10 1337.44767   100%  68.1 1040s
 1519158 1168078 1381.07418   48  289 2.0000e+10 1337.48015   100%  68.1 1045s
 1530379 1176420 1440.62884   55  281 2.0000e+10 1337.53007   100%  68.1 1053s
 1532538 1179119 1398.69011   43  287 2.0000e+10 1337.54313   100%  68.1 1055s
 1541378 1186697 1430.57904   50  287 2.0000e+10 1337.57948   100%  68.0 1060s
 1550568 1194037 2.3544e+08   56  270 2.0000e+10 1337.62641   100%  68.0 1065s
 1558352 1200094 1424.11065   59  296 2.0000e+10 1337.66052   100%  68.0 1070s
 1568429 1208656 1356.72158   44  294 2.0000e+10 1337.70486   100%  68.0 1075s
 1577654 1216288 9.3498e+08   55  283 2.0000e+10 1337.74894   100%  67.9 1080s
 1586283 1223381 1413.36089   55  271 2.0000e+10 1337.77851   100%  67.9 1085s
 1594830 1230518 5.1892e+09   75  289 2.0000e+10 1337.81649   100%  67.9 1090s
 1602297 1236342 2.5398e+09  104  280 2.0000e+10 1337.85099   100%  67.9 1095s
 1611407 1243561 2.3559e+09   64  287 2.0000e+10 1337.89203   100%  67.8 1100s
 1618146 1249043 1366.83975   44  300 2.0000e+10 1337.91521   100%  67.8 1105s
 1625927 1255135 8.1306e+09  100  284 2.0000e+10 1337.94442   100%  67.8 1110s
 1635487 1262986 5.1284e+09   66  260 2.0000e+10 1337.97767   100%  67.8 1115s
 1638026 1264587 9.7406e+09   57  264 2.0000e+10 1337.99019   100%  67.8 1120s
 1646446 1271388 1.5055e+10   95  262 2.0000e+10 1338.02359   100%  67.7 1125s
 1654996 1278908 1355.28964   43  287 2.0000e+10 1338.05980   100%  67.7 1130s
 1665829 1286707 3.1191e+09   66  265 2.0000e+10 1338.10573   100%  67.7 1135s
 1676818 1297054 1371.08214   43  286 2.0000e+10 1338.14421   100%  67.6 1179s
 1678416 1297154 9.0220e+09   66  291 2.0000e+10 1338.14925   100%  67.6 1180s
 1686369 1303554 1387.36316   47  276 2.0000e+10 1338.18402   100%  67.6 1185s
 1697922 1312997 1455.61677   64  283 2.0000e+10 1338.23517   100%  67.6 1192s
 1701134 1316511 1366.61449   45  289 2.0000e+10 1338.24738   100%  67.6 1195s
 1708515 1322452 1364.79164   44  286 2.0000e+10 1338.27845   100%  67.6 1200s
 1710174 1323441 7.4757e+08   54  292 2.0000e+10 1338.28306   100%  67.6 1226s
 1715172 1327237 1387.45444   40  273 2.0000e+10 1338.30458   100%  67.6 1230s
 1718381 1329110     cutoff   64      2.0000e+10 1338.31637   100%  67.6 1301s
 1726530 1335435 8.5241e+09   81  267 2.0000e+10 1338.35198   100%  67.6 1305s
 1732789 1340556 1.6130e+10   88  278 2.0000e+10 1338.37936   100%  67.5 1310s
 1742573 1348616 1384.08665   48  294 2.0000e+10 1338.41572   100%  67.5 1315s
 1751353 1356759 1396.60585   55  296 2.0000e+10 1338.44989   100%  67.5 1320s
 1753963 1359256 1461.70980   60  256 2.0000e+10 1338.46287   100%  67.5 1422s
 1759267 1362200 6.8856e+09   84  284 2.0000e+10 1338.48007   100%  67.5 1425s
 1769599 1370298 1386.91873   52  291 2.0000e+10 1338.52099   100%  67.5 1430s
 1779374 1379379 1.9946e+09   58  264 2.0000e+10 1338.55953   100%  67.4 1435s
 1782461 1387081 1417.05280   64  262 2.0000e+10 1338.57156   100%  67.4 1544s
 1790469 1387431 1.6646e+09   74  272 2.0000e+10 1338.60093   100%  67.4 1545s
 1796463 1392814 1412.19341   42  280 2.0000e+10 1338.62836   100%  67.4 1550s
 1809622 1402235 2.8540e+09   68  284 2.0000e+10 1338.67939   100%  67.4 1555s
 1821265 1412527 1449.14782   54  280 2.0000e+10 1338.72734   100%  67.3 1560s
 1832238 1421441 1.7421e+10   84  256 2.0000e+10 1338.76926   100%  67.3 1565s
 1834286 1422522 1429.66517   56  275 2.0000e+10 1338.77491   100%  67.3 1668s
 1838501 1426662 4.4378e+08   52  288 2.0000e+10 1338.79078   100%  67.3 1670s
 1847631 1433044     cutoff   77      2.0000e+10 1338.82696   100%  67.3 1676s
 1855436 1440101 1.3626e+10  130  246 2.0000e+10 1338.85343   100%  67.3 1680s
 1865351 1448422 1374.71460   44  286 2.0000e+10 1338.88751   100%  67.3 1685s
 1868900 1451122 1408.06887   44  284 2.0000e+10 1338.90188   100%  67.3 1788s
 1873005 1453482 1.2061e+10  112  266 2.0000e+10 1338.91467   100%  67.3 1792s
 1877488 1457636 1354.09770   38  294 2.0000e+10 1338.92957   100%  67.3 1795s
 1887124 1465790 1440.52978   52  275 2.0000e+10 1338.96408   100%  67.3 1800s
 1896203 1472587 1439.10798   51  279 2.0000e+10 1338.98745   100%  67.3 1805s
 1903274 1478312 1.4446e+09   60  265 2.0000e+10 1339.01676   100%  67.3 2735s
 1912553 1485712 1391.74847   49  291 2.0000e+10 1339.04786   100%  67.2 2740s
 1920387 1495616 1396.14318   44  298 2.0000e+10 1339.07527   100%  67.2 2746s
 1933584 1502614 5.6806e+09   94  288 2.0000e+10 1339.12103   100%  67.2 2750s
 1938818 1506276 4.2193e+09   77  270 2.0000e+10 1339.13606   100%  67.2 2755s
 1947605 1514364 1347.42955   42  310 2.0000e+10 1339.16604   100%  67.2 2760s
 1955205 1520444 9.9831e+09   75  264 2.0000e+10 1339.19061   100%  67.1 2765s
 1965370 1528304 1.0000e+10   60  259 2.0000e+10 1339.22781   100%  67.1 2770s
 1974027 1535419 5.5523e+08   70  284 2.0000e+10 1339.26373   100%  67.1 2775s
 1975296 1536176 3.0971e+09   76  276 2.0000e+10 1339.26551   100%  67.1 3701s
 1980615 1539986 9.7920e+08   52  274 2.0000e+10 1339.28827   100%  67.1 3705s
 1990477 1549160 1.0351e+09   53  267 2.0000e+10 1339.32350   100%  67.1 3710s
 1995202 1553217 1374.10457   48  283 2.0000e+10 1339.33795   100%  67.1 3715s
 2005284 1560925 1.4166e+10   78  262 2.0000e+10 1339.37230   100%  67.0 3720s
 2014990 1568743     cutoff   60      2.0000e+10 1339.40130   100%  67.0 3725s
 2025694 1576259 5.2263e+09   80  273 2.0000e+10 1339.44275   100%  67.0 3730s
 2035365 1585405 7.1424e+09   79  273 2.0000e+10 1339.47536   100%  67.0 3735s
 2046508 1594437 2.9137e+09   58  271 2.0000e+10 1339.51315   100%  67.0 3740s
 2050577 1597562 1363.12892   38  284 2.0000e+10 1339.52497   100%  66.9 4663s
 2052550 1598299 1396.97455   44  285 2.0000e+10 1339.52857   100%  66.9 4666s
 2060976 1605443 1421.64646   56  287 2.0000e+10 1339.55259   100%  66.9 4671s
 2069846 1612456 5.9535e+09  102  267 2.0000e+10 1339.58255   100%  66.9 4676s
 2077868 1619819 1.0869e+09   60  273 2.0000e+10 1339.60894   100%  66.9 4680s
 2087985 1627744 1.2438e+10   97  283 2.0000e+10 1339.64432   100%  66.9 4686s
 2095421 1632979 1407.04835   44  269 2.0000e+10 1339.66991   100%  66.9 4690s
 2106662 1642828 1.1889e+10   73  265 2.0000e+10 1339.70171   100%  66.9 4695s
 2115012 1649595 1366.41442   52  283 2.0000e+10 1339.72625   100%  66.9 4700s
 2122019 1655157 1405.47197   45  283 2.0000e+10 1339.74596   100%  66.9 5631s
 2129625 1660848 1456.35883   49  277 2.0000e+10 1339.77184   100%  66.8 5635s
 2136430 1665589 6.6216e+09   82  282 2.0000e+10 1339.78910   100%  66.9 5640s
 2145286 1674204 5.0308e+09   88  275 2.0000e+10 1339.81541   100%  66.8 5645s
 2155174 1681171 1.5582e+10   99  270 2.0000e+10 1339.85798   100%  66.8 5650s
 2166411 1691378 9.0470e+08   56  270 2.0000e+10 1339.89140   100%  66.8 5655s
 2179023 1702088 4.9369e+09   53  272 2.0000e+10 1339.92730   100%  66.7 5660s
 2184320 1705151 1.0336e+10   73  264 2.0000e+10 1339.94179   100%  66.7 5665s
 2194158 1713396 1.1248e+10   77  268 2.0000e+10 1339.97795   100%  66.7 5670s
 2199071 1718153 1352.97832   40  298 2.0000e+10 1339.99445   100%  66.7 6591s
 2206337 1723925 1378.59223   50  287 2.0000e+10 1340.01773   100%  66.7 6595s
 2217429 1732513 1.7087e+10   67  241 2.0000e+10 1340.04673   100%  66.7 6600s
 2224309 1738506 6.5337e+09   55  261 2.0000e+10 1340.06971   100%  66.7 6605s
 2232839 1744208 1348.51307   41  290 2.0000e+10 1340.09758   100%  66.7 6610s
 2242959 1752031 1.0462e+10  112  276 2.0000e+10 1340.13029   100%  66.7 6618s
 2246185 1755745 1371.79839   51  292 2.0000e+10 1340.14154   100%  66.7 6620s
 2248041 1756633 1395.80520   44  278 2.0000e+10 1340.14702   100%  66.7 6625s
 2256916 1764080 4.0149e+09   99  274 2.0000e+10 1340.17302   100%  66.6 6630s
 2258183 1765084 1345.55446   43  282 2.0000e+10 1340.17559   100%  66.6 6656s
 2266338 1770902 1.0623e+10   67  278 2.0000e+10 1340.20582   100%  66.6 6660s
 2269316 1774457 1382.26238   39  290 2.0000e+10 1340.21598   100%  66.6 6732s
 2275068 1778432 1367.00210   43  299 2.0000e+10 1340.23163   100%  66.6 6735s
 2284742 1785706 1361.19031   45  293 2.0000e+10 1340.26372   100%  66.6 6742s
 2285212 1792163 1369.53110   46  300 2.0000e+10 1340.26425   100%  66.6 6745s
 2301075 1799608 1.2807e+10   95  257 2.0000e+10 1340.30500   100%  66.6 6750s
 2308921 1805664 1408.87708   51  269 2.0000e+10 1340.32480   100%  66.6 6853s
 2311885 1807958 1.4479e+10   64  269 2.0000e+10 1340.33627   100%  66.6 6855s
 2320503 1814254 1351.35459   41  293 2.0000e+10 1340.36407   100%  66.6 6860s
 2329860 1822156 2.6497e+09   66  279 2.0000e+10 1340.38932   100%  66.6 6865s
 2336895 1827557 1410.12372   54  273 2.0000e+10 1340.41205   100%  66.6 6870s
 2348451 1836730 1.3886e+10   86  270 2.0000e+10 1340.44583   100%  66.6 6974s
 2348636 1837603 1.4388e+10   87  268 2.0000e+10 1340.44727   100%  66.6 6975s
 2352971 1841130 1350.42633   41  287 2.0000e+10 1340.46296   100%  66.6 6980s
 2364002 1850035 1391.95377   48  291 2.0000e+10 1340.49653   100%  66.6 6985s
 2375427 1858254 8.9885e+08   53  279 2.0000e+10 1340.52881   100%  66.5 6991s
 2383654 1865874 1.7118e+09   64  277 2.0000e+10 1340.55688   100%  66.6 6995s
 2386294 1866928 1.0291e+09   55  287 2.0000e+10 1340.56279   100%  66.6 7098s
 2386566 1866995 1361.56062   39  269 2.0000e+10 1340.56279   100%  66.6 7100s
 2397666 1875926 9.0801e+09  107  269 2.0000e+10 1340.59532   100%  66.5 7105s
 2406864 1884485 2.0682e+08   65  294 2.0000e+10 1340.62135   100%  66.5 7110s
 2418778 1893740 1.9225e+09   62  276 2.0000e+10 1340.66019   100%  66.5 7115s
 2424441 1897686 1.0923e+09   58  283 2.0000e+10 1340.67477   100%  66.5 7839s

Cutting planes:
  Gomory: 1
  Clique: 10

Explored 2424818 nodes (161266764 simplex iterations) in 7839.83 seconds (3869.94 work units)
Thread count was 8 (of 8 available processors)

Solution count 10: 2e+10 2e+10 2e+10 ... 4e+10

Time limit reached
Best objective 2.000000141100e+10, best bound 1.340674774015e+03, gap 100.0000%
