
Gurobi 11.0.1 (mac64[arm]) logging started Mon Feb 10 20:58:59 2025

Set parameter LogFile to value "logs_new/salida_modelo_caminos_300_567_25.log"
Set parameter TimeLimit to value 7200
Gurobi Optimizer version 11.0.1 build v11.0.1rc0 (mac64[arm] - Darwin 24.3.0 24D60)

CPU model: Apple M2
Thread count: 8 physical cores, 8 logical processors, using up to 8 threads

Optimize a model with 553 rows, 1563 columns and 6288 nonzeros
Coefficient statistics:
  Matrix range     [1e+00, 1e+00]
  Objective range  [2e+00, 1e+10]
  Bounds range     [0e+00, 0e+00]
  RHS range        [1e+00, 2e+02]
Warning: Model contains large objective coefficients
         Consider reformulating model or setting NumericFocus parameter
         to avoid numerical issues.

Solved in 0 iterations and 0.00 seconds (0.00 work units)
Optimal objective  1.177000000e+03
Gurobi Optimizer version 11.0.1 build v11.0.1rc0 (mac64[arm] - Darwin 24.3.0 24D60)

CPU model: Apple M2
Thread count: 8 physical cores, 8 logical processors, using up to 8 threads

Optimize a model with 553 rows, 1563 columns and 6288 nonzeros
Model fingerprint: 0x9a9ae2c3
Variable types: 0 continuous, 1563 integer (1563 binary)
Coefficient statistics:
  Matrix range     [1e+00, 1e+00]
  Objective range  [2e+00, 1e+10]
  Bounds range     [0e+00, 0e+00]
  RHS range        [1e+00, 2e+02]
Warning: Model contains large objective coefficients
         Consider reformulating model or setting NumericFocus parameter
         to avoid numerical issues.
Found heuristic solution: objective 3.000000e+12
Presolve removed 250 rows and 0 columns
Presolve time: 0.01s
Presolved: 303 rows, 1563 columns, 6124 nonzeros
Variable types: 0 continuous, 1563 integer (1563 binary)
Found heuristic solution: objective 2.880000e+12

Root relaxation: objective 1.177000e+03, 1658 iterations, 0.07 seconds (0.09 work units)

    Nodes    |    Current Node    |     Objective Bounds      |     Work
 Expl Unexpl |  Obj  Depth IntInf | Incumbent    BestBd   Gap | It/Node Time

     0     0 1177.00000    0  264 2.8800e+12 1177.00000   100%     -    0s
H    0     0                    4.600000e+11 1177.00000   100%     -    0s
H    0     0                    3.800000e+11 1177.00000   100%     -    0s
H    0     0                    2.000000e+11 1177.00000   100%     -    0s
H    0     0                    1.900000e+11 1177.00000   100%     -    0s
     0     0 1178.00317    0  278 1.9000e+11 1178.00317   100%     -    0s
     0     0 1178.10919    0  289 1.9000e+11 1178.10919   100%     -    0s
     0     0 1178.51204    0  294 1.9000e+11 1178.51204   100%     -    0s
     0     0 1178.51301    0  292 1.9000e+11 1178.51301   100%     -    0s
     0     0 1178.59786    0  298 1.9000e+11 1178.59786   100%     -    0s
     0     0 1178.60645    0  300 1.9000e+11 1178.60645   100%     -    0s
     0     0 1178.60688    0  299 1.9000e+11 1178.60688   100%     -    0s
     0     0 1178.62843    0  300 1.9000e+11 1178.62843   100%     -    0s
     0     0 1178.62964    0  299 1.9000e+11 1178.62964   100%     -    0s
     0     0 1178.63159    0  298 1.9000e+11 1178.63159   100%     -    0s
     0     0 1178.64931    0  296 1.9000e+11 1178.64931   100%     -    0s
H    0     0                    1.300000e+11 1178.64931   100%     -    0s
H    0     0                    1.000000e+11 1178.65013   100%     -    0s
     0     2 1178.65013    0  296 1.0000e+11 1178.65013   100%     -    0s
H   68    80                    1.000000e+11 1180.30737   100%  75.8    0s
H   76    80                    9.000000e+10 1180.30737   100%  79.5    0s
H  121   124                    7.000000e+10 1180.30737   100%  79.9    0s
H  163   167                    6.000000e+10 1180.30737   100%  80.6    1s
* 1072  1102             104    4.000000e+10 1180.30737   100%  77.2    2s
H 1527  1370                    4.000000e+10 1180.30737   100%  75.9    3s
H 1569  1334                    2.000000e+10 1180.30737   100%  77.9    4s
  1762  1466 1252.17042   34  226 2.0000e+10 1180.30737   100%  78.1    5s
H 1767  1400                    1.999998e+10 1180.30737   100%  78.1    5s
  3147  2138 1218.89049   26  228 2.0000e+10 1180.90431   100%  80.2   10s
  8465  5973 4.2582e+08   45  228 2.0000e+10 1185.83702   100%  81.1   15s
 10046  7285 1220.66868   24  243 2.0000e+10 1186.33554   100%  79.9   20s
 14042 10730 6.9503e+09   63  221 2.0000e+10 1187.61586   100%  80.8   25s
H15915 11959                    1.999998e+10 1187.94974   100%  80.1   28s
 16192 12806 infeasible  112      2.0000e+10 1188.22197   100%  80.0   30s
 21816 16961 9.5289e+09   73  221 2.0000e+10 1189.42258   100%  80.5   35s
 26472 21053 1.6697e+10   39  218 2.0000e+10 1190.18697   100%  81.6   40s
 29286 22521 1190.95277   21  296 2.0000e+10 1190.67638   100%  81.2   50s
 29303 22532 1208.19608   29  314 2.0000e+10 1190.67638   100%  81.2   55s
 29315 22540 1.2163e+10   66  316 2.0000e+10 1190.67638   100%  81.2   60s
 29327 22548 5.8479e+09   72  323 2.0000e+10 1190.67638   100%  81.1   65s
 29338 22556 1.0000e+10   38  331 2.0000e+10 1190.67638   100%  81.1   70s
 29350 22564 1.0000e+10   48  333 2.0000e+10 1190.67638   100%  81.1   75s
 29362 22572 1218.89338   33  326 2.0000e+10 1190.67638   100%  81.0   80s
 29374 22580 1268.71482   37  322 2.0000e+10 1190.67638   100%  81.0   85s
 29387 22588 1.0000e+10   47  329 2.0000e+10 1190.67638   100%  81.0   90s
 29465 22649 1190.67638   30  262 2.0000e+10 1190.67638   100%  81.3   95s
 29958 22921 2.0747e+09   59  209 2.0000e+10 1190.67638   100%  81.2  100s
 33351 24698 3.2412e+09   54  227 2.0000e+10 1190.67638   100%  80.4  105s
 36606 26458 4.3850e+09   64  216 2.0000e+10 1190.67638   100%  79.3  110s
H37046 25435                    1.999998e+10 1190.67638   100%  79.1  110s
 40974 27661 5.8775e+09   69  248 2.0000e+10 1190.67638   100%  78.1  115s
 45157 29721 2.7804e+09   86  218 2.0000e+10 1190.67638   100%  77.0  120s
H46893 29278                    1.999998e+10 1190.67638   100%  76.9  121s
H48438 29141                    1.999998e+10 1190.67638   100%  76.7  124s
 48842 29837 1.0000e+10   58  229 2.0000e+10 1190.67638   100%  76.6  125s
 54616 32076 6.1542e+09   71  225 2.0000e+10 1190.67638   100%  75.8  130s
 58103 34312 1259.86121   46  217 2.0000e+10 1190.67638   100%  75.2  135s
 61818 35935 1194.61648   35  273 2.0000e+10 1190.67638   100%  74.6  140s
 64995 37101 1227.77195   43  255 2.0000e+10 1190.70799   100%  74.0  145s
 70668 40504 1199.48901   33  254 2.0000e+10 1191.15930   100%  73.3  150s
 74740 44297 1231.17413   44  247 2.0000e+10 1191.52564   100%  72.9  155s
 84526 47256 1.4789e+10   98  224 2.0000e+10 1192.25439   100%  71.7  160s
 94992 54923 1.3535e+10  104  223 2.0000e+10 1192.84731   100%  70.6  165s
H96770 47002                    1.000000e+10 1192.95092   100%  70.3  166s
 102003 51666 3.3703e+09   71  233 1.0000e+10 1193.32097   100%  69.8  170s
 110277 57599 1200.30020   31  264 1.0000e+10 1193.92417   100%  69.6  175s
 118148 63772 1.9312e+09   52  242 1.0000e+10 1194.33477   100%  69.0  180s
 126093 70620 1200.91517   34  265 1.0000e+10 1194.74684   100%  68.7  185s
 136926 79329 3.2686e+09   56  240 1.0000e+10 1195.34120   100%  68.2  190s
 145134 85371 1257.82857   50  219 1.0000e+10 1195.68805   100%  67.9  196s
 150557 89636 1202.68894   37  263 1.0000e+10 1195.87040   100%  67.6  200s
 160207 97208     cutoff   68      1.0000e+10 1196.24688   100%  67.6  205s
 169204 104707 infeasible   82      1.0000e+10 1196.60936   100%  67.4  210s
 178658 112502 4.6639e+08   53  234 1.0000e+10 1196.94081   100%  67.2  215s
 186212 117366 1206.39503   39  240 1.0000e+10 1197.19900   100%  67.1  220s
 195524 125334 1235.45172   38  247 1.0000e+10 1197.47162   100%  66.6  225s
 204295 131761     cutoff   52      1.0000e+10 1197.73638   100%  66.5  230s
 212936 138583 1212.57507   39  244 1.0000e+10 1197.96887   100%  66.2  235s
 220005 144057 1260.36780   52  235 1.0000e+10 1198.21658   100%  66.0  240s
 229018 151838 8.6913e+08   54  252 1.0000e+10 1198.44781   100%  65.7  245s
 237905 159396 infeasible   77      1.0000e+10 1198.70731   100%  65.4  250s
 246774 165980 5.5744e+08   54  238 1.0000e+10 1198.94577   100%  65.4  255s
 256436 172851 5.5895e+08   52  222 1.0000e+10 1199.17825   100%  65.2  260s
 267145 181795 1295.44947   48  229 1.0000e+10 1199.42686   100%  64.8  265s
 275264 188314 7.6216e+08   58  230 1.0000e+10 1199.61739   100%  64.8  270s
 285006 195994 1274.43915   46  248 1.0000e+10 1199.81216   100%  64.5  275s
 290809 200266 3.5463e+09   84  219 1.0000e+10 1199.91921   100%  64.5  280s
 301909 209033 1280.99403   48  220 1.0000e+10 1200.14334   100%  64.2  285s
 312351 217571 1269.04764   37  207 1.0000e+10 1200.40059   100%  64.0  290s
 317667 221824 1.0000e+10   51  235 1.0000e+10 1200.48651   100%  63.9  295s
 323699 226576 1.0000e+10   46  220 1.0000e+10 1200.60917   100%  63.9  300s
 331595 232545 6.8681e+08   63  231 1.0000e+10 1200.75882   100%  63.8  305s
 342683 240392 1211.79335   36  246 1.0000e+10 1200.94190   100%  63.8  311s
 351487 247339 1300.15512   46  208 1.0000e+10 1201.09654   100%  63.6  315s
 355585 249985 1.9122e+09   87  228 1.0000e+10 1201.16388   100%  63.7 1238s
 357765 252730 3.3190e+08   57  218 1.0000e+10 1201.21007   100%  63.6 1240s
 361086 254347 1287.37151   52  221 1.0000e+10 1201.26266   100%  63.7 2258s
 364753 257759 2.0293e+09   55  218 1.0000e+10 1201.32427   100%  63.6 2260s
 370304 262168 1298.79573   46  206 1.0000e+10 1201.42235   100%  63.5 2568s
 373799 264502 6.4690e+09   76  250 1.0000e+10 1201.47300   100%  63.5 2570s
 382991 271719 3.6121e+09   76  235 1.0000e+10 1201.63270   100%  63.5 2575s
*387103 98367              44    1343.0000000 1201.70397  10.5%  63.4 2578s
 387745 97731 1309.99195   49  316 1343.00000 1201.71337  10.5%  63.4 2580s
 387761 97741 1268.81585   50  324 1343.00000 1201.71337  10.5%  63.4 2585s
 387776 97751 1247.37610   51  322 1343.00000 1201.71337  10.5%  63.4 2590s
 387790 97761 1280.94235   47  322 1343.00000 1201.71337  10.5%  63.4 2595s
 387804 97770 1250.71023   53  327 1343.00000 1201.71337  10.5%  63.4 2600s
 387821 97781 1205.02291   41  321 1343.00000 1201.71337  10.5%  63.4 2605s
 387940 97870 1201.71337   43  268 1343.00000 1201.71337  10.5%  63.4 2610s
 392755 99632 1226.67721   53  248 1343.00000 1201.71337  10.5%  63.6 2615s
 401090 102035 1203.06242   53  250 1343.00000 1201.71337  10.5%  63.8 2620s
 414641 105138 1201.71337   46  253 1343.00000 1201.71337  10.5%  64.1 2625s
 426408 107630 1230.23715   57  242 1343.00000 1201.71337  10.5%  64.4 2630s
 439691 110206     cutoff   67      1343.00000 1201.71337  10.5%  64.7 2635s
 452273 112989 1298.27852   75  248 1343.00000 1201.71337  10.5%  65.0 2640s
 465264 115370 1217.17157   49  244 1343.00000 1201.71337  10.5%  65.2 2645s
 477784 118016 1204.47666   50  261 1343.00000 1201.71337  10.5%  65.5 2650s
 490866 120681 1328.87626   69  238 1343.00000 1201.71337  10.5%  65.8 2655s
 503568 123017     cutoff   66      1343.00000 1201.71337  10.5%  66.0 2660s
 515812 125131 1206.62227   50  245 1343.00000 1201.71337  10.5%  66.2 2665s
 529256 127367 1229.75626   52  241 1343.00000 1201.71337  10.5%  66.4 2670s
 541677 129683 1242.57742   55  236 1343.00000 1201.71337  10.5%  66.6 2675s
 553043 131667     cutoff   67      1343.00000 1201.90179  10.5%  66.8 2680s
 565637 133952 1232.72520   56  234 1343.00000 1202.36778  10.5%  67.0 2685s
 577758 135841 1288.30995   65  234 1343.00000 1202.78738  10.4%  67.1 2690s
 589048 137575 1216.01640   52  249 1343.00000 1203.16694  10.4%  67.3 2695s
 601523 139367 1246.40221   71  231 1343.00000 1203.53425  10.4%  67.4 2700s
 614255 140606 1285.87446   73  231 1343.00000 1203.93635  10.4%  67.6 2705s
 625110 142563 1282.90924   66  218 1343.00000 1204.24853  10.3%  67.7 2710s
 636946 144483     cutoff   71      1343.00000 1204.55106  10.3%  67.8 2715s
 648349 146290 1282.09055   60  229 1343.00000 1204.82888  10.3%  68.0 2720s
 659744 147746 1248.90511   66  223 1343.00000 1205.11345  10.3%  68.0 2725s
 672231 149694 infeasible   66      1343.00000 1205.40456  10.2%  68.2 2730s
 684445 152616 1276.61957   64  201 1343.00000 1205.68144  10.2%  68.3 2735s
 697393 158949 1272.30144   74  228 1343.00000 1205.96032  10.2%  68.4 2740s
 710166 164757 1263.96359   64  217 1343.00000 1206.24267  10.2%  68.5 2745s
 723177 170948     cutoff   58      1343.00000 1206.49806  10.2%  68.5 2750s
 735434 176904 1228.57529   58  243 1343.00000 1206.74310  10.1%  68.6 2755s
 747438 182386     cutoff   68      1343.00000 1206.97518  10.1%  68.7 2760s
 760142 188429 1232.89163   52  225 1343.00000 1207.22797  10.1%  68.8 2765s
 772754 194338 infeasible   63      1343.00000 1207.47687  10.1%  68.9 2770s
 783793 199526 1249.72001   62  232 1343.00000 1207.68909  10.1%  68.9 2775s
 796070 205131     cutoff   58      1343.00000 1207.89738  10.1%  69.0 2780s
 808673 211020 1281.91995   66  238 1343.00000 1208.09717  10.0%  69.0 2785s
 821628 216833 1241.90911   52  219 1343.00000 1208.31670  10.0%  69.1 2790s
 833600 222119 1251.29197   55  233 1343.00000 1208.50157  10.0%  69.2 2795s
 847373 228257 1223.34650   47  222 1343.00000 1208.71707  10.0%  69.2 2800s
 857784 232933 1337.87898   60  224 1343.00000 1208.86246  10.0%  69.3 2805s
 869309 237952 1239.65606   52  239 1343.00000 1209.02130  10.0%  69.3 2810s
 881395 243189 1228.53231   50  250 1343.00000 1209.19595  10.0%  69.4 2815s
 893991 248803 1272.98784   52  231 1343.00000 1209.35327  10.0%  69.5 2820s
 905911 254226 1223.08818   56  268 1343.00000 1209.52421  9.94%  69.6 2825s
 915743 258722     cutoff   65      1343.00000 1209.65220  9.93%  69.7 2830s
 927844 264170 1261.87750   65  218 1343.00000 1209.83053  9.92%  69.7 2835s
 938738 269049 1299.98409   56  214 1343.00000 1209.98417  9.90%  69.8 2840s
 951221 274636 1216.05031   51  264 1343.00000 1210.13497  9.89%  69.8 2845s
 964237 280194 1273.48299   64  211 1343.00000 1210.30475  9.88%  69.9 2850s
 976574 285513 1257.43707   52  218 1343.00000 1210.47855  9.87%  69.9 2855s
 988866 290562 1233.39686   55  236 1343.00000 1210.63335  9.86%  69.9 2860s
 1001734 296341 1237.38356   62  231 1343.00000 1210.78477  9.84%  70.0 2865s
 1012399 301044 1274.73328   62  203 1343.00000 1210.92223  9.83%  70.0 2870s
 1024963 306455 1243.07024   53  210 1343.00000 1211.07002  9.82%  70.1 2875s
 1037302 312315 1229.97465   62  216 1343.00000 1211.21473  9.81%  70.1 2880s
 1049442 317373     cutoff   58      1343.00000 1211.36289  9.80%  70.1 2885s
 1060222 322162     cutoff   62      1343.00000 1211.48438  9.79%  70.1 2890s
 1073275 327822 1263.54453   74  213 1343.00000 1211.62102  9.78%  70.2 2895s
 1084425 332278     cutoff   71      1343.00000 1211.74569  9.77%  70.2 2900s
 1096718 337452     cutoff   62      1343.00000 1211.88197  9.76%  70.2 2905s
 1109131 342653 1227.68396   56  224 1343.00000 1212.02409  9.75%  70.3 2910s
 1121086 347606 1268.57048   57  208 1343.00000 1212.15022  9.74%  70.3 2915s
 1131326 352123 1266.94763   56  233 1343.00000 1212.26188  9.73%  70.3 2920s
 1143417 357301 1264.31405   57  233 1343.00000 1212.39296  9.73%  70.4 2925s
 1155654 362126 1220.64384   58  209 1343.00000 1212.52242  9.72%  70.4 2930s
 1166706 367154 1224.86455   61  236 1343.00000 1212.64208  9.71%  70.5 2935s
 1180073 372380 1326.01230   65  203 1343.00000 1212.77582  9.70%  70.5 2940s
 1191932 377194 1249.54809   60  224 1343.00000 1212.89755  9.69%  70.5 2945s
 1203935 382112 1220.50836   56  261 1343.00000 1213.01394  9.68%  70.5 2950s
 1215589 386996 1261.62905   64  253 1343.00000 1213.13504  9.67%  70.6 2955s
 1227563 391709     cutoff   76      1343.00000 1213.24584  9.66%  70.6 2960s
 1240001 396649 1252.89037   57  221 1343.00000 1213.37255  9.65%  70.6 2965s
 1250364 400953 1232.94538   54  237 1343.00000 1213.46975  9.64%  70.6 2970s
 1262226 405781 1275.76909   46  222 1343.00000 1213.57232  9.64%  70.7 2975s
*1268436 406942              82    1333.0000000 1213.61227  8.96%  70.7 2977s
 1274884 409825 1313.59251   64  228 1333.00000 1213.68434  8.95%  70.7 2980s
 1286652 414811 1229.19779   53  246 1333.00000 1213.79014  8.94%  70.7 2985s
 1297428 419487 1268.83299   67  248 1333.00000 1213.88370  8.94%  70.7 2990s
 1310219 424618 1281.41832   62  219 1333.00000 1213.99985  8.93%  70.7 2995s
 1320477 428652 1318.19349   60  228 1333.00000 1214.09501  8.92%  70.7 3000s
 1332726 433618     cutoff   64      1333.00000 1214.20129  8.91%  70.7 3005s
*1333075 376081              65    1277.0000000 1214.20207  4.92%  70.7 3005s
 1345406 379821 1274.46293   61  213 1277.00000 1214.33227  4.91%  70.7 3010s
 1358878 384029 1224.04925   55  238 1277.00000 1214.47699  4.90%  70.6 3015s
 1372290 388371     cutoff   50      1277.00000 1214.60916  4.89%  70.5 3020s
 1386923 392709 1234.49966   63  245 1277.00000 1214.75566  4.87%  70.5 3025s
 1398989 396476     cutoff   68      1277.00000 1214.86833  4.87%  70.4 3030s
 1413559 401097     cutoff   61      1277.00000 1215.01261  4.85%  70.3 3035s
 1425948 405096 1247.39562   64  250 1277.00000 1215.13824  4.84%  70.3 3040s
 1440682 409586 1262.00263   54  243 1277.00000 1215.26332  4.83%  70.2 3045s
 1454106 413595 1238.66228   54  230 1277.00000 1215.38785  4.82%  70.2 3050s
 1467782 417605 1257.21635   68  236 1277.00000 1215.50950  4.82%  70.1 3055s
 1479580 421198 1240.67936   63  242 1277.00000 1215.62118  4.81%  70.0 3060s
 1493000 425277     cutoff   62      1277.00000 1215.74185  4.80%  70.0 3065s
 1507584 429502 1238.36509   56  216 1277.00000 1215.87104  4.79%  69.9 3070s
 1518980 432750 1230.19994   55  242 1277.00000 1215.97510  4.78%  69.9 3075s
 1526312 435147 1224.91702   62  240 1277.00000 1216.03612  4.77%  69.9 3080s
 1536339 438174 1216.89201   56  253 1277.00000 1216.11886  4.77%  69.8 3085s
 1550540 442112 1219.75656   49  243 1277.00000 1216.24373  4.76%  69.8 3090s
 1562684 445667 1252.90728   57  249 1277.00000 1216.33736  4.75%  69.8 3095s
 1575536 449118 1258.44033   55  233 1277.00000 1216.43676  4.74%  69.8 3100s
 1587457 452649 1233.70337   55  257 1277.00000 1216.53583  4.73%  69.7 3105s
 1598187 455644 1250.92143   65  243 1277.00000 1216.61958  4.73%  69.7 3110s
 1610840 459341 1257.19957   55  242 1277.00000 1216.73001  4.72%  69.7 3115s
 1622304 462608 1242.81342   73  220 1277.00000 1216.82454  4.71%  69.7 3120s
 1634644 466131 1246.05631   55  240 1277.00000 1216.91731  4.70%  69.6 3125s
 1647705 469855 1246.37851   54  241 1277.00000 1217.01463  4.70%  69.6 3130s
 1660023 473218 1262.43398   57  223 1277.00000 1217.10991  4.69%  69.6 3135s
 1672946 477050 1229.15585   61  227 1277.00000 1217.21541  4.68%  69.6 3140s
 1686235 480481 1249.78078   60  247 1277.00000 1217.31439  4.67%  69.5 3145s
 1696586 483485 1236.91726   60  233 1277.00000 1217.39375  4.67%  69.5 3150s
 1704583 485775 1239.10492   55  220 1277.00000 1217.45150  4.66%  69.5 3155s
 1717894 489331 1258.02715   57  221 1277.00000 1217.55206  4.66%  69.5 3160s
 1731423 493087 1233.71907   66  256 1277.00000 1217.65662  4.65%  69.4 3165s
 1743094 496210 1253.16964   65  231 1277.00000 1217.74142  4.64%  69.4 3170s
*1753207 85950              68    1227.0000000 1217.81972  0.75%  69.4 3174s
 1754335 85202     cutoff   59      1227.00000 1217.82919  0.75%  69.4 3175s
 1764161 80185     cutoff   54      1227.00000 1218.37653  0.70%  69.3 3180s
 1778807 72252 1222.51643   49  235 1227.00000 1219.25127  0.63%  69.2 3185s
 1790326 65189 1221.96442   59  247 1227.00000 1220.00291  0.57%  69.0 3190s
 1804717 55275     cutoff   55      1227.00000 1220.96559  0.49%  68.8 3195s
 1822341 41301     cutoff   57      1227.00000 1222.24720  0.39%  68.5 3200s
 1841874 23608     cutoff   57      1227.00000 1223.77557  0.26%  68.1 3205s

Cutting planes:
  Clique: 9
  Flow cover: 2
  Inf proof: 17
  Zero half: 38

Explored 1868596 nodes (125820553 simplex iterations) in 3209.03 seconds (2190.00 work units)
Thread count was 8 (of 8 available processors)

Solution count 10: 1227 1277 1333 ... 2e+10

Optimal solution found (tolerance 1.00e-04)
Best objective 1.227000000000e+03, best bound 1.227000000000e+03, gap 0.0000%
