
Gurobi 11.0.1 (mac64[arm]) logging started Fri Feb 14 08:57:30 2025

Set parameter LogFile to value "logs_new/salida_modelo_caminos_340_567_5.log"
Set parameter TimeLimit to value 7200
Gurobi Optimizer version 11.0.1 build v11.0.1rc0 (mac64[arm] - Darwin 24.3.0 24D60)

CPU model: Apple M2
Thread count: 8 physical cores, 8 logical processors, using up to 8 threads

Optimize a model with 593 rows, 1862 columns and 7860 nonzeros
Coefficient statistics:
  Matrix range     [1e+00, 1e+00]
  Objective range  [2e+00, 1e+10]
  Bounds range     [0e+00, 0e+00]
  RHS range        [1e+00, 2e+02]
Warning: Model contains large objective coefficients
         Consider reformulating model or setting NumericFocus parameter
         to avoid numerical issues.

Solved in 0 iterations and 0.00 seconds (0.00 work units)
Optimal objective  1.300000000e+03
Gurobi Optimizer version 11.0.1 build v11.0.1rc0 (mac64[arm] - Darwin 24.3.0 24D60)

CPU model: Apple M2
Thread count: 8 physical cores, 8 logical processors, using up to 8 threads

Optimize a model with 593 rows, 1862 columns and 7860 nonzeros
Model fingerprint: 0xc4176bd3
Variable types: 0 continuous, 1862 integer (1862 binary)
Coefficient statistics:
  Matrix range     [1e+00, 1e+00]
  Objective range  [2e+00, 1e+10]
  Bounds range     [0e+00, 0e+00]
  RHS range        [1e+00, 2e+02]
Warning: Model contains large objective coefficients
         Consider reformulating model or setting NumericFocus parameter
         to avoid numerical issues.
Found heuristic solution: objective 3.400000e+12
Presolve removed 250 rows and 0 columns
Presolve time: 0.03s
Presolved: 343 rows, 1862 columns, 7547 nonzeros
Variable types: 0 continuous, 1862 integer (1862 binary)
Found heuristic solution: objective 3.330000e+12

Root relaxation: objective 1.300000e+03, 1914 iterations, 0.07 seconds (0.13 work units)

    Nodes    |    Current Node    |     Objective Bounds      |     Work
 Expl Unexpl |  Obj  Depth IntInf | Incumbent    BestBd   Gap | It/Node Time

     0     0 1300.00000    0  260 3.3300e+12 1300.00000   100%     -    0s
H    0     0                    7.000000e+11 1300.00000   100%     -    0s
H    0     0                    4.600000e+11 1300.00000   100%     -    0s
H    0     0                    3.000000e+11 1300.00000   100%     -    0s
H    0     0                    2.900000e+11 1300.00000   100%     -    0s
H    0     0                    2.800000e+11 1300.00000   100%     -    0s
     0     0 1300.40616    0  311 2.8000e+11 1300.40616   100%     -    0s
     0     0 1302.00000    0  309 2.8000e+11 1302.00000   100%     -    0s
     0     0 1302.00000    0  320 2.8000e+11 1302.00000   100%     -    0s
H    0     0                    2.700000e+11 1302.00000   100%     -    0s
     0     0 1302.00000    0  305 2.7000e+11 1302.00000   100%     -    0s
     0     0 1302.00000    0  305 2.7000e+11 1302.00000   100%     -    0s
H    0     0                    2.600000e+11 1302.00000   100%     -    0s
     0     2 1302.00000    0  305 2.6000e+11 1302.00000   100%     -    0s
H   31    40                    2.500000e+11 1302.00000   100%   168    0s
H   32    40                    2.400000e+11 1302.00000   100%   163    0s
H   67    76                    2.300000e+11 1302.46015   100%   150    0s
H   68    76                    2.300000e+11 1302.46015   100%   147    0s
H   69    76                    2.100000e+11 1302.46015   100%   148    0s
H   70    76                    1.900000e+11 1302.46015   100%   149    0s
H  110   119                    1.900000e+11 1303.02463   100%   138    1s
H  111   119                    1.800000e+11 1303.02463   100%   136    1s
H  112   119                    1.700000e+11 1303.02464   100%   135    1s
H  113   119                    1.400000e+11 1303.02464   100%   135    1s
H  169   178                    1.400000e+11 1303.03259   100%   131    1s
H  252   264                    1.400000e+11 1303.03259   100%   117    2s
H  256   264                    1.300000e+11 1303.03259   100%   116    2s
H  259   264                    1.200000e+11 1303.03259   100%   115    2s
H 1532  1548                    1.100000e+11 1303.03259   100%  99.2    4s
H 1534  1548                    1.000000e+11 1303.03259   100%  99.2    4s
  1606  1677 2.8017e+10  122  218 1.0000e+11 1303.03259   100%  98.6    5s
H 2503  2318                    9.000000e+10 1303.24558   100%  94.9    6s
  2687  2449 1367.47790   31  295 9.0000e+10 1303.24558   100%  97.6   11s
  4360  3476 1.0049e+09   61  263 9.0000e+10 1303.24558   100%  95.2   15s
  6510  4725 1.0917e+10   64  234 9.0000e+10 1303.24558   100%  97.3   20s
  8976  6257     cutoff  139      9.0000e+10 1303.24558   100%  96.9   25s
H10428  7039                    8.000000e+10 1303.37626   100%  95.7   31s
 13507 10722 2.0314e+10   78  248 8.0000e+10 1306.02879   100%  93.4   35s
 19099 14609 4.9631e+10  140  251 8.0000e+10 1307.27737   100%  86.5   40s
 24284 19112 1332.94218   31  289 8.0000e+10 1307.89452   100%  81.6   45s
 30289 24336 1320.07593   30  305 8.0000e+10 1308.58303   100%  80.0   59s
 30293 24339 3.1923e+10  120  309 8.0000e+10 1308.58303   100%  80.0   60s
H30297 23123                    7.000000e+10 1308.58303   100%  80.0   62s
 30372 23182 1308.58303   29  311 7.0000e+10 1308.58303   100%  80.3   65s
H30447 22075                    7.000000e+10 1308.58303   100%  80.4   65s
H30490 21000                    7.000000e+10 1308.58303   100%  80.4   65s
 30812 21245 8.5834e+09   64  260 7.0000e+10 1308.58303   100%  80.8   70s
H31365 20433                    6.999998e+10 1308.58303   100%  81.2   71s
H32337 20041                    6.999997e+10 1308.58303   100%  81.8   73s
H32606 19169                    6.999996e+10 1308.58303   100%  81.9   74s
 32695 19318 1394.33829   52  259 7.0000e+10 1308.58303   100%  81.9   75s
H34306 19192                    6.999996e+10 1308.58303   100%  82.4   78s
 35102 19855 3.6191e+10   81  227 7.0000e+10 1308.58303   100%  82.7   80s
H35795 19237                    6.999996e+10 1308.58303   100%  83.1   81s
H35810 18424                    6.999996e+10 1308.58303   100%  83.1   81s
 37027 19311 4.1452e+10   86  265 7.0000e+10 1308.58303   100%  83.8   85s
 37649 19442 4.2739e+10   72  248 7.0000e+10 1308.58303   100%  84.1   90s
H39415 19692                    6.999996e+10 1308.58303   100%  84.5   93s
 40171 20309 8.6224e+09   75  289 7.0000e+10 1308.58303   100%  84.6   95s
 42160 21032 2.9100e+10  109  273 7.0000e+10 1308.58303   100%  84.7  101s
H42162 19787                    6.000000e+10 1308.58303   100%  84.7  101s
H42261 18326                    5.000000e+10 1308.58303   100%  84.8  102s
 44456 20298     cutoff   98      5.0000e+10 1308.58303   100%  84.9  105s
H48621 18096                    3.000000e+10 1308.58303   100%  85.0  109s
 49301 19200 2.1256e+10   71  269 3.0000e+10 1308.58303   100%  85.0  110s
 55166 22324     cutoff   80      3.0000e+10 1308.58303   100%  85.2  115s
 60912 26222 2.1801e+10  100  258 3.0000e+10 1308.58303   100%  85.2  120s
 63107 25709 1.4292e+10   97  258 3.0000e+10 1308.58303   100%  85.0  125s
 69535 30228 infeasible  126      3.0000e+10 1309.08824   100%  84.0  130s
H70844 30643                    3.000000e+10 1309.14109   100%  83.9  134s
 71916 31954 1.1014e+10   73  284 3.0000e+10 1309.19316   100%  83.7  135s
 77608 37772 1405.33030   48  270 3.0000e+10 1309.64338   100%  82.7  140s
 87540 45381 1.0669e+10   76  272 3.0000e+10 1310.27419   100%  80.8  145s
 95014 51642 2.6149e+10  133  271 3.0000e+10 1310.56484   100%  79.6  150s
H97142 53188                    3.000000e+10 1310.68519   100%  79.1  152s
 98697 55204 6.2571e+09   76  271 3.0000e+10 1310.72666   100%  78.7  155s
 109742 64947 1.6539e+10  114  279 3.0000e+10 1311.18945   100%  76.5  160s
 119314 73016 1356.60272   46  282 3.0000e+10 1311.52894   100%  74.9  165s
 128874 81365 1.7436e+10  134  252 3.0000e+10 1311.82525   100%  73.4  170s
 130114 82022 1315.51325   33  284 3.0000e+10 1311.85477   100%  73.1  175s
 139570 90181 2.1543e+10  111  253 3.0000e+10 1312.16526   100%  71.9  180s
 149658 100194 1424.00186   58  290 3.0000e+10 1312.43391   100%  70.8  185s
 160400 107759 1.1441e+10   93  270 3.0000e+10 1312.73597   100%  69.3  190s
 171175 117591 1.3654e+09   63  264 3.0000e+10 1313.08506   100%  68.2  195s
 181287 125761 1.5420e+10   45  260 3.0000e+10 1313.33110   100%  67.3  200s
 191928 135229 1362.37180   54  264 3.0000e+10 1313.54966   100%  66.6  205s
 202706 143840 4.9851e+09  105  242 3.0000e+10 1313.75574   100%  65.6  210s
 213239 153344 9.5277e+08   65  292 3.0000e+10 1313.93377   100%  64.9  215s
H223903 162611                    2.999999e+10 1314.12715   100%  64.5  221s
 232165 169470 1.8019e+10  145  266 3.0000e+10 1314.26548   100%  64.0  225s
 241478 177259 1.8476e+09   72  277 3.0000e+10 1314.44138   100%  63.6  230s
 252029 186363 infeasible  142      3.0000e+10 1314.60628   100%  62.8  235s
 261461 194046 1330.72955   40  290 3.0000e+10 1314.75974   100%  62.4  240s
 270231 201001 1450.15825   72  279 3.0000e+10 1314.89091   100%  62.1  247s
H270234 201001                    2.999999e+10 1314.89091   100%  62.1  247s
 274062 205296 1382.56177   46  279 3.0000e+10 1314.92696   100%  61.9  250s
 286379 215665 5.8298e+09   76  259 3.0000e+10 1315.11922   100%  61.4  255s
 298273 226615 1403.51829   51  273 3.0000e+10 1315.26289   100%  60.9  260s
 309877 235918 1.9421e+09   78  278 3.0000e+10 1315.41883   100%  60.4  265s
 319616 243684 1.0164e+10   50  269 3.0000e+10 1315.56899   100%  60.0  270s
 327148 250160 1330.04805   38  285 3.0000e+10 1315.66078   100%  59.9  275s
 338694 259927     cutoff  116      3.0000e+10 1315.80396   100%  59.5  280s
 340155 261384 1365.21708   42  286 3.0000e+10 1315.81867   100%  59.5  285s
 353710 272833 1.4934e+10  101  261 3.0000e+10 1316.02406   100%  59.0  290s
 366606 284003 1428.44603   63  277 3.0000e+10 1316.15799   100%  58.5  295s
 374712 290656 1.0000e+10   63  270 3.0000e+10 1316.25558   100%  58.4  300s
 381505 296571 1342.76784   47  280 3.0000e+10 1316.31305   100%  58.2  305s
 393855 306844 2.0110e+10  116  270 3.0000e+10 1316.45110   100%  57.8  310s
 401916 313734 2.7044e+10   85  260 3.0000e+10 1316.55111   100%  57.8  315s
 411814 322218 1.1793e+09   56  270 3.0000e+10 1316.64262   100%  57.6  320s
 422134 330087 1326.56835   40  292 3.0000e+10 1316.74016   100%  57.4  325s
 429182 336305 1365.11190   39  279 3.0000e+10 1316.80768   100%  57.2  330s
 432685 345949 4.9043e+09   80  266 3.0000e+10 1316.83087   100%  57.2  335s
 451970 356346 6.1547e+09   94  259 3.0000e+10 1317.00586   100%  56.8  340s
 461233 363689 1370.07396   43  287 3.0000e+10 1317.08439   100%  56.5  345s
 465688 368403 1.1011e+09   60  283 3.0000e+10 1317.13736   100%  56.4  350s
 480034 380623 7.1950e+09  104  256 3.0000e+10 1317.26676   100%  56.1  355s
 489382 388380 1360.48804   50  275 3.0000e+10 1317.35635   100%  56.0  360s
 500809 398220 1.5318e+09   91  266 3.0000e+10 1317.43721   100%  55.8  365s
 508529 403804 1.0000e+10   64  257 3.0000e+10 1317.50067   100%  55.7  370s
 515281 410446 6.3444e+09   76  256 3.0000e+10 1317.55976   100%  55.6  375s
 526602 419326 1399.83237   63  270 3.0000e+10 1317.64761   100%  55.4  380s
 536807 427880 1.1363e+10   51  279 3.0000e+10 1317.72970   100%  55.3  385s
 546668 436082 1330.11137   38  299 3.0000e+10 1317.80599   100%  55.2  390s
 557130 445427 1343.21692   38  283 3.0000e+10 1317.87602   100%  55.1  395s
 569441 455775 1331.48480   35  287 3.0000e+10 1317.97975   100%  55.0  400s
 582641 467411 1398.45050   63  285 3.0000e+10 1318.08443   100%  54.8  405s
 591529 474341 8.4307e+09  105  286 3.0000e+10 1318.14764   100%  54.7  410s
 597295 479683 1329.47825   37  300 3.0000e+10 1318.19511   100%  54.6  415s
 604706 485372 1.7395e+10  155  246 3.0000e+10 1318.26147   100%  54.6  420s
 616965 496674 1333.59972   43  295 3.0000e+10 1318.35220   100%  54.5  425s
 632410 510039 1.2933e+10  122  277 3.0000e+10 1318.45223   100%  54.2  430s
 635908 512657 1361.20093   36  273 3.0000e+10 1318.46677   100%  54.1  435s
 649160 524507 1350.31521   50  299 3.0000e+10 1318.55489   100%  54.0  440s
 661564 535059 1.2128e+10   75  283 3.0000e+10 1318.62156   100%  53.9  445s
 672853 544247 1332.82918   38  281 3.0000e+10 1318.70029   100%  53.7  450s
 684797 555356 1412.76166   55  265 3.0000e+10 1318.78446   100%  53.6  455s
H686603 555444                    2.999999e+10 1318.78974   100%  53.6  456s
 689632 559082 3.1100e+09  122  259 3.0000e+10 1318.81254   100%  53.6  460s
 705101 571876 1370.22578   52  265 3.0000e+10 1318.90903   100%  53.4  465s
 713723 579362 2.1196e+10   98  253 3.0000e+10 1318.97048   100%  53.3  470s
 716530 580961 1382.24372   51  290 3.0000e+10 1318.98031   100%  53.3  475s
 721329 585584 1374.44647   54  278 3.0000e+10 1319.00589   100%  53.4  480s
 735483 597265 1340.06218   37  295 3.0000e+10 1319.08082   100%  53.2  485s
 744901 611025 1437.74603   64  284 3.0000e+10 1319.14890   100%  53.1  492s
 759746 618485 1421.88376   61  284 3.0000e+10 1319.23563   100%  53.0  495s
 770437 626627 1.5667e+10   83  259 3.0000e+10 1319.29493   100%  52.9  500s
 781989 636612     cutoff  108      3.0000e+10 1319.35628   100%  52.8  505s
 793694 646392 2.3983e+10  125  248 3.0000e+10 1319.41349   100%  52.8  510s
 801305 652805 1.1729e+10   83  262 3.0000e+10 1319.45824   100%  52.8  515s
 808158 658044 1.9973e+10  119  261 3.0000e+10 1319.49411   100%  52.7  520s
 817870 667126 1343.50101   42  275 3.0000e+10 1319.54929   100%  52.7  525s
 830997 677489 5.9164e+08   76  283 3.0000e+10 1319.61608   100%  52.6  530s
 840109 685576     cutoff  132      3.0000e+10 1319.66749   100%  52.5  535s
 849085 693890 1330.21974   41  295 3.0000e+10 1319.71309   100%  52.4  540s
 856145 699353 1361.47772   55  280 3.0000e+10 1319.74356   100%  52.3  545s
 869070 711098 1.3657e+10  109  241 3.0000e+10 1319.81129   100%  52.2  550s
 877348 717430 4.2260e+09   88  269 3.0000e+10 1319.85549   100%  52.1  555s
 888230 726700 3.0915e+09   72  258 3.0000e+10 1319.91752   100%  52.1  560s
 896966 734701 1370.58280   54  274 3.0000e+10 1319.96116   100%  52.0  565s
 905443 740975 1.4468e+10  117  269 3.0000e+10 1320.00199   100%  52.0  570s
 909466 744397 1443.03908   47  247 3.0000e+10 1320.02217   100%  52.0  575s
 909474 750922 1427.99247   46  253 3.0000e+10 1320.02425   100%  52.0  580s
 927362 760177 1333.10138   37  287 3.0000e+10 1320.11398   100%  51.9  585s
 941368 772753 4.3147e+09   87  269 3.0000e+10 1320.17623   100%  51.8  590s
 951890 781619 1386.44154   46  284 3.0000e+10 1320.21326   100%  51.6  595s
 962469 790717 1.2246e+10  117  276 3.0000e+10 1320.25936   100%  51.6  600s
 971618 797958 1.2165e+10   97  267 3.0000e+10 1320.31237   100%  51.6  605s
 985752 810078 infeasible   68      3.0000e+10 1320.38434   100%  51.6  610s
 991920 815098 1347.82697   37  286 3.0000e+10 1320.41110   100%  51.5  615s
 1002320 823704 4.1665e+08   54  282 3.0000e+10 1320.45845   100%  51.4  620s
 1014690 833577 1366.84359   43  295 3.0000e+10 1320.51145   100%  51.4  626s
 1014725 840180 1353.47165   42  285 3.0000e+10 1320.51165   100%  51.4  630s
 1036370 852393 1358.16351   41  300 3.0000e+10 1320.61357   100%  51.3  635s
 1050155 863253 1334.45609   37  300 3.0000e+10 1320.66799   100%  51.2  643s
 1050221 863949 1343.61457   37  296 3.0000e+10 1320.67006   100%  51.2  645s
 1060756 876558 1.0000e+10   56  258 3.0000e+10 1320.73201   100%  51.2  650s
 1073927 884301 4.1393e+08   59  290 3.0000e+10 1320.78441   100%  51.2  655s
 1085221 894018 1341.07150   46  270 3.0000e+10 1320.83385   100%  51.1  660s
 1097981 904573 1344.79449   48  278 3.0000e+10 1320.89052   100%  51.1  665s
 1105139 911411 1448.02137   50  291 3.0000e+10 1320.91566   100%  51.1  670s
 1117039 919857 6.5121e+08   52  289 3.0000e+10 1320.97190   100%  51.0  675s
 1127604 929476 1328.05683   39  272 3.0000e+10 1321.01385   100%  51.0  682s
 1135575 936684 1341.95117   51  271 3.0000e+10 1321.04482   100%  50.9  685s
 1143018 941909 1.3553e+10   73  252 3.0000e+10 1321.06715   100%  50.9  690s
 1152941 951365 6.4407e+09   65  276 3.0000e+10 1321.10592   100%  50.8  695s
 1162673 959852 1.8070e+10  116  258 3.0000e+10 1321.14569   100%  50.8  700s
 1175589 970730 1346.37968   49  281 3.0000e+10 1321.19718   100%  50.7  705s
 1187941 980389 1.3794e+10   62  275 3.0000e+10 1321.24369   100%  50.7  710s
 1199607 991326 1398.97508   48  273 3.0000e+10 1321.29724   100%  50.6  715s
 1210279 1000669 1352.81459   48  279 3.0000e+10 1321.34142   100%  50.6  720s
 1221746 1010086 1.6140e+09   64  276 3.0000e+10 1321.37842   100%  50.6  725s
 1232966 1020478 1377.92286   52  292 3.0000e+10 1321.41446   100%  50.5  730s
 1243200 1027634 2.0081e+09   96  243 3.0000e+10 1321.44577   100%  50.4  736s
 1250225 1034571 1353.99392   48  284 3.0000e+10 1321.47537   100%  50.4  740s
 1257461 1040550 2.2461e+10  127  268 3.0000e+10 1321.50003   100%  50.4  745s
 1272699 1053178 1.8223e+10  123  279 3.0000e+10 1321.55578   100%  50.3  750s
 1284426 1062607     cutoff  132      3.0000e+10 1321.59825   100%  50.3  755s
 1291846 1068888 1379.11856   47  274 3.0000e+10 1321.62960   100%  50.2  761s
 1295031 1072612 1449.24398   66  280 3.0000e+10 1321.63873   100%  50.2  765s
 1309844 1085160 1.1825e+09   58  275 3.0000e+10 1321.68671   100%  50.2  770s
 1321872 1095180 1452.75770   48  288 3.0000e+10 1321.72971   100%  50.1  775s
 1333531 1104955 1.0000e+10   58  256 3.0000e+10 1321.77465   100%  50.1  780s
 1338319 1108887 1402.45179   49  257 3.0000e+10 1321.78852   100%  50.1  785s
 1350403 1119861 1344.49736   45  288 3.0000e+10 1321.82881   100%  50.1  790s
 1362601 1129959 1481.40013   61  267 3.0000e+10 1321.86417   100%  50.0  795s
 1368132 1134476 1343.77203   47  269 3.0000e+10 1321.88484   100%  50.0  800s
 1379538 1144619 1.9643e+10  112  254 3.0000e+10 1321.93251   100%  50.0  805s
 1389537 1151978 2.0916e+10  116  282 3.0000e+10 1321.96829   100%  50.0  810s
 1403916 1164837 1.0515e+10  111  267 3.0000e+10 1322.01757   100%  49.9  815s
 1413524 1173510 1362.83564   51  290 3.0000e+10 1322.06030   100%  49.9  820s
 1418802 1176926 1475.16654   52  271 3.0000e+10 1322.08150   100%  49.9  825s
 1428153 1185869 9.8777e+09   76  271 3.0000e+10 1322.11357   100%  49.8  830s
 1442700 1197489 1355.33753   45  268 3.0000e+10 1322.16042   100%  49.7  835s
 1454135 1207062 1327.56757   40  281 3.0000e+10 1322.19480   100%  49.7  841s
 1459467 1212681 1.0000e+10   73  245 3.0000e+10 1322.21306   100%  49.7  845s
 1472618 1223048 1418.72406   54  270 3.0000e+10 1322.25317   100%  49.7  850s
 1480307 1229385 1387.54926   57  270 3.0000e+10 1322.27644   100%  49.6  856s
 1488439 1236134 1.0766e+10  124  278 3.0000e+10 1322.30415   100%  49.6  860s
 1500625 1247460 5.6830e+09   95  267 3.0000e+10 1322.34163   100%  49.6  865s
 1514780 1258693 1.4900e+09   79  277 3.0000e+10 1322.38057   100%  49.5  870s
 1522904 1265738 1416.38325   55  281 3.0000e+10 1322.40706   100%  49.5  876s
 1528106 1271126 1.7786e+09   71  252 3.0000e+10 1322.42600   100%  49.5  880s
 1539117 1280956 2.5019e+10  118  266 3.0000e+10 1322.46392   100%  49.5  885s
 1548869 1288856 1334.11978   44  290 3.0000e+10 1322.49836   100%  49.5  890s
 1562358 1300335 1437.04042   57  278 3.0000e+10 1322.54224   100%  49.4  895s
 1574095 1309632 1351.10831   46  280 3.0000e+10 1322.57858   100%  49.4  900s
 1586154 1320393 1.2898e+10   89  272 3.0000e+10 1322.60937   100%  49.4  905s
 1590605 1323879 1359.89011   49  268 3.0000e+10 1322.62065   100%  49.4  910s
 1601827 1332678 1.6709e+10   66  264 3.0000e+10 1322.64485   100%  49.3  916s
 1611743 1342379 1405.06161   43  267 3.0000e+10 1322.67651   100%  49.3  920s
 1626411 1354776 2.7469e+10   68  250 3.0000e+10 1322.71959   100%  49.2  925s
 1632952 1359354 1429.30880   53  270 3.0000e+10 1322.73652   100%  49.2  932s
 1632969 1359502 1.0000e+10   56  256 3.0000e+10 1322.73702   100%  49.2  935s
 1638392 1363866 1390.45638   45  279 3.0000e+10 1322.75229   100%  49.2  940s
 1651893 1375986 1387.90263   44  277 3.0000e+10 1322.78856   100%  49.2  945s
 1663421 1385387 1347.01781   42  272 3.0000e+10 1322.81620   100%  49.1  950s
 1667344 1389419     cutoff   76      3.0000e+10 1322.82414   100%  49.2  955s
 1679024 1398393 1357.05865   51  298 3.0000e+10 1322.85402   100%  49.1  960s
 1691898 1409967 1372.25789   46  296 3.0000e+10 1322.89288   100%  49.1  965s
 1703036 1418701 1345.04547   39  269 3.0000e+10 1322.92376   100%  49.1  970s
 1709493 1424311 1410.40333   48  279 3.0000e+10 1322.94467   100%  49.1  976s
 1716395 1431005 1.6792e+09   57  275 3.0000e+10 1322.96607   100%  49.1  980s
 1728012 1440724 4.0031e+08   65  274 3.0000e+10 1323.00320   100%  49.1  985s
 1742336 1451842 1414.61623   57  267 3.0000e+10 1323.04098   100%  49.0  991s
 1752878 1461792 1.9322e+09   63  251 3.0000e+10 1323.07015   100%  49.0  995s
 1762754 1470132 3.8029e+09   97  283 3.0000e+10 1323.09368   100%  49.0 1000s
 1775087 1481035 1.7818e+09   57  272 3.0000e+10 1323.12893   100%  48.9 1005s
 1786434 1489639 1.1393e+09   71  274 3.0000e+10 1323.15819   100%  48.9 1012s
 1790888 1493461 1.9883e+10   80  253 3.0000e+10 1323.17100   100%  48.9 1016s
 1800573 1502978 1457.11867   60  269 3.0000e+10 1323.19805   100%  48.8 1020s
 1811484 1511927     cutoff   69      3.0000e+10 1323.23066   100%  48.8 1025s
 1820905 1519727 2.5873e+10  121  261 3.0000e+10 1323.25350   100%  48.8 1030s
 1835379 1532332 2.2317e+10  109  255 3.0000e+10 1323.28944   100%  48.8 1035s
 1840473 1537095 2.0956e+10  121  263 3.0000e+10 1323.29949   100%  48.8 1040s
 1855557 1549736 2.9386e+09   74  272 3.0000e+10 1323.33974   100%  48.7 1045s
 1871300 1562170 1335.22477   46  284 3.0000e+10 1323.37481   100%  48.7 1050s
 1881240 1571547 1435.11974   43  277 3.0000e+10 1323.40176   100%  48.7 1055s
 1889034 1577202 1416.97010   55  278 3.0000e+10 1323.41849   100%  48.7 1060s
 1897913 1585951 8.2286e+08   66  265 3.0000e+10 1323.44362   100%  48.6 1065s
 1909782 1595981 1416.04563   62  286 3.0000e+10 1323.47314   100%  48.6 1070s
 1919504 1603500 1.0000e+10   52  260 3.0000e+10 1323.49550   100%  48.6 1075s
 1930611 1613232 2.5886e+09   60  252 3.0000e+10 1323.51882   100%  48.7 1080s
 1940433 1620105 9.5933e+08   72  295 3.0000e+10 1323.54894   100%  48.6 1086s
 1947024 1627197 1333.81994   44  294 3.0000e+10 1323.56584   100%  48.6 1090s
 1956163 1634139 1370.72103   46  275 3.0000e+10 1323.58394   100%  48.6 1095s
 1970085 1645140 2.2364e+09   57  297 3.0000e+10 1323.61611   100%  48.6 1101s
 1981885 1656071 1417.56444   48  271 3.0000e+10 1323.64475   100%  48.6 1105s
 1988927 1661309 2.0208e+10   95  263 3.0000e+10 1323.65661   100%  48.5 1110s
 1996887 1668489 1443.15713   47  289 3.0000e+10 1323.67602   100%  48.5 1115s
 2005540 1675391 1.7906e+10  159  261 3.0000e+10 1323.69851   100%  48.5 1120s
 2019436 1688455 1393.05220   49  271 3.0000e+10 1323.73475   100%  48.5 1125s
 2028758 1696537 6.2914e+09  123  267 3.0000e+10 1323.75795   100%  48.5 1130s
 2040713 1705649 3.9129e+09   84  284 3.0000e+10 1323.78452   100%  48.4 1135s
 2052610 1717303 1334.89080   45  292 3.0000e+10 1323.81547   100%  48.4 1140s
 2064689 1725687 1.0210e+10   55  261 3.0000e+10 1323.84588   100%  48.4 1145s
 2071193 1730890 3.2932e+09   85  292 3.0000e+10 1323.86238   100%  48.4 1150s
 2079456 1739164 1.2505e+10  122  261 3.0000e+10 1323.88646   100%  48.4 1155s
 2088914 1747266 1362.09382   52  273 3.0000e+10 1323.90861   100%  48.4 1160s
 2102521 1757591 1476.11917   56  265 3.0000e+10 1323.93891   100%  48.4 1166s
 2113858 1768590 1418.42596   60  284 3.0000e+10 1323.96873   100%  48.3 1170s
 2122785 1774856 1342.72093   43  289 3.0000e+10 1323.98866   100%  48.3 1177s
 2129351 1781430 1439.40078   58  271 3.0000e+10 1324.00341   100%  48.3 1180s
 2140979 1791183 7.5641e+09   95  293 3.0000e+10 1324.02720   100%  48.3 1185s
 2150803 1798462 1391.22751   48  291 3.0000e+10 1324.05008   100%  48.3 1190s
 2162151 1808089 1377.22009   49  256 3.0000e+10 1324.07584   100%  48.3 1195s
 2170967 1815506 2.3573e+09   68  295 3.0000e+10 1324.09634   100%  48.3 1200s
 2180085 1823318 1340.75141   46  290 3.0000e+10 1324.12063   100%  48.2 1205s
 2186170 1827977 1357.27004   55  282 3.0000e+10 1324.13230   100%  48.3 1210s
 2197091 1837962 2.1798e+09   78  269 3.0000e+10 1324.15599   100%  48.3 1215s
 2204360 1843333 1357.71925   45  277 3.0000e+10 1324.17405   100%  48.3 1221s
 2212628 1850066 1.2224e+10  130  279 3.0000e+10 1324.18865   100%  48.2 1227s
 2217661 1855490 2.0808e+09   68  283 3.0000e+10 1324.20037   100%  48.2 1230s
 2226874 1862982 1340.90658   46  268 3.0000e+10 1324.21840   100%  48.2 1235s
 2238002 1872750 1.0229e+09   49  283 3.0000e+10 1324.24187   100%  48.2 1240s
 2249810 1883083 1342.57396   42  280 3.0000e+10 1324.26755   100%  48.2 1245s
 2258677 1889840 1395.16184   48  264 3.0000e+10 1324.28629   100%  48.2 1250s
 2264225 1894966 1331.66000   42  294 3.0000e+10 1324.29970   100%  48.2 1255s
 2275041 1903779 1.8421e+08   42  274 3.0000e+10 1324.32298   100%  48.2 1260s
 2282370 1910056 2.1507e+10   86  241 3.0000e+10 1324.33953   100%  48.2 1265s
 2294828 1919761 1453.79317   58  268 3.0000e+10 1324.36639   100%  48.2 1270s
 2301175 1925038 1333.79105   41  263 3.0000e+10 1324.37870   100%  48.1 1275s
 2313679 1936632 7.2698e+09   75  270 3.0000e+10 1324.40755   100%  48.1 1280s
 2321056 1941977 2.5387e+10  121  283 3.0000e+10 1324.42214   100%  48.1 1285s
 2323935 1945654 2.2031e+09   54  266 3.0000e+10 1324.42727   100%  48.1 1290s
 2339508 1958871 1.9100e+10   93  256 3.0000e+10 1324.45487   100%  48.1 1295s
 2350678 1967492 1333.31387   41  290 3.0000e+10 1324.47448   100%  48.1 1301s
 2361280 1977800 1.4183e+10  101  267 3.0000e+10 1324.49868   100%  48.1 1305s
 2371954 1986756 1381.73712   50  266 3.0000e+10 1324.51932   100%  48.0 2298s
 2373429 1988147 1333.94224   42  281 3.0000e+10 1324.52183   100%  48.0 2300s
 2384431 1996593 1339.69229   41  275 3.0000e+10 1324.53959   100%  48.0 3376s
 2392779 2004947 1.0465e+10  108  274 3.0000e+10 1324.55816   100%  48.0 3380s
 2395332 2006752 7.4771e+09   92  275 3.0000e+10 1324.56429   100%  48.0 4244s
 2397703 2008723 1359.61171   49  281 3.0000e+10 1324.56946   100%  48.0 4245s
 2408082 2018116 1.4958e+10   87  270 3.0000e+10 1324.59415   100%  48.0 4250s
 2412787 2020846 1.3801e+10  110  274 3.0000e+10 1324.59855   100%  48.0 4255s
 2425480 2032829 1.8584e+10  100  282 3.0000e+10 1324.62583   100%  47.9 4260s
 2435731 2041733 1333.99697   39  293 3.0000e+10 1324.64544   100%  47.9 4265s
 2447804 2050882 1416.79129   52  270 3.0000e+10 1324.66656   100%  47.9 4270s
 2460086 2061682 1.3788e+10   73  275 3.0000e+10 1324.68720   100%  47.9 4275s
 2468413 2068532 1.2816e+10   98  267 3.0000e+10 1324.70496   100%  47.9 4280s
 2481494 2080236 1432.68727   63  275 3.0000e+10 1324.73425   100%  47.9 4285s
 2485641 2082878 1362.51514   55  294 3.0000e+10 1324.74169   100%  47.9 4290s
 2499574 2094850 1360.20476   53  284 3.0000e+10 1324.76961   100%  47.8 4296s
 2511467 2105036 2.0606e+08   54  255 3.0000e+10 1324.78943   100%  47.8 4301s
 2523034 2115734 1.7416e+10   96  273 3.0000e+10 1324.80991   100%  47.8 4305s
 2533839 2125015 1.7567e+10   97  239 3.0000e+10 1324.82835   100%  47.8 4310s
 2545147 2133626 1449.97751   57  272 3.0000e+10 1324.85117   100%  47.8 4316s
H2547873 2136035                    2.999999e+10 1324.85465   100%  47.8 4319s
 2548025 2137073 1.0217e+10  119  268 3.0000e+10 1324.85654   100%  47.8 4320s
 2562926 2148902 9.8323e+08   54  251 3.0000e+10 1324.88267   100%  47.7 4325s
 2576044 2160739 2.6816e+10   67  255 3.0000e+10 1324.91083   100%  47.7 4330s
 2585854 2169436 2.3354e+10  103  291 3.0000e+10 1324.93259   100%  47.7 4335s
 2600349 2181551 5.5425e+08   56  285 3.0000e+10 1324.95561   100%  47.7 4340s
 2612678 2192369 1463.43613   77  289 3.0000e+10 1324.97777   100%  47.6 4345s
 2620618 2198641 1357.68588   42  281 3.0000e+10 1324.99630   100%  47.6 4350s
 2628567 2211270 1357.46802   36  282 3.0000e+10 1325.00839   100%  47.6 4356s
 2643223 2218534 1415.95364   59  258 3.0000e+10 1325.03868   100%  47.6 4360s
 2655858 2228765 1369.18822   40  280 3.0000e+10 1325.06613   100%  47.6 4365s
 2660613 2232869 1349.60399   43  286 3.0000e+10 1325.07412   100%  47.6 4370s
 2673457 2244503 1493.43424   60  289 3.0000e+10 1325.10121   100%  47.6 4375s
 2686251 2253705 1.5434e+10  139  270 3.0000e+10 1325.12244   100%  47.5 4380s
 2698024 2264949 2.1177e+08   74  271 3.0000e+10 1325.14815   100%  47.5 4385s
 2709082 2274225 1330.01992   41  293 3.0000e+10 1325.17097   100%  47.5 4390s
 2724872 2286214 7.9327e+09   96  263 3.0000e+10 1325.19926   100%  47.5 4396s
 2734132 2295098 1.2281e+10   58  256 3.0000e+10 1325.21655   100%  47.5 4400s
 2746535 2304396 2.6932e+09  101  284 3.0000e+10 1325.24174   100%  47.5 4406s
 2756502 2313847 1374.88056   44  291 3.0000e+10 1325.25948   100%  47.5 4410s
 2765706 2321586 1402.51058   60  280 3.0000e+10 1325.27798   100%  47.5 4415s
 2775294 2328553 1442.01311   55  282 3.0000e+10 1325.29028   100%  47.5 4421s
 2785468 2338013 2.6290e+09   80  273 3.0000e+10 1325.31159   100%  47.5 4425s
 2798008 2347897 1417.52903   52  257 3.0000e+10 1325.33149   100%  47.5 4430s
 2812266 2360789 1348.66123   46  271 3.0000e+10 1325.35476   100%  47.4 4435s
 2817875 2364834 1376.36173   56  292 3.0000e+10 1325.36267   100%  47.4 4440s
 2825649 2372449 1363.97303   53  287 3.0000e+10 1325.37981   100%  47.4 4445s
 2836931 2381605 1375.88010   38  277 3.0000e+10 1325.39813   100%  47.4 4450s
 2848617 2391533 2.8470e+09   38  267 3.0000e+10 1325.41838   100%  47.4 4455s
 2861099 2402605 4.2686e+09   88  266 3.0000e+10 1325.44203   100%  47.4 4460s
 2875496 2414905 1.0710e+10   78  277 3.0000e+10 1325.46993   100%  47.4 4465s
 2884657 2423043 2.6883e+10   71  272 3.0000e+10 1325.48877   100%  47.4 4470s
 2900260 2435478 2.3575e+10  131  254 3.0000e+10 1325.51565   100%  47.3 4475s
 2906730 2441621 2.1145e+10  137  272 3.0000e+10 1325.52455   100%  47.3 4480s
 2920068 2451960     cutoff  112      3.0000e+10 1325.54995   100%  47.3 4485s
 2932682 2463016 3.0313e+09   49  276 3.0000e+10 1325.56997   100%  47.3 4491s
 2939633 2468346 8.7285e+08   62  277 3.0000e+10 1325.58056   100%  47.3 4496s
 2947987 2475035 1379.01629   47  284 3.0000e+10 1325.59533   100%  47.3 4500s
 2961197 2487290 1356.84526   48  271 3.0000e+10 1325.61986   100%  47.3 4505s
 2972970 2497576 2.1562e+09   61  269 3.0000e+10 1325.64139   100%  47.3 4510s
 2987125 2509125 1377.86771   46  264 3.0000e+10 1325.66662   100%  47.3 4515s
 2991016 2511509 1442.86222   48  280 3.0000e+10 1325.67248   100%  47.3 4521s
 2998518 2518889 1352.41061   45  259 3.0000e+10 1325.68843   100%  47.3 4525s
 3013957 2530706 1.6181e+09   66  263 3.0000e+10 1325.71367   100%  47.2 4530s
 3023584 2539768     cutoff   67      3.0000e+10 1325.73014   100%  47.3 4535s
 3036957 2550076 1335.27382   39  287 3.0000e+10 1325.75557   100%  47.2 4541s
 3046442 2559048 1328.55475   42  280 3.0000e+10 1325.77036   100%  47.2 4545s
 3059788 2569370 2.0000e+10   64  262 3.0000e+10 1325.79430   100%  47.2 4550s
 3070873 2579376 1334.16063   45  306 3.0000e+10 1325.81089   100%  47.2 4555s
 3080425 2587896 1374.95180   65  278 3.0000e+10 1325.82665   100%  47.2 4560s
 3087736 2593098 1378.33173   48  276 3.0000e+10 1325.83855   100%  47.2 4566s
 3098579 2602378 1346.59219   38  297 3.0000e+10 1325.85819   100%  47.2 4570s
 3111312 2613988 1433.23049   65  271 3.0000e+10 1325.88119   100%  47.2 4575s
 3122026 2623042 1333.53844   41  292 3.0000e+10 1325.89887   100%  47.2 4580s
 3131624 2631192 1424.56695   53  292 3.0000e+10 1325.91602   100%  47.2 4585s
 3135623 2635223 1.1136e+09   57  272 3.0000e+10 1325.92328   100%  47.2 4590s
 3150024 2646948 2.4822e+10  120  266 3.0000e+10 1325.94614   100%  47.1 4595s
 3162545 2657242 2.2399e+10  103  261 3.0000e+10 1325.97018   100%  47.1 4600s
 3176467 2669327 1.7152e+10  129  277 3.0000e+10 1325.99286   100%  47.1 4605s
 3181585 2679389 1.9021e+09   64  263 3.0000e+10 1325.99959   100%  47.1 4610s
 3199734 2688471 1338.85179   44  270 3.0000e+10 1326.02933   100%  47.1 4615s
 3206441 2693423 2.9564e+09   79  287 3.0000e+10 1326.03932   100%  47.1 4621s
 3214476 2700248 1.4474e+10  100  239 3.0000e+10 1326.05127   100%  47.1 4625s
 3228974 2713231 6.8759e+08   61  273 3.0000e+10 1326.07370   100%  47.1 4630s
 3239276 2722080 1.7911e+09   66  282 3.0000e+10 1326.09184   100%  47.1 4635s
 3254845 2735138 1.9794e+10  109  274 3.0000e+10 1326.11354   100%  47.0 4640s
 3264309 2743216 1349.85394   50  282 3.0000e+10 1326.13059   100%  47.0 4645s
 3270784 2747977 1.3208e+10   48  259 3.0000e+10 1326.13906   100%  47.0 4650s
 3281345 2757001 5.6631e+09   86  289 3.0000e+10 1326.15807   100%  47.0 4655s
 3294169 2768454 1468.80252   58  268 3.0000e+10 1326.18199   100%  47.0 4660s
 3304276 2777197 2.6485e+10   93  253 3.0000e+10 1326.20109   100%  47.0 4665s
 3312217 2783195 6.4881e+09  112  263 3.0000e+10 1326.21163   100%  47.0 4670s
 3323955 2793142 1.1489e+10  138  250 3.0000e+10 1326.22940   100%  47.0 4676s
 3336427 2804870 1.2033e+10   57  252 3.0000e+10 1326.25203   100%  47.0 4680s
 3348822 2815210 1392.78566   50  265 3.0000e+10 1326.27170   100%  46.9 4685s
 3357628 2822426 1335.80934   50  302 3.0000e+10 1326.28210   100%  46.9 4690s
 3367921 2830268     cutoff   59      3.0000e+10 1326.29660   100%  46.9 4696s
 3377043 2838037 1341.19641   44  283 3.0000e+10 1326.30813   100%  46.9 4700s
 3386656 2847420 1414.80142   60  283 3.0000e+10 1326.32570   100%  46.9 4705s
 3400772 2859466 3.4390e+09  117  282 3.0000e+10 1326.34862   100%  46.9 4710s
 3409371 2866655 3.0397e+09   62  273 3.0000e+10 1326.36203   100%  46.9 4715s
 3421177 2876282 6.5120e+09   73  263 3.0000e+10 1326.37926   100%  46.9 4720s
 3432796 2885805 1395.60501   63  296 3.0000e+10 1326.39336   100%  46.9 4725s
 3439764 2891867 1341.44192   42  275 3.0000e+10 1326.40556   100%  46.9 4730s
 3449450 2900660 1367.12056   46  276 3.0000e+10 1326.42297   100%  46.9 4735s
 3461685 2909544 1.4800e+10  132  263 3.0000e+10 1326.43965   100%  46.9 4742s
 3462826 2911436 1395.40336   53  277 3.0000e+10 1326.44049   100%  46.9 4745s
 3477420 2924151 1.4391e+09   71  271 3.0000e+10 1326.45812   100%  46.8 4750s
 3485007 2930699 1402.35334   53  292 3.0000e+10 1326.46836   100%  46.8 4755s
 3498758 2942959 9.1333e+09   65  252 3.0000e+10 1326.48696   100%  46.8 4760s
 3510420 2951994 1375.06500   46  273 3.0000e+10 1326.50135   100%  46.8 4765s
 3524918 2963219 3.3170e+09   57  255 3.0000e+10 1326.52098   100%  46.8 4770s
 3537415 2974024 4.7387e+09   86  281 3.0000e+10 1326.53731   100%  46.8 4777s
 3542992 2978669 9.0316e+08   62  263 3.0000e+10 1326.54235   100%  46.8 4781s
 3553683 2988238 1434.32139   51  273 3.0000e+10 1326.55765   100%  46.8 4785s
 3565095 2997284 1467.50131   74  289 3.0000e+10 1326.57429   100%  46.8 4791s
 3574337 3006135 1331.84539   39  292 3.0000e+10 1326.58653   100%  46.8 4795s
 3584280 3013376 5.4869e+09   61  279 3.0000e+10 1326.60067   100%  46.8 4800s
 3593013 3021610 1361.56838   43  281 3.0000e+10 1326.61435   100%  46.8 4805s
 3603937 3031080 1352.64655   44  314 3.0000e+10 1326.62947   100%  46.8 4810s
 3613912 3039254 1336.28156   43  267 3.0000e+10 1326.64303   100%  46.8 4815s
 3624903 3047657 7.5770e+09  104  273 3.0000e+10 1326.66017   100%  46.8 4821s
 3631822 3054608 1.8622e+10  141  276 3.0000e+10 1326.67014   100%  46.8 4825s
 3644783 3064741 4.7388e+09  100  264 3.0000e+10 1326.68777   100%  46.8 4832s
 3652209 3071503 7.5426e+08   67  292 3.0000e+10 1326.69892   100%  46.8 4835s
 3664342 3081649 1386.34259   50  281 3.0000e+10 1326.71430   100%  46.8 4840s
 3676747 3091977 1367.72632   47  265 3.0000e+10 1326.73091   100%  46.8 4845s
 3690221 3103524 1342.24522   43  281 3.0000e+10 1326.74848   100%  46.7 4850s
 3692660 3104880 1385.05726   51  258 3.0000e+10 1326.75133   100%  46.7 4855s
 3705196 3115456 1353.10500   46  306 3.0000e+10 1326.77060   100%  46.7 4861s
 3714577 3124485 8.7843e+09   87  247 3.0000e+10 1326.78155   100%  46.7 4865s
 3727856 3136022 1.8178e+10  116  277 3.0000e+10 1326.80438   100%  46.7 4870s
 3736752 3143197 1408.88097   57  260 3.0000e+10 1326.81819   100%  46.7 4875s
 3737950 3144172 1456.56644   66  291 3.0000e+10 1326.81919   100%  46.7 5809s
 3739111 3145310 1348.10321   45  287 3.0000e+10 1326.82047   100%  46.7 5810s
 3753256 3157240 1.4026e+10  125  287 3.0000e+10 1326.83832   100%  46.7 6010s
 3755603 3158333 1.0304e+09   67  274 3.0000e+10 1326.84089   100%  46.7 6016s
 3763532 3166064 1361.73456   51  289 3.0000e+10 1326.85165   100%  46.7 6020s
 3779146 3179376 2.2339e+09   62  256 3.0000e+10 1326.87262   100%  46.7 6025s
 3795543 3193081 7.5492e+09  102  285 3.0000e+10 1326.89527   100%  46.6 6030s
 3800638 3197370 1391.55201   60  281 3.0000e+10 1326.90121   100%  46.6 6035s
 3815714 3210011 1.6070e+09   66  296 3.0000e+10 1326.92169   100%  46.6 6040s
 3828752 3220925 1.8852e+10  133  263 3.0000e+10 1326.94078   100%  46.6 6045s
 3833192 3224040 1365.89128   43  284 3.0000e+10 1326.94641   100%  46.6 6051s
 3842843 3233274 1437.85798   66  255 3.0000e+10 1326.95806   100%  46.6 6055s
 3858900 3246665 5.1558e+09  106  267 3.0000e+10 1326.97942   100%  46.6 6060s
 3871448 3257919 1352.58441   52  283 3.0000e+10 1326.99621   100%  46.6 6065s
 3883433 3267912 7.1851e+09   78  274 3.0000e+10 1327.00963   100%  46.6 6070s
 3898317 3280704 1390.78098   38  276 3.0000e+10 1327.02896   100%  46.6 6075s
 3899741 3280720 4.4504e+09  108  282 3.0000e+10 1327.03032   100%  46.6 6080s
 3913962 3292799 1.8463e+09   55  275 3.0000e+10 1327.04719   100%  46.6 6085s
 3924772 3302868 2.0000e+10   64  239 3.0000e+10 1327.06273   100%  46.5 6090s
 3938479 3314244 1.9308e+10   76  277 3.0000e+10 1327.08489   100%  46.5 6095s
 3949990 3324605 5.1024e+09   70  269 3.0000e+10 1327.10060   100%  46.5 6100s
 3959118 3331264 1348.32807   36  295 3.0000e+10 1327.11260   100%  46.5 6105s
 3970026 3341499 1429.29276   61  270 3.0000e+10 1327.12670   100%  46.5 6110s
 3982960 3352813 7.9495e+09  106  263 3.0000e+10 1327.14565   100%  46.5 6115s
 3993961 3361756 1375.82651   47  266 3.0000e+10 1327.16106   100%  46.5 6120s
 4006259 3372674 1421.13300   54  264 3.0000e+10 1327.18003   100%  46.5 6125s
 4016658 3380381 8.0148e+09   88  279 3.0000e+10 1327.19199   100%  46.5 6130s
 4026559 3389705 7.8085e+09   71  263 3.0000e+10 1327.20495   100%  46.5 6135s
 4041723 3402224 1330.45003   41  291 3.0000e+10 1327.22480   100%  46.4 6140s
 4053280 3412283 1340.18611   49  282 3.0000e+10 1327.24135   100%  46.4 6145s
 4059011 3416215 1.0508e+10   94  278 3.0000e+10 1327.24962   100%  46.4 6150s
 4070863 3429500 1340.19681   41  278 3.0000e+10 1327.26587   100%  46.4 6155s
 4079955 3434973 2.2558e+09   72  274 3.0000e+10 1327.27877   100%  46.4 6160s
 4095922 3448683     cutoff   60      3.0000e+10 1327.29630   100%  46.4 6165s
 4106929 3457166 1417.77033   54  274 3.0000e+10 1327.31022   100%  46.4 6170s
 4113781 3464296 1.5753e+09   66  276 3.0000e+10 1327.31960   100%  46.4 6175s
 4128198 3476181 1.6742e+08   51  287 3.0000e+10 1327.33704   100%  46.4 6180s
 4130620 3484111 1332.07941   33  272 3.0000e+10 1327.34038   100%  46.4 6185s
 4141600 3486675 1374.09610   55  287 3.0000e+10 1327.35456   100%  46.4 6190s
 4146521 3490840 1373.55691   50  293 3.0000e+10 1327.35893   100%  46.4 6195s
 4154188 3498594 1340.29481   42  280 3.0000e+10 1327.36987   100%  46.4 6200s
 4167033 3509111 4.9888e+07   49  272 3.0000e+10 1327.38605   100%  46.4 6205s
 4179230 3519287 2.1704e+10  128  264 3.0000e+10 1327.40399   100%  46.4 6210s
 4189095 3527401 9.9903e+08   71  289 3.0000e+10 1327.41518   100%  46.4 6215s
 4198242 3534997 1348.21474   50  288 3.0000e+10 1327.42581   100%  46.4 6220s
 4212913 3547459 2.4312e+10   99  274 3.0000e+10 1327.44376   100%  46.4 6225s
 4218175 3551391 2.1831e+10  141  259 3.0000e+10 1327.44859   100%  46.3 6230s
 4227666 3560283 4.4251e+09   64  275 3.0000e+10 1327.45913   100%  46.3 6235s
 4236417 3573344 1367.00716   57  284 3.0000e+10 1327.47088   100%  46.3 6240s
 4254508 3583163 3.3452e+09   58  292 3.0000e+10 1327.49152   100%  46.3 6245s
 4268269 3595322 1459.42867   56  254 3.0000e+10 1327.50701   100%  46.3 6250s
 4280498 3605482 1447.75203   59  276 3.0000e+10 1327.52399   100%  46.3 6255s
 4290870 3613520 2.1460e+10  103  259 3.0000e+10 1327.53453   100%  46.3 6260s
 4293373 3615887 1.0000e+10   55  265 3.0000e+10 1327.53815   100%  46.3 6265s
 4305738 3626422 1370.84371   50  258 3.0000e+10 1327.55253   100%  46.3 6270s
 4314254 3633610 1346.11803   45  294 3.0000e+10 1327.56249   100%  46.3 6275s
 4329889 3647198 2.6130e+09   89  264 3.0000e+10 1327.58273   100%  46.3 6280s
 4339700 3655698 1.2953e+10  131  270 3.0000e+10 1327.59474   100%  46.3 6285s
 4348948 3663424 1335.75398   42  270 3.0000e+10 1327.60423   100%  46.3 6290s
 4363170 3675420 1346.88515   38  288 3.0000e+10 1327.62159   100%  46.3 6295s
 4370893 3682393 1454.98954   70  282 3.0000e+10 1327.63186   100%  46.2 6300s
 4384788 3693911 8.0587e+09   98  270 3.0000e+10 1327.64841   100%  46.2 6305s
 4390308 3697972 1338.21016   34  288 3.0000e+10 1327.65365   100%  46.2 6311s
 4397182 3704783 2.5637e+08   56  289 3.0000e+10 1327.66274   100%  46.2 6315s
 4408604 3714257 3.5672e+08   55  274 3.0000e+10 1327.67610   100%  46.2 6320s
 4421102 3724111 1355.64050   45  274 3.0000e+10 1327.68943   100%  46.2 6325s
 4430790 3732873 1334.97540   38  278 3.0000e+10 1327.69982   100%  46.2 6330s
 4446511 3745180 1380.85037   60  299 3.0000e+10 1327.71759   100%  46.2 6336s
 4450293 3749384 1337.16392   37  276 3.0000e+10 1327.72200   100%  46.2 6340s
 4459496 3757304 1376.24188   44  276 3.0000e+10 1327.73170   100%  46.2 6345s
 4474696 3769879 1380.39265   49  283 3.0000e+10 1327.74858   100%  46.2 6350s
 4487496 3781132 2.4651e+10   97  258 3.0000e+10 1327.76098   100%  46.2 6355s
 4494634 3786352 1.8368e+10  109  257 3.0000e+10 1327.76963   100%  46.2 6361s
 4504526 3795781     cutoff   56      3.0000e+10 1327.78246   100%  46.2 6365s
 4515674 3805613 3.4313e+09  112  286 3.0000e+10 1327.79750   100%  46.2 6370s
 4527685 3814484 1355.04828   41  266 3.0000e+10 1327.81346   100%  46.2 6376s
 4539236 3825227 9.1957e+09   75  258 3.0000e+10 1327.82775   100%  46.2 6380s
 4554678 3838669 1340.20924   41  278 3.0000e+10 1327.84476   100%  46.1 6385s
 4561373 3844332 infeasible  119      3.0000e+10 1327.85283   100%  46.1 6390s
 4569693 3851778 9.2584e+09   99  271 3.0000e+10 1327.86108   100%  46.1 6395s
 4586806 3866088 2.2159e+10  139  281 3.0000e+10 1327.87973   100%  46.1 6400s
 4597995 3876102 1.1699e+10  113  252 3.0000e+10 1327.89034   100%  46.1 6405s
 4606294 3882811 infeasible   58      3.0000e+10 1327.89844   100%  46.1 6410s
 4616669 3890794 1373.86830   52  270 3.0000e+10 1327.91081   100%  46.1 6417s
 4623087 3896163 1391.07137   45  238 3.0000e+10 1327.91805   100%  46.1 6420s
 4636139 3907237 1.1613e+10  124  267 3.0000e+10 1327.93295   100%  46.1 6425s
 4648759 3919213 1.0000e+10   78  262 3.0000e+10 1327.94922   100%  46.1 6430s
 4660995 3929452 1369.32438   41  292 3.0000e+10 1327.96124   100%  46.1 6435s
 4672861 3939750 1383.23477   59  297 3.0000e+10 1327.97277   100%  46.1 6440s
 4679544 3944048 1464.01384   58  284 3.0000e+10 1327.98157   100%  46.1 6446s
 4688238 3952624 1386.08017   57  293 3.0000e+10 1327.99033   100%  46.1 6450s
 4699699 3961110 1423.06170   62  278 3.0000e+10 1328.00199   100%  46.0 6455s
 4709968 3971067 1.3351e+09  122  290 3.0000e+10 1328.01237   100%  46.0 6460s
 4721866 3980087 1367.82823   49  290 3.0000e+10 1328.02464   100%  46.0 6465s
 4735784 3993411 1346.91281   44  282 3.0000e+10 1328.04297   100%  46.0 6470s
 4747203 4002330 1.3635e+10  100  252 3.0000e+10 1328.05442   100%  46.0 6475s
 4761631 4014169 5.9960e+09   75  268 3.0000e+10 1328.06922   100%  46.0 6480s
 4769616 4020996 1335.83776   49  285 3.0000e+10 1328.07683   100%  46.0 6485s
 4782494 4031956 1.8302e+09   65  269 3.0000e+10 1328.09283   100%  46.0 6493s
 4783480 4032916 1.0000e+10   66  283 3.0000e+10 1328.09302   100%  46.0 6495s
 4797887 4045109 1334.97285   36  268 3.0000e+10 1328.10803   100%  46.0 6500s
 4810187 4056877 9.0312e+09   50  272 3.0000e+10 1328.12290   100%  46.0 6505s
 4823218 4066591 1.7711e+10  126  261 3.0000e+10 1328.13531   100%  45.9 6510s
 4834578 4077115 1.3932e+10  118  268 3.0000e+10 1328.14823   100%  45.9 6515s
 4847116 4087590 1375.23588   46  281 3.0000e+10 1328.16028   100%  45.9 6520s
 4858363 4097275 1454.27236   67  287 3.0000e+10 1328.17415   100%  45.9 6525s
 4868992 4106862 1434.28414   67  277 3.0000e+10 1328.18620   100%  45.9 6530s
 4877851 4112989 1369.25128   48  274 3.0000e+10 1328.19616   100%  45.9 6536s
 4882363 4117800 2.3577e+10   92  263 3.0000e+10 1328.20225   100%  45.9 6540s
 4894571 4127259 1339.44856   38  296 3.0000e+10 1328.21496   100%  45.9 6545s
 4903419 4135300 1340.24038   51  274 3.0000e+10 1328.22493   100%  45.9 6550s
 4913682 4144034 5.5067e+09   81  276 3.0000e+10 1328.23563   100%  45.9 6555s
 4925076 4153811 7.4117e+08   66  283 3.0000e+10 1328.24879   100%  45.9 6560s
 4930748 4157422 1.8145e+10  103  270 3.0000e+10 1328.25464   100%  45.9 6566s
 4938586 4165278 4.4120e+09   85  261 3.0000e+10 1328.26342   100%  45.9 6570s
 4947223 4171255 6.5286e+09   89  264 3.0000e+10 1328.27158   100%  45.9 6575s
 4958056 4181631 1339.32451   45  294 3.0000e+10 1328.28410   100%  45.9 6580s
 4966759 4187893 2.5624e+09   77  257 3.0000e+10 1328.29373   100%  45.9 6585s
 4975458 4196449 1357.74655   57  281 3.0000e+10 1328.30347   100%  45.9 6590s
 4980512 4199732 9.3993e+08   46  279 3.0000e+10 1328.31029   100%  45.9 6595s
 4982485 4202216     cutoff  102      3.0000e+10 1328.31328   100%  45.9 6600s
 4996225 4213760 1450.18356   58  280 3.0000e+10 1328.32837   100%  45.9 6605s
 5007575 4222964 1.3661e+09   66  268 3.0000e+10 1328.34061   100%  45.9 6610s
 5014883 4229234 1421.84748   55  283 3.0000e+10 1328.34747   100%  45.9 6615s
 5026562 4239343 1378.25671   46  292 3.0000e+10 1328.35974   100%  45.9 6620s
 5037713 4248640 1.0000e+10   56  273 3.0000e+10 1328.37174   100%  45.9 6625s
 5040358 4250779 1362.63745   51  282 3.0000e+10 1328.37436   100%  45.9 7476s

Cutting planes:
  Gomory: 1
  Clique: 11
  Flow cover: 1
  Zero half: 6

Explored 5041534 nodes (231510453 simplex iterations) in 7476.13 seconds (6747.17 work units)
Thread count was 8 (of 8 available processors)

Solution count 10: 3e+10 3e+10 3e+10 ... 7e+10

Time limit reached
Best objective 3.000000148000e+10, best bound 1.328375530836e+03, gap 100.0000%
