
Gurobi 11.0.1 (mac64[arm]) logging started Fri Feb 14 18:04:08 2025

Set parameter LogFile to value "logs_new/salida_modelo_caminos_380_567_5.log"
Set parameter TimeLimit to value 7200
Gurobi Optimizer version 11.0.1 build v11.0.1rc0 (mac64[arm] - Darwin 24.3.0 24D60)

CPU model: Apple M2
Thread count: 8 physical cores, 8 logical processors, using up to 8 threads

Optimize a model with 633 rows, 2060 columns and 8801 nonzeros
Coefficient statistics:
  Matrix range     [1e+00, 1e+00]
  Objective range  [2e+00, 1e+10]
  Bounds range     [0e+00, 0e+00]
  RHS range        [1e+00, 2e+02]
Warning: Model contains large objective coefficients
         Consider reformulating model or setting NumericFocus parameter
         to avoid numerical issues.

Solved in 0 iterations and 0.00 seconds (0.00 work units)
Optimal objective  1.426000000e+03
Gurobi Optimizer version 11.0.1 build v11.0.1rc0 (mac64[arm] - Darwin 24.3.0 24D60)

CPU model: Apple M2
Thread count: 8 physical cores, 8 logical processors, using up to 8 threads

Optimize a model with 633 rows, 2060 columns and 8801 nonzeros
Model fingerprint: 0x79439919
Variable types: 0 continuous, 2060 integer (2060 binary)
Coefficient statistics:
  Matrix range     [1e+00, 1e+00]
  Objective range  [2e+00, 1e+10]
  Bounds range     [0e+00, 0e+00]
  RHS range        [1e+00, 2e+02]
Warning: Model contains large objective coefficients
         Consider reformulating model or setting NumericFocus parameter
         to avoid numerical issues.
Found heuristic solution: objective 3.800000e+12
Presolve removed 250 rows and 2 columns
Presolve time: 0.04s
Presolved: 383 rows, 2058 columns, 8408 nonzeros
Variable types: 0 continuous, 2058 integer (2058 binary)
Found heuristic solution: objective 3.710000e+12

Root relaxation: objective 1.426000e+03, 2105 iterations, 0.10 seconds (0.16 work units)

    Nodes    |    Current Node    |     Objective Bounds      |     Work
 Expl Unexpl |  Obj  Depth IntInf | Incumbent    BestBd   Gap | It/Node Time

     0     0 1426.00000    0  334 3.7100e+12 1426.00000   100%     -    0s
H    0     0                    6.400000e+11 1426.00000   100%     -    0s
H    0     0                    4.700000e+11 1426.00000   100%     -    0s
H    0     0                    3.200000e+11 1426.00000   100%     -    0s
H    0     0                    3.100000e+11 1426.00000   100%     -    0s
H    0     0                    2.900000e+11 1426.00000   100%     -    0s
     0     0 1426.74709    0  347 2.9000e+11 1426.74709   100%     -    0s
H    0     0                    2.300000e+11 1426.74709   100%     -    0s
H    0     0                    2.200000e+11 1426.74709   100%     -    0s
     0     0 1427.74946    0  356 2.2000e+11 1427.74946   100%     -    0s
     0     0 1427.75100    0  357 2.2000e+11 1427.75100   100%     -    0s
     0     0 1427.75100    0  366 2.2000e+11 1427.75100   100%     -    0s
     0     0 1427.75100    0  369 2.2000e+11 1427.75100   100%     -    0s
     0     0 1427.75100    0  366 2.2000e+11 1427.75100   100%     -    0s
     0     0 1427.75100    0  371 2.2000e+11 1427.75100   100%     -    0s
     0     0 1427.75100    0  371 2.2000e+11 1427.75100   100%     -    0s
     0     2 1427.76388    0  371 2.2000e+11 1427.76388   100%     -    1s
H   31    40                    2.100000e+11 1429.62386   100%   135    1s
H   68    77                    2.000000e+11 1429.62386   100%   128    1s
H   71    77                    1.800000e+11 1429.62386   100%   125    1s
H  107   115                    1.700000e+11 1429.62386   100%   129    1s
H  108   115                    1.700000e+11 1429.62386   100%   129    1s
H  111   115                    1.600000e+11 1429.62386   100%   128    1s
H  113   115                    1.600000e+11 1429.62386   100%   128    1s
H  150   159                    1.600000e+11 1429.62386   100%   132    4s
H  151   159                    1.400000e+11 1429.62386   100%   133    4s
H  152   159                    1.400000e+11 1429.62386   100%   132    4s
H  153   159                    1.300000e+11 1429.62386   100%   132    4s
   460   488 1464.06583   29  330 1.3000e+11 1429.62386   100%   124    5s
H  944   962                    1.000000e+11 1429.62386   100%   127    6s
H 1003  1020                    7.000000e+10 1429.62386   100%   126    6s
H 2046  1963                    6.000000e+10 1429.63504   100%   118    8s
  2171  2039 2.2797e+10   70  364 6.0000e+10 1429.63504   100%   119   10s
H 2247  1995                    6.000000e+10 1429.72034   100%   120   11s
H 2286  1919                    6.000000e+10 1429.72034   100%   120   11s
H 2322  1856                    5.000000e+10 1429.72034   100%   120   12s
  2648  2089 6.2991e+09   60  310 5.0000e+10 1429.72034   100%   119   15s
  4424  3111 1445.23860   24  330 5.0000e+10 1432.44289   100%   116   20s
  6344  4232 1448.18045   25  351 5.0000e+10 1433.83030   100%   115   25s
H 7492  4755                    5.000000e+10 1434.62342   100%   115   29s
  7804  5162 1.3479e+10   58  281 5.0000e+10 1434.62342   100%   115   30s
H 8063  5209                    4.999999e+10 1434.62342   100%   115   31s
H 8092  5209                    4.999998e+10 1434.62342   100%   115   31s
  9723  6931 1459.41405   29  332 5.0000e+10 1436.47190   100%   115   35s
H10147  6994                    4.999998e+10 1436.84711   100%   115   36s
H10151  6994                    4.999998e+10 1436.84711   100%   115   36s
 11387  8348 3.5607e+10   71  284 5.0000e+10 1437.37855   100%   116   40s
 11756  8674 1474.41547   34  321 5.0000e+10 1437.37855   100%   115   46s
H12247  8764                    4.999998e+10 1437.37855   100%   115   49s
 12248  9196 2.7116e+10   83  308 5.0000e+10 1437.49346   100%   115   50s
 13961 10869 1552.44547   35  324 5.0000e+10 1438.30789   100%   116   55s
 15860 12535 1638.03148   51  293 5.0000e+10 1438.89810   100%   115   60s
H18355 14307                    4.999997e+10 1439.73259   100%   114   66s
 19888 16055 4.3240e+10   91  279 5.0000e+10 1439.99376   100%   114   71s
 21300 17458 1550.52650   47  300 5.0000e+10 1440.11438   100%   114   75s
 24045 19792 2.4714e+10   89  290 5.0000e+10 1440.55504   100%   113   81s
 25662 21584 1559.12458   58  283 5.0000e+10 1440.72475   100%   112   85s
 29092 23438 1541.07262   55  371 5.0000e+10 1441.05046   100%   111   96s
 29099 23443 1520.30093   51  367 5.0000e+10 1441.05046   100%   111  100s
 29106 23447 2.1550e+10   81  384 5.0000e+10 1441.05046   100%   111  105s
 29113 23452 1482.19624   35  396 5.0000e+10 1441.05046   100%   111  110s
 29120 23457 1608.99945   50  392 5.0000e+10 1441.05046   100%   111  115s
 29129 23463 4.2329e+10   83  398 5.0000e+10 1441.05046   100%   111  120s
 29136 23467 4.5453e+10  119  414 5.0000e+10 1441.05046   100%   111  125s
 29142 23471 1558.63556   54  408 5.0000e+10 1441.05046   100%   111  130s
 29148 23475 4.0681e+10   99  411 5.0000e+10 1441.05046   100%   111  135s
 29154 23479 3.8666e+10   97  406 5.0000e+10 1441.05046   100%   111  141s
 29264 23562 1465.22014   40  346 5.0000e+10 1441.05046   100%   111  145s
 29802 23896 2.0015e+10   69  282 5.0000e+10 1441.05046   100%   111  150s
 30828 24451 1.6095e+10   92  287 5.0000e+10 1441.05046   100%   112  155s
 31635 24872 1.0501e+10   69  299 5.0000e+10 1441.05046   100%   113  164s
 31682 24967 1.8244e+10   71  302 5.0000e+10 1441.05046   100%   113  165s
 32735 25591 4.3421e+10  108  293 5.0000e+10 1441.05046   100%   113  170s
 34302 26485 7.6157e+09   71  299 5.0000e+10 1441.05046   100%   114  175s
 35421 27129 1.0544e+10   60  307 5.0000e+10 1441.05046   100%   115  180s
 37298 28246 8.1322e+09  113  284 5.0000e+10 1441.05046   100%   115  186s
 38298 28771 1610.48736   70  309 5.0000e+10 1441.05046   100%   115  196s
 39436 29802 1455.14456   46  335 5.0000e+10 1441.05046   100%   115  200s
 42499 31739 2.9806e+10  110  272 5.0000e+10 1441.05046   100%   115  205s
 46142 33472 1.1752e+10   98  271 5.0000e+10 1441.05046   100%   114  210s
 50287 35755 2.4074e+09   73  290 5.0000e+10 1441.29043   100%   114  215s
 53711 37655 1.0866e+10   87  318 5.0000e+10 1441.98230   100%   114  220s
 58941 41899 1.3406e+10   65  285 5.0000e+10 1442.78246   100%   112  226s
 63302 42209 1502.97528   47  324 5.0000e+10 1443.40989   100%   111  230s
 68154 44164 1.3126e+10   90  287 5.0000e+10 1443.76778   100%   110  239s
 68162 44888 1.3960e+10   91  289 5.0000e+10 1443.85001   100%   110  240s
 74032 49149 1.5324e+10   79  285 5.0000e+10 1444.29211   100%   108  246s
 78670 49729 1.7822e+09   79  332 5.0000e+10 1444.79200   100%   108  250s
 84615 53743 1462.43961   44  329 5.0000e+10 1445.16131   100%   106  255s
 91490 57382 6.8753e+09   68  313 5.0000e+10 1445.74440   100%   105  260s
 94035 58565 3.3672e+10   84  300 5.0000e+10 1445.96790   100%   104  265s
 101916 63593 1451.63704   42  337 5.0000e+10 1446.41876   100%   102  270s
 105689 67207 1450.35108   41  339 5.0000e+10 1446.59782   100%   101  275s
 110419 71057 6.7865e+09   94  310 5.0000e+10 1446.83207   100%   100  280s
 117180 77087 4.8766e+09   70  303 5.0000e+10 1447.14916   100%  99.5  285s
 124038 82255 1524.10229   53  332 5.0000e+10 1447.36345   100%  98.3  291s
 128239 86850 1535.06311   70  305 5.0000e+10 1447.61419   100%  97.9  295s
 135616 93081 3.4171e+10  115  303 5.0000e+10 1447.89997   100%  96.9  300s
 139932 96090 3.9229e+10  147  281 5.0000e+10 1448.11346   100%  96.7  305s
 139945 96122 3.9634e+10  148  279 5.0000e+10 1448.13942   100%  96.7  310s
 146054 102285 1.1170e+09   87  300 5.0000e+10 1448.38893   100%  95.8  315s
 148189 110477 1480.56857   45  317 5.0000e+10 1448.44869   100%  95.8  325s
 162546 116778 1467.29953   42  342 5.0000e+10 1449.00351   100%  94.1  330s
 168734 121398 1463.89298   46  321 5.0000e+10 1449.15787   100%  93.8  336s
 172166 125256 9.0275e+09   86  313 5.0000e+10 1449.27724   100%  93.6  340s
 177831 130907 1606.43239   78  317 5.0000e+10 1449.40721   100%  93.1  345s
 182098 133820 1464.91344   42  330 5.0000e+10 1449.54224   100%  92.9  350s
 189181 140006 1491.01700   47  338 5.0000e+10 1449.68855   100%  92.4  355s
 195511 145341 2.1575e+10  116  293 5.0000e+10 1449.82581   100%  92.0  360s
 199817 149401 3.5151e+10  134  285 5.0000e+10 1449.91858   100%  91.7  365s
 206846 156141 1527.28524   58  330 5.0000e+10 1450.07703   100%  91.1  370s
 209327 156917 2.9897e+10  119  293 5.0000e+10 1450.11463   100%  90.9  377s
 209949 158296 2.9542e+09   82  285 5.0000e+10 1450.15292   100%  90.8  380s
 216455 164036 1518.46079   56  291 5.0000e+10 1450.29858   100%  90.5  385s
 223400 169242 1460.79985   42  323 5.0000e+10 1450.43978   100%  90.0  391s
 227434 173503 1535.81482   58  294 5.0000e+10 1450.55368   100%  89.8  395s
 234799 179845 1488.62292   56  328 5.0000e+10 1450.67425   100%  89.2  400s
 242445 186551 1553.72086   58  301 5.0000e+10 1450.82534   100%  88.5  405s
 245812 188727 1553.20825   56  308 5.0000e+10 1450.90696   100%  88.3  418s
 245828 189034 1538.70444   55  310 5.0000e+10 1450.90696   100%  88.3  420s
 252527 195607 1668.63884   85  324 5.0000e+10 1451.07545   100%  88.0  425s
 258432 200730 7.2282e+07   78  294 5.0000e+10 1451.19529   100%  87.6  430s
 265956 206989 1641.86914   84  291 5.0000e+10 1451.34791   100%  87.2  436s
 271554 212157 1.1732e+09   55  304 5.0000e+10 1451.42702   100%  86.8  440s
 276362 215822 1474.66328   49  329 5.0000e+10 1451.52532   100%  86.5  445s
 283543 222368 infeasible   79      5.0000e+10 1451.70470   100%  86.3  450s
 285539 223488 1490.91422   48  336 5.0000e+10 1451.76129   100%  86.2  457s
 285713 224406 1491.05665   48  331 5.0000e+10 1451.76129   100%  86.2  460s
 293385 231124 2.0276e+10  110  287 5.0000e+10 1451.90269   100%  85.8  465s
 301020 237345 4.9274e+10  127  293 5.0000e+10 1452.06153   100%  85.4  470s
 304367 240237 1474.33809   47  324 5.0000e+10 1452.10837   100%  85.3  475s
 312677 247457 1468.82848   42  344 5.0000e+10 1452.22449   100%  85.0  480s
 319897 253783 1482.53942   48  325 5.0000e+10 1452.35866   100%  84.7  485s
 326985 259317 1.3827e+10  104  302 5.0000e+10 1452.43591   100%  84.4  492s
 329926 262658 1.9342e+09   93  313 5.0000e+10 1452.47894   100%  84.2  495s
 337730 269471 3.7717e+10  111  284 5.0000e+10 1452.60120   100%  83.9  500s
 346177 276761 1520.99881   67  336 5.0000e+10 1452.73897   100%  83.5  505s
 350402 280394 3.0248e+09   70  307 5.0000e+10 1452.78465   100%  83.5  510s
 356343 285483 1560.49449   58  306 5.0000e+10 1452.84672   100%  83.4  515s
 360713 289271 1482.11431   45  334 5.0000e+10 1452.89643   100%  83.4  520s
 366868 293998 1.2452e+09   68  308 5.0000e+10 1452.98408   100%  83.2  526s
 372338 299436 4.9943e+09   96  304 5.0000e+10 1453.07484   100%  83.0  530s
 375892 302723 1469.82712   45  327 5.0000e+10 1453.12787   100%  82.8  535s
 383324 308851 3.0203e+10   80  274 5.0000e+10 1453.23343   100%  82.8  540s
 391884 316455 3.5523e+08   69  320 5.0000e+10 1453.34159   100%  82.4  545s
 393279 316925 6.6315e+09   85  304 5.0000e+10 1453.35626   100%  82.4  551s
 395198 319350 1630.34144   73  316 5.0000e+10 1453.39842   100%  82.4  555s
 404149 327224 1530.61930   59  307 5.0000e+10 1453.51083   100%  82.0  560s
 411339 333261 2.5127e+10  110  301 5.0000e+10 1453.61543   100%  81.7  567s
 415563 337361 2.0610e+10   83  302 5.0000e+10 1453.69374   100%  81.7  570s
 423120 343744     cutoff  145      5.0000e+10 1453.80318   100%  81.6  575s
 428960 348087 1.5980e+10  136  289 5.0000e+10 1453.86697   100%  81.5  582s
 429043 355142 1485.80009   49  317 5.0000e+10 1453.86772   100%  81.5  588s
 438061 357073 1.3650e+10  108  279 5.0000e+10 1453.98207   100%  81.3  590s
 444020 362383 1559.99785   57  312 5.0000e+10 1454.03651   100%  81.3  595s
 451142 367420 1548.17654   54  303 5.0000e+10 1454.11127   100%  81.1  601s
 451150 367428 1549.12141   55  302 5.0000e+10 1454.11127   100%  81.1  607s
H451155 367428                    4.999997e+10 1454.11127   100%  81.1  607s
 453020 369732 2.8216e+09   96  306 5.0000e+10 1454.11894   100%  81.0  610s
 458237 374711 8.4231e+08   77  314 5.0000e+10 1454.16950   100%  81.0  615s
 465713 381027 1574.95772   79  308 5.0000e+10 1454.25114   100%  80.7  620s
 470377 384812 1505.45268   57  308 5.0000e+10 1454.30803   100%  80.6  625s
 478686 392104 1499.26587   54  319 5.0000e+10 1454.37691   100%  80.4  630s
 483836 396578 1.3444e+10  108  298 5.0000e+10 1454.43426   100%  80.3  635s
 489052 401562 1521.51691   66  324 5.0000e+10 1454.47834   100%  80.4  640s
 496979 407002 1582.22440   59  302 5.0000e+10 1454.56633   100%  80.3  645s
 503058 413177 1.8621e+10  105  283 5.0000e+10 1454.63231   100%  80.2  650s
 510574 419847 7.1074e+09  103  291 5.0000e+10 1454.71634   100%  80.0  655s
 513760 422296 1565.71268   60  318 5.0000e+10 1454.74403   100%  80.0  660s
 521498 429557 2.2392e+09   60  294 5.0000e+10 1454.83624   100%  79.9  665s
 529093 436006 1544.59319   63  296 5.0000e+10 1454.91577   100%  79.8  670s
 533962 440777 1.1187e+10  122  313 5.0000e+10 1454.95940   100%  79.7  675s
 542582 447574 1.4128e+10   68  276 5.0000e+10 1455.04404   100%  79.5  680s
 546009 449920 1574.85818   64  332 5.0000e+10 1455.06349   100%  79.4  687s
 547900 452445 4.8569e+09   91  306 5.0000e+10 1455.08789   100%  79.3  690s
 555838 459447 1558.67250   63  314 5.0000e+10 1455.17440   100%  79.1  695s
 561845 464519 1489.37258   48  326 5.0000e+10 1455.23061   100%  79.0  700s
 569708 471330 1470.52266   42  337 5.0000e+10 1455.30486   100%  78.9  705s
 572792 473938 3.9314e+10  108  257 5.0000e+10 1455.34347   100%  78.9  710s
 580037 479940 1502.49003   60  317 5.0000e+10 1455.40036   100%  78.9  715s
 587491 486079 1.0690e+10   60  297 5.0000e+10 1455.47602   100%  78.9  720s
 591900 490059 1.0000e+10   86  306 5.0000e+10 1455.50915   100%  78.9  725s
 599399 496963 1657.54790   77  319 5.0000e+10 1455.56586   100%  78.8  730s
 604976 501713 1.1947e+09   60  315 5.0000e+10 1455.60536   100%  78.6  735s
 608603 505122 1528.26578   62  321 5.0000e+10 1455.62320   100%  78.6  740s
 614838 510707 1464.73827   46  330 5.0000e+10 1455.66912   100%  78.4  745s
 624123 518513 1601.31722   66  303 5.0000e+10 1455.72566   100%  78.2  750s
 629557 523449 5.0567e+08   78  306 5.0000e+10 1455.77294   100%  78.1  755s
 636756 529644 1546.00410   64  311 5.0000e+10 1455.83373   100%  78.0  760s
 642450 534687 1476.42121   56  322 5.0000e+10 1455.88011   100%  77.9  765s
 649748 540236 1547.50674   66  323 5.0000e+10 1455.92979   100%  77.8  773s
 651661 541847 1.2214e+09   87  296 5.0000e+10 1455.94819   100%  77.7  776s
 656847 547108 3.6972e+10  139  303 5.0000e+10 1455.99570   100%  77.7  780s
 663957 552455 1.0000e+10   58  297 5.0000e+10 1456.06638   100%  77.6  786s
 668726 557160 1.1199e+10   69  296 5.0000e+10 1456.09473   100%  77.5  790s
 676077 563981 3.5295e+10  191  307 5.0000e+10 1456.16710   100%  77.5  795s
 681586 567736 1498.11683   54  315 5.0000e+10 1456.20789   100%  77.4  800s
 688391 574478 1473.50585   45  325 5.0000e+10 1456.26239   100%  77.3  805s
 697019 582821 1478.68139   47  335 5.0000e+10 1456.31471   100%  77.1  810s
 700144 584035 1535.49752   68  307 5.0000e+10 1456.34426   100%  77.0  817s
 700188 584043 1551.09814   71  312 5.0000e+10 1456.34426   100%  77.0  820s
 706904 590307 1605.69367   59  326 5.0000e+10 1456.40762   100%  77.0  825s
 713436 596088 1.0000e+10   60  313 5.0000e+10 1456.48630   100%  77.0  830s
 718959 601323 1596.57487   74  308 5.0000e+10 1456.52892   100%  77.0  835s
 727409 608989 1470.46184   47  333 5.0000e+10 1456.59775   100%  76.9  840s
 731731 611951 1480.15247   47  332 5.0000e+10 1456.62518   100%  76.8  845s
 740415 619813 2.9597e+10  121  271 5.0000e+10 1456.68651   100%  76.6  850s
 747863 626150 1493.60787   55  337 5.0000e+10 1456.73042   100%  76.6  855s
 753317 631163 1526.13318   60  319 5.0000e+10 1456.77328   100%  76.6  860s
 761376 638021 1559.61502   76  312 5.0000e+10 1456.82735   100%  76.5  865s
 765738 641924 1473.99284   47  330 5.0000e+10 1456.85950   100%  76.4  870s
 775367 650213 1672.10670   80  295 5.0000e+10 1456.91635   100%  76.2  875s
 782078 655407 1554.87305   53  322 5.0000e+10 1456.97598   100%  76.1  881s
 788016 661888 2.8843e+08   72  304 5.0000e+10 1457.01594   100%  76.0  885s
 796046 668454 1543.44936   62  323 5.0000e+10 1457.06261   100%  75.9  890s
 799886 670981 1469.52354   44  347 5.0000e+10 1457.08193   100%  75.9  900s
 807108 677933 1.8124e+10  126  307 5.0000e+10 1457.13414   100%  75.9  905s
 812387 683044 7.8092e+09   89  280 5.0000e+10 1457.17866   100%  75.8  910s
 819252 688593 9.1627e+09  114  320 5.0000e+10 1457.22031   100%  75.7  915s
 828010 695990 1464.73336   44  340 5.0000e+10 1457.26665   100%  75.6  922s
 832625 701207 1466.02175   47  337 5.0000e+10 1457.29909   100%  75.6  925s
 841751 708216 1464.82821   46  334 5.0000e+10 1457.36187   100%  75.4  930s
 847779 713082 2.3431e+10  133  295 5.0000e+10 1457.41487   100%  75.4  936s
 847926 720098 2.3431e+10  134  295 5.0000e+10 1457.41613   100%  75.4  942s
 859457 724101 2.2696e+10  119  307 5.0000e+10 1457.47890   100%  75.3  945s
 867071 729850 1574.82670   71  267 5.0000e+10 1457.51549   100%  75.2  952s
 869581 732849 1563.48709   64  317 5.0000e+10 1457.53631   100%  75.2  955s
 879289 741161 1554.56012   58  300 5.0000e+10 1457.58843   100%  75.0  960s
 888041 749111 3.5100e+10  132  299 5.0000e+10 1457.63754   100%  74.9  965s
 891373 752092 1501.04753   61  316 5.0000e+10 1457.65856   100%  74.8  970s
 898062 758026 1.0287e+10   80  313 5.0000e+10 1457.70502   100%  74.8  975s
 903203 762817 1646952.16   71  297 5.0000e+10 1457.73691   100%  74.7  980s
 911457 769623 1568.88301   65  299 5.0000e+10 1457.77165   100%  74.6  985s
 919655 776842 4.9286e+08   75  296 5.0000e+10 1457.82123   100%  74.5  990s
 924137 779854 1512.63856   52  296 5.0000e+10 1457.84101   100%  74.4  996s
 928568 784812 5.6386e+09   87  311 5.0000e+10 1457.86030   100%  74.4 1000s
 931918 787576 1461.92765   41  343 5.0000e+10 1457.88717   100%  74.3 1005s
 939466 794060 1.6577e+10  116  281 5.0000e+10 1457.93150   100%  74.3 1010s
 946686 800452 1624.98133   60  318 5.0000e+10 1457.97596   100%  74.3 1015s
 954248 806785     cutoff   90      5.0000e+10 1458.01911   100%  74.3 1020s
 958189 809422 1552.02450   54  300 5.0000e+10 1458.03399   100%  74.2 1026s
 961829 813653 1506.20102   59  331 5.0000e+10 1458.05106   100%  74.3 1030s
 970439 820830 2.6922e+10  151  314 5.0000e+10 1458.09929   100%  74.2 1035s
 971275 821272 1.0000e+10   64  289 5.0000e+10 1458.10638   100%  74.2 1042s
 975359 825431 1479.69972   49  307 5.0000e+10 1458.12523   100%  74.2 1045s
 981170 829514 1484.69081   53  319 5.0000e+10 1458.15370   100%  74.1 1050s
 989251 837087 1464.05106   45  333 5.0000e+10 1458.19580   100%  74.0 1055s
 997724 844114 1562.15787   77  306 5.0000e+10 1458.24137   100%  73.9 1061s
 1002152 848564 1514.82421   57  325 5.0000e+10 1458.26520   100%  73.9 1065s
 1009947 855373 1506.81367   54  321 5.0000e+10 1458.31053   100%  73.9 1070s
 1010843 862306 1470.53201   51  326 5.0000e+10 1458.31707   100%  73.9 1078s
 1020179 864460 3.0766e+10  126  300 5.0000e+10 1458.36810   100%  73.9 1080s
 1025234 867666     cutoff   74      5.0000e+10 1458.38895   100%  73.9 1086s
 1031410 874033 1.7608e+08   74  303 5.0000e+10 1458.41893   100%  73.8 1090s
 1040387 881939 2.3423e+10  145  296 5.0000e+10 1458.46300   100%  73.7 1095s
 1048156 889078 1478.65516   45  354 5.0000e+10 1458.51278   100%  73.6 1100s
 1052756 892691 1506.94411   51  311 5.0000e+10 1458.53767   100%  73.6 1106s
 1057854 897612 2.0330e+10  106  283 5.0000e+10 1458.56634   100%  73.6 1110s
 1066651 905358 1500.90654   57  342 5.0000e+10 1458.60578   100%  73.6 1115s
 1074885 912350 4.3028e+10  142  292 5.0000e+10 1458.64185   100%  73.5 1120s
 1080432 917006 3.6719e+09   96  271 5.0000e+10 1458.66768   100%  73.5 1125s
 1082275 918329 1523.35263   54  330 5.0000e+10 1458.67437   100%  73.5 1130s
 1088602 923422 1562.89037   70  318 5.0000e+10 1458.69923   100%  73.5 1137s
 1093381 928474 1493.49023   55  319 5.0000e+10 1458.72278   100%  73.4 1140s
 1100540 934863 4.3996e+10   93  296 5.0000e+10 1458.75142   100%  73.3 1145s
 1108192 941219     cutoff  163      5.0000e+10 1458.79252   100%  73.3 1153s
 1108997 942186 7.7634e+09  114  304 5.0000e+10 1458.79271   100%  73.2 1155s
 1115202 947853 1494.73825   54  322 5.0000e+10 1458.82520   100%  73.3 1160s
 1123207 954760 4.2862e+09  102  299 5.0000e+10 1458.86515   100%  73.2 1165s
 1130817 961882 1.6271e+10  128  317 5.0000e+10 1458.90466   100%  73.2 1170s
 1132563 962144 1483.30232   45  319 5.0000e+10 1458.91075   100%  73.2 1175s
 1133888 964281 1562.17024   58  305 5.0000e+10 1458.91571   100%  73.2 1180s
 1141375 970605 1494.16198   56  328 5.0000e+10 1458.94846   100%  73.2 1185s
 1148243 976515 1498.39696   54  322 5.0000e+10 1458.97703   100%  73.2 1190s
 1155052 982607 1556.97126   50  318 5.0000e+10 1459.00075   100%  73.1 1195s
 1158455 984357 4.7524e+10  153  311 5.0000e+10 1459.01390   100%  73.1 1200s
 1163864 990140 2.6101e+10  118  279 5.0000e+10 1459.04003   100%  73.0 1205s
 1171601 996471 4.4243e+10   74  290 5.0000e+10 1459.08701   100%  73.0 1210s
 1177624 1001960 2.3926e+10  110  292 5.0000e+10 1459.11416   100%  73.0 1215s
 1181056 1004015 4.4126e+10  103  272 5.0000e+10 1459.12659   100%  73.0 1223s
 1181854 1005766 1640.21669   78  316 5.0000e+10 1459.13125   100%  73.0 1225s
 1188937 1011831 4.5547e+10   93  280 5.0000e+10 1459.15503   100%  73.0 1230s
 1191635 1019820 1480.69634   51  324 5.0000e+10 1459.16640   100%  73.0 1241s
 1204536 1024778 1575.59853   57  324 5.0000e+10 1459.21985   100%  73.0 1245s
 1211865 1030998 3.6822e+10   90  309 5.0000e+10 1459.24838   100%  73.0 1250s
 1216563 1035263 2.9421e+08   57  314 5.0000e+10 1459.26465   100%  73.0 1255s
 1224144 1041864 1475.39347   42  348 5.0000e+10 1459.29953   100%  72.9 1260s
 1231949 1048506 1558.08543   70  310 5.0000e+10 1459.33707   100%  72.9 1265s
 1234029 1050304 1470.39820   47  332 5.0000e+10 1459.34734   100%  72.9 1270s
 1237292 1052619 1.9515e+09  106  291 5.0000e+10 1459.36009   100%  72.9 1276s
 1237493 1059573 1.7046e+10  111  281 5.0000e+10 1459.36016   100%  72.9 1281s
 1249647 1063490 1635.68710   68  294 5.0000e+10 1459.42067   100%  72.8 1285s
 1252456 1066918 1591.82277   71  298 5.0000e+10 1459.43347   100%  72.8 1290s
 1260457 1073630 1535.28903   57  299 5.0000e+10 1459.46540   100%  72.8 1295s
 1268988 1080491     cutoff  154      5.0000e+10 1459.49612   100%  72.7 1300s
 1275238 1085481 1484.41366   49  326 5.0000e+10 1459.53233   100%  72.7 1305s
 1281081 1091749 1.1367e+10   92  287 5.0000e+10 1459.55726   100%  72.6 1310s
 1288922 1098369 1564.30109   69  317 5.0000e+10 1459.59226   100%  72.6 1315s
 1296937 1104579 1611.85698   64  286 5.0000e+10 1459.62242   100%  72.5 1322s
 1296945 1111371 1658.92207   66  279 5.0000e+10 1459.62539   100%  72.5 1329s
 1304953 1111471 2.4995e+10  112  291 5.0000e+10 1459.65385   100%  72.5 1334s
 1305083 1112732 2.5768e+10  113  292 5.0000e+10 1459.65464   100%  72.5 1335s
 1313073 1119076 1476.08855   45  316 5.0000e+10 1459.68367   100%  72.5 1340s
 1319717 1124568 2.7563e+10  152  284 5.0000e+10 1459.70713   100%  72.4 1345s
 1326368 1130667 1485.08496   49  334 5.0000e+10 1459.73765   100%  72.4 1350s
 1333577 1137235 4.5121e+10  158  290 5.0000e+10 1459.77146   100%  72.4 1355s
 1337757 1140982 3.4670e+10  138  307 5.0000e+10 1459.78704   100%  72.4 1360s
 1346301 1148288 2.3981e+10  119  304 5.0000e+10 1459.81269   100%  72.3 1365s
 1354304 1154949 1.1176e+10   63  281 5.0000e+10 1459.84237   100%  72.3 1370s
 1356288 1162955 2.2774e+10   99  293 5.0000e+10 1459.85097   100%  72.3 1378s
 1365593 1165070 1497.58830   48  340 5.0000e+10 1459.87697   100%  72.3 1380s
 1374057 1172314 9.0010e+09  113  309 5.0000e+10 1459.91592   100%  72.2 1385s
 1377222 1174387 1.9032e+10  143  307 5.0000e+10 1459.92149   100%  72.2 1395s
 1383415 1180654 5.2902e+08   80  306 5.0000e+10 1459.95083   100%  72.2 1400s
 1390971 1186180 3.2162e+10  131  294 5.0000e+10 1459.97617   100%  72.1 1406s
 1396740 1191823 1646.33279   63  285 5.0000e+10 1459.99299   100%  72.1 1410s
 1405382 1199833 1545.40733   64  312 5.0000e+10 1460.02355   100%  72.0 1415s
 1413813 1206333 1485.30536   58  335 5.0000e+10 1460.04585   100%  72.0 1422s
 1416339 1209493 2.8295e+09   81  305 5.0000e+10 1460.05304   100%  72.0 1425s
 1424395 1216266 1480.02192   45  331 5.0000e+10 1460.07980   100%  71.9 1430s
 1432478 1223434 1485.14139   49  336 5.0000e+10 1460.11084   100%  71.9 1435s
 1441059 1230178 1498.48957   54  326 5.0000e+10 1460.14017   100%  71.9 1442s
 1444715 1234166 3.7889e+10  166  293 5.0000e+10 1460.15254   100%  71.9 1445s
 1453244 1241651 1507.88156   52  324 5.0000e+10 1460.19594   100%  71.8 1450s
 1458994 1245542 2.8384e+10  144  304 5.0000e+10 1460.20404   100%  71.8 1459s
 1459163 1245550 2.8723e+10  145  308 5.0000e+10 1460.20404   100%  71.8 1462s
 1462687 1249539 1493.84159   49  318 5.0000e+10 1460.21791   100%  71.8 1465s
 1471132 1257199 1.7387e+09   90  310 5.0000e+10 1460.24813   100%  71.8 1470s
 1478264 1262183 7.9816e+09  116  313 5.0000e+10 1460.26997   100%  71.8 1476s
 1482335 1266986 1.0000e+10   70  303 5.0000e+10 1460.28740   100%  71.8 1480s
 1491011 1274870 1526.64144   60  302 5.0000e+10 1460.32291   100%  71.7 1485s
 1500456 1282619 1639.49035   81  304 5.0000e+10 1460.35511   100%  71.7 1490s
 1505149 1285864 1521.85614   59  310 5.0000e+10 1460.37020   100%  71.6 1496s
 1510494 1291591 1489.66038   52  316 5.0000e+10 1460.38524   100%  71.6 1500s
 1517805 1297864 1569.52678   59  308 5.0000e+10 1460.41023   100%  71.6 1505s
 1526106 1305220 2.6240e+10  103  277 5.0000e+10 1460.43411   100%  71.5 1510s
 1533025 1310236 1470.70881   51  316 5.0000e+10 1460.45860   100%  71.5 1518s
 1533150 1310244 1472.56428   52  311 5.0000e+10 1460.45860   100%  71.5 1521s
 1538770 1316271 1509.95235   58  335 5.0000e+10 1460.47960   100%  71.5 1525s
 1547116 1323522 1594.50158   73  302 5.0000e+10 1460.51378   100%  71.4 1530s
 1550620 1326726 5.3767e+09   69  313 5.0000e+10 1460.52528   100%  71.4 1535s
 1560141 1334672 3.9151e+10  140  289 5.0000e+10 1460.55515   100%  71.3 1540s
 1567563 1340979 1469.79231   45  346 5.0000e+10 1460.58490   100%  71.3 1545s
 1571863 1345320 1636.92929   70  323 5.0000e+10 1460.60585   100%  71.3 1550s
 1579232 1351000 1.8494e+10   93  306 5.0000e+10 1460.63218   100%  71.4 1555s
 1586920 1357986 1.3530e+09   60  317 5.0000e+10 1460.65264   100%  71.3 1560s
 1589088 1358882 1628.56318   70  298 5.0000e+10 1460.65955   100%  71.3 1570s
 1596613 1366203 1.2956e+10  102  308 5.0000e+10 1460.68756   100%  71.3 1575s
 1601078 1370142 3.9084e+10  159  286 5.0000e+10 1460.70023   100%  71.2 1580s
 1609111 1377097 1664.98119   52  282 5.0000e+10 1460.72706   100%  71.2 1585s
 1616227 1383657 8.7863e+08   77  309 5.0000e+10 1460.75075   100%  71.2 1590s
 1621181 1386872     cutoff  109      5.0000e+10 1460.76731   100%  71.2 1595s
 1627705 1393760 1564.24247   54  324 5.0000e+10 1460.79116   100%  71.1 1600s
 1635558 1400303 1572.28440   69  315 5.0000e+10 1460.81302   100%  71.1 1605s
 1642958 1406166 2.9218e+10  112  265 5.0000e+10 1460.83699   100%  71.1 1610s
 1646045 1409347 4.0386e+10  166  314 5.0000e+10 1460.84777   100%  71.2 1615s
 1654350 1416848 1465.54243   48  317 5.0000e+10 1460.86821   100%  71.1 1620s
 1661742 1421778 1.7517e+10   96  297 5.0000e+10 1460.89084   100%  71.1 1625s
 1668444 1428212 1479.63482   47  347 5.0000e+10 1460.91155   100%  71.1 1630s
 1674725 1432870 1607.98423   65  278 5.0000e+10 1460.93314   100%  71.1 1635s
 1682033 1440223 2.2492e+10  151  313 5.0000e+10 1460.95433   100%  71.1 1640s
 1689343 1446394 6.7779e+09  112  307 5.0000e+10 1460.97408   100%  71.0 1648s
 1690161 1446402 5.8615e+09   80  292 5.0000e+10 1460.97515   100%  71.0 1652s
 1693823 1450791 3.7176e+09  102  302 5.0000e+10 1460.98697   100%  71.0 1655s
 1702654 1458495 4.1879e+10  126  287 5.0000e+10 1461.01267   100%  71.0 1660s
 1709545 1463803 1601.98927   61  316 5.0000e+10 1461.04094   100%  70.9 1665s
 1716045 1469098 1637.76453   59  302 5.0000e+10 1461.06415   100%  71.0 1670s
 1719759 1472260 1.0000e+10   67  303 5.0000e+10 1461.07808   100%  71.0 1675s
 1728920 1480661 1483.72132   47  316 5.0000e+10 1461.10108   100%  71.0 1680s
 1735077 1485044 1529.06927   63  314 5.0000e+10 1461.12008   100%  70.9 1685s
 1741777 1492126 1490.83069   47  313 5.0000e+10 1461.14047   100%  70.9 1690s
 1750048 1498608 1642.90404   56  288 5.0000e+10 1461.16504   100%  70.9 1695s
 1752227 1499903 1532.77414   56  319 5.0000e+10 1461.17001   100%  70.9 1703s
 1754870 1503419 4.6906e+09   81  283 5.0000e+10 1461.17667   100%  70.9 1705s
 1763845 1511498 7.0346e+08   57  303 5.0000e+10 1461.20550   100%  70.8 1710s
 1769619 1515880 1530.98790   60  322 5.0000e+10 1461.22487   100%  70.8 1715s
 1777658 1524067 1.6149e+10   98  278 5.0000e+10 1461.24818   100%  70.7 1720s
 1784183 1528169 infeasible   68      5.0000e+10 1461.27147   100%  70.7 1725s
 1791159 1535898 1.0276e+10  111  311 5.0000e+10 1461.29562   100%  70.7 1730s
 1799491 1542564 1488.31040   46  323 5.0000e+10 1461.32879   100%  70.7 1735s
 1804217 1546633 6.5426e+09  115  287 5.0000e+10 1461.34007   100%  70.6 1740s
 1812875 1553855 1.1891e+09   93  298 5.0000e+10 1461.36790   100%  70.6 1745s
 1820685 1560982 1469.29539   48  337 5.0000e+10 1461.38945   100%  70.6 1750s
 1826119 1565736 1551.59438   59  307 5.0000e+10 1461.40424   100%  70.5 1755s
 1827248 1565747 1512.76750   57  320 5.0000e+10 1461.40878   100%  70.5 1762s
 1830534 1568574 1.2697e+10   70  294 5.0000e+10 1461.41998   100%  70.5 1766s
 1836275 1575012 2.5595e+10  124  320 5.0000e+10 1461.43562   100%  70.5 1770s
 1845087 1582433 1505.20144   56  309 5.0000e+10 1461.46279   100%  70.5 1775s
 1850474 1587278 1600.38751   57  280 5.0000e+10 1461.48232   100%  70.4 1780s
 1859118 1594840 1542.66885   66  302 5.0000e+10 1461.50849   100%  70.4 1785s
 1862602 1597727 1.5162e+10  135  293 5.0000e+10 1461.52312   100%  70.4 1790s
 1871429 1605834 3.6865e+10  193  314 5.0000e+10 1461.54793   100%  70.3 1795s
 1879780 1612699 1.0225e+10   70  290 5.0000e+10 1461.56974   100%  70.3 1800s
 1883487 1617334 3.4663e+10  158  290 5.0000e+10 1461.58060   100%  70.3 1805s
 1891787 1623572 9.5135e+09  109  286 5.0000e+10 1461.61185   100%  70.3 1810s
 1897471 1634165 1552.29228   52  331 5.0000e+10 1461.63287   100%  70.3 1819s
 1905479 1635517     cutoff  155      5.0000e+10 1461.65012   100%  70.3 1820s
 1911463 1640759 1538.28732   54  312 5.0000e+10 1461.66647   100%  70.2 1825s
 1920115 1647958 3.3763e+08   63  319 5.0000e+10 1461.68535   100%  70.2 1830s
 1927055 1653179 1509.02655   51  323 5.0000e+10 1461.70183   100%  70.2 1836s
 1931087 1657223 1500.97684   55  319 5.0000e+10 1461.70998   100%  70.2 1841s
 1937578 1663717 1.7448e+10  111  276 5.0000e+10 1461.72541   100%  70.1 1845s
 1945489 1670706 6.6424e+09   97  309 5.0000e+10 1461.74911   100%  70.1 1850s
 1951683 1676080 3.3953e+10   87  306 5.0000e+10 1461.77046   100%  70.1 1855s
 1953035 1676261 2.4324e+10  146  296 5.0000e+10 1461.77265   100%  70.1 1860s
 1958216 1680695 1588.72060   70  293 5.0000e+10 1461.78577   100%  70.1 1865s
 1966282 1688431 3.1856e+10  160  274 5.0000e+10 1461.80359   100%  70.0 1870s
 1973060 1695225 1.0286e+08   70  322 5.0000e+10 1461.82542   100%  70.0 1875s
 1974763 1695233 1494.43877   57  325 5.0000e+10 1461.82724   100%  70.0 1880s
 1980911 1701470 7.7294e+09  103  309 5.0000e+10 1461.84396   100%  70.0 1885s
 1990162 1709684 1559.97555   69  306 5.0000e+10 1461.86061   100%  69.9 1890s
 1999022 1717663 3.9788e+09  121  300 5.0000e+10 1461.88777   100%  69.9 1895s
 2007050 1724106 3.0621e+10   77  309 5.0000e+10 1461.90932   100%  69.9 1900s
 2007957 1724114 2.0000e+10   63  264 5.0000e+10 1461.91237   100%  69.9 1906s
 2011327 1728225 1494.64358   40  329 5.0000e+10 1461.92410   100%  69.9 1910s
 2012859 1729377 2.0029e+10   81  319 5.0000e+10 1461.93081   100%  69.9 1915s
 2020704 1736436 2.1432e+10   75  301 5.0000e+10 1461.95643   100%  69.9 1920s
 2029348 1743555     cutoff  135      5.0000e+10 1461.97981   100%  69.8 1925s
 2038591 1751583 2.4896e+09  101  293 5.0000e+10 1462.00141   100%  69.8 1930s
 2042932 1754907 1474.35463   46  334 5.0000e+10 1462.01187   100%  69.8 1935s
 2051075 1762083 2.7171e+10  111  306 5.0000e+10 1462.03651   100%  69.8 1940s
 2057282 1768119 1472.54147   53  321 5.0000e+10 1462.05829   100%  69.8 1946s
 2062684 1772705 1637.12131   62  316 5.0000e+10 1462.07235   100%  69.8 1950s
 2069583 1778359 2.7716e+08   62  290 5.0000e+10 1462.09252   100%  69.8 1955s
 2077952 1785274 1578.66513   64  314 5.0000e+10 1462.11220   100%  69.8 1960s
 2082926 1790129 1542.43804   58  299 5.0000e+10 1462.12626   100%  69.8 1965s
 2090687 1796896     cutoff   79      5.0000e+10 1462.14288   100%  69.8 1970s
 2097317 1801549 1498.30613   51  335 5.0000e+10 1462.16158   100%  69.7 1976s
 2101908 1805521 1566.39265   65  316 5.0000e+10 1462.17281   100%  69.7 1985s
 2107858 1811471 1.2411e+10  124  311 5.0000e+10 1462.19152   100%  69.8 1990s
 2110946 1820394 1502.59010   51  327 5.0000e+10 1462.19675   100%  69.8 1999s
 2120125 1822719 1508.24331   67  320 5.0000e+10 1462.22002   100%  69.7 2000s
 2127487 1828870 5.1274e+08   70  289 5.0000e+10 1462.23673   100%  69.7 2005s
 2135431 1834883 5.9251e+09   96  310 5.0000e+10 1462.25544   100%  69.7 2011s
 2139230 1839055 2.5011e+10   72  302 5.0000e+10 1462.26370   100%  69.7 2015s
 2147870 1845924 1.4815e+10   69  295 5.0000e+10 1462.29287   100%  69.7 2020s
 2154986 1852946 1473.11306   45  340 5.0000e+10 1462.31322   100%  69.6 2025s
 2161924 1858605 1484.22875   50  324 5.0000e+10 1462.33174   100%  69.6 2030s
 2170479 1866571 1575.82202   76  315 5.0000e+10 1462.35548   100%  69.6 2035s
 2173214 1868752 1.5375e+10  135  285 5.0000e+10 1462.36101   100%  69.6 2040s
 2182146 1876503 1.0982e+09   95  294 5.0000e+10 1462.38702   100%  69.5 2045s
 2185595 1882379 1528.71462   59  294 5.0000e+10 1462.39762   100%  69.6 2052s
 2195038 1887620 4.2292e+09  110  286 5.0000e+10 1462.41616   100%  69.5 2055s
 2200335 1891292 2.7063e+10  127  301 5.0000e+10 1462.42635   100%  69.5 2060s
 2200349 1898180 2.2606e+10  129  307 5.0000e+10 1462.42727   100%  69.5 2066s
 2208357 1898187 1655.87962   71  317 5.0000e+10 1462.44885   100%  69.5 2072s
 2212478 1902769 3.9599e+10  175  274 5.0000e+10 1462.46212   100%  69.5 2077s
 2218482 1907729 4.5585e+10  155  285 5.0000e+10 1462.47575   100%  69.4 2080s
 2226441 1915071 1515.04156   58  302 5.0000e+10 1462.49302   100%  69.5 2085s
 2233655 1921043 1479.34672   56  316 5.0000e+10 1462.51239   100%  69.5 2090s
 2244350 1930098 1480.54677   55  323 5.0000e+10 1462.53642   100%  69.4 2095s
 2254338 1938650 1484.79146   48  311 5.0000e+10 1462.55995   100%  69.4 2100s
 2258027 1942286 1.9274e+09  109  299 5.0000e+10 1462.56709   100%  69.4 2105s
 2268653 1951579 8.9822e+09   92  296 5.0000e+10 1462.59975   100%  69.4 2110s
 2277859 1959356     cutoff  176      5.0000e+10 1462.62588   100%  69.4 2115s
 2286228 1966565 1602.49255   74  310 5.0000e+10 1462.64759   100%  69.4 2120s
 2294605 1973951 1518.81711   55  301 5.0000e+10 1462.66927   100%  69.4 2125s
 2296130 1975269 8.0871e+09  112  300 5.0000e+10 1462.67316   100%  69.4 2130s
 2305813 1983512 1.1154e+09   84  311 5.0000e+10 1462.69122   100%  69.4 2135s
 2308148 1991445 2.8326e+09   64  296 5.0000e+10 1462.69520   100%  69.4 2141s
 2321941 1997442 1539.32314   53  311 5.0000e+10 1462.72731   100%  69.4 2145s
 2329944 2004112 1605.61068   70  314 5.0000e+10 1462.74480   100%  69.3 2150s
 2339561 2013608 1.8262e+09   80  288 5.0000e+10 1462.76901   100%  69.3 2155s
 2347395 2019581 4.5753e+10  107  257 5.0000e+10 1462.78987   100%  69.3 2160s
 2357332 2028458 1576.66329   60  309 5.0000e+10 1462.81443   100%  69.3 2165s
 2361708 2031332 1644.32687   84  322 5.0000e+10 1462.82271   100%  69.3 2171s
 2368038 2038243 1542.16876   52  317 5.0000e+10 1462.83760   100%  69.3 2175s
 2374940 2042714 2.9351e+10  139  291 5.0000e+10 1462.85027   100%  69.2 2182s
H2377840 1938850                    4.000000e+10 1462.85935   100%  69.2 2184s
 2378802 1940280 1541.67399   68  321 4.0000e+10 1462.86203   100%  69.2 2185s
 2389796 1950064 1466.96365   50  338 4.0000e+10 1462.88389   100%  69.2 2190s
 2399659 1959226 2.2261e+09  113  296 4.0000e+10 1462.91188   100%  69.2 2195s
 2409469 1966658 1548.26284   55  318 4.0000e+10 1462.93564   100%  69.2 2200s
 2414137 1976869 1549.57062   59  303 4.0000e+10 1462.94662   100%  69.2 2210s
H2422145 1754972                    3.000000e+10 1462.96510   100%  69.2 2216s
H2422155 1752316                    3.000000e+10 1462.96510   100%  69.2 2216s
 2428055 1758347 1486.54021   47  313 3.0000e+10 1462.98931   100%  69.2 2220s
H2433715 1761909                    3.000000e+10 1463.00564   100%  69.2 2226s
H2433716 1761903                    2.999999e+10 1463.00564   100%  69.2 2226s
H2433720 1761886                    2.999999e+10 1463.00564   100%  69.2 2226s
 2440698 1768879 2.5755e+09   62  312 3.0000e+10 1463.02957   100%  69.2 2230s
 2451050 1777634 1535.62603   60  285 3.0000e+10 1463.06241   100%  69.2 2235s
 2460859 1786056 1524.08039   56  308 3.0000e+10 1463.09027   100%  69.2 2240s
 2471554 1795116 1.2427e+10  121  320 3.0000e+10 1463.11907   100%  69.1 2245s
 2476672 1798719 1.5821e+09   89  290 3.0000e+10 1463.12964   100%  69.1 2250s
 2483380 1805272 1496.56762   51  316 3.0000e+10 1463.14934   100%  69.1 2255s
 2492767 1813276 1467.93591   45  334 3.0000e+10 1463.17682   100%  69.1 2260s
 2501282 1820629 7.9116e+09  119  303 3.0000e+10 1463.19970   100%  69.1 2265s
 2509833 1827011 1574.94981   74  301 3.0000e+10 1463.22094   100%  69.1 2273s
 2512143 1829811 8.6454e+09   76  301 3.0000e+10 1463.22777   100%  69.1 2275s
 2522363 1838710 7.5568e+09   79  286 3.0000e+10 1463.25361   100%  69.1 2280s
 2530955 1845149 3.6756e+09   72  308 3.0000e+10 1463.27647   100%  69.1 2290s
 2539530 1853414 1529.04744   49  320 3.0000e+10 1463.30152   100%  69.1 2295s
 2546473 1859216 1546.76005   60  307 3.0000e+10 1463.31518   100%  69.1 2300s
 2554938 1866617 1613.56321   70  310 3.0000e+10 1463.33632   100%  69.1 2305s
 2561830 1872418 1519.46227   58  314 3.0000e+10 1463.35258   100%  69.1 2310s
 2571754 1880864 1472.89564   46  326 3.0000e+10 1463.37907   100%  69.1 2315s
 2578876 1893066 1.0000e+10   64  285 3.0000e+10 1463.39990   100%  69.1 2324s
 2586884 1894170 9.1958e+09  100  320 3.0000e+10 1463.42237   100%  69.1 2325s
 2595602 1901543 1485.74617   50  333 3.0000e+10 1463.44829   100%  69.1 2330s
 2599383 1904948 3.0029e+09   95  310 3.0000e+10 1463.45656   100%  69.1 2335s
 2609008 1913336 1500.40292   55  337 3.0000e+10 1463.48421   100%  69.1 2340s
 2614095 1917393 1.1205e+10  113  305 3.0000e+10 1463.49400   100%  69.0 2345s
 2618904 1920534 1496.74199   50  322 3.0000e+10 1463.50817   100%  69.0 2352s
 2620442 1922365 7.0847e+09  105  308 3.0000e+10 1463.51506   100%  69.0 2356s
 2627968 1929157 9.9761e+09   70  314 3.0000e+10 1463.53407   100%  69.0 2360s
 2634950 1933993 4.2943e+09   76  312 3.0000e+10 1463.55077   100%  69.0 2366s
 2641334 1940742 1560.97231   65  319 3.0000e+10 1463.56638   100%  69.0 2370s
 2649713 1947641 1539.71493   52  292 3.0000e+10 1463.58860   100%  69.0 2375s
H2653585 1950401                    2.999998e+10 1463.60048   100%  69.0 2378s
 2654964 1953095 1.4201e+10  132  316 3.0000e+10 1463.60164   100%  69.0 2381s
 2663755 1959644 1636.40596   69  296 3.0000e+10 1463.61849   100%  69.0 2385s
H2666214 1960774                    2.999998e+10 1463.62587   100%  69.0 2388s
H2666215 1960773                    2.999998e+10 1463.62587   100%  69.0 2388s
 2668765 1964409 1600.29281   84  280 3.0000e+10 1463.63221   100%  69.0 2390s
 2677034 1971074 1521.18741   58  297 3.0000e+10 1463.65450   100%  69.0 2395s
 2680981 1974410 1504.52330   50  327 3.0000e+10 1463.66535   100%  69.0 2400s
 2689518 1981761 1524.36837   57  333 3.0000e+10 1463.68287   100%  69.0 2405s
 2698703 1989411 1.0000e+10   61  306 3.0000e+10 1463.70768   100%  69.0 2410s
 2704052 1993882 1588.65335   77  308 3.0000e+10 1463.71998   100%  69.0 2415s
 2712589 2001277 4.1111e+09   96  291 3.0000e+10 1463.73891   100%  69.0 2420s
 2715544 2002680     cutoff  140      3.0000e+10 1463.74490   100%  69.0 2426s
 2721843 2009067 1480.53505   47  337 3.0000e+10 1463.76006   100%  69.0 2430s
 2731214 2017360 1485.27470   44  329 3.0000e+10 1463.78288   100%  68.9 2435s
 2737118 2022140 1519.60894   52  325 3.0000e+10 1463.79846   100%  68.9 2440s
 2743195 2026736 4.5289e+09  132  317 3.0000e+10 1463.81375   100%  68.9 2449s
 2743416 2026827 1.0000e+10   65  309 3.0000e+10 1463.81375   100%  68.9 2450s
 2748803 2032560 1482.51416   46  321 3.0000e+10 1463.82923   100%  68.9 2455s
 2758211 2040551 1.2368e+09   94  315 3.0000e+10 1463.84715   100%  68.9 2460s
 2764750 2046311 5.0622e+09  106  306 3.0000e+10 1463.86137   100%  68.9 2465s
 2773680 2053728 1548.24789   64  283 3.0000e+10 1463.88372   100%  68.9 2470s
 2780872 2059831 8.0009e+08   67  336 3.0000e+10 1463.90064   100%  68.9 2475s
 2789066 2067290 1494.06257   47  326 3.0000e+10 1463.92554   100%  68.9 2480s
 2793700 2070843 9.6909e+08   60  306 3.0000e+10 1463.93679   100%  68.9 2485s
 2803206 2079339 1492.20808   52  317 3.0000e+10 1463.95931   100%  68.9 2490s
 2809234 2084672 1675.50790   77  282 3.0000e+10 1463.97274   100%  68.8 2495s
 2817675 2090557 1.6503e+10  139  270 3.0000e+10 1463.99064   100%  68.9 2503s
 2817896 2091526 1.7076e+10  141  260 3.0000e+10 1463.99079   100%  68.9 2505s
 2828281 2100599 2.5395e+10  101  288 3.0000e+10 1464.01861   100%  68.9 2510s
 2834795 2106506 1502.59672   51  322 3.0000e+10 1464.03309   100%  68.8 2515s
 2844669 2114469 1495.62715   57  322 3.0000e+10 1464.05763   100%  68.8 2520s
 2853479 2120983 2.2716e+10  134  261 3.0000e+10 1464.07679   100%  68.9 2526s
 2860542 2128141 1.4927e+10  104  305 3.0000e+10 1464.09466   100%  68.8 2530s
 2870551 2135924 1483.62258   46  326 3.0000e+10 1464.12002   100%  68.8 2540s
 2876452 2141908 3.8453e+09   88  295 3.0000e+10 1464.13367   100%  68.8 2545s
 2885568 2149953 1593.45681   69  309 3.0000e+10 1464.15264   100%  68.8 2550s
 2892174 2155508 1489.22096   61  320 3.0000e+10 1464.16597   100%  68.8 2555s
 2902589 2164499 1.4695e+10   86  296 3.0000e+10 1464.19057   100%  68.7 2560s
 2909151 2169848 1505.56220   47  316 3.0000e+10 1464.20379   100%  68.8 2565s
 2914337 2174873 2.7166e+09   98  293 3.0000e+10 1464.21658   100%  68.8 2570s
 2924468 2183432 1470.93726   46  326 3.0000e+10 1464.24232   100%  68.8 2575s
 2930986 2188521 8.3828e+08   73  311 3.0000e+10 1464.25600   100%  68.7 2580s
 2939929 2196576 1.1479e+10  138  320 3.0000e+10 1464.28102   100%  68.7 2585s
 2950850 2206012 1621.13905   68  270 3.0000e+10 1464.30870   100%  68.7 2590s
 2953556 2206979 2.0000e+10   76  308 3.0000e+10 1464.31314   100%  68.7 2599s
 2954601 2208920 1550.26787   63  328 3.0000e+10 1464.31636   100%  68.7 2600s
 2962000 2214124 2.2162e+10  103  285 3.0000e+10 1464.33402   100%  68.7 2608s
 2962186 2215274 2.2502e+10  105  285 3.0000e+10 1464.33502   100%  68.7 2610s
 2967602 2219935 2.3357e+10  142  306 3.0000e+10 1464.35340   100%  68.7 2615s
 2977791 2229149 4.3614e+09  107  291 3.0000e+10 1464.37373   100%  68.7 2620s
 2987876 2237612 8.6217e+09  115  296 3.0000e+10 1464.39357   100%  68.7 2625s
 2995055 2243413 1621.29509   65  319 3.0000e+10 1464.40672   100%  68.7 2630s
 3004121 2251268 4.1242e+09   99  294 3.0000e+10 1464.42185   100%  68.7 2635s
 3010531 2257058 2.7469e+09   84  305 3.0000e+10 1464.44057   100%  68.7 2640s
 3020779 2265700 1.0588e+10   93  313 3.0000e+10 1464.46526   100%  68.6 2645s
 3026599 2270907 1507.37869   60  331 3.0000e+10 1464.47848   100%  68.6 2650s
 3036170 2278881 1490.99678   58  323 3.0000e+10 1464.50267   100%  68.6 2655s
 3045836 2285840 1624.98690   74  293 3.0000e+10 1464.52660   100%  68.6 2661s
 3052204 2292413 1621.39459   74  301 3.0000e+10 1464.54058   100%  68.6 2665s
 3059812 2299117 1490.60091   52  335 3.0000e+10 1464.55757   100%  68.6 2670s
 3065236 2303005 1.0000e+10   58  286 3.0000e+10 1464.56957   100%  68.6 2675s
 3068966 2306076 1530.66045   65  309 3.0000e+10 1464.58072   100%  68.7 2680s
 3075997 2310744 1.1484e+10   88  282 3.0000e+10 1464.59687   100%  68.7 2685s
 3084686 2318907 1.4354e+10  153  300 3.0000e+10 1464.62027   100%  68.6 2690s
 3095075 2327897 1562.42977   47  323 3.0000e+10 1464.64323   100%  68.6 2695s
 3099829 2332001 3.4542e+09   85  311 3.0000e+10 1464.65458   100%  68.6 2700s
 3108633 2339763 1552.98623   54  309 3.0000e+10 1464.66913   100%  68.6 2705s
 3113317 2342720 1.0349e+10  108  300 3.0000e+10 1464.67932   100%  68.6 2854s
 3113473 2343635 1.0355e+10  109  300 3.0000e+10 1464.67934   100%  68.6 2855s
 3124155 2353056 1600.82108   67  328 3.0000e+10 1464.70460   100%  68.6 2860s
 3128481 2356629 1504.29869   61  311 3.0000e+10 1464.71281   100%  68.6 2865s
 3139425 2366167 1548.03258   62  337 3.0000e+10 1464.73779   100%  68.6 2870s
 3150517 2375571 1508.71811   65  311 3.0000e+10 1464.75813   100%  68.6 2875s
 3158168 2381353 1.9995e+10  159  307 3.0000e+10 1464.77839   100%  68.6 2880s
 3166353 2389204 1508.75171   57  312 3.0000e+10 1464.79675   100%  68.6 2885s
 3172721 2393471 1484.01487   50  329 3.0000e+10 1464.81185   100%  68.6 2894s
 3172863 2393476 1486.10762   51  323 3.0000e+10 1464.81185   100%  68.6 2897s
 3178405 2399667 3.2748e+09   91  303 3.0000e+10 1464.82374   100%  68.6 2900s
 3189157 2408483 2.1182e+10  152  288 3.0000e+10 1464.84445   100%  68.6 2905s
 3196332 2413714 1617.78422   68  324 3.0000e+10 1464.86144   100%  68.6 2910s
 3205552 2422771 1562.43440   59  295 3.0000e+10 1464.88407   100%  68.6 2915s
 3212225 2428162 1515.98986   52  318 3.0000e+10 1464.89787   100%  68.6 2920s
 3221950 2437014 1537.51200   53  323 3.0000e+10 1464.91786   100%  68.5 2925s
 3229750 2442286     cutoff  149      3.0000e+10 1464.93346   100%  68.5 2931s
 3236070 2448536 2.0499e+10  115  309 3.0000e+10 1464.94714   100%  68.5 2935s
 3247362 2458405 1.0310e+09   78  309 3.0000e+10 1464.97380   100%  68.5 2940s
 3253006 2468829 1.0077e+09   86  307 3.0000e+10 1464.98650   100%  68.5 2948s
 3262389 2471348 1504.68032   56  314 3.0000e+10 1465.00797   100%  68.5 2950s
 3268085 2481623 1487.39834   53  325 3.0000e+10 1465.02276   100%  68.5 2959s
 3276986 2483437 1490.57438   43  328 3.0000e+10 1465.03820   100%  68.5 2960s
 3286379 2491110 1518.75959   48  315 3.0000e+10 1465.05706   100%  68.6 2965s
 3294010 2497536 1641.01861   81  321 3.0000e+10 1465.07130   100%  68.5 2970s
 3297850 2499797 1639.58999   76  324 3.0000e+10 1465.07714   100%  68.5 2975s
 3305890 2507928     cutoff  159      3.0000e+10 1465.09455   100%  68.5 2980s
 3314487 2515276 9.9526e+09  124  306 3.0000e+10 1465.11386   100%  68.5 2986s
 3323823 2523208 3.9349e+09   83  298 3.0000e+10 1465.13258   100%  68.5 2990s
 3332710 2529660 3.6411e+09   93  292 3.0000e+10 1465.14784   100%  68.5 2995s
 3336323 2533470 1.0935e+10  102  305 3.0000e+10 1465.15583   100%  68.5 3000s
 3342897 2539620 1593.03734   68  303 3.0000e+10 1465.17168   100%  68.5 3005s
 3352979 2548094 1536.80696   68  320 3.0000e+10 1465.19262   100%  68.5 3010s
 3361210 2555142 1563.19914   67  298 3.0000e+10 1465.20993   100%  68.4 3015s
 3368817 2561117 2.0707e+10  139  287 3.0000e+10 1465.22208   100%  68.4 3020s
 3374832 2565820 1635.34817   70  303 3.0000e+10 1465.23449   100%  68.4 3027s
 3378555 2570086 6.7843e+08   67  305 3.0000e+10 1465.24026   100%  68.4 3030s
 3384776 2574976 8.9213e+09  107  320 3.0000e+10 1465.25285   100%  68.4 3035s
 3394756 2583413 1.6827e+10   97  313 3.0000e+10 1465.27241   100%  68.4 3040s
 3403302 2591454 1.7894e+10  105  290 3.0000e+10 1465.29283   100%  68.4 3045s
 3411899 2597391 1491.39963   61  318 3.0000e+10 1465.31151   100%  68.4 3050s
 3418847 2604919 2.0000e+10  106  320 3.0000e+10 1465.32711   100%  68.4 3055s
 3430226 2614419 8.5293e+08   67  293 3.0000e+10 1465.34681   100%  68.4 3060s
 3435091 2617602 1591.53721   73  314 3.0000e+10 1465.35472   100%  68.4 3068s
 3437967 2621342 6.5951e+09   72  271 3.0000e+10 1465.36066   100%  68.4 3070s
 3448454 2630242 1471.09823   46  324 3.0000e+10 1465.37977   100%  68.3 3075s
 3455987 2637080 3.1260e+09   83  316 3.0000e+10 1465.39779   100%  68.3 3080s
 3464049 2642583 1533.79104   56  299 3.0000e+10 1465.41260   100%  68.3 3086s
 3464060 2649479 1547.81981   57  305 3.0000e+10 1465.41288   100%  68.3 3091s
 3479213 2657174 1551.30733   71  301 3.0000e+10 1465.44255   100%  68.3 3095s
 3485337 2661022 1521.64122   57  322 3.0000e+10 1465.45551   100%  68.3 3101s
 3489561 2665828 1530.61614   56  303 3.0000e+10 1465.46348   100%  68.3 3105s
 3498547 2672446 1499.25229   43  306 3.0000e+10 1465.48078   100%  68.3 3110s
 3507583 2681113 1523.21177   55  332 3.0000e+10 1465.49817   100%  68.3 3115s
 3514974 2686456 5.8209e+08   75  314 3.0000e+10 1465.51203   100%  68.3 3121s
 3521267 2692779 1518.61287   56  307 3.0000e+10 1465.52287   100%  68.3 3125s
 3531158 2701380 1474.23930   51  328 3.0000e+10 1465.54030   100%  68.3 3130s
 3538940 2707987 1516.79549   57  311 3.0000e+10 1465.55527   100%  68.3 3135s
 3550004 2716962 1572.04884   57  311 3.0000e+10 1465.57531   100%  68.2 3140s
 3552660 2718531 1629.23542   55  294 3.0000e+10 1465.58151   100%  68.2 3145s
 3560840 2726405 5.1141e+09  105  319 3.0000e+10 1465.59431   100%  68.2 3150s
 3566855 2730952 1511.98783   51  313 3.0000e+10 1465.60513   100%  68.3 3156s
 3573814 2736792 1.5000e+10   55  288 3.0000e+10 1465.62002   100%  68.3 3160s
 3582875 2743855 1595.81994   62  324 3.0000e+10 1465.63289   100%  68.3 3166s
 3588829 2749311 2.3226e+10  153  301 3.0000e+10 1465.64726   100%  68.3 3173s
 3591292 2752761 6.7377e+08   71  314 3.0000e+10 1465.65256   100%  68.3 3175s
 3600192 2759508 1558.28963   57  297 3.0000e+10 1465.66929   100%  68.3 3180s
 3607259 2764341 1495.07007   57  309 3.0000e+10 1465.68267   100%  68.3 3186s
 3614433 2771304 1541.82572   64  338 3.0000e+10 1465.69754   100%  68.3 3190s
 3623879 2779711 1607.59911   67  291 3.0000e+10 1465.71384   100%  68.3 3195s
 3630219 2783748 1555.91585   59  327 3.0000e+10 1465.72428   100%  68.3 3200s
 3638116 2791463 1472.78619   50  325 3.0000e+10 1465.74101   100%  68.3 3205s
 3640350 2792470 1593.24642   60  312 3.0000e+10 1465.74466   100%  68.3 3211s
 3643970 2796625 2.7747e+10  104  292 3.0000e+10 1465.75066   100%  68.3 3215s
 3654143 2805259 1498.42142   47  333 3.0000e+10 1465.76693   100%  68.2 3220s
 3660032 2810344 2.6306e+09   88  325 3.0000e+10 1465.77782   100%  68.3 3225s
 3669708 2818413 1.7760e+10  119  270 3.0000e+10 1465.79320   100%  68.3 3230s
 3675220 2822154 1553.76771   67  315 3.0000e+10 1465.80192   100%  68.3 3235s
 3682875 2829721 1582.56474   69  303 3.0000e+10 1465.81544   100%  68.2 3240s
 3693286 2838697 2.5202e+09   70  290 3.0000e+10 1465.83453   100%  68.2 3245s
 3700015 2844579 1.2829e+10  115  291 3.0000e+10 1465.84705   100%  68.2 3250s
 3710156 2852351 1.4511e+10  128  301 3.0000e+10 1465.86690   100%  68.2 3255s
 3716553 2858661 1651.01718   70  304 3.0000e+10 1465.87739   100%  68.2 3260s
 3725911 2865119 1.0000e+10   66  284 3.0000e+10 1465.88946   100%  68.2 3266s
 3733439 2872706 7.1059e+09  102  289 3.0000e+10 1465.90347   100%  68.2 3270s
 3743055 2880788 1525.47160   51  309 3.0000e+10 1465.92095   100%  68.2 3275s
 3749830 2886962 7.2047e+08   74  296 3.0000e+10 1465.92889   100%  68.2 3280s
 3759021 2894541 9.1219e+09  106  321 3.0000e+10 1465.94532   100%  68.2 3285s
 3762909 2896796 1579.74070   67  316 3.0000e+10 1465.95057   100%  68.2 3293s
 3764453 2899319 2.6782e+10  112  303 3.0000e+10 1465.95514   100%  68.2 3295s
 3772469 2905754 1494.32885   54  317 3.0000e+10 1465.97008   100%  68.2 3300s
 3782093 2914865 3.0269e+09   82  309 3.0000e+10 1465.98477   100%  68.2 3305s
 3788215 2919333 1.0641e+10   71  297 3.0000e+10 1465.99948   100%  68.2 3310s
 3797755 2927879 1516.31231   56  309 3.0000e+10 1466.01931   100%  68.2 3315s
 3805077 2933874 3.0380e+08   67  301 3.0000e+10 1466.03243   100%  68.2 3320s
 3813981 2941372 1483.93338   53  323 3.0000e+10 1466.04544   100%  68.2 3325s
 3821380 2947914 1.4236e+10   98  314 3.0000e+10 1466.05847   100%  68.2 3330s
 3831480 2956075 1481.38754   50  340 3.0000e+10 1466.07547   100%  68.2 3335s
 3839034 2962963 9.6995e+09  133  313 3.0000e+10 1466.08821   100%  68.1 3340s
 3846928 2968533 1.0215e+10  132  304 3.0000e+10 1466.10236   100%  68.2 3346s
 3853504 2975416 3.0363e+09   85  289 3.0000e+10 1466.11179   100%  68.2 3350s
 3863013 2982303     cutoff  140      3.0000e+10 1466.12808   100%  68.1 3357s
 3864108 2984391 1.4653e+10  116  277 3.0000e+10 1466.12989   100%  68.1 3360s
 3874321 2993045 7.0955e+08   68  306 3.0000e+10 1466.14637   100%  68.1 3365s
 3881375 2999335 1585.75432   66  307 3.0000e+10 1466.15812   100%  68.1 3370s
 3891113 3007462 1489.02796   53  311 3.0000e+10 1466.17500   100%  68.1 3375s
 3896647 3011965 1.9044e+10  115  296 3.0000e+10 1466.18397   100%  68.1 3380s
 3904991 3018150 8.5579e+09   99  298 3.0000e+10 1466.19576   100%  68.1 3389s
 3904999 3018232 8.9143e+09  100  296 3.0000e+10 1466.19576   100%  68.1 3390s
 3912842 3024889 1543.27072   53  309 3.0000e+10 1466.21012   100%  68.1 3396s
 3918414 3030780 1.9945e+10  148  292 3.0000e+10 1466.22127   100%  68.1 3400s
 3928497 3039344 1529.80612   59  314 3.0000e+10 1466.23711   100%  68.1 3405s
 3935781 3044515 1491.13754   56  335 3.0000e+10 1466.24656   100%  68.1 3410s
 3945727 3054161 1.7945e+10  114  293 3.0000e+10 1466.26262   100%  68.1 3415s
 3954065 3060951 2.5407e+10  112  315 3.0000e+10 1466.27470   100%  68.1 3420s
 3958308 3064859 1.0000e+10   52  322 3.0000e+10 1466.28371   100%  68.1 3425s
 3968422 3073592 1646.34582   62  312 3.0000e+10 1466.30019   100%  68.1 3430s
 3976002 3079060 4.1982e+09   84  283 3.0000e+10 1466.31463   100%  68.1 3435s
 3982913 3085886 1590.29674   80  299 3.0000e+10 1466.32561   100%  68.1 3440s
 3991837 3093590 infeasible   80      3.0000e+10 1466.34153   100%  68.1 3445s
 4000055 3099651 5.9195e+09   68  271 3.0000e+10 1466.35532   100%  68.1 3450s
 4001186 3101432 7.9246e+08  101  303 3.0000e+10 1466.35703   100%  68.1 3455s
 4010013 3109005     cutoff  138      3.0000e+10 1466.37116   100%  68.1 3460s
 4019968 3117480 1595.37134   73  308 3.0000e+10 1466.38481   100%  68.0 3465s
 4027347 3123638 3.4041e+09   86  307 3.0000e+10 1466.39362   100%  68.0 3470s
 4028522 3124780 1493.90732   54  323 3.0000e+10 1466.39623   100%  68.0 4435s
 4038319 3133236 1660.33614   60  293 3.0000e+10 1466.41227   100%  68.0 4440s
 4040794 3134141 2.6866e+10  100  269 3.0000e+10 1466.41693   100%  68.0 4445s
 4043898 3138016 1518.63011   67  331 3.0000e+10 1466.42540   100%  68.0 4450s
 4054683 3147292 1.3861e+10   91  247 3.0000e+10 1466.43984   100%  68.0 4455s
 4060791 3152132 1587.41253   67  321 3.0000e+10 1466.45309   100%  68.0 4460s
 4071083 3161191 1.8769e+10  120  294 3.0000e+10 1466.46749   100%  68.0 4465s
 4076885 3165309 1.6862e+08   62  309 3.0000e+10 1466.47729   100%  68.0 4471s
 4083279 3171279 1.8819e+09   73  318 3.0000e+10 1466.48992   100%  68.0 4475s
 4091711 3178892 1485.99108   48  309 3.0000e+10 1466.50053   100%  68.0 4480s
 4097942 3184191 5.4392e+09  119  288 3.0000e+10 1466.51155   100%  68.0 4485s
 4106730 3190542 1649.30944   76  323 3.0000e+10 1466.52464   100%  68.0 4491s
 4111587 3194864 2.5506e+10  107  299 3.0000e+10 1466.53179   100%  68.0 4499s
 4111698 3201573 2.6490e+10  108  297 3.0000e+10 1466.53183   100%  68.0 4504s
 4119706 3201708 6.2008e+09   82  319 3.0000e+10 1466.54691   100%  68.0 4506s
 4127517 3209735 2.5690e+10  137  294 3.0000e+10 1466.55908   100%  68.0 4510s
 4135102 3216030 1.4483e+10   92  285 3.0000e+10 1466.57345   100%  68.0 4515s
 4146346 3225460 1.2281e+08   77  314 3.0000e+10 1466.58993   100%  68.0 4520s
 4153571 3231445     cutoff   75      3.0000e+10 1466.60123   100%  68.0 4525s
 4162266 3237870 1.3718e+10   69  305 3.0000e+10 1466.61257   100%  68.0 4530s
 4169995 3245816 1545.12578   51  309 3.0000e+10 1466.62324   100%  68.0 4535s
 4179656 3252532 1472.34978   54  328 3.0000e+10 1466.63995   100%  68.0 4541s
 4182571 3255336 1482.30427   47  320 3.0000e+10 1466.64351   100%  67.9 4546s
 4189004 3261360 1.5241e+10  129  300 3.0000e+10 1466.65275   100%  67.9 4550s
 4196780 3267921 2.0363e+10  106  306 3.0000e+10 1466.66602   100%  67.9 4555s
 4206446 3276082 1506.83130   51  338 3.0000e+10 1466.68702   100%  67.9 4560s
 4215069 3283907 1546.02773   67  311 3.0000e+10 1466.69904   100%  67.9 4565s
 4226080 3293242 1569.07327   66  300 3.0000e+10 1466.71400   100%  67.9 4570s
 4232685 3299177 5.6295e+08   83  309 3.0000e+10 1466.72590   100%  67.9 4575s
 4236599 3301360 4.7644e+09  100  309 3.0000e+10 1466.73072   100%  67.9 4580s
 4243184 3307756 1486.84373   60  346 3.0000e+10 1466.74394   100%  67.9 4585s
 4252942 3315541 1.0000e+10   58  301 3.0000e+10 1466.75688   100%  67.9 4590s
 4260077 3322011 2.9631e+08   68  311 3.0000e+10 1466.76742   100%  67.9 4595s
 4270163 3330559 1515.70463   57  311 3.0000e+10 1466.78517   100%  67.9 4600s
 4280000 3338766 1496.54313   54  311 3.0000e+10 1466.79975   100%  67.9 4605s
 4286371 3344716 2.6343e+09   69  317 3.0000e+10 1466.80841   100%  67.9 4610s
 4291180 3348544 1546.58611   58  308 3.0000e+10 1466.81430   100%  67.9 4615s
 4297931 3354646 1.2892e+09   73  319 3.0000e+10 1466.82652   100%  67.9 4620s
 4309120 3364500 1509.05984   62  323 3.0000e+10 1466.84122   100%  67.9 4625s
 4314343 3368118 7.4078e+09   91  298 3.0000e+10 1466.84949   100%  67.9 4630s
 4323063 3376117 4.0889e+09   87  292 3.0000e+10 1466.86670   100%  67.9 4635s
 4334593 3385979 3.3643e+09  108  317 3.0000e+10 1466.88419   100%  67.9 4640s
 4340781 3391126     cutoff  142      3.0000e+10 1466.89338   100%  67.8 4645s
 4349925 3398138 9.5275e+09  100  278 3.0000e+10 1466.90525   100%  67.8 4653s
 4350969 3399014 1.0415e+10  100  294 3.0000e+10 1466.90830   100%  67.8 4655s
 4359974 3407628 1537.77768   51  322 3.0000e+10 1466.92109   100%  67.8 4660s
 4365649 3412836 1.6444e+10   96  282 3.0000e+10 1466.93121   100%  67.8 4665s
 4375971 3421301 1.0000e+10   61  292 3.0000e+10 1466.94922   100%  67.8 4670s
 4383184 3427163 1.1644e+10   96  297 3.0000e+10 1466.96210   100%  67.8 4675s
 4393289 3436275 2.5262e+10  129  309 3.0000e+10 1466.97578   100%  67.8 4680s
 4399065 3441187 1479.70729   55  328 3.0000e+10 1466.98385   100%  67.8 4685s
 4410632 3450969 1484.30198   53  317 3.0000e+10 1466.99932   100%  67.8 4690s
 4416684 3455999 1.3028e+10  107  307 3.0000e+10 1467.00638   100%  67.8 4695s
 4427836 3466357 1575.77704   76  310 3.0000e+10 1467.02157   100%  67.8 4700s
 4437135 3473161 1499.25680   54  334 3.0000e+10 1467.03258   100%  67.7 4705s
 4445839 3481559 7.3129e+09   98  294 3.0000e+10 1467.04770   100%  67.7 4710s
 4455387 3488986 1.8748e+10  117  296 3.0000e+10 1467.05935   100%  67.7 4721s
 4461250 3495593 8.7795e+08   79  290 3.0000e+10 1467.06941   100%  67.7 4725s
 4468971 3501102 2.0483e+10   59  288 3.0000e+10 1467.08083   100%  67.7 4730s
 4478235 3508208 1538.01442   52  307 3.0000e+10 1467.09391   100%  67.7 4735s
 4486777 3516460     cutoff  157      3.0000e+10 1467.10329   100%  67.7 4740s
 4494104 3523015 1472.75031   46  328 3.0000e+10 1467.11446   100%  67.7 4745s
 4503492 3531093 7.4060e+08   62  308 3.0000e+10 1467.12963   100%  67.7 4750s
 4511091 3537228 1.9043e+10   63  314 3.0000e+10 1467.13995   100%  67.7 4755s
 4514291 3539011 1.0152e+10   93  302 3.0000e+10 1467.14486   100%  67.7 4762s
 4516364 3541890 1521.03902   62  336 3.0000e+10 1467.14753   100%  67.7 4765s
 4526507 3550444 1531.50265   60  322 3.0000e+10 1467.15819   100%  67.7 4770s
 4533682 3556544 1514.39935   51  324 3.0000e+10 1467.17000   100%  67.7 4775s
 4542713 3563090 1482.11828   47  325 3.0000e+10 1467.18268   100%  67.7 4780s
 4550767 3570809 2.7982e+08   71  292 3.0000e+10 1467.19588   100%  67.7 4785s
 4554222 3572926 1558.55597   69  312 3.0000e+10 1467.20230   100%  67.7 4791s
 4556788 3576135 1.6939e+09   76  315 3.0000e+10 1467.20559   100%  67.7 4795s
 4564468 3581679 1471.05190   52  326 3.0000e+10 1467.21737   100%  67.7 4800s
 4573583 3590331 1.4273e+10  115  311 3.0000e+10 1467.23069   100%  67.7 4805s
 4581401 3596822 2.5163e+10  101  313 3.0000e+10 1467.24264   100%  67.7 4810s
 4591048 3605075 1483.16230   57  322 3.0000e+10 1467.25735   100%  67.7 4815s
 4598563 3611469 1594.52818   71  314 3.0000e+10 1467.26826   100%  67.7 4820s
 4606369 3617022 1.0370e+10   97  277 3.0000e+10 1467.28061   100%  67.7 4826s
H4606375 3617022                    2.999997e+10 1467.28061   100%  67.7 4827s
 4611688 3622882 2.1031e+10  128  294 3.0000e+10 1467.28874   100%  67.7 4830s
 4621655 3631171 1.7747e+09   86  299 3.0000e+10 1467.30546   100%  67.7 4835s
 4628039 3636790 1.0837e+10  117  300 3.0000e+10 1467.31394   100%  67.6 4840s
 4633223 3640591 1.2491e+10  107  292 3.0000e+10 1467.32096   100%  67.6 4848s
 4636041 3643451 1489.12998   45  330 3.0000e+10 1467.32525   100%  67.6 4850s
 4642578 3649235 1519.05510   51  318 3.0000e+10 1467.33527   100%  67.6 4855s
 4653239 3658513 3.2859e+09   75  297 3.0000e+10 1467.34908   100%  67.6 4860s
 4659872 3663172 8.1133e+08   90  320 3.0000e+10 1467.35654   100%  67.6 4866s
 4667259 3670169 1486.22006   52  313 3.0000e+10 1467.36611   100%  67.6 4870s
 4675229 3677384 1589.27566   74  321 3.0000e+10 1467.37982   100%  67.6 4875s
 4682695 3682800 3.9141e+09  122  312 3.0000e+10 1467.38797   100%  67.6 4880s
 4690631 3690401 1.2580e+09   62  311 3.0000e+10 1467.39805   100%  67.6 4885s
 4700050 3699084 1675.24756   76  315 3.0000e+10 1467.40953   100%  67.6 4890s
 4705471 3703399 1645.59322   77  300 3.0000e+10 1467.41903   100%  67.6 4895s
 4715816 3712556 1615.27051   74  314 3.0000e+10 1467.43229   100%  67.6 4900s
 4723244 3718643 1491.32787   49  326 3.0000e+10 1467.44244   100%  67.6 4905s
 4733483 3726885 1.6119e+09   81  287 3.0000e+10 1467.45337   100%  67.5 4912s
 4736223 3730153 1.2382e+10  124  322 3.0000e+10 1467.45940   100%  67.5 4915s
 4745885 3738688 2.3468e+08   78  330 3.0000e+10 1467.47060   100%  67.5 4920s
 4752395 3744376 1.1581e+09   86  323 3.0000e+10 1467.48309   100%  67.5 4925s
 4762142 3751404 2.6468e+10  150  302 3.0000e+10 1467.49949   100%  67.5 4931s
 4769792 3758919 1476.12876   51  328 3.0000e+10 1467.51072   100%  67.5 4935s
 4778531 3766705 1582.57374   79  316 3.0000e+10 1467.52516   100%  67.5 4940s
 4781281 3769378 1.3839e+09   75  287 3.0000e+10 1467.52943   100%  67.5 4945s
 4792322 3778414     cutoff  140      3.0000e+10 1467.54227   100%  67.5 4950s
 4800793 3784680 2.8581e+10  104  252 3.0000e+10 1467.55355   100%  67.5 4957s
 4804926 3789587 1506.72127   59  325 3.0000e+10 1467.55996   100%  67.5 4960s
 4808695 3791700 1501.54457   50  320 3.0000e+10 1467.56743   100%  67.5 4967s
 4814848 3797990 8.1944e+09  108  308 3.0000e+10 1467.57511   100%  67.5 4970s
 4823304 3804006 2.2668e+09   87  307 3.0000e+10 1467.58788   100%  67.5 4975s
 4833607 3813935 1591.59047   68  319 3.0000e+10 1467.60187   100%  67.5 4980s
 4842779 3820898 1543.53115   58  301 3.0000e+10 1467.61505   100%  67.5 4986s
 4849231 3827784 2.1957e+10  135  280 3.0000e+10 1467.62482   100%  67.5 4990s
 4858882 3835757     cutoff  128      3.0000e+10 1467.63771   100%  67.5 4995s
 4864574 3839348 1546.50329   60  320 3.0000e+10 1467.64561   100%  67.5 5000s
 4872592 3847034 5.2294e+08   75  310 3.0000e+10 1467.65577   100%  67.5 5005s
 4877363 3850674 1569.52306   52  299 3.0000e+10 1467.66253   100%  67.5 5011s
 4883506 3856239 2.1531e+10  119  315 3.0000e+10 1467.67018   100%  67.4 5015s
 4887625 3860209 2.9001e+10  131  291 3.0000e+10 1467.67575   100%  67.5 5020s
 4896759 3868185 1534.20355   68  305 3.0000e+10 1467.68792   100%  67.5 5025s
 4905701 3875353 2.0588e+10   95  244 3.0000e+10 1467.70046   100%  67.5 5030s
 4910424 3879937 2.7269e+09   73  287 3.0000e+10 1467.70758   100%  67.5 5035s
 4919051 3886710 1473.50453   50  335 3.0000e+10 1467.71759   100%  67.5 5040s
 4926856 3894015 7.1262e+09   87  310 3.0000e+10 1467.72697   100%  67.5 5045s
 4933520 3898222 1479.89431   44  339 3.0000e+10 1467.73636   100%  67.5 5051s
 4936525 3901615 1500.39048   52  334 3.0000e+10 1467.73948   100%  67.5 5055s
 4946287 3910137 1554.25216   59  281 3.0000e+10 1467.75144   100%  67.5 5060s
 4951483 3914110 1476.46427   47  333 3.0000e+10 1467.75823   100%  67.4 5065s
 4961636 3922707 1607.65544   62  329 3.0000e+10 1467.77250   100%  67.4 5070s
 4970650 3930632 1511.30454   59  308 3.0000e+10 1467.78692   100%  67.4 5075s
 4975996 3935242 1560.93078   60  323 3.0000e+10 1467.79419   100%  67.5 5080s
 4978655 3936397 1637.97264   85  292 3.0000e+10 1467.79867   100%  67.5 5086s
 4979604 3938249 1504.18347   50  340 3.0000e+10 1467.80087   100%  67.5 5090s
 4989145 3946207 1624.97687   80  304 3.0000e+10 1467.81393   100%  67.5 5095s
 4998891 3954258 2.2889e+10  127  283 3.0000e+10 1467.82830   100%  67.5 5100s
 5004055 3958529 4.8271e+09   79  333 3.0000e+10 1467.83675   100%  67.4 5105s
 5013501 3966479 1628.27604   61  303 3.0000e+10 1467.85028   100%  67.4 5110s
 5021145 3973433 1546.27124   66  330 3.0000e+10 1467.86064   100%  67.4 5115s
 5030629 3981167 1.0000e+10   56  312 3.0000e+10 1467.87246   100%  67.4 5120s
 5038695 3987044 1654.74205   74  285 3.0000e+10 1467.88385   100%  67.4 5125s
 5047242 3995475     cutoff  156      3.0000e+10 1467.89591   100%  67.4 5130s
 5053840 3999961 1518.11185   52  299 3.0000e+10 1467.90454   100%  67.4 5136s
 5059774 4005808 1520.66823   59  310 3.0000e+10 1467.91255   100%  67.4 5140s
 5068631 4013332 2.1273e+09   73  290 3.0000e+10 1467.92520   100%  67.4 5145s
 5077301 4019929 2.0604e+10  162  299 3.0000e+10 1467.93866   100%  67.4 5151s
 5084436 4026860 1500.53458   57  324 3.0000e+10 1467.94881   100%  67.4 5155s
 5093065 4033543 1.7004e+10  137  299 3.0000e+10 1467.95779   100%  67.4 5166s
 5099407 4040099 1.3666e+08   71  308 3.0000e+10 1467.96761   100%  67.4 5170s
 5109174 4047331 1580.81152   58  294 3.0000e+10 1467.98128   100%  67.4 5175s
 5115990 4053506     cutoff   79      3.0000e+10 1467.98746   100%  67.4 5180s
 5123724 4060518 1575.86116   65  308 3.0000e+10 1467.99868   100%  67.4 5185s
 5128968 4064989 1547.21362   69  310 3.0000e+10 1468.00583   100%  67.4 5190s
 5138607 4072784 1508.60751   54  317 3.0000e+10 1468.01842   100%  67.4 5195s
 5146401 4078480 1.2241e+10  136  311 3.0000e+10 1468.03052   100%  67.4 5202s
 5149649 4082838 8.4384e+08   69  322 3.0000e+10 1468.03493   100%  67.4 5205s
 5156808 4088459 1540.92649   62  297 3.0000e+10 1468.04581   100%  67.4 5210s
 5166301 4095574 1497.49054   50  335 3.0000e+10 1468.05416   100%  67.4 5216s
 5173621 4103295 1.3535e+09   84  313 3.0000e+10 1468.06247   100%  67.4 5220s
 5181733 4108910 1495.17274   52  303 3.0000e+10 1468.07138   100%  67.4 5225s
 5188174 4114644 3.7652e+07   67  312 3.0000e+10 1468.07969   100%  67.4 5233s
 5189245 4116422     cutoff   93      3.0000e+10 1468.08098   100%  67.4 5235s
 5195498 4122289 1593.89992   73  318 3.0000e+10 1468.08794   100%  67.4 5240s
 5204887 4129283 1.0000e+10   54  318 3.0000e+10 1468.09896   100%  67.4 5245s
 5210887 4140464 2.2621e+10  108  309 3.0000e+10 1468.10737   100%  67.4 5253s
 5221203 4143334 1589.32887   76  313 3.0000e+10 1468.12250   100%  67.4 5255s
 5228105 4149028 2.6161e+10   73  290 3.0000e+10 1468.13197   100%  67.4 5260s
 5234971 4154062 6.7028e+09  124  309 3.0000e+10 1468.13819   100%  67.4 5265s
 5242359 4161107 1470.03524   48  338 3.0000e+10 1468.14874   100%  67.4 5270s
 5251494 4169075 1638.85324   80  302 3.0000e+10 1468.16276   100%  67.4 5275s
 5257886 4174791 1.1136e+10  120  265 3.0000e+10 1468.17176   100%  67.4 5280s
 5267912 4183180 7.6718e+09  100  312 3.0000e+10 1468.18226   100%  67.4 5285s
 5275530 4189767 1515.28401   59  332 3.0000e+10 1468.19107   100%  67.3 5290s
 5282127 4194502 1.4081e+10   92  300 3.0000e+10 1468.19859   100%  67.3 5296s
 5288801 4201164     cutoff  120      3.0000e+10 1468.20629   100%  67.3 5300s
 5298550 4209735 1.0000e+10  116  323 3.0000e+10 1468.21757   100%  67.3 5305s
 5302157 4211697 1545.68950   56  296 3.0000e+10 1468.22368   100%  67.3 5311s
 5310173 4219633 1.9493e+08   65  312 3.0000e+10 1468.23249   100%  67.3 5315s
 5318510 4226014 1531.70166   53  317 3.0000e+10 1468.24359   100%  67.3 5321s
 5325859 4233413 1486.18023   47  337 3.0000e+10 1468.25494   100%  67.3 5325s
 5335911 4241026 4.3495e+09  110  289 3.0000e+10 1468.26833   100%  67.3 5332s
 5340400 4245921 1499.72107   52  343 3.0000e+10 1468.27324   100%  67.3 5335s
 5350041 4253444 1.4720e+10  104  306 3.0000e+10 1468.28582   100%  67.3 5341s
 5355809 4258500 1639.91717   62  317 3.0000e+10 1468.29176   100%  67.3 5346s
 5360077 4262873 1.3130e+09   85  307 3.0000e+10 1468.29430   100%  67.3 5350s
 5369847 4270496 1501.03846   60  316 3.0000e+10 1468.30611   100%  67.3 5356s
 5376886 4276491 1616.20540   64  314 3.0000e+10 1468.31419   100%  67.3 5360s
 5380991 4278839 3.5216e+09   66  293 3.0000e+10 1468.31892   100%  67.3 5368s
 5381758 4279965 2.6434e+10   93  264 3.0000e+10 1468.32128   100%  67.3 5370s
 5388266 4284857 1.7496e+09   66  286 3.0000e+10 1468.32768   100%  67.3 5375s
 5397593 4293960 1.0423e+10   81  296 3.0000e+10 1468.33938   100%  67.3 5380s
 5405360 4299462 1.3067e+10  101  267 3.0000e+10 1468.34933   100%  67.3 5386s
 5413243 4306604 1535.12246   58  314 3.0000e+10 1468.35931   100%  67.3 5390s
 5422359 4314828 1.2443e+10   80  300 3.0000e+10 1468.36808   100%  67.3 5395s
 5424818 4317440 1613.79848   66  320 3.0000e+10 1468.37162   100%  67.3 5400s
 5434752 4325678 1528.86953   55  316 3.0000e+10 1468.38440   100%  67.3 5405s
 5442839 4332126 1499.53865   56  322 3.0000e+10 1468.39422   100%  67.3 5410s
 5452238 4338679 7.5482e+09   99  322 3.0000e+10 1468.40553   100%  67.3 5416s
 5458996 4345634 9.0985e+09  115  305 3.0000e+10 1468.41440   100%  67.3 5420s
 5468112 4353220 1486.93491   49  334 3.0000e+10 1468.42422   100%  67.3 5425s
 5474606 4358664 1.4810e+10  115  299 3.0000e+10 1468.43319   100%  67.3 5430s
 5483974 4367199 1484.08423   57  318 3.0000e+10 1468.44366   100%  67.3 5435s
 5490133 4370861 1.0840e+09   64  321 3.0000e+10 1468.45106   100%  67.3 5443s
 5490141 4370912 1595.47049   62  307 3.0000e+10 1468.45106   100%  67.3 5445s
 5498224 4378984 1502.32788   56  323 3.0000e+10 1468.46034   100%  67.3 5450s
 5503353 4383287 1.4315e+10  121  309 3.0000e+10 1468.46777   100%  67.3 5455s
 5512110 4390907 1.6173e+08   73  321 3.0000e+10 1468.47833   100%  67.3 5460s
 5521277 4397192 8.1758e+08   83  270 3.0000e+10 1468.48915   100%  67.3 5467s
 5525262 4401824 2.3298e+10  173  301 3.0000e+10 1468.49489   100%  67.3 5470s
 5535627 4410715 1603.02821   76  312 3.0000e+10 1468.50761   100%  67.3 5475s
 5543843 4416455 1565.48027   68  320 3.0000e+10 1468.51831   100%  67.3 5481s
 5550355 4423111 1.3065e+10  119  301 3.0000e+10 1468.52488   100%  67.3 5485s
 5558835 4429877 1492.17445   50  316 3.0000e+10 1468.53529   100%  67.3 5490s
 5565436 4435793 1481.27645   52  315 3.0000e+10 1468.54257   100%  67.3 5495s
 5572205 4441648 1.9925e+10  125  292 3.0000e+10 1468.55042   100%  67.3 6475s
 5578481 4445926 1597.06142   50  294 3.0000e+10 1468.55935   100%  67.3 6481s
 5578489 4445930 1567.11688   51  299 3.0000e+10 1468.55935   100%  67.3 6485s
 5587758 4454726 1.1333e+10   77  303 3.0000e+10 1468.57167   100%  67.3 6490s
 5595273 4461069 5.2745e+08   85  294 3.0000e+10 1468.58104   100%  67.3 6496s
 5604452 4469317 2.6790e+08   67  291 3.0000e+10 1468.59088   100%  67.3 6500s
 5614042 4477143 1.1987e+10  119  306 3.0000e+10 1468.60428   100%  67.3 6505s
 5618720 4480221 2.3342e+09   99  306 3.0000e+10 1468.60903   100%  67.2 6510s
 5625386 4486441 7.1080e+09   90  285 3.0000e+10 1468.61994   100%  67.3 6515s
 5632515 4492500 1502.05628   53  328 3.0000e+10 1468.63164   100%  67.3 6520s
 5635296 4495330 1.7938e+09   72  292 3.0000e+10 1468.63380   100%  67.3 6989s
 5637100 4496080 2.1010e+09  106  301 3.0000e+10 1468.63635   100%  67.3 6990s
 5641358 4500359 1575.82153   61  281 3.0000e+10 1468.63967   100%  67.3 6995s
 5652461 4509323 1482.61128   50  335 3.0000e+10 1468.65276   100%  67.3 7000s
 5657903 4513219 1533.39964   66  320 3.0000e+10 1468.65754   100%  67.3 7010s
 5666904 4521716 1.0179e+10   80  301 3.0000e+10 1468.66697   100%  67.3 7015s
 5678507 4530775 4.6936e+09   87  300 3.0000e+10 1468.68357   100%  67.2 7023s
 5682047 4535202 1480.35594   51  309 3.0000e+10 1468.68812   100%  67.2 7025s
 5691536 4543033 6.7648e+08   85  317 3.0000e+10 1468.70118   100%  67.3 7030s
 5701757 4550790 2.0911e+10  107  303 3.0000e+10 1468.70912   100%  67.3 7035s
 5707482 4556093 3.6315e+09   87  326 3.0000e+10 1468.72031   100%  67.2 7040s
 5719423 4565881 1551.54316   56  303 3.0000e+10 1468.73435   100%  67.2 7045s
 5725653 4570443 1.7277e+08   67  307 3.0000e+10 1468.74282   100%  67.2 7051s
 5733142 4578062 7.9130e+09   98  269 3.0000e+10 1468.75028   100%  67.2 7055s
 5739192 4582812 1.0299e+10  109  312 3.0000e+10 1468.75791   100%  67.2 7060s
 5749570 4591707 1475.06481   47  319 3.0000e+10 1468.76881   100%  67.2 7065s
 5756600 4597810 1589.19108   73  290 3.0000e+10 1468.77766   100%  67.2 7070s
 5767301 4607253 1573.85106   64  313 3.0000e+10 1468.79075   100%  67.2 7075s
 5771392 4609609 1480.75058   55  358 3.0000e+10 1468.79583   100%  67.2 7084s
 5771400 4610498 1491.52211   56  349 3.0000e+10 1468.79589   100%  67.2 7085s
 5779754 4617747 3.2458e+08   62  322 3.0000e+10 1468.80467   100%  67.2 7090s
 5789406 4625146 2.6342e+10  130  307 3.0000e+10 1468.81642   100%  67.2 7097s
 5792418 4628802 2.0000e+10   73  311 3.0000e+10 1468.82101   100%  67.2 7100s
 5802341 4637696 2.2518e+09   89  321 3.0000e+10 1468.83135   100%  67.2 7105s
 5811805 4645328 1611.78860   76  302 3.0000e+10 1468.84456   100%  67.2 7110s
 5817002 4655700 1.6987e+10  116  303 3.0000e+10 1468.85016   100%  67.2 7118s
 5827426 4658861 2.6754e+10  144  300 3.0000e+10 1468.86137   100%  67.2 7120s
 5832479 4668946 2.5201e+09   83  320 3.0000e+10 1468.86836   100%  67.2 7128s
 5840487 4669128 1.0292e+10  117  305 3.0000e+10 1468.87752   100%  67.2 7130s
 5848783 4676728 2.5398e+09  102  286 3.0000e+10 1468.88526   100%  67.2 7139s
 5849723 4677608 1488.85611   56  310 3.0000e+10 1468.88734   100%  67.2 7142s
 5854209 4682168 1495.67247   51  328 3.0000e+10 1468.89168   100%  67.2 7145s
 5856138 4683851 1505.44511   60  328 3.0000e+10 1468.89331   100%  67.2 7150s
 5865331 4691210 2.7556e+09   79  289 3.0000e+10 1468.90234   100%  67.2 7155s
 5869931 4695202 1527.04056   63  320 3.0000e+10 1468.90615   100%  67.2 7160s
 5877671 4702258 3.9535e+09  102  316 3.0000e+10 1468.91310   100%  67.2 7165s
 5887132 4709888 7.8939e+08   65  301 3.0000e+10 1468.92294   100%  67.2 7170s
 5895442 4717187 3.4208e+08   85  263 3.0000e+10 1468.93075   100%  67.2 7175s
 5900321 4721297 1539.17534   48  314 3.0000e+10 1468.93744   100%  67.2 7180s
 5909401 4729111 1.1428e+10  125  298 3.0000e+10 1468.94656   100%  67.1 7185s
 5920068 4738198 7.0322e+08   83  274 3.0000e+10 1468.95709   100%  67.1 7190s
 5923501 4740270 2.3404e+10   97  295 3.0000e+10 1468.95933   100%  67.1 7195s
 5923509 4746638 2.3707e+10   98  292 3.0000e+10 1468.95940   100%  67.1 7200s

Cutting planes:
  Gomory: 19
  Clique: 16
  Zero half: 16

Explored 5931091 nodes (398155878 simplex iterations) in 7200.09 seconds (10859.23 work units)
Thread count was 8 (of 8 available processors)

Solution count 10: 3e+10 3e+10 3e+10 ... 6e+10

Time limit reached
Best objective 3.000000162700e+10, best bound 1.468968060662e+03, gap 100.0000%
