
Gurobi 11.0.1 (mac64[arm]) logging started Wed Feb 12 07:29:56 2025

Set parameter LogFile to value "logs_new/salida_modelo_caminos_320_567_10.log"
Set parameter TimeLimit to value 7200
Gurobi Optimizer version 11.0.1 build v11.0.1rc0 (mac64[arm] - Darwin 24.3.0 24D60)

CPU model: Apple M2
Thread count: 8 physical cores, 8 logical processors, using up to 8 threads

Optimize a model with 573 rows, 1690 columns and 6936 nonzeros
Coefficient statistics:
  Matrix range     [1e+00, 1e+00]
  Objective range  [2e+00, 1e+10]
  Bounds range     [0e+00, 0e+00]
  RHS range        [1e+00, 2e+02]
Warning: Model contains large objective coefficients
         Consider reformulating model or setting NumericFocus parameter
         to avoid numerical issues.

Solved in 0 iterations and 0.00 seconds (0.00 work units)
Optimal objective  1.222000000e+03
Gurobi Optimizer version 11.0.1 build v11.0.1rc0 (mac64[arm] - Darwin 24.3.0 24D60)

CPU model: Apple M2
Thread count: 8 physical cores, 8 logical processors, using up to 8 threads

Optimize a model with 573 rows, 1690 columns and 6936 nonzeros
Model fingerprint: 0x87add69a
Variable types: 0 continuous, 1690 integer (1690 binary)
Coefficient statistics:
  Matrix range     [1e+00, 1e+00]
  Objective range  [2e+00, 1e+10]
  Bounds range     [0e+00, 0e+00]
  RHS range        [1e+00, 2e+02]
Warning: Model contains large objective coefficients
         Consider reformulating model or setting NumericFocus parameter
         to avoid numerical issues.
Found heuristic solution: objective 3.200000e+12
Presolve removed 250 rows and 0 columns
Presolve time: 0.01s
Presolved: 323 rows, 1690 columns, 6738 nonzeros
Variable types: 0 continuous, 1690 integer (1690 binary)
Found heuristic solution: objective 3.130000e+12

Root relaxation: objective 1.222000e+03, 1690 iterations, 0.05 seconds (0.09 work units)

    Nodes    |    Current Node    |     Objective Bounds      |     Work
 Expl Unexpl |  Obj  Depth IntInf | Incumbent    BestBd   Gap | It/Node Time

     0     0 1222.00000    0  282 3.1300e+12 1222.00000   100%     -    0s
H    0     0                    4.800000e+11 1222.00000   100%     -    0s
H    0     0                    4.200000e+11 1222.00000   100%     -    0s
H    0     0                    2.300000e+11 1222.00000   100%     -    0s
     0     0 1223.65901    0  290 2.3000e+11 1223.65901   100%     -    0s
     0     0 1224.17491    0  287 2.3000e+11 1224.17491   100%     -    0s
     0     0 1224.17529    0  289 2.3000e+11 1224.17529   100%     -    0s
     0     0 1224.26871    0  306 2.3000e+11 1224.26871   100%     -    0s
     0     0 1224.26956    0  303 2.3000e+11 1224.26956   100%     -    0s
     0     0 1224.30783    0  312 2.3000e+11 1224.30783   100%     -    0s
     0     0 1224.31904    0  314 2.3000e+11 1224.31904   100%     -    0s
     0     0 1224.32082    0  314 2.3000e+11 1224.32082   100%     -    0s
     0     0 1224.34707    0  308 2.3000e+11 1224.34707   100%     -    0s
     0     0 1224.34875    0  312 2.3000e+11 1224.34875   100%     -    0s
     0     0 1224.36288    0  316 2.3000e+11 1224.36288   100%     -    0s
     0     0 1224.36653    0  316 2.3000e+11 1224.36653   100%     -    0s
H    0     0                    1.800000e+11 1224.36739   100%     -    0s
H    0     0                    1.600000e+11 1224.36873   100%     -    0s
     0     2 1224.36873    0  316 1.6000e+11 1224.36873   100%     -    0s
H   31    40                    1.500000e+11 1226.49900   100%   104    0s
H   71    79                    1.400000e+11 1227.10221   100%  97.1    0s
H  104   113                    1.300000e+11 1227.81131   100%  98.8    0s
H  109   113                    1.200000e+11 1227.81131   100%   102    0s
H  308   318                    1.100000e+11 1227.81131   100%  95.6    1s
H  310   318                    1.000000e+11 1227.81131   100%  95.4    1s
H  313   318                    9.000000e+10 1227.81131   100%  95.3    1s
H 1583  1559                    9.000000e+10 1227.81131   100%  70.6    3s
H 1584  1559                    9.000000e+10 1227.81131   100%  70.5    3s
H 1592  1529                    6.000000e+10 1227.81131   100%  70.4    3s
  2284  2153 1238.73170   12  299 6.0000e+10 1227.84674   100%  70.2    5s
H 2469  2175                    6.000000e+10 1227.86250   100%  72.6    7s
H 3222  2477                    5.000000e+10 1227.86250   100%  75.6   10s
H 3228  2290                    4.000000e+10 1227.86250   100%  75.6   10s
H 3283  2246                    4.000000e+10 1227.86250   100%  75.5   10s
  5939  3816 6.2429e+09   68  240 4.0000e+10 1229.28073   100%  80.4   15s
  8818  5816 2.2695e+10   85  218 4.0000e+10 1231.33300   100%  78.2   21s
 11752  8425 4.4477e+09   47  241 4.0000e+10 1232.75531   100%  79.4   25s
H14865 10056                    3.000000e+10 1233.73767   100%  76.0   27s
 16471 12234 1268.46655   37  254 3.0000e+10 1234.39685   100%  74.8   32s
 21168 15369 1282.43577   31  256 3.0000e+10 1235.26696   100%  74.1   35s
H22816 16648                    2.999999e+10 1235.58040   100%  73.5   37s
 23741 17978 1362.31925   32  254 3.0000e+10 1235.86143   100%  73.1   40s
 29352 22105 1.7689e+10  100  316 3.0000e+10 1236.89451   100%  72.3  900s
 29367 22115 2.6728e+10   69  325 3.0000e+10 1236.89451   100%  72.3  905s
 29378 22122 1270.96327   26  331 3.0000e+10 1236.89451   100%  72.3  910s
 29388 22129 1331.69440   39  338 3.0000e+10 1236.89451   100%  72.3  915s
 29397 22135 1324.37137   47  344 3.0000e+10 1236.89451   100%  72.2  920s
 29407 22142 1.0000e+10   89  337 3.0000e+10 1236.89451   100%  72.2  925s
H29414 21039                    2.999998e+10 1236.89451   100%  72.4  928s
 29553 21139 1252.82229   32  297 3.0000e+10 1236.89451   100%  72.6  930s
H29554 20086                    2.999998e+10 1236.89451   100%  72.5  930s
H29601 19118                    2.999998e+10 1236.89451   100%  72.6  931s
 30613 19673 4.7173e+09   55  245 3.0000e+10 1236.89451   100%  73.5  935s
H30818 18781                    2.999998e+10 1236.89451   100%  73.7  937s
 31865 19459 1321.74740   47  269 3.0000e+10 1236.89451   100%  74.7  940s
 34215 20719 1249.53144   27  277 3.0000e+10 1236.89451   100%  76.4  945s
H34919 20040                    2.999998e+10 1236.89451   100%  76.6  947s
 35450 20395 1.4574e+10   79  236 3.0000e+10 1236.89451   100%  76.9  950s
 38323 21963 1.1167e+10   71  229 3.0000e+10 1236.89451   100%  78.6  955s
H38606 21018                    2.999998e+10 1236.89451   100%  78.7  958s
 38608 21174 2.0223e+10   90  227 3.0000e+10 1236.89451   100%  78.7  960s
 41000 22720 9.5993e+09   72  275 3.0000e+10 1236.89451   100%  79.7  965s
 45692 25133 1443.28623   60  253 3.0000e+10 1237.39537   100%  81.4  970s
 50101 27663 1253.98203   37  276 3.0000e+10 1238.25354   100%  82.0  975s
 51621 27995 1254.09152   33  279 3.0000e+10 1238.46354   100%  82.0  981s
 55700 30299 3.8615e+09   64  255 3.0000e+10 1239.18490   100%  83.0  985s
 60285 32647 1260.50106   31  295 3.0000e+10 1239.99534   100%  83.7  990s
H63832 32844                    2.999998e+10 1240.29657   100%  83.6  994s
 65061 34257 4.9213e+09   80  254 3.0000e+10 1240.55570   100%  83.6  995s
 70495 36416 5.5562e+08   39  268 3.0000e+10 1241.16233   100%  84.2 1000s
 76665 40634 1245.49068   33  301 3.0000e+10 1241.66682   100%  84.7 1005s
 84851 47173 1.1524e+10   68  252 3.0000e+10 1242.35799   100%  84.7 1010s
 88705 49862 1.1517e+10  113  244 3.0000e+10 1242.76263   100%  84.8 1016s
 93462 54430 1296.59474   38  258 3.0000e+10 1243.17709   100%  84.9 1020s
 103361 62819 1372.01685   48  252 3.0000e+10 1243.71689   100%  85.0 1025s
 111025 69481 1279.12542   43  262 3.0000e+10 1244.27342   100%  84.9 1030s
 118653 76995 2.5886e+10  123  236 3.0000e+10 1244.71882   100%  84.5 1035s
 123086 80050 4.0674e+09   96  254 3.0000e+10 1244.90570   100%  84.0 1040s
 130087 85716 1338.83161   48  260 3.0000e+10 1245.19073   100%  83.7 1045s
 142298 95578 1272.76667   35  267 3.0000e+10 1245.73533   100%  82.9 1050s
 150434 102257 1.2605e+10   92  241 3.0000e+10 1246.14568   100%  82.5 1055s
 156946 107713 5.9773e+09   85  235 3.0000e+10 1246.44010   100%  82.0 1060s
 167903 117062 1278.54105   38  261 3.0000e+10 1246.77837   100%  80.7 1065s
 177642 126143 1263.35453   33  260 3.0000e+10 1247.12529   100%  79.8 1070s
 188747 134365 1376.33233   53  259 3.0000e+10 1247.52568   100%  78.3 1075s
 195186 139248 1.0000e+10   52  236 3.0000e+10 1247.65587   100%  77.5 1080s
 206873 150730 1343.22021   53  262 3.0000e+10 1248.04324   100%  76.5 1085s
 217791 159035 8.3149e+08   49  246 3.0000e+10 1248.32847   100%  75.6 1090s
 221683 168207 6.2067e+08   51  257 3.0000e+10 1248.41704   100%  75.3 1096s
 235021 173265 4.7884e+08   43  252 3.0000e+10 1248.75920   100%  74.4 1100s
 245309 182017 1354.18398   45  245 3.0000e+10 1249.01745   100%  73.6 1105s
 258190 192222 1313.02325   46  276 3.0000e+10 1249.29878   100%  72.7 1110s
 264804 198589 1.1332e+10   73  226 3.0000e+10 1249.47464   100%  72.2 1115s
 277773 209680 1388.19675   46  244 3.0000e+10 1249.74762   100%  71.4 1120s
 285988 216238 1.4143e+10   54  262 3.0000e+10 1249.91581   100%  70.9 1125s
 296650 226337 1342.59307   57  246 3.0000e+10 1250.12236   100%  70.4 1130s
 308009 234718 6.8989e+09   65  246 3.0000e+10 1250.38400   100%  70.0 1135s
 315506 240315 2.1481e+10  103  233 3.0000e+10 1250.53614   100%  69.8 1140s
 326717 250500 2.5023e+10   53  218 3.0000e+10 1250.73146   100%  69.4 1145s
 334908 257270 1.3649e+10   60  231 3.0000e+10 1250.88545   100%  69.0 1150s
 345854 265998 2.0938e+10  114  247 3.0000e+10 1251.09621   100%  68.7 1155s
 357537 276540 1308.17542   46  286 3.0000e+10 1251.32317   100%  68.3 1160s
 368486 284673 1.6908e+10  111  249 3.0000e+10 1251.48877   100%  67.9 1166s
 376453 291616 5.3337e+09   76  246 3.0000e+10 1251.61908   100%  67.6 1170s
 385448 299532 1344.99057   45  249 3.0000e+10 1251.81599   100%  67.2 1175s
 390437 302950 1332.83630   56  240 3.0000e+10 1251.87502   100%  67.1 1180s
 400380 311544 1361.71548   48  247 3.0000e+10 1252.02852   100%  66.8 1185s
 412117 321459 1259.81002   38  277 3.0000e+10 1252.23434   100%  66.5 1190s
 422623 330867 1.7788e+09   63  260 3.0000e+10 1252.40191   100%  66.3 1195s
 434166 340348 1328.67676   55  245 3.0000e+10 1252.56545   100%  65.9 1200s
 446370 350405 1.6444e+09   76  260 3.0000e+10 1252.73969   100%  65.6 1205s
 456357 359209 1286.87881   40  266 3.0000e+10 1252.86924   100%  65.4 1210s
 467185 367752 1403.74057   50  249 3.0000e+10 1252.99533   100%  65.1 1215s
 476218 375387 1.4502e+10   76  230 3.0000e+10 1253.12358   100%  64.8 1220s
 485124 383527 2.1555e+10  103  276 3.0000e+10 1253.22098   100%  64.6 1225s
 497490 393070 5.8678e+09   53  267 3.0000e+10 1253.37995   100%  64.3 1231s
 504178 399460 1347.21645   44  245 3.0000e+10 1253.44994   100%  64.1 1235s
 517358 410515 1392.94535   44  220 3.0000e+10 1253.60305   100%  63.8 1240s
 530488 421465 8.2974e+09   96  270 3.0000e+10 1253.78810   100%  63.4 1245s
 539977 429651 4.1820e+09   98  238 3.0000e+10 1253.91751   100%  63.2 1250s
 550316 438002 1.0770e+09   51  255 3.0000e+10 1254.02438   100%  63.0 1255s
 562974 448537 1.5346e+10   77  221 3.0000e+10 1254.17737   100%  62.9 1260s
 568121 457571 1.8326e+09   63  245 3.0000e+10 1254.23237   100%  62.8 1266s
 582574 463957 1313.43364   46  255 3.0000e+10 1254.38750   100%  62.5 1270s
 595443 475362 2.5737e+10   65  230 3.0000e+10 1254.53640   100%  62.3 1275s
 600954 479295 2.4717e+10  143  237 3.0000e+10 1254.59230   100%  62.2 1280s
 614465 491311     cutoff   68      3.0000e+10 1254.76541   100%  61.9 1285s
 626931 501513 1.8078e+09   50  254 3.0000e+10 1254.88888   100%  61.7 1290s
 637591 510477 2.2247e+10  119  266 3.0000e+10 1254.98053   100%  61.5 1295s
 647514 518886 2.6285e+10  105  236 3.0000e+10 1255.08067   100%  61.4 1300s
 659564 528331 4.0914e+09   54  239 3.0000e+10 1255.20126   100%  61.2 1305s
 668938 536341 2.4742e+10  103  229 3.0000e+10 1255.29358   100%  61.1 1310s
 679331 544899 1270.62470   36  262 3.0000e+10 1255.38672   100%  61.1 1315s
H686621 489875                    2.000000e+10 1255.45113   100%  61.1 1318s
*686622 354928              86    1.000000e+10 1255.45113   100%  61.1 1318s
 690153 357055 1.0000e+10   44  250 1.0000e+10 1255.51684   100%  61.1 1320s
 694052 360154 1364.97239   34  270 1.0000e+10 1255.57338   100%  61.1 1325s
 702766 366633 1304.21517   37  240 1.0000e+10 1255.70367   100%  61.2 1330s
 711922 373656 9.5463e+08   67  245 1.0000e+10 1255.83739   100%  61.3 1335s
 717267 377552 7.0864e+09   75  240 1.0000e+10 1255.91589   100%  61.3 1341s
 717379 383777 7.3322e+09   76  239 1.0000e+10 1255.92045   100%  61.3 1345s
 732041 389903     cutoff   88      1.0000e+10 1256.16519   100%  61.4 1350s
 742393 397329 1280.60685   38  286 1.0000e+10 1256.33151   100%  61.5 1355s
 751181 404716 1294.84993   47  258 1.0000e+10 1256.46108   100%  61.6 1360s
 760623 411957 1275.79335   39  281 1.0000e+10 1256.61075   100%  61.6 1365s
 766316 416797 1347.76207   48  269 1.0000e+10 1256.69132   100%  61.6 1370s
 775559 422607 1273.01382   41  285 1.0000e+10 1256.82415   100%  61.7 1377s
 779690 426205 1294.28892   48  272 1.0000e+10 1256.87639   100%  61.7 1380s
 787370 432341     cutoff   76      1.0000e+10 1256.98160   100%  61.8 1385s
 797503 439915 4.1629e+09   68  263 1.0000e+10 1257.12362   100%  61.8 1390s
 806754 447459 1303.92424   38  252 1.0000e+10 1257.27071   100%  61.9 1395s
 815846 453908 1.6911e+09   59  252 1.0000e+10 1257.38971   100%  61.9 1400s
 825478 460420 1337.47579   49  252 1.0000e+10 1257.50128   100%  62.0 1405s
 832415 466099 1362.85645   44  253 1.0000e+10 1257.60366   100%  62.1 1410s
 837791 470244 4.2718e+09   93  259 1.0000e+10 1257.66579   100%  62.1 1415s
 847812 477211 1263.61985   35  266 1.0000e+10 1257.78914   100%  62.1 1420s
 855677 483791 1267.09023   41  267 1.0000e+10 1257.89684   100%  62.2 1425s
 864288 490155 1269.90105   41  283 1.0000e+10 1257.99227   100%  62.2 1430s
 872770 496559 2.9564e+09   52  248 1.0000e+10 1258.10650   100%  62.3 1435s
 878627 501052 1306.97349   48  276 1.0000e+10 1258.17449   100%  62.3 1440s
 887903 508110 1333.59803   47  268 1.0000e+10 1258.28623   100%  62.3 1445s
 897579 514470 5.5982e+09   79  215 1.0000e+10 1258.38587   100%  62.3 1451s
 900676 516904 1353.16774   46  267 1.0000e+10 1258.42199   100%  62.3 1455s
 909248 523940 3.2672e+08   65  238 1.0000e+10 1258.52746   100%  62.3 1460s
 918380 530628 1277.07659   42  265 1.0000e+10 1258.63636   100%  62.4 1465s
 927213 537831     cutoff   85      1.0000e+10 1258.75166   100%  62.4 1470s
 933307 541759 1277.81262   38  270 1.0000e+10 1258.81242   100%  62.5 1475s
 940219 547796 1274.89533   43  278 1.0000e+10 1258.88655   100%  62.5 1480s
 948922 554124 8.1320e+08   63  281 1.0000e+10 1258.96919   100%  62.5 1485s
 956489 559865     cutoff   60      1.0000e+10 1259.04780   100%  62.5 1490s
 967440 567387     cutoff   52      1.0000e+10 1259.15433   100%  62.5 1495s
 973876 572802 1289.45055   42  278 1.0000e+10 1259.23206   100%  62.5 1500s
 982732 579085 6.0080e+08   53  244 1.0000e+10 1259.32703   100%  62.6 1505s
 990391 584900 1266.83109   41  295 1.0000e+10 1259.40381   100%  62.6 1511s
 997850 590540 1271.15799   35  253 1.0000e+10 1259.48430   100%  62.6 1515s
 1006619 597074 4.9560e+08   49  250 1.0000e+10 1259.57010   100%  62.7 1520s
 1013902 601868 1301.65937   37  252 1.0000e+10 1259.64369   100%  62.8 1526s
 1018413 605440 1266.87883   36  282 1.0000e+10 1259.68853   100%  62.8 1530s
 1026782 611752 1278.84772   30  280 1.0000e+10 1259.76238   100%  62.9 1535s
 1027934 612434 1306.27462   45  274 1.0000e+10 1259.77337   100%  62.9 2584s
 1030178 614435 1279.92286   38  268 1.0000e+10 1259.79838   100%  62.9 2585s
 1037361 619409 6.4269e+08   57  256 1.0000e+10 1259.87216   100%  62.9 3632s
 1043014 623968 1347.60947   37  257 1.0000e+10 1259.92646   100%  62.9 3635s
 1047971 627305 1281.20945   38  269 1.0000e+10 1259.97591   100%  62.9 3719s
 1048613 627931 1.1967e+09   64  255 1.0000e+10 1259.98086   100%  62.9 3720s
 1057767 634671 3.5282e+09   55  234 1.0000e+10 1260.05326   100%  63.0 3725s
 1066164 641229 1292.47047   53  268 1.0000e+10 1260.13577   100%  63.0 3730s
 1071382 644099 1273.83125   43  281 1.0000e+10 1260.18266   100%  63.0 3735s
 1080995 652079 1.1848e+08   55  278 1.0000e+10 1260.27162   100%  63.0 3740s
 1090762 659163 9.9765e+08   51  249 1.0000e+10 1260.35307   100%  63.1 3745s
 1098337 664798 1322.58912   44  270 1.0000e+10 1260.41905   100%  63.1 3751s
 1104216 672481     cutoff   68      1.0000e+10 1260.46697   100%  63.1 3756s
 1112918 675968 2.8996e+09   59  253 1.0000e+10 1260.53898   100%  63.1 3760s
 1125264 685300 1.0000e+10   44  276 1.0000e+10 1260.64773   100%  63.1 3765s
 1133521 691705     cutoff   76      1.0000e+10 1260.72508   100%  63.1 3770s
 1144317 699307 1291.76520   38  266 1.0000e+10 1260.81614   100%  63.2 3776s
 1150485 704372 1273.10126   37  265 1.0000e+10 1260.87070   100%  63.1 3780s
 1160504 711895 1408.41842   47  254 1.0000e+10 1260.95120   100%  63.2 3785s
 1169497 718161 1.5598e+08   50  258 1.0000e+10 1261.03766   100%  63.1 3791s
 1173157 721875 1306.47458   45  276 1.0000e+10 1261.07916   100%  63.2 3795s
 1183608 729517 1267.91972   40  280 1.0000e+10 1261.17900   100%  63.2 3800s
 1192325 736262 1.0489e+09   64  250 1.0000e+10 1261.25338   100%  63.2 3805s
 1202263 743745 1301.92884   39  267 1.0000e+10 1261.34577   100%  63.2 3810s
 1210344 749111     cutoff   74      1.0000e+10 1261.39685   100%  63.2 3815s
 1217233 755150 6.2135e+09   60  262 1.0000e+10 1261.44549   100%  63.2 3820s
 1224465 765772 1296.93108   39  265 1.0000e+10 1261.51315   100%  63.2 3827s
 1237138 770138 1327.15480   50  275 1.0000e+10 1261.61347   100%  63.2 3830s
 1242392 774443 1.7286e+09   74  250 1.0000e+10 1261.65296   100%  63.3 3835s
 1251636 781387 6.0130e+09   58  269 1.0000e+10 1261.72507   100%  63.3 3840s
 1255373 783894 4.4520e+09   46  245 1.0000e+10 1261.75749   100%  63.3 3845s
 1264886 791352 5851190.70   51  254 1.0000e+10 1261.84433   100%  63.3 3850s
 1273745 797675     cutoff   63      1.0000e+10 1261.90817   100%  63.3 3855s
 1282666 803709 1.6862e+09   41  254 1.0000e+10 1261.97714   100%  63.3 3860s
 1290742 810684 2.1513e+09   68  224 1.0000e+10 1262.03284   100%  63.3 3865s
 1300099 817748 1317.94059   48  253 1.0000e+10 1262.10118   100%  63.3 3870s
 1305605 822035 1271.90139   39  259 1.0000e+10 1262.13865   100%  63.3 3875s
 1314736 828733 1348.87094   47  234 1.0000e+10 1262.20132   100%  63.3 3880s
 1324486 835845 1287.58020   45  262 1.0000e+10 1262.26530   100%  63.3 3885s
 1333619 841589 4.1526e+07   48  273 1.0000e+10 1262.33392   100%  63.4 3893s
 1337464 845561 9.8750e+08   71  252 1.0000e+10 1262.37439   100%  63.4 3895s
 1345682 853492     cutoff   85      1.0000e+10 1262.42245   100%  63.3 3900s
 1357659 860013 1287.65346   38  268 1.0000e+10 1262.51310   100%  63.3 3906s
 1366399 867606 1285.52111   44  245 1.0000e+10 1262.57229   100%  63.3 3910s
 1377167 874800 1288.94757   41  264 1.0000e+10 1262.63872   100%  63.4 3917s
 1380979 878640 1300.00675   40  288 1.0000e+10 1262.66264   100%  63.4 3920s
 1390417 885100 1282.68462   40  288 1.0000e+10 1262.72902   100%  63.4 3925s
 1399833 892649 1294.00309   47  274 1.0000e+10 1262.79206   100%  63.4 3930s
 1409328 899608 1270.32422   34  289 1.0000e+10 1262.86272   100%  63.4 3935s
 1419155 907338 1317.24293   48  270 1.0000e+10 1262.91933   100%  63.4 3940s
 1429090 914626 1350.51095   52  249 1.0000e+10 1262.98116   100%  63.4 3945s
 1435343 919352 1271.72160   37  248 1.0000e+10 1263.02649   100%  63.4 3950s
 1444017 926047 8.3465e+08   48  253 1.0000e+10 1263.09135   100%  63.4 3955s
 1454686 934217 1281.74377   50  281 1.0000e+10 1263.15273   100%  63.4 3960s
 1463231 939843 1281.44979   31  270 1.0000e+10 1263.22179   100%  63.4 3965s
 1470326 945760     cutoff   66      1.0000e+10 1263.26617   100%  63.4 3970s
 1480371 952895 1269.04818   37  268 1.0000e+10 1263.33657   100%  63.4 3975s
 1488903 959766 2.1082e+09   87  238 1.0000e+10 1263.38281   100%  63.4 3980s
 1500064 967061 1.0000e+10   63  246 1.0000e+10 1263.44820   100%  63.4 3986s
 1503510 970604 1348.96144   49  255 1.0000e+10 1263.46833   100%  63.4 3990s
 1513003 977349 1396.09992   68  253 1.0000e+10 1263.52780   100%  63.4 3995s
 1522029 984160 1276.03388   44  279 1.0000e+10 1263.59314   100%  63.4 4000s
 1529591 989821 1303.60793   38  276 1.0000e+10 1263.64277   100%  63.5 4005s
 1536069 993842     cutoff   70      1.0000e+10 1263.67596   100%  63.5 4011s
 1545278 1001013     cutoff   61      1.0000e+10 1263.73269   100%  63.5 4015s
 1553343 1006634 1285.17291   43  263 1.0000e+10 1263.78095   100%  63.6 4020s
 1563154 1013852 6.5599e+08   60  255 1.0000e+10 1263.84139   100%  63.6 4025s
 1570985 1019265 1.1767e+09   47  241 1.0000e+10 1263.88856   100%  63.6 4031s
 1578639 1025931 9.1306e+08   65  256 1.0000e+10 1263.93420   100%  63.6 4035s
 1587800 1032793 1276.00612   41  273 1.0000e+10 1263.98320   100%  63.5 4040s
 1597072 1039282 1279.44165   40  282 1.0000e+10 1264.03872   100%  63.5 4046s
 1603110 1044262 5.1512e+09   72  251 1.0000e+10 1264.07067   100%  63.5 4050s
 1615463 1053456 1360.50150   56  251 1.0000e+10 1264.14194   100%  63.5 4055s
 1623325 1058758 1288.53268   43  270 1.0000e+10 1264.18704   100%  63.5 4061s
 1627834 1063039     cutoff   54      1.0000e+10 1264.21359   100%  63.5 4065s
 1639529 1070608     cutoff   53      1.0000e+10 1264.28416   100%  63.5 4070s
 1649664 1079039 1316.13980   47  253 1.0000e+10 1264.34674   100%  63.5 4075s
 1654302 1082587 1272.89377   35  276 1.0000e+10 1264.36972   100%  63.5 4080s
 1663518 1089926 2.7651e+09   64  234 1.0000e+10 1264.42389   100%  63.5 4085s
 1672621 1096607 1303.59554   51  268 1.0000e+10 1264.47876   100%  63.5 4090s
 1682713 1103457 1350.88447   42  268 1.0000e+10 1264.53508   100%  63.5 4095s
 1691766 1110784     cutoff   53      1.0000e+10 1264.59599   100%  63.6 4100s
 1701549 1118412 1329.37875   41  263 1.0000e+10 1264.64580   100%  63.6 4105s
 1708430 1123313 1281.63339   43  280 1.0000e+10 1264.68863   100%  63.6 4110s
 1718486 1131026 1.3143e+09   61  259 1.0000e+10 1264.74678   100%  63.6 4115s
 1721779 1132607 1313.48791   51  250 1.0000e+10 1264.76607   100%  63.6 4120s
 1729867 1139276 infeasible   60      1.0000e+10 1264.81068   100%  63.6 4125s
 1739444 1146784 6.3968e+09   58  256 1.0000e+10 1264.86508   100%  63.6 4130s
 1747788 1152669 1.2158e+09   51  234 1.0000e+10 1264.91199   100%  63.6 4135s
 1757660 1159935 2.1978e+09   55  248 1.0000e+10 1264.96698   100%  63.6 4140s
 1766543 1166462 4.1621e+09   49  272 1.0000e+10 1265.01509   100%  63.6 4145s
 1776786 1173735 1305.73425   50  287 1.0000e+10 1265.06765   100%  63.6 4150s
 1781409 1182218 1.0313e+08   59  243 1.0000e+10 1265.09486   100%  63.6 4156s
 1795136 1187535 1.1047e+08   51  259 1.0000e+10 1265.17604   100%  63.6 4160s
 1802076 1192642 1276.71900   41  262 1.0000e+10 1265.21301   100%  63.6 4165s
H1803870 513560                    1.000000e+10 1265.22019   100%  63.6 4168s
 1805975 514913 1284.03997   43  260 1.0000e+10 1265.24418   100%  63.7 4170s
 1811849 517150 1295.72275   49  316 1.0000e+10 1265.30054   100%  63.8 4175s
 1811864 517160 1282.00157   48  324 1.0000e+10 1265.30054   100%  63.8 4180s
 1811876 517168 3.3239e+09   65  334 1.0000e+10 1265.30054   100%  63.8 4185s
 1812215 517417 1265.30054   53  289 1.0000e+10 1265.30054   100%  63.7 4190s
 1813711 517984 1270.63525   54  260 1.0000e+10 1265.30054   100%  63.7 4195s
 1816941 519251 1286.97324   63  255 1.0000e+10 1265.30054   100%  63.7 4200s
 1825599 523149 1281.38730   57  273 1.0000e+10 1265.30054   100%  63.7 4205s
 1833457 525578 1339.19012   69  261 1.0000e+10 1265.30054   100%  63.7 4210s
 1840034 528670 1265.30054   55  274 1.0000e+10 1265.30054   100%  63.7 4215s
 1846904 530472 1270.88324   55  291 1.0000e+10 1265.30054   100%  63.7 4220s
 1855426 534165 1267.32245   61  274 1.0000e+10 1265.30054   100%  63.7 4225s
 1864419 536739 infeasible   68      1.0000e+10 1265.30054   100%  63.7 4231s
 1870800 539556 1266.36896   57  261 1.0000e+10 1265.30054   100%  63.7 4235s
 1880608 542882 1274.89021   53  272 1.0000e+10 1265.30054   100%  63.7 4240s
 1887801 545706 1349.58019   83  260 1.0000e+10 1265.30054   100%  63.7 4245s
 1897538 548851 1276.19072   54  275 1.0000e+10 1265.30054   100%  63.7 4250s
 1905664 550983 1280.36702   52  271 1.0000e+10 1265.30054   100%  63.8 4256s
 1911435 553609 1353.86275   77  264 1.0000e+10 1265.30054   100%  63.8 4260s
 1920064 556462 1274.35950   58  264 1.0000e+10 1265.30054   100%  63.8 4265s
 1929898 559653 1329.11099   58  256 1.0000e+10 1265.30054   100%  63.8 4270s
 1939636 562198 1275.22740   56  269 1.0000e+10 1265.30054   100%  63.8 4275s
 1946989 565308 1273.70421   51  270 1.0000e+10 1265.30054   100%  63.8 4280s
 1956529 568257 1294.26490   59  269 1.0000e+10 1265.30054   100%  63.8 4285s
 1961025 569853 infeasible   70      1.0000e+10 1265.30054   100%  63.8 4290s
 1970961 572824 1331.25483   62  244 1.0000e+10 1265.30054   100%  63.8 4295s
 1980508 575554 1326.14043   77  249 1.0000e+10 1265.30054   100%  63.8 4300s
 1989552 578303 1356.60528   63  249 1.0000e+10 1265.30054   100%  63.8 4305s
 1995477 579669 1281.11777   55  263 1.0000e+10 1265.30054   100%  63.8 4310s
 2003762 582599 1329.52536   68  264 1.0000e+10 1265.30054   100%  63.9 4315s
 2013255 585619 infeasible   74      1.0000e+10 1265.30054   100%  63.9 4320s
 2016957 586586 1265.30054   53  264 1.0000e+10 1265.30054   100%  63.9 4325s
 2026262 589674 1267.96154   52  272 1.0000e+10 1265.30054   100%  63.9 4330s
 2034986 592403 1267.12947   53  253 1.0000e+10 1265.30054   100%  63.9 4335s
 2045658 594954 1280.87406   66  271 1.0000e+10 1265.30054   100%  63.9 4342s
 2050102 597024 1274.56515   54  267 1.0000e+10 1265.30054   100%  63.9 4345s
 2059053 599212 infeasible   77      1.0000e+10 1265.30054   100%  63.9 4350s
 2066684 601883 1292.42391   55  259 1.0000e+10 1265.30054   100%  63.9 5239s
 2068720 602391 1298.15932   64  266 1.0000e+10 1265.30054   100%  63.9 5241s
 2072839 603877 1336.96896   75  254 1.0000e+10 1265.30054   100%  63.9 6273s
 2076229 604110 1271.35673   52  263 1.0000e+10 1265.30054   100%  63.9 6275s
 2082712 606802 infeasible   70      1.0000e+10 1265.30054   100%  63.9 7206s

Cutting planes:
  Gomory: 14
  Cover: 1
  Clique: 11
  Flow cover: 2
  Zero half: 22

Explored 2083624 nodes (133410482 simplex iterations) in 7206.16 seconds (3303.43 work units)
Thread count was 8 (of 8 available processors)

Solution count 10: 1e+10 1e+10 2e+10 ... 6e+10

Time limit reached
Best objective 1.000000135000e+10, best bound 1.266000000000e+03, gap 100.0000%
