
Gurobi 11.0.1 (mac64[arm]) logging started Mon Feb 10 13:52:32 2025

Set parameter LogFile to value "logs_new/salida_modelo_caminos_400_567_2.log"
Set parameter TimeLimit to value 7200
Gurobi Optimizer version 11.0.1 build v11.0.1rc0 (mac64[arm] - Darwin 24.3.0 24D60)

CPU model: Apple M2
Thread count: 8 physical cores, 8 logical processors, using up to 8 threads

Optimize a model with 653 rows, 2207 columns and 9483 nonzeros
Coefficient statistics:
  Matrix range     [1e+00, 1e+00]
  Objective range  [2e+00, 1e+10]
  Bounds range     [0e+00, 0e+00]
  RHS range        [1e+00, 2e+02]
Warning: Model contains large objective coefficients
         Consider reformulating model or setting NumericFocus parameter
         to avoid numerical issues.

Solved in 0 iterations and 0.00 seconds (0.00 work units)
Optimal objective  1.509000000e+03
Gurobi Optimizer version 11.0.1 build v11.0.1rc0 (mac64[arm] - Darwin 24.3.0 24D60)

CPU model: Apple M2
Thread count: 8 physical cores, 8 logical processors, using up to 8 threads

Optimize a model with 653 rows, 2207 columns and 9483 nonzeros
Model fingerprint: 0x0feeb1fc
Variable types: 0 continuous, 2207 integer (2207 binary)
Coefficient statistics:
  Matrix range     [1e+00, 1e+00]
  Objective range  [2e+00, 1e+10]
  Bounds range     [0e+00, 0e+00]
  RHS range        [1e+00, 2e+02]
Warning: Model contains large objective coefficients
         Consider reformulating model or setting NumericFocus parameter
         to avoid numerical issues.
Found heuristic solution: objective 4.000000e+12
Presolve removed 250 rows and 0 columns
Presolve time: 0.03s
Presolved: 403 rows, 2207 columns, 9106 nonzeros
Variable types: 0 continuous, 2207 integer (2207 binary)
Found heuristic solution: objective 3.890000e+12

Root relaxation: objective 1.509000e+03, 2327 iterations, 0.10 seconds (0.19 work units)

    Nodes    |    Current Node    |     Objective Bounds      |     Work
 Expl Unexpl |  Obj  Depth IntInf | Incumbent    BestBd   Gap | It/Node Time

     0     0 1509.00000    0  352 3.8900e+12 1509.00000   100%     -    0s
H    0     0                    6.700000e+11 1509.00000   100%     -    0s
H    0     0                    5.500000e+11 1509.00000   100%     -    0s
H    0     0                    2.600000e+11 1509.00000   100%     -    0s
H    0     0                    2.400000e+11 1509.00000   100%     -    0s
H    0     0                    2.100000e+11 1510.33184   100%     -    0s
     0     0 1510.33184    0  361 2.1000e+11 1510.33184   100%     -    0s
     0     0 1510.86264    0  378 2.1000e+11 1510.86264   100%     -    0s
     0     0 1510.86264    0  379 2.1000e+11 1510.86264   100%     -    0s
     0     0 1510.86264    0  380 2.1000e+11 1510.86264   100%     -    0s
     0     0 1510.94134    0  377 2.1000e+11 1510.94134   100%     -    0s
     0     0 1510.94591    0  386 2.1000e+11 1510.94591   100%     -    0s
     0     0 1511.04993    0  385 2.1000e+11 1511.04993   100%     -    0s
     0     0 1511.05199    0  385 2.1000e+11 1511.05199   100%     -    0s
     0     0 1511.05275    0  387 2.1000e+11 1511.05275   100%     -    0s
     0     0 1511.09435    0  389 2.1000e+11 1511.09435   100%     -    0s
     0     0 1511.10478    0  388 2.1000e+11 1511.10478   100%     -    0s
     0     0 1511.12608    0  387 2.1000e+11 1511.12608   100%     -    0s
     0     0 1511.13745    0  387 2.1000e+11 1511.13745   100%     -    0s
     0     2 1511.14607    0  387 2.1000e+11 1511.14607   100%     -    0s
H   70    76                    2.000000e+11 1513.33210   100%   119    1s
H  101   110                    1.700000e+11 1513.33210   100%   122    1s
H  104   110                    1.600000e+11 1513.33210   100%   120    1s
H  287   310                    1.400000e+11 1513.33210   100%   123    2s
  1277  1293 5.4076e+09   89  310 1.4000e+11 1513.33210   100%   112    5s
H 1285  1293                    1.400000e+11 1513.33210   100%   112    5s
H 1290  1293                    1.100000e+11 1513.33210   100%   112    5s
H 2861  2603                    1.100000e+11 1516.61092   100%   118   10s
H 3629  2987                    1.100000e+11 1516.61092   100%   118   12s
  4297  3487 2.5649e+10  140  295 1.1000e+11 1516.61092   100%   112   15s
  6986  5133 3.8699e+10  131  323 1.1000e+11 1516.61092   100%  95.1   20s
 11342  8164 1.0505e+11  188  317 1.1000e+11 1516.81649   100%  85.1   25s
H11979  8473                    1.000000e+11 1516.81649   100%  84.7   25s
H12730  9466                    9.000000e+10 1516.96075   100%  83.3   29s
 13389  9537 1622.47814   40  308 9.0000e+10 1516.96075   100%  82.0   31s
 17736 13504 3.2970e+10  110  289 9.0000e+10 1518.93048   100%  77.5   35s
H18628 14242                    9.000000e+10 1519.70455   100%  76.9   35s
 23694 19822 1558.12521   29  328 9.0000e+10 1520.81082   100%  73.2   40s
 27311 22024 1.5303e+10  137  302 9.0000e+10 1521.25638   100%  71.2   45s
 29345 23667 1542.89580   30  387 9.0000e+10 1521.47009   100%  70.0 1106s
 29357 23675 1.4097e+10   92  385 9.0000e+10 1521.47009   100%  70.0 1110s
 29403 23715 1521.47009   25  360 9.0000e+10 1521.47009   100%  70.2 1115s
 29887 24060 5.0089e+09   56  347 9.0000e+10 1521.47009   100%  71.0 1120s
 31097 24715 1627.04877   59  320 9.0000e+10 1521.47009   100%  72.7 1129s
 31105 24738 1632.70191   58  321 9.0000e+10 1521.47009   100%  72.7 1131s
 32117 25453 6.7133e+10  118  255 9.0000e+10 1521.47009   100%  74.3 1135s
 33413 26209 2.2010e+10   98  313 9.0000e+10 1521.47009   100%  75.9 1140s
 33800 26461 5.2847e+10  113  295 9.0000e+10 1521.47009   100%  76.4 1557s
 34491 26616 1588.41355   54  317 9.0000e+10 1521.47009   100%  77.2 1562s
 35060 26989 1.4957e+10  102  292 9.0000e+10 1521.47009   100%  77.5 1565s
 35366 27371 4.1359e+10  121  273 9.0000e+10 1521.47009   100%  77.8 1573s
 35975 27740 1536.16481   29  360 9.0000e+10 1521.47009   100%  78.1 1575s
 37520 28780 2.7768e+09   65  318 9.0000e+10 1521.47009   100%  78.9 1580s
 40334 30763 1529.16291   31  352 9.0000e+10 1521.47009   100%  80.0 1585s
 41274 30513 1.7751e+10  134  311 9.0000e+10 1521.47009   100%  79.9 1590s
 47384 34417 7.1153e+10  170  306 9.0000e+10 1521.47009   100%  80.4 1595s
 51398 36355 5.6283e+09   66  294 9.0000e+10 1522.04855   100%  79.9 1600s
 57335 39412 1541.53190   34  355 9.0000e+10 1523.30426   100%  79.1 1609s
 57343 40078 1544.96798   33  345 9.0000e+10 1523.30426   100%  79.1 1610s
 64490 44189 1598.05090   57  322 9.0000e+10 1524.14208   100%  79.2 1615s
 73747 50852 6.3930e+09   75  309 9.0000e+10 1524.92626   100%  77.5 1621s
 80106 52498 1599.93149   46  334 9.0000e+10 1525.22594   100%  76.4 1625s
 88870 59104 1.2840e+10  107  311 9.0000e+10 1525.77954   100%  74.2 1630s
 91675 58227 3.1044e+10  153  312 9.0000e+10 1525.98349   100%  73.5 1636s
 98432 62134 1578.59024   40  331 9.0000e+10 1526.43723   100%  72.3 1640s
 106348 68153 1727.28395   64  330 9.0000e+10 1526.91458   100%  71.7 1646s
 113697 75699 4.9073e+09   89  298 9.0000e+10 1527.27888   100%  70.3 1650s
 123489 83815 1569.18349   51  342 9.0000e+10 1527.76111   100%  69.2 1655s
 129251 89007 4.6633e+10  140  313 9.0000e+10 1527.97088   100%  68.3 1660s
 140061 98982 1663.29666   65  316 9.0000e+10 1528.30690   100%  67.0 1665s
 145308 103117 1541.65923   32  341 9.0000e+10 1528.45109   100%  66.5 1670s
 156519 113053 1.6225e+09   46  328 9.0000e+10 1528.85069   100%  65.8 1675s
 167870 123088 1.4298e+10   86  305 9.0000e+10 1529.20918   100%  64.9 1680s
 169869 125112 1.0656e+10   72  322 9.0000e+10 1529.26213   100%  64.8 1685s
H174705 126117                    8.000000e+10 1529.35176   100%  64.4 1689s
 174711 126869 2.5701e+10  108  318 8.0000e+10 1529.35176   100%  64.4 1690s
 186069 136937 1615.35721   47  341 8.0000e+10 1529.65321   100%  63.5 1695s
 196546 146431 1531.75979   35  363 8.0000e+10 1529.88554   100%  62.9 1700s
H205699 153882                    8.000000e+10 1530.12164   100%  62.7 1708s
 207313 155221 2.4069e+10  107  303 8.0000e+10 1530.14598   100%  62.7 1712s
 211677 159768 2.8815e+10  125  303 8.0000e+10 1530.23128   100%  62.5 1715s
 220741 167741 4.7909e+10  150  293 8.0000e+10 1530.46315   100%  62.5 1720s
 231563 176371 2.0000e+10   57  318 8.0000e+10 1530.72735   100%  62.1 1727s
 236496 181756 1.7031e+10  103  311 8.0000e+10 1530.85532   100%  62.0 1730s
 245748 189097 1665.09998   56  318 8.0000e+10 1530.99143   100%  62.1 1735s
 256136 198502 4.5198e+09   53  325 8.0000e+10 1531.14991   100%  61.8 1740s
 262725 203649 1.4250e+10  129  304 8.0000e+10 1531.27686   100%  61.5 1745s
 262741 204251 1.5985e+10  131  308 8.0000e+10 1531.27913   100%  61.5 1750s
 272551 213319 1.7308e+10   81  307 8.0000e+10 1531.43252   100%  61.1 1755s
 284384 223436 4.2143e+10  136  288 8.0000e+10 1531.59441   100%  60.6 1760s
 285479 224649 1.0000e+10   58  306 8.0000e+10 1531.60479   100%  60.7 1765s
 297146 234976 1758.52825   56  310 8.0000e+10 1531.75356   100%  60.3 1770s
 308674 244865 1610.31307   61  345 8.0000e+10 1531.92945   100%  59.9 1775s
 319452 254637 2.8771e+09   75  286 8.0000e+10 1532.08512   100%  59.6 1780s
 322949 257566 8.2901e+09   95  306 8.0000e+10 1532.11900   100%  59.5 1785s
 333797 266899 1638.67865   50  324 8.0000e+10 1532.27008   100%  59.3 1790s
 343460 275718 2.2960e+09   65  321 8.0000e+10 1532.47277   100%  59.2 1795s
 354888 285525 4.2450e+08   54  319 8.0000e+10 1532.63333   100%  58.9 1800s
 357274 288005 2.5839e+09   66  313 8.0000e+10 1532.68411   100%  58.9 1805s
 367720 296966 1588.01656   54  333 8.0000e+10 1532.80503   100%  58.7 1810s
H369725 298204                    8.000000e+10 1532.85409   100%  58.7 1813s
 371441 300964 1673.54407   60  336 8.0000e+10 1532.88452   100%  58.8 1815s
 382915 310437 1659.42918   63  334 8.0000e+10 1533.07723   100%  58.5 1820s
 392656 318138 1694.17162   54  327 8.0000e+10 1533.21220   100%  58.3 1828s
 394396 320671 7.5444e+09   96  301 8.0000e+10 1533.23938   100%  58.3 1830s
 405084 329166 1559.80242   35  352 8.0000e+10 1533.38118   100%  58.1 1838s
 408406 332749 6.9896e+10  160  309 8.0000e+10 1533.39909   100%  58.1 1840s
 412268 335741 6.2755e+08   92  320 8.0000e+10 1533.42557   100%  58.0 1845s
 422396 345470 1584.77607   55  329 8.0000e+10 1533.56934   100%  57.8 1850s
 434839 356337 1574.75333   42  334 8.0000e+10 1533.74076   100%  57.4 1855s
 437147 357557 1576.33432   43  338 8.0000e+10 1533.77440   100%  57.4 1860s
 445250 365281 2.0000e+10   66  298 8.0000e+10 1533.89349   100%  57.4 1865s
 456404 374898     cutoff  150      8.0000e+10 1534.00034   100%  57.1 1870s
 466475 384179 1.6002e+09   68  326 8.0000e+10 1534.09620   100%  57.1 1875s
 473598 389405 1.7379e+10  135  295 8.0000e+10 1534.15116   100%  57.1 1882s
 476509 391855 1.4350e+10  118  298 8.0000e+10 1534.18506   100%  57.1 1886s
 476517 398882 1.4475e+10  119  297 8.0000e+10 1534.19022   100%  57.1 1891s
 491766 406153 6.3403e+10  119  328 8.0000e+10 1534.32380   100%  57.1 1895s
 499234 412806 2.2822e+09  110  247 8.0000e+10 1534.39368   100%  57.0 1900s
 510281 421816 1577.28583   47  357 8.0000e+10 1534.50906   100%  56.8 1908s
 512190 424080 1543.24822   44  348 8.0000e+10 1534.52168   100%  56.8 1910s
 521704 433272 4.1775e+09   90  319 8.0000e+10 1534.61207   100%  56.7 1915s
H527444 425519                    7.000000e+10 1534.64472   100%  56.6 1922s
 532685 430718 2.8218e+10   82  311 7.0000e+10 1534.70971   100%  56.6 1925s
 543411 440204 1.2551e+10   54  307 7.0000e+10 1534.79728   100%  56.4 1930s
 547323 442894 1547.98914   31  352 7.0000e+10 1534.86151   100%  56.4 1935s
H547328 442893                    7.000000e+10 1534.86151   100%  56.4 1935s
 556095 451489 1582.11354   50  340 7.0000e+10 1534.93885   100%  56.3 1940s
 566021 460350 1572.84614   46  337 7.0000e+10 1535.07472   100%  56.2 1945s
 577128 469576 5.2754e+10  176  310 7.0000e+10 1535.16653   100%  56.2 1950s
 582217 473581 6.5435e+09  102  275 7.0000e+10 1535.21564   100%  56.1 1955s
 590670 481698 1656.95331   60  322 7.0000e+10 1535.31120   100%  56.1 1960s
 602243 492016 5.3977e+10  141  278 7.0000e+10 1535.39427   100%  55.9 1965s
 612693 501348 5.8287e+09   70  291 7.0000e+10 1535.47121   100%  55.8 1970s
 615145 503318 1.2874e+10  112  305 7.0000e+10 1535.49242   100%  55.8 1975s
 626174 513397 3.3308e+10  168  299 7.0000e+10 1535.56208   100%  55.7 1980s
 633891 519572 1632.26095   45  336 7.0000e+10 1535.62579   100%  55.7 1987s
H634021 519534                    6.999999e+10 1535.62579   100%  55.7 1987s
 639037 524530 2.2634e+10   68  325 7.0000e+10 1535.69448   100%  55.6 1990s
 645609 529653 1580.41979   48  322 7.0000e+10 1535.75330   100%  55.5 1999s
H645611 529653                    6.999998e+10 1535.75330   100%  55.5 1999s
 646009 530743 1.1762e+10   99  321 7.0000e+10 1535.75999   100%  55.5 2000s
 656052 539732 1704.72352   57  326 7.0000e+10 1535.84545   100%  55.5 2005s
 665850 548267 3.5911e+08   77  309 7.0000e+10 1535.91272   100%  55.4 2010s
 667536 549135 1667.78538   63  326 7.0000e+10 1535.93311   100%  55.4 2015s
 676233 557892 3.0325e+10  116  299 7.0000e+10 1535.98569   100%  55.3 2020s
 685717 565822 1583.17791   44  343 7.0000e+10 1536.05313   100%  55.2 2025s
 696201 575387 1590.98692   51  346 7.0000e+10 1536.14044   100%  55.1 2030s
H697619 576127                    6.999998e+10 1536.14248   100%  55.1 2030s
 706005 583816 1652.42369   51  304 7.0000e+10 1536.19802   100%  55.1 2035s
 716726 593526 3.4159e+09   84  327 7.0000e+10 1536.26017   100%  55.0 2040s
 728074 603160 1614.39289   41  329 7.0000e+10 1536.33615   100%  54.9 2045s
 737391 611651 1782.38444   76  302 7.0000e+10 1536.39878   100%  54.9 2050s
 746469 620086 1.5868e+09   82  326 7.0000e+10 1536.49517   100%  54.8 2055s
 755168 626507 1658.48001   66  329 7.0000e+10 1536.57431   100%  54.8 2060s
 762956 634416 1558.86125   40  347 7.0000e+10 1536.63571   100%  54.8 2065s
H771360 640729                    6.999998e+10 1536.68679   100%  54.9 2070s
H771362 640729                    6.999998e+10 1536.68679   100%  54.9 2070s
 773424 643340 1607.33176   51  343 7.0000e+10 1536.69527   100%  54.8 2075s
H778513 646860                    6.999997e+10 1536.73838   100%  54.9 2079s
 779246 648599 9.4156e+08   67  284 7.0000e+10 1536.74530   100%  54.9 2080s
 790640 658708 1619.21925   47  314 7.0000e+10 1536.82158   100%  54.8 2085s
 798626 665572 4.8854e+10  158  295 7.0000e+10 1536.87031   100%  54.7 2090s
H810056 674682                    6.999997e+10 1536.92407   100%  54.6 2096s
H810060 674682                    6.999997e+10 1536.92407   100%  54.6 2096s
 818070 682813 1586.09397   48  336 7.0000e+10 1536.98550   100%  54.6 2100s
H824802 687553                    6.999997e+10 1537.01888   100%  54.6 2104s
 825976 689134 1560.90932   36  361 7.0000e+10 1537.02763   100%  54.6 2105s
 835917 698464 1607.08371   60  330 7.0000e+10 1537.09529   100%  54.5 2110s
 841791 703438 3.3952e+10   78  318 7.0000e+10 1537.13174   100%  54.5 2115s
 848293 709648 2.6720e+10  135  309 7.0000e+10 1537.17825   100%  54.5 2120s
 857321 716443 1587.90951   53  342 7.0000e+10 1537.22405   100%  54.4 2128s
 857387 716451 1596.91782   54  333 7.0000e+10 1537.22405   100%  54.4 2130s
 866478 725067 1546.98844   36  347 7.0000e+10 1537.25934   100%  54.3 2135s
 873600 731534 1.0102e+09   57  335 7.0000e+10 1537.31876   100%  54.3 2140s
 883424 740409 1596.56307   55  340 7.0000e+10 1537.39355   100%  54.2 2145s
 892102 747202 1619.08147   56  330 7.0000e+10 1537.43971   100%  54.2 2150s
 901257 756316 2.3923e+10  140  329 7.0000e+10 1537.49331   100%  54.1 2155s
 909542 762513 1560.13789   40  332 7.0000e+10 1537.53669   100%  54.1 2160s
 920054 772585 1601.15166   50  340 7.0000e+10 1537.59635   100%  54.0 2165s
 926548 778287 1547.60711   43  340 7.0000e+10 1537.62974   100%  54.0 2170s
 936553 787406 1660.72811   62  323 7.0000e+10 1537.68162   100%  53.9 2175s
 943274 793615 3.6030e+08   89  309 7.0000e+10 1537.72837   100%  53.9 3130s
 948215 798061 3.6040e+10   84  293 7.0000e+10 1537.75643   100%  53.9 3135s
 959252 807621 1555.24131   45  333 7.0000e+10 1537.81371   100%  53.8 3140s
 967881 814472 2.3514e+09   71  329 7.0000e+10 1537.86820   100%  53.8 3145s
 968098 814480 1.0499e+10   85  320 7.0000e+10 1537.86820   100%  53.8 3151s
 969832 815957 1694.69232   65  349 7.0000e+10 1537.88085   100%  53.8 3155s
 978127 824278 1684.84130   82  335 7.0000e+10 1537.91391   100%  53.8 3160s
 986854 831859 1599.69197   43  325 7.0000e+10 1537.96718   100%  53.7 3165s
 992140 836197 4.5421e+10   93  322 7.0000e+10 1537.99236   100%  53.6 3170s
H992689 836197                    6.999997e+10 1537.99425   100%  53.6 3170s
 998632 842030 1.8670e+10  110  299 7.0000e+10 1538.02944   100%  53.6 3175s
 999555 842993 1682.01402   56  321 7.0000e+10 1538.02944   100%  53.6 3212s
 1005023 847754 3.5292e+10   80  294 7.0000e+10 1538.06841   100%  53.6 3215s
 1014041 854788 1566.25381   50  349 7.0000e+10 1538.10641   100%  53.6 3220s
 1023442 864147 1.4479e+10  105  296 7.0000e+10 1538.15559   100%  53.5 3225s
 1032933 871232 1622.14481   52  350 7.0000e+10 1538.19875   100%  53.5 3230s
 1043079 880854 1544.66382   38  345 7.0000e+10 1538.25028   100%  53.4 3235s
 1052275 889412 1546.13878   42  358 7.0000e+10 1538.30706   100%  53.4 3240s
H1053264 889419                    6.999997e+10 1538.30706   100%  53.4 3241s
 1058676 894994 1561.20967   39  338 7.0000e+10 1538.33146   100%  53.3 3245s
 1066909 902572 1545.98107   43  340 7.0000e+10 1538.38087   100%  53.3 3250s
 1072401 906640 4.6570e+10   69  309 7.0000e+10 1538.41493   100%  53.3 3256s
 1074197 908880 1589.48812   43  329 7.0000e+10 1538.42355   100%  53.3 3556s
 1081615 915525 5.7234e+09   78  313 7.0000e+10 1538.46406   100%  53.3 3560s
 1088885 921743 1550.87254   37  349 7.0000e+10 1538.49604   100%  53.3 3565s
 1098522 929368 1.9144e+10  150  319 7.0000e+10 1538.55777   100%  53.2 3573s
 1098622 929376 1.9232e+10  151  321 7.0000e+10 1538.55777   100%  53.2 3575s
 1108518 939003 8.7289e+09   94  306 7.0000e+10 1538.59688   100%  53.2 3580s
 1120274 948531 3.8695e+10  142  324 7.0000e+10 1538.65446   100%  53.1 3586s
 1129113 957276 1.0000e+10   83  316 7.0000e+10 1538.70797   100%  53.1 3590s
 1140136 966827 1552.60370   40  348 7.0000e+10 1538.74801   100%  53.1 3595s
 1145131 971737 7.1443e+09   78  323 7.0000e+10 1538.77429   100%  53.1 3600s
 1156795 981193 1616.19230   42  326 7.0000e+10 1538.83360   100%  53.1 3605s
 1166818 989520 1.2664e+10  128  329 7.0000e+10 1538.88027   100%  53.0 3611s
 1174315 996719 2.4994e+10   52  317 7.0000e+10 1538.92633   100%  53.0 3615s
 1184284 1005353     cutoff   90      7.0000e+10 1538.98854   100%  53.1 3620s
 1192760 1013275 1540.36962   35  345 7.0000e+10 1539.03087   100%  53.0 3625s
H1200060 1018749                    6.999997e+10 1539.05961   100%  53.0 3629s
H1200063 1018749                    6.999997e+10 1539.05961   100%  53.0 3629s
 1200746 1020299 1688.09368   70  312 7.0000e+10 1539.06746   100%  53.0 3630s
 1203577 1023000 5.5951e+08   72  309 7.0000e+10 1539.07915   100%  53.0 3635s
 1213869 1030925 1556.28475   37  342 7.0000e+10 1539.11871   100%  53.0 3641s
 1222799 1039995 1549.68660   38  354 7.0000e+10 1539.15592   100%  52.9 3645s
 1234424 1050078 1548.82113   42  340 7.0000e+10 1539.19920   100%  52.9 3650s
 1241540 1056038     cutoff   79      7.0000e+10 1539.23539   100%  52.9 3655s
 1250758 1063412 6.6499e+10  145  301 7.0000e+10 1539.27950   100%  52.8 3660s
H1250771 1028453                    6.000000e+10 1539.27950   100%  52.8 3664s
 1250778 1029286 5.9504e+10  145  307 6.0000e+10 1539.28405   100%  52.8 3665s
 1260066 1036820 1625.05093   50  326 6.0000e+10 1539.31889   100%  52.8 3670s
 1269847 1046368 1593.44095   52  340 6.0000e+10 1539.36281   100%  52.8 3675s
 1279780 1055417 1556.68113   38  349 6.0000e+10 1539.40576   100%  52.8 3680s
 1284104 1058048 1584.91871   38  339 6.0000e+10 1539.42012   100%  52.8 3685s
 1293245 1067373 3.9592e+09   69  340 6.0000e+10 1539.45171   100%  52.8 3690s
 1306636 1078697 1612.55794   52  331 6.0000e+10 1539.50519   100%  52.7 3695s
 1312963 1084530 1762.99926   50  320 6.0000e+10 1539.53659   100%  52.7 3700s
 1323548 1094069 1.3098e+10   82  329 6.0000e+10 1539.59051   100%  52.7 3705s
 1328467 1098006 1549.20325   44  360 6.0000e+10 1539.60753   100%  52.7 3710s
 1341003 1109589 4.5942e+09   83  278 6.0000e+10 1539.66653   100%  52.7 3715s
 1348023 1114506 1642.74044   57  341 6.0000e+10 1539.69472   100%  52.6 3722s
 1352532 1119409 3.2774e+10  144  315 6.0000e+10 1539.71563   100%  52.7 3725s
 1358447 1123915 3.4966e+10  153  330 6.0000e+10 1539.73478   100%  52.6 3731s
H1358554 1123860                    6.000000e+10 1539.73478   100%  52.6 3731s
 1364715 1129880 1615.48422   54  319 6.0000e+10 1539.77917   100%  52.7 3735s
 1374094 1138154 1567.76796   46  343 6.0000e+10 1539.80691   100%  52.7 3740s
 1384385 1147103 2.0000e+10   82  329 6.0000e+10 1539.84879   100%  52.7 3745s
 1391899 1152747 1548.36652   40  346 6.0000e+10 1539.87070   100%  52.8 3752s
 1398677 1159801 3.5226e+10  163  340 6.0000e+10 1539.89452   100%  52.7 3755s
 1409373 1168790 1577.67109   38  343 6.0000e+10 1539.95315   100%  52.7 3760s
 1417405 1176461 1.9400e+09   60  326 6.0000e+10 1539.98683   100%  52.7 3765s
 1426687 1183340 1601.22136   52  323 6.0000e+10 1540.02518   100%  52.7 3770s
 1430055 1186451 3.1713e+09   84  296 6.0000e+10 1540.03557   100%  52.7 3775s
H1430261 1186418                    6.000000e+10 1540.03557   100%  52.7 3775s
 1430263 1193594 3.2720e+09   85  297 6.0000e+10 1540.03690   100%  52.7 3780s
 1438271 1193695 2.2628e+10  137  331 6.0000e+10 1540.06122   100%  52.7 3785s
H1438386 1130324                    5.000000e+10 1540.06122   100%  52.7 3785s
 1446929 1137983 1.0797e+10   54  304 5.0000e+10 1540.09232   100%  52.7 3790s
 1457517 1147493 1548.30497   45  349 5.0000e+10 1540.13875   100%  52.7 3795s
 1462254 1150659 5.8365e+07   53  318 5.0000e+10 1540.16049   100%  52.7 3800s
 1471674 1159993 2.2717e+10  139  316 5.0000e+10 1540.18672   100%  52.7 3805s
 1482178 1169738 1.5484e+09  113  295 5.0000e+10 1540.23524   100%  52.7 3810s
 1493405 1179340 1807.87663   67  326 5.0000e+10 1540.27632   100%  52.6 3815s
 1501176 1186195 3.8830e+10  123  269 5.0000e+10 1540.30569   100%  52.6 3820s
 1511660 1194792 4.5699e+10  121  327 5.0000e+10 1540.34004   100%  52.6 3829s
 1511815 1194820 1688.23811   62  325 5.0000e+10 1540.34004   100%  52.6 3830s
 1519491 1203073 4.2435e+10   57  295 5.0000e+10 1540.37378   100%  52.5 3835s
H1523103 1204572                    4.999999e+10 1540.39281   100%  52.5 3838s
 1526505 1208762 3.0295e+08   84  343 5.0000e+10 1540.40430   100%  52.5 3840s
 1536760 1217579 1.0946e+10  117  310 5.0000e+10 1540.44545   100%  52.5 3845s
H1537881 1217586                    4.999998e+10 1540.44649   100%  52.5 3854s
H1537890 1217598                    4.999998e+10 1540.44649   100%  52.5 3857s
 1541438 1221733 4.0474e+09   82  315 5.0000e+10 1540.46285   100%  52.5 3860s
 1547552 1226089 1549.25474   49  337 5.0000e+10 1540.48046   100%  52.5 3867s
 1553735 1232454 1552.12269   38  358 5.0000e+10 1540.50066   100%  52.5 3870s
 1564017 1241781 8.9711e+09   65  325 5.0000e+10 1540.54330   100%  52.5 3875s
 1574093 1250390 1545.79855   37  342 5.0000e+10 1540.56961   100%  52.5 3880s
 1584844 1259822 1552.55754   44  332 5.0000e+10 1540.60848   100%  52.5 3885s
 1588119 1262224 1585.26305   50  346 5.0000e+10 1540.62222   100%  52.5 3890s
 1594697 1268425 1577.49577   39  342 5.0000e+10 1540.64654   100%  52.5 3895s
 1597606 1270964 3.5921e+10   63  319 5.0000e+10 1540.66113   100%  52.5 3900s
 1606784 1279276 1572.47770   55  341 5.0000e+10 1540.69163   100%  52.6 3905s
 1618797 1289744     cutoff  139      5.0000e+10 1540.73977   100%  52.5 3910s
 1626999 1297088 1.1555e+10   78  334 5.0000e+10 1540.76786   100%  52.5 3915s
 1637876 1306898 3.0136e+10  132  300 5.0000e+10 1540.80868   100%  52.5 3920s
 1646787 1314598 1664.10530   61  326 5.0000e+10 1540.83939   100%  52.5 3925s
 1654671 1320492 1555.02639   34  342 5.0000e+10 1540.86355   100%  52.5 3930s
 1654738 1327543 1556.33101   35  342 5.0000e+10 1540.86447   100%  52.5 3935s
H1663028 1327918                    4.999998e+10 1540.89944   100%  52.5 3939s
 1663159 1329174 1581.56166   44  349 5.0000e+10 1540.90040   100%  52.5 3940s
 1670197 1335626 1.2798e+10  155  292 5.0000e+10 1540.92683   100%  52.4 3945s
 1682844 1346151 1554.72136   42  343 5.0000e+10 1540.96303   100%  52.4 3950s
 1690368 1353060 5.0702e+08   89  320 5.0000e+10 1540.99211   100%  52.4 3955s
 1700576 1361069 1.1977e+10  107  305 5.0000e+10 1541.03664   100%  52.4 3960s
 1708592 1367957 6.6637e+09   74  303 5.0000e+10 1541.06183   100%  52.4 3969s
 1708600 1367965 6.8442e+09   75  304 5.0000e+10 1541.06183   100%  52.4 3974s
 1708608 1368921 7.0566e+09   76  304 5.0000e+10 1541.06247   100%  52.4 3975s
 1716911 1376532 1.0453e+10   51  334 5.0000e+10 1541.08994   100%  52.4 3980s
 1728620 1386417 1616.23605   56  324 5.0000e+10 1541.13101   100%  52.4 3985s
 1734622 1391511 1.1868e+10   72  328 5.0000e+10 1541.14899   100%  52.4 3990s
 1745242 1400762 1649.34458   73  340 5.0000e+10 1541.18295   100%  52.4 3995s
 1753519 1407014 4.8641e+10   80  269 5.0000e+10 1541.20758   100%  52.4 4001s
 1759657 1413079 2.3409e+10  124  294 5.0000e+10 1541.22767   100%  52.4 4005s
 1770296 1422107 1582.96924   45  335 5.0000e+10 1541.26472   100%  52.4 4010s
 1776991 1428017     cutoff  158      5.0000e+10 1541.28779   100%  52.4 4015s
 1788221 1438566 1578.41424   41  343 5.0000e+10 1541.34190   100%  52.4 4020s
 1796653 1444958 2.3832e+10  111  310 5.0000e+10 1541.36669   100%  52.4 4026s
 1803377 1451835 2.0052e+09   68  326 5.0000e+10 1541.39224   100%  52.4 4030s
 1805674 1459896 1584.62468   40  342 5.0000e+10 1541.39986   100%  52.4 4037s
 1819656 1465602 1575.19917   46  341 5.0000e+10 1541.44677   100%  52.3 4043s
 1823905 1469814 1554.82979   37  345 5.0000e+10 1541.47010   100%  52.3 4045s
 1835365 1480779 1.0250e+09   64  311 5.0000e+10 1541.50911   100%  52.3 4050s
 1839213 1482715 1.9062e+10  134  274 5.0000e+10 1541.52243   100%  52.3 4056s
 1846259 1488906 1573.14161   45  336 5.0000e+10 1541.54813   100%  52.3 4062s
 1851427 1494357 2.0247e+09   96  328 5.0000e+10 1541.56373   100%  52.3 4065s
 1861556 1503645 1698.92998   68  320 5.0000e+10 1541.59926   100%  52.3 4070s
 1869167 1509943     cutoff  158      5.0000e+10 1541.62313   100%  52.3 4075s
 1879513 1519314 1.3055e+09   58  331 5.0000e+10 1541.65577   100%  52.3 4080s
 1889044 1526680 5.5601e+09   86  307 5.0000e+10 1541.67655   100%  52.3 4088s
 1889948 1528648 1.4273e+09   51  323 5.0000e+10 1541.68399   100%  52.3 4090s
 1901680 1539311 2.6543e+10  128  327 5.0000e+10 1541.71974   100%  52.2 4095s
 1912744 1548973 8.7661e+09   94  288 5.0000e+10 1541.75105   100%  52.2 4100s
 1919310 1553583 1680.11783   54  279 5.0000e+10 1541.77440   100%  52.2 4107s
 1924884 1559362     cutoff  108      5.0000e+10 1541.79334   100%  52.2 4110s
 1933527 1567361 1559.23757   50  340 5.0000e+10 1541.82386   100%  52.2 4115s
 1944022 1576339 2.6738e+10  107  260 5.0000e+10 1541.85010   100%  52.2 4120s
 1950891 1581303 1688.44118   64  321 5.0000e+10 1541.87175   100%  52.2 4128s
 1953097 1584161 1599.86411   42  344 5.0000e+10 1541.87994   100%  52.2 4130s
 1963610 1593393 1588.17696   40  340 5.0000e+10 1541.90962   100%  52.2 4135s
 1975353 1603381 1605.55873   56  339 5.0000e+10 1541.94577   100%  52.2 4140s
 1977522 1604542 1566.53213   39  347 5.0000e+10 1541.95441   100%  52.2 4149s
 1978446 1606167 3.6791e+10  100  284 5.0000e+10 1541.96192   100%  52.2 4150s
 1987946 1615044 3.9036e+10  154  316 5.0000e+10 1541.98466   100%  52.2 4155s
 1998162 1623597 1.5355e+10  108  316 5.0000e+10 1542.01760   100%  52.2 4160s
 2005750 1630497 1703.03412   62  307 5.0000e+10 1542.04837   100%  52.2 4165s
 2009528 1633372 1.7652e+09   71  287 5.0000e+10 1542.06653   100%  52.2 4170s
 2016805 1639795 1.8958e+10  171  288 5.0000e+10 1542.09325   100%  52.2 4370s
 2024693 1646358 1.0000e+10   52  325 5.0000e+10 1542.11820   100%  52.2 4375s
 2034903 1656256 2.2203e+09   68  319 5.0000e+10 1542.14984   100%  52.2 4380s
 2046789 1666007 8.6732e+09   88  340 5.0000e+10 1542.18321   100%  52.2 4385s
 2047775 1672957 1605.31817   49  325 5.0000e+10 1542.18591   100%  52.2 4394s
 2055783 1674504 1.4528e+10  103  315 5.0000e+10 1542.20891   100%  52.2 4395s
 2067660 1684251     cutoff  116      5.0000e+10 1542.24246   100%  52.2 4400s
 2068713 1684369 1644.68062   58  332 5.0000e+10 1542.24598   100%  52.2 4405s
 2079493 1694927 6.5751e+09  108  324 5.0000e+10 1542.28150   100%  52.2 4410s
 2086734 1701227 3.6808e+10   76  298 5.0000e+10 1542.30576   100%  52.2 4415s
H2097683 1709625                    4.999998e+10 1542.33261   100%  52.2 4423s
 2100872 1713466 1575.30424   46  317 5.0000e+10 1542.34185   100%  52.2 4425s
 2111784 1722915 6.4416e+09   93  320 5.0000e+10 1542.37830   100%  52.2 4430s
 2120325 1729141 1.4139e+09   70  316 5.0000e+10 1542.39681   100%  52.2 4438s
 2121786 1731835 4.3215e+08   79  325 5.0000e+10 1542.40034   100%  52.2 4440s
 2132908 1741129 3.0285e+10  127  313 5.0000e+10 1542.42880   100%  52.2 4445s
 2142222 1748970 1557.42580   41  344 5.0000e+10 1542.45609   100%  52.2 4450s
 2151124 1756045 3.9287e+10  108  283 5.0000e+10 1542.47810   100%  52.2 4456s
 2157166 1762639 2.8812e+09   81  319 5.0000e+10 1542.49829   100%  52.2 4460s
 2166818 1770992 9.0642e+08   75  317 5.0000e+10 1542.51965   100%  52.2 4465s
 2173666 1776047 3.2846e+09   99  335 5.0000e+10 1542.53561   100%  52.2 4472s
 2173903 1777261 1.4669e+10  126  331 5.0000e+10 1542.53645   100%  52.2 4477s
 2177476 1781071 1.0051e+10  101  325 5.0000e+10 1542.54483   100%  52.2 4480s
 2189360 1790719 6.7099e+08   62  327 5.0000e+10 1542.57171   100%  52.1 4485s
 2198305 1798750 2.7917e+10   53  305 5.0000e+10 1542.59322   100%  52.2 4490s
 2207862 1807115 2.8466e+09   64  321 5.0000e+10 1542.62133   100%  52.2 4495s
 2213779 1811750 1566.55302   45  337 5.0000e+10 1542.63578   100%  52.2 4501s
 2219818 1816816 2.0026e+09   56  314 5.0000e+10 1542.64730   100%  52.2 4509s
 2220032 1817946 2.8199e+09   54  313 5.0000e+10 1542.64809   100%  52.1 4510s
 2230305 1827103 1617.45119   53  318 5.0000e+10 1542.67579   100%  52.2 4515s
 2240858 1835987 1748.14806   70  334 5.0000e+10 1542.71039   100%  52.1 4520s
 2247313 1840727 2.9782e+10   61  325 5.0000e+10 1542.72222   100%  52.2 4527s
 2249874 1844096 1564.99963   45  331 5.0000e+10 1542.72929   100%  52.2 4530s
 2259793 1852605 3.4146e+08   77  330 5.0000e+10 1542.75136   100%  52.2 4535s
 2269550 1861333 1641.80957   64  317 5.0000e+10 1542.78021   100%  52.2 4540s
 2278383 1869129 1654.39920   52  327 5.0000e+10 1542.80828   100%  52.1 4545s
 2285931 1875809 8.6953e+09  117  337 5.0000e+10 1542.82434   100%  52.1 4550s
 2288780 1884347 1546.62054   36  364 5.0000e+10 1542.83497   100%  52.1 4558s
 2296788 1884441 5.7746e+08   74  326 5.0000e+10 1542.85035   100%  52.1 4560s
 2306749 1894408 1732.48873   65  300 5.0000e+10 1542.87965   100%  52.1 4565s
 2313677 1900550 1633.81535   53  298 5.0000e+10 1542.89989   100%  52.1 4570s
 2325967 1910769 3.0454e+10  133  276 5.0000e+10 1542.92401   100%  52.1 4575s
 2331870 1916168 1584.19799   52  350 5.0000e+10 1542.94404   100%  52.1 4580s
 2343448 1925814 1669.98779   54  309 5.0000e+10 1542.97489   100%  52.1 4585s
 2345199 1927203 1.9456e+10   65  295 5.0000e+10 1542.97893   100%  52.1 4590s
 2350270 1931239 7.3540e+09  133  335 5.0000e+10 1542.99086   100%  52.1 4596s
H2350276 1931239                    4.999998e+10 1542.99086   100%  52.1 4596s
 2356533 1937646 1636.51987   59  331 5.0000e+10 1543.00301   100%  52.1 4600s
 2364995 1945075 1583.09593   48  341 5.0000e+10 1543.02799   100%  52.1 4605s
 2376585 1955275 1.3234e+09   61  314 5.0000e+10 1543.05362   100%  52.1 4610s
 2387243 1963631 6.0603e+08   82  311 5.0000e+10 1543.07447   100%  52.1 4617s
 2392509 1968902 1612.05393   50  324 5.0000e+10 1543.09491   100%  52.1 4620s
 2401684 1977020 1707.94202   51  303 5.0000e+10 1543.12476   100%  52.1 4625s
 2404096 1978400 1.1017e+10   49  332 5.0000e+10 1543.13262   100%  52.1 4630s
 2414436 1988148 1.4956e+10  119  319 5.0000e+10 1543.15211   100%  52.1 4635s
 2424920 1998044 1569.70136   46  330 5.0000e+10 1543.17599   100%  52.2 4640s
 2429567 2000159 2.0238e+09   90  315 5.0000e+10 1543.18772   100%  52.2 4647s
 2430907 2001995 1.5443e+08   63  344 5.0000e+10 1543.18940   100%  52.2 4650s
 2434086 2004896 1619.46235   53  326 5.0000e+10 1543.20065   100%  52.2 4655s
 2443798 2013595 1549.84718   50  346 5.0000e+10 1543.22447   100%  52.2 4660s
 2453039 2021473 3.4315e+08   57  316 5.0000e+10 1543.24767   100%  52.2 4665s
 2464393 2031347 4.1751e+10  151  299 5.0000e+10 1543.27551   100%  52.2 4670s
 2471837 2036856 5.2165e+09   88  272 5.0000e+10 1543.29369   100%  52.2 4677s
 2477021 2042351 1688.44577   73  336 5.0000e+10 1543.30240   100%  52.2 4680s
 2488601 2053235 1628.94600   52  321 5.0000e+10 1543.33397   100%  52.2 4685s
 2499694 2062699 1.2820e+10  127  287 5.0000e+10 1543.35862   100%  52.1 4690s
 2504975 2066127 2.0187e+09   69  300 5.0000e+10 1543.37609   100%  52.1 4696s
 2511001 2072688 3.5405e+10   52  303 5.0000e+10 1543.39241   100%  52.1 4700s
 2520387 2080663 1594.99856   63  348 5.0000e+10 1543.41398   100%  52.1 4705s
 2530565 2089787 2.4517e+09   72  325 5.0000e+10 1543.44054   100%  52.1 4710s
 2539730 2097108 1573.91376   45  345 5.0000e+10 1543.46133   100%  52.1 4715s
 2545316 2101258 3.6799e+10  108  262 5.0000e+10 1543.47818   100%  52.2 4723s
 2546775 2102891 4.5852e+09  130  322 5.0000e+10 1543.47989   100%  52.2 4729s
 2547174 2104443 4.6596e+09  131  322 5.0000e+10 1543.48181   100%  52.2 4730s
 2556716 2111822 1675.30067   62  332 5.0000e+10 1543.49965   100%  52.2 4735s
 2566543 2120614 8.4249e+08   81  339 5.0000e+10 1543.52651   100%  52.2 4740s
 2572874 2126253 2.0056e+09   81  324 5.0000e+10 1543.54325   100%  52.2 4745s
 2582615 2133780 2.0972e+10   58  306 5.0000e+10 1543.57029   100%  52.2 4750s
 2588557 2138510 1603.92215   46  326 5.0000e+10 1543.58212   100%  52.2 4756s
 2592500 2143010 1593.04961   55  333 5.0000e+10 1543.59115   100%  52.3 4760s
 2603366 2152847 1557.84014   44  345 5.0000e+10 1543.61215   100%  52.2 4765s
 2614847 2162451 2.9349e+10  126  327 5.0000e+10 1543.64177   100%  52.2 4770s
 2623790 2170124 2.0346e+09   80  295 5.0000e+10 1543.65665   100%  52.2 4775s
 2631368 2177353 1631.83241   57  323 5.0000e+10 1543.67177   100%  52.2 4780s
 2640737 2184349 7.2442e+09  121  334 5.0000e+10 1543.69146   100%  52.2 4787s
 2644178 2188650 1691.41343   72  320 5.0000e+10 1543.69862   100%  52.2 4790s
 2654487 2197122 1.8974e+10  170  328 5.0000e+10 1543.73377   100%  52.2 4795s
 2664569 2205021 1634.92162   49  318 5.0000e+10 1543.75807   100%  52.2 4805s
 2664579 2212060 1612.97220   48  330 5.0000e+10 1543.75857   100%  52.2 4812s
 2677221 2217861 1565.53846   39  343 5.0000e+10 1543.78607   100%  52.2 4815s
 2683436 2221647 1676.27334   53  322 5.0000e+10 1543.79822   100%  52.2 4822s
 2689774 2228322 2.2971e+09   67  309 5.0000e+10 1543.80958   100%  52.2 4825s
 2701398 2238778 1635.22286   76  326 5.0000e+10 1543.83633   100%  52.2 4830s
 2712552 2248441 8.8619e+08   70  340 5.0000e+10 1543.86509   100%  52.2 4835s
 2723945 2258224 1.0000e+10   68  343 5.0000e+10 1543.88892   100%  52.1 4840s
 2729892 2263980 1594.06897   49  331 5.0000e+10 1543.90052   100%  52.2 4845s
 2740842 2273161 1582.09958   55  352 5.0000e+10 1543.92037   100%  52.1 4850s
 2743100 2274630 1.0000e+10   58  310 5.0000e+10 1543.92487   100%  52.2 4855s
 2752436 2283170 4.5536e+08   74  341 5.0000e+10 1543.95271   100%  52.2 4860s
 2763040 2292610 4.6787e+09  122  311 5.0000e+10 1543.97909   100%  52.2 4865s
 2768668 2300089 1673.56789   74  310 5.0000e+10 1543.99069   100%  52.2 4870s
 2777944 2304228 1619.89109   58  345 5.0000e+10 1544.00989   100%  52.2 4875s
 2787440 2313374 1.0138e+10   55  326 5.0000e+10 1544.03930   100%  52.1 4880s
 2797199 2322387 4.2241e+10  139  321 5.0000e+10 1544.06182   100%  52.1 4885s
 2806583 2330173 1713.39131   52  308 5.0000e+10 1544.08326   100%  52.1 4890s
 2810828 2332896 2.6892e+08   63  298 5.0000e+10 1544.09377   100%  52.1 4900s
 2818303 2339396 8.9245e+09   95  294 5.0000e+10 1544.10730   100%  52.1 4907s
 2821537 2343322 1606.70258   52  338 5.0000e+10 1544.11623   100%  52.1 4910s
 2832922 2353088 1.2494e+09   62  329 5.0000e+10 1544.14136   100%  52.1 4915s
 2843816 2362689 5.1956e+09   93  317 5.0000e+10 1544.16310   100%  52.1 4920s
 2854560 2371963 1.9553e+10  133  329 5.0000e+10 1544.18506   100%  52.1 4925s
 2857412 2375154 1638.56161   56  337 5.0000e+10 1544.19178   100%  52.1 4930s
 2869569 2385296 3.8027e+10  145  323 5.0000e+10 1544.21351   100%  52.1 4935s
 2879352 2394035 1595.99580   51  348 5.0000e+10 1544.22977   100%  52.1 4940s
 2880403 2394043 1568.01810   50  352 5.0000e+10 1544.23014   100%  52.1 4946s
 2887619 2401877 1569.03245   47  348 5.0000e+10 1544.24243   100%  52.1 4950s
 2898123 2410900 4.3915e+10  144  304 5.0000e+10 1544.26511   100%  52.1 4955s
 2908012 2419672 1695.63907   71  336 5.0000e+10 1544.28975   100%  52.1 4960s
 2918865 2429233 2.0188e+10  124  343 5.0000e+10 1544.31327   100%  52.1 4965s
 2929504 2438750 1613.53152   59  330 5.0000e+10 1544.33434   100%  52.1 4970s
 2936400 2444750 1573.54569   45  337 5.0000e+10 1544.34552   100%  52.1 4975s
 2945948 2452858 1566.28680   47  344 5.0000e+10 1544.36977   100%  52.1 4980s
 2954372 2459670 1687.99475   72  331 5.0000e+10 1544.38628   100%  52.1 4985s
 2955989 2460307     cutoff   60      5.0000e+10 1544.38650   100%  52.1 4990s
 2960205 2464986     cutoff  148      5.0000e+10 1544.40004   100%  52.1 4995s
 2971249 2474282 1.0000e+10   68  332 5.0000e+10 1544.41523   100%  52.1 5000s
 2973070 2475292 1566.82197   46  361 5.0000e+10 1544.41866   100%  52.1 5005s
 2982726 2484932 1569.82088   47  323 5.0000e+10 1544.43897   100%  52.1 5010s
 2994028 2494690 1641.41734   74  337 5.0000e+10 1544.45653   100%  52.0 5015s
 3003356 2503198 5.6599e+09  102  307 5.0000e+10 1544.47768   100%  52.0 5020s
 3012944 2511088 5.5332e+09   95  317 5.0000e+10 1544.49481   100%  52.0 5025s
 3022223 2519705 1.0529e+10   92  313 5.0000e+10 1544.51165   100%  52.0 5032s
 3023577 2523190 1590.15934   51  345 5.0000e+10 1544.51401   100%  52.0 5035s
 3034984 2529492 1655.70622   56  307 5.0000e+10 1544.53384   100%  52.0 5043s
 3037729 2532578 3.0711e+10   93  296 5.0000e+10 1544.53987   100%  52.0 5045s
 3045432 2538175 1.0950e+09   74  341 5.0000e+10 1544.56182   100%  52.1 5050s
 3055119 2547734 3.1053e+10  130  313 5.0000e+10 1544.58415   100%  52.0 5055s
 3065312 2556423 1588.09682   45  331 5.0000e+10 1544.59998   100%  52.0 5060s
 3072615 2562089 4.1437e+10  153  299 5.0000e+10 1544.61420   100%  52.0 5066s
 3079572 2569327 1.9793e+10  103  304 5.0000e+10 1544.62581   100%  52.0 5070s
 3089350 2578124 1601.50010   48  332 5.0000e+10 1544.64285   100%  52.0 5075s
 3099532 2586584 2.0855e+10  133  314 5.0000e+10 1544.66072   100%  52.0 5080s
 3107563 2592776 infeasible  101      5.0000e+10 1544.67321   100%  52.0 5087s
 3107576 2592780 infeasible  100      5.0000e+10 1544.67321   100%  52.0 5091s
 3113442 2598959 4.3272e+10   65  304 5.0000e+10 1544.68326   100%  52.0 5095s
 3125125 2609151 2.0071e+10   70  305 5.0000e+10 1544.70945   100%  52.0 5100s
 3126615 2609968 3.5522e+10   91  308 5.0000e+10 1544.71114   100%  52.0 5105s
 3137809 2620039 1556.74710   34  367 5.0000e+10 1544.73160   100%  52.0 5110s
 3147642 2628516 1.8141e+10  107  315 5.0000e+10 1544.74618   100%  52.0 5115s
 3157144 2637314 1584.11978   51  321 5.0000e+10 1544.76466   100%  52.0 5120s
 3164988 2644146 1595.35667   56  345 5.0000e+10 1544.78162   100%  52.0 5125s
 3169111 2646746 4.0002e+09   79  302 5.0000e+10 1544.78863   100%  52.0 5131s
 3170216 2647458 1626.76013   68  330 5.0000e+10 1544.78986   100%  52.0 5135s
 3179356 2656455 4.3629e+10  174  315 5.0000e+10 1544.80433   100%  52.0 5140s
 3187272 2662977 1617.01939   48  333 5.0000e+10 1544.81891   100%  52.0 5145s
 3197700 2672093 1556.79795   48  348 5.0000e+10 1544.84366   100%  52.0 5150s
 3202828 2675577 4.9426e+08   60  321 5.0000e+10 1544.85288   100%  52.0 5156s
 3202836 2682490 5.6413e+08   61  321 5.0000e+10 1544.85368   100%  52.0 5161s
 3217138 2689347 4.7969e+10  106  291 5.0000e+10 1544.88354   100%  52.0 5165s
 3227880 2698428 3.9371e+09   96  329 5.0000e+10 1544.91160   100%  52.0 5170s
 3238648 2707705 1599.71149   60  333 5.0000e+10 1544.93417   100%  52.0 5175s
 3246701 2713801 1.6244e+09   67  319 5.0000e+10 1544.95416   100%  52.0 5180s
 3256021 2722875 1556.10358   37  347 5.0000e+10 1544.97200   100%  52.0 5185s
 3266272 2732025 1614.15764   60  347 5.0000e+10 1544.99612   100%  52.0 5190s
 3274745 2739713 1572.33050   43  341 5.0000e+10 1545.01169   100%  52.0 5195s
 3280434 2743645 1587.87325   48  323 5.0000e+10 1545.02374   100%  52.0 5200s
 3281918 2746298 8.4568e+09   93  311 5.0000e+10 1545.02713   100%  52.0 5205s
 3293052 2755213 1584.72212   37  323 5.0000e+10 1545.04968   100%  52.0 5210s
 3302767 2763003 1606.21751   54  342 5.0000e+10 1545.06662   100%  52.0 5215s
 3310296 2770624 1.6803e+10   98  311 5.0000e+10 1545.07766   100%  52.0 5220s
 3311818 2770632 1551.64965   44  350 5.0000e+10 1545.07996   100%  52.0 5225s
 3314788 2774173 1640.78861   43  331 5.0000e+10 1545.08540   100%  52.0 5230s
 3323284 2781349 1724.48154   52  313 5.0000e+10 1545.10077   100%  52.0 5235s
 3332267 2789730 1596.56394   39  318 5.0000e+10 1545.11727   100%  52.0 5240s
 3338504 2795032 1628.50390   65  330 5.0000e+10 1545.13257   100%  52.0 5245s
 3348238 2803256 1729.65303   60  331 5.0000e+10 1545.14853   100%  52.0 5250s
 3358669 2812081 1661.36268   54  322 5.0000e+10 1545.16932   100%  52.0 5255s
 3361943 2815324 1556.78280   49  338 5.0000e+10 1545.17342   100%  52.0 5260s
 3373121 2825120 3.0000e+10   96  303 5.0000e+10 1545.18983   100%  52.0 5265s
 3383888 2834859 1652.17366   60  327 5.0000e+10 1545.21122   100%  52.0 5270s
 3386522 2835731 2.4942e+10  130  294 5.0000e+10 1545.21418   100%  52.0 5275s
 3394988 2844191 1574.85974   49  351 5.0000e+10 1545.23360   100%  52.0 5280s
 3405787 2853645 6.0266e+08   67  324 5.0000e+10 1545.25461   100%  52.0 5285s
 3414772 2861996 1662.10830   61  326 5.0000e+10 1545.27093   100%  52.0 5290s
 3423964 2868471 1578.59797   58  337 5.0000e+10 1545.28767   100%  52.0 5296s
 3433019 2877183 1560.59008   50  359 5.0000e+10 1545.30663   100%  52.0 5300s
 3438875 2881514 1635.88711   45  328 5.0000e+10 1545.31603   100%  52.0 5307s
 3443834 2887480 1643.39442   53  323 5.0000e+10 1545.32630   100%  52.0 5310s
 3451179 2892751 2.9153e+10  131  294 5.0000e+10 1545.33804   100%  52.0 5318s
 3453915 2896061 1.1973e+10   92  314 5.0000e+10 1545.34416   100%  52.0 5320s
 3463622 2903968 1569.81900   44  347 5.0000e+10 1545.36234   100%  52.0 5325s
 3471530 2910122 1615.35606   39  320 5.0000e+10 1545.37849   100%  52.0 5330s
 3474463 2913805 1690.56611   61  306 5.0000e+10 1545.38515   100%  52.0 5986s
 3480712 2918127 1585.48080   51  317 5.0000e+10 1545.39638   100%  52.0 5991s
 3488524 2925865 3.1909e+10  135  325 5.0000e+10 1545.40717   100%  52.0 5995s
 3500128 2935184 1619.92784   49  347 5.0000e+10 1545.42987   100%  52.0 6002s
 3505091 2941099 1594.67803   49  347 5.0000e+10 1545.43686   100%  52.0 6005s
 3515820 2949749 1649.81761   49  315 5.0000e+10 1545.45557   100%  52.0 6010s
 3526261 2958789 2.0771e+10   98  296 5.0000e+10 1545.47598   100%  52.0 6015s
 3532423 2964625 1578.19408   36  337 5.0000e+10 1545.48487   100%  52.0 6020s
 3542627 2973232 1630.12652   62  341 5.0000e+10 1545.50331   100%  52.0 6025s
 3549100 2977560 1.4582e+09   74  320 5.0000e+10 1545.51277   100%  52.0 6030s
 3555843 2984120 2.2668e+10  134  317 5.0000e+10 1545.52679   100%  52.0 6035s
 3559188 2987554 1559.83266   45  328 5.0000e+10 1545.53363   100%  52.0 6042s
 3560686 2987682 1585.45715   54  356 5.0000e+10 1545.53496   100%  52.0 6046s
 3567162 2994466 1738.72556   68  319 5.0000e+10 1545.54442   100%  52.0 6050s
 3577751 3003965 4.4703e+10  148  295 5.0000e+10 1545.56870   100%  52.0 6055s
 3588625 3012976 1594.13793   54  330 5.0000e+10 1545.58934   100%  52.0 6060s
 3594011 3017541 1.2098e+10  158  321 5.0000e+10 1545.59986   100%  52.0 6065s
 3605673 3027537 1591.12958   63  343 5.0000e+10 1545.62079   100%  52.0 6070s
 3615941 3035686 1566.39003   53  351 5.0000e+10 1545.64130   100%  52.0 6079s
 3616999 3038128 1593.63200   57  331 5.0000e+10 1545.64293   100%  52.0 6080s
 3627153 3045926 1580.47215   48  348 5.0000e+10 1545.66218   100%  52.0 6085s
 3636782 3054108 1646.27302   45  341 5.0000e+10 1545.67995   100%  52.1 6090s
 3646349 3062917 1.0796e+10  109  323 5.0000e+10 1545.69676   100%  52.1 6095s
 3654963 3069104 1631.92321   42  325 5.0000e+10 1545.71156   100%  52.1 6101s
 3654973 3076182 1639.63188   43  335 5.0000e+10 1545.71183   100%  52.1 6106s
 3671819 3085261 9.2069e+09   50  290 5.0000e+10 1545.73552   100%  52.0 6110s
 3682264 3093980 1637.02382   58  330 5.0000e+10 1545.75174   100%  52.0 6115s
 3683700 3094245 1565.72442   45  348 5.0000e+10 1545.75348   100%  52.0 6122s
 3687564 3098039 4.5837e+09   51  305 5.0000e+10 1545.76244   100%  52.0 6125s
 3699219 3108300 1555.58348   37  344 5.0000e+10 1545.78287   100%  52.0 6130s
 3707193 3115491     cutoff   71      5.0000e+10 1545.79547   100%  52.0 6135s
 3716202 3123522 9.4974e+09   76  322 5.0000e+10 1545.80799   100%  52.1 6140s
 3723576 3129943 2.2429e+09   84  308 5.0000e+10 1545.82189   100%  52.1 6145s
 3734795 3139695 1.5275e+10   78  317 5.0000e+10 1545.84219   100%  52.0 6150s
 3741768 3145626 4.6918e+10   72  317 5.0000e+10 1545.85541   100%  52.0 6155s
 3746792 3151326 1.0043e+09   45  319 5.0000e+10 1545.86146   100%  52.0 6160s
 3750858 3153704     cutoff  107      5.0000e+10 1545.86823   100%  52.0 6165s
 3762312 3163371 3.9782e+10  177  316 5.0000e+10 1545.89088   100%  52.0 6170s
 3772781 3172487 1.0979e+09   65  321 5.0000e+10 1545.90718   100%  52.0 6176s
 3781147 3180298 1655.47298   61  315 5.0000e+10 1545.92413   100%  52.0 6180s
 3789778 3186811 1595.24729   39  344 5.0000e+10 1545.93612   100%  52.0 6186s
 3789786 3193721 1611.09707   39  351 5.0000e+10 1545.93636   100%  52.0 6191s
 3797794 3193927 1.3015e+10  152  333 5.0000e+10 1545.94776   100%  52.0 6196s
 3806912 3202783 2.1996e+09   86  290 5.0000e+10 1545.96245   100%  52.0 6200s
 3813483 3208775 8.6739e+09  143  329 5.0000e+10 1545.97110   100%  52.0 6205s
 3825034 3219193 1575.00596   42  331 5.0000e+10 1545.98894   100%  52.0 6210s
 3833410 3226472 1613.57926   52  318 5.0000e+10 1546.00212   100%  52.0 6215s
 3835409 3233955 1575.60514   42  331 5.0000e+10 1546.00519   100%  52.0 6223s
 3846320 3237640 1599.98380   58  343 5.0000e+10 1546.02260   100%  52.0 6225s
 3858231 3247555 2.9847e+10  131  322 5.0000e+10 1546.03844   100%  52.0 6230s
 3868761 3255864 1.2943e+09   69  303 5.0000e+10 1546.05626   100%  52.0 6238s
 3871804 3259886 1.1323e+09   58  312 5.0000e+10 1546.06456   100%  52.0 6240s
 3881550 3268941 1682.04995   62  332 5.0000e+10 1546.08038   100%  52.0 6245s
 3892305 3276626 2.3575e+10  134  302 5.0000e+10 1546.09839   100%  52.0 6253s
 3892378 3276634 2.1637e+10  135  294 5.0000e+10 1546.09839   100%  52.0 6257s
 3897864 3282747 1654.48972   54  299 5.0000e+10 1546.10746   100%  52.0 6260s
 3908667 3292351 1656.27918   66  325 5.0000e+10 1546.12581   100%  52.0 6265s
 3915121 3296698 1604.59304   63  334 5.0000e+10 1546.13366   100%  52.0 6271s
 3921729 3302956 7.7465e+09   53  316 5.0000e+10 1546.14525   100%  52.0 6275s
 3930638 3311305 1573.95153   48  337 5.0000e+10 1546.15814   100%  52.0 6280s
 3941624 3320754 1589.46502   46  348 5.0000e+10 1546.17772   100%  52.0 6285s
 3947260 3324805 4.2047e+09   83  323 5.0000e+10 1546.18655   100%  52.0 6290s
 3951712 3330035 1652.57714   68  310 5.0000e+10 1546.19490   100%  52.0 6295s
 3962549 3338977 1577.00211   53  352 5.0000e+10 1546.20994   100%  52.0 6300s
 3972085 3346452 2.3031e+10   86  311 5.0000e+10 1546.22502   100%  52.0 6305s
 3980583 3354955 1709.59406   48  298 5.0000e+10 1546.23802   100%  52.0 6310s
 3983749 3356649 1.6304e+10  148  282 5.0000e+10 1546.24053   100%  52.0 6315s
 3989520 3362521 1647.06422   57  319 5.0000e+10 1546.25247   100%  52.0 6320s
 3998351 3369133 1613.54344   56  310 5.0000e+10 1546.26843   100%  52.0 6326s
 4005898 3376750     cutoff  160      5.0000e+10 1546.28474   100%  52.0 6330s
 4015922 3384412 1674.24387   64  328 5.0000e+10 1546.30285   100%  52.0 6337s
 4020141 3389403 8.4053e+08   53  339 5.0000e+10 1546.30961   100%  52.0 6340s
 4028471 3395855 1.3622e+10   55  320 5.0000e+10 1546.32302   100%  52.0 6345s
 4037165 3402439 1572.23478   46  342 5.0000e+10 1546.33311   100%  52.0 6352s
 4037176 3403045 1577.64111   47  336 5.0000e+10 1546.33311   100%  52.0 6357s
 4043396 3408930 1573.13353   43  347 5.0000e+10 1546.34049   100%  52.0 6360s
 4053944 3418518 1566.48108   41  344 5.0000e+10 1546.35684   100%  52.0 6365s
 4065582 3428262 1656.58573   57  341 5.0000e+10 1546.37516   100%  52.0 6370s
 4072449 3434392 1662.68189   65  337 5.0000e+10 1546.38820   100%  52.0 6375s
 4073880 3434400 4.0558e+10  115  312 5.0000e+10 1546.38986   100%  52.0 6380s
 4073888 3441500 4.0795e+10  116  315 5.0000e+10 1546.39012   100%  52.0 6389s
 4081896 3443537 1.7079e+10  172  310 5.0000e+10 1546.40263   100%  52.0 6390s
 4094097 3452700 1696.19596   39  332 5.0000e+10 1546.41800   100%  52.0 6395s
 4102468 3459341 1575.85922   45  325 5.0000e+10 1546.43236   100%  52.0 6400s
 4111171 3468125 3.0071e+09   73  327 5.0000e+10 1546.44676   100%  52.0 6405s
 4121978 3476666 1.0488e+09   77  314 5.0000e+10 1546.45939   100%  52.0 6412s
 4126012 3480899 9.8672e+07   50  315 5.0000e+10 1546.46537   100%  52.0 6415s
 4134890 3488728 1564.57031   43  311 5.0000e+10 1546.47990   100%  52.0 6420s
 4146494 3498458 4.4446e+09  133  326 5.0000e+10 1546.49597   100%  52.0 6425s
 4149632 3507389 2.3330e+10  145  306 5.0000e+10 1546.50121   100%  52.0 6433s
 4160834 3511078 3.0059e+10  166  317 5.0000e+10 1546.52002   100%  52.0 6435s
 4169715 3517938 1674.08591   58  332 5.0000e+10 1546.53300   100%  52.0 6442s
 4172327 3520998 4.0071e+10   63  304 5.0000e+10 1546.53754   100%  52.0 6445s
 4183863 3531041 2.1256e+08   72  327 5.0000e+10 1546.55272   100%  52.0 6450s
 4194860 3541439     cutoff  186      5.0000e+10 1546.56744   100%  52.0 6455s
 4202375 3546451 2.0864e+10  102  301 5.0000e+10 1546.57438   100%  52.0 6462s
 4203058 3547081 1603.72695   51  346 5.0000e+10 1546.57581   100%  52.0 6467s
 4205528 3549885 1.4546e+10  109  310 5.0000e+10 1546.57983   100%  52.0 6470s
 4215937 3558918 1595.83609   48  334 5.0000e+10 1546.59354   100%  52.0 6475s
 4226941 3568778 1580.33651   43  335 5.0000e+10 1546.60821   100%  52.0 6480s
 4234878 3574890 4.7858e+10   49  324 5.0000e+10 1546.61888   100%  52.0 6485s
 4242744 3582420 1569.86389   46  343 5.0000e+10 1546.63000   100%  52.0 6490s
 4253760 3592541 1.0000e+10   83  335 5.0000e+10 1546.64214   100%  52.0 6495s
 4261274 3597920 1566.34450   50  357 5.0000e+10 1546.64893   100%  52.0 6500s
 4272094 3607667 1621.31764   45  340 5.0000e+10 1546.66553   100%  52.0 6510s
 4274416 3611289     cutoff  186      5.0000e+10 1546.66872   100%  52.0 6515s
 4285129 3620140 1568.49510   48  337 5.0000e+10 1546.68570   100%  52.0 6520s
 4296529 3630087 1.0442e+09   98  325 5.0000e+10 1546.70633   100%  52.0 6525s
 4304603 3635955 1769.43950   51  313 5.0000e+10 1546.71633   100%  52.0 6531s
 4312142 3643654 1672.22869   65  340 5.0000e+10 1546.72750   100%  52.0 6535s
 4321427 3651335 5.9227e+09   82  318 5.0000e+10 1546.73855   100%  52.0 6540s
 4327137 3656899 6.1659e+09  119  339 5.0000e+10 1546.74778   100%  52.0 6545s
 4337832 3665651 1651.53488   49  347 5.0000e+10 1546.75962   100%  52.0 6550s
 4344999 3671127 1591.18881   46  347 5.0000e+10 1546.76897   100%  52.0 6555s
 4345062 3678083 1595.92665   47  346 5.0000e+10 1546.76960   100%  52.0 6560s
 4362755 3687509 4.6116e+09   69  298 5.0000e+10 1546.79577   100%  52.0 6565s
 4371142 3695445 1636.25158   48  325 5.0000e+10 1546.80486   100%  52.0 6570s
 4375442 3702877 1588.66096   51  306 5.0000e+10 1546.81043   100%  52.0 6577s
 4381348 3702885 1592.02760   49  344 5.0000e+10 1546.81730   100%  52.0 6580s
 4391208 3712337 1565.26449   49  351 5.0000e+10 1546.83172   100%  51.9 6585s
 4399683 3719752 1578.65189   38  346 5.0000e+10 1546.84343   100%  52.0 6590s
 4405873 3724204 2.4736e+08   53  311 5.0000e+10 1546.85212   100%  52.0 6597s
 4405881 3724224 2.8462e+08   54  298 5.0000e+10 1546.85212   100%  52.0 6600s
 4414296 3731842 2.6777e+10  131  328 5.0000e+10 1546.86194   100%  52.0 7549s

Cutting planes:
  Gomory: 19
  Clique: 11
  Flow cover: 1
  Zero half: 8

Explored 4414606 nodes (229354133 simplex iterations) in 7549.26 seconds (8113.83 work units)
Thread count was 8 (of 8 available processors)

Solution count 10: 5e+10 5e+10 5e+10 ... 7e+10

Time limit reached
Best objective 5.000000170600e+10, best bound 1.546861939130e+03, gap 100.0000%
