
Gurobi 11.0.1 (mac64[arm]) logging started Fri Feb 21 14:16:30 2025

Set parameter LogFile to value "logs_new/salida_modelo_caminos_380_567_noLR.log"
Set parameter TimeLimit to value 7200
Gurobi Optimizer version 11.0.1 build v11.0.1rc0 (mac64[arm] - Darwin 24.3.0 24D60)

CPU model: Apple M2
Thread count: 8 physical cores, 8 logical processors, using up to 8 threads

Optimize a model with 633 rows, 2063 columns and 8905 nonzeros
Coefficient statistics:
  Matrix range     [1e+00, 1e+00]
  Objective range  [2e+00, 1e+10]
  Bounds range     [0e+00, 0e+00]
  RHS range        [1e+00, 2e+02]
Warning: Model contains large objective coefficients
         Consider reformulating model or setting NumericFocus parameter
         to avoid numerical issues.

Solved in 0 iterations and 0.00 seconds (0.00 work units)
Optimal objective  1.426000000e+03
Gurobi Optimizer version 11.0.1 build v11.0.1rc0 (mac64[arm] - Darwin 24.3.0 24D60)

CPU model: Apple M2
Thread count: 8 physical cores, 8 logical processors, using up to 8 threads

Optimize a model with 633 rows, 2063 columns and 8905 nonzeros
Model fingerprint: 0x1dffe10b
Variable types: 0 continuous, 2063 integer (2063 binary)
Coefficient statistics:
  Matrix range     [1e+00, 1e+00]
  Objective range  [2e+00, 1e+10]
  Bounds range     [0e+00, 0e+00]
  RHS range        [1e+00, 2e+02]
Warning: Model contains large objective coefficients
         Consider reformulating model or setting NumericFocus parameter
         to avoid numerical issues.
Found heuristic solution: objective 3.800000e+12
Presolve removed 250 rows and 0 columns
Presolve time: 0.03s
Presolved: 383 rows, 2063 columns, 8453 nonzeros
Variable types: 0 continuous, 2063 integer (2063 binary)
Found heuristic solution: objective 3.690000e+12

Root relaxation: objective 1.426000e+03, 2420 iterations, 0.09 seconds (0.19 work units)

    Nodes    |    Current Node    |     Objective Bounds      |     Work
 Expl Unexpl |  Obj  Depth IntInf | Incumbent    BestBd   Gap | It/Node Time

     0     0 1426.00000    0  337 3.6900e+12 1426.00000   100%     -    0s
H    0     0                    5.300000e+11 1426.00000   100%     -    0s
H    0     0                    3.800000e+11 1426.00000   100%     -    0s
H    0     0                    3.700000e+11 1426.00000   100%     -    0s
H    0     0                    3.300000e+11 1426.00000   100%     -    0s
     0     0 1426.61478    0  342 3.3000e+11 1426.61478   100%     -    0s
H    0     0                    3.000000e+11 1426.61478   100%     -    0s
     0     0 1426.61478    0  354 3.0000e+11 1426.61478   100%     -    0s
     0     0 1427.25080    0  354 3.0000e+11 1427.25080   100%     -    0s
H    0     2                    2.800000e+11 1427.25080   100%     -    0s
     0     2 1427.25080    0  354 2.8000e+11 1427.25080   100%     -    0s
H   69    78                    2.300000e+11 1428.16628   100%   116    0s
H   70    78                    1.800000e+11 1428.16628   100%   116    0s
H  109   118                    1.700000e+11 1428.31734   100%   108    0s
H  113   118                    1.700000e+11 1428.54707   100%   111    0s
H  115   118                    1.600000e+11 1428.54707   100%   111    0s
H  148   156                    1.500000e+11 1428.54707   100%   113    1s
H  150   156                    1.500000e+11 1428.54707   100%   113    1s
H  151   156                    1.300000e+11 1428.54707   100%   114    1s
H  494   526                    1.200000e+11 1428.54707   100%   107    2s
   928   951 5.8571e+09   64  311 1.2000e+11 1428.54707   100%   108  928s
  1495  1511 4.0071e+10   89  286 1.2000e+11 1428.54707   100%   108  930s
H 1496  1511                    1.200000e+11 1428.54707   100%   108  930s
H 1498  1503                    1.100000e+11 1428.54707   100%   108  930s
H 2583  2373                    1.100000e+11 1429.10916   100%   107  933s
  2695  2461 1471.18683   31  333 1.1000e+11 1429.10916   100%   107  935s
H 2746  2371                    1.100000e+11 1429.10916   100%   108  935s
  4465  3462 2.1399e+10   72  290 1.1000e+11 1429.10916   100%   103  940s
H 5099  3589                    9.999999e+10 1429.10916   100%   104  942s
  6160  4319 1436.96674   25  335 1.0000e+11 1429.73957   100%   104  945s
H 6706  4414                    9.999999e+10 1429.73957   100%   105  946s
  7269  4765 5.9583e+10  102  277 1.0000e+11 1429.73957   100%   107  950s
H 7805  4985                    9.999999e+10 1430.45301   100%   107  952s
  8655  5622 4.9263e+10  118  266 1.0000e+11 1430.45301   100%   107  955s
H10722  7477                    9.999999e+10 1432.37293   100%   108  959s
 10798  7869 1530.75238   50  324 1.0000e+11 1432.37293   100%   108  960s
 13024 10054 4.9327e+10  103  268 1.0000e+11 1433.25123   100%   107  965s
 15844 12025 1.5234e+10   57  296 1.0000e+11 1433.75635   100%   107  970s
 16488 13154 8.2671e+10   89  250 1.0000e+11 1434.35019   100%   107 1348s
 17224 13790 1.6451e+10   66  275 1.0000e+11 1434.44576   100%   107 1350s
 20818 16462 1.0248e+10   64  310 1.0000e+11 1435.10102   100%   106 1355s
 21647 17738 1451.13279   26  338 1.0000e+11 1435.31645   100%   106 1360s
 24177 19269 2.8749e+10  120  318 1.0000e+11 1435.73665   100%   106 1365s
 27367 22592 1648.44571   56  282 1.0000e+11 1436.31741   100%   106 1370s
H27812 22592                    9.999999e+10 1436.31741   100%   106 1370s
 29933 24330 4.5545e+10  126  354 1.0000e+11 1436.65659   100%   106 1380s
 29949 24341 1501.85769   44  337 1.0000e+11 1436.65659   100%   106 1385s
 30310 24610 1559.67817   60  299 1.0000e+11 1436.65659   100%   107 1390s
 31383 25220 1516.91984   54  310 1.0000e+11 1436.65659   100%   107 2306s
 33149 26251 1471.76882   47  333 1.0000e+11 1436.65659   100%   107 2310s
 34841 27276 1.8706e+10   83  302 1.0000e+11 1436.65659   100%   107 2315s
 36348 28139 1438.68156   40  342 1.0000e+11 1436.65659   100%   108 2323s
 37201 28422 4.3493e+10   94  281 1.0000e+11 1436.65659   100%   108 2325s
 38941 29415 1436.65659   37  344 1.0000e+11 1436.65659   100%   108 2331s
 39245 29876 1496.94777   53  311 1.0000e+11 1436.65659   100%   108 2335s
 41409 30734 1.1795e+10   99  294 1.0000e+11 1436.65659   100%   107 2343s
 41886 31346 3.0194e+10  113  298 1.0000e+11 1436.65659   100%   107 2345s
 43487 32815 1447.88893   47  344 1.0000e+11 1436.65659   100%   107 2351s
 44587 33860 1452.97783   42  338 1.0000e+11 1436.65659   100%   107 3389s
 46161 33395 3.1727e+10  110  293 1.0000e+11 1436.65659   100%   107 3392s
 48586 34933 1481.30183   48  328 1.0000e+11 1436.65659   100%   106 3397s
 50848 36640 4.1648e+10   97  277 1.0000e+11 1436.65659   100%   106 3400s
 55034 39263 8.8201e+09  100  299 1.0000e+11 1436.65659   100%   106 3405s
 57406 40906 4.7022e+10  117  289 1.0000e+11 1436.65659   100%   105 3410s
 63205 42814 2.6553e+10  104  289 1.0000e+11 1436.81813   100%   103 3415s
H63211 38832                    8.000000e+10 1436.81813   100%   103 3415s
 69349 42490 1511.44733   56  336 8.0000e+10 1437.59416   100%   102 3420s
 74114 46653 3.7599e+10  118  259 8.0000e+10 1438.10457   100%   102 3425s
 81175 49480 4.4810e+09   78  304 8.0000e+10 1438.74806   100%   100 3430s
H82102 45280                    7.000000e+10 1438.74806   100%   100 3432s
H82108 40932                    6.000000e+10 1438.74806   100%   100 3432s
 84656 42903 1459.75553   45  326 6.0000e+10 1439.04479   100%  99.2 4393s
 87111 44048 1.1569e+10   65  297 6.0000e+10 1439.26142   100%  98.7 4395s
 91762 46779 5.5700e+10  135  297 6.0000e+10 1439.60517   100%  98.2 4400s
 92690 46793 3.3739e+10  110  296 6.0000e+10 1439.65359   100%  98.3 4406s
 97394 51588 4.8256e+08   74  316 6.0000e+10 1439.87213   100%  97.5 4410s
 100437 53897 infeasible  115      6.0000e+10 1440.16460   100%  97.0 4415s
 107882 60690 3.1962e+10   90  294 6.0000e+10 1440.68918   100%  96.5 4420s
 115485 67329 1572.63851   73  319 6.0000e+10 1441.09296   100%  96.0 4425s
 120995 72153 1469.36821   52  351 6.0000e+10 1441.38815   100%  95.7 4430s
 128852 78620 4.9910e+10  100  302 6.0000e+10 1441.72464   100%  95.2 4436s
 133732 84045 1462.19941   46  336 6.0000e+10 1442.01192   100%  94.9 4440s
 141134 89092 2.6096e+10   97  289 6.0000e+10 1442.33995   100%  94.5 4445s
 147056 94982 1504.09868   58  305 6.0000e+10 1442.73235   100%  94.4 4450s
 154221 100514 1.5206e+09   76  297 6.0000e+10 1442.96375   100%  93.6 4458s
 154336 100603 2.1156e+09   77  303 6.0000e+10 1442.96375   100%  93.6 4461s
 161045 107237 1508.34670   58  336 6.0000e+10 1443.19895   100%  92.7 4465s
 168140 113228 1572.32438   60  321 6.0000e+10 1443.44776   100%  91.7 4470s
 175846 120229 1.6478e+10  102  309 6.0000e+10 1443.70492   100%  90.9 4475s
 182098 125534 1559.62102   61  281 6.0000e+10 1443.87194   100%  90.1 4480s
 191486 133720 4.6892e+09   81  314 6.0000e+10 1444.26280   100%  89.2 4485s
H192915 134393                    6.000000e+10 1444.29702   100%  89.1 4487s
 193169 135388 1567.76237   68  311 6.0000e+10 1444.29702   100%  89.0 4490s
H193374 135388                    6.000000e+10 1444.29702   100%  89.0 4490s
H193759 135388                    5.999999e+10 1444.29702   100%  89.0 4490s
 203140 143198 3.5802e+10  110  294 6.0000e+10 1444.60691   100%  88.2 4497s
 207312 147935 4.7702e+09   92  306 6.0000e+10 1444.72914   100%  87.9 4500s
 209683 148951 2.4760e+10   96  268 6.0000e+10 1444.80405   100%  87.7 4505s
H209684 148951                    5.999999e+10 1444.80405   100%  87.7 4505s
 216011 154380 4.9369e+10  122  269 6.0000e+10 1444.96637   100%  87.2 4511s
H216123 154380                    5.999999e+10 1444.96637   100%  87.2 4511s
 222547 161259 2.2381e+10  102  284 6.0000e+10 1445.12113   100%  86.7 4515s
 231504 168493 2.6217e+10   93  280 6.0000e+10 1445.36768   100%  86.1 4520s
H234326 170291                    5.999999e+10 1445.41092   100%  85.9 4524s
 235206 171642 4.9620e+10   73  273 6.0000e+10 1445.44620   100%  85.8 4525s
 242154 177126 2.9787e+10  110  278 6.0000e+10 1445.64341   100%  85.5 4530s
 249115 182935     cutoff  128      6.0000e+10 1445.81880   100%  85.2 4537s
 254284 188140 1464.29807   43  327 6.0000e+10 1445.94752   100%  84.8 4540s
 264097 196617 1.0164e+10   78  297 6.0000e+10 1446.16733   100%  84.3 4545s
 267875 199338 1.7688e+10   88  284 6.0000e+10 1446.24048   100%  84.1 4551s
 269838 201991 1567.33172   64  332 6.0000e+10 1446.28111   100%  84.1 4555s
 278511 208377 1461.21423   42  340 6.0000e+10 1446.43746   100%  83.7 4561s
 284112 213804 5.4787e+10  128  287 6.0000e+10 1446.54018   100%  83.5 4565s
 291900 220797 1574.31069   67  313 6.0000e+10 1446.72095   100%  83.3 4570s
 296692 225089 2.5196e+10   62  303 6.0000e+10 1446.81657   100%  83.1 4575s
 304777 231899 1508.79561   50  332 6.0000e+10 1446.96989   100%  83.0 4580s
 310877 237162 1.5691e+10   82  306 6.0000e+10 1447.07158   100%  82.9 4585s
 318411 242949 1655.15655   64  288 6.0000e+10 1447.19395   100%  82.6 4592s
 318455 242954 3.1833e+09   71  303 6.0000e+10 1447.19395   100%  82.6 4596s
 325284 249921 2.9505e+10  103  294 6.0000e+10 1447.30946   100%  82.3 4600s
 326682 257101 1495.43670   58  323 6.0000e+10 1447.35132   100%  82.2 4608s
 336771 259816 1.8549e+10  105  295 6.0000e+10 1447.53027   100%  81.9 4610s
 345534 266648 1512.29651   58  320 6.0000e+10 1447.65943   100%  81.6 4616s
 350714 271867 1.0658e+10  100  312 6.0000e+10 1447.73761   100%  81.5 4620s
 358558 277870 1.0838e+10   92  305 6.0000e+10 1447.82202   100%  81.5 4625s
 364424 282790 1486.41130   54  336 6.0000e+10 1447.91006   100%  81.4 4630s
 371688 290299 1499.42530   59  304 6.0000e+10 1448.05240   100%  81.2 4635s
 376818 293480 1508.17386   47  330 6.0000e+10 1448.15103   100%  81.0 4641s
 382312 298206 1611.17771   54  310 6.0000e+10 1448.25835   100%  80.9 4647s
 387433 303902 1.4548e+09   73  293 6.0000e+10 1448.32798   100%  80.8 4650s
 396932 311821 1508.37033   64  338 6.0000e+10 1448.42528   100%  80.5 4655s
 401127 321625 1503.72071   54  316 6.0000e+10 1448.49204   100%  80.4 4664s
 409928 322362 1497.46958   57  325 6.0000e+10 1448.62162   100%  80.3 4667s
 414898 326510 1546.88735   65  324 6.0000e+10 1448.70172   100%  80.2 4673s
 418264 330104 1471.73748   48  323 6.0000e+10 1448.75965   100%  80.1 4675s
 426913 337554 1466.18229   44  333 6.0000e+10 1448.86283   100%  79.9 4680s
 436382 345150     cutoff  100      6.0000e+10 1449.00492   100%  79.7 4686s
 440326 348622 3.7818e+10  108  290 6.0000e+10 1449.07705   100%  79.6 4691s
 445723 354465 1471.92824   49  327 6.0000e+10 1449.14162   100%  79.5 4695s
 455051 362375 1507.24493   63  317 6.0000e+10 1449.25340   100%  79.3 4700s
 461902 367367 1524.57624   48  323 6.0000e+10 1449.38420   100%  79.2 4707s
 461910 367451 1531.61995   48  316 6.0000e+10 1449.38420   100%  79.2 4711s
 468758 374070 4.9376e+10  109  251 6.0000e+10 1449.45012   100%  79.0 4715s
 478292 382521 1477.64336   48  330 6.0000e+10 1449.55948   100%  78.8 4722s
 483856 387456 3.0047e+09   66  301 6.0000e+10 1449.62169   100%  78.7 4725s
 492880 394525 1.9789e+10  109  301 6.0000e+10 1449.70798   100%  78.5 4731s
 498376 400065 1549.08756   56  321 6.0000e+10 1449.78579   100%  78.5 4735s
 505711 406351 1.7854e+09   60  321 6.0000e+10 1449.87072   100%  78.4 4740s
 509375 409548 3.1774e+10  108  291 6.0000e+10 1449.91522   100%  78.3 4745s
 517886 416946 1497.68198   59  337 6.0000e+10 1450.01840   100%  78.3 4750s
 524145 421613 3.6700e+10  105  283 6.0000e+10 1450.06762   100%  78.2 4757s
 526358 424331 9.6585e+08   69  295 6.0000e+10 1450.08716   100%  78.2 4760s
 531238 427830 9.9878e+07   63  305 6.0000e+10 1450.14006   100%  78.1 4765s
 539137 435313 1470.61971   43  345 6.0000e+10 1450.23671   100%  78.1 4770s
 546153 440611 1.8294e+10   74  293 6.0000e+10 1450.31383   100%  78.1 4776s
 552065 446381 1550.57410   67  299 6.0000e+10 1450.36756   100%  78.0 4780s
 561048 454236 1513.82026   62  325 6.0000e+10 1450.44877   100%  77.9 4785s
 568727 461017 2.9942e+10   88  294 6.0000e+10 1450.52155   100%  77.8 4790s
 572552 463572 1666.70126   78  301 6.0000e+10 1450.55250   100%  77.7 4796s
 578217 469532 1488.05017   50  334 6.0000e+10 1450.62680   100%  77.7 4800s
 586264 475298 1524.74466   62  324 6.0000e+10 1450.70317   100%  77.7 4807s
 589974 479382 2.2113e+10   84  280 6.0000e+10 1450.73876   100%  77.7 4810s
 598809 486987 1520.60055   70  333 6.0000e+10 1450.80804   100%  77.6 4815s
 605370 491772 1652.82854   67  311 6.0000e+10 1450.88142   100%  77.5 4821s
 610989 497486 3.1370e+10   74  278 6.0000e+10 1450.93372   100%  77.5 4825s
 619230 504486     cutoff  115      6.0000e+10 1451.00635   100%  77.5 4830s
 620755 505192 4.1700e+09   77  297 6.0000e+10 1451.02499   100%  77.5 4836s
 625609 510180 5.4563e+10   87  276 6.0000e+10 1451.07933   100%  77.4 4840s
 635017 518191 1.4782e+10   93  288 6.0000e+10 1451.17903   100%  77.4 4846s
 641770 524189 1491.29758   45  326 6.0000e+10 1451.23605   100%  77.3 4850s
 648069 529641 1.1188e+10   82  279 6.0000e+10 1451.27386   100%  77.3 4855s
 656457 537049 1469.50837   46  339 6.0000e+10 1451.35355   100%  77.2 4860s
 663463 543140 2.3740e+10  104  310 6.0000e+10 1451.41885   100%  77.2 4865s
 668808 546838 1517.39717   48  322 6.0000e+10 1451.46171   100%  77.1 4871s
 675280 553324 1.3370e+09   67  312 6.0000e+10 1451.52053   100%  77.1 4875s
 682419 559763 3.6225e+10  123  290 6.0000e+10 1451.57598   100%  77.0 4880s
 690670 566571 1500.38581   49  320 6.0000e+10 1451.64260   100%  77.0 4885s
 695510 570897 3.9025e+10   84  306 6.0000e+10 1451.68989   100%  77.0 4890s
 698112 572332 1465.83894   53  357 6.0000e+10 1451.71682   100%  77.0 4895s
 705858 579657 1477.11426   44  330 6.0000e+10 1451.78577   100%  76.9 4900s
 709830 582915 1476.67793   47  317 6.0000e+10 1451.81302   100%  76.9 4905s
 715661 587440 1.0773e+10   70  286 6.0000e+10 1451.85748   100%  76.9 4910s
 722225 594000 1507.88272   55  330 6.0000e+10 1451.90915   100%  76.9 4915s
 730420 600133 1576.84137   60  320 6.0000e+10 1451.97726   100%  76.8 4922s
 734236 604496 2.7201e+10  130  303 6.0000e+10 1452.00472   100%  76.8 4925s
 739434 607964 1.6710e+09   83  317 6.0000e+10 1452.03779   100%  76.8 4931s
 742920 611852 1542.72348   64  327 6.0000e+10 1452.06891   100%  76.8 4937s
 744669 614041 1472.11401   54  350 6.0000e+10 1452.07398   100%  76.8 4940s
 753645 621283 1.8282e+09   65  309 6.0000e+10 1452.16357   100%  76.8 4945s
 762218 628534 1517.84837   49  318 6.0000e+10 1452.24271   100%  76.7 4950s
 769004 633746 4.8868e+10  111  248 6.0000e+10 1452.28556   100%  76.7 4955s
 775289 639522 1584.38379   51  297 6.0000e+10 1452.33053   100%  76.6 4960s
 780863 644746 2.2184e+10   86  300 6.0000e+10 1452.37702   100%  76.6 4965s
 784125 647232 1492.87406   54  315 6.0000e+10 1452.39310   100%  76.6 4970s
 786136 649403 5.3754e+10  120  271 6.0000e+10 1452.40851   100%  76.6 4975s
 793628 655452 1.0139e+09   63  323 6.0000e+10 1452.47376   100%  76.6 4980s
 801181 661415 1.2657e+10   85  310 6.0000e+10 1452.54011   100%  76.5 4986s
 801423 668330 3.8636e+10  103  311 6.0000e+10 1452.54123   100%  76.5 4991s
 814769 672979 2.9879e+10   88  277 6.0000e+10 1452.63790   100%  76.5 4997s
 818967 677431 2.6936e+10   90  302 6.0000e+10 1452.67374   100%  76.4 5000s
 822545 680720 4.4285e+10   99  275 6.0000e+10 1452.70507   100%  76.4 5005s
 829772 686767 6.4636e+08   56  323 6.0000e+10 1452.75658   100%  76.4 5010s
 834007 689738 5.0531e+10   99  256 6.0000e+10 1452.78721   100%  76.4 5015s
 841156 696460 1.0000e+10   54  282 6.0000e+10 1452.84535   100%  76.4 5020s
 845563 699972 4.9818e+10  125  314 6.0000e+10 1452.87522   100%  76.4 5114s
 846136 701886 5.5967e+09   82  308 6.0000e+10 1452.88292   100%  76.4 5115s
 852796 706792 1.0816e+09   65  300 6.0000e+10 1452.92524   100%  76.4 6199s
 855131 708713 1546.33464   59  298 6.0000e+10 1452.94106   100%  76.4 6200s
 861405 713214 8.9408e+09   83  307 6.0000e+10 1452.99064   100%  76.4 7226s

Cutting planes:
  Gomory: 2
  Clique: 9

Explored 861466 nodes (65820833 simplex iterations) in 7227.00 seconds (2265.96 work units)
Thread count was 8 (of 8 available processors)

Solution count 10: 6e+10 6e+10 7e+10 ... 1.1e+11

Time limit reached
Best objective 6.000000169300e+10, best bound 1.452990639641e+03, gap 100.0000%
