
Gurobi 11.0.1 (mac64[arm]) logging started Wed Feb 12 17:06:28 2025

Set parameter LogFile to value "logs_new/salida_modelo_caminos_340_567_10.log"
Set parameter TimeLimit to value 7200
Gurobi Optimizer version 11.0.1 build v11.0.1rc0 (mac64[arm] - Darwin 24.3.0 24D60)

CPU model: Apple M2
Thread count: 8 physical cores, 8 logical processors, using up to 8 threads

Optimize a model with 593 rows, 1825 columns and 7582 nonzeros
Coefficient statistics:
  Matrix range     [1e+00, 1e+00]
  Objective range  [2e+00, 1e+10]
  Bounds range     [0e+00, 0e+00]
  RHS range        [1e+00, 2e+02]
Warning: Model contains large objective coefficients
         Consider reformulating model or setting NumericFocus parameter
         to avoid numerical issues.

Solved in 0 iterations and 0.00 seconds (0.00 work units)
Optimal objective  1.300000000e+03
Gurobi Optimizer version 11.0.1 build v11.0.1rc0 (mac64[arm] - Darwin 24.3.0 24D60)

CPU model: Apple M2
Thread count: 8 physical cores, 8 logical processors, using up to 8 threads

Optimize a model with 593 rows, 1825 columns and 7582 nonzeros
Model fingerprint: 0x339196da
Variable types: 0 continuous, 1825 integer (1825 binary)
Coefficient statistics:
  Matrix range     [1e+00, 1e+00]
  Objective range  [2e+00, 1e+10]
  Bounds range     [0e+00, 0e+00]
  RHS range        [1e+00, 2e+02]
Warning: Model contains large objective coefficients
         Consider reformulating model or setting NumericFocus parameter
         to avoid numerical issues.
Found heuristic solution: objective 3.400000e+12
Presolve removed 250 rows and 0 columns
Presolve time: 0.01s
Presolved: 343 rows, 1825 columns, 7339 nonzeros
Variable types: 0 continuous, 1825 integer (1825 binary)
Found heuristic solution: objective 3.290000e+12

Root relaxation: objective 1.300000e+03, 2058 iterations, 0.07 seconds (0.14 work units)

    Nodes    |    Current Node    |     Objective Bounds      |     Work
 Expl Unexpl |  Obj  Depth IntInf | Incumbent    BestBd   Gap | It/Node Time

     0     0 1300.00000    0  288 3.2900e+12 1300.00000   100%     -    0s
H    0     0                    6.700000e+11 1300.00000   100%     -    0s
H    0     0                    5.300000e+11 1300.00000   100%     -    0s
H    0     0                    4.500000e+11 1300.00000   100%     -    0s
H    0     0                    2.800000e+11 1300.00000   100%     -    0s
H    0     0                    2.500000e+11 1300.00000   100%     -    0s
     0     0 1300.63801    0  301 2.5000e+11 1300.63801   100%     -    0s
H    0     0                    1.700000e+11 1301.14206   100%     -    0s
H    0     0                    1.400000e+11 1301.14206   100%     -    0s
     0     0 1301.14206    0  314 1.4000e+11 1301.14206   100%     -    0s
H    0     0                    1.300000e+11 1301.14206   100%     -    0s
     0     0 1301.27816    0  327 1.3000e+11 1301.27816   100%     -    0s
     0     0 1301.30754    0  328 1.3000e+11 1301.30754   100%     -    0s
     0     0 1301.31036    0  329 1.3000e+11 1301.31036   100%     -    0s
     0     0 1301.31078    0  329 1.3000e+11 1301.31078   100%     -    0s
     0     0 1301.32115    0  324 1.3000e+11 1301.32115   100%     -    0s
     0     0 1301.34068    0  324 1.3000e+11 1301.34068   100%     -    0s
     0     2 1301.34471    0  324 1.3000e+11 1301.34471   100%     -    0s
H   33    40                    1.200000e+11 1303.61690   100%   128    0s
H   71    77                    1.100000e+11 1303.61690   100%   121    0s
H   72    77                    1.000000e+11 1303.61690   100%   121    0s
H  107   115                    9.000000e+10 1303.61690   100%   126    0s
H  113   115                    8.000000e+10 1303.61690   100%   125    0s
H  150   158                    8.000000e+10 1303.61690   100%   118    1s
H  151   158                    7.000000e+10 1303.61690   100%   118    1s
H  152   158                    7.000000e+10 1303.61690   100%   118    1s
H  207   213                    7.000000e+10 1303.61690   100%   114    2s
H 1629  1490                    5.000000e+10 1303.98630   100%  91.2    4s
  1677  1531 1304.00000   17  294 5.0000e+10 1304.00000   100%  93.6    5s
H 1694  1467                    5.000000e+10 1304.00000   100%  93.3    5s
H 1695  1396                    4.000000e+10 1304.00000   100%  93.3    5s
H 1768  1379                    4.000000e+10 1304.00000   100%  94.7    5s
H 1812  1339                    3.999999e+10 1304.00000   100%  95.2    5s
H 1929  1358                    3.999999e+10 1304.00000   100%  96.2    7s
H 2008  1357                    3.999999e+10 1304.00000   100%  97.2    7s
H 2014  1300                    3.999998e+10 1304.00000   100%  97.2    7s
H 3104  1907                    3.999998e+10 1304.00000   100%  92.8    9s
  3402  2121 2.0809e+09   78  245 4.0000e+10 1304.00000   100%  90.9   10s
H 4368  2572                    3.999998e+10 1304.00000   100%  86.1   11s
  6787  4707 3.8127e+10  121  228 4.0000e+10 1305.52436   100%  82.7   15s
  8628  6589 3.4499e+10  106  194 4.0000e+10 1306.32770   100%  80.8   20s
 11869  9378 3.5005e+10   94  233 4.0000e+10 1307.09987   100%  79.5   25s
 16263 12823 2.4664e+10   84  234 4.0000e+10 1307.76434   100%  76.9   30s
 18566 15276 1.6633e+10  101  263 4.0000e+10 1308.41686   100%  76.8   35s
 24402 20995 7.2445e+09   69  239 4.0000e+10 1309.38880   100%  74.3   40s
 29254 23866 1444.46136   61  324 4.0000e+10 1309.90884   100%  72.9   53s
 29262 23871 1474.72415   78  327 4.0000e+10 1309.90884   100%  72.8   55s
 29281 23884 1.9155e+10  100  340 4.0000e+10 1309.90884   100%  72.8   60s
 29435 23996 1323.45718   37  299 4.0000e+10 1309.90884   100%  73.0   65s
 30380 24530 2.8267e+10   95  230 4.0000e+10 1309.90884   100%  73.8   70s
 32472 25776 9.2547e+09   83  276 4.0000e+10 1309.90884   100%  75.7   75s
 34279 26706 1392.17284   59  251 4.0000e+10 1309.90884   100%  77.2   80s
 35849 27403 9.7594e+09   73  258 4.0000e+10 1309.90884   100%  78.3   86s
 37279 28593 3.1271e+10  114  227 4.0000e+10 1309.90884   100%  79.0   91s
 39633 29898 2.2111e+10   99  247 4.0000e+10 1309.90884   100%  79.3   95s
 42441 31722 3.5945e+10  103  242 4.0000e+10 1310.30941   100%  79.4  100s
 49982 35765 3.0915e+10  151  243 4.0000e+10 1311.77937   100%  80.0  105s
 54724 38604 1.5097e+10  133  248 4.0000e+10 1312.20684   100%  80.1  110s
 62696 42679 2.4233e+10  102  244 4.0000e+10 1313.16064   100%  80.6  115s
 68820 46111 2.5056e+10  101  227 4.0000e+10 1313.66228   100%  80.5  120s
 72146 47597 1.9312e+10   84  271 4.0000e+10 1313.82972   100%  80.3  125s
 77229 50372 4.3060e+09   82  245 4.0000e+10 1314.16734   100%  80.3  130s
 85651 54825 1381.43551   49  259 4.0000e+10 1314.59633   100%  80.4  135s
 95904 60022 2.7502e+10  104  255 4.0000e+10 1315.27014   100%  79.9  140s
 103132 64758 3.0201e+09   89  262 4.0000e+10 1315.67644   100%  79.7  145s
 104755 72382 2.8343e+10  128  235 4.0000e+10 1315.70549   100%  79.9  154s
 112743 72388     cutoff  121      4.0000e+10 1316.03233   100%  80.1  157s
 118418 78258 infeasible   93      4.0000e+10 1316.28094   100%  79.9  160s
 131849 89020 1338.47339   42  278 4.0000e+10 1316.72585   100%  78.5  166s
 139555 96166 1355.20929   46  300 4.0000e+10 1317.01329   100%  77.7  170s
 151842 106080 1330.60963   39  288 4.0000e+10 1317.33648   100%  76.7  177s
 157675 111410 4.2007e+08   52  279 4.0000e+10 1317.49123   100%  76.4  180s
H159231 105995                    3.000000e+10 1317.52184   100%  76.3  183s
 161445 108633 4.2571e+09  107  243 3.0000e+10 1317.58311   100%  76.3  185s
 170007 115264 4.6282e+09   64  281 3.0000e+10 1317.82288   100%  75.9  190s
 176943 121700 1489.37795   57  237 3.0000e+10 1318.02089   100%  76.1  195s
 178760 122517 5.1431e+09   82  252 3.0000e+10 1318.04840   100%  76.0  201s
H178802 122522                    2.999999e+10 1318.04840   100%  76.0  202s
 181926 125892 8.4417e+08   65  277 3.0000e+10 1318.17664   100%  75.8  205s
 192385 134582 1.3584e+10  104  269 3.0000e+10 1318.41176   100%  75.5  210s
 197189 138463 1452.10837   64  262 3.0000e+10 1318.53930   100%  75.2  215s
 202345 143321 1457.93457   62  243 3.0000e+10 1318.70914   100%  75.3  220s
 212508 151328 7.4886e+08   83  228 3.0000e+10 1318.91317   100%  75.0  225s
 222039 160268 1.8829e+10   97  242 3.0000e+10 1319.11607   100%  74.8  230s
 229287 166489     cutoff  101      3.0000e+10 1319.27678   100%  74.5  235s
 240641 176070 1.3355e+10  120  220 3.0000e+10 1319.47114   100%  74.0  242s
 245866 179977 1350.21377   37  269 3.0000e+10 1319.57777   100%  74.1  246s
 253584 187386 1327.80911   39  277 3.0000e+10 1319.71834   100%  74.1  250s
 261154 192707 2.6429e+10   62  269 3.0000e+10 1319.85217   100%  74.1  256s
 268604 200029 1436.71933   59  253 3.0000e+10 1320.00939   100%  74.0  260s
 274368 204008 1425.44451   57  250 3.0000e+10 1320.10910   100%  73.9  266s
 281913 211023 1.9933e+10  131  260 3.0000e+10 1320.26696   100%  73.9  270s
 292495 219672 1344.20539   48  269 3.0000e+10 1320.45579   100%  73.5  276s
 299477 226751 1361.51329   37  295 3.0000e+10 1320.58698   100%  73.4  280s
 311832 236961 4.8641e+09  117  268 3.0000e+10 1320.77739   100%  73.2  285s
 317832 242168 5.9378e+09   90  256 3.0000e+10 1320.87465   100%  73.2  290s
 327966 250474 1646998.07   60  280 3.0000e+10 1320.99632   100%  73.1  295s
 337936 257964 1.2566e+10  111  236 3.0000e+10 1321.13099   100%  73.1  300s
 346407 265729 1.1563e+10   78  246 3.0000e+10 1321.23618   100%  73.0  305s
 354784 272753 1.8630e+10   76  223 3.0000e+10 1321.33594   100%  73.0  310s
 361232 277600 1.2760e+09   67  236 3.0000e+10 1321.43297   100%  72.8  315s
 368786 284721 5.6000e+09   70  258 3.0000e+10 1321.51415   100%  72.8  320s
 378169 292177 1346.06133   42  295 3.0000e+10 1321.64892   100%  72.6  325s
 385737 298986 6.8504e+08   57  267 3.0000e+10 1321.74259   100%  72.6  330s
 397190 308783 1.5788e+09   57  259 3.0000e+10 1321.88408   100%  72.5  335s
 406610 316603     cutoff   70      3.0000e+10 1321.99759   100%  72.3  340s
 410005 318666 2.0311e+10   81  274 3.0000e+10 1322.02848   100%  72.5  346s
 416000 323772 1356.71498   41  289 3.0000e+10 1322.10686   100%  72.4  351s
 424390 331646 7.4995e+09   82  258 3.0000e+10 1322.21040   100%  72.2  355s
 436638 342156 1.1600e+09   62  287 3.0000e+10 1322.34953   100%  72.0  360s
 447720 352313 5.9558e+09   94  251 3.0000e+10 1322.45479   100%  71.8  365s
 454980 358146 1448.86882   59  252 3.0000e+10 1322.52350   100%  71.7  370s
 466257 367772 5.4444e+09  117  284 3.0000e+10 1322.63371   100%  71.5  375s
 472637 373195 1355.68180   42  280 3.0000e+10 1322.71877   100%  71.4  380s
 477007 375835 1.1740e+10  110  249 3.0000e+10 1322.75144   100%  71.6  385s
 479761 378658 1.4706e+10  105  236 3.0000e+10 1322.78597   100%  71.5  390s
 489402 386909 9.3328e+09  109  253 3.0000e+10 1322.88240   100%  71.6  395s
 500874 396763 2.6603e+09   73  271 3.0000e+10 1322.97135   100%  71.4  400s
 508337 403228 7.9514e+09   80  238 3.0000e+10 1323.04974   100%  71.3  405s
 520248 413133 1.5904e+10  138  261 3.0000e+10 1323.16284   100%  71.2  410s
 523269 421727 1387.03340   49  238 3.0000e+10 1323.19078   100%  71.2  417s
*528304 380551             121    2.000000e+10 1323.19665   100%  71.2  417s
H531280 378470                    2.000000e+10 1323.25105   100%  71.1  419s
 532453 380090 3.0051e+09   89  264 2.0000e+10 1323.27444   100%  71.1  420s
 544894 389916 5.8810e+09  150  273 2.0000e+10 1323.38949   100%  71.0  426s
 549414 394574 1.4220e+10  157  270 2.0000e+10 1323.43412   100%  70.9  430s
 559679 403079 1344.56866   41  292 2.0000e+10 1323.52351   100%  70.7  435s
 568755 409950 1519.36975   67  263 2.0000e+10 1323.61679   100%  70.7  441s
 572522 413928 infeasible  147      2.0000e+10 1323.64666   100%  70.7  445s
 584530 423827 1.0999e+10   95  264 2.0000e+10 1323.74566   100%  70.6  451s
 594774 431647 1352.57056   42  261 2.0000e+10 1323.81921   100%  70.5  460s
 597976 435342 1457.55790   52  255 2.0000e+10 1323.84793   100%  70.5  465s
 609439 444043 3.9464e+09   79  283 2.0000e+10 1323.94849   100%  70.4  472s
 613954 448554 1473.26684   65  259 2.0000e+10 1323.98114   100%  70.4  475s
 625314 458370 1376.14389   55  287 2.0000e+10 1324.07239   100%  70.3  480s
 635599 466014 2.6504e+09   85  276 2.0000e+10 1324.14783   100%  70.2 1339s
 636329 467173 1.3823e+10   88  274 2.0000e+10 1324.15778   100%  70.2 1340s
 647911 476897 1442.02934   69  274 2.0000e+10 1324.25364   100%  70.1 1345s
 655540 483280 1.6468e+10  133  269 2.0000e+10 1324.30836   100%  70.1 1350s
 667424 493148 1.7157e+09   72  270 2.0000e+10 1324.41183   100%  70.1 1355s
 676882 501023 1364.42468   42  289 2.0000e+10 1324.50571   100%  70.0 1360s
 689407 511999 1334.30482   37  286 2.0000e+10 1324.61472   100%  69.9 1365s
 694655 515901 6.7808e+09   96  281 2.0000e+10 1324.66525   100%  69.9 1370s
 706292 525648 1376.21473   54  283 2.0000e+10 1324.77088   100%  69.8 1375s
 719751 536872 8.3450e+08   85  264 2.0000e+10 1324.87222   100%  69.6 1380s
 728683 544183     cutoff  131      2.0000e+10 1324.93329   100%  69.5 1385s
 741539 554710 1.2838e+09   96  273 2.0000e+10 1325.03028   100%  69.3 1390s
H747167 558677                    1.999999e+10 1325.06970   100%  69.2 1394s
 747181 558732 1341.82412   42  286 2.0000e+10 1325.06970   100%  69.2 1396s
 756427 567309 1.3529e+09   84  246 2.0000e+10 1325.11724   100%  69.1 1400s
 763101 572658 1349.38799   52  288 2.0000e+10 1325.16457   100%  69.0 1405s
 775687 583934 1343.07446   35  294 2.0000e+10 1325.24644   100%  68.9 1410s
 785693 591085 1380.40014   54  270 2.0000e+10 1325.30298   100%  68.7 1415s
 797344 601450 1342.02353   46  295 2.0000e+10 1325.37513   100%  68.6 1420s
 805568 607727 6.1463e+08   75  267 2.0000e+10 1325.42159   100%  68.6 1426s
 805852 614441 1327.89313   35  300 2.0000e+10 1325.42455   100%  68.6 1430s
 818472 618368 1400.09642   45  280 2.0000e+10 1325.51465   100%  68.5 1437s
 825683 625420 1470.11659   64  255 2.0000e+10 1325.56873   100%  68.4 1440s
 837494 634723 2.8885e+09   83  255 2.0000e+10 1325.65668   100%  68.3 1445s
 846308 641789 5.1334e+09  101  243 2.0000e+10 1325.70373   100%  68.2 1450s
 858407 652354 1413.30639   53  271 2.0000e+10 1325.78163   100%  68.1 1455s
 863240 655434 1.4594e+08   77  246 2.0000e+10 1325.80150   100%  68.1 1462s
 868452 660790 6.0316e+08   69  272 2.0000e+10 1325.84594   100%  68.0 1465s
 877562 667444 1362.17252   48  248 2.0000e+10 1325.90558   100%  67.9 1470s
 886404 675562 1342.81994   45  282 2.0000e+10 1325.95577   100%  67.8 1475s
 900333 687278 1338.42433   45  268 2.0000e+10 1326.01780   100%  67.7 1480s
 913195 697658 1363.21858   45  283 2.0000e+10 1326.09199   100%  67.5 1487s
 918741 702853 1370.76225   47  298 2.0000e+10 1326.12684   100%  67.5 1490s
 931157 712862 1391.20030   53  283 2.0000e+10 1326.19849   100%  67.3 1495s
 944192 724148 1373.34645   49  302 2.0000e+10 1326.27783   100%  67.2 1500s
 957251 734816 1388.90027   65  282 2.0000e+10 1326.34534   100%  67.1 1505s
 964979 740665 1367.09232   55  271 2.0000e+10 1326.38539   100%  67.0 1511s
 973769 748847 3.2690e+09   97  276 2.0000e+10 1326.43455   100%  66.9 1515s
 985482 758744 1364.83842   43  286 2.0000e+10 1326.49525   100%  66.9 1520s
 990151 761664 5.3586e+08   72  280 2.0000e+10 1326.52960   100%  66.8 1526s
 997678 767956 1338.21200   38  288 2.0000e+10 1326.56952   100%  66.8 1530s
 1007563 777030 3.9092e+08   53  267 2.0000e+10 1326.61934   100%  66.7 1535s
 1013465 781763 1361.14004   46  274 2.0000e+10 1326.65549   100%  66.7 1540s
 1024907 791033 1365.34161   45  270 2.0000e+10 1326.71960   100%  66.6 1545s
 1034253 799882 9.2822e+09  104  256 2.0000e+10 1326.77564   100%  66.5 1550s
 1047207 810106 3.6699e+08   57  266 2.0000e+10 1326.84519   100%  66.4 1555s
 1056400 817791     cutoff   73      2.0000e+10 1326.89079   100%  66.3 1560s
 1069862 828918 1471.77545   69  268 2.0000e+10 1326.96398   100%  66.2 1565s
 1074339 832250 1395.67472   60  270 2.0000e+10 1326.98985   100%  66.2 1570s
 1080145 836497 1349.92420   42  298 2.0000e+10 1327.02707   100%  66.2 1576s
 1088287 844394 1353.87259   46  279 2.0000e+10 1327.07614   100%  66.1 1580s
 1097439 851004 8.2306e+07   58  280 2.0000e+10 1327.11825   100%  66.1 1586s
 1107353 860457 1433.94655   46  281 2.0000e+10 1327.17389   100%  66.0 1590s
 1119799 870743 1386.95321   50  270 2.0000e+10 1327.22693   100%  65.9 1595s
 1123741 874095 1336.93943   39  278 2.0000e+10 1327.24679   100%  65.9 1600s
 1134743 883210 1418.06148   57  283 2.0000e+10 1327.29044   100%  65.9 1605s
 1144388 891227 infeasible  101      2.0000e+10 1327.33055   100%  65.8 1610s
 1147982 893362 4.8481e+09   81  257 2.0000e+10 1327.34811   100%  65.8 1615s
 1154123 899488 1457.79654   66  264 2.0000e+10 1327.38532   100%  65.9 1620s
 1162544 905433 9.9987e+07   50  232 2.0000e+10 1327.43153   100%  65.8 1625s
 1172781 914074 1.9757e+09   68  275 2.0000e+10 1327.47976   100%  65.9 1630s
 1179506 919816 1370.61197   52  284 2.0000e+10 1327.51597   100%  65.9 1635s
 1189349 927586 1462.83859   38  275 2.0000e+10 1327.55783   100%  65.8 1640s
 1194153 931463 1414.02524   50  274 2.0000e+10 1327.58712   100%  65.9 1645s
 1204551 939898 1394.75050   55  272 2.0000e+10 1327.64564   100%  65.9 1650s
 1208212 941956 1350.81287   51  288 2.0000e+10 1327.66232   100%  65.9 1655s
 1211501 945735     cutoff   86      2.0000e+10 1327.68121   100%  65.9 1660s
 1224209 955434 1.5309e+09   70  261 2.0000e+10 1327.73416   100%  65.8 1665s
 1234137 964070 1342.29860   43  283 2.0000e+10 1327.78365   100%  65.8 1670s
 1238999 967146 1.1478e+10  118  254 2.0000e+10 1327.80449   100%  65.8 1675s
 1248920 976149     cutoff   86      2.0000e+10 1327.84633   100%  65.8 1680s
 1261372 987001 7.3886e+08   74  278 2.0000e+10 1327.90140   100%  65.7 1685s
 1273553 997550 7.2356e+09   76  275 2.0000e+10 1327.95451   100%  65.6 1690s
 1280131 1002681 1362.40331   54  267 2.0000e+10 1327.98832   100%  65.6 1695s
 1292626 1013180 1336.63468   43  295 2.0000e+10 1328.04109   100%  65.5 1700s
 1305567 1023698 1410.66890   66  286 2.0000e+10 1328.09066   100%  65.4 1705s
 1309988 1028085 1396.48264   73  240 2.0000e+10 1328.10682   100%  65.4 1710s
 1319717 1034931 1469.36246   72  275 2.0000e+10 1328.14096   100%  65.3 1717s
 1324927 1040548 2.3642e+09   70  246 2.0000e+10 1328.16542   100%  65.3 1720s
 1333273 1047413 1.6442e+10   97  255 2.0000e+10 1328.19208   100%  65.2 1725s
 1346868 1058591 1341.21365   43  292 2.0000e+10 1328.24410   100%  65.2 1730s
 1348233 1065242 1379.89839   50  287 2.0000e+10 1328.24607   100%  65.1 1736s
 1366891 1075245 6.1646e+09   86  260 2.0000e+10 1328.32157   100%  65.0 1740s
 1375931 1081935 1414.75525   57  287 2.0000e+10 1328.35107   100%  64.9 1745s
 1388922 1093586 2.1876e+09   69  280 2.0000e+10 1328.41112   100%  64.9 1750s
 1398018 1100390 1483.75269   57  261 2.0000e+10 1328.44289   100%  64.8 1755s
 1409006 1110865 1378.86940   57  254 2.0000e+10 1328.48525   100%  64.8 1760s
 1420219 1119543 1360.16225   49  278 2.0000e+10 1328.52368   100%  64.7 1766s
 1422484 1122432 1445.03007   61  275 2.0000e+10 1328.53681   100%  64.7 1770s
 1431117 1128084 1363.06643   44  281 2.0000e+10 1328.57706   100%  64.7 1776s
 1438646 1135628 1382.43060   47  262 2.0000e+10 1328.60602   100%  64.7 1780s
 1452048 1146364 7.8323e+09  111  238 2.0000e+10 1328.65654   100%  64.7 1785s
 1462267 1153690 1334.65441   44  287 2.0000e+10 1328.69629   100%  64.7 1792s
 1465952 1156917 1.0626e+10  138  241 2.0000e+10 1328.71085   100%  64.6 1795s
 1477870 1167635 1342.64577   45  284 2.0000e+10 1328.74922   100%  64.6 1800s
 1487908 1175464 infeasible  102      2.0000e+10 1328.78237   100%  64.6 1805s
 1495217 1181626 infeasible   71      2.0000e+10 1328.80499   100%  64.6 1810s
 1507028 1191544 1360.57467   53  282 2.0000e+10 1328.84973   100%  64.5 1815s
H1507923 982277                    1.000000e+10 1328.85327   100%  64.5 1815s
*1507972 981229             129    1.000000e+10 1328.85327   100%  64.5 1815s
 1514887 987152 1344.03550   46  279 1.0000e+10 1328.88933   100%  64.6 1820s
 1519578 991063 1376.04847   42  256 1.0000e+10 1328.91989   100%  64.6 1825s
 1527040 996380 1.5296e+09   67  253 1.0000e+10 1328.95718   100%  64.6 1833s
 1529767 998410 1356.70721   50  284 1.0000e+10 1328.97369   100%  64.7 1837s
 1534492 1002902 1360.70822   44  293 1.0000e+10 1329.00500   100%  64.7 1840s
 1543979 1010414 1445.43573   61  278 1.0000e+10 1329.04949   100%  64.7 1845s
 1551683 1015923 1485.74363   56  262 1.0000e+10 1329.09063   100%  64.8 1850s
 1557705 1021596 1350.41215   44  277 1.0000e+10 1329.12731   100%  64.9 1855s
 1566257 1027364 1389.84845   52  245 1.0000e+10 1329.17390   100%  64.9 1860s
 1573988 1034224 1465.91329   49  267 1.0000e+10 1329.20964   100%  65.0 1865s
 1578862 1038067 2.4818e+09   64  274 1.0000e+10 1329.23915   100%  65.1 1870s
 1587314 1044631 1347.27693   45  271 1.0000e+10 1329.28661   100%  65.2 1875s
 1592343 1047627 4.6579e+08   69  261 1.0000e+10 1329.30824   100%  65.2 1880s
 1595673 1051404 1.0120e+09   55  269 1.0000e+10 1329.32263   100%  65.2 1885s
 1604799 1058486 1.7335e+09   70  245 1.0000e+10 1329.36303   100%  65.3 1890s
 1610690 1063243 1362.59076   46  283 1.0000e+10 1329.38944   100%  65.3 1895s
 1618837 1068599 1343.87960   45  290 1.0000e+10 1329.42259   100%  65.4 1903s
 1618950 1074941 1345.22985   46  297 1.0000e+10 1329.42403   100%  65.4 1910s
 1630167 1078701 5.1166e+08   67  282 1.0000e+10 1329.48365   100%  65.5 1915s
 1638041 1084742     cutoff   58      1.0000e+10 1329.52306   100%  65.5 1920s
 1645320 1089608 1346.14340   52  286 1.0000e+10 1329.55301   100%  65.6 1925s
 1652495 1096030 1434.58536   59  251 1.0000e+10 1329.59264   100%  65.6 1930s
 1659754 1101017 2.7667e+09   73  267 1.0000e+10 1329.63441   100%  65.7 1935s
 1667162 1107840 5.1291e+09   93  262 1.0000e+10 1329.66619   100%  65.7 1940s
 1673774 1113178     cutoff   73      1.0000e+10 1329.69457   100%  65.8 1945s
 1683214 1120585 1348.20852   39  274 1.0000e+10 1329.73335   100%  65.8 1950s
 1688695 1124760 4.2389e+09   59  266 1.0000e+10 1329.75297   100%  65.9 1955s
 1689876 1125678 1339.31621   45  291 1.0000e+10 1329.75931   100%  65.9 2936s
 1696694 1131166 8.8777e+09   60  275 1.0000e+10 1329.79289   100%  65.9 2940s
 1704034 1136958 7.2668e+09   87  266 1.0000e+10 1329.82740   100%  66.0 2945s
 1712636 1143079 5.3804e+08   67  259 1.0000e+10 1329.86537   100%  66.0 2950s
 1716992 1146405 1419.35108   53  253 1.0000e+10 1329.88411   100%  66.0 2956s
 1718648 1148254 1365.31430   47  285 1.0000e+10 1329.89274   100%  66.0 2960s
 1728699 1156452 1339.15234   42  302 1.0000e+10 1329.93680   100%  66.1 2965s
 1734715 1161018 1385.10414   60  305 1.0000e+10 1329.96409   100%  66.2 2970s
 1743231 1167862 1341.40400   44  275 1.0000e+10 1330.00345   100%  66.2 2975s
 1748573 1172128 1390.76076   47  282 1.0000e+10 1330.02676   100%  66.2 2980s
 1758241 1179749 2.9645e+09   81  275 1.0000e+10 1330.06382   100%  66.3 2985s
 1768244 1187735 1364.08078   50  277 1.0000e+10 1330.11417   100%  66.3 2990s
 1772008 1189860 1416.05201   55  283 1.0000e+10 1330.13198   100%  66.3 2995s
 1779096 1196621 1349.32167   41  288 1.0000e+10 1330.16420   100%  66.4 3000s
 1785218 1201253 1353.79025   50  252 1.0000e+10 1330.19301   100%  66.4 3005s
 1795119 1209164 1361.51533   43  259 1.0000e+10 1330.23615   100%  66.5 3010s
 1801885 1213683 1.2073e+09   82  225 1.0000e+10 1330.26379   100%  66.5 3015s
 1811497 1222405 1434.63270   65  256 1.0000e+10 1330.30593   100%  66.5 3020s
 1818356 1226512 1397.80294   53  267 1.0000e+10 1330.32570   100%  66.6 3028s
 1819429 1227997 2.3955e+09   69  290 1.0000e+10 1330.32948   100%  66.6 3030s
 1829260 1235988 6.5043e+09   66  280 1.0000e+10 1330.37472   100%  66.7 3035s
 1838004 1242022 1373.80556   50  276 1.0000e+10 1330.40639   100%  66.7 3041s
 1846083 1249177 1417.73703   60  266 1.0000e+10 1330.43814   100%  66.7 3045s
 1855290 1255721 1.0000e+10   61  246 1.0000e+10 1330.47950   100%  66.7 3050s
 1864458 1262736 1354.97470   49  266 1.0000e+10 1330.50862   100%  66.7 3056s
 1871293 1269037 6.0209e+09   86  254 1.0000e+10 1330.53727   100%  66.8 3060s
 1878469 1274099 3.8878e+09   91  250 1.0000e+10 1330.57043   100%  66.8 3065s
 1881924 1276623 1375.27898   46  264 1.0000e+10 1330.58502   100%  66.8 3070s
 1886869 1280440 1456.27402   53  278 1.0000e+10 1330.60390   100%  66.9 3075s
 1895589 1287824 1478.56236   64  261 1.0000e+10 1330.64111   100%  66.9 3080s
 1900287 1291727 1346.91146   42  294 1.0000e+10 1330.66624   100%  67.0 3085s
 1909111 1298927 1434.16899   62  276 1.0000e+10 1330.69963   100%  67.0 3090s
 1916268 1304562 8.5096e+08   60  290 1.0000e+10 1330.72916   100%  67.0 3095s
 1925473 1311626 2.0919e+08   70  282 1.0000e+10 1330.76089   100%  67.1 3100s
 1929185 1314301 1385.61738   59  284 1.0000e+10 1330.77513   100%  67.1 3105s
 1939382 1322629 1437.72722   60  265 1.0000e+10 1330.80538   100%  67.1 3110s
 1946006 1326971 1368.41718   48  281 1.0000e+10 1330.82992   100%  67.2 3117s
 1950625 1331666 1386.07017   47  265 1.0000e+10 1330.84769   100%  67.2 3120s
 1956513 1335380 1427.99477   61  267 1.0000e+10 1330.86812   100%  67.2 3125s
 1965511 1343433 1346.25504   49  286 1.0000e+10 1330.90148   100%  67.2 3130s
 1973930 1350183 1456.87468   55  283 1.0000e+10 1330.93328   100%  67.3 3135s
 1978699 1352971 3.8061e+07   62  263 1.0000e+10 1330.95314   100%  67.3 3142s
 1978840 1359432 9.5597e+08   63  261 1.0000e+10 1330.95340   100%  67.3 3146s
 1989940 1363114 1339.77865   40  291 1.0000e+10 1330.99710   100%  67.3 3150s
 1997593 1368997 1425.23912   57  271 1.0000e+10 1331.02279   100%  67.4 3155s
 2002711 1373228 2.4899e+08   81  270 1.0000e+10 1331.04294   100%  67.4 3160s
 2011986 1379540 1400.45299   55  303 1.0000e+10 1331.07711   100%  67.4 3166s
 2017593 1384710 4.4903e+08   54  255 1.0000e+10 1331.09814   100%  67.5 3170s
 2027648 1392598 1372.75674   49  272 1.0000e+10 1331.13285   100%  67.5 3175s
 2032026 1395845 3.3333e+09   52  254 1.0000e+10 1331.15187   100%  67.5 3180s
 2041710 1403986 1358.27897   42  266 1.0000e+10 1331.19139   100%  67.5 3185s
 2051067 1410980 9.3070e+07   58  281 1.0000e+10 1331.22115   100%  67.6 3190s
 2054101 1412805 1399.98744   53  251 1.0000e+10 1331.23552   100%  67.6 3197s
H2054316 727900                    1.000000e+10 1331.23552   100%  67.6 3198s
 2054502 732655 infeasible   61      1.0000e+10 1331.23576   100%  67.6 3204s
 2062140 733554 1475.17115   60  239 1.0000e+10 1331.28338   100%  67.7 3205s
 2068032 736975 1373.33731   48  275 1.0000e+10 1331.31475   100%  67.8 3211s
 2068692 736986 1353.23796   44  336 1.0000e+10 1331.31785   100%  67.8 3215s
 2068856 737106 1331.31785   43  285 1.0000e+10 1331.31785   100%  67.8 3220s
 2069313 737343 1356.48986   66  258 1.0000e+10 1331.31785   100%  67.8 3225s
 2071411 738474 1410.12227   58  273 1.0000e+10 1331.31785   100%  67.8 3230s
 2073161 739456 1493.91581   87  265 1.0000e+10 1331.31785   100%  67.8 3235s
 2080394 743086 1331.31785   59  292 1.0000e+10 1331.31785   100%  67.8 3240s
 2084951 744398 1337.65518   62  302 1.0000e+10 1331.31785   100%  67.8 3245s
 2090230 747768 1332.48929   61  299 1.0000e+10 1331.31785   100%  67.8 3250s
 2096869 750615 1381.18164   71  289 1.0000e+10 1331.31785   100%  67.8 3255s
 2106087 753948 1364.57674   70  303 1.0000e+10 1331.31785   100%  67.8 3260s
 2115463 758086 infeasible   71      1.0000e+10 1331.31785   100%  67.7 3265s
 2123312 762184 1493.90542   67  245 1.0000e+10 1331.31785   100%  67.7 3271s
 2130520 764786 1331.31785   49  306 1.0000e+10 1331.31785   100%  67.7 3275s
 2137701 768656 1344.96173   58  296 1.0000e+10 1331.31785   100%  67.7 3280s
 2145987 772161 1384.05680   82  272 1.0000e+10 1331.31785   100%  67.7 3285s
 2152181 774656 1331.31785   50  295 1.0000e+10 1331.31785   100%  67.7 3290s
 2160644 778415 1357.30497   58  277 1.0000e+10 1331.31785   100%  67.7 3295s
 2169189 782242 infeasible   83      1.0000e+10 1331.31785   100%  67.7 3300s
 2172466 783709 infeasible   92      1.0000e+10 1331.31785   100%  67.7 3305s
 2182087 786979 1442.23053   75  261 1.0000e+10 1331.31785   100%  67.6 3310s
 2189707 790716 1394.22931   78  282 1.0000e+10 1331.31785   100%  67.6 3315s
 2200044 795362 infeasible   87      1.0000e+10 1331.31785   100%  67.6 3320s
 2207275 798449 1406.25197   66  272 1.0000e+10 1331.31785   100%  67.6 3325s
 2211660 800383 infeasible   77      1.0000e+10 1331.31785   100%  67.6 3330s
 2217797 808453 1337.37816   61  292 1.0000e+10 1331.31785   100%  67.6 3336s
 2229103 807697 1475.58615   86  273 1.0000e+10 1331.31785   100%  67.6 3340s
 2236587 811011 1447.04117   76  273 1.0000e+10 1331.31785   100%  67.6 3345s
 2245793 815048 1382.03042   64  289 1.0000e+10 1331.31785   100%  67.6 3350s
 2247840 821283 1358.17697   46  283 1.0000e+10 1331.31785   100%  67.6 3355s
 2260561 821539 1418.38879   66  251 1.0000e+10 1331.31785   100%  67.6 3360s
 2269038 824472 1346.67329   65  269 1.0000e+10 1331.31785   100%  67.5 3365s
 2277354 828166 1338.08288   46  294 1.0000e+10 1331.31785   100%  67.5 3370s
 2285401 832173 1378.22319   61  283 1.0000e+10 1331.31785   100%  67.5 3375s
 2290995 833986 1333.04031   52  297 1.0000e+10 1331.31785   100%  67.5 3380s
 2293907 835276 1442.70273   90  248 1.0000e+10 1331.31785   100%  67.5 3385s
 2302762 839570 1334.16794   55  279 1.0000e+10 1331.31785   100%  67.5 3390s
 2308849 842287 1369.59489   71  292 1.0000e+10 1331.31785   100%  67.5 3395s
 2318725 845886 1381.96711   62  286 1.0000e+10 1331.31785   100%  67.5 3400s
 2326303 849218 1396.38752   75  281 1.0000e+10 1331.31785   100%  67.5 3405s
 2333377 852626 1349.38091   59  284 1.0000e+10 1331.31785   100%  67.5 3410s
 2343534 857060 1336.67874   50  272 1.0000e+10 1331.31785   100%  67.4 3415s
 2347401 859064 1337.05935   54  296 1.0000e+10 1331.31785   100%  67.4 3420s
 2357444 863270 infeasible   84      1.0000e+10 1331.31785   100%  67.4 3425s
 2366356 867315 1351.03239   63  284 1.0000e+10 1331.31785   100%  67.4 3430s
 2375630 870954 1363.00989   66  301 1.0000e+10 1331.31785   100%  67.4 3435s
 2380920 873489 1368.91456   68  283 1.0000e+10 1331.31785   100%  67.4 3440s
 2388464 876575 1336.85479   53  282 1.0000e+10 1331.31785   100%  67.4 3445s
 2397352 880556 1389.19333   65  282 1.0000e+10 1331.31785   100%  67.4 3450s
 2407365 884731 1337.98986   54  291 1.0000e+10 1331.31785   100%  67.3 3455s
 2411564 886522 1380.34251   61  285 1.0000e+10 1331.31785   100%  67.3 3460s
 2419929 890123 1366.30736   69  291 1.0000e+10 1331.31785   100%  67.3 3465s
 2429673 893660 1384.08228   59  282 1.0000e+10 1331.31785   100%  67.3 3470s
 2437133 896116 1337.78757   57  291 1.0000e+10 1331.31785   100%  67.3 3475s
 2443568 904830 1370.76845   68  278 1.0000e+10 1331.31785   100%  67.3 3483s
 2451585 903106 1502.10109   81  272 1.0000e+10 1331.31785   100%  67.3 3485s
 2460111 906118 1368.88190   65  290 1.0000e+10 1331.31785   100%  67.3 3490s
 2468452 910193 1356.43973   57  258 1.0000e+10 1331.31785   100%  67.3 3495s
 2475601 912433 infeasible   64      1.0000e+10 1331.31785   100%  67.3 3501s
 2481136 915674 1346.06727   56  293 1.0000e+10 1331.31785   100%  67.3 3505s
 2490255 918351 1363.43799   50  273 1.0000e+10 1331.31785   100%  67.2 3510s
 2499874 923340 1367.14673   67  289 1.0000e+10 1331.31785   100%  67.2 3515s
 2508139 926589 1363.13880   55  292 1.0000e+10 1331.31785   100%  67.2 3520s
 2513525 929142 1392.52831   74  276 1.0000e+10 1331.31785   100%  67.2 3525s
 2521653 932517 infeasible   80      1.0000e+10 1331.31785   100%  67.2 3530s
 2529878 935028 1382.07149   70  285 1.0000e+10 1331.31785   100%  67.2 3535s
 2538705 938738 1387.92886   75  282 1.0000e+10 1331.31785   100%  67.2 3540s
 2547320 943505 1358.13218   60  287 1.0000e+10 1331.31785   100%  67.2 3545s
 2553668 945536 1384.54975   71  295 1.0000e+10 1331.31785   100%  67.2 3550s
 2561567 948994 1468.27635   89  263 1.0000e+10 1331.31785   100%  67.2 3555s
 2570269 951731 1331.94850   48  292 1.0000e+10 1331.31785   100%  67.1 3561s
 2575485 955029 1439.91650   65  261 1.0000e+10 1331.31785   100%  67.1 3565s
 2584508 958512 1349.01012   59  302 1.0000e+10 1331.31785   100%  67.1 3570s
 2592613 961851 1376.55512   67  286 1.0000e+10 1331.31785   100%  67.1 3575s
 2600038 964162 1358.12055   67  272 1.0000e+10 1331.31785   100%  67.1 3581s
 2608253 968010 1462.43678   88  254 1.0000e+10 1331.31785   100%  67.1 3585s
 2616579 971722 1365.52513   68  289 1.0000e+10 1331.31785   100%  67.1 3590s
 2625482 975519 1414.74004   78  281 1.0000e+10 1331.31785   100%  67.1 3595s
 2630276 977473 1375.51058   58  281 1.0000e+10 1331.31785   100%  67.1 3601s
 2637310 979570 1356.65660   54  275 1.0000e+10 1331.31785   100%  67.1 3605s
 2645046 983731 1472.60704   83  270 1.0000e+10 1331.31785   100%  67.1 3610s
 2656065 987289 infeasible   75      1.0000e+10 1331.31785   100%  67.0 3616s
 2660886 990257 1430.84880   73  268 1.0000e+10 1331.31785   100%  67.0 3620s
 2669749 994086 1387.60749   68  276 1.0000e+10 1331.31785   100%  67.0 3625s
 2677707 996391 1353.49349   62  289 1.0000e+10 1331.31785   100%  67.0 3631s
 2681511 998804 1391.42555   70  280 1.0000e+10 1331.31785   100%  67.0 3635s
 2692673 1003214 1401.13099   76  271 1.0000e+10 1331.31785   100%  67.0 3640s
 2699843 1005443 1462.74293   92  261 1.0000e+10 1331.31785   100%  67.0 3646s
 2700062 1011424 1376.69067   60  284 1.0000e+10 1331.31785   100%  67.0 3651s
 2714650 1012754 1386.78331   61  266 1.0000e+10 1331.31785   100%  67.0 3655s
 2723789 1016160 1347.84570   63  294 1.0000e+10 1331.31785   100%  67.0 3660s
 2732179 1019522 1373.18155   65  270 1.0000e+10 1331.31785   100%  67.0 3666s
 2737489 1022127 1474.57871   89  268 1.0000e+10 1331.31785   100%  67.0 3670s
 2746076 1025237 1332.16231   52  284 1.0000e+10 1331.31785   100%  66.9 3675s
 2757368 1029256 1427.20271   71  268 1.0000e+10 1331.31785   100%  66.9 3680s
 2760700 1031887 1462.62722   78  275 1.0000e+10 1331.31785   100%  66.9 3685s
 2768891 1034993 1332.05810   58  296 1.0000e+10 1331.31785   100%  66.9 3690s
 2776484 1038570 1388.28030   69  271 1.0000e+10 1331.31785   100%  66.9 3695s
 2787469 1042623 1354.73747   60  279 1.0000e+10 1331.31785   100%  66.9 3700s
 2790178 1048731 1388.32572   83  286 1.0000e+10 1331.31785   100%  66.9 3706s
 2800288 1047020 1338.70132   57  295 1.0000e+10 1331.31785   100%  66.9 3710s
 2808457 1051153 infeasible   66      1.0000e+10 1331.31785   100%  66.9 3715s
 2816351 1054610 infeasible   89      1.0000e+10 1331.31785   100%  66.9 3720s
 2822325 1057816 1422.33130   74  263 1.0000e+10 1331.31785   100%  66.9 3725s
 2830463 1060555 1472.90839   84  272 1.0000e+10 1331.31785   100%  66.8 3730s
 2838427 1062793 1348.14236   62  277 1.0000e+10 1331.31785   100%  66.8 3737s
 2843466 1065820 1408.96152   79  271 1.0000e+10 1331.31785   100%  66.8 3740s
 2854283 1069149 1341.52271   63  288 1.0000e+10 1331.31785   100%  66.8 3746s
 2862328 1073276 1341.16003   50  278 1.0000e+10 1331.31785   100%  66.8 3750s
 2870959 1076883 1413.89945   69  289 1.0000e+10 1331.31785   100%  66.8 3755s
 2877343 1078605 1418.47532   73  257 1.0000e+10 1331.31785   100%  66.8 3760s
 2886805 1082326 1346.58486   57  292 1.0000e+10 1331.31785   100%  66.8 3767s
 2890592 1084780 1348.31881   66  264 1.0000e+10 1331.31785   100%  66.8 3770s
 2897023 1087295 1449.41568   82  243 1.0000e+10 1331.31785   100%  66.8 3775s
 2908853 1092180 1496.98410   92  260 1.0000e+10 1331.31785   100%  66.8 3780s
 2909924 1097933 1346.05831   54  299 1.0000e+10 1331.31785   100%  66.8 3785s
 2923384 1098685 1353.68067   60  294 1.0000e+10 1331.31785   100%  66.7 3790s
 2931045 1100861 1386.07300   87  270 1.0000e+10 1331.31785   100%  66.7 3795s
 2937645 1104201 1389.90566   75  279 1.0000e+10 1331.31785   100%  66.7 3800s
 2946505 1108107 1374.13646   68  272 1.0000e+10 1331.31785   100%  66.7 3805s
 2957605 1112420 1370.69610   63  279 1.0000e+10 1331.31785   100%  66.7 3810s
 2963461 1115063 1374.53577   67  283 1.0000e+10 1331.31785   100%  66.7 3815s
 2968320 1116200 1382.05628   76  283 1.0000e+10 1331.31785   100%  66.7 3820s
 2972645 1117880 1351.39960   62  311 1.0000e+10 1331.31785   100%  66.7 3825s
 2980833 1121246 1336.23974   56  302 1.0000e+10 1331.31785   100%  66.7 3830s
 2988781 1124416 1404.01315   71  276 1.0000e+10 1331.31785   100%  66.7 3836s
 2993683 1126586 1398.71009   78  267 1.0000e+10 1331.31785   100%  66.7 3840s
 3001785 1131066 1354.20707   70  290 1.0000e+10 1331.31785   100%  66.7 3845s
 3010707 1134246 1372.86846   65  294 1.0000e+10 1331.31785   100%  66.6 3850s
 3018516 1137630 1461.38954   81  284 1.0000e+10 1331.31785   100%  66.6 3855s
 3027640 1141222 1357.83044   70  277 1.0000e+10 1331.31785   100%  66.6 3860s
 3032272 1143025 1415.39605   71  282 1.0000e+10 1331.31785   100%  66.6 3865s
 3041041 1146572 1421.60938   83  287 1.0000e+10 1331.31785   100%  66.6 3870s
 3049953 1150190 1335.28238   50  287 1.0000e+10 1331.31785   100%  66.6 3875s
 3058962 1152868 1456.64895   94  288 1.0000e+10 1331.31785   100%  66.6 3881s
 3065005 1156221 1384.51851   75  274 1.0000e+10 1331.31785   100%  66.6 3885s
 3072404 1159384 1390.61746   64  274 1.0000e+10 1331.31785   100%  66.6 3890s
 3075490 1165435 1365.67897   63  274 1.0000e+10 1331.31785   100%  66.6 3895s
 3085259 1164522 1403.37208   75  278 1.0000e+10 1331.31785   100%  66.6 3900s
 3092910 1167312 1343.41790   59  283 1.0000e+10 1331.31785   100%  66.6 3905s
 3103970 1170889 1354.12914   56  294 1.0000e+10 1331.31785   100%  66.6 3911s
 3111340 1174483 1335.78333   49  298 1.0000e+10 1331.31785   100%  66.6 3915s
 3120679 1178951 1361.60608   51  282 1.0000e+10 1331.31785   100%  66.6 3920s
 3124732 1180008 1394.95813   78  284 1.0000e+10 1331.31785   100%  66.6 3925s
 3135057 1183609 1447.44358   73  253 1.0000e+10 1331.31785   100%  66.5 3930s
 3143924 1188178 1378.68724   70  276 1.0000e+10 1331.31785   100%  66.5 3935s
 3149392 1190435 1404.41529   63  266 1.0000e+10 1331.31785   100%  66.5 3940s
 3158159 1194131 1340.81731   61  295 1.0000e+10 1331.31785   100%  66.5 3945s
 3162311 1195159 1503.93023   86  254 1.0000e+10 1331.31785   100%  66.5 3950s
 3171253 1199238 1343.97824   55  297 1.0000e+10 1331.31785   100%  66.5 3955s
 3180073 1201721 1341.86791   52  271 1.0000e+10 1331.31785   100%  66.5 3960s
 3186394 1205363 infeasible   88      1.0000e+10 1331.31785   100%  66.5 3965s
 3194703 1208624 1493.40444   82  237 1.0000e+10 1331.31785   100%  66.5 3970s
 3201176 1209989 1337.20967   54  285 1.0000e+10 1331.31785   100%  66.5 3975s
 3209525 1213165 1336.41431   46  290 1.0000e+10 1331.31785   100%  66.5 3980s
 3219203 1217116 1479.62149   74  268 1.0000e+10 1331.31785   100%  66.5 3986s
 3226804 1221141 1383.02301   74  273 1.0000e+10 1331.31785   100%  66.5 3990s
 3233130 1223133 1345.40901   50  285 1.0000e+10 1331.31785   100%  66.5 3995s
 3241653 1227166 1409.88494   73  276 1.0000e+10 1331.31785   100%  66.5 4000s
 3246696 1228028 1384.87870   67  288 1.0000e+10 1331.31785   100%  66.5 4005s
 3256637 1232076 1361.45902   59  294 1.0000e+10 1331.31785   100%  66.5 4010s
 3256670 1237994 1358.31467   58  292 1.0000e+10 1331.31785   100%  66.5 4015s
 3271877 1239316 1338.02919   54  282 1.0000e+10 1331.31785   100%  66.5 4020s
 3278833 1242060 1398.05758   73  279 1.0000e+10 1331.33396   100%  66.5 4025s
 3286324 1244324 infeasible   86      1.0000e+10 1331.36114   100%  66.5 4030s
 3293833 1247507 1472.32699   89  280 1.0000e+10 1331.38757   100%  66.5 4036s
 3300571 1249824 1417.77302   71  277 1.0000e+10 1331.41170   100%  66.5 4040s
 3310192 1254271 1335.48313   59  304 1.0000e+10 1331.44325   100%  66.4 4045s
 3313713 1256094 1381.69060   75  291 1.0000e+10 1331.45579   100%  66.4 4050s
 3322506 1259529 1390.66596   64  262 1.0000e+10 1331.48740   100%  66.4 4055s
 3332667 1262684 1426.46402   63  267 1.0000e+10 1331.52345   100%  66.4 4060s
 3339568 1265329 infeasible   86      1.0000e+10 1331.54823   100%  66.4 4065s
 3345933 1269073 1356.74122   63  280 1.0000e+10 1331.57197   100%  66.4 4070s
 3355565 1272590 1415.10571   79  280 1.0000e+10 1331.60573   100%  66.4 4075s
 3362987 1275339 1343.98334   60  294 1.0000e+10 1331.63633   100%  66.4 4080s
 3370032 1278097 1356.60347   72  287 1.0000e+10 1331.66045   100%  66.4 4085s
 3376981 1281116 1403.39836   75  257 1.0000e+10 1331.68565   100%  66.4 4090s
 3386557 1285031 1461.03532   71  256 1.0000e+10 1331.71803   100%  66.4 4095s
 3390139 1286520 1403.70101   69  270 1.0000e+10 1331.73224   100%  66.4 4100s
 3401839 1290149 infeasible   94      1.0000e+10 1331.77373   100%  66.4 4105s
 3408963 1293120 1431.40741   78  271 1.0000e+10 1331.79970   100%  66.4 4110s
 3414574 1296247 1403.99808   66  270 1.0000e+10 1331.82090   100%  66.4 4115s
 3424758 1300319 1373.89782   64  280 1.0000e+10 1331.86053   100%  66.4 4120s
 3430842 1302761 infeasible   79      1.0000e+10 1331.87877   100%  66.4 4125s
 3436397 1307964 1429.79594   68  267 1.0000e+10 1331.89976   100%  66.4 4132s
 3445665 1307931 infeasible   92      1.0000e+10 1331.93244   100%  66.4 4135s
 3454553 1311999 1349.61490   56  283 1.0000e+10 1331.96552   100%  66.3 4140s
 3460356 1313816 1363.93840   62  289 1.0000e+10 1331.98505   100%  66.3 4145s
 3469677 1317752 infeasible   84      1.0000e+10 1332.01819   100%  66.3 4151s
 3477720 1321769 1378.22846   64  292 1.0000e+10 1332.04547   100%  66.3 4155s
 3481838 1323154 1418.67771   67  270 1.0000e+10 1332.05805   100%  66.3 4160s
 3489645 1326219 1353.90134   60  279 1.0000e+10 1332.08176   100%  66.3 4165s
 3500212 1330732 1360.14108   58  277 1.0000e+10 1332.11633   100%  66.3 4170s
 3508917 1333483 1369.13217   68  290 1.0000e+10 1332.14381   100%  66.3 4176s
 3509964 1339698 1344.86896   54  301 1.0000e+10 1332.14752   100%  66.3 4181s
 3523604 1339371 1389.07953   75  279 1.0000e+10 1332.19103   100%  66.3 4185s
 3527607 1342154 infeasible   72      1.0000e+10 1332.20242   100%  66.3 4190s
 3537177 1344716 1452.46968   79  281 1.0000e+10 1332.23256   100%  66.3 4195s
 3546028 1349189 1387.32724   72  278 1.0000e+10 1332.25834   100%  66.3 4200s
 3553017 1351954 1359.41472   63  278 1.0000e+10 1332.28116   100%  66.3 4205s
 3559304 1353404 1394.39688   76  272 1.0000e+10 1332.29776   100%  66.3 4210s
 3568518 1358233 1399.47626   69  269 1.0000e+10 1332.32411   100%  66.3 4215s
 3576297 1361166 1415.64107   84  280 1.0000e+10 1332.34783   100%  66.3 4220s
 3582829 1363827 infeasible   92      1.0000e+10 1332.36937   100%  66.3 4225s
 3591198 1367033 1394.46415   78  258 1.0000e+10 1332.39480   100%  66.3 4230s
 3599930 1370765 infeasible  100      1.0000e+10 1332.41759   100%  66.3 4235s
 3605751 1372741 1351.05287   48  287 1.0000e+10 1332.43576   100%  66.3 4240s
 3615644 1375979 infeasible   68      1.0000e+10 1332.46348   100%  66.2 4245s
 3620388 1378985 1369.65878   62  301 1.0000e+10 1332.47644   100%  66.2 4250s
 3628304 1381398 1395.46674   61  281 1.0000e+10 1332.50439   100%  66.2 4255s
 3630846 1387582 1373.30889   68  283 1.0000e+10 1332.51041   100%  66.2 4262s
 3643328 1386672 1343.75036   50  288 1.0000e+10 1332.54707   100%  66.2 4265s
 3652604 1391371 1355.24587   54  267 1.0000e+10 1332.57531   100%  66.2 4270s
 3661074 1393796 1417.98576   65  276 1.0000e+10 1332.60085   100%  66.2 4275s
 3661111 1399567 1434.24801   66  263 1.0000e+10 1332.60090   100%  66.2 4280s
 3674164 1400136 1432.56861   88  274 1.0000e+10 1332.63774   100%  66.2 4285s
 3676039 1405512 1387.87765   65  289 1.0000e+10 1332.64248   100%  66.2 4290s
 3691037 1406863 1334.73609   59  284 1.0000e+10 1332.68563   100%  66.2 4295s
 3699407 1409144 1448.17287   77  267 1.0000e+10 1332.70983   100%  66.2 4300s
 3704950 1412305 1385.57108   64  282 1.0000e+10 1332.72721   100%  66.2 4305s
 3714290 1415832 1491.15032   85  256 1.0000e+10 1332.75538   100%  66.2 4310s
 3721495 1423618 1387.98159   72  296 1.0000e+10 1332.77714   100%  66.2 4318s
 3729503 1421060 1411.77736   76  262 1.0000e+10 1332.80033   100%  66.2 4320s
 3734822 1424168 infeasible   87      1.0000e+10 1332.81596   100%  66.2 4325s
 3743596 1426525 1336.77338   59  287 1.0000e+10 1332.84194   100%  66.2 4330s
 3748347 1429033 1441.38867   72  275 1.0000e+10 1332.85534   100%  66.2 4335s
 3755193 1432078 1344.11295   55  292 1.0000e+10 1332.87485   100%  66.2 4340s
 3764647 1434919 1343.58232   54  290 1.0000e+10 1332.90186   100%  66.2 4345s
 3773743 1439523 1418.23677   84  273 1.0000e+10 1332.93022   100%  66.2 4350s
 3780667 1442180 1412.11926   78  271 1.0000e+10 1332.94755   100%  66.2 4355s
 3789401 1444750 1425.05107   85  259 1.0000e+10 1332.96949   100%  66.2 4360s
 3796820 1448223 1355.85224   64  284 1.0000e+10 1332.99075   100%  66.2 4365s
 3804967 1451696 1469.63709  108  253 1.0000e+10 1333.01282   100%  66.2 4370s
 3813859 1455233 1339.75619   50  296 1.0000e+10 1333.03716   100%  66.2 4375s
 3819946 1457745 1387.38411   73  274 1.0000e+10 1333.05368   100%  66.2 4380s
 3827943 1460857 1353.17224   56  294 1.0000e+10 1333.07602   100%  66.2 4385s
 3834592 1463826 1348.75057   54  279 1.0000e+10 1333.09503   100%  66.2 4390s
 3842446 1466852 1427.68428   76  294 1.0000e+10 1333.11244   100%  66.2 4395s
 3846762 1467672 1451.21183   78  273 1.0000e+10 1333.12401   100%  66.2 4400s
 3854163 1471796 infeasible   81      1.0000e+10 1333.14467   100%  66.2 4405s
 3858952 1474204 1409.03955   78  277 1.0000e+10 1333.15789   100%  66.2 4410s
 3868066 1477482 1345.98300   55  302 1.0000e+10 1333.18011   100%  66.1 4415s
 3877186 1479820 1397.73768   74  245 1.0000e+10 1333.20326   100%  66.1 4420s
 3887354 1483925 1354.31749   68  281 1.0000e+10 1333.22692   100%  66.1 4426s
 3890260 1486010 1447.73700   83  259 1.0000e+10 1333.23238   100%  66.1 4430s
 3899623 1489764 1406.91605   77  278 1.0000e+10 1333.25552   100%  66.1 4435s
 3908429 1493077 1375.13232   63  286 1.0000e+10 1333.27688   100%  66.1 4440s
 3915235 1496889 1400.25002   69  267 1.0000e+10 1333.29434   100%  66.1 4446s
 3923246 1498718 1355.83382   59  286 1.0000e+10 1333.31646   100%  66.1 4451s
 3929573 1501702 1349.56216   51  285 1.0000e+10 1333.33469   100%  66.1 4455s
 3936409 1504110 1384.81759   74  282 1.0000e+10 1333.35305   100%  66.1 4460s
 3945224 1512415 1386.30550   65  275 1.0000e+10 1333.37511   100%  66.1 4468s
 3953232 1509825 1438.98426   72  279 1.0000e+10 1333.39408   100%  66.1 4470s
 3960109 1513574 1390.64452   53  272 1.0000e+10 1333.40830   100%  66.1 4475s
 3969035 1516565 infeasible   92      1.0000e+10 1333.43003   100%  66.1 4480s
 3976973 1519688 1342.32800   56  291 1.0000e+10 1333.44847   100%  66.1 4485s
 3983364 1521926 1413.27888   84  268 1.0000e+10 1333.46323   100%  66.1 4490s
 3991914 1525162 1443.98305   78  276 1.0000e+10 1333.48635   100%  66.1 4495s
 3997860 1528350 infeasible   88      1.0000e+10 1333.50111   100%  66.1 4500s
 4005421 1531421 1349.60688   56  302 1.0000e+10 1333.51991   100%  66.1 4505s
 4015036 1534919 1483.45698   81  264 1.0000e+10 1333.54256   100%  66.1 4510s
 4020873 1541980 1377.40905   71  297 1.0000e+10 1333.55486   100%  66.1 4517s
 4029045 1540380 1460.03305   75  271 1.0000e+10 1333.57512   100%  66.1 4520s
 4037436 1543745 1392.20175   78  279 1.0000e+10 1333.59463   100%  66.1 4525s
 4048012 1547341 infeasible   76      1.0000e+10 1333.61923   100%  66.1 4530s
 4051267 1549206 1431.04163   81  283 1.0000e+10 1333.62757   100%  66.1 4535s
 4060013 1552102 infeasible   83      1.0000e+10 1333.64863   100%  66.1 4540s
 4068614 1555906 1365.72827   64  296 1.0000e+10 1333.67183   100%  66.1 4545s
 4078890 1558951 1378.18764   61  274 1.0000e+10 1333.69672   100%  66.1 4550s
 4088281 1562807 1373.36377   48  280 1.0000e+10 1333.71922   100%  66.1 4555s
 4094648 1565310 infeasible   89      1.0000e+10 1333.73405   100%  66.1 4560s
 4103567 1569503 infeasible   91      1.0000e+10 1333.75722   100%  66.1 4565s
 4109531 1572069 1468.53652   83  266 1.0000e+10 1333.77067   100%  66.1 4570s
 4118912 1575569 1356.68665   53  289 1.0000e+10 1333.79363   100%  66.1 4575s
 4126063 1578007 1344.79616   61  291 1.0000e+10 1333.80946   100%  66.1 4580s
 4133518 1581349 1401.71814   65  264 1.0000e+10 1333.82705   100%  66.1 4585s
 4140636 1583327 1383.62729   61  281 1.0000e+10 1333.84218   100%  66.1 4591s
 4146758 1586777 infeasible   79      1.0000e+10 1333.85628   100%  66.1 4595s
 4155407 1590108 1367.98666   71  286 1.0000e+10 1333.87671   100%  66.1 4600s
 4164005 1593761 1380.71689   65  286 1.0000e+10 1333.89925   100%  66.1 4605s
 4170606 1596442 1343.89039   49  289 1.0000e+10 1333.91523   100%  66.1 4610s
 4179253 1599442 1388.55723   62  294 1.0000e+10 1333.93711   100%  66.1 4615s
 4187842 1603435 1360.28987   59  277 1.0000e+10 1333.95856   100%  66.1 4620s
 4194030 1604864 1375.92632   66  270 1.0000e+10 1333.97294   100%  66.1 4625s
 4201888 1607783 1420.80428   75  265 1.0000e+10 1333.99012   100%  66.1 4630s
 4211443 1611563 1374.62809   70  271 1.0000e+10 1334.01136   100%  66.0 4635s
 4218975 1614991 1414.38787   73  282 1.0000e+10 1334.02865   100%  66.0 4640s
 4225293 1618169 1410.38825   67  260 1.0000e+10 1334.04330   100%  66.0 4645s
 4233291 1622398 1446.41339   66  286 1.0000e+10 1334.06058   100%  66.0 4651s
 4242914 1623872 1456.87557   82  281 1.0000e+10 1334.08112   100%  66.0 4655s
 4249775 1627294 infeasible   78      1.0000e+10 1334.09651   100%  66.0 4660s
 4257631 1630650 1483.85451   85  260 1.0000e+10 1334.11720   100%  66.0 4665s
 4268411 1634788 infeasible   86      1.0000e+10 1334.14100   100%  66.0 4670s
 4272818 1636677 1400.94272   60  253 1.0000e+10 1334.15142   100%  66.0 4675s
 4280701 1640198 1388.35381   56  276 1.0000e+10 1334.17275   100%  66.0 4680s
 4291774 1647759 1343.37958   47  299 1.0000e+10 1334.19386   100%  66.0 4685s
 4297837 1652836 1365.57004   61  267 1.0000e+10 1334.20610   100%  66.0 4690s
 4304106 1656943 1403.28949   68  270 1.0000e+10 1334.21954   100%  66.0 4695s
 4311846 1662198 infeasible   68      1.0000e+10 1334.23719   100%  66.0 4700s
 4321841 1669845 1438.25689   73  282 1.0000e+10 1334.26101   100%  66.0 4705s
 4326723 1673181 1388.73268   82  281 1.0000e+10 1334.27134   100%  66.0 4710s
 4334939 1679346 1351.59512   57  292 1.0000e+10 1334.29205   100%  66.0 4715s
 4344141 1685694 1460.51656   90  268 1.0000e+10 1334.31048   100%  66.0 4720s
 4349377 1689572 1369.96139   65  274 1.0000e+10 1334.32270   100%  66.0 4725s
 4357877 1695748 1411.03906   75  228 1.0000e+10 1334.34202   100%  66.0 4730s
 4367892 1702223 1339.16723   60  273 1.0000e+10 1334.36429   100%  66.0 4735s
 4376430 1708990 1406.57443   74  281 1.0000e+10 1334.38305   100%  66.0 4740s
 4383686 1714279 1456.87164   81  280 1.0000e+10 1334.39937   100%  66.0 4745s
 4389271 1718744 infeasible   61      1.0000e+10 1334.40966   100%  66.0 4750s
 4397923 1729657 1419.78174   94  299 1.0000e+10 1334.42826   100%  66.0 4758s
 4405475 1730945 1475.99285   65  244 1.0000e+10 1334.44255   100%  66.0 4760s
 4411203 1735003 1419.97147   74  262 1.0000e+10 1334.45474   100%  66.0 4765s
 4419207 1740559 1395.15897   65  259 1.0000e+10 1334.47156   100%  66.0 4770s
 4427534 1746898 1401.90799   75  281 1.0000e+10 1334.48852   100%  66.0 4775s
 4435777 1752814 1410.25394   75  268 1.0000e+10 1334.50704   100%  66.0 4780s
 4443777 1757615 1370.40700   65  291 1.0000e+10 1334.52193   100%  66.0 4785s
 4452188 1764404 1356.18934   61  303 1.0000e+10 1334.54067   100%  66.0 4790s
 4456531 1768084 1362.42411   52  283 1.0000e+10 1334.55007   100%  66.0 4795s
 4465291 1774029 1407.94741   84  274 1.0000e+10 1334.56809   100%  66.0 4800s
 4472916 1779476 1349.58014   59  282 1.0000e+10 1334.58510   100%  66.0 4805s
 4482940 1786203 1372.53319   54  280 1.0000e+10 1334.60748   100%  66.0 4810s
 4490652 1792580 1427.50763   79  282 1.0000e+10 1334.62309   100%  66.0 4815s
 4496812 1797025 infeasible   95      1.0000e+10 1334.63605   100%  66.0 4820s
 4507365 1803792 1442.00998   80  263 1.0000e+10 1334.65882   100%  66.0 4825s
 4512592 1808563 1487.11530   91  276 1.0000e+10 1334.66990   100%  66.0 4830s
 4517311 1816705 1410.95997   71  255 1.0000e+10 1334.67990   100%  66.0 4837s
 4526745 1817745 1351.16077   58  288 1.0000e+10 1334.69800   100%  66.0 4840s
 4529219 1820389 1415.99126   85  265 1.0000e+10 1334.70261   100%  66.0 4845s
 4538864 1826335 1444.39752   84  256 1.0000e+10 1334.72308   100%  66.0 4850s
 4546203 1831425 1343.93453   53  283 1.0000e+10 1334.73706   100%  66.0 4856s
 4554365 1837297 1418.41948   75  278 1.0000e+10 1334.75358   100%  66.0 4860s
 4562494 1844277 1372.14562   68  284 1.0000e+10 1334.76964   100%  66.0 4865s
 4568084 1847864 1393.57609   66  271 1.0000e+10 1334.78149   100%  66.0 4870s
 4576397 1854236 1426.19308   70  264 1.0000e+10 1334.79768   100%  66.0 4875s
 4577854 1860062 1393.82894   81  292 1.0000e+10 1334.80006   100%  66.0 4880s
 4593870 1865896 1344.37950   63  283 1.0000e+10 1334.83228   100%  66.0 4886s
 4597828 1869601 infeasible   70      1.0000e+10 1334.84082   100%  66.0 4890s
 4607312 1876764 infeasible  127      1.0000e+10 1334.85920   100%  66.0 4895s
 4615084 1881201 1366.23284   58  289 1.0000e+10 1334.87423   100%  66.0 4900s
 4624234 1888077 1401.32606   78  269 1.0000e+10 1334.89274   100%  66.0 4905s
 4628410 1892046 1377.65692   65  297 1.0000e+10 1334.90032   100%  66.0 4910s
 4638725 1899369 1389.97180   75  258 1.0000e+10 1334.92016   100%  65.9 4915s
 4647750 1905307 1451.43981   88  251 1.0000e+10 1334.93844   100%  65.9 4920s
 4653878 1910006 1359.82570   51  287 1.0000e+10 1334.94877   100%  65.9 4925s
 4661816 1915781 1378.47225   78  273 1.0000e+10 1334.96354   100%  65.9 4930s
 4667588 1919032 infeasible   99      1.0000e+10 1334.97425   100%  65.9 4935s
 4677142 1926859 infeasible   74      1.0000e+10 1334.99447   100%  65.9 4940s
 4685994 1933412 1364.79094   66  283 1.0000e+10 1335.01073   100%  65.9 4945s
 4692003 1937418 1421.56267   70  269 1.0000e+10 1335.02078   100%  65.9 4950s
 4700851 1943685 infeasible   99      1.0000e+10 1335.03671   100%  65.9 4955s
 4710010 1950623 1428.53066   86  281 1.0000e+10 1335.05590   100%  65.9 4960s
 4718833 1956748 1471.97657   72  255 1.0000e+10 1335.07209   100%  65.9 4965s
 4722709 1959590 1391.14868   68  281 1.0000e+10 1335.07837   100%  65.9 4970s
 4732105 1966090 1346.29567   53  293 1.0000e+10 1335.09634   100%  65.9 4975s
 4740766 1972431 1465.15316  113  246 1.0000e+10 1335.11142   100%  65.9 4980s
 4747560 1976454 1490.92298   87  289 1.0000e+10 1335.12196   100%  65.9 4985s
 4755038 1982770 1414.87829   83  293 1.0000e+10 1335.13558   100%  65.9 4990s
 4758116 1989116 1348.79714   50  275 1.0000e+10 1335.14151   100%  65.9 4995s
 4772253 1995174 1355.08568   69  280 1.0000e+10 1335.16840   100%  65.9 5000s
 4780184 2000799 1419.83257   71  282 1.0000e+10 1335.18042   100%  65.9 5005s
 4788783 2007099 1512.45882   89  257 1.0000e+10 1335.19500   100%  65.9 5010s
 4794723 2010194 1373.29650   63  296 1.0000e+10 1335.20670   100%  65.9 5015s
 4804961 2018368 1472.13714   77  270 1.0000e+10 1335.22507   100%  65.9 5020s
 4813117 2024305 1516.18421   83  264 1.0000e+10 1335.23887   100%  65.9 5025s
 4820388 2029378 1437.23572   67  217 1.0000e+10 1335.25270   100%  65.9 5030s
 4827288 2034518 infeasible   97      1.0000e+10 1335.26415   100%  65.9 5035s
 4836408 2040323 1347.16887   61  290 1.0000e+10 1335.27924   100%  65.9 5040s
 4841988 2045349 1427.74275   89  285 1.0000e+10 1335.28934   100%  65.9 5045s
 4848812 2050381 1341.08048   56  293 1.0000e+10 1335.29971   100%  65.9 5050s
 4858791 2057320 infeasible   82      1.0000e+10 1335.31637   100%  65.9 5055s
 4867363 2063522 1470.36635   82  276 1.0000e+10 1335.33229   100%  65.9 5060s
 4874298 2067888 1433.13635   85  280 1.0000e+10 1335.34465   100%  65.9 5065s
 4878995 2076599 1361.87249   68  290 1.0000e+10 1335.35294   100%  65.9 5072s
 4888597 2078828 1357.77525   56  272 1.0000e+10 1335.37023   100%  65.9 5075s
 4897327 2084833 1355.61569   60  262 1.0000e+10 1335.38416   100%  65.9 6060s
 4906024 2090929 1355.72606   60  283 1.0000e+10 1335.39868   100%  65.9 7020s
 4910287 2093915 1381.31161   75  289 1.0000e+10 1335.40655   100%  65.9 7958s

Cutting planes:
  Gomory: 14
  Clique: 10
  Flow cover: 1
  Zero half: 9

Explored 4911114 nodes (323681772 simplex iterations) in 7958.38 seconds (8381.08 work units)
Thread count was 8 (of 8 available processors)

Solution count 10: 1e+10 1e+10 1e+10 ... 4e+10

Time limit reached
Best objective 1.000000143900e+10, best bound 1.336000000000e+03, gap 100.0000%
