
Gurobi 11.0.1 (mac64[arm]) logging started Fri May 24 19:16:00 2024

Set parameter LogFile to value "logs_new/salida_modelo_caminos_280_567.log"
Set parameter TimeLimit to value 7200
Gurobi Optimizer version 11.0.1 build v11.0.1rc0 (mac64[arm] - Darwin 23.4.0 23E224)

CPU model: Apple M2
Thread count: 8 physical cores, 8 logical processors, using up to 8 threads

Optimize a model with 533 rows, 1420 columns and 5734 nonzeros
Coefficient statistics:
  Matrix range     [1e+00, 1e+00]
  Objective range  [2e+00, 1e+10]
  Bounds range     [0e+00, 0e+00]
  RHS range        [1e+00, 2e+02]
Warning: Model contains large objective coefficients
         Consider reformulating model or setting NumericFocus parameter
         to avoid numerical issues.

Solved in 0 iterations and 0.00 seconds (0.00 work units)
Optimal objective  1.092000000e+03
Gurobi Optimizer version 11.0.1 build v11.0.1rc0 (mac64[arm] - Darwin 23.4.0 23E224)

CPU model: Apple M2
Thread count: 8 physical cores, 8 logical processors, using up to 8 threads

Optimize a model with 533 rows, 1420 columns and 5734 nonzeros
Model fingerprint: 0xf96cc1fb
Variable types: 0 continuous, 1420 integer (1420 binary)
Coefficient statistics:
  Matrix range     [1e+00, 1e+00]
  Objective range  [2e+00, 1e+10]
  Bounds range     [0e+00, 0e+00]
  RHS range        [1e+00, 2e+02]
Warning: Model contains large objective coefficients
         Consider reformulating model or setting NumericFocus parameter
         to avoid numerical issues.
Found heuristic solution: objective 2.800000e+12
Presolve removed 250 rows and 0 columns
Presolve time: 0.01s
Presolved: 283 rows, 1420 columns, 5559 nonzeros
Variable types: 0 continuous, 1420 integer (1420 binary)
Found heuristic solution: objective 2.750000e+12

Root relaxation: objective 1.092000e+03, 1489 iterations, 0.04 seconds (0.07 work units)

    Nodes    |    Current Node    |     Objective Bounds      |     Work
 Expl Unexpl |  Obj  Depth IntInf | Incumbent    BestBd   Gap | It/Node Time

     0     0 1092.00000    0  225 2.7500e+12 1092.00000   100%     -    0s
H    0     0                    3.600000e+11 1092.00000   100%     -    0s
H    0     0                    3.000000e+11 1092.00000   100%     -    0s
H    0     0                    1.800000e+11 1092.00000   100%     -    0s
H    0     0                    1.600000e+11 1092.00000   100%     -    0s
H    0     0                    1.500000e+11 1092.86907   100%     -    0s
     0     0 1092.86907    0  248 1.5000e+11 1092.86907   100%     -    0s
H    0     0                    1.300000e+11 1092.86907   100%     -    0s
     0     0 1093.83653    0  234 1.3000e+11 1093.83653   100%     -    0s
     0     0 1093.83653    0  234 1.3000e+11 1093.83653   100%     -    0s
     0     2 1093.83954    0  234 1.3000e+11 1093.83954   100%     -    0s
H   32    40                    1.000000e+11 1097.17370   100%  94.4    0s
H   78    92                    9.000000e+10 1099.68789   100%  81.3    0s
H  122   132                    9.000000e+10 1099.83180   100%  85.0    0s
H  166   172                    8.000000e+10 1099.83180   100%  79.8    0s
H  167   172                    6.000000e+10 1099.83180   100%  80.5    0s
H  197   213                    5.999999e+10 1099.83180   100%  75.9    1s
H  199   213                    5.999999e+10 1099.83180   100%  75.7    1s
H  218   223                    5.000000e+10 1099.83180   100%  74.4    1s
H 1010   989                    4.000000e+10 1099.83180   100%  53.5    2s
H 1023   989                    4.000000e+10 1099.83180   100%  53.1    2s
H 1826  1581                    3.999999e+10 1099.84600   100%  53.0    4s
  2158  1796 2.0036e+10   62  174 4.0000e+10 1099.84600   100%  53.1    5s
H 2414  1833                    3.999998e+10 1099.84600   100%  52.9    5s
  5210  3421 1.3052e+09   35  232 4.0000e+10 1100.62185   100%  57.7   10s
H 6694  4417                    3.999998e+10 1101.64376   100%  59.2   12s
H 6696  4417                    3.999998e+10 1101.64376   100%  59.2   12s
H 6698  4081                    3.000000e+10 1101.64376   100%  59.2   12s
  9201  6420 7.3218e+09   85  218 3.0000e+10 1103.47034   100%  59.7   15s
H 9561  6639                    3.000000e+10 1104.25691   100%  59.8   15s
H 9984  6207                    2.000000e+10 1104.25691   100%  59.8   15s
H10349  6534                    2.000000e+10 1105.15737   100%  59.6   16s
H11344  7138                    2.000000e+10 1105.25322   100%  59.4   19s
 11415  7283 4.1147e+09   43  222 2.0000e+10 1105.25322   100%  59.4   20s
H12510  8269                    2.000000e+10 1105.55932   100%  59.0   21s
H12651  8269                    1.999999e+10 1105.55932   100%  59.1   21s
 15809 11419 1.2289e+10   59  215 2.0000e+10 1107.22540   100%  58.6   25s
*16973  9419              97    1.000000e+10 1107.45147   100%  58.5   26s
 22160 13456 1144.94494   32  232 1.0000e+10 1109.40136   100%  61.3   30s
 27840 17506 1158.21060   32  214 1.0000e+10 1111.12560   100%  63.1   35s
 29830 18422 1161.05498   39  234 1.0000e+10 1111.64779   100%  63.3   42s
 29846 18433 1.3956e+09   47  278 1.0000e+10 1111.64779   100%  63.3   45s
 30767 18867 1118.80472   37  231 1.0000e+10 1111.64779   100%  63.8   50s
 32414 19610 9.3833e+08   58  210 1.0000e+10 1111.64779   100%  64.5   55s
 36411 21467 3.2589e+09   50  225 1.0000e+10 1111.64779   100%  66.1   60s
 40724 23339 1.7941e+09   49  230 1.0000e+10 1111.64779   100%  67.4   65s
 44679 24799 1182.77023   43  224 1.0000e+10 1112.54722   100%  68.7   70s
 50220 27170 4.1285e+09   64  191 1.0000e+10 1114.00850   100%  70.1   75s
 56704 29499 1199.88235   47  174 1.0000e+10 1115.62775   100%  71.0   80s
 62533 31708 infeasible   71      1.0000e+10 1116.70159   100%  71.6   85s
 70356 34757 1153.30830   41  196 1.0000e+10 1117.98184   100%  72.3   90s
 75915 37047 5.7803e+09   79  218 1.0000e+10 1118.64014   100%  72.5   95s
 83411 39221 2.5112e+09   51  221 1.0000e+10 1119.48075   100%  72.9  102s
 86559 41194 1173.70563   41  209 1.0000e+10 1119.82600   100%  73.1  105s
 94256 46324     cutoff   53      1.0000e+10 1120.71115   100%  73.2  110s
 102172 51901     cutoff   54      1.0000e+10 1121.40161   100%  73.4  115s
 109995 58073 1.2148e+09   44  225 1.0000e+10 1122.05198   100%  73.3  120s
 118403 64000 infeasible   82      1.0000e+10 1122.57070   100%  73.5  125s
 128975 71062 6.4416e+08   53  216 1.0000e+10 1123.27597   100%  73.6  130s
 137866 77785 7.2820e+08   51  221 1.0000e+10 1123.86201   100%  73.6  135s
 145005 82491 1152.35637   43  224 1.0000e+10 1124.29880   100%  73.9  140s
 154323 88516 1157.56256   48  207 1.0000e+10 1124.82315   100%  73.9  146s
 160318 93250 5.6250e+09   64  177 1.0000e+10 1125.18983   100%  73.9  150s
 169011 98972 4.2596e+09   72  160 1.0000e+10 1125.67384   100%  74.1  155s
 176478 103845 3.7992e+08   52  213 1.0000e+10 1126.05262   100%  74.5  160s
 178608 109989 1.4940e+09   49  214 1.0000e+10 1126.14299   100%  74.4  165s
 189714 112723 1153.89632   38  207 1.0000e+10 1126.65471   100%  74.7  170s
 199233 119079 1152.64381   41  199 1.0000e+10 1127.04468   100%  74.7  175s
 207968 125234 1141.47694   45  222 1.0000e+10 1127.39328   100%  74.8  180s
*209045 54404              56    1196.0000000 1127.45072  5.73%  74.8  180s
H210456 52766                    1192.0000000 1127.51527  5.41%  74.8  181s
 219480 55808 1148.40654   42  200 1192.00000 1128.19183  5.35%  74.3  185s
 224665 57207 1176.86825   59  209 1192.00000 1128.51458  5.33%  74.0  190s
 229962 58550 1139.59368   53  208 1192.00000 1128.51458  5.33%  73.6  195s
 242420 60019 1180.72482   62  192 1192.00000 1128.51458  5.33%  72.6  200s
 253649 60859 1151.52263   54  204 1192.00000 1128.51458  5.33%  71.7  205s
 266667 61354 1150.85460   50  226 1192.00000 1128.51458  5.33%  70.8  210s
 280222 61566 1183.94435   50  211 1192.00000 1128.51458  5.33%  69.9  215s
 292381 61319 1152.73781   51  218 1192.00000 1128.51458  5.33%  69.1  220s
 306150 60688 1152.00747   54  217 1192.00000 1128.97788  5.29%  68.3  225s
 319872 59793 1165.73896   49  183 1192.00000 1130.30767  5.18%  67.6  230s
 331129 59118 1149.19524   54  219 1192.00000 1131.24440  5.10%  67.0  235s
 345148 58185 1148.27662   47  224 1192.00000 1132.44617  5.00%  66.3  240s
*347431 49001              60    1170.0000000 1132.61039  3.20%  66.2  240s
H347846 43546                    1166.0000000 1132.66315  2.86%  66.2  241s
 361296 40417 1138.61656   51  228 1166.00000 1134.04459  2.74%  65.5  245s
 376896 36454     cutoff   59      1166.00000 1135.46073  2.62%  64.7  250s
 393604 36876 1158.33573   54  196 1166.00000 1136.85666  2.50%  63.8  255s
 409541 37477 1143.19477   54  213 1166.00000 1138.13865  2.39%  63.1  260s
 426565 37535     cutoff   53      1166.00000 1139.54752  2.27%  62.3  265s
 443056 37225     cutoff   51      1166.00000 1140.82661  2.16%  61.6  270s
 457650 36636 1156.96802   57  213 1166.00000 1141.92503  2.06%  61.1  275s
 472260 35600     cutoff   53      1166.00000 1143.04499  1.97%  60.6  280s
 487465 34202 1164.86943   59  187 1166.00000 1144.22685  1.87%  60.2  285s
 501535 32453 1158.98867   58  220 1166.00000 1145.39400  1.77%  59.8  290s
 516488 30122     cutoff   60      1166.00000 1146.66102  1.66%  59.4  295s
 530327 27475 infeasible   58      1166.00000 1147.94698  1.55%  59.0  300s
 545085 24040     cutoff   55      1166.00000 1149.46174  1.42%  58.6  305s
 559390 19754 1156.08376   55  211 1166.00000 1151.27925  1.26%  58.2  310s
 574122 14137     cutoff   57      1166.00000 1153.78649  1.05%  57.8  315s
 591797  2885     cutoff   54      1166.00000 1160.98284  0.43%  57.1  320s

Cutting planes:
  Gomory: 7
  Clique: 3
  Zero half: 11

Explored 595977 nodes (33854214 simplex iterations) in 320.67 seconds (610.12 work units)
Thread count was 8 (of 8 available processors)

Solution count 10: 1166 1170 1192 ... 2e+10

Optimal solution found (tolerance 1.00e-04)
Best objective 1.166000000000e+03, best bound 1.166000000000e+03, gap 0.0000%

Gurobi 11.0.1 (mac64[arm]) logging started Sat Feb  8 11:26:11 2025

Set parameter LogFile to value "logs_new/salida_modelo_caminos_280_567.log"
Set parameter TimeLimit to value 7200
Gurobi Optimizer version 11.0.1 build v11.0.1rc0 (mac64[arm] - Darwin 24.3.0 24D60)

CPU model: Apple M2
Thread count: 8 physical cores, 8 logical processors, using up to 8 threads

Optimize a model with 533 rows, 1462 columns and 5906 nonzeros
Coefficient statistics:
  Matrix range     [1e+00, 1e+00]
  Objective range  [2e+00, 1e+10]
  Bounds range     [0e+00, 0e+00]
  RHS range        [1e+00, 2e+02]
Warning: Model contains large objective coefficients
         Consider reformulating model or setting NumericFocus parameter
         to avoid numerical issues.

Solved in 0 iterations and 0.00 seconds (0.00 work units)
Optimal objective  1.092000000e+03
Gurobi Optimizer version 11.0.1 build v11.0.1rc0 (mac64[arm] - Darwin 24.3.0 24D60)

CPU model: Apple M2
Thread count: 8 physical cores, 8 logical processors, using up to 8 threads

Optimize a model with 533 rows, 1462 columns and 5906 nonzeros
Model fingerprint: 0x783a1e6a
Variable types: 0 continuous, 1462 integer (1462 binary)
Coefficient statistics:
  Matrix range     [1e+00, 1e+00]
  Objective range  [2e+00, 1e+10]
  Bounds range     [0e+00, 0e+00]
  RHS range        [1e+00, 2e+02]
Warning: Model contains large objective coefficients
         Consider reformulating model or setting NumericFocus parameter
         to avoid numerical issues.
Found heuristic solution: objective 2.800000e+12
Presolve removed 250 rows and 0 columns
Presolve time: 0.01s
Presolved: 283 rows, 1462 columns, 5709 nonzeros
Variable types: 0 continuous, 1462 integer (1462 binary)
Found heuristic solution: objective 2.730000e+12

Root relaxation: objective 1.092000e+03, 1479 iterations, 0.04 seconds (0.07 work units)

    Nodes    |    Current Node    |     Objective Bounds      |     Work
 Expl Unexpl |  Obj  Depth IntInf | Incumbent    BestBd   Gap | It/Node Time

     0     0 1092.00000    0  228 2.7300e+12 1092.00000   100%     -    0s
H    0     0                    4.600000e+11 1092.00000   100%     -    0s
H    0     0                    3.400000e+11 1092.00000   100%     -    0s
H    0     0                    2.300000e+11 1092.00000   100%     -    0s
H    0     0                    1.600000e+11 1092.00000   100%     -    0s
H    0     0                    1.400000e+11 1092.00000   100%     -    0s
     0     0 1093.27151    0  244 1.4000e+11 1093.27151   100%     -    0s
     0     0 1093.27169    0  242 1.4000e+11 1093.27169   100%     -    0s
H    0     0                    1.200000e+11 1093.85101   100%     -    0s
     0     0 1093.91241    0  248 1.2000e+11 1093.91241   100%     -    0s
H    0     0                    1.100000e+11 1093.91241   100%     -    0s
     0     0 1094.21518    0  260 1.1000e+11 1094.21518   100%     -    0s
     0     0 1094.21518    0  260 1.1000e+11 1094.21518   100%     -    0s
     0     0 1094.21518    0  269 1.1000e+11 1094.21518   100%     -    0s
     0     0 1094.21518    0  272 1.1000e+11 1094.21518   100%     -    0s
     0     0 1094.21561    0  275 1.1000e+11 1094.21561   100%     -    0s
     0     0 1094.33425    0  270 1.1000e+11 1094.33425   100%     -    0s
     0     0 1094.34097    0  267 1.1000e+11 1094.34097   100%     -    0s
     0     0 1094.36636    0  267 1.1000e+11 1094.36636   100%     -    0s
     0     0 1094.36660    0  269 1.1000e+11 1094.36660   100%     -    0s
     0     0 1094.40296    0  264 1.1000e+11 1094.40296   100%     -    0s
     0     0 1094.40347    0  265 1.1000e+11 1094.40347   100%     -    0s
     0     0 1094.40651    0  261 1.1000e+11 1094.40651   100%     -    0s
     0     0 1094.42440    0  261 1.1000e+11 1094.42440   100%     -    0s
H    0     0                    7.000000e+10 1094.42939   100%     -    0s
     0     2 1094.42984    0  261 7.0000e+10 1094.42984   100%     -    0s
H   36    40                    7.000000e+10 1095.80806   100%  95.8    0s
H   76    80                    6.000000e+10 1096.56244   100%  91.9    0s
H  109   118                    5.000000e+10 1096.56244   100%  87.1    0s
H  141   150                    5.000000e+10 1096.56244   100%  83.2    0s
H  143   150                    4.000000e+10 1096.56244   100%  82.2    0s
H 1492  1305                    2.000000e+10 1097.09647   100%  56.5    2s
H 1836  1494                    2.000000e+10 1097.09647   100%  59.2    5s
  5905  3666 6.6384e+09   70  202 2.0000e+10 1099.20466   100%  65.3   11s
H 5947  3156                    1.000000e+10 1099.20466   100%  65.2   11s
  9524  6329 1119.73632   27  221 1.0000e+10 1100.99651   100%  66.3   15s
 14698 10612 infeasible   71      1.0000e+10 1102.15523   100%  65.7   20s
 19954 14696 1114.72241   29  236 1.0000e+10 1103.06879   100%  66.0   25s
H22435 11321                    9.999994e+09 1103.45354   100%  66.4   28s
 24404 13657 1123.92206   29  210 1.0000e+10 1103.83076   100%  66.5   30s
 30626 16875 1189.85076   59  226 1.0000e+10 1104.82068   100%  64.0   35s
H31303 16292                    1226.0000000 1104.82068  9.88%  63.9   36s
 37698 19371 1119.33625   41  227 1226.00000 1104.82068  9.88%  60.9   40s
 44564 21590 1120.93485   38  261 1226.00000 1105.21339  9.85%  58.5   47s
 44578 21599 1120.77399   46  266 1226.00000 1105.21339  9.85%  58.4   50s
 44595 21611 1132.30831   38  290 1226.00000 1105.21339  9.85%  58.4   55s
 44612 21622 1131.99979   44  297 1226.00000 1105.94678  9.79%  58.4   60s
 46180 22326 1129.85976   41  218 1226.00000 1106.24388  9.77%  58.6   65s
 54251 25700 1157.27159   69  238 1226.00000 1106.24388  9.77%  58.4   70s
 69822 31143 1110.47083   45  220 1226.00000 1106.24388  9.77%  57.8   75s
 82335 35407     cutoff   62      1226.00000 1106.62337  9.74%  57.3   80s
 98819 40930 1140.68475   46  222 1226.00000 1107.68840  9.65%  56.9   85s
 114248 47475 1195.73287   61  204 1226.00000 1108.40625  9.59%  56.8   90s
 130859 57859 1110.94402   43  223 1226.00000 1109.02600  9.54%  56.4   95s
 146813 68498 infeasible   72      1226.00000 1109.60919  9.49%  56.1  100s
 163765 79737 1175.29266   52  212 1226.00000 1110.11299  9.45%  55.7  105s
 181355 91059 1124.79289   56  224 1226.00000 1110.51124  9.42%  55.4  110s
 198246 101435 1118.60238   57  220 1226.00000 1110.89496  9.39%  55.1  115s
 214559 112021 1179.05899   83  213 1226.00000 1111.24051  9.36%  54.9  120s
 230143 122197 1204.57959   85  230 1226.00000 1111.52435  9.34%  54.9  125s
 245331 132146 1126.43296   57  231 1226.00000 1111.78689  9.32%  54.9  130s
 259919 141285 1128.26328   51  198 1226.00000 1112.02401  9.30%  54.8  135s
 272171 149082 1168.57356   64  234 1226.00000 1112.18533  9.28%  54.8  140s
 288204 158977 1121.51631   46  217 1226.00000 1112.41710  9.26%  54.8  145s
 305760 170438 1156.82595   67  218 1226.00000 1112.64608  9.25%  54.5  150s
 322636 180493 1150.21162   50  222 1226.00000 1112.85933  9.23%  54.5  155s
 337961 190043     cutoff   61      1226.00000 1113.03673  9.21%  54.4  160s
 354374 200380 1154.87802   51  209 1226.00000 1113.21139  9.20%  54.4  165s
 369973 209783 1125.10176   52  220 1226.00000 1113.38601  9.19%  54.2  171s
 373205 212280 1165.06820   55  196 1226.00000 1113.42221  9.18%  54.3 1098s
 379323 216401 1124.71877   53  211 1226.00000 1113.48588  9.18%  54.2 1100s
 398076 227968 1214.26370   72  194 1226.00000 1113.67738  9.16%  54.1 1105s
 414645 238479 1134.08763   51  228 1226.00000 1113.86504  9.15%  54.1 1110s
 433762 250542 1149.44439   70  200 1226.00000 1114.05552  9.13%  54.0 1115s
 451413 261448     cutoff   70      1226.00000 1114.21675  9.12%  54.0 1120s
 469629 272683 1119.54643   55  235 1226.00000 1114.38077  9.10%  53.9 1125s
 485247 282604 1153.56921   61  219 1226.00000 1114.50563  9.09%  53.9 1130s
 499575 291130 1223.10528   66  206 1226.00000 1114.61796  9.08%  53.9 1135s
 514555 300292 1127.46448   56  206 1226.00000 1114.73279  9.08%  53.8 1140s
 518280 302489 1129.65451   42  236 1226.00000 1114.76716  9.07%  53.8 2067s
 523505 305571 1119.69206   56  207 1226.00000 1114.80587  9.07%  53.8 2070s
 543485 318487 1153.43886   64  232 1226.00000 1114.96245  9.06%  53.6 2075s
 559432 328595 1176.22341   76  227 1226.00000 1115.06661  9.05%  53.6 2080s
 578390 340632 1188.41984   78  226 1226.00000 1115.21491  9.04%  53.5 2085s
 596350 351827 1185.47423   56  204 1226.00000 1115.34659  9.03%  53.4 2090s
 615068 363267 1128.06798   51  211 1226.00000 1115.47116  9.02%  53.4 2095s
 631331 373105 1143.92167   59  220 1226.00000 1115.57879  9.01%  53.3 2100s
 648216 383515 1159.90833   56  207 1226.00000 1115.68982  9.00%  53.3 2105s
 662010 392115 1152.19169   63  223 1226.00000 1115.77522  8.99%  53.3 3035s
 672811 398946 1146.15467   60  199 1226.00000 1115.84146  8.99%  53.4 3040s
 690488 409377 1124.79841   55  231 1226.00000 1115.95555  8.98%  53.4 3045s
 705549 418477 1133.66325   56  194 1226.00000 1116.05276  8.97%  53.3 3050s
 724147 430081 1202.22745   66  204 1226.00000 1116.16245  8.96%  53.3 3055s
 742367 441909 1164.08070   60  215 1226.00000 1116.25650  8.95%  53.3 3060s
 759435 452486 1182.39025   77  229 1226.00000 1116.34136  8.94%  53.2 3065s
 777480 463639 1178.94763   59  223 1226.00000 1116.44169  8.94%  53.2 3070s
 795676 475176 1131.58802   60  210 1226.00000 1116.54206  8.93%  53.1 3075s
 805336 480941 1118.93561   49  231 1226.00000 1116.59849  8.92%  53.1 4004s
 807875 482711 1144.22313   67  235 1226.00000 1116.61280  8.92%  53.0 4005s
 821612 490787 1172.76623   51  207 1226.00000 1116.67865  8.92%  53.0 4010s
 841709 503047 1140.46245   59  210 1226.00000 1116.78683  8.91%  52.9 4015s
 859831 514282 1124.65574   56  227 1226.00000 1116.87553  8.90%  52.9 4020s
 879149 526365 1123.62267   53  223 1226.00000 1116.96692  8.89%  52.8 4025s
 895993 537285 1137.46324   57  204 1226.00000 1117.04177  8.89%  52.8 4030s
 914187 548048 1129.68618   63  228 1226.00000 1117.11560  8.88%  52.8 4035s
 933055 559452 1137.41782   55  228 1226.00000 1117.19954  8.87%  52.8 4040s
 948285 568832 1190.20160   74  182 1226.00000 1117.26723  8.87%  52.8 4045s
 950639 570191 1124.99335   64  222 1226.00000 1117.28056  8.87%  52.8 4971s
 960227 576482 1149.42042   50  229 1226.00000 1117.31751  8.86%  52.7 4975s
 980062 588164 1141.92963   54  216 1226.00000 1117.40078  8.86%  52.7 4980s
 998377 599587 1130.08872   57  219 1226.00000 1117.47779  8.85%  52.6 4985s
 1016615 610777     cutoff   66      1226.00000 1117.55214  8.85%  52.6 4990s
 1032121 620162 1124.38010   57  203 1226.00000 1117.62519  8.84%  52.6 4995s
 1049360 630427 1148.89121   47  227 1226.00000 1117.69611  8.83%  52.6 5000s
 1068352 641668 1219.14281   76  205 1226.00000 1117.76333  8.83%  52.5 5005s
 1085781 652317 1183.81134   74  232 1226.00000 1117.83275  8.82%  52.5 5010s
 1096451 658862 1165.29278   69  233 1226.00000 1117.87859  8.82%  52.5 5919s
 1097548 659623     cutoff   75      1226.00000 1117.88151  8.82%  52.5 5920s
 1114711 670133 1140.59293   55  224 1226.00000 1117.94949  8.81%  52.5 5925s
 1133769 681659 1140.64772   67  222 1226.00000 1118.02634  8.81%  52.4 5930s
 1149550 691113 1190.33005   73  187 1226.00000 1118.08611  8.80%  52.4 5935s
 1168591 702382 1161.57851   62  223 1226.00000 1118.15668  8.80%  52.4 5940s
 1187950 714155 1212.97019   69  199 1226.00000 1118.23209  8.79%  52.3 5945s
 1205350 724286 1129.36208   61  230 1226.00000 1118.29407  8.79%  52.3 5950s
 1222922 735102 1139.42838   55  219 1226.00000 1118.35010  8.78%  52.3 5955s
 1233660 741604 1201.85006   62  212 1226.00000 1118.38666  8.78%  52.3 5960s
 1236461 743315 1185.45554   72  206 1226.00000 1118.39621  8.78%  52.3 6887s
 1243903 747609 1155.54841   60  219 1226.00000 1118.42309  8.77%  52.3 6890s
 1262051 758670 1141.08122   67  211 1226.00000 1118.48494  8.77%  52.3 6895s
 1280753 769542 1223.86807   73  214 1226.00000 1118.54395  8.76%  52.3 6900s
 1299997 781328     cutoff   77      1226.00000 1118.60410  8.76%  52.2 6905s
 1319479 793111 1157.68559   64  194 1226.00000 1118.66837  8.75%  52.2 6910s
 1338730 804572 1142.73114   60  223 1226.00000 1118.72462  8.75%  52.2 6915s
 1357196 815594 1223.28520   77  201 1226.00000 1118.78059  8.75%  52.2 6920s
 1373992 825337 1202.59647   62  187 1226.00000 1118.83631  8.74%  52.2 6925s
 1385339 832423 1217.46927   80  210 1226.00000 1118.86781  8.74%  52.2 7115s
 1400129 841400 1171.35146   79  229 1226.00000 1118.91273  8.73%  52.1 7120s
 1410538 847301 1133.68575   57  205 1226.00000 1118.94408  8.73%  52.1 7474s

Cutting planes:
  Gomory: 1
  Clique: 5
  Flow cover: 2
  Zero half: 42

Explored 1411382 nodes (73684590 simplex iterations) in 7474.68 seconds (1060.51 work units)
Thread count was 8 (of 8 available processors)

Solution count 10: 1226 9.99999e+09 1e+10 ... 7e+10

Time limit reached
Best objective 1.226000000000e+03, best bound 1.119000000000e+03, gap 8.7276%
