
Gurobi 11.0.1 (mac64[arm]) logging started Sun Feb  9 13:36:15 2025

Set parameter LogFile to value "logs_new/salida_modelo_caminos_340_567_2.log"
Set parameter TimeLimit to value 7200
Gurobi Optimizer version 11.0.1 build v11.0.1rc0 (mac64[arm] - Darwin 24.3.0 24D60)

CPU model: Apple M2
Thread count: 8 physical cores, 8 logical processors, using up to 8 threads

Optimize a model with 593 rows, 1816 columns and 7740 nonzeros
Coefficient statistics:
  Matrix range     [1e+00, 1e+00]
  Objective range  [2e+00, 1e+10]
  Bounds range     [0e+00, 0e+00]
  RHS range        [1e+00, 2e+02]
Warning: Model contains large objective coefficients
         Consider reformulating model or setting NumericFocus parameter
         to avoid numerical issues.

Solved in 0 iterations and 0.00 seconds (0.00 work units)
Optimal objective  1.300000000e+03
Gurobi Optimizer version 11.0.1 build v11.0.1rc0 (mac64[arm] - Darwin 24.3.0 24D60)

CPU model: Apple M2
Thread count: 8 physical cores, 8 logical processors, using up to 8 threads

Optimize a model with 593 rows, 1816 columns and 7740 nonzeros
Model fingerprint: 0x554ca74c
Variable types: 0 continuous, 1816 integer (1816 binary)
Coefficient statistics:
  Matrix range     [1e+00, 1e+00]
  Objective range  [2e+00, 1e+10]
  Bounds range     [0e+00, 0e+00]
  RHS range        [1e+00, 2e+02]
Warning: Model contains large objective coefficients
         Consider reformulating model or setting NumericFocus parameter
         to avoid numerical issues.
Found heuristic solution: objective 3.400000e+12
Presolve removed 250 rows and 0 columns
Presolve time: 0.03s
Presolved: 343 rows, 1816 columns, 7342 nonzeros
Variable types: 0 continuous, 1816 integer (1816 binary)
Found heuristic solution: objective 3.350000e+12

Root relaxation: objective 1.300000e+03, 1827 iterations, 0.06 seconds (0.12 work units)

    Nodes    |    Current Node    |     Objective Bounds      |     Work
 Expl Unexpl |  Obj  Depth IntInf | Incumbent    BestBd   Gap | It/Node Time

     0     0 1300.00000    0  288 3.3500e+12 1300.00000   100%     -    0s
H    0     0                    4.500000e+11 1300.00000   100%     -    0s
H    0     0                    3.500000e+11 1300.00000   100%     -    0s
H    0     0                    3.100000e+11 1300.00000   100%     -    0s
H    0     0                    2.300000e+11 1300.00000   100%     -    0s
H    0     0                    2.200000e+11 1300.00000   100%     -    0s
H    0     0                    2.000000e+11 1300.00000   100%     -    0s
     0     0 1300.32535    0  307 2.0000e+11 1300.32535   100%     -    0s
H    0     0                    1.400000e+11 1300.67390   100%     -    0s
     0     0 1300.67431    0  316 1.4000e+11 1300.67431   100%     -    0s
     0     0 1302.00000    0  320 1.4000e+11 1302.00000   100%     -    0s
     0     0 1302.00000    0  324 1.4000e+11 1302.00000   100%     -    0s
     0     0 1302.00000    0  300 1.4000e+11 1302.00000   100%     -    0s
     0     0 1302.00000    0  292 1.4000e+11 1302.00000   100%     -    0s
     0     2 1302.00000    0  292 1.4000e+11 1302.00000   100%     -    0s
H   71    79                    1.200000e+11 1302.09186   100%   113    0s
H   72    79                    1.100000e+11 1302.12947   100%   112    0s
H  185   192                    1.000000e+11 1302.54704   100%   106    2s
H  188   192                    1.000000e+11 1302.54704   100%   105    2s
  2204  2213 2.9209e+10   66  249 1.0000e+11 1302.56186   100%  82.4    5s
  2701  2540 1425.77287   47  264 1.0000e+11 1302.56186   100%  85.1   10s
  4013  3352 1.8470e+09   45  272 1.0000e+11 1302.56186   100%  81.9  729s
  4213  3466 1.1217e+10   56  259 1.0000e+11 1302.56186   100%  81.5  730s
  7010  5019 7.1114e+10   95  278 1.0000e+11 1303.03064   100%  77.7  735s
H 7013  4828                    9.000000e+10 1303.03064   100%  77.7  735s
H 7014  4718                    9.000000e+10 1303.03064   100%  77.7  735s
  8743  6102 4.2014e+10  121  239 9.0000e+10 1303.60113   100%  75.9  740s
 13574 10435 1.2413e+10  107  281 9.0000e+10 1305.79826   100%  74.6  745s
H15499 11671                    9.000000e+10 1305.79826   100%  73.4  748s
H15501 10794                    7.000000e+10 1305.79826   100%  73.4  748s
 17891 13334 2.3318e+10  123  272 7.0000e+10 1306.50899   100%  72.5  750s
 23106 18352 5.5438e+09   65  268 7.0000e+10 1307.59745   100%  72.2  755s
 27790 21864 1.5310e+10   91  267 7.0000e+10 1307.93490   100%  71.9  760s
H27791 19611                    5.000000e+10 1307.93490   100%  71.9  760s
 29426 20731 1.5050e+10   75  292 5.0000e+10 1307.93490   100%  71.1 1697s
 29431 20734 1.0000e+10   62  308 5.0000e+10 1307.93490   100%  71.1 1700s
H29620 19832                    5.000000e+10 1307.93490   100%  71.5 1704s
H29629 18852                    5.000000e+10 1307.93490   100%  71.5 1704s
H29631 17916                    4.999999e+10 1307.93490   100%  71.5 1704s
H29635 17025                    4.999999e+10 1307.93490   100%  71.6 1704s
H29636 16180                    4.999999e+10 1307.93490   100%  71.6 1704s
 29654 16199 1340.72708   40  288 5.0000e+10 1307.93490   100%  71.6 1707s
 30260 16539 4.2835e+10   87  236 5.0000e+10 1307.93490   100%  72.1 1711s
 31857 17529 1346.78512   56  277 5.0000e+10 1307.93490   100%  73.2 1715s
 34380 18942 1.8308e+10   89  234 5.0000e+10 1307.93490   100%  74.6 1720s
 36030 19691 1380.53828   46  278 5.0000e+10 1307.93490   100%  75.4 1725s
 37389 20466 infeasible   90      5.0000e+10 1307.93490   100%  75.8 1730s
H38012 19940                    4.999999e+10 1307.93490   100%  76.1 1731s
 40126 21439 3.2179e+09   61  268 5.0000e+10 1307.93490   100%  76.6 1735s
 43352 22869     cutoff  112      5.0000e+10 1307.93490   100%  77.5 1740s
 44497 24343 7.5905e+09   75  279 5.0000e+10 1307.93490   100%  77.7 2659s
 46244 25055 1.8302e+10  107  274 5.0000e+10 1307.93490   100%  77.8 2660s
 48949 25990 4.8446e+07   46  246 5.0000e+10 1307.93490   100%  77.7 2666s
 51660 27219 6.0456e+09   73  279 5.0000e+10 1307.93490   100%  77.4 2671s
 55673 29819 1358.89559   44  279 5.0000e+10 1308.41050   100%  77.4 2675s
 64058 33839 2.5280e+10  117  258 5.0000e+10 1309.17820   100%  76.5 2682s
 66924 35449 1401.28998   48  283 5.0000e+10 1309.35401   100%  76.3 2685s
 74902 40551 infeasible  132      5.0000e+10 1310.02643   100%  76.0 2690s
 80146 44519 1342.13159   42  292 5.0000e+10 1310.34993   100%  76.1 2695s
 86951 50763 1383.71310   62  282 5.0000e+10 1310.79323   100%  75.7 2700s
 93073 55257 1.3286e+10  125  268 5.0000e+10 1311.00346   100%  74.8 2708s
 94330 57029 1.8406e+10  123  268 5.0000e+10 1311.16799   100%  74.7 2710s
 99196 61358 5.3989e+09   82  287 5.0000e+10 1311.38462   100%  74.2 2715s
 111470 71958 2.3788e+09   75  288 5.0000e+10 1311.85991   100%  72.4 2721s
 114152 74160 5.6479e+09   84  285 5.0000e+10 1311.98104   100%  72.4 2725s
 123593 82561 3.9594e+10  166  279 5.0000e+10 1312.31910   100%  71.5 2730s
 134412 92002 1.4089e+10   80  249 5.0000e+10 1312.67577   100%  69.8 2736s
 144246 100995 1.4583e+10  113  282 5.0000e+10 1312.94913   100%  69.2 2741s
 152503 107959 2.6966e+09   80  278 5.0000e+10 1313.23831   100%  68.4 2745s
 156504 111649 1328.30610   42  293 5.0000e+10 1313.37295   100%  68.1 2750s
 167452 120369 6.2670e+09   87  262 5.0000e+10 1313.68251   100%  67.2 2756s
 172547 124828 1342.47217   45  276 5.0000e+10 1313.84647   100%  66.8 2762s
 179224 131343 1384.60794   57  283 5.0000e+10 1314.02529   100%  66.2 2766s
 189505 140335 1382.33830   48  301 5.0000e+10 1314.24089   100%  65.1 2770s
 194361 148399 2.8087e+09   68  291 5.0000e+10 1314.36608   100%  64.7 2776s
 208110 156085 1320.20983   36  304 5.0000e+10 1314.63101   100%  63.6 2781s
 218057 165487 1376.89602   48  284 5.0000e+10 1314.87042   100%  62.7 2785s
 227498 174057 1390.69687   52  277 5.0000e+10 1315.04043   100%  62.1 2790s
 237520 182800 3.4114e+09   74  285 5.0000e+10 1315.20151   100%  61.5 2795s
H240544 175271                    4.000000e+10 1315.22642   100%  61.3 2799s
 241044 176430 1.5944e+10   96  279 4.0000e+10 1315.23180   100%  61.2 2800s
H242258 157844                    3.000000e+10 1315.27845   100%  61.2 2801s
 249330 164436 2.7350e+08   54  288 3.0000e+10 1315.43199   100%  60.8 2805s
 258552 172613 4.2807e+07   62  279 3.0000e+10 1315.66392   100%  60.5 2810s
 266413 178829 2.5486e+10  143  270 3.0000e+10 1315.83934   100%  60.3 2815s
 275905 186972 2.0856e+10   58  286 3.0000e+10 1316.02344   100%  59.9 2820s
 283599 195712 1332.73753   41  302 3.0000e+10 1316.12045   100%  59.4 2825s
 294521 202777 1341.26342   39  292 3.0000e+10 1316.33001   100%  59.2 2830s
 302628 209517 2.5640e+09   65  274 3.0000e+10 1316.45905   100%  58.9 2835s
H310400 215423                    3.000000e+10 1316.57029   100%  58.5 2841s
H314234 219885                    2.999999e+10 1316.65627   100%  58.4 2844s
H314637 219883                    2.999999e+10 1316.65766   100%  58.3 2844s
 315542 221120 1.4155e+09   70  283 3.0000e+10 1316.67861   100%  58.3 2845s
H325129 228000                    2.999999e+10 1316.82182   100%  58.0 2849s
 325820 228980 2.0994e+10  154  291 3.0000e+10 1316.82755   100%  58.1 2850s
 337291 239054 1389.52925   62  286 3.0000e+10 1317.02313   100%  57.8 2856s
 345342 245991 1364.55184   52  288 3.0000e+10 1317.12510   100%  57.6 2860s
 353663 252039 1.0448e+10   62  260 3.0000e+10 1317.25502   100%  57.4 2865s
 359861 259751 9.9065e+09   92  297 3.0000e+10 1317.32886   100%  57.2 2870s
 365898 262565 1422.03722   71  295 3.0000e+10 1317.39148   100%  57.2 2875s
 374273 270875 2.4185e+10  127  259 3.0000e+10 1317.49646   100%  56.9 2880s
 386132 280677 1.5590e+10  107  288 3.0000e+10 1317.66515   100%  56.5 2885s
 391499 285580 4.2835e+08   63  278 3.0000e+10 1317.74935   100%  56.4 2890s
 398303 290666 2.7686e+10   80  256 3.0000e+10 1317.82110   100%  56.2 2895s
 402785 294715 2.9276e+09   90  287 3.0000e+10 1317.88567   100%  56.2 2900s
 415474 305956 3.3268e+09  119  287 3.0000e+10 1318.03674   100%  55.8 2905s
 425870 313998 5.5858e+09  138  293 3.0000e+10 1318.16267   100%  55.6 2911s
 436644 323437 1.2682e+10   49  278 3.0000e+10 1318.28322   100%  55.5 2915s
 440007 325807 1453.14538   56  277 3.0000e+10 1318.31023   100%  55.4 2921s
 446159 332074 1410.36756   51  290 3.0000e+10 1318.38243   100%  55.3 2925s
 457128 341102 2.1346e+09   93  271 3.0000e+10 1318.50747   100%  55.0 2930s
 468932 350560     cutoff  124      3.0000e+10 1318.63603   100%  54.8 2938s
 474044 355823 1364.52144   51  292 3.0000e+10 1318.68702   100%  54.7 2940s
 485646 365324 5.0841e+09   53  268 3.0000e+10 1318.81045   100%  54.5 2945s
 497234 375441 1.0000e+10   49  274 3.0000e+10 1318.93727   100%  54.3 3933s
 503499 381139 4.5012e+08   63  295 3.0000e+10 1318.99910   100%  54.2 3935s
 506112 382493 1387.57204   45  293 3.0000e+10 1319.03156   100%  54.1 3940s
 513471 388835     cutoff  125      3.0000e+10 1319.08013   100%  54.0 3945s
 528448 402042 1332.92963   34  285 3.0000e+10 1319.21318   100%  53.7 3950s
 539244 410724 1343.44167   43  268 3.0000e+10 1319.31414   100%  53.6 3956s
 550463 420988 1.3854e+10  121  268 3.0000e+10 1319.43990   100%  53.4 3960s
 561993 431010 1411.15855   65  282 3.0000e+10 1319.53168   100%  53.3 3965s
 565284 433857 2.0506e+10  108  250 3.0000e+10 1319.56503   100%  53.2 3970s
 575650 442178 1377.36721   70  290 3.0000e+10 1319.65551   100%  53.0 4389s
 575658 442684 1386.05478   71  293 3.0000e+10 1319.65551   100%  53.0 4390s
 587805 453520 1353.51711   49  288 3.0000e+10 1319.75287   100%  52.9 4395s
 600254 463143 1390.57786   58  271 3.0000e+10 1319.86035   100%  52.8 4400s
 612995 475388 1399.77223   50  285 3.0000e+10 1319.97143   100%  52.5 4405s
 623020 483240 5.2849e+09   71  270 3.0000e+10 1320.04981   100%  52.5 4410s
 629980 489271 1380.67870   60  282 3.0000e+10 1320.10513   100%  52.4 4415s
 641871 499646 2.1222e+10  120  272 3.0000e+10 1320.19731   100%  52.3 4420s
 646431 502654 1326.34129   35  289 3.0000e+10 1320.24200   100%  52.2 4425s
 655714 510655 2.9407e+09   70  231 3.0000e+10 1320.30761   100%  52.1 4430s
 655815 511667 9.7065e+09   91  222 3.0000e+10 1320.30768   100%  52.1 5338s
 659215 514424 6.2446e+09   86  250 3.0000e+10 1320.33411   100%  52.1 5340s
 669083 522559 2.1093e+09   72  282 3.0000e+10 1320.40034   100%  52.0 5345s
 681191 533246 1372.93955   56  283 3.0000e+10 1320.50050   100%  51.9 5350s
 689874 540469 8.6289e+08   55  282 3.0000e+10 1320.56361   100%  51.9 5355s
 696984 546660 1326.83069   38  293 3.0000e+10 1320.61089   100%  51.8 5360s
 708609 556174 2.7466e+10   89  278 3.0000e+10 1320.69769   100%  51.7 5365s
 720298 566138 3.8779e+09   61  254 3.0000e+10 1320.76520   100%  51.7 5370s
 729205 573739 8.0519e+08   62  281 3.0000e+10 1320.82040   100%  51.6 5375s
 737608 580422 2.1898e+10  116  298 3.0000e+10 1320.87870   100%  51.5 6305s
H737716 580422                    2.999998e+10 1320.87870   100%  51.5 6305s
H737934 580517                    2.999998e+10 1320.89273   100%  51.5 6306s
 746215 588514 5.2512e+09   80  276 3.0000e+10 1320.94212   100%  51.5 6310s
 758656 599271 1329.77788   48  300 3.0000e+10 1321.02507   100%  51.4 6315s
 770846 608917 1350.44040   46  300 3.0000e+10 1321.09790   100%  51.3 6320s
 780874 617875 1368.85456   51  273 3.0000e+10 1321.17371   100%  51.2 6325s
 794045 629142 4.9877e+09   89  256 3.0000e+10 1321.25748   100%  51.1 6330s
 796610 631486 1.0956e+09   54  284 3.0000e+10 1321.27067   100%  51.1 6335s
 810756 643645 6.8567e+08   80  281 3.0000e+10 1321.35371   100%  51.0 6340s
 822119 653185 1.9650e+10  113  262 3.0000e+10 1321.40292   100%  50.9 6345s
 824111 654874 1439.99918   75  282 3.0000e+10 1321.41792   100%  50.9 7271s

Cutting planes:
  Gomory: 1
  Cover: 13
  Clique: 16
  Inf proof: 1
  Zero half: 2

Explored 824901 nodes (41972354 simplex iterations) in 7271.68 seconds (1328.70 work units)
Thread count was 8 (of 8 available processors)

Solution count 10: 3e+10 3e+10 3e+10 ... 9e+10

Time limit reached
Best objective 3.000000143000e+10, best bound 1.321419628292e+03, gap 100.0000%
