
Gurobi 11.0.1 (mac64[arm]) logging started Mon Feb 10 22:05:08 2025

Set parameter LogFile to value "logs_new/salida_modelo_caminos_320_567_25.log"
Set parameter TimeLimit to value 7200
Gurobi Optimizer version 11.0.1 build v11.0.1rc0 (mac64[arm] - Darwin 24.3.0 24D60)

CPU model: Apple M2
Thread count: 8 physical cores, 8 logical processors, using up to 8 threads

Optimize a model with 573 rows, 1732 columns and 7072 nonzeros
Coefficient statistics:
  Matrix range     [1e+00, 1e+00]
  Objective range  [2e+00, 1e+10]
  Bounds range     [0e+00, 0e+00]
  RHS range        [1e+00, 2e+02]
Warning: Model contains large objective coefficients
         Consider reformulating model or setting NumericFocus parameter
         to avoid numerical issues.

Solved in 0 iterations and 0.00 seconds (0.00 work units)
Optimal objective  1.222000000e+03
Gurobi Optimizer version 11.0.1 build v11.0.1rc0 (mac64[arm] - Darwin 24.3.0 24D60)

CPU model: Apple M2
Thread count: 8 physical cores, 8 logical processors, using up to 8 threads

Optimize a model with 573 rows, 1732 columns and 7072 nonzeros
Model fingerprint: 0x77af3fbc
Variable types: 0 continuous, 1732 integer (1732 binary)
Coefficient statistics:
  Matrix range     [1e+00, 1e+00]
  Objective range  [2e+00, 1e+10]
  Bounds range     [0e+00, 0e+00]
  RHS range        [1e+00, 2e+02]
Warning: Model contains large objective coefficients
         Consider reformulating model or setting NumericFocus parameter
         to avoid numerical issues.
Found heuristic solution: objective 3.200000e+12
Presolve removed 250 rows and 0 columns
Presolve time: 0.01s
Presolved: 323 rows, 1732 columns, 6905 nonzeros
Variable types: 0 continuous, 1732 integer (1732 binary)
Found heuristic solution: objective 3.120000e+12

Root relaxation: objective 1.222000e+03, 1892 iterations, 0.08 seconds (0.12 work units)

    Nodes    |    Current Node    |     Objective Bounds      |     Work
 Expl Unexpl |  Obj  Depth IntInf | Incumbent    BestBd   Gap | It/Node Time

     0     0 1222.00000    0  266 3.1200e+12 1222.00000   100%     -    0s
H    0     0                    2.800000e+11 1222.00000   100%     -    0s
H    0     0                    1.900000e+11 1222.00000   100%     -    0s
H    0     0                    1.800000e+11 1222.00000   100%     -    0s
     0     0 1222.00000    0  278 1.8000e+11 1222.00000   100%     -    0s
H    0     0                    1.700000e+11 1222.00000   100%     -    0s
H    0     0                    1.500000e+11 1222.00000   100%     -    0s
     0     0 1222.00000    0  280 1.5000e+11 1222.00000   100%     -    0s
     0     0 1222.40787    0  278 1.5000e+11 1222.40787   100%     -    0s
     0     0 1222.40787    0  286 1.5000e+11 1222.40787   100%     -    0s
     0     0 1222.40787    0  277 1.5000e+11 1222.40787   100%     -    0s
     0     2 1222.40787    0  277 1.5000e+11 1222.40787   100%     -    0s
H   33    40                    1.300000e+11 1222.96631   100%   103    0s
H   77    84                    1.300000e+11 1223.36903   100%   103    0s
H   80    84                    1.300000e+11 1223.36903   100%   103    0s
H  110   118                    9.000000e+10 1224.20111   100%  94.5    0s
H  115   118                    9.000000e+10 1224.23329   100%  92.3    0s
H  154   163                    9.000000e+10 1224.23922   100%  95.6    1s
H  160   163                    7.000000e+10 1224.23922   100%  94.6    1s
H  197   202                    6.000000e+10 1224.23922   100%  93.0    1s
H  979   987                    5.999999e+10 1224.23922   100%  84.9    2s
H  983   987                    5.999999e+10 1224.23922   100%  84.8    2s
H 2022  1840                    5.999998e+10 1224.25500   100%  81.0    4s
  2050  1866 1235.68701   23  278 6.0000e+10 1224.25500   100%  81.0    5s
H 2090  1797                    5.000000e+10 1224.25500   100%  80.7    5s
H 2184  1778                    5.000000e+10 1224.25500   100%  80.5    6s
H 3474  2442                    4.999999e+10 1224.25500   100%  77.3    8s
H 3477  2364                    4.999998e+10 1224.25500   100%  77.3    8s
  3975  2652 1226.58705   16  276 5.0000e+10 1224.25500   100%  77.1   10s
  7112  4617 1.8635e+10  103  226 5.0000e+10 1226.32104   100%  74.6   15s
H 7137  4625                    4.999998e+10 1226.32104   100%  74.6   16s
  9462  6695 4.4977e+10  102  208 5.0000e+10 1229.38591   100%  75.3   20s
 11092  8488 1.1367e+10   94  220 5.0000e+10 1229.44128   100%  75.0   25s
 14514 11609 4.9511e+08   55  258 5.0000e+10 1230.88014   100%  76.2   30s
 18169 14475 1276.52156   36  275 5.0000e+10 1231.75718   100%  74.9   36s
H20007 15157                    4.000000e+10 1231.93111   100%  74.9   39s
 20072 15149 2.5641e+10  124  229 4.0000e+10 1231.93111   100%  75.0   40s
 22944 18431 1280.72645   33  251 4.0000e+10 1232.69126   100%  74.1   45s
H24318 17616                    3.000000e+10 1232.86417   100%  74.0   46s
 27948 21140 1244.91973   25  283 3.0000e+10 1233.39027   100%  72.7   50s
 29021 21141 2.4369e+10   82  277 3.0000e+10 1233.48086   100%  72.1   59s
 29024 21143 1240.32341   21  301 3.0000e+10 1233.48086   100%  72.1   60s
 30664 22094 1250.76535   37  264 3.0000e+10 1233.48086   100%  72.8   65s
H31175 21232                    2.999999e+10 1233.48086   100%  73.0   66s
H31963 20624                    2.999998e+10 1233.48086   100%  73.4   68s
H31965 19670                    2.999998e+10 1233.48086   100%  73.4   68s
H32001 18772                    2.999998e+10 1233.48086   100%  73.4   69s
 32398 19091 8.1338e+09   48  231 3.0000e+10 1233.48086   100%  73.5   70s
 35695 20822 1.7428e+10   65  254 3.0000e+10 1233.48086   100%  74.4   75s
H35767 19937                    2.999997e+10 1233.48086   100%  74.5   75s
 38165 21287 1.7657e+10  119  196 3.0000e+10 1233.48086   100%  74.7   80s
 40247 22591 1272.57585   47  269 3.0000e+10 1233.48086   100%  74.3   85s
 43578 24685 2.3505e+10  110  234 3.0000e+10 1233.48086   100%  74.2   90s
H46588 24685                    2.999997e+10 1233.48086   100%  74.1   94s
 46602 25354 1.0947e+10   71  250 3.0000e+10 1233.48086   100%  74.1   95s
 50337 27232 9.5301e+08   48  248 3.0000e+10 1233.48086   100%  74.5  100s
 53796 28525 3.5342e+09   56  258 3.0000e+10 1233.48086   100%  75.2  105s
 58520 31362 infeasible   94      3.0000e+10 1233.62970   100%  74.8  111s
 61045 32584 1.1962e+10   79  232 3.0000e+10 1233.82167   100%  74.6  115s
 66371 35578 1.1565e+10   78  232 3.0000e+10 1234.40247   100%  74.0  120s
 72280 38895 4.9375e+09   73  256 3.0000e+10 1234.98920   100%  73.3  125s
 78092 42713 1.6661e+10   83  219 3.0000e+10 1235.41011   100%  72.8  130s
 83233 46990 infeasible  113      3.0000e+10 1235.65354   100%  72.6  135s
 90786 52632 1280.08704   47  239 3.0000e+10 1236.07892   100%  72.5  140s
 99313 60634 1.7339e+09   48  254 3.0000e+10 1236.43931   100%  71.9  145s
 107327 66399 4.8295e+09   83  253 3.0000e+10 1236.81196   100%  71.3  150s
 115908 74613 1305.56491   39  258 3.0000e+10 1237.17998   100%  70.8  155s
 125518 82459 1257.05063   35  263 3.0000e+10 1237.56827   100%  70.2  160s
 132174 88406 3.1717e+08   55  266 3.0000e+10 1237.79486   100%  70.1  165s
 141877 96882 1.6240e+10  105  257 3.0000e+10 1238.08371   100%  69.6  170s
 151682 104693 1257.57844   40  275 3.0000e+10 1238.35521   100%  69.1  175s
 161519 113514 2.8407e+08   57  268 3.0000e+10 1238.65329   100%  68.1  180s
 163437 120755 1309.71103   52  245 3.0000e+10 1238.69248   100%  68.1  185s
 175788 125653 1262.18048   44  277 3.0000e+10 1238.99680   100%  67.5  190s
 185401 133194 2.4836e+08   57  257 3.0000e+10 1239.26573   100%  67.4  195s
 195057 141434 1375.64427   56  254 3.0000e+10 1239.47807   100%  66.9  200s
 204677 149667 1.3152e+10   71  209 3.0000e+10 1239.67439   100%  66.4  206s
 210781 156068 8.0676e+09   61  267 3.0000e+10 1239.83077   100%  66.2  210s
 222066 166334 1.9879e+10   80  186 3.0000e+10 1240.03488   100%  65.6  215s
 233450 175182 1.7884e+10   68  234 3.0000e+10 1240.23483   100%  65.3  220s
 240592 181331 5.7575e+08   60  253 3.0000e+10 1240.34020   100%  65.2  225s
 251828 190317 2.0490e+10  119  241 3.0000e+10 1240.50590   100%  65.0  230s
 260900 198117 1271.09230   42  267 3.0000e+10 1240.65221   100%  64.9  235s
 270663 205837 1.0553e+10   60  248 3.0000e+10 1240.79529   100%  64.6  240s
 278643 212944 5.0696e+09   92  264 3.0000e+10 1240.88861   100%  64.7  245s
*281145 193607             104    2.000000e+10 1240.94194   100%  64.7  245s
*281150 193590             108    2.000000e+10 1240.94194   100%  64.7  245s
 288200 200114 2.8841e+09   65  254 2.0000e+10 1241.06908   100%  64.7  250s
H292231 202349                    2.000000e+10 1241.16006   100%  64.6  252s
H292233 202252                    2.000000e+10 1241.16006   100%  64.6  252s
 297921 207898 1.1623e+10   94  247 2.0000e+10 1241.23914   100%  64.4  255s
H300432 209166                    2.000000e+10 1241.25964   100%  64.4  257s
H300435 209154                    1.999999e+10 1241.25964   100%  64.4  257s
 306076 214310 1271.38505   47  275 2.0000e+10 1241.36180   100%  64.3  260s
 314450 221399 9.2431e+09  100  221 2.0000e+10 1241.48897   100%  64.3  265s
 323496 228441 1266.25665   48  275 2.0000e+10 1241.61783   100%  64.1  270s
 333350 237253 1299.34751   40  265 2.0000e+10 1241.76501   100%  64.0  275s
 339971 242412 1250.61750   36  251 2.0000e+10 1241.84480   100%  64.0  280s
 351234 251311 6.4924e+09   99  236 2.0000e+10 1242.00433   100%  64.0  285s
 358570 257262 1254.12936   33  265 2.0000e+10 1242.10386   100%  63.9  290s
 369690 267179 2.6060e+09   61  251 2.0000e+10 1242.25739   100%  63.7  295s
 370702 273725 1296.71364   54  260 2.0000e+10 1242.27152   100%  63.7  300s
 384778 279758 1268.52211   41  266 2.0000e+10 1242.45793   100%  63.6  305s
 395498 287675 1354.05641   56  235 2.0000e+10 1242.57768   100%  63.5  310s
 403408 294812 1251.87259   35  265 2.0000e+10 1242.66402   100%  63.4  315s
 413393 302517 1317.98858   52  266 2.0000e+10 1242.77636   100%  63.4  321s
 422217 310369 1272.24984   42  266 2.0000e+10 1242.89115   100%  63.3  325s
 429319 316142 1274.90790   44  282 2.0000e+10 1242.97595   100%  63.3  330s
 440613 325522 1.0433e+10   61  256 2.0000e+10 1243.11197   100%  63.2  335s
 450106 333310 1.9608e+07   52  262 2.0000e+10 1243.20018   100%  63.0  340s
 458506 340366 1316.55509   44  269 2.0000e+10 1243.29303   100%  62.8  345s
 467581 347050 8.8998e+08   58  268 2.0000e+10 1243.38017   100%  62.7  350s
 467601 347052 9.0781e+08   59  270 2.0000e+10 1243.38017   100%  62.7  355s
 474356 359148 9.7159e+09   59  242 2.0000e+10 1243.45125   100%  62.6  364s
 482419 360357 9.5551e+08   57  253 2.0000e+10 1243.53005   100%  62.6  365s
 492567 368472     cutoff  109      2.0000e+10 1243.62214   100%  62.4  370s
 501163 375569 1351.77544   43  252 2.0000e+10 1243.72512   100%  62.3  375s
 509843 382044 1266.60380   35  276 2.0000e+10 1243.80055   100%  62.1  380s
 520679 390913 1347.06515   53  228 2.0000e+10 1243.90105   100%  62.0  386s
 530103 398511 1301.60051   56  223 2.0000e+10 1243.98995   100%  61.8  391s
 538542 405719 6.9573e+08   51  257 2.0000e+10 1244.07458   100%  61.7  395s
 547215 413043 1.4404e+10   54  225 2.0000e+10 1244.14720   100%  61.6  400s
 557098 420814 4.5612e+09   70  232 2.0000e+10 1244.24035   100%  61.5  405s
 566079 429268 1306.32048   49  258 2.0000e+10 1244.32042   100%  61.3  410s
 577820 438017 9.4862e+09   93  244 2.0000e+10 1244.42118   100%  61.1  415s
 587294 445805 1258.52089   36  268 2.0000e+10 1244.51908   100%  61.0  420s
 595963 452762 6.8799e+09   46  257 2.0000e+10 1244.59050   100%  60.9  425s
 606061 461853 1300.09443   58  252 2.0000e+10 1244.67678   100%  60.8  430s
 616629 470199 7.4539e+09   73  227 2.0000e+10 1244.74836   100%  60.6  435s
 625628 477740 1286.89303   48  246 2.0000e+10 1244.81205   100%  60.4  440s
 635619 485640 9.4307e+09   79  238 2.0000e+10 1244.89341   100%  60.2  445s
 647521 495613 1375.95024   55  234 2.0000e+10 1244.99587   100%  59.9  450s
 659039 505869 1311.96544   56  239 2.0000e+10 1245.08355   100%  59.6  455s
H666869 511453                    1.999998e+10 1245.13663   100%  59.4  459s
 668369 513329 1.6053e+10   92  238 2.0000e+10 1245.15184   100%  59.4  460s
 678938 521715 2.4095e+09   62  258 2.0000e+10 1245.23103   100%  59.3  465s
 687882 528535 7.0859e+09   94  247 2.0000e+10 1245.28843   100%  59.2  470s
 698403 537030 1267.24322   36  264 2.0000e+10 1245.36635   100%  58.9  475s
H701129 432491                    1.000000e+10 1245.38178   100%  58.9  476s
 708165 438708 1263.46730   35  258 1.0000e+10 1245.45014   100%  58.8  480s
 718942 447077 1255.19996   41  275 1.0000e+10 1245.55088   100%  58.7  485s
H719223 446436                    1.000000e+10 1245.55088   100%  58.7  485s
 726518 453242 1267.63715   44  252 1.0000e+10 1245.61855   100%  58.6  490s
 733044 458344 1309.16265   50  245 1.0000e+10 1245.67851   100%  58.6  495s
 744570 466657 1294.94782   46  244 1.0000e+10 1245.78044   100%  58.5  500s
H747513 211081                    9.999999e+09 1245.80336   100%  58.4  502s
H747570 182353                    1416.0000000 1245.80336  12.0%  58.4  502s
 751895 185430 infeasible   47      1416.00000 1245.86984  12.0%  58.5  505s
 758043 188652 1245.96607   43  289 1416.00000 1245.96607  12.0%  58.6  510s
 760190 189672 1245.98444   42  283 1416.00000 1245.96607  12.0%  58.7  515s
 766634 192372     cutoff   83      1416.00000 1245.96607  12.0%  58.9  520s
 776782 195769 1311.93087   77  246 1416.00000 1245.96607  12.0%  59.2  525s
 786213 198935 1250.98404   42  276 1416.00000 1245.96607  12.0%  59.5  530s
 794821 201968 1245.96607   44  258 1416.00000 1245.96607  12.0%  59.8  535s
 804197 205027 1264.62014   53  271 1416.00000 1245.96607  12.0%  60.1  540s
 814257 208264 1333.33627   63  215 1416.00000 1245.96607  12.0%  60.4  545s
 822724 210645 1246.68241   48  283 1416.00000 1245.96607  12.0%  60.6  550s
 833128 213468 1267.25437   52  272 1416.00000 1245.96607  12.0%  60.9  555s
 843162 217052 1245.96607   42  285 1416.00000 1245.96607  12.0%  61.1  560s
 852609 220242 1349.83570   60  268 1416.00000 1245.96607  12.0%  61.4  565s
 862771 223077 1308.94248   49  275 1416.00000 1245.96607  12.0%  61.7  570s
 870755 225786 1270.75924   50  280 1416.00000 1245.96607  12.0%  61.9  575s
 881075 228536     cutoff   68      1416.00000 1245.96607  12.0%  62.1  580s
 891616 231383 1340.78119   65  243 1416.00000 1245.96607  12.0%  62.4  585s
 899301 233351 1246.96708   54  262 1416.00000 1245.96607  12.0%  62.5  590s
 908743 235946 1302.19138   60  252 1416.00000 1245.96607  12.0%  62.8  595s
 917430 238650     cutoff   86      1416.00000 1245.96607  12.0%  63.0  600s
 927699 241366 1273.90020   54  280 1416.00000 1245.96607  12.0%  63.2  605s
 936919 243736 1325.67172   55  258 1416.00000 1245.96607  12.0%  63.4  610s
 945903 246343 1338.13556   56  248 1416.00000 1245.96607  12.0%  63.7  615s
 953177 248391 1270.42729   53  227 1416.00000 1245.96607  12.0%  63.8  620s
 963917 251007 1284.38155   50  244 1416.00000 1245.96607  12.0%  64.1  625s
 973483 253815 1287.52594   61  277 1416.00000 1245.96607  12.0%  64.3  630s
 983170 256172 1259.20072   47  274 1416.00000 1246.16342  12.0%  64.5  635s
 992535 258927     cutoff   76      1416.00000 1246.35832  12.0%  64.7  640s
 1003083 261847 1327.02524   75  230 1416.00000 1246.59332  12.0%  64.9  645s
 1010732 263775 1267.75859   51  263 1416.00000 1246.73428  12.0%  65.0  650s
 1020917 266734 1277.04019   56  267 1416.00000 1246.94330  11.9%  65.2  655s
 1030649 269361 1288.85182   57  273 1416.00000 1247.11667  11.9%  65.4  660s
 1038950 271444 infeasible   73      1416.00000 1247.25300  11.9%  65.6  665s
 1048161 273885     cutoff   63      1416.00000 1247.40226  11.9%  65.8  670s
 1058748 276894 1261.73177   52  280 1416.00000 1247.60686  11.9%  65.9  675s
 1067399 279213 1309.95668   60  252 1416.00000 1247.74174  11.9%  66.1  680s
 1077171 281724 1262.50334   51  282 1416.00000 1247.90154  11.9%  66.2  685s
 1087207 284397 infeasible   60      1416.00000 1248.07142  11.9%  66.4  690s
 1096491 286888 1368.68395   67  232 1416.00000 1248.20157  11.9%  66.6  695s
 1106055 289087 1281.22167   50  247 1416.00000 1248.33631  11.8%  66.7  700s
 1116027 291630 1266.16662   52  279 1416.00000 1248.49482  11.8%  66.9  705s
 1125227 293983 1317.13123   65  261 1416.00000 1248.62593  11.8%  67.0  710s
 1135012 296531 1255.53581   49  288 1416.00000 1248.75916  11.8%  67.2  715s
 1143618 298589 1295.13728   61  262 1416.00000 1248.87768  11.8%  67.3  720s
 1150483 300745 1322.58929   70  271 1416.00000 1248.97397  11.8%  67.4 1659s
 1151771 301008 1327.55203   56  251 1416.00000 1248.99198  11.8%  67.4 1660s
 1160603 303261 1261.08037   52  255 1416.00000 1249.10173  11.8%  67.5 1665s
 1170005 305571 1289.63266   56  265 1416.00000 1249.23239  11.8%  67.7 1670s
 1180448 307935 1294.02225   54  248 1416.00000 1249.36841  11.8%  67.8 1675s
 1190141 310564 1263.33010   48  248 1416.00000 1249.49988  11.8%  68.0 1680s
 1200382 312902 1303.15142   58  281 1416.00000 1249.63297  11.7%  68.1 1685s
 1209473 315761 1375.57596   82  259 1416.00000 1249.74448  11.7%  68.2 1690s
 1220337 318526 1353.81129   75  267 1416.00000 1249.88491  11.7%  68.4 1695s
 1231262 321141 1292.49328   62  262 1416.00000 1250.01111  11.7%  68.5 1700s
 1242552 323821 1268.84199   53  270 1416.00000 1250.14029  11.7%  68.7 1705s
 1253157 326722 1258.14744   49  281 1416.00000 1250.25163  11.7%  68.8 1710s
 1263028 328956 1305.94739   57  280 1416.00000 1250.35593  11.7%  68.9 1715s
 1274314 332072 1304.85591   61  253 1416.00000 1250.48579  11.7%  69.1 1720s
 1284979 334594 1338.77847   69  255 1416.00000 1250.60413  11.7%  69.2 1725s
 1292059 336180 1278.48880   56  274 1416.00000 1250.68080  11.7%  69.3 2728s
 1296176 337092 1371.64735   73  269 1416.00000 1250.71088  11.7%  69.3 2730s
 1302173 337947 1257.46086   47  278 1416.00000 1250.77207  11.7%  69.4 3716s
 1309645 339881 1303.18771   67  243 1416.00000 1250.85249  11.7%  69.5 3720s
 1312158 340713 1298.71333   62  231 1416.00000 1250.87649  11.7%  69.6 4693s
 1315462 341364 1341.13883   65  257 1416.00000 1250.90877  11.7%  69.6 4695s
 1321612 342699     cutoff   64      1416.00000 1250.96666  11.7%  69.7 5636s
 1328679 345778     cutoff   79      1416.00000 1251.04002  11.6%  69.8 5640s
 1331829 347655 1307.95423   58  275 1416.00000 1251.07214  11.6%  69.8 6570s
 1341247 352837 1307.71161   66  264 1416.00000 1251.17009  11.6%  69.9 6575s
 1350442 358169 1320.33516   64  267 1416.00000 1251.25361  11.6%  70.0 6618s
 1354494 360486 1278.06804   50  279 1416.00000 1251.29520  11.6%  70.1 6620s
 1361672 364020 1309.67473   74  246 1416.00000 1251.36305  11.6%  70.2 7701s

Cutting planes:
  Clique: 3
  Flow cover: 1
  Zero half: 11

Explored 1361852 nodes (95575042 simplex iterations) in 7701.86 seconds (2051.92 work units)
Thread count was 8 (of 8 available processors)

Solution count 10: 1416 1e+10 1e+10 ... 2e+10

Time limit reached
Best objective 1.416000000000e+03, best bound 1.252000000000e+03, gap 11.5819%
