
Gurobi 11.0.1 (mac64[arm]) logging started Fri Feb 14 20:58:22 2025

Set parameter LogFile to value "logs_new/salida_modelo_caminos_400_567_5.log"
Set parameter TimeLimit to value 7200
Gurobi Optimizer version 11.0.1 build v11.0.1rc0 (mac64[arm] - Darwin 24.3.0 24D60)

CPU model: Apple M2
Thread count: 8 physical cores, 8 logical processors, using up to 8 threads

Optimize a model with 653 rows, 2224 columns and 9591 nonzeros
Coefficient statistics:
  Matrix range     [1e+00, 1e+00]
  Objective range  [2e+00, 1e+10]
  Bounds range     [0e+00, 0e+00]
  RHS range        [1e+00, 2e+02]
Warning: Model contains large objective coefficients
         Consider reformulating model or setting NumericFocus parameter
         to avoid numerical issues.

Solved in 0 iterations and 0.00 seconds (0.00 work units)
Optimal objective  1.509000000e+03
Gurobi Optimizer version 11.0.1 build v11.0.1rc0 (mac64[arm] - Darwin 24.3.0 24D60)

CPU model: Apple M2
Thread count: 8 physical cores, 8 logical processors, using up to 8 threads

Optimize a model with 653 rows, 2224 columns and 9591 nonzeros
Model fingerprint: 0xb191bfca
Variable types: 0 continuous, 2224 integer (2224 binary)
Coefficient statistics:
  Matrix range     [1e+00, 1e+00]
  Objective range  [2e+00, 1e+10]
  Bounds range     [0e+00, 0e+00]
  RHS range        [1e+00, 2e+02]
Warning: Model contains large objective coefficients
         Consider reformulating model or setting NumericFocus parameter
         to avoid numerical issues.
Found heuristic solution: objective 4.000000e+12
Presolve removed 250 rows and 0 columns
Presolve time: 0.02s
Presolved: 403 rows, 2224 columns, 9231 nonzeros
Variable types: 0 continuous, 2224 integer (2224 binary)
Found heuristic solution: objective 3.860000e+12

Root relaxation: objective 1.509000e+03, 2562 iterations, 0.11 seconds (0.21 work units)

    Nodes    |    Current Node    |     Objective Bounds      |     Work
 Expl Unexpl |  Obj  Depth IntInf | Incumbent    BestBd   Gap | It/Node Time

     0     0 1509.00000    0  343 3.8600e+12 1509.00000   100%     -    0s
H    0     0                    6.600000e+11 1509.00000   100%     -    0s
H    0     0                    4.300000e+11 1509.00000   100%     -    0s
H    0     0                    3.000000e+11 1509.00000   100%     -    0s
H    0     0                    2.700000e+11 1509.00000   100%     -    0s
H    0     0                    2.500000e+11 1509.00000   100%     -    0s
     0     0 1509.72929    0  369 2.5000e+11 1509.72929   100%     -    0s
     0     0 1509.93245    0  377 2.5000e+11 1509.93245   100%     -    0s
     0     0 1510.06576    0  382 2.5000e+11 1510.06576   100%     -    0s
     0     0 1510.10307    0  387 2.5000e+11 1510.10307   100%     -    0s
     0     0 1510.10958    0  383 2.5000e+11 1510.10958   100%     -    0s
     0     0 1510.11053    0  384 2.5000e+11 1510.11053   100%     -    0s
     0     0 1510.21518    0  393 2.5000e+11 1510.21518   100%     -    0s
     0     0 1510.22708    0  392 2.5000e+11 1510.22708   100%     -    0s
     0     0 1510.22900    0  390 2.5000e+11 1510.22900   100%     -    0s
     0     0 1510.22959    0  390 2.5000e+11 1510.22959   100%     -    0s
     0     0 1510.27383    0  391 2.5000e+11 1510.27383   100%     -    0s
     0     0 1510.28059    0  396 2.5000e+11 1510.28059   100%     -    0s
     0     0 1510.28075    0  399 2.5000e+11 1510.28075   100%     -    0s
     0     0 1510.28828    0  394 2.5000e+11 1510.28828   100%     -    0s
     0     0 1510.29873    0  394 2.5000e+11 1510.29873   100%     -    0s
H    0     0                    2.300000e+11 1510.29873   100%     -    0s
H    0     0                    2.100000e+11 1510.29923   100%     -    0s
H    0     2                    2.100000e+11 1510.29923   100%     -    0s
     0     2 1510.29923    0  394 2.1000e+11 1510.29923   100%     -    0s
H   37    40                    2.100000e+11 1511.13791   100%   117    1s
H   70    78                    1.900000e+11 1511.41293   100%   139    1s
H   73    78                    1.700000e+11 1511.41293   100%   137    1s
H  109   118                    1.400000e+11 1511.41293   100%   136    2s
H  111   118                    1.400000e+11 1511.41293   100%   137    2s
H  113   118                    1.300000e+11 1511.41293   100%   136    2s
H  543   553                    1.200000e+11 1511.41293   100%   123    4s
H  549   553                    1.100000e+11 1511.41293   100%   123    4s
   964  1011 1653.14089   80  325 1.1000e+11 1511.41293   100%   118    5s
H 2595  2373                    1.000000e+11 1512.60834   100%  99.2    9s
  2625  2397 1550.12234   23  359 1.0000e+11 1512.60834   100%   100   10s
H 3129  2612                    1.000000e+11 1512.60834   100%   102   14s
  3279  2743 2.3441e+10   78  282 1.0000e+11 1512.60834   100%   103   15s
  5051  3870 5.1527e+10  102  271 1.0000e+11 1513.12773   100%   103   20s
  7050  5135 4.7248e+10  127  298 1.0000e+11 1513.57558   100%   101   25s
H 8014  5176                    9.000000e+10 1516.28555   100%   101   27s
H 8021  5077                    9.000000e+10 1516.28555   100%   101   29s
  8024  5253 1688.03138   48  311 9.0000e+10 1516.28555   100%   101   30s
 11718  8629 5.2539e+10  126  314 9.0000e+10 1518.09718   100%  98.1   38s
 12220  9207 7.6697e+10  145  307 9.0000e+10 1519.04115   100%  97.7   40s
 16035 12462 2.5132e+10  108  281 9.0000e+10 1519.84288   100%  94.2   45s
 21299 16690 1635.74307   34  330 9.0000e+10 1520.84923   100%  89.4   51s
H21828 17094                    8.000000e+10 1520.84923   100%  89.0   53s
 23863 19324 5.4504e+08   34  338 8.0000e+10 1521.76726   100%  89.2   55s
 28214 23429 5.7986e+09   76  326 8.0000e+10 1522.11360   100%  86.6   60s
 29473 23430 5.6193e+10  133  394 8.0000e+10 1522.11360   100%  85.7   68s
 29479 23434 4.3987e+10  131  394 8.0000e+10 1522.11360   100%  85.7   70s
 29487 23439 4.7849e+10   99  405 8.0000e+10 1522.11360   100%  85.7   75s
 29496 23445 1591.69012   29  403 8.0000e+10 1522.11360   100%  85.6   80s
 29504 23451 1755.91011   50  411 8.0000e+10 1522.11360   100%  85.6   85s
 29512 23456 4.6402e+10  133  411 8.0000e+10 1522.11360   100%  85.6   90s
 29520 23461 6.6446e+10  139  414 8.0000e+10 1522.11360   100%  85.6   95s
H29521 22288                    8.000000e+10 1522.11360   100%  85.6   96s
 29529 22293 1599.74873   33  423 8.0000e+10 1522.11360   100%  85.5  100s
H29531 21179                    7.999999e+10 1522.11360   100%  85.5  102s
 29536 21182 1.0000e+10   42  426 8.0000e+10 1522.11360   100%  85.5  105s
H29537 20123                    7.999998e+10 1522.11360   100%  85.5  106s
H29539 19116                    7.999992e+10 1522.11360   100%  85.5  107s
 29544 19119 1544.59324   26  424 8.0000e+10 1522.11360   100%  85.5  110s
 29551 19124 1545.77263   25  420 8.0000e+10 1522.11360   100%  85.5  115s
 29556 19127 7.7770e+10  139  426 8.0000e+10 1522.11360   100%  85.5  120s
 29563 19132 7.1007e+10   89  423 8.0000e+10 1522.11360   100%  85.4  125s
 29671 19213 1536.31068   31  362 8.0000e+10 1522.11360   100%  86.0  130s
 29849 19354 1567.39600   40  360 8.0000e+10 1522.11360   100%  86.2  135s
 31510 20392 1558.40317   39  351 8.0000e+10 1522.11360   100%  87.9  140s
 32976 21220 7.6219e+10  134  249 8.0000e+10 1522.11360   100%  89.4  145s
 34324 22069 1609.95652   41  313 8.0000e+10 1522.11360   100%  90.2  150s
 35760 22927 1623.84412   45  323 8.0000e+10 1522.11360   100%  90.5  155s
 38786 24926 3.6131e+10  142  311 8.0000e+10 1522.11360   100%  90.4  160s
 41234 26135 1656.06933   55  337 8.0000e+10 1522.11360   100%  89.9  166s
 42965 26692 3.8588e+10  128  308 8.0000e+10 1522.11360   100%  90.6  172s
 44185 28964 1616.12833   49  331 8.0000e+10 1522.11360   100%  90.7  175s
 47981 30199 1.6864e+09   71  315 8.0000e+10 1522.11360   100%  89.6  180s
 55219 34723 3.5511e+08   62  330 8.0000e+10 1522.98293   100%  86.8  185s
 57802 34974 1554.32735   39  366 8.0000e+10 1523.14836   100%  85.6  190s
 63657 38949 3.1651e+10  142  318 8.0000e+10 1524.13204   100%  84.0  195s
 70041 42048 2.2948e+08   61  301 8.0000e+10 1524.79296   100%  82.8  200s
 76459 46205 6.3740e+09   89  312 8.0000e+10 1525.50057   100%  80.5  205s
 84983 50185 6.2308e+10   66  309 8.0000e+10 1526.19756   100%  78.4  210s
 92643 56604 1534.10257   34  368 8.0000e+10 1526.84252   100%  76.6  215s
 96327 59341 1674.31420   65  319 8.0000e+10 1526.95049   100%  76.1  220s
 103178 67286     cutoff  180      8.0000e+10 1527.39209   100%  74.8  225s
 112927 74999 2.8960e+09   81  345 8.0000e+10 1527.92372   100%  73.1  230s
H115973 74817                    7.000000e+10 1528.03740   100%  72.4  234s
 115977 75071 1641.65510   55  337 7.0000e+10 1528.03740   100%  72.4  236s
H116003 75051                    6.999991e+10 1528.03740   100%  72.4  236s
H116084 75051                    6.999986e+10 1528.03740   100%  72.4  236s
 120631 78832 1581.15468   41  321 7.0000e+10 1528.41186   100%  72.3  242s
 125138 83481 3.2656e+10  118  330 7.0000e+10 1528.54125   100%  71.8  245s
 134031 91366 1572.28516   40  332 7.0000e+10 1528.96831   100%  70.7  250s
 142148 98523 1548.04728   32  356 7.0000e+10 1529.28785   100%  69.8  255s
 150152 105587 1541.49712   36  379 7.0000e+10 1529.64926   100%  69.1  260s
 157065 111493 1612.99600   47  337 7.0000e+10 1529.94110   100%  68.4  265s
 163857 117253 1592.98198   44  341 7.0000e+10 1530.18357   100%  68.2  270s
 169147 122098 1.5402e+10   95  286 7.0000e+10 1530.38428   100%  67.7  275s
 171922 124206 1691.61583   77  351 7.0000e+10 1530.44548   100%  67.4  282s
 174593 127118 1556.59893   38  352 7.0000e+10 1530.55791   100%  67.5  285s
 182984 134133 6.7020e+09  101  297 7.0000e+10 1530.87048   100%  66.8  290s
 188707 139218 2.0242e+08   59  347 7.0000e+10 1531.02972   100%  66.7  297s
 192835 143897 2.1191e+09   58  312 7.0000e+10 1531.14688   100%  66.6  300s
 203709 152961 1.0405e+10  103  322 7.0000e+10 1531.39332   100%  65.8  305s
 212173 160707 1697.44261   60  321 7.0000e+10 1531.57220   100%  65.3  310s
 222186 169556 1557.21435   39  356 7.0000e+10 1531.85771   100%  64.6  315s
 230866 176728 1.7275e+10  121  289 7.0000e+10 1532.06860   100%  64.3  321s
 238775 183712 4.3661e+09   97  319 7.0000e+10 1532.27317   100%  63.9  325s
 246690 190639 1619.51591   56  328 7.0000e+10 1532.49952   100%  63.6  330s
 255661 199118     cutoff  142      7.0000e+10 1532.69715   100%  63.1  335s
 259972 202806     cutoff   67      7.0000e+10 1532.80867   100%  63.1  340s
 269655 211263 1608.10266   50  350 7.0000e+10 1532.99494   100%  62.7  345s
 278634 219444 1548.89753   34  357 7.0000e+10 1533.11590   100%  62.4  350s
 288012 226677 1.8083e+09   60  330 7.0000e+10 1533.27658   100%  62.2  355s
 295471 233824 1683.52400   51  317 7.0000e+10 1533.40044   100%  61.9  360s
 301023 239030 1734.15058   66  322 7.0000e+10 1533.47469   100%  61.8  365s
 310162 247054 1653.81535   41  334 7.0000e+10 1533.61692   100%  61.4  370s
 313152 248974 6.8333e+10  125  272 7.0000e+10 1533.64871   100%  61.4  377s
 318662 253808 1538.57752   36  359 7.0000e+10 1533.77562   100%  61.3  381s
 324762 259929 1544.12048   34  353 7.0000e+10 1533.83255   100%  61.0  385s
 334465 268556 1582.61672   47  358 7.0000e+10 1533.99796   100%  60.8  390s
 343073 276636 4.9860e+08   64  334 7.0000e+10 1534.11946   100%  60.6  395s
 350842 282863 3.2260e+10  122  319 7.0000e+10 1534.24220   100%  60.6  400s
 358734 290077 6.0063e+09   76  298 7.0000e+10 1534.38892   100%  60.4  405s
 366768 296667 2.5724e+08   84  310 7.0000e+10 1534.47664   100%  60.3  410s
 375690 305123 1737.38203   45  307 7.0000e+10 1534.66768   100%  60.3  415s
 382900 311207 1.9081e+10  125  307 7.0000e+10 1534.78426   100%  60.1  420s
 390110 317876 1707.79882   53  310 7.0000e+10 1534.85914   100%  59.9  425s
 393775 321066 1606.46322   51  345 7.0000e+10 1534.92015   100%  59.8  430s
 399790 326310 1554.59792   37  359 7.0000e+10 1535.02409   100%  59.6  435s
 407260 332945 1.7413e+10  127  301 7.0000e+10 1535.12083   100%  59.6  440s
 415368 340479 4.9190e+10  149  284 7.0000e+10 1535.21491   100%  59.5  445s
 424556 347624 1562.89134   45  362 7.0000e+10 1535.32395   100%  59.4  452s
 428874 352082 8.4450e+09   83  315 7.0000e+10 1535.38166   100%  59.3  455s
 434648 357209 1584.26033   50  340 7.0000e+10 1535.42985   100%  59.3  460s
 440777 362539 1573.54808   40  344 7.0000e+10 1535.51763   100%  59.1  465s
 448383 369215 3.2386e+08   59  330 7.0000e+10 1535.61522   100%  59.0  471s
 454817 374269 3.0434e+10  146  297 7.0000e+10 1535.67246   100%  58.9  476s
 459295 379143 1547.02033   38  342 7.0000e+10 1535.78854   100%  59.0  480s
 465560 384360 2.1163e+10  140  293 7.0000e+10 1535.84554   100%  59.0  485s
 473767 390875 4.0090e+09   68  334 7.0000e+10 1535.93371   100%  58.8  490s
 481783 398702 1.8786e+09   92  307 7.0000e+10 1536.02422   100%  58.7  495s
 485978 402644 1605.36317   46  323 7.0000e+10 1536.07890   100%  58.7  500s
 494439 409629 3.0000e+10   62  323 7.0000e+10 1536.15277   100%  58.6  505s
 502984 416995 4.0807e+10  157  272 7.0000e+10 1536.23175   100%  58.5  510s
 510194 423911 1546.92016   43  372 7.0000e+10 1536.31888   100%  58.5  515s
 515842 428197 3.4455e+10  137  334 7.0000e+10 1536.39604   100%  58.4  522s
 519548 431522 3.7326e+09   61  326 7.0000e+10 1536.41821   100%  58.3  525s
 529170 439873 1640.84443   53  324 7.0000e+10 1536.56414   100%  58.2  530s
 532875 450005 6.2670e+10   69  286 7.0000e+10 1536.58947   100%  58.3  538s
 543794 453210 1.7656e+10   96  319 7.0000e+10 1536.69723   100%  58.1  540s
 552472 460117 1.0137e+10  110  287 7.0000e+10 1536.77932   100%  58.1  545s
 559434 466862 4.7772e+10   80  315 7.0000e+10 1536.85439   100%  58.1  550s
 568559 475041 4.7506e+10  153  287 7.0000e+10 1536.94625   100%  57.9  555s
 574652 480559 1651.21808   49  332 7.0000e+10 1537.00007   100%  58.0  560s
 582808 486938 5.6531e+09   75  308 7.0000e+10 1537.07238   100%  57.9  566s
 589410 493798 1624.24368   49  329 7.0000e+10 1537.14698   100%  57.8  570s
 598744 501327 1662.22936   58  317 7.0000e+10 1537.21938   100%  57.6  575s
 602977 505888 1546.13096   35  361 7.0000e+10 1537.24655   100%  57.6  701s
 607431 511655 5.3534e+10   84  303 7.0000e+10 1537.28345   100%  57.6  706s
 615810 516585 6.2333e+10   75  282 7.0000e+10 1537.34307   100%  57.6  710s
 621587 521426 4.2305e+10   68  321 7.0000e+10 1537.40195   100%  57.6  715s
 621727 527040 infeasible   71      7.0000e+10 1537.41563   100%  57.6  723s
 630197 530439 1668.87426   59  325 7.0000e+10 1537.49670   100%  57.6  725s
 638745 537177 1549.80220   36  349 7.0000e+10 1537.56619   100%  57.5  730s
 649247 546580 1722.30418   64  316 7.0000e+10 1537.64821   100%  57.5  735s
 654697 551598 1556.97855   38  353 7.0000e+10 1537.70320   100%  57.4  740s
 666987 561924 4.3506e+10  163  266 7.0000e+10 1537.79360   100%  57.3  745s
 675874 569713 1.2309e+09   58  311 7.0000e+10 1537.86020   100%  57.3  750s
 682364 576445 5.6348e+10   66  321 7.0000e+10 1537.92237   100%  57.3  755s
 693221 584520 1.4007e+10  121  283 7.0000e+10 1538.04522   100%  57.2  760s
 700938 592102 1643.52266   47  305 7.0000e+10 1538.12388   100%  57.2  765s
 708831 598334 1605.99649   49  328 7.0000e+10 1538.17098   100%  57.1  770s
 714512 602835 1587.88998   37  344 7.0000e+10 1538.21958   100%  57.1  775s
 724499 611727 4.6535e+10  148  292 7.0000e+10 1538.27514   100%  57.0  780s
 728816 615851 2.4656e+10  107  287 7.0000e+10 1538.32609   100%  57.0  785s
 736917 623862 1.4350e+10   98  292 7.0000e+10 1538.37797   100%  56.9  790s
 743675 629267 6.9721e+10   74  287 7.0000e+10 1538.42870   100%  56.9  795s
 751055 635821 1555.87162   41  361 7.0000e+10 1538.47488   100%  56.9  800s
 758775 641902 1719.26763   58  321 7.0000e+10 1538.52910   100%  56.8  807s
 759550 643519 5.0892e+10   72  315 7.0000e+10 1538.53127   100%  56.9  810s
 769895 652438 1587.92983   47  355 7.0000e+10 1538.61354   100%  56.8  815s
 777227 658783 8.2890e+09  115  337 7.0000e+10 1538.66082   100%  56.7  820s
 785403 666251 1.6314e+10   67  319 7.0000e+10 1538.77965   100%  56.7  825s
 796585 675380 1637.55874   44  327 7.0000e+10 1538.86444   100%  56.6  830s
 803158 680905 2.8717e+10  143  324 7.0000e+10 1538.89082   100%  56.8  835s
 812009 688996 1.8564e+10   46  313 7.0000e+10 1538.95936   100%  56.7  840s
 815973 692350 4.0042e+10   80  312 7.0000e+10 1538.99144   100%  56.8  845s
 823247 699140 4.9575e+09   80  325 7.0000e+10 1539.04799   100%  56.7  850s
 829551 704293 1647.10957   53  342 7.0000e+10 1539.09104   100%  56.9  855s
 835695 710182 1701.51457   55  318 7.0000e+10 1539.14452   100%  56.8  860s
 841632 714388 infeasible  179      7.0000e+10 1539.18031   100%  56.8  866s
 846395 718871 5.6138e+09  127  297 7.0000e+10 1539.20604   100%  56.7  870s
 854035 726492 2.2057e+10  158  325 7.0000e+10 1539.28107   100%  56.8  875s
 861793 734159 4.4009e+08   69  333 7.0000e+10 1539.32439   100%  56.7  880s
 871511 741547 5.0569e+10  167  291 7.0000e+10 1539.37170   100%  56.6  885s
 880146 749629 1586.41754   49  326 7.0000e+10 1539.42711   100%  56.6  890s
 884712 752934 2.0424e+10   71  324 7.0000e+10 1539.45361   100%  56.5  895s
 890915 758124 1.1242e+10   83  315 7.0000e+10 1539.48914   100%  56.5  900s
 899245 766035 2.6556e+10  143  318 7.0000e+10 1539.53929   100%  56.4  905s
 905209 771207 1.0978e+10  121  321 7.0000e+10 1539.58868   100%  56.4  910s
 914931 780032 1686.88011   61  318 7.0000e+10 1539.63808   100%  56.3  915s
 923889 787848 1586.34063   36  320 7.0000e+10 1539.68472   100%  56.2  920s
 926502 789544 4.1360e+08   59  316 7.0000e+10 1539.71117   100%  56.2  926s
 930389 793549 1581.77687   48  339 7.0000e+10 1539.74293   100%  56.2  930s
 935725 798110 1647.46353   59  322 7.0000e+10 1539.77582   100%  56.2  935s
 944826 805943 2.8936e+09   57  325 7.0000e+10 1539.83496   100%  56.2  940s
 950117 809639 5.0000e+10   73  321 7.0000e+10 1539.86289   100%  56.3  945s
 956694 816244 2.6643e+10  149  301 7.0000e+10 1539.88972   100%  56.3  950s
 963930 822217 1.0000e+10   57  357 7.0000e+10 1539.95022   100%  56.3  955s
 970132 828226 1568.87497   47  345 7.0000e+10 1539.99880   100%  56.3  960s
 979101 835357 1.3887e+10  125  322 7.0000e+10 1540.04679   100%  56.3  965s
 984303 840891 1608.51368   52  333 7.0000e+10 1540.07695   100%  56.3  970s
 990623 845813 1676.32315   46  296 7.0000e+10 1540.11339   100%  56.3  975s
 996185 852090 1674.80491   61  310 7.0000e+10 1540.14540   100%  56.3  980s
 1004787 857526 1544.33180   35  353 7.0000e+10 1540.18753   100%  56.3  985s
 1011928 863280 1.1787e+10  117  304 7.0000e+10 1540.23141   100%  56.3  991s
 1016581 868407     cutoff  180      7.0000e+10 1540.26726   100%  56.3  995s
 1023301 874619 1558.46365   41  354 7.0000e+10 1540.30674   100%  56.2 1000s
 1030567 880532 1606.18302   45  335 7.0000e+10 1540.36739   100%  56.2 1005s
 1039812 888932 1677.08502   70  328 7.0000e+10 1540.40771   100%  56.2 1010s
 1049716 897559 1656.04519   53  328 7.0000e+10 1540.46423   100%  56.1 1015s
 1055045 902872 1547.27510   42  334 7.0000e+10 1540.48559   100%  56.1 1020s
 1062217 908624 3.7375e+09   81  332 7.0000e+10 1540.53024   100%  56.1 1025s
 1068730 913760 1.1431e+10   66  321 7.0000e+10 1540.56058   100%  56.0 1030s
 1074743 919705 3.2701e+10  118  321 7.0000e+10 1540.59578   100%  56.1 1035s
 1083727 927799 1653.44235   62  326 7.0000e+10 1540.65239   100%  56.0 1040s
 1092320 935215 1636.65871   50  328 7.0000e+10 1540.68617   100%  56.0 1045s
 1101105 942986 1680.71535   45  337 7.0000e+10 1540.74523   100%  55.9 1050s
 1107648 948523 1646.03588   50  322 7.0000e+10 1540.77296   100%  55.9 1055s
 1114767 955807 1546.49593   40  341 7.0000e+10 1540.80754   100%  55.8 1060s
 1116641 956423 1781.82240   59  319 7.0000e+10 1540.81140   100%  55.8 1065s
 1126498 965430 1657.50172   72  336 7.0000e+10 1540.86363   100%  55.8 1070s
 1135032 972948 1.0000e+10   70  344 7.0000e+10 1540.90662   100%  55.7 1075s
 1142371 979185 2.0000e+10   68  311 7.0000e+10 1540.93973   100%  55.8 1080s
H1148835 905181                    5.000000e+10 1540.97669   100%  55.7 1082s
H1150124 840164                    4.000000e+10 1540.98375   100%  55.7 1083s
 1152422 842405 1552.15006   39  350 4.0000e+10 1540.99721   100%  55.7 1085s
 1156296 845424 6.0630e+09   95  290 4.0000e+10 1541.02481   100%  55.7 1090s
 1163269 852009 1758.80775   61  331 4.0000e+10 1541.07913   100%  55.8 1095s
 1169952 857319 3.4256e+10   74  330 4.0000e+10 1541.12197   100%  55.8 1100s
H1171212 768692                    3.000000e+10 1541.12715   100%  55.8 1104s
H1171213 768692                    3.000000e+10 1541.12715   100%  55.8 1104s
 1171575 768951 1.3280e+10  103  297 3.0000e+10 1541.12722   100%  55.8 1105s
 1176378 773590 1656.67229   41  319 3.0000e+10 1541.16391   100%  55.8 1110s
 1186409 782049 1674.32599   43  301 3.0000e+10 1541.23449   100%  55.8 1115s
 1190923 787301 5.0300e+09   99  321 3.0000e+10 1541.27169   100%  55.8 1120s
 1199243 793927 1594.03158   48  343 3.0000e+10 1541.33430   100%  55.9 1125s
 1205399 799384 1589.18077   46  344 3.0000e+10 1541.38483   100%  55.8 1130s
 1211544 804362 1701.40605   66  339 3.0000e+10 1541.44058   100%  55.8 1135s
 1218530 811070 1.9024e+08   54  340 3.0000e+10 1541.48328   100%  55.9 1140s
 1223912 814583 1595.39866   39  354 3.0000e+10 1541.51879   100%  55.8 1147s
 1228582 818500 1.3446e+09   66  307 3.0000e+10 1541.56332   100%  55.8 1156s
 1230912 820552 3.4857e+08   63  323 3.0000e+10 1541.57950   100%  55.8 1161s
 1238393 827872 1628.57070   48  339 3.0000e+10 1541.60841   100%  55.8 1165s
 1246431 835252 1601.12858   51  340 3.0000e+10 1541.65620   100%  55.8 1170s
 1249949 837569 8.0622e+08   84  326 3.0000e+10 1541.67466   100%  55.8 1175s
 1250200 844458 8.0622e+08   85  324 3.0000e+10 1541.68371   100%  55.8 1180s
 1259197 845240 1571.57398   52  345 3.0000e+10 1541.74435   100%  55.8 1185s
 1268089 853998 1587.96175   45  335 3.0000e+10 1541.79207   100%  55.8 1190s
 1272392 857998 1651.32750   55  308 3.0000e+10 1541.81450   100%  55.8 1195s
 1282192 866367 1559.66580   42  359 3.0000e+10 1541.88028   100%  55.7 1200s
 1289506 872322 2.0000e+10  154  285 3.0000e+10 1541.92897   100%  55.8 1206s
 1296418 879031 1.5977e+10   58  273 3.0000e+10 1541.97379   100%  55.8 1210s
 1300232 881698 1703.84914   66  332 3.0000e+10 1541.99969   100%  55.8 1215s
 1304140 885794 1.5634e+10  114  309 3.0000e+10 1542.02128   100%  55.8 1220s
 1313869 893894 1718.41442   51  308 3.0000e+10 1542.07816   100%  55.7 1225s
 1321686 900607 3.0000e+10   67  324 3.0000e+10 1542.11482   100%  55.8 1230s
 1330287 908437 1725.53420   65  312 3.0000e+10 1542.16741   100%  55.8 1235s
 1336850 912872 2.0546e+10  133  313 3.0000e+10 1542.20262   100%  55.8 1242s
 1340426 917243 1563.08227   42  340 3.0000e+10 1542.22541   100%  55.8 1245s
 1347511 923168 1645.70594   41  334 3.0000e+10 1542.24758   100%  55.7 1250s
 1353105 927505 1.0000e+10   45  329 3.0000e+10 1542.27871   100%  55.8 1255s
 1360889 934281 1571.45161   47  354 3.0000e+10 1542.32707   100%  55.9 1260s
 1368601 940858 1.0000e+10   57  330 3.0000e+10 1542.36284   100%  55.9 1265s
H1369629 938518                    3.000000e+10 1542.36800   100%  55.9 1269s
 1369635 945355 1.2481e+09   72  344 3.0000e+10 1542.36800   100%  55.9 1275s
H1370603 944830                    2.999999e+10 1542.36800   100%  55.9 1275s
 1386558 952955 6.7112e+09  116  315 3.0000e+10 1542.46856   100%  55.9 1282s
H1386625 952945                    2.999999e+10 1542.46856   100%  55.9 1282s
H1386714 952936                    2.999999e+10 1542.46856   100%  55.9 1282s
H1386747 952934                    2.999998e+10 1542.46856   100%  55.9 1282s
H1386846 952934                    2.999997e+10 1542.46856   100%  55.9 1282s
H1390728 956973                    2.999997e+10 1542.49347   100%  55.9 1284s
 1391487 957949 1578.63695   50  346 3.0000e+10 1542.49870   100%  55.9 1285s
 1400345 965618 3.2770e+09   84  286 3.0000e+10 1542.56575   100%  56.0 1290s
 1404294 968643 1623.81888   52  341 3.0000e+10 1542.58960   100%  56.0 1295s
 1410808 974164 1639.61806   52  333 3.0000e+10 1542.63652   100%  56.0 1300s
 1416974 979817 2.1433e+10  125  295 3.0000e+10 1542.67522   100%  56.0 1305s
 1424744 985902 1588.27422   45  328 3.0000e+10 1542.72290   100%  56.0 1312s
H1424760 985902                    2.999997e+10 1542.72290   100%  56.0 1312s
 1429067 990232 1581.45849   39  354 3.0000e+10 1542.74508   100%  56.0 1315s
 1432219 992963 1562.05714   45  349 3.0000e+10 1542.75638   100%  56.0 2046s
 1438013 997542 1740.24785   58  321 3.0000e+10 1542.78419   100%  56.0 2050s
 1444522 1002470 1.4203e+10   49  319 3.0000e+10 1542.82799   100%  56.0 2056s
 1447950 1005642 9.0229e+09  125  308 3.0000e+10 1542.85463   100%  56.0 2062s
 1452270 1010506 1.1031e+10  149  312 3.0000e+10 1542.87747   100%  56.0 2065s
 1459929 1017027 1548.79437   39  338 3.0000e+10 1542.92601   100%  56.0 2070s
 1469986 1025674 3.6567e+09   97  326 3.0000e+10 1542.97739   100%  55.9 2075s
 1477368 1032034 1573.59555   45  339 3.0000e+10 1543.01648   100%  55.9 2080s
 1483840 1037869 1589.15041   48  356 3.0000e+10 1543.04748   100%  56.0 2085s
 1495077 1047430 7.0861e+09   83  286 3.0000e+10 1543.10070   100%  55.9 2090s
 1499361 1051214 1599.03992   41  321 3.0000e+10 1543.11386   100%  55.9 2095s
 1508418 1058574 1.0000e+10   59  304 3.0000e+10 1543.16709   100%  56.0 2100s
 1515473 1064340 1.0665e+09   73  309 3.0000e+10 1543.20696   100%  56.0 2105s
 1523482 1071124 1585.13659   45  352 3.0000e+10 1543.24043   100%  56.0 2115s
 1529122 1076906 1572.23603   47  353 3.0000e+10 1543.27229   100%  55.9 2120s
 1536492 1083134 1.6635e+10   63  333 3.0000e+10 1543.30262   100%  55.9 2125s
 1544845 1090449 1.4464e+10  107  338 3.0000e+10 1543.34944   100%  56.0 2130s
 1550906 1095488 1.1084e+10   64  328 3.0000e+10 1543.38424   100%  56.0 2135s
 1560436 1103314 1.2738e+09   65  325 3.0000e+10 1543.43133   100%  56.0 2140s
 1566952 1108710 1.0596e+10  149  316 3.0000e+10 1543.45968   100%  56.0 2145s
 1577159 1118058 1639.96538   50  332 3.0000e+10 1543.50382   100%  56.0 2150s
 1582096 1122290 7.9802e+09  148  291 3.0000e+10 1543.52965   100%  55.9 2155s
 1591228 1130236 1566.69725   45  365 3.0000e+10 1543.57395   100%  55.9 2160s
 1602015 1139135 4.3909e+09   95  329 3.0000e+10 1543.63097   100%  55.9 2166s
 1608908 1145156 2.0000e+10   49  291 3.0000e+10 1543.66668   100%  55.9 2173s
 1609371 1150358 1563.80580   40  333 3.0000e+10 1543.66962   100%  55.9 2177s
 1616557 1152651     cutoff   58      3.0000e+10 1543.71125   100%  56.0 2180s
 1627156 1161805 1.1985e+10  117  302 3.0000e+10 1543.75655   100%  56.0 2185s
 1635350 1168369 7.6653e+09   67  302 3.0000e+10 1543.80016   100%  55.9 2192s
 1636920 1169638 3.6021e+09  120  314 3.0000e+10 1543.80926   100%  55.9 2196s
 1644355 1176616 1739.09597   70  321 3.0000e+10 1543.84652   100%  55.9 2200s
 1649357 1180855 1818.38356   81  344 3.0000e+10 1543.86439   100%  56.0 2205s
 1654205 1188540 2.3994e+09   72  318 3.0000e+10 1543.88616   100%  56.0 2212s
 1664765 1193754 1581.71360   52  349 3.0000e+10 1543.93328   100%  55.9 2215s
 1673746 1201230 1761.57647   59  339 3.0000e+10 1543.98218   100%  56.0 2221s
 1680982 1207041 1585.24357   44  360 3.0000e+10 1544.01302   100%  56.0 2226s
 1681816 1207983 1577.41682   36  341 3.0000e+10 1544.02621   100%  56.0 2230s
 1691841 1217110 1648.19784   59  328 3.0000e+10 1544.07186   100%  56.0 2235s
 1698716 1223663 1705.11852   44  305 3.0000e+10 1544.10333   100%  56.0 2240s
 1706958 1230143 8.1017e+08   55  314 3.0000e+10 1544.13752   100%  56.0 2245s
 1716579 1237863 1563.12950   44  348 3.0000e+10 1544.18360   100%  55.9 2250s
 1720027 1240762 1730.29388   46  326 3.0000e+10 1544.19983   100%  55.9 2257s
 1722639 1243545 1716.05401   50  320 3.0000e+10 1544.20988   100%  56.0 2260s
 1730944 1250091 1567.45231   43  350 3.0000e+10 1544.25402   100%  56.0 2266s
 1737581 1257108 8.9795e+09   79  313 3.0000e+10 1544.28924   100%  55.9 2270s
 1747240 1265144 4.7375e+08   60  296 3.0000e+10 1544.32741   100%  55.9 2275s
 1754504 1270900 1589.93293   48  340 3.0000e+10 1544.35930   100%  56.0 2280s
 1762023 1278010 1633.40974   46  309 3.0000e+10 1544.39584   100%  56.0 2285s
 1768457 1282883 2.2298e+10  133  339 3.0000e+10 1544.43200   100%  55.9 2291s
 1775642 1289823 1594.17760   39  341 3.0000e+10 1544.45846   100%  55.9 2295s
 1780897 1293846 1.5750e+10  146  302 3.0000e+10 1544.48231   100%  56.0 2300s
 1790098 1302560 1587.54270   46  338 3.0000e+10 1544.53160   100%  56.0 2305s
 1795431 1305786 1573.99843   42  346 3.0000e+10 1544.54703   100%  55.9 2310s
 1799537 1309347 2.9915e+10  122  308 3.0000e+10 1544.56535   100%  55.9 2316s
 1805601 1315737 1617.74558   50  337 3.0000e+10 1544.59030   100%  56.0 2320s
 1815003 1323847 3.1507e+09   96  322 3.0000e+10 1544.63680   100%  56.0 2325s
 1822345 1330289 1.4641e+10  120  292 3.0000e+10 1544.66664   100%  55.9 2330s
 1831782 1338362 1608.46036   57  339 3.0000e+10 1544.69806   100%  55.9 2335s
 1834881 1340091 1.0000e+10   61  320 3.0000e+10 1544.71123   100%  55.9 2340s
 1842944 1347943 1.8719e+10   95  314 3.0000e+10 1544.74922   100%  55.9 2345s
 1850805 1354190 2.2361e+09   69  325 3.0000e+10 1544.78671   100%  55.9 2350s
 1856317 1359200 5.9092e+09   93  328 3.0000e+10 1544.80371   100%  55.9 2355s
 1865714 1367628 1569.88493   37  337 3.0000e+10 1544.83875   100%  55.9 2360s
 1871036 1371756 2.2951e+09   64  332 3.0000e+10 1544.86678   100%  55.9 2367s
 1873517 1374858 8.4122e+08   55  315 3.0000e+10 1544.87369   100%  55.9 2370s
 1879100 1379408 1604.61025   49  337 3.0000e+10 1544.89541   100%  55.9 2375s
 1888481 1386831 1.6279e+10  111  306 3.0000e+10 1544.93197   100%  55.9 2380s
 1893509 1391727 1.8165e+10  116  337 3.0000e+10 1544.95528   100%  55.9 2385s
 1903416 1399853 1577.74309   45  346 3.0000e+10 1545.00147   100%  55.9 2390s
 1911697 1407310 2.1267e+09   63  339 3.0000e+10 1545.03547   100%  55.9 2395s
 1918225 1412691 1573.96394   48  342 3.0000e+10 1545.05823   100%  55.9 2400s
 1924389 1418386 1707.90809   52  325 3.0000e+10 1545.08181   100%  55.9 2405s
 1932134 1424957 1699.89420   71  339 3.0000e+10 1545.11129   100%  55.9 2410s
 1939193 1431066 1568.45378   39  318 3.0000e+10 1545.13858   100%  55.9 2415s
 1946464 1436806 1.4124e+10  111  315 3.0000e+10 1545.16348   100%  55.9 2422s
 1951181 1441845 1574.72900   42  351 3.0000e+10 1545.19035   100%  55.9 2425s
 1957657 1446878 1560.78564   40  336 3.0000e+10 1545.21399   100%  55.9 2430s
 1962967 1450730 6.4386e+09   91  299 3.0000e+10 1545.23847   100%  55.9 2439s
 1963101 1451149 6.4757e+09   92  299 3.0000e+10 1545.23847   100%  55.9 2441s
 1966540 1454508 1562.65994   44  353 3.0000e+10 1545.25143   100%  55.9 2445s
 1977071 1463719 1612.31467   56  328 3.0000e+10 1545.29529   100%  55.8 2450s
 1984162 1468918 2.1927e+10   62  323 3.0000e+10 1545.32360   100%  55.9 2456s
 1988441 1473780     cutoff  141      3.0000e+10 1545.34305   100%  55.9 2460s
 1996597 1480639 3.9067e+09   80  326 3.0000e+10 1545.37935   100%  55.9 2465s
 2004757 1487591 5.5815e+08   83  345 3.0000e+10 1545.40730   100%  55.9 2470s
 2010180 1492598 1568.09970   50  364 3.0000e+10 1545.43099   100%  55.9 2475s
 2018128 1499309 1.6016e+10  107  314 3.0000e+10 1545.46247   100%  55.9 2480s
 2026624 1506527 1.0462e+10   69  322 3.0000e+10 1545.49656   100%  55.9 2485s
 2030850 1510374 1633.67906   51  303 3.0000e+10 1545.51445   100%  55.8 2490s
 2039377 1517071 1697.37996   58  316 3.0000e+10 1545.55070   100%  55.8 2496s
 2045544 1523704 1.0000e+10   57  336 3.0000e+10 1545.57000   100%  55.8 2500s
 2053464 1529666 1623.35998   51  350 3.0000e+10 1545.59896   100%  55.8 2507s
 2059326 1535741 4.2010e+08   75  329 3.0000e+10 1545.61288   100%  55.8 2510s
 2066608 1541267 2.0113e+10  113  308 3.0000e+10 1545.64444   100%  55.8 2516s
 2072024 1546108 1577.92036   38  351 3.0000e+10 1545.66789   100%  55.8 2520s
 2078984 1552053 1760.14211   47  273 3.0000e+10 1545.70454   100%  55.8 2527s
 2081669 1555081 2.5367e+09   83  300 3.0000e+10 1545.71225   100%  55.8 2530s
 2088492 1560527 6.1547e+09  107  301 3.0000e+10 1545.73614   100%  55.8 2538s
 2089755 1562340 2.3393e+10   99  298 3.0000e+10 1545.74078   100%  55.8 2540s
 2099863 1570891 1569.52700   40  343 3.0000e+10 1545.77029   100%  55.8 2545s
 2108937 1577642 1617.78940   57  338 3.0000e+10 1545.80132   100%  55.8 2557s
 2110636 1580279 1556.32312   38  361 3.0000e+10 1545.80582   100%  55.8 2560s
 2114539 1583679 1617.05518   47  328 3.0000e+10 1545.81963   100%  55.8 2565s
 2123749 1591587 1753.25431   56  331 3.0000e+10 1545.84801   100%  55.8 2570s
 2132502 1598807 1566.16548   38  355 3.0000e+10 1545.87830   100%  55.8 2575s
 2137115 1603500 1698.09022   75  337 3.0000e+10 1545.89449   100%  55.8 2580s
 2145162 1609752 5.3213e+08   49  311 3.0000e+10 1545.92307   100%  55.8 2585s
 2150012 1613913 infeasible  163      3.0000e+10 1545.93783   100%  55.8 2590s
 2160382 1622809 3.9739e+08   53  344 3.0000e+10 1545.97240   100%  55.8 2595s
 2165485 1627321     cutoff  147      3.0000e+10 1545.99599   100%  55.8 2600s
 2175540 1635922 1554.31644   34  322 3.0000e+10 1546.03362   100%  55.8 2605s
 2184046 1643474 1708.62222   70  332 3.0000e+10 1546.06615   100%  55.8 2610s
 2190068 1648965 1748.35431   72  322 3.0000e+10 1546.08395   100%  55.8 2615s
 2198178 1655827 6.5883e+09   93  322 3.0000e+10 1546.11461   100%  55.8 2620s
 2203255 1660105 1575.36944   41  360 3.0000e+10 1546.13321   100%  55.8 2625s
 2213493 1668475 1670.48833   51  304 3.0000e+10 1546.17155   100%  55.8 2630s
 2218761 1672738 2.0000e+10   63  333 3.0000e+10 1546.18956   100%  55.8 2635s
 2226237 1679388 1564.47474   49  353 3.0000e+10 1546.21208   100%  55.8 2640s
 2232557 1684976 1.3396e+10  109  312 3.0000e+10 1546.23512   100%  55.8 2645s
 2240145 1691266 1.2085e+10  144  295 3.0000e+10 1546.26216   100%  55.8 2650s
 2242652 1693464 1613.15210   58  339 3.0000e+10 1546.27841   100%  55.8 2655s
 2252679 1701313 1678.06834   56  332 3.0000e+10 1546.30856   100%  55.8 2662s
 2252933 1702527 2.3470e+09   86  313 3.0000e+10 1546.30869   100%  55.8 3049s
 2254380 1703710 1600.19640   45  339 3.0000e+10 1546.31183   100%  55.8 3050s
 2262125 1709559 1666.85526   68  335 3.0000e+10 1546.33985   100%  55.8 3055s
 2266883 1714387 1556.77369   49  366 3.0000e+10 1546.35632   100%  55.9 3060s
 2275914 1722054 1659.92188   63  324 3.0000e+10 1546.38948   100%  55.9 3065s
 2277427 1722204 2.6427e+09   59  340 3.0000e+10 1546.39395   100%  55.9 3070s
 2279467 1725230 1638.89392   48  321 3.0000e+10 1546.39930   100%  55.8 3075s
 2290327 1734420 1569.35557   51  344 3.0000e+10 1546.43248   100%  55.8 3080s
 2298929 1741477 3.7239e+09   83  290 3.0000e+10 1546.45679   100%  55.8 3085s
 2308526 1749644 5.9112e+08   67  293 3.0000e+10 1546.48772   100%  55.8 3091s
 2317058 1758532 1619.18751   46  329 3.0000e+10 1546.51254   100%  55.8 3095s
 2324880 1764053 1608.43068   56  342 3.0000e+10 1546.53403   100%  55.7 3100s
 2333657 1772466 2.0945e+10  143  295 3.0000e+10 1546.55875   100%  55.7 3105s
 2341504 1779005 4.5257e+08   63  322 3.0000e+10 1546.58341   100%  55.7 3110s
 2347840 1785429 1619.41945   57  347 3.0000e+10 1546.60309   100%  55.7 3115s
 2359414 1794128 1.0000e+10   61  314 3.0000e+10 1546.63916   100%  55.7 3123s
 2360568 1795107 1561.54218   40  358 3.0000e+10 1546.63966   100%  55.7 3127s
 2364920 1800010 1626.28157   53  343 3.0000e+10 1546.65905   100%  55.7 3130s
 2375509 1808126 infeasible   50      3.0000e+10 1546.69175   100%  55.7 3135s
 2380184 1812801 1561.69030   43  342 3.0000e+10 1546.70196   100%  55.7 3140s
 2390660 1821798 1594.46077   35  319 3.0000e+10 1546.74018   100%  55.7 3145s
 2398117 1828668 1586.79578   47  347 3.0000e+10 1546.75992   100%  55.7 3150s
 2407180 1835550 1663.09722   44  323 3.0000e+10 1546.79074   100%  55.7 3155s
 2413473 1842148 9.3063e+08   69  320 3.0000e+10 1546.81144   100%  55.7 3160s
 2420019 1847321 1644.34100   46  330 3.0000e+10 1546.83091   100%  55.7 3165s
 2431060 1856905 1.1552e+10   67  324 3.0000e+10 1546.86171   100%  55.7 3170s
 2434339 1859218 1611.82953   46  332 3.0000e+10 1546.87039   100%  55.7 3175s
 2442876 1867223 1635.30367   50  317 3.0000e+10 1546.89939   100%  55.7 3180s
 2447130 1870344 1581.66978   49  353 3.0000e+10 1546.91176   100%  55.7 3185s
 2453210 1874801 3.0388e+09   80  310 3.0000e+10 1546.92989   100%  55.7 3190s
 2461004 1882492 1607.17163   52  343 3.0000e+10 1546.95030   100%  55.7 3195s
 2465882 1885502 2.5333e+10  148  308 3.0000e+10 1546.97322   100%  55.7 3200s
 2474081 1894308 6.9909e+09   93  323 3.0000e+10 1547.00440   100%  55.7 3205s
 2483317 1901614 1565.51209   44  350 3.0000e+10 1547.02887   100%  55.7 3210s
 2490002 1906168 2.3583e+10   98  286 3.0000e+10 1547.05349   100%  55.7 3218s
 2492526 1909203 2.0973e+10  155  339 3.0000e+10 1547.06253   100%  55.7 3220s
 2496047 1913034 1615.98641   48  332 3.0000e+10 1547.07404   100%  55.7 3225s
 2506917 1921807 1585.71028   44  344 3.0000e+10 1547.10441   100%  55.7 3230s
 2515189 1928891 5.1390e+08   76  319 3.0000e+10 1547.13788   100%  55.7 3235s
 2522589 1935365 4.0772e+09   74  336 3.0000e+10 1547.15437   100%  55.7 3240s
 2529416 1941471 1585.55044   50  326 3.0000e+10 1547.17842   100%  55.7 3245s
 2538783 1948533 1.0301e+10  108  316 3.0000e+10 1547.20772   100%  55.7 3250s
 2547987 1956133 1619.44902   44  328 3.0000e+10 1547.23721   100%  55.6 3262s
 2552700 1961627 8.9320e+08   57  312 3.0000e+10 1547.25121   100%  55.6 3265s
 2563406 1969888 1684.27949   43  320 3.0000e+10 1547.27608   100%  55.6 3270s
 2568937 1974266 1675.50096   50  318 3.0000e+10 1547.29256   100%  55.6 3277s
 2573370 1979112 1.0000e+10   88  305 3.0000e+10 1547.30738   100%  55.6 3280s
 2584534 1988801 1568.96569   52  351 3.0000e+10 1547.33520   100%  55.6 3285s
 2594000 1997082 1575.75264   52  323 3.0000e+10 1547.36039   100%  55.6 3290s
 2601969 2006946 1562.85521   39  352 3.0000e+10 1547.38200   100%  55.6 3295s
 2607369 2008413 1596.59048   51  338 3.0000e+10 1547.39675   100%  55.6 3301s
 2614035 2014946 1633.65908   63  318 3.0000e+10 1547.41775   100%  55.6 3305s
 2623139 2022350     cutoff  168      3.0000e+10 1547.43701   100%  55.5 3310s
 2630673 2029720 2.7230e+10  129  299 3.0000e+10 1547.46087   100%  55.5 3315s
 2637468 2034594 1560.68969   39  350 3.0000e+10 1547.47823   100%  55.5 3323s
 2639082 2037154 1617.46604   54  301 3.0000e+10 1547.48409   100%  55.5 3325s
 2645250 2042544 8.7062e+09   92  298 3.0000e+10 1547.49766   100%  55.5 3330s
 2653956 2049237 1.6351e+10  137  335 3.0000e+10 1547.51487   100%  55.5 3335s
 2659457 2053738 2.5814e+10  116  305 3.0000e+10 1547.53310   100%  55.5 3341s
 2666135 2060368 1.2320e+10   79  329 3.0000e+10 1547.55128   100%  55.5 3345s
 2675230 2068064 1574.88437   45  333 3.0000e+10 1547.58344   100%  55.5 3350s
 2684364 2076209 6.2169e+09   76  274 3.0000e+10 1547.61064   100%  55.6 3355s
 2689791 2080338 8.3287e+08   76  315 3.0000e+10 1547.63020   100%  55.6 3360s
 2693403 2084125 1.0000e+10   42  335 3.0000e+10 1547.63920   100%  55.6 3366s
 2700815 2090234 1602.03457   58  351 3.0000e+10 1547.66025   100%  55.6 3370s
 2706945 2095226 1557.01816   37  336 3.0000e+10 1547.67654   100%  55.6 3375s
 2716998 2103449     cutoff   95      3.0000e+10 1547.70349   100%  55.6 3380s
 2725650 2110842 4.7985e+09   78  330 3.0000e+10 1547.73393   100%  55.6 3385s
 2730661 2114390 3.5930e+08   71  345 3.0000e+10 1547.74560   100%  55.6 3391s
 2732088 2117041 2.8402e+09  100  329 3.0000e+10 1547.75109   100%  55.6 3395s
 2743271 2126229 1596.82574   40  341 3.0000e+10 1547.77993   100%  55.6 3400s
 2748600 2130646 1716.42438   62  300 3.0000e+10 1547.79182   100%  55.6 3405s
 2753932 2137113 1584.71166   49  364 3.0000e+10 1547.80912   100%  55.6 3410s
 2762846 2143202 1.8703e+10  119  320 3.0000e+10 1547.83605   100%  55.6 3415s
 2769082 2148620 1.0000e+10   65  318 3.0000e+10 1547.85158   100%  55.6 3420s
 2779918 2157521 1.0096e+09   67  330 3.0000e+10 1547.88616   100%  55.6 3425s
 2786193 2162726     cutoff  139      3.0000e+10 1547.90491   100%  55.6 3431s
 2792942 2167838 2.0657e+09   63  337 3.0000e+10 1547.92535   100%  55.6 3436s
 2797200 2172649 7.1506e+08   60  327 3.0000e+10 1547.93905   100%  55.7 3440s
 2802679 2177471 2.3864e+10  120  288 3.0000e+10 1547.95470   100%  55.7 3445s
 2812691 2184710 1.4474e+09   63  330 3.0000e+10 1547.98155   100%  55.6 3451s
 2819533 2190626 1594.92140   40  348 3.0000e+10 1547.99381   100%  55.6 3455s
 2823522 2194009 1643.82396   53  358 3.0000e+10 1548.00242   100%  55.6 3460s
 2830763 2201960 1696.15977   62  318 3.0000e+10 1548.01650   100%  55.6 3465s
 2837660 2207523 1589.61295   44  337 3.0000e+10 1548.03805   100%  55.6 3470s
 2847518 2216287 1601.83658   49  343 3.0000e+10 1548.06435   100%  55.6 3475s
 2854419 2220857     cutoff  143      3.0000e+10 1548.07934   100%  55.6 3482s
 2855612 2222358 1563.34957   42  360 3.0000e+10 1548.08405   100%  55.6 3485s
 2864405 2229642 5.5575e+08   72  316 3.0000e+10 1548.10872   100%  55.6 3491s
 2869961 2235086 1.4382e+09   68  281 3.0000e+10 1548.12006   100%  55.6 3495s
 2879423 2242934 1.4852e+10  112  313 3.0000e+10 1548.14450   100%  55.6 3500s
 2887291 2249959 1.2787e+10   97  311 3.0000e+10 1548.16746   100%  55.6 3505s
 2894984 2257217 2.2940e+09   61  308 3.0000e+10 1548.19052   100%  55.6 3510s
 2901490 2261416 6.0229e+09   92  331 3.0000e+10 1548.20353   100%  55.6 3517s
 2903779 2264734 6.3718e+09   80  297 3.0000e+10 1548.21141   100%  55.6 3520s
 2911767 2271091 1565.02767   39  358 3.0000e+10 1548.22878   100%  55.6 3525s
 2922092 2279157 1569.69987   37  348 3.0000e+10 1548.25665   100%  55.6 3533s
 2925964 2283614 1.4819e+10   64  320 3.0000e+10 1548.27008   100%  55.6 3535s
 2934915 2291357 1629.89488   50  337 3.0000e+10 1548.29672   100%  55.6 3540s
 2943295 2297929 1.9251e+10  126  312 3.0000e+10 1548.32386   100%  55.6 3545s
 2949392 2304131 1658.34780   71  342 3.0000e+10 1548.34319   100%  55.6 3550s
 2958413 2311356 1601.73250   54  341 3.0000e+10 1548.37312   100%  55.6 3555s
 2959382 2311363 1.0000e+10   55  325 3.0000e+10 1548.37552   100%  55.6 3561s
 2959672 2311504 1564.96135   52  351 3.0000e+10 1548.37721   100%  55.6 3566s
 2965904 2317216 1563.69066   44  351 3.0000e+10 1548.39342   100%  55.6 3570s
 2975466 2326089 1684.72339   58  284 3.0000e+10 1548.42467   100%  55.6 3575s
 2985757 2335031 4.3719e+09   91  316 3.0000e+10 1548.45237   100%  55.6 3580s
 2991861 2340630 2.1723e+10   97  327 3.0000e+10 1548.46610   100%  55.6 3585s
 3000614 2347556 2.3302e+08   64  302 3.0000e+10 1548.48587   100%  55.6 3590s
 3006869 2353658 1.0002e+10  131  326 3.0000e+10 1548.49748   100%  55.6 3595s
 3014108 2360103 1580.37020   41  338 3.0000e+10 1548.51855   100%  55.6 3600s
 3025229 2369511 1768.90432   60  316 3.0000e+10 1548.54361   100%  55.6 3606s
 3033044 2376621 3.2296e+08   50  312 3.0000e+10 1548.56130   100%  55.5 3610s
 3039666 2382614 2.1048e+10  137  316 3.0000e+10 1548.57540   100%  55.6 3615s
 3046307 2386925     cutoff  146      3.0000e+10 1548.58791   100%  55.5 3620s
 3054009 2394576 1566.78567   40  345 3.0000e+10 1548.60399   100%  55.5 3625s
 3064434 2402590 1609.05450   47  340 3.0000e+10 1548.62410   100%  55.5 3634s
 3064510 2403499 1617.37355   48  332 3.0000e+10 1548.62448   100%  55.5 3635s
 3070307 2409092 1656.56477   52  324 3.0000e+10 1548.63925   100%  55.5 3640s
 3079275 2416352 1580.01503   39  344 3.0000e+10 1548.66722   100%  55.6 3645s
 3087370 2423522 1742.15721   57  335 3.0000e+10 1548.68656   100%  55.5 3650s
 3090145 2425359 3.6985e+09  104  317 3.0000e+10 1548.69144   100%  55.5 3655s
 3100104 2434104 2.3243e+10  133  306 3.0000e+10 1548.71104   100%  55.5 3660s
 3108935 2441866     cutoff   66      3.0000e+10 1548.72838   100%  55.5 3665s
 3118533 2450549 1.8527e+09   89  316 3.0000e+10 1548.74761   100%  55.5 3670s
 3120430 2451156 1632.48371   63  339 3.0000e+10 1548.74904   100%  55.5 3675s
 3124570 2455683 9.1918e+08   64  307 3.0000e+10 1548.75894   100%  55.5 4750s
 3134963 2464160 1656.33068   61  323 3.0000e+10 1548.77831   100%  55.5 5110s
 3139905 2469053 1559.27926   46  345 3.0000e+10 1548.79073   100%  55.5 5115s
 3150788 2478523 1604.70926   52  333 3.0000e+10 1548.81765   100%  55.5 5120s
 3159416 2485729 1.0000e+10   67  338 3.0000e+10 1548.83749   100%  55.5 5125s
 3168359 2493105 1673.02982   59  313 3.0000e+10 1548.85694   100%  55.5 5131s
 3173501 2498394 2.5330e+09   85  298 3.0000e+10 1548.86661   100%  55.5 5135s
 3181507 2504062 2.0771e+10  134  288 3.0000e+10 1548.88414   100%  55.5 5140s
 3183510 2505863 1.0961e+10  110  322 3.0000e+10 1548.88995   100%  55.5 5145s
 3191829 2514047 infeasible   67      3.0000e+10 1548.91059   100%  55.5 5150s
 3202148 2522493 1639.34553   58  323 3.0000e+10 1548.93583   100%  55.5 5155s
 3209134 2528952 2.6707e+10  102  324 3.0000e+10 1548.95234   100%  55.5 5160s
 3217294 2535904 1593.42526   58  340 3.0000e+10 1548.97343   100%  55.5 5165s
 3225102 2542933 1766.83864   69  322 3.0000e+10 1548.99105   100%  55.5 5170s
 3231753 2547722 1712.47753   70  323 3.0000e+10 1549.00696   100%  55.5 5175s
 3235549 2551643     cutoff  115      3.0000e+10 1549.01667   100%  55.5 5180s
 3242934 2557077 1743.68425   55  309 3.0000e+10 1549.03199   100%  55.5 5187s
 3244952 2558546 1596.10228   53  347 3.0000e+10 1549.03754   100%  55.5 5196s
 3247249 2561141 1.2347e+10   67  326 3.0000e+10 1549.04441   100%  55.5 5200s
 3254044 2567301 1.0637e+10   90  337 3.0000e+10 1549.06126   100%  55.5 5205s
 3257571 2570423 1618.61976   51  335 3.0000e+10 1549.06616   100%  55.5 5210s
 3267049 2578595 6.9161e+09   73  321 3.0000e+10 1549.08702   100%  55.5 5215s
 3277387 2587092 1643.36482   54  330 3.0000e+10 1549.10737   100%  55.5 5220s
 3278535 2587273 1628.04378   45  344 3.0000e+10 1549.10862   100%  55.5 5225s
 3284639 2592584 2.7222e+08   84  284 3.0000e+10 1549.12548   100%  55.5 5231s
 3290542 2598231 4.0446e+09  118  291 3.0000e+10 1549.13560   100%  55.5 5235s
 3297973 2604743 1670.17285   68  319 3.0000e+10 1549.15332   100%  55.5 5240s
 3308021 2612638 1659.28907   56  328 3.0000e+10 1549.17461   100%  55.5 5247s
 3313382 2617976 1618.62450   44  329 3.0000e+10 1549.19136   100%  55.5 5250s
 3320760 2623612 1.5689e+09   62  325 3.0000e+10 1549.20631   100%  55.5 5256s
 3326130 2629615 1613.18525   49  351 3.0000e+10 1549.22030   100%  55.5 5260s
 3335325 2637507 1630.09443   48  310 3.0000e+10 1549.24566   100%  55.5 5265s
 3342090 2643014 1556.27352   37  352 3.0000e+10 1549.25791   100%  55.5 5270s
 3349454 2648826 1646.25009   70  320 3.0000e+10 1549.27242   100%  55.5 5275s
 3356140 2654485 1595.26626   49  337 3.0000e+10 1549.29107   100%  55.6 5280s
 3358550 2657383 1554.18856   34  371 3.0000e+10 1549.29689   100%  55.6 5285s
 3365264 2662492 1612.74319   51  321 3.0000e+10 1549.31152   100%  55.6 5290s
 3374556 2670249 2.1530e+09   72  324 3.0000e+10 1549.33097   100%  55.6 5295s
 3380383 2675477 1563.71395   36  317 3.0000e+10 1549.34483   100%  55.6 5300s
 3384915 2679258 1593.93271   48  345 3.0000e+10 1549.35410   100%  55.6 5305s
 3393010 2685422 1.3015e+09   70  307 3.0000e+10 1549.37423   100%  55.6 5311s
 3399843 2691302 1631.87490   56  343 3.0000e+10 1549.38738   100%  55.6 5315s
 3408054 2698660 1568.41583   44  349 3.0000e+10 1549.40887   100%  55.6 5320s
 3416517 2705176 1575.82104   41  340 3.0000e+10 1549.42815   100%  55.6 5327s
 3418124 2707477 1577.45928   44  335 3.0000e+10 1549.43203   100%  55.6 5330s
 3423771 2711992 1572.49638   42  348 3.0000e+10 1549.44728   100%  55.6 5335s
 3433424 2720206 1612.51246   62  335 3.0000e+10 1549.47136   100%  55.6 5340s
 3443518 2728687 1637.37817   41  344 3.0000e+10 1549.49370   100%  55.6 5345s
 3445700 2729945 1605.45689   42  337 3.0000e+10 1549.50057   100%  55.6 5351s
 3452725 2736747     cutoff   56      3.0000e+10 1549.51845   100%  55.6 5355s
 3460158 2743442 1583.25640   44  324 3.0000e+10 1549.53425   100%  55.6 5360s
 3467742 2750169 1.5549e+09   81  306 3.0000e+10 1549.55170   100%  55.6 5365s
 3474291 2755694 4.2514e+08   77  307 3.0000e+10 1549.56180   100%  55.6 5370s
 3481867 2762082 1555.95638   39  361 3.0000e+10 1549.57707   100%  55.6 5375s
 3484710 2764298 9.5318e+08   79  314 3.0000e+10 1549.58130   100%  55.6 5380s
 3492753 2771172 6.6079e+08  100  314 3.0000e+10 1549.60185   100%  55.6 5385s
 3498974 2776842 1598.68967   51  340 3.0000e+10 1549.61479   100%  55.6 5390s
 3507830 2784034 7.6641e+09  146  302 3.0000e+10 1549.63186   100%  55.6 5397s
 3511584 2786898 1612.72619   53  346 3.0000e+10 1549.63890   100%  55.6 5401s
 3518230 2793239 1555.37325   36  365 3.0000e+10 1549.65160   100%  55.6 5405s
 3521193 2795495 1673.31067   55  298 3.0000e+10 1549.65657   100%  55.6 5412s
 3525385 2799531 1581.58367   40  349 3.0000e+10 1549.66723   100%  55.6 5415s
 3533663 2805889 1607.10910   42  315 3.0000e+10 1549.68323   100%  55.6 5420s
 3542134 2813052 1590.32805   48  344 3.0000e+10 1549.70012   100%  55.6 5425s
 3546059 2817550 2.0387e+10  122  314 3.0000e+10 1549.70588   100%  55.6 5430s
 3551705 2822510 1588.56950   44  353 3.0000e+10 1549.71722   100%  55.6 5435s
 3562531 2831247 1603.44411   54  357 3.0000e+10 1549.73868   100%  55.6 5440s
 3564952 2832566 1639.80998   51  323 3.0000e+10 1549.74548   100%  55.6 5447s
 3569338 2837725 1.9994e+10  137  308 3.0000e+10 1549.75241   100%  55.6 5450s
 3575938 2843000 1.9273e+10  124  336 3.0000e+10 1549.76773   100%  55.6 5455s
 3586672 2852439 1647.66952   54  329 3.0000e+10 1549.78761   100%  55.6 5460s
 3594653 2859682 1617.28773   59  335 3.0000e+10 1549.80325   100%  55.6 5465s
 3600414 2865155 1.2679e+10  140  301 3.0000e+10 1549.81474   100%  55.6 5470s
 3608338 2871594 1566.33580   42  358 3.0000e+10 1549.83107   100%  55.6 5475s
 3616874 2879589 2.2525e+09   73  315 3.0000e+10 1549.85107   100%  55.6 5480s
 3622366 2883602 1.4613e+09   67  331 3.0000e+10 1549.86227   100%  55.6 5485s
 3631829 2891698 1.1299e+10  102  328 3.0000e+10 1549.87997   100%  55.6 5490s
 3642753 2900683 1599.77785   45  340 3.0000e+10 1549.89519   100%  55.6 5496s
 3649974 2907755 3.5058e+09  107  307 3.0000e+10 1549.91274   100%  55.5 5500s
 3656113 2912300 1678.23890   63  308 3.0000e+10 1549.92509   100%  55.5 5505s
 3665172 2920602 1562.96552   41  357 3.0000e+10 1549.94258   100%  55.5 5510s
 3670685 2924287 1573.96082   46  360 3.0000e+10 1549.95187   100%  55.5 5517s
 3672702 2925780 4.5021e+08   54  323 3.0000e+10 1549.95861   100%  55.6 5521s
 3679617 2932780 1564.22159   49  362 3.0000e+10 1549.97505   100%  55.5 5525s
 3688196 2939779 1.7925e+10  144  305 3.0000e+10 1549.99372   100%  55.6 5530s
 3699159 2948783 1662.10068   53  322 3.0000e+10 1550.01092   100%  55.6 5536s
 3706532 2954922 1563.92917   40  326 3.0000e+10 1550.02624   100%  55.6 5544s
 3706540 2956102 1565.15304   41  323 3.0000e+10 1550.02662   100%  55.6 5545s
 3711491 2960194 3.4275e+09   67  315 3.0000e+10 1550.03306   100%  55.5 5550s
 3720755 2968203 1574.52929   52  347 3.0000e+10 1550.05457   100%  55.6 5555s
 3730252 2976174 1.1726e+09   66  319 3.0000e+10 1550.07773   100%  55.6 5560s
 3738612 2982364 2.6685e+10  138  311 3.0000e+10 1550.09571   100%  55.6 5566s
 3742708 2986314 1567.63992   48  344 3.0000e+10 1550.10460   100%  55.6 5570s
 3749356 2992613 1563.42482   43  351 3.0000e+10 1550.12406   100%  55.6 5575s
 3756236 2998529 1.7862e+10  126  272 3.0000e+10 1550.13622   100%  55.6 5580s
 3765700 3007070 1632.66616   60  349 3.0000e+10 1550.14932   100%  55.6 5585s
 3774005 3013383 1597.41974   48  350 3.0000e+10 1550.16503   100%  55.6 5590s
 3782230 3020422 3.0914e+09   95  316 3.0000e+10 1550.18096   100%  55.6 5596s
 3790251 3027584 2.8296e+08   63  337 3.0000e+10 1550.19909   100%  55.6 5600s
 3793657 3029416 1728.09111   52  319 3.0000e+10 1550.20452   100%  55.6 5609s
 3793667 3029455 1729.59317   53  320 3.0000e+10 1550.20452   100%  55.6 5611s
 3797059 3032782 1.3211e+09   44  323 3.0000e+10 1550.21137   100%  55.6 5615s
 3803130 3037856 1.0233e+09   75  324 3.0000e+10 1550.22688   100%  55.6 5620s
 3813164 3046530 1.9529e+10  146  296 3.0000e+10 1550.24711   100%  55.6 5626s
 3820276 3053813 1633.44180   60  327 3.0000e+10 1550.26319   100%  55.6 5630s
 3829071 3060483 2.2850e+10  144  301 3.0000e+10 1550.27869   100%  55.5 5636s
 3838054 3069005 1639.90756   64  347 3.0000e+10 1550.29522   100%  55.5 5640s
 3845450 3075884 1667.00366   65  331 3.0000e+10 1550.30946   100%  55.5 5645s
 3853409 3082667 1597.75274   48  351 3.0000e+10 1550.32569   100%  55.5 5650s
 3861717 3089364 1626.80053   61  339 3.0000e+10 1550.34514   100%  55.5 5655s
 3869267 3095252 2.4199e+08   70  330 3.0000e+10 1550.35916   100%  55.5 5660s
 3876563 3102823 1578.48101   37  349 3.0000e+10 1550.37173   100%  55.5 5665s
 3884743 3111733 1.1639e+10  106  300 3.0000e+10 1550.38695   100%  55.5 5670s
 3892501 3116289 7.2681e+09   96  321 3.0000e+10 1550.40155   100%  55.5 5675s
 3903326 3125760 6.8933e+09  132  309 3.0000e+10 1550.42515   100%  55.5 5680s
 3910682 3132396 1.9407e+10  117  329 3.0000e+10 1550.43716   100%  55.5 5685s
 3920302 3140827 1743.34031   60  326 3.0000e+10 1550.45185   100%  55.4 5692s
 3925442 3145666 1599.25545   47  346 3.0000e+10 1550.46038   100%  55.4 5695s
 3935621 3153309 1.0000e+10   52  299 3.0000e+10 1550.47785   100%  55.4 5700s
 3942775 3159355 7.7229e+09  100  330 3.0000e+10 1550.49001   100%  55.5 5705s
 3948743 3165013 1.3473e+10  108  329 3.0000e+10 1550.50076   100%  55.5 5710s
 3957166 3172270 2.0003e+09   78  326 3.0000e+10 1550.51808   100%  55.5 5715s
 3965936 3179605 9.1788e+09   97  315 3.0000e+10 1550.53731   100%  55.5 5720s
 3971939 3184841 1.3341e+09   62  344 3.0000e+10 1550.54666   100%  55.5 5725s
 3978567 3189620 4.4126e+09   83  319 3.0000e+10 1550.55768   100%  55.5 6649s
 3978576 3190580 1752.77808   81  306 3.0000e+10 1550.55771   100%  55.5 6650s
 3981051 3191891 1565.29061   38  324 3.0000e+10 1550.56123   100%  55.5 7640s

Cutting planes:
  Gomory: 21
  Clique: 16
  Flow cover: 1
  Zero half: 18

Explored 3981222 nodes (220841447 simplex iterations) in 7640.94 seconds (8100.62 work units)
Thread count was 8 (of 8 available processors)

Solution count 10: 3e+10 3e+10 3e+10 ... 7e+10

Time limit reached
Best objective 2.999996592490e+10, best bound 1.550561229787e+03, gap 100.0000%
