
Gurobi 11.0.1 (mac64[arm]) logging started Sun Feb 16 09:41:10 2025

Set parameter LogFile to value "logs_new/salida_modelo_caminos_300_567_noLR.log"
Set parameter TimeLimit to value 7200
Gurobi Optimizer version 11.0.1 build v11.0.1rc0 (mac64[arm] - Darwin 24.3.0 24D60)

CPU model: Apple M2
Thread count: 8 physical cores, 8 logical processors, using up to 8 threads

Optimize a model with 553 rows, 1524 columns and 6259 nonzeros
Coefficient statistics:
  Matrix range     [1e+00, 1e+00]
  Objective range  [2e+00, 1e+10]
  Bounds range     [0e+00, 0e+00]
  RHS range        [1e+00, 2e+02]
Warning: Model contains large objective coefficients
         Consider reformulating model or setting NumericFocus parameter
         to avoid numerical issues.

Solved in 0 iterations and 0.00 seconds (0.00 work units)
Optimal objective  1.177000000e+03
Gurobi Optimizer version 11.0.1 build v11.0.1rc0 (mac64[arm] - Darwin 24.3.0 24D60)

CPU model: Apple M2
Thread count: 8 physical cores, 8 logical processors, using up to 8 threads

Optimize a model with 553 rows, 1524 columns and 6259 nonzeros
Model fingerprint: 0x6aa8b7ea
Variable types: 0 continuous, 1524 integer (1524 binary)
Coefficient statistics:
  Matrix range     [1e+00, 1e+00]
  Objective range  [2e+00, 1e+10]
  Bounds range     [0e+00, 0e+00]
  RHS range        [1e+00, 2e+02]
Warning: Model contains large objective coefficients
         Consider reformulating model or setting NumericFocus parameter
         to avoid numerical issues.
Found heuristic solution: objective 3.000000e+12
Presolve removed 250 rows and 0 columns
Presolve time: 0.01s
Presolved: 303 rows, 1524 columns, 5970 nonzeros
Variable types: 0 continuous, 1524 integer (1524 binary)
Found heuristic solution: objective 2.930000e+12

Root relaxation: objective 1.177000e+03, 1617 iterations, 0.04 seconds (0.08 work units)

    Nodes    |    Current Node    |     Objective Bounds      |     Work
 Expl Unexpl |  Obj  Depth IntInf | Incumbent    BestBd   Gap | It/Node Time

     0     0 1177.00000    0  255 2.9300e+12 1177.00000   100%     -    0s
H    0     0                    4.100000e+11 1177.00000   100%     -    0s
H    0     0                    3.100000e+11 1177.00000   100%     -    0s
H    0     0                    2.000000e+11 1177.00000   100%     -    0s
H    0     0                    1.800000e+11 1177.00000   100%     -    0s
     0     0 1178.19191    0  280 1.8000e+11 1178.19191   100%     -    0s
H    0     0                    1.500000e+11 1178.43189   100%     -    0s
     0     0 1178.43189    0  286 1.5000e+11 1178.43189   100%     -    0s
H    0     0                    1.100000e+11 1178.43189   100%     -    0s
     0     0 1178.60242    0  297 1.1000e+11 1178.60242   100%     -    0s
     0     0 1178.65586    0  293 1.1000e+11 1178.65586   100%     -    0s
     0     0 1178.69054    0  297 1.1000e+11 1178.69054   100%     -    0s
     0     0 1178.69757    0  294 1.1000e+11 1178.69757   100%     -    0s
     0     0 1178.70752    0  294 1.1000e+11 1178.70752   100%     -    0s
     0     2 1178.71113    0  294 1.1000e+11 1178.71113   100%     -    0s
H   77    83                    1.000000e+11 1180.89741   100%  84.4    0s
H  117   123                    9.000000e+10 1180.89741   100%  77.0    0s
H  160   169                    9.000000e+10 1180.89741   100%  78.5    1s
H  162   169                    8.000000e+10 1180.89741   100%  78.5    1s
H  397   428                    7.000000e+10 1180.89741   100%  76.7    1s
H  615   628                    6.000000e+10 1180.89741   100%  77.3    1s
  1917  1823 1197.21900   27  267 6.0000e+10 1181.09457   100%  69.3    5s
H 2116  1866                    6.000000e+10 1181.09457   100%  70.3    6s
H 2119  1782                    5.000000e+10 1181.09457   100%  70.3    6s
  4479  3181 1.9431e+10   68  217 5.0000e+10 1181.09457   100%  70.5   10s
H 6024  3605                    4.000000e+10 1181.94812   100%  70.6   12s
  7553  5082 2.5130e+10   83  227 4.0000e+10 1183.00145   100%  70.8   15s
H 8087  5296                    4.000000e+10 1183.08596   100%  70.4   20s
 11601  8661 9.8868e+09   83  236 4.0000e+10 1183.88106   100%  71.4   25s
H13897 10349                    4.000000e+10 1184.30788   100%  69.9   28s
 15395 12138 3.2848e+10   97  194 4.0000e+10 1184.70796   100%  70.1   30s
H16648 12831                    3.999999e+10 1184.98629   100%  69.5   31s
 19463 15873     cutoff   64      4.0000e+10 1185.61854   100%  69.3   35s
H22253 16194                    3.000000e+10 1185.88098   100%  69.7   38s
 22832 17556 1190.15585   27  283 3.0000e+10 1186.08077   100%  69.8   40s
 28381 22232 1.8236e+10   97  205 3.0000e+10 1186.87137   100%  69.3   45s
 29431 22233 1232.01481   34  294 3.0000e+10 1186.99646   100%  69.1   53s
 29438 22238 1.0206e+10   42  303 3.0000e+10 1186.99646   100%  69.1   55s
 29450 22246 1194.89735   29  313 3.0000e+10 1186.99646   100%  69.0   60s
H29459 21138                    2.999995e+10 1186.99646   100%  69.0   63s
 29463 21140 2.2861e+10   85  320 3.0000e+10 1186.99646   100%  69.0   65s
 29476 21149 1.9017e+10   86  318 3.0000e+10 1186.99646   100%  69.0   70s
 29663 21283 1210.21930   41  248 3.0000e+10 1186.99646   100%  69.2   75s
 31262 22198 1230.05944   43  259 3.0000e+10 1186.99646   100%  69.7   80s
 34539 23722 1.3196e+10   74  212 3.0000e+10 1186.99646   100%  70.9   85s
 38663 26229 2.2165e+09   65  229 3.0000e+10 1186.99646   100%  71.6   90s
 41879 28125 1196.26995   39  276 3.0000e+10 1186.99646   100%  72.4   95s
 44361 29467 infeasible  102      3.0000e+10 1186.99646   100%  72.7  100s
 49142 31983 4.1861e+09   76  237 3.0000e+10 1187.40016   100%  73.4  105s
 53209 33524 3.8676e+09   66  231 3.0000e+10 1187.86604   100%  74.1  110s
 57246 35833 1237.31369   51  245 3.0000e+10 1188.33816   100%  74.3  115s
 60208 38416 1287.44110   52  247 3.0000e+10 1188.70729   100%  74.6  120s
 66348 40572 3.5569e+09   70  241 3.0000e+10 1189.22531   100%  74.8  125s
 74608 45745 1.9452e+10  106  213 3.0000e+10 1189.64495   100%  74.6  130s
 82745 48539 1.0503e+10  103  234 3.0000e+10 1190.11889   100%  74.3  136s
 89944 53335 1.2171e+10   96  232 3.0000e+10 1190.45760   100%  73.9  140s
 100861 61157 5.3234e+09   93  234 3.0000e+10 1190.96517   100%  73.3  145s
 110828 69706 1245.17993   52  261 3.0000e+10 1191.38114   100%  72.3  150s
 119073 76753 1270.83068   52  255 3.0000e+10 1191.63994   100%  71.9  155s
 131139 86021 1.5072e+10   85  241 3.0000e+10 1192.05098   100%  70.6  160s
 139920 93921 1218.95675   47  267 3.0000e+10 1192.29357   100%  70.1  165s
 149439 101852 1234.87025   50  255 3.0000e+10 1192.54811   100%  69.4  171s
 149760 108532 1235.42232   51  255 3.0000e+10 1192.55285   100%  69.3  175s
 164386 116144 1199.21705   42  267 3.0000e+10 1192.93765   100%  68.9  180s
 179557 128488 1.1303e+09   70  243 3.0000e+10 1193.22583   100%  67.9  185s
 192679 138734 1248.02219   55  235 3.0000e+10 1193.54082   100%  67.1  190s
 206258 149412 1284.58083   53  233 3.0000e+10 1193.80909   100%  66.3  195s
 220174 161333 1.3509e+10   58  226 3.0000e+10 1194.06066   100%  65.5  200s
 229319 168217 1.9532e+10  124  220 3.0000e+10 1194.18969   100%  65.2  205s
 244803 182246 4.4615e+09  101  221 3.0000e+10 1194.48346   100%  64.4  210s
 259088 193341 1234.63768   52  252 3.0000e+10 1194.68767   100%  63.8  215s
 268469 202724     cutoff  135      3.0000e+10 1194.82358   100%  63.4  220s
 279335 211033 1295.08837   56  229 3.0000e+10 1194.98870   100%  62.9  225s
 292286 221688 1273.62631   58  237 3.0000e+10 1195.16123   100%  62.5  230s
 304201 232077 1.0397e+10   76  227 3.0000e+10 1195.31665   100%  62.0  235s
 316764 242616 2.3008e+10  104  255 3.0000e+10 1195.50553   100%  61.7  240s
 326045 250465 4.8406e+08   69  243 3.0000e+10 1195.60533   100%  61.4  245s
 340060 262259 5.8790e+08   53  238 3.0000e+10 1195.76631   100%  61.0  250s
 353406 272875 infeasible   95      3.0000e+10 1195.90990   100%  60.5  256s
 363619 282169 9.6945e+08   69  233 3.0000e+10 1196.02356   100%  60.3  260s
 375936 292193 1.8600e+10   80  228 3.0000e+10 1196.16443   100%  60.2  265s
 385689 299638 1210.66318   44  252 3.0000e+10 1196.25046   100%  59.9  271s
 396530 309603 1251.78136   57  245 3.0000e+10 1196.35612   100%  59.7  275s
 409662 320293 1240.56103   43  221 3.0000e+10 1196.47964   100%  59.5  280s
 418774 330111 1229.09985   41  253 3.0000e+10 1196.55546   100%  59.3  285s
 430296 338301 2.3051e+10  134  214 3.0000e+10 1196.68802   100%  59.1  290s
 441702 347258     cutoff  135      3.0000e+10 1196.77627   100%  59.0  295s
 449637 353439 2.0890e+10   95  221 3.0000e+10 1196.84097   100%  58.9  300s
 462471 365641 1261.96073   55  253 3.0000e+10 1196.98062   100%  58.6  305s
 476083 375965 2.0418e+10  123  195 3.0000e+10 1197.10705   100%  58.4  310s
 489646 388090 1210.57700   39  264 3.0000e+10 1197.24552   100%  58.3  315s
 501043 397821 1215.78744   47  253 3.0000e+10 1197.33795   100%  58.1  320s
 518173 412109 infeasible  118      3.0000e+10 1197.48715   100%  57.9  325s
 529855 422355 1259.59667   61  238 3.0000e+10 1197.56953   100%  57.7  330s
 534051 425953 1297.44003   59  254 3.0000e+10 1197.61031   100%  57.6  335s
 547607 437282 1.4190e+09   60  222 3.0000e+10 1197.72589   100%  57.3  340s
 563051 450100 1.7371e+10  107  232 3.0000e+10 1197.85821   100%  57.1  345s
 576342 460978 3.0812e+09   71  240 3.0000e+10 1197.95261   100%  57.0  350s
 590077 472716 1.0221e+10   59  256 3.0000e+10 1198.05808   100%  56.8  355s
 603304 482484 1239.08903   54  265 3.0000e+10 1198.15730   100%  56.8  360s
 614130 492011 1275.75435   51  242 3.0000e+10 1198.22915   100%  56.7  365s
 624675 500911 1217.71948   39  268 3.0000e+10 1198.29452   100%  56.6  370s
 639336 513090 1269.75679   60  221 3.0000e+10 1198.39098   100%  56.3  375s
 653775 524797 1.2237e+10  115  210 3.0000e+10 1198.47725   100%  56.1  381s
 664396 533944 1212.10082   39  260 3.0000e+10 1198.54296   100%  56.0  385s
 676795 544332 2.0225e+10  128  214 3.0000e+10 1198.62611   100%  56.0  390s
 684341 550778 9.4429e+09   86  236 3.0000e+10 1198.67925   100%  55.9  395s
 700680 564253 1273.50689   48  223 3.0000e+10 1198.76942   100%  55.7  400s
 712141 573839 1250.43903   53  242 3.0000e+10 1198.84005   100%  55.6  405s
 716639 583489 2.0000e+10  120  220 3.0000e+10 1198.85968   100%  55.6  410s
 736142 594220 1242.80962   53  244 3.0000e+10 1198.96575   100%  55.4  415s
 748336 603975 1205.83777   42  251 3.0000e+10 1199.05021   100%  55.3  420s
 764247 617087 1211.90261   43  255 3.0000e+10 1199.14140   100%  55.2  425s
 775160 626960 2.7261e+10   80  214 3.0000e+10 1199.20217   100%  55.1  430s
 789468 638044 1.2935e+10  122  244 3.0000e+10 1199.27591   100%  55.0  435s
 800637 648031 1243.52114   53  233 3.0000e+10 1199.33828   100%  54.8  440s
 806740 659193 1282.02878   52  245 3.0000e+10 1199.36844   100%  54.8  445s
 824986 668715 2.0372e+09   60  238 3.0000e+10 1199.45548   100%  54.6  450s
 838577 680117 1.1835e+10   65  235 3.0000e+10 1199.52385   100%  54.5  455s
 851182 690562 5.9456e+08   56  242 3.0000e+10 1199.58494   100%  54.5  460s
 863097 700947 1231.95243   47  253 3.0000e+10 1199.64526   100%  54.4  465s
 879409 713565 1.2353e+10   58  229 3.0000e+10 1199.72186   100%  54.3  470s
 886656 720326 2.0253e+10  103  206 3.0000e+10 1199.75990   100%  54.2  475s
 900972 732476 1292.14818   59  222 3.0000e+10 1199.83043   100%  54.1  480s
 917319 745225 1269.28145   56  234 3.0000e+10 1199.90655   100%  54.0  487s
 919947 748455 1246.98298   53  242 3.0000e+10 1199.92286   100%  54.0  490s
 937092 762756 1215.65651   43  250 3.0000e+10 1199.99614   100%  53.9  495s
 950197 774250 1.2796e+10   86  237 3.0000e+10 1200.05072   100%  53.8  500s
 964800 785069 1243.58023   49  258 3.0000e+10 1200.11100   100%  53.8  505s
 978293 797312 5.6713e+08   62  243 3.0000e+10 1200.17666   100%  53.7  510s
 993688 810278 1227.59741   50  222 3.0000e+10 1200.24451   100%  53.6  515s
 1006788 821136 6.7460e+08   74  230 3.0000e+10 1200.30903   100%  53.5  520s
 1016561 830089 1303.41276   58  232 3.0000e+10 1200.35562   100%  53.4  525s
 1027404 837700 1203.87542   39  262 3.0000e+10 1200.39977   100%  53.3  530s
 1039469 847703 9.9529e+09  101  239 3.0000e+10 1200.44907   100%  53.3  535s
 1046143 857141 1237.64681   47  240 3.0000e+10 1200.47832   100%  53.3  540s
 1064020 869061 6.0833e+09   85  225 3.0000e+10 1200.55247   100%  53.2  545s
 1074797 878565 1211.66448   41  273 3.0000e+10 1200.60016   100%  53.2  550s
 1086276 887602 1206.52729   47  278 3.0000e+10 1200.64651   100%  53.2  555s
 1096394 894743 1229.82193   49  255 3.0000e+10 1200.68990   100%  53.2  560s
 1103014 901316 1.5540e+10   64  224 3.0000e+10 1200.71579   100%  53.2  565s
 1118150 913672 1.7894e+09   53  238 3.0000e+10 1200.78407   100%  53.1  570s
 1131509 924892 1258.45558   53  225 3.0000e+10 1200.84187   100%  53.1  575s
 1139476 931091 1.6028e+09  102  232 3.0000e+10 1200.87563   100%  53.1  580s
 1150842 940562 1219.73824   45  260 3.0000e+10 1200.91956   100%  53.1  585s
 1162800 949549 2.6988e+09   68  218 3.0000e+10 1200.97020   100%  53.0  590s
 1179102 963879 1240.18462   44  255 3.0000e+10 1201.03161   100%  53.0  595s
 1190122 973009 1212.82237   40  238 3.0000e+10 1201.08003   100%  53.0  600s
 1202494 983537 1281.85330   64  222 3.0000e+10 1201.12523   100%  52.9  605s
 1208993 994463 1.4564e+08   59  239 3.0000e+10 1201.14595   100%  52.9  610s
 1228986 1004851 1221.00692   49  244 3.0000e+10 1201.21199   100%  52.8  615s
 1241057 1014999 2.5727e+08   68  232 3.0000e+10 1201.25380   100%  52.7  620s
 1252165 1025264 1.0000e+10   53  249 3.0000e+10 1201.30114   100%  52.7  625s
 1266862 1037803 4.3556e+08   75  227 3.0000e+10 1201.36177   100%  52.6  630s
 1281564 1048917 1210.14701   46  256 3.0000e+10 1201.40620   100%  52.6  635s
 1290381 1057323 infeasible   85      3.0000e+10 1201.43641   100%  52.5  640s
 1307181 1071697 1214.30420   44  250 3.0000e+10 1201.49233   100%  52.4  645s
 1322042 1084146     cutoff   92      3.0000e+10 1201.54379   100%  52.4  650s
 1336370 1096024 8.8814e+09   63  217 3.0000e+10 1201.58876   100%  52.3  655s
 1342780 1101900 1239.99581   57  256 3.0000e+10 1201.60724   100%  52.3  660s
 1346817 1110590 1.3589e+10   99  252 3.0000e+10 1201.62166   100%  52.3  665s
 1370870 1124875 1.4717e+10   88  227 3.0000e+10 1201.70837   100%  52.2  670s
 1384189 1136469 1.4942e+10   65  228 3.0000e+10 1201.75904   100%  52.2  675s
 1399457 1149290 1.8635e+09   55  250 3.0000e+10 1201.80554   100%  52.1  680s
 1409792 1157668 7.6989e+08   62  240 3.0000e+10 1201.84001   100%  52.1  685s
 1428222 1173374 7.5437e+08   60  243 3.0000e+10 1201.90169   100%  52.0  690s
H1430159 1054640                    2.000000e+10 1201.91232   100%  52.0  692s
 1437209 1061236 1224.69028   46  259 2.0000e+10 1201.94050   100%  52.0  695s
 1447077 1069477 1280.71762   58  249 2.0000e+10 1201.97413   100%  51.9  700s
 1458895 1079346 1261.73942   48  226 2.0000e+10 1202.02583   100%  51.9  705s
H1470582 1086782                    2.000000e+10 1202.07030   100%  51.9  708s
 1472914 1089925 9.6707e+09  109  247 2.0000e+10 1202.07795   100%  51.8  710s
H1479071 1093146                    2.000000e+10 1202.09703   100%  51.8  714s
 1481818 1096247 1226.31828   48  261 2.0000e+10 1202.10906   100%  51.8  715s
H1482935 1096015                    2.000000e+10 1202.11300   100%  51.8  716s
 1495475 1106813 8.8747e+09   77  245 2.0000e+10 1202.15795   100%  51.8  720s
 1509319 1118941 1269.59889   60  247 2.0000e+10 1202.21744   100%  51.7  725s
 1522157 1129227 1.5051e+10   62  223 2.0000e+10 1202.26919   100%  51.7  730s
 1532875 1137576 1277.68197   61  244 2.0000e+10 1202.31142   100%  51.7  735s
 1547109 1148591 2.6231e+09   60  219 2.0000e+10 1202.35571   100%  51.6  740s
 1556258 1156802     cutoff  110      2.0000e+10 1202.38997   100%  51.6  745s
 1570486 1168203 6.0287e+09   85  251 2.0000e+10 1202.44117   100%  51.6  750s
 1583313 1178508 9.8461e+09  105  224 2.0000e+10 1202.48902   100%  51.6  755s
 1597205 1190201     cutoff  135      2.0000e+10 1202.53792   100%  51.5  760s
 1606304 1196828 1266.55778   61  239 2.0000e+10 1202.55797   100%  51.5  765s
 1618937 1208958 1243.22442   49  250 2.0000e+10 1202.59531   100%  51.4  770s
 1632843 1220248 1238.61336   49  264 2.0000e+10 1202.64421   100%  51.4  775s
 1647225 1230888 1266.67225   56  248 2.0000e+10 1202.69577   100%  51.4  780s
 1662258 1243315 1255.22010   47  216 2.0000e+10 1202.74524   100%  51.4  785s
 1671661 1251159 1222.70413   48  260 2.0000e+10 1202.77605   100%  51.4  790s
 1685016 1261395 1291.55136   55  229 2.0000e+10 1202.83117   100%  51.3  795s
 1697538 1272081 1265.10876   46  236 2.0000e+10 1202.88050   100%  51.3  800s
 1705568 1278382 1293.95655   62  238 2.0000e+10 1202.90427   100%  51.3  805s
 1719119 1289750 1.1687e+10   83  243 2.0000e+10 1202.94660   100%  51.3  810s
 1733774 1301344 2.4595e+08   51  229 2.0000e+10 1202.98880   100%  51.3  815s
 1745646 1310892 1220.29289   49  263 2.0000e+10 1203.02423   100%  51.3  820s
 1757329 1319958     cutoff  103      2.0000e+10 1203.06152   100%  51.2  825s
 1766424 1326285 1.0299e+09   52  231 2.0000e+10 1203.08865   100%  51.3  830s
 1781355 1339114 1.0694e+10   59  242 2.0000e+10 1203.13712   100%  51.2  835s
 1796291 1352092 3.2686e+09   79  224 2.0000e+10 1203.18342   100%  51.2  840s
 1806141 1359939 2.8713e+08   57  245 2.0000e+10 1203.21566   100%  51.2  845s
 1820647 1372076 8.4447e+09  117  199 2.0000e+10 1203.25831   100%  51.1  850s
 1829933 1379939 5.6664e+09   56  213 2.0000e+10 1203.28485   100%  51.1  855s
 1845837 1393449 1258.11552   60  259 2.0000e+10 1203.32330   100%  51.0  860s
 1854865 1399731 1232.05400   47  271 2.0000e+10 1203.34965   100%  51.0  865s
 1867564 1410583 1220.92590   53  284 2.0000e+10 1203.38831   100%  51.0  870s
 1881172 1421677 9.2717e+09   99  239 2.0000e+10 1203.42454   100%  51.0  875s
 1883065 1423197 1250.35799   54  243 2.0000e+10 1203.43298   100%  51.0  880s
 1895730 1432932 2.0000e+10   55  203 2.0000e+10 1203.47296   100%  51.0  885s
 1909350 1445114 1284.24272   52  218 2.0000e+10 1203.51298   100%  50.9  890s
 1919790 1457564 1.5618e+09   73  246 2.0000e+10 1203.54343   100%  50.9  896s
 1936184 1465400     cutoff   87      2.0000e+10 1203.58895   100%  50.9  900s
H1936186 1458615                    1.999999e+10 1203.58895   100%  50.9  900s
 1952394 1473016 1251.49319   54  248 2.0000e+10 1203.63494   100%  50.9  905s
 1964567 1482818 1313.60916   59  223 2.0000e+10 1203.67457   100%  50.8  910s
*1973506 1122034              48    1.000000e+10 1203.69702   100%  50.8  913s
 1976964 1123995 1214.72044   46  272 1.0000e+10 1203.71267   100%  50.9  915s
H1979043 372337                    1299.0000000 1203.71941  7.33%  50.9  917s
 1985049 374905 1229.23817   47  246 1299.00000 1203.76444  7.33%  50.9  920s
 1993036 378615 1240.03492   62  294 1299.00000 1203.82730  7.33%  51.0  925s
 1993049 378624 1278.57246   56  312 1299.00000 1203.82730  7.33%  51.0  930s
 1993063 378633 1289.51429   60  317 1299.00000 1203.82730  7.33%  51.0  935s
 1993079 378644 1293.88562   73  326 1299.00000 1203.82730  7.33%  51.0  940s
 1995685 379821 1218.94141   61  255 1299.00000 1203.82730  7.33%  51.0  945s
 2007340 384106 1203.82730   56  269 1299.00000 1203.82730  7.33%  51.1  950s
 2020116 387301 1203.82730   47  245 1299.00000 1203.82730  7.33%  51.1  955s
 2031322 389982 1241.61342   55  250 1299.00000 1203.82730  7.33%  51.2  960s
 2043415 392946 1208.74341   58  264 1299.00000 1203.82730  7.33%  51.2  965s
 2054630 396522 1223.11966   59  241 1299.00000 1203.82730  7.33%  51.2  970s
 2068395 398864 1203.82730   48  253 1299.00000 1203.82730  7.33%  51.3  975s
 2079745 401315     cutoff   77      1299.00000 1203.82730  7.33%  51.3  980s
 2093255 404639 1203.82730   53  257 1299.00000 1203.82730  7.33%  51.3  985s
 2106716 407692     cutoff   77      1299.00000 1203.82730  7.33%  51.4  990s
 2120413 410916     cutoff   60      1299.00000 1203.82730  7.33%  51.4  995s
 2134020 413899 1277.81918   71  241 1299.00000 1203.82730  7.33%  51.4 1000s
 2145436 416621 1278.69701   55  219 1299.00000 1203.82730  7.33%  51.4 1005s
 2159276 419539 1203.82730   53  254 1299.00000 1203.82730  7.33%  51.5 1010s
 2173058 422604 1255.88203   63  252 1299.00000 1203.82730  7.33%  51.5 1015s
 2185753 425452 1203.82730   54  250 1299.00000 1203.82730  7.33%  51.5 1020s
 2197872 427742     cutoff   73      1299.00000 1203.82730  7.33%  51.5 1025s
 2211332 430389 1237.52270   60  253 1299.00000 1203.82730  7.33%  51.6 1030s
 2225084 433532 1249.49122   64  236 1299.00000 1203.82730  7.33%  51.6 1035s
 2239000 436227 1205.00228   48  254 1299.00000 1203.82730  7.33%  51.6 1040s
 2250506 438641 1253.56788   74  232 1299.00000 1203.82730  7.33%  51.6 1045s
 2263253 441272 1248.74477   65  246 1299.00000 1203.82730  7.33%  51.7 1050s
 2274804 443618 1260.82752   66  241 1299.00000 1203.82730  7.33%  51.7 1055s
 2287065 446221 1237.52338   59  232 1299.00000 1203.82730  7.33%  51.7 1060s
 2300875 449065 1235.65874   57  236 1299.00000 1203.82730  7.33%  51.7 1065s
 2314500 451648     cutoff   60      1299.00000 1203.82730  7.33%  51.7 1070s
 2328106 454520 1208.17344   58  254 1299.00000 1203.82730  7.33%  51.8 1075s
 2341854 456839 1281.28972   69  240 1299.00000 1203.82730  7.33%  51.8 1080s
 2354333 459591 1293.10333   69  229 1299.00000 1203.82730  7.33%  51.8 1085s
 2367588 462175 1259.23567   71  232 1299.00000 1203.82730  7.33%  51.8 1090s
 2380796 464630     cutoff   72      1299.00000 1203.82730  7.33%  51.9 1095s
 2394146 467177 1275.17582   75  232 1299.00000 1203.82730  7.33%  51.9 1100s
 2407227 469890 1228.86481   68  254 1299.00000 1203.82730  7.33%  51.9 1105s
 2416757 471396 1213.64958   61  255 1299.00000 1203.82730  7.33%  51.9 1110s
 2430129 473979 1258.33121   64  223 1299.00000 1203.82730  7.33%  51.9 1115s
 2442677 476689 1211.92237   57  241 1299.00000 1203.82730  7.33%  52.0 1120s
 2456030 478759 1215.85716   63  244 1299.00000 1203.82730  7.33%  52.0 1125s
 2468294 481521     cutoff   74      1299.00000 1203.82730  7.33%  52.0 1130s
 2481290 484072 1209.10365   58  256 1299.00000 1203.82730  7.33%  52.0 1135s
 2494994 486274 1221.65778   53  249 1299.00000 1203.82730  7.33%  52.0 1140s
 2509325 489083 1274.58506   67  258 1299.00000 1203.82730  7.33%  52.0 1145s
 2522163 491556 1279.38537   66  234 1299.00000 1203.82730  7.33%  52.0 1150s
 2536567 494572 1242.44304   59  255 1299.00000 1203.82730  7.33%  52.1 1155s
 2549015 496596 1203.82730   54  243 1299.00000 1203.82730  7.33%  52.1 1160s
 2562894 499201 1284.69685   69  233 1299.00000 1203.82730  7.33%  52.1 1165s
 2576379 501841 1252.58213   68  240 1299.00000 1203.82730  7.33%  52.1 1170s
 2589848 504078 1212.83626   54  239 1299.00000 1203.82730  7.33%  52.1 1175s
 2602917 506436 1219.46929   59  258 1299.00000 1203.82730  7.33%  52.2 1180s
 2613517 508402 1286.46605   75  236 1299.00000 1203.82730  7.33%  52.2 1185s
 2626996 510338     cutoff   68      1299.00000 1203.82730  7.33%  52.2 1190s
 2639159 512386     cutoff   72      1299.00000 1203.82730  7.33%  52.2 1195s
 2653090 514654 1221.15742   58  243 1299.00000 1203.82730  7.33%  52.2 1200s
 2666100 516679 1217.56295   58  251 1299.00000 1203.82730  7.33%  52.3 1205s
 2679240 518976 1215.24918   58  250 1299.00000 1203.82730  7.33%  52.3 1210s
 2693402 521587 1267.20282   77  248 1299.00000 1203.82730  7.33%  52.3 1215s
 2707477 523938 1296.18318   66  238 1299.00000 1203.82730  7.33%  52.3 1220s
 2719852 526192 1219.03523   56  238 1299.00000 1203.82730  7.33%  52.3 1225s
 2733069 528389 1216.89104   54  243 1299.00000 1203.82730  7.33%  52.3 1230s
 2745820 530285 1204.29696   53  254 1299.00000 1203.82730  7.33%  52.3 1235s
 2760478 532134 1234.81631   55  219 1299.00000 1203.82730  7.33%  52.3 1240s
 2773097 534498     cutoff   68      1299.00000 1203.82730  7.33%  52.4 1245s
 2786344 536151     cutoff   74      1299.00000 1203.82730  7.33%  52.4 1250s
 2799358 538260     cutoff   71      1299.00000 1203.82730  7.33%  52.4 1255s
 2812187 540536 1284.43764   64  227 1299.00000 1203.82730  7.33%  52.4 1260s
 2825483 542921 1209.40898   48  253 1299.00000 1203.82730  7.33%  52.4 1265s
 2839018 545471 1278.29655   66  228 1299.00000 1203.82730  7.33%  52.4 1270s
 2852289 547690 1261.54788   69  238 1299.00000 1203.82730  7.33%  52.4 1275s
 2862059 549283 1293.73899   75  233 1299.00000 1203.82730  7.33%  52.5 1280s
 2874179 551411 1260.88150   63  222 1299.00000 1203.82730  7.33%  52.5 1285s
 2889175 553673 1233.01316   61  239 1299.00000 1203.82730  7.33%  52.5 1290s
 2902328 555976 1279.42507   72  226 1299.00000 1203.82730  7.33%  52.5 1295s
 2915646 558186 1288.33090   69  241 1299.00000 1203.82730  7.33%  52.5 1300s
 2930424 560127 1209.60680   57  244 1299.00000 1203.82730  7.33%  52.5 1305s
 2943488 562412     cutoff   57      1299.00000 1203.82730  7.33%  52.5 1310s
 2956682 564664 1269.55881   67  230 1299.00000 1203.82730  7.33%  52.5 1315s
 2968036 566619 1233.59705   62  244 1299.00000 1203.82730  7.33%  52.5 1320s
 2978085 568015 1208.68949   58  255 1299.00000 1203.82730  7.33%  52.5 1325s
 2992729 570259 1235.11493   63  257 1299.00000 1203.82730  7.33%  52.5 1330s
 3005806 572414 1265.28781   75  222 1299.00000 1203.82730  7.33%  52.6 1335s
 3006958 572695     cutoff   67      1299.00000 1203.82730  7.33%  52.6 2306s
 3017957 574321 1231.82532   69  241 1299.00000 1203.82730  7.33%  52.6 2310s
 3021389 575008 infeasible   71      1299.00000 1203.82730  7.33%  52.6 3360s
 3036885 577347 1214.90718   56  257 1299.00000 1203.89226  7.32%  52.6 3457s
 3045377 578724 1227.11187   61  249 1299.00000 1203.93088  7.32%  52.6 3460s
 3060573 580876 1224.08537   55  251 1299.00000 1203.99178  7.31%  52.6 3465s
 3074960 583131 1242.36527   59  243 1299.00000 1204.05308  7.31%  52.6 3470s
 3088900 585067 1235.61022   67  251 1299.00000 1204.10768  7.31%  52.6 3475s
 3103702 587088 1223.40107   61  247 1299.00000 1204.16576  7.30%  52.6 3480s
 3118053 589764 1214.87229   62  258 1299.00000 1204.22299  7.30%  52.6 3485s
 3132660 593138 1260.30330   62  243 1299.00000 1204.27307  7.29%  52.6 3490s
 3147191 599779     cutoff   73      1299.00000 1204.32743  7.29%  52.7 3495s
 3161900 606629 1207.29264   58  246 1299.00000 1204.38729  7.28%  52.7 3500s
 3175418 613319 1209.82090   52  243 1299.00000 1204.43945  7.28%  52.7 3505s
 3190176 620394 1232.43354   68  263 1299.00000 1204.49778  7.27%  52.7 3510s
 3205105 627402 1261.36355   70  219 1299.00000 1204.55578  7.27%  52.7 3515s
 3218808 634308     cutoff   68      1299.00000 1204.60775  7.27%  52.7 3520s
 3233193 640858 1243.39157   67  242 1299.00000 1204.66297  7.26%  52.7 3525s
 3245979 646944 1245.07365   60  239 1299.00000 1204.70429  7.26%  52.7 3530s
 3260728 654082 1281.72627   66  243 1299.00000 1204.75655  7.26%  52.7 3535s
 3275681 661293 1215.47128   54  252 1299.00000 1204.81306  7.25%  52.7 3540s
 3285887 666358 1239.42208   61  253 1299.00000 1204.84990  7.25%  52.7 3545s
 3300539 673240 1255.24211   66  233 1299.00000 1204.90042  7.24%  52.7 3550s
 3314832 679937 1291.52508   79  239 1299.00000 1204.95068  7.24%  52.8 3555s
 3328086 686170 1234.81221   53  238 1299.00000 1204.99280  7.24%  52.8 3560s
 3342217 692788 1233.01049   66  244 1299.00000 1205.03959  7.23%  52.8 3565s
 3355573 699384 1224.85364   53  230 1299.00000 1205.08330  7.23%  52.8 3570s
 3368684 705424     cutoff   83      1299.00000 1205.12511  7.23%  52.8 3575s
 3381335 711448 1231.99768   61  239 1299.00000 1205.16533  7.22%  52.9 3580s
 3393946 717626 1223.25847   53  251 1299.00000 1205.20684  7.22%  52.9 3585s
 3408181 723375     cutoff   72      1299.00000 1205.25231  7.22%  52.9 3590s
 3416828 727792 1233.48283   61  244 1299.00000 1205.28389  7.21%  52.9 3595s
 3430796 734481 1254.73044   73  235 1299.00000 1205.33062  7.21%  52.9 3600s
 3443509 740555 1277.56675   73  234 1299.00000 1205.36958  7.21%  52.9 3605s
 3458280 747567     cutoff   66      1299.00000 1205.41692  7.20%  52.9 3610s
 3471702 753930 1226.79368   61  247 1299.00000 1205.45947  7.20%  52.9 3615s
 3486257 760943 1260.38173   56  227 1299.00000 1205.50554  7.20%  52.9 3620s
 3500740 767877 1255.12506   66  249 1299.00000 1205.54949  7.19%  52.9 3625s
 3515527 774536     cutoff   63      1299.00000 1205.59160  7.19%  53.0 3630s
 3529578 781291 1286.03344   60  222 1299.00000 1205.63393  7.19%  53.0 3635s
 3544111 787897 infeasible   68      1299.00000 1205.67601  7.18%  53.0 3640s
 3556483 793814 1238.41432   61  238 1299.00000 1205.70846  7.18%  53.0 3645s
 3571048 800734 1268.53516   72  222 1299.00000 1205.75024  7.18%  53.0 3650s
 3584489 807114     cutoff   62      1299.00000 1205.78454  7.18%  53.0 3655s
 3598898 814152 1210.68549   65  259 1299.00000 1205.82578  7.17%  53.0 3660s
 3611357 820101     cutoff   63      1299.00000 1205.86050  7.17%  53.0 3665s
 3623907 826226 1277.37961   70  239 1299.00000 1205.89759  7.17%  53.0 3670s
 3637389 832508     cutoff   69      1299.00000 1205.93724  7.16%  53.0 3675s
 3651502 839348     cutoff   84      1299.00000 1205.97672  7.16%  53.0 3680s
 3663122 844535 1248.84439   60  230 1299.00000 1206.00677  7.16%  53.0 3685s
 3677514 851223 1259.07457   66  234 1299.00000 1206.04740  7.16%  53.0 3690s
 3691867 857619 1271.87214   69  223 1299.00000 1206.08520  7.15%  53.0 3695s
 3705704 864085 1222.78577   57  238 1299.00000 1206.12375  7.15%  53.0 3700s
 3718601 870197     cutoff   72      1299.00000 1206.15668  7.15%  53.0 3705s
 3733223 877006     cutoff   66      1299.00000 1206.19379  7.14%  53.1 3710s
 3747584 883938 1208.94766   58  250 1299.00000 1206.23258  7.14%  53.1 3715s
 3759635 889360 1280.17663   69  236 1299.00000 1206.26335  7.14%  53.1 3720s
 3774386 896152 1212.91791   57  264 1299.00000 1206.30276  7.14%  53.1 3725s
 3788722 902995 1222.62449   61  246 1299.00000 1206.34011  7.13%  53.1 3730s
 3802116 909407 1207.70492   53  240 1299.00000 1206.37552  7.13%  53.1 3735s
 3815063 915818     cutoff   68      1299.00000 1206.41465  7.13%  53.1 3740s
 3829613 922501 1228.65181   60  234 1299.00000 1206.45102  7.12%  53.1 3745s
 3842687 928804 1280.48338   74  244 1299.00000 1206.48248  7.12%  53.1 3750s
 3856141 935047 1233.96273   62  258 1299.00000 1206.51954  7.12%  53.1 3755s
 3867371 939755 1230.67348   64  250 1299.00000 1206.54408  7.12%  53.1 3760s
 3879575 945945     cutoff   70      1299.00000 1206.57565  7.12%  53.1 3765s
 3894208 952826 1234.61127   64  236 1299.00000 1206.61134  7.11%  53.1 3770s
 3906163 961525 1213.68669   56  264 1299.00000 1206.63933  7.11%  53.1 3777s
 3921093 965298 1219.47810   52  254 1299.00000 1206.67529  7.11%  53.1 3780s
 3934844 971518 1217.02781   53  247 1299.00000 1206.70769  7.10%  53.1 3785s
 3949154 978047 1293.58427   73  227 1299.00000 1206.74154  7.10%  53.1 3790s
 3962686 983591 1219.54052   62  271 1299.00000 1206.77675  7.10%  53.1 3795s
 3975864 989918     cutoff   70      1299.00000 1206.81063  7.10%  53.1 3800s
 3990066 996506 1248.00745   65  245 1299.00000 1206.84243  7.09%  53.1 3805s
 4005656 1003711 1230.70194   60  238 1299.00000 1206.87801  7.09%  53.1 3810s
 4018089 1009807 1286.40062   72  249 1299.00000 1206.90744  7.09%  53.1 3815s
 4032654 1016394 1270.41620   62  239 1299.00000 1206.93997  7.09%  53.2 3820s
 4046683 1023016     cutoff   59      1299.00000 1206.97165  7.08%  53.2 3825s
 4060831 1029895 1280.27869   67  220 1299.00000 1207.00423  7.08%  53.2 3830s
 4075512 1036374 1245.77062   63  202 1299.00000 1207.03759  7.08%  53.2 3835s
 4089058 1042628 1236.37535   60  234 1299.00000 1207.06583  7.08%  53.2 3840s
 4104211 1049470 1226.48636   58  253 1299.00000 1207.10036  7.07%  53.2 3845s
 4118263 1056191 1239.05310   62  221 1299.00000 1207.13112  7.07%  53.2 3850s
 4131661 1061935 1216.04530   63  246 1299.00000 1207.16140  7.07%  53.2 3855s
 4144091 1067639 1242.37809   59  251 1299.00000 1207.19014  7.07%  53.2 3860s
 4157425 1074353 1219.27944   64  260 1299.00000 1207.21724  7.07%  53.2 3865s
 4171460 1080870 1270.96632   54  228 1299.00000 1207.24620  7.06%  53.2 3870s
 4185970 1087849 1283.97057   60  239 1299.00000 1207.27597  7.06%  53.2 3875s
 4200479 1094130     cutoff   74      1299.00000 1207.30839  7.06%  53.2 3880s
 4215749 1101446 1274.28445   69  207 1299.00000 1207.34448  7.06%  53.2 3885s
 4228484 1107174 1239.18881   60  241 1299.00000 1207.36982  7.05%  53.2 3890s
 4242036 1113265 1238.92700   70  234 1299.00000 1207.39518  7.05%  53.2 3895s
 4255850 1119675 1288.29426   75  234 1299.00000 1207.42433  7.05%  53.2 3900s
 4270015 1126147 1209.73734   55  243 1299.00000 1207.45556  7.05%  53.2 3905s
 4284545 1132501 1241.52160   53  228 1299.00000 1207.48684  7.04%  53.2 3910s
 4298812 1138960 1271.52130   64  227 1299.00000 1207.51431  7.04%  53.2 3915s
 4313216 1145742     cutoff   65      1299.00000 1207.54673  7.04%  53.2 3920s
 4327980 1152418 1282.31019   64  235 1299.00000 1207.57937  7.04%  53.2 3925s
 4340450 1158118 1268.88887   74  225 1299.00000 1207.60523  7.04%  53.2 3930s
 4351367 1163127 1223.78556   54  252 1299.00000 1207.62508  7.03%  53.2 3935s
 4365852 1169651     cutoff   69      1299.00000 1207.65357  7.03%  53.2 3940s
 4381470 1176660     cutoff   70      1299.00000 1207.68647  7.03%  53.2 3945s
 4393712 1182227 1232.32628   67  250 1299.00000 1207.71024  7.03%  53.2 3950s
 4408111 1188385     cutoff   68      1299.00000 1207.73608  7.03%  53.2 3955s
 4422953 1195081 1246.36032   61  254 1299.00000 1207.76532  7.02%  53.2 3960s
 4437277 1201771 1215.75284   61  256 1299.00000 1207.79571  7.02%  53.2 3965s
 4449339 1207473 1218.71911   59  261 1299.00000 1207.82000  7.02%  53.2 3970s
 4463544 1213763 1282.14769   71  258 1299.00000 1207.84792  7.02%  53.2 3975s
 4476936 1219818 1216.20064   54  253 1299.00000 1207.87355  7.02%  53.2 3980s
 4489527 1225510 1241.48774   66  248 1299.00000 1207.89796  7.01%  53.2 3985s
 4503960 1231897 1279.47189   63  247 1299.00000 1207.92484  7.01%  53.2 3990s
 4519859 1239137 1228.99398   61  251 1299.00000 1207.95485  7.01%  53.2 3995s
 4533084 1244985 1257.17149   63  226 1299.00000 1207.98088  7.01%  53.2 4000s
 4547500 1251555 1215.24777   58  255 1299.00000 1208.00655  7.00%  53.2 4005s
 4562368 1257744 1239.18104   63  244 1299.00000 1208.03448  7.00%  53.2 4010s
 4575328 1264035 1211.66178   65  268 1299.00000 1208.06059  7.00%  53.2 4015s
 4589687 1270566     cutoff   73      1299.00000 1208.08792  7.00%  53.2 4020s
 4604050 1276725 1258.47927   59  255 1299.00000 1208.11408  7.00%  53.3 4025s
 4617906 1282467 1268.20103   62  209 1299.00000 1208.13957  6.99%  53.3 4030s
 4629461 1288244 1214.67836   65  258 1299.00000 1208.15985  6.99%  53.3 4035s
 4644054 1294937 1295.15901   76  230 1299.00000 1208.18614  6.99%  53.3 4040s
 4658625 1301341 1213.04763   55  253 1299.00000 1208.21104  6.99%  53.3 4045s
 4671970 1307293 1239.31085   72  255 1299.00000 1208.23439  6.99%  53.3 4050s
 4686205 1313852 1281.14987   74  245 1299.00000 1208.25989  6.99%  53.3 4055s
 4698548 1319675     cutoff   75      1299.00000 1208.28451  6.98%  53.3 4060s
 4713471 1326101 1230.62058   58  236 1299.00000 1208.31068  6.98%  53.3 4065s
 4723489 1330696 1251.83561   65  230 1299.00000 1208.32691  6.98%  53.3 4070s
 4733786 1335255     cutoff   79      1299.00000 1208.34471  6.98%  53.3 5100s
 4744655 1340277     cutoff   71      1299.00000 1208.36455  6.98%  53.3 5105s
 4760269 1347416     cutoff   72      1299.00000 1208.39291  6.98%  53.3 5110s
 4769962 1351696 1217.16077   60  256 1299.00000 1208.41086  6.97%  53.3 5115s
 4784348 1358060 1243.69376   59  237 1299.00000 1208.43672  6.97%  53.3 5120s
 4791520 1361131 1246.32815   62  239 1299.00000 1208.44703  6.97%  53.3 5632s
 4797562 1363815     cutoff   80      1299.00000 1208.45696  6.97%  53.3 5635s
 4811140 1369765 1217.64142   55  232 1299.00000 1208.48063  6.97%  53.3 5640s
 4825618 1376300 1232.44876   62  255 1299.00000 1208.50486  6.97%  53.3 5645s
 4841021 1383172 1291.76442   66  231 1299.00000 1208.53366  6.96%  53.3 5650s
 4852938 1388805 1242.28475   59  232 1299.00000 1208.55491  6.96%  53.3 5655s
 4867511 1395419 1255.44469   65  226 1299.00000 1208.57883  6.96%  53.3 5660s
 4881871 1402101     cutoff   62      1299.00000 1208.60361  6.96%  53.3 5665s
 4896057 1408582 1209.97905   53  258 1299.00000 1208.62702  6.96%  53.3 5670s
 4911048 1415301 1221.08985   58  245 1299.00000 1208.65130  6.96%  53.3 5675s
 4926787 1422104 1246.21281   70  237 1299.00000 1208.67713  6.95%  53.3 5680s
 4940688 1428465 1219.24399   54  244 1299.00000 1208.69960  6.95%  53.3 5685s
 4955306 1435001 1238.41779   73  253 1299.00000 1208.72289  6.95%  53.3 5690s
 4964874 1439474 1228.96876   67  255 1299.00000 1208.73653  6.95%  53.3 5695s
 4980807 1446340 1268.25062   70  236 1299.00000 1208.76217  6.95%  53.3 5700s
 4996030 1453189 1227.95766   61  248 1299.00000 1208.78645  6.94%  53.3 5705s
 5010217 1459513 1249.78283   61  240 1299.00000 1208.80976  6.94%  53.3 5710s
 5024925 1465763 1256.86634   64  233 1299.00000 1208.83407  6.94%  53.3 5715s
 5040414 1472672     cutoff   71      1299.00000 1208.86087  6.94%  53.3 5720s
 5055348 1479169 1226.44900   59  240 1299.00000 1208.88263  6.94%  53.3 5725s
 5070079 1485267 1219.71203   59  241 1299.00000 1208.90647  6.94%  53.3 5730s
 5084984 1491747 1224.22744   58  239 1299.00000 1208.92889  6.93%  53.3 5735s
 5099567 1498080 1229.82593   65  250 1299.00000 1208.95115  6.93%  53.3 5740s
 5114605 1504806 1239.95496   59  241 1299.00000 1208.97523  6.93%  53.3 5745s
 5126585 1510273 1245.53993   61  250 1299.00000 1208.99451  6.93%  53.3 5750s
 5142065 1517030     cutoff   71      1299.00000 1209.01869  6.93%  53.3 5755s
 5155303 1522812 1248.36208   71  238 1299.00000 1209.03774  6.93%  53.3 5760s
 5168919 1529144 1246.61611   70  260 1299.00000 1209.05769  6.92%  53.4 5765s
 5182678 1535297     cutoff   72      1299.00000 1209.08082  6.92%  53.4 5770s
 5195371 1541228     cutoff   77      1299.00000 1209.10072  6.92%  53.4 5775s
 5208794 1547301 1221.22401   51  253 1299.00000 1209.12280  6.92%  53.4 5780s
 5222850 1553119 1224.51089   55  240 1299.00000 1209.14509  6.92%  53.4 5785s
 5233210 1557759 1232.75030   66  245 1299.00000 1209.16045  6.92%  53.4 5790s
 5246772 1563619 1240.76254   50  239 1299.00000 1209.18133  6.91%  53.4 5795s
 5260146 1569203 1257.41593   69  232 1299.00000 1209.20213  6.91%  53.4 5800s
 5271677 1574446 1245.25095   61  234 1299.00000 1209.21973  6.91%  53.4 5805s
 5280985 1578055 1221.52120   63  257 1299.00000 1209.23539  6.91%  53.4 5810s
 5293353 1583566 1219.11566   60  245 1299.00000 1209.25404  6.91%  53.5 5815s
 5306522 1589521 1223.43077   55  259 1299.00000 1209.27371  6.91%  53.5 5820s
 5319755 1595336 1237.63113   60  228 1299.00000 1209.29347  6.91%  53.5 5825s
 5332232 1600954 1253.88742   65  232 1299.00000 1209.31267  6.90%  53.5 5830s
 5343182 1605368 1272.09004   70  236 1299.00000 1209.32851  6.90%  53.5 5835s
 5355951 1611024 1215.65022   62  260 1299.00000 1209.34939  6.90%  53.5 5840s
 5367697 1616280 1235.42892   58  230 1299.00000 1209.36855  6.90%  53.5 5845s
 5380574 1622234 infeasible   71      1299.00000 1209.38672  6.90%  53.5 5850s
 5393701 1627732 1287.63545   69  226 1299.00000 1209.40588  6.90%  53.5 5855s
 5403759 1632101     cutoff   73      1299.00000 1209.42063  6.90%  53.5 5860s
 5417956 1638402 1213.66437   60  263 1299.00000 1209.44035  6.89%  53.5 5865s
 5430504 1643758 1217.81172   62  257 1299.00000 1209.45979  6.89%  53.6 5870s
 5443291 1649644 1231.87174   69  256 1299.00000 1209.47963  6.89%  53.6 5875s
 5455948 1655097 1241.20802   68  243 1299.00000 1209.49742  6.89%  53.6 5880s
 5469020 1660855 1281.23391   68  237 1299.00000 1209.51617  6.89%  53.6 5885s
 5482019 1666416 1227.43818   62  257 1299.00000 1209.53464  6.89%  53.6 5890s
 5495668 1672724 1253.07748   68  245 1299.00000 1209.55663  6.89%  53.6 5895s
 5508924 1678135 1234.96697   73  253 1299.00000 1209.57496  6.88%  53.6 5900s
 5520899 1683540 1261.68826   69  251 1299.00000 1209.59103  6.88%  53.6 5905s
 5533210 1689184 1261.98562   65  221 1299.00000 1209.61061  6.88%  53.6 5910s
 5545952 1694361 1278.53404   77  256 1299.00000 1209.62681  6.88%  53.6 5915s
 5557549 1700029 1230.74430   62  244 1299.00000 1209.64310  6.88%  53.6 5920s
 5570979 1705437 1211.51783   57  251 1299.00000 1209.66136  6.88%  53.6 5925s
 5582593 1710683 1227.81756   69  258 1299.00000 1209.67759  6.88%  53.7 5930s
 5595966 1716685 1272.92765   71  240 1299.00000 1209.69637  6.87%  53.7 5935s
 5607116 1721486 1275.12075   69  234 1299.00000 1209.71142  6.87%  53.7 5940s
 5619295 1726805 1215.28874   59  252 1299.00000 1209.72824  6.87%  53.7 5945s
 5631750 1732479 1233.22127   65  251 1299.00000 1209.74540  6.87%  53.7 5950s
 5643515 1737559 1291.09647   73  250 1299.00000 1209.76146  6.87%  53.7 5955s
 5656910 1743330     cutoff   65      1299.00000 1209.78095  6.87%  53.7 5960s
 5667952 1748369 1227.96536   60  259 1299.00000 1209.79536  6.87%  53.7 5965s
 5678422 1752745 1242.01087   68  255 1299.00000 1209.80986  6.87%  53.7 5970s
 5691471 1758459 1216.76721   55  255 1299.00000 1209.82789  6.86%  53.7 5975s
 5703436 1763485 1274.31491   63  231 1299.00000 1209.84433  6.86%  53.7 5980s
 5716504 1769516 1248.21789   62  241 1299.00000 1209.86183  6.86%  53.8 5985s
 5728738 1774540     cutoff   67      1299.00000 1209.87793  6.86%  53.8 5990s
 5741595 1780286     cutoff   71      1299.00000 1209.89634  6.86%  53.8 5995s
 5752729 1784756 1239.59084   57  242 1299.00000 1209.91229  6.86%  53.8 6000s
 5763613 1789420 1238.83758   66  247 1299.00000 1209.92733  6.86%  53.8 6005s
 5774839 1794695 1224.51803   62  241 1299.00000 1209.94169  6.86%  53.8 6010s
 5788019 1800440 1269.71135   61  248 1299.00000 1209.96007  6.85%  53.8 6015s
 5800516 1805283 1235.88674   65  246 1299.00000 1209.97669  6.85%  53.8 6020s
 5813107 1811317 1254.16332   70  237 1299.00000 1209.99392  6.85%  53.8 6025s
 5825002 1816572 1226.12856   59  240 1299.00000 1210.00904  6.85%  53.8 6030s
 5836018 1821404 1233.59302   59  226 1299.00000 1210.02368  6.85%  53.8 6035s
 5848119 1826519 1297.94482   80  248 1299.00000 1210.04153  6.85%  53.8 6040s
 5861157 1832084     cutoff   61      1299.00000 1210.05910  6.85%  53.8 6045s
 5874534 1837974 1241.63940   69  245 1299.00000 1210.07763  6.85%  53.9 6050s
 5887478 1843626 1225.73027   55  253 1299.00000 1210.09450  6.84%  53.9 6055s
 5898615 1848472 1216.33416   57  256 1299.00000 1210.10797  6.84%  53.9 6060s
 5910689 1853492 1215.52650   62  272 1299.00000 1210.12520  6.84%  53.9 6065s
 5923685 1859161 1216.19516   58  246 1299.00000 1210.14196  6.84%  53.9 6070s
 5936014 1864429     cutoff   62      1299.00000 1210.15682  6.84%  53.9 6075s
 5949017 1870436     cutoff   78      1299.00000 1210.17480  6.84%  53.9 6080s
 5961295 1875677 1260.98681   67  228 1299.00000 1210.19142  6.84%  53.9 6085s
 5973718 1880659 1219.57266   60  250 1299.00000 1210.20776  6.84%  53.9 6090s
 5986777 1886363 1273.47683   59  222 1299.00000 1210.22619  6.83%  53.9 6095s
 5998673 1891497 1248.61924   62  237 1299.00000 1210.24148  6.83%  53.9 6100s
 6010940 1896590     cutoff   64      1299.00000 1210.25777  6.83%  53.9 6105s
 6024322 1902200 1263.53693   64  251 1299.00000 1210.27471  6.83%  53.9 6110s
 6034822 1907074 1282.99987   76  231 1299.00000 1210.28915  6.83%  53.9 6115s
 6046369 1912215 1266.11262   74  233 1299.00000 1210.30456  6.83%  54.0 6120s
 6058680 1917323 1239.89615   64  245 1299.00000 1210.32052  6.83%  54.0 6125s
 6070240 1922307     cutoff   72      1299.00000 1210.33594  6.83%  54.0 6130s
 6083314 1927893 1216.94420   57  240 1299.00000 1210.35235  6.82%  54.0 6135s
 6095180 1932756 1291.29300   81  249 1299.00000 1210.36860  6.82%  54.0 6140s
 6106761 1937436 1280.35215   61  234 1299.00000 1210.38256  6.82%  54.0 6145s
 6117352 1942523 1232.62375   55  240 1299.00000 1210.39669  6.82%  54.0 6150s
 6130379 1948207 1245.96716   68  232 1299.00000 1210.41302  6.82%  54.0 6155s
 6140244 1952452     cutoff   90      1299.00000 1210.42624  6.82%  54.0 6160s
 6153315 1957895 1296.69912   71  241 1299.00000 1210.44156  6.82%  54.0 6165s
 6163942 1962931 1222.94497   57  248 1299.00000 1210.45432  6.82%  54.0 6170s
 6176329 1968076     cutoff   68      1299.00000 1210.46880  6.82%  54.0 6175s
 6190182 1973798 1225.15320   56  243 1299.00000 1210.48558  6.81%  54.0 6180s
 6203784 1979543     cutoff   68      1299.00000 1210.50151  6.81%  54.0 6185s
 6217394 1985078 1220.33569   63  262 1299.00000 1210.51837  6.81%  54.0 6190s
 6230632 1990967     cutoff   72      1299.00000 1210.53504  6.81%  54.0 6195s
 6245218 1997353 1285.74555   77  255 1299.00000 1210.55434  6.81%  54.0 6200s
 6257861 2002926 1275.44806   73  250 1299.00000 1210.56893  6.81%  54.0 6205s
 6271039 2008749 1238.93318   61  237 1299.00000 1210.58474  6.81%  54.0 6210s
 6284672 2014806 1262.57060   70  245 1299.00000 1210.60221  6.81%  54.0 6215s
 6296944 2020159 1239.21437   68  238 1299.00000 1210.61795  6.80%  54.0 6220s
 6310671 2026170 1221.68634   60  255 1299.00000 1210.63617  6.80%  54.0 6225s
 6325069 2032302 1238.61415   55  250 1299.00000 1210.65232  6.80%  54.0 6230s
 6338027 2037829 1223.10841   62  244 1299.00000 1210.66807  6.80%  54.0 6235s
 6351193 2043632     cutoff   82      1299.00000 1210.68333  6.80%  54.0 6240s
 6365531 2050058 1218.96195   57  248 1299.00000 1210.70179  6.80%  54.0 6245s
 6378715 2055172     cutoff   66      1299.00000 1210.71643  6.80%  54.0 6250s
 6388854 2059844 1242.52261   64  239 1299.00000 1210.72707  6.80%  54.0 6255s
 6402215 2065535 1255.79708   66  242 1299.00000 1210.74310  6.79%  54.0 6260s
 6415588 2071705 1231.19122   63  244 1299.00000 1210.75954  6.79%  54.0 6265s
 6428845 2076962 1287.54124   65  225 1299.00000 1210.77354  6.79%  54.0 6270s
 6442277 2082930 1249.40945   74  231 1299.00000 1210.78866  6.79%  54.0 6275s
 6454940 2088046 1259.58750   59  220 1299.00000 1210.80439  6.79%  54.0 6280s
 6467528 2093623     cutoff   69      1299.00000 1210.81860  6.79%  54.0 6285s
 6469908 2094444 1220.61179   60  239 1299.00000 1210.82083  6.79%  54.0 6390s
 6481656 2099318 1264.75351   66  259 1299.00000 1210.83381  6.79%  54.0 6395s
 6496146 2105336     cutoff   69      1299.00000 1210.84982  6.79%  54.0 6400s
 6509681 2111471 1214.86283   58  244 1299.00000 1210.86598  6.78%  54.0 6405s
 6524679 2117988     cutoff   66      1299.00000 1210.88454  6.78%  54.0 6410s
 6536762 2123127 1231.55064   62  246 1299.00000 1210.89659  6.78%  54.0 6415s
 6551407 2129559 1230.66586   62  241 1299.00000 1210.91460  6.78%  54.0 6420s
 6564574 2134778 1229.38412   56  252 1299.00000 1210.92982  6.78%  54.0 6425s
 6578905 2140959 1269.52991   71  240 1299.00000 1210.94537  6.78%  54.0 6430s
 6591392 2146408 1291.42346   73  252 1299.00000 1210.96050  6.78%  54.0 6435s
 6606180 2152498 1256.87446   73  241 1299.00000 1210.97833  6.78%  54.0 6440s
 6620176 2158456 1219.50624   59  243 1299.00000 1210.99348  6.77%  54.0 6445s
 6634814 2164853     cutoff   79      1299.00000 1211.00994  6.77%  54.0 6450s
 6647554 2170174 1276.65337   73  255 1299.00000 1211.02389  6.77%  54.0 6455s
 6662075 2176274     cutoff   70      1299.00000 1211.03977  6.77%  54.0 6460s
 6674981 2182024 1260.52359   64  237 1299.00000 1211.05286  6.77%  54.0 6465s
 6688281 2187360     cutoff   67      1299.00000 1211.06781  6.77%  54.0 6470s
 6702562 2193554     cutoff   70      1299.00000 1211.08499  6.77%  54.0 6475s
 6714185 2198523 1287.82270   71  238 1299.00000 1211.09870  6.77%  54.0 6480s
 6727784 2204234 1283.88877   65  209 1299.00000 1211.11458  6.77%  54.0 6485s
 6739455 2209440 1295.84429   59  224 1299.00000 1211.12788  6.76%  54.0 6490s
 6752811 2215131 1226.08650   59  236 1299.00000 1211.14439  6.76%  54.0 6495s
 6766766 2221338 1248.58572   68  245 1299.00000 1211.16122  6.76%  54.0 6500s
 6781235 2227226 1266.96912   65  252 1299.00000 1211.17552  6.76%  54.0 6505s
 6794485 2232980 1246.58680   65  242 1299.00000 1211.18992  6.76%  54.0 6510s
 6807564 2238243 1224.58939   62  240 1299.00000 1211.20500  6.76%  54.0 6515s
 6819325 2243411 1232.51300   62  247 1299.00000 1211.21858  6.76%  54.0 6520s
 6833871 2249545 1242.75603   65  229 1299.00000 1211.23413  6.76%  54.0 6525s
 6846224 2254996 1267.11049   63  245 1299.00000 1211.24913  6.76%  54.0 6530s
 6859325 2260820 1297.62475   74  227 1299.00000 1211.26329  6.75%  54.0 6535s
 6872449 2266390 1246.43830   64  251 1299.00000 1211.27856  6.75%  54.0 6540s
 6885761 2271602 1219.89709   56  253 1299.00000 1211.29346  6.75%  54.0 6545s
 6898681 2277342 1225.67098   63  248 1299.00000 1211.30635  6.75%  54.0 6550s
 6912101 2282930 1264.19647   69  238 1299.00000 1211.32123  6.75%  54.0 6555s
 6925003 2288654 1234.00907   67  249 1299.00000 1211.33544  6.75%  54.0 6560s
 6938349 2294283 1222.88751   65  238 1299.00000 1211.35060  6.75%  54.0 6565s
 6952752 2300393 1261.09208   65  238 1299.00000 1211.36765  6.75%  54.0 6570s
 6965703 2305925 1251.57080   63  248 1299.00000 1211.38110  6.75%  54.0 6575s
 6980091 2312001     cutoff   63      1299.00000 1211.39598  6.74%  54.0 6580s
 6992973 2317311     cutoff   66      1299.00000 1211.40978  6.74%  54.0 6585s
 7005069 2322375 1283.26915   70  225 1299.00000 1211.42111  6.74%  54.0 6590s
 7016378 2327326 1230.98876   62  246 1299.00000 1211.43254  6.74%  54.0 6595s
 7029039 2332737 1269.52740   63  234 1299.00000 1211.44586  6.74%  54.0 6600s
 7042343 2338251     cutoff   63      1299.00000 1211.46004  6.74%  54.0 6605s
 7055146 2343794 1288.29481   76  230 1299.00000 1211.47367  6.74%  54.0 6610s
 7068895 2349761 1264.72393   70  230 1299.00000 1211.48861  6.74%  54.0 6615s
 7082163 2355614 1268.66941   67  241 1299.00000 1211.50278  6.74%  54.0 6620s
 7095259 2360952 1254.03776   76  251 1299.00000 1211.51728  6.73%  54.0 6625s
 7108369 2366285 1226.01336   61  242 1299.00000 1211.53019  6.73%  54.0 6630s
 7121215 2371843 1216.37396   53  254 1299.00000 1211.54352  6.73%  54.0 6635s
 7134032 2377378 1231.13998   61  238 1299.00000 1211.55666  6.73%  54.0 6640s
 7148652 2383448 1283.53018   64  214 1299.00000 1211.57178  6.73%  54.0 6645s
 7161667 2389006 1236.49764   63  227 1299.00000 1211.58542  6.73%  54.0 6650s
 7171225 2393220 1234.40569   65  246 1299.00000 1211.59512  6.73%  54.0 6655s
 7184996 2398947 1292.43937   74  244 1299.00000 1211.61036  6.73%  54.0 6660s
 7199094 2405202 1278.23793   65  227 1299.00000 1211.62606  6.73%  54.0 6665s
 7212056 2410632 1231.38098   66  254 1299.00000 1211.63996  6.73%  54.0 6670s
 7225434 2416473 1250.08883   64  242 1299.00000 1211.65399  6.72%  54.0 6675s
 7238956 2422420 1227.89443   71  251 1299.00000 1211.66799  6.72%  54.0 6680s
 7252199 2428052     cutoff   67      1299.00000 1211.68222  6.72%  54.0 6685s
 7266617 2434223 1228.71305   62  251 1299.00000 1211.69625  6.72%  54.0 6690s
 7278697 2439361 1230.96240   61  240 1299.00000 1211.70942  6.72%  54.0 6695s
 7290754 2444474     cutoff   66      1299.00000 1211.72093  6.72%  54.0 6700s
 7303855 2449849 1223.25028   64  250 1299.00000 1211.73438  6.72%  54.0 6705s
 7317235 2455227 1250.33645   71  218 1299.00000 1211.74733  6.72%  54.0 6710s
 7329878 2460323 1271.68358   66  245 1299.00000 1211.76024  6.72%  54.0 6715s
 7341927 2465780 1219.19908   63  261 1299.00000 1211.77248  6.71%  54.0 6720s
 7354927 2471124 1240.47719   58  245 1299.00000 1211.78632  6.71%  54.0 6725s
 7368647 2477103 1231.75917   58  266 1299.00000 1211.79926  6.71%  54.0 6730s
 7381902 2482781 1246.40318   62  244 1299.00000 1211.81239  6.71%  54.0 6735s
 7395261 2487826 1251.87977   70  232 1299.00000 1211.82501  6.71%  54.0 6740s
 7407209 2493335 1228.64039   61  242 1299.00000 1211.83738  6.71%  54.0 6745s
 7418788 2498140 1263.30211   70  236 1299.00000 1211.84944  6.71%  54.0 6750s
 7430668 2503484 1230.06027   61  255 1299.00000 1211.86132  6.71%  54.0 6755s
 7443984 2509463 1231.98538   67  247 1299.00000 1211.87531  6.71%  54.0 6760s
 7457393 2515176 1286.69496   66  228 1299.00000 1211.89038  6.71%  54.0 6765s
 7468256 2519435 1212.56986   55  265 1299.00000 1211.90086  6.71%  54.0 6770s
 7480757 2524882 1288.43914   68  230 1299.00000 1211.91342  6.70%  54.0 6775s
 7493574 2530293 1214.99441   59  250 1299.00000 1211.92547  6.70%  54.0 6780s
 7506636 2535949 1252.87450   74  246 1299.00000 1211.93763  6.70%  54.0 6785s
 7520169 2541670 1227.43654   69  253 1299.00000 1211.95165  6.70%  54.0 6790s
 7533399 2547219 1226.10613   59  249 1299.00000 1211.96549  6.70%  54.0 6795s
 7546796 2552975 1217.99155   61  261 1299.00000 1211.97882  6.70%  54.0 6800s
 7560063 2558613     cutoff   68      1299.00000 1211.99212  6.70%  54.0 6805s
 7573426 2564340 1218.32598   58  259 1299.00000 1212.00553  6.70%  54.0 6810s
 7586656 2570077 1284.70717   69  229 1299.00000 1212.01788  6.70%  54.0 6815s
 7599826 2575476 1236.85586   60  243 1299.00000 1212.03092  6.70%  54.0 6820s
 7613836 2581822 1257.24651   64  237 1299.00000 1212.04511  6.69%  54.0 6825s
 7626098 2586726     cutoff   63      1299.00000 1212.05716  6.69%  54.0 6830s
 7640297 2592883 1276.40044   78  238 1299.00000 1212.07141  6.69%  54.0 6835s
 7651875 2597619     cutoff   70      1299.00000 1212.08245  6.69%  54.0 6840s
 7664049 2602556 1237.76529   54  236 1299.00000 1212.09373  6.69%  54.0 6845s
 7677377 2608083 1223.27412   64  234 1299.00000 1212.10739  6.69%  54.0 6850s
 7691031 2613399 1253.29392   65  252 1299.00000 1212.12028  6.69%  54.0 6855s
 7703564 2618902 1234.96131   67  248 1299.00000 1212.13105  6.69%  54.0 6860s
 7716613 2624173 1259.46364   65  246 1299.00000 1212.14468  6.69%  54.0 6865s
 7730434 2629792 1268.16840   58  245 1299.00000 1212.15773  6.69%  54.0 6870s
 7743201 2635348 1279.78954   74  225 1299.00000 1212.17045  6.68%  54.0 6875s
 7753673 2639538 1291.63354   70  233 1299.00000 1212.17994  6.68%  54.0 6880s
 7766171 2644800 1223.83577   61  252 1299.00000 1212.19199  6.68%  54.0 6885s
 7778212 2649989 1244.48486   69  234 1299.00000 1212.20364  6.68%  54.0 6890s
 7791491 2655702 1219.22553   59  237 1299.00000 1212.21694  6.68%  54.0 6895s
 7803074 2660574     cutoff   65      1299.00000 1212.22775  6.68%  54.0 6900s
 7816449 2666132 1273.51033   66  233 1299.00000 1212.23994  6.68%  54.0 6905s
 7829487 2671446     cutoff   67      1299.00000 1212.25332  6.68%  54.0 6910s
 7842895 2676850 1259.63658   64  245 1299.00000 1212.26435  6.68%  54.0 6915s
 7857173 2683003 1220.32781   57  260 1299.00000 1212.27693  6.68%  54.0 6920s
 7870159 2688469 1220.27816   59  251 1299.00000 1212.29008  6.68%  54.0 6925s
 7882303 2693441 1282.88860   64  232 1299.00000 1212.30082  6.67%  54.0 6930s
 7895470 2698786     cutoff   75      1299.00000 1212.31242  6.67%  54.0 6935s
 7908696 2704566 1282.78318   75  250 1299.00000 1212.32552  6.67%  54.0 6940s
 7919276 2708823 1266.36511   67  236 1299.00000 1212.33481  6.67%  54.0 6945s
 7931904 2714028 1223.55344   60  238 1299.00000 1212.34632  6.67%  54.0 6950s
 7946340 2720212 1238.67964   62  248 1299.00000 1212.36014  6.67%  54.0 6955s
 7959799 2726037 1219.39743   58  269 1299.00000 1212.37314  6.67%  54.0 6960s
 7971878 2731131 1227.29928   64  248 1299.00000 1212.38458  6.67%  54.0 6965s
 7986444 2736913 1230.78305   57  250 1299.00000 1212.39727  6.67%  54.0 6970s
 7998281 2741384 1270.84764   73  246 1299.00000 1212.40806  6.67%  54.0 6975s
 8010283 2746959 1235.26120   57  238 1299.00000 1212.42014  6.67%  54.0 6980s
 8022545 2751792 1271.91664   64  240 1299.00000 1212.43037  6.66%  54.0 6985s
 8035920 2757357 1250.21228   68  238 1299.00000 1212.44193  6.66%  54.0 6990s
 8048380 2762522 1237.45924   69  246 1299.00000 1212.45424  6.66%  54.0 6995s
 8061067 2767844     cutoff   77      1299.00000 1212.46454  6.66%  54.0 7000s
 8073371 2772897 1290.55640   75  244 1299.00000 1212.47618  6.66%  54.0 7005s
 8077013 2774456 1219.51139   63  254 1299.00000 1212.47953  6.66%  54.0 7390s

Cutting planes:
  Gomory: 2
  Clique: 6
  Flow cover: 3
  Inf proof: 2
  Zero half: 36

Explored 8078390 nodes (436084212 simplex iterations) in 7390.80 seconds (7787.16 work units)
Thread count was 8 (of 8 available processors)

Solution count 10: 1299 1e+10 2e+10 ... 4e+10

Time limit reached
Best objective 1.299000000000e+03, best bound 1.213000000000e+03, gap 6.6205%
